3.749999999999999861e-03 0.000000000000000000e+00 0.000000000000000000e+00 0.000000000000000000e+00 0.000000000000000000e+00
1.124999999999999958e-02 0.000000000000000000e+00 0.000000000000000000e+00 0.000000000000000000e+00 0.000000000000000000e+00
1.874999999999999931e-02 0.000000000000000000e+00 0.000000000000000000e+00 0.000000000000000000e+00 0.000000000000000000e+00
2.624999999999999903e-02 0.000000000000000000e+00 0.000000000000000000e+00 0.000000000000000000e+00 0.000000000000000000e+00
3.375000000000000222e-02 0.000000000000000000e+00 0.000000000000000000e+00 0.000000000000000000e+00 0.000000000000000000e+00
4.125000000000000194e-02 0.000000000000000000e+00 0.000000000000000000e+00 0.000000000000000000e+00 0.000000000000000000e+00
4.875000000000000167e-02 0.000000000000000000e+00 0.000000000000000000e+00 0.000000000000000000e+00 0.000000000000000000e+00
5.625000000000000139e-02 0.000000000000000000e+00 0.000000000000000000e+00 0.000000000000000000e+00 0.000000000000000000e+00
6.375000000000000111e-02 0.000000000000000000e+00 0.000000000000000000e+00 0.000000000000000000e+00 0.000000000000000000e+00
7.124999999999999389e-02 0.000000000000000000e+00 0.000000000000000000e+00 0.000000000000000000e+00 0.000000000000000000e+00
7.875000000000000056e-02 0.000000000000000000e+00 0.000000000000000000e+00 0.000000000000000000e+00 0.000000000000000000e+00
8.624999999999999334e-02 0.000000000000000000e+00 0.000000000000000000e+00 0.000000000000000000e+00 0.000000000000000000e+00
9.375000000000000000e-02 0.000000000000000000e+00 0.000000000000000000e+00 0.000000000000000000e+00 0.000000000000000000e+00
1.012500000000000067e-01 0.000000000000000000e+00 0.000000000000000000e+00 0.000000000000000000e+00 0.000000000000000000e+00
1.087499999999999994e-01 0.000000000000000000e+00 0.000000000000000000e+00 0.000000000000000000e+00 0.000000000000000000e+00
1.162500000000000061e-01 0.000000000000000000e+00 0.000000000000000000e+00 0.000000000000000000e+00 0.000000000000000000e+00
1.237499999999999989e-01 0.000000000000000000e+00 0.000000000000000000e+00 0.000000000000000000e+00 0.000000000000000000e+00
1.312500000000000056e-01 0.000000000000000000e+00 0.000000000000000000e+00 0.000000000000000000e+00 0.000000000000000000e+00
1.387500000000000122e-01 0.000000000000000000e+00 0.000000000000000000e+00 0.000000000000000000e+00 0.000000000000000000e+00
1.462499999999999911e-01 0.000000000000000000e+00 0.000000000000000000e+00 0.000000000000000000e+00 0.000000000000000000e+00
1.537499999999999978e-01 0.000000000000000000e+00 0.000000000000000000e+00 0.000000000000000000e+00 0.000000000000000000e+00
1.612500000000000044e-01 0.000000000000000000e+00 0.000000000000000000e+00 0.000000000000000000e+00 0.000000000000000000e+00
1.687500000000000111e-01 0.000000000000000000e+00 0.000000000000000000e+00 0.000000000000000000e+00 0.000000000000000000e+00
1.762499999999999900e-01 0.000000000000000000e+00 0.000000000000000000e+00 0.000000000000000000e+00 0.000000000000000000e+00
1.837499999999999967e-01 0.000000000000000000e+00 0.000000000000000000e+00 0.000000000000000000e+00 2.050000000000000024e-05
1.912500000000000033e-01 0.000000000000000000e+00 0.000000000000000000e+00 0.000000000000000000e+00 8.611750000000001348e-03
1.987500000000000100e-01 0.000000000000000000e+00 0.000000000000000000e+00 0.000000000000000000e+00 2.341684999999999739e-01
2.062499999999999889e-01 0.000000000000000000e+00 0.000000000000000000e+00 0.000000000000000000e+00 1.288413250000000065e+00
2.137499999999999956e-01 0.000000000000000000e+00 0.000000000000000000e+00 0.000000000000000000e+00 2.759724499999999914e+00
2.212500000000000022e-01 0.000000000000000000e+00 0.000000000000000000e+00 0.000000000000000000e+00 3.425547750000000224e+00
2.287500000000000089e-01 0.000000000000000000e+00 0.000000000000000000e+00 0.000000000000000000e+00 3.260745499999999630e+00
2.362499999999999878e-01 0.000000000000000000e+00 0.000000000000000000e+00 0.000000000000000000e+00 3.000357250000000420e+00
2.437499999999999944e-01 0.000000000000000000e+00 0.000000000000000000e+00 0.000000000000000000e+00 2.775899500000000408e+00
2.512499999999999734e-01 0.000000000000000000e+00 0.000000000000000000e+00 0.000000000000000000e+00 2.570430249999999806e+00
2.587499999999999800e-01 0.000000000000000000e+00 0.000000000000000000e+00 0.000000000000000000e+00 2.393913750000000285e+00
2.662499999999999867e-01 0.000000000000000000e+00 0.000000000000000000e+00 0.000000000000000000e+00 2.241651000000000060e+00
2.737499999999999933e-01 0.000000000000000000e+00 0.000000000000000000e+00 0.000000000000000000e+00 2.101042500000000146e+00
2.812500000000000000e-01 0.000000000000000000e+00 0.000000000000000000e+00 0.000000000000000000e+00 1.979904499999999956e+00
2.887500000000000067e-01 0.000000000000000000e+00 0.000000000000000000e+00 0.000000000000000000e+00 1.869970750000000237e+00
2.962500000000000133e-01 0.000000000000000000e+00 0.000000000000000000e+00 0.000000000000000000e+00 1.777944000000000191e+00
3.037500000000000200e-01 0.000000000000000000e+00 0.000000000000000000e+00 0.000000000000000000e+00 1.692609500000000100e+00
3.112500000000000266e-01 0.000000000000000000e+00 0.000000000000000000e+00 0.000000000000000000e+00 1.622344249999999821e+00
3.187499999999999778e-01 0.000000000000000000e+00 0.000000000000000000e+00 0.000000000000000000e+00 1.561285750000000139e+00
3.262499999999999845e-01 0.000000000000000000e+00 0.000000000000000000e+00 0.000000000000000000e+00 1.510150500000000173e+00
3.337499999999999911e-01 0.000000000000000000e+00 0.000000000000000000e+00 0.000000000000000000e+00 1.467777749999999992e+00
3.412499999999999978e-01 0.000000000000000000e+00 0.000000000000000000e+00 0.000000000000000000e+00 1.430129750000000088e+00
3.487500000000000044e-01 0.000000000000000000e+00 0.000000000000000000e+00 0.000000000000000000e+00 1.403013749999999948e+00
3.562500000000000111e-01 0.000000000000000000e+00 0.000000000000000000e+00 0.000000000000000000e+00 1.381714749999999992e+00
3.637500000000000178e-01 0.000000000000000000e+00 0.000000000000000000e+00 0.000000000000000000e+00 1.367715999999999932e+00
3.712500000000000244e-01 0.000000000000000000e+00 0.000000000000000000e+00 0.000000000000000000e+00 1.358645000000000103e+00
3.787499999999999756e-01 0.000000000000000000e+00 0.000000000000000000e+00 0.000000000000000000e+00 1.357303249999999961e+00
3.862499999999999822e-01 0.000000000000000000e+00 0.000000000000000000e+00 0.000000000000000000e+00 1.360218499999999997e+00
3.937499999999999889e-01 0.000000000000000000e+00 0.000000000000000000e+00 0.000000000000000000e+00 1.369592750000000025e+00
4.012499999999999956e-01 0.000000000000000000e+00 0.000000000000000000e+00 0.000000000000000000e+00 1.382855500000000015e+00
4.087500000000000022e-01 0.000000000000000000e+00 0.000000000000000000e+00 0.000000000000000000e+00 1.399983250000000012e+00
4.162500000000000089e-01 0.000000000000000000e+00 0.000000000000000000e+00 0.000000000000000000e+00 1.419656499999999877e+00
4.237500000000000155e-01 0.000000000000000000e+00 0.000000000000000000e+00 0.000000000000000000e+00 1.436621499999999774e+00
4.312500000000000222e-01 0.000000000000000000e+00 0.000000000000000000e+00 0.000000000000000000e+00 1.451333750000000089e+00
4.387499999999999734e-01 0.000000000000000000e+00 0.000000000000000000e+00 0.000000000000000000e+00 1.457599249999999902e+00
4.462499999999999800e-01 0.000000000000000000e+00 0.000000000000000000e+00 0.000000000000000000e+00 1.457761500000000154e+00
4.537499999999999867e-01 0.000000000000000000e+00 0.000000000000000000e+00 0.000000000000000000e+00 1.452663749999999920e+00
4.612499999999999933e-01 0.000000000000000000e+00 0.000000000000000000e+00 0.000000000000000000e+00 1.444825999999999944e+00
4.687500000000000000e-01 0.000000000000000000e+00 0.000000000000000000e+00 0.000000000000000000e+00 1.433374000000000148e+00
4.762500000000000067e-01 0.000000000000000000e+00 0.000000000000000000e+00 0.000000000000000000e+00 1.421339000000000130e+00
4.837500000000000133e-01 0.000000000000000000e+00 0.000000000000000000e+00 0.000000000000000000e+00 1.406122750000000199e+00
4.912500000000000200e-01 0.000000000000000000e+00 0.000000000000000000e+00 0.000000000000000000e+00 1.388714000000000004e+00
4.987500000000000266e-01 0.000000000000000000e+00 0.000000000000000000e+00 0.000000000000000000e+00 1.371982500000000105e+00
5.062499999999999778e-01 0.000000000000000000e+00 0.000000000000000000e+00 0.000000000000000000e+00 1.354989250000000034e+00
5.137500000000000400e-01 0.000000000000000000e+00 0.000000000000000000e+00 0.000000000000000000e+00 1.337347749999999946e+00
5.212499999999999911e-01 0.000000000000000000e+00 0.000000000000000000e+00 0.000000000000000000e+00 1.323347749999999934e+00
5.287500000000000533e-01 0.000000000000000000e+00 0.000000000000000000e+00 0.000000000000000000e+00 1.307224750000000046e+00
5.362500000000000044e-01 0.000000000000000000e+00 0.000000000000000000e+00 0.000000000000000000e+00 1.293593250000000028e+00
5.437499999999999556e-01 0.000000000000000000e+00 0.000000000000000000e+00 0.000000000000000000e+00 1.280237749999999952e+00
5.512500000000000178e-01 0.000000000000000000e+00 9.000000000000000228e-06 9.000000000000000228e-06 1.267799249999999933e+00
5.587499999999999689e-01 0.000000000000000000e+00 1.049999999999999908e-04 1.049999999999999908e-04 1.255911999999999917e+00
5.662500000000000311e-01 0.000000000000000000e+00 1.287000000000000166e-03 1.287000000000000166e-03 1.245315999999999867e+00
5.737499999999999822e-01 0.000000000000000000e+00 9.026249999999999551e-03 9.026249999999999551e-03 1.236421500000000062e+00
5.812500000000000444e-01 0.000000000000000000e+00 3.871900000000000341e-02 3.871900000000000341e-02 1.227928499999999978e+00
5.887499999999999956e-01 0.000000000000000000e+00 1.228100000000000025e-01 1.228100000000000025e-01 1.220268499999999978e+00
5.962499999999999467e-01 0.000000000000000000e+00 3.042897500000000255e-01 3.042897500000000255e-01 1.214132250000000024e+00
6.037500000000000089e-01 0.000000000000000000e+00 6.045740000000000558e-01 6.045740000000000558e-01 1.207417249999999997e+00
6.112499999999999600e-01 0.000000000000000000e+00 1.009069499999999842e+00 1.009069499999999842e+00 1.201225749999999870e+00
6.187500000000000222e-01 0.000000000000000000e+00 1.467314250000000042e+00 1.467314250000000042e+00 1.197052250000000040e+00
6.262499999999999734e-01 0.000000000000000000e+00 1.902613499999999958e+00 1.902613499999999958e+00 1.193994500000000070e+00
6.337500000000000355e-01 0.000000000000000000e+00 2.242042999999999786e+00 2.242042999999999786e+00 1.188352749999999958e+00
6.412499999999999867e-01 0.000000000000000000e+00 2.455462749999999694e+00 2.455462749999999694e+00 1.184651500000000190e+00
6.487500000000000488e-01 0.000000000000000000e+00 2.535753999999999841e+00 2.535753999999999841e+00 1.178995000000000015e+00
6.562500000000000000e-01 0.000000000000000000e+00 2.489490500000000051e+00 2.489490500000000051e+00 1.174344499999999902e+00
6.637499999999999512e-01 0.000000000000000000e+00 2.358048249999999957e+00 2.358048249999999957e+00 1.169185500000000211e+00
6.712500000000000133e-01 0.000000000000000000e+00 2.176634500000000028e+00 2.176634500000000028e+00 1.163993249999999868e+00
6.787499999999999645e-01 0.000000000000000000e+00 1.971066999999999902e+00 1.971066999999999902e+00 1.158764249999999940e+00
6.862500000000000266e-01 0.000000000000000000e+00 1.788569999999999993e+00 1.788569999999999993e+00 1.153023750000000014e+00
6.937499999999999778e-01 0.000000000000000000e+00 1.635760250000000138e+00 1.635760250000000138e+00 1.147206750000000053e+00
7.012500000000000400e-01 0.000000000000000000e+00 1.505349999999999966e+00 1.505349999999999966e+00 1.141196750000000204e+00
7.087499999999999911e-01 0.000000000000000000e+00 1.391788249999999838e+00 1.391788249999999838e+00 1.136404250000000005e+00
7.162500000000000533e-01 0.000000000000000000e+00 1.297310750000000068e+00 1.297310750000000068e+00 1.130446999999999980e+00
7.237500000000000044e-01 0.000000000000000000e+00 1.214815999999999896e+00 1.214815999999999896e+00 1.124021749999999820e+00
7.312499999999999556e-01 0.000000000000000000e+00 1.146991499999999942e+00 1.146991499999999942e+00 1.119048250000000078e+00
7.387500000000000178e-01 0.000000000000000000e+00 1.090107000000000159e+00 1.090107000000000159e+00 1.113441750000000008e+00
7.462499999999999689e-01 0.000000000000000000e+00 1.044491250000000093e+00 1.044491250000000093e+00 1.107689000000000146e+00
7.537500000000000311e-01 0.000000000000000000e+00 1.009661249999999955e+00 1.009661249999999955e+00 1.102635250000000067e+00
7.612499999999999822e-01 0.000000000000000000e+00 9.805742499999999806e-01 9.805742499999999806e-01 1.096767999999999965e+00
7.687500000000000444e-01 0.000000000000000000e+00 9.606372499999999981e-01 9.606372499999999981e-01 1.092388000000000137e+00
7.762499999999999956e-01 0.000000000000000000e+00 9.491842500000000626e-01 9.491842500000000626e-01 1.088020999999999905e+00
7.837499999999999467e-01 0.000000000000000000e+00 9.446957500000000563e-01 9.446957500000000563e-01 1.083301999999999987e+00
7.912500000000000089e-01 0.000000000000000000e+00 9.504537499999999861e-01 9.504537499999999861e-01 1.079360000000000097e+00
7.987499999999999600e-01 0.000000000000000000e+00 9.620827500000000976e-01 9.620827500000000976e-01 1.074931999999999999e+00
8.062500000000000222e-01 0.000000000000000000e+00 9.786757499999999554e-01 9.786757499999999554e-01 1.071693999999999924e+00
8.137499999999999734e-01 0.000000000000000000e+00 1.003914749999999856e+00 1.003914749999999856e+00 1.067795499999999898e+00
8.212500000000000355e-01 0.000000000000000000e+00 1.026587249999999951e+00 1.026587249999999951e+00 1.064645000000000064e+00
8.287499999999999867e-01 0.000000000000000000e+00 1.051901999999999893e+00 1.051901999999999893e+00 1.061398499999999911e+00
8.362500000000000488e-01 0.000000000000000000e+00 1.074934250000000091e+00 1.074934250000000091e+00 1.058569249999999906e+00
8.437500000000000000e-01 0.000000000000000000e+00 1.095299000000000023e+00 1.095299000000000023e+00 1.055335749999999795e+00
8.512499999999999512e-01 0.000000000000000000e+00 1.112916749999999899e+00 1.112916749999999899e+00 1.053227750000000018e+00
8.587500000000000133e-01 0.000000000000000000e+00 1.122155999999999931e+00 1.122155999999999931e+00 1.050149250000000034e+00
8.662499999999999645e-01 0.000000000000000000e+00 1.124446000000000057e+00 1.124446000000000057e+00 1.046988750000000135e+00
8.737500000000000266e-01 0.000000000000000000e+00 1.119267999999999930e+00 1.119267999999999930e+00 1.044548749999999915e+00
8.812499999999999778e-01 0.000000000000000000e+00 1.111974750000000123e+00 1.111974750000000123e+00 1.042061499999999974e+00
8.887500000000000400e-01 0.000000000000000000e+00 1.103262250000000000e+00 1.103262250000000000e+00 1.039768000000000026e+00
8.962499999999999911e-01 0.000000000000000000e+00 1.089950500000000044e+00 1.089950500000000044e+00 1.037872249999999941e+00
9.037500000000000533e-01 0.000000000000000000e+00 1.069634500000000044e+00 1.069634500000000044e+00 1.035298249999999864e+00
9.112500000000000044e-01 8.227499999999999137e-04 1.056081250000000082e+00 1.056081250000000082e+00 1.033349499999999921e+00
9.187499999999999556e-01 6.778500000000000671e-03 1.039926499999999976e+00 1.039926499999999976e+00 1.031337750000000053e+00
9.262500000000000178e-01 2.946324999999999986e-02 1.023077499999999862e+00 1.023077499999999862e+00 1.028872500000000079e+00
9.337499999999999689e-01 8.521200000000000996e-02 1.007379500000000094e+00 1.007379500000000094e+00 1.027152000000000065e+00
9.412500000000000311e-01 2.373125000000000095e-01 9.918542500000000484e-01 9.918542500000000484e-01 1.025022500000000170e+00
9.487499999999999822e-01 5.297667500000000640e-01 9.776512499999999717e-01 9.776512499999999717e-01 1.023666999999999883e+00
9.562500000000000444e-01 1.005902749999999957e+00 9.672275000000000178e-01 9.672275000000000178e-01 1.022505999999999915e+00
9.637499999999999956e-01 1.715638499999999844e+00 9.536580000000000057e-01 9.536580000000000057e-01 1.020672750000000129e+00
9.712499999999999467e-01 2.562383249999999890e+00 9.449604999999999810e-01 9.449604999999999810e-01 1.019218249999999992e+00
9.787500000000000089e-01 3.514027000000000456e+00 9.386977499999999974e-01 9.386977499999999974e-01 1.017934500000000186e+00
9.862499999999999600e-01 4.434605250000000609e+00 9.287022499999999514e-01 9.287022499999999514e-01 1.016789000000000165e+00
9.937500000000000222e-01 5.147143999999999942e+00 9.251810000000000311e-01 9.251810000000000311e-01 1.015843250000000086e+00
1.001249999999999973e+00 5.650595499999999660e+00 9.186775000000000357e-01 9.186775000000000357e-01 1.014685249999999872e+00
1.008750000000000036e+00 5.874543000000000070e+00 9.175200000000000022e-01 9.175200000000000022e-01 1.014096749999999991e+00
1.016250000000000098e+00 5.780298750000000041e+00 9.150712500000000027e-01 9.150712500000000027e-01 1.013572749999999800e+00
1.023749999999999938e+00 5.522688500000000111e+00 9.148529999999999163e-01 9.148529999999999163e-01 1.012593250000000111e+00
1.031250000000000000e+00 5.060904999999999987e+00 9.130725000000000646e-01 9.130725000000000646e-01 1.012231250000000138e+00
1.038750000000000062e+00 4.547964249999999709e+00 9.121940000000000603e-01 9.121940000000000603e-01 1.011340499999999976e+00
1.046249999999999902e+00 4.059066249999999876e+00 9.150312499999999627e-01 9.150312499999999627e-01 1.011616499999999919e+00
1.053749999999999964e+00 3.475830000000000197e+00 9.170212500000000100e-01 9.170212500000000100e-01 1.011544749999999881e+00
1.061250000000000027e+00 2.951230250000000055e+00 9.173492500000000049e-01 9.173492500000000049e-01 1.011571749999999881e+00
1.068750000000000089e+00 2.496062499999999851e+00 9.144142499999999840e-01 9.144142499999999840e-01 1.011690500000000048e+00
1.076249999999999929e+00 2.102721499999999910e+00 9.172884999999999511e-01 9.172884999999999511e-01 1.012508500000000033e+00
1.083749999999999991e+00 1.757291749999999819e+00 9.138704999999999190e-01 9.138704999999999190e-01 1.011560499999999863e+00
1.091250000000000053e+00 1.483014749999999937e+00 9.131257499999999583e-01 9.131257499999999583e-01 1.012516250000000007e+00
1.098749999999999893e+00 1.234852999999999756e+00 9.134050000000000225e-01 9.134050000000000225e-01 1.012467500000000076e+00
1.106249999999999956e+00 1.047412000000000010e+00 9.109289999999999887e-01 9.109289999999999887e-01 1.012774499999999911e+00
1.113750000000000018e+00 8.960087500000000205e-01 9.102584999999999704e-01 9.102584999999999704e-01 1.013612249999999992e+00
1.121250000000000080e+00 7.617267500000000080e-01 9.076104999999999867e-01 9.076104999999999867e-01 1.014479000000000131e+00
1.128749999999999920e+00 6.641007500000000174e-01 9.065260000000000540e-01 9.065260000000000540e-01 1.015363750000000120e+00
1.136249999999999982e+00 5.738719999999999377e-01 9.045400000000000107e-01 9.045400000000000107e-01 1.015960000000000196e+00
1.143750000000000044e+00 5.269414999999999516e-01 9.011014999999999997e-01 9.011014999999999997e-01 1.017402249999999952e+00
1.151250000000000107e+00 4.795705000000000107e-01 9.012687499999999519e-01 9.012687499999999519e-01 1.018238999999999894e+00
1.158749999999999947e+00 4.504222499999999685e-01 9.004579999999999806e-01 9.004579999999999806e-01 1.019360250000000079e+00
1.166250000000000009e+00 4.302072499999999855e-01 8.995137500000001118e-01 8.995137500000001118e-01 1.021071000000000062e+00
1.173750000000000071e+00 4.259045000000000192e-01 8.974380000000000690e-01 8.974380000000000690e-01 1.022648499999999849e+00
1.181249999999999911e+00 4.266949999999999910e-01 8.959840000000000027e-01 8.959840000000000027e-01 1.023769249999999964e+00
1.188749999999999973e+00 4.331725000000000159e-01 8.961067499999999519e-01 8.961067499999999519e-01 1.025675749999999997e+00
1.196250000000000036e+00 4.474510000000000431e-01 8.970812499999999412e-01 8.970812499999999412e-01 1.026970249999999973e+00
1.203750000000000098e+00 4.756029999999999980e-01 8.996409999999999130e-01 8.996409999999999130e-01 1.028979249999999901e+00
1.211249999999999938e+00 5.029677500000000467e-01 8.990484999999999172e-01 8.990484999999999172e-01 1.030864000000000003e+00
1.218750000000000000e+00 5.420435000000000114e-01 8.986819999999999808e-01 8.986819999999999808e-01 1.032168750000000079e+00
1.226250000000000062e+00 5.875112499999999294e-01 9.029784999999999062e-01 9.029784999999999062e-01 1.033723500000000017e+00
1.233749999999999902e+00 6.331835000000000102e-01 9.054452499999999793e-01 9.054452499999999793e-01 1.035928999999999878e+00
1.241249999999999964e+00 6.790979999999999794e-01 9.059097499999999581e-01 9.059097499999999581e-01 1.037000750000000027e+00
1.248750000000000027e+00 7.347100000000000852e-01 9.079009999999999581e-01 9.079009999999999581e-01 1.038074500000000011e+00
1.256250000000000089e+00 7.913304999999999367e-01 9.108235000000000081e-01 9.108235000000000081e-01 1.038657500000000011e+00
1.263749999999999929e+00 8.333517499999999467e-01 9.155287500000000023e-01 9.155287500000000023e-01 1.038803750000000026e+00
1.271249999999999991e+00 8.557815000000000838e-01 9.168402500000000233e-01 9.168402500000000233e-01 1.038924000000000181e+00
1.278750000000000053e+00 8.597162499999999596e-01 9.208855000000000235e-01 9.208855000000000235e-01 1.038615499999999914e+00
1.286249999999999893e+00 8.887424999999999908e-01 9.200497499999999995e-01 9.200497499999999995e-01 1.037901750000000067e+00
1.293749999999999956e+00 8.823964999999999170e-01 9.251939999999999609e-01 9.251939999999999609e-01 1.036882749999999964e+00
1.301250000000000018e+00 8.568714999999998971e-01 9.276362500000000511e-01 9.276362500000000511e-01 1.035189750000000242e+00
1.308750000000000080e+00 8.596429999999999350e-01 9.280794999999999462e-01 9.280794999999999462e-01 1.034327250000000031e+00
1.316249999999999920e+00 8.419384999999999231e-01 9.310912500000000369e-01 9.310912500000000369e-01 1.032993250000000085e+00
1.323749999999999982e+00 8.053292500000001075e-01 9.328722500000000695e-01 9.328722500000000695e-01 1.031608750000000185e+00
1.331250000000000044e+00 7.955579999999999874e-01 9.340577500000000200e-01 9.340577500000000200e-01 1.029460250000000077e+00
1.338750000000000107e+00 7.740900000000000558e-01 9.362792500000000073e-01 9.362792500000000073e-01 1.028030999999999917e+00
1.346249999999999947e+00 7.522014999999999674e-01 9.381420000000000314e-01 9.381420000000000314e-01 1.026672500000000099e+00
1.353750000000000009e+00 7.348967499999998765e-01 9.421184999999999699e-01 9.421184999999999699e-01 1.025419750000000185e+00
1.361250000000000071e+00 7.254845000000000876e-01 9.438352500000000145e-01 9.438352500000000145e-01 1.024727500000000013e+00
1.368749999999999911e+00 7.083937500000000442e-01 9.470042500000001029e-01 9.470042500000001029e-01 1.023269249999999797e+00
1.376249999999999973e+00 7.011450000000000182e-01 9.481632500000000130e-01 9.481632500000000130e-01 1.022732249999999787e+00
1.383750000000000036e+00 6.922714999999999286e-01 9.536290000000000600e-01 9.536290000000000600e-01 1.021580249999999968e+00
1.391250000000000098e+00 6.921960000000000335e-01 9.548570000000000668e-01 9.548570000000000668e-01 1.020574250000000127e+00
1.398749999999999938e+00 6.852292499999999009e-01 9.586972499999999453e-01 9.586972499999999453e-01 1.020262250000000037e+00
1.406250000000000000e+00 6.787170000000000147e-01 9.607719999999999594e-01 9.607719999999999594e-01 1.019830499999999862e+00
1.413750000000000062e+00 6.827719999999999345e-01 9.634617500000000057e-01 9.634617500000000057e-01 1.019242499999999829e+00
1.421249999999999902e+00 6.944827500000000375e-01 9.677482500000000876e-01 9.677482500000000876e-01 1.018838499999999980e+00
1.428749999999999964e+00 6.977947500000000192e-01 9.730427500000000673e-01 9.730427500000000673e-01 1.018649499999999986e+00
1.436250000000000027e+00 7.041047499999999459e-01 9.774304999999999799e-01 9.774304999999999799e-01 1.018616999999999884e+00
1.443750000000000089e+00 7.215130000000000710e-01 9.803107500000000085e-01 9.803107500000000085e-01 1.018336999999999826e+00
1.451249999999999929e+00 7.223465000000000025e-01 9.846502499999999491e-01 9.846502499999999491e-01 1.017737499999999962e+00
1.458749999999999991e+00 7.303882499999999611e-01 9.878404999999998992e-01 9.878404999999998992e-01 1.017594999999999805e+00
1.466250000000000053e+00 7.422802499999998638e-01 9.936282499999999906e-01 9.936282499999999906e-01 1.016868749999999988e+00
1.473749999999999893e+00 7.618344999999999700e-01 9.979492500000000099e-01 9.979492500000000099e-01 1.016051250000000072e+00
1.481249999999999956e+00 7.523099999999999232e-01 1.005314499999999889e+00 1.005314499999999889e+00 1.016295750000000053e+00
1.488750000000000018e+00 7.773845000000000338e-01 1.008222500000000021e+00 1.008222500000000021e+00 1.015333999999999959e+00
1.496250000000000080e+00 7.885302499999999881e-01 1.012091250000000109e+00 1.012091250000000109e+00 1.014772499999999855e+00
1.503749999999999920e+00 7.898235000000000117e-01 1.017910499999999940e+00 1.017910499999999940e+00 1.013974999999999849e+00
1.511249999999999982e+00 7.987174999999999692e-01 1.021168749999999958e+00 1.021168749999999958e+00 1.013109999999999955e+00
1.518750000000000044e+00 8.122110000000000163e-01 1.025827999999999962e+00 1.025827999999999962e+00 1.012406499999999987e+00
1.526250000000000107e+00 8.064842500000000136e-01 1.031960999999999906e+00 1.031960999999999906e+00 1.011569999999999858e+00
1.533749999999999947e+00 8.082362499999999894e-01 1.035452000000000039e+00 1.035452000000000039e+00 1.010533499999999973e+00
1.541250000000000009e+00 8.149132500000000334e-01 1.043401499999999871e+00 1.043401499999999871e+00 1.010078500000000101e+00
1.548750000000000071e+00 8.220637500000000930e-01 1.047597250000000146e+00 1.047597250000000146e+00 1.009092250000000135e+00
1.556249999999999911e+00 8.151820000000000732e-01 1.053013999999999895e+00 1.053013999999999895e+00 1.007897999999999961e+00
1.563749999999999973e+00 8.148197499999999538e-01 1.058569000000000093e+00 1.058569000000000093e+00 1.007068750000000179e+00
1.571250000000000036e+00 8.399550000000000072e-01 1.064412499999999984e+00 1.064412499999999984e+00 1.006316250000000023e+00
1.578750000000000098e+00 8.332612499999999534e-01 1.068387500000000045e+00 1.068387500000000045e+00 1.005770000000000053e+00
1.586249999999999938e+00 8.399602500000000749e-01 1.073902249999999947e+00 1.073902249999999947e+00 1.005057250000000124e+00
1.593750000000000000e+00 8.508674999999999988e-01 1.076146000000000047e+00 1.076146000000000047e+00 1.004251999999999923e+00
1.601250000000000062e+00 8.401840000000000419e-01 1.081218499999999860e+00 1.081218499999999860e+00 1.003705749999999952e+00
1.608749999999999902e+00 8.540802499999999853e-01 1.082768000000000175e+00 1.082768000000000175e+00 1.002803250000000146e+00
1.616249999999999964e+00 8.712462499999999999e-01 1.083353749999999893e+00 1.083353749999999893e+00 1.002188000000000079e+00
1.623750000000000027e+00 8.719614999999999450e-01 1.085281749999999823e+00 1.085281749999999823e+00 1.002295000000000158e+00
1.631250000000000089e+00 8.867475000000000218e-01 1.082682499999999992e+00 1.082682499999999992e+00 1.001841499999999829e+00
1.638749999999999929e+00 9.022762500000001129e-01 1.080532999999999966e+00 1.080532999999999966e+00 1.001116499999999965e+00
1.646249999999999991e+00 9.128857500000000513e-01 1.077388999999999930e+00 1.077388999999999930e+00 1.000681750000000036e+00
1.653750000000000053e+00 9.335700000000000109e-01 1.072517999999999860e+00 1.072517999999999860e+00 1.000314750000000030e+00
1.661249999999999893e+00 9.460465000000000124e-01 1.068585249999999931e+00 1.068585249999999931e+00 1.000262250000000019e+00
1.668749999999999956e+00 9.765080000000000426e-01 1.059978749999999970e+00 1.059978749999999970e+00 9.994847499999999219e-01
1.676250000000000018e+00 9.732294999999999696e-01 1.054981750000000051e+00 1.054981750000000051e+00 9.994527500000000009e-01
1.683750000000000080e+00 9.931947500000000151e-01 1.047871250000000032e+00 1.047871250000000032e+00 9.993285000000000640e-01
1.691249999999999920e+00 1.005632999999999999e+00 1.041996249999999957e+00 1.041996249999999957e+00 9.991014999999998647e-01
1.698749999999999982e+00 1.025418750000000045e+00 1.034326999999999996e+00 1.034326999999999996e+00 9.982557499999999973e-01
1.706250000000000044e+00 1.042794499999999847e+00 1.029596749999999838e+00 1.029596749999999838e+00 9.983797500000000102e-01
1.713750000000000107e+00 1.060176250000000042e+00 1.024971000000000076e+00 1.024971000000000076e+00 9.978154999999999664e-01
1.721249999999999947e+00 1.072200749999999925e+00 1.018058750000000012e+00 1.018058750000000012e+00 9.977500000000000258e-01
1.728750000000000009e+00 1.094178249999999908e+00 1.014656000000000002e+00 1.014656000000000002e+00 9.973012500000000280e-01
1.736250000000000071e+00 1.110071000000000030e+00 1.010451250000000023e+00 1.010451250000000023e+00 9.973464999999999137e-01
1.743749999999999911e+00 1.116972749999999959e+00 1.007893999999999846e+00 1.007893999999999846e+00 9.971089999999999121e-01
1.751249999999999973e+00 1.126527750000000161e+00 1.004372500000000112e+00 1.004372500000000112e+00 9.969689999999999941e-01
1.758750000000000036e+00 1.128894749999999947e+00 1.001905999999999963e+00 1.001905999999999963e+00 9.965600000000000014e-01
1.766250000000000098e+00 1.119628749999999950e+00 1.000467500000000065e+00 1.000467500000000065e+00 9.962180000000000479e-01
1.773749999999999938e+00 1.121037750000000166e+00 9.985910000000000064e-01 9.985910000000000064e-01 9.962242500000000334e-01
1.781250000000000000e+00 1.119718500000000061e+00 9.984404999999999530e-01 9.984404999999999530e-01 9.961959999999999704e-01
1.788750000000000062e+00 1.108720750000000033e+00 9.965747499999999537e-01 9.965747499999999537e-01 9.962157499999999555e-01
1.796249999999999902e+00 1.103266000000000080e+00 9.964797499999999975e-01 9.964797499999999975e-01 9.958644999999999303e-01
1.803749999999999964e+00 1.096289499999999917e+00 9.958875000000000366e-01 9.958875000000000366e-01 9.960400000000000365e-01
1.811250000000000027e+00 1.101467750000000079e+00 9.957429999999999337e-01 9.957429999999999337e-01 9.959322499999999634e-01
1.818750000000000089e+00 1.094054500000000152e+00 9.962539999999999729e-01 9.962539999999999729e-01 9.958792499999999936e-01
1.826249999999999929e+00 1.099681750000000013e+00 9.963299999999999379e-01 9.963299999999999379e-01 9.958092499999999792e-01
1.833749999999999991e+00 1.094590500000000022e+00 9.945902499999998980e-01 9.945902499999998980e-01 9.961582499999999119e-01
1.841250000000000053e+00 1.102946250000000017e+00 9.937515000000000098e-01 9.937515000000000098e-01 9.960322499999999524e-01
1.848749999999999893e+00 1.113029499999999894e+00 9.940154999999999408e-01 9.940154999999999408e-01 9.961965000000000403e-01
1.856249999999999956e+00 1.119716999999999851e+00 9.938350000000000239e-01 9.938350000000000239e-01 9.962552499999999256e-01
1.863750000000000018e+00 1.129334000000000060e+00 9.930222499999999952e-01 9.930222499999999952e-01 9.960852500000000331e-01
1.871250000000000080e+00 1.144858249999999966e+00 9.922937499999999744e-01 9.922937499999999744e-01 9.960792499999999716e-01
1.878749999999999920e+00 1.150881750000000148e+00 9.918402500000000899e-01 9.918402500000000899e-01 9.960380000000000900e-01
1.886249999999999982e+00 1.168749500000000108e+00 9.908685000000000409e-01 9.908685000000000409e-01 9.963874999999999815e-01
1.893750000000000044e+00 1.174131500000000106e+00 9.896445000000000380e-01 9.896445000000000380e-01 9.965234999999998955e-01
1.901250000000000107e+00 1.190495250000000116e+00 9.886365000000000292e-01 9.886365000000000292e-01 9.967325000000000212e-01
1.908749999999999947e+00 1.206918250000000192e+00 9.865652499999999492e-01 9.865652499999999492e-01 9.969715000000000105e-01
1.916250000000000009e+00 1.206443000000000154e+00 9.869695000000000551e-01 9.869695000000000551e-01 9.965605000000000713e-01
1.923750000000000071e+00 1.222667749999999831e+00 9.842545000000000321e-01 9.842545000000000321e-01 9.969659999999999078e-01
1.931249999999999911e+00 1.234460499999999961e+00 9.840732500000000105e-01 9.840732500000000105e-01 9.970887500000000792e-01
1.938749999999999973e+00 1.229676750000000096e+00 9.824154999999999971e-01 9.824154999999999971e-01 9.973819999999999908e-01
1.946250000000000036e+00 1.236720500000000111e+00 9.818109999999999893e-01 9.818109999999999893e-01 9.975209999999999910e-01
1.953750000000000098e+00 1.241695749999999876e+00 9.802714999999999623e-01 9.802714999999999623e-01 9.975369999999998960e-01
1.961249999999999938e+00 1.255417750000000110e+00 9.796407499999999491e-01 9.796407499999999491e-01 9.979597500000000343e-01
1.968750000000000000e+00 1.255212750000000099e+00 9.785155000000000936e-01 9.785155000000000936e-01 9.980774999999999508e-01
1.976250000000000062e+00 1.247212250000000022e+00 9.785972500000000851e-01 9.785972500000000851e-01 9.980834999999999013e-01
1.983749999999999902e+00 1.235651250000000090e+00 9.779169999999999252e-01 9.779169999999999252e-01 9.985637499999999722e-01
1.991249999999999964e+00 1.224852750000000157e+00 9.779857499999999870e-01 9.779857499999999870e-01 9.987847499999999989e-01
1.998750000000000027e+00 1.222197499999999826e+00 9.769992499999999858e-01 9.769992499999999858e-01 9.989989999999999704e-01
2.006250000000000089e+00 1.198713000000000140e+00 9.774617500000000181e-01 9.774617500000000181e-01 9.990057500000000257e-01
2.013749999999999929e+00 1.174490999999999952e+00 9.774504999999999999e-01 9.774504999999999999e-01 9.993625000000000425e-01
2.021250000000000213e+00 1.160837250000000154e+00 9.775949999999999918e-01 9.775949999999999918e-01 9.995977500000000626e-01
2.028750000000000053e+00 1.121458749999999949e+00 9.782370000000000232e-01 9.782370000000000232e-01 9.995992499999999392e-01
2.036249999999999893e+00 1.101926249999999996e+00 9.773342499999999600e-01 9.773342499999999600e-01 9.998937500000000256e-01
2.043750000000000178e+00 1.069319000000000131e+00 9.781892500000000101e-01 9.781892500000000101e-01 9.999852499999999367e-01
2.051250000000000018e+00 1.054511999999999894e+00 9.786410000000000942e-01 9.786410000000000942e-01 1.000186500000000089e+00
2.058749999999999858e+00 1.023511250000000095e+00 9.798335000000000239e-01 9.798335000000000239e-01 1.000463000000000102e+00
2.066250000000000142e+00 9.929717500000000419e-01 9.803902500000000186e-01 9.803902500000000186e-01 1.000960249999999885e+00
2.073749999999999982e+00 9.756947500000000550e-01 9.797974999999999879e-01 9.797974999999999879e-01 1.000757000000000119e+00
2.081249999999999822e+00 9.569845000000001267e-01 9.813372500000000498e-01 9.813372500000000498e-01 1.001394499999999965e+00
2.088750000000000107e+00 9.283387499999999903e-01 9.805710000000000814e-01 9.805710000000000814e-01 1.001420750000000082e+00
2.096249999999999947e+00 9.132152500000000339e-01 9.818360000000000420e-01 9.818360000000000420e-01 1.001434500000000005e+00
2.103749999999999787e+00 9.065612499999999851e-01 9.825650000000000217e-01 9.825650000000000217e-01 1.001837500000000158e+00
2.111250000000000071e+00 8.887514999999999166e-01 9.832397500000000790e-01 9.832397500000000790e-01 1.001823499999999978e+00
2.118749999999999911e+00 8.829654999999999587e-01 9.832877500000000159e-01 9.832877500000000159e-01 1.002130250000000000e+00
2.126250000000000195e+00 8.851717500000000349e-01 9.844417500000000043e-01 9.844417500000000043e-01 1.002263500000000196e+00
2.133750000000000036e+00 8.665430000000000632e-01 9.853224999999999900e-01 9.853224999999999900e-01 1.002211249999999998e+00
2.141249999999999876e+00 8.721430000000000016e-01 9.858710000000000528e-01 9.858710000000000528e-01 1.002608750000000049e+00
2.148750000000000160e+00 8.694872499999999338e-01 9.873477500000000795e-01 9.873477500000000795e-01 1.002535249999999989e+00
2.156250000000000000e+00 8.723940000000000028e-01 9.870289999999999342e-01 9.870289999999999342e-01 1.002829250000000227e+00
2.163749999999999840e+00 8.734702500000000036e-01 9.887740000000000418e-01 9.887740000000000418e-01 1.003017999999999965e+00
2.171250000000000124e+00 8.757247500000000517e-01 9.888824999999999976e-01 9.888824999999999976e-01 1.002985749999999898e+00
2.178749999999999964e+00 8.807877500000000914e-01 9.884122499999998812e-01 9.884122499999998812e-01 1.003020749999999905e+00
2.186249999999999805e+00 8.780959999999999877e-01 9.901750000000000274e-01 9.901750000000000274e-01 1.003172750000000057e+00
2.193750000000000089e+00 8.861740000000000173e-01 9.920692500000000136e-01 9.920692500000000136e-01 1.003371750000000118e+00
2.201249999999999929e+00 8.976990000000000247e-01 9.912024999999999864e-01 9.912024999999999864e-01 1.003021750000000045e+00
2.208750000000000213e+00 8.986499999999999488e-01 9.931832499999999619e-01 9.931832499999999619e-01 1.003111000000000086e+00
2.216250000000000053e+00 9.035837500000001299e-01 9.932677500000000048e-01 9.932677500000000048e-01 1.003085749999999887e+00
2.223749999999999893e+00 9.065305000000000168e-01 9.936327499999999535e-01 9.936327499999999535e-01 1.003033749999999946e+00
2.231250000000000178e+00 9.094862499999999406e-01 9.955224999999999769e-01 9.955224999999999769e-01 1.002940500000000013e+00
2.238750000000000018e+00 9.100647500000000889e-01 9.959557500000000285e-01 9.959557500000000285e-01 1.002881499999999981e+00
2.246249999999999858e+00 9.246802499999999814e-01 9.967622499999999608e-01 9.967622499999999608e-01 1.002644749999999974e+00
2.253750000000000142e+00 9.219829999999999970e-01 9.975805000000000922e-01 9.975805000000000922e-01 1.002646749999999809e+00
2.261249999999999982e+00 9.348327499999999901e-01 9.998815000000000897e-01 9.998815000000000897e-01 1.002439249999999893e+00
2.268749999999999822e+00 9.342864999999999087e-01 1.000137500000000124e+00 1.000137500000000124e+00 1.002340500000000079e+00
2.276250000000000107e+00 9.352107499999999796e-01 1.000600749999999817e+00 1.000600749999999817e+00 1.002057250000000010e+00
2.283749999999999947e+00 9.302900000000000613e-01 1.001060749999999944e+00 1.001060749999999944e+00 1.002059000000000033e+00
2.291249999999999787e+00 9.279020000000001156e-01 1.001603750000000126e+00 1.001603750000000126e+00 1.001957749999999869e+00
2.298750000000000071e+00 9.384057500000000385e-01 1.002396500000000135e+00 1.002396500000000135e+00 1.001745499999999733e+00
2.306249999999999911e+00 9.361657499999999077e-01 1.003832000000000058e+00 1.003832000000000058e+00 1.001299750000000044e+00
2.313750000000000195e+00 9.364075000000000593e-01 1.004243500000000067e+00 1.004243500000000067e+00 1.001387000000000027e+00
2.321250000000000036e+00 9.243275000000000796e-01 1.004761999999999933e+00 1.004761999999999933e+00 1.001134250000000003e+00
2.328749999999999876e+00 9.437990000000000546e-01 1.005476499999999884e+00 1.005476499999999884e+00 1.000871499999999914e+00
2.336250000000000160e+00 9.294255000000000155e-01 1.006538500000000003e+00 1.006538500000000003e+00 1.000887499999999930e+00
2.343750000000000000e+00 9.314307499999999740e-01 1.007085999999999926e+00 1.007085999999999926e+00 1.000651249999999992e+00
2.351249999999999840e+00 9.348277499999999574e-01 1.007634499999999989e+00 1.007634499999999989e+00 1.000466999999999995e+00
2.358750000000000124e+00 9.391152500000000680e-01 1.007639750000000056e+00 1.007639750000000056e+00 1.000557750000000024e+00
2.366249999999999964e+00 9.328052499999999192e-01 1.009038000000000102e+00 1.009038000000000102e+00 1.000169249999999899e+00
2.373749999999999805e+00 9.420604999999999674e-01 1.009441499999999881e+00 1.009441499999999881e+00 1.000170250000000038e+00
2.381250000000000089e+00 9.408795000000000908e-01 1.008985500000000091e+00 1.008985500000000091e+00 9.998837499999999601e-01
2.388749999999999929e+00 9.416257500000000391e-01 1.010067500000000118e+00 1.010067500000000118e+00 9.997247499999999398e-01
2.396250000000000213e+00 9.468052500000000427e-01 1.009427749999999957e+00 1.009427749999999957e+00 9.999964999999999549e-01
2.403750000000000053e+00 9.458279999999998910e-01 1.009719250000000068e+00 1.009719250000000068e+00 9.996687499999999948e-01
2.411249999999999893e+00 9.488982500000000542e-01 1.011106000000000060e+00 1.011106000000000060e+00 9.994292499999999357e-01
2.418750000000000178e+00 9.593277500000000346e-01 1.010728250000000106e+00 1.010728250000000106e+00 9.993417500000000286e-01
2.426250000000000018e+00 9.591215000000000712e-01 1.011477750000000064e+00 1.011477750000000064e+00 9.992827500000001084e-01
2.433749999999999858e+00 9.617545000000000677e-01 1.011595000000000022e+00 1.011595000000000022e+00 9.993247499999999839e-01
2.441250000000000142e+00 9.679050000000000153e-01 1.011673000000000044e+00 1.011673000000000044e+00 9.989725000000000410e-01
2.448749999999999982e+00 9.676675000000000137e-01 1.012530750000000035e+00 1.012530750000000035e+00 9.990142499999998815e-01
2.456249999999999822e+00 9.715337499999999737e-01 1.011907500000000182e+00 1.011907500000000182e+00 9.990584999999999605e-01
2.463750000000000107e+00 9.808217500000000477e-01 1.012049250000000011e+00 1.012049250000000011e+00 9.984934999999999228e-01
2.471249999999999947e+00 9.762762499999999566e-01 1.012264249999999866e+00 1.012264249999999866e+00 9.986877499999999852e-01
2.478749999999999787e+00 9.885569999999999080e-01 1.013052999999999981e+00 1.013052999999999981e+00 9.987194999999999823e-01
2.486250000000000071e+00 9.915677499999999700e-01 1.012953750000000097e+00 1.012953750000000097e+00 9.986332500000000278e-01
2.493749999999999911e+00 9.897869999999999724e-01 1.013231749999999876e+00 1.013231749999999876e+00 9.985052500000000109e-01
2.501250000000000195e+00 9.954762500000000625e-01 1.012373999999999885e+00 1.012373999999999885e+00 9.983964999999999090e-01
2.508750000000000036e+00 1.001093500000000081e+00 1.012828749999999944e+00 1.012828749999999944e+00 9.982327500000000020e-01
2.516249999999999876e+00 1.001554500000000125e+00 1.012149750000000070e+00 1.012149750000000070e+00 9.981102499999998656e-01
2.523750000000000160e+00 1.007436000000000220e+00 1.012167250000000074e+00 1.012167250000000074e+00 9.979789999999999495e-01
2.531250000000000000e+00 9.949707500000000149e-01 1.012112750000000005e+00 1.012112750000000005e+00 9.981057500000000138e-01
2.538749999999999840e+00 1.010233999999999854e+00 1.013098250000000089e+00 1.013098250000000089e+00 9.981480000000000352e-01
2.546250000000000124e+00 1.010205999999999937e+00 1.011481999999999992e+00 1.011481999999999992e+00 9.979639999999999622e-01
2.553749999999999964e+00 1.014376500000000014e+00 1.012089500000000086e+00 1.012089500000000086e+00 9.977624999999999966e-01
2.561249999999999805e+00 1.020564250000000062e+00 1.011483249999999945e+00 1.011483249999999945e+00 9.977927500000000061e-01
2.568750000000000089e+00 1.028939999999999966e+00 1.011493749999999858e+00 1.011493749999999858e+00 9.976834999999999454e-01
2.576249999999999929e+00 1.019600000000000062e+00 1.010766000000000053e+00 1.010766000000000053e+00 9.975622499999999837e-01
2.583750000000000213e+00 1.015083249999999992e+00 1.010419999999999874e+00 1.010419999999999874e+00 9.976867499999999556e-01
2.591250000000000053e+00 1.030226499999999934e+00 1.008798749999999966e+00 1.008798749999999966e+00 9.976329999999999920e-01
2.598749999999999893e+00 1.023340249999999951e+00 1.008704499999999893e+00 1.008704499999999893e+00 9.975694999999999979e-01
2.606250000000000178e+00 1.024763250000000125e+00 1.008458999999999994e+00 1.008458999999999994e+00 9.975024999999999586e-01
2.613750000000000018e+00 1.035878499999999924e+00 1.007099500000000036e+00 1.007099500000000036e+00 9.975769999999999360e-01
2.621249999999999858e+00 1.030183000000000071e+00 1.006342000000000070e+00 1.006342000000000070e+00 9.975337499999999968e-01
2.628750000000000142e+00 1.039105500000000015e+00 1.005366250000000017e+00 1.005366250000000017e+00 9.975195000000000034e-01
2.636249999999999982e+00 1.038042750000000014e+00 1.004410250000000060e+00 1.004410250000000060e+00 9.973257500000001219e-01
2.643749999999999822e+00 1.036046750000000127e+00 1.004091249999999880e+00 1.004091249999999880e+00 9.975597499999999673e-01
2.651250000000000107e+00 1.041273499999999963e+00 1.003155999999999937e+00 1.003155999999999937e+00 9.977997499999999853e-01
2.658749999999999947e+00 1.041870250000000109e+00 1.002516249999999998e+00 1.002516249999999998e+00 9.974440000000001083e-01
2.666249999999999787e+00 1.042432000000000025e+00 1.001556250000000148e+00 1.001556250000000148e+00 9.977270000000000305e-01
2.673750000000000071e+00 1.043317499999999898e+00 1.001353249999999973e+00 1.001353249999999973e+00 9.975977499999999498e-01
2.681249999999999911e+00 1.047799499999999995e+00 1.000742250000000055e+00 1.000742250000000055e+00 9.976260000000000128e-01
2.688750000000000195e+00 1.042517499999999986e+00 9.992187500000000444e-01 9.992187500000000444e-01 9.976825000000000276e-01
2.696250000000000036e+00 1.046100000000000030e+00 9.993910000000000293e-01 9.993910000000000293e-01 9.977955000000000574e-01
2.703749999999999876e+00 1.045117000000000074e+00 9.982169999999999099e-01 9.982169999999999099e-01 9.977972500000000800e-01
2.711250000000000160e+00 1.046511000000000191e+00 9.977272499999999544e-01 9.977272499999999544e-01 9.978497500000000908e-01
2.718750000000000000e+00 1.045493249999999819e+00 9.977215000000000389e-01 9.977215000000000389e-01 9.979517499999999153e-01
2.726249999999999840e+00 1.039760250000000052e+00 9.970744999999999747e-01 9.970744999999999747e-01 9.979692499999999189e-01
2.733750000000000124e+00 1.038942249999999845e+00 9.969259999999999788e-01 9.969259999999999788e-01 9.981145000000000156e-01
2.741249999999999964e+00 1.043311249999999912e+00 9.963954999999999895e-01 9.963954999999999895e-01 9.980390000000000095e-01
2.748749999999999805e+00 1.035501000000000005e+00 9.959119999999999084e-01 9.959119999999999084e-01 9.981125000000000691e-01
2.756250000000000089e+00 1.039900250000000081e+00 9.961467499999999697e-01 9.961467499999999697e-01 9.982322500000000431e-01
2.763749999999999929e+00 1.032821750000000094e+00 9.953737499999999461e-01 9.953737499999999461e-01 9.983572499999998628e-01
2.771250000000000213e+00 1.042817249999999918e+00 9.958852499999999441e-01 9.958852499999999441e-01 9.982215000000000948e-01
2.778750000000000053e+00 1.031688249999999973e+00 9.950932499999999292e-01 9.950932499999999292e-01 9.983642499999999531e-01
2.786249999999999893e+00 1.037779999999999925e+00 9.946865000000000290e-01 9.946865000000000290e-01 9.981845000000000301e-01
2.793750000000000178e+00 1.029184499999999947e+00 9.943779999999999841e-01 9.943779999999999841e-01 9.985434999999999173e-01
2.801250000000000018e+00 1.026227250000000035e+00 9.951750000000000318e-01 9.951750000000000318e-01 9.983782500000000226e-01
2.808749999999999858e+00 1.028504749999999968e+00 9.944844999999999935e-01 9.944844999999999935e-01 9.985989999999999034e-01
2.816250000000000142e+00 1.030495750000000044e+00 9.946734999999999882e-01 9.946734999999999882e-01 9.986534999999999718e-01
2.823749999999999982e+00 1.029109500000000121e+00 9.940387499999999710e-01 9.940387499999999710e-01 9.988757499999999512e-01
2.831249999999999822e+00 1.026647249999999900e+00 9.941854999999999443e-01 9.941854999999999443e-01 9.985677499999999762e-01
2.838750000000000107e+00 1.025861000000000134e+00 9.940002500000000296e-01 9.940002500000000296e-01 9.985745000000001426e-01
2.846249999999999947e+00 1.021884499999999862e+00 9.950372499999999842e-01 9.950372499999999842e-01 9.988915000000000433e-01
2.853749999999999787e+00 1.022088499999999955e+00 9.943147500000000250e-01 9.943147500000000250e-01 9.988547499999999024e-01
2.861250000000000071e+00 1.022172000000000081e+00 9.956925000000000914e-01 9.956925000000000914e-01 9.990519999999999401e-01
2.868749999999999911e+00 1.018421750000000126e+00 9.951417499999999361e-01 9.951417499999999361e-01 9.989372500000001098e-01
2.876250000000000195e+00 1.024183250000000100e+00 9.943100000000000271e-01 9.943100000000000271e-01 9.992312500000000153e-01
2.883750000000000036e+00 1.016152000000000166e+00 9.949667500000000109e-01 9.949667500000000109e-01 9.991252499999999648e-01
2.891249999999999876e+00 1.019509250000000034e+00 9.952275000000000427e-01 9.952275000000000427e-01 9.992884999999999129e-01
2.898750000000000160e+00 1.016394749999999902e+00 9.949172500000000863e-01 9.949172500000000863e-01 9.993707500000000854e-01
2.906250000000000000e+00 1.014886750000000060e+00 9.950339999999999741e-01 9.950339999999999741e-01 9.993089999999998918e-01
2.913749999999999840e+00 1.011308249999999909e+00 9.942750000000000199e-01 9.942750000000000199e-01 9.995907500000000834e-01
2.921250000000000124e+00 1.010575250000000036e+00 9.946217499999999712e-01 9.946217499999999712e-01 9.995547500000000474e-01
2.928749999999999964e+00 1.007626000000000133e+00 9.948497500000000882e-01 9.948497500000000882e-01 9.994935000000000347e-01
2.936249999999999805e+00 1.007180500000000034e+00 9.952737500000000681e-01 9.952737500000000681e-01 9.996304999999998664e-01
2.943750000000000089e+00 1.006065250000000022e+00 9.953442499999999304e-01 9.953442499999999304e-01 9.997885000000000799e-01
2.951249999999999929e+00 1.005537249999999938e+00 9.951050000000000173e-01 9.951050000000000173e-01 9.998532500000000267e-01
2.958750000000000213e+00 1.000641000000000114e+00 9.954242499999998994e-01 9.954242499999998994e-01 9.996789999999999843e-01
2.966250000000000053e+00 9.961502499999999038e-01 9.955082499999999834e-01 9.955082499999999834e-01 9.997552499999999842e-01
2.973749999999999893e+00 9.935169999999999835e-01 9.964585000000000248e-01 9.964585000000000248e-01 9.997422500000000545e-01
2.981250000000000178e+00 9.918299999999999894e-01 9.956714999999999316e-01 9.956714999999999316e-01 9.998759999999999870e-01
2.988750000000000018e+00 9.806632500000000974e-01 9.967780000000000529e-01 9.967780000000000529e-01 9.997377499999999806e-01
2.996249999999999858e+00 9.911510000000000042e-01 9.967122499999999663e-01 9.967122499999999663e-01 9.998322499999999780e-01
