3.749999999999999861e-03 0.000000000000000000e+00 0.000000000000000000e+00 0.000000000000000000e+00 0.000000000000000000e+00
1.124999999999999958e-02 0.000000000000000000e+00 0.000000000000000000e+00 0.000000000000000000e+00 0.000000000000000000e+00
1.874999999999999931e-02 0.000000000000000000e+00 0.000000000000000000e+00 0.000000000000000000e+00 0.000000000000000000e+00
2.624999999999999903e-02 0.000000000000000000e+00 0.000000000000000000e+00 0.000000000000000000e+00 0.000000000000000000e+00
3.375000000000000222e-02 0.000000000000000000e+00 0.000000000000000000e+00 0.000000000000000000e+00 0.000000000000000000e+00
4.125000000000000194e-02 0.000000000000000000e+00 0.000000000000000000e+00 0.000000000000000000e+00 0.000000000000000000e+00
4.875000000000000167e-02 0.000000000000000000e+00 0.000000000000000000e+00 0.000000000000000000e+00 0.000000000000000000e+00
5.625000000000000139e-02 0.000000000000000000e+00 0.000000000000000000e+00 0.000000000000000000e+00 0.000000000000000000e+00
6.375000000000000111e-02 0.000000000000000000e+00 0.000000000000000000e+00 0.000000000000000000e+00 0.000000000000000000e+00
7.124999999999999389e-02 0.000000000000000000e+00 0.000000000000000000e+00 0.000000000000000000e+00 0.000000000000000000e+00
7.875000000000000056e-02 0.000000000000000000e+00 0.000000000000000000e+00 0.000000000000000000e+00 0.000000000000000000e+00
8.624999999999999334e-02 0.000000000000000000e+00 0.000000000000000000e+00 0.000000000000000000e+00 0.000000000000000000e+00
9.375000000000000000e-02 0.000000000000000000e+00 0.000000000000000000e+00 0.000000000000000000e+00 0.000000000000000000e+00
1.012500000000000067e-01 0.000000000000000000e+00 0.000000000000000000e+00 0.000000000000000000e+00 0.000000000000000000e+00
1.087499999999999994e-01 0.000000000000000000e+00 0.000000000000000000e+00 0.000000000000000000e+00 0.000000000000000000e+00
1.162500000000000061e-01 0.000000000000000000e+00 0.000000000000000000e+00 0.000000000000000000e+00 0.000000000000000000e+00
1.237499999999999989e-01 0.000000000000000000e+00 0.000000000000000000e+00 0.000000000000000000e+00 0.000000000000000000e+00
1.312500000000000056e-01 0.000000000000000000e+00 0.000000000000000000e+00 0.000000000000000000e+00 0.000000000000000000e+00
1.387500000000000122e-01 0.000000000000000000e+00 0.000000000000000000e+00 0.000000000000000000e+00 0.000000000000000000e+00
1.462499999999999911e-01 0.000000000000000000e+00 0.000000000000000000e+00 0.000000000000000000e+00 1.350000000000000119e-05
1.537499999999999978e-01 0.000000000000000000e+00 0.000000000000000000e+00 0.000000000000000000e+00 1.859666666666666803e-03
1.612500000000000044e-01 0.000000000000000000e+00 0.000000000000000000e+00 0.000000000000000000e+00 4.397116666666666535e-02
1.687500000000000111e-01 0.000000000000000000e+00 0.000000000000000000e+00 0.000000000000000000e+00 2.596846666666666748e-01
1.762499999999999900e-01 0.000000000000000000e+00 0.000000000000000000e+00 0.000000000000000000e+00 6.896919999999999717e-01
1.837499999999999967e-01 0.000000000000000000e+00 0.000000000000000000e+00 0.000000000000000000e+00 1.158407166666666654e+00
1.912500000000000033e-01 0.000000000000000000e+00 0.000000000000000000e+00 0.000000000000000000e+00 1.513210666666666704e+00
1.987500000000000100e-01 0.000000000000000000e+00 0.000000000000000000e+00 0.000000000000000000e+00 1.706808666666666641e+00
2.062499999999999889e-01 0.000000000000000000e+00 0.000000000000000000e+00 0.000000000000000000e+00 1.786363999999999841e+00
2.137499999999999956e-01 0.000000000000000000e+00 0.000000000000000000e+00 0.000000000000000000e+00 1.787914000000000003e+00
2.212500000000000022e-01 0.000000000000000000e+00 0.000000000000000000e+00 0.000000000000000000e+00 1.749848666666666830e+00
2.287500000000000089e-01 0.000000000000000000e+00 0.000000000000000000e+00 0.000000000000000000e+00 1.697048333333333714e+00
2.362499999999999878e-01 0.000000000000000000e+00 0.000000000000000000e+00 0.000000000000000000e+00 1.646867833333333087e+00
2.437499999999999944e-01 0.000000000000000000e+00 0.000000000000000000e+00 0.000000000000000000e+00 1.600042833333333192e+00
2.512499999999999734e-01 0.000000000000000000e+00 0.000000000000000000e+00 0.000000000000000000e+00 1.557022500000000198e+00
2.587499999999999800e-01 0.000000000000000000e+00 0.000000000000000000e+00 0.000000000000000000e+00 1.515854333333333415e+00
2.662499999999999867e-01 0.000000000000000000e+00 0.000000000000000000e+00 0.000000000000000000e+00 1.478957333333333457e+00
2.737499999999999933e-01 0.000000000000000000e+00 0.000000000000000000e+00 0.000000000000000000e+00 1.442551999999999834e+00
2.812500000000000000e-01 0.000000000000000000e+00 0.000000000000000000e+00 0.000000000000000000e+00 1.411054666666666568e+00
2.887500000000000067e-01 0.000000000000000000e+00 0.000000000000000000e+00 0.000000000000000000e+00 1.385271000000000141e+00
2.962500000000000133e-01 0.000000000000000000e+00 0.000000000000000000e+00 0.000000000000000000e+00 1.359205666666666756e+00
3.037500000000000200e-01 0.000000000000000000e+00 0.000000000000000000e+00 0.000000000000000000e+00 1.335583333333333345e+00
3.112500000000000266e-01 0.000000000000000000e+00 0.000000000000000000e+00 0.000000000000000000e+00 1.316413166666666745e+00
3.187499999999999778e-01 0.000000000000000000e+00 0.000000000000000000e+00 0.000000000000000000e+00 1.297834500000000002e+00
3.262499999999999845e-01 0.000000000000000000e+00 0.000000000000000000e+00 0.000000000000000000e+00 1.284124166666666733e+00
3.337499999999999911e-01 0.000000000000000000e+00 0.000000000000000000e+00 0.000000000000000000e+00 1.271390666666666780e+00
3.412499999999999978e-01 0.000000000000000000e+00 0.000000000000000000e+00 0.000000000000000000e+00 1.262969833333333458e+00
3.487500000000000044e-01 0.000000000000000000e+00 0.000000000000000000e+00 0.000000000000000000e+00 1.255673666666666799e+00
3.562500000000000111e-01 0.000000000000000000e+00 0.000000000000000000e+00 0.000000000000000000e+00 1.249497666666666840e+00
3.637500000000000178e-01 0.000000000000000000e+00 0.000000000000000000e+00 0.000000000000000000e+00 1.245760166666666668e+00
3.712500000000000244e-01 0.000000000000000000e+00 0.000000000000000000e+00 0.000000000000000000e+00 1.241629666666666632e+00
3.787499999999999756e-01 0.000000000000000000e+00 0.000000000000000000e+00 0.000000000000000000e+00 1.239362333333333455e+00
3.862499999999999822e-01 0.000000000000000000e+00 0.000000000000000000e+00 0.000000000000000000e+00 1.235990333333333302e+00
3.937499999999999889e-01 0.000000000000000000e+00 0.000000000000000000e+00 0.000000000000000000e+00 1.232123666666666617e+00
4.012499999999999956e-01 0.000000000000000000e+00 0.000000000000000000e+00 0.000000000000000000e+00 1.229194166666666588e+00
4.087500000000000022e-01 0.000000000000000000e+00 0.000000000000000000e+00 0.000000000000000000e+00 1.224410833333333448e+00
4.162500000000000089e-01 0.000000000000000000e+00 0.000000000000000000e+00 0.000000000000000000e+00 1.218293166666666760e+00
4.237500000000000155e-01 0.000000000000000000e+00 0.000000000000000000e+00 0.000000000000000000e+00 1.213648833333333288e+00
4.312500000000000222e-01 0.000000000000000000e+00 0.000000000000000000e+00 0.000000000000000000e+00 1.207022333333333419e+00
4.387499999999999734e-01 0.000000000000000000e+00 0.000000000000000000e+00 0.000000000000000000e+00 1.201277166666666840e+00
4.462499999999999800e-01 0.000000000000000000e+00 1.816666666666666666e-05 1.816666666666666666e-05 1.194366833333333267e+00
4.537499999999999867e-01 0.000000000000000000e+00 2.301666666666666867e-04 2.301666666666666867e-04 1.189202333333333250e+00
4.612499999999999933e-01 0.000000000000000000e+00 1.276166666666666552e-03 1.276166666666666552e-03 1.182998833333333444e+00
4.687500000000000000e-01 0.000000000000000000e+00 5.913499999999999486e-03 5.913499999999999486e-03 1.175886833333333437e+00
4.762500000000000067e-01 0.000000000000000000e+00 1.974899999999999919e-02 1.974899999999999919e-02 1.170224666666666691e+00
4.837500000000000133e-01 0.000000000000000000e+00 5.101066666666666943e-02 5.101066666666666943e-02 1.162387000000000059e+00
4.912500000000000200e-01 0.000000000000000000e+00 1.089923333333333438e-01 1.089923333333333438e-01 1.155881000000000158e+00
4.987500000000000266e-01 0.000000000000000000e+00 2.005516666666666559e-01 2.005516666666666559e-01 1.150292000000000092e+00
5.062499999999999778e-01 0.000000000000000000e+00 3.229266666666666397e-01 3.229266666666666397e-01 1.143604499999999913e+00
5.137500000000000400e-01 0.000000000000000000e+00 4.736183333333333079e-01 4.736183333333333079e-01 1.139120833333333360e+00
5.212499999999999911e-01 0.000000000000000000e+00 6.405500000000000638e-01 6.405500000000000638e-01 1.132500333333333442e+00
5.287500000000000533e-01 0.000000000000000000e+00 8.055100000000000593e-01 8.055100000000000593e-01 1.127390166666666582e+00
5.362500000000000044e-01 0.000000000000000000e+00 9.662966666666665816e-01 9.662966666666665816e-01 1.120869833333333343e+00
5.437499999999999556e-01 0.000000000000000000e+00 1.105390333333333253e+00 1.105390333333333253e+00 1.116808000000000023e+00
5.512500000000000178e-01 0.000000000000000000e+00 1.224146166666666646e+00 1.224146166666666646e+00 1.110748499999999916e+00
5.587499999999999689e-01 0.000000000000000000e+00 1.317596999999999907e+00 1.317596999999999907e+00 1.105546499999999988e+00
5.662500000000000311e-01 0.000000000000000000e+00 1.389558833333333299e+00 1.389558833333333299e+00 1.101057833333333402e+00
5.737499999999999822e-01 0.000000000000000000e+00 1.436855833333333443e+00 1.436855833333333443e+00 1.095889000000000335e+00
5.812500000000000444e-01 0.000000000000000000e+00 1.462706166666666752e+00 1.462706166666666752e+00 1.091697833333333367e+00
5.887499999999999956e-01 0.000000000000000000e+00 1.472591999999999901e+00 1.472591999999999901e+00 1.086739666666666659e+00
5.962499999999999467e-01 0.000000000000000000e+00 1.470692166666666800e+00 1.470692166666666800e+00 1.083023000000000069e+00
6.037500000000000089e-01 0.000000000000000000e+00 1.460435000000000150e+00 1.460435000000000150e+00 1.078819166666666662e+00
6.112499999999999600e-01 0.000000000000000000e+00 1.443141166666666253e+00 1.443141166666666253e+00 1.074352166666666664e+00
6.187500000000000222e-01 0.000000000000000000e+00 1.415762666666666725e+00 1.415762666666666725e+00 1.070352666666666508e+00
6.262499999999999734e-01 0.000000000000000000e+00 1.390907666666666431e+00 1.390907666666666431e+00 1.066471333333333327e+00
6.337500000000000355e-01 0.000000000000000000e+00 1.365412166666666538e+00 1.365412166666666538e+00 1.062251333333333214e+00
6.412499999999999867e-01 0.000000000000000000e+00 1.334027833333333080e+00 1.334027833333333080e+00 1.058522333333333343e+00
6.487500000000000488e-01 0.000000000000000000e+00 1.304452666666666705e+00 1.304452666666666705e+00 1.055424166666666608e+00
6.562500000000000000e-01 0.000000000000000000e+00 1.279675833333333346e+00 1.279675833333333346e+00 1.050954833333333394e+00
6.637499999999999512e-01 0.000000000000000000e+00 1.250299833333333277e+00 1.250299833333333277e+00 1.047881000000000062e+00
6.712500000000000133e-01 0.000000000000000000e+00 1.231580166666666587e+00 1.231580166666666587e+00 1.044497999999999927e+00
6.787499999999999645e-01 0.000000000000000000e+00 1.207745333333333448e+00 1.207745333333333448e+00 1.040082833333333401e+00
6.862500000000000266e-01 0.000000000000000000e+00 1.190023666666666591e+00 1.190023666666666591e+00 1.037851500000000149e+00
6.937499999999999778e-01 0.000000000000000000e+00 1.178035666666666925e+00 1.178035666666666925e+00 1.034058499999999770e+00
7.012500000000000400e-01 0.000000000000000000e+00 1.166861333333333306e+00 1.166861333333333306e+00 1.031299833333333416e+00
7.087499999999999911e-01 0.000000000000000000e+00 1.155311500000000047e+00 1.155311500000000047e+00 1.027632166666666791e+00
7.162500000000000533e-01 0.000000000000000000e+00 1.147294499999999884e+00 1.147294499999999884e+00 1.024658666666666607e+00
7.237500000000000044e-01 0.000000000000000000e+00 1.141707666666666565e+00 1.141707666666666565e+00 1.022782166666666770e+00
7.312499999999999556e-01 0.000000000000000000e+00 1.137972166666666674e+00 1.137972166666666674e+00 1.019430666666666596e+00
7.387500000000000178e-01 5.216666666666666978e-04 1.129941666666666622e+00 1.129941666666666622e+00 1.016629999999999923e+00
7.462499999999999689e-01 1.635833333333333540e-03 1.130013166666666624e+00 1.130013166666666624e+00 1.014574500000000157e+00
7.537500000000000311e-01 5.711499999999998696e-03 1.124589333333333441e+00 1.124589333333333441e+00 1.011465833333333286e+00
7.612499999999999822e-01 1.876416666666666858e-02 1.120882500000000226e+00 1.120882500000000226e+00 1.009286166666666817e+00
7.687500000000000444e-01 4.200133333333333496e-02 1.116517666666666742e+00 1.116517666666666742e+00 1.007126000000000188e+00
7.762499999999999956e-01 8.597833333333333716e-02 1.110971500000000001e+00 1.110971500000000001e+00 1.005092333333333476e+00
7.837499999999999467e-01 1.613595000000000168e-01 1.106490166666666664e+00 1.106490166666666664e+00 1.002857666666666647e+00
7.912500000000000089e-01 2.836208333333333775e-01 1.102791166666666767e+00 1.102791166666666767e+00 1.001524833333333309e+00
7.987499999999999600e-01 4.355495000000000339e-01 1.097860499999999906e+00 1.097860499999999906e+00 9.997601666666667830e-01
8.062500000000000222e-01 6.579103333333332637e-01 1.094342499999999996e+00 1.094342499999999996e+00 9.968953333333333555e-01
8.137499999999999734e-01 8.939610000000000056e-01 1.087035666666666733e+00 1.087035666666666733e+00 9.957996666666666385e-01
8.212500000000000355e-01 1.133220666666666654e+00 1.081587000000000076e+00 1.081587000000000076e+00 9.944111666666667348e-01
8.287499999999999867e-01 1.413777333333333219e+00 1.076733833333333612e+00 1.076733833333333612e+00 9.922330000000000316e-01
8.362500000000000488e-01 1.653277833333333335e+00 1.068217333333333352e+00 1.068217333333333352e+00 9.914438333333333020e-01
8.437500000000000000e-01 1.884637166666666808e+00 1.063615500000000047e+00 1.063615500000000047e+00 9.899296666666667077e-01
8.512499999999999512e-01 2.032434166666666542e+00 1.060012999999999872e+00 1.060012999999999872e+00 9.887746666666666906e-01
8.587500000000000133e-01 2.223129833333333139e+00 1.052400499999999850e+00 1.052400499999999850e+00 9.878436666666665644e-01
8.662499999999999645e-01 2.286162166666666717e+00 1.048664833333333490e+00 1.048664833333333490e+00 9.873174999999999590e-01
8.737500000000000266e-01 2.336868333333333325e+00 1.042518499999999904e+00 1.042518499999999904e+00 9.862298333333333611e-01
8.812499999999999778e-01 2.358034166666666653e+00 1.037894833333333322e+00 1.037894833333333322e+00 9.849333333333332163e-01
8.887500000000000400e-01 2.342693833333333142e+00 1.034678666666666746e+00 1.034678666666666746e+00 9.844944999999999391e-01
8.962499999999999911e-01 2.295640833333333131e+00 1.030096000000000123e+00 1.030096000000000123e+00 9.837929999999999175e-01
9.037500000000000533e-01 2.252260333333333531e+00 1.025531500000000040e+00 1.025531500000000040e+00 9.832584999999999242e-01
9.112500000000000044e-01 2.166935166666666301e+00 1.019376999999999978e+00 1.019376999999999978e+00 9.830336666666666945e-01
9.187499999999999556e-01 2.075720833333333015e+00 1.015930499999999848e+00 1.015930499999999848e+00 9.823330000000000117e-01
9.262500000000000178e-01 1.982652500000000373e+00 1.009957500000000064e+00 1.009957500000000064e+00 9.824493333333333966e-01
9.337499999999999689e-01 1.878321000000000351e+00 1.010001000000000149e+00 1.010001000000000149e+00 9.820321666666668170e-01
9.412500000000000311e-01 1.787845166666666819e+00 1.004594666666666747e+00 1.004594666666666747e+00 9.822246666666666348e-01
9.487499999999999822e-01 1.685690666666666893e+00 1.001565000000000039e+00 1.001565000000000039e+00 9.824014999999999276e-01
9.562500000000000444e-01 1.616392666666666811e+00 9.982351666666665624e-01 9.982351666666665624e-01 9.818221666666665515e-01
9.637499999999999956e-01 1.546220000000000150e+00 9.952778333333333061e-01 9.952778333333333061e-01 9.823990000000000222e-01
9.712499999999999467e-01 1.452786333333333291e+00 9.928254999999999164e-01 9.928254999999999164e-01 9.825901666666666534e-01
9.787500000000000089e-01 1.386390833333333461e+00 9.901086666666666369e-01 9.901086666666666369e-01 9.831579999999999764e-01
9.862499999999999600e-01 1.338578666666666805e+00 9.860730000000000883e-01 9.860730000000000883e-01 9.836765000000000647e-01
9.937500000000000222e-01 1.251403666666666581e+00 9.845493333333332764e-01 9.845493333333332764e-01 9.845061666666664602e-01
1.001249999999999973e+00 1.200128833333333311e+00 9.813945000000000585e-01 9.813945000000000585e-01 9.849756666666666938e-01
1.008750000000000036e+00 1.157173000000000007e+00 9.805674999999999253e-01 9.805674999999999253e-01 9.854968333333332664e-01
1.016250000000000098e+00 1.125547999999999993e+00 9.786653333333333871e-01 9.786653333333333871e-01 9.858615000000000572e-01
1.023749999999999938e+00 1.090810833333333285e+00 9.744635000000000380e-01 9.744635000000000380e-01 9.869850000000001122e-01
1.031250000000000000e+00 1.080569833333333341e+00 9.731075000000001252e-01 9.731075000000001252e-01 9.882881666666666343e-01
1.038750000000000062e+00 1.032256333333333442e+00 9.707159999999999123e-01 9.707159999999999123e-01 9.887716666666666043e-01
1.046249999999999902e+00 1.034101166666666627e+00 9.697306666666666297e-01 9.697306666666666297e-01 9.902623333333333555e-01
1.053749999999999964e+00 1.021945333333333261e+00 9.665726666666666356e-01 9.665726666666666356e-01 9.909978333333332445e-01
1.061250000000000027e+00 1.002244499999999983e+00 9.670670000000000099e-01 9.670670000000000099e-01 9.918118333333332259e-01
1.068750000000000089e+00 9.838909999999999600e-01 9.649925000000001418e-01 9.649925000000001418e-01 9.932885000000001297e-01
1.076249999999999929e+00 9.810883333333332290e-01 9.641173333333332707e-01 9.641173333333332707e-01 9.941301666666667591e-01
1.083749999999999991e+00 9.835521666666665608e-01 9.613291666666666790e-01 9.613291666666666790e-01 9.952328333333332333e-01
1.091250000000000053e+00 9.878158333333333374e-01 9.607018333333332549e-01 9.607018333333332549e-01 9.963144999999999918e-01
1.098749999999999893e+00 9.844211666666665694e-01 9.613231666666667286e-01 9.613231666666667286e-01 9.973819999999999908e-01
1.106249999999999956e+00 9.635816666666666697e-01 9.595456666666667411e-01 9.595456666666667411e-01 9.980016666666666758e-01
1.113750000000000018e+00 9.825920000000000210e-01 9.586898333333332411e-01 9.586898333333332411e-01 9.986533333333332818e-01
1.121250000000000080e+00 9.663209999999998745e-01 9.581766666666666765e-01 9.581766666666666765e-01 1.000013999999999958e+00
1.128749999999999920e+00 9.740321666666668099e-01 9.591398333333334136e-01 9.591398333333334136e-01 1.000325666666666669e+00
1.136249999999999982e+00 9.669048333333334355e-01 9.599275000000000446e-01 9.599275000000000446e-01 1.000867166666666641e+00
1.143750000000000044e+00 9.598361666666667125e-01 9.597071666666666667e-01 9.597071666666666667e-01 1.001425499999999857e+00
1.151250000000000107e+00 9.655838333333331969e-01 9.582098333333334272e-01 9.582098333333334272e-01 1.001803333333333379e+00
1.158749999999999947e+00 9.697883333333333633e-01 9.585946666666668170e-01 9.585946666666668170e-01 1.002335833333333204e+00
1.166250000000000009e+00 9.634249999999999758e-01 9.590020000000000211e-01 9.590020000000000211e-01 1.002977833333333235e+00
1.173750000000000071e+00 9.559041666666668879e-01 9.600318333333333065e-01 9.600318333333333065e-01 1.003469999999999862e+00
1.181249999999999911e+00 9.548611666666667608e-01 9.602401666666665614e-01 9.602401666666665614e-01 1.003358833333333200e+00
1.188749999999999973e+00 9.530834999999999724e-01 9.601286666666667413e-01 9.601286666666667413e-01 1.003554666666666595e+00
1.196250000000000036e+00 9.509173333333333922e-01 9.611903333333332577e-01 9.611903333333332577e-01 1.003844666666666496e+00
1.203750000000000098e+00 9.385156666666666370e-01 9.608773333333332500e-01 9.608773333333332500e-01 1.003907833333333333e+00
1.211249999999999938e+00 9.414423333333332700e-01 9.630100000000000326e-01 9.630100000000000326e-01 1.004383000000000026e+00
1.218750000000000000e+00 9.482118333333332538e-01 9.643261666666665954e-01 9.643261666666665954e-01 1.004429000000000016e+00
1.226250000000000062e+00 9.432364999999999222e-01 9.643568333333334408e-01 9.643568333333334408e-01 1.004244333333333516e+00
1.233749999999999902e+00 9.373386666666666533e-01 9.647481666666667399e-01 9.647481666666667399e-01 1.004755500000000135e+00
1.241249999999999964e+00 9.252328333333332822e-01 9.675731666666668174e-01 9.675731666666668174e-01 1.005006500000000136e+00
1.248750000000000027e+00 9.293038333333333290e-01 9.679020000000000401e-01 9.679020000000000401e-01 1.004734333333333396e+00
1.256250000000000089e+00 9.275838333333332741e-01 9.696478333333332644e-01 9.696478333333332644e-01 1.005068166666666540e+00
1.263749999999999929e+00 9.234866666666667889e-01 9.708208333333333551e-01 9.708208333333333551e-01 1.005016833333333359e+00
1.271249999999999991e+00 9.356261666666666477e-01 9.726326666666667009e-01 9.726326666666667009e-01 1.004794333333333123e+00
1.278750000000000053e+00 9.264589999999999215e-01 9.754528333333332135e-01 9.754528333333332135e-01 1.004466333333333461e+00
1.286249999999999893e+00 9.058101666666665830e-01 9.774916666666665366e-01 9.774916666666665366e-01 1.004327000000000192e+00
1.293749999999999956e+00 9.120733333333334025e-01 9.793154999999998944e-01 9.793154999999998944e-01 1.005224499999999965e+00
1.301250000000000018e+00 9.232763333333332545e-01 9.802028333333333565e-01 9.802028333333333565e-01 1.004689666666666481e+00
1.308750000000000080e+00 9.180761666666666931e-01 9.837971666666666115e-01 9.837971666666666115e-01 1.004840333333333335e+00
1.316249999999999920e+00 9.064605000000000024e-01 9.871925000000000283e-01 9.871925000000000283e-01 1.004470833333333202e+00
1.323749999999999982e+00 9.154195000000000526e-01 9.872414999999999941e-01 9.872414999999999941e-01 1.004465166666666631e+00
1.331250000000000044e+00 9.201038333333332320e-01 9.902966666666666029e-01 9.902966666666666029e-01 1.004637666666666540e+00
1.338750000000000107e+00 9.150963333333334004e-01 9.929396666666666649e-01 9.929396666666666649e-01 1.004633000000000109e+00
1.346249999999999947e+00 9.139130000000000864e-01 9.960655000000001591e-01 9.960655000000001591e-01 1.004508999999999874e+00
1.353750000000000009e+00 9.114563333333333128e-01 9.971181666666666388e-01 9.971181666666666388e-01 1.004241499999999787e+00
1.361250000000000071e+00 9.069709999999998606e-01 9.998380000000001155e-01 9.998380000000001155e-01 1.004146833333333211e+00
1.368749999999999911e+00 9.107638333333332170e-01 1.001794166666666763e+00 1.001794166666666763e+00 1.003796333333333290e+00
1.376249999999999973e+00 9.153219999999998580e-01 1.004191000000000056e+00 1.004191000000000056e+00 1.003845000000000098e+00
1.383750000000000036e+00 9.235936666666667572e-01 1.005671500000000052e+00 1.005671500000000052e+00 1.004093166666666592e+00
1.391250000000000098e+00 9.193101666666666505e-01 1.008747666666666598e+00 1.008747666666666598e+00 1.003537166666666591e+00
1.398749999999999938e+00 9.243763333333333554e-01 1.009107500000000046e+00 1.009107500000000046e+00 1.003792000000000018e+00
1.406250000000000000e+00 9.134198333333333197e-01 1.011497833333333318e+00 1.011497833333333318e+00 1.003577333333333321e+00
1.413750000000000062e+00 9.269975000000000298e-01 1.012247500000000189e+00 1.012247500000000189e+00 1.003325999999999718e+00
1.421249999999999902e+00 9.167888333333333861e-01 1.012627833333333394e+00 1.012627833333333394e+00 1.003019333333333263e+00
1.428749999999999964e+00 9.254565000000001262e-01 1.014503499999999780e+00 1.014503499999999780e+00 1.002842833333333461e+00
1.436250000000000027e+00 9.231301666666665851e-01 1.015204333333333375e+00 1.015204333333333375e+00 1.002759500000000026e+00
1.443750000000000089e+00 9.312356666666666838e-01 1.016499499999999889e+00 1.016499499999999889e+00 1.002485000000000070e+00
1.451249999999999929e+00 9.293933333333334046e-01 1.015241999999999978e+00 1.015241999999999978e+00 1.002080000000000082e+00
1.458749999999999991e+00 9.400340000000001472e-01 1.016161000000000092e+00 1.016161000000000092e+00 1.002328166666666798e+00
1.466250000000000053e+00 9.281113333333332882e-01 1.016917000000000071e+00 1.016917000000000071e+00 1.002010833333333517e+00
1.473749999999999893e+00 9.395016666666666794e-01 1.016173166666666461e+00 1.016173166666666461e+00 1.001465666666666587e+00
1.481249999999999956e+00 9.417661666666666820e-01 1.015535666666666614e+00 1.015535666666666614e+00 1.001747333333333101e+00
1.488750000000000018e+00 9.454015000000000057e-01 1.015165833333333323e+00 1.015165833333333323e+00 1.001335333333333466e+00
1.496250000000000080e+00 9.522736666666666849e-01 1.015534500000000007e+00 1.015534500000000007e+00 1.001494666666666644e+00
1.503749999999999920e+00 9.435783333333332967e-01 1.013863333333333339e+00 1.013863333333333339e+00 1.001126166666666650e+00
1.511249999999999982e+00 9.447560000000000402e-01 1.013784166666666930e+00 1.013784166666666930e+00 1.000936333333333428e+00
1.518750000000000044e+00 9.577853333333332664e-01 1.014744499999999938e+00 1.014744499999999938e+00 1.001181666666666636e+00
1.526250000000000107e+00 9.586845000000000505e-01 1.014043166666666496e+00 1.014043166666666496e+00 1.000709499999999919e+00
1.533749999999999947e+00 9.699029999999999596e-01 1.012913000000000174e+00 1.012913000000000174e+00 1.000327333333333124e+00
1.541250000000000009e+00 9.611573333333334190e-01 1.012905833333333172e+00 1.012905833333333172e+00 1.000471999999999806e+00
1.548750000000000071e+00 9.744906666666667272e-01 1.012397666666666751e+00 1.012397666666666751e+00 1.000262166666666674e+00
1.556249999999999911e+00 9.808230000000000004e-01 1.011909333333333327e+00 1.011909333333333327e+00 9.999423333333333774e-01
1.563749999999999973e+00 9.826591666666666391e-01 1.010895166666666567e+00 1.010895166666666567e+00 9.998291666666666577e-01
1.571250000000000036e+00 9.865370000000001083e-01 1.011547999999999892e+00 1.011547999999999892e+00 1.000061499999999937e+00
1.578750000000000098e+00 9.903198333333333991e-01 1.010430500000000009e+00 1.010430500000000009e+00 1.000020666666666669e+00
1.586249999999999938e+00 9.888286666666669111e-01 1.009441500000000103e+00 1.009441500000000103e+00 9.998001666666667120e-01
1.593750000000000000e+00 9.963093333333333801e-01 1.008162166666666693e+00 1.008162166666666693e+00 9.994341666666666235e-01
1.601250000000000062e+00 9.973673333333333835e-01 1.007769166666666605e+00 1.007769166666666605e+00 9.995056666666667367e-01
1.608749999999999902e+00 1.001398166666666478e+00 1.007854833333333255e+00 1.007854833333333255e+00 9.994978333333333076e-01
1.616249999999999964e+00 9.959835000000000216e-01 1.007604333333333324e+00 1.007604333333333324e+00 9.993413333333333037e-01
1.623750000000000027e+00 1.010901999999999967e+00 1.008273333333333355e+00 1.008273333333333355e+00 9.991944999999998744e-01
1.631250000000000089e+00 1.011918666666666633e+00 1.006799999999999917e+00 1.006799999999999917e+00 9.990716666666666912e-01
1.638749999999999929e+00 1.019467666666666661e+00 1.004110499999999906e+00 1.004110499999999906e+00 9.991020000000000456e-01
1.646249999999999991e+00 1.021858666666666693e+00 1.005677500000000224e+00 1.005677500000000224e+00 9.987838333333333152e-01
1.653750000000000053e+00 1.036904333333333206e+00 1.005607000000000140e+00 1.005607000000000140e+00 9.986406666666667320e-01
1.661249999999999893e+00 1.032389999999999697e+00 1.005132499999999984e+00 1.005132499999999984e+00 9.987943333333334506e-01
1.668749999999999956e+00 1.036767500000000064e+00 1.004822500000000174e+00 1.004822500000000174e+00 9.989273333333333893e-01
1.676250000000000018e+00 1.042179999999999884e+00 1.003129500000000007e+00 1.003129500000000007e+00 9.987618333333334597e-01
1.683750000000000080e+00 1.044704000000000077e+00 1.003289666666666635e+00 1.003289666666666635e+00 9.987743333333333196e-01
1.691249999999999920e+00 1.044316166666666712e+00 1.002233333333333531e+00 1.002233333333333531e+00 9.986706666666668175e-01
1.698749999999999982e+00 1.053600833333333320e+00 1.003167000000000142e+00 1.003167000000000142e+00 9.985523333333334861e-01
1.706250000000000044e+00 1.043479166666666735e+00 1.002069833333333326e+00 1.002069833333333326e+00 9.985339999999999216e-01
1.713750000000000107e+00 1.052858666666666609e+00 1.003149166666666758e+00 1.003149166666666758e+00 9.987346666666666595e-01
1.721249999999999947e+00 1.049045333333333385e+00 1.002566833333333296e+00 1.002566833333333296e+00 9.985136666666666327e-01
1.728750000000000009e+00 1.047182666666666817e+00 1.001392333333333218e+00 1.001392333333333218e+00 9.987524999999998210e-01
1.736250000000000071e+00 1.046294999999999975e+00 1.001419333333333439e+00 1.001419333333333439e+00 9.986216666666666297e-01
1.743749999999999911e+00 1.038942666666666792e+00 1.000495666666666450e+00 1.000495666666666450e+00 9.986358333333331672e-01
1.751249999999999973e+00 1.054065500000000100e+00 1.000636666666666619e+00 1.000636666666666619e+00 9.986663333333334336e-01
1.758750000000000036e+00 1.055051999999999879e+00 1.000505500000000048e+00 1.000505500000000048e+00 9.987623333333334186e-01
1.766250000000000098e+00 1.040307666666666631e+00 1.000548500000000063e+00 1.000548500000000063e+00 9.986273333333333113e-01
1.773749999999999938e+00 1.035129666666666948e+00 9.993774999999999187e-01 9.993774999999999187e-01 9.989056666666668027e-01
1.781250000000000000e+00 1.029750666666666481e+00 9.998193333333333932e-01 9.998193333333333932e-01 9.989086666666667780e-01
1.788750000000000062e+00 1.036293499999999979e+00 9.984574999999998868e-01 9.984574999999998868e-01 9.989744999999999875e-01
1.796249999999999902e+00 1.031609999999999916e+00 9.986355000000001203e-01 9.986355000000001203e-01 9.990499999999999936e-01
1.803749999999999964e+00 1.033023333333333182e+00 9.977703333333333147e-01 9.977703333333333147e-01 9.988206666666666900e-01
1.811250000000000027e+00 1.033822166666666709e+00 9.983705000000000496e-01 9.983705000000000496e-01 9.989784999999998805e-01
1.818750000000000089e+00 1.027637000000000134e+00 9.978704999999998826e-01 9.978704999999998826e-01 9.988649999999998919e-01
1.826249999999999929e+00 1.026588000000000056e+00 9.976818333333333788e-01 9.976818333333333788e-01 9.988476666666666892e-01
1.833749999999999991e+00 1.024167500000000119e+00 9.972841666666666383e-01 9.972841666666666383e-01 9.991384999999999295e-01
1.841250000000000053e+00 1.023952000000000195e+00 9.970786666666665576e-01 9.970786666666665576e-01 9.991639999999999411e-01
1.848749999999999893e+00 1.020974333333333428e+00 9.973831666666667095e-01 9.973831666666667095e-01 9.992873333333331942e-01
1.856249999999999956e+00 1.014078999999999953e+00 9.977301666666668067e-01 9.977301666666668067e-01 9.992126666666666379e-01
1.863750000000000018e+00 1.005671833333333209e+00 9.974306666666666876e-01 9.974306666666666876e-01 9.991618333333333046e-01
1.871250000000000080e+00 1.015088333333333370e+00 9.959053333333333091e-01 9.959053333333333091e-01 9.993069999999999453e-01
1.878749999999999920e+00 1.007806333333333360e+00 9.969801666666667783e-01 9.969801666666667783e-01 9.992898333333334326e-01
1.886249999999999982e+00 1.007104833333333227e+00 9.969300000000002049e-01 9.969300000000002049e-01 9.994876666666666631e-01
1.893750000000000044e+00 1.003239166666666682e+00 9.958269999999999067e-01 9.958269999999999067e-01 9.995254999999999557e-01
1.901250000000000107e+00 1.004442999999999975e+00 9.961661666666666859e-01 9.961661666666666859e-01 9.998095000000000176e-01
1.908749999999999947e+00 9.990499999999999936e-01 9.962771666666666581e-01 9.962771666666666581e-01 9.996044999999998959e-01
1.916250000000000009e+00 9.969811666666665850e-01 9.959893333333332821e-01 9.959893333333332821e-01 9.996365000000001499e-01
1.923750000000000071e+00 1.004329166666666717e+00 9.959393333333332876e-01 9.959393333333332876e-01 9.996946666666666204e-01
1.931249999999999911e+00 1.009152166666666739e+00 9.952751666666665997e-01 9.952751666666665997e-01 9.997306666666667674e-01
1.938749999999999973e+00 1.000162999999999913e+00 9.962579999999999769e-01 9.962579999999999769e-01 9.998548333333333593e-01
1.946250000000000036e+00 1.002013333333333422e+00 9.961479999999999224e-01 9.961479999999999224e-01 9.999666666666667814e-01
1.953750000000000098e+00 9.993016666666667547e-01 9.967536666666667600e-01 9.967536666666667600e-01 9.999935000000000906e-01
1.961249999999999938e+00 9.988369999999999749e-01 9.966466666666665697e-01 9.966466666666665697e-01 1.000150666666666632e+00
1.968750000000000000e+00 9.971168333333334521e-01 9.967850000000000321e-01 9.967850000000000321e-01 1.000272833333333278e+00
1.976250000000000062e+00 9.926533333333334985e-01 9.965839999999999144e-01 9.965839999999999144e-01 1.000171666666666681e+00
1.983749999999999902e+00 9.951438333333332276e-01 9.967591666666666406e-01 9.967591666666666406e-01 1.000102499999999894e+00
1.991249999999999964e+00 9.963051666666666861e-01 9.962743333333333728e-01 9.962743333333333728e-01 1.000133166666666407e+00
1.998750000000000027e+00 9.941151666666665498e-01 9.975098333333333178e-01 9.975098333333333178e-01 1.000223000000000084e+00
2.006250000000000089e+00 9.994968333333332788e-01 9.964209999999998901e-01 9.964209999999998901e-01 1.000269166666666765e+00
2.013749999999999929e+00 9.892016666666667568e-01 9.970959999999999823e-01 9.970959999999999823e-01 1.000339666666666405e+00
2.021250000000000213e+00 9.957816666666667871e-01 9.959901666666667319e-01 9.959901666666667319e-01 1.000382499999999952e+00
2.028750000000000053e+00 9.903553333333333653e-01 9.968401666666665273e-01 9.968401666666665273e-01 1.000425333333333500e+00
2.036249999999999893e+00 9.962825000000000708e-01 9.963989999999999236e-01 9.963989999999999236e-01 1.000373666666666717e+00
2.043750000000000178e+00 9.949946666666665829e-01 9.978923333333334922e-01 9.978923333333334922e-01 1.000371999999999817e+00
2.051250000000000018e+00 9.919124999999998638e-01 9.962743333333333728e-01 9.962743333333333728e-01 1.000469833333333503e+00
2.058749999999999858e+00 9.935506666666666931e-01 9.969663333333332877e-01 9.969663333333332877e-01 1.000270166666666904e+00
2.066250000000000142e+00 9.888179999999998637e-01 9.979556666666667963e-01 9.979556666666667963e-01 1.000402999999999931e+00
2.073749999999999982e+00 9.878079999999999083e-01 9.977171666666667660e-01 9.977171666666667660e-01 1.000428999999999791e+00
2.081249999999999822e+00 9.905854999999998967e-01 9.978948333333333975e-01 9.978948333333333975e-01 1.000489666666666722e+00
2.088750000000000107e+00 9.834976666666667144e-01 9.978453333333333619e-01 9.978453333333333619e-01 1.000339166666666557e+00
2.096249999999999947e+00 9.866686666666666383e-01 9.982273333333333554e-01 9.982273333333333554e-01 1.000365000000000171e+00
2.103749999999999787e+00 9.865541666666666210e-01 9.989810000000000079e-01 9.989810000000000079e-01 1.000422833333333150e+00
2.111250000000000071e+00 9.918571666666666786e-01 9.985293333333333798e-01 9.985293333333333798e-01 1.000571499999999947e+00
2.118749999999999911e+00 9.885886666666666711e-01 9.977298333333332048e-01 9.977298333333332048e-01 1.000286999999999926e+00
2.126250000000000195e+00 9.939931666666667054e-01 9.988181666666665626e-01 9.988181666666665626e-01 1.000413166666666465e+00
2.133750000000000036e+00 9.981218333333332637e-01 9.990814999999999557e-01 9.990814999999999557e-01 1.000355666666666643e+00
2.141249999999999876e+00 9.935011666666665464e-01 1.000190666666666672e+00 1.000190666666666672e+00 1.000122500000000025e+00
2.148750000000000160e+00 9.865654999999998731e-01 9.997713333333333452e-01 9.997713333333333452e-01 1.000309333333333273e+00
2.156250000000000000e+00 9.833511666666666651e-01 9.989966666666667550e-01 9.989966666666667550e-01 1.000110833333333504e+00
2.163749999999999840e+00 9.940686666666667115e-01 9.998328333333333928e-01 9.998328333333333928e-01 1.000439166666666546e+00
2.171250000000000124e+00 9.962944999999999718e-01 1.000318833333333490e+00 1.000318833333333490e+00 1.000228499999999743e+00
2.178749999999999964e+00 9.940526666666666955e-01 9.996070000000000233e-01 9.996070000000000233e-01 1.000448166666666694e+00
2.186249999999999805e+00 9.999293333333333367e-01 1.000183833333333272e+00 1.000183833333333272e+00 1.000263500000000194e+00
2.193750000000000089e+00 9.962624999999999398e-01 9.998133333333334427e-01 9.998133333333334427e-01 1.000267499999999865e+00
2.201249999999999929e+00 9.890860000000000207e-01 9.999703333333332944e-01 9.999703333333332944e-01 1.000327166666666656e+00
2.208750000000000213e+00 9.908288333333334919e-01 9.999930000000000208e-01 9.999930000000000208e-01 1.000398833333333348e+00
2.216250000000000053e+00 9.878661666666666008e-01 1.000021500000000119e+00 1.000021500000000119e+00 1.000401666666666634e+00
2.223749999999999893e+00 9.937861666666667482e-01 1.000171000000000143e+00 1.000171000000000143e+00 1.000377000000000072e+00
2.231250000000000178e+00 9.892320000000000002e-01 1.000904500000000086e+00 1.000904500000000086e+00 1.000507833333333263e+00
2.238750000000000018e+00 9.988131666666667519e-01 1.000989499999999977e+00 1.000989499999999977e+00 1.000392333333333328e+00
2.246249999999999858e+00 9.906874999999999432e-01 1.001052500000000123e+00 1.001052500000000123e+00 1.000280999999999976e+00
2.253750000000000142e+00 9.933070000000000510e-01 1.001735333333333422e+00 1.001735333333333422e+00 1.000208333333333366e+00
2.261249999999999982e+00 9.934316666666668239e-01 1.001012666666666773e+00 1.001012666666666773e+00 1.000221999999999944e+00
2.268749999999999822e+00 9.876931666666667331e-01 1.000731333333333417e+00 1.000731333333333417e+00 1.000416499999999820e+00
2.276250000000000107e+00 9.944021666666665871e-01 1.001436166666666683e+00 1.001436166666666683e+00 1.000104833333333110e+00
2.283749999999999947e+00 9.937981666666667602e-01 1.001499833333333367e+00 1.001499833333333367e+00 9.999888333333332158e-01
2.291249999999999787e+00 9.954144999999999799e-01 1.000813999999999870e+00 1.000813999999999870e+00 1.000113000000000030e+00
2.298750000000000071e+00 9.946180000000000021e-01 1.001105166666666824e+00 1.001105166666666824e+00 1.000139499999999959e+00
2.306249999999999911e+00 9.955773333333333142e-01 1.001293999999999906e+00 1.001293999999999906e+00 9.999896666666666656e-01
2.313750000000000195e+00 9.940039999999998876e-01 1.001331333333333351e+00 1.001331333333333351e+00 1.000092166666666671e+00
2.321250000000000036e+00 9.931701666666667982e-01 1.000651000000000179e+00 1.000651000000000179e+00 9.999541666666668105e-01
2.328749999999999876e+00 9.945518333333334127e-01 1.001434666666666695e+00 1.001434666666666695e+00 9.999394999999999811e-01
2.336250000000000160e+00 9.989723333333334621e-01 1.001136000000000026e+00 1.001136000000000026e+00 1.000056833333333506e+00
2.343750000000000000e+00 9.970043333333332702e-01 1.000667666666666511e+00 1.000667666666666511e+00 9.999765000000001569e-01
2.351249999999999840e+00 9.994380000000000486e-01 1.000867999999999869e+00 1.000867999999999869e+00 9.999936666666666696e-01
2.358750000000000124e+00 9.971345000000000347e-01 1.001077166666666685e+00 1.001077166666666685e+00 1.000162499999999843e+00
2.366249999999999964e+00 1.001784333333333388e+00 1.000898166666666755e+00 1.000898166666666755e+00 9.998191666666667032e-01
2.373749999999999805e+00 9.946658333333333601e-01 1.000723333333333409e+00 1.000723333333333409e+00 1.000083833333333283e+00
2.381250000000000089e+00 9.974464999999997916e-01 1.000537166666666478e+00 1.000537166666666478e+00 9.999868333333333803e-01
2.388749999999999929e+00 9.998830000000000773e-01 1.000959333333333312e+00 1.000959333333333312e+00 9.998148333333333193e-01
2.396250000000000213e+00 9.996023333333333705e-01 1.001074999999999937e+00 1.001074999999999937e+00 9.996969999999999468e-01
2.403750000000000053e+00 9.967048333333332621e-01 1.000946166666666581e+00 1.000946166666666581e+00 9.999949999999998562e-01
2.411249999999999893e+00 1.003175166666666618e+00 1.001358833333333420e+00 1.001358833333333420e+00 1.000074333333333287e+00
2.418750000000000178e+00 1.003289000000000097e+00 1.000529000000000224e+00 1.000529000000000224e+00 9.998523333333334540e-01
2.426250000000000018e+00 1.004107666666666843e+00 1.001280833333333176e+00 1.001280833333333176e+00 1.000155499999999975e+00
2.433749999999999858e+00 9.982456666666665868e-01 1.000581999999999860e+00 1.000581999999999860e+00 9.998578333333333346e-01
2.441250000000000142e+00 1.004205500000000084e+00 1.000557499999999989e+00 1.000557499999999989e+00 9.998650000000001148e-01
2.448749999999999982e+00 9.989181666666667736e-01 1.000516833333333411e+00 1.000516833333333411e+00 9.998631666666666362e-01
2.456249999999999822e+00 1.002952500000000136e+00 1.000284833333333401e+00 1.000284833333333401e+00 9.996868333333331913e-01
2.463750000000000107e+00 1.010248833333333263e+00 1.000465333333333318e+00 1.000465333333333318e+00 9.998961666666666970e-01
2.471249999999999947e+00 9.988124999999999920e-01 1.000465333333333318e+00 1.000465333333333318e+00 9.998024999999999274e-01
2.478749999999999787e+00 9.982536666666667058e-01 1.000162666666666533e+00 1.000162666666666533e+00 9.998836666666667261e-01
2.486250000000000071e+00 1.003402666666666665e+00 1.000717000000000079e+00 1.000717000000000079e+00 9.999315000000000841e-01
2.493749999999999911e+00 1.002191666666666592e+00 1.000620499999999913e+00 1.000620499999999913e+00 9.997538333333332305e-01
2.501250000000000195e+00 9.996666666666665924e-01 1.001052999999999749e+00 1.001052999999999749e+00 9.999013333333331977e-01
2.508750000000000036e+00 1.006471166666666806e+00 1.001053500000000041e+00 1.001053500000000041e+00 9.997129999999999628e-01
2.516249999999999876e+00 1.001981833333333460e+00 1.000184666666666722e+00 1.000184666666666722e+00 9.998193333333332822e-01
2.523750000000000160e+00 1.000844166666666757e+00 1.000002166666666747e+00 1.000002166666666747e+00 9.995963333333333090e-01
2.531250000000000000e+00 1.003087833333333290e+00 9.997953333333332582e-01 9.997953333333332582e-01 9.996923333333332939e-01
2.538749999999999840e+00 1.008202499999999890e+00 1.000240833333333468e+00 1.000240833333333468e+00 9.999071666666669023e-01
2.546250000000000124e+00 1.004001666666666681e+00 1.000902833333333408e+00 1.000902833333333408e+00 9.999026666666667174e-01
2.553749999999999964e+00 1.003613000000000088e+00 1.000071166666666622e+00 1.000071166666666622e+00 9.998383333333332734e-01
2.561249999999999805e+00 9.959559999999999524e-01 1.000396499999999911e+00 1.000396499999999911e+00 9.998785000000000034e-01
2.568750000000000089e+00 1.007620500000000030e+00 9.998724999999999419e-01 9.998724999999999419e-01 9.997011666666667518e-01
2.576249999999999929e+00 1.001788000000000123e+00 9.994409999999999128e-01 9.994409999999999128e-01 9.999004999999999699e-01
2.583750000000000213e+00 1.004909166666666520e+00 9.999421666666666875e-01 9.999421666666666875e-01 9.998291666666666577e-01
2.591250000000000053e+00 1.005222333333333440e+00 1.000161000000000078e+00 1.000161000000000078e+00 9.997369999999999868e-01
2.598749999999999893e+00 1.000448666666666542e+00 1.000066000000000122e+00 1.000066000000000122e+00 9.998366666666668179e-01
2.606250000000000178e+00 9.966433333333332145e-01 9.997541666666666105e-01 9.997541666666666105e-01 9.998715000000001352e-01
2.613750000000000018e+00 1.006865666666666881e+00 9.992453333333334298e-01 9.992453333333334298e-01 9.998086666666665678e-01
2.621249999999999858e+00 1.005578166666666551e+00 1.000102499999999894e+00 1.000102499999999894e+00 9.999140000000000805e-01
2.628750000000000142e+00 1.000952333333333222e+00 9.993114999999997972e-01 9.993114999999997972e-01 9.998360000000000580e-01
2.636249999999999982e+00 9.995248333333331958e-01 9.994001666666666450e-01 9.994001666666666450e-01 9.999525000000000219e-01
2.643749999999999822e+00 9.959226666666666228e-01 9.988453333333332518e-01 9.988453333333332518e-01 9.998719999999999830e-01
2.651250000000000107e+00 1.001367833333333346e+00 9.997301666666666975e-01 9.997301666666666975e-01 9.998814999999999786e-01
2.658749999999999947e+00 1.002064833333333072e+00 9.996600000000001041e-01 9.996600000000001041e-01 9.999506666666667654e-01
2.666249999999999787e+00 1.001632666666666838e+00 9.995500000000000496e-01 9.995500000000000496e-01 9.999978333333333635e-01
2.673750000000000071e+00 1.001579833333333447e+00 1.000166333333333268e+00 1.000166333333333268e+00 1.000013333333333421e+00
2.681249999999999911e+00 9.983126666666666260e-01 9.989101666666666546e-01 9.989101666666666546e-01 9.999041666666665940e-01
2.688750000000000195e+00 1.001783833333333318e+00 9.995088333333334019e-01 9.995088333333334019e-01 1.000042166666666565e+00
2.696250000000000036e+00 9.980353333333334964e-01 9.998299999999998855e-01 9.998299999999998855e-01 9.998764999999999459e-01
2.703749999999999876e+00 9.977705000000000046e-01 9.997913333333334762e-01 9.997913333333334762e-01 9.998723333333333629e-01
2.711250000000000160e+00 9.978420000000000067e-01 9.998058333333333936e-01 9.998058333333333936e-01 9.999486666666665968e-01
2.718750000000000000e+00 9.993226666666666924e-01 9.991961666666666630e-01 9.991961666666666630e-01 9.999833333333333352e-01
2.726249999999999840e+00 1.004409999999999803e+00 9.993878333333333641e-01 9.993878333333333641e-01 9.999759999999998650e-01
2.733750000000000124e+00 1.003340166666666589e+00 1.000110500000000124e+00 1.000110500000000124e+00 9.999493333333333567e-01
2.741249999999999964e+00 9.981683333333334351e-01 9.999740000000000295e-01 9.999740000000000295e-01 1.000012833333333351e+00
2.748749999999999805e+00 9.962921666666666454e-01 9.994873333333332832e-01 9.994873333333332832e-01 1.000011166666666673e+00
2.756250000000000089e+00 9.962811666666665511e-01 9.993395000000000472e-01 9.993395000000000472e-01 9.998214999999999186e-01
2.763749999999999929e+00 9.968588333333333606e-01 9.994643333333333990e-01 9.994643333333333990e-01 1.000030333333333354e+00
2.771250000000000213e+00 9.994763333333333000e-01 1.000048666666666808e+00 1.000048666666666808e+00 1.000019999999999909e+00
2.778750000000000053e+00 1.001130166666666765e+00 9.999984999999999014e-01 9.999984999999999014e-01 1.000071166666666622e+00
2.786249999999999893e+00 9.985856666666665937e-01 9.992746666666665334e-01 9.992746666666665334e-01 9.999521666666666420e-01
2.793750000000000178e+00 9.998690000000000078e-01 9.995301666666666085e-01 9.995301666666666085e-01 9.999050000000000438e-01
2.801250000000000018e+00 9.942898333333332062e-01 9.997596666666667131e-01 9.997596666666667131e-01 9.999551666666667282e-01
2.808749999999999858e+00 9.941828333333332379e-01 9.994666666666667254e-01 9.994666666666667254e-01 9.999669999999999392e-01
2.816250000000000142e+00 9.981689999999998619e-01 9.996303333333332874e-01 9.996303333333332874e-01 9.998609999999999998e-01
2.823749999999999982e+00 1.000742000000000020e+00 9.995276666666667031e-01 9.995276666666667031e-01 9.999008333333333498e-01
2.831249999999999822e+00 9.966684999999998462e-01 9.995585000000000164e-01 9.995585000000000164e-01 1.000202666666666795e+00
2.838750000000000107e+00 1.006358333333333244e+00 9.997601666666665610e-01 9.997601666666665610e-01 9.999780000000000335e-01
2.846249999999999947e+00 9.972176666666666689e-01 9.988430000000000364e-01 9.988430000000000364e-01 9.999530000000000918e-01
2.853749999999999787e+00 1.001588000000000145e+00 9.996986666666667354e-01 9.996986666666667354e-01 9.999476666666667901e-01
2.861250000000000071e+00 9.997444999999999249e-01 9.991951666666666343e-01 9.991951666666666343e-01 9.999081666666667090e-01
2.868749999999999911e+00 9.980798333333332772e-01 9.996548333333333813e-01 9.996548333333333813e-01 1.000061333333333247e+00
2.876250000000000195e+00 9.940448333333334885e-01 9.996218333333333206e-01 9.996218333333333206e-01 1.000104333333333040e+00
2.883750000000000036e+00 9.959319999999999284e-01 9.995315000000001282e-01 9.995315000000001282e-01 1.000201833333333346e+00
2.891249999999999876e+00 9.954711666666665737e-01 9.991649999999999698e-01 9.991649999999999698e-01 9.999885000000000579e-01
2.898750000000000160e+00 9.995885000000001019e-01 1.000125666666666691e+00 1.000125666666666691e+00 9.999151666666666882e-01
2.906250000000000000e+00 9.962896666666666290e-01 9.995663333333334455e-01 9.995663333333334455e-01 1.000065666666666742e+00
2.913749999999999840e+00 1.000488333333333202e+00 9.996978333333332856e-01 9.996978333333332856e-01 1.000074499999999977e+00
2.921250000000000124e+00 1.000354500000000035e+00 9.993695000000001327e-01 9.993695000000001327e-01 1.000130333333333343e+00
2.928749999999999964e+00 1.001105000000000134e+00 9.994444999999999579e-01 9.994444999999999579e-01 1.000064999999999982e+00
2.936249999999999805e+00 9.949408333333332743e-01 9.998785000000000034e-01 9.998785000000000034e-01 1.000127999999999906e+00
2.943750000000000089e+00 9.979388333333333305e-01 1.000045666666666611e+00 1.000045666666666611e+00 9.999926666666665298e-01
2.951249999999999929e+00 1.000488000000000044e+00 9.993484999999999729e-01 9.993484999999999729e-01 1.000042333333333477e+00
2.958750000000000213e+00 9.961636666666667805e-01 1.000118000000000062e+00 1.000118000000000062e+00 9.999098333333332755e-01
2.966250000000000053e+00 1.003969833333333339e+00 9.995539999999999425e-01 9.995539999999999425e-01 1.000192666666666730e+00
2.973749999999999893e+00 1.003554166666666747e+00 9.994283333333333630e-01 9.994283333333333630e-01 1.000105000000000022e+00
2.981250000000000178e+00 9.972620000000000928e-01 9.999066666666668324e-01 9.999066666666668324e-01 9.999576666666666336e-01
2.988750000000000018e+00 1.002288499999999916e+00 1.000100333333333369e+00 1.000100333333333369e+00 9.999861666666668425e-01
2.996249999999999858e+00 9.995281666666667730e-01 1.000442666666666813e+00 1.000442666666666813e+00 1.000041833333333186e+00
