3.749999999999999861e-03 0.000000000000000000e+00 0.000000000000000000e+00 0.000000000000000000e+00 0.000000000000000000e+00
1.124999999999999958e-02 0.000000000000000000e+00 0.000000000000000000e+00 0.000000000000000000e+00 0.000000000000000000e+00
1.874999999999999931e-02 0.000000000000000000e+00 0.000000000000000000e+00 0.000000000000000000e+00 0.000000000000000000e+00
2.624999999999999903e-02 0.000000000000000000e+00 0.000000000000000000e+00 0.000000000000000000e+00 0.000000000000000000e+00
3.375000000000000222e-02 0.000000000000000000e+00 0.000000000000000000e+00 0.000000000000000000e+00 0.000000000000000000e+00
4.125000000000000194e-02 0.000000000000000000e+00 0.000000000000000000e+00 0.000000000000000000e+00 0.000000000000000000e+00
4.875000000000000167e-02 0.000000000000000000e+00 0.000000000000000000e+00 0.000000000000000000e+00 0.000000000000000000e+00
5.625000000000000139e-02 0.000000000000000000e+00 0.000000000000000000e+00 0.000000000000000000e+00 0.000000000000000000e+00
6.375000000000000111e-02 0.000000000000000000e+00 0.000000000000000000e+00 0.000000000000000000e+00 0.000000000000000000e+00
7.124999999999999389e-02 0.000000000000000000e+00 0.000000000000000000e+00 0.000000000000000000e+00 0.000000000000000000e+00
7.875000000000000056e-02 0.000000000000000000e+00 0.000000000000000000e+00 0.000000000000000000e+00 0.000000000000000000e+00
8.624999999999999334e-02 0.000000000000000000e+00 0.000000000000000000e+00 0.000000000000000000e+00 0.000000000000000000e+00
9.375000000000000000e-02 0.000000000000000000e+00 0.000000000000000000e+00 0.000000000000000000e+00 0.000000000000000000e+00
1.012500000000000067e-01 0.000000000000000000e+00 0.000000000000000000e+00 0.000000000000000000e+00 0.000000000000000000e+00
1.087499999999999994e-01 0.000000000000000000e+00 0.000000000000000000e+00 0.000000000000000000e+00 0.000000000000000000e+00
1.162500000000000061e-01 0.000000000000000000e+00 0.000000000000000000e+00 0.000000000000000000e+00 0.000000000000000000e+00
1.237499999999999989e-01 0.000000000000000000e+00 0.000000000000000000e+00 0.000000000000000000e+00 0.000000000000000000e+00
1.312500000000000056e-01 0.000000000000000000e+00 0.000000000000000000e+00 0.000000000000000000e+00 0.000000000000000000e+00
1.387500000000000122e-01 0.000000000000000000e+00 0.000000000000000000e+00 0.000000000000000000e+00 0.000000000000000000e+00
1.462499999999999911e-01 0.000000000000000000e+00 0.000000000000000000e+00 0.000000000000000000e+00 0.000000000000000000e+00
1.537499999999999978e-01 0.000000000000000000e+00 0.000000000000000000e+00 0.000000000000000000e+00 0.000000000000000000e+00
1.612500000000000044e-01 0.000000000000000000e+00 0.000000000000000000e+00 0.000000000000000000e+00 0.000000000000000000e+00
1.687500000000000111e-01 0.000000000000000000e+00 0.000000000000000000e+00 0.000000000000000000e+00 0.000000000000000000e+00
1.762499999999999900e-01 0.000000000000000000e+00 0.000000000000000000e+00 0.000000000000000000e+00 0.000000000000000000e+00
1.837499999999999967e-01 0.000000000000000000e+00 0.000000000000000000e+00 0.000000000000000000e+00 0.000000000000000000e+00
1.912500000000000033e-01 0.000000000000000000e+00 0.000000000000000000e+00 0.000000000000000000e+00 0.000000000000000000e+00
1.987500000000000100e-01 0.000000000000000000e+00 0.000000000000000000e+00 0.000000000000000000e+00 5.735000000000000080e-04
2.062499999999999889e-01 0.000000000000000000e+00 0.000000000000000000e+00 0.000000000000000000e+00 1.418242499999999851e-01
2.137499999999999956e-01 0.000000000000000000e+00 0.000000000000000000e+00 0.000000000000000000e+00 1.786542750000000179e+00
2.212500000000000022e-01 0.000000000000000000e+00 0.000000000000000000e+00 0.000000000000000000e+00 4.245917000000000385e+00
2.287500000000000089e-01 0.000000000000000000e+00 0.000000000000000000e+00 0.000000000000000000e+00 4.261851749999999939e+00
2.362499999999999878e-01 0.000000000000000000e+00 0.000000000000000000e+00 0.000000000000000000e+00 3.801278749999999818e+00
2.437499999999999944e-01 0.000000000000000000e+00 0.000000000000000000e+00 0.000000000000000000e+00 3.403613249999999812e+00
2.512499999999999734e-01 0.000000000000000000e+00 0.000000000000000000e+00 0.000000000000000000e+00 3.066456500000000140e+00
2.587499999999999800e-01 0.000000000000000000e+00 0.000000000000000000e+00 0.000000000000000000e+00 2.775719000000000491e+00
2.662499999999999867e-01 0.000000000000000000e+00 0.000000000000000000e+00 0.000000000000000000e+00 2.527534249999999982e+00
2.737499999999999933e-01 0.000000000000000000e+00 0.000000000000000000e+00 0.000000000000000000e+00 2.310061999999999838e+00
2.812500000000000000e-01 0.000000000000000000e+00 0.000000000000000000e+00 0.000000000000000000e+00 2.127775250000000007e+00
2.887500000000000067e-01 0.000000000000000000e+00 0.000000000000000000e+00 0.000000000000000000e+00 1.969716000000000022e+00
2.962500000000000133e-01 0.000000000000000000e+00 0.000000000000000000e+00 0.000000000000000000e+00 1.834608499999999864e+00
3.037500000000000200e-01 0.000000000000000000e+00 0.000000000000000000e+00 0.000000000000000000e+00 1.720606000000000080e+00
3.112500000000000266e-01 0.000000000000000000e+00 0.000000000000000000e+00 0.000000000000000000e+00 1.621010499999999910e+00
3.187499999999999778e-01 0.000000000000000000e+00 0.000000000000000000e+00 0.000000000000000000e+00 1.542150749999999793e+00
3.262499999999999845e-01 0.000000000000000000e+00 0.000000000000000000e+00 0.000000000000000000e+00 1.474033249999999962e+00
3.337499999999999911e-01 0.000000000000000000e+00 0.000000000000000000e+00 0.000000000000000000e+00 1.415633499999999989e+00
3.412499999999999978e-01 0.000000000000000000e+00 0.000000000000000000e+00 0.000000000000000000e+00 1.371192500000000258e+00
3.487500000000000044e-01 0.000000000000000000e+00 0.000000000000000000e+00 0.000000000000000000e+00 1.337169999999999970e+00
3.562500000000000111e-01 0.000000000000000000e+00 0.000000000000000000e+00 0.000000000000000000e+00 1.312144500000000047e+00
3.637500000000000178e-01 0.000000000000000000e+00 0.000000000000000000e+00 0.000000000000000000e+00 1.296897250000000001e+00
3.712500000000000244e-01 0.000000000000000000e+00 0.000000000000000000e+00 0.000000000000000000e+00 1.289882999999999891e+00
3.787499999999999756e-01 0.000000000000000000e+00 0.000000000000000000e+00 0.000000000000000000e+00 1.290786500000000059e+00
3.862499999999999822e-01 0.000000000000000000e+00 0.000000000000000000e+00 0.000000000000000000e+00 1.300824749999999863e+00
3.937499999999999889e-01 0.000000000000000000e+00 0.000000000000000000e+00 0.000000000000000000e+00 1.313274000000000052e+00
4.012499999999999956e-01 0.000000000000000000e+00 0.000000000000000000e+00 0.000000000000000000e+00 1.335657499999999942e+00
4.087500000000000022e-01 0.000000000000000000e+00 0.000000000000000000e+00 0.000000000000000000e+00 1.363334000000000046e+00
4.162500000000000089e-01 0.000000000000000000e+00 0.000000000000000000e+00 0.000000000000000000e+00 1.392868750000000100e+00
4.237500000000000155e-01 0.000000000000000000e+00 0.000000000000000000e+00 0.000000000000000000e+00 1.426830000000000043e+00
4.312500000000000222e-01 0.000000000000000000e+00 0.000000000000000000e+00 0.000000000000000000e+00 1.461885499999999949e+00
4.387499999999999734e-01 0.000000000000000000e+00 0.000000000000000000e+00 0.000000000000000000e+00 1.488178750000000106e+00
4.462499999999999800e-01 0.000000000000000000e+00 0.000000000000000000e+00 0.000000000000000000e+00 1.502535249999999989e+00
4.537499999999999867e-01 0.000000000000000000e+00 0.000000000000000000e+00 0.000000000000000000e+00 1.503427999999999987e+00
4.612499999999999933e-01 0.000000000000000000e+00 0.000000000000000000e+00 0.000000000000000000e+00 1.494836000000000054e+00
4.687500000000000000e-01 0.000000000000000000e+00 0.000000000000000000e+00 0.000000000000000000e+00 1.479247499999999826e+00
4.762500000000000067e-01 0.000000000000000000e+00 0.000000000000000000e+00 0.000000000000000000e+00 1.457505000000000273e+00
4.837500000000000133e-01 0.000000000000000000e+00 0.000000000000000000e+00 0.000000000000000000e+00 1.433896000000000059e+00
4.912500000000000200e-01 0.000000000000000000e+00 0.000000000000000000e+00 0.000000000000000000e+00 1.409014250000000024e+00
4.987500000000000266e-01 0.000000000000000000e+00 0.000000000000000000e+00 0.000000000000000000e+00 1.382171500000000108e+00
5.062499999999999778e-01 0.000000000000000000e+00 0.000000000000000000e+00 0.000000000000000000e+00 1.354733000000000187e+00
5.137500000000000400e-01 0.000000000000000000e+00 0.000000000000000000e+00 0.000000000000000000e+00 1.329332249999999993e+00
5.212499999999999911e-01 0.000000000000000000e+00 0.000000000000000000e+00 0.000000000000000000e+00 1.302933750000000002e+00
5.287500000000000533e-01 0.000000000000000000e+00 0.000000000000000000e+00 0.000000000000000000e+00 1.280308250000000037e+00
5.362500000000000044e-01 0.000000000000000000e+00 0.000000000000000000e+00 0.000000000000000000e+00 1.258838249999999936e+00
5.437499999999999556e-01 0.000000000000000000e+00 0.000000000000000000e+00 0.000000000000000000e+00 1.239933500000000022e+00
5.512500000000000178e-01 0.000000000000000000e+00 0.000000000000000000e+00 0.000000000000000000e+00 1.221297999999999995e+00
5.587499999999999689e-01 0.000000000000000000e+00 0.000000000000000000e+00 0.000000000000000000e+00 1.206237500000000074e+00
5.662500000000000311e-01 0.000000000000000000e+00 0.000000000000000000e+00 0.000000000000000000e+00 1.192919249999999876e+00
5.737499999999999822e-01 0.000000000000000000e+00 0.000000000000000000e+00 0.000000000000000000e+00 1.180539250000000040e+00
5.812500000000000444e-01 0.000000000000000000e+00 0.000000000000000000e+00 0.000000000000000000e+00 1.172117500000000145e+00
5.887499999999999956e-01 0.000000000000000000e+00 1.200000000000000030e-05 1.200000000000000030e-05 1.164585500000000051e+00
5.962499999999999467e-01 0.000000000000000000e+00 2.807500000000000208e-04 2.807500000000000208e-04 1.158185000000000020e+00
6.037500000000000089e-01 0.000000000000000000e+00 4.169500000000000463e-03 4.169500000000000463e-03 1.152099250000000019e+00
6.112499999999999600e-01 0.000000000000000000e+00 3.372399999999999703e-02 3.372399999999999703e-02 1.149522249999999968e+00
6.187500000000000222e-01 0.000000000000000000e+00 1.642002500000000198e-01 1.642002500000000198e-01 1.146100750000000001e+00
6.262499999999999734e-01 0.000000000000000000e+00 5.310562500000000075e-01 5.310562500000000075e-01 1.144055999999999962e+00
6.337500000000000355e-01 0.000000000000000000e+00 1.246075500000000114e+00 1.246075500000000114e+00 1.142357999999999985e+00
6.412499999999999867e-01 0.000000000000000000e+00 2.216292999999999846e+00 2.216292999999999846e+00 1.139323749999999968e+00
6.487500000000000488e-01 0.000000000000000000e+00 3.152538000000000284e+00 3.152538000000000284e+00 1.136535500000000143e+00
6.562500000000000000e-01 0.000000000000000000e+00 3.767290999999999723e+00 3.767290999999999723e+00 1.133918500000000051e+00
6.637499999999999512e-01 0.000000000000000000e+00 3.903694250000000032e+00 3.903694250000000032e+00 1.132050999999999918e+00
6.712500000000000133e-01 0.000000000000000000e+00 3.599938749999999743e+00 3.599938749999999743e+00 1.126549750000000127e+00
6.787499999999999645e-01 0.000000000000000000e+00 3.105198249999999938e+00 3.105198249999999938e+00 1.121982499999999883e+00
6.862500000000000266e-01 0.000000000000000000e+00 2.685085749999999827e+00 2.685085749999999827e+00 1.115219500000000030e+00
6.937499999999999778e-01 0.000000000000000000e+00 2.330135750000000172e+00 2.330135750000000172e+00 1.108786250000000084e+00
7.012500000000000400e-01 0.000000000000000000e+00 2.047272249999999794e+00 2.047272249999999794e+00 1.102207249999999972e+00
7.087499999999999911e-01 0.000000000000000000e+00 1.807614499999999902e+00 1.807614499999999902e+00 1.095816750000000228e+00
7.162500000000000533e-01 0.000000000000000000e+00 1.612090500000000093e+00 1.612090500000000093e+00 1.089103999999999850e+00
7.237500000000000044e-01 0.000000000000000000e+00 1.445331499999999991e+00 1.445331499999999991e+00 1.080833249999999968e+00
7.312499999999999556e-01 0.000000000000000000e+00 1.308434500000000167e+00 1.308434500000000167e+00 1.075200249999999969e+00
7.387500000000000178e-01 0.000000000000000000e+00 1.201929750000000130e+00 1.201929750000000130e+00 1.067633999999999972e+00
7.462499999999999689e-01 0.000000000000000000e+00 1.112308499999999922e+00 1.112308499999999922e+00 1.061304499999999873e+00
7.537500000000000311e-01 0.000000000000000000e+00 1.039806999999999926e+00 1.039806999999999926e+00 1.054614750000000045e+00
7.612499999999999822e-01 0.000000000000000000e+00 9.818715000000001192e-01 9.818715000000001192e-01 1.049041250000000147e+00
7.687500000000000444e-01 0.000000000000000000e+00 9.406367500000000215e-01 9.406367500000000215e-01 1.043573749999999967e+00
7.762499999999999956e-01 0.000000000000000000e+00 9.100955000000000572e-01 9.100955000000000572e-01 1.037754249999999878e+00
7.837499999999999467e-01 0.000000000000000000e+00 8.905047500000000671e-01 8.905047500000000671e-01 1.033697749999999971e+00
7.912500000000000089e-01 0.000000000000000000e+00 8.803527500000000172e-01 8.803527500000000172e-01 1.029876750000000118e+00
7.987499999999999600e-01 0.000000000000000000e+00 8.811240000000000183e-01 8.811240000000000183e-01 1.025684250000000075e+00
8.062500000000000222e-01 0.000000000000000000e+00 8.918765000000000720e-01 8.918765000000000720e-01 1.022130500000000053e+00
8.137499999999999734e-01 0.000000000000000000e+00 9.165490000000000581e-01 9.165490000000000581e-01 1.018656749999999889e+00
8.212500000000000355e-01 0.000000000000000000e+00 9.482167500000000526e-01 9.482167500000000526e-01 1.016057749999999871e+00
8.287499999999999867e-01 0.000000000000000000e+00 9.890687499999999410e-01 9.890687499999999410e-01 1.013346750000000185e+00
8.362500000000000488e-01 0.000000000000000000e+00 1.041474000000000011e+00 1.041474000000000011e+00 1.010893250000000076e+00
8.437500000000000000e-01 0.000000000000000000e+00 1.096769749999999988e+00 1.096769749999999988e+00 1.009146249999999911e+00
8.512499999999999512e-01 0.000000000000000000e+00 1.157147750000000030e+00 1.157147750000000030e+00 1.006508249999999993e+00
8.587500000000000133e-01 0.000000000000000000e+00 1.209764999999999979e+00 1.209764999999999979e+00 1.004287499999999778e+00
8.662499999999999645e-01 0.000000000000000000e+00 1.252396749999999948e+00 1.252396749999999948e+00 1.002716249999999976e+00
8.737500000000000266e-01 0.000000000000000000e+00 1.278651500000000052e+00 1.278651500000000052e+00 1.000691500000000067e+00
8.812499999999999778e-01 0.000000000000000000e+00 1.286612249999999902e+00 1.286612249999999902e+00 9.992587499999999734e-01
8.887500000000000400e-01 0.000000000000000000e+00 1.282368750000000057e+00 1.282368750000000057e+00 9.972030000000000616e-01
8.962499999999999911e-01 0.000000000000000000e+00 1.262155249999999951e+00 1.262155249999999951e+00 9.952259999999999440e-01
9.037500000000000533e-01 0.000000000000000000e+00 1.237514999999999921e+00 1.237514999999999921e+00 9.933680000000000287e-01
9.112500000000000044e-01 0.000000000000000000e+00 1.205594749999999937e+00 1.205594749999999937e+00 9.912997500000000350e-01
9.187499999999999556e-01 0.000000000000000000e+00 1.174009749999999963e+00 1.174009749999999963e+00 9.902524999999999800e-01
9.262500000000000178e-01 0.000000000000000000e+00 1.135712250000000090e+00 1.135712250000000090e+00 9.892167499999999780e-01
9.337499999999999689e-01 0.000000000000000000e+00 1.103736749999999933e+00 1.103736749999999933e+00 9.876522500000000093e-01
9.412500000000000311e-01 0.000000000000000000e+00 1.068219000000000030e+00 1.068219000000000030e+00 9.864414999999999711e-01
9.487499999999999822e-01 0.000000000000000000e+00 1.039787250000000052e+00 1.039787250000000052e+00 9.851702499999999141e-01
9.562500000000000444e-01 0.000000000000000000e+00 1.011266250000000033e+00 1.011266250000000033e+00 9.843925000000000036e-01
9.637499999999999956e-01 0.000000000000000000e+00 9.856460000000000221e-01 9.856460000000000221e-01 9.831624999999999392e-01
9.712499999999999467e-01 4.524999999999999942e-04 9.654074999999999740e-01 9.654074999999999740e-01 9.819789999999999353e-01
9.787500000000000089e-01 4.635499999999999864e-03 9.443435000000000024e-01 9.443435000000000024e-01 9.818644999999999179e-01
9.862499999999999600e-01 2.976225000000000051e-02 9.322529999999999983e-01 9.322529999999999983e-01 9.816195000000000892e-01
9.937500000000000222e-01 1.076612500000000000e-01 9.182637499999999342e-01 9.182637499999999342e-01 9.806197500000000122e-01
1.001249999999999973e+00 3.426952500000000068e-01 9.109099999999998865e-01 9.109099999999998865e-01 9.806734999999999758e-01
1.008750000000000036e+00 8.669987500000000402e-01 9.047802499999999526e-01 9.047802499999999526e-01 9.804297499999998777e-01
1.016250000000000098e+00 1.767867499999999925e+00 8.981222500000001219e-01 8.981222500000001219e-01 9.797482499999999872e-01
1.023749999999999938e+00 3.078915750000000173e+00 8.976607500000000073e-01 8.976607500000000073e-01 9.804109999999999214e-01
1.031250000000000000e+00 4.635716000000000392e+00 8.972800000000000775e-01 8.972800000000000775e-01 9.804312500000000874e-01
1.038750000000000062e+00 6.151828999999999326e+00 9.014144999999998964e-01 9.014144999999998964e-01 9.810885000000000300e-01
1.046249999999999902e+00 7.211766499999999525e+00 9.031532499999999075e-01 9.031532499999999075e-01 9.810322500000000501e-01
1.053749999999999964e+00 7.757341249999999633e+00 9.082282499999999592e-01 9.082282499999999592e-01 9.815464999999999884e-01
1.061250000000000027e+00 7.666813749999999317e+00 9.139554999999999207e-01 9.139554999999999207e-01 9.822869999999999102e-01
1.068750000000000089e+00 7.111228999999999800e+00 9.175649999999999640e-01 9.175649999999999640e-01 9.832677499999999959e-01
1.076249999999999929e+00 6.189835750000000303e+00 9.213077499999999809e-01 9.213077499999999809e-01 9.846144999999999481e-01
1.083749999999999991e+00 5.198512749999999905e+00 9.228739999999999721e-01 9.228739999999999721e-01 9.853774999999999062e-01
1.091250000000000053e+00 4.157174249999999738e+00 9.268575000000001118e-01 9.268575000000001118e-01 9.859627499999998879e-01
1.098749999999999893e+00 3.248802000000000412e+00 9.276077499999999532e-01 9.276077499999999532e-01 9.878480000000000594e-01
1.106249999999999956e+00 2.461174500000000265e+00 9.252279999999999394e-01 9.252279999999999394e-01 9.890219999999999567e-01
1.113750000000000018e+00 1.818591499999999916e+00 9.241942499999999949e-01 9.241942499999999949e-01 9.905922499999999520e-01
1.121250000000000080e+00 1.354520249999999981e+00 9.199072499999999541e-01 9.199072499999999541e-01 9.925677499999999709e-01
1.128749999999999920e+00 1.028055750000000046e+00 9.160532500000000411e-01 9.160532500000000411e-01 9.940987500000000310e-01
1.136249999999999982e+00 7.783920000000000838e-01 9.126160000000000938e-01 9.126160000000000938e-01 9.958352500000000607e-01
1.143750000000000044e+00 6.122630000000000017e-01 9.054699999999999971e-01 9.054699999999999971e-01 9.981627500000000985e-01
1.151250000000000107e+00 5.039257500000000611e-01 9.005754999999999733e-01 9.005754999999999733e-01 9.994567500000000049e-01
1.158749999999999947e+00 4.178584999999999661e-01 8.955597499999999878e-01 8.955597499999999878e-01 1.002181499999999836e+00
1.166250000000000009e+00 3.704977500000000146e-01 8.909792500000001114e-01 8.909792500000001114e-01 1.004199749999999947e+00
1.173750000000000071e+00 3.282772499999999649e-01 8.862810000000000965e-01 8.862810000000000965e-01 1.006488749999999932e+00
1.181249999999999911e+00 3.005592500000000000e-01 8.808599999999999763e-01 8.808599999999999763e-01 1.008377250000000114e+00
1.188749999999999973e+00 2.796159999999999757e-01 8.789109999999999978e-01 8.789109999999999978e-01 1.012080000000000091e+00
1.196250000000000036e+00 2.797017500000000267e-01 8.756837499999999830e-01 8.756837499999999830e-01 1.013701999999999881e+00
1.203750000000000098e+00 2.830634999999999679e-01 8.736477500000000562e-01 8.736477500000000562e-01 1.016648749999999879e+00
1.211249999999999938e+00 2.968562499999999882e-01 8.704717500000000996e-01 8.704717500000000996e-01 1.019317250000000064e+00
1.218750000000000000e+00 3.242025000000000046e-01 8.713900000000001089e-01 8.713900000000001089e-01 1.022268749999999837e+00
1.226250000000000062e+00 3.530747500000000483e-01 8.708945000000001269e-01 8.708945000000001269e-01 1.025549000000000044e+00
1.233749999999999902e+00 3.921069999999999833e-01 8.735152499999999653e-01 8.735152499999999653e-01 1.027797500000000142e+00
1.241249999999999964e+00 4.430319999999999814e-01 8.779722499999998986e-01 8.779722499999998986e-01 1.031395999999999979e+00
1.248750000000000027e+00 5.189407499999999507e-01 8.789847499999999814e-01 8.789847499999999814e-01 1.034956749999999870e+00
1.256250000000000089e+00 6.171987500000000182e-01 8.834937499999999666e-01 8.834937499999999666e-01 1.037941249999999815e+00
1.263749999999999929e+00 7.104745000000000088e-01 8.885322499999999124e-01 8.885322499999999124e-01 1.040754999999999875e+00
1.271249999999999991e+00 8.414085000000000036e-01 8.931525000000000158e-01 8.931525000000000158e-01 1.044302999999999981e+00
1.278750000000000053e+00 9.524667500000000286e-01 8.961970000000000214e-01 8.961970000000000214e-01 1.046575999999999951e+00
1.286249999999999893e+00 1.049477750000000098e+00 9.030927499999999997e-01 9.030927499999999997e-01 1.049665000000000070e+00
1.293749999999999956e+00 1.121069499999999941e+00 9.053542500000000270e-01 9.053542500000000270e-01 1.050192500000000084e+00
1.301250000000000018e+00 1.172436499999999882e+00 9.099019999999999886e-01 9.099019999999999886e-01 1.051042250000000067e+00
1.308750000000000080e+00 1.168759999999999799e+00 9.129159999999999497e-01 9.129159999999999497e-01 1.050092250000000060e+00
1.316249999999999920e+00 1.155576750000000041e+00 9.164517500000000094e-01 9.164517500000000094e-01 1.048334249999999912e+00
1.323749999999999982e+00 1.098269499999999788e+00 9.190847499999998949e-01 9.190847499999998949e-01 1.046072500000000183e+00
1.331250000000000044e+00 1.050367500000000121e+00 9.216744999999999521e-01 9.216744999999999521e-01 1.042876000000000136e+00
1.338750000000000107e+00 9.709719999999999462e-01 9.228612499999999663e-01 9.228612499999999663e-01 1.039428749999999901e+00
1.346249999999999947e+00 9.069390000000000507e-01 9.249549999999999716e-01 9.249549999999999716e-01 1.036805999999999894e+00
1.353750000000000009e+00 8.598262500000000141e-01 9.235242500000000465e-01 9.235242500000000465e-01 1.033480250000000211e+00
1.361250000000000071e+00 8.017104999999999926e-01 9.234915000000000207e-01 9.234915000000000207e-01 1.030845250000000046e+00
1.368749999999999911e+00 7.472754999999999814e-01 9.256877499999999204e-01 9.256877499999999204e-01 1.028055500000000011e+00
1.376249999999999973e+00 7.096210000000000573e-01 9.263755000000000184e-01 9.263755000000000184e-01 1.025950749999999800e+00
1.383750000000000036e+00 6.638617500000000282e-01 9.263349999999999085e-01 9.263349999999999085e-01 1.023759500000000155e+00
1.391250000000000098e+00 6.299425000000000718e-01 9.292807499999999887e-01 9.292807499999999887e-01 1.022199000000000080e+00
1.398749999999999938e+00 6.148685000000000400e-01 9.296010000000000106e-01 9.296010000000000106e-01 1.020644749999999989e+00
1.406250000000000000e+00 5.993022500000000363e-01 9.350167500000000631e-01 9.350167500000000631e-01 1.020226500000000147e+00
1.413750000000000062e+00 5.861242500000000133e-01 9.384252500000000996e-01 9.384252500000000996e-01 1.019268999999999981e+00
1.421249999999999902e+00 5.786014999999999908e-01 9.408552500000000318e-01 9.408552500000000318e-01 1.018395000000000161e+00
1.428749999999999964e+00 5.783162500000000872e-01 9.450782500000000086e-01 9.450782500000000086e-01 1.018177749999999993e+00
1.436250000000000027e+00 5.754384999999999639e-01 9.495354999999999768e-01 9.495354999999999768e-01 1.018718249999999825e+00
1.443750000000000089e+00 5.916807499999999775e-01 9.558322500000000499e-01 9.558322500000000499e-01 1.018611750000000038e+00
1.451249999999999929e+00 6.054492500000000499e-01 9.605955000000000465e-01 9.605955000000000465e-01 1.018979250000000114e+00
1.458749999999999991e+00 6.154524999999999579e-01 9.665469999999999340e-01 9.665469999999999340e-01 1.019187999999999983e+00
1.466250000000000053e+00 6.384075000000000166e-01 9.719822499999999366e-01 9.719822499999999366e-01 1.019295749999999945e+00
1.473749999999999893e+00 6.578370000000000051e-01 9.768149999999999888e-01 9.768149999999999888e-01 1.019682750000000082e+00
1.481249999999999956e+00 6.830690000000000373e-01 9.815960000000000241e-01 9.815960000000000241e-01 1.019971750000000066e+00
1.488750000000000018e+00 7.267169999999999463e-01 9.874444999999999473e-01 9.874444999999999473e-01 1.020180499999999935e+00
1.496250000000000080e+00 7.382934999999999359e-01 9.916707500000000453e-01 9.916707500000000453e-01 1.020191999999999766e+00
1.503749999999999920e+00 7.629725000000000534e-01 9.941187499999999400e-01 9.941187499999999400e-01 1.019779499999999839e+00
1.511249999999999982e+00 7.755347500000000505e-01 9.997767500000001029e-01 9.997767500000001029e-01 1.019243249999999934e+00
1.518750000000000044e+00 7.906634999999999636e-01 1.005190500000000098e+00 1.005190500000000098e+00 1.018816749999999827e+00
1.526250000000000107e+00 8.098935000000000439e-01 1.010153250000000114e+00 1.010153250000000114e+00 1.017446749999999955e+00
1.533749999999999947e+00 8.023552499999999643e-01 1.012253250000000104e+00 1.012253250000000104e+00 1.016679499999999958e+00
1.541250000000000009e+00 8.132592499999998781e-01 1.018663000000000096e+00 1.018663000000000096e+00 1.015626249999999953e+00
1.548750000000000071e+00 8.080722499999999364e-01 1.023098249999999876e+00 1.023098249999999876e+00 1.013930250000000033e+00
1.556249999999999911e+00 8.119380000000000486e-01 1.029163749999999933e+00 1.029163749999999933e+00 1.012288999999999994e+00
1.563749999999999973e+00 8.121654999999998736e-01 1.034537000000000040e+00 1.034537000000000040e+00 1.010833500000000162e+00
1.571250000000000036e+00 8.119022499999999365e-01 1.041044499999999928e+00 1.041044499999999928e+00 1.008909750000000161e+00
1.578750000000000098e+00 8.021167500000000450e-01 1.046306500000000028e+00 1.046306500000000028e+00 1.007821749999999961e+00
1.586249999999999938e+00 8.001835000000000475e-01 1.052246250000000050e+00 1.052246250000000050e+00 1.006224249999999820e+00
1.593750000000000000e+00 8.141534999999999744e-01 1.058565750000000083e+00 1.058565750000000083e+00 1.004760500000000167e+00
1.601250000000000062e+00 8.050792499999999130e-01 1.065155000000000074e+00 1.065155000000000074e+00 1.003465499999999899e+00
1.608749999999999902e+00 8.043215000000001336e-01 1.072619500000000059e+00 1.072619500000000059e+00 1.002144499999999994e+00
1.616249999999999964e+00 8.011240000000000583e-01 1.080361499999999975e+00 1.080361499999999975e+00 1.001635749999999936e+00
1.623750000000000027e+00 8.108419999999999517e-01 1.085471000000000075e+00 1.085471000000000075e+00 1.000537000000000010e+00
1.631250000000000089e+00 8.120680000000000121e-01 1.093850250000000024e+00 1.093850250000000024e+00 1.000138250000000006e+00
1.638749999999999929e+00 8.183577500000001059e-01 1.100872250000000108e+00 1.100872250000000108e+00 9.988310000000000244e-01
1.646249999999999991e+00 8.137539999999999774e-01 1.107003500000000029e+00 1.107003500000000029e+00 9.982157500000000683e-01
1.653750000000000053e+00 8.136649999999999716e-01 1.112195999999999962e+00 1.112195999999999962e+00 9.978839999999999932e-01
1.661249999999999893e+00 8.220542499999999864e-01 1.118789000000000033e+00 1.118789000000000033e+00 9.975500000000000478e-01
1.668749999999999956e+00 8.288802499999999851e-01 1.122020500000000087e+00 1.122020500000000087e+00 9.971952499999999775e-01
1.676250000000000018e+00 8.312357499999999400e-01 1.124830499999999844e+00 1.124830499999999844e+00 9.970077500000000814e-01
1.683750000000000080e+00 8.324920000000000098e-01 1.124526750000000019e+00 1.124526750000000019e+00 9.968130000000000601e-01
1.691249999999999920e+00 8.489202500000000429e-01 1.122630750000000122e+00 1.122630750000000122e+00 9.965252499999999181e-01
1.698749999999999982e+00 8.502589999999999870e-01 1.116961250000000128e+00 1.116961250000000128e+00 9.962545000000000428e-01
1.706250000000000044e+00 8.619850000000000012e-01 1.110100249999999900e+00 1.110100249999999900e+00 9.962535000000000140e-01
1.713750000000000107e+00 8.669887499999999747e-01 1.100312249999999992e+00 1.100312249999999992e+00 9.959037500000000875e-01
1.721249999999999947e+00 8.844980000000000064e-01 1.090133499999999867e+00 1.090133499999999867e+00 9.958144999999999358e-01
1.728750000000000009e+00 9.001282500000000741e-01 1.076180249999999949e+00 1.076180249999999949e+00 9.958774999999999711e-01
1.736250000000000071e+00 9.199034999999999851e-01 1.063896500000000023e+00 1.063896500000000023e+00 9.953192499999999887e-01
1.743749999999999911e+00 9.303192500000000420e-01 1.051449499999999926e+00 1.051449499999999926e+00 9.952104999999999979e-01
1.751249999999999973e+00 9.543617500000000087e-01 1.040448000000000039e+00 1.040448000000000039e+00 9.948432499999999568e-01
1.758750000000000036e+00 9.627212499999999729e-01 1.030966999999999967e+00 1.030966999999999967e+00 9.945720000000000116e-01
1.766250000000000098e+00 9.904230000000000533e-01 1.020874999999999977e+00 1.020874999999999977e+00 9.941622500000000251e-01
1.773749999999999938e+00 1.014609749999999977e+00 1.013529499999999972e+00 1.013529499999999972e+00 9.940469999999999029e-01
1.781250000000000000e+00 1.047425000000000050e+00 1.007344749999999900e+00 1.007344749999999900e+00 9.937019999999999742e-01
1.788750000000000062e+00 1.067377999999999938e+00 1.002178499999999861e+00 1.002178499999999861e+00 9.936335000000000583e-01
1.796249999999999902e+00 1.094717249999999975e+00 9.978702500000000697e-01 9.978702500000000697e-01 9.929232500000000350e-01
1.803749999999999964e+00 1.107286750000000097e+00 9.955937499999999440e-01 9.955937499999999440e-01 9.927932500000000715e-01
1.811250000000000027e+00 1.130309750000000113e+00 9.938422500000000381e-01 9.938422500000000381e-01 9.926100000000001033e-01
1.818750000000000089e+00 1.144577500000000025e+00 9.924545000000000172e-01 9.924545000000000172e-01 9.923115000000000130e-01
1.826249999999999929e+00 1.142006749999999959e+00 9.923027499999999002e-01 9.923027499999999002e-01 9.925947500000000812e-01
1.833749999999999991e+00 1.139033500000000032e+00 9.932429999999999870e-01 9.932429999999999870e-01 9.924290000000000056e-01
1.841250000000000053e+00 1.130377500000000035e+00 9.938302500000000261e-01 9.938302500000000261e-01 9.924120000000000719e-01
1.848749999999999893e+00 1.118700999999999945e+00 9.941685000000000105e-01 9.941685000000000105e-01 9.925640000000001129e-01
1.856249999999999956e+00 1.089183250000000047e+00 9.960539999999999949e-01 9.960539999999999949e-01 9.922642500000000698e-01
1.863750000000000018e+00 1.075665250000000128e+00 9.969440000000000524e-01 9.969440000000000524e-01 9.925604999999999567e-01
1.871250000000000080e+00 1.069693749999999888e+00 9.995242499999998920e-01 9.995242499999998920e-01 9.928519999999999568e-01
1.878749999999999920e+00 1.054540999999999951e+00 9.988669999999999494e-01 9.988669999999999494e-01 9.929377500000000634e-01
1.886249999999999982e+00 1.052388249999999914e+00 1.000684249999999942e+00 1.000684249999999942e+00 9.931929999999999925e-01
1.893750000000000044e+00 1.068190750000000078e+00 1.000452750000000002e+00 1.000452750000000002e+00 9.935104999999999631e-01
1.901250000000000107e+00 1.074781500000000056e+00 1.000560000000000116e+00 1.000560000000000116e+00 9.937369999999999814e-01
1.908749999999999947e+00 1.087798999999999960e+00 1.000319999999999876e+00 1.000319999999999876e+00 9.941060000000000452e-01
1.916250000000000009e+00 1.105138500000000024e+00 9.982457499999999317e-01 9.982457499999999317e-01 9.946282499999998805e-01
1.923750000000000071e+00 1.123490250000000135e+00 9.975214999999999499e-01 9.975214999999999499e-01 9.949677500000000396e-01
1.931249999999999911e+00 1.150888499999999981e+00 9.967410000000000991e-01 9.967410000000000991e-01 9.948742500000000710e-01
1.938749999999999973e+00 1.171196000000000126e+00 9.952292499999999542e-01 9.952292499999999542e-01 9.950597500000000206e-01
1.946250000000000036e+00 1.189015250000000190e+00 9.908429999999999183e-01 9.908429999999999183e-01 9.958892500000000592e-01
1.953750000000000098e+00 1.204670249999999943e+00 9.885932499999999790e-01 9.885932499999999790e-01 9.960262500000001129e-01
1.961249999999999938e+00 1.215188749999999818e+00 9.856952500000000228e-01 9.856952500000000228e-01 9.963489999999999291e-01
1.968750000000000000e+00 1.216413499999999814e+00 9.818422499999999165e-01 9.818422499999999165e-01 9.966792500000000166e-01
1.976250000000000062e+00 1.220317499999999944e+00 9.786952499999999056e-01 9.786952499999999056e-01 9.971267499999999506e-01
1.983749999999999902e+00 1.223476749999999891e+00 9.758027499999999410e-01 9.758027499999999410e-01 9.971777499999999739e-01
1.991249999999999964e+00 1.226511000000000129e+00 9.737805000000000488e-01 9.737805000000000488e-01 9.976097500000000728e-01
1.998750000000000027e+00 1.233847499999999986e+00 9.712862500000001287e-01 9.712862500000001287e-01 9.977247499999999381e-01
2.006250000000000089e+00 1.232850500000000071e+00 9.696510000000000407e-01 9.696510000000000407e-01 9.982940000000000147e-01
2.013749999999999929e+00 1.228401750000000181e+00 9.678247500000000114e-01 9.678247500000000114e-01 9.983824999999999505e-01
2.021250000000000213e+00 1.246287499999999770e+00 9.654840000000000089e-01 9.654840000000000089e-01 9.986362499999998921e-01
2.028750000000000053e+00 1.253398250000000047e+00 9.645854999999999846e-01 9.645854999999999846e-01 9.989422500000000316e-01
2.036249999999999893e+00 1.277836250000000007e+00 9.645759999999999890e-01 9.645759999999999890e-01 9.993217500000000086e-01
2.043750000000000178e+00 1.291904750000000046e+00 9.644989999999999952e-01 9.644989999999999952e-01 9.999397499999999051e-01
2.051250000000000018e+00 1.294124749999999935e+00 9.648010000000000197e-01 9.648010000000000197e-01 9.997769999999999158e-01
2.058749999999999858e+00 1.300106250000000019e+00 9.641037500000000371e-01 9.641037500000000371e-01 1.000423749999999945e+00
2.066250000000000142e+00 1.311007499999999881e+00 9.649474999999999580e-01 9.649474999999999580e-01 1.000970249999999950e+00
2.073749999999999982e+00 1.304163249999999996e+00 9.656000000000000139e-01 9.656000000000000139e-01 1.001036749999999920e+00
2.081249999999999822e+00 1.296495999999999871e+00 9.663932500000000925e-01 9.663932500000000925e-01 1.001792749999999899e+00
2.088750000000000107e+00 1.274596749999999945e+00 9.677417500000000672e-01 9.677417500000000672e-01 1.002151749999999897e+00
2.096249999999999947e+00 1.250217499999999982e+00 9.683822500000000000e-01 9.683822500000000000e-01 1.002374749999999981e+00
2.103749999999999787e+00 1.220943249999999924e+00 9.694500000000000339e-01 9.694500000000000339e-01 1.002840249999999989e+00
2.111250000000000071e+00 1.170881999999999978e+00 9.714082499999999731e-01 9.714082499999999731e-01 1.003344999999999931e+00
2.118749999999999911e+00 1.127699750000000112e+00 9.719019999999999326e-01 9.719019999999999326e-01 1.003984999999999905e+00
2.126250000000000195e+00 1.093029999999999946e+00 9.717035000000000533e-01 9.717035000000000533e-01 1.004013000000000044e+00
2.133750000000000036e+00 1.051240750000000057e+00 9.729237499999999761e-01 9.729237499999999761e-01 1.004593250000000104e+00
2.141249999999999876e+00 1.013250500000000054e+00 9.742672500000000291e-01 9.742672500000000291e-01 1.004789499999999780e+00
2.148750000000000160e+00 9.742842500000000738e-01 9.746642500000001208e-01 9.746642500000001208e-01 1.005059499999999995e+00
2.156250000000000000e+00 9.335387499999999728e-01 9.748707500000000081e-01 9.748707500000000081e-01 1.005663500000000043e+00
2.163749999999999840e+00 9.056827500000000919e-01 9.757474999999999898e-01 9.757474999999999898e-01 1.005859000000000059e+00
2.171250000000000124e+00 8.804342499999999738e-01 9.763370000000000104e-01 9.763370000000000104e-01 1.005858250000000176e+00
2.178749999999999964e+00 8.704617500000000341e-01 9.771584999999999299e-01 9.771584999999999299e-01 1.006101999999999830e+00
2.186249999999999805e+00 8.516174999999999162e-01 9.762899999999999912e-01 9.762899999999999912e-01 1.006468249999999953e+00
2.193750000000000089e+00 8.541800000000000503e-01 9.777972500000000622e-01 9.777972500000000622e-01 1.006742749999999909e+00
2.201249999999999929e+00 8.473122499999999890e-01 9.784000000000000474e-01 9.784000000000000474e-01 1.006809250000000100e+00
2.208750000000000213e+00 8.512124999999999275e-01 9.778012499999999552e-01 9.778012499999999552e-01 1.007154749999999988e+00
2.216250000000000053e+00 8.456352500000000605e-01 9.794950000000000045e-01 9.794950000000000045e-01 1.007351749999999990e+00
2.223749999999999893e+00 8.424444999999999295e-01 9.793654999999999999e-01 9.793654999999999999e-01 1.007534750000000034e+00
2.231250000000000178e+00 8.527260000000000950e-01 9.804682500000000411e-01 9.804682500000000411e-01 1.007511999999999963e+00
2.238750000000000018e+00 8.616922500000000484e-01 9.805987499999999635e-01 9.805987499999999635e-01 1.007929999999999993e+00
2.246249999999999858e+00 8.742775000000000407e-01 9.818200000000000260e-01 9.818200000000000260e-01 1.007674999999999876e+00
2.253750000000000142e+00 8.822042499999999121e-01 9.835004999999999997e-01 9.835004999999999997e-01 1.007913999999999977e+00
2.261249999999999982e+00 8.881697499999999801e-01 9.841762499999999747e-01 9.841762499999999747e-01 1.007776250000000040e+00
2.268749999999999822e+00 9.057667500000000649e-01 9.847912500000000069e-01 9.847912500000000069e-01 1.007831250000000178e+00
2.276250000000000107e+00 9.053949999999999498e-01 9.858100000000000751e-01 9.858100000000000751e-01 1.007932250000000085e+00
2.283749999999999947e+00 9.202365000000000128e-01 9.869302500000001199e-01 9.869302500000001199e-01 1.007688499999999987e+00
2.291249999999999787e+00 9.350920000000000343e-01 9.883582499999999937e-01 9.883582499999999937e-01 1.007942249999999929e+00
2.298750000000000071e+00 9.320222500000000521e-01 9.894877499999999992e-01 9.894877499999999992e-01 1.007596750000000263e+00
2.306249999999999911e+00 9.392482499999998957e-01 9.911257500000000276e-01 9.911257500000000276e-01 1.007530250000000072e+00
2.313750000000000195e+00 9.399007499999999515e-01 9.918212499999999876e-01 9.918212499999999876e-01 1.007258999999999904e+00
2.321250000000000036e+00 9.469600000000000239e-01 9.935252500000000264e-01 9.935252500000000264e-01 1.006952500000000139e+00
2.328749999999999876e+00 9.458777499999999616e-01 9.954339999999999300e-01 9.954339999999999300e-01 1.006721999999999895e+00
2.336250000000000160e+00 9.490454999999999863e-01 9.947325000000000195e-01 9.947325000000000195e-01 1.006415749999999942e+00
2.343750000000000000e+00 9.435877500000000584e-01 9.966717499999999674e-01 9.966717499999999674e-01 1.006279000000000146e+00
2.351249999999999840e+00 9.408369999999999234e-01 9.991612500000000008e-01 9.991612500000000008e-01 1.005872000000000099e+00
2.358750000000000124e+00 9.419240000000000945e-01 9.988647500000000790e-01 9.988647500000000790e-01 1.005387750000000135e+00
2.366249999999999964e+00 9.279247500000000759e-01 1.000439000000000078e+00 1.000439000000000078e+00 1.005140750000000027e+00
2.373749999999999805e+00 9.213577500000000864e-01 1.001573249999999859e+00 1.001573249999999859e+00 1.004660499999999956e+00
2.381250000000000089e+00 9.245240000000001235e-01 1.002824000000000160e+00 1.002824000000000160e+00 1.004427750000000064e+00
2.388749999999999929e+00 9.223197500000001048e-01 1.004679499999999948e+00 1.004679499999999948e+00 1.004071000000000158e+00
2.396250000000000213e+00 9.079144999999999577e-01 1.005011249999999912e+00 1.005011249999999912e+00 1.003532500000000161e+00
2.403750000000000053e+00 9.027155000000000040e-01 1.005516499999999924e+00 1.005516499999999924e+00 1.003358250000000007e+00
2.411249999999999893e+00 9.045849999999999724e-01 1.006989499999999982e+00 1.006989499999999982e+00 1.003008750000000004e+00
2.418750000000000178e+00 9.008377499999999927e-01 1.007220750000000109e+00 1.007220750000000109e+00 1.002794500000000033e+00
2.426250000000000018e+00 9.017179999999999085e-01 1.008683500000000066e+00 1.008683500000000066e+00 1.002750749999999913e+00
2.433749999999999858e+00 9.004510000000000014e-01 1.008143500000000081e+00 1.008143500000000081e+00 1.002425249999999934e+00
2.441250000000000142e+00 9.058740000000000681e-01 1.009223749999999864e+00 1.009223749999999864e+00 1.001869499999999968e+00
2.448749999999999982e+00 9.057312500000000988e-01 1.010668750000000005e+00 1.010668750000000005e+00 1.001904499999999976e+00
2.456249999999999822e+00 9.094797499999999202e-01 1.011707249999999947e+00 1.011707249999999947e+00 1.001866499999999993e+00
2.463750000000000107e+00 9.140522500000000106e-01 1.012704250000000084e+00 1.012704250000000084e+00 1.001532749999999972e+00
2.471249999999999947e+00 9.172105000000000397e-01 1.013584999999999958e+00 1.013584999999999958e+00 1.001482250000000018e+00
2.478749999999999787e+00 9.225927500000000725e-01 1.012110250000000100e+00 1.012110250000000100e+00 1.001429499999999972e+00
2.486250000000000071e+00 9.265674999999999883e-01 1.013481999999999994e+00 1.013481999999999994e+00 1.001304749999999855e+00
2.493749999999999911e+00 9.341852499999999671e-01 1.013538749999999933e+00 1.013538749999999933e+00 1.001123250000000020e+00
2.501250000000000195e+00 9.403440000000000687e-01 1.014088249999999913e+00 1.014088249999999913e+00 1.001096750000000091e+00
2.508750000000000036e+00 9.528032499999999905e-01 1.014452499999999979e+00 1.014452499999999979e+00 1.000931250000000050e+00
2.516249999999999876e+00 9.462552500000001032e-01 1.014798499999999937e+00 1.014798499999999937e+00 1.000833000000000084e+00
2.523750000000000160e+00 9.583242499999999886e-01 1.014343250000000030e+00 1.014343250000000030e+00 1.000623749999999923e+00
2.531250000000000000e+00 9.670480000000000187e-01 1.015261500000000039e+00 1.015261500000000039e+00 1.000427500000000025e+00
2.538749999999999840e+00 9.624957499999999833e-01 1.014192500000000052e+00 1.014192500000000052e+00 1.000552749999999991e+00
2.546250000000000124e+00 9.706510000000000415e-01 1.015699750000000012e+00 1.015699750000000012e+00 1.000199999999999978e+00
2.553749999999999964e+00 9.734432499999999822e-01 1.016336499999999976e+00 1.016336499999999976e+00 9.999755000000000171e-01
2.561249999999999805e+00 9.773447500000000954e-01 1.016993999999999954e+00 1.016993999999999954e+00 9.999389999999999112e-01
2.568750000000000089e+00 9.840575000000000294e-01 1.017799249999999933e+00 1.017799249999999933e+00 9.992689999999999628e-01
2.576249999999999929e+00 9.779244999999999743e-01 1.017196999999999907e+00 1.017196999999999907e+00 9.994462499999999805e-01
2.583750000000000213e+00 9.841902500000000442e-01 1.016760000000000108e+00 1.016760000000000108e+00 9.991934999999999567e-01
2.591250000000000053e+00 9.858527499999999444e-01 1.017466250000000016e+00 1.017466250000000016e+00 9.988937499999999137e-01
2.598749999999999893e+00 9.826740000000000475e-01 1.017454499999999928e+00 1.017454499999999928e+00 9.986897499999999317e-01
2.606250000000000178e+00 9.911577499999999485e-01 1.017500249999999884e+00 1.017500249999999884e+00 9.985547500000000465e-01
2.613750000000000018e+00 9.920277499999999860e-01 1.016490249999999929e+00 1.016490249999999929e+00 9.984932499999998878e-01
2.621249999999999858e+00 9.966625000000000068e-01 1.017035249999999946e+00 1.017035249999999946e+00 9.984277500000000583e-01
2.628750000000000142e+00 9.915397500000000530e-01 1.016091250000000112e+00 1.016091250000000112e+00 9.981694999999999318e-01
2.636249999999999982e+00 9.981077499999999603e-01 1.016836999999999991e+00 1.016836999999999991e+00 9.980662500000000437e-01
2.643749999999999822e+00 1.004389749999999859e+00 1.016302499999999887e+00 1.016302499999999887e+00 9.980980000000000407e-01
2.651250000000000107e+00 9.997237500000000221e-01 1.015445500000000001e+00 1.015445500000000001e+00 9.981687500000000490e-01
2.658749999999999947e+00 1.005362750000000194e+00 1.015149999999999997e+00 1.015149999999999997e+00 9.978347499999999926e-01
2.666249999999999787e+00 1.007859250000000095e+00 1.014730000000000132e+00 1.014730000000000132e+00 9.978907500000000486e-01
2.673750000000000071e+00 1.015030499999999947e+00 1.013628500000000043e+00 1.013628500000000043e+00 9.980852500000000349e-01
2.681249999999999911e+00 1.013030499999999945e+00 1.012502500000000083e+00 1.012502500000000083e+00 9.978222500000000217e-01
2.688750000000000195e+00 1.016246250000000018e+00 1.011243749999999997e+00 1.011243749999999997e+00 9.978624999999998746e-01
2.696250000000000036e+00 1.021571999999999925e+00 1.011636750000000085e+00 1.011636750000000085e+00 9.980290000000000550e-01
2.703749999999999876e+00 1.021543000000000090e+00 1.009965750000000106e+00 1.009965750000000106e+00 9.980547500000001016e-01
2.711250000000000160e+00 1.024217500000000003e+00 1.008276500000000020e+00 1.008276500000000020e+00 9.978610000000001090e-01
2.718750000000000000e+00 1.021520250000000019e+00 1.008072249999999892e+00 1.008072249999999892e+00 9.980992499999999934e-01
2.726249999999999840e+00 1.036140999999999979e+00 1.006528250000000124e+00 1.006528250000000124e+00 9.979299999999999837e-01
2.733750000000000124e+00 1.034988999999999937e+00 1.004993499999999873e+00 1.004993499999999873e+00 9.982010000000000050e-01
2.741249999999999964e+00 1.032617500000000188e+00 1.003046749999999987e+00 1.003046749999999987e+00 9.984045000000000281e-01
2.748749999999999805e+00 1.047832000000000097e+00 1.002682249999999886e+00 1.002682249999999886e+00 9.982825000000000726e-01
2.756250000000000089e+00 1.044688749999999944e+00 1.001217999999999941e+00 1.001217999999999941e+00 9.983167500000000860e-01
2.763749999999999929e+00 1.046450000000000102e+00 1.000313499999999856e+00 1.000313499999999856e+00 9.984567500000000040e-01
2.771250000000000213e+00 1.056016499999999914e+00 9.993090000000000028e-01 9.993090000000000028e-01 9.984402500000000291e-01
2.778750000000000053e+00 1.055212000000000039e+00 9.978429999999999245e-01 9.978429999999999245e-01 9.982914999999998873e-01
2.786249999999999893e+00 1.053851000000000093e+00 9.964720000000000244e-01 9.964720000000000244e-01 9.983775000000001398e-01
2.793750000000000178e+00 1.054360500000000034e+00 9.953282500000000255e-01 9.953282500000000255e-01 9.987854999999999928e-01
2.801250000000000018e+00 1.047361500000000056e+00 9.955344999999999889e-01 9.955344999999999889e-01 9.986942500000000056e-01
2.808749999999999858e+00 1.055999750000000015e+00 9.943545000000000300e-01 9.943545000000000300e-01 9.986777499999999197e-01
2.816250000000000142e+00 1.054323499999999969e+00 9.938000000000000167e-01 9.938000000000000167e-01 9.989149999999999974e-01
2.823749999999999982e+00 1.049694249999999940e+00 9.925392499999999840e-01 9.925392499999999840e-01 9.987332500000000168e-01
2.831249999999999822e+00 1.057733750000000139e+00 9.929830000000000600e-01 9.929830000000000600e-01 9.990255000000000107e-01
2.838750000000000107e+00 1.052099500000000187e+00 9.927924999999999667e-01 9.927924999999999667e-01 9.990185000000000315e-01
2.846249999999999947e+00 1.056576249999999995e+00 9.921379999999999644e-01 9.921379999999999644e-01 9.993502499999999955e-01
2.853749999999999787e+00 1.047296999999999922e+00 9.924277500000000529e-01 9.924277500000000529e-01 9.991307499999999564e-01
2.861250000000000071e+00 1.048083000000000098e+00 9.918215000000000225e-01 9.918215000000000225e-01 9.995304999999999884e-01
2.868749999999999911e+00 1.049261499999999847e+00 9.917872500000000091e-01 9.917872500000000091e-01 9.994867499999999794e-01
2.876250000000000195e+00 1.047966500000000023e+00 9.920657499999999684e-01 9.920657499999999684e-01 9.995692500000000758e-01
2.883750000000000036e+00 1.048406750000000054e+00 9.918915000000000370e-01 9.918915000000000370e-01 9.996764999999999679e-01
2.891249999999999876e+00 1.039266249999999836e+00 9.917395000000001071e-01 9.917395000000001071e-01 9.996697500000000236e-01
2.898750000000000160e+00 1.041589250000000133e+00 9.918162500000000659e-01 9.918162500000000659e-01 9.997564999999999369e-01
2.906250000000000000e+00 1.040860749999999779e+00 9.917064999999999353e-01 9.917064999999999353e-01 9.999742499999999534e-01
2.913749999999999840e+00 1.043767749999999994e+00 9.918357500000000160e-01 9.918357500000000160e-01 1.000137250000000089e+00
2.921250000000000124e+00 1.040706499999999979e+00 9.917252500000000026e-01 9.917252500000000026e-01 1.000229999999999952e+00
2.928749999999999964e+00 1.039036999999999988e+00 9.916359999999999619e-01 9.916359999999999619e-01 1.000296250000000109e+00
2.936249999999999805e+00 1.034854999999999858e+00 9.921944999999999792e-01 9.921944999999999792e-01 1.000449249999999957e+00
2.943750000000000089e+00 1.035107250000000034e+00 9.909587500000001103e-01 9.909587500000001103e-01 1.000510499999999858e+00
2.951249999999999929e+00 1.029009749999999945e+00 9.914149999999999352e-01 9.914149999999999352e-01 1.000687000000000104e+00
2.958750000000000213e+00 1.032305750000000133e+00 9.912885000000000169e-01 9.912885000000000169e-01 1.000737500000000058e+00
2.966250000000000053e+00 1.029382750000000124e+00 9.909437500000000121e-01 9.909437500000000121e-01 1.000709749999999953e+00
2.973749999999999893e+00 1.029054499999999983e+00 9.911780000000000035e-01 9.911780000000000035e-01 1.000989750000000011e+00
2.981250000000000178e+00 1.029552250000000058e+00 9.903005000000000280e-01 9.903005000000000280e-01 1.000950500000000076e+00
2.988750000000000018e+00 1.034534749999999947e+00 9.905717499999999731e-01 9.905717499999999731e-01 1.001042500000000057e+00
2.996249999999999858e+00 1.035441000000000056e+00 9.909069999999999823e-01 9.909069999999999823e-01 1.001075249999999972e+00
