3.749999999999999861e-03 0.000000000000000000e+00 0.000000000000000000e+00 0.000000000000000000e+00 0.000000000000000000e+00
1.124999999999999958e-02 0.000000000000000000e+00 0.000000000000000000e+00 0.000000000000000000e+00 0.000000000000000000e+00
1.874999999999999931e-02 0.000000000000000000e+00 0.000000000000000000e+00 0.000000000000000000e+00 0.000000000000000000e+00
2.624999999999999903e-02 0.000000000000000000e+00 0.000000000000000000e+00 0.000000000000000000e+00 0.000000000000000000e+00
3.375000000000000222e-02 0.000000000000000000e+00 0.000000000000000000e+00 0.000000000000000000e+00 0.000000000000000000e+00
4.125000000000000194e-02 0.000000000000000000e+00 0.000000000000000000e+00 0.000000000000000000e+00 0.000000000000000000e+00
4.875000000000000167e-02 0.000000000000000000e+00 0.000000000000000000e+00 0.000000000000000000e+00 0.000000000000000000e+00
5.625000000000000139e-02 0.000000000000000000e+00 0.000000000000000000e+00 0.000000000000000000e+00 0.000000000000000000e+00
6.375000000000000111e-02 0.000000000000000000e+00 0.000000000000000000e+00 0.000000000000000000e+00 0.000000000000000000e+00
7.124999999999999389e-02 0.000000000000000000e+00 0.000000000000000000e+00 0.000000000000000000e+00 0.000000000000000000e+00
7.875000000000000056e-02 0.000000000000000000e+00 0.000000000000000000e+00 0.000000000000000000e+00 0.000000000000000000e+00
8.624999999999999334e-02 0.000000000000000000e+00 0.000000000000000000e+00 0.000000000000000000e+00 0.000000000000000000e+00
9.375000000000000000e-02 0.000000000000000000e+00 0.000000000000000000e+00 0.000000000000000000e+00 0.000000000000000000e+00
1.012500000000000067e-01 0.000000000000000000e+00 0.000000000000000000e+00 0.000000000000000000e+00 0.000000000000000000e+00
1.087499999999999994e-01 0.000000000000000000e+00 0.000000000000000000e+00 0.000000000000000000e+00 0.000000000000000000e+00
1.162500000000000061e-01 0.000000000000000000e+00 0.000000000000000000e+00 0.000000000000000000e+00 0.000000000000000000e+00
1.237499999999999989e-01 0.000000000000000000e+00 0.000000000000000000e+00 0.000000000000000000e+00 0.000000000000000000e+00
1.312500000000000056e-01 0.000000000000000000e+00 0.000000000000000000e+00 0.000000000000000000e+00 0.000000000000000000e+00
1.387500000000000122e-01 0.000000000000000000e+00 0.000000000000000000e+00 0.000000000000000000e+00 0.000000000000000000e+00
1.462499999999999911e-01 0.000000000000000000e+00 0.000000000000000000e+00 0.000000000000000000e+00 4.883333333333333899e-05
1.537499999999999978e-01 0.000000000000000000e+00 0.000000000000000000e+00 0.000000000000000000e+00 3.135166666666666310e-03
1.612500000000000044e-01 0.000000000000000000e+00 0.000000000000000000e+00 0.000000000000000000e+00 5.686416666666666703e-02
1.687500000000000111e-01 0.000000000000000000e+00 0.000000000000000000e+00 0.000000000000000000e+00 2.975356666666666428e-01
1.762499999999999900e-01 0.000000000000000000e+00 0.000000000000000000e+00 0.000000000000000000e+00 7.357733333333333903e-01
1.837499999999999967e-01 0.000000000000000000e+00 0.000000000000000000e+00 0.000000000000000000e+00 1.193151500000000143e+00
1.912500000000000033e-01 0.000000000000000000e+00 0.000000000000000000e+00 0.000000000000000000e+00 1.521016499999999994e+00
1.987500000000000100e-01 0.000000000000000000e+00 0.000000000000000000e+00 0.000000000000000000e+00 1.699853833333333286e+00
2.062499999999999889e-01 0.000000000000000000e+00 0.000000000000000000e+00 0.000000000000000000e+00 1.765273333333333250e+00
2.137499999999999956e-01 0.000000000000000000e+00 0.000000000000000000e+00 0.000000000000000000e+00 1.764870166666666629e+00
2.212500000000000022e-01 0.000000000000000000e+00 0.000000000000000000e+00 0.000000000000000000e+00 1.728168833333333376e+00
2.287500000000000089e-01 0.000000000000000000e+00 0.000000000000000000e+00 0.000000000000000000e+00 1.678365166666666575e+00
2.362499999999999878e-01 0.000000000000000000e+00 0.000000000000000000e+00 0.000000000000000000e+00 1.627649999999999819e+00
2.437499999999999944e-01 0.000000000000000000e+00 0.000000000000000000e+00 0.000000000000000000e+00 1.582524333333333422e+00
2.512499999999999734e-01 0.000000000000000000e+00 0.000000000000000000e+00 0.000000000000000000e+00 1.541569666666666727e+00
2.587499999999999800e-01 0.000000000000000000e+00 0.000000000000000000e+00 0.000000000000000000e+00 1.500530833333333369e+00
2.662499999999999867e-01 0.000000000000000000e+00 0.000000000000000000e+00 0.000000000000000000e+00 1.466106166666666821e+00
2.737499999999999933e-01 0.000000000000000000e+00 0.000000000000000000e+00 0.000000000000000000e+00 1.429804166666666765e+00
2.812500000000000000e-01 0.000000000000000000e+00 0.000000000000000000e+00 0.000000000000000000e+00 1.401097999999999955e+00
2.887500000000000067e-01 0.000000000000000000e+00 0.000000000000000000e+00 0.000000000000000000e+00 1.374465999999999966e+00
2.962500000000000133e-01 0.000000000000000000e+00 0.000000000000000000e+00 0.000000000000000000e+00 1.349360000000000115e+00
3.037500000000000200e-01 0.000000000000000000e+00 0.000000000000000000e+00 0.000000000000000000e+00 1.328405833333333286e+00
3.112500000000000266e-01 0.000000000000000000e+00 0.000000000000000000e+00 0.000000000000000000e+00 1.308754999999999891e+00
3.187499999999999778e-01 0.000000000000000000e+00 0.000000000000000000e+00 0.000000000000000000e+00 1.293112666666666799e+00
3.262499999999999845e-01 0.000000000000000000e+00 0.000000000000000000e+00 0.000000000000000000e+00 1.278367999999999949e+00
3.337499999999999911e-01 0.000000000000000000e+00 0.000000000000000000e+00 0.000000000000000000e+00 1.267172999999999883e+00
3.412499999999999978e-01 0.000000000000000000e+00 0.000000000000000000e+00 0.000000000000000000e+00 1.260418166666666506e+00
3.487500000000000044e-01 0.000000000000000000e+00 0.000000000000000000e+00 0.000000000000000000e+00 1.252082499999999987e+00
3.562500000000000111e-01 0.000000000000000000e+00 0.000000000000000000e+00 0.000000000000000000e+00 1.244872166666666446e+00
3.637500000000000178e-01 0.000000000000000000e+00 0.000000000000000000e+00 0.000000000000000000e+00 1.242423499999999903e+00
3.712500000000000244e-01 0.000000000000000000e+00 0.000000000000000000e+00 0.000000000000000000e+00 1.239035499999999956e+00
3.787499999999999756e-01 0.000000000000000000e+00 0.000000000000000000e+00 0.000000000000000000e+00 1.236134333333333446e+00
3.862499999999999822e-01 0.000000000000000000e+00 0.000000000000000000e+00 0.000000000000000000e+00 1.232672999999999908e+00
3.937499999999999889e-01 0.000000000000000000e+00 0.000000000000000000e+00 0.000000000000000000e+00 1.226776833333333316e+00
4.012499999999999956e-01 0.000000000000000000e+00 0.000000000000000000e+00 0.000000000000000000e+00 1.223615833333333569e+00
4.087500000000000022e-01 0.000000000000000000e+00 0.000000000000000000e+00 0.000000000000000000e+00 1.218737166666666427e+00
4.162500000000000089e-01 0.000000000000000000e+00 0.000000000000000000e+00 0.000000000000000000e+00 1.214670166666666828e+00
4.237500000000000155e-01 0.000000000000000000e+00 0.000000000000000000e+00 0.000000000000000000e+00 1.208110166666666485e+00
4.312500000000000222e-01 0.000000000000000000e+00 0.000000000000000000e+00 0.000000000000000000e+00 1.203244500000000050e+00
4.387499999999999734e-01 0.000000000000000000e+00 9.500000000000000523e-06 9.500000000000000523e-06 1.196502500000000024e+00
4.462499999999999800e-01 0.000000000000000000e+00 5.933333333333333672e-05 5.933333333333333672e-05 1.190989999999999993e+00
4.537499999999999867e-01 0.000000000000000000e+00 4.118333333333333329e-04 4.118333333333333329e-04 1.184380666666666526e+00
4.612499999999999933e-01 0.000000000000000000e+00 2.329833333333333496e-03 2.329833333333333496e-03 1.178178500000000017e+00
4.687500000000000000e-01 0.000000000000000000e+00 9.471333333333335075e-03 9.471333333333335075e-03 1.170991833333333565e+00
4.762500000000000067e-01 0.000000000000000000e+00 2.793199999999999850e-02 2.793199999999999850e-02 1.163889166666666641e+00
4.837500000000000133e-01 0.000000000000000000e+00 6.632833333333332249e-02 6.632833333333332249e-02 1.158947833333333177e+00
4.912500000000000200e-01 0.000000000000000000e+00 1.360338333333333261e-01 1.360338333333333261e-01 1.153019666666666554e+00
4.987500000000000266e-01 0.000000000000000000e+00 2.380823333333333680e-01 2.380823333333333680e-01 1.146475333333333291e+00
5.062499999999999778e-01 0.000000000000000000e+00 3.673138333333332839e-01 3.673138333333332839e-01 1.140568499999999874e+00
5.137500000000000400e-01 0.000000000000000000e+00 5.215450000000000363e-01 5.215450000000000363e-01 1.134292833333333306e+00
5.212499999999999911e-01 0.000000000000000000e+00 6.887976666666665304e-01 6.887976666666665304e-01 1.129710166666666682e+00
5.287500000000000533e-01 0.000000000000000000e+00 8.511083333333333556e-01 8.511083333333333556e-01 1.123830166666666797e+00
5.362500000000000044e-01 0.000000000000000000e+00 1.002570666666666499e+00 1.002570666666666499e+00 1.118081666666666640e+00
5.437499999999999556e-01 0.000000000000000000e+00 1.134762666666666808e+00 1.134762666666666808e+00 1.113140333333333176e+00
5.512500000000000178e-01 0.000000000000000000e+00 1.243384666666666583e+00 1.243384666666666583e+00 1.107994833333333373e+00
5.587499999999999689e-01 0.000000000000000000e+00 1.327242999999999951e+00 1.327242999999999951e+00 1.102483666666666418e+00
5.662500000000000311e-01 0.000000000000000000e+00 1.391417666666666664e+00 1.391417666666666664e+00 1.098681999999999936e+00
5.737499999999999822e-01 0.000000000000000000e+00 1.435352666666666721e+00 1.435352666666666721e+00 1.092726500000000156e+00
5.812500000000000444e-01 0.000000000000000000e+00 1.455319333333333409e+00 1.455319333333333409e+00 1.089250833333333279e+00
5.887499999999999956e-01 0.000000000000000000e+00 1.462837166666666633e+00 1.462837166666666633e+00 1.084104166666666647e+00
5.962499999999999467e-01 0.000000000000000000e+00 1.463238999999999956e+00 1.463238999999999956e+00 1.080615000000000103e+00
6.037500000000000089e-01 0.000000000000000000e+00 1.447943833333333208e+00 1.447943833333333208e+00 1.076612333333333282e+00
6.112499999999999600e-01 0.000000000000000000e+00 1.425282333333333540e+00 1.425282333333333540e+00 1.072115499999999999e+00
6.187500000000000222e-01 0.000000000000000000e+00 1.402073333333333283e+00 1.402073333333333283e+00 1.068832333333333162e+00
6.262499999999999734e-01 0.000000000000000000e+00 1.374416833333333310e+00 1.374416833333333310e+00 1.063761999999999874e+00
6.337500000000000355e-01 0.000000000000000000e+00 1.348630833333333223e+00 1.348630833333333223e+00 1.060142666666666678e+00
6.412499999999999867e-01 0.000000000000000000e+00 1.324144666666666526e+00 1.324144666666666526e+00 1.056607333333333232e+00
6.487500000000000488e-01 0.000000000000000000e+00 1.294889999999999874e+00 1.294889999999999874e+00 1.053240166666666644e+00
6.562500000000000000e-01 0.000000000000000000e+00 1.268858166666666731e+00 1.268858166666666731e+00 1.049399666666666509e+00
6.637499999999999512e-01 0.000000000000000000e+00 1.246281333333333352e+00 1.246281333333333352e+00 1.044944499999999943e+00
6.712500000000000133e-01 0.000000000000000000e+00 1.221489166666666515e+00 1.221489166666666515e+00 1.042176333333333593e+00
6.787499999999999645e-01 0.000000000000000000e+00 1.204353333333333387e+00 1.204353333333333387e+00 1.038015666666666670e+00
6.862500000000000266e-01 0.000000000000000000e+00 1.188020999999999994e+00 1.188020999999999994e+00 1.035305499999999990e+00
6.937499999999999778e-01 0.000000000000000000e+00 1.176727166666666546e+00 1.176727166666666546e+00 1.032166666666666677e+00
7.012500000000000400e-01 0.000000000000000000e+00 1.162629166666666602e+00 1.162629166666666602e+00 1.029589833333333315e+00
7.087499999999999911e-01 0.000000000000000000e+00 1.155331333333333266e+00 1.155331333333333266e+00 1.026924333333333328e+00
7.162500000000000533e-01 0.000000000000000000e+00 1.151482500000000186e+00 1.151482500000000186e+00 1.023185666666666771e+00
7.237500000000000044e-01 1.086666666666666743e-04 1.140453333333333541e+00 1.140453333333333541e+00 1.020268333333333333e+00
7.312499999999999556e-01 1.065000000000000002e-04 1.136672166666666595e+00 1.136672166666666595e+00 1.018201666666666450e+00
7.387500000000000178e-01 1.147666666666666627e-03 1.132962000000000025e+00 1.132962000000000025e+00 1.015611666666666579e+00
7.462499999999999689e-01 2.862500000000000027e-03 1.126187666666666809e+00 1.126187666666666809e+00 1.012866166666666734e+00
7.537500000000000311e-01 9.018500000000000474e-03 1.123665666666666452e+00 1.123665666666666452e+00 1.010650166666666738e+00
7.612499999999999822e-01 2.760583333333333292e-02 1.121178166666666920e+00 1.121178166666666920e+00 1.007903166666666683e+00
7.687500000000000444e-01 5.693316666666666664e-02 1.114470333333333230e+00 1.114470333333333230e+00 1.006035500000000082e+00
7.762499999999999956e-01 1.258498333333333552e-01 1.109593999999999969e+00 1.109593999999999969e+00 1.004440666666666759e+00
7.837499999999999467e-01 2.145588333333333653e-01 1.104984333333333124e+00 1.104984333333333124e+00 1.002173166666666670e+00
7.912500000000000089e-01 3.444556666666666600e-01 1.101406000000000107e+00 1.101406000000000107e+00 9.999286666666667989e-01
7.987499999999999600e-01 5.272818333333333385e-01 1.097741666666666616e+00 1.097741666666666616e+00 9.980284999999998741e-01
8.062500000000000222e-01 7.703648333333332765e-01 1.091117166666666582e+00 1.091117166666666582e+00 9.964738333333332809e-01
8.137499999999999734e-01 1.002804499999999877e+00 1.086481166666666720e+00 1.086481166666666720e+00 9.947713333333333408e-01
8.212500000000000355e-01 1.248779333333333241e+00 1.081283000000000216e+00 1.081283000000000216e+00 9.941923333333332335e-01
8.287499999999999867e-01 1.505868166666666896e+00 1.074486500000000122e+00 1.074486500000000122e+00 9.923700000000000854e-01
8.362500000000000488e-01 1.726709833333333499e+00 1.066953666666666800e+00 1.066953666666666800e+00 9.913741666666666674e-01
8.437500000000000000e-01 1.926700833333333529e+00 1.062631166666666793e+00 1.062631166666666793e+00 9.893999999999998352e-01
8.512499999999999512e-01 2.084601999999999844e+00 1.058120166666666639e+00 1.058120166666666639e+00 9.883540000000000658e-01
8.587500000000000133e-01 2.208307666666666780e+00 1.052411833333333435e+00 1.052411833333333435e+00 9.873278333333334045e-01
8.662499999999999645e-01 2.254221166666666942e+00 1.049191999999999902e+00 1.049191999999999902e+00 9.866326666666668244e-01
8.737500000000000266e-01 2.328740000000000254e+00 1.041678333333333484e+00 1.041678333333333484e+00 9.856340000000000101e-01
8.812499999999999778e-01 2.322626333333333459e+00 1.037809166666666671e+00 1.037809166666666671e+00 9.851588333333333170e-01
8.887500000000000400e-01 2.277896999999999839e+00 1.034907166666666711e+00 1.034907166666666711e+00 9.840201666666666958e-01
8.962499999999999911e-01 2.234475499999999837e+00 1.028466166666666792e+00 1.028466166666666792e+00 9.833609999999999296e-01
9.037500000000000533e-01 2.176701666666666757e+00 1.024789666666666710e+00 1.024789666666666710e+00 9.830708333333334492e-01
9.112500000000000044e-01 2.076571833333333839e+00 1.019218000000000179e+00 1.019218000000000179e+00 9.828528333333333977e-01
9.187499999999999556e-01 1.985208000000000084e+00 1.015570000000000084e+00 1.015570000000000084e+00 9.823321666666666729e-01
9.262500000000000178e-01 1.901230833333333203e+00 1.012233333333333318e+00 1.012233333333333318e+00 9.821061666666666135e-01
9.337499999999999689e-01 1.835421000000000191e+00 1.009461833333333391e+00 1.009461833333333391e+00 9.817941666666666345e-01
9.412500000000000311e-01 1.744598166666666783e+00 1.004893166666666504e+00 1.004893166666666504e+00 9.822486666666666588e-01
9.487499999999999822e-01 1.648437333333333088e+00 1.002474833333333537e+00 1.002474833333333537e+00 9.815443333333333520e-01
9.562500000000000444e-01 1.578351999999999755e+00 9.993523333333333980e-01 9.993523333333333980e-01 9.819618333333334226e-01
9.637499999999999956e-01 1.485170333333333259e+00 9.961753333333334126e-01 9.961753333333334126e-01 9.822943333333332694e-01
9.712499999999999467e-01 1.417058333333333309e+00 9.923201666666666698e-01 9.923201666666666698e-01 9.832078333333332809e-01
9.787500000000000089e-01 1.352812833333333353e+00 9.908474999999999921e-01 9.908474999999999921e-01 9.832404999999999617e-01
9.862499999999999600e-01 1.289998999999999896e+00 9.860121666666666895e-01 9.860121666666666895e-01 9.834503333333333153e-01
9.937500000000000222e-01 1.233013333333333295e+00 9.848906666666666920e-01 9.848906666666666920e-01 9.847666666666666790e-01
1.001249999999999973e+00 1.188771333333333180e+00 9.826648333333333207e-01 9.826648333333333207e-01 9.854891666666666383e-01
1.008750000000000036e+00 1.166628333333333378e+00 9.799996666666667133e-01 9.799996666666667133e-01 9.854663333333334441e-01
1.016250000000000098e+00 1.125988999999999907e+00 9.790251666666667241e-01 9.790251666666667241e-01 9.868190000000001127e-01
1.023749999999999938e+00 1.097003166666666640e+00 9.773710000000001008e-01 9.773710000000001008e-01 9.871478333333332245e-01
1.031250000000000000e+00 1.061886500000000177e+00 9.727278333333333471e-01 9.727278333333333471e-01 9.881823333333333848e-01
1.038750000000000062e+00 1.046660666666666684e+00 9.720171666666667099e-01 9.720171666666667099e-01 9.893153333333333244e-01
1.046249999999999902e+00 1.020214500000000024e+00 9.712143333333332906e-01 9.712143333333332906e-01 9.905923333333332970e-01
1.053749999999999964e+00 1.007384499999999905e+00 9.680004999999999304e-01 9.680004999999999304e-01 9.915145000000000763e-01
1.061250000000000027e+00 1.001233333333333198e+00 9.670041666666665536e-01 9.670041666666665536e-01 9.926228333333334541e-01
1.068750000000000089e+00 9.844889999999999475e-01 9.645384999999998543e-01 9.645384999999998543e-01 9.937568333333333115e-01
1.076249999999999929e+00 1.001485500000000028e+00 9.638176666666667947e-01 9.638176666666667947e-01 9.939318333333333477e-01
1.083749999999999991e+00 9.794321666666666593e-01 9.608791666666666176e-01 9.608791666666666176e-01 9.954171666666665752e-01
1.091250000000000053e+00 9.815529999999998978e-01 9.630928333333333979e-01 9.630928333333333979e-01 9.969526666666667092e-01
1.098749999999999893e+00 9.677270000000000039e-01 9.627935000000000798e-01 9.627935000000000798e-01 9.970361666666667233e-01
1.106249999999999956e+00 9.971233333333332505e-01 9.593736666666666801e-01 9.593736666666666801e-01 9.980651666666666699e-01
1.113750000000000018e+00 9.734126666666665928e-01 9.586181666666666601e-01 9.586181666666666601e-01 9.990133333333334198e-01
1.121250000000000080e+00 9.737926666666667508e-01 9.597335000000000171e-01 9.597335000000000171e-01 9.997429999999999373e-01
1.128749999999999920e+00 9.779645000000000143e-01 9.593799999999998995e-01 9.593799999999998995e-01 1.000792833333333354e+00
1.136249999999999982e+00 9.673016666666667263e-01 9.599299999999999500e-01 9.599299999999999500e-01 1.001012666666666773e+00
1.143750000000000044e+00 9.682791666666665797e-01 9.580486666666666595e-01 9.580486666666666595e-01 1.001627166666666735e+00
1.151250000000000107e+00 9.720271666666665533e-01 9.593973333333333242e-01 9.593973333333333242e-01 1.001893499999999992e+00
1.158749999999999947e+00 9.708906666666666796e-01 9.600214999999999721e-01 9.600214999999999721e-01 1.002257166666666643e+00
1.166250000000000009e+00 9.520813333333334461e-01 9.600163333333332494e-01 9.600163333333332494e-01 1.002527833333333396e+00
1.173750000000000071e+00 9.586729999999999974e-01 9.601563333333333894e-01 9.601563333333333894e-01 1.003068499999999919e+00
1.181249999999999911e+00 9.566973333333333995e-01 9.601163333333334604e-01 9.601163333333334604e-01 1.003513666666666637e+00
1.188749999999999973e+00 9.591669999999999918e-01 9.615224999999997246e-01 9.615224999999997246e-01 1.003465666666666811e+00
1.196250000000000036e+00 9.495249999999999524e-01 9.606566666666666032e-01 9.606566666666666032e-01 1.003679500000000058e+00
1.203750000000000098e+00 9.492414999999999603e-01 9.624823333333333286e-01 9.624823333333333286e-01 1.003728166666666644e+00
1.211249999999999938e+00 9.385706666666666642e-01 9.628571666666666529e-01 9.628571666666666529e-01 1.003922999999999899e+00
1.218750000000000000e+00 9.431910000000000016e-01 9.664670000000000760e-01 9.664670000000000760e-01 1.004832833333333397e+00
1.226250000000000062e+00 9.271073333333332833e-01 9.645086666666667918e-01 9.645086666666667918e-01 1.004504999999999981e+00
1.233749999999999902e+00 9.425376666666668291e-01 9.662795000000000689e-01 9.662795000000000689e-01 1.004609666666666845e+00
1.241249999999999964e+00 9.298146666666666782e-01 9.680113333333334458e-01 9.680113333333334458e-01 1.004544333333333261e+00
1.248750000000000027e+00 9.349259999999999238e-01 9.686466666666665448e-01 9.686466666666665448e-01 1.004656666666666753e+00
1.256250000000000089e+00 9.291713333333334601e-01 9.707298333333334028e-01 9.707298333333334028e-01 1.004731999999999958e+00
1.263749999999999929e+00 9.325411666666666433e-01 9.732713333333332661e-01 9.732713333333332661e-01 1.004588166666666504e+00
1.271249999999999991e+00 9.255154999999999355e-01 9.743663333333333343e-01 9.743663333333333343e-01 1.004798999999999998e+00
1.278750000000000053e+00 9.180335000000000578e-01 9.762559999999999016e-01 9.762559999999999016e-01 1.004541166666666596e+00
1.286249999999999893e+00 9.396368333333334766e-01 9.767566666666667174e-01 9.767566666666667174e-01 1.004438500000000012e+00
1.293749999999999956e+00 9.306784999999999641e-01 9.795806666666666551e-01 9.795806666666666551e-01 1.004757666666666660e+00
1.301250000000000018e+00 9.181995000000000573e-01 9.824045000000000138e-01 9.824045000000000138e-01 1.004780000000000006e+00
1.308750000000000080e+00 9.226630000000000109e-01 9.851881666666666426e-01 9.851881666666666426e-01 1.004457000000000155e+00
1.316249999999999920e+00 9.093521666666665171e-01 9.868926666666667513e-01 9.868926666666667513e-01 1.004304666666666623e+00
1.323749999999999982e+00 9.289026666666666543e-01 9.891678333333334683e-01 9.891678333333334683e-01 1.004687166666666576e+00
1.331250000000000044e+00 9.229306666666666770e-01 9.921368333333333567e-01 9.921368333333333567e-01 1.004540666666666748e+00
1.338750000000000107e+00 9.184001666666666841e-01 9.933429999999999760e-01 9.933429999999999760e-01 1.004316333333333366e+00
1.346249999999999947e+00 9.160486666666667332e-01 9.957590000000000607e-01 9.957590000000000607e-01 1.004642333333333193e+00
1.353750000000000009e+00 9.208069999999999311e-01 9.985460000000000447e-01 9.985460000000000447e-01 1.003952999999999873e+00
1.361250000000000071e+00 9.224248333333333605e-01 9.997500000000000275e-01 9.997500000000000275e-01 1.004202666666666577e+00
1.368749999999999911e+00 9.138331666666665853e-01 1.002118000000000064e+00 1.002118000000000064e+00 1.003869166666666590e+00
1.376249999999999973e+00 9.238585000000001379e-01 1.004392166666666641e+00 1.004392166666666641e+00 1.003829999999999778e+00
1.383750000000000036e+00 9.216611666666666425e-01 1.006054166666666694e+00 1.006054166666666694e+00 1.004051166666666717e+00
1.391250000000000098e+00 9.187511666666668964e-01 1.008471833333333345e+00 1.008471833333333345e+00 1.003717333333333350e+00
1.398749999999999938e+00 9.199533333333332896e-01 1.009880999999999807e+00 1.009880999999999807e+00 1.003316833333333324e+00
1.406250000000000000e+00 9.310388333333333710e-01 1.011026500000000050e+00 1.011026500000000050e+00 1.003275333333333297e+00
1.413750000000000062e+00 9.237220000000000431e-01 1.011596166666666630e+00 1.011596166666666630e+00 1.003103000000000078e+00
1.421249999999999902e+00 9.282034999999999592e-01 1.012915000000000232e+00 1.012915000000000232e+00 1.003039500000000084e+00
1.428749999999999964e+00 9.244523333333333204e-01 1.014032333333333424e+00 1.014032333333333424e+00 1.002984000000000098e+00
1.436250000000000027e+00 9.350255000000000649e-01 1.014494999999999925e+00 1.014494999999999925e+00 1.002550666666666590e+00
1.443750000000000089e+00 9.276575000000000237e-01 1.014645999999999937e+00 1.014645999999999937e+00 1.002698833333333317e+00
1.451249999999999929e+00 9.331506666666666838e-01 1.015028000000000041e+00 1.015028000000000041e+00 1.002157666666666502e+00
1.458749999999999991e+00 9.288238333333334040e-01 1.013986833333333282e+00 1.013986833333333282e+00 1.002111166666666664e+00
1.466250000000000053e+00 9.403193333333333959e-01 1.015230666666666615e+00 1.015230666666666615e+00 1.001985333333333283e+00
1.473749999999999893e+00 9.456875000000000142e-01 1.015173000000000103e+00 1.015173000000000103e+00 1.001541333333333395e+00
1.481249999999999956e+00 9.403388333333332350e-01 1.015863666666666720e+00 1.015863666666666720e+00 1.001703333333333168e+00
1.488750000000000018e+00 9.470711666666665751e-01 1.015005999999999853e+00 1.015005999999999853e+00 1.001698833333333205e+00
1.496250000000000080e+00 9.487133333333334084e-01 1.015558166666666873e+00 1.015558166666666873e+00 1.001348333333333507e+00
1.503749999999999920e+00 9.560413333333332986e-01 1.013960000000000194e+00 1.013960000000000194e+00 1.001088166666666446e+00
1.511249999999999982e+00 9.473233333333332951e-01 1.013742666666666681e+00 1.013742666666666681e+00 1.001303833333333282e+00
1.518750000000000044e+00 9.602039999999999464e-01 1.013071333333333213e+00 1.013071333333333213e+00 1.000971166666666745e+00
1.526250000000000107e+00 9.625216666666666088e-01 1.012456666666666782e+00 1.012456666666666782e+00 1.000867000000000173e+00
1.533749999999999947e+00 9.694673333333332366e-01 1.010885166666666501e+00 1.010885166666666501e+00 1.000451999999999897e+00
1.541250000000000009e+00 9.674844999999999695e-01 1.011892666666666774e+00 1.011892666666666774e+00 1.000333999999999834e+00
1.548750000000000071e+00 9.718796666666665862e-01 1.011046333333333269e+00 1.011046333333333269e+00 1.000385999999999997e+00
1.556249999999999911e+00 9.831031666666666391e-01 1.010019833333333450e+00 1.010019833333333450e+00 1.000261666666666605e+00
1.563749999999999973e+00 9.836835000000000440e-01 1.010160000000000169e+00 1.010160000000000169e+00 1.000220833333333337e+00
1.571250000000000036e+00 9.860066666666665869e-01 1.009408666666666621e+00 1.009408666666666621e+00 9.999189999999998912e-01
1.578750000000000098e+00 9.891551666666668075e-01 1.009667000000000092e+00 1.009667000000000092e+00 9.998569999999999958e-01
1.586249999999999938e+00 9.985351666666666404e-01 1.008447833333333099e+00 1.008447833333333099e+00 9.996321666666666550e-01
1.593750000000000000e+00 1.005140333333333302e+00 1.007910000000000084e+00 1.007910000000000084e+00 9.991498333333334037e-01
1.601250000000000062e+00 1.003473499999999907e+00 1.008499999999999952e+00 1.008499999999999952e+00 9.992713333333332892e-01
1.608749999999999902e+00 1.006281666666666741e+00 1.006511333333333313e+00 1.006511333333333313e+00 9.993406666666667659e-01
1.616249999999999964e+00 1.013636999999999899e+00 1.007502833333333347e+00 1.007502833333333347e+00 9.992613333333334458e-01
1.623750000000000027e+00 1.013233999999999968e+00 1.006367333333333391e+00 1.006367333333333391e+00 9.990918333333332901e-01
1.631250000000000089e+00 1.018273166666666674e+00 1.006359999999999921e+00 1.006359999999999921e+00 9.991618333333333046e-01
1.638749999999999929e+00 1.019446499999999922e+00 1.005939333333333296e+00 1.005939333333333296e+00 9.989704999999999835e-01
1.646249999999999991e+00 1.030912666666666588e+00 1.006023666666666871e+00 1.006023666666666871e+00 9.990499999999999936e-01
1.653750000000000053e+00 1.031408666666666862e+00 1.004972666666666736e+00 1.004972666666666736e+00 9.990026666666667055e-01
1.661249999999999893e+00 1.031441166666666742e+00 1.004396333333333224e+00 1.004396333333333224e+00 9.988773333333332838e-01
1.668749999999999956e+00 1.034457166666666650e+00 1.004311666666666714e+00 1.004311666666666714e+00 9.988538333333333297e-01
1.676250000000000018e+00 1.040599500000000122e+00 1.004332666666666540e+00 1.004332666666666540e+00 9.988703333333334156e-01
1.683750000000000080e+00 1.040025166666666667e+00 1.001886666666666592e+00 1.001886666666666592e+00 9.988924999999998500e-01
1.691249999999999920e+00 1.037091166666666675e+00 1.003615166666666614e+00 1.003615166666666614e+00 9.987676666666667202e-01
1.698749999999999982e+00 1.045472833333333185e+00 1.003413166666666578e+00 1.003413166666666578e+00 9.987551666666667494e-01
1.706250000000000044e+00 1.043498333333333195e+00 1.002103166666666656e+00 1.002103166666666656e+00 9.986528333333333229e-01
1.713750000000000107e+00 1.038998666666666626e+00 1.001624833333333298e+00 1.001624833333333298e+00 9.984188333333333665e-01
1.721249999999999947e+00 1.047661999999999871e+00 1.001576999999999940e+00 1.001576999999999940e+00 9.986341666666667116e-01
1.728750000000000009e+00 1.041506000000000043e+00 1.001074833333333247e+00 1.001074833333333247e+00 9.987581666666667246e-01
1.736250000000000071e+00 1.043481166666666571e+00 1.001222333333333436e+00 1.001222333333333436e+00 9.985593333333332433e-01
1.743749999999999911e+00 1.039935333333333434e+00 1.000555500000000153e+00 1.000555500000000153e+00 9.987471666666665193e-01
1.751249999999999973e+00 1.044431166666666799e+00 1.000656833333333218e+00 1.000656833333333218e+00 9.986614999999999798e-01
1.758750000000000036e+00 1.039150000000000018e+00 1.000782500000000130e+00 1.000782500000000130e+00 9.988353333333334083e-01
1.766250000000000098e+00 1.038665500000000019e+00 9.997111666666667062e-01 9.997111666666667062e-01 9.986936666666667017e-01
1.773749999999999938e+00 1.039219499999999963e+00 9.998464999999999714e-01 9.998464999999999714e-01 9.986294999999999478e-01
1.781250000000000000e+00 1.035187499999999927e+00 9.996928333333333638e-01 9.996928333333333638e-01 9.987428333333333574e-01
1.788750000000000062e+00 1.026098166666666645e+00 9.984931666666666539e-01 9.984931666666666539e-01 9.987456666666666427e-01
1.796249999999999902e+00 1.035986000000000073e+00 9.978924999999999601e-01 9.978924999999999601e-01 9.986269999999999314e-01
1.803749999999999964e+00 1.021736833333333427e+00 9.986303333333332866e-01 9.986303333333332866e-01 9.988811666666667088e-01
1.811250000000000027e+00 1.022178000000000031e+00 9.983913333333331863e-01 9.983913333333331863e-01 9.989498333333332036e-01
1.818750000000000089e+00 1.020305000000000017e+00 9.992768333333333919e-01 9.992768333333333919e-01 9.990366666666666839e-01
1.826249999999999929e+00 1.019248000000000154e+00 9.975909999999998945e-01 9.975909999999998945e-01 9.991849999999998788e-01
1.833749999999999991e+00 1.019596166666666637e+00 9.983351666666665514e-01 9.983351666666665514e-01 9.990273333333332673e-01
1.841250000000000053e+00 1.015538500000000122e+00 9.983953333333334124e-01 9.983953333333334124e-01 9.988858333333333617e-01
1.848749999999999893e+00 1.006383000000000028e+00 9.961461666666667769e-01 9.961461666666667769e-01 9.992134999999998657e-01
1.856249999999999956e+00 1.009105666666666901e+00 9.972099999999999298e-01 9.972099999999999298e-01 9.991301666666666526e-01
1.863750000000000018e+00 1.014981333333333291e+00 9.976016666666667199e-01 9.976016666666667199e-01 9.993585000000000385e-01
1.871250000000000080e+00 1.006584833333333373e+00 9.971274999999999444e-01 9.971274999999999444e-01 9.992071666666665353e-01
1.878749999999999920e+00 1.006790333333333454e+00 9.976533333333333919e-01 9.976533333333333919e-01 9.992778333333335317e-01
1.886249999999999982e+00 1.007200499999999943e+00 9.961969999999999992e-01 9.961969999999999992e-01 9.993946666666665424e-01
1.893750000000000044e+00 1.016240833333333260e+00 9.966265000000000818e-01 9.966265000000000818e-01 9.993919999999999471e-01
1.901250000000000107e+00 1.000631500000000118e+00 9.965543333333332088e-01 9.965543333333332088e-01 9.995753333333333712e-01
1.908749999999999947e+00 1.001878166666666514e+00 9.962963333333334504e-01 9.962963333333334504e-01 9.995936666666667136e-01
1.916250000000000009e+00 9.959113333333333706e-01 9.966136666666667310e-01 9.966136666666667310e-01 9.998985000000001344e-01
1.923750000000000071e+00 1.007498499999999853e+00 9.968743333333334178e-01 9.968743333333334178e-01 9.997171666666666567e-01
1.931249999999999911e+00 9.952311666666666667e-01 9.960333333333334371e-01 9.960333333333334371e-01 1.000030666666666734e+00
1.938749999999999973e+00 9.977241666666666342e-01 9.970634999999999915e-01 9.970634999999999915e-01 9.998170000000000668e-01
1.946250000000000036e+00 9.975193333333333134e-01 9.963781666666666759e-01 9.963781666666666759e-01 9.997880000000000100e-01
1.953750000000000098e+00 1.004074333333333291e+00 9.966631666666665446e-01 9.966631666666665446e-01 9.999938333333332485e-01
1.961249999999999938e+00 9.952701666666667890e-01 9.958786666666665788e-01 9.958786666666665788e-01 1.000173666666666739e+00
1.968750000000000000e+00 9.899490000000000789e-01 9.967546666666665667e-01 9.967546666666665667e-01 9.997138333333333016e-01
1.976250000000000062e+00 1.000116833333333233e+00 9.970231666666666825e-01 9.970231666666666825e-01 1.000017666666666694e+00
1.983749999999999902e+00 1.003346500000000141e+00 9.972566666666665691e-01 9.972566666666665691e-01 1.000011500000000053e+00
1.991249999999999964e+00 1.002321333333333397e+00 9.966348333333333587e-01 9.966348333333333587e-01 1.000117166666666613e+00
1.998750000000000027e+00 9.899968333333332149e-01 9.972573333333332180e-01 9.972573333333332180e-01 1.000216666666666532e+00
2.006250000000000089e+00 9.953244999999998344e-01 9.969808333333333161e-01 9.969808333333333161e-01 1.000186833333333247e+00
2.013749999999999929e+00 9.907040000000000290e-01 9.979226666666667356e-01 9.979226666666667356e-01 1.000174166666666808e+00
2.021250000000000213e+00 9.929388333333332151e-01 9.959649999999999892e-01 9.959649999999999892e-01 1.000109333333333295e+00
2.028750000000000053e+00 9.922921666666666418e-01 9.974851666666667560e-01 9.974851666666667560e-01 1.000420499999999935e+00
2.036249999999999893e+00 9.938384999999999581e-01 9.967803333333332683e-01 9.967803333333332683e-01 1.000384333333333320e+00
2.043750000000000178e+00 9.942175000000000873e-01 9.982738333333333047e-01 9.982738333333333047e-01 1.000323000000000073e+00
2.051250000000000018e+00 9.892066666666666785e-01 9.982556666666667633e-01 9.982556666666667633e-01 1.000360333333333296e+00
2.058749999999999858e+00 9.904478333333331941e-01 9.979240000000001443e-01 9.979240000000001443e-01 1.000283999999999951e+00
2.066250000000000142e+00 9.970988333333332676e-01 9.983268333333331634e-01 9.983268333333331634e-01 1.000428000000000095e+00
2.073749999999999982e+00 9.937256666666667293e-01 9.976173333333333559e-01 9.976173333333333559e-01 1.000217333333333292e+00
2.081249999999999822e+00 9.950803333333334555e-01 9.982095000000000828e-01 9.982095000000000828e-01 1.000295333333333536e+00
2.088750000000000107e+00 9.981906666666667816e-01 9.991101666666667436e-01 9.991101666666667436e-01 1.000413333333333377e+00
2.096249999999999947e+00 9.885473333333333334e-01 9.991981666666668316e-01 9.991981666666668316e-01 1.000326833333333276e+00
2.103749999999999787e+00 9.889598333333333713e-01 9.991661666666665775e-01 9.991661666666665775e-01 1.000598333333333256e+00
2.111250000000000071e+00 9.943093333333333783e-01 9.990053333333331897e-01 9.990053333333331897e-01 1.000582166666666772e+00
2.118749999999999911e+00 9.896668333333332734e-01 9.985206666666665010e-01 9.985206666666665010e-01 1.000117333333333303e+00
2.126250000000000195e+00 9.858833333333333337e-01 9.984248333333334280e-01 9.984248333333334280e-01 1.000343333333333362e+00
2.133750000000000036e+00 9.956583333333332009e-01 9.993343333333332135e-01 9.993343333333332135e-01 1.000387333333333295e+00
2.141249999999999876e+00 9.935631666666665529e-01 1.000092500000000051e+00 1.000092500000000051e+00 1.000356833333333251e+00
2.148750000000000160e+00 9.946668333333331669e-01 9.994918333333333571e-01 9.994918333333333571e-01 1.000524333333333127e+00
2.156250000000000000e+00 9.944939999999998781e-01 1.000594333333333363e+00 1.000594333333333363e+00 1.000237666666666803e+00
2.163749999999999840e+00 9.939469999999999139e-01 9.999926666666666408e-01 9.999926666666666408e-01 1.000469333333333433e+00
2.171250000000000124e+00 9.890606666666666991e-01 9.996196666666667952e-01 9.996196666666667952e-01 1.000147166666666587e+00
2.178749999999999964e+00 9.924454999999999805e-01 1.000481500000000024e+00 1.000481500000000024e+00 1.000001499999999988e+00
2.186249999999999805e+00 9.904838333333332301e-01 9.995711666666665662e-01 9.995711666666665662e-01 1.000342833333333292e+00
2.193750000000000089e+00 9.882773333333333410e-01 1.000564166666666699e+00 1.000564166666666699e+00 1.000122999999999873e+00
2.201249999999999929e+00 9.945845000000000935e-01 1.000412666666666839e+00 1.000412666666666839e+00 1.000213999999999936e+00
2.208750000000000213e+00 9.888918333333333033e-01 1.000152333333333532e+00 1.000152333333333532e+00 1.000171833333333149e+00
2.216250000000000053e+00 1.000431000000000070e+00 1.000817999999999985e+00 1.000817999999999985e+00 1.000485666666666607e+00
2.223749999999999893e+00 9.924046666666667127e-01 1.000927333333333502e+00 1.000927333333333502e+00 1.000076166666666433e+00
2.231250000000000178e+00 9.970198333333333274e-01 1.000804166666666717e+00 1.000804166666666717e+00 1.000156166666666957e+00
2.238750000000000018e+00 9.940650000000000874e-01 1.000283833333333261e+00 1.000283833333333261e+00 1.000278833333333228e+00
2.246249999999999858e+00 9.941289999999999294e-01 1.000521166666666684e+00 1.000521166666666684e+00 1.000191166666666520e+00
2.253750000000000142e+00 9.863691666666666302e-01 1.000416999999999890e+00 1.000416999999999890e+00 1.000334333333333214e+00
2.261249999999999982e+00 9.926186666666665381e-01 1.000490666666666639e+00 1.000490666666666639e+00 9.999948333333333883e-01
2.268749999999999822e+00 9.903140000000000276e-01 1.000816499999999998e+00 1.000816499999999998e+00 1.000278666666666538e+00
2.276250000000000107e+00 9.915563333333333729e-01 1.001260500000000109e+00 1.001260500000000109e+00 1.000157166666666653e+00
2.283749999999999947e+00 9.941143333333334331e-01 1.000454666666666936e+00 1.000454666666666936e+00 1.000120666666666658e+00
2.291249999999999787e+00 9.988303333333333756e-01 1.001496999999999860e+00 1.001496999999999860e+00 1.000256000000000034e+00
2.298750000000000071e+00 1.000047999999999826e+00 1.000569500000000112e+00 1.000569500000000112e+00 1.000013499999999889e+00
2.306249999999999911e+00 9.958664999999999878e-01 1.002188833333333307e+00 1.002188833333333307e+00 1.000010999999999983e+00
2.313750000000000195e+00 1.001437833333333360e+00 1.000858166666666715e+00 1.000858166666666715e+00 1.000131500000000173e+00
2.321250000000000036e+00 9.932228333333333881e-01 1.001331333333333129e+00 1.001331333333333129e+00 1.000064999999999982e+00
2.328749999999999876e+00 9.960215000000000041e-01 1.001318000000000152e+00 1.001318000000000152e+00 1.000133833333333166e+00
2.336250000000000160e+00 9.926928333333333576e-01 1.000044000000000155e+00 1.000044000000000155e+00 9.999601666666667610e-01
2.343750000000000000e+00 9.971078333333333044e-01 1.000986166666666621e+00 1.000986166666666621e+00 9.998226666666667484e-01
2.351249999999999840e+00 9.970696666666665209e-01 1.000762666666666689e+00 1.000762666666666689e+00 9.999620000000000175e-01
2.358750000000000124e+00 9.934916666666667728e-01 1.000456333333333392e+00 1.000456333333333392e+00 9.999704999999999844e-01
2.366249999999999964e+00 9.988561666666665451e-01 1.000856500000000038e+00 1.000856500000000038e+00 9.999109999999999943e-01
2.373749999999999805e+00 9.991619999999999946e-01 1.000654833333333382e+00 1.000654833333333382e+00 1.000063999999999842e+00
2.381250000000000089e+00 1.002285666666666630e+00 1.000721833333333199e+00 1.000721833333333199e+00 9.999004999999998589e-01
2.388749999999999929e+00 1.003894000000000064e+00 1.001348166666666595e+00 1.001348166666666595e+00 9.998610000000001108e-01
2.396250000000000213e+00 9.996716666666666251e-01 9.997056666666664926e-01 9.997056666666664926e-01 1.000086833333333480e+00
2.403750000000000053e+00 1.005306500000000103e+00 1.000991500000000034e+00 1.000991500000000034e+00 1.000036166666666615e+00
2.411249999999999893e+00 1.000433499999999976e+00 1.001587166666666695e+00 1.001587166666666695e+00 1.000067499999999887e+00
2.418750000000000178e+00 9.998146666666665183e-01 1.000817499999999916e+00 1.000817499999999916e+00 9.998719999999999830e-01
2.426250000000000018e+00 1.000151833333333462e+00 1.001266333333333369e+00 1.001266333333333369e+00 9.998384999999999634e-01
2.433749999999999858e+00 9.971496666666666009e-01 9.997980000000000755e-01 9.997980000000000755e-01 9.998546666666666694e-01
2.441250000000000142e+00 1.001272833333333390e+00 1.000245166666666741e+00 1.000245166666666741e+00 9.998961666666666970e-01
2.448749999999999982e+00 9.971046666666666392e-01 1.000292500000000029e+00 1.000292500000000029e+00 9.998841666666667960e-01
2.456249999999999822e+00 9.956580000000000430e-01 1.000197999999999920e+00 1.000197999999999920e+00 9.999338333333334106e-01
2.463750000000000107e+00 1.001751499999999906e+00 1.000542000000000042e+00 1.000542000000000042e+00 9.999146666666667294e-01
2.471249999999999947e+00 1.003128833333333469e+00 9.998084999999999889e-01 9.998084999999999889e-01 9.999078333333333291e-01
2.478749999999999787e+00 9.989113333333333733e-01 1.000123999999999791e+00 1.000123999999999791e+00 9.996846666666666659e-01
2.486250000000000071e+00 1.001560666666666988e+00 1.000167000000000028e+00 1.000167000000000028e+00 9.998606666666667309e-01
2.493749999999999911e+00 9.981174999999998798e-01 1.000717666666666839e+00 1.000717666666666839e+00 9.997470000000001633e-01
2.501250000000000195e+00 9.982016666666666538e-01 1.000380666666666807e+00 1.000380666666666807e+00 9.998430000000001483e-01
2.508750000000000036e+00 1.011238000000000081e+00 1.000175166666666726e+00 1.000175166666666726e+00 9.999843333333332529e-01
2.516249999999999876e+00 9.996078333333332511e-01 9.998853333333332927e-01 9.998853333333332927e-01 9.998144999999999394e-01
2.523750000000000160e+00 1.002569166666666733e+00 9.999396666666666711e-01 9.999396666666666711e-01 9.998531666666666817e-01
2.531250000000000000e+00 1.001097333333333284e+00 1.000349333333333091e+00 1.000349333333333091e+00 9.999163333333332959e-01
2.538749999999999840e+00 1.002505166666666669e+00 1.000467666666666533e+00 1.000467666666666533e+00 9.999826666666665753e-01
2.546250000000000124e+00 1.009252999999999956e+00 1.000072833333333300e+00 1.000072833333333300e+00 9.997068333333333223e-01
2.553749999999999964e+00 1.001622333333333392e+00 1.000303333333333322e+00 1.000303333333333322e+00 1.000005999999999950e+00
2.561249999999999805e+00 1.002890166666666749e+00 1.000250499999999931e+00 1.000250499999999931e+00 9.998965000000000769e-01
2.568750000000000089e+00 1.001330500000000123e+00 1.000255166666666584e+00 1.000255166666666584e+00 9.997526666666666229e-01
2.576249999999999929e+00 1.003469000000000166e+00 9.993151666666667543e-01 9.993151666666667543e-01 9.999343333333333694e-01
2.583750000000000213e+00 9.998351666666667192e-01 9.997239999999999460e-01 9.997239999999999460e-01 9.999169999999999447e-01
2.591250000000000053e+00 1.002627833333333385e+00 1.000284000000000173e+00 1.000284000000000173e+00 9.998236666666667771e-01
2.598749999999999893e+00 1.000305333333333380e+00 9.996386666666666754e-01 9.996386666666666754e-01 9.998226666666667484e-01
2.606250000000000178e+00 1.005393833333333431e+00 1.000327333333333568e+00 1.000327333333333568e+00 9.998960000000000070e-01
2.613750000000000018e+00 1.003098833333333273e+00 9.999721666666666620e-01 9.999721666666666620e-01 9.999141666666666595e-01
2.621249999999999858e+00 1.004070166666666708e+00 9.998904999999999044e-01 9.998904999999999044e-01 9.999019999999999575e-01
2.628750000000000142e+00 1.001611500000000099e+00 1.000098666666666469e+00 1.000098666666666469e+00 9.999619999999999065e-01
2.636249999999999982e+00 9.957975000000000021e-01 9.993496666666666917e-01 9.993496666666666917e-01 9.999561666666666460e-01
2.643749999999999822e+00 9.981626666666666425e-01 9.996016666666666106e-01 9.996016666666666106e-01 9.998896666666664546e-01
2.651250000000000107e+00 1.004097333333333397e+00 9.996450000000001168e-01 9.996450000000001168e-01 9.998283333333333189e-01
2.658749999999999947e+00 9.989400000000000501e-01 1.000197000000000225e+00 1.000197000000000225e+00 1.000060666666666709e+00
2.666249999999999787e+00 9.976604999999999501e-01 9.993443333333335010e-01 9.993443333333335010e-01 9.996696666666667896e-01
2.673750000000000071e+00 1.001054333333333490e+00 9.990908333333331504e-01 9.990908333333331504e-01 1.000016333333333174e+00
2.681249999999999911e+00 1.004204499999999944e+00 1.000183500000000114e+00 1.000183500000000114e+00 9.999618333333333275e-01
2.688750000000000195e+00 9.993344999999999034e-01 9.992663333333332565e-01 9.992663333333332565e-01 9.998399999999998400e-01
2.696250000000000036e+00 1.001112833333333230e+00 9.991718333333333701e-01 9.991718333333333701e-01 1.000036166666666615e+00
2.703749999999999876e+00 1.000316999999999901e+00 9.993639999999999191e-01 9.993639999999999191e-01 9.999525000000000219e-01
2.711250000000000160e+00 9.989726666666668420e-01 9.990186666666667215e-01 9.990186666666667215e-01 1.000052166666666631e+00
2.718750000000000000e+00 1.004005499999999884e+00 9.994463333333333255e-01 9.994463333333333255e-01 9.998761666666665660e-01
2.726249999999999840e+00 1.001951166666666948e+00 9.992066666666667984e-01 9.992066666666667984e-01 1.000009333333333306e+00
2.733750000000000124e+00 9.965298333333332259e-01 9.995498333333334706e-01 9.995498333333334706e-01 1.000070000000000014e+00
2.741249999999999964e+00 9.977588333333334836e-01 9.998740000000001515e-01 9.998740000000001515e-01 1.000080833333333308e+00
2.748749999999999805e+00 1.002192166666666884e+00 9.999385000000001744e-01 9.999385000000001744e-01 9.999725000000000419e-01
2.756250000000000089e+00 9.990088333333333459e-01 9.996338333333332216e-01 9.996338333333332216e-01 9.999454999999999316e-01
2.763749999999999929e+00 9.937209999999999654e-01 9.993103333333333005e-01 9.993103333333333005e-01 1.000027333333333379e+00
2.771250000000000213e+00 9.947175000000000322e-01 9.996540000000000425e-01 9.996540000000000425e-01 9.999991666666666612e-01
2.778750000000000053e+00 9.981436666666665403e-01 9.996966666666667889e-01 9.996966666666667889e-01 1.000029999999999974e+00
2.786249999999999893e+00 1.000565666666666687e+00 9.996690000000000298e-01 9.996690000000000298e-01 1.000055999999999834e+00
2.793750000000000178e+00 1.001371666666666549e+00 9.994318333333332971e-01 9.994318333333332971e-01 9.999398333333333611e-01
2.801250000000000018e+00 9.966551666666667586e-01 9.999546666666666583e-01 9.999546666666666583e-01 9.998314999999999841e-01
2.808749999999999858e+00 1.000850999999999935e+00 9.998445000000000249e-01 9.998445000000000249e-01 1.000110000000000054e+00
2.816250000000000142e+00 1.001822666666666750e+00 9.995836666666666481e-01 9.995836666666666481e-01 1.000046499999999838e+00
2.823749999999999982e+00 9.998136666666667116e-01 9.993416666666666837e-01 9.993416666666666837e-01 1.000071333333333312e+00
2.831249999999999822e+00 1.001640166666666776e+00 9.992776666666666197e-01 9.992776666666666197e-01 9.999171666666666347e-01
2.838750000000000107e+00 9.969411666666666560e-01 1.000104000000000104e+00 1.000104000000000104e+00 1.000094333333333418e+00
2.846249999999999947e+00 9.968731666666666991e-01 9.999296666666666056e-01 9.999296666666666056e-01 1.000033999999999867e+00
2.853749999999999787e+00 9.998336666666666206e-01 9.998274999999999801e-01 9.998274999999999801e-01 9.999416666666668396e-01
2.861250000000000071e+00 9.994109999999999383e-01 9.996766666666666579e-01 9.996766666666666579e-01 1.000005166666666723e+00
2.868749999999999911e+00 1.002957000000000098e+00 9.995323333333332450e-01 9.995323333333332450e-01 1.000080999999999998e+00
2.876250000000000195e+00 9.986209999999999809e-01 9.992383333333334505e-01 9.992383333333334505e-01 9.999580000000000135e-01
2.883750000000000036e+00 9.961513333333332776e-01 9.996383333333332954e-01 9.996383333333332954e-01 1.000049166666666878e+00
2.891249999999999876e+00 1.000844833333333295e+00 9.997630000000000683e-01 9.997630000000000683e-01 9.999850000000000128e-01
2.898750000000000160e+00 9.974881666666665092e-01 9.993866666666666454e-01 9.993866666666666454e-01 1.000021833333333277e+00
2.906250000000000000e+00 9.982378333333333797e-01 1.000302833333333252e+00 1.000302833333333252e+00 9.999778333333333435e-01
2.913749999999999840e+00 9.989461666666666906e-01 9.992176666666666707e-01 9.992176666666666707e-01 1.000059666666666791e+00
2.921250000000000124e+00 1.005011166666666567e+00 1.000034000000000090e+00 1.000034000000000090e+00 1.000144666666666682e+00
2.928749999999999964e+00 9.945938333333333992e-01 1.000036499999999995e+00 1.000036499999999995e+00 9.999833333333333352e-01
2.936249999999999805e+00 1.000375333333333394e+00 9.997509999999999453e-01 9.997509999999999453e-01 1.000050166666666573e+00
2.943750000000000089e+00 9.952253333333332952e-01 9.993735000000000257e-01 9.993735000000000257e-01 1.000033166666666640e+00
2.951249999999999929e+00 1.000925833333333292e+00 9.994833333333333902e-01 9.994833333333333902e-01 9.999446666666665928e-01
2.958750000000000213e+00 9.977113333333331724e-01 9.995843333333332970e-01 9.995843333333332970e-01 1.000130166666666653e+00
2.966250000000000053e+00 9.977583333333334137e-01 9.996101666666666885e-01 9.996101666666666885e-01 1.000099499999999919e+00
2.973749999999999893e+00 9.985453333333333958e-01 9.996548333333333813e-01 9.996548333333333813e-01 1.000058666666666873e+00
2.981250000000000178e+00 9.985238333333333882e-01 9.998003333333334020e-01 9.998003333333334020e-01 1.000011999999999901e+00
2.988750000000000018e+00 9.979543333333333877e-01 9.994211666666666938e-01 9.994211666666666938e-01 1.000038333333333362e+00
2.996249999999999858e+00 1.000872666666666744e+00 9.998000000000000220e-01 9.998000000000000220e-01 1.000014666666666718e+00
