3.749999999999999861e-03 0.000000000000000000e+00 0.000000000000000000e+00 0.000000000000000000e+00 0.000000000000000000e+00
1.124999999999999958e-02 0.000000000000000000e+00 0.000000000000000000e+00 0.000000000000000000e+00 0.000000000000000000e+00
1.874999999999999931e-02 0.000000000000000000e+00 0.000000000000000000e+00 0.000000000000000000e+00 0.000000000000000000e+00
2.624999999999999903e-02 0.000000000000000000e+00 0.000000000000000000e+00 0.000000000000000000e+00 0.000000000000000000e+00
3.375000000000000222e-02 0.000000000000000000e+00 0.000000000000000000e+00 0.000000000000000000e+00 0.000000000000000000e+00
4.125000000000000194e-02 0.000000000000000000e+00 0.000000000000000000e+00 0.000000000000000000e+00 0.000000000000000000e+00
4.875000000000000167e-02 0.000000000000000000e+00 0.000000000000000000e+00 0.000000000000000000e+00 0.000000000000000000e+00
5.625000000000000139e-02 0.000000000000000000e+00 0.000000000000000000e+00 0.000000000000000000e+00 0.000000000000000000e+00
6.375000000000000111e-02 0.000000000000000000e+00 0.000000000000000000e+00 0.000000000000000000e+00 0.000000000000000000e+00
7.124999999999999389e-02 0.000000000000000000e+00 0.000000000000000000e+00 0.000000000000000000e+00 0.000000000000000000e+00
7.875000000000000056e-02 0.000000000000000000e+00 0.000000000000000000e+00 0.000000000000000000e+00 0.000000000000000000e+00
8.624999999999999334e-02 0.000000000000000000e+00 0.000000000000000000e+00 0.000000000000000000e+00 0.000000000000000000e+00
9.375000000000000000e-02 0.000000000000000000e+00 0.000000000000000000e+00 0.000000000000000000e+00 0.000000000000000000e+00
1.012500000000000067e-01 0.000000000000000000e+00 0.000000000000000000e+00 0.000000000000000000e+00 0.000000000000000000e+00
1.087499999999999994e-01 0.000000000000000000e+00 0.000000000000000000e+00 0.000000000000000000e+00 0.000000000000000000e+00
1.162500000000000061e-01 0.000000000000000000e+00 0.000000000000000000e+00 0.000000000000000000e+00 0.000000000000000000e+00
1.237499999999999989e-01 0.000000000000000000e+00 0.000000000000000000e+00 0.000000000000000000e+00 0.000000000000000000e+00
1.312500000000000056e-01 0.000000000000000000e+00 0.000000000000000000e+00 0.000000000000000000e+00 0.000000000000000000e+00
1.387500000000000122e-01 0.000000000000000000e+00 0.000000000000000000e+00 0.000000000000000000e+00 0.000000000000000000e+00
1.462499999999999911e-01 0.000000000000000000e+00 0.000000000000000000e+00 0.000000000000000000e+00 0.000000000000000000e+00
1.537499999999999978e-01 0.000000000000000000e+00 0.000000000000000000e+00 0.000000000000000000e+00 0.000000000000000000e+00
1.612500000000000044e-01 0.000000000000000000e+00 0.000000000000000000e+00 0.000000000000000000e+00 0.000000000000000000e+00
1.687500000000000111e-01 0.000000000000000000e+00 0.000000000000000000e+00 0.000000000000000000e+00 0.000000000000000000e+00
1.762499999999999900e-01 0.000000000000000000e+00 0.000000000000000000e+00 0.000000000000000000e+00 0.000000000000000000e+00
1.837499999999999967e-01 0.000000000000000000e+00 0.000000000000000000e+00 0.000000000000000000e+00 0.000000000000000000e+00
1.912500000000000033e-01 0.000000000000000000e+00 0.000000000000000000e+00 0.000000000000000000e+00 0.000000000000000000e+00
1.987500000000000100e-01 0.000000000000000000e+00 0.000000000000000000e+00 0.000000000000000000e+00 5.957500000000000339e-04
2.062499999999999889e-01 0.000000000000000000e+00 0.000000000000000000e+00 0.000000000000000000e+00 1.406109999999999860e-01
2.137499999999999956e-01 0.000000000000000000e+00 0.000000000000000000e+00 0.000000000000000000e+00 1.797517500000000101e+00
2.212500000000000022e-01 0.000000000000000000e+00 0.000000000000000000e+00 0.000000000000000000e+00 4.276965249999999941e+00
2.287500000000000089e-01 0.000000000000000000e+00 0.000000000000000000e+00 0.000000000000000000e+00 4.290774499999999492e+00
2.362499999999999878e-01 0.000000000000000000e+00 0.000000000000000000e+00 0.000000000000000000e+00 3.831199750000000126e+00
2.437499999999999944e-01 0.000000000000000000e+00 0.000000000000000000e+00 0.000000000000000000e+00 3.437485750000000007e+00
2.512499999999999734e-01 0.000000000000000000e+00 0.000000000000000000e+00 0.000000000000000000e+00 3.090251999999999999e+00
2.587499999999999800e-01 0.000000000000000000e+00 0.000000000000000000e+00 0.000000000000000000e+00 2.801675750000000242e+00
2.662499999999999867e-01 0.000000000000000000e+00 0.000000000000000000e+00 0.000000000000000000e+00 2.553787750000000134e+00
2.737499999999999933e-01 0.000000000000000000e+00 0.000000000000000000e+00 0.000000000000000000e+00 2.338443500000000341e+00
2.812500000000000000e-01 0.000000000000000000e+00 0.000000000000000000e+00 0.000000000000000000e+00 2.154019250000000163e+00
2.887500000000000067e-01 0.000000000000000000e+00 0.000000000000000000e+00 0.000000000000000000e+00 1.997567999999999788e+00
2.962500000000000133e-01 0.000000000000000000e+00 0.000000000000000000e+00 0.000000000000000000e+00 1.860202000000000133e+00
3.037500000000000200e-01 0.000000000000000000e+00 0.000000000000000000e+00 0.000000000000000000e+00 1.744914000000000076e+00
3.112500000000000266e-01 0.000000000000000000e+00 0.000000000000000000e+00 0.000000000000000000e+00 1.645689500000000027e+00
3.187499999999999778e-01 0.000000000000000000e+00 0.000000000000000000e+00 0.000000000000000000e+00 1.566394249999999877e+00
3.262499999999999845e-01 0.000000000000000000e+00 0.000000000000000000e+00 0.000000000000000000e+00 1.496429999999999927e+00
3.337499999999999911e-01 0.000000000000000000e+00 0.000000000000000000e+00 0.000000000000000000e+00 1.441035000000000066e+00
3.412499999999999978e-01 0.000000000000000000e+00 0.000000000000000000e+00 0.000000000000000000e+00 1.393021999999999982e+00
3.487500000000000044e-01 0.000000000000000000e+00 0.000000000000000000e+00 0.000000000000000000e+00 1.362023749999999866e+00
3.562500000000000111e-01 0.000000000000000000e+00 0.000000000000000000e+00 0.000000000000000000e+00 1.336753999999999998e+00
3.637500000000000178e-01 0.000000000000000000e+00 0.000000000000000000e+00 0.000000000000000000e+00 1.322048249999999925e+00
3.712500000000000244e-01 0.000000000000000000e+00 0.000000000000000000e+00 0.000000000000000000e+00 1.314000999999999975e+00
3.787499999999999756e-01 0.000000000000000000e+00 0.000000000000000000e+00 0.000000000000000000e+00 1.317548500000000011e+00
3.862499999999999822e-01 0.000000000000000000e+00 0.000000000000000000e+00 0.000000000000000000e+00 1.326308500000000112e+00
3.937499999999999889e-01 0.000000000000000000e+00 0.000000000000000000e+00 0.000000000000000000e+00 1.343261250000000073e+00
4.012499999999999956e-01 0.000000000000000000e+00 0.000000000000000000e+00 0.000000000000000000e+00 1.365011999999999892e+00
4.087500000000000022e-01 0.000000000000000000e+00 0.000000000000000000e+00 0.000000000000000000e+00 1.392292750000000190e+00
4.162500000000000089e-01 0.000000000000000000e+00 0.000000000000000000e+00 0.000000000000000000e+00 1.421725499999999975e+00
4.237500000000000155e-01 0.000000000000000000e+00 0.000000000000000000e+00 0.000000000000000000e+00 1.459671249999999976e+00
4.312500000000000222e-01 0.000000000000000000e+00 0.000000000000000000e+00 0.000000000000000000e+00 1.495665999999999940e+00
4.387499999999999734e-01 0.000000000000000000e+00 0.000000000000000000e+00 0.000000000000000000e+00 1.521681500000000131e+00
4.462499999999999800e-01 0.000000000000000000e+00 0.000000000000000000e+00 0.000000000000000000e+00 1.539455249999999831e+00
4.537499999999999867e-01 0.000000000000000000e+00 0.000000000000000000e+00 0.000000000000000000e+00 1.538366500000000192e+00
4.612499999999999933e-01 0.000000000000000000e+00 0.000000000000000000e+00 0.000000000000000000e+00 1.531567750000000006e+00
4.687500000000000000e-01 0.000000000000000000e+00 0.000000000000000000e+00 0.000000000000000000e+00 1.515751999999999988e+00
4.762500000000000067e-01 0.000000000000000000e+00 0.000000000000000000e+00 0.000000000000000000e+00 1.494104249999999912e+00
4.837500000000000133e-01 0.000000000000000000e+00 0.000000000000000000e+00 0.000000000000000000e+00 1.469082750000000104e+00
4.912500000000000200e-01 0.000000000000000000e+00 0.000000000000000000e+00 0.000000000000000000e+00 1.445415000000000116e+00
4.987500000000000266e-01 0.000000000000000000e+00 0.000000000000000000e+00 0.000000000000000000e+00 1.417485499999999954e+00
5.062499999999999778e-01 0.000000000000000000e+00 0.000000000000000000e+00 0.000000000000000000e+00 1.390874500000000014e+00
5.137500000000000400e-01 0.000000000000000000e+00 0.000000000000000000e+00 0.000000000000000000e+00 1.365390750000000208e+00
5.212499999999999911e-01 0.000000000000000000e+00 0.000000000000000000e+00 0.000000000000000000e+00 1.340877249999999909e+00
5.287500000000000533e-01 0.000000000000000000e+00 0.000000000000000000e+00 0.000000000000000000e+00 1.317587500000000134e+00
5.362500000000000044e-01 0.000000000000000000e+00 0.000000000000000000e+00 0.000000000000000000e+00 1.296148499999999926e+00
5.437499999999999556e-01 0.000000000000000000e+00 0.000000000000000000e+00 0.000000000000000000e+00 1.275891749999999991e+00
5.512500000000000178e-01 0.000000000000000000e+00 0.000000000000000000e+00 0.000000000000000000e+00 1.258937749999999856e+00
5.587499999999999689e-01 0.000000000000000000e+00 0.000000000000000000e+00 0.000000000000000000e+00 1.242379249999999935e+00
5.662500000000000311e-01 0.000000000000000000e+00 0.000000000000000000e+00 0.000000000000000000e+00 1.230598249999999894e+00
5.737499999999999822e-01 0.000000000000000000e+00 0.000000000000000000e+00 0.000000000000000000e+00 1.218440499999999815e+00
5.812500000000000444e-01 0.000000000000000000e+00 0.000000000000000000e+00 0.000000000000000000e+00 1.208525749999999954e+00
5.887499999999999956e-01 0.000000000000000000e+00 1.599999999999999928e-05 1.599999999999999928e-05 1.201594749999999934e+00
5.962499999999999467e-01 0.000000000000000000e+00 3.112500000000000032e-04 3.112500000000000032e-04 1.195053000000000143e+00
6.037500000000000089e-01 0.000000000000000000e+00 4.169499999999999595e-03 4.169499999999999595e-03 1.190237750000000094e+00
6.112499999999999600e-01 0.000000000000000000e+00 3.297049999999999981e-02 3.297049999999999981e-02 1.187722249999999979e+00
6.187500000000000222e-01 0.000000000000000000e+00 1.606839999999999935e-01 1.606839999999999935e-01 1.184501000000000026e+00
6.262499999999999734e-01 0.000000000000000000e+00 5.228877499999999845e-01 5.228877499999999845e-01 1.182341000000000086e+00
6.337500000000000355e-01 0.000000000000000000e+00 1.211790750000000028e+00 1.211790750000000028e+00 1.180701500000000070e+00
6.412499999999999867e-01 0.000000000000000000e+00 2.149457500000000021e+00 2.149457500000000021e+00 1.177994500000000055e+00
6.487500000000000488e-01 0.000000000000000000e+00 3.063616999999999813e+00 3.063616999999999813e+00 1.176644999999999941e+00
6.562500000000000000e-01 0.000000000000000000e+00 3.662424750000000007e+00 3.662424750000000007e+00 1.173148499999999927e+00
6.637499999999999512e-01 0.000000000000000000e+00 3.784658499999999925e+00 3.784658499999999925e+00 1.170477750000000094e+00
6.712500000000000133e-01 0.000000000000000000e+00 3.490755749999999935e+00 3.490755749999999935e+00 1.165332999999999952e+00
6.787499999999999645e-01 0.000000000000000000e+00 3.023079749999999954e+00 3.023079749999999954e+00 1.160369999999999902e+00
6.862500000000000266e-01 0.000000000000000000e+00 2.610974750000000011e+00 2.610974750000000011e+00 1.154879250000000024e+00
6.937499999999999778e-01 0.000000000000000000e+00 2.272575500000000304e+00 2.272575500000000304e+00 1.148907249999999935e+00
7.012500000000000400e-01 0.000000000000000000e+00 1.984613749999999843e+00 1.984613749999999843e+00 1.141478999999999910e+00
7.087499999999999911e-01 0.000000000000000000e+00 1.754856749999999854e+00 1.754856749999999854e+00 1.134763750000000071e+00
7.162500000000000533e-01 0.000000000000000000e+00 1.561433749999999954e+00 1.561433749999999954e+00 1.128101500000000090e+00
7.237500000000000044e-01 0.000000000000000000e+00 1.406779499999999850e+00 1.406779499999999850e+00 1.120177250000000013e+00
7.312499999999999556e-01 0.000000000000000000e+00 1.269178999999999835e+00 1.269178999999999835e+00 1.113846500000000184e+00
7.387500000000000178e-01 0.000000000000000000e+00 1.158373749999999980e+00 1.158373749999999980e+00 1.106184499999999904e+00
7.462499999999999689e-01 0.000000000000000000e+00 1.078753250000000108e+00 1.078753250000000108e+00 1.098886499999999877e+00
7.537500000000000311e-01 0.000000000000000000e+00 1.006733249999999913e+00 1.006733249999999913e+00 1.093614000000000086e+00
7.612499999999999822e-01 0.000000000000000000e+00 9.535197499999999993e-01 9.535197499999999993e-01 1.087018999999999957e+00
7.687500000000000444e-01 0.000000000000000000e+00 9.105480000000000240e-01 9.105480000000000240e-01 1.081135500000000027e+00
7.762499999999999956e-01 0.000000000000000000e+00 8.808279999999999443e-01 8.808279999999999443e-01 1.076197500000000140e+00
7.837499999999999467e-01 0.000000000000000000e+00 8.599192500000000239e-01 8.599192500000000239e-01 1.071223000000000036e+00
7.912500000000000089e-01 0.000000000000000000e+00 8.514924999999999855e-01 8.514924999999999855e-01 1.066923000000000066e+00
7.987499999999999600e-01 0.000000000000000000e+00 8.514817500000000372e-01 8.514817500000000372e-01 1.062952750000000002e+00
8.062500000000000222e-01 0.000000000000000000e+00 8.643912499999999444e-01 8.643912499999999444e-01 1.058987750000000005e+00
8.137499999999999734e-01 0.000000000000000000e+00 8.837024999999999464e-01 8.837024999999999464e-01 1.055843749999999970e+00
8.212500000000000355e-01 0.000000000000000000e+00 9.181682499999999081e-01 9.181682499999999081e-01 1.053478999999999832e+00
8.287499999999999867e-01 0.000000000000000000e+00 9.596705000000000929e-01 9.596705000000000929e-01 1.049655500000000075e+00
8.362500000000000488e-01 0.000000000000000000e+00 1.008314750000000037e+00 1.008314750000000037e+00 1.047457249999999895e+00
8.437500000000000000e-01 0.000000000000000000e+00 1.066036500000000053e+00 1.066036500000000053e+00 1.045104000000000033e+00
8.512499999999999512e-01 0.000000000000000000e+00 1.118769749999999785e+00 1.118769749999999785e+00 1.042245000000000088e+00
8.587500000000000133e-01 0.000000000000000000e+00 1.170618000000000158e+00 1.170618000000000158e+00 1.040155750000000046e+00
8.662499999999999645e-01 0.000000000000000000e+00 1.210753999999999886e+00 1.210753999999999886e+00 1.037452249999999854e+00
8.737500000000000266e-01 0.000000000000000000e+00 1.239053750000000065e+00 1.239053750000000065e+00 1.036194999999999977e+00
8.812499999999999778e-01 0.000000000000000000e+00 1.247434249999999967e+00 1.247434249999999967e+00 1.033903500000000086e+00
8.887500000000000400e-01 0.000000000000000000e+00 1.243162250000000135e+00 1.243162250000000135e+00 1.031399500000000025e+00
8.962499999999999911e-01 0.000000000000000000e+00 1.227460999999999913e+00 1.227460999999999913e+00 1.029660000000000020e+00
9.037500000000000533e-01 0.000000000000000000e+00 1.200461000000000000e+00 1.200461000000000000e+00 1.027935000000000043e+00
9.112500000000000044e-01 0.000000000000000000e+00 1.169299500000000158e+00 1.169299500000000158e+00 1.026007749999999996e+00
9.187499999999999556e-01 0.000000000000000000e+00 1.138463250000000038e+00 1.138463250000000038e+00 1.023964249999999909e+00
9.262500000000000178e-01 0.000000000000000000e+00 1.105711250000000145e+00 1.105711250000000145e+00 1.022181000000000006e+00
9.337499999999999689e-01 0.000000000000000000e+00 1.072443000000000035e+00 1.072443000000000035e+00 1.020654249999999985e+00
9.412500000000000311e-01 0.000000000000000000e+00 1.043549249999999873e+00 1.043549249999999873e+00 1.018814749999999991e+00
9.487499999999999822e-01 0.000000000000000000e+00 1.009457999999999966e+00 1.009457999999999966e+00 1.017180999999999891e+00
9.562500000000000444e-01 0.000000000000000000e+00 9.860640000000000516e-01 9.860640000000000516e-01 1.016023249999999933e+00
9.637499999999999956e-01 1.840000000000000001e-04 9.596225000000000449e-01 9.596225000000000449e-01 1.015088749999999873e+00
9.712499999999999467e-01 7.240000000000000342e-04 9.397780000000000022e-01 9.397780000000000022e-01 1.013653249999999950e+00
9.787500000000000089e-01 5.259750000000000536e-03 9.226380000000000692e-01 9.226380000000000692e-01 1.012529750000000117e+00
9.862499999999999600e-01 3.081624999999999989e-02 9.065205000000000624e-01 9.065205000000000624e-01 1.011533250000000050e+00
9.937500000000000222e-01 1.182109999999999966e-01 8.950037499999998758e-01 8.950037499999998758e-01 1.010512499999999925e+00
1.001249999999999973e+00 3.713172500000000431e-01 8.886899999999999800e-01 8.886899999999999800e-01 1.010042499999999954e+00
1.008750000000000036e+00 9.278420000000000556e-01 8.802017500000000050e-01 8.802017500000000050e-01 1.009289749999999986e+00
1.016250000000000098e+00 1.903889249999999977e+00 8.774572499999999664e-01 8.774572499999999664e-01 1.009335249999999906e+00
1.023749999999999938e+00 3.314802750000000131e+00 8.777410000000001045e-01 8.777410000000001045e-01 1.008773499999999768e+00
1.031250000000000000e+00 4.921905250000000009e+00 8.764454999999999885e-01 8.764454999999999885e-01 1.008304249999999902e+00
1.038750000000000062e+00 6.465557749999999437e+00 8.791824999999999779e-01 8.791824999999999779e-01 1.008013999999999966e+00
1.046249999999999902e+00 7.609403499999999987e+00 8.836180000000000145e-01 8.836180000000000145e-01 1.008575500000000069e+00
1.053749999999999964e+00 8.133188499999999266e+00 8.896192499999999725e-01 8.896192499999999725e-01 1.008765750000000017e+00
1.061250000000000027e+00 8.028570999999999458e+00 8.941025000000000222e-01 8.941025000000000222e-01 1.008820999999999968e+00
1.068750000000000089e+00 7.352342000000000155e+00 8.993660000000001098e-01 8.993660000000001098e-01 1.009260500000000116e+00
1.076249999999999929e+00 6.398331499999999394e+00 9.029849999999999266e-01 9.029849999999999266e-01 1.009774500000000019e+00
1.083749999999999991e+00 5.308737999999999957e+00 9.049587499999999229e-01 9.049587499999999229e-01 1.010505999999999904e+00
1.091250000000000053e+00 4.223005749999999558e+00 9.077462500000000878e-01 9.077462500000000878e-01 1.011340499999999976e+00
1.098749999999999893e+00 3.260756250000000023e+00 9.100162499999999710e-01 9.100162499999999710e-01 1.012092999999999909e+00
1.106249999999999956e+00 2.472059999999999924e+00 9.089445000000000441e-01 9.089445000000000441e-01 1.012907999999999920e+00
1.113750000000000018e+00 1.810330250000000030e+00 9.083014999999999839e-01 9.083014999999999839e-01 1.014068250000000004e+00
1.121250000000000080e+00 1.342429499999999942e+00 9.060427500000000078e-01 9.060427500000000078e-01 1.015197750000000010e+00
1.128749999999999920e+00 9.987650000000000139e-01 8.999552499999999844e-01 8.999552499999999844e-01 1.016789999999999861e+00
1.136249999999999982e+00 7.650972500000000620e-01 8.952819999999999112e-01 8.952819999999999112e-01 1.017765500000000101e+00
1.143750000000000044e+00 6.029277500000000956e-01 8.921027499999999444e-01 8.921027499999999444e-01 1.019487000000000032e+00
1.151250000000000107e+00 4.927790000000000226e-01 8.868975000000000053e-01 8.868975000000000053e-01 1.020616500000000038e+00
1.158749999999999947e+00 4.099087499999999884e-01 8.819492500000000179e-01 8.819492500000000179e-01 1.022394250000000060e+00
1.166250000000000009e+00 3.575015000000000276e-01 8.772855000000000514e-01 8.772855000000000514e-01 1.023902000000000090e+00
1.173750000000000071e+00 3.150117499999999793e-01 8.737719999999999931e-01 8.737719999999999931e-01 1.025957000000000008e+00
1.181249999999999911e+00 2.918074999999999974e-01 8.704164999999999264e-01 8.704164999999999264e-01 1.028333500000000011e+00
1.188749999999999973e+00 2.787094999999999989e-01 8.664762500000000589e-01 8.664762500000000589e-01 1.030341249999999986e+00
1.196250000000000036e+00 2.714664999999999995e-01 8.646589999999999554e-01 8.646589999999999554e-01 1.032118749999999974e+00
1.203750000000000098e+00 2.723962500000000064e-01 8.617772500000000502e-01 8.617772500000000502e-01 1.034775000000000000e+00
1.211249999999999938e+00 2.855639999999999845e-01 8.630402500000000643e-01 8.630402500000000643e-01 1.036967750000000077e+00
1.218750000000000000e+00 3.032177500000000081e-01 8.641812500000000119e-01 8.641812500000000119e-01 1.039580249999999984e+00
1.226250000000000062e+00 3.389337500000000336e-01 8.651907500000000084e-01 8.651907500000000084e-01 1.041088999999999931e+00
1.233749999999999902e+00 3.794275000000000286e-01 8.647909999999999764e-01 8.647909999999999764e-01 1.044268499999999822e+00
1.241249999999999964e+00 4.361034999999999773e-01 8.695542499999999730e-01 8.695542499999999730e-01 1.046310749999999956e+00
1.248750000000000027e+00 5.048120000000000385e-01 8.725130000000000940e-01 8.725130000000000940e-01 1.049151249999999980e+00
1.256250000000000089e+00 5.817557500000000159e-01 8.774692499999999784e-01 8.774692499999999784e-01 1.052066500000000016e+00
1.263749999999999929e+00 6.850755000000000594e-01 8.820974999999999788e-01 8.820974999999999788e-01 1.054920500000000150e+00
1.271249999999999991e+00 8.050524999999999487e-01 8.873214999999999852e-01 8.873214999999999852e-01 1.057734750000000057e+00
1.278750000000000053e+00 9.137162500000000076e-01 8.946959999999999358e-01 8.946959999999999358e-01 1.059715499999999810e+00
1.286249999999999893e+00 9.957445000000000324e-01 8.984754999999999825e-01 8.984754999999999825e-01 1.061640000000000139e+00
1.293749999999999956e+00 1.076937000000000033e+00 9.033079999999998888e-01 9.033079999999998888e-01 1.062344750000000282e+00
1.301250000000000018e+00 1.117715749999999897e+00 9.068315000000000126e-01 9.068315000000000126e-01 1.062388749999999993e+00
1.308750000000000080e+00 1.115113000000000021e+00 9.121479999999999588e-01 9.121479999999999588e-01 1.061211000000000126e+00
1.316249999999999920e+00 1.085287999999999808e+00 9.138157499999999267e-01 9.138157499999999267e-01 1.059766999999999904e+00
1.323749999999999982e+00 1.048609250000000159e+00 9.161245000000000083e-01 9.161245000000000083e-01 1.056934249999999853e+00
1.331250000000000044e+00 9.971702500000000358e-01 9.198934999999999196e-01 9.198934999999999196e-01 1.053936999999999902e+00
1.338750000000000107e+00 9.350927499999999171e-01 9.219889999999999475e-01 9.219889999999999475e-01 1.050733000000000139e+00
1.346249999999999947e+00 8.660402500000000670e-01 9.216659999999999853e-01 9.216659999999999853e-01 1.047067999999999888e+00
1.353750000000000009e+00 8.193325000000000191e-01 9.203867500000000312e-01 9.203867500000000312e-01 1.044048749999999970e+00
1.361250000000000071e+00 7.519379999999999953e-01 9.228434999999999278e-01 9.228434999999999278e-01 1.040768499999999985e+00
1.368749999999999911e+00 7.130885000000000140e-01 9.241705000000000059e-01 9.241705000000000059e-01 1.038137250000000122e+00
1.376249999999999973e+00 6.680510000000000614e-01 9.230902500000000011e-01 9.230902500000000011e-01 1.036239499999999980e+00
1.383750000000000036e+00 6.407592500000000024e-01 9.265727500000000560e-01 9.265727500000000560e-01 1.034117750000000058e+00
1.391250000000000098e+00 6.118095000000000061e-01 9.270907499999999635e-01 9.270907499999999635e-01 1.031967499999999927e+00
1.398749999999999938e+00 5.851882500000000764e-01 9.294529999999999736e-01 9.294529999999999736e-01 1.030163250000000197e+00
1.406250000000000000e+00 5.666120000000000045e-01 9.311207499999999415e-01 9.311207499999999415e-01 1.029052500000000148e+00
1.413750000000000062e+00 5.635647499999999477e-01 9.337784999999999558e-01 9.337784999999999558e-01 1.028090750000000053e+00
1.421249999999999902e+00 5.483737499999999931e-01 9.381570000000000187e-01 9.381570000000000187e-01 1.027807999999999833e+00
1.428749999999999964e+00 5.511657500000000098e-01 9.418242500000000295e-01 9.418242500000000295e-01 1.027457749999999947e+00
1.436250000000000027e+00 5.447207499999999758e-01 9.469147499999999162e-01 9.469147499999999162e-01 1.027490000000000014e+00
1.443750000000000089e+00 5.652557499999999457e-01 9.530665000000000386e-01 9.530665000000000386e-01 1.027047999999999961e+00
1.451249999999999929e+00 5.741467499999999280e-01 9.591762499999999525e-01 9.591762499999999525e-01 1.026941499999999952e+00
1.458749999999999991e+00 6.000822500000000392e-01 9.628005000000000591e-01 9.628005000000000591e-01 1.027203000000000088e+00
1.466250000000000053e+00 6.193809999999999594e-01 9.708887499999999671e-01 9.708887499999999671e-01 1.027268500000000140e+00
1.473749999999999893e+00 6.401439999999999353e-01 9.745694999999999775e-01 9.745694999999999775e-01 1.027622250000000070e+00
1.481249999999999956e+00 6.623237499999998779e-01 9.789694999999999370e-01 9.789694999999999370e-01 1.027356500000000006e+00
1.488750000000000018e+00 6.778610000000000468e-01 9.849372500000000974e-01 9.849372500000000974e-01 1.027268499999999918e+00
1.496250000000000080e+00 7.054124999999999979e-01 9.896482500000000071e-01 9.896482500000000071e-01 1.027119250000000150e+00
1.503749999999999920e+00 7.182959999999999345e-01 9.935035000000000949e-01 9.935035000000000949e-01 1.026499000000000050e+00
1.511249999999999982e+00 7.327592499999999731e-01 9.975822500000000037e-01 9.975822500000000037e-01 1.026374750000000002e+00
1.518750000000000044e+00 7.432739999999999903e-01 1.002944750000000163e+00 1.002944750000000163e+00 1.025380750000000063e+00
1.526250000000000107e+00 7.753597500000000142e-01 1.007619249999999855e+00 1.007619249999999855e+00 1.024178250000000068e+00
1.533749999999999947e+00 7.815177499999999000e-01 1.010972250000000017e+00 1.010972250000000017e+00 1.022753499999999871e+00
1.541250000000000009e+00 7.775609999999999467e-01 1.017536500000000066e+00 1.017536500000000066e+00 1.021358250000000023e+00
1.548750000000000071e+00 7.852864999999999984e-01 1.021700249999999865e+00 1.021700249999999865e+00 1.019931999999999839e+00
1.556249999999999911e+00 7.789347500000001201e-01 1.026336000000000137e+00 1.026336000000000137e+00 1.018394000000000021e+00
1.563749999999999973e+00 7.907580000000000719e-01 1.032540500000000083e+00 1.032540500000000083e+00 1.016868749999999988e+00
1.571250000000000036e+00 7.794222499999999831e-01 1.038459749999999904e+00 1.038459749999999904e+00 1.015167500000000000e+00
1.578750000000000098e+00 7.858080000000000620e-01 1.044038749999999904e+00 1.044038749999999904e+00 1.013656999999999808e+00
1.586249999999999938e+00 7.931922499999999321e-01 1.050166750000000038e+00 1.050166750000000038e+00 1.011936500000000017e+00
1.593750000000000000e+00 7.773054999999999826e-01 1.056578749999999900e+00 1.056578749999999900e+00 1.011079000000000061e+00
1.601250000000000062e+00 7.905910000000000437e-01 1.064699999999999980e+00 1.064699999999999980e+00 1.009476250000000075e+00
1.608749999999999902e+00 7.914860000000000229e-01 1.069652000000000047e+00 1.069652000000000047e+00 1.008110249999999875e+00
1.616249999999999964e+00 7.879822499999999952e-01 1.077638749999999979e+00 1.077638749999999979e+00 1.007173749999999979e+00
1.623750000000000027e+00 7.844769999999999799e-01 1.085138750000000041e+00 1.085138750000000041e+00 1.005913749999999940e+00
1.631250000000000089e+00 7.906305000000000138e-01 1.092766750000000009e+00 1.092766750000000009e+00 1.005422749999999921e+00
1.638749999999999929e+00 7.991190000000000238e-01 1.098391250000000152e+00 1.098391250000000152e+00 1.004630000000000134e+00
1.646249999999999991e+00 8.054040000000000088e-01 1.105924250000000164e+00 1.105924250000000164e+00 1.003827000000000025e+00
1.653750000000000053e+00 8.121974999999999056e-01 1.112149000000000054e+00 1.112149000000000054e+00 1.003665999999999947e+00
1.661249999999999893e+00 8.172582499999998529e-01 1.117561250000000062e+00 1.117561250000000062e+00 1.002878749999999819e+00
1.668749999999999956e+00 8.156325000000000935e-01 1.122708250000000074e+00 1.122708250000000074e+00 1.002559750000000083e+00
1.676250000000000018e+00 8.214492500000000197e-01 1.124280500000000016e+00 1.124280500000000016e+00 1.001977750000000000e+00
1.683750000000000080e+00 8.389685000000000059e-01 1.125748250000000006e+00 1.125748250000000006e+00 1.001865500000000075e+00
1.691249999999999920e+00 8.521147500000000319e-01 1.121942500000000065e+00 1.121942500000000065e+00 1.001911999999999914e+00
1.698749999999999982e+00 8.575980000000000825e-01 1.114781749999999905e+00 1.114781749999999905e+00 1.001332749999999994e+00
1.706250000000000044e+00 8.777660000000000462e-01 1.107593250000000085e+00 1.107593250000000085e+00 1.001154499999999947e+00
1.713750000000000107e+00 9.030437500000000339e-01 1.096747000000000138e+00 1.096747000000000138e+00 1.001275249999999950e+00
1.721249999999999947e+00 9.215082500000000287e-01 1.085162500000000030e+00 1.085162500000000030e+00 1.000855500000000120e+00
1.728750000000000009e+00 9.273027499999999534e-01 1.073344999999999994e+00 1.073344999999999994e+00 1.000538250000000184e+00
1.736250000000000071e+00 9.536992499999999984e-01 1.059661249999999999e+00 1.059661249999999999e+00 1.000396000000000063e+00
1.743749999999999911e+00 9.651727500000000237e-01 1.047360499999999917e+00 1.047360499999999917e+00 9.997637500000000621e-01
1.751249999999999973e+00 9.822067500000000173e-01 1.036039500000000002e+00 1.036039500000000002e+00 9.996672500000000072e-01
1.758750000000000036e+00 1.006231749999999980e+00 1.025015999999999927e+00 1.025015999999999927e+00 9.992870000000000363e-01
1.766250000000000098e+00 1.036110749999999969e+00 1.016679749999999993e+00 1.016679749999999993e+00 9.987455000000000638e-01
1.773749999999999938e+00 1.066941499999999987e+00 1.007668250000000043e+00 1.007668250000000043e+00 9.986414999999999598e-01
1.781250000000000000e+00 1.095898749999999922e+00 1.001087000000000060e+00 1.001087000000000060e+00 9.984497500000000247e-01
1.788750000000000062e+00 1.126949999999999896e+00 9.965895000000000170e-01 9.965895000000000170e-01 9.978624999999999856e-01
1.796249999999999902e+00 1.154427500000000162e+00 9.927300000000000013e-01 9.927300000000000013e-01 9.975592500000000085e-01
1.803749999999999964e+00 1.180754250000000116e+00 9.909387499999999793e-01 9.909387499999999793e-01 9.971947500000000186e-01
1.811250000000000027e+00 1.203898999999999830e+00 9.877480000000000704e-01 9.877480000000000704e-01 9.969635000000001135e-01
1.818750000000000089e+00 1.208267000000000202e+00 9.886312500000000725e-01 9.886312500000000725e-01 9.967645000000000532e-01
1.826249999999999929e+00 1.210166749999999958e+00 9.878747500000000237e-01 9.878747500000000237e-01 9.967477499999999324e-01
1.833749999999999991e+00 1.202548500000000020e+00 9.878215000000000190e-01 9.878215000000000190e-01 9.966052499999999981e-01
1.841250000000000053e+00 1.181965750000000037e+00 9.883839999999999293e-01 9.883839999999999293e-01 9.965424999999999978e-01
1.848749999999999893e+00 1.153405750000000118e+00 9.902019999999999156e-01 9.902019999999999156e-01 9.964342499999999658e-01
1.856249999999999956e+00 1.135777000000000037e+00 9.908470000000000333e-01 9.908470000000000333e-01 9.962775000000000380e-01
1.863750000000000018e+00 1.113280249999999860e+00 9.916677499999999590e-01 9.916677499999999590e-01 9.967280000000000584e-01
1.871250000000000080e+00 1.088570250000000073e+00 9.933247499999999786e-01 9.933247499999999786e-01 9.968877499999999614e-01
1.878749999999999920e+00 1.075371999999999995e+00 9.946152500000000618e-01 9.946152500000000618e-01 9.971799999999999553e-01
1.886249999999999982e+00 1.070030000000000037e+00 9.957464999999999788e-01 9.957464999999999788e-01 9.976187499999999986e-01
1.893750000000000044e+00 1.075858500000000051e+00 9.960922500000000124e-01 9.960922500000000124e-01 9.974825000000000497e-01
1.901250000000000107e+00 1.083286499999999819e+00 9.962599999999999234e-01 9.962599999999999234e-01 9.977157500000000123e-01
1.908749999999999947e+00 1.107300750000000056e+00 9.951829999999999288e-01 9.951829999999999288e-01 9.980290000000000550e-01
1.916250000000000009e+00 1.122719999999999940e+00 9.938312499999999439e-01 9.938312499999999439e-01 9.983297500000001268e-01
1.923750000000000071e+00 1.140357999999999983e+00 9.930317499999999908e-01 9.930317499999999908e-01 9.985370000000000079e-01
1.931249999999999911e+00 1.151483999999999952e+00 9.921927500000000677e-01 9.921927500000000677e-01 9.987812500000000648e-01
1.938749999999999973e+00 1.181261249999999929e+00 9.880330000000000501e-01 9.880330000000000501e-01 9.989814999999999667e-01
1.946250000000000036e+00 1.195643749999999894e+00 9.865610000000000213e-01 9.865610000000000213e-01 9.991364999999999830e-01
1.953750000000000098e+00 1.204021250000000043e+00 9.834525000000000627e-01 9.834525000000000627e-01 9.995509999999999673e-01
1.961249999999999938e+00 1.222626499999999838e+00 9.807734999999999648e-01 9.807734999999999648e-01 9.997417499999999846e-01
1.968750000000000000e+00 1.220180999999999960e+00 9.761050000000000004e-01 9.761050000000000004e-01 9.998702500000000715e-01
1.976250000000000062e+00 1.227511500000000089e+00 9.737022499999999914e-01 9.737022499999999914e-01 1.000152249999999965e+00
1.983749999999999902e+00 1.233893249999999941e+00 9.707792499999999825e-01 9.707792499999999825e-01 1.000324500000000061e+00
1.991249999999999964e+00 1.226618749999999869e+00 9.684600000000000986e-01 9.684600000000000986e-01 1.000526999999999944e+00
1.998750000000000027e+00 1.230898000000000048e+00 9.662687500000000096e-01 9.662687500000000096e-01 1.000868749999999752e+00
2.006250000000000089e+00 1.231938500000000047e+00 9.644592499999999902e-01 9.644592499999999902e-01 1.001022999999999996e+00
2.013749999999999929e+00 1.239667999999999992e+00 9.637332499999999857e-01 9.637332499999999857e-01 1.001312250000000015e+00
2.021250000000000213e+00 1.248043750000000118e+00 9.612199999999999633e-01 9.612199999999999633e-01 1.001513999999999793e+00
2.028750000000000053e+00 1.269561749999999822e+00 9.613152499999999545e-01 9.613152499999999545e-01 1.001707499999999973e+00
2.036249999999999893e+00 1.277362749999999991e+00 9.602352499999999846e-01 9.602352499999999846e-01 1.001752000000000198e+00
2.043750000000000178e+00 1.293479249999999858e+00 9.615744999999999987e-01 9.615744999999999987e-01 1.002024500000000096e+00
2.051250000000000018e+00 1.312918750000000134e+00 9.609240000000000004e-01 9.609240000000000004e-01 1.002582249999999897e+00
2.058749999999999858e+00 1.310764749999999923e+00 9.609697499999999559e-01 9.609697499999999559e-01 1.002612749999999942e+00
2.066250000000000142e+00 1.341371249999999904e+00 9.619662499999999117e-01 9.619662499999999117e-01 1.003244999999999942e+00
2.073749999999999982e+00 1.326126000000000138e+00 9.626190000000000024e-01 9.626190000000000024e-01 1.003636999999999890e+00
2.081249999999999822e+00 1.318359749999999941e+00 9.637787500000000174e-01 9.637787500000000174e-01 1.003718500000000180e+00
2.088750000000000107e+00 1.302430499999999824e+00 9.648120000000000029e-01 9.648120000000000029e-01 1.003895500000000052e+00
2.096249999999999947e+00 1.272741249999999935e+00 9.657169999999999366e-01 9.657169999999999366e-01 1.004533499999999968e+00
2.103749999999999787e+00 1.236321500000000073e+00 9.674702499999999761e-01 9.674702499999999761e-01 1.004904250000000054e+00
2.111250000000000071e+00 1.195884249999999760e+00 9.682664999999999189e-01 9.682664999999999189e-01 1.005231250000000021e+00
2.118749999999999911e+00 1.141225249999999969e+00 9.692987500000000978e-01 9.692987500000000978e-01 1.005679749999999872e+00
2.126250000000000195e+00 1.100472499999999965e+00 9.703787500000000676e-01 9.703787500000000676e-01 1.005632749999999964e+00
2.133750000000000036e+00 1.042950499999999892e+00 9.706622500000000597e-01 9.706622500000000597e-01 1.006118999999999986e+00
2.141249999999999876e+00 9.962824999999999598e-01 9.715750000000000774e-01 9.715750000000000774e-01 1.006223749999999972e+00
2.148750000000000160e+00 9.531620000000000648e-01 9.729315000000000602e-01 9.729315000000000602e-01 1.006560000000000121e+00
2.156250000000000000e+00 9.160530000000000062e-01 9.734450000000000047e-01 9.734450000000000047e-01 1.007094750000000039e+00
2.163749999999999840e+00 8.829915000000000402e-01 9.739862500000000534e-01 9.739862500000000534e-01 1.007206250000000081e+00
2.171250000000000124e+00 8.610522499999999635e-01 9.753377500000000033e-01 9.753377500000000033e-01 1.007411999999999974e+00
2.178749999999999964e+00 8.412100000000000133e-01 9.761634999999999618e-01 9.761634999999999618e-01 1.007675749999999981e+00
2.186249999999999805e+00 8.330182500000000712e-01 9.759474999999999678e-01 9.759474999999999678e-01 1.007632000000000083e+00
2.193750000000000089e+00 8.190454999999999819e-01 9.778464999999999518e-01 9.778464999999999518e-01 1.007972000000000090e+00
2.201249999999999929e+00 8.220217499999999955e-01 9.770867500000001149e-01 9.770867500000001149e-01 1.008132250000000063e+00
2.208750000000000213e+00 8.138750000000000151e-01 9.781954999999999956e-01 9.781954999999999956e-01 1.008229749999999925e+00
2.216250000000000053e+00 8.185817499999998859e-01 9.784579999999999389e-01 9.784579999999999389e-01 1.008309750000000005e+00
2.223749999999999893e+00 8.233622499999999622e-01 9.803815000000000168e-01 9.803815000000000168e-01 1.008041000000000187e+00
2.231250000000000178e+00 8.315417499999999684e-01 9.814522500000000260e-01 9.814522500000000260e-01 1.008463749999999770e+00
2.238750000000000018e+00 8.351972500000000021e-01 9.820934999999999526e-01 9.820934999999999526e-01 1.008525499999999964e+00
2.246249999999999858e+00 8.461989999999999235e-01 9.839437499999998948e-01 9.839437499999998948e-01 1.008520250000000118e+00
2.253750000000000142e+00 8.587504999999999722e-01 9.838977500000000154e-01 9.838977500000000154e-01 1.008558749999999948e+00
2.261249999999999982e+00 8.630680000000000573e-01 9.852714999999999668e-01 9.852714999999999668e-01 1.008511750000000040e+00
2.268749999999999822e+00 8.774290000000000145e-01 9.862704999999999389e-01 9.862704999999999389e-01 1.008400750000000068e+00
2.276250000000000107e+00 8.831444999999999990e-01 9.883257500000000029e-01 9.883257500000000029e-01 1.008115000000000094e+00
2.283749999999999947e+00 9.002115000000000533e-01 9.885272499999999685e-01 9.885272499999999685e-01 1.008241750000000048e+00
2.291249999999999787e+00 8.981827500000000297e-01 9.906274999999999942e-01 9.906274999999999942e-01 1.008187750000000049e+00
2.298750000000000071e+00 9.168957500000000094e-01 9.910322499999999479e-01 9.910322499999999479e-01 1.007997999999999950e+00
2.306249999999999911e+00 9.224059999999999482e-01 9.943549999999999889e-01 9.943549999999999889e-01 1.007642249999999962e+00
2.313750000000000195e+00 9.317017499999998842e-01 9.946045000000000025e-01 9.946045000000000025e-01 1.007502000000000120e+00
2.321250000000000036e+00 9.232179999999999831e-01 9.959832499999999866e-01 9.959832499999999866e-01 1.007108749999999997e+00
2.328749999999999876e+00 9.299100000000000144e-01 9.964414999999999800e-01 9.964414999999999800e-01 1.006787749999999981e+00
2.336250000000000160e+00 9.298790000000000111e-01 9.988437500000000302e-01 9.988437500000000302e-01 1.006597750000000069e+00
2.343750000000000000e+00 9.304202500000000597e-01 9.994552500000000173e-01 9.994552500000000173e-01 1.006276750000000053e+00
2.351249999999999840e+00 9.270887500000000170e-01 1.000133249999999974e+00 1.000133249999999974e+00 1.005911000000000000e+00
2.358750000000000124e+00 9.217400000000001148e-01 1.002930249999999912e+00 1.002930249999999912e+00 1.005480750000000034e+00
2.366249999999999964e+00 9.079907499999999576e-01 1.004163750000000022e+00 1.004163750000000022e+00 1.004981750000000007e+00
2.373749999999999805e+00 9.135075000000000278e-01 1.004211250000000000e+00 1.004211250000000000e+00 1.004834250000000040e+00
2.381250000000000089e+00 9.074005000000000543e-01 1.005632499999999929e+00 1.005632499999999929e+00 1.004230999999999874e+00
2.388749999999999929e+00 8.993319999999999093e-01 1.006927499999999975e+00 1.006927499999999975e+00 1.003731750000000034e+00
2.396250000000000213e+00 8.971614999999999451e-01 1.007773999999999948e+00 1.007773999999999948e+00 1.003398000000000012e+00
2.403750000000000053e+00 8.935820000000000984e-01 1.008177000000000101e+00 1.008177000000000101e+00 1.003103750000000183e+00
2.411249999999999893e+00 8.871649999999999814e-01 1.009471500000000077e+00 1.009471500000000077e+00 1.002888249999999815e+00
2.418750000000000178e+00 8.840799999999999770e-01 1.010397250000000025e+00 1.010397250000000025e+00 1.002452750000000004e+00
2.426250000000000018e+00 8.884294999999999831e-01 1.011920500000000001e+00 1.011920500000000001e+00 1.002117250000000181e+00
2.433749999999999858e+00 8.850244999999999918e-01 1.012350499999999931e+00 1.012350499999999931e+00 1.002181999999999906e+00
2.441250000000000142e+00 8.944395000000000540e-01 1.012095500000000037e+00 1.012095500000000037e+00 1.001655500000000032e+00
2.448749999999999982e+00 8.936690000000000467e-01 1.012579750000000001e+00 1.012579750000000001e+00 1.001723249999999954e+00
2.456249999999999822e+00 8.988497500000000029e-01 1.013224499999999972e+00 1.013224499999999972e+00 1.001490999999999909e+00
2.463750000000000107e+00 9.055409999999999293e-01 1.014032750000000149e+00 1.014032750000000149e+00 1.001154249999999912e+00
2.471249999999999947e+00 9.172524999999999151e-01 1.014984000000000108e+00 1.014984000000000108e+00 1.000921250000000207e+00
2.478749999999999787e+00 9.164217500000000349e-01 1.014621499999999843e+00 1.014621499999999843e+00 1.001025499999999901e+00
2.486250000000000071e+00 9.220500000000000362e-01 1.014871749999999961e+00 1.014871749999999961e+00 1.000676499999999969e+00
2.493749999999999911e+00 9.321532500000000443e-01 1.016363750000000010e+00 1.016363750000000010e+00 1.000724750000000052e+00
2.501250000000000195e+00 9.394977499999999093e-01 1.015859999999999985e+00 1.015859999999999985e+00 1.000339000000000089e+00
2.508750000000000036e+00 9.453540000000000276e-01 1.016254749999999873e+00 1.016254749999999873e+00 1.000506249999999930e+00
2.516249999999999876e+00 9.500857500000000622e-01 1.015144250000000081e+00 1.015144250000000081e+00 1.000246500000000038e+00
2.523750000000000160e+00 9.626682500000000031e-01 1.016157250000000012e+00 1.016157250000000012e+00 1.000013000000000041e+00
2.531250000000000000e+00 9.603705000000000158e-01 1.016516999999999893e+00 1.016516999999999893e+00 9.999842500000000189e-01
2.538749999999999840e+00 9.666162499999999547e-01 1.016803750000000006e+00 1.016803750000000006e+00 9.994544999999999124e-01
2.546250000000000124e+00 9.767757499999999427e-01 1.017634499999999997e+00 1.017634499999999997e+00 9.995067499999998883e-01
2.553749999999999964e+00 9.762712499999999238e-01 1.017286499999999982e+00 1.017286499999999982e+00 9.992459999999999676e-01
2.561249999999999805e+00 9.804429999999999534e-01 1.017249499999999918e+00 1.017249499999999918e+00 9.993737499999999496e-01
2.568750000000000089e+00 9.846399999999999597e-01 1.017192749999999979e+00 1.017192749999999979e+00 9.989995000000000402e-01
2.576249999999999929e+00 9.872782499999999128e-01 1.017357749999999950e+00 1.017357749999999950e+00 9.987097499999999517e-01
2.583750000000000213e+00 9.945517499999999567e-01 1.018716999999999873e+00 1.018716999999999873e+00 9.985992499999999383e-01
2.591250000000000053e+00 9.921984999999999832e-01 1.017187999999999981e+00 1.017187999999999981e+00 9.984347500000000375e-01
2.598749999999999893e+00 1.000351500000000060e+00 1.017812750000000044e+00 1.017812750000000044e+00 9.983057499999999918e-01
2.606250000000000178e+00 9.947282500000000915e-01 1.018130250000000014e+00 1.018130250000000014e+00 9.978497499999999798e-01
2.613750000000000018e+00 1.003840499999999913e+00 1.017100000000000115e+00 1.017100000000000115e+00 9.977527499999999661e-01
2.621249999999999858e+00 1.002690749999999964e+00 1.017248249999999965e+00 1.017248249999999965e+00 9.978347499999999926e-01
2.628750000000000142e+00 1.010595750000000015e+00 1.017202750000000044e+00 1.017202750000000044e+00 9.975284999999999291e-01
2.636249999999999982e+00 1.013061749999999872e+00 1.016676250000000170e+00 1.016676250000000170e+00 9.974292500000000450e-01
2.643749999999999822e+00 1.014005500000000115e+00 1.015492500000000131e+00 1.015492500000000131e+00 9.974175000000000679e-01
2.651250000000000107e+00 1.011471499999999857e+00 1.015415249999999991e+00 1.015415249999999991e+00 9.971740000000001158e-01
2.658749999999999947e+00 1.016295500000000018e+00 1.014878749999999830e+00 1.014878749999999830e+00 9.973730000000000651e-01
2.666249999999999787e+00 1.016436249999999930e+00 1.014454499999999815e+00 1.014454499999999815e+00 9.972075000000000244e-01
2.673750000000000071e+00 1.030260750000000058e+00 1.013084999999999791e+00 1.013084999999999791e+00 9.973907500000001036e-01
2.681249999999999911e+00 1.027522500000000116e+00 1.012478999999999907e+00 1.012478999999999907e+00 9.972647500000000331e-01
2.688750000000000195e+00 1.034815749999999923e+00 1.012355499999999964e+00 1.012355499999999964e+00 9.972060000000000368e-01
2.696250000000000036e+00 1.034540750000000120e+00 1.009985250000000168e+00 1.009985250000000168e+00 9.971067499999999306e-01
2.703749999999999876e+00 1.041857999999999951e+00 1.010156749999999937e+00 1.010156749999999937e+00 9.973935000000000439e-01
2.711250000000000160e+00 1.048369749999999989e+00 1.008839999999999959e+00 1.008839999999999959e+00 9.974152499999999755e-01
2.718750000000000000e+00 1.039034999999999931e+00 1.007420000000000204e+00 1.007420000000000204e+00 9.973345000000000127e-01
2.726249999999999840e+00 1.054800499999999808e+00 1.006732750000000065e+00 1.006732750000000065e+00 9.974622499999999947e-01
2.733750000000000124e+00 1.050586250000000055e+00 1.004838499999999968e+00 1.004838499999999968e+00 9.975207499999999561e-01
2.741249999999999964e+00 1.057130499999999973e+00 1.003358500000000042e+00 1.003358500000000042e+00 9.977944999999999176e-01
2.748749999999999805e+00 1.059235999999999844e+00 1.001655249999999997e+00 1.001655249999999997e+00 9.976357499999999323e-01
2.756250000000000089e+00 1.060257749999999888e+00 1.000223499999999932e+00 1.000223499999999932e+00 9.978679999999999772e-01
2.763749999999999929e+00 1.060134750000000015e+00 9.988577499999999887e-01 9.988577499999999887e-01 9.977570000000000050e-01
2.771250000000000213e+00 1.062210249999999911e+00 9.981519999999999282e-01 9.981519999999999282e-01 9.978705000000001046e-01
2.778750000000000053e+00 1.066493250000000170e+00 9.962897499999999740e-01 9.962897499999999740e-01 9.979884999999999451e-01
2.786249999999999893e+00 1.069174749999999952e+00 9.956642499999999174e-01 9.956642499999999174e-01 9.976659999999999417e-01
2.793750000000000178e+00 1.068791999999999964e+00 9.954637499999999806e-01 9.954637499999999806e-01 9.980112500000000164e-01
2.801250000000000018e+00 1.065470750000000022e+00 9.934915000000000829e-01 9.934915000000000829e-01 9.978077499999999933e-01
2.808749999999999858e+00 1.071446750000000003e+00 9.928295000000000314e-01 9.928295000000000314e-01 9.981389999999999985e-01
2.816250000000000142e+00 1.070538750000000094e+00 9.926710000000000811e-01 9.926710000000000811e-01 9.982170000000000210e-01
2.823749999999999982e+00 1.065791250000000190e+00 9.916247499999999437e-01 9.916247499999999437e-01 9.981824999999999726e-01
2.831249999999999822e+00 1.065990750000000098e+00 9.915517499999999540e-01 9.915517499999999540e-01 9.983782500000000226e-01
2.838750000000000107e+00 1.066617499999999996e+00 9.916994999999999560e-01 9.916994999999999560e-01 9.984640000000000182e-01
2.846249999999999947e+00 1.068213749999999962e+00 9.900207500000000049e-01 9.900207500000000049e-01 9.984947499999999865e-01
2.853749999999999787e+00 1.060530250000000008e+00 9.914237499999999370e-01 9.914237499999999370e-01 9.985622499999999846e-01
2.861250000000000071e+00 1.052735000000000198e+00 9.900542500000000246e-01 9.900542500000000246e-01 9.987354999999999983e-01
2.868749999999999911e+00 1.058496499999999951e+00 9.901667500000000954e-01 9.901667500000000954e-01 9.989502500000000396e-01
2.876250000000000195e+00 1.045324249999999955e+00 9.901840000000000641e-01 9.901840000000000641e-01 9.988047500000000190e-01
2.883750000000000036e+00 1.048550499999999941e+00 9.909442500000000820e-01 9.909442500000000820e-01 9.990380000000000926e-01
2.891249999999999876e+00 1.040962249999999978e+00 9.908197499999999991e-01 9.908197499999999991e-01 9.991780000000001216e-01
2.898750000000000160e+00 1.042046499999999876e+00 9.907930000000000348e-01 9.907930000000000348e-01 9.991404999999999870e-01
2.906250000000000000e+00 1.036391749999999945e+00 9.913640000000000230e-01 9.913640000000000230e-01 9.995049999999999768e-01
2.913749999999999840e+00 1.038214999999999888e+00 9.914157500000000400e-01 9.914157500000000400e-01 9.993935000000000457e-01
2.921250000000000124e+00 1.034482249999999937e+00 9.908787500000000303e-01 9.908787500000000303e-01 9.996720000000001161e-01
2.928749999999999964e+00 1.031838749999999916e+00 9.907672499999999882e-01 9.907672499999999882e-01 9.996732500000000687e-01
2.936249999999999805e+00 1.028941749999999988e+00 9.913155000000000161e-01 9.913155000000000161e-01 9.998434999999999961e-01
2.943750000000000089e+00 1.027873749999999919e+00 9.907867500000000494e-01 9.907867500000000494e-01 9.998659999999999215e-01
2.951249999999999929e+00 1.027578499999999950e+00 9.912782500000000274e-01 9.912782500000000274e-01 1.000071500000000002e+00
2.958750000000000213e+00 1.027340750000000025e+00 9.908949999999999703e-01 9.908949999999999703e-01 9.999605000000000299e-01
2.966250000000000053e+00 1.027082500000000120e+00 9.912387499999999463e-01 9.912387499999999463e-01 1.000156500000000115e+00
2.973749999999999893e+00 1.028957750000000004e+00 9.914342499999999614e-01 9.914342499999999614e-01 1.000300499999999815e+00
2.981250000000000178e+00 1.025334250000000003e+00 9.914600000000000080e-01 9.914600000000000080e-01 1.000357750000000046e+00
2.988750000000000018e+00 1.024601749999999978e+00 9.902337500000000237e-01 9.902337500000000237e-01 1.000525249999999922e+00
2.996249999999999858e+00 1.025985499999999995e+00 9.906000000000000361e-01 9.906000000000000361e-01 1.000648500000000052e+00
