3.749999999999999861e-03 0.000000000000000000e+00 0.000000000000000000e+00 0.000000000000000000e+00 0.000000000000000000e+00
1.124999999999999958e-02 0.000000000000000000e+00 0.000000000000000000e+00 0.000000000000000000e+00 0.000000000000000000e+00
1.874999999999999931e-02 0.000000000000000000e+00 0.000000000000000000e+00 0.000000000000000000e+00 0.000000000000000000e+00
2.624999999999999903e-02 0.000000000000000000e+00 0.000000000000000000e+00 0.000000000000000000e+00 0.000000000000000000e+00
3.375000000000000222e-02 0.000000000000000000e+00 0.000000000000000000e+00 0.000000000000000000e+00 0.000000000000000000e+00
4.125000000000000194e-02 0.000000000000000000e+00 0.000000000000000000e+00 0.000000000000000000e+00 0.000000000000000000e+00
4.875000000000000167e-02 0.000000000000000000e+00 0.000000000000000000e+00 0.000000000000000000e+00 0.000000000000000000e+00
5.625000000000000139e-02 0.000000000000000000e+00 0.000000000000000000e+00 0.000000000000000000e+00 0.000000000000000000e+00
6.375000000000000111e-02 0.000000000000000000e+00 0.000000000000000000e+00 0.000000000000000000e+00 0.000000000000000000e+00
7.124999999999999389e-02 0.000000000000000000e+00 0.000000000000000000e+00 0.000000000000000000e+00 0.000000000000000000e+00
7.875000000000000056e-02 0.000000000000000000e+00 0.000000000000000000e+00 0.000000000000000000e+00 0.000000000000000000e+00
8.624999999999999334e-02 0.000000000000000000e+00 0.000000000000000000e+00 0.000000000000000000e+00 0.000000000000000000e+00
9.375000000000000000e-02 0.000000000000000000e+00 0.000000000000000000e+00 0.000000000000000000e+00 0.000000000000000000e+00
1.012500000000000067e-01 0.000000000000000000e+00 0.000000000000000000e+00 0.000000000000000000e+00 0.000000000000000000e+00
1.087499999999999994e-01 0.000000000000000000e+00 0.000000000000000000e+00 0.000000000000000000e+00 0.000000000000000000e+00
1.162500000000000061e-01 0.000000000000000000e+00 0.000000000000000000e+00 0.000000000000000000e+00 0.000000000000000000e+00
1.237499999999999989e-01 0.000000000000000000e+00 0.000000000000000000e+00 0.000000000000000000e+00 0.000000000000000000e+00
1.312500000000000056e-01 0.000000000000000000e+00 0.000000000000000000e+00 0.000000000000000000e+00 0.000000000000000000e+00
1.387500000000000122e-01 0.000000000000000000e+00 0.000000000000000000e+00 0.000000000000000000e+00 0.000000000000000000e+00
1.462499999999999911e-01 0.000000000000000000e+00 0.000000000000000000e+00 0.000000000000000000e+00 0.000000000000000000e+00
1.537499999999999978e-01 0.000000000000000000e+00 0.000000000000000000e+00 0.000000000000000000e+00 0.000000000000000000e+00
1.612500000000000044e-01 0.000000000000000000e+00 0.000000000000000000e+00 0.000000000000000000e+00 0.000000000000000000e+00
1.687500000000000111e-01 0.000000000000000000e+00 0.000000000000000000e+00 0.000000000000000000e+00 0.000000000000000000e+00
1.762499999999999900e-01 0.000000000000000000e+00 0.000000000000000000e+00 0.000000000000000000e+00 0.000000000000000000e+00
1.837499999999999967e-01 0.000000000000000000e+00 0.000000000000000000e+00 0.000000000000000000e+00 3.375000000000000043e-05
1.912500000000000033e-01 0.000000000000000000e+00 0.000000000000000000e+00 0.000000000000000000e+00 1.170175000000000035e-02
1.987500000000000100e-01 0.000000000000000000e+00 0.000000000000000000e+00 0.000000000000000000e+00 2.652924999999999867e-01
2.062499999999999889e-01 0.000000000000000000e+00 0.000000000000000000e+00 0.000000000000000000e+00 1.343849749999999954e+00
2.137499999999999956e-01 0.000000000000000000e+00 0.000000000000000000e+00 0.000000000000000000e+00 2.774187249999999771e+00
2.212500000000000022e-01 0.000000000000000000e+00 0.000000000000000000e+00 0.000000000000000000e+00 3.383539750000000179e+00
2.287500000000000089e-01 0.000000000000000000e+00 0.000000000000000000e+00 0.000000000000000000e+00 3.222619999999999596e+00
2.362499999999999878e-01 0.000000000000000000e+00 0.000000000000000000e+00 0.000000000000000000e+00 2.969067749999999783e+00
2.437499999999999944e-01 0.000000000000000000e+00 0.000000000000000000e+00 0.000000000000000000e+00 2.750641749999999774e+00
2.512499999999999734e-01 0.000000000000000000e+00 0.000000000000000000e+00 0.000000000000000000e+00 2.557749750000000155e+00
2.587499999999999800e-01 0.000000000000000000e+00 0.000000000000000000e+00 0.000000000000000000e+00 2.381732500000000030e+00
2.662499999999999867e-01 0.000000000000000000e+00 0.000000000000000000e+00 0.000000000000000000e+00 2.228668499999999941e+00
2.737499999999999933e-01 0.000000000000000000e+00 0.000000000000000000e+00 0.000000000000000000e+00 2.094872249999999880e+00
2.812500000000000000e-01 0.000000000000000000e+00 0.000000000000000000e+00 0.000000000000000000e+00 1.972103249999999974e+00
2.887500000000000067e-01 0.000000000000000000e+00 0.000000000000000000e+00 0.000000000000000000e+00 1.870288250000000208e+00
2.962500000000000133e-01 0.000000000000000000e+00 0.000000000000000000e+00 0.000000000000000000e+00 1.774377750000000198e+00
3.037500000000000200e-01 0.000000000000000000e+00 0.000000000000000000e+00 0.000000000000000000e+00 1.694099999999999939e+00
3.112500000000000266e-01 0.000000000000000000e+00 0.000000000000000000e+00 0.000000000000000000e+00 1.624811000000000005e+00
3.187499999999999778e-01 0.000000000000000000e+00 0.000000000000000000e+00 0.000000000000000000e+00 1.566697250000000263e+00
3.262499999999999845e-01 0.000000000000000000e+00 0.000000000000000000e+00 0.000000000000000000e+00 1.513055749999999922e+00
3.337499999999999911e-01 0.000000000000000000e+00 0.000000000000000000e+00 0.000000000000000000e+00 1.469793750000000010e+00
3.412499999999999978e-01 0.000000000000000000e+00 0.000000000000000000e+00 0.000000000000000000e+00 1.433788250000000097e+00
3.487500000000000044e-01 0.000000000000000000e+00 0.000000000000000000e+00 0.000000000000000000e+00 1.407489999999999908e+00
3.562500000000000111e-01 0.000000000000000000e+00 0.000000000000000000e+00 0.000000000000000000e+00 1.386260749999999931e+00
3.637500000000000178e-01 0.000000000000000000e+00 0.000000000000000000e+00 0.000000000000000000e+00 1.373916750000000020e+00
3.712500000000000244e-01 0.000000000000000000e+00 0.000000000000000000e+00 0.000000000000000000e+00 1.364124499999999962e+00
3.787499999999999756e-01 0.000000000000000000e+00 0.000000000000000000e+00 0.000000000000000000e+00 1.361936250000000070e+00
3.862499999999999822e-01 0.000000000000000000e+00 0.000000000000000000e+00 0.000000000000000000e+00 1.363949499999999926e+00
3.937499999999999889e-01 0.000000000000000000e+00 0.000000000000000000e+00 0.000000000000000000e+00 1.375405250000000024e+00
4.012499999999999956e-01 0.000000000000000000e+00 0.000000000000000000e+00 0.000000000000000000e+00 1.386366999999999905e+00
4.087500000000000022e-01 0.000000000000000000e+00 0.000000000000000000e+00 0.000000000000000000e+00 1.404860500000000068e+00
4.162500000000000089e-01 0.000000000000000000e+00 0.000000000000000000e+00 0.000000000000000000e+00 1.422281249999999941e+00
4.237500000000000155e-01 0.000000000000000000e+00 0.000000000000000000e+00 0.000000000000000000e+00 1.441085999999999867e+00
4.312500000000000222e-01 0.000000000000000000e+00 0.000000000000000000e+00 0.000000000000000000e+00 1.453259999999999996e+00
4.387499999999999734e-01 0.000000000000000000e+00 0.000000000000000000e+00 0.000000000000000000e+00 1.460662500000000197e+00
4.462499999999999800e-01 0.000000000000000000e+00 0.000000000000000000e+00 0.000000000000000000e+00 1.458649500000000154e+00
4.537499999999999867e-01 0.000000000000000000e+00 0.000000000000000000e+00 0.000000000000000000e+00 1.454848000000000141e+00
4.612499999999999933e-01 0.000000000000000000e+00 0.000000000000000000e+00 0.000000000000000000e+00 1.447157000000000027e+00
4.687500000000000000e-01 0.000000000000000000e+00 0.000000000000000000e+00 0.000000000000000000e+00 1.434967250000000138e+00
4.762500000000000067e-01 0.000000000000000000e+00 0.000000000000000000e+00 0.000000000000000000e+00 1.422038250000000170e+00
4.837500000000000133e-01 0.000000000000000000e+00 0.000000000000000000e+00 0.000000000000000000e+00 1.407347500000000196e+00
4.912500000000000200e-01 0.000000000000000000e+00 0.000000000000000000e+00 0.000000000000000000e+00 1.392128000000000032e+00
4.987500000000000266e-01 0.000000000000000000e+00 0.000000000000000000e+00 0.000000000000000000e+00 1.375138750000000076e+00
5.062499999999999778e-01 0.000000000000000000e+00 0.000000000000000000e+00 0.000000000000000000e+00 1.358770749999999916e+00
5.137500000000000400e-01 0.000000000000000000e+00 0.000000000000000000e+00 0.000000000000000000e+00 1.342683749999999954e+00
5.212499999999999911e-01 0.000000000000000000e+00 0.000000000000000000e+00 0.000000000000000000e+00 1.328587249999999997e+00
5.287500000000000533e-01 0.000000000000000000e+00 0.000000000000000000e+00 0.000000000000000000e+00 1.312827749999999849e+00
5.362500000000000044e-01 0.000000000000000000e+00 0.000000000000000000e+00 0.000000000000000000e+00 1.300192000000000014e+00
5.437499999999999556e-01 0.000000000000000000e+00 9.000000000000000228e-06 9.000000000000000228e-06 1.286985749999999928e+00
5.512500000000000178e-01 0.000000000000000000e+00 1.349999999999999949e-05 1.349999999999999949e-05 1.273853499999999972e+00
5.587499999999999689e-01 0.000000000000000000e+00 2.452500000000000253e-04 2.452500000000000253e-04 1.262711750000000022e+00
5.662500000000000311e-01 0.000000000000000000e+00 2.093250000000000059e-03 2.093250000000000059e-03 1.252572250000000054e+00
5.737499999999999822e-01 0.000000000000000000e+00 1.198674999999999914e-02 1.198674999999999914e-02 1.242275000000000018e+00
5.812500000000000444e-01 0.000000000000000000e+00 4.908749999999999919e-02 4.908749999999999919e-02 1.235182500000000072e+00
5.887499999999999956e-01 0.000000000000000000e+00 1.477654999999999941e-01 1.477654999999999941e-01 1.228244249999999926e+00
5.962499999999999467e-01 0.000000000000000000e+00 3.422005000000000186e-01 3.422005000000000186e-01 1.220283000000000007e+00
6.037500000000000089e-01 0.000000000000000000e+00 6.528942500000000093e-01 6.528942500000000093e-01 1.214961249999999993e+00
6.112499999999999600e-01 0.000000000000000000e+00 1.061347249999999853e+00 1.061347249999999853e+00 1.210104000000000068e+00
6.187500000000000222e-01 0.000000000000000000e+00 1.504305999999999921e+00 1.504305999999999921e+00 1.204339749999999931e+00
6.262499999999999734e-01 0.000000000000000000e+00 1.912406000000000050e+00 1.912406000000000050e+00 1.199737749999999936e+00
6.337500000000000355e-01 0.000000000000000000e+00 2.229880999999999780e+00 2.229880999999999780e+00 1.195553749999999971e+00
6.412499999999999867e-01 0.000000000000000000e+00 2.422390749999999926e+00 2.422390749999999926e+00 1.190363749999999943e+00
6.487500000000000488e-01 0.000000000000000000e+00 2.482412000000000063e+00 2.482412000000000063e+00 1.186350000000000016e+00
6.562500000000000000e-01 0.000000000000000000e+00 2.428528250000000277e+00 2.428528250000000277e+00 1.182009000000000087e+00
6.637499999999999512e-01 0.000000000000000000e+00 2.299185000000000034e+00 2.299185000000000034e+00 1.176432000000000144e+00
6.712500000000000133e-01 0.000000000000000000e+00 2.113024500000000305e+00 2.113024500000000305e+00 1.171580000000000066e+00
6.787499999999999645e-01 0.000000000000000000e+00 1.926231250000000061e+00 1.926231250000000061e+00 1.165641499999999997e+00
6.862500000000000266e-01 0.000000000000000000e+00 1.752597500000000252e+00 1.752597500000000252e+00 1.160131999999999941e+00
6.937499999999999778e-01 0.000000000000000000e+00 1.604970999999999925e+00 1.604970999999999925e+00 1.154890500000000042e+00
7.012500000000000400e-01 0.000000000000000000e+00 1.481308499999999917e+00 1.481308499999999917e+00 1.149876250000000155e+00
7.087499999999999911e-01 0.000000000000000000e+00 1.371392249999999979e+00 1.371392249999999979e+00 1.143984000000000112e+00
7.162500000000000533e-01 0.000000000000000000e+00 1.279093000000000035e+00 1.279093000000000035e+00 1.138442749999999837e+00
7.237500000000000044e-01 0.000000000000000000e+00 1.201143499999999920e+00 1.201143499999999920e+00 1.132406749999999906e+00
7.312499999999999556e-01 0.000000000000000000e+00 1.136765250000000060e+00 1.136765250000000060e+00 1.127000999999999920e+00
7.387500000000000178e-01 0.000000000000000000e+00 1.081739999999999924e+00 1.081739999999999924e+00 1.121376499999999998e+00
7.462499999999999689e-01 0.000000000000000000e+00 1.035091250000000018e+00 1.035091250000000018e+00 1.116103999999999985e+00
7.537500000000000311e-01 0.000000000000000000e+00 1.000693000000000055e+00 1.000693000000000055e+00 1.110933500000000018e+00
7.612499999999999822e-01 0.000000000000000000e+00 9.747865000000000002e-01 9.747865000000000002e-01 1.105024999999999924e+00
7.687500000000000444e-01 0.000000000000000000e+00 9.558984999999999843e-01 9.558984999999999843e-01 1.101117249999999936e+00
7.762499999999999956e-01 0.000000000000000000e+00 9.452492500000000408e-01 9.452492500000000408e-01 1.097787250000000103e+00
7.837499999999999467e-01 0.000000000000000000e+00 9.434700000000000308e-01 9.434700000000000308e-01 1.092120250000000237e+00
7.912500000000000089e-01 0.000000000000000000e+00 9.466047499999999948e-01 9.466047499999999948e-01 1.088135999999999992e+00
7.987499999999999600e-01 0.000000000000000000e+00 9.592782499999999990e-01 9.592782499999999990e-01 1.084389000000000047e+00
8.062500000000000222e-01 0.000000000000000000e+00 9.762770000000000614e-01 9.762770000000000614e-01 1.081342250000000060e+00
8.137499999999999734e-01 0.000000000000000000e+00 9.950415000000000232e-01 9.950415000000000232e-01 1.076629000000000058e+00
8.212500000000000355e-01 0.000000000000000000e+00 1.025049250000000134e+00 1.025049250000000134e+00 1.073263000000000078e+00
8.287499999999999867e-01 0.000000000000000000e+00 1.045406999999999975e+00 1.045406999999999975e+00 1.070781750000000088e+00
8.362500000000000488e-01 0.000000000000000000e+00 1.070335500000000106e+00 1.070335500000000106e+00 1.066907999999999967e+00
8.437500000000000000e-01 0.000000000000000000e+00 1.089087999999999834e+00 1.089087999999999834e+00 1.064139749999999829e+00
8.512499999999999512e-01 0.000000000000000000e+00 1.101662249999999954e+00 1.101662249999999954e+00 1.061625750000000146e+00
8.587500000000000133e-01 0.000000000000000000e+00 1.107966749999999889e+00 1.107966749999999889e+00 1.059169500000000097e+00
8.662499999999999645e-01 0.000000000000000000e+00 1.110337000000000129e+00 1.110337000000000129e+00 1.055978500000000153e+00
8.737500000000000266e-01 0.000000000000000000e+00 1.107081500000000052e+00 1.107081500000000052e+00 1.054116499999999901e+00
8.812499999999999778e-01 0.000000000000000000e+00 1.103184249999999977e+00 1.103184249999999977e+00 1.051001250000000109e+00
8.887500000000000400e-01 1.079999999999999960e-04 1.089521500000000032e+00 1.089521500000000032e+00 1.048759500000000067e+00
8.962499999999999911e-01 0.000000000000000000e+00 1.072237499999999955e+00 1.072237499999999955e+00 1.046729250000000055e+00
9.037500000000000533e-01 5.227499999999999942e-04 1.059179249999999906e+00 1.059179249999999906e+00 1.044240249999999870e+00
9.112500000000000044e-01 3.187750000000000045e-03 1.044500500000000054e+00 1.044500500000000054e+00 1.042551750000000110e+00
9.187499999999999556e-01 1.183674999999999831e-02 1.026921000000000195e+00 1.026921000000000195e+00 1.040023750000000025e+00
9.262500000000000178e-01 4.528950000000000337e-02 1.013592500000000118e+00 1.013592500000000118e+00 1.037568499999999894e+00
9.337499999999999689e-01 1.288954999999999962e-01 9.969582500000000458e-01 9.969582500000000458e-01 1.036907250000000058e+00
9.412500000000000311e-01 3.225215000000000165e-01 9.824264999999999803e-01 9.824264999999999803e-01 1.034378999999999937e+00
9.487499999999999822e-01 6.861160000000000592e-01 9.670527500000000165e-01 9.670527500000000165e-01 1.033033000000000090e+00
9.562500000000000444e-01 1.225275499999999962e+00 9.566630000000000411e-01 9.566630000000000411e-01 1.031484499999999915e+00
9.637499999999999956e-01 1.979788249999999916e+00 9.447464999999999336e-01 9.447464999999999336e-01 1.030438500000000035e+00
9.712499999999999467e-01 2.895343499999999626e+00 9.366772500000000168e-01 9.366772500000000168e-01 1.028594000000000008e+00
9.787500000000000089e-01 3.804552000000000156e+00 9.281240000000000601e-01 9.281240000000000601e-01 1.027494499999999977e+00
9.862499999999999600e-01 4.635304500000000161e+00 9.233387499999999859e-01 9.233387499999999859e-01 1.026278249999999836e+00
9.937500000000000222e-01 5.331162250000000213e+00 9.184297500000000447e-01 9.184297500000000447e-01 1.024983999999999895e+00
1.001249999999999973e+00 5.699746750000000084e+00 9.117104999999999793e-01 9.117104999999999793e-01 1.024471499999999979e+00
1.008750000000000036e+00 5.831742750000000086e+00 9.126177500000000054e-01 9.126177500000000054e-01 1.022799000000000014e+00
1.016250000000000098e+00 5.719523249999999948e+00 9.087202500000000072e-01 9.087202500000000072e-01 1.022212500000000190e+00
1.023749999999999938e+00 5.404948250000000343e+00 9.078875000000000695e-01 9.078875000000000695e-01 1.021918249999999695e+00
1.031250000000000000e+00 4.936520250000000054e+00 9.085499999999999687e-01 9.085499999999999687e-01 1.020968250000000133e+00
1.038750000000000062e+00 4.409540250000000050e+00 9.082962500000000272e-01 9.082962500000000272e-01 1.021252250000000084e+00
1.046249999999999902e+00 3.890868250000000028e+00 9.084177499999999128e-01 9.084177499999999128e-01 1.020836999999999772e+00
1.053749999999999964e+00 3.335550999999999711e+00 9.077479999999999993e-01 9.077479999999999993e-01 1.020546999999999871e+00
1.061250000000000027e+00 2.853492499999999765e+00 9.079627499999999296e-01 9.079627499999999296e-01 1.020724500000000035e+00
1.068750000000000089e+00 2.389673750000000041e+00 9.080760000000001053e-01 9.080760000000001053e-01 1.020110999999999990e+00
1.076249999999999929e+00 2.015578000000000092e+00 9.070937500000000320e-01 9.070937500000000320e-01 1.020443750000000094e+00
1.083749999999999991e+00 1.689745499999999900e+00 9.079147499999999926e-01 9.079147499999999926e-01 1.020311500000000038e+00
1.091250000000000053e+00 1.442640499999999992e+00 9.074729999999999741e-01 9.074729999999999741e-01 1.020955500000000127e+00
1.098749999999999893e+00 1.209600000000000009e+00 9.042437500000000128e-01 9.042437500000000128e-01 1.021547749999999866e+00
1.106249999999999956e+00 1.030245999999999995e+00 9.049842499999999346e-01 9.049842499999999346e-01 1.021708500000000130e+00
1.113750000000000018e+00 8.702609999999999513e-01 9.031390000000001361e-01 9.031390000000001361e-01 1.022529000000000021e+00
1.121250000000000080e+00 7.517412500000000275e-01 9.005177500000000057e-01 9.005177500000000057e-01 1.022657750000000032e+00
1.128749999999999920e+00 6.524385000000000323e-01 8.990122499999999572e-01 8.990122499999999572e-01 1.023976999999999915e+00
1.136249999999999982e+00 5.755259999999999820e-01 8.963862499999999400e-01 8.963862499999999400e-01 1.024738249999999962e+00
1.143750000000000044e+00 5.126452499999999413e-01 8.949047500000000266e-01 8.949047500000000266e-01 1.026051750000000151e+00
1.151250000000000107e+00 4.910392499999999827e-01 8.930607500000000698e-01 8.930607500000000698e-01 1.026879000000000097e+00
1.158749999999999947e+00 4.589452500000000268e-01 8.926587500000000563e-01 8.926587500000000563e-01 1.028203250000000013e+00
1.166250000000000009e+00 4.396250000000000435e-01 8.923517499999999991e-01 8.923517499999999991e-01 1.029451250000000151e+00
1.173750000000000071e+00 4.379297499999999510e-01 8.924130000000001228e-01 8.924130000000001228e-01 1.030690499999999954e+00
1.181249999999999911e+00 4.334882500000000194e-01 8.911637500000000323e-01 8.911637500000000323e-01 1.032237499999999919e+00
1.188749999999999973e+00 4.423582499999999529e-01 8.922729999999998718e-01 8.922729999999998718e-01 1.033836250000000234e+00
1.196250000000000036e+00 4.645774999999999766e-01 8.914100000000000357e-01 8.914100000000000357e-01 1.035597249999999914e+00
1.203750000000000098e+00 4.878617500000000384e-01 8.939294999999999325e-01 8.939294999999999325e-01 1.037106250000000118e+00
1.211249999999999938e+00 5.232240000000000224e-01 8.932112500000000122e-01 8.932112500000000122e-01 1.038706250000000164e+00
1.218750000000000000e+00 5.545192500000000191e-01 8.955929999999999724e-01 8.955929999999999724e-01 1.040024999999999977e+00
1.226250000000000062e+00 5.992675000000000640e-01 8.961784999999999890e-01 8.961784999999999890e-01 1.041613749999999783e+00
1.233749999999999902e+00 6.442917499999999409e-01 8.979929999999999302e-01 8.979929999999999302e-01 1.042812749999999955e+00
1.241249999999999964e+00 7.100262499999999699e-01 9.008169999999999789e-01 9.008169999999999789e-01 1.044101500000000016e+00
1.248750000000000027e+00 7.482364999999999711e-01 9.036172499999999275e-01 9.036172499999999275e-01 1.044954249999999973e+00
1.256250000000000089e+00 7.903562499999999824e-01 9.057692499999999702e-01 9.057692499999999702e-01 1.045530749999999953e+00
1.263749999999999929e+00 8.177915000000000045e-01 9.083252499999999729e-01 9.083252499999999729e-01 1.046201750000000041e+00
1.271249999999999991e+00 8.422009999999999774e-01 9.122885000000000577e-01 9.122885000000000577e-01 1.045848749999999994e+00
1.278750000000000053e+00 8.596120000000000427e-01 9.150447499999999623e-01 9.150447499999999623e-01 1.045470250000000156e+00
1.286249999999999893e+00 8.686114999999999808e-01 9.156185000000000018e-01 9.156185000000000018e-01 1.044697250000000022e+00
1.293749999999999956e+00 8.718352500000000616e-01 9.186147500000000354e-01 9.186147500000000354e-01 1.043071999999999999e+00
1.301250000000000018e+00 8.471885000000001220e-01 9.215384999999999271e-01 9.215384999999999271e-01 1.042582250000000155e+00
1.308750000000000080e+00 8.463810000000000500e-01 9.230792500000000178e-01 9.230792500000000178e-01 1.040535499999999836e+00
1.316249999999999920e+00 8.379954999999998932e-01 9.257195000000000285e-01 9.257195000000000285e-01 1.039281000000000121e+00
1.323749999999999982e+00 8.091304999999999747e-01 9.279912500000000453e-01 9.279912500000000453e-01 1.037627000000000077e+00
1.331250000000000044e+00 7.860650000000000137e-01 9.312684999999999436e-01 9.312684999999999436e-01 1.035718000000000139e+00
1.338750000000000107e+00 7.667042499999998650e-01 9.307497499999999313e-01 9.307497499999999313e-01 1.034938499999999983e+00
1.346249999999999947e+00 7.493744999999999434e-01 9.353172499999999889e-01 9.353172499999999889e-01 1.033496500000000040e+00
1.353750000000000009e+00 7.474315000000000264e-01 9.364365000000000050e-01 9.364365000000000050e-01 1.032091250000000127e+00
1.361250000000000071e+00 7.182029999999999248e-01 9.401450000000000085e-01 9.401450000000000085e-01 1.030658249999999887e+00
1.368749999999999911e+00 7.130889999999999729e-01 9.424172499999999841e-01 9.424172499999999841e-01 1.029747250000000003e+00
1.376249999999999973e+00 6.987552500000000499e-01 9.430802499999999533e-01 9.430802499999999533e-01 1.029324249999999941e+00
1.383750000000000036e+00 7.042239999999999611e-01 9.474029999999999951e-01 9.474029999999999951e-01 1.028208750000000116e+00
1.391250000000000098e+00 6.930340000000000389e-01 9.510394999999999266e-01 9.510394999999999266e-01 1.027064250000000012e+00
1.398749999999999938e+00 6.931732500000000741e-01 9.539154999999999163e-01 9.539154999999999163e-01 1.027031500000000097e+00
1.406250000000000000e+00 6.889947499999999891e-01 9.579475000000000628e-01 9.579475000000000628e-01 1.026421499999999876e+00
1.413750000000000062e+00 6.896937499999999943e-01 9.592677499999999746e-01 9.592677499999999746e-01 1.026006500000000043e+00
1.421249999999999902e+00 7.017542500000000238e-01 9.635382500000000405e-01 9.635382500000000405e-01 1.025424000000000113e+00
1.428749999999999964e+00 7.069145000000000012e-01 9.683477499999999516e-01 9.683477499999999516e-01 1.024700500000000014e+00
1.436250000000000027e+00 7.048915000000000042e-01 9.721757500000000052e-01 9.721757500000000052e-01 1.025052500000000144e+00
1.443750000000000089e+00 7.254050000000000775e-01 9.766565000000000385e-01 9.766565000000000385e-01 1.024686750000000091e+00
1.451249999999999929e+00 7.250225000000001252e-01 9.792607499999999021e-01 9.792607499999999021e-01 1.023993500000000001e+00
1.458749999999999991e+00 7.491697499999999676e-01 9.845867499999999550e-01 9.845867499999999550e-01 1.023651749999999971e+00
1.466250000000000053e+00 7.528459999999999042e-01 9.884525000000000672e-01 9.884525000000000672e-01 1.022966750000000147e+00
1.473749999999999893e+00 7.646262499999999518e-01 9.933994999999999909e-01 9.933994999999999909e-01 1.022725249999999919e+00
1.481249999999999956e+00 7.707975000000000243e-01 9.998002500000000570e-01 9.998002500000000570e-01 1.022137000000000073e+00
1.488750000000000018e+00 7.837804999999999911e-01 1.000996999999999915e+00 1.000996999999999915e+00 1.021620750000000077e+00
1.496250000000000080e+00 7.823890000000000011e-01 1.007582750000000082e+00 1.007582750000000082e+00 1.020337999999999967e+00
1.503749999999999920e+00 7.973010000000000375e-01 1.012774249999999876e+00 1.012774249999999876e+00 1.020074750000000030e+00
1.511249999999999982e+00 8.071679999999999966e-01 1.017586999999999797e+00 1.017586999999999797e+00 1.018914749999999980e+00
1.518750000000000044e+00 8.088414999999999910e-01 1.023395749999999937e+00 1.023395749999999937e+00 1.017818000000000112e+00
1.526250000000000107e+00 8.031114999999999782e-01 1.028218999999999994e+00 1.028218999999999994e+00 1.017026500000000055e+00
1.533749999999999947e+00 8.217407500000000198e-01 1.033529750000000025e+00 1.033529750000000025e+00 1.016514250000000175e+00
1.541250000000000009e+00 8.214559999999999640e-01 1.037711000000000050e+00 1.037711000000000050e+00 1.015320749999999883e+00
1.548750000000000071e+00 8.314272500000000621e-01 1.044079750000000084e+00 1.044079750000000084e+00 1.014376749999999827e+00
1.556249999999999911e+00 8.204707499999999154e-01 1.049534750000000072e+00 1.049534750000000072e+00 1.013457999999999970e+00
1.563749999999999973e+00 8.283350000000000435e-01 1.057034750000000134e+00 1.057034750000000134e+00 1.012859249999999989e+00
1.571250000000000036e+00 8.292320000000000801e-01 1.059533500000000128e+00 1.059533500000000128e+00 1.012129250000000091e+00
1.578750000000000098e+00 8.365847499999999881e-01 1.064929750000000119e+00 1.064929750000000119e+00 1.011159750000000024e+00
1.586249999999999938e+00 8.451189999999999536e-01 1.070653999999999995e+00 1.070653999999999995e+00 1.010348000000000024e+00
1.593750000000000000e+00 8.504302500000000542e-01 1.073777250000000016e+00 1.073777250000000016e+00 1.009485750000000071e+00
1.601250000000000062e+00 8.595682499999999227e-01 1.078305000000000069e+00 1.078305000000000069e+00 1.009036749999999927e+00
1.608749999999999902e+00 8.611082500000000195e-01 1.078460250000000009e+00 1.078460250000000009e+00 1.008487499999999981e+00
1.616249999999999964e+00 8.651330000000000409e-01 1.078955000000000108e+00 1.078955000000000108e+00 1.008359250000000040e+00
1.623750000000000027e+00 8.817757499999999693e-01 1.078559750000000150e+00 1.078559750000000150e+00 1.007108749999999997e+00
1.631250000000000089e+00 8.997767500000000140e-01 1.076602000000000059e+00 1.076602000000000059e+00 1.006736999999999993e+00
1.638749999999999929e+00 9.074277500000000884e-01 1.073827500000000157e+00 1.073827500000000157e+00 1.006582249999999901e+00
1.646249999999999991e+00 9.195657499999999596e-01 1.070329749999999969e+00 1.070329749999999969e+00 1.005873000000000017e+00
1.653750000000000053e+00 9.503690000000000193e-01 1.064370499999999886e+00 1.064370499999999886e+00 1.005585749999999834e+00
1.661249999999999893e+00 9.621992500000000614e-01 1.059335250000000173e+00 1.059335250000000173e+00 1.005098999999999965e+00
1.668749999999999956e+00 9.762932500000001124e-01 1.053146750000000020e+00 1.053146750000000020e+00 1.004625499999999949e+00
1.676250000000000018e+00 9.927109999999998990e-01 1.046833499999999972e+00 1.046833499999999972e+00 1.004476750000000029e+00
1.683750000000000080e+00 1.000695499999999960e+00 1.040923749999999925e+00 1.040923749999999925e+00 1.004155750000000014e+00
1.691249999999999920e+00 1.032264499999999918e+00 1.034224999999999950e+00 1.034224999999999950e+00 1.003291749999999816e+00
1.698749999999999982e+00 1.045216250000000180e+00 1.029192249999999920e+00 1.029192249999999920e+00 1.003289249999999910e+00
1.706250000000000044e+00 1.059103750000000010e+00 1.023456499999999991e+00 1.023456499999999991e+00 1.003271250000000059e+00
1.713750000000000107e+00 1.076866499999999949e+00 1.017981749999999908e+00 1.017981749999999908e+00 1.002959500000000004e+00
1.721249999999999947e+00 1.102466249999999981e+00 1.013833750000000089e+00 1.013833750000000089e+00 1.002482249999999908e+00
1.728750000000000009e+00 1.108780000000000099e+00 1.010030250000000018e+00 1.010030250000000018e+00 1.002570999999999879e+00
1.736250000000000071e+00 1.116360250000000054e+00 1.005687749999999880e+00 1.005687749999999880e+00 1.001793750000000038e+00
1.743749999999999911e+00 1.116214250000000074e+00 1.001475499999999963e+00 1.001475499999999963e+00 1.001557250000000066e+00
1.751249999999999973e+00 1.114582249999999997e+00 1.000121749999999921e+00 1.000121749999999921e+00 1.001527749999999939e+00
1.758750000000000036e+00 1.130357499999999904e+00 9.989544999999999675e-01 9.989544999999999675e-01 1.001272500000000010e+00
1.766250000000000098e+00 1.127183999999999964e+00 9.965540000000000509e-01 9.965540000000000509e-01 1.000810999999999895e+00
1.773749999999999938e+00 1.124186250000000165e+00 9.957432499999999687e-01 9.957432499999999687e-01 1.000675499999999829e+00
1.781250000000000000e+00 1.130269500000000038e+00 9.942922499999999886e-01 9.942922499999999886e-01 1.000334500000000126e+00
1.788750000000000062e+00 1.106505499999999920e+00 9.944649999999999324e-01 9.944649999999999324e-01 1.000557499999999989e+00
1.796249999999999902e+00 1.109380250000000068e+00 9.932185000000000041e-01 9.932185000000000041e-01 1.000651999999999875e+00
1.803749999999999964e+00 1.111854249999999933e+00 9.927847499999999936e-01 9.927847499999999936e-01 1.000073250000000025e+00
1.811250000000000027e+00 1.101962249999999921e+00 9.929114999999999469e-01 9.929114999999999469e-01 1.000543249999999995e+00
1.818750000000000089e+00 1.097746250000000146e+00 9.920527499999999277e-01 9.920527499999999277e-01 9.999447500000000488e-01
1.826249999999999929e+00 1.102575000000000083e+00 9.920572500000000016e-01 9.920572500000000016e-01 1.000102249999999859e+00
1.833749999999999991e+00 1.111682000000000059e+00 9.919130000000000447e-01 9.919130000000000447e-01 9.998979999999999535e-01
1.841250000000000053e+00 1.102920750000000005e+00 9.915027499999999883e-01 9.915027499999999883e-01 1.000098750000000036e+00
1.848749999999999893e+00 1.114103999999999983e+00 9.922187499999999272e-01 9.922187499999999272e-01 9.999452500000000077e-01
1.856249999999999956e+00 1.125788749999999894e+00 9.886725000000000652e-01 9.886725000000000652e-01 9.997774999999999856e-01
1.863750000000000018e+00 1.145732250000000008e+00 9.898237500000000022e-01 9.898237500000000022e-01 1.000240999999999936e+00
1.871250000000000080e+00 1.146565499999999904e+00 9.889697500000000918e-01 9.889697500000000918e-01 9.995642500000000430e-01
1.878749999999999920e+00 1.160752500000000076e+00 9.879032500000000105e-01 9.879032500000000105e-01 9.999249999999999527e-01
1.886249999999999982e+00 1.180222749999999987e+00 9.869565000000000143e-01 9.869565000000000143e-01 1.000102000000000046e+00
1.893750000000000044e+00 1.185203749999999889e+00 9.858992499999998937e-01 9.858992499999998937e-01 1.000245999999999968e+00
1.901250000000000107e+00 1.193613999999999953e+00 9.858670000000000488e-01 9.858670000000000488e-01 1.000428000000000095e+00
1.908749999999999947e+00 1.209848249999999847e+00 9.825347500000000123e-01 9.825347500000000123e-01 1.000434249999999858e+00
1.916250000000000009e+00 1.212349750000000004e+00 9.828852499999999326e-01 9.828852499999999326e-01 1.000636999999999999e+00
1.923750000000000071e+00 1.231782249999999967e+00 9.816597499999999421e-01 9.816597499999999421e-01 1.000386500000000067e+00
1.931249999999999911e+00 1.222233750000000008e+00 9.799402499999999572e-01 9.799402499999999572e-01 1.000716249999999974e+00
1.938749999999999973e+00 1.242376499999999995e+00 9.799450000000000660e-01 9.799450000000000660e-01 1.000771999999999995e+00
1.946250000000000036e+00 1.249367749999999999e+00 9.785937500000000400e-01 9.785937500000000400e-01 1.001022250000000113e+00
1.953750000000000098e+00 1.247892999999999919e+00 9.770092500000000513e-01 9.770092500000000513e-01 1.001038749999999977e+00
1.961249999999999938e+00 1.248535249999999985e+00 9.773237500000000466e-01 9.773237500000000466e-01 1.001203499999999913e+00
1.968750000000000000e+00 1.254684000000000133e+00 9.770602500000000745e-01 9.770602500000000745e-01 1.001323999999999881e+00
1.976250000000000062e+00 1.250011250000000018e+00 9.759680000000000577e-01 9.759680000000000577e-01 1.001310249999999957e+00
1.983749999999999902e+00 1.239036500000000096e+00 9.738830000000000542e-01 9.738830000000000542e-01 1.001916499999999877e+00
1.991249999999999964e+00 1.221708500000000086e+00 9.761527500000000135e-01 9.761527500000000135e-01 1.001827750000000128e+00
1.998750000000000027e+00 1.216596999999999928e+00 9.744792500000000190e-01 9.744792500000000190e-01 1.001804750000000022e+00
2.006250000000000089e+00 1.198649500000000145e+00 9.752817500000000583e-01 9.752817500000000583e-01 1.002299250000000086e+00
2.013749999999999929e+00 1.161477249999999906e+00 9.764325000000000365e-01 9.764325000000000365e-01 1.002027749999999884e+00
2.021250000000000213e+00 1.141648250000000031e+00 9.765249999999999764e-01 9.765249999999999764e-01 1.002661999999999942e+00
2.028750000000000053e+00 1.111582499999999918e+00 9.751149999999999540e-01 9.751149999999999540e-01 1.002303249999999979e+00
2.036249999999999893e+00 1.090000999999999998e+00 9.772242500000000165e-01 9.772242500000000165e-01 1.002662249999999755e+00
2.043750000000000178e+00 1.059157999999999822e+00 9.756624999999999881e-01 9.756624999999999881e-01 1.002690999999999999e+00
2.051250000000000018e+00 1.024088499999999957e+00 9.768132499999999663e-01 9.768132499999999663e-01 1.003044500000000117e+00
2.058749999999999858e+00 1.005619500000000111e+00 9.769004999999999495e-01 9.769004999999999495e-01 1.003353249999999974e+00
2.066250000000000142e+00 9.833307499999999202e-01 9.773130000000000983e-01 9.773130000000000983e-01 1.003031999999999924e+00
2.073749999999999982e+00 9.628865000000000895e-01 9.803292500000000409e-01 9.803292500000000409e-01 1.003455749999999869e+00
2.081249999999999822e+00 9.357512499999999234e-01 9.790330000000000421e-01 9.790330000000000421e-01 1.003759249999999881e+00
2.088750000000000107e+00 9.278105000000000935e-01 9.799622500000000347e-01 9.799622500000000347e-01 1.003417500000000073e+00
2.096249999999999947e+00 9.103782499999999445e-01 9.815729999999999178e-01 9.815729999999999178e-01 1.003846500000000086e+00
2.103749999999999787e+00 8.961417499999999592e-01 9.809185000000000265e-01 9.809185000000000265e-01 1.004079249999999979e+00
2.111250000000000071e+00 8.851117500000000859e-01 9.826165000000000038e-01 9.826165000000000038e-01 1.004263750000000011e+00
2.118749999999999911e+00 8.809677500000000494e-01 9.831544999999999312e-01 9.831544999999999312e-01 1.004557500000000214e+00
2.126250000000000195e+00 8.721382499999998927e-01 9.839299999999999713e-01 9.839299999999999713e-01 1.004811250000000156e+00
2.133750000000000036e+00 8.691130000000000244e-01 9.857057499999999362e-01 9.857057499999999362e-01 1.004752250000000124e+00
2.141249999999999876e+00 8.740057500000000257e-01 9.844577500000000203e-01 9.844577500000000203e-01 1.004829750000000077e+00
2.148750000000000160e+00 8.733527500000000110e-01 9.849229999999999929e-01 9.849229999999999929e-01 1.005084499999999936e+00
2.156250000000000000e+00 8.701347499999999568e-01 9.862900000000000000e-01 9.862900000000000000e-01 1.004747500000000127e+00
2.163749999999999840e+00 8.718287499999999302e-01 9.873612499999999681e-01 9.873612499999999681e-01 1.005240249999999946e+00
2.171250000000000124e+00 8.801265000000000338e-01 9.871810000000000862e-01 9.871810000000000862e-01 1.004880999999999913e+00
2.178749999999999964e+00 8.807697500000000179e-01 9.883990000000000276e-01 9.883990000000000276e-01 1.005099249999999778e+00
2.186249999999999805e+00 8.860289999999999555e-01 9.895264999999999755e-01 9.895264999999999755e-01 1.004948249999999987e+00
2.193750000000000089e+00 8.943362500000000548e-01 9.898152500000000353e-01 9.898152500000000353e-01 1.005027249999999928e+00
2.201249999999999929e+00 8.956724999999999826e-01 9.902942500000000425e-01 9.902942500000000425e-01 1.005068500000000142e+00
2.208750000000000213e+00 8.958667500000000450e-01 9.914857500000000545e-01 9.914857500000000545e-01 1.004906999999999995e+00
2.216250000000000053e+00 9.063304999999999279e-01 9.922137500000000054e-01 9.922137500000000054e-01 1.004745750000000104e+00
2.223749999999999893e+00 9.162875000000000325e-01 9.932794999999999819e-01 9.932794999999999819e-01 1.004757000000000122e+00
2.231250000000000178e+00 9.172740000000000338e-01 9.946035000000000847e-01 9.946035000000000847e-01 1.004473500000000019e+00
2.238750000000000018e+00 9.153637499999999205e-01 9.954807500000000253e-01 9.954807500000000253e-01 1.004542999999999964e+00
2.246249999999999858e+00 9.295377499999999404e-01 9.960764999999999203e-01 9.960764999999999203e-01 1.004474749999999972e+00
2.253750000000000142e+00 9.302547500000000191e-01 9.971177499999999139e-01 9.971177499999999139e-01 1.004277499999999934e+00
2.261249999999999982e+00 9.276510000000000034e-01 9.976615000000000899e-01 9.976615000000000899e-01 1.003962000000000021e+00
2.268749999999999822e+00 9.283967499999999928e-01 9.991425000000000445e-01 9.991425000000000445e-01 1.003791000000000100e+00
2.276250000000000107e+00 9.318155000000000188e-01 9.988615000000000688e-01 9.988615000000000688e-01 1.003917249999999983e+00
2.283749999999999947e+00 9.321727499999999944e-01 1.000192750000000075e+00 1.000192750000000075e+00 1.003530500000000103e+00
2.291249999999999787e+00 9.351404999999999301e-01 1.001355500000000065e+00 1.001355500000000065e+00 1.003222499999999906e+00
2.298750000000000071e+00 9.338322499999999193e-01 1.002760249999999909e+00 1.002760249999999909e+00 1.003159249999999947e+00
2.306249999999999911e+00 9.340785000000000338e-01 1.002679749999999981e+00 1.002679749999999981e+00 1.003064750000000060e+00
2.313750000000000195e+00 9.324670000000000458e-01 1.004374250000000135e+00 1.004374250000000135e+00 1.002548749999999878e+00
2.321250000000000036e+00 9.352632499999999904e-01 1.004030749999999861e+00 1.004030749999999861e+00 1.002618250000000044e+00
2.328749999999999876e+00 9.276110000000000744e-01 1.005618500000000193e+00 1.005618500000000193e+00 1.002314249999999962e+00
2.336250000000000160e+00 9.354489999999999750e-01 1.006084250000000013e+00 1.006084250000000013e+00 1.002333999999999836e+00
2.343750000000000000e+00 9.365610000000000879e-01 1.006845750000000095e+00 1.006845750000000095e+00 1.002015499999999948e+00
2.351249999999999840e+00 9.351059999999999928e-01 1.006960249999999890e+00 1.006960249999999890e+00 1.001971000000000167e+00
2.358750000000000124e+00 9.372422500000000545e-01 1.007027749999999777e+00 1.007027749999999777e+00 1.001722250000000036e+00
2.366249999999999964e+00 9.380062500000000414e-01 1.007660000000000000e+00 1.007660000000000000e+00 1.001590250000000015e+00
2.373749999999999805e+00 9.489110000000000600e-01 1.008544000000000107e+00 1.008544000000000107e+00 1.001386249999999922e+00
2.381250000000000089e+00 9.441930000000000600e-01 1.007559499999999941e+00 1.007559499999999941e+00 1.001174000000000008e+00
2.388749999999999929e+00 9.408922499999999856e-01 1.009081750000000000e+00 1.009081750000000000e+00 1.001249000000000056e+00
2.396250000000000213e+00 9.476532500000000026e-01 1.008809249999999880e+00 1.008809249999999880e+00 1.001122249999999880e+00
2.403750000000000053e+00 9.599427499999999558e-01 1.010508750000000067e+00 1.010508750000000067e+00 1.001128749999999901e+00
2.411249999999999893e+00 9.525117500000001014e-01 1.010129500000000125e+00 1.010129500000000125e+00 1.000874250000000076e+00
2.418750000000000178e+00 9.557075000000000431e-01 1.009621499999999950e+00 1.009621499999999950e+00 1.000539250000000102e+00
2.426250000000000018e+00 9.653739999999999544e-01 1.010665750000000029e+00 1.010665750000000029e+00 1.000554500000000013e+00
2.433749999999999858e+00 9.703764999999999752e-01 1.010367000000000015e+00 1.010367000000000015e+00 1.000441000000000136e+00
2.441250000000000142e+00 9.710287499999998850e-01 1.010230249999999996e+00 1.010230249999999996e+00 1.000373999999999874e+00
2.448749999999999982e+00 9.707292499999999880e-01 1.010985750000000127e+00 1.010985750000000127e+00 9.999439999999999440e-01
2.456249999999999822e+00 9.774082499999999785e-01 1.011400749999999960e+00 1.011400749999999960e+00 9.999627499999999003e-01
2.463750000000000107e+00 9.886162499999999742e-01 1.011413249999999930e+00 1.011413249999999930e+00 9.999817500000000026e-01
2.471249999999999947e+00 9.904272499999999813e-01 1.011100749999999771e+00 1.011100749999999771e+00 9.994704999999999284e-01
2.478749999999999787e+00 9.866389999999999327e-01 1.011636250000000015e+00 1.011636250000000015e+00 9.996320000000000761e-01
2.486250000000000071e+00 9.882382499999999848e-01 1.012044750000000048e+00 1.012044750000000048e+00 9.993002500000000010e-01
2.493749999999999911e+00 9.953897500000001841e-01 1.013142500000000057e+00 1.013142500000000057e+00 9.993627499999999664e-01
2.501250000000000195e+00 9.971415000000000139e-01 1.012097499999999872e+00 1.012097499999999872e+00 9.992077499999999501e-01
2.508750000000000036e+00 1.001446000000000058e+00 1.012557999999999847e+00 1.012557999999999847e+00 9.992254999999999887e-01
2.516249999999999876e+00 9.994910000000001293e-01 1.011843250000000083e+00 1.011843250000000083e+00 9.992832499999999563e-01
2.523750000000000160e+00 1.002167249999999843e+00 1.011882249999999983e+00 1.011882249999999983e+00 9.993540000000000756e-01
2.531250000000000000e+00 1.004647249999999881e+00 1.011801999999999868e+00 1.011801999999999868e+00 9.990819999999999146e-01
2.538749999999999840e+00 1.005914999999999893e+00 1.011388750000000059e+00 1.011388750000000059e+00 9.989087500000000119e-01
2.546250000000000124e+00 1.015645499999999979e+00 1.011553499999999994e+00 1.011553499999999994e+00 9.986167500000000530e-01
2.553749999999999964e+00 1.022586749999999878e+00 1.009921999999999986e+00 1.009921999999999986e+00 9.988292500000000018e-01
2.561249999999999805e+00 1.021097750000000026e+00 1.011166000000000009e+00 1.011166000000000009e+00 9.987185000000000645e-01
2.568750000000000089e+00 1.016464000000000034e+00 1.009602499999999958e+00 1.009602499999999958e+00 9.986937499999999357e-01
2.576249999999999929e+00 1.026097500000000107e+00 1.008917250000000099e+00 1.008917250000000099e+00 9.987754999999999272e-01
2.583750000000000213e+00 1.028169749999999993e+00 1.008612999999999982e+00 1.008612999999999982e+00 9.985997500000000082e-01
2.591250000000000053e+00 1.032947999999999977e+00 1.007912500000000211e+00 1.007912500000000211e+00 9.985747499999999555e-01
2.598749999999999893e+00 1.030092500000000078e+00 1.006747999999999976e+00 1.006747999999999976e+00 9.984472500000000084e-01
2.606250000000000178e+00 1.032482499999999970e+00 1.006565249999999967e+00 1.006565249999999967e+00 9.982607500000000300e-01
2.613750000000000018e+00 1.028690999999999800e+00 1.005926499999999946e+00 1.005926499999999946e+00 9.985787499999999595e-01
2.621249999999999858e+00 1.033663250000000033e+00 1.005815249999999939e+00 1.005815249999999939e+00 9.986574999999999758e-01
2.628750000000000142e+00 1.035274750000000132e+00 1.004097750000000122e+00 1.004097750000000122e+00 9.986587500000000395e-01
2.636249999999999982e+00 1.042982500000000146e+00 1.004077249999999921e+00 1.004077249999999921e+00 9.984364999999999490e-01
2.643749999999999822e+00 1.042632500000000073e+00 1.002622499999999972e+00 1.002622499999999972e+00 9.984942500000000276e-01
2.651250000000000107e+00 1.039293250000000057e+00 1.002123749999999980e+00 1.002123749999999980e+00 9.984420000000000517e-01
2.658749999999999947e+00 1.042389749999999893e+00 1.002007499999999940e+00 1.002007499999999940e+00 9.985982500000001316e-01
2.666249999999999787e+00 1.043753500000000001e+00 1.001158500000000062e+00 1.001158500000000062e+00 9.982467500000000715e-01
2.673750000000000071e+00 1.046877249999999870e+00 1.000000750000000105e+00 1.000000750000000105e+00 9.984275000000000233e-01
2.681249999999999911e+00 1.044521000000000033e+00 9.987200000000000522e-01 9.987200000000000522e-01 9.983949999999999214e-01
2.688750000000000195e+00 1.049853249999999960e+00 9.981490000000000640e-01 9.981490000000000640e-01 9.984730000000000549e-01
2.696250000000000036e+00 1.043480249999999998e+00 9.982850000000000890e-01 9.982850000000000890e-01 9.984520000000000062e-01
2.703749999999999876e+00 1.038610499999999881e+00 9.961740000000000039e-01 9.961740000000000039e-01 9.983922499999999811e-01
2.711250000000000160e+00 1.046871000000000107e+00 9.971227500000000576e-01 9.971227500000000576e-01 9.985330000000000039e-01
2.718750000000000000e+00 1.041784499999999891e+00 9.966954999999999565e-01 9.966954999999999565e-01 9.987167500000000420e-01
2.726249999999999840e+00 1.050423249999999920e+00 9.955254999999999521e-01 9.955254999999999521e-01 9.985920000000000352e-01
2.733750000000000124e+00 1.042953250000000054e+00 9.963655000000000150e-01 9.963655000000000150e-01 9.985667499999999475e-01
2.741249999999999964e+00 1.043526999999999871e+00 9.951592499999999397e-01 9.951592499999999397e-01 9.985844999999999860e-01
2.748749999999999805e+00 1.042259749999999929e+00 9.942687500000000345e-01 9.942687500000000345e-01 9.988114999999999633e-01
2.756250000000000089e+00 1.035144999999999982e+00 9.955657500000000271e-01 9.955657500000000271e-01 9.986872500000000263e-01
2.763749999999999929e+00 1.037841750000000118e+00 9.945425000000001070e-01 9.945425000000001070e-01 9.988979999999999526e-01
2.771250000000000213e+00 1.036745999999999945e+00 9.945467499999999239e-01 9.945467499999999239e-01 9.988869999999999694e-01
2.778750000000000053e+00 1.030925000000000091e+00 9.941780000000000062e-01 9.941780000000000062e-01 9.991552500000000503e-01
2.786249999999999893e+00 1.036327999999999916e+00 9.947227499999999889e-01 9.947227499999999889e-01 9.989947500000000424e-01
2.793750000000000178e+00 1.032215249999999918e+00 9.947455000000000602e-01 9.947455000000000602e-01 9.990437500000000082e-01
2.801250000000000018e+00 1.023757250000000063e+00 9.941897500000000942e-01 9.941897500000000942e-01 9.991452499999999848e-01
2.808749999999999858e+00 1.029100249999999939e+00 9.937867499999999410e-01 9.937867499999999410e-01 9.993007499999999599e-01
2.816250000000000142e+00 1.026716500000000032e+00 9.938869999999999649e-01 9.938869999999999649e-01 9.990550000000000264e-01
2.823749999999999982e+00 1.022254999999999914e+00 9.943345000000000100e-01 9.943345000000000100e-01 9.992415000000000047e-01
2.831249999999999822e+00 1.021618999999999833e+00 9.948430000000000328e-01 9.948430000000000328e-01 9.993604999999999849e-01
2.838750000000000107e+00 1.023222250000000111e+00 9.942442499999999406e-01 9.942442499999999406e-01 9.995155000000000012e-01
2.846249999999999947e+00 1.022864999999999913e+00 9.949774999999999592e-01 9.949774999999999592e-01 9.995277499999999371e-01
2.853749999999999787e+00 1.023797500000000138e+00 9.944424999999998960e-01 9.944424999999998960e-01 9.995380000000000376e-01
2.861250000000000071e+00 1.022568249999999956e+00 9.945507499999999279e-01 9.945507499999999279e-01 9.994609999999999328e-01
2.868749999999999911e+00 1.017280249999999775e+00 9.946589999999999598e-01 9.946589999999999598e-01 9.996652500000000607e-01
2.876250000000000195e+00 1.017535749999999961e+00 9.944792500000000368e-01 9.944792500000000368e-01 9.996194999999999942e-01
2.883750000000000036e+00 1.020362250000000026e+00 9.945624999999999050e-01 9.945624999999999050e-01 9.998197500000000071e-01
2.891249999999999876e+00 1.014728249999999887e+00 9.944442500000000296e-01 9.944442500000000296e-01 9.996242500000001030e-01
2.898750000000000160e+00 1.016679750000000215e+00 9.949727500000000724e-01 9.949727500000000724e-01 9.995797500000001001e-01
2.906250000000000000e+00 1.014522750000000029e+00 9.941619999999999902e-01 9.941619999999999902e-01 9.996564999999999479e-01
2.913749999999999840e+00 1.014265250000000007e+00 9.945097500000000812e-01 9.945097500000000812e-01 1.000090000000000146e+00
2.921250000000000124e+00 1.010485000000000078e+00 9.938624999999998710e-01 9.938624999999998710e-01 9.999817499999998915e-01
2.928749999999999964e+00 1.011727749999999926e+00 9.948935000000000972e-01 9.948935000000000972e-01 9.998509999999999343e-01
2.936249999999999805e+00 1.000979749999999946e+00 9.953444999999999654e-01 9.953444999999999654e-01 1.000114249999999982e+00
2.943750000000000089e+00 1.007100499999999954e+00 9.948775000000000812e-01 9.948775000000000812e-01 9.997817500000000246e-01
2.951249999999999929e+00 9.975172499999999109e-01 9.953067500000000178e-01 9.953067500000000178e-01 9.999019999999999575e-01
2.958750000000000213e+00 1.000601999999999991e+00 9.952320000000000055e-01 9.952320000000000055e-01 1.000044750000000038e+00
2.966250000000000053e+00 9.954904999999999449e-01 9.956992500000000357e-01 9.956992500000000357e-01 9.998447499999998378e-01
2.973749999999999893e+00 9.943764999999999965e-01 9.951149999999999718e-01 9.951149999999999718e-01 1.000114249999999982e+00
2.981250000000000178e+00 9.918490000000000917e-01 9.962137500000000090e-01 9.962137500000000090e-01 9.998469999999999303e-01
2.988750000000000018e+00 9.930820000000000203e-01 9.960395000000000776e-01 9.960395000000000776e-01 1.000174750000000001e+00
2.996249999999999858e+00 9.857479999999998466e-01 9.957875000000000476e-01 9.957875000000000476e-01 9.999989999999999712e-01
