3.749999999999999861e-03 0.000000000000000000e+00 0.000000000000000000e+00 0.000000000000000000e+00 0.000000000000000000e+00
1.124999999999999958e-02 0.000000000000000000e+00 0.000000000000000000e+00 0.000000000000000000e+00 0.000000000000000000e+00
1.874999999999999931e-02 0.000000000000000000e+00 0.000000000000000000e+00 0.000000000000000000e+00 0.000000000000000000e+00
2.624999999999999903e-02 0.000000000000000000e+00 0.000000000000000000e+00 0.000000000000000000e+00 0.000000000000000000e+00
3.375000000000000222e-02 0.000000000000000000e+00 0.000000000000000000e+00 0.000000000000000000e+00 0.000000000000000000e+00
4.125000000000000194e-02 0.000000000000000000e+00 0.000000000000000000e+00 0.000000000000000000e+00 0.000000000000000000e+00
4.875000000000000167e-02 0.000000000000000000e+00 0.000000000000000000e+00 0.000000000000000000e+00 0.000000000000000000e+00
5.625000000000000139e-02 0.000000000000000000e+00 0.000000000000000000e+00 0.000000000000000000e+00 0.000000000000000000e+00
6.375000000000000111e-02 0.000000000000000000e+00 0.000000000000000000e+00 0.000000000000000000e+00 0.000000000000000000e+00
7.124999999999999389e-02 0.000000000000000000e+00 0.000000000000000000e+00 0.000000000000000000e+00 0.000000000000000000e+00
7.875000000000000056e-02 0.000000000000000000e+00 0.000000000000000000e+00 0.000000000000000000e+00 0.000000000000000000e+00
8.624999999999999334e-02 0.000000000000000000e+00 0.000000000000000000e+00 0.000000000000000000e+00 0.000000000000000000e+00
9.375000000000000000e-02 0.000000000000000000e+00 0.000000000000000000e+00 0.000000000000000000e+00 0.000000000000000000e+00
1.012500000000000067e-01 0.000000000000000000e+00 0.000000000000000000e+00 0.000000000000000000e+00 0.000000000000000000e+00
1.087499999999999994e-01 0.000000000000000000e+00 0.000000000000000000e+00 0.000000000000000000e+00 0.000000000000000000e+00
1.162500000000000061e-01 0.000000000000000000e+00 0.000000000000000000e+00 0.000000000000000000e+00 0.000000000000000000e+00
1.237499999999999989e-01 0.000000000000000000e+00 0.000000000000000000e+00 0.000000000000000000e+00 0.000000000000000000e+00
1.312500000000000056e-01 0.000000000000000000e+00 0.000000000000000000e+00 0.000000000000000000e+00 0.000000000000000000e+00
1.387500000000000122e-01 0.000000000000000000e+00 0.000000000000000000e+00 0.000000000000000000e+00 0.000000000000000000e+00
1.462499999999999911e-01 0.000000000000000000e+00 0.000000000000000000e+00 0.000000000000000000e+00 0.000000000000000000e+00
1.537499999999999978e-01 0.000000000000000000e+00 0.000000000000000000e+00 0.000000000000000000e+00 2.062499999999999989e-05
1.612500000000000044e-01 0.000000000000000000e+00 0.000000000000000000e+00 0.000000000000000000e+00 3.436250000000000502e-03
1.687500000000000111e-01 0.000000000000000000e+00 0.000000000000000000e+00 0.000000000000000000e+00 6.652974999999999861e-02
1.762499999999999900e-01 0.000000000000000000e+00 0.000000000000000000e+00 0.000000000000000000e+00 3.482686249999999428e-01
1.837499999999999967e-01 0.000000000000000000e+00 0.000000000000000000e+00 0.000000000000000000e+00 8.617756250000001561e-01
1.912500000000000033e-01 0.000000000000000000e+00 0.000000000000000000e+00 0.000000000000000000e+00 1.388441374999999756e+00
1.987500000000000100e-01 0.000000000000000000e+00 0.000000000000000000e+00 0.000000000000000000e+00 1.747474875000000205e+00
2.062499999999999889e-01 0.000000000000000000e+00 0.000000000000000000e+00 0.000000000000000000e+00 1.923179500000000042e+00
2.137499999999999956e-01 0.000000000000000000e+00 0.000000000000000000e+00 0.000000000000000000e+00 1.965539374999999866e+00
2.212500000000000022e-01 0.000000000000000000e+00 0.000000000000000000e+00 0.000000000000000000e+00 1.929490750000000254e+00
2.287500000000000089e-01 0.000000000000000000e+00 0.000000000000000000e+00 0.000000000000000000e+00 1.862119749999999962e+00
2.362499999999999878e-01 0.000000000000000000e+00 0.000000000000000000e+00 0.000000000000000000e+00 1.794235875000000036e+00
2.437499999999999944e-01 0.000000000000000000e+00 0.000000000000000000e+00 0.000000000000000000e+00 1.731747874999999937e+00
2.512499999999999734e-01 0.000000000000000000e+00 0.000000000000000000e+00 0.000000000000000000e+00 1.675517874999999934e+00
2.587499999999999800e-01 0.000000000000000000e+00 0.000000000000000000e+00 0.000000000000000000e+00 1.621840000000000170e+00
2.662499999999999867e-01 0.000000000000000000e+00 0.000000000000000000e+00 0.000000000000000000e+00 1.575380249999999815e+00
2.737499999999999933e-01 0.000000000000000000e+00 0.000000000000000000e+00 0.000000000000000000e+00 1.529620125000000108e+00
2.812500000000000000e-01 0.000000000000000000e+00 0.000000000000000000e+00 0.000000000000000000e+00 1.491916875000000253e+00
2.887500000000000067e-01 0.000000000000000000e+00 0.000000000000000000e+00 0.000000000000000000e+00 1.454646874999999895e+00
2.962500000000000133e-01 0.000000000000000000e+00 0.000000000000000000e+00 0.000000000000000000e+00 1.421210625000000061e+00
3.037500000000000200e-01 0.000000000000000000e+00 0.000000000000000000e+00 0.000000000000000000e+00 1.391065250000000031e+00
3.112500000000000266e-01 0.000000000000000000e+00 0.000000000000000000e+00 0.000000000000000000e+00 1.368291249999999959e+00
3.187499999999999778e-01 0.000000000000000000e+00 0.000000000000000000e+00 0.000000000000000000e+00 1.343710250000000217e+00
3.262499999999999845e-01 0.000000000000000000e+00 0.000000000000000000e+00 0.000000000000000000e+00 1.324509125000000065e+00
3.337499999999999911e-01 0.000000000000000000e+00 0.000000000000000000e+00 0.000000000000000000e+00 1.309381499999999976e+00
3.412499999999999978e-01 0.000000000000000000e+00 0.000000000000000000e+00 0.000000000000000000e+00 1.296408000000000005e+00
3.487500000000000044e-01 0.000000000000000000e+00 0.000000000000000000e+00 0.000000000000000000e+00 1.287254625000000097e+00
3.562500000000000111e-01 0.000000000000000000e+00 0.000000000000000000e+00 0.000000000000000000e+00 1.278508500000000048e+00
3.637500000000000178e-01 0.000000000000000000e+00 0.000000000000000000e+00 0.000000000000000000e+00 1.273572875000000160e+00
3.712500000000000244e-01 0.000000000000000000e+00 0.000000000000000000e+00 0.000000000000000000e+00 1.270086999999999966e+00
3.787499999999999756e-01 0.000000000000000000e+00 0.000000000000000000e+00 0.000000000000000000e+00 1.267552499999999860e+00
3.862499999999999822e-01 0.000000000000000000e+00 0.000000000000000000e+00 0.000000000000000000e+00 1.265751875000000082e+00
3.937499999999999889e-01 0.000000000000000000e+00 0.000000000000000000e+00 0.000000000000000000e+00 1.263807875000000136e+00
4.012499999999999956e-01 0.000000000000000000e+00 0.000000000000000000e+00 0.000000000000000000e+00 1.260315499999999922e+00
4.087500000000000022e-01 0.000000000000000000e+00 0.000000000000000000e+00 0.000000000000000000e+00 1.257108875000000126e+00
4.162500000000000089e-01 0.000000000000000000e+00 0.000000000000000000e+00 0.000000000000000000e+00 1.254111125000000104e+00
4.237500000000000155e-01 0.000000000000000000e+00 0.000000000000000000e+00 0.000000000000000000e+00 1.248986374999999871e+00
4.312500000000000222e-01 0.000000000000000000e+00 0.000000000000000000e+00 0.000000000000000000e+00 1.243143375000000050e+00
4.387499999999999734e-01 0.000000000000000000e+00 0.000000000000000000e+00 0.000000000000000000e+00 1.237058999999999909e+00
4.462499999999999800e-01 0.000000000000000000e+00 0.000000000000000000e+00 0.000000000000000000e+00 1.229969625000000066e+00
4.537499999999999867e-01 0.000000000000000000e+00 0.000000000000000000e+00 0.000000000000000000e+00 1.223224624999999843e+00
4.612499999999999933e-01 0.000000000000000000e+00 3.249999999999999800e-06 3.249999999999999800e-06 1.216151624999999958e+00
4.687500000000000000e-01 0.000000000000000000e+00 5.312499999999999704e-05 5.312499999999999704e-05 1.208864125000000067e+00
4.762500000000000067e-01 0.000000000000000000e+00 5.814999999999999857e-04 5.814999999999999857e-04 1.201031375000000123e+00
4.837500000000000133e-01 0.000000000000000000e+00 3.139124999999999555e-03 3.139124999999999555e-03 1.194891375000000089e+00
4.912500000000000200e-01 0.000000000000000000e+00 1.151949999999999849e-02 1.151949999999999849e-02 1.186585125000000129e+00
4.987500000000000266e-01 0.000000000000000000e+00 3.476074999999999304e-02 3.476074999999999304e-02 1.180106375000000041e+00
5.062499999999999778e-01 0.000000000000000000e+00 8.250499999999999501e-02 8.250499999999999501e-02 1.172643625000000078e+00
5.137500000000000400e-01 0.000000000000000000e+00 1.633446249999999933e-01 1.633446249999999933e-01 1.166061875000000025e+00
5.212499999999999911e-01 0.000000000000000000e+00 2.842304999999999970e-01 2.842304999999999970e-01 1.159554124999999880e+00
5.287500000000000533e-01 0.000000000000000000e+00 4.373408750000000178e-01 4.373408750000000178e-01 1.153502999999999945e+00
5.362500000000000044e-01 0.000000000000000000e+00 6.175187500000000052e-01 6.175187500000000052e-01 1.146054375000000070e+00
5.437499999999999556e-01 0.000000000000000000e+00 8.037681250000000555e-01 8.037681250000000555e-01 1.140821750000000190e+00
5.512500000000000178e-01 0.000000000000000000e+00 9.862011250000000118e-01 9.862011250000000118e-01 1.134397125000000006e+00
5.587499999999999689e-01 0.000000000000000000e+00 1.152170874999999928e+00 1.152170874999999928e+00 1.129331375000000026e+00
5.662500000000000311e-01 0.000000000000000000e+00 1.286935125000000069e+00 1.286935125000000069e+00 1.124300000000000077e+00
5.737499999999999822e-01 0.000000000000000000e+00 1.398941250000000025e+00 1.398941250000000025e+00 1.117742499999999861e+00
5.812500000000000444e-01 0.000000000000000000e+00 1.476398125000000228e+00 1.476398125000000228e+00 1.112938250000000018e+00
5.887499999999999956e-01 0.000000000000000000e+00 1.532279874999999958e+00 1.532279874999999958e+00 1.108067375000000077e+00
5.962499999999999467e-01 0.000000000000000000e+00 1.556614750000000047e+00 1.556614750000000047e+00 1.102993499999999960e+00
6.037500000000000089e-01 0.000000000000000000e+00 1.567143375000000116e+00 1.567143375000000116e+00 1.098227124999999971e+00
6.112499999999999600e-01 0.000000000000000000e+00 1.559944874999999787e+00 1.559944874999999787e+00 1.093393500000000129e+00
6.187500000000000222e-01 0.000000000000000000e+00 1.538648999999999933e+00 1.538648999999999933e+00 1.089332124999999873e+00
6.262499999999999734e-01 0.000000000000000000e+00 1.508406249999999948e+00 1.508406249999999948e+00 1.084675250000000091e+00
6.337500000000000355e-01 0.000000000000000000e+00 1.475456125000000007e+00 1.475456125000000007e+00 1.079767625000000120e+00
6.412499999999999867e-01 0.000000000000000000e+00 1.438283125000000107e+00 1.438283125000000107e+00 1.075919750000000175e+00
6.487500000000000488e-01 0.000000000000000000e+00 1.395986375000000113e+00 1.395986375000000113e+00 1.071870874999999890e+00
6.562500000000000000e-01 0.000000000000000000e+00 1.358311749999999929e+00 1.358311749999999929e+00 1.067236749999999956e+00
6.637499999999999512e-01 0.000000000000000000e+00 1.322733999999999854e+00 1.322733999999999854e+00 1.063573375000000043e+00
6.712500000000000133e-01 0.000000000000000000e+00 1.284272999999999998e+00 1.284272999999999998e+00 1.059960250000000048e+00
6.787499999999999645e-01 0.000000000000000000e+00 1.251494499999999954e+00 1.251494499999999954e+00 1.055160249999999911e+00
6.862500000000000266e-01 0.000000000000000000e+00 1.223340250000000129e+00 1.223340250000000129e+00 1.052098624999999954e+00
6.937499999999999778e-01 0.000000000000000000e+00 1.198982250000000027e+00 1.198982250000000027e+00 1.048029124999999784e+00
7.012500000000000400e-01 0.000000000000000000e+00 1.178792749999999945e+00 1.178792749999999945e+00 1.044326124999999994e+00
7.087499999999999911e-01 0.000000000000000000e+00 1.163735249999999999e+00 1.163735249999999999e+00 1.041123250000000056e+00
7.162500000000000533e-01 0.000000000000000000e+00 1.151059625000000031e+00 1.151059625000000031e+00 1.037913375000000027e+00
7.237500000000000044e-01 0.000000000000000000e+00 1.140274499999999858e+00 1.140274499999999858e+00 1.034593000000000096e+00
7.312499999999999556e-01 0.000000000000000000e+00 1.131390875000000129e+00 1.131390875000000129e+00 1.031252750000000162e+00
7.387500000000000178e-01 0.000000000000000000e+00 1.123418999999999945e+00 1.123418999999999945e+00 1.027726499999999987e+00
7.462499999999999689e-01 0.000000000000000000e+00 1.122788375000000061e+00 1.122788375000000061e+00 1.024975250000000004e+00
7.537500000000000311e-01 0.000000000000000000e+00 1.120367874999999902e+00 1.120367874999999902e+00 1.022343250000000037e+00
7.612499999999999822e-01 2.208749999999999884e-04 1.119479875000000124e+00 1.119479875000000124e+00 1.019726750000000015e+00
7.687500000000000444e-01 7.224999999999998351e-04 1.115632999999999875e+00 1.115632999999999875e+00 1.016859249999999992e+00
7.762499999999999956e-01 2.055124999999999660e-03 1.114329624999999879e+00 1.114329624999999879e+00 1.014815624999999999e+00
7.837499999999999467e-01 7.785125000000000378e-03 1.111896374999999937e+00 1.111896374999999937e+00 1.011857374999999948e+00
7.912500000000000089e-01 2.025525000000000242e-02 1.107415249999999851e+00 1.107415249999999851e+00 1.009522625000000007e+00
7.987499999999999600e-01 5.822500000000000592e-02 1.103637374999999921e+00 1.103637374999999921e+00 1.007606875000000013e+00
8.062500000000000222e-01 1.207965000000000011e-01 1.098577499999999985e+00 1.098577499999999985e+00 1.005490999999999913e+00
8.137499999999999734e-01 2.239416250000000053e-01 1.094909125000000039e+00 1.094909125000000039e+00 1.003322124999999954e+00
8.212500000000000355e-01 3.764949999999999686e-01 1.090636750000000044e+00 1.090636750000000044e+00 1.002094749999999923e+00
8.287499999999999867e-01 5.937642499999999934e-01 1.085515999999999925e+00 1.085515999999999925e+00 9.996156249999998966e-01
8.362500000000000488e-01 8.629886250000000647e-01 1.079397249999999975e+00 1.079397249999999975e+00 9.981963750000000246e-01
8.437500000000000000e-01 1.144960625000000176e+00 1.073442374999999949e+00 1.073442374999999949e+00 9.966954999999999565e-01
8.512499999999999512e-01 1.465518375000000040e+00 1.067127249999999972e+00 1.067127249999999972e+00 9.946393749999999923e-01
8.587500000000000133e-01 1.783726499999999993e+00 1.059312000000000031e+00 1.059312000000000031e+00 9.933533749999999829e-01
8.662499999999999645e-01 2.079361875000000026e+00 1.053415875000000224e+00 1.053415875000000224e+00 9.917205000000000048e-01
8.737500000000000266e-01 2.326037000000000354e+00 1.049762000000000084e+00 1.049762000000000084e+00 9.910007499999999858e-01
8.812499999999999778e-01 2.507198124999999944e+00 1.043005500000000030e+00 1.043005500000000030e+00 9.895829999999999904e-01
8.887500000000000400e-01 2.648909624999999934e+00 1.036572249999999862e+00 1.036572249999999862e+00 9.885564999999999491e-01
8.962499999999999911e-01 2.690768999999999966e+00 1.030737499999999862e+00 1.030737499999999862e+00 9.875483750000000338e-01
9.037500000000000533e-01 2.747869750000000000e+00 1.026724250000000005e+00 1.026724250000000005e+00 9.870242500000000474e-01
9.112500000000000044e-01 2.697013375000000046e+00 1.021473250000000110e+00 1.021473250000000110e+00 9.860229999999999828e-01
9.187499999999999556e-01 2.640918999999999794e+00 1.015888874999999913e+00 1.015888874999999913e+00 9.851862499999999301e-01
9.262500000000000178e-01 2.544773124999999858e+00 1.012784375000000070e+00 1.012784375000000070e+00 9.846586250000001206e-01
9.337499999999999689e-01 2.442548375000000327e+00 1.007587124999999917e+00 1.007587124999999917e+00 9.843549999999999800e-01
9.412500000000000311e-01 2.346378250000000332e+00 1.004598375000000043e+00 1.004598375000000043e+00 9.837391249999998255e-01
9.487499999999999822e-01 2.202792124999999768e+00 9.984995000000000953e-01 9.984995000000000953e-01 9.839205000000000867e-01
9.562500000000000444e-01 2.077225499999999947e+00 9.976933749999998824e-01 9.976933749999998824e-01 9.832732499999999876e-01
9.637499999999999956e-01 1.954872000000000165e+00 9.917185000000000583e-01 9.917185000000000583e-01 9.833320000000000949e-01
9.712499999999999467e-01 1.827344375000000021e+00 9.890901249999999312e-01 9.890901249999999312e-01 9.830959999999998589e-01
9.787500000000000089e-01 1.718323999999999963e+00 9.857093749999999988e-01 9.857093749999999988e-01 9.831152499999999961e-01
9.862499999999999600e-01 1.599885374999999943e+00 9.840371249999999570e-01 9.840371249999999570e-01 9.834376249999999819e-01
9.937500000000000222e-01 1.501026874999999983e+00 9.825234999999998831e-01 9.825234999999998831e-01 9.841101250000000578e-01
1.001249999999999973e+00 1.408261875000000218e+00 9.765977499999998201e-01 9.765977499999998201e-01 9.840681250000000713e-01
1.008750000000000036e+00 1.339102000000000015e+00 9.751782500000000242e-01 9.751782500000000242e-01 9.848352499999999399e-01
1.016250000000000098e+00 1.255988125000000011e+00 9.726853750000000742e-01 9.726853750000000742e-01 9.854972500000001023e-01
1.023749999999999938e+00 1.183712375000000039e+00 9.707403749999999887e-01 9.707403749999999887e-01 9.860457500000000541e-01
1.031250000000000000e+00 1.135240625000000003e+00 9.686082500000000595e-01 9.686082500000000595e-01 9.869010000000001392e-01
1.038750000000000062e+00 1.105768624999999838e+00 9.665500000000000203e-01 9.665500000000000203e-01 9.877952499999999025e-01
1.046249999999999902e+00 1.030915500000000096e+00 9.640675000000000772e-01 9.640675000000000772e-01 9.883481250000000218e-01
1.053749999999999964e+00 1.024637250000000055e+00 9.625573750000000484e-01 9.625573750000000484e-01 9.894140000000000157e-01
1.061250000000000027e+00 9.912881249999999644e-01 9.618192499999999034e-01 9.618192499999999034e-01 9.906284999999999119e-01
1.068750000000000089e+00 9.678917499999999396e-01 9.598851250000001167e-01 9.598851250000001167e-01 9.918649999999999967e-01
1.076249999999999929e+00 9.430582500000000978e-01 9.580095000000000693e-01 9.580095000000000693e-01 9.933554999999999469e-01
1.083749999999999991e+00 9.349584999999999146e-01 9.563093750000000171e-01 9.563093750000000171e-01 9.941179999999999461e-01
1.091250000000000053e+00 9.234061249999999665e-01 9.552000000000000490e-01 9.552000000000000490e-01 9.951561250000000580e-01
1.098749999999999893e+00 9.312506249999999985e-01 9.546302500000000135e-01 9.546302500000000135e-01 9.963188750000001592e-01
1.106249999999999956e+00 9.294822499999999543e-01 9.547301249999999850e-01 9.547301249999999850e-01 9.976026249999999651e-01
1.113750000000000018e+00 9.233398750000000321e-01 9.521318749999999609e-01 9.521318749999999609e-01 9.984876249999999898e-01
1.121250000000000080e+00 9.122516250000000104e-01 9.520707499999999657e-01 9.520707499999999657e-01 1.000046125000000119e+00
1.128749999999999920e+00 9.214835000000000109e-01 9.515838749999999679e-01 9.515838749999999679e-01 1.000659250000000222e+00
1.136249999999999982e+00 9.198427500000000423e-01 9.505273750000000632e-01 9.505273750000000632e-01 1.001919499999999852e+00
1.143750000000000044e+00 9.174803750000000147e-01 9.509097499999999981e-01 9.509097499999999981e-01 1.002404500000000143e+00
1.151250000000000107e+00 9.186769999999999659e-01 9.500487500000001084e-01 9.500487500000001084e-01 1.003451249999999906e+00
1.158749999999999947e+00 9.245363749999999659e-01 9.512144999999999628e-01 9.512144999999999628e-01 1.003748375000000026e+00
1.166250000000000009e+00 9.200611250000000352e-01 9.509191249999999762e-01 9.509191249999999762e-01 1.004523124999999961e+00
1.173750000000000071e+00 9.207686250000000072e-01 9.513410000000001032e-01 9.513410000000001032e-01 1.004859500000000017e+00
1.181249999999999911e+00 9.266476250000000858e-01 9.512608750000000057e-01 9.512608750000000057e-01 1.005448874999999909e+00
1.188749999999999973e+00 9.200681250000000144e-01 9.529778749999999743e-01 9.529778749999999743e-01 1.005878875000000061e+00
1.196250000000000036e+00 9.350337499999998858e-01 9.517511249999999201e-01 9.517511249999999201e-01 1.005651999999999990e+00
1.203750000000000098e+00 9.273377500000000717e-01 9.534306249999999761e-01 9.534306249999999761e-01 1.006164250000000093e+00
1.211249999999999938e+00 9.225248750000000220e-01 9.535047500000000120e-01 9.535047500000000120e-01 1.006554750000000054e+00
1.218750000000000000e+00 9.259237499999999343e-01 9.542737500000000317e-01 9.542737500000000317e-01 1.006681749999999820e+00
1.226250000000000062e+00 9.226965000000000305e-01 9.560559999999999059e-01 9.560559999999999059e-01 1.006725250000000127e+00
1.233749999999999902e+00 9.144017500000000132e-01 9.571266250000000086e-01 9.571266250000000086e-01 1.006657124999999819e+00
1.241249999999999964e+00 9.177132500000000359e-01 9.564871249999999936e-01 9.564871249999999936e-01 1.006769999999999943e+00
1.248750000000000027e+00 9.078454999999999719e-01 9.586223750000000265e-01 9.586223750000000265e-01 1.006905124999999845e+00
1.256250000000000089e+00 9.063181250000000855e-01 9.612893750000000015e-01 9.612893750000000015e-01 1.006850374999999964e+00
1.263749999999999929e+00 9.176762500000000822e-01 9.622730000000000450e-01 9.622730000000000450e-01 1.006546000000000163e+00
1.271249999999999991e+00 8.960738749999999087e-01 9.632182500000000536e-01 9.632182500000000536e-01 1.006668624999999873e+00
1.278750000000000053e+00 8.972656250000001776e-01 9.664721250000001262e-01 9.664721250000001262e-01 1.006990999999999969e+00
1.286249999999999893e+00 8.908843750000000616e-01 9.687687500000000673e-01 9.687687500000000673e-01 1.006753374999999950e+00
1.293749999999999956e+00 8.957892499999999814e-01 9.698946250000000102e-01 9.698946250000000102e-01 1.006691499999999850e+00
1.301250000000000018e+00 8.906371250000000295e-01 9.712907499999998695e-01 9.712907499999998695e-01 1.006771124999999767e+00
1.308750000000000080e+00 8.884358749999999860e-01 9.742081250000000914e-01 9.742081250000000914e-01 1.006389874999999989e+00
1.316249999999999920e+00 8.960847499999998744e-01 9.766157500000000047e-01 9.766157500000000047e-01 1.006322375000000102e+00
1.323749999999999982e+00 8.949510000000000520e-01 9.783444999999999503e-01 9.783444999999999503e-01 1.006177875000000110e+00
1.331250000000000044e+00 8.912802499999999961e-01 9.820503749999999199e-01 9.820503749999999199e-01 1.006246624999999950e+00
1.338750000000000107e+00 8.876592500000000108e-01 9.843321250000001132e-01 9.843321250000001132e-01 1.005868624999999961e+00
1.346249999999999947e+00 8.875732499999999803e-01 9.863202500000001205e-01 9.863202500000001205e-01 1.005770749999999936e+00
1.353750000000000009e+00 8.849888750000001192e-01 9.907329999999999748e-01 9.907329999999999748e-01 1.005889374999999974e+00
1.361250000000000071e+00 8.896426250000000202e-01 9.932119999999999838e-01 9.932119999999999838e-01 1.005576500000000095e+00
1.368749999999999911e+00 8.973093749999998536e-01 9.948476249999999022e-01 9.948476249999999022e-01 1.005709500000000034e+00
1.376249999999999973e+00 8.915913750000000748e-01 9.976756249999999548e-01 9.976756249999999548e-01 1.005298625000000001e+00
1.383750000000000036e+00 8.923887500000000639e-01 1.000861375000000164e+00 1.000861375000000164e+00 1.005183374999999879e+00
1.391250000000000098e+00 8.973088750000000058e-01 1.003827874999999814e+00 1.003827874999999814e+00 1.005038500000000168e+00
1.398749999999999938e+00 9.094270000000000964e-01 1.005296500000000037e+00 1.005296500000000037e+00 1.004948125000000081e+00
1.406250000000000000e+00 9.063594999999999846e-01 1.009968500000000047e+00 1.009968500000000047e+00 1.004742625000000000e+00
1.413750000000000062e+00 9.032201250000000403e-01 1.010716624999999924e+00 1.010716624999999924e+00 1.004531249999999876e+00
1.421249999999999902e+00 8.953824999999999701e-01 1.013656249999999925e+00 1.013656249999999925e+00 1.004662624999999920e+00
1.428749999999999964e+00 9.029497499999999954e-01 1.015264875000000178e+00 1.015264875000000178e+00 1.004372875000000054e+00
1.436250000000000027e+00 9.083026250000000301e-01 1.018296625000000066e+00 1.018296625000000066e+00 1.004074624999999887e+00
1.443750000000000089e+00 9.042780000000000262e-01 1.017898874999999981e+00 1.017898874999999981e+00 1.003591875000000133e+00
1.451249999999999929e+00 9.145597500000000046e-01 1.020809375000000019e+00 1.020809375000000019e+00 1.003506999999999927e+00
1.458749999999999991e+00 9.089320000000000732e-01 1.021749999999999936e+00 1.021749999999999936e+00 1.002969750000000104e+00
1.466250000000000053e+00 9.185451250000000734e-01 1.022766750000000169e+00 1.022766750000000169e+00 1.002990500000000118e+00
1.473749999999999893e+00 9.145473750000000512e-01 1.023414374999999987e+00 1.023414374999999987e+00 1.002598749999999983e+00
1.481249999999999956e+00 9.231943750000000115e-01 1.023300249999999911e+00 1.023300249999999911e+00 1.002798875000000089e+00
1.488750000000000018e+00 9.222576249999999698e-01 1.023765000000000036e+00 1.023765000000000036e+00 1.002267500000000089e+00
1.496250000000000080e+00 9.333282499999999704e-01 1.023847999999999869e+00 1.023847999999999869e+00 1.001932875000000056e+00
1.503749999999999920e+00 9.336148750000000662e-01 1.023026624999999967e+00 1.023026624999999967e+00 1.001846374999999956e+00
1.511249999999999982e+00 9.414966249999999759e-01 1.022805874999999975e+00 1.022805874999999975e+00 1.001618375000000061e+00
1.518750000000000044e+00 9.396067499999999351e-01 1.021589124999999765e+00 1.021589124999999765e+00 1.001434125000000064e+00
1.526250000000000107e+00 9.469838750000000305e-01 1.021142249999999807e+00 1.021142249999999807e+00 1.001197000000000115e+00
1.533749999999999947e+00 9.476372499999999865e-01 1.021034875000000008e+00 1.021034875000000008e+00 1.000958500000000084e+00
1.541250000000000009e+00 9.572928750000000431e-01 1.019459125000000022e+00 1.019459125000000022e+00 1.000873499999999972e+00
1.548750000000000071e+00 9.478834999999998789e-01 1.018494750000000115e+00 1.018494750000000115e+00 1.000685750000000152e+00
1.556249999999999911e+00 9.618823750000000672e-01 1.017771374999999923e+00 1.017771374999999923e+00 1.000728999999999758e+00
1.563749999999999973e+00 9.639752500000000612e-01 1.017294624999999897e+00 1.017294624999999897e+00 1.000534999999999952e+00
1.571250000000000036e+00 9.672128750000000830e-01 1.016231749999999989e+00 1.016231749999999989e+00 9.999942499999998624e-01
1.578750000000000098e+00 9.732573749999999801e-01 1.015199124999999869e+00 1.015199124999999869e+00 9.999990000000000823e-01
1.586249999999999938e+00 9.780757500000000215e-01 1.013370875000000115e+00 1.013370875000000115e+00 9.997217499999999646e-01
1.593750000000000000e+00 9.835168749999999571e-01 1.013057500000000166e+00 1.013057500000000166e+00 9.996733749999998642e-01
1.601250000000000062e+00 9.850497500000001683e-01 1.012290375000000076e+00 1.012290375000000076e+00 9.995047499999998308e-01
1.608749999999999902e+00 9.914443750000000444e-01 1.011043499999999984e+00 1.011043499999999984e+00 9.992967500000000669e-01
1.616249999999999964e+00 9.954387500000000388e-01 1.010846124999999818e+00 1.010846124999999818e+00 9.993872500000000603e-01
1.623750000000000027e+00 1.005811500000000080e+00 1.010427625000000162e+00 1.010427625000000162e+00 9.991657499999999636e-01
1.631250000000000089e+00 1.003130749999999960e+00 1.010119999999999907e+00 1.010119999999999907e+00 9.990132500000000748e-01
1.638749999999999929e+00 1.014639625000000045e+00 1.008831750000000138e+00 1.008831750000000138e+00 9.987547499999999134e-01
1.646249999999999991e+00 1.025046499999999972e+00 1.008710624999999972e+00 1.008710624999999972e+00 9.985376250000000953e-01
1.653750000000000053e+00 1.027323250000000021e+00 1.007525999999999922e+00 1.007525999999999922e+00 9.985686249999999875e-01
1.661249999999999893e+00 1.034375625000000021e+00 1.006998625000000036e+00 1.006998625000000036e+00 9.984912499999998303e-01
1.668749999999999956e+00 1.035556125000000049e+00 1.006262249999999803e+00 1.006262249999999803e+00 9.984239999999998671e-01
1.676250000000000018e+00 1.036111624999999981e+00 1.006202749999999924e+00 1.006202749999999924e+00 9.983396249999999528e-01
1.683750000000000080e+00 1.041993249999999982e+00 1.005814624999999962e+00 1.005814624999999962e+00 9.985066249999999810e-01
1.691249999999999920e+00 1.055462499999999970e+00 1.004074125000000040e+00 1.004074125000000040e+00 9.982956250000000198e-01
1.698749999999999982e+00 1.052422124999999875e+00 1.004651749999999844e+00 1.004651749999999844e+00 9.981822499999999376e-01
1.706250000000000044e+00 1.055877124999999861e+00 1.003623125000000060e+00 1.003623125000000060e+00 9.980476249999998828e-01
1.713750000000000107e+00 1.063360374999999802e+00 1.002482000000000095e+00 1.002482000000000095e+00 9.983441250000000267e-01
1.721249999999999947e+00 1.062530125000000103e+00 1.003191249999999979e+00 1.003191249999999979e+00 9.981993749999999999e-01
1.728750000000000009e+00 1.061989000000000072e+00 1.002691375000000162e+00 1.002691375000000162e+00 9.982623749999999241e-01
1.736250000000000071e+00 1.068797124999999903e+00 1.002383500000000094e+00 1.002383500000000094e+00 9.981030000000000735e-01
1.743749999999999911e+00 1.069031250000000099e+00 1.002160375000000103e+00 1.002160375000000103e+00 9.980028749999999560e-01
1.751249999999999973e+00 1.074708000000000219e+00 1.002067625000000017e+00 1.002067625000000017e+00 9.978791249999999780e-01
1.758750000000000036e+00 1.070765624999999943e+00 1.000806874999999874e+00 1.000806874999999874e+00 9.981836249999999078e-01
1.766250000000000098e+00 1.075173125000000063e+00 9.997387500000000093e-01 9.997387500000000093e-01 9.980468750000000000e-01
1.773749999999999938e+00 1.068814375000000094e+00 9.993912500000000643e-01 9.993912500000000643e-01 9.980880000000000862e-01
1.781250000000000000e+00 1.069414499999999935e+00 9.983892499999998948e-01 9.983892499999998948e-01 9.982322500000000431e-01
1.788750000000000062e+00 1.067484874999999889e+00 9.993501249999998670e-01 9.993501249999998670e-01 9.980348750000000990e-01
1.796249999999999902e+00 1.064941500000000207e+00 9.982108749999999420e-01 9.982108749999999420e-01 9.983105000000001006e-01
1.803749999999999964e+00 1.062272249999999918e+00 9.983797499999998992e-01 9.983797499999998992e-01 9.980688749999999665e-01
1.811250000000000027e+00 1.060339125000000049e+00 9.977487499999998510e-01 9.977487499999998510e-01 9.983392500000000114e-01
1.818750000000000089e+00 1.058156374999999816e+00 9.973296249999999974e-01 9.973296249999999974e-01 9.982381249999998651e-01
1.826249999999999929e+00 1.048087875000000002e+00 9.969077499999998704e-01 9.969077499999998704e-01 9.985562500000001451e-01
1.833749999999999991e+00 1.048788875000000065e+00 9.968334999999999280e-01 9.968334999999999280e-01 9.984317499999999512e-01
1.841250000000000053e+00 1.033612125000000104e+00 9.963971249999999946e-01 9.963971249999999946e-01 9.985538750000000352e-01
1.848749999999999893e+00 1.039984250000000054e+00 9.963119999999999754e-01 9.963119999999999754e-01 9.986452500000000398e-01
1.856249999999999956e+00 1.032935500000000006e+00 9.960551249999998191e-01 9.960551249999998191e-01 9.986031249999999249e-01
1.863750000000000018e+00 1.031363250000000065e+00 9.960014999999999841e-01 9.960014999999999841e-01 9.986976249999999222e-01
1.871250000000000080e+00 1.024514500000000217e+00 9.954913750000000672e-01 9.954913750000000672e-01 9.988696249999998722e-01
1.878749999999999920e+00 1.024020624999999907e+00 9.958754999999999136e-01 9.958754999999999136e-01 9.989652500000000268e-01
1.886249999999999982e+00 1.017213249999999958e+00 9.958728750000001018e-01 9.958728750000001018e-01 9.991522499999999640e-01
1.893750000000000044e+00 1.016113625000000020e+00 9.946277500000000327e-01 9.946277500000000327e-01 9.990861249999999361e-01
1.901250000000000107e+00 1.008750625000000012e+00 9.944896250000000437e-01 9.944896250000000437e-01 9.992671249999999228e-01
1.908749999999999947e+00 1.016789500000000235e+00 9.949703750000000735e-01 9.949703750000000735e-01 9.993971250000001083e-01
1.916250000000000009e+00 1.008287749999999816e+00 9.947088750000000479e-01 9.947088750000000479e-01 9.994662500000000005e-01
1.923750000000000071e+00 1.008251999999999704e+00 9.953392500000000087e-01 9.953392500000000087e-01 9.994415000000000937e-01
1.931249999999999911e+00 1.000653749999999897e+00 9.954468750000000643e-01 9.954468750000000643e-01 9.995132500000000197e-01
1.938749999999999973e+00 9.962893750000001436e-01 9.944988749999998934e-01 9.944988749999998934e-01 9.994988749999998978e-01
1.946250000000000036e+00 9.956931249999999567e-01 9.957462500000000549e-01 9.957462500000000549e-01 9.995236249999999156e-01
1.953750000000000098e+00 9.952115000000000267e-01 9.958208750000000498e-01 9.958208750000000498e-01 9.998973750000000882e-01
1.961249999999999938e+00 9.936975000000001224e-01 9.942569999999999464e-01 9.942569999999999464e-01 9.997667500000000373e-01
1.968750000000000000e+00 9.938190000000000079e-01 9.954813750000000017e-01 9.954813750000000017e-01 9.999912499999999982e-01
1.976250000000000062e+00 9.933528750000000240e-01 9.950448750000000508e-01 9.950448750000000508e-01 9.998611249999999062e-01
1.983749999999999902e+00 9.924637499999999779e-01 9.946955000000000657e-01 9.946955000000000657e-01 1.000137500000000124e+00
1.991249999999999964e+00 9.973102500000000648e-01 9.951090000000000213e-01 9.951090000000000213e-01 1.000293625000000075e+00
1.998750000000000027e+00 9.865157500000000246e-01 9.951429999999999998e-01 9.951429999999999998e-01 1.000134124999999985e+00
2.006250000000000089e+00 9.899000000000000021e-01 9.947743749999999885e-01 9.947743749999999885e-01 1.000385625000000056e+00
2.013749999999999929e+00 9.926483749999999162e-01 9.954782499999998979e-01 9.954782499999998979e-01 1.000309749999999998e+00
2.021250000000000213e+00 9.854418750000000227e-01 9.950194999999999457e-01 9.950194999999999457e-01 1.000337749999999915e+00
2.028750000000000053e+00 9.850786249999998745e-01 9.958904999999999008e-01 9.958904999999999008e-01 1.000385749999999963e+00
2.036249999999999893e+00 9.809556250000001087e-01 9.954862500000000169e-01 9.954862500000000169e-01 1.000424624999999956e+00
2.043750000000000178e+00 9.824479999999999880e-01 9.956758749999999880e-01 9.956758749999999880e-01 1.000485749999999729e+00
2.051250000000000018e+00 9.830806249999999302e-01 9.961579999999998769e-01 9.961579999999998769e-01 1.000520249999999889e+00
2.058749999999999858e+00 9.852899999999999991e-01 9.964190000000000547e-01 9.964190000000000547e-01 1.000445250000000064e+00
2.066250000000000142e+00 9.855711250000001034e-01 9.965888750000000407e-01 9.965888750000000407e-01 1.000514624999999880e+00
2.073749999999999982e+00 9.831813750000000240e-01 9.962426249999999373e-01 9.962426249999999373e-01 1.000521499999999842e+00
2.081249999999999822e+00 9.876608749999999937e-01 9.973167499999999741e-01 9.973167499999999741e-01 1.000592624999999902e+00
2.088750000000000107e+00 9.843977500000001823e-01 9.969727499999998521e-01 9.969727499999998521e-01 1.000574000000000074e+00
2.096249999999999947e+00 9.825064999999999493e-01 9.971658749999998683e-01 9.971658749999998683e-01 1.000375750000000119e+00
2.103749999999999787e+00 9.805981249999999871e-01 9.970697500000000879e-01 9.970697500000000879e-01 1.000491124999999926e+00
2.111250000000000071e+00 9.864128749999999668e-01 9.974254999999999649e-01 9.974254999999999649e-01 1.000451624999999956e+00
2.118749999999999911e+00 9.852248750000001110e-01 9.979047500000000070e-01 9.979047500000000070e-01 1.000462374999999904e+00
2.126250000000000195e+00 9.845861250000000897e-01 9.984531249999999414e-01 9.984531249999999414e-01 1.000628250000000108e+00
2.133750000000000036e+00 9.835946250000000557e-01 9.980919999999999792e-01 9.980919999999999792e-01 1.000777499999999876e+00
2.141249999999999876e+00 9.868393749999998521e-01 9.984282500000000171e-01 9.984282500000000171e-01 1.000711874999999917e+00
2.148750000000000160e+00 9.823206249999999473e-01 9.988998749999998816e-01 9.988998749999998816e-01 1.000577374999999991e+00
2.156250000000000000e+00 9.803664999999999186e-01 9.985947500000000865e-01 9.985947500000000865e-01 1.000515499999999891e+00
2.163749999999999840e+00 9.836778750000000349e-01 9.992714999999999792e-01 9.992714999999999792e-01 1.000670500000000018e+00
2.171250000000000124e+00 9.841306249999999256e-01 9.991272500000000223e-01 9.991272500000000223e-01 1.000570124999999866e+00
2.178749999999999964e+00 9.832226250000000167e-01 9.997153749999998507e-01 9.997153749999998507e-01 1.000524250000000004e+00
2.186249999999999805e+00 9.870028749999999462e-01 9.993651249999999653e-01 9.993651249999999653e-01 1.000708374999999872e+00
2.193750000000000089e+00 9.957745000000000068e-01 9.996913750000000487e-01 9.996913750000000487e-01 1.000478125000000107e+00
2.201249999999999929e+00 9.919613750000000341e-01 1.000222749999999827e+00 1.000222749999999827e+00 1.000490999999999797e+00
2.208750000000000213e+00 9.856038750000000181e-01 1.000569374999999983e+00 1.000569374999999983e+00 1.000522750000000016e+00
2.216250000000000053e+00 9.846905000000000241e-01 1.001290999999999931e+00 1.001290999999999931e+00 1.000485124999999975e+00
2.223749999999999893e+00 9.846478750000000613e-01 1.001205125000000029e+00 1.001205125000000029e+00 1.000417749999999995e+00
2.231250000000000178e+00 9.876285000000000203e-01 1.000668125000000019e+00 1.000668125000000019e+00 1.000383374999999964e+00
2.238750000000000018e+00 9.875136250000000615e-01 1.001605875000000090e+00 1.001605875000000090e+00 1.000447749999999969e+00
2.246249999999999858e+00 9.815566250000000714e-01 1.001716625000000027e+00 1.001716625000000027e+00 1.000303750000000047e+00
2.253750000000000142e+00 9.938563750000000141e-01 1.001032750000000027e+00 1.001032750000000027e+00 1.000318374999999982e+00
2.261249999999999982e+00 9.909652499999999087e-01 1.001829874999999870e+00 1.001829874999999870e+00 1.000337749999999915e+00
2.268749999999999822e+00 9.880577500000000679e-01 1.001913625000000030e+00 1.001913625000000030e+00 1.000231124999999999e+00
2.276250000000000107e+00 9.895677500000000792e-01 1.001592875000000049e+00 1.001592875000000049e+00 1.000265000000000182e+00
2.283749999999999947e+00 9.934106249999999916e-01 1.001813874999999854e+00 1.001813874999999854e+00 1.000316249999999796e+00
2.291249999999999787e+00 9.920904999999999863e-01 1.001564625000000097e+00 1.001564625000000097e+00 1.000282125000000022e+00
2.298750000000000071e+00 9.894171250000001194e-01 1.001860000000000195e+00 1.001860000000000195e+00 1.000172875000000072e+00
2.306249999999999911e+00 9.901211250000000463e-01 1.001655125000000091e+00 1.001655125000000091e+00 1.000242124999999982e+00
2.313750000000000195e+00 9.919833750000000006e-01 1.002134624999999835e+00 1.002134624999999835e+00 1.000048499999999896e+00
2.321250000000000036e+00 9.935716250000000693e-01 1.002208874999999999e+00 1.002208874999999999e+00 1.000132250000000056e+00
2.328749999999999876e+00 9.918592500000000811e-01 1.001600374999999987e+00 1.001600374999999987e+00 1.000211874999999973e+00
2.336250000000000160e+00 9.948728750000001009e-01 1.002820749999999927e+00 1.002820749999999927e+00 1.000143250000000039e+00
2.343750000000000000e+00 9.936229999999999229e-01 1.001634125000000042e+00 1.001634125000000042e+00 1.000146874999999991e+00
2.351249999999999840e+00 9.969098750000000564e-01 1.002042125000000006e+00 1.002042125000000006e+00 1.000073875000000001e+00
2.358750000000000124e+00 9.914476249999999435e-01 1.002003624999999953e+00 1.002003624999999953e+00 1.000081374999999939e+00
2.366249999999999964e+00 9.963903749999998283e-01 1.001983249999999881e+00 1.001983249999999881e+00 1.000010875000000077e+00
2.373749999999999805e+00 9.949311250000000273e-01 1.002137124999999962e+00 1.002137124999999962e+00 1.000205624999999765e+00
2.381250000000000089e+00 9.957519999999999705e-01 1.001748874999999872e+00 1.001748874999999872e+00 1.000010749999999948e+00
2.388749999999999929e+00 9.931233749999999194e-01 1.001740125000000203e+00 1.001740125000000203e+00 9.998818749999999200e-01
2.396250000000000213e+00 1.002294374999999960e+00 1.001303999999999972e+00 1.001303999999999972e+00 1.000050375000000047e+00
2.403750000000000053e+00 9.978898749999999263e-01 1.001771374999999908e+00 1.001771374999999908e+00 9.998231249999999237e-01
2.411249999999999893e+00 9.997627499999999223e-01 1.001754625000000010e+00 1.001754625000000010e+00 9.999243749999999764e-01
2.418750000000000178e+00 1.002374125000000005e+00 1.001447125000000105e+00 1.001447125000000105e+00 9.998797499999999561e-01
2.426250000000000018e+00 1.002910625000000167e+00 1.001139124999999908e+00 1.001139124999999908e+00 9.998372499999998997e-01
2.433749999999999858e+00 1.006535625000000156e+00 1.001667249999999898e+00 1.001667249999999898e+00 1.000058125000000020e+00
2.441250000000000142e+00 1.002080125000000210e+00 1.001154125000000006e+00 1.001154125000000006e+00 9.997543749999999729e-01
2.448749999999999982e+00 1.002950875000000019e+00 1.000917500000000127e+00 1.000917500000000127e+00 9.998110000000000053e-01
2.456249999999999822e+00 1.009114499999999914e+00 1.001256125000000052e+00 1.001256125000000052e+00 9.999087500000000128e-01
2.463750000000000107e+00 1.001376250000000079e+00 1.001260374999999980e+00 1.001260374999999980e+00 9.997793750000001367e-01
2.471249999999999947e+00 1.000103499999999812e+00 1.001001999999999947e+00 1.001001999999999947e+00 9.999572500000000197e-01
2.478749999999999787e+00 1.006465375000000106e+00 1.000561374999999975e+00 1.000561374999999975e+00 1.000085875000000124e+00
2.486250000000000071e+00 1.005493500000000040e+00 1.000996750000000102e+00 1.000996750000000102e+00 9.999376250000000521e-01
2.493749999999999911e+00 1.005050125000000127e+00 1.000151999999999930e+00 1.000151999999999930e+00 9.998414999999999386e-01
2.501250000000000195e+00 1.008948624999999932e+00 1.000459999999999905e+00 1.000459999999999905e+00 9.999000000000000110e-01
2.508750000000000036e+00 1.008772999999999920e+00 1.000221750000000132e+00 1.000221750000000132e+00 9.999461249999999080e-01
2.516249999999999876e+00 1.003085374999999946e+00 1.000920499999999880e+00 1.000920499999999880e+00 9.998348750000000118e-01
2.523750000000000160e+00 1.002602749999999876e+00 1.000399125000000167e+00 1.000399125000000167e+00 9.998104999999999354e-01
2.531250000000000000e+00 1.008179124999999843e+00 1.000424999999999898e+00 1.000424999999999898e+00 9.997631249999999747e-01
2.538749999999999840e+00 1.005881749999999908e+00 9.994967499999999339e-01 9.994967499999999339e-01 9.998075000000000712e-01
2.546250000000000124e+00 1.013083624999999932e+00 1.000476249999999956e+00 1.000476249999999956e+00 9.999986249999999188e-01
2.553749999999999964e+00 1.007253249999999989e+00 1.000630125000000037e+00 1.000630125000000037e+00 9.997778749999999270e-01
2.561249999999999805e+00 1.007695999999999925e+00 9.999846249999998493e-01 9.999846249999998493e-01 9.997217499999999646e-01
2.568750000000000089e+00 1.001341625000000013e+00 9.995309999999999473e-01 9.995309999999999473e-01 9.996621250000000680e-01
2.576249999999999929e+00 1.006816624999999910e+00 9.999503750000000579e-01 9.999503750000000579e-01 9.998558749999999495e-01
2.583750000000000213e+00 1.003378624999999857e+00 9.998176250000000431e-01 9.998176250000000431e-01 9.996804999999999719e-01
2.591250000000000053e+00 1.005870749999999925e+00 9.995199999999999640e-01 9.995199999999999640e-01 9.999978750000000360e-01
2.598749999999999893e+00 1.008147125000000033e+00 9.991699999999998916e-01 9.991699999999998916e-01 9.999379999999999935e-01
2.606250000000000178e+00 1.004390125000000022e+00 9.995901249999998850e-01 9.995901249999998850e-01 9.998302500000000315e-01
2.613750000000000018e+00 1.006640749999999862e+00 9.992512500000000353e-01 9.992512500000000353e-01 9.999743750000000819e-01
2.621249999999999858e+00 1.002342624999999821e+00 9.995494999999999797e-01 9.995494999999999797e-01 9.998642500000000100e-01
2.628750000000000142e+00 1.003619625000000015e+00 9.986858749999999452e-01 9.986858749999999452e-01 9.997256250000000621e-01
2.636249999999999982e+00 1.010555124999999999e+00 9.989753749999999988e-01 9.989753749999999988e-01 9.998281250000000675e-01
2.643749999999999822e+00 1.004316374999999928e+00 9.994971249999998753e-01 9.994971249999998753e-01 9.999441250000000725e-01
2.651250000000000107e+00 1.004334124999999966e+00 9.989967499999999889e-01 9.989967499999999889e-01 9.998092499999998717e-01
2.658749999999999947e+00 1.008267999999999942e+00 9.991384999999999295e-01 9.991384999999999295e-01 9.997927500000000078e-01
2.666249999999999787e+00 1.004267375000000184e+00 9.990406250000001265e-01 9.990406250000001265e-01 9.999181249999999910e-01
2.673750000000000071e+00 1.001448624999999870e+00 9.994462499999999805e-01 9.994462499999999805e-01 1.000147000000000119e+00
2.681249999999999911e+00 1.001799000000000106e+00 9.993107500000000254e-01 9.993107500000000254e-01 9.998838750000000886e-01
2.688750000000000195e+00 1.001179374999999983e+00 9.992053749999999512e-01 9.992053749999999512e-01 9.998836249999998316e-01
2.696250000000000036e+00 1.004738874999999920e+00 9.994531250000000533e-01 9.994531250000000533e-01 9.998614999999999586e-01
2.703749999999999876e+00 9.997738750000000341e-01 9.995560000000001111e-01 9.995560000000001111e-01 1.000041500000000028e+00
2.711250000000000160e+00 1.001673875000000047e+00 9.987815000000000998e-01 9.987815000000000998e-01 9.998493750000000402e-01
2.718750000000000000e+00 9.980901250000000502e-01 9.989138750000000622e-01 9.989138750000000622e-01 1.000047874999999920e+00
2.726249999999999840e+00 1.001263749999999897e+00 9.992366250000001004e-01 9.992366250000001004e-01 1.000081750000000103e+00
2.733750000000000124e+00 1.003370625000000071e+00 9.994309999999998473e-01 9.994309999999998473e-01 9.998875000000000401e-01
2.741249999999999964e+00 1.002774500000000124e+00 9.985871250000001309e-01 9.985871250000001309e-01 9.999888749999998883e-01
2.748749999999999805e+00 9.978294999999999249e-01 9.994062499999999405e-01 9.994062499999999405e-01 9.999426249999998628e-01
2.756250000000000089e+00 1.001326374999999880e+00 9.989362499999999701e-01 9.989362499999999701e-01 1.000040499999999888e+00
2.763749999999999929e+00 1.005363124999999913e+00 9.988544999999999785e-01 9.988544999999999785e-01 1.000094999999999956e+00
2.771250000000000213e+00 9.978882499999999212e-01 9.986257499999999787e-01 9.986257499999999787e-01 1.000121750000000143e+00
2.778750000000000053e+00 1.001151875000000135e+00 9.991534999999999167e-01 9.991534999999999167e-01 1.000055125000000045e+00
2.786249999999999893e+00 1.000494250000000029e+00 9.990528749999999514e-01 9.990528749999999514e-01 1.000020750000000014e+00
2.793750000000000178e+00 1.000846499999999972e+00 9.989244999999999930e-01 9.989244999999999930e-01 1.000005500000000103e+00
2.801250000000000018e+00 1.001556125000000019e+00 9.991003749999999295e-01 9.991003749999999295e-01 1.000052124999999847e+00
2.808749999999999858e+00 9.969126250000001077e-01 9.989452500000000068e-01 9.989452500000000068e-01 1.000120000000000120e+00
2.816250000000000142e+00 9.967136249999999364e-01 9.989243749999999755e-01 9.989243749999999755e-01 1.000048625000000024e+00
2.823749999999999982e+00 9.991103749999999950e-01 9.993981250000000260e-01 9.993981250000000260e-01 1.000076124999999871e+00
2.831249999999999822e+00 9.988793750000000138e-01 9.988471249999999468e-01 9.988471249999999468e-01 1.000126875000000082e+00
2.838750000000000107e+00 9.976986249999999501e-01 9.996663749999999959e-01 9.996663749999999959e-01 1.000130375000000127e+00
2.846249999999999947e+00 1.003663624999999948e+00 9.992142499999999705e-01 9.992142499999999705e-01 1.000125750000000036e+00
2.853749999999999787e+00 9.979337499999999528e-01 9.995170000000000998e-01 9.995170000000000998e-01 1.000078375000000186e+00
2.861250000000000071e+00 9.957338750000001015e-01 9.996333750000001572e-01 9.996333750000001572e-01 1.000094499999999886e+00
2.868749999999999911e+00 9.964595000000000535e-01 9.992503750000000240e-01 9.992503750000000240e-01 1.000081125000000126e+00
2.876250000000000195e+00 9.952282500000000365e-01 9.993802499999999700e-01 9.993802499999999700e-01 1.000150000000000095e+00
2.883750000000000036e+00 9.968664999999998777e-01 9.998013749999999922e-01 9.998013749999999922e-01 1.000209249999999939e+00
2.891249999999999876e+00 9.974224999999998786e-01 9.992102499999999665e-01 9.992102499999999665e-01 1.000077499999999953e+00
2.898750000000000160e+00 9.950167500000000054e-01 9.990554999999999852e-01 9.990554999999999852e-01 1.000029124999999963e+00
2.906250000000000000e+00 1.001080499999999818e+00 9.995082499999999870e-01 9.995082499999999870e-01 1.000080124999999986e+00
2.913749999999999840e+00 9.958277499999999005e-01 9.994682500000000580e-01 9.994682500000000580e-01 1.000155625000000104e+00
2.921250000000000124e+00 9.968101249999998803e-01 9.995925000000001059e-01 9.995925000000001059e-01 1.000194749999999910e+00
2.928749999999999964e+00 9.973915000000000974e-01 9.997597499999999471e-01 9.997597499999999471e-01 1.000046375000000154e+00
2.936249999999999805e+00 9.959478749999999270e-01 9.994659999999999656e-01 9.994659999999999656e-01 1.000183374999999764e+00
2.943750000000000089e+00 9.950578749999999806e-01 9.994123750000000195e-01 9.994123750000000195e-01 1.000259124999999916e+00
2.951249999999999929e+00 9.943453749999999758e-01 9.995968750000000513e-01 9.995968750000000513e-01 1.000006875000000184e+00
2.958750000000000213e+00 9.941832500000000739e-01 9.990738750000000001e-01 9.990738750000000001e-01 1.000022249999999779e+00
2.966250000000000053e+00 9.966549999999999576e-01 9.996290000000001008e-01 9.996290000000001008e-01 1.000229625000000011e+00
2.973749999999999893e+00 9.964527499999999982e-01 9.992168750000000044e-01 9.992168750000000044e-01 1.000038374999999924e+00
2.981250000000000178e+00 9.968598749999999509e-01 9.997512499999999802e-01 9.997512499999999802e-01 1.000127999999999906e+00
2.988750000000000018e+00 9.983591250000000139e-01 9.995697500000000346e-01 9.995697500000000346e-01 1.000112125000000018e+00
2.996249999999999858e+00 9.983091250000000194e-01 1.000423999999999980e+00 1.000423999999999980e+00 1.000225625000000118e+00
