3.749999999999999861e-03 0.000000000000000000e+00 0.000000000000000000e+00 0.000000000000000000e+00 0.000000000000000000e+00
1.124999999999999958e-02 0.000000000000000000e+00 0.000000000000000000e+00 0.000000000000000000e+00 0.000000000000000000e+00
1.874999999999999931e-02 0.000000000000000000e+00 0.000000000000000000e+00 0.000000000000000000e+00 0.000000000000000000e+00
2.624999999999999903e-02 0.000000000000000000e+00 0.000000000000000000e+00 0.000000000000000000e+00 0.000000000000000000e+00
3.375000000000000222e-02 0.000000000000000000e+00 0.000000000000000000e+00 0.000000000000000000e+00 0.000000000000000000e+00
4.125000000000000194e-02 0.000000000000000000e+00 0.000000000000000000e+00 0.000000000000000000e+00 0.000000000000000000e+00
4.875000000000000167e-02 0.000000000000000000e+00 0.000000000000000000e+00 0.000000000000000000e+00 0.000000000000000000e+00
5.625000000000000139e-02 0.000000000000000000e+00 0.000000000000000000e+00 0.000000000000000000e+00 0.000000000000000000e+00
6.375000000000000111e-02 0.000000000000000000e+00 0.000000000000000000e+00 0.000000000000000000e+00 0.000000000000000000e+00
7.124999999999999389e-02 0.000000000000000000e+00 0.000000000000000000e+00 0.000000000000000000e+00 0.000000000000000000e+00
7.875000000000000056e-02 0.000000000000000000e+00 0.000000000000000000e+00 0.000000000000000000e+00 0.000000000000000000e+00
8.624999999999999334e-02 0.000000000000000000e+00 0.000000000000000000e+00 0.000000000000000000e+00 0.000000000000000000e+00
9.375000000000000000e-02 0.000000000000000000e+00 0.000000000000000000e+00 0.000000000000000000e+00 0.000000000000000000e+00
1.012500000000000067e-01 0.000000000000000000e+00 0.000000000000000000e+00 0.000000000000000000e+00 0.000000000000000000e+00
1.087499999999999994e-01 0.000000000000000000e+00 0.000000000000000000e+00 0.000000000000000000e+00 0.000000000000000000e+00
1.162500000000000061e-01 0.000000000000000000e+00 0.000000000000000000e+00 0.000000000000000000e+00 0.000000000000000000e+00
1.237499999999999989e-01 0.000000000000000000e+00 0.000000000000000000e+00 0.000000000000000000e+00 0.000000000000000000e+00
1.312500000000000056e-01 0.000000000000000000e+00 0.000000000000000000e+00 0.000000000000000000e+00 0.000000000000000000e+00
1.387500000000000122e-01 0.000000000000000000e+00 0.000000000000000000e+00 0.000000000000000000e+00 0.000000000000000000e+00
1.462499999999999911e-01 0.000000000000000000e+00 0.000000000000000000e+00 0.000000000000000000e+00 0.000000000000000000e+00
1.537499999999999978e-01 0.000000000000000000e+00 0.000000000000000000e+00 0.000000000000000000e+00 0.000000000000000000e+00
1.612500000000000044e-01 0.000000000000000000e+00 0.000000000000000000e+00 0.000000000000000000e+00 0.000000000000000000e+00
1.687500000000000111e-01 0.000000000000000000e+00 0.000000000000000000e+00 0.000000000000000000e+00 0.000000000000000000e+00
1.762499999999999900e-01 0.000000000000000000e+00 0.000000000000000000e+00 0.000000000000000000e+00 0.000000000000000000e+00
1.837499999999999967e-01 0.000000000000000000e+00 0.000000000000000000e+00 0.000000000000000000e+00 0.000000000000000000e+00
1.912500000000000033e-01 0.000000000000000000e+00 0.000000000000000000e+00 0.000000000000000000e+00 0.000000000000000000e+00
1.987500000000000100e-01 0.000000000000000000e+00 0.000000000000000000e+00 0.000000000000000000e+00 5.802500000000000366e-04
2.062499999999999889e-01 0.000000000000000000e+00 0.000000000000000000e+00 0.000000000000000000e+00 1.414170000000000149e-01
2.137499999999999956e-01 0.000000000000000000e+00 0.000000000000000000e+00 0.000000000000000000e+00 1.795328999999999953e+00
2.212500000000000022e-01 0.000000000000000000e+00 0.000000000000000000e+00 0.000000000000000000e+00 4.269858499999999779e+00
2.287500000000000089e-01 0.000000000000000000e+00 0.000000000000000000e+00 0.000000000000000000e+00 4.289318749999999625e+00
2.362499999999999878e-01 0.000000000000000000e+00 0.000000000000000000e+00 0.000000000000000000e+00 3.825563500000000339e+00
2.437499999999999944e-01 0.000000000000000000e+00 0.000000000000000000e+00 0.000000000000000000e+00 3.428651499999999963e+00
2.512499999999999734e-01 0.000000000000000000e+00 0.000000000000000000e+00 0.000000000000000000e+00 3.090532249999999870e+00
2.587499999999999800e-01 0.000000000000000000e+00 0.000000000000000000e+00 0.000000000000000000e+00 2.798496499999999720e+00
2.662499999999999867e-01 0.000000000000000000e+00 0.000000000000000000e+00 0.000000000000000000e+00 2.550627749999999860e+00
2.737499999999999933e-01 0.000000000000000000e+00 0.000000000000000000e+00 0.000000000000000000e+00 2.336379500000000053e+00
2.812500000000000000e-01 0.000000000000000000e+00 0.000000000000000000e+00 0.000000000000000000e+00 2.152804750000000045e+00
2.887500000000000067e-01 0.000000000000000000e+00 0.000000000000000000e+00 0.000000000000000000e+00 1.993128749999999894e+00
2.962500000000000133e-01 0.000000000000000000e+00 0.000000000000000000e+00 0.000000000000000000e+00 1.857785000000000020e+00
3.037500000000000200e-01 0.000000000000000000e+00 0.000000000000000000e+00 0.000000000000000000e+00 1.741611250000000055e+00
3.112500000000000266e-01 0.000000000000000000e+00 0.000000000000000000e+00 0.000000000000000000e+00 1.644574749999999863e+00
3.187499999999999778e-01 0.000000000000000000e+00 0.000000000000000000e+00 0.000000000000000000e+00 1.561650999999999900e+00
3.262499999999999845e-01 0.000000000000000000e+00 0.000000000000000000e+00 0.000000000000000000e+00 1.492532749999999853e+00
3.337499999999999911e-01 0.000000000000000000e+00 0.000000000000000000e+00 0.000000000000000000e+00 1.437022000000000244e+00
3.412499999999999978e-01 0.000000000000000000e+00 0.000000000000000000e+00 0.000000000000000000e+00 1.393226500000000145e+00
3.487500000000000044e-01 0.000000000000000000e+00 0.000000000000000000e+00 0.000000000000000000e+00 1.359187250000000180e+00
3.562500000000000111e-01 0.000000000000000000e+00 0.000000000000000000e+00 0.000000000000000000e+00 1.333984499999999906e+00
3.637500000000000178e-01 0.000000000000000000e+00 0.000000000000000000e+00 0.000000000000000000e+00 1.318856250000000063e+00
3.712500000000000244e-01 0.000000000000000000e+00 0.000000000000000000e+00 0.000000000000000000e+00 1.312782500000000185e+00
3.787499999999999756e-01 0.000000000000000000e+00 0.000000000000000000e+00 0.000000000000000000e+00 1.314459250000000079e+00
3.862499999999999822e-01 0.000000000000000000e+00 0.000000000000000000e+00 0.000000000000000000e+00 1.322938500000000017e+00
3.937499999999999889e-01 0.000000000000000000e+00 0.000000000000000000e+00 0.000000000000000000e+00 1.337964500000000001e+00
4.012499999999999956e-01 0.000000000000000000e+00 0.000000000000000000e+00 0.000000000000000000e+00 1.363105750000000116e+00
4.087500000000000022e-01 0.000000000000000000e+00 0.000000000000000000e+00 0.000000000000000000e+00 1.389789000000000163e+00
4.162500000000000089e-01 0.000000000000000000e+00 0.000000000000000000e+00 0.000000000000000000e+00 1.421808250000000218e+00
4.237500000000000155e-01 0.000000000000000000e+00 0.000000000000000000e+00 0.000000000000000000e+00 1.455556250000000107e+00
4.312500000000000222e-01 0.000000000000000000e+00 0.000000000000000000e+00 0.000000000000000000e+00 1.492626749999999891e+00
4.387499999999999734e-01 0.000000000000000000e+00 0.000000000000000000e+00 0.000000000000000000e+00 1.519878500000000132e+00
4.462499999999999800e-01 0.000000000000000000e+00 0.000000000000000000e+00 0.000000000000000000e+00 1.536018000000000105e+00
4.537499999999999867e-01 0.000000000000000000e+00 0.000000000000000000e+00 0.000000000000000000e+00 1.536668499999999993e+00
4.612499999999999933e-01 0.000000000000000000e+00 0.000000000000000000e+00 0.000000000000000000e+00 1.527470499999999953e+00
4.687500000000000000e-01 0.000000000000000000e+00 0.000000000000000000e+00 0.000000000000000000e+00 1.511454999999999993e+00
4.762500000000000067e-01 0.000000000000000000e+00 0.000000000000000000e+00 0.000000000000000000e+00 1.491276749999999929e+00
4.837500000000000133e-01 0.000000000000000000e+00 0.000000000000000000e+00 0.000000000000000000e+00 1.465368249999999817e+00
4.912500000000000200e-01 0.000000000000000000e+00 0.000000000000000000e+00 0.000000000000000000e+00 1.441262500000000113e+00
4.987500000000000266e-01 0.000000000000000000e+00 0.000000000000000000e+00 0.000000000000000000e+00 1.414896249999999966e+00
5.062499999999999778e-01 0.000000000000000000e+00 0.000000000000000000e+00 0.000000000000000000e+00 1.388262999999999803e+00
5.137500000000000400e-01 0.000000000000000000e+00 0.000000000000000000e+00 0.000000000000000000e+00 1.361813249999999975e+00
5.212499999999999911e-01 0.000000000000000000e+00 0.000000000000000000e+00 0.000000000000000000e+00 1.337360499999999952e+00
5.287500000000000533e-01 0.000000000000000000e+00 0.000000000000000000e+00 0.000000000000000000e+00 1.313109250000000117e+00
5.362500000000000044e-01 0.000000000000000000e+00 0.000000000000000000e+00 0.000000000000000000e+00 1.292455750000000014e+00
5.437499999999999556e-01 0.000000000000000000e+00 0.000000000000000000e+00 0.000000000000000000e+00 1.273797249999999881e+00
5.512500000000000178e-01 0.000000000000000000e+00 0.000000000000000000e+00 0.000000000000000000e+00 1.255200499999999941e+00
5.587499999999999689e-01 0.000000000000000000e+00 0.000000000000000000e+00 0.000000000000000000e+00 1.239891749999999959e+00
5.662500000000000311e-01 0.000000000000000000e+00 0.000000000000000000e+00 0.000000000000000000e+00 1.226885999999999921e+00
5.737499999999999822e-01 0.000000000000000000e+00 0.000000000000000000e+00 0.000000000000000000e+00 1.214752000000000054e+00
5.812500000000000444e-01 0.000000000000000000e+00 0.000000000000000000e+00 0.000000000000000000e+00 1.206366000000000049e+00
5.887499999999999956e-01 0.000000000000000000e+00 3.999999999999999819e-06 3.999999999999999819e-06 1.198107250000000068e+00
5.962499999999999467e-01 0.000000000000000000e+00 2.497499999999999720e-04 2.497499999999999720e-04 1.193065250000000077e+00
6.037500000000000089e-01 0.000000000000000000e+00 4.270499999999999990e-03 4.270499999999999990e-03 1.187972250000000063e+00
6.112499999999999600e-01 0.000000000000000000e+00 3.264124999999999666e-02 3.264124999999999666e-02 1.184576999999999991e+00
6.187500000000000222e-01 0.000000000000000000e+00 1.597092499999999970e-01 1.597092499999999970e-01 1.181008999999999975e+00
6.262499999999999734e-01 0.000000000000000000e+00 5.231767499999999682e-01 5.231767499999999682e-01 1.179457250000000013e+00
6.337500000000000355e-01 0.000000000000000000e+00 1.214876999999999985e+00 1.214876999999999985e+00 1.176878749999999973e+00
6.412499999999999867e-01 0.000000000000000000e+00 2.160239749999999681e+00 2.160239749999999681e+00 1.175305000000000266e+00
6.487500000000000488e-01 0.000000000000000000e+00 3.080698500000000006e+00 3.080698500000000006e+00 1.173357999999999901e+00
6.562500000000000000e-01 0.000000000000000000e+00 3.680419249999999920e+00 3.680419249999999920e+00 1.171118000000000103e+00
6.637499999999999512e-01 0.000000000000000000e+00 3.798497999999999930e+00 3.798497999999999930e+00 1.167482249999999944e+00
6.712500000000000133e-01 0.000000000000000000e+00 3.505039749999999898e+00 3.505039749999999898e+00 1.162979999999999903e+00
6.787499999999999645e-01 0.000000000000000000e+00 3.033222999999999558e+00 3.033222999999999558e+00 1.157673500000000022e+00
6.862500000000000266e-01 0.000000000000000000e+00 2.612347750000000079e+00 2.612347750000000079e+00 1.152241000000000071e+00
6.937499999999999778e-01 0.000000000000000000e+00 2.273816500000000129e+00 2.273816500000000129e+00 1.146010500000000043e+00
7.012500000000000400e-01 0.000000000000000000e+00 1.990566999999999975e+00 1.990566999999999975e+00 1.138564250000000166e+00
7.087499999999999911e-01 0.000000000000000000e+00 1.762213750000000134e+00 1.762213750000000134e+00 1.131108000000000224e+00
7.162500000000000533e-01 0.000000000000000000e+00 1.564811499999999800e+00 1.564811499999999800e+00 1.125527499999999792e+00
7.237500000000000044e-01 0.000000000000000000e+00 1.406427249999999907e+00 1.406427249999999907e+00 1.118398249999999816e+00
7.312499999999999556e-01 0.000000000000000000e+00 1.276637749999999905e+00 1.276637749999999905e+00 1.110701500000000008e+00
7.387500000000000178e-01 0.000000000000000000e+00 1.169255500000000225e+00 1.169255500000000225e+00 1.103363249999999907e+00
7.462499999999999689e-01 0.000000000000000000e+00 1.083333000000000101e+00 1.083333000000000101e+00 1.097161999999999971e+00
7.537500000000000311e-01 0.000000000000000000e+00 1.010169000000000095e+00 1.010169000000000095e+00 1.090566499999999994e+00
7.612499999999999822e-01 0.000000000000000000e+00 9.563145000000000673e-01 9.563145000000000673e-01 1.084059250000000141e+00
7.687500000000000444e-01 0.000000000000000000e+00 9.126182499999999642e-01 9.126182499999999642e-01 1.079240500000000047e+00
7.762499999999999956e-01 0.000000000000000000e+00 8.834140000000000326e-01 8.834140000000000326e-01 1.073334250000000045e+00
7.837499999999999467e-01 0.000000000000000000e+00 8.638017499999999238e-01 8.638017499999999238e-01 1.068983499999999864e+00
7.912500000000000089e-01 0.000000000000000000e+00 8.512962499999999766e-01 8.512962499999999766e-01 1.064619250000000017e+00
7.987499999999999600e-01 0.000000000000000000e+00 8.526599999999999735e-01 8.526599999999999735e-01 1.059868999999999950e+00
8.062500000000000222e-01 0.000000000000000000e+00 8.672759999999999359e-01 8.672759999999999359e-01 1.056678250000000041e+00
8.137499999999999734e-01 0.000000000000000000e+00 8.883525000000001004e-01 8.883525000000001004e-01 1.053831500000000032e+00
8.212500000000000355e-01 0.000000000000000000e+00 9.186220000000000496e-01 9.186220000000000496e-01 1.050594750000000133e+00
8.287499999999999867e-01 0.000000000000000000e+00 9.604187500000000988e-01 9.604187500000000988e-01 1.047893000000000185e+00
8.362500000000000488e-01 0.000000000000000000e+00 1.008975500000000025e+00 1.008975500000000025e+00 1.045711500000000127e+00
8.437500000000000000e-01 0.000000000000000000e+00 1.063905499999999948e+00 1.063905499999999948e+00 1.043335750000000006e+00
8.512499999999999512e-01 0.000000000000000000e+00 1.123296749999999955e+00 1.123296749999999955e+00 1.040684500000000012e+00
8.587500000000000133e-01 0.000000000000000000e+00 1.171600750000000080e+00 1.171600750000000080e+00 1.037509749999999897e+00
8.662499999999999645e-01 0.000000000000000000e+00 1.215757250000000012e+00 1.215757250000000012e+00 1.036287249999999993e+00
8.737500000000000266e-01 0.000000000000000000e+00 1.239134749999999840e+00 1.239134749999999840e+00 1.034184250000000027e+00
8.812499999999999778e-01 0.000000000000000000e+00 1.251661500000000204e+00 1.251661500000000204e+00 1.031890500000000044e+00
8.887500000000000400e-01 0.000000000000000000e+00 1.244276500000000008e+00 1.244276500000000008e+00 1.029852500000000060e+00
8.962499999999999911e-01 0.000000000000000000e+00 1.228197750000000088e+00 1.228197750000000088e+00 1.028056499999999929e+00
9.037500000000000533e-01 0.000000000000000000e+00 1.200626750000000076e+00 1.200626750000000076e+00 1.026423000000000085e+00
9.112500000000000044e-01 0.000000000000000000e+00 1.170587999999999962e+00 1.170587999999999962e+00 1.024173750000000105e+00
9.187499999999999556e-01 0.000000000000000000e+00 1.137869000000000019e+00 1.137869000000000019e+00 1.022176750000000078e+00
9.262500000000000178e-01 0.000000000000000000e+00 1.105062500000000059e+00 1.105062500000000059e+00 1.020518000000000036e+00
9.337499999999999689e-01 0.000000000000000000e+00 1.072712500000000180e+00 1.072712500000000180e+00 1.018304749999999981e+00
9.412500000000000311e-01 0.000000000000000000e+00 1.040830499999999992e+00 1.040830499999999992e+00 1.017358250000000019e+00
9.487499999999999822e-01 0.000000000000000000e+00 1.013832499999999914e+00 1.013832499999999914e+00 1.015893500000000005e+00
9.562500000000000444e-01 0.000000000000000000e+00 9.856484999999999275e-01 9.856484999999999275e-01 1.014071249999999980e+00
9.637499999999999956e-01 0.000000000000000000e+00 9.614939999999999598e-01 9.614939999999999598e-01 1.013577250000000207e+00
9.712499999999999467e-01 7.240000000000000342e-04 9.415149999999998798e-01 9.415149999999998798e-01 1.011898999999999882e+00
9.787500000000000089e-01 5.170499999999999749e-03 9.230574999999999752e-01 9.230574999999999752e-01 1.011126250000000004e+00
9.862499999999999600e-01 2.660200000000000065e-02 9.066425000000000178e-01 9.066425000000000178e-01 1.009980749999999983e+00
9.937500000000000222e-01 1.227940000000000004e-01 8.973980000000000290e-01 8.973980000000000290e-01 1.009931249999999947e+00
1.001249999999999973e+00 3.576022500000000104e-01 8.888712500000000016e-01 8.888712500000000016e-01 1.008699250000000047e+00
1.008750000000000036e+00 9.150019999999999820e-01 8.826594999999999303e-01 8.826594999999999303e-01 1.008490249999999921e+00
1.016250000000000098e+00 1.885284500000000030e+00 8.793747499999999828e-01 8.793747499999999828e-01 1.007951499999999889e+00
1.023749999999999938e+00 3.249047250000000275e+00 8.787094999999999212e-01 8.787094999999999212e-01 1.007431750000000070e+00
1.031250000000000000e+00 4.926803749999999482e+00 8.797832500000000167e-01 8.797832500000000167e-01 1.007273499999999933e+00
1.038750000000000062e+00 6.420525749999999476e+00 8.789747500000000269e-01 8.789747500000000269e-01 1.007306499999999883e+00
1.046249999999999902e+00 7.544885999999999981e+00 8.827500000000000346e-01 8.827500000000000346e-01 1.006737749999999876e+00
1.053749999999999964e+00 8.087350999999999956e+00 8.889369999999999772e-01 8.889369999999999772e-01 1.007681000000000049e+00
1.061250000000000027e+00 7.959191000000000571e+00 8.954277499999999668e-01 8.954277499999999668e-01 1.008264249999999862e+00
1.068750000000000089e+00 7.353688000000000002e+00 8.984039999999999804e-01 8.984039999999999804e-01 1.008543250000000002e+00
1.076249999999999929e+00 6.370684499999999417e+00 9.035149999999999570e-01 9.035149999999999570e-01 1.009281000000000095e+00
1.083749999999999991e+00 5.279800749999999709e+00 9.058327499999999644e-01 9.058327499999999644e-01 1.009611250000000071e+00
1.091250000000000053e+00 4.238567749999999634e+00 9.108932500000000987e-01 9.108932500000000987e-01 1.010287250000000192e+00
1.098749999999999893e+00 3.281199249999999790e+00 9.080954999999999444e-01 9.080954999999999444e-01 1.011517750000000104e+00
1.106249999999999956e+00 2.455940500000000082e+00 9.081382500000000357e-01 9.081382500000000357e-01 1.012415999999999983e+00
1.113750000000000018e+00 1.860586250000000108e+00 9.066624999999999268e-01 9.066624999999999268e-01 1.013054750000000004e+00
1.121250000000000080e+00 1.357373500000000233e+00 9.037912500000000460e-01 9.037912500000000460e-01 1.014664250000000045e+00
1.128749999999999920e+00 1.028391000000000055e+00 9.011012499999999648e-01 9.011012499999999648e-01 1.015956499999999929e+00
1.136249999999999982e+00 7.686027500000001123e-01 8.969167499999999293e-01 8.969167499999999293e-01 1.017229750000000044e+00
1.143750000000000044e+00 5.998597499999999139e-01 8.931089999999999307e-01 8.931089999999999307e-01 1.018560250000000167e+00
1.151250000000000107e+00 4.923279999999999879e-01 8.870829999999998439e-01 8.870829999999998439e-01 1.020865999999999829e+00
1.158749999999999947e+00 4.124524999999999997e-01 8.812375000000000069e-01 8.812375000000000069e-01 1.022051750000000148e+00
1.166250000000000009e+00 3.539854999999999530e-01 8.770934999999999704e-01 8.770934999999999704e-01 1.023486750000000001e+00
1.173750000000000071e+00 3.143922499999999842e-01 8.737737500000000157e-01 8.737737500000000157e-01 1.025759749999999970e+00
1.181249999999999911e+00 2.977437499999999737e-01 8.693830000000000169e-01 8.693830000000000169e-01 1.027670500000000153e+00
1.188749999999999973e+00 2.827587499999999476e-01 8.654249999999999998e-01 8.654249999999999998e-01 1.030026000000000108e+00
1.196250000000000036e+00 2.715857500000000146e-01 8.651037500000000602e-01 8.651037500000000602e-01 1.032187500000000036e+00
1.203750000000000098e+00 2.774054999999999715e-01 8.613187500000000218e-01 8.613187500000000218e-01 1.034135999999999944e+00
1.211249999999999938e+00 2.902207500000000273e-01 8.624150000000000427e-01 8.624150000000000427e-01 1.036623000000000072e+00
1.218750000000000000e+00 3.114967499999999889e-01 8.612117500000000536e-01 8.612117500000000536e-01 1.038707000000000047e+00
1.226250000000000062e+00 3.466572500000000279e-01 8.642719999999999292e-01 8.642719999999999292e-01 1.041554499999999939e+00
1.233749999999999902e+00 3.805494999999999850e-01 8.650930000000000009e-01 8.650930000000000009e-01 1.043870500000000145e+00
1.241249999999999964e+00 4.403714999999999713e-01 8.687307499999999960e-01 8.687307499999999960e-01 1.046641500000000224e+00
1.248750000000000027e+00 5.085355000000000292e-01 8.730992500000001044e-01 8.730992500000001044e-01 1.049452249999999864e+00
1.256250000000000089e+00 5.947965000000000613e-01 8.758729999999999016e-01 8.758729999999999016e-01 1.052222250000000026e+00
1.263749999999999929e+00 6.972134999999999305e-01 8.825334999999998598e-01 8.825334999999998598e-01 1.055231999999999948e+00
1.271249999999999991e+00 8.072722499999999135e-01 8.869484999999999175e-01 8.869484999999999175e-01 1.057859000000000105e+00
1.278750000000000053e+00 9.186775000000000357e-01 8.929382499999999334e-01 8.929382499999999334e-01 1.060001500000000041e+00
1.286249999999999893e+00 1.018197750000000124e+00 8.982639999999999514e-01 8.982639999999999514e-01 1.061609000000000025e+00
1.293749999999999956e+00 1.097906249999999861e+00 9.023440000000000349e-01 9.023440000000000349e-01 1.062882499999999952e+00
1.301250000000000018e+00 1.131887750000000192e+00 9.075959999999999583e-01 9.075959999999999583e-01 1.062333499999999820e+00
1.308750000000000080e+00 1.128275499999999987e+00 9.101195000000000812e-01 9.101195000000000812e-01 1.061837000000000142e+00
1.316249999999999920e+00 1.112249999999999961e+00 9.128462500000000812e-01 9.128462500000000812e-01 1.059181750000000033e+00
1.323749999999999982e+00 1.050120000000000164e+00 9.164902500000000618e-01 9.164902500000000618e-01 1.057455499999999882e+00
1.331250000000000044e+00 1.002904000000000018e+00 9.187557499999999822e-01 9.187557499999999822e-01 1.054502749999999933e+00
1.338750000000000107e+00 9.474812499999999416e-01 9.201462500000000544e-01 9.201462500000000544e-01 1.050738500000000020e+00
1.346249999999999947e+00 8.812124999999999542e-01 9.204087499999998867e-01 9.204087499999998867e-01 1.046933499999999961e+00
1.353750000000000009e+00 8.227805000000000257e-01 9.212899999999999423e-01 9.212899999999999423e-01 1.044222500000000053e+00
1.361250000000000071e+00 7.683907500000000113e-01 9.202737500000000015e-01 9.202737500000000015e-01 1.041320499999999871e+00
1.368749999999999911e+00 7.193334999999999591e-01 9.224650000000000905e-01 9.224650000000000905e-01 1.038603999999999861e+00
1.376249999999999973e+00 6.770235000000000003e-01 9.238015000000000532e-01 9.238015000000000532e-01 1.035906999999999911e+00
1.383750000000000036e+00 6.446837499999999999e-01 9.251267499999999977e-01 9.251267499999999977e-01 1.033814250000000046e+00
1.391250000000000098e+00 6.130447500000000272e-01 9.268882500000000801e-01 9.268882500000000801e-01 1.032226749999999971e+00
1.398749999999999938e+00 5.883307500000000134e-01 9.280749999999999833e-01 9.280749999999999833e-01 1.030310499999999907e+00
1.406250000000000000e+00 5.714920000000000000e-01 9.287594999999999601e-01 9.287594999999999601e-01 1.029666750000000075e+00
1.413750000000000062e+00 5.524127500000000079e-01 9.337962499999999944e-01 9.337962499999999944e-01 1.028476249999999981e+00
1.421249999999999902e+00 5.569557499999999717e-01 9.390372499999999345e-01 9.390372499999999345e-01 1.027903250000000046e+00
1.428749999999999964e+00 5.560602500000000337e-01 9.435382500000000228e-01 9.435382500000000228e-01 1.027456749999999808e+00
1.436250000000000027e+00 5.487367499999999954e-01 9.479247499999999826e-01 9.479247499999999826e-01 1.027360000000000051e+00
1.443750000000000089e+00 5.573487499999999484e-01 9.548290000000000388e-01 9.548290000000000388e-01 1.027050250000000053e+00
1.451249999999999929e+00 5.735792499999999849e-01 9.593157500000000226e-01 9.593157500000000226e-01 1.026988500000000082e+00
1.458749999999999991e+00 5.886047500000000099e-01 9.637954999999999162e-01 9.637954999999999162e-01 1.027345500000000023e+00
1.466250000000000053e+00 6.096492500000000314e-01 9.693444999999999423e-01 9.693444999999999423e-01 1.027187749999999955e+00
1.473749999999999893e+00 6.305895000000000250e-01 9.732517499999999711e-01 9.732517499999999711e-01 1.027434249999999993e+00
1.481249999999999956e+00 6.636472500000000219e-01 9.779982499999999579e-01 9.779982499999999579e-01 1.027887749999999878e+00
1.488750000000000018e+00 6.832162500000000804e-01 9.845555000000000279e-01 9.845555000000000279e-01 1.027413000000000132e+00
1.496250000000000080e+00 6.844330000000000691e-01 9.888069999999999915e-01 9.888069999999999915e-01 1.027177000000000007e+00
1.503749999999999920e+00 7.267932500000000573e-01 9.935007499999999325e-01 9.935007499999999325e-01 1.026487249999999962e+00
1.511249999999999982e+00 7.387790000000000745e-01 9.979829999999999535e-01 9.979829999999999535e-01 1.026170500000000096e+00
1.518750000000000044e+00 7.528997500000000898e-01 1.001349749999999927e+00 1.001349749999999927e+00 1.025463499999999861e+00
1.526250000000000107e+00 7.631155000000000577e-01 1.007716499999999904e+00 1.007716499999999904e+00 1.024181250000000043e+00
1.533749999999999947e+00 7.770525000000000349e-01 1.012458249999999893e+00 1.012458249999999893e+00 1.022702000000000000e+00
1.541250000000000009e+00 7.831692500000000390e-01 1.016621750000000102e+00 1.016621750000000102e+00 1.021716500000000138e+00
1.548750000000000071e+00 7.737512500000000015e-01 1.022076749999999867e+00 1.022076749999999867e+00 1.020804999999999962e+00
1.556249999999999911e+00 7.860924999999999718e-01 1.026719249999999972e+00 1.026719249999999972e+00 1.018616500000000036e+00
1.563749999999999973e+00 7.959964999999999957e-01 1.032435500000000062e+00 1.032435500000000062e+00 1.017245750000000060e+00
1.571250000000000036e+00 7.911135000000000250e-01 1.037794249999999918e+00 1.037794249999999918e+00 1.015203250000000113e+00
1.578750000000000098e+00 7.822102499999998848e-01 1.043251750000000033e+00 1.043251750000000033e+00 1.013767249999999898e+00
1.586249999999999938e+00 7.827047499999999491e-01 1.051063249999999893e+00 1.051063249999999893e+00 1.012476249999999967e+00
1.593750000000000000e+00 7.906527500000000153e-01 1.057045999999999930e+00 1.057045999999999930e+00 1.010891500000000054e+00
1.601250000000000062e+00 7.885595000000000798e-01 1.064062999999999981e+00 1.064062999999999981e+00 1.009569249999999974e+00
1.608749999999999902e+00 7.834345000000000336e-01 1.071169999999999956e+00 1.071169999999999956e+00 1.007956749999999957e+00
1.616249999999999964e+00 7.913495000000000390e-01 1.077992000000000061e+00 1.077992000000000061e+00 1.007396499999999806e+00
1.623750000000000027e+00 7.939024999999999554e-01 1.084454999999999947e+00 1.084454999999999947e+00 1.006057500000000049e+00
1.631250000000000089e+00 8.070939999999999781e-01 1.091876000000000069e+00 1.091876000000000069e+00 1.005095999999999989e+00
1.638749999999999929e+00 8.042704999999999993e-01 1.098486249999999886e+00 1.098486249999999886e+00 1.004406499999999980e+00
1.646249999999999991e+00 8.020320000000000782e-01 1.105426500000000090e+00 1.105426500000000090e+00 1.004150749999999981e+00
1.653750000000000053e+00 8.131032499999999441e-01 1.112664749999999980e+00 1.112664749999999980e+00 1.003515000000000157e+00
1.661249999999999893e+00 8.183099999999999818e-01 1.119156250000000075e+00 1.119156250000000075e+00 1.002801999999999971e+00
1.668749999999999956e+00 8.198950000000000404e-01 1.122113999999999834e+00 1.122113999999999834e+00 1.002691250000000034e+00
1.676250000000000018e+00 8.216924999999999368e-01 1.124810000000000088e+00 1.124810000000000088e+00 1.002238000000000184e+00
1.683750000000000080e+00 8.400527500000000147e-01 1.124151249999999935e+00 1.124151249999999935e+00 1.002344249999999937e+00
1.691249999999999920e+00 8.390972500000000167e-01 1.120837250000000118e+00 1.120837250000000118e+00 1.001734499999999972e+00
1.698749999999999982e+00 8.599357499999999987e-01 1.115312999999999999e+00 1.115312999999999999e+00 1.001576750000000127e+00
1.706250000000000044e+00 8.765340000000000353e-01 1.107310749999999899e+00 1.107310749999999899e+00 1.001287999999999956e+00
1.713750000000000107e+00 8.910352499999999454e-01 1.097162250000000006e+00 1.097162250000000006e+00 1.000990499999999894e+00
1.721249999999999947e+00 9.080472500000000835e-01 1.085987000000000036e+00 1.085987000000000036e+00 1.000832750000000049e+00
1.728750000000000009e+00 9.242164999999999964e-01 1.072896499999999920e+00 1.072896499999999920e+00 1.000520250000000111e+00
1.736250000000000071e+00 9.392800000000000038e-01 1.060546250000000024e+00 1.060546250000000024e+00 1.000092500000000051e+00
1.743749999999999911e+00 9.746934999999999905e-01 1.046738999999999864e+00 1.046738999999999864e+00 9.998314999999999841e-01
1.751249999999999973e+00 9.806194999999999773e-01 1.035262750000000009e+00 1.035262750000000009e+00 9.996120000000000561e-01
1.758750000000000036e+00 1.001869750000000003e+00 1.025068249999999903e+00 1.025068249999999903e+00 9.990324999999999900e-01
1.766250000000000098e+00 1.037999250000000151e+00 1.015988499999999961e+00 1.015988499999999961e+00 9.986392500000000894e-01
1.773749999999999938e+00 1.053098499999999937e+00 1.009341749999999927e+00 1.009341749999999927e+00 9.988404999999999090e-01
1.781250000000000000e+00 1.089600750000000007e+00 1.003356499999999984e+00 1.003356499999999984e+00 9.982742500000000296e-01
1.788750000000000062e+00 1.118355500000000058e+00 9.977102500000000207e-01 9.977102500000000207e-01 9.983009999999999939e-01
1.796249999999999902e+00 1.146619499999999903e+00 9.926607499999999806e-01 9.926607499999999806e-01 9.975522500000000292e-01
1.803749999999999964e+00 1.179415750000000207e+00 9.910570000000000768e-01 9.910570000000000768e-01 9.971107500000000456e-01
1.811250000000000027e+00 1.190831250000000008e+00 9.890852499999999159e-01 9.890852499999999159e-01 9.970125000000000792e-01
1.818750000000000089e+00 1.203258500000000009e+00 9.879602499999999843e-01 9.879602499999999843e-01 9.964660000000000739e-01
1.826249999999999929e+00 1.204073249999999984e+00 9.878867500000000357e-01 9.878867500000000357e-01 9.967677500000000634e-01
1.833749999999999991e+00 1.192872750000000037e+00 9.879085000000000782e-01 9.879085000000000782e-01 9.965744999999999187e-01
1.841250000000000053e+00 1.179395999999999889e+00 9.887604999999999311e-01 9.887604999999999311e-01 9.965847500000000192e-01
1.848749999999999893e+00 1.153281000000000001e+00 9.904582499999998735e-01 9.904582499999998735e-01 9.966097499999999609e-01
1.856249999999999956e+00 1.122889250000000061e+00 9.906807499999999989e-01 9.906807499999999989e-01 9.968589999999999396e-01
1.863750000000000018e+00 1.109371000000000107e+00 9.919940000000000424e-01 9.919940000000000424e-01 9.967169999999999641e-01
1.871250000000000080e+00 1.089594749999999834e+00 9.934477500000000738e-01 9.934477500000000738e-01 9.969022499999999898e-01
1.878749999999999920e+00 1.069033249999999935e+00 9.940872499999999778e-01 9.940872499999999778e-01 9.970934999999999659e-01
1.886249999999999982e+00 1.073102000000000000e+00 9.960957499999999465e-01 9.960957499999999465e-01 9.972369999999999290e-01
1.893750000000000044e+00 1.078215750000000028e+00 9.972412500000000790e-01 9.972412500000000790e-01 9.973717500000000014e-01
1.901250000000000107e+00 1.082199999999999829e+00 9.952157500000000656e-01 9.952157500000000656e-01 9.973724999999999952e-01
1.908749999999999947e+00 1.103807999999999900e+00 9.957000000000000295e-01 9.957000000000000295e-01 9.980400000000000382e-01
1.916250000000000009e+00 1.125557499999999989e+00 9.932794999999999819e-01 9.932794999999999819e-01 9.983337500000000198e-01
1.923750000000000071e+00 1.139227500000000060e+00 9.933795000000000819e-01 9.933795000000000819e-01 9.985474999999999213e-01
1.931249999999999911e+00 1.158673250000000099e+00 9.911637499999998990e-01 9.911637499999998990e-01 9.986467500000000275e-01
1.938749999999999973e+00 1.172991000000000117e+00 9.891727499999999340e-01 9.891727499999999340e-01 9.991787500000000044e-01
1.946250000000000036e+00 1.195260499999999837e+00 9.858870000000000688e-01 9.858870000000000688e-01 9.992254999999999887e-01
1.953750000000000098e+00 1.203954250000000004e+00 9.835902499999999993e-01 9.835902499999999993e-01 9.993449999999999278e-01
1.961249999999999938e+00 1.215654999999999930e+00 9.798220000000000818e-01 9.798220000000000818e-01 1.000007249999999903e+00
1.968750000000000000e+00 1.225931500000000174e+00 9.785577500000000040e-01 9.785577500000000040e-01 9.998577500000001006e-01
1.976250000000000062e+00 1.221083000000000141e+00 9.745132499999999975e-01 9.745132499999999975e-01 1.000303750000000047e+00
1.983749999999999902e+00 1.226949250000000102e+00 9.713350000000000595e-01 9.713350000000000595e-01 1.000203500000000023e+00
1.991249999999999964e+00 1.237451749999999961e+00 9.682794999999999597e-01 9.682794999999999597e-01 1.000340749999999890e+00
1.998750000000000027e+00 1.226494250000000008e+00 9.666587500000000110e-01 9.666587500000000110e-01 1.000680500000000084e+00
2.006250000000000089e+00 1.231916999999999929e+00 9.650225000000001163e-01 9.650225000000001163e-01 1.001057749999999968e+00
2.013749999999999929e+00 1.239983749999999940e+00 9.641364999999999519e-01 9.641364999999999519e-01 1.001427000000000067e+00
2.021250000000000213e+00 1.242211750000000059e+00 9.629067499999999225e-01 9.629067499999999225e-01 1.001231750000000087e+00
2.028750000000000053e+00 1.264000999999999930e+00 9.625219999999999887e-01 9.625219999999999887e-01 1.001682999999999879e+00
2.036249999999999893e+00 1.282635250000000005e+00 9.614095000000000280e-01 9.614095000000000280e-01 1.001756000000000091e+00
2.043750000000000178e+00 1.290841750000000010e+00 9.609087499999998672e-01 9.609087499999998672e-01 1.002073500000000061e+00
2.051250000000000018e+00 1.308271250000000219e+00 9.609792500000000626e-01 9.609792500000000626e-01 1.002516749999999845e+00
2.058749999999999858e+00 1.323458000000000023e+00 9.609452500000000841e-01 9.609452500000000841e-01 1.002660249999999920e+00
2.066250000000000142e+00 1.338190749999999873e+00 9.616915000000000324e-01 9.616915000000000324e-01 1.003276999999999974e+00
2.073749999999999982e+00 1.328330000000000011e+00 9.629864999999999675e-01 9.629864999999999675e-01 1.003569500000000003e+00
2.081249999999999822e+00 1.315718249999999978e+00 9.622410000000000130e-01 9.622410000000000130e-01 1.003858249999999952e+00
2.088750000000000107e+00 1.299572749999999832e+00 9.649432499999999191e-01 9.649432499999999191e-01 1.004449499999999995e+00
2.096249999999999947e+00 1.271769750000000032e+00 9.651049999999999907e-01 9.651049999999999907e-01 1.004547250000000114e+00
2.103749999999999787e+00 1.237035500000000177e+00 9.673162499999999886e-01 9.673162499999999886e-01 1.005099749999999847e+00
2.111250000000000071e+00 1.194179000000000102e+00 9.671180000000000332e-01 9.671180000000000332e-01 1.005316250000000133e+00
2.118749999999999911e+00 1.140274250000000045e+00 9.696595000000000075e-01 9.696595000000000075e-01 1.005574500000000038e+00
2.126250000000000195e+00 1.098696499999999965e+00 9.691775000000000251e-01 9.691775000000000251e-01 1.005923249999999936e+00
2.133750000000000036e+00 1.051109750000000176e+00 9.704702499999999787e-01 9.704702499999999787e-01 1.006329749999999912e+00
2.141249999999999876e+00 9.970462500000000228e-01 9.716502500000000486e-01 9.716502500000000486e-01 1.006299250000000089e+00
2.148750000000000160e+00 9.613372499999999210e-01 9.717594999999999983e-01 9.717594999999999983e-01 1.006579249999999925e+00
2.156250000000000000e+00 9.283410000000000828e-01 9.725380000000000136e-01 9.725380000000000136e-01 1.006993000000000027e+00
2.163749999999999840e+00 8.994077500000000613e-01 9.736580000000001345e-01 9.736580000000001345e-01 1.007043499999999980e+00
2.171250000000000124e+00 8.627005000000000923e-01 9.748837500000000489e-01 9.748837500000000489e-01 1.007454749999999954e+00
2.178749999999999964e+00 8.466427499999999995e-01 9.757365000000000066e-01 9.757365000000000066e-01 1.007363750000000113e+00
2.186249999999999805e+00 8.407725000000000337e-01 9.769169999999999243e-01 9.769169999999999243e-01 1.007773499999999878e+00
2.193750000000000089e+00 8.297812500000000258e-01 9.759202500000000446e-01 9.759202500000000446e-01 1.007897500000000113e+00
2.201249999999999929e+00 8.213162499999999699e-01 9.774110000000000298e-01 9.774110000000000298e-01 1.008287249999999968e+00
2.208750000000000213e+00 8.270032500000000786e-01 9.787390000000000256e-01 9.787390000000000256e-01 1.008150749999999984e+00
2.216250000000000053e+00 8.282315000000000094e-01 9.795234999999999914e-01 9.795234999999999914e-01 1.008359749999999888e+00
2.223749999999999893e+00 8.245879999999999876e-01 9.799432500000000434e-01 9.799432500000000434e-01 1.008264000000000049e+00
2.231250000000000178e+00 8.312327500000000757e-01 9.812125000000000430e-01 9.812125000000000430e-01 1.008322249999999976e+00
2.238750000000000018e+00 8.415527500000000716e-01 9.826872500000000121e-01 9.826872500000000121e-01 1.008548250000000035e+00
2.246249999999999858e+00 8.507349999999999079e-01 9.835279999999999578e-01 9.835279999999999578e-01 1.008505749999999868e+00
2.253750000000000142e+00 8.573217499999999935e-01 9.838732499999999215e-01 9.838732499999999215e-01 1.008485250000000111e+00
2.261249999999999982e+00 8.673432500000000100e-01 9.848807500000000825e-01 9.848807500000000825e-01 1.008469999999999978e+00
2.268749999999999822e+00 8.853432500000000260e-01 9.864600000000000035e-01 9.864600000000000035e-01 1.008317499999999978e+00
2.276250000000000107e+00 8.911385000000000556e-01 9.867779999999999330e-01 9.867779999999999330e-01 1.008345249999999860e+00
2.283749999999999947e+00 9.035512500000000280e-01 9.888327500000000381e-01 9.888327500000000381e-01 1.008029249999999877e+00
2.291249999999999787e+00 9.031115000000000670e-01 9.898617499999999847e-01 9.898617499999999847e-01 1.008274499999999962e+00
2.298750000000000071e+00 9.138735000000000053e-01 9.918285000000000018e-01 9.918285000000000018e-01 1.008122500000000032e+00
2.306249999999999911e+00 9.279932499999999918e-01 9.924602499999999328e-01 9.924602499999999328e-01 1.007827750000000133e+00
2.313750000000000195e+00 9.223059999999999592e-01 9.944975000000000342e-01 9.944975000000000342e-01 1.007455500000000059e+00
2.321250000000000036e+00 9.287969999999999837e-01 9.955635000000000456e-01 9.955635000000000456e-01 1.007222500000000132e+00
2.328749999999999876e+00 9.339572499999999611e-01 9.956467500000001358e-01 9.956467500000001358e-01 1.006950000000000234e+00
2.336250000000000160e+00 9.266872499999999624e-01 9.976490000000000080e-01 9.976490000000000080e-01 1.006741249999999921e+00
2.343750000000000000e+00 9.232845000000000635e-01 9.991704999999999615e-01 9.991704999999999615e-01 1.006183000000000050e+00
2.351249999999999840e+00 9.233507500000001089e-01 1.001166250000000035e+00 1.001166250000000035e+00 1.005986999999999965e+00
2.358750000000000124e+00 9.183939999999999326e-01 1.001619999999999955e+00 1.001619999999999955e+00 1.005513249999999914e+00
2.366249999999999964e+00 9.165619999999999878e-01 1.003292500000000143e+00 1.003292500000000143e+00 1.004962749999999794e+00
2.373749999999999805e+00 9.098852499999999788e-01 1.004692749999999801e+00 1.004692749999999801e+00 1.004523749999999938e+00
2.381250000000000089e+00 9.030332500000000095e-01 1.006314249999999966e+00 1.006314249999999966e+00 1.004347000000000101e+00
2.388749999999999929e+00 9.015170000000000128e-01 1.006643750000000059e+00 1.006643750000000059e+00 1.003973750000000109e+00
2.396250000000000213e+00 8.920454999999999357e-01 1.007760500000000059e+00 1.007760500000000059e+00 1.003477500000000022e+00
2.403750000000000053e+00 8.970844999999999514e-01 1.008980749999999871e+00 1.008980749999999871e+00 1.003260500000000111e+00
2.411249999999999893e+00 8.920854999999999757e-01 1.008758000000000044e+00 1.008758000000000044e+00 1.002687499999999954e+00
2.418750000000000178e+00 8.881092500000000722e-01 1.010186999999999946e+00 1.010186999999999946e+00 1.002721999999999891e+00
2.426250000000000018e+00 8.864277499999999588e-01 1.011522000000000032e+00 1.011522000000000032e+00 1.002342750000000171e+00
2.433749999999999858e+00 8.858027499999999721e-01 1.011639999999999873e+00 1.011639999999999873e+00 1.001904750000000011e+00
2.441250000000000142e+00 8.856987499999999791e-01 1.012248749999999919e+00 1.012248749999999919e+00 1.001851250000000082e+00
2.448749999999999982e+00 8.946367499999999806e-01 1.013234749999999851e+00 1.013234749999999851e+00 1.001713249999999888e+00
2.456249999999999822e+00 8.930602499999999999e-01 1.014297000000000004e+00 1.014297000000000004e+00 1.001342750000000059e+00
2.463750000000000107e+00 8.980562500000000004e-01 1.014224750000000119e+00 1.014224750000000119e+00 1.001260499999999887e+00
2.471249999999999947e+00 9.105262499999999815e-01 1.014075749999999942e+00 1.014075749999999942e+00 1.001074749999999902e+00
2.478749999999999787e+00 9.150597499999999496e-01 1.015761499999999984e+00 1.015761499999999984e+00 1.000824249999999971e+00
2.486250000000000071e+00 9.246057500000000040e-01 1.015310249999999970e+00 1.015310249999999970e+00 1.000658499999999895e+00
2.493749999999999911e+00 9.248475000000000446e-01 1.014908750000000026e+00 1.014908750000000026e+00 1.000700249999999958e+00
2.501250000000000195e+00 9.356894999999999518e-01 1.015700499999999895e+00 1.015700499999999895e+00 1.000352249999999943e+00
2.508750000000000036e+00 9.473487499999999617e-01 1.015614999999999934e+00 1.015614999999999934e+00 1.000406250000000163e+00
2.516249999999999876e+00 9.450547499999999435e-01 1.015247250000000045e+00 1.015247250000000045e+00 1.000123750000000200e+00
2.523750000000000160e+00 9.615822499999999717e-01 1.015666249999999993e+00 1.015666249999999993e+00 9.999497500000000816e-01
2.531250000000000000e+00 9.607572500000000071e-01 1.016841499999999954e+00 1.016841499999999954e+00 9.998782499999999684e-01
2.538749999999999840e+00 9.712932499999999969e-01 1.017004999999999937e+00 1.017004999999999937e+00 9.998377499999999696e-01
2.546250000000000124e+00 9.736805000000000598e-01 1.016615999999999964e+00 1.016615999999999964e+00 9.997352499999999642e-01
2.553749999999999964e+00 9.759575000000000333e-01 1.016850999999999949e+00 1.016850999999999949e+00 9.992522499999999530e-01
2.561249999999999805e+00 9.850122500000000336e-01 1.017612000000000183e+00 1.017612000000000183e+00 9.992807500000000509e-01
2.568750000000000089e+00 9.874742499999999978e-01 1.017438749999999947e+00 1.017438749999999947e+00 9.989055000000000017e-01
2.576249999999999929e+00 9.826077500000000020e-01 1.017116500000000201e+00 1.017116500000000201e+00 9.987112500000000503e-01
2.583750000000000213e+00 9.914947499999999803e-01 1.017538249999999866e+00 1.017538249999999866e+00 9.985162499999999941e-01
2.591250000000000053e+00 9.961670000000000247e-01 1.017801000000000178e+00 1.017801000000000178e+00 9.984605000000000841e-01
2.598749999999999893e+00 1.000958499999999862e+00 1.018152750000000051e+00 1.018152750000000051e+00 9.978684999999999361e-01
2.606250000000000178e+00 1.001580000000000137e+00 1.016840250000000223e+00 1.016840250000000223e+00 9.979327499999999240e-01
2.613750000000000018e+00 1.000015499999999946e+00 1.018369750000000185e+00 1.018369750000000185e+00 9.977660000000000418e-01
2.621249999999999858e+00 1.006282499999999969e+00 1.017639749999999843e+00 1.017639749999999843e+00 9.977004999999999901e-01
2.628750000000000142e+00 1.001512500000000028e+00 1.016894000000000187e+00 1.016894000000000187e+00 9.975115000000001064e-01
2.636249999999999982e+00 1.005001249999999846e+00 1.016553000000000040e+00 1.016553000000000040e+00 9.976270000000000415e-01
2.643749999999999822e+00 1.006808750000000030e+00 1.016785000000000050e+00 1.016785000000000050e+00 9.974585000000000257e-01
2.651250000000000107e+00 1.020887249999999913e+00 1.016144750000000041e+00 1.016144750000000041e+00 9.974659999999999638e-01
2.658749999999999947e+00 1.012780250000000049e+00 1.015439500000000050e+00 1.015439500000000050e+00 9.971814999999999429e-01
2.666249999999999787e+00 1.026983749999999862e+00 1.013506500000000088e+00 1.013506500000000088e+00 9.973537500000000389e-01
2.673750000000000071e+00 1.023953999999999809e+00 1.013982750000000044e+00 1.013982750000000044e+00 9.972577500000000539e-01
2.681249999999999911e+00 1.023032500000000011e+00 1.013694500000000165e+00 1.013694500000000165e+00 9.971394999999999564e-01
2.688750000000000195e+00 1.032866749999999945e+00 1.012361749999999949e+00 1.012361749999999949e+00 9.971145000000001257e-01
2.696250000000000036e+00 1.036890000000000089e+00 1.010878750000000048e+00 1.010878750000000048e+00 9.973447500000001131e-01
2.703749999999999876e+00 1.043224499999999999e+00 1.010174000000000127e+00 1.010174000000000127e+00 9.972712500000000535e-01
2.711250000000000160e+00 1.037972250000000152e+00 1.008778249999999765e+00 1.008778249999999765e+00 9.972275000000000444e-01
2.718750000000000000e+00 1.045354749999999999e+00 1.007655750000000072e+00 1.007655750000000072e+00 9.971592500000000525e-01
2.726249999999999840e+00 1.047320749999999911e+00 1.006785250000000076e+00 1.006785250000000076e+00 9.973482500000000472e-01
2.733750000000000124e+00 1.052323499999999967e+00 1.003992500000000065e+00 1.003992500000000065e+00 9.974765000000000992e-01
2.741249999999999964e+00 1.057641500000000123e+00 1.003708249999999857e+00 1.003708249999999857e+00 9.973767500000000341e-01
2.748749999999999805e+00 1.056376250000000017e+00 1.002420499999999937e+00 1.002420499999999937e+00 9.976739999999999498e-01
2.756250000000000089e+00 1.061820249999999799e+00 1.000751500000000016e+00 1.000751500000000016e+00 9.977862499999999857e-01
2.763749999999999929e+00 1.063130999999999826e+00 9.999822499999999614e-01 9.999822499999999614e-01 9.978142500000000137e-01
2.771250000000000213e+00 1.063867249999999931e+00 9.978167499999999190e-01 9.978167499999999190e-01 9.976432500000000925e-01
2.778750000000000053e+00 1.058430749999999865e+00 9.969095000000000040e-01 9.969095000000000040e-01 9.977397500000000363e-01
2.786249999999999893e+00 1.064840499999999857e+00 9.962547500000000777e-01 9.962547500000000777e-01 9.981409999999999449e-01
2.793750000000000178e+00 1.060804749999999963e+00 9.947462499999999430e-01 9.947462499999999430e-01 9.978230000000000155e-01
2.801250000000000018e+00 1.060258000000000145e+00 9.937962499999999366e-01 9.937962499999999366e-01 9.980692500000000189e-01
2.808749999999999858e+00 1.071143500000000026e+00 9.932427500000000631e-01 9.932427500000000631e-01 9.982360000000001232e-01
2.816250000000000142e+00 1.064272499999999955e+00 9.924155000000000060e-01 9.924155000000000060e-01 9.980322500000000652e-01
2.823749999999999982e+00 1.065652000000000044e+00 9.914854999999999086e-01 9.914854999999999086e-01 9.982044999999999391e-01
2.831249999999999822e+00 1.070336999999999872e+00 9.910342500000000054e-01 9.910342500000000054e-01 9.982995000000000063e-01
2.838750000000000107e+00 1.066288750000000007e+00 9.909197499999999881e-01 9.909197499999999881e-01 9.984427500000000455e-01
2.846249999999999947e+00 1.058579249999999972e+00 9.905260000000000176e-01 9.905260000000000176e-01 9.987377499999999797e-01
2.853749999999999787e+00 1.058160250000000024e+00 9.911222499999998714e-01 9.911222499999998714e-01 9.986730000000000329e-01
2.861250000000000071e+00 1.058535000000000004e+00 9.912007500000000748e-01 9.912007500000000748e-01 9.987964999999999760e-01
2.868749999999999911e+00 1.056089249999999868e+00 9.906639999999999890e-01 9.906639999999999890e-01 9.987875000000000503e-01
2.876250000000000195e+00 1.050371750000000048e+00 9.909467499999999873e-01 9.909467499999999873e-01 9.990607499999999419e-01
2.883750000000000036e+00 1.050840750000000101e+00 9.910510000000001263e-01 9.910510000000001263e-01 9.991442499999999560e-01
2.891249999999999876e+00 1.040870249999999775e+00 9.908677499999999361e-01 9.908677499999999361e-01 9.989647500000000679e-01
2.898750000000000160e+00 1.042137749999999974e+00 9.910717500000000291e-01 9.910717500000000291e-01 9.992347500000000604e-01
2.906250000000000000e+00 1.039738250000000086e+00 9.907852500000000617e-01 9.907852500000000617e-01 9.992525000000000990e-01
2.913749999999999840e+00 1.036625750000000012e+00 9.917194999999999760e-01 9.917194999999999760e-01 9.994857500000000616e-01
2.921250000000000124e+00 1.031489749999999983e+00 9.909322500000000700e-01 9.909322500000000700e-01 9.995107500000000034e-01
2.928749999999999964e+00 1.029080999999999912e+00 9.916462500000000624e-01 9.916462500000000624e-01 9.994847499999999219e-01
2.936249999999999805e+00 1.031833999999999918e+00 9.908017499999999256e-01 9.908017499999999256e-01 9.999219999999999775e-01
2.943750000000000089e+00 1.033501000000000003e+00 9.906342500000000495e-01 9.906342500000000495e-01 9.996287499999999548e-01
2.951249999999999929e+00 1.033343249999999935e+00 9.909894999999999676e-01 9.909894999999999676e-01 9.999967500000001008e-01
2.958750000000000213e+00 1.029369499999999826e+00 9.904327499999999729e-01 9.904327499999999729e-01 1.000109000000000137e+00
2.966250000000000053e+00 1.025335499999999955e+00 9.902527500000000149e-01 9.902527500000000149e-01 1.000339499999999937e+00
2.973749999999999893e+00 1.030541499999999999e+00 9.912255000000000926e-01 9.912255000000000926e-01 1.000122750000000060e+00
2.981250000000000178e+00 1.025353249999999772e+00 9.903944999999999554e-01 9.903944999999999554e-01 1.000365249999999984e+00
2.988750000000000018e+00 1.020490750000000002e+00 9.905712500000000142e-01 9.905712500000000142e-01 1.000461500000000115e+00
2.996249999999999858e+00 1.030266000000000126e+00 9.904742500000000005e-01 9.904742500000000005e-01 1.000610499999999847e+00
