3.749999999999999861e-03 0.000000000000000000e+00 0.000000000000000000e+00 0.000000000000000000e+00 0.000000000000000000e+00
1.124999999999999958e-02 0.000000000000000000e+00 0.000000000000000000e+00 0.000000000000000000e+00 0.000000000000000000e+00
1.874999999999999931e-02 0.000000000000000000e+00 0.000000000000000000e+00 0.000000000000000000e+00 0.000000000000000000e+00
2.624999999999999903e-02 0.000000000000000000e+00 0.000000000000000000e+00 0.000000000000000000e+00 0.000000000000000000e+00
3.375000000000000222e-02 0.000000000000000000e+00 0.000000000000000000e+00 0.000000000000000000e+00 0.000000000000000000e+00
4.125000000000000194e-02 0.000000000000000000e+00 0.000000000000000000e+00 0.000000000000000000e+00 0.000000000000000000e+00
4.875000000000000167e-02 0.000000000000000000e+00 0.000000000000000000e+00 0.000000000000000000e+00 0.000000000000000000e+00
5.625000000000000139e-02 0.000000000000000000e+00 0.000000000000000000e+00 0.000000000000000000e+00 0.000000000000000000e+00
6.375000000000000111e-02 0.000000000000000000e+00 0.000000000000000000e+00 0.000000000000000000e+00 0.000000000000000000e+00
7.124999999999999389e-02 0.000000000000000000e+00 0.000000000000000000e+00 0.000000000000000000e+00 0.000000000000000000e+00
7.875000000000000056e-02 0.000000000000000000e+00 0.000000000000000000e+00 0.000000000000000000e+00 0.000000000000000000e+00
8.624999999999999334e-02 0.000000000000000000e+00 0.000000000000000000e+00 0.000000000000000000e+00 0.000000000000000000e+00
9.375000000000000000e-02 0.000000000000000000e+00 0.000000000000000000e+00 0.000000000000000000e+00 0.000000000000000000e+00
1.012500000000000067e-01 0.000000000000000000e+00 0.000000000000000000e+00 0.000000000000000000e+00 0.000000000000000000e+00
1.087499999999999994e-01 0.000000000000000000e+00 0.000000000000000000e+00 0.000000000000000000e+00 0.000000000000000000e+00
1.162500000000000061e-01 0.000000000000000000e+00 0.000000000000000000e+00 0.000000000000000000e+00 0.000000000000000000e+00
1.237499999999999989e-01 0.000000000000000000e+00 0.000000000000000000e+00 0.000000000000000000e+00 0.000000000000000000e+00
1.312500000000000056e-01 0.000000000000000000e+00 0.000000000000000000e+00 0.000000000000000000e+00 0.000000000000000000e+00
1.387500000000000122e-01 0.000000000000000000e+00 0.000000000000000000e+00 0.000000000000000000e+00 0.000000000000000000e+00
1.462499999999999911e-01 0.000000000000000000e+00 0.000000000000000000e+00 0.000000000000000000e+00 0.000000000000000000e+00
1.537499999999999978e-01 0.000000000000000000e+00 0.000000000000000000e+00 0.000000000000000000e+00 9.103333333333333069e-04
1.612500000000000044e-01 0.000000000000000000e+00 0.000000000000000000e+00 0.000000000000000000e+00 2.758450000000000138e-02
1.687500000000000111e-01 0.000000000000000000e+00 0.000000000000000000e+00 0.000000000000000000e+00 2.019506666666666395e-01
1.762499999999999900e-01 0.000000000000000000e+00 0.000000000000000000e+00 0.000000000000000000e+00 6.097941666666667482e-01
1.837499999999999967e-01 0.000000000000000000e+00 0.000000000000000000e+00 0.000000000000000000e+00 1.104573333333333185e+00
1.912500000000000033e-01 0.000000000000000000e+00 0.000000000000000000e+00 0.000000000000000000e+00 1.496113166666666716e+00
1.987500000000000100e-01 0.000000000000000000e+00 0.000000000000000000e+00 0.000000000000000000e+00 1.724918333333333331e+00
2.062499999999999889e-01 0.000000000000000000e+00 0.000000000000000000e+00 0.000000000000000000e+00 1.819464166666666882e+00
2.137499999999999956e-01 0.000000000000000000e+00 0.000000000000000000e+00 0.000000000000000000e+00 1.827173833333333164e+00
2.212500000000000022e-01 0.000000000000000000e+00 0.000000000000000000e+00 0.000000000000000000e+00 1.790130500000000069e+00
2.287500000000000089e-01 0.000000000000000000e+00 0.000000000000000000e+00 0.000000000000000000e+00 1.733982499999999760e+00
2.362499999999999878e-01 0.000000000000000000e+00 0.000000000000000000e+00 0.000000000000000000e+00 1.679985333333333442e+00
2.437499999999999944e-01 0.000000000000000000e+00 0.000000000000000000e+00 0.000000000000000000e+00 1.627947000000000033e+00
2.512499999999999734e-01 0.000000000000000000e+00 0.000000000000000000e+00 0.000000000000000000e+00 1.581731999999999916e+00
2.587499999999999800e-01 0.000000000000000000e+00 0.000000000000000000e+00 0.000000000000000000e+00 1.535667166666666583e+00
2.662499999999999867e-01 0.000000000000000000e+00 0.000000000000000000e+00 0.000000000000000000e+00 1.498227333333333355e+00
2.737499999999999933e-01 0.000000000000000000e+00 0.000000000000000000e+00 0.000000000000000000e+00 1.460725333333333431e+00
2.812500000000000000e-01 0.000000000000000000e+00 0.000000000000000000e+00 0.000000000000000000e+00 1.427790166666666805e+00
2.887500000000000067e-01 0.000000000000000000e+00 0.000000000000000000e+00 0.000000000000000000e+00 1.398360500000000117e+00
2.962500000000000133e-01 0.000000000000000000e+00 0.000000000000000000e+00 0.000000000000000000e+00 1.373364999999999947e+00
3.037500000000000200e-01 0.000000000000000000e+00 0.000000000000000000e+00 0.000000000000000000e+00 1.348772499999999930e+00
3.112500000000000266e-01 0.000000000000000000e+00 0.000000000000000000e+00 0.000000000000000000e+00 1.327075333333333385e+00
3.187499999999999778e-01 0.000000000000000000e+00 0.000000000000000000e+00 0.000000000000000000e+00 1.308518666666666830e+00
3.262499999999999845e-01 0.000000000000000000e+00 0.000000000000000000e+00 0.000000000000000000e+00 1.294152500000000261e+00
3.337499999999999911e-01 0.000000000000000000e+00 0.000000000000000000e+00 0.000000000000000000e+00 1.280768333333333286e+00
3.412499999999999978e-01 0.000000000000000000e+00 0.000000000000000000e+00 0.000000000000000000e+00 1.270980666666666759e+00
3.487500000000000044e-01 0.000000000000000000e+00 0.000000000000000000e+00 0.000000000000000000e+00 1.262635999999999870e+00
3.562500000000000111e-01 0.000000000000000000e+00 0.000000000000000000e+00 0.000000000000000000e+00 1.257603166666666716e+00
3.637500000000000178e-01 0.000000000000000000e+00 0.000000000000000000e+00 0.000000000000000000e+00 1.251789166666666731e+00
3.712500000000000244e-01 0.000000000000000000e+00 0.000000000000000000e+00 0.000000000000000000e+00 1.248902833333333184e+00
3.787499999999999756e-01 0.000000000000000000e+00 0.000000000000000000e+00 0.000000000000000000e+00 1.247038833333333097e+00
3.862499999999999822e-01 0.000000000000000000e+00 0.000000000000000000e+00 0.000000000000000000e+00 1.243136666666666557e+00
3.937499999999999889e-01 0.000000000000000000e+00 0.000000000000000000e+00 0.000000000000000000e+00 1.238974333333333400e+00
4.012499999999999956e-01 0.000000000000000000e+00 0.000000000000000000e+00 0.000000000000000000e+00 1.235494333333333250e+00
4.087500000000000022e-01 0.000000000000000000e+00 0.000000000000000000e+00 0.000000000000000000e+00 1.231599666666666648e+00
4.162500000000000089e-01 0.000000000000000000e+00 0.000000000000000000e+00 0.000000000000000000e+00 1.226206500000000199e+00
4.237500000000000155e-01 0.000000000000000000e+00 0.000000000000000000e+00 0.000000000000000000e+00 1.221593666666666467e+00
4.312500000000000222e-01 0.000000000000000000e+00 0.000000000000000000e+00 0.000000000000000000e+00 1.214316500000000021e+00
4.387499999999999734e-01 0.000000000000000000e+00 0.000000000000000000e+00 0.000000000000000000e+00 1.209029333333333289e+00
4.462499999999999800e-01 0.000000000000000000e+00 4.500000000000000114e-06 4.500000000000000114e-06 1.203019833333333288e+00
4.537499999999999867e-01 0.000000000000000000e+00 3.566666666666666851e-05 3.566666666666666851e-05 1.196232666666666722e+00
4.612499999999999933e-01 0.000000000000000000e+00 4.155000000000000165e-04 4.155000000000000165e-04 1.190129833333333442e+00
4.687500000000000000e-01 0.000000000000000000e+00 2.687166666666666263e-03 2.687166666666666263e-03 1.182013166666666670e+00
4.762500000000000067e-01 0.000000000000000000e+00 9.850333333333334204e-03 9.850333333333334204e-03 1.175997166666666649e+00
4.837500000000000133e-01 0.000000000000000000e+00 3.126233333333332948e-02 3.126233333333332948e-02 1.169736500000000179e+00
4.912500000000000200e-01 0.000000000000000000e+00 7.327483333333333071e-02 7.327483333333333071e-02 1.162564500000000001e+00
4.987500000000000266e-01 0.000000000000000000e+00 1.458411666666666606e-01 1.458411666666666606e-01 1.157104000000000132e+00
5.062499999999999778e-01 0.000000000000000000e+00 2.552561666666666729e-01 2.552561666666666729e-01 1.151069666666666658e+00
5.137500000000000400e-01 0.000000000000000000e+00 3.944178333333333009e-01 3.944178333333333009e-01 1.144911666666666550e+00
5.212499999999999911e-01 0.000000000000000000e+00 5.541751666666666631e-01 5.541751666666666631e-01 1.138996166666666587e+00
5.287500000000000533e-01 0.000000000000000000e+00 7.265056666666667162e-01 7.265056666666667162e-01 1.133397333333333368e+00
5.362500000000000044e-01 0.000000000000000000e+00 8.959096666666667153e-01 8.959096666666667153e-01 1.126822333333333148e+00
5.437499999999999556e-01 0.000000000000000000e+00 1.050614833333333165e+00 1.050614833333333165e+00 1.121379166666666594e+00
5.512500000000000178e-01 0.000000000000000000e+00 1.184554166666666575e+00 1.184554166666666575e+00 1.116136999999999935e+00
5.587499999999999689e-01 0.000000000000000000e+00 1.294236833333333392e+00 1.294236833333333392e+00 1.111809166666666515e+00
5.662500000000000311e-01 0.000000000000000000e+00 1.374634333333333513e+00 1.374634333333333513e+00 1.107192166666666866e+00
5.737499999999999822e-01 0.000000000000000000e+00 1.434884999999999744e+00 1.434884999999999744e+00 1.101090833333333352e+00
5.812500000000000444e-01 0.000000000000000000e+00 1.468747333333333183e+00 1.468747333333333183e+00 1.096700166666666698e+00
5.887499999999999956e-01 0.000000000000000000e+00 1.490704000000000029e+00 1.490704000000000029e+00 1.092172499999999991e+00
5.962499999999999467e-01 0.000000000000000000e+00 1.494591999999999921e+00 1.494591999999999921e+00 1.087659500000000001e+00
6.037500000000000089e-01 0.000000000000000000e+00 1.483339833333333191e+00 1.483339833333333191e+00 1.082988333333333442e+00
6.112499999999999600e-01 0.000000000000000000e+00 1.468818666666666717e+00 1.468818666666666717e+00 1.078479333333333345e+00
6.187500000000000222e-01 0.000000000000000000e+00 1.438417666666666372e+00 1.438417666666666372e+00 1.073512833333333472e+00
6.262499999999999734e-01 0.000000000000000000e+00 1.416840333333333701e+00 1.416840333333333701e+00 1.070443166666666945e+00
6.337500000000000355e-01 0.000000000000000000e+00 1.384471000000000229e+00 1.384471000000000229e+00 1.065857000000000054e+00
6.412499999999999867e-01 0.000000000000000000e+00 1.352330833333333260e+00 1.352330833333333260e+00 1.061656333333333313e+00
6.487500000000000488e-01 0.000000000000000000e+00 1.323086666666666744e+00 1.323086666666666744e+00 1.058649500000000021e+00
6.562500000000000000e-01 0.000000000000000000e+00 1.292480333333333231e+00 1.292480333333333231e+00 1.054081333333333426e+00
6.637499999999999512e-01 0.000000000000000000e+00 1.264512500000000150e+00 1.264512500000000150e+00 1.050650833333333312e+00
6.712500000000000133e-01 0.000000000000000000e+00 1.241232499999999961e+00 1.241232499999999961e+00 1.047229500000000035e+00
6.787499999999999645e-01 0.000000000000000000e+00 1.215733833333333402e+00 1.215733833333333402e+00 1.044648833333333471e+00
6.862500000000000266e-01 0.000000000000000000e+00 1.196280833333333238e+00 1.196280833333333238e+00 1.040709333333333264e+00
6.937499999999999778e-01 0.000000000000000000e+00 1.180570333333333055e+00 1.180570333333333055e+00 1.037262499999999976e+00
7.012500000000000400e-01 0.000000000000000000e+00 1.169225666666666719e+00 1.169225666666666719e+00 1.033559666666666654e+00
7.087499999999999911e-01 0.000000000000000000e+00 1.157321333333333202e+00 1.157321333333333202e+00 1.030148333333333222e+00
7.162500000000000533e-01 0.000000000000000000e+00 1.149713500000000055e+00 1.149713500000000055e+00 1.027206666666666601e+00
7.237500000000000044e-01 0.000000000000000000e+00 1.143000166666666706e+00 1.143000166666666706e+00 1.024886500000000034e+00
7.312499999999999556e-01 0.000000000000000000e+00 1.137135666666666767e+00 1.137135666666666767e+00 1.021247666666666776e+00
7.387500000000000178e-01 2.086666666666666791e-04 1.133624666666666725e+00 1.133624666666666725e+00 1.019603166666666727e+00
7.462499999999999689e-01 8.176666666666666285e-04 1.128062833333333348e+00 1.128062833333333348e+00 1.016389666666666747e+00
7.537500000000000311e-01 2.304666666666666669e-03 1.125606499999999954e+00 1.125606499999999954e+00 1.014455000000000107e+00
7.612499999999999822e-01 7.564666666666666588e-03 1.121075666666666582e+00 1.121075666666666582e+00 1.011254833333333325e+00
7.687500000000000444e-01 1.868866666666666593e-02 1.117658833333333268e+00 1.117658833333333268e+00 1.008749499999999966e+00
7.762499999999999956e-01 4.346150000000000707e-02 1.113311000000000162e+00 1.113311000000000162e+00 1.007475666666666436e+00
7.837499999999999467e-01 9.611116666666667807e-02 1.107167833333333240e+00 1.107167833333333240e+00 1.005191333333333326e+00
7.912500000000000089e-01 1.936879999999999991e-01 1.105590000000000073e+00 1.105590000000000073e+00 1.003089166666666587e+00
7.987499999999999600e-01 3.140135000000000010e-01 1.098487166666666681e+00 1.098487166666666681e+00 1.000669000000000031e+00
8.062500000000000222e-01 4.897546666666666160e-01 1.093599833333333438e+00 1.093599833333333438e+00 9.987013333333333298e-01
8.137499999999999734e-01 7.125551666666666284e-01 1.089665166666666574e+00 1.089665166666666574e+00 9.973400000000000043e-01
8.212500000000000355e-01 9.580671666666665809e-01 1.084031000000000189e+00 1.084031000000000189e+00 9.956396666666668116e-01
8.287499999999999867e-01 1.234816833333333363e+00 1.078483833333333530e+00 1.078483833333333530e+00 9.936050000000000715e-01
8.362500000000000488e-01 1.518951000000000162e+00 1.071371833333333301e+00 1.071371833333333301e+00 9.930115000000000469e-01
8.437500000000000000e-01 1.752607833333333254e+00 1.065761833333333408e+00 1.065761833333333408e+00 9.914983333333333704e-01
8.512499999999999512e-01 1.965966833333333552e+00 1.061954499999999912e+00 1.061954499999999912e+00 9.900391666666665813e-01
8.587500000000000133e-01 2.182599999999999874e+00 1.054772000000000043e+00 1.054772000000000043e+00 9.891355000000000564e-01
8.662499999999999645e-01 2.322351499999999902e+00 1.050698833333333360e+00 1.050698833333333360e+00 9.882361666666666933e-01
8.737500000000000266e-01 2.380865999999999705e+00 1.043645333333333314e+00 1.043645333333333314e+00 9.866121666666667345e-01
8.812499999999999778e-01 2.428336666666666588e+00 1.039196166666666699e+00 1.039196166666666699e+00 9.859713333333331997e-01
8.887500000000000400e-01 2.456790166666666941e+00 1.036876499999999979e+00 1.036876499999999979e+00 9.850671666666667159e-01
8.962499999999999911e-01 2.419246666666666545e+00 1.029919000000000029e+00 1.029919000000000029e+00 9.847466666666666590e-01
9.037500000000000533e-01 2.344478166666666752e+00 1.025190000000000046e+00 1.025190000000000046e+00 9.836096666666667154e-01
9.112500000000000044e-01 2.291235833333333360e+00 1.019675499999999957e+00 1.019675499999999957e+00 9.832946666666666502e-01
9.187499999999999556e-01 2.210883000000000376e+00 1.017642500000000005e+00 1.017642500000000005e+00 9.829166666666666607e-01
9.262500000000000178e-01 2.113378166666666669e+00 1.012966166666666723e+00 1.012966166666666723e+00 9.825001666666666189e-01
9.337499999999999689e-01 1.992524666666666278e+00 1.008283000000000262e+00 1.008283000000000262e+00 9.822505000000000264e-01
9.412500000000000311e-01 1.890083500000000027e+00 1.003673333333333417e+00 1.003673333333333417e+00 9.820763333333332179e-01
9.487499999999999822e-01 1.784800333333333322e+00 1.001937666666666837e+00 1.001937666666666837e+00 9.824524999999999508e-01
9.562500000000000444e-01 1.686248499999999817e+00 9.993791666666668183e-01 9.993791666666668183e-01 9.824459999999999305e-01
9.637499999999999956e-01 1.611376333333333299e+00 9.938818333333333532e-01 9.938818333333333532e-01 9.820843333333333369e-01
9.712499999999999467e-01 1.511629499999999737e+00 9.923145000000000993e-01 9.923145000000000993e-01 9.824276666666665880e-01
9.787500000000000089e-01 1.435064333333333275e+00 9.909246666666667869e-01 9.909246666666667869e-01 9.825939999999998564e-01
9.862499999999999600e-01 1.353445166666666699e+00 9.872833333333334016e-01 9.872833333333334016e-01 9.833898333333332964e-01
9.937500000000000222e-01 1.285013333333333341e+00 9.829629999999999201e-01 9.829629999999999201e-01 9.834886666666666777e-01
1.001249999999999973e+00 1.245673833333333258e+00 9.818723333333333469e-01 9.818723333333333469e-01 9.840856666666666364e-01
1.008750000000000036e+00 1.185986333333333365e+00 9.783106666666666618e-01 9.783106666666666618e-01 9.849456666666666083e-01
1.016250000000000098e+00 1.166120333333333425e+00 9.745496666666667585e-01 9.745496666666667585e-01 9.853998333333334747e-01
1.023749999999999938e+00 1.110257500000000119e+00 9.745016666666667104e-01 9.745016666666667104e-01 9.865179999999998950e-01
1.031250000000000000e+00 1.074734666666666838e+00 9.747798333333332899e-01 9.747798333333332899e-01 9.875208333333334032e-01
1.038750000000000062e+00 1.051989833333333291e+00 9.707756666666665923e-01 9.707756666666665923e-01 9.886200000000000543e-01
1.046249999999999902e+00 1.036181333333333399e+00 9.679386666666665029e-01 9.679386666666665029e-01 9.894763333333332911e-01
1.053749999999999964e+00 1.014665000000000150e+00 9.681085000000000385e-01 9.681085000000000385e-01 9.907464999999998634e-01
1.061250000000000027e+00 9.985541666666666316e-01 9.663163333333333327e-01 9.663163333333333327e-01 9.914461666666666284e-01
1.068750000000000089e+00 9.923144999999999882e-01 9.631785000000000485e-01 9.631785000000000485e-01 9.928699999999999193e-01
1.076249999999999929e+00 9.795644999999999492e-01 9.635974999999999957e-01 9.635974999999999957e-01 9.938486666666667135e-01
1.083749999999999991e+00 9.750211666666666055e-01 9.605029999999999957e-01 9.605029999999999957e-01 9.949086666666667744e-01
1.091250000000000053e+00 9.616646666666666121e-01 9.595245000000000024e-01 9.595245000000000024e-01 9.963368333333333382e-01
1.098749999999999893e+00 9.656523333333333348e-01 9.592603333333332705e-01 9.592603333333332705e-01 9.965884999999999883e-01
1.106249999999999956e+00 9.567436666666666589e-01 9.595068333333333088e-01 9.595068333333333088e-01 9.984605000000000841e-01
1.113750000000000018e+00 9.652431666666667631e-01 9.590661666666667751e-01 9.590661666666667751e-01 9.990951666666667563e-01
1.121250000000000080e+00 9.598906666666667808e-01 9.554846666666665378e-01 9.554846666666665378e-01 9.995876666666666521e-01
1.128749999999999920e+00 9.525836666666666064e-01 9.576573333333332494e-01 9.576573333333332494e-01 1.000427333333333335e+00
1.136249999999999982e+00 9.624949999999999894e-01 9.577576666666667293e-01 9.577576666666667293e-01 1.001185833333333219e+00
1.143750000000000044e+00 9.516978333333333540e-01 9.558894999999999476e-01 9.558894999999999476e-01 1.001759500000000136e+00
1.151250000000000107e+00 9.557043333333332669e-01 9.568275000000000530e-01 9.568275000000000530e-01 1.002374833333333326e+00
1.158749999999999947e+00 9.645306666666666473e-01 9.569361666666665878e-01 9.569361666666665878e-01 1.002678666666666940e+00
1.166250000000000009e+00 9.508256666666667911e-01 9.561616666666666875e-01 9.561616666666666875e-01 1.002841499999999941e+00
1.173750000000000071e+00 9.518541666666666679e-01 9.578016666666666623e-01 9.578016666666666623e-01 1.003425999999999929e+00
1.181249999999999911e+00 9.462113333333332932e-01 9.581913333333332838e-01 9.581913333333332838e-01 1.003754000000000035e+00
1.188749999999999973e+00 9.407554999999999668e-01 9.576066666666666061e-01 9.576066666666666061e-01 1.004213333333333402e+00
1.196250000000000036e+00 9.487291666666667345e-01 9.588961666666667716e-01 9.588961666666667716e-01 1.004266166666666571e+00
1.203750000000000098e+00 9.370618333333332606e-01 9.590124999999999345e-01 9.590124999999999345e-01 1.004461833333333276e+00
1.211249999999999938e+00 9.422181666666666899e-01 9.615183333333333637e-01 9.615183333333333637e-01 1.004210999999999965e+00
1.218750000000000000e+00 9.364833333333333343e-01 9.605346666666666477e-01 9.605346666666666477e-01 1.004752666666666627e+00
1.226250000000000062e+00 9.267666666666666275e-01 9.631658333333333877e-01 9.631658333333333877e-01 1.004911666666666870e+00
1.233749999999999902e+00 9.258188333333333686e-01 9.642880000000001450e-01 9.642880000000001450e-01 1.005111833333333093e+00
1.241249999999999964e+00 9.246413333333333151e-01 9.659698333333333053e-01 9.659698333333333053e-01 1.004695500000000186e+00
1.248750000000000027e+00 9.211621666666666153e-01 9.661008333333332976e-01 9.661008333333332976e-01 1.004997333333333520e+00
1.256250000000000089e+00 9.252391666666666126e-01 9.682833333333332737e-01 9.682833333333332737e-01 1.005408833333333307e+00
1.263749999999999929e+00 9.229518333333334157e-01 9.697798333333332854e-01 9.697798333333332854e-01 1.005438999999999972e+00
1.271249999999999991e+00 9.201611666666668077e-01 9.715953333333332553e-01 9.715953333333332553e-01 1.005105666666666675e+00
1.278750000000000053e+00 9.187643333333332940e-01 9.729860000000000175e-01 9.729860000000000175e-01 1.005144999999999955e+00
1.286249999999999893e+00 9.131743333333331991e-01 9.737714999999999010e-01 9.737714999999999010e-01 1.005330000000000057e+00
1.293749999999999956e+00 9.117330000000000156e-01 9.777230000000001198e-01 9.777230000000001198e-01 1.005123333333333369e+00
1.301250000000000018e+00 9.107686666666666708e-01 9.792239999999999833e-01 9.792239999999999833e-01 1.005401333333333369e+00
1.308750000000000080e+00 9.135889999999999844e-01 9.813336666666666597e-01 9.813336666666666597e-01 1.005023999999999917e+00
1.316249999999999920e+00 9.143800000000000816e-01 9.824609999999999177e-01 9.824609999999999177e-01 1.004931499999999867e+00
1.323749999999999982e+00 9.115208333333333357e-01 9.864023333333333809e-01 9.864023333333333809e-01 1.004699500000000079e+00
1.331250000000000044e+00 9.087318333333332943e-01 9.877713333333333345e-01 9.877713333333333345e-01 1.004986833333333385e+00
1.338750000000000107e+00 9.118246666666666167e-01 9.901444999999998720e-01 9.901444999999998720e-01 1.005062666666666660e+00
1.346249999999999947e+00 9.097978333333331946e-01 9.935423333333331941e-01 9.935423333333331941e-01 1.004765499999999978e+00
1.353750000000000009e+00 9.196886666666667098e-01 9.957854999999998791e-01 9.957854999999998791e-01 1.004750999999999950e+00
1.361250000000000071e+00 9.101661666666668316e-01 9.996648333333332248e-01 9.996648333333332248e-01 1.004699333333333167e+00
1.368749999999999911e+00 9.079073333333332885e-01 1.001156166666666847e+00 1.001156166666666847e+00 1.004402833333333245e+00
1.376249999999999973e+00 9.086191666666666444e-01 1.002229166666666726e+00 1.002229166666666726e+00 1.004351166666666684e+00
1.383750000000000036e+00 9.150899999999998480e-01 1.004712666666666809e+00 1.004712666666666809e+00 1.003939333333333295e+00
1.391250000000000098e+00 9.066621666666665469e-01 1.006662500000000016e+00 1.006662500000000016e+00 1.004359166666666470e+00
1.398749999999999938e+00 9.098269999999999413e-01 1.008731166666666512e+00 1.008731166666666512e+00 1.003634166666666605e+00
1.406250000000000000e+00 9.136213333333332853e-01 1.010871999999999771e+00 1.010871999999999771e+00 1.003792999999999935e+00
1.413750000000000062e+00 9.205315000000000580e-01 1.013123333333333376e+00 1.013123333333333376e+00 1.003695999999999922e+00
1.421249999999999902e+00 9.190151666666666053e-01 1.013888500000000192e+00 1.013888500000000192e+00 1.003408333333333458e+00
1.428749999999999964e+00 9.183444999999998970e-01 1.014317499999999983e+00 1.014317499999999983e+00 1.003373833333333520e+00
1.436250000000000027e+00 9.224681666666666446e-01 1.016314500000000010e+00 1.016314500000000010e+00 1.002987333333333453e+00
1.443750000000000089e+00 9.313175000000000203e-01 1.015927499999999872e+00 1.015927499999999872e+00 1.003233500000000111e+00
1.451249999999999929e+00 9.267444999999999711e-01 1.017845666666666871e+00 1.017845666666666871e+00 1.002649499999999971e+00
1.458749999999999991e+00 9.260681666666666922e-01 1.017525666666666551e+00 1.017525666666666551e+00 1.002831333333333408e+00
1.466250000000000053e+00 9.253306666666666347e-01 1.017247000000000012e+00 1.017247000000000012e+00 1.002280999999999977e+00
1.473749999999999893e+00 9.320311666666666328e-01 1.017788999999999833e+00 1.017788999999999833e+00 1.002185833333333109e+00
1.481249999999999956e+00 9.346044999999999492e-01 1.017938166666666477e+00 1.017938166666666477e+00 1.001721666666666843e+00
1.488750000000000018e+00 9.388256666666667805e-01 1.016135000000000010e+00 1.016135000000000010e+00 1.001540499999999945e+00
1.496250000000000080e+00 9.403980000000000672e-01 1.017148166666666631e+00 1.017148166666666631e+00 1.001696833333333148e+00
1.503749999999999920e+00 9.554619999999999225e-01 1.015724333333333229e+00 1.015724333333333229e+00 1.001409999999999911e+00
1.511249999999999982e+00 9.543279999999999541e-01 1.014863333333333451e+00 1.014863333333333451e+00 1.001567833333333324e+00
1.518750000000000044e+00 9.539841666666667441e-01 1.015724666666666609e+00 1.015724666666666609e+00 1.001245833333333168e+00
1.526250000000000107e+00 9.586598333333332667e-01 1.014239166666666581e+00 1.014239166666666581e+00 1.000906833333333523e+00
1.533749999999999947e+00 9.624486666666666190e-01 1.013336333333333394e+00 1.013336333333333394e+00 1.000626999999999933e+00
1.541250000000000009e+00 9.542311666666667413e-01 1.013468166666666725e+00 1.013468166666666725e+00 1.000763166666666537e+00
1.548750000000000071e+00 9.779318333333332225e-01 1.013272333333333330e+00 1.013272333333333330e+00 1.000683500000000059e+00
1.556249999999999911e+00 9.766858333333332531e-01 1.012667333333333142e+00 1.012667333333333142e+00 1.000351499999999838e+00
1.563749999999999973e+00 9.826823333333333244e-01 1.011577333333333550e+00 1.011577333333333550e+00 1.000502833333333230e+00
1.571250000000000036e+00 9.821091666666665887e-01 1.010639666666666825e+00 1.010639666666666825e+00 9.999325000000002239e-01
1.578750000000000098e+00 9.832618333333332794e-01 1.011370666666666640e+00 1.011370666666666640e+00 1.000007833333333318e+00
1.586249999999999938e+00 9.943946666666666490e-01 1.009630333333333185e+00 1.009630333333333185e+00 9.998489999999998767e-01
1.593750000000000000e+00 9.978109999999998925e-01 1.009253333333333336e+00 1.009253333333333336e+00 9.998701666666666155e-01
1.601250000000000062e+00 9.897958333333333192e-01 1.008806833333333541e+00 1.008806833333333541e+00 9.996446666666667369e-01
1.608749999999999902e+00 1.007799499999999737e+00 1.008873666666666669e+00 1.008873666666666669e+00 9.993816666666667237e-01
1.616249999999999964e+00 1.008558833333333293e+00 1.008106833333333396e+00 1.008106833333333396e+00 9.995716666666666361e-01
1.623750000000000027e+00 1.010254166666666897e+00 1.007195000000000062e+00 1.007195000000000062e+00 9.992701666666667926e-01
1.631250000000000089e+00 1.021696500000000007e+00 1.007943000000000033e+00 1.007943000000000033e+00 9.994431666666665492e-01
1.638749999999999929e+00 1.026993666666666583e+00 1.006485666666666612e+00 1.006485666666666612e+00 9.990843333333333520e-01
1.646249999999999991e+00 1.025661000000000156e+00 1.006634499999999877e+00 1.006634499999999877e+00 9.989534999999999387e-01
1.653750000000000053e+00 1.024101833333333600e+00 1.005284999999999762e+00 1.005284999999999762e+00 9.988303333333332645e-01
1.661249999999999893e+00 1.034844833333333325e+00 1.005684999999999940e+00 1.005684999999999940e+00 9.987720000000001042e-01
1.668749999999999956e+00 1.041142499999999860e+00 1.004378333333333373e+00 1.004378333333333373e+00 9.990459999999998786e-01
1.676250000000000018e+00 1.038229000000000068e+00 1.003754166666666725e+00 1.003754166666666725e+00 9.986353333333334303e-01
1.683750000000000080e+00 1.044342666666666641e+00 1.003332499999999960e+00 1.003332499999999960e+00 9.986250000000000959e-01
1.691249999999999920e+00 1.052277833333333357e+00 1.002731833333333489e+00 1.002731833333333489e+00 9.985186666666666655e-01
1.698749999999999982e+00 1.052298833333333183e+00 1.001746833333333475e+00 1.001746833333333475e+00 9.987783333333334346e-01
1.706250000000000044e+00 1.038804999999999978e+00 1.002917166666666526e+00 1.002917166666666526e+00 9.987859999999999516e-01
1.713750000000000107e+00 1.057103666666666664e+00 1.001421333333333274e+00 1.001421333333333274e+00 9.984433333333333493e-01
1.721249999999999947e+00 1.050678666666666539e+00 1.000615166666666722e+00 1.000615166666666722e+00 9.983840000000000492e-01
1.728750000000000009e+00 1.051716500000000165e+00 1.000953166666666894e+00 1.000953166666666894e+00 9.984256666666665447e-01
1.736250000000000071e+00 1.055662166666666790e+00 1.000263833333333352e+00 1.000263833333333352e+00 9.985916666666666552e-01
1.743749999999999911e+00 1.050888499999999892e+00 9.997523333333333539e-01 9.997523333333333539e-01 9.987115000000000853e-01
1.751249999999999973e+00 1.054937833333333463e+00 1.001004000000000005e+00 1.001004000000000005e+00 9.983805000000000041e-01
1.758750000000000036e+00 1.049107166666666702e+00 1.000309000000000115e+00 1.000309000000000115e+00 9.987728333333333319e-01
1.766250000000000098e+00 1.051914333333333396e+00 9.999386666666666423e-01 9.999386666666666423e-01 9.988415000000000488e-01
1.773749999999999938e+00 1.041571666666666784e+00 9.989111666666666833e-01 9.989111666666666833e-01 9.988196666666665502e-01
1.781250000000000000e+00 1.050600833333333206e+00 9.990066666666667095e-01 9.990066666666667095e-01 9.984943333333332616e-01
1.788750000000000062e+00 1.046649166666666630e+00 9.985684999999998590e-01 9.985684999999998590e-01 9.987935000000000008e-01
1.796249999999999902e+00 1.040591333333333424e+00 9.991696666666666227e-01 9.991696666666666227e-01 9.990668333333334594e-01
1.803749999999999964e+00 1.039462833333333336e+00 9.967626666666665747e-01 9.967626666666665747e-01 9.990018333333332556e-01
1.811250000000000027e+00 1.026082333333333318e+00 9.982118333333334093e-01 9.982118333333334093e-01 9.986871666666666814e-01
1.818750000000000089e+00 1.026208666666666991e+00 9.983578333333333887e-01 9.983578333333333887e-01 9.987869999999999804e-01
1.826249999999999929e+00 1.029609666666666534e+00 9.976375000000000659e-01 9.976375000000000659e-01 9.990604999999997959e-01
1.833749999999999991e+00 1.024708999999999870e+00 9.971911666666666285e-01 9.971911666666666285e-01 9.989330000000000709e-01
1.841250000000000053e+00 1.025412833333333218e+00 9.975996666666667734e-01 9.975996666666667734e-01 9.991734999999999367e-01
1.848749999999999893e+00 1.022890000000000077e+00 9.962308333333332877e-01 9.962308333333332877e-01 9.992359999999999021e-01
1.856249999999999956e+00 1.025545833333333379e+00 9.965756666666667485e-01 9.965756666666667485e-01 9.990971666666667028e-01
1.863750000000000018e+00 1.010326666666666595e+00 9.968908333333333927e-01 9.968908333333333927e-01 9.995041666666666380e-01
1.871250000000000080e+00 1.017006666666666614e+00 9.969043333333335033e-01 9.969043333333335033e-01 9.993354999999999322e-01
1.878749999999999920e+00 1.010661500000000101e+00 9.967664999999999997e-01 9.967664999999999997e-01 9.993539999999999646e-01
1.886249999999999982e+00 1.007904499999999981e+00 9.962806666666667033e-01 9.962806666666667033e-01 9.994383333333333175e-01
1.893750000000000044e+00 1.012335333333333365e+00 9.954794999999999616e-01 9.954794999999999616e-01 9.994853333333333367e-01
1.901250000000000107e+00 1.002159166666666712e+00 9.958736666666666570e-01 9.958736666666666570e-01 9.994631666666666803e-01
1.908749999999999947e+00 9.967213333333334591e-01 9.959976666666666700e-01 9.959976666666666700e-01 9.995473333333332322e-01
1.916250000000000009e+00 1.007012499999999866e+00 9.963831666666668196e-01 9.963831666666668196e-01 9.997544999999999904e-01
1.923750000000000071e+00 1.004083166666666749e+00 9.951226666666667109e-01 9.951226666666667109e-01 9.998340000000000005e-01
1.931249999999999911e+00 1.003031166666666474e+00 9.957619999999999250e-01 9.957619999999999250e-01 9.999489999999999768e-01
1.938749999999999973e+00 1.003161666666666507e+00 9.958711666666665296e-01 9.958711666666665296e-01 9.998918333333334241e-01
1.946250000000000036e+00 9.936266666666666580e-01 9.953561666666667085e-01 9.953561666666667085e-01 1.000145999999999979e+00
1.953750000000000098e+00 9.973628333333333096e-01 9.959729999999998862e-01 9.959729999999998862e-01 1.000129000000000046e+00
1.961249999999999938e+00 9.967206666666666992e-01 9.958618333333332240e-01 9.958618333333332240e-01 9.998408333333332898e-01
1.968750000000000000e+00 9.942964999999999165e-01 9.963713333333332756e-01 9.963713333333332756e-01 1.000010000000000066e+00
1.976250000000000062e+00 9.853938333333333022e-01 9.960285000000000943e-01 9.960285000000000943e-01 1.000267333333333175e+00
1.983749999999999902e+00 9.941599999999999326e-01 9.959060000000000690e-01 9.959060000000000690e-01 1.000345499999999888e+00
1.991249999999999964e+00 9.953288333333333293e-01 9.960523333333332063e-01 9.960523333333332063e-01 1.000366333333333468e+00
1.998750000000000027e+00 9.964378333333332449e-01 9.963616666666667010e-01 9.963616666666667010e-01 1.000102999999999964e+00
2.006250000000000089e+00 1.000147499999999967e+00 9.971301666666665398e-01 9.971301666666665398e-01 1.000590166666666336e+00
2.013749999999999929e+00 9.928799999999999848e-01 9.965596666666667325e-01 9.965596666666667325e-01 1.000310833333333482e+00
2.021250000000000213e+00 9.891206666666666480e-01 9.969820000000000348e-01 9.969820000000000348e-01 1.000266333333333479e+00
2.028750000000000053e+00 9.940488333333332704e-01 9.970126666666665471e-01 9.970126666666665471e-01 1.000532500000000047e+00
2.036249999999999893e+00 9.949916666666666076e-01 9.964946666666665287e-01 9.964946666666665287e-01 1.000598166666666566e+00
2.043750000000000178e+00 9.845950000000001090e-01 9.986936666666665907e-01 9.986936666666665907e-01 1.000438833333333166e+00
2.051250000000000018e+00 9.895584999999998965e-01 9.962539999999999729e-01 9.962539999999999729e-01 1.000556166666666691e+00
2.058749999999999858e+00 9.880436666666665424e-01 9.971785000000000787e-01 9.971785000000000787e-01 1.000376500000000002e+00
2.066250000000000142e+00 9.996595000000000342e-01 9.977271666666666095e-01 9.977271666666666095e-01 1.000328166666666796e+00
2.073749999999999982e+00 9.889596666666666813e-01 9.975381666666667257e-01 9.975381666666667257e-01 1.000385666666666618e+00
2.081249999999999822e+00 9.935818333333333863e-01 9.968639999999999723e-01 9.968639999999999723e-01 1.000437833333333471e+00
2.088750000000000107e+00 9.928146666666667342e-01 9.979181666666666617e-01 9.979181666666666617e-01 1.000522666666666671e+00
2.096249999999999947e+00 9.890526666666668021e-01 9.977639999999999842e-01 9.977639999999999842e-01 1.000489333333333342e+00
2.103749999999999787e+00 9.833379999999999344e-01 9.976458333333333428e-01 9.976458333333333428e-01 1.000439166666666546e+00
2.111250000000000071e+00 9.860073333333332357e-01 9.978916666666665103e-01 9.978916666666665103e-01 1.000363666666666651e+00
2.118749999999999911e+00 9.852406666666665425e-01 9.989636666666665832e-01 9.989636666666665832e-01 1.000635833333333391e+00
2.126250000000000195e+00 9.958694999999999631e-01 9.986423333333332986e-01 9.986423333333332986e-01 1.000571500000000169e+00
2.133750000000000036e+00 9.845918333333334438e-01 9.989365000000000050e-01 9.989365000000000050e-01 1.000541499999999973e+00
2.141249999999999876e+00 9.920980000000000354e-01 9.997021666666666695e-01 9.997021666666666695e-01 1.000677000000000261e+00
2.148750000000000160e+00 9.965406666666667412e-01 9.986298333333333277e-01 9.986298333333333277e-01 1.000529000000000002e+00
2.156250000000000000e+00 9.925959999999998118e-01 9.995538333333332526e-01 9.995538333333332526e-01 1.000647833333333292e+00
2.163749999999999840e+00 9.856173333333332343e-01 9.993595000000000672e-01 9.993595000000000672e-01 1.000472166666666718e+00
2.171250000000000124e+00 9.897610000000000019e-01 9.998093333333334387e-01 9.998093333333334387e-01 1.000352666666666890e+00
2.178749999999999964e+00 9.898308333333334375e-01 9.985371666666665869e-01 9.985371666666665869e-01 1.000431333333333228e+00
2.186249999999999805e+00 9.893401666666666872e-01 1.000823499999999866e+00 1.000823499999999866e+00 1.000551333333333348e+00
2.193750000000000089e+00 9.922760000000000469e-01 1.000602500000000061e+00 1.000602500000000061e+00 1.000437000000000021e+00
2.201249999999999929e+00 9.898846666666667460e-01 9.999164999999999859e-01 9.999164999999999859e-01 1.000400333333333336e+00
2.208750000000000213e+00 9.849356666666667648e-01 1.000988166666666679e+00 1.000988166666666679e+00 1.000338833333333177e+00
2.216250000000000053e+00 9.892805000000001181e-01 1.000755999999999979e+00 1.000755999999999979e+00 1.000483333333333391e+00
2.223749999999999893e+00 9.962038333333332885e-01 1.000607000000000246e+00 1.000607000000000246e+00 1.000081166666666688e+00
2.231250000000000178e+00 9.894608333333333450e-01 9.997733333333332917e-01 9.997733333333332917e-01 1.000224500000000072e+00
2.238750000000000018e+00 9.884538333333333648e-01 1.001215333333333346e+00 1.001215333333333346e+00 1.000454500000000024e+00
2.246249999999999858e+00 9.920868333333334732e-01 1.000628999999999991e+00 1.000628999999999991e+00 1.000311833333333178e+00
2.253750000000000142e+00 9.939125000000000876e-01 1.000799500000000064e+00 1.000799500000000064e+00 1.000264666666666802e+00
2.261249999999999982e+00 9.921621666666666783e-01 1.001803166666666689e+00 1.001803166666666689e+00 1.000125833333333381e+00
2.268749999999999822e+00 9.914313333333333311e-01 1.001487666666666776e+00 1.001487666666666776e+00 1.000374000000000096e+00
2.276250000000000107e+00 9.925015000000000365e-01 1.000057666666666734e+00 1.000057666666666734e+00 1.000358833333333308e+00
2.283749999999999947e+00 9.915166666666666018e-01 1.001410833333333361e+00 1.001410833333333361e+00 1.000295166666666624e+00
2.291249999999999787e+00 9.954686666666665573e-01 1.000335500000000044e+00 1.000335500000000044e+00 1.000238500000000030e+00
2.298750000000000071e+00 1.000942166666666688e+00 1.001035833333333347e+00 1.001035833333333347e+00 1.000508833333333181e+00
2.306249999999999911e+00 9.928051666666667385e-01 1.001502499999999962e+00 1.001502499999999962e+00 1.000175999999999954e+00
2.313750000000000195e+00 9.979601666666666482e-01 1.000716666666666699e+00 1.000716666666666699e+00 1.000179166666666619e+00
2.321250000000000036e+00 9.954944999999999489e-01 1.001218166666666631e+00 1.001218166666666631e+00 1.000095166666666424e+00
2.328749999999999876e+00 9.948876666666666146e-01 1.001211833333333301e+00 1.001211833333333301e+00 1.000129833333333274e+00
2.336250000000000160e+00 9.929326666666667967e-01 1.001063500000000106e+00 1.001063500000000106e+00 1.000065333333333362e+00
2.343750000000000000e+00 1.003357333333333212e+00 1.000690166666666547e+00 1.000690166666666547e+00 1.000189666666666755e+00
2.351249999999999840e+00 1.002507000000000037e+00 1.000549833333333360e+00 1.000549833333333360e+00 1.000168166666666858e+00
2.358750000000000124e+00 9.955994999999999706e-01 1.001693666666666482e+00 1.001693666666666482e+00 1.000129666666666806e+00
2.366249999999999964e+00 9.999336666666667206e-01 1.001274333333333377e+00 1.001274333333333377e+00 1.000022833333333194e+00
2.373749999999999805e+00 9.968786666666668017e-01 1.001424833333333320e+00 1.001424833333333320e+00 1.000015333333333478e+00
2.381250000000000089e+00 9.944543333333332180e-01 1.001407666666666696e+00 1.001407666666666696e+00 1.000042666666666635e+00
2.388749999999999929e+00 1.000581500000000013e+00 1.001142333333333356e+00 1.001142333333333356e+00 1.000119999999999898e+00
2.396250000000000213e+00 9.938616666666667543e-01 1.000764833333333215e+00 1.000764833333333215e+00 9.999521666666665309e-01
2.403750000000000053e+00 1.001010666666666715e+00 1.000787666666666631e+00 1.000787666666666631e+00 1.000116333333333385e+00
2.411249999999999893e+00 9.933734999999997983e-01 1.000501499999999933e+00 1.000501499999999933e+00 1.000056833333333284e+00
2.418750000000000178e+00 1.002559333333333358e+00 1.000255999999999812e+00 1.000255999999999812e+00 1.000002166666666747e+00
2.426250000000000018e+00 9.992426666666666124e-01 1.001414833333333476e+00 1.001414833333333476e+00 1.000131166666666793e+00
2.433749999999999858e+00 1.000129333333333426e+00 1.000586166666666665e+00 1.000586166666666665e+00 1.000063499999999772e+00
2.441250000000000142e+00 1.002495499999999984e+00 1.000052500000000011e+00 1.000052500000000011e+00 9.996538333333333526e-01
2.448749999999999982e+00 1.001139833333333451e+00 1.000772000000000217e+00 1.000772000000000217e+00 1.000117333333333525e+00
2.456249999999999822e+00 1.003575499999999954e+00 1.000270833333333220e+00 1.000270833333333220e+00 9.999873333333333392e-01
2.463750000000000107e+00 9.978026666666665045e-01 1.000830333333333266e+00 1.000830333333333266e+00 9.998681666666665580e-01
2.471249999999999947e+00 1.000639999999999974e+00 1.000028333333333519e+00 1.000028333333333519e+00 9.999491666666666667e-01
2.478749999999999787e+00 1.006194333333333191e+00 1.000233999999999845e+00 1.000233999999999845e+00 1.000071333333333312e+00
2.486250000000000071e+00 1.005401333333333369e+00 1.000179333333333309e+00 1.000179333333333309e+00 1.000060166666666639e+00
2.493749999999999911e+00 1.004022500000000040e+00 1.000392833333333398e+00 1.000392833333333398e+00 9.998399999999999510e-01
2.501250000000000195e+00 1.005918333333333248e+00 9.999451666666666627e-01 9.999451666666666627e-01 1.000060166666666639e+00
2.508750000000000036e+00 1.006018666666666617e+00 1.000340166666666697e+00 1.000340166666666697e+00 9.998968333333332348e-01
2.516249999999999876e+00 1.010515000000000052e+00 1.000333833333333144e+00 1.000333833333333144e+00 9.998215000000000297e-01
2.523750000000000160e+00 9.997268333333333423e-01 1.000152499999999778e+00 1.000152499999999778e+00 9.999261666666665604e-01
2.531250000000000000e+00 1.006864166666666671e+00 9.997976666666668066e-01 9.997976666666668066e-01 1.000043166666666705e+00
2.538749999999999840e+00 1.000844666666666827e+00 9.990823333333332945e-01 9.990823333333332945e-01 9.998723333333332519e-01
2.546250000000000124e+00 1.004590333333333474e+00 9.996645000000000669e-01 9.996645000000000669e-01 9.998163333333334180e-01
2.553749999999999964e+00 1.006580999999999948e+00 1.000092833333333431e+00 1.000092833333333431e+00 9.999604999999999189e-01
2.561249999999999805e+00 1.001033166666666530e+00 9.996506666666666874e-01 9.996506666666666874e-01 9.999188333333334233e-01
2.568750000000000089e+00 1.004307166666666751e+00 9.989713333333334333e-01 9.989713333333334333e-01 9.999755000000000171e-01
2.576249999999999929e+00 9.999950000000000783e-01 1.000272500000000120e+00 1.000272500000000120e+00 9.999413333333334597e-01
2.583750000000000213e+00 1.004389166666666666e+00 9.997428333333334693e-01 9.997428333333334693e-01 1.000014833333333186e+00
2.591250000000000053e+00 1.005060999999999982e+00 9.996183333333332754e-01 9.996183333333332754e-01 1.000052666666666701e+00
2.598749999999999893e+00 1.005565666666666802e+00 9.998044999999998739e-01 9.998044999999998739e-01 9.999426666666666463e-01
2.606250000000000178e+00 1.006617333333333253e+00 9.999448333333332828e-01 9.999448333333332828e-01 9.998651666666665827e-01
2.613750000000000018e+00 9.994070000000000453e-01 9.994903333333332585e-01 9.994903333333332585e-01 9.998939999999999495e-01
2.621249999999999858e+00 1.000465833333333388e+00 9.988146666666667395e-01 9.988146666666667395e-01 1.000003166666666665e+00
2.628750000000000142e+00 1.004387999999999836e+00 9.985656666666667958e-01 9.985656666666667958e-01 9.999736666666668716e-01
2.636249999999999982e+00 1.006045666666666838e+00 9.992221666666667446e-01 9.992221666666667446e-01 9.997876666666667411e-01
2.643749999999999822e+00 1.003481666666666605e+00 9.989019999999998456e-01 9.989019999999998456e-01 1.000063000000000146e+00
2.651250000000000107e+00 1.001756500000000161e+00 9.995355000000000212e-01 9.995355000000000212e-01 9.999746666666665673e-01
2.658749999999999947e+00 9.996243333333333370e-01 9.991666666666666474e-01 9.991666666666666474e-01 1.000035166666666697e+00
2.666249999999999787e+00 1.006998499999999908e+00 9.994048333333335199e-01 9.994048333333335199e-01 1.000084666666666733e+00
2.673750000000000071e+00 1.003530999999999951e+00 9.992196666666665061e-01 9.992196666666665061e-01 1.000055833333333366e+00
2.681249999999999911e+00 1.003254333333333248e+00 9.992174999999999807e-01 9.992174999999999807e-01 1.000059333333333411e+00
2.688750000000000195e+00 1.003524166666666551e+00 9.995551666666666613e-01 9.995551666666666613e-01 9.998909999999999743e-01
2.696250000000000036e+00 1.004699333333333167e+00 9.996121666666667460e-01 9.996121666666667460e-01 1.000178333333333391e+00
2.703749999999999876e+00 1.001259333333333279e+00 9.989926666666667510e-01 9.989926666666667510e-01 1.000044500000000003e+00
2.711250000000000160e+00 1.003333000000000030e+00 9.989388333333333314e-01 9.989388333333333314e-01 9.999418333333331965e-01
2.718750000000000000e+00 9.980980000000000407e-01 9.990203333333332880e-01 9.990203333333332880e-01 9.998718333333332930e-01
2.726249999999999840e+00 9.996303333333332874e-01 9.993114999999997972e-01 9.993114999999997972e-01 1.000057166666666664e+00
2.733750000000000124e+00 1.004497999999999891e+00 9.990881666666666661e-01 9.990881666666666661e-01 1.000066166666666811e+00
2.741249999999999964e+00 1.008668833333333348e+00 9.989219999999998656e-01 9.989219999999998656e-01 1.000078166666666712e+00
2.748749999999999805e+00 9.984549999999999814e-01 9.995246666666667279e-01 9.995246666666667279e-01 9.999543333333332784e-01
2.756250000000000089e+00 1.000080499999999928e+00 9.997663333333334235e-01 9.997663333333334235e-01 9.998618333333332275e-01
2.763749999999999929e+00 9.968143333333333578e-01 9.998206666666668019e-01 9.998206666666668019e-01 1.000003500000000045e+00
2.771250000000000213e+00 1.002523333333333211e+00 9.996393333333334352e-01 9.996393333333334352e-01 9.998801666666666810e-01
2.778750000000000053e+00 1.001306833333333479e+00 9.992830000000000323e-01 9.992830000000000323e-01 1.000134999999999996e+00
2.786249999999999893e+00 9.970236666666666414e-01 9.988769999999999039e-01 9.988769999999999039e-01 9.999770000000000048e-01
2.793750000000000178e+00 9.954266666666667929e-01 9.993599999999999151e-01 9.993599999999999151e-01 1.000100333333333369e+00
2.801250000000000018e+00 1.003743666666666590e+00 9.992881666666666440e-01 9.992881666666666440e-01 1.000093333333333279e+00
2.808749999999999858e+00 9.942625000000000490e-01 9.996288333333332998e-01 9.996288333333332998e-01 9.999321666666665109e-01
2.816250000000000142e+00 9.958146666666666258e-01 9.995498333333333596e-01 9.995498333333333596e-01 1.000176333333333334e+00
2.823749999999999982e+00 9.974288333333332091e-01 9.996388333333333653e-01 9.996388333333333653e-01 1.000000833333333228e+00
2.831249999999999822e+00 9.947581666666667211e-01 9.992263333333334385e-01 9.992263333333334385e-01 1.000081333333333378e+00
2.838750000000000107e+00 9.987283333333333291e-01 9.999058333333333826e-01 9.999058333333333826e-01 1.000180166666666759e+00
2.846249999999999947e+00 9.968381666666666918e-01 9.993041666666666600e-01 9.993041666666666600e-01 1.000001499999999988e+00
2.853749999999999787e+00 1.000931000000000237e+00 9.998461666666665915e-01 9.998461666666665915e-01 1.000126000000000071e+00
2.861250000000000071e+00 9.952523333333331834e-01 9.993028333333334734e-01 9.993028333333334734e-01 1.000153999999999987e+00
2.868749999999999911e+00 9.982526666666666770e-01 9.992356666666665221e-01 9.992356666666665221e-01 1.000045499999999921e+00
2.876250000000000195e+00 1.000623499999999888e+00 9.997734999999999816e-01 9.997734999999999816e-01 1.000047000000000130e+00
2.883750000000000036e+00 9.979380000000001028e-01 1.000225333333333300e+00 1.000225333333333300e+00 1.000003833333333203e+00
2.891249999999999876e+00 1.002663166666666550e+00 9.995388333333333764e-01 9.995388333333333764e-01 9.999458333333333115e-01
2.898750000000000160e+00 9.977118333333332423e-01 1.000130333333333121e+00 1.000130333333333121e+00 1.000019833333333219e+00
2.906250000000000000e+00 9.972604999999999942e-01 9.991866666666665564e-01 9.991866666666665564e-01 1.000039333333333280e+00
2.913749999999999840e+00 9.981079999999998842e-01 9.994798333333333451e-01 9.994798333333333451e-01 1.000116833333333455e+00
2.921250000000000124e+00 9.967589999999999506e-01 9.999323333333332009e-01 9.999323333333332009e-01 1.000017833333333384e+00
2.928749999999999964e+00 9.970763333333333422e-01 9.995961666666667300e-01 9.995961666666667300e-01 1.000058166666666581e+00
2.936249999999999805e+00 1.000599999999999934e+00 9.995524999999999549e-01 9.995524999999999549e-01 1.000174666666666656e+00
2.943750000000000089e+00 9.924724999999999797e-01 1.000308333333333133e+00 1.000308333333333133e+00 9.999871666666666492e-01
2.951249999999999929e+00 1.000965000000000105e+00 1.000183666666666582e+00 1.000183666666666582e+00 1.000086500000000100e+00
2.958750000000000213e+00 9.961440000000000294e-01 9.992546666666668465e-01 9.992546666666668465e-01 9.998836666666667261e-01
2.966250000000000053e+00 9.968976666666665709e-01 9.991066666666665874e-01 9.991066666666665874e-01 1.000125666666666469e+00
2.973749999999999893e+00 9.979914999999999203e-01 1.000061833333333317e+00 1.000061833333333317e+00 1.000015999999999794e+00
2.981250000000000178e+00 9.966661666666666308e-01 9.998299999999998855e-01 9.998299999999998855e-01 1.000060333333333329e+00
2.988750000000000018e+00 9.986621666666667396e-01 9.996870000000001033e-01 9.996870000000001033e-01 1.000057666666666734e+00
2.996249999999999858e+00 9.987734999999999808e-01 9.998753333333333382e-01 9.998753333333333382e-01 1.000043500000000085e+00
