3.749999999999999861e-03 0.000000000000000000e+00 0.000000000000000000e+00 0.000000000000000000e+00 0.000000000000000000e+00
1.124999999999999958e-02 0.000000000000000000e+00 0.000000000000000000e+00 0.000000000000000000e+00 0.000000000000000000e+00
1.874999999999999931e-02 0.000000000000000000e+00 0.000000000000000000e+00 0.000000000000000000e+00 0.000000000000000000e+00
2.624999999999999903e-02 0.000000000000000000e+00 0.000000000000000000e+00 0.000000000000000000e+00 0.000000000000000000e+00
3.375000000000000222e-02 0.000000000000000000e+00 0.000000000000000000e+00 0.000000000000000000e+00 0.000000000000000000e+00
4.125000000000000194e-02 0.000000000000000000e+00 0.000000000000000000e+00 0.000000000000000000e+00 0.000000000000000000e+00
4.875000000000000167e-02 0.000000000000000000e+00 0.000000000000000000e+00 0.000000000000000000e+00 0.000000000000000000e+00
5.625000000000000139e-02 0.000000000000000000e+00 0.000000000000000000e+00 0.000000000000000000e+00 0.000000000000000000e+00
6.375000000000000111e-02 0.000000000000000000e+00 0.000000000000000000e+00 0.000000000000000000e+00 0.000000000000000000e+00
7.124999999999999389e-02 0.000000000000000000e+00 0.000000000000000000e+00 0.000000000000000000e+00 0.000000000000000000e+00
7.875000000000000056e-02 0.000000000000000000e+00 0.000000000000000000e+00 0.000000000000000000e+00 0.000000000000000000e+00
8.624999999999999334e-02 0.000000000000000000e+00 0.000000000000000000e+00 0.000000000000000000e+00 0.000000000000000000e+00
9.375000000000000000e-02 0.000000000000000000e+00 0.000000000000000000e+00 0.000000000000000000e+00 0.000000000000000000e+00
1.012500000000000067e-01 0.000000000000000000e+00 0.000000000000000000e+00 0.000000000000000000e+00 0.000000000000000000e+00
1.087499999999999994e-01 0.000000000000000000e+00 0.000000000000000000e+00 0.000000000000000000e+00 0.000000000000000000e+00
1.162500000000000061e-01 0.000000000000000000e+00 0.000000000000000000e+00 0.000000000000000000e+00 0.000000000000000000e+00
1.237499999999999989e-01 0.000000000000000000e+00 0.000000000000000000e+00 0.000000000000000000e+00 0.000000000000000000e+00
1.312500000000000056e-01 0.000000000000000000e+00 0.000000000000000000e+00 0.000000000000000000e+00 0.000000000000000000e+00
1.387500000000000122e-01 0.000000000000000000e+00 0.000000000000000000e+00 0.000000000000000000e+00 0.000000000000000000e+00
1.462499999999999911e-01 0.000000000000000000e+00 0.000000000000000000e+00 0.000000000000000000e+00 0.000000000000000000e+00
1.537499999999999978e-01 0.000000000000000000e+00 0.000000000000000000e+00 0.000000000000000000e+00 6.660000000000000338e-04
1.612500000000000044e-01 0.000000000000000000e+00 0.000000000000000000e+00 0.000000000000000000e+00 2.312133333333333055e-02
1.687500000000000111e-01 0.000000000000000000e+00 0.000000000000000000e+00 0.000000000000000000e+00 1.826815000000000244e-01
1.762499999999999900e-01 0.000000000000000000e+00 0.000000000000000000e+00 0.000000000000000000e+00 5.825278333333333558e-01
1.837499999999999967e-01 0.000000000000000000e+00 0.000000000000000000e+00 0.000000000000000000e+00 1.083478333333333321e+00
1.912500000000000033e-01 0.000000000000000000e+00 0.000000000000000000e+00 0.000000000000000000e+00 1.486578999999999873e+00
1.987500000000000100e-01 0.000000000000000000e+00 0.000000000000000000e+00 0.000000000000000000e+00 1.729162499999999936e+00
2.062499999999999889e-01 0.000000000000000000e+00 0.000000000000000000e+00 0.000000000000000000e+00 1.831481166666666605e+00
2.137499999999999956e-01 0.000000000000000000e+00 0.000000000000000000e+00 0.000000000000000000e+00 1.841045499999999890e+00
2.212500000000000022e-01 0.000000000000000000e+00 0.000000000000000000e+00 0.000000000000000000e+00 1.800237499999999935e+00
2.287500000000000089e-01 0.000000000000000000e+00 0.000000000000000000e+00 0.000000000000000000e+00 1.746454499999999799e+00
2.362499999999999878e-01 0.000000000000000000e+00 0.000000000000000000e+00 0.000000000000000000e+00 1.690665166666666996e+00
2.437499999999999944e-01 0.000000000000000000e+00 0.000000000000000000e+00 0.000000000000000000e+00 1.637309000000000125e+00
2.512499999999999734e-01 0.000000000000000000e+00 0.000000000000000000e+00 0.000000000000000000e+00 1.590390333333333350e+00
2.587499999999999800e-01 0.000000000000000000e+00 0.000000000000000000e+00 0.000000000000000000e+00 1.547194833333333408e+00
2.662499999999999867e-01 0.000000000000000000e+00 0.000000000000000000e+00 0.000000000000000000e+00 1.505250666666666737e+00
2.737499999999999933e-01 0.000000000000000000e+00 0.000000000000000000e+00 0.000000000000000000e+00 1.467686333333333204e+00
2.812500000000000000e-01 0.000000000000000000e+00 0.000000000000000000e+00 0.000000000000000000e+00 1.435020333333333342e+00
2.887500000000000067e-01 0.000000000000000000e+00 0.000000000000000000e+00 0.000000000000000000e+00 1.403519166666666651e+00
2.962500000000000133e-01 0.000000000000000000e+00 0.000000000000000000e+00 0.000000000000000000e+00 1.376466500000000037e+00
3.037500000000000200e-01 0.000000000000000000e+00 0.000000000000000000e+00 0.000000000000000000e+00 1.353308500000000025e+00
3.112500000000000266e-01 0.000000000000000000e+00 0.000000000000000000e+00 0.000000000000000000e+00 1.331034499999999676e+00
3.187499999999999778e-01 0.000000000000000000e+00 0.000000000000000000e+00 0.000000000000000000e+00 1.312806833333333367e+00
3.262499999999999845e-01 0.000000000000000000e+00 0.000000000000000000e+00 0.000000000000000000e+00 1.296918999999999933e+00
3.337499999999999911e-01 0.000000000000000000e+00 0.000000000000000000e+00 0.000000000000000000e+00 1.284118833333333320e+00
3.412499999999999978e-01 0.000000000000000000e+00 0.000000000000000000e+00 0.000000000000000000e+00 1.273735000000000062e+00
3.487500000000000044e-01 0.000000000000000000e+00 0.000000000000000000e+00 0.000000000000000000e+00 1.265262166666666799e+00
3.562500000000000111e-01 0.000000000000000000e+00 0.000000000000000000e+00 0.000000000000000000e+00 1.258857833333333343e+00
3.637500000000000178e-01 0.000000000000000000e+00 0.000000000000000000e+00 0.000000000000000000e+00 1.253820500000000004e+00
3.712500000000000244e-01 0.000000000000000000e+00 0.000000000000000000e+00 0.000000000000000000e+00 1.251424166666666560e+00
3.787499999999999756e-01 0.000000000000000000e+00 0.000000000000000000e+00 0.000000000000000000e+00 1.247574333333333341e+00
3.862499999999999822e-01 0.000000000000000000e+00 0.000000000000000000e+00 0.000000000000000000e+00 1.245382666666666749e+00
3.937499999999999889e-01 0.000000000000000000e+00 0.000000000000000000e+00 0.000000000000000000e+00 1.242197666666666533e+00
4.012499999999999956e-01 0.000000000000000000e+00 0.000000000000000000e+00 0.000000000000000000e+00 1.239339166666666436e+00
4.087500000000000022e-01 0.000000000000000000e+00 0.000000000000000000e+00 0.000000000000000000e+00 1.233541999999999916e+00
4.162500000000000089e-01 0.000000000000000000e+00 0.000000000000000000e+00 0.000000000000000000e+00 1.229815333333333482e+00
4.237500000000000155e-01 0.000000000000000000e+00 0.000000000000000000e+00 0.000000000000000000e+00 1.224158833333333307e+00
4.312500000000000222e-01 0.000000000000000000e+00 0.000000000000000000e+00 0.000000000000000000e+00 1.217797166666666486e+00
4.387499999999999734e-01 0.000000000000000000e+00 0.000000000000000000e+00 0.000000000000000000e+00 1.212907166666666647e+00
4.462499999999999800e-01 0.000000000000000000e+00 4.500000000000000114e-06 4.500000000000000114e-06 1.205986500000000072e+00
4.537499999999999867e-01 0.000000000000000000e+00 3.100000000000000135e-05 3.100000000000000135e-05 1.198588333333333367e+00
4.612499999999999933e-01 0.000000000000000000e+00 3.298333333333333998e-04 3.298333333333333998e-04 1.191657166666666656e+00
4.687500000000000000e-01 0.000000000000000000e+00 1.986333333333333007e-03 1.986333333333333007e-03 1.184801833333333443e+00
4.762500000000000067e-01 0.000000000000000000e+00 8.074500000000000080e-03 8.074500000000000080e-03 1.179955000000000087e+00
4.837500000000000133e-01 0.000000000000000000e+00 2.475583333333333455e-02 2.475583333333333455e-02 1.171300333333333388e+00
4.912500000000000200e-01 0.000000000000000000e+00 6.201916666666667383e-02 6.201916666666667383e-02 1.166569666666666505e+00
4.987500000000000266e-01 0.000000000000000000e+00 1.286436666666666562e-01 1.286436666666666562e-01 1.159854500000000010e+00
5.062499999999999778e-01 0.000000000000000000e+00 2.301133333333333086e-01 2.301133333333333086e-01 1.151671499999999959e+00
5.137500000000000400e-01 0.000000000000000000e+00 3.648150000000000559e-01 3.648150000000000559e-01 1.146735499999999908e+00
5.212499999999999911e-01 0.000000000000000000e+00 5.246401666666666852e-01 5.246401666666666852e-01 1.141975499999999810e+00
5.287500000000000533e-01 0.000000000000000000e+00 6.962123333333333219e-01 6.962123333333333219e-01 1.134939666666666680e+00
5.362500000000000044e-01 0.000000000000000000e+00 8.695025000000001780e-01 8.695025000000001780e-01 1.129337999999999953e+00
5.437499999999999556e-01 0.000000000000000000e+00 1.027778500000000150e+00 1.027778500000000150e+00 1.123794999999999877e+00
5.512500000000000178e-01 0.000000000000000000e+00 1.165909333333333242e+00 1.165909333333333242e+00 1.118455666666666737e+00
5.587499999999999689e-01 0.000000000000000000e+00 1.284065833333333240e+00 1.284065833333333240e+00 1.112451499999999927e+00
5.662500000000000311e-01 0.000000000000000000e+00 1.375716833333333389e+00 1.375716833333333389e+00 1.107854499999999964e+00
5.737499999999999822e-01 0.000000000000000000e+00 1.435155999999999876e+00 1.435155999999999876e+00 1.103364000000000011e+00
5.812500000000000444e-01 0.000000000000000000e+00 1.473218666666666898e+00 1.473218666666666898e+00 1.098849499999999813e+00
5.887499999999999956e-01 0.000000000000000000e+00 1.491518666666666659e+00 1.491518666666666659e+00 1.093763833333333269e+00
5.962499999999999467e-01 0.000000000000000000e+00 1.501963166666666849e+00 1.501963166666666849e+00 1.088924000000000003e+00
6.037500000000000089e-01 0.000000000000000000e+00 1.493311000000000055e+00 1.493311000000000055e+00 1.084244999999999903e+00
6.112499999999999600e-01 0.000000000000000000e+00 1.474920166666666477e+00 1.474920166666666477e+00 1.079511499999999957e+00
6.187500000000000222e-01 0.000000000000000000e+00 1.453692500000000054e+00 1.453692500000000054e+00 1.075212333333333214e+00
6.262499999999999734e-01 0.000000000000000000e+00 1.424033500000000174e+00 1.424033500000000174e+00 1.072111166666666504e+00
6.337500000000000355e-01 0.000000000000000000e+00 1.392785666666666700e+00 1.392785666666666700e+00 1.067315333333333394e+00
6.412499999999999867e-01 0.000000000000000000e+00 1.362712166666666613e+00 1.362712166666666613e+00 1.063686833333333359e+00
6.487500000000000488e-01 0.000000000000000000e+00 1.331283166666666684e+00 1.331283166666666684e+00 1.059656666666666691e+00
6.562500000000000000e-01 0.000000000000000000e+00 1.300414166666666649e+00 1.300414166666666649e+00 1.055652500000000105e+00
6.637499999999999512e-01 0.000000000000000000e+00 1.271355999999999931e+00 1.271355999999999931e+00 1.052127666666666572e+00
6.712500000000000133e-01 0.000000000000000000e+00 1.245121166666666612e+00 1.245121166666666612e+00 1.049439999999999928e+00
6.787499999999999645e-01 0.000000000000000000e+00 1.218328666666666615e+00 1.218328666666666615e+00 1.045442666666666520e+00
6.862500000000000266e-01 0.000000000000000000e+00 1.201613166666666510e+00 1.201613166666666510e+00 1.041583333333333306e+00
6.937499999999999778e-01 0.000000000000000000e+00 1.182260999999999784e+00 1.182260999999999784e+00 1.039246166666666804e+00
7.012500000000000400e-01 0.000000000000000000e+00 1.169518166666666525e+00 1.169518166666666525e+00 1.035300833333333337e+00
7.087499999999999911e-01 0.000000000000000000e+00 1.159770166666666658e+00 1.159770166666666658e+00 1.031602166666666820e+00
7.162500000000000533e-01 0.000000000000000000e+00 1.147035000000000027e+00 1.147035000000000027e+00 1.028987499999999944e+00
7.237500000000000044e-01 0.000000000000000000e+00 1.144054499999999974e+00 1.144054499999999974e+00 1.025491666666666690e+00
7.312499999999999556e-01 0.000000000000000000e+00 1.134920333333333309e+00 1.134920333333333309e+00 1.023350666666666742e+00
7.387500000000000178e-01 0.000000000000000000e+00 1.133037000000000072e+00 1.133037000000000072e+00 1.020385499999999945e+00
7.462499999999999689e-01 3.065000000000000233e-04 1.130019500000000177e+00 1.130019500000000177e+00 1.017363333333333175e+00
7.537500000000000311e-01 1.402666666666666645e-03 1.121891833333333421e+00 1.121891833333333421e+00 1.014510666666666561e+00
7.612499999999999822e-01 4.814166666666667115e-03 1.120997166666666489e+00 1.120997166666666489e+00 1.012560833333333354e+00
7.687500000000000444e-01 1.396833333333333260e-02 1.117231666666666845e+00 1.117231666666666845e+00 1.010643666666666940e+00
7.762499999999999956e-01 3.609183333333332994e-02 1.113686166666666644e+00 1.113686166666666644e+00 1.007745333333333493e+00
7.837499999999999467e-01 8.165300000000000336e-02 1.108406333333333160e+00 1.108406333333333160e+00 1.005005499999999996e+00
7.912500000000000089e-01 1.584059999999999913e-01 1.104175499999999976e+00 1.104175499999999976e+00 1.004135833333333450e+00
7.987499999999999600e-01 2.728768333333332907e-01 1.101950666666666523e+00 1.101950666666666523e+00 1.001844000000000179e+00
8.062500000000000222e-01 4.360673333333333623e-01 1.094794000000000045e+00 1.094794000000000045e+00 9.998006666666666709e-01
8.137499999999999734e-01 6.524591666666667011e-01 1.089418833333333225e+00 1.089418833333333225e+00 9.980138333333333778e-01
8.212500000000000355e-01 9.080111666666667025e-01 1.084348499999999937e+00 1.084348499999999937e+00 9.964558333333334295e-01
8.287499999999999867e-01 1.175716499999999831e+00 1.077532666666666694e+00 1.077532666666666694e+00 9.947686666666667454e-01
8.362500000000000488e-01 1.442181333333333315e+00 1.072955000000000103e+00 1.072955000000000103e+00 9.930943333333334122e-01
8.437500000000000000e-01 1.714862166666666576e+00 1.065665666666666622e+00 1.065665666666666622e+00 9.919761666666667699e-01
8.512499999999999512e-01 1.940982833333332991e+00 1.059900000000000064e+00 1.059900000000000064e+00 9.904246666666667309e-01
8.587500000000000133e-01 2.135353666666666594e+00 1.055689833333333327e+00 1.055689833333333327e+00 9.895008333333334960e-01
8.662499999999999645e-01 2.315599166666666875e+00 1.046913999999999900e+00 1.046913999999999900e+00 9.887688333333334301e-01
8.737500000000000266e-01 2.399285333333333270e+00 1.044543833333333227e+00 1.044543833333333227e+00 9.872146666666666848e-01
8.812499999999999778e-01 2.463597999999999733e+00 1.039057666666666879e+00 1.039057666666666879e+00 9.869150000000000977e-01
8.887500000000000400e-01 2.457150333333333325e+00 1.032220666666666675e+00 1.032220666666666675e+00 9.853576666666666872e-01
8.962499999999999911e-01 2.457802666666666358e+00 1.027927166666666947e+00 1.027927166666666947e+00 9.850696666666666212e-01
9.037500000000000533e-01 2.411323833333332889e+00 1.023446166666666546e+00 1.023446166666666546e+00 9.847838333333333027e-01
9.112500000000000044e-01 2.327847333333333602e+00 1.019537166666666606e+00 1.019537166666666606e+00 9.837911666666667720e-01
9.187499999999999556e-01 2.233611999999999931e+00 1.016727166666666626e+00 1.016727166666666626e+00 9.833963333333334278e-01
9.262500000000000178e-01 2.133152833333333387e+00 1.012941833333333319e+00 1.012941833333333319e+00 9.828193333333333781e-01
9.337499999999999689e-01 2.026543999999999901e+00 1.008809666666666827e+00 1.008809666666666827e+00 9.826999999999999069e-01
9.412500000000000311e-01 1.922598833333333035e+00 1.005488666666666697e+00 1.005488666666666697e+00 9.826989999999998782e-01
9.487499999999999822e-01 1.820915000000000061e+00 1.002374833333333326e+00 1.002374833333333326e+00 9.826943333333333364e-01
9.562500000000000444e-01 1.717876500000000028e+00 9.972101666666667308e-01 9.972101666666667308e-01 9.830521666666666158e-01
9.637499999999999956e-01 1.630009833333333269e+00 9.979188333333333105e-01 9.979188333333333105e-01 9.828368333333332707e-01
9.712499999999999467e-01 1.555746499999999921e+00 9.928903333333334302e-01 9.928903333333334302e-01 9.828863333333334174e-01
9.787500000000000089e-01 1.461748499999999895e+00 9.870541666666666769e-01 9.870541666666666769e-01 9.831248333333332257e-01
9.862499999999999600e-01 1.382417666666666767e+00 9.870895000000000641e-01 9.870895000000000641e-01 9.836786666666667012e-01
9.937500000000000222e-01 1.325195333333333281e+00 9.831199999999999939e-01 9.831199999999999939e-01 9.840841666666667598e-01
1.001249999999999973e+00 1.255384999999999973e+00 9.816644999999999399e-01 9.816644999999999399e-01 9.850313333333332588e-01
1.008750000000000036e+00 1.194658333333333156e+00 9.789323333333334043e-01 9.789323333333334043e-01 9.855588333333332729e-01
1.016250000000000098e+00 1.159946166666666612e+00 9.764948333333333119e-01 9.764948333333333119e-01 9.860241666666665905e-01
1.023749999999999938e+00 1.116395666666666564e+00 9.721693333333334408e-01 9.721693333333334408e-01 9.866804999999999604e-01
1.031250000000000000e+00 1.083942499999999809e+00 9.714675000000000393e-01 9.714675000000000393e-01 9.880456666666667109e-01
1.038750000000000062e+00 1.061645499999999798e+00 9.700561666666666083e-01 9.700561666666666083e-01 9.887013333333333209e-01
1.046249999999999902e+00 1.036389166666666695e+00 9.676091666666666313e-01 9.676091666666666313e-01 9.897058333333332847e-01
1.053749999999999964e+00 1.015023833333333458e+00 9.643816666666666926e-01 9.643816666666666926e-01 9.907893333333334107e-01
1.061250000000000027e+00 9.997675000000000312e-01 9.641383333333334305e-01 9.641383333333334305e-01 9.919254999999999045e-01
1.068750000000000089e+00 9.833928333333332716e-01 9.633373333333333788e-01 9.633373333333333788e-01 9.930690000000000905e-01
1.076249999999999929e+00 9.806458333333333277e-01 9.613594999999999224e-01 9.613594999999999224e-01 9.939759999999999707e-01
1.083749999999999991e+00 9.682831666666666948e-01 9.588526666666665754e-01 9.588526666666665754e-01 9.952111666666666467e-01
1.091250000000000053e+00 9.721346666666668135e-01 9.599156666666667226e-01 9.599156666666667226e-01 9.958523333333332284e-01
1.098749999999999893e+00 9.666896666666665583e-01 9.586453333333334603e-01 9.586453333333334603e-01 9.976508333333332645e-01
1.106249999999999956e+00 9.649309999999999832e-01 9.570751666666666990e-01 9.570751666666666990e-01 9.982978333333333287e-01
1.113750000000000018e+00 9.514283333333333204e-01 9.565378333333333094e-01 9.565378333333333094e-01 9.990451666666667618e-01
1.121250000000000080e+00 9.557246666666667778e-01 9.556943333333333124e-01 9.556943333333333124e-01 1.000010999999999983e+00
1.128749999999999920e+00 9.627271666666666894e-01 9.556433333333332891e-01 9.556433333333332891e-01 1.000574833333333302e+00
1.136249999999999982e+00 9.694623333333333148e-01 9.569748333333333301e-01 9.569748333333333301e-01 1.001525499999999846e+00
1.143750000000000044e+00 9.638400000000001411e-01 9.549123333333332520e-01 9.549123333333332520e-01 1.001847500000000002e+00
1.151250000000000107e+00 9.562628333333332842e-01 9.552334999999999576e-01 9.552334999999999576e-01 1.002910333333333348e+00
1.158749999999999947e+00 9.530403333333331561e-01 9.559513333333332641e-01 9.559513333333332641e-01 1.003368999999999955e+00
1.166250000000000009e+00 9.590716666666665446e-01 9.549636666666665441e-01 9.549636666666665441e-01 1.003551166666666772e+00
1.173750000000000071e+00 9.544990000000000974e-01 9.563340000000000174e-01 9.563340000000000174e-01 1.003846833333333466e+00
1.181249999999999911e+00 9.526580000000001158e-01 9.554898333333333715e-01 9.554898333333333715e-01 1.004270333333333376e+00
1.188749999999999973e+00 9.419643333333332924e-01 9.578768333333332885e-01 9.578768333333332885e-01 1.004230666666666494e+00
1.196250000000000036e+00 9.472174999999999345e-01 9.587065000000000170e-01 9.587065000000000170e-01 1.004740166666666878e+00
1.203750000000000098e+00 9.413444999999999174e-01 9.592593333333332417e-01 9.592593333333332417e-01 1.004991333333333570e+00
1.211249999999999938e+00 9.395406666666664686e-01 9.581376666666666653e-01 9.581376666666666653e-01 1.005218499999999793e+00
1.218750000000000000e+00 9.359849999999999559e-01 9.597518333333333596e-01 9.597518333333333596e-01 1.005382666666666758e+00
1.226250000000000062e+00 9.333923333333333794e-01 9.613114999999999855e-01 9.613114999999999855e-01 1.005555333333333357e+00
1.233749999999999902e+00 9.232381666666666931e-01 9.623545000000000016e-01 9.623545000000000016e-01 1.005365500000000134e+00
1.241249999999999964e+00 9.292606666666666237e-01 9.635413333333334718e-01 9.635413333333334718e-01 1.005749666666666764e+00
1.248750000000000027e+00 9.236079999999998735e-01 9.649063333333334214e-01 9.649063333333334214e-01 1.005366000000000204e+00
1.256250000000000089e+00 9.308666666666667311e-01 9.665931666666666144e-01 9.665931666666666144e-01 1.005717333333333130e+00
1.263749999999999929e+00 9.229876666666666507e-01 9.683775000000000022e-01 9.683775000000000022e-01 1.005481499999999917e+00
1.271249999999999991e+00 9.185758333333332581e-01 9.687358333333332405e-01 9.687358333333332405e-01 1.005400999999999989e+00
1.278750000000000053e+00 9.054994999999999017e-01 9.709531666666667560e-01 9.709531666666667560e-01 1.005686166666666770e+00
1.286249999999999893e+00 9.144473333333333898e-01 9.737553333333334171e-01 9.737553333333334171e-01 1.005184833333333305e+00
1.293749999999999956e+00 9.062230000000001118e-01 9.762566666666666615e-01 9.762566666666666615e-01 1.005650666666666693e+00
1.301250000000000018e+00 9.040106666666666291e-01 9.767626666666666679e-01 9.767626666666666679e-01 1.005648833333333325e+00
1.308750000000000080e+00 9.152176666666665961e-01 9.804118333333332602e-01 9.804118333333332602e-01 1.005510833333333354e+00
1.316249999999999920e+00 9.092863333333333076e-01 9.831839999999999469e-01 9.831839999999999469e-01 1.005507333333333309e+00
1.323749999999999982e+00 9.022934999999999706e-01 9.850184999999999080e-01 9.850184999999999080e-01 1.005476166666666726e+00
1.331250000000000044e+00 9.291630000000000722e-01 9.865223333333333899e-01 9.865223333333333899e-01 1.005655833333333415e+00
1.338750000000000107e+00 9.122693333333334875e-01 9.877988333333332927e-01 9.877988333333332927e-01 1.005381000000000080e+00
1.346249999999999947e+00 9.053058333333332541e-01 9.923130000000001116e-01 9.923130000000001116e-01 1.005215166666666660e+00
1.353750000000000009e+00 9.085986666666667766e-01 9.953888333333332783e-01 9.953888333333332783e-01 1.004951166666666618e+00
1.361250000000000071e+00 9.109034999999999771e-01 9.965361666666666673e-01 9.965361666666666673e-01 1.004944166666666527e+00
1.368749999999999911e+00 9.058408333333333173e-01 1.000407000000000046e+00 1.000407000000000046e+00 1.004700833333333376e+00
1.376249999999999973e+00 9.117151666666667431e-01 1.001678333333333448e+00 1.001678333333333448e+00 1.004687499999999956e+00
1.383750000000000036e+00 9.072105000000000308e-01 1.004600166666666627e+00 1.004600166666666627e+00 1.004244833333333142e+00
1.391250000000000098e+00 9.098978333333334056e-01 1.007311333333333225e+00 1.007311333333333225e+00 1.004143166666666698e+00
1.398749999999999938e+00 9.099433333333334373e-01 1.008436333333333268e+00 1.008436333333333268e+00 1.004202666666666799e+00
1.406250000000000000e+00 9.074318333333333264e-01 1.010510000000000019e+00 1.010510000000000019e+00 1.004156499999999896e+00
1.413750000000000062e+00 9.144358333333334476e-01 1.012253166666666759e+00 1.012253166666666759e+00 1.003785333333333307e+00
1.421249999999999902e+00 9.188744999999999274e-01 1.013379333333333188e+00 1.013379333333333188e+00 1.003714499999999843e+00
1.428749999999999964e+00 9.263768333333334271e-01 1.015112500000000084e+00 1.015112500000000084e+00 1.003444333333333383e+00
1.436250000000000027e+00 9.287605000000000999e-01 1.017054833333333130e+00 1.017054833333333130e+00 1.003211833333333303e+00
1.443750000000000089e+00 9.208023333333333893e-01 1.016669333333333203e+00 1.016669333333333203e+00 1.002835833333333371e+00
1.451249999999999929e+00 9.252306666666666457e-01 1.018357833333333407e+00 1.018357833333333407e+00 1.002542333333333424e+00
1.458749999999999991e+00 9.239809999999999413e-01 1.016518000000000255e+00 1.016518000000000255e+00 1.002658333333333429e+00
1.466250000000000053e+00 9.282704999999999984e-01 1.019651000000000307e+00 1.019651000000000307e+00 1.002401833333333325e+00
1.473749999999999893e+00 9.293574999999999475e-01 1.017296833333333206e+00 1.017296833333333206e+00 1.002334333333333216e+00
1.481249999999999956e+00 9.447760000000000602e-01 1.016912666666666576e+00 1.016912666666666576e+00 1.001863833333333176e+00
1.488750000000000018e+00 9.313764999999999405e-01 1.017800000000000038e+00 1.017800000000000038e+00 1.002197500000000074e+00
1.496250000000000080e+00 9.352860000000000618e-01 1.018482499999999957e+00 1.018482499999999957e+00 1.001501833333333424e+00
1.503749999999999920e+00 9.441828333333334156e-01 1.017102500000000020e+00 1.017102500000000020e+00 1.001820166666666623e+00
1.511249999999999982e+00 9.440078333333333793e-01 1.017078833333333376e+00 1.017078833333333376e+00 1.001663666666666730e+00
1.518750000000000044e+00 9.536388333333333245e-01 1.015634666666666464e+00 1.015634666666666464e+00 1.001064333333333334e+00
1.526250000000000107e+00 9.581224999999999881e-01 1.015903166666666690e+00 1.015903166666666690e+00 1.001050333333333375e+00
1.533749999999999947e+00 9.619888333333332930e-01 1.015373333333333461e+00 1.015373333333333461e+00 1.000989166666666597e+00
1.541250000000000009e+00 9.685631666666667527e-01 1.014684166666666831e+00 1.014684166666666831e+00 1.000475333333333383e+00
1.548750000000000071e+00 9.619109999999998495e-01 1.014454333333333347e+00 1.014454333333333347e+00 1.000701000000000063e+00
1.556249999999999911e+00 9.774850000000000483e-01 1.012382166666666805e+00 1.012382166666666805e+00 1.000442333333333211e+00
1.563749999999999973e+00 9.705523333333333502e-01 1.011412166666666890e+00 1.011412166666666890e+00 1.000229666666666573e+00
1.571250000000000036e+00 9.801261666666666317e-01 1.011417666666666548e+00 1.011417666666666548e+00 9.999441666666665229e-01
1.578750000000000098e+00 9.753816666666667023e-01 1.010466499999999934e+00 1.010466499999999934e+00 1.000143333333333162e+00
1.586249999999999938e+00 9.934898333333334053e-01 1.009959666666666811e+00 1.009959666666666811e+00 9.997041666666666160e-01
1.593750000000000000e+00 1.000343833333333210e+00 1.010207833333333527e+00 1.010207833333333527e+00 9.995779999999999665e-01
1.601250000000000062e+00 9.959021666666666439e-01 1.010162000000000004e+00 1.010162000000000004e+00 9.997068333333333223e-01
1.608749999999999902e+00 1.004192166666666663e+00 1.008954499999999976e+00 1.008954499999999976e+00 9.995686666666666609e-01
1.616249999999999964e+00 1.007599666666666671e+00 1.009526166666666613e+00 1.009526166666666613e+00 9.994021666666667025e-01
1.623750000000000027e+00 1.006065166666666455e+00 1.008278999999999925e+00 1.008278999999999925e+00 9.989316666666666622e-01
1.631250000000000089e+00 1.014743166666666641e+00 1.007417500000000077e+00 1.007417500000000077e+00 9.990191666666666803e-01
1.638749999999999929e+00 1.018450333333333235e+00 1.007733166666666902e+00 1.007733166666666902e+00 9.991383333333332395e-01
1.646249999999999991e+00 1.025513833333333347e+00 1.005926000000000098e+00 1.005926000000000098e+00 9.989040000000000141e-01
1.653750000000000053e+00 1.030680333333333198e+00 1.005868333333333364e+00 1.005868333333333364e+00 9.987228333333333374e-01
1.661249999999999893e+00 1.035525666666666567e+00 1.004674999999999985e+00 1.004674999999999985e+00 9.989616666666666367e-01
1.668749999999999956e+00 1.036378999999999939e+00 1.004502333333333164e+00 1.004502333333333164e+00 9.986774999999998847e-01
1.676250000000000018e+00 1.035108666666666899e+00 1.005192166666666553e+00 1.005192166666666553e+00 9.986784999999999135e-01
1.683750000000000080e+00 1.048198333333333343e+00 1.004717000000000082e+00 1.004717000000000082e+00 9.986606666666665300e-01
1.691249999999999920e+00 1.042564999999999964e+00 1.003663666666666510e+00 1.003663666666666510e+00 9.985763333333332881e-01
1.698749999999999982e+00 1.045867333333333482e+00 1.003257666666666603e+00 1.003257666666666603e+00 9.984258333333332347e-01
1.706250000000000044e+00 1.051652999999999949e+00 1.003043000000000129e+00 1.003043000000000129e+00 9.985146666666665505e-01
1.713750000000000107e+00 1.061697833333333341e+00 1.001510833333333350e+00 1.001510833333333350e+00 9.984996666666666743e-01
1.721249999999999947e+00 1.052696333333333456e+00 1.002065999999999901e+00 1.002065999999999901e+00 9.988059999999999716e-01
1.728750000000000009e+00 1.058612666666666646e+00 1.001454000000000066e+00 1.001454000000000066e+00 9.984685000000000921e-01
1.736250000000000071e+00 1.053131666666666577e+00 1.003186833333333139e+00 1.003186833333333139e+00 9.983043333333333491e-01
1.743749999999999911e+00 1.049858666666666718e+00 1.001566833333333406e+00 1.001566833333333406e+00 9.983426666666668226e-01
1.751249999999999973e+00 1.054529833333333277e+00 1.000899499999999831e+00 1.000899499999999831e+00 9.987670000000000714e-01
1.758750000000000036e+00 1.047229833333333415e+00 9.990813333333333768e-01 9.990813333333333768e-01 9.983446666666666580e-01
1.766250000000000098e+00 1.047589166666666571e+00 9.992290000000000338e-01 9.992290000000000338e-01 9.983471666666665634e-01
1.773749999999999938e+00 1.048665333333333338e+00 9.995899999999999785e-01 9.995899999999999785e-01 9.984604999999998620e-01
1.781250000000000000e+00 1.049219499999999972e+00 1.000198666666666680e+00 1.000198666666666680e+00 9.988624999999999865e-01
1.788750000000000062e+00 1.041417999999999955e+00 9.996436666666665971e-01 9.996436666666665971e-01 9.987406666666666100e-01
1.796249999999999902e+00 1.040520833333333561e+00 9.984858333333334057e-01 9.984858333333334057e-01 9.984911666666665964e-01
1.803749999999999964e+00 1.033705666666666856e+00 9.983983333333332766e-01 9.983983333333332766e-01 9.987541666666667206e-01
1.811250000000000027e+00 1.031427500000000164e+00 9.976535000000000819e-01 9.976535000000000819e-01 9.987469999999999404e-01
1.818750000000000089e+00 1.027809166666666663e+00 9.980903333333333016e-01 9.980903333333333016e-01 9.988384999999998515e-01
1.826249999999999929e+00 1.028790000000000093e+00 9.970718333333333794e-01 9.970718333333333794e-01 9.987108333333334365e-01
1.833749999999999991e+00 1.027469166666666878e+00 9.968391666666667206e-01 9.968391666666667206e-01 9.987616666666667697e-01
1.841250000000000053e+00 1.023313833333333145e+00 9.974613333333333109e-01 9.974613333333333109e-01 9.991773333333333618e-01
1.848749999999999893e+00 1.022623666666666598e+00 9.977668333333333806e-01 9.977668333333333806e-01 9.988394999999998802e-01
1.856249999999999956e+00 1.016012333333333295e+00 9.960051666666666081e-01 9.960051666666666081e-01 9.989118333333334432e-01
1.863750000000000018e+00 1.013129166666666636e+00 9.964206666666665102e-01 9.964206666666665102e-01 9.991114999999998192e-01
1.871250000000000080e+00 1.016633166666666588e+00 9.959911666666667607e-01 9.959911666666667607e-01 9.991435000000000732e-01
1.878749999999999920e+00 1.008870999999999851e+00 9.961606666666668053e-01 9.961606666666668053e-01 9.992003333333333570e-01
1.886249999999999982e+00 1.016817666666666620e+00 9.962543333333333528e-01 9.962543333333333528e-01 9.994658333333333866e-01
1.893750000000000044e+00 1.003683833333333331e+00 9.962206666666665322e-01 9.962206666666665322e-01 9.994601666666665940e-01
1.901250000000000107e+00 1.001166999999999918e+00 9.969901666666668438e-01 9.969901666666668438e-01 9.994644999999998669e-01
1.908749999999999947e+00 1.000737333333333368e+00 9.959511666666666097e-01 9.959511666666666097e-01 9.996829999999999883e-01
1.916250000000000009e+00 1.002345666666666579e+00 9.958396666666665675e-01 9.958396666666665675e-01 9.997126666666668049e-01
1.923750000000000071e+00 1.003298499999999871e+00 9.964031666666667286e-01 9.964031666666667286e-01 9.996663333333333235e-01
1.931249999999999911e+00 9.979326666666666901e-01 9.956973333333333231e-01 9.956973333333333231e-01 9.997891666666666177e-01
1.938749999999999973e+00 9.935589999999999700e-01 9.956249999999999822e-01 9.956249999999999822e-01 9.997929999999999318e-01
1.946250000000000036e+00 9.979403333333335402e-01 9.959434999999999816e-01 9.959434999999999816e-01 9.999056666666668036e-01
1.953750000000000098e+00 1.000897499999999996e+00 9.967448333333334132e-01 9.967448333333334132e-01 9.998926666666667629e-01
1.961249999999999938e+00 9.917328333333333967e-01 9.955558333333333065e-01 9.955558333333333065e-01 1.000146666666666739e+00
1.968750000000000000e+00 9.902866666666666484e-01 9.963055000000000661e-01 9.963055000000000661e-01 1.000310499999999880e+00
1.976250000000000062e+00 9.958455000000000501e-01 9.963438333333333174e-01 9.963438333333333174e-01 1.000326166666666516e+00
1.983749999999999902e+00 9.911945000000000894e-01 9.964653333333334251e-01 9.964653333333334251e-01 1.000221333333333407e+00
1.991249999999999964e+00 9.967646666666668542e-01 9.955954999999999666e-01 9.955954999999999666e-01 1.000202333333333415e+00
1.998750000000000027e+00 1.007211666666666838e+00 9.962349999999999817e-01 9.962349999999999817e-01 1.000419666666666707e+00
2.006250000000000089e+00 1.002042833333333327e+00 9.961971666666666891e-01 9.961971666666666891e-01 1.000246500000000038e+00
2.013749999999999929e+00 9.980043333333332711e-01 9.958730000000000082e-01 9.958730000000000082e-01 1.000168999999999864e+00
2.021250000000000213e+00 1.001021499999999786e+00 9.960919999999999774e-01 9.960919999999999774e-01 1.000123333333333475e+00
2.028750000000000053e+00 9.969260000000000899e-01 9.965343333333332998e-01 9.965343333333332998e-01 1.000454333333333334e+00
2.036249999999999893e+00 9.908450000000000868e-01 9.965786666666667237e-01 9.965786666666667237e-01 1.000363666666666651e+00
2.043750000000000178e+00 9.895426666666667925e-01 9.965431666666665356e-01 9.965431666666665356e-01 1.000318666666666800e+00
2.051250000000000018e+00 9.869335000000000191e-01 9.967525000000000412e-01 9.967525000000000412e-01 1.000478333333333358e+00
2.058749999999999858e+00 9.953236666666666066e-01 9.971643333333334303e-01 9.971643333333334303e-01 1.000340333333333609e+00
2.066250000000000142e+00 9.896316666666665762e-01 9.971744999999999637e-01 9.971744999999999637e-01 1.000514666666666885e+00
2.073749999999999982e+00 9.959366666666666923e-01 9.970500000000001029e-01 9.970500000000001029e-01 1.000296666666666612e+00
2.081249999999999822e+00 9.924909999999999011e-01 9.978718333333332913e-01 9.978718333333332913e-01 1.000554833333333393e+00
2.088750000000000107e+00 9.917706666666665782e-01 9.972199999999999953e-01 9.972199999999999953e-01 1.000439666666666616e+00
2.096249999999999947e+00 9.848678333333333867e-01 9.986706666666665955e-01 9.986706666666665955e-01 1.000616500000000020e+00
2.103749999999999787e+00 9.973079999999999723e-01 9.981401666666666062e-01 9.981401666666666062e-01 1.000270500000000062e+00
2.111250000000000071e+00 9.903626666666666134e-01 9.981521666666667292e-01 9.981521666666667292e-01 1.000589999999999868e+00
2.118749999999999911e+00 9.906179999999999986e-01 9.985730000000000439e-01 9.985730000000000439e-01 1.000433333333333508e+00
2.126250000000000195e+00 9.937411666666666754e-01 9.989781666666665005e-01 9.989781666666665005e-01 1.000413499999999845e+00
2.133750000000000036e+00 9.921196666666665109e-01 9.991736666666666267e-01 9.991736666666666267e-01 1.000511666666666466e+00
2.141249999999999876e+00 9.846603333333333596e-01 9.991364999999999830e-01 9.991364999999999830e-01 1.000427166666666645e+00
2.148750000000000160e+00 9.912634999999999641e-01 9.994404999999999539e-01 9.994404999999999539e-01 1.000564000000000009e+00
2.156250000000000000e+00 9.830814999999999415e-01 9.995794999999998431e-01 9.995794999999998431e-01 1.000317666666666661e+00
2.163749999999999840e+00 9.948468333333333469e-01 9.995921666666666150e-01 9.995921666666666150e-01 1.000387833333333365e+00
2.171250000000000124e+00 9.881310000000000926e-01 1.000283499999999881e+00 1.000283499999999881e+00 1.000159666666666780e+00
2.178749999999999964e+00 9.932969999999999855e-01 9.995106666666666584e-01 9.995106666666666584e-01 1.000273000000000190e+00
2.186249999999999805e+00 9.858146666666666169e-01 9.997186666666667554e-01 9.997186666666667554e-01 1.000566166666666534e+00
2.193750000000000089e+00 9.884430000000000716e-01 1.000391833333333480e+00 1.000391833333333480e+00 1.000334333333333214e+00
2.201249999999999929e+00 9.965465000000000018e-01 1.000580500000000095e+00 1.000580500000000095e+00 1.000354833333333415e+00
2.208750000000000213e+00 9.915871666666666862e-01 9.996153333333334112e-01 9.996153333333334112e-01 1.000283166666666501e+00
2.216250000000000053e+00 9.831721666666667359e-01 1.000055000000000138e+00 1.000055000000000138e+00 1.000490333333333481e+00
2.223749999999999893e+00 9.951101666666667400e-01 1.000467166666666463e+00 1.000467166666666463e+00 1.000253666666666597e+00
2.231250000000000178e+00 9.899869999999998393e-01 1.000497833333333420e+00 1.000497833333333420e+00 1.000427500000000025e+00
2.238750000000000018e+00 9.845916666666667538e-01 1.000563333333333249e+00 1.000563333333333249e+00 1.000376166666666622e+00
2.246249999999999858e+00 9.917595000000000161e-01 1.001382166666666462e+00 1.001382166666666462e+00 1.000248833333333254e+00
2.253750000000000142e+00 9.938228333333333220e-01 1.000973666666666650e+00 1.000973666666666650e+00 1.000218166666666741e+00
2.261249999999999982e+00 9.977183333333332627e-01 1.001339999999999897e+00 1.001339999999999897e+00 1.000275000000000025e+00
2.268749999999999822e+00 9.901483333333332970e-01 1.001147000000000009e+00 1.001147000000000009e+00 1.000211833333333411e+00
2.276250000000000107e+00 9.911936666666666396e-01 1.001111499999999710e+00 1.001111499999999710e+00 1.000140499999999877e+00
2.283749999999999947e+00 9.911893333333333667e-01 1.001410333333333291e+00 1.001410333333333291e+00 1.000358166666666770e+00
2.291249999999999787e+00 9.909463333333333734e-01 1.001090666666666573e+00 1.001090666666666573e+00 1.000034166666666779e+00
2.298750000000000071e+00 9.898345000000000615e-01 1.001360166666666496e+00 1.001360166666666496e+00 1.000362333333333353e+00
2.306249999999999911e+00 9.933191666666666420e-01 1.001527833333333506e+00 1.001527833333333506e+00 1.000159499999999868e+00
2.313750000000000195e+00 9.923983333333333823e-01 1.000666333333333213e+00 1.000666333333333213e+00 1.000099166666666761e+00
2.321250000000000036e+00 9.867778333333333540e-01 1.001420333333333135e+00 1.001420333333333135e+00 1.000102666666666584e+00
2.328749999999999876e+00 9.952656666666666041e-01 1.000769499999999868e+00 1.000769499999999868e+00 1.000051000000000023e+00
2.336250000000000160e+00 9.917436666666666900e-01 1.001775333333333462e+00 1.001775333333333462e+00 9.999445000000001249e-01
2.343750000000000000e+00 9.934389999999999610e-01 1.001510833333333350e+00 1.001510833333333350e+00 1.000155499999999975e+00
2.351249999999999840e+00 9.908286666666666909e-01 1.001718166666666798e+00 1.001718166666666798e+00 9.999845000000000539e-01
2.358750000000000124e+00 9.958348333333332247e-01 1.000604500000000119e+00 1.000604500000000119e+00 9.999930000000000208e-01
2.366249999999999964e+00 1.003279166666666722e+00 1.000957666666666634e+00 1.000957666666666634e+00 1.000025833333333614e+00
2.373749999999999805e+00 1.000232833333333238e+00 1.001313166666666588e+00 1.001313166666666588e+00 1.000203333333333333e+00
2.381250000000000089e+00 9.985406666666666320e-01 1.000633666666666644e+00 1.000633666666666644e+00 1.000152999999999848e+00
2.388749999999999929e+00 1.000970666666666675e+00 1.000647999999999982e+00 1.000647999999999982e+00 9.998070000000001123e-01
2.396250000000000213e+00 1.002180499999999919e+00 1.001906666666666501e+00 1.001906666666666501e+00 9.997931666666667327e-01
2.403750000000000053e+00 1.002222500000000016e+00 1.000836166666666749e+00 1.000836166666666749e+00 9.998934999999998796e-01
2.411249999999999893e+00 1.002861833333333452e+00 1.000830666666666646e+00 1.000830666666666646e+00 1.000018666666666611e+00
2.418750000000000178e+00 1.005566000000000182e+00 1.000707999999999931e+00 1.000707999999999931e+00 9.999314999999998621e-01
2.426250000000000018e+00 9.978694999999998538e-01 1.000847333333333422e+00 1.000847333333333422e+00 9.998555000000001192e-01
2.433749999999999858e+00 1.002993833333333251e+00 1.001007666666666740e+00 1.001007666666666740e+00 9.997705000000000064e-01
2.441250000000000142e+00 1.002505166666666669e+00 1.000786833333333181e+00 1.000786833333333181e+00 9.999288333333334888e-01
2.448749999999999982e+00 1.003997666666666566e+00 1.000531833333333287e+00 1.000531833333333287e+00 9.997050000000000658e-01
2.456249999999999822e+00 1.002292166666666651e+00 1.000824166666666626e+00 1.000824166666666626e+00 9.999088333333333578e-01
2.463750000000000107e+00 1.002239166666666792e+00 1.001304666666666732e+00 1.001304666666666732e+00 9.999781666666667235e-01
2.471249999999999947e+00 1.001730166666666699e+00 1.000672833333333456e+00 1.000672833333333456e+00 9.998248333333332738e-01
2.478749999999999787e+00 1.004267166666666711e+00 1.000525333333333267e+00 1.000525333333333267e+00 9.997583333333333044e-01
2.486250000000000071e+00 9.978856666666665598e-01 1.001097000000000126e+00 1.001097000000000126e+00 1.000076166666666655e+00
2.493749999999999911e+00 1.010284333333333118e+00 1.000211499999999809e+00 1.000211499999999809e+00 9.998948333333332883e-01
2.501250000000000195e+00 1.001104500000000064e+00 1.000327000000000188e+00 1.000327000000000188e+00 9.998181666666666745e-01
2.508750000000000036e+00 1.001676833333333239e+00 1.000564166666666921e+00 1.000564166666666921e+00 9.998855000000000937e-01
2.516249999999999876e+00 1.002979833333333293e+00 1.000476333333333523e+00 1.000476333333333523e+00 9.997891666666666177e-01
2.523750000000000160e+00 1.001568166666666704e+00 9.999276666666666591e-01 9.999276666666666591e-01 9.996626666666665884e-01
2.531250000000000000e+00 1.004562666666666493e+00 1.000006666666666710e+00 1.000006666666666710e+00 9.998256666666666126e-01
2.538749999999999840e+00 1.004616333333333555e+00 1.000134833333333306e+00 1.000134833333333306e+00 9.997353333333331982e-01
2.546250000000000124e+00 1.004396999999999984e+00 1.000649333333333280e+00 1.000649333333333280e+00 9.998158333333333481e-01
2.553749999999999964e+00 1.001299500000000009e+00 1.000132000000000021e+00 1.000132000000000021e+00 9.998651666666665827e-01
2.561249999999999805e+00 1.008739833333333280e+00 1.000165500000000041e+00 1.000165500000000041e+00 9.999370000000000758e-01
2.568750000000000089e+00 1.003237333333333314e+00 9.997651666666665937e-01 9.997651666666665937e-01 9.997448333333333048e-01
2.576249999999999929e+00 9.965725000000000833e-01 9.997403333333333419e-01 9.997403333333333419e-01 9.999236666666665441e-01
2.583750000000000213e+00 1.001464000000000132e+00 1.000308000000000197e+00 1.000308000000000197e+00 9.999211666666667497e-01
2.591250000000000053e+00 1.012480166666666515e+00 1.000032833333333260e+00 1.000032833333333260e+00 9.998226666666666373e-01
2.598749999999999893e+00 1.002446833333333398e+00 9.997006666666666819e-01 9.997006666666666819e-01 9.998268333333332203e-01
2.606250000000000178e+00 9.998199999999998200e-01 9.993336666666667867e-01 9.993336666666667867e-01 9.997088333333333798e-01
2.613750000000000018e+00 9.979569999999999830e-01 9.994038333333333801e-01 9.994038333333333801e-01 9.998956666666667381e-01
2.621249999999999858e+00 1.001708666666666581e+00 1.000019833333333441e+00 1.000019833333333441e+00 9.995911666666666973e-01
2.628750000000000142e+00 9.981925000000000381e-01 1.000122166666666645e+00 1.000122166666666645e+00 9.999410000000000798e-01
2.636249999999999982e+00 1.002359333333333380e+00 9.991518333333333501e-01 9.991518333333333501e-01 9.999755000000001282e-01
2.643749999999999822e+00 1.006788666666666554e+00 1.000206333333333308e+00 1.000206333333333308e+00 9.998470000000000413e-01
2.651250000000000107e+00 1.006057500000000049e+00 1.000014666666666718e+00 1.000014666666666718e+00 1.000013833333333269e+00
2.658749999999999947e+00 1.000324999999999909e+00 9.999068333333335223e-01 9.999068333333335223e-01 9.999319999999999320e-01
2.666249999999999787e+00 1.002537500000000081e+00 9.993198333333332961e-01 9.993198333333332961e-01 9.999413333333332377e-01
2.673750000000000071e+00 1.004024666666666787e+00 9.996251666666666758e-01 9.996251666666666758e-01 9.999405000000000099e-01
2.681249999999999911e+00 9.987323333333333331e-01 9.992671666666668173e-01 9.992671666666668173e-01 9.998631666666667472e-01
2.688750000000000195e+00 9.950268333333335269e-01 9.992691666666667638e-01 9.992691666666667638e-01 9.999436666666666751e-01
2.696250000000000036e+00 1.005012833333333244e+00 9.993794999999998652e-01 9.993794999999998652e-01 9.999898333333333555e-01
2.703749999999999876e+00 1.004989833333333360e+00 9.993703333333332495e-01 9.993703333333332495e-01 9.997948333333334103e-01
2.711250000000000160e+00 9.992049999999998988e-01 9.993756666666665511e-01 9.993756666666665511e-01 9.997748333333333903e-01
2.718750000000000000e+00 1.000763000000000069e+00 9.991658333333331976e-01 9.991658333333331976e-01 1.000039333333333280e+00
2.726249999999999840e+00 9.997221666666668005e-01 9.987260000000000026e-01 9.987260000000000026e-01 9.999880000000000990e-01
2.733750000000000124e+00 1.001336833333333454e+00 9.996726666666666539e-01 9.996726666666666539e-01 9.998448333333334048e-01
2.741249999999999964e+00 9.974860000000002058e-01 9.993108333333333704e-01 9.993108333333333704e-01 1.000008833333333458e+00
2.748749999999999805e+00 9.973398333333333143e-01 9.995404999999998319e-01 9.995404999999998319e-01 9.999943333333334294e-01
2.756250000000000089e+00 1.000245499999999899e+00 9.994159999999999711e-01 9.994159999999999711e-01 1.000038666666666742e+00
2.763749999999999929e+00 9.975370000000000070e-01 9.994711666666665772e-01 9.994711666666665772e-01 9.999764999999999349e-01
2.771250000000000213e+00 9.991724999999999079e-01 9.991503333333332515e-01 9.991503333333332515e-01 1.000067166666666507e+00
2.778750000000000053e+00 1.001653500000000196e+00 9.993898333333333106e-01 9.993898333333333106e-01 1.000023000000000106e+00
2.786249999999999893e+00 1.003521333333333265e+00 9.990956666666667152e-01 9.990956666666667152e-01 9.999523333333333319e-01
2.793750000000000178e+00 9.919038333333333179e-01 9.994466666666665944e-01 9.994466666666665944e-01 9.998796666666667221e-01
2.801250000000000018e+00 1.000435166666666653e+00 9.996308333333332463e-01 9.996308333333332463e-01 9.998948333333333993e-01
2.808749999999999858e+00 9.971778333333333189e-01 9.996161666666667500e-01 9.996161666666667500e-01 1.000099833333333299e+00
2.816250000000000142e+00 9.974726666666665631e-01 9.992623333333333635e-01 9.992623333333333635e-01 9.999886666666667479e-01
2.823749999999999982e+00 1.002826833333333445e+00 9.994391666666665452e-01 9.994391666666665452e-01 1.000049500000000036e+00
2.831249999999999822e+00 1.001065000000000094e+00 9.990423333333332545e-01 9.990423333333332545e-01 1.000134999999999996e+00
2.838750000000000107e+00 1.001271499999999870e+00 9.994223333333334125e-01 9.994223333333334125e-01 1.000069666666666635e+00
2.846249999999999947e+00 9.963883333333333203e-01 9.992746666666665334e-01 9.992746666666665334e-01 1.000102333333333204e+00
2.853749999999999787e+00 9.985613333333334118e-01 9.993215000000000847e-01 9.993215000000000847e-01 1.000064499999999912e+00
2.861250000000000071e+00 1.001316666666666633e+00 9.996373333333332667e-01 9.996373333333332667e-01 1.000022833333333416e+00
2.868749999999999911e+00 9.974228333333332586e-01 9.998388333333333433e-01 9.998388333333333433e-01 1.000008666666666768e+00
2.876250000000000195e+00 1.001759000000000066e+00 9.992831666666665003e-01 9.992831666666665003e-01 1.000021166666666739e+00
2.883750000000000036e+00 9.988486666666666070e-01 9.997604999999999409e-01 9.997604999999999409e-01 1.000109166666666605e+00
2.891249999999999876e+00 9.986585000000000045e-01 9.987173333333334568e-01 9.987173333333334568e-01 1.000108500000000067e+00
2.898750000000000160e+00 9.987416666666666387e-01 9.992938333333333256e-01 9.992938333333333256e-01 9.998933333333331896e-01
2.906250000000000000e+00 9.934385000000000021e-01 9.998581666666667145e-01 9.998581666666667145e-01 1.000003666666666735e+00
2.913749999999999840e+00 1.000220166666666577e+00 9.995798333333333341e-01 9.995798333333333341e-01 1.000083500000000125e+00
2.921250000000000124e+00 1.001769166666666822e+00 9.993136666666666557e-01 9.993136666666666557e-01 1.000054833333333226e+00
2.928749999999999964e+00 1.003474500000000047e+00 9.998031666666666872e-01 9.998031666666666872e-01 1.000109333333333295e+00
2.936249999999999805e+00 9.989821666666666156e-01 1.000402666666666773e+00 1.000402666666666773e+00 1.000070333333333394e+00
2.943750000000000089e+00 9.980765000000001441e-01 9.999888333333334378e-01 9.999888333333334378e-01 9.999283333333331969e-01
2.951249999999999929e+00 9.929446666666666976e-01 9.999128333333334728e-01 9.999128333333334728e-01 1.000100333333333369e+00
2.958750000000000213e+00 1.000403833333333381e+00 9.993553333333333732e-01 9.993553333333333732e-01 1.000032166666666500e+00
2.966250000000000053e+00 9.974608333333332411e-01 1.000501333333333465e+00 1.000501333333333465e+00 1.000237166666666733e+00
2.973749999999999893e+00 9.970260000000000788e-01 9.994716666666666471e-01 9.994716666666666471e-01 1.000152166666666620e+00
2.981250000000000178e+00 9.999843333333333639e-01 1.000220499999999957e+00 1.000220499999999957e+00 9.999718333333333931e-01
2.988750000000000018e+00 9.954115000000000046e-01 1.000620499999999913e+00 1.000620499999999913e+00 1.000082666666666675e+00
2.996249999999999858e+00 1.005331000000000197e+00 9.995891666666668618e-01 9.995891666666668618e-01 9.999476666666665681e-01
