3.749999999999999861e-03 0.000000000000000000e+00 0.000000000000000000e+00 0.000000000000000000e+00 0.000000000000000000e+00
1.124999999999999958e-02 0.000000000000000000e+00 0.000000000000000000e+00 0.000000000000000000e+00 0.000000000000000000e+00
1.874999999999999931e-02 0.000000000000000000e+00 0.000000000000000000e+00 0.000000000000000000e+00 0.000000000000000000e+00
2.624999999999999903e-02 0.000000000000000000e+00 0.000000000000000000e+00 0.000000000000000000e+00 0.000000000000000000e+00
3.375000000000000222e-02 0.000000000000000000e+00 0.000000000000000000e+00 0.000000000000000000e+00 0.000000000000000000e+00
4.125000000000000194e-02 0.000000000000000000e+00 0.000000000000000000e+00 0.000000000000000000e+00 0.000000000000000000e+00
4.875000000000000167e-02 0.000000000000000000e+00 0.000000000000000000e+00 0.000000000000000000e+00 0.000000000000000000e+00
5.625000000000000139e-02 0.000000000000000000e+00 0.000000000000000000e+00 0.000000000000000000e+00 0.000000000000000000e+00
6.375000000000000111e-02 0.000000000000000000e+00 0.000000000000000000e+00 0.000000000000000000e+00 0.000000000000000000e+00
7.124999999999999389e-02 0.000000000000000000e+00 0.000000000000000000e+00 0.000000000000000000e+00 0.000000000000000000e+00
7.875000000000000056e-02 0.000000000000000000e+00 0.000000000000000000e+00 0.000000000000000000e+00 0.000000000000000000e+00
8.624999999999999334e-02 0.000000000000000000e+00 0.000000000000000000e+00 0.000000000000000000e+00 0.000000000000000000e+00
9.375000000000000000e-02 0.000000000000000000e+00 0.000000000000000000e+00 0.000000000000000000e+00 0.000000000000000000e+00
1.012500000000000067e-01 0.000000000000000000e+00 0.000000000000000000e+00 0.000000000000000000e+00 0.000000000000000000e+00
1.087499999999999994e-01 0.000000000000000000e+00 0.000000000000000000e+00 0.000000000000000000e+00 0.000000000000000000e+00
1.162500000000000061e-01 0.000000000000000000e+00 0.000000000000000000e+00 0.000000000000000000e+00 0.000000000000000000e+00
1.237499999999999989e-01 0.000000000000000000e+00 0.000000000000000000e+00 0.000000000000000000e+00 0.000000000000000000e+00
1.312500000000000056e-01 0.000000000000000000e+00 0.000000000000000000e+00 0.000000000000000000e+00 0.000000000000000000e+00
1.387500000000000122e-01 0.000000000000000000e+00 0.000000000000000000e+00 0.000000000000000000e+00 0.000000000000000000e+00
1.462499999999999911e-01 0.000000000000000000e+00 0.000000000000000000e+00 0.000000000000000000e+00 3.283333333333332955e-05
1.537499999999999978e-01 0.000000000000000000e+00 0.000000000000000000e+00 0.000000000000000000e+00 3.105666666666666298e-03
1.612500000000000044e-01 0.000000000000000000e+00 0.000000000000000000e+00 0.000000000000000000e+00 5.746516666666667134e-02
1.687500000000000111e-01 0.000000000000000000e+00 0.000000000000000000e+00 0.000000000000000000e+00 2.956083333333333063e-01
1.762499999999999900e-01 0.000000000000000000e+00 0.000000000000000000e+00 0.000000000000000000e+00 7.364418333333332400e-01
1.837499999999999967e-01 0.000000000000000000e+00 0.000000000000000000e+00 0.000000000000000000e+00 1.194244666666666621e+00
1.912500000000000033e-01 0.000000000000000000e+00 0.000000000000000000e+00 0.000000000000000000e+00 1.522207500000000158e+00
1.987500000000000100e-01 0.000000000000000000e+00 0.000000000000000000e+00 0.000000000000000000e+00 1.700813666666666668e+00
2.062499999999999889e-01 0.000000000000000000e+00 0.000000000000000000e+00 0.000000000000000000e+00 1.769684666666666795e+00
2.137499999999999956e-01 0.000000000000000000e+00 0.000000000000000000e+00 0.000000000000000000e+00 1.763870833333333055e+00
2.212500000000000022e-01 0.000000000000000000e+00 0.000000000000000000e+00 0.000000000000000000e+00 1.730818500000000038e+00
2.287500000000000089e-01 0.000000000000000000e+00 0.000000000000000000e+00 0.000000000000000000e+00 1.676491833333333403e+00
2.362499999999999878e-01 0.000000000000000000e+00 0.000000000000000000e+00 0.000000000000000000e+00 1.627687500000000398e+00
2.437499999999999944e-01 0.000000000000000000e+00 0.000000000000000000e+00 0.000000000000000000e+00 1.579196666666666582e+00
2.512499999999999734e-01 0.000000000000000000e+00 0.000000000000000000e+00 0.000000000000000000e+00 1.539858333333333329e+00
2.587499999999999800e-01 0.000000000000000000e+00 0.000000000000000000e+00 0.000000000000000000e+00 1.501525666666666758e+00
2.662499999999999867e-01 0.000000000000000000e+00 0.000000000000000000e+00 0.000000000000000000e+00 1.466241166666666595e+00
2.737499999999999933e-01 0.000000000000000000e+00 0.000000000000000000e+00 0.000000000000000000e+00 1.430753500000000011e+00
2.812500000000000000e-01 0.000000000000000000e+00 0.000000000000000000e+00 0.000000000000000000e+00 1.399706833333333122e+00
2.887500000000000067e-01 0.000000000000000000e+00 0.000000000000000000e+00 0.000000000000000000e+00 1.375705499999999804e+00
2.962500000000000133e-01 0.000000000000000000e+00 0.000000000000000000e+00 0.000000000000000000e+00 1.351066999999999796e+00
3.037500000000000200e-01 0.000000000000000000e+00 0.000000000000000000e+00 0.000000000000000000e+00 1.329386500000000026e+00
3.112500000000000266e-01 0.000000000000000000e+00 0.000000000000000000e+00 0.000000000000000000e+00 1.310164499999999954e+00
3.187499999999999778e-01 0.000000000000000000e+00 0.000000000000000000e+00 0.000000000000000000e+00 1.293818833333333140e+00
3.262499999999999845e-01 0.000000000000000000e+00 0.000000000000000000e+00 0.000000000000000000e+00 1.279679000000000011e+00
3.337499999999999911e-01 0.000000000000000000e+00 0.000000000000000000e+00 0.000000000000000000e+00 1.268227333333333151e+00
3.412499999999999978e-01 0.000000000000000000e+00 0.000000000000000000e+00 0.000000000000000000e+00 1.258493499999999932e+00
3.487500000000000044e-01 0.000000000000000000e+00 0.000000000000000000e+00 0.000000000000000000e+00 1.251733500000000054e+00
3.562500000000000111e-01 0.000000000000000000e+00 0.000000000000000000e+00 0.000000000000000000e+00 1.246746666666666670e+00
3.637500000000000178e-01 0.000000000000000000e+00 0.000000000000000000e+00 0.000000000000000000e+00 1.243703333333333161e+00
3.712500000000000244e-01 0.000000000000000000e+00 0.000000000000000000e+00 0.000000000000000000e+00 1.238488166666666501e+00
3.787499999999999756e-01 0.000000000000000000e+00 0.000000000000000000e+00 0.000000000000000000e+00 1.234999166666666648e+00
3.862499999999999822e-01 0.000000000000000000e+00 0.000000000000000000e+00 0.000000000000000000e+00 1.231633166666666446e+00
3.937499999999999889e-01 0.000000000000000000e+00 0.000000000000000000e+00 0.000000000000000000e+00 1.227767833333333281e+00
4.012499999999999956e-01 0.000000000000000000e+00 0.000000000000000000e+00 0.000000000000000000e+00 1.224716666666666676e+00
4.087500000000000022e-01 0.000000000000000000e+00 0.000000000000000000e+00 0.000000000000000000e+00 1.219263833333333436e+00
4.162500000000000089e-01 0.000000000000000000e+00 0.000000000000000000e+00 0.000000000000000000e+00 1.215327333333333426e+00
4.237500000000000155e-01 0.000000000000000000e+00 0.000000000000000000e+00 0.000000000000000000e+00 1.208061166666666741e+00
4.312500000000000222e-01 0.000000000000000000e+00 0.000000000000000000e+00 0.000000000000000000e+00 1.203753833333333301e+00
4.387499999999999734e-01 0.000000000000000000e+00 0.000000000000000000e+00 0.000000000000000000e+00 1.196297666666666704e+00
4.462499999999999800e-01 0.000000000000000000e+00 4.100000000000000047e-05 4.100000000000000047e-05 1.189865000000000173e+00
4.537499999999999867e-01 0.000000000000000000e+00 3.318333333333333400e-04 3.318333333333333400e-04 1.184190333333333234e+00
4.612499999999999933e-01 0.000000000000000000e+00 2.338166666666666779e-03 2.338166666666666779e-03 1.178385833333333244e+00
4.687500000000000000e-01 0.000000000000000000e+00 9.176999999999999394e-03 9.176999999999999394e-03 1.172951999999999995e+00
4.762500000000000067e-01 0.000000000000000000e+00 2.758650000000000338e-02 2.758650000000000338e-02 1.164725166666666700e+00
4.837500000000000133e-01 0.000000000000000000e+00 6.679149999999998977e-02 6.679149999999998977e-02 1.157941666666666647e+00
4.912500000000000200e-01 0.000000000000000000e+00 1.341913333333333291e-01 1.341913333333333291e-01 1.153257999999999894e+00
4.987500000000000266e-01 0.000000000000000000e+00 2.373570000000000124e-01 2.373570000000000124e-01 1.146760833333333451e+00
5.062499999999999778e-01 0.000000000000000000e+00 3.715055000000000440e-01 3.715055000000000440e-01 1.140019833333333343e+00
5.137500000000000400e-01 0.000000000000000000e+00 5.239651666666665930e-01 5.239651666666665930e-01 1.135521500000000072e+00
5.212499999999999911e-01 0.000000000000000000e+00 6.921346666666666758e-01 6.921346666666666758e-01 1.128455333333333366e+00
5.287500000000000533e-01 0.000000000000000000e+00 8.511473333333333668e-01 8.511473333333333668e-01 1.124509500000000051e+00
5.362500000000000044e-01 0.000000000000000000e+00 1.002906500000000145e+00 1.002906500000000145e+00 1.118509000000000198e+00
5.437499999999999556e-01 0.000000000000000000e+00 1.134870666666666583e+00 1.134870666666666583e+00 1.113960166666666751e+00
5.512500000000000178e-01 0.000000000000000000e+00 1.244938000000000100e+00 1.244938000000000100e+00 1.108891833333333521e+00
5.587499999999999689e-01 0.000000000000000000e+00 1.329408499999999993e+00 1.329408499999999993e+00 1.104319166666666741e+00
5.662500000000000311e-01 0.000000000000000000e+00 1.392114000000000074e+00 1.392114000000000074e+00 1.098450166666666838e+00
5.737499999999999822e-01 0.000000000000000000e+00 1.431474833333333363e+00 1.431474833333333363e+00 1.093918500000000016e+00
5.812500000000000444e-01 0.000000000000000000e+00 1.453876499999999794e+00 1.453876499999999794e+00 1.090074166666666899e+00
5.887499999999999956e-01 0.000000000000000000e+00 1.459127666666666601e+00 1.459127666666666601e+00 1.084508999999999945e+00
5.962499999999999467e-01 0.000000000000000000e+00 1.459109999999999907e+00 1.459109999999999907e+00 1.081402666666666734e+00
6.037500000000000089e-01 0.000000000000000000e+00 1.445794333333332959e+00 1.445794333333332959e+00 1.076616833333333245e+00
6.112499999999999600e-01 0.000000000000000000e+00 1.422575166666666613e+00 1.422575166666666613e+00 1.072456500000000146e+00
6.187500000000000222e-01 0.000000000000000000e+00 1.401970833333333388e+00 1.401970833333333388e+00 1.067656666666666476e+00
6.262499999999999734e-01 0.000000000000000000e+00 1.375766666666666582e+00 1.375766666666666582e+00 1.064426666666666632e+00
6.337500000000000355e-01 0.000000000000000000e+00 1.349205000000000210e+00 1.349205000000000210e+00 1.059767666666666663e+00
6.412499999999999867e-01 0.000000000000000000e+00 1.321988499999999789e+00 1.321988499999999789e+00 1.056004500000000013e+00
6.487500000000000488e-01 0.000000000000000000e+00 1.294197333333333422e+00 1.294197333333333422e+00 1.052392166666666684e+00
6.562500000000000000e-01 0.000000000000000000e+00 1.269386833333333353e+00 1.269386833333333353e+00 1.049553833333333630e+00
6.637499999999999512e-01 0.000000000000000000e+00 1.244461166666666729e+00 1.244461166666666729e+00 1.045913166666666561e+00
6.712500000000000133e-01 0.000000000000000000e+00 1.223740166666666740e+00 1.223740166666666740e+00 1.041610333333333305e+00
6.787499999999999645e-01 0.000000000000000000e+00 1.204612500000000086e+00 1.204612500000000086e+00 1.038974500000000134e+00
6.862500000000000266e-01 0.000000000000000000e+00 1.189733333333333531e+00 1.189733333333333531e+00 1.036070333333333204e+00
6.937499999999999778e-01 0.000000000000000000e+00 1.176301000000000041e+00 1.176301000000000041e+00 1.032910333333333375e+00
7.012500000000000400e-01 0.000000000000000000e+00 1.164541333333333428e+00 1.164541333333333428e+00 1.030150666666666881e+00
7.087499999999999911e-01 0.000000000000000000e+00 1.152559833333333339e+00 1.152559833333333339e+00 1.027005833333333396e+00
7.162500000000000533e-01 0.000000000000000000e+00 1.144640833333333108e+00 1.144640833333333108e+00 1.023725500000000066e+00
7.237500000000000044e-01 0.000000000000000000e+00 1.144150166666666690e+00 1.144150166666666690e+00 1.020645166666666936e+00
7.312499999999999556e-01 2.130000000000000003e-04 1.135007333333333257e+00 1.135007333333333257e+00 1.018557833333333384e+00
7.387500000000000178e-01 7.303333333333333769e-04 1.131958333333333400e+00 1.131958333333333400e+00 1.015748833333333545e+00
7.462499999999999689e-01 3.680166666666666656e-03 1.128654666666666806e+00 1.128654666666666806e+00 1.012572000000000028e+00
7.537500000000000311e-01 1.012083333333333238e-02 1.122955333333333305e+00 1.122955333333333305e+00 1.011007166666666679e+00
7.612499999999999822e-01 2.249733333333333099e-02 1.117684166666666590e+00 1.117684166666666590e+00 1.008114333333333335e+00
7.687500000000000444e-01 5.972716666666666452e-02 1.114558333333333318e+00 1.114558333333333318e+00 1.006154666666666531e+00
7.762499999999999956e-01 1.208418333333333289e-01 1.110209500000000071e+00 1.110209500000000071e+00 1.003932333333333204e+00
7.837499999999999467e-01 2.201198333333333201e-01 1.104924999999999935e+00 1.104924999999999935e+00 1.002634500000000095e+00
7.912500000000000089e-01 3.595503333333333607e-01 1.100638833333333233e+00 1.100638833333333233e+00 1.000811499999999965e+00
7.987499999999999600e-01 5.393288333333333684e-01 1.095738166666666791e+00 1.095738166666666791e+00 9.984874999999998613e-01
8.062500000000000222e-01 7.617818333333333802e-01 1.090284499999999879e+00 1.090284499999999879e+00 9.969255000000000200e-01
8.137499999999999734e-01 9.777860000000000440e-01 1.086368333333333380e+00 1.086368333333333380e+00 9.958336666666666170e-01
8.212500000000000355e-01 1.255616666666666825e+00 1.080353666666666657e+00 1.080353666666666657e+00 9.941311666666665658e-01
8.287499999999999867e-01 1.514986166666666634e+00 1.074486499999999900e+00 1.074486499999999900e+00 9.920323333333332938e-01
8.362500000000000488e-01 1.718894333333333302e+00 1.069383500000000042e+00 1.069383500000000042e+00 9.916839999999998989e-01
8.437500000000000000e-01 1.939815833333333295e+00 1.064815833333333073e+00 1.064815833333333073e+00 9.892841666666666312e-01
8.512499999999999512e-01 2.086959333333333166e+00 1.058870166666666668e+00 1.058870166666666668e+00 9.888846666666667451e-01
8.587500000000000133e-01 2.214252000000000109e+00 1.053018500000000079e+00 1.053018500000000079e+00 9.880521666666667313e-01
8.662499999999999645e-01 2.286086000000000507e+00 1.046811999999999854e+00 1.046811999999999854e+00 9.870511666666667017e-01
8.737500000000000266e-01 2.309053333333333402e+00 1.041107833333333454e+00 1.041107833333333454e+00 9.855651666666666033e-01
8.812499999999999778e-01 2.307304833333333249e+00 1.037689666666666621e+00 1.037689666666666621e+00 9.850553333333332828e-01
8.887500000000000400e-01 2.306799833333333272e+00 1.030205166666666505e+00 1.030205166666666505e+00 9.846108333333334350e-01
8.962499999999999911e-01 2.213213166666666343e+00 1.026462666666666523e+00 1.026462666666666523e+00 9.838783333333335213e-01
9.037500000000000533e-01 2.167919333333333309e+00 1.025049499999999947e+00 1.025049499999999947e+00 9.835456666666665404e-01
9.112500000000000044e-01 2.083565000000000111e+00 1.018738333333333301e+00 1.018738333333333301e+00 9.831389999999999851e-01
9.187499999999999556e-01 2.005239500000000064e+00 1.015159833333333372e+00 1.015159833333333372e+00 9.823010000000000908e-01
9.262500000000000178e-01 1.907866833333333290e+00 1.011811833333333466e+00 1.011811833333333466e+00 9.823548333333332883e-01
9.337499999999999689e-01 1.841493500000000116e+00 1.009319833333333305e+00 1.009319833333333305e+00 9.823020000000001195e-01
9.412500000000000311e-01 1.745626666666666438e+00 1.005028000000000032e+00 1.005028000000000032e+00 9.824908333333333132e-01
9.487499999999999822e-01 1.647931333333333193e+00 1.001121833333333377e+00 1.001121833333333377e+00 9.823143333333334004e-01
9.562500000000000444e-01 1.555502333333333320e+00 9.995885000000001019e-01 9.995885000000001019e-01 9.827861666666666274e-01
9.637499999999999956e-01 1.467088666666666485e+00 9.961458333333332860e-01 9.961458333333332860e-01 9.828366666666666918e-01
9.712499999999999467e-01 1.411204166666666815e+00 9.917631666666667511e-01 9.917631666666667511e-01 9.832211666666667016e-01
9.787500000000000089e-01 1.353109833333333123e+00 9.885935000000000139e-01 9.885935000000000139e-01 9.835709999999999731e-01
9.862499999999999600e-01 1.304455833333333370e+00 9.850913333333334299e-01 9.850913333333334299e-01 9.838021666666666443e-01
9.937500000000000222e-01 1.231283833333333355e+00 9.837106666666666221e-01 9.837106666666666221e-01 9.848590000000000400e-01
1.001249999999999973e+00 1.210748666666666473e+00 9.825233333333333041e-01 9.825233333333333041e-01 9.848629999999998219e-01
1.008750000000000036e+00 1.151690166666666792e+00 9.801491666666666269e-01 9.801491666666666269e-01 9.862318333333331966e-01
1.016250000000000098e+00 1.120751833333333281e+00 9.783581666666667509e-01 9.783581666666667509e-01 9.869099999999999540e-01
1.023749999999999938e+00 1.090539000000000147e+00 9.744046666666665857e-01 9.744046666666665857e-01 9.876036666666666575e-01
1.031250000000000000e+00 1.063332166666666856e+00 9.735219999999999985e-01 9.735219999999999985e-01 9.889503333333333757e-01
1.038750000000000062e+00 1.035263999999999962e+00 9.725618333333333476e-01 9.725618333333333476e-01 9.899580000000000046e-01
1.046249999999999902e+00 1.027964000000000100e+00 9.712619999999999587e-01 9.712619999999999587e-01 9.907088333333334829e-01
1.053749999999999964e+00 1.001949666666666738e+00 9.683943333333332459e-01 9.683943333333332459e-01 9.917361666666666409e-01
1.061250000000000027e+00 1.012253333333333449e+00 9.673738333333332662e-01 9.673738333333332662e-01 9.925539999999998253e-01
1.068750000000000089e+00 9.934110000000000440e-01 9.644231666666667202e-01 9.644231666666667202e-01 9.934229999999999450e-01
1.076249999999999929e+00 9.929333333333333345e-01 9.655238333333332479e-01 9.655238333333332479e-01 9.949664999999999759e-01
1.083749999999999991e+00 9.777838333333334075e-01 9.638296666666666956e-01 9.638296666666666956e-01 9.957671666666666477e-01
1.091250000000000053e+00 9.921183333333334353e-01 9.604835000000000456e-01 9.604835000000000456e-01 9.969670000000000476e-01
1.098749999999999893e+00 9.848455000000000403e-01 9.607843333333333513e-01 9.607843333333333513e-01 9.975578333333333658e-01
1.106249999999999956e+00 9.711648333333332550e-01 9.603565000000000573e-01 9.603565000000000573e-01 9.983620000000000827e-01
1.113750000000000018e+00 9.819493333333332297e-01 9.599850000000000882e-01 9.599850000000000882e-01 9.990483333333332050e-01
1.121250000000000080e+00 9.849326666666667895e-01 9.601886666666666903e-01 9.601886666666666903e-01 1.000218333333333431e+00
1.128749999999999920e+00 9.780988333333334728e-01 9.591483333333332695e-01 9.591483333333332695e-01 1.000852499999999923e+00
1.136249999999999982e+00 9.738281666666667169e-01 9.584973333333333123e-01 9.584973333333333123e-01 1.001388666666666483e+00
1.143750000000000044e+00 9.780278333333334295e-01 9.593208333333334004e-01 9.593208333333334004e-01 1.001570999999999989e+00
1.151250000000000107e+00 9.693209999999999882e-01 9.573861666666666492e-01 9.573861666666666492e-01 1.001522666666666783e+00
1.158749999999999947e+00 9.564319999999999489e-01 9.588593333333333968e-01 9.588593333333333968e-01 1.002500833333333174e+00
1.166250000000000009e+00 9.600343333333332119e-01 9.591560000000001196e-01 9.591560000000001196e-01 1.002554666666666705e+00
1.173750000000000071e+00 9.598711666666664977e-01 9.578604999999998926e-01 9.578604999999998926e-01 1.003203333333333447e+00
1.181249999999999911e+00 9.494346666666667600e-01 9.598218333333333740e-01 9.598218333333333740e-01 1.003378499999999951e+00
1.188749999999999973e+00 9.486923333333333597e-01 9.619491666666665219e-01 9.619491666666665219e-01 1.003510833333333130e+00
1.196250000000000036e+00 9.635690000000000088e-01 9.601525000000000754e-01 9.601525000000000754e-01 1.004186166666666713e+00
1.203750000000000098e+00 9.609108333333332697e-01 9.628145000000000175e-01 9.628145000000000175e-01 1.004287999999999847e+00
1.211249999999999938e+00 9.473018333333333985e-01 9.628324999999998690e-01 9.628324999999998690e-01 1.004641666666666655e+00
1.218750000000000000e+00 9.494383333333332731e-01 9.640715000000000812e-01 9.640715000000000812e-01 1.004156499999999896e+00
1.226250000000000062e+00 9.267666666666666275e-01 9.653981666666666683e-01 9.653981666666666683e-01 1.004489166666666433e+00
1.233749999999999902e+00 9.470261666666667244e-01 9.668554999999999788e-01 9.668554999999999788e-01 1.004696833333333261e+00
1.241249999999999964e+00 9.345818333333334449e-01 9.679051666666667053e-01 9.679051666666667053e-01 1.004985500000000087e+00
1.248750000000000027e+00 9.372989999999999933e-01 9.681155000000000177e-01 9.681155000000000177e-01 1.004940333333333324e+00
1.256250000000000089e+00 9.240485000000000504e-01 9.719508333333334305e-01 9.719508333333334305e-01 1.004634999999999945e+00
1.263749999999999929e+00 9.163926666666667442e-01 9.717508333333332304e-01 9.717508333333332304e-01 1.004774166666666524e+00
1.271249999999999991e+00 9.198085000000001399e-01 9.744341666666667123e-01 9.744341666666667123e-01 1.005057166666666779e+00
1.278750000000000053e+00 9.238476666666666226e-01 9.759665000000000701e-01 9.759665000000000701e-01 1.005163500000000099e+00
1.286249999999999893e+00 9.203320000000000389e-01 9.781641666666666124e-01 9.781641666666666124e-01 1.004653666666666556e+00
1.293749999999999956e+00 9.247264999999998958e-01 9.795553333333333335e-01 9.795553333333333335e-01 1.004847333333333204e+00
1.301250000000000018e+00 9.195778333333332055e-01 9.829988333333332662e-01 9.829988333333332662e-01 1.004702999999999902e+00
1.308750000000000080e+00 9.176108333333333755e-01 9.849621666666666941e-01 9.849621666666666941e-01 1.004934666666666754e+00
1.316249999999999920e+00 9.204591666666667171e-01 9.858131666666666293e-01 9.858131666666666293e-01 1.004631500000000122e+00
1.323749999999999982e+00 9.179209999999998759e-01 9.887163333333334192e-01 9.887163333333334192e-01 1.004754499999999995e+00
1.331250000000000044e+00 9.041378333333333073e-01 9.912688333333333768e-01 9.912688333333333768e-01 1.004264333333333425e+00
1.338750000000000107e+00 9.144611666666667693e-01 9.913698333333332835e-01 9.913698333333332835e-01 1.004550499999999902e+00
1.346249999999999947e+00 9.112113333333332621e-01 9.969158333333333344e-01 9.969158333333333344e-01 1.004302833333333256e+00
1.353750000000000009e+00 9.202479999999999549e-01 9.986221666666666996e-01 9.986221666666666996e-01 1.004587833333333124e+00
1.361250000000000071e+00 9.277403333333333890e-01 9.991418333333332846e-01 9.991418333333332846e-01 1.004072333333333455e+00
1.368749999999999911e+00 9.207010000000001027e-01 1.001200499999999938e+00 1.001200499999999938e+00 1.004302833333333256e+00
1.376249999999999973e+00 9.117451666666668286e-01 1.004299166666666743e+00 1.004299166666666743e+00 1.003933666666666724e+00
1.383750000000000036e+00 9.298078333333332779e-01 1.006373500000000032e+00 1.006373500000000032e+00 1.003586166666666557e+00
1.391250000000000098e+00 9.344281666666666153e-01 1.007550166666666636e+00 1.007550166666666636e+00 1.003838833333333236e+00
1.398749999999999938e+00 9.252203333333334223e-01 1.008967333333333327e+00 1.008967333333333327e+00 1.003421166666666808e+00
1.406250000000000000e+00 9.172200000000000353e-01 1.010683999999999916e+00 1.010683999999999916e+00 1.003349833333333274e+00
1.413750000000000062e+00 9.307004999999999306e-01 1.010760833333333331e+00 1.010760833333333331e+00 1.003553166666666607e+00
1.421249999999999902e+00 9.329663333333333419e-01 1.012439166666666557e+00 1.012439166666666557e+00 1.003183833333333386e+00
1.428749999999999964e+00 9.264048333333333440e-01 1.013267666666666678e+00 1.013267666666666678e+00 1.002843833333333379e+00
1.436250000000000027e+00 9.331761666666666954e-01 1.015327499999999938e+00 1.015327499999999938e+00 1.003044499999999895e+00
1.443750000000000089e+00 9.331475000000000186e-01 1.014131166666666584e+00 1.014131166666666584e+00 1.002313333333333389e+00
1.451249999999999929e+00 9.333128333333333693e-01 1.016343166666666464e+00 1.016343166666666464e+00 1.002391833333333260e+00
1.458749999999999991e+00 9.325158333333333216e-01 1.014005333333333203e+00 1.014005333333333203e+00 1.002230166666666866e+00
1.466250000000000053e+00 9.439734999999999099e-01 1.016229499999999897e+00 1.016229499999999897e+00 1.002335999999999894e+00
1.473749999999999893e+00 9.433808333333333351e-01 1.015196999999999905e+00 1.015196999999999905e+00 1.001780333333333273e+00
1.481249999999999956e+00 9.525083333333334012e-01 1.014427833333333195e+00 1.014427833333333195e+00 1.001821833333333300e+00
1.488750000000000018e+00 9.462233333333331942e-01 1.013407499999999795e+00 1.013407499999999795e+00 1.001487999999999934e+00
1.496250000000000080e+00 9.532398333333333973e-01 1.013673666666666584e+00 1.013673666666666584e+00 1.001512333333333338e+00
1.503749999999999920e+00 9.601701666666667689e-01 1.014559666666666748e+00 1.014559666666666748e+00 1.001425999999999927e+00
1.511249999999999982e+00 9.625791666666666524e-01 1.012726000000000015e+00 1.012726000000000015e+00 1.001524999999999999e+00
1.518750000000000044e+00 9.612159999999999593e-01 1.012418166666666508e+00 1.012418166666666508e+00 1.000698666666666625e+00
1.526250000000000107e+00 9.566313333333332780e-01 1.013237333333333323e+00 1.013237333333333323e+00 1.000686833333333414e+00
1.533749999999999947e+00 9.676761666666666706e-01 1.012132666666666791e+00 1.012132666666666791e+00 1.000817666666666605e+00
1.541250000000000009e+00 9.712233333333334384e-01 1.012397499999999839e+00 1.012397499999999839e+00 1.000616333333333330e+00
1.548750000000000071e+00 9.734223333333332784e-01 1.010951500000000003e+00 1.010951500000000003e+00 1.000467999999999913e+00
1.556249999999999911e+00 9.745466666666667832e-01 1.010625666666666644e+00 1.010625666666666644e+00 1.000068333333333337e+00
1.563749999999999973e+00 9.879440000000000444e-01 1.010730666666666666e+00 1.010730666666666666e+00 1.000172166666666529e+00
1.571250000000000036e+00 9.874824999999999298e-01 1.009432000000000107e+00 1.009432000000000107e+00 9.999103333333333454e-01
1.578750000000000098e+00 9.874876666666666525e-01 1.008838166666666591e+00 1.008838166666666591e+00 9.997818333333334806e-01
1.586249999999999938e+00 9.929468333333333341e-01 1.007978999999999958e+00 1.007978999999999958e+00 9.998534999999998396e-01
1.593750000000000000e+00 9.898316666666667762e-01 1.008212499999999956e+00 1.008212499999999956e+00 9.995008333333332828e-01
1.601250000000000062e+00 9.946806666666666574e-01 1.008233000000000157e+00 1.008233000000000157e+00 9.994550000000000933e-01
1.608749999999999902e+00 1.005665999999999949e+00 1.007779666666666740e+00 1.007779666666666740e+00 9.993963333333333310e-01
1.616249999999999964e+00 1.009539500000000034e+00 1.006751666666666933e+00 1.006751666666666933e+00 9.995465000000001154e-01
1.623750000000000027e+00 1.022886166666666652e+00 1.006831999999999949e+00 1.006831999999999949e+00 9.993296666666667827e-01
1.631250000000000089e+00 1.022915833333333469e+00 1.006047333333333293e+00 1.006047333333333293e+00 9.992276666666666252e-01
1.638749999999999929e+00 1.026506000000000141e+00 1.006217500000000209e+00 1.006217500000000209e+00 9.991555000000000852e-01
1.646249999999999991e+00 1.029463166666666707e+00 1.005587166666666699e+00 1.005587166666666699e+00 9.992495000000000127e-01
1.653750000000000053e+00 1.026953666666666765e+00 1.004615666666666796e+00 1.004615666666666796e+00 9.989496666666667357e-01
1.661249999999999893e+00 1.028883000000000214e+00 1.004427500000000029e+00 1.004427500000000029e+00 9.988365000000000160e-01
1.668749999999999956e+00 1.024500999999999884e+00 1.004847166666666736e+00 1.004847166666666736e+00 9.987086666666665780e-01
1.676250000000000018e+00 1.036162333333333185e+00 1.002767666666666502e+00 1.002767666666666502e+00 9.986098333333334187e-01
1.683750000000000080e+00 1.039081166666666611e+00 1.002790499999999918e+00 1.002790499999999918e+00 9.989006666666666590e-01
1.691249999999999920e+00 1.046625166666666606e+00 1.003191833333333394e+00 1.003191833333333394e+00 9.986644999999999550e-01
1.698749999999999982e+00 1.042237333333333238e+00 1.002900000000000125e+00 1.002900000000000125e+00 9.985479999999998801e-01
1.706250000000000044e+00 1.050909999999999789e+00 1.001824999999999966e+00 1.001824999999999966e+00 9.988513333333332023e-01
1.713750000000000107e+00 1.045337333333333341e+00 1.001642166666666833e+00 1.001642166666666833e+00 9.988343333333332685e-01
1.721249999999999947e+00 1.042723166666666756e+00 1.001620999999999873e+00 1.001620999999999873e+00 9.989451666666666618e-01
1.728750000000000009e+00 1.052497666666666554e+00 1.000756499999999827e+00 1.000756499999999827e+00 9.984338333333332427e-01
1.736250000000000071e+00 1.045785166666666433e+00 1.000826833333333221e+00 1.000826833333333221e+00 9.988236666666666652e-01
1.743749999999999911e+00 1.041470333333333276e+00 1.000511000000000150e+00 1.000511000000000150e+00 9.985541666666666316e-01
1.751249999999999973e+00 1.044876666666666676e+00 1.000512166666666536e+00 1.000512166666666536e+00 9.987188333333333334e-01
1.758750000000000036e+00 1.036756999999999929e+00 9.998814999999999786e-01 9.998814999999999786e-01 9.987728333333333319e-01
1.766250000000000098e+00 1.042862666666666493e+00 1.000185833333333330e+00 1.000185833333333330e+00 9.989328333333333809e-01
1.773749999999999938e+00 1.034405999999999937e+00 9.994848333333333779e-01 9.994848333333333779e-01 9.985994999999999733e-01
1.781250000000000000e+00 1.035779666666666765e+00 9.989625000000000865e-01 9.989625000000000865e-01 9.986120000000000552e-01
1.788750000000000062e+00 1.028909333333333231e+00 9.983638333333333392e-01 9.983638333333333392e-01 9.987879999999998981e-01
1.796249999999999902e+00 1.028310666666666373e+00 9.983626666666666205e-01 9.983626666666666205e-01 9.989243333333331920e-01
1.803749999999999964e+00 1.027091166666666444e+00 9.990035000000000442e-01 9.990035000000000442e-01 9.990496666666666137e-01
1.811250000000000027e+00 1.024329833333333495e+00 9.991918333333332791e-01 9.991918333333332791e-01 9.991131666666667188e-01
1.818750000000000089e+00 1.023885166666666624e+00 9.986130000000000839e-01 9.986130000000000839e-01 9.987961666666667071e-01
1.826249999999999929e+00 1.016534000000000049e+00 9.980041666666666922e-01 9.980041666666666922e-01 9.991456666666665987e-01
1.833749999999999991e+00 1.016108499999999859e+00 9.969544999999998547e-01 9.969544999999998547e-01 9.990778333333332206e-01
1.841250000000000053e+00 1.019652833333333453e+00 9.982644999999999991e-01 9.982644999999999991e-01 9.992366666666666619e-01
1.848749999999999893e+00 1.017909666666666713e+00 9.965311666666666346e-01 9.965311666666666346e-01 9.990783333333332905e-01
1.856249999999999956e+00 1.019796000000000147e+00 9.979896666666666638e-01 9.979896666666666638e-01 9.991483333333334160e-01
1.863750000000000018e+00 1.010932999999999859e+00 9.964976666666666150e-01 9.964976666666666150e-01 9.993601666666666050e-01
1.871250000000000080e+00 1.005706999999999907e+00 9.962210000000001342e-01 9.962210000000001342e-01 9.993481666666665930e-01
1.878749999999999920e+00 1.009064999999999879e+00 9.977411666666666790e-01 9.977411666666666790e-01 9.995424999999998894e-01
1.886249999999999982e+00 1.008416833333333429e+00 9.966936666666667000e-01 9.966936666666667000e-01 9.994346666666666934e-01
1.893750000000000044e+00 1.005890166666666419e+00 9.957088333333331542e-01 9.957088333333331542e-01 9.996116666666666761e-01
1.901250000000000107e+00 1.005246333333333464e+00 9.963728333333333742e-01 9.963728333333333742e-01 9.995536666666665626e-01
1.908749999999999947e+00 1.006425333333333283e+00 9.968409999999998661e-01 9.968409999999998661e-01 9.997144999999999504e-01
1.916250000000000009e+00 9.982679999999999332e-01 9.969410000000000771e-01 9.969410000000000771e-01 9.997246666666664838e-01
1.923750000000000071e+00 9.977296666666667369e-01 9.970864999999999867e-01 9.970864999999999867e-01 9.997840000000000060e-01
1.931249999999999911e+00 9.998866666666668124e-01 9.961500000000000909e-01 9.961500000000000909e-01 9.998679999999998680e-01
1.938749999999999973e+00 1.000496166666666520e+00 9.964921666666666233e-01 9.964921666666666233e-01 9.997681666666666800e-01
1.946250000000000036e+00 9.936868333333332970e-01 9.968819999999999348e-01 9.968819999999999348e-01 9.998171666666667567e-01
1.953750000000000098e+00 9.996598333333333031e-01 9.959983333333334299e-01 9.959983333333334299e-01 9.999323333333332009e-01
1.961249999999999938e+00 9.911260000000000625e-01 9.971691666666666620e-01 9.971691666666666620e-01 1.000176833333333404e+00
1.968750000000000000e+00 9.990851666666668018e-01 9.974151666666667415e-01 9.974151666666667415e-01 1.000163499999999983e+00
1.976250000000000062e+00 9.958601666666666574e-01 9.967736666666667800e-01 9.967736666666667800e-01 1.000051333333333181e+00
1.983749999999999902e+00 9.920624999999999583e-01 9.974478333333333113e-01 9.974478333333333113e-01 9.999398333333332500e-01
1.991249999999999964e+00 9.924716666666665299e-01 9.967116666666666625e-01 9.967116666666666625e-01 1.000010999999999983e+00
1.998750000000000027e+00 9.942860000000001142e-01 9.966303333333333958e-01 9.966303333333333958e-01 1.000128166666666596e+00
2.006250000000000089e+00 9.860033333333334538e-01 9.970106666666667117e-01 9.970106666666667117e-01 1.000068666666666717e+00
2.013749999999999929e+00 9.946913333333334828e-01 9.967011666666666381e-01 9.967011666666666381e-01 1.000304500000000152e+00
2.021250000000000213e+00 9.969103333333334538e-01 9.972803333333333242e-01 9.972803333333333242e-01 1.000174333333333498e+00
2.028750000000000053e+00 9.930803333333333427e-01 9.972146666666666937e-01 9.972146666666666937e-01 1.000453999999999954e+00
2.036249999999999893e+00 9.963374999999999870e-01 9.972603333333331932e-01 9.972603333333331932e-01 1.000149833333333405e+00
2.043750000000000178e+00 9.960440000000000405e-01 9.974488333333333401e-01 9.974488333333333401e-01 1.000492999999999855e+00
2.051250000000000018e+00 9.932656666666667133e-01 9.974138333333333328e-01 9.974138333333333328e-01 1.000488500000000114e+00
2.058749999999999858e+00 9.927715000000000289e-01 9.977633333333333354e-01 9.977633333333333354e-01 1.000214333333333316e+00
2.066250000000000142e+00 9.920316666666666450e-01 9.978258333333331898e-01 9.978258333333331898e-01 1.000287666666666686e+00
2.073749999999999982e+00 9.923091666666666866e-01 9.981494999999999118e-01 9.981494999999999118e-01 1.000056000000000056e+00
2.081249999999999822e+00 9.922678333333333489e-01 9.986781666666667556e-01 9.986781666666667556e-01 1.000436499999999951e+00
2.088750000000000107e+00 9.910923333333333529e-01 9.988721666666666721e-01 9.988721666666666721e-01 1.000331666666666619e+00
2.096249999999999947e+00 9.924339999999999273e-01 9.989016666666666877e-01 9.989016666666666877e-01 1.000391166666666720e+00
2.103749999999999787e+00 9.870041666666665714e-01 9.990698333333333236e-01 9.990698333333333236e-01 1.000334166666666524e+00
2.111250000000000071e+00 9.877954999999999375e-01 9.988351666666667183e-01 9.988351666666667183e-01 1.000376833333333382e+00
2.118749999999999911e+00 9.980116666666667413e-01 9.991056666666667807e-01 9.991056666666667807e-01 1.000337333333333412e+00
2.126250000000000195e+00 9.946985000000000410e-01 9.980158333333332132e-01 9.980158333333332132e-01 1.000205000000000011e+00
2.133750000000000036e+00 9.880431666666665835e-01 9.991456666666667097e-01 9.991456666666667097e-01 1.000498000000000109e+00
2.141249999999999876e+00 9.907569999999998878e-01 9.988593333333333213e-01 9.988593333333333213e-01 1.000352833333333580e+00
2.148750000000000160e+00 9.893273333333333364e-01 9.994524999999999659e-01 9.994524999999999659e-01 1.000246333333333348e+00
2.156250000000000000e+00 9.940041666666666886e-01 9.994830000000000103e-01 9.994830000000000103e-01 1.000194499999999875e+00
2.163749999999999840e+00 9.921229999999999771e-01 9.999573333333332537e-01 9.999573333333332537e-01 1.000309833333333343e+00
2.171250000000000124e+00 9.893868333333335485e-01 9.993990000000000373e-01 9.993990000000000373e-01 1.000467166666666463e+00
2.178749999999999964e+00 9.905384999999998774e-01 1.000044166666666845e+00 1.000044166666666845e+00 1.000228333333333497e+00
2.186249999999999805e+00 9.919845000000000468e-01 1.001075999999999855e+00 1.001075999999999855e+00 1.000123333333333475e+00
2.193750000000000089e+00 9.896731666666668259e-01 1.000035666666666545e+00 1.000035666666666545e+00 1.000300166666666435e+00
2.201249999999999929e+00 9.891209999999999170e-01 1.000950666666666544e+00 1.000950666666666544e+00 1.000220499999999957e+00
2.208750000000000213e+00 9.944115000000000038e-01 1.000371333333333501e+00 1.000371333333333501e+00 1.000210833333333271e+00
2.216250000000000053e+00 9.909149999999998792e-01 1.001118833333333402e+00 1.001118833333333402e+00 1.000208500000000056e+00
2.223749999999999893e+00 9.904358333333332931e-01 1.000236333333333283e+00 1.000236333333333283e+00 1.000362333333333575e+00
2.231250000000000178e+00 9.971455000000001290e-01 1.001017333333333426e+00 1.001017333333333426e+00 1.000077000000000105e+00
2.238750000000000018e+00 9.984384999999998955e-01 1.001357500000000122e+00 1.001357500000000122e+00 1.000187333333333539e+00
2.246249999999999858e+00 9.969046666666666612e-01 1.001265499999999919e+00 1.001265499999999919e+00 1.000264999999999960e+00
2.253750000000000142e+00 9.953581666666666550e-01 1.001308666666666847e+00 1.001308666666666847e+00 1.000419166666666637e+00
2.261249999999999982e+00 9.927969999999999295e-01 1.001035666666666657e+00 1.001035666666666657e+00 1.000204666666666631e+00
2.268749999999999822e+00 9.977470000000000505e-01 1.001159333333333290e+00 1.001159333333333290e+00 1.000376666666666692e+00
2.276250000000000107e+00 9.979733333333333789e-01 1.000330500000000011e+00 1.000330500000000011e+00 1.000020166666666821e+00
2.283749999999999947e+00 9.918006666666667748e-01 1.000889666666666677e+00 1.000889666666666677e+00 9.999753333333334382e-01
2.291249999999999787e+00 9.948936666666666762e-01 1.000945500000000044e+00 1.000945500000000044e+00 1.000015666666666636e+00
2.298750000000000071e+00 9.969668333333333576e-01 1.001153999999999877e+00 1.001153999999999877e+00 9.999781666666667235e-01
2.306249999999999911e+00 9.987778333333333647e-01 1.001271000000000022e+00 1.001271000000000022e+00 9.999549999999999272e-01
2.313750000000000195e+00 9.918666666666666742e-01 1.000043999999999933e+00 1.000043999999999933e+00 1.000066166666666589e+00
2.321250000000000036e+00 9.947761666666665725e-01 1.001384833333333502e+00 1.001384833333333502e+00 9.998368333333332858e-01
2.328749999999999876e+00 9.942053333333333853e-01 1.001068166666666759e+00 1.001068166666666759e+00 1.000047500000000200e+00
2.336250000000000160e+00 9.917123333333331958e-01 1.000627666666666693e+00 1.000627666666666693e+00 1.000075000000000047e+00
2.343750000000000000e+00 9.980926666666666280e-01 1.000661666666666560e+00 1.000661666666666560e+00 1.000063166666666836e+00
2.351249999999999840e+00 9.979656666666666398e-01 1.001261833333333406e+00 1.001261833333333406e+00 9.999593333333333112e-01
2.358750000000000124e+00 1.004839666666666798e+00 1.001393666666666737e+00 1.001393666666666737e+00 1.000036833333333375e+00
2.366249999999999964e+00 9.970563333333334333e-01 1.000749166666666801e+00 1.000749166666666801e+00 1.000039499999999970e+00
2.373749999999999805e+00 9.973030000000000506e-01 1.000592333333333306e+00 1.000592333333333306e+00 1.000092833333333209e+00
2.381250000000000089e+00 9.960909999999999487e-01 1.000993499999999869e+00 1.000993499999999869e+00 9.998974999999999946e-01
2.388749999999999929e+00 1.001289833333333323e+00 1.001116833333333345e+00 1.001116833333333345e+00 9.999945000000000084e-01
2.396250000000000213e+00 1.000831999999999944e+00 1.000917500000000127e+00 1.000917500000000127e+00 9.998383333333333844e-01
2.403750000000000053e+00 9.971778333333333189e-01 1.000894333333333330e+00 1.000894333333333330e+00 1.000120166666666588e+00
2.411249999999999893e+00 1.006729666666666745e+00 1.000278000000000000e+00 1.000278000000000000e+00 9.997555000000000192e-01
2.418750000000000178e+00 1.000252833333333369e+00 1.001044333333333203e+00 1.001044333333333203e+00 1.000012999999999819e+00
2.426250000000000018e+00 9.949584999999999679e-01 1.000813166666666643e+00 1.000813166666666643e+00 9.999660000000000215e-01
2.433749999999999858e+00 1.001494166666666574e+00 1.000019500000000061e+00 1.000019500000000061e+00 1.000031166666666582e+00
2.441250000000000142e+00 1.006421999999999928e+00 1.000406000000000128e+00 1.000406000000000128e+00 9.998241666666666250e-01
2.448749999999999982e+00 9.996109999999999163e-01 1.000589666666666711e+00 1.000589666666666711e+00 9.999744999999998774e-01
2.456249999999999822e+00 1.000923500000000077e+00 1.000823166666666708e+00 1.000823166666666708e+00 1.000038666666666742e+00
2.463750000000000107e+00 1.003064500000000026e+00 1.000129666666666806e+00 1.000129666666666806e+00 9.998646666666667349e-01
2.471249999999999947e+00 9.947013333333331042e-01 1.000158500000000172e+00 1.000158500000000172e+00 9.997950000000001003e-01
2.478749999999999787e+00 1.002173000000000203e+00 1.000573166666666625e+00 1.000573166666666625e+00 9.998019999999999685e-01
2.486250000000000071e+00 1.002840833333333181e+00 9.995821666666667715e-01 9.995821666666667715e-01 9.997983333333332334e-01
2.493749999999999911e+00 9.992343333333333355e-01 1.000113666666666790e+00 1.000113666666666790e+00 9.998595000000002342e-01
2.501250000000000195e+00 1.000531000000000059e+00 9.997848333333333448e-01 9.997848333333333448e-01 9.998870000000000813e-01
2.508750000000000036e+00 1.001902833333333520e+00 1.000286499999999856e+00 1.000286499999999856e+00 9.998791666666666522e-01
2.516249999999999876e+00 9.979533333333332479e-01 1.000339000000000089e+00 1.000339000000000089e+00 9.998730000000000118e-01
2.523750000000000160e+00 1.006323333333333458e+00 9.993933333333333557e-01 9.993933333333333557e-01 9.997676666666666101e-01
2.531250000000000000e+00 1.003789833333333270e+00 1.000634833333333473e+00 1.000634833333333473e+00 9.996610000000000218e-01
2.538749999999999840e+00 1.003096833333333215e+00 9.997576666666665446e-01 9.997576666666665446e-01 1.000000999999999918e+00
2.546250000000000124e+00 1.004036666666666688e+00 9.997253333333334657e-01 9.997253333333334657e-01 9.998259999999999925e-01
2.553749999999999964e+00 1.008911666666666651e+00 1.000281333333333356e+00 1.000281333333333356e+00 9.999644999999999229e-01
2.561249999999999805e+00 1.004226833333333291e+00 9.998401666666666410e-01 9.998401666666666410e-01 9.997880000000000100e-01
2.568750000000000089e+00 1.002297166666666683e+00 9.997139999999999915e-01 9.997139999999999915e-01 9.999818333333333475e-01
2.576249999999999929e+00 1.003923833333333349e+00 9.998663333333334124e-01 9.998663333333334124e-01 1.000080500000000150e+00
2.583750000000000213e+00 1.001131499999999841e+00 9.993036666666667012e-01 9.993036666666667012e-01 9.998793333333333422e-01
2.591250000000000053e+00 9.943015000000000603e-01 1.000095166666666646e+00 1.000095166666666646e+00 9.998035000000000672e-01
2.598749999999999893e+00 9.983243333333332581e-01 9.994710000000001093e-01 9.994710000000001093e-01 9.998591666666666322e-01
2.606250000000000178e+00 9.996523333333332539e-01 9.995275000000000132e-01 9.995275000000000132e-01 9.998131666666667527e-01
2.613750000000000018e+00 1.000765333333333507e+00 9.992638333333333511e-01 9.992638333333333511e-01 9.999581666666667035e-01
2.621249999999999858e+00 1.008867666666666496e+00 9.994383333333333175e-01 9.994383333333333175e-01 9.997184999999998434e-01
2.628750000000000142e+00 1.002781333333333302e+00 9.995856666666668167e-01 9.995856666666668167e-01 9.998413333333333597e-01
2.636249999999999982e+00 9.989021666666665356e-01 9.999419999999998865e-01 9.999419999999998865e-01 9.998898333333334776e-01
2.643749999999999822e+00 1.007236666666666558e+00 9.998528333333333018e-01 9.998528333333333018e-01 9.998683333333332479e-01
2.651250000000000107e+00 1.002031833333333344e+00 9.993343333333332135e-01 9.993343333333332135e-01 9.999289999999999567e-01
2.658749999999999947e+00 1.004762666666666693e+00 9.993360000000000021e-01 9.993360000000000021e-01 9.998961666666666970e-01
2.666249999999999787e+00 1.002169166666666555e+00 9.997916666666665231e-01 9.997916666666665231e-01 9.997403333333333419e-01
2.673750000000000071e+00 1.003754166666666725e+00 9.994938333333333036e-01 9.994938333333333036e-01 1.000036833333333375e+00
2.681249999999999911e+00 1.000490499999999949e+00 9.995700000000001806e-01 9.995700000000001806e-01 9.998116666666666541e-01
2.688750000000000195e+00 1.000760000000000094e+00 9.994266666666665744e-01 9.994266666666665744e-01 1.000104000000000104e+00
2.696250000000000036e+00 1.000039666666666660e+00 9.996435000000000182e-01 9.996435000000000182e-01 9.999011666666667297e-01
2.703749999999999876e+00 1.004686166666666658e+00 9.994651666666666268e-01 9.994651666666666268e-01 9.998476666666666901e-01
2.711250000000000160e+00 1.000475333333333383e+00 9.996563333333333690e-01 9.996563333333333690e-01 9.998865000000001224e-01
2.718750000000000000e+00 1.002572666666666557e+00 9.995424999999998894e-01 9.995424999999998894e-01 1.000051833333333251e+00
2.726249999999999840e+00 1.000449833333333371e+00 9.998258333333333026e-01 9.998258333333333026e-01 9.999988333333332813e-01
2.733750000000000124e+00 1.000590166666666558e+00 9.997515000000000152e-01 9.997515000000000152e-01 9.998716666666666031e-01
2.741249999999999964e+00 9.990318333333333412e-01 9.997179999999999955e-01 9.997179999999999955e-01 9.998701666666666155e-01
2.748749999999999805e+00 1.003345333333333311e+00 9.995114999999999972e-01 9.995114999999999972e-01 9.999508333333334553e-01
2.756250000000000089e+00 9.962959999999999594e-01 9.996893333333334297e-01 9.996893333333334297e-01 9.998989999999999823e-01
2.763749999999999929e+00 9.937431666666665109e-01 9.988846666666667540e-01 9.988846666666667540e-01 9.998679999999998680e-01
2.771250000000000213e+00 1.007164333333333328e+00 9.988088333333332569e-01 9.988088333333332569e-01 9.999774999999999636e-01
2.778750000000000053e+00 1.002162166666666687e+00 1.000212000000000101e+00 1.000212000000000101e+00 1.000091500000000133e+00
2.786249999999999893e+00 9.964366666666667482e-01 9.992108333333332704e-01 9.992108333333332704e-01 9.999143333333333494e-01
2.793750000000000178e+00 9.996723333333332739e-01 9.992796666666666772e-01 9.992796666666666772e-01 1.000038833333333210e+00
2.801250000000000018e+00 9.991799999999999571e-01 9.996278333333333821e-01 9.996278333333333821e-01 1.000002500000000127e+00
2.808749999999999858e+00 9.959003333333332764e-01 9.993571666666666298e-01 9.993571666666666298e-01 1.000005333333333413e+00
2.816250000000000142e+00 9.998560000000001891e-01 9.997611666666667007e-01 9.997611666666667007e-01 9.999625000000001984e-01
2.823749999999999982e+00 1.002498499999999959e+00 9.995421666666667315e-01 9.995421666666667315e-01 9.998508333333333553e-01
2.831249999999999822e+00 9.939341666666665631e-01 9.991733333333333578e-01 9.991733333333333578e-01 9.999090000000000478e-01
2.838750000000000107e+00 9.969480000000000564e-01 9.992049999999998988e-01 9.992049999999998988e-01 1.000058166666666581e+00
2.846249999999999947e+00 9.940763333333331175e-01 9.998758333333332970e-01 9.998758333333332970e-01 1.000072999999999768e+00
2.853749999999999787e+00 9.989664999999999795e-01 9.996528333333333238e-01 9.996528333333333238e-01 9.999501666666666955e-01
2.861250000000000071e+00 9.962121666666666764e-01 1.000294833333333466e+00 1.000294833333333466e+00 1.000114333333333549e+00
2.868749999999999911e+00 9.986609999999999099e-01 9.996611666666667118e-01 9.996611666666667118e-01 9.999978333333333635e-01
2.876250000000000195e+00 9.969829999999998416e-01 9.997901666666666465e-01 9.997901666666666465e-01 1.000021833333333499e+00
2.883750000000000036e+00 9.997315000000001062e-01 1.000210166666666733e+00 1.000210166666666733e+00 1.000072999999999990e+00
2.891249999999999876e+00 9.990128333333333499e-01 9.999698333333334466e-01 9.999698333333334466e-01 9.999734999999999596e-01
2.898750000000000160e+00 9.991415000000000157e-01 1.000166166666666578e+00 1.000166166666666578e+00 9.999761666666667770e-01
2.906250000000000000e+00 9.960469999999999047e-01 1.000014166666666648e+00 1.000014166666666648e+00 1.000102000000000046e+00
2.913749999999999840e+00 9.996098333333330865e-01 9.999986666666665913e-01 9.999986666666665913e-01 1.000017833333333384e+00
2.921250000000000124e+00 1.000034166666666557e+00 1.000094166666666728e+00 1.000094166666666728e+00 1.000060500000000019e+00
2.928749999999999964e+00 1.001854999999999718e+00 1.000002833333333507e+00 1.000002833333333507e+00 9.999574999999999436e-01
2.936249999999999805e+00 9.984868333333333235e-01 1.000148666666666797e+00 1.000148666666666797e+00 1.000088166666666778e+00
2.943750000000000089e+00 1.002169499999999935e+00 9.993076666666667052e-01 9.993076666666667052e-01 1.000043999999999933e+00
2.951249999999999929e+00 1.001069666666666746e+00 9.998465000000001934e-01 9.998465000000001934e-01 9.999394999999999811e-01
2.958750000000000213e+00 9.964756666666666485e-01 9.990963333333334750e-01 9.990963333333334750e-01 1.000008166666666698e+00
2.966250000000000053e+00 1.000340000000000007e+00 1.000007499999999938e+00 1.000007499999999938e+00 1.000108833333333225e+00
2.973749999999999893e+00 9.963758333333333495e-01 9.998044999999998739e-01 9.998044999999998739e-01 9.998204999999998899e-01
2.981250000000000178e+00 9.976526666666666321e-01 9.996236666666667992e-01 9.996236666666667992e-01 9.999865000000000004e-01
2.988750000000000018e+00 9.982225000000001236e-01 9.995989999999999043e-01 9.995989999999999043e-01 9.998656666666666526e-01
2.996249999999999858e+00 9.988310000000000244e-01 9.993800000000000461e-01 9.993800000000000461e-01 1.000002666666666817e+00
