3.749999999999999861e-03 0.000000000000000000e+00 0.000000000000000000e+00 0.000000000000000000e+00 0.000000000000000000e+00
1.124999999999999958e-02 0.000000000000000000e+00 0.000000000000000000e+00 0.000000000000000000e+00 0.000000000000000000e+00
1.874999999999999931e-02 0.000000000000000000e+00 0.000000000000000000e+00 0.000000000000000000e+00 0.000000000000000000e+00
2.624999999999999903e-02 0.000000000000000000e+00 0.000000000000000000e+00 0.000000000000000000e+00 0.000000000000000000e+00
3.375000000000000222e-02 0.000000000000000000e+00 0.000000000000000000e+00 0.000000000000000000e+00 0.000000000000000000e+00
4.125000000000000194e-02 0.000000000000000000e+00 0.000000000000000000e+00 0.000000000000000000e+00 0.000000000000000000e+00
4.875000000000000167e-02 0.000000000000000000e+00 0.000000000000000000e+00 0.000000000000000000e+00 0.000000000000000000e+00
5.625000000000000139e-02 0.000000000000000000e+00 0.000000000000000000e+00 0.000000000000000000e+00 0.000000000000000000e+00
6.375000000000000111e-02 0.000000000000000000e+00 0.000000000000000000e+00 0.000000000000000000e+00 0.000000000000000000e+00
7.124999999999999389e-02 0.000000000000000000e+00 0.000000000000000000e+00 0.000000000000000000e+00 0.000000000000000000e+00
7.875000000000000056e-02 0.000000000000000000e+00 0.000000000000000000e+00 0.000000000000000000e+00 0.000000000000000000e+00
8.624999999999999334e-02 0.000000000000000000e+00 0.000000000000000000e+00 0.000000000000000000e+00 0.000000000000000000e+00
9.375000000000000000e-02 0.000000000000000000e+00 0.000000000000000000e+00 0.000000000000000000e+00 0.000000000000000000e+00
1.012500000000000067e-01 0.000000000000000000e+00 0.000000000000000000e+00 0.000000000000000000e+00 0.000000000000000000e+00
1.087499999999999994e-01 0.000000000000000000e+00 0.000000000000000000e+00 0.000000000000000000e+00 0.000000000000000000e+00
1.162500000000000061e-01 0.000000000000000000e+00 0.000000000000000000e+00 0.000000000000000000e+00 0.000000000000000000e+00
1.237499999999999989e-01 0.000000000000000000e+00 0.000000000000000000e+00 0.000000000000000000e+00 0.000000000000000000e+00
1.312500000000000056e-01 0.000000000000000000e+00 0.000000000000000000e+00 0.000000000000000000e+00 0.000000000000000000e+00
1.387500000000000122e-01 0.000000000000000000e+00 0.000000000000000000e+00 0.000000000000000000e+00 0.000000000000000000e+00
1.462499999999999911e-01 0.000000000000000000e+00 0.000000000000000000e+00 0.000000000000000000e+00 0.000000000000000000e+00
1.537499999999999978e-01 0.000000000000000000e+00 0.000000000000000000e+00 0.000000000000000000e+00 0.000000000000000000e+00
1.612500000000000044e-01 0.000000000000000000e+00 0.000000000000000000e+00 0.000000000000000000e+00 0.000000000000000000e+00
1.687500000000000111e-01 0.000000000000000000e+00 0.000000000000000000e+00 0.000000000000000000e+00 0.000000000000000000e+00
1.762499999999999900e-01 0.000000000000000000e+00 0.000000000000000000e+00 0.000000000000000000e+00 0.000000000000000000e+00
1.837499999999999967e-01 0.000000000000000000e+00 0.000000000000000000e+00 0.000000000000000000e+00 0.000000000000000000e+00
1.912500000000000033e-01 0.000000000000000000e+00 0.000000000000000000e+00 0.000000000000000000e+00 0.000000000000000000e+00
1.987500000000000100e-01 0.000000000000000000e+00 0.000000000000000000e+00 0.000000000000000000e+00 5.933750000000000439e-04
2.062499999999999889e-01 0.000000000000000000e+00 0.000000000000000000e+00 0.000000000000000000e+00 1.398606249999999884e-01
2.137499999999999956e-01 0.000000000000000000e+00 0.000000000000000000e+00 0.000000000000000000e+00 1.783036375000000007e+00
2.212500000000000022e-01 0.000000000000000000e+00 0.000000000000000000e+00 0.000000000000000000e+00 4.248531249999999204e+00
2.287500000000000089e-01 0.000000000000000000e+00 0.000000000000000000e+00 0.000000000000000000e+00 4.263595500000000094e+00
2.362499999999999878e-01 0.000000000000000000e+00 0.000000000000000000e+00 0.000000000000000000e+00 3.807799375000000541e+00
2.437499999999999944e-01 0.000000000000000000e+00 0.000000000000000000e+00 0.000000000000000000e+00 3.413240374999999993e+00
2.512499999999999734e-01 0.000000000000000000e+00 0.000000000000000000e+00 0.000000000000000000e+00 3.077316874999999730e+00
2.587499999999999800e-01 0.000000000000000000e+00 0.000000000000000000e+00 0.000000000000000000e+00 2.794086999999999765e+00
2.662499999999999867e-01 0.000000000000000000e+00 0.000000000000000000e+00 0.000000000000000000e+00 2.543258624999999995e+00
2.737499999999999933e-01 0.000000000000000000e+00 0.000000000000000000e+00 0.000000000000000000e+00 2.331274125000000197e+00
2.812500000000000000e-01 0.000000000000000000e+00 0.000000000000000000e+00 0.000000000000000000e+00 2.149611000000000161e+00
2.887500000000000067e-01 0.000000000000000000e+00 0.000000000000000000e+00 0.000000000000000000e+00 1.992245249999999857e+00
2.962500000000000133e-01 0.000000000000000000e+00 0.000000000000000000e+00 0.000000000000000000e+00 1.859608375000000091e+00
3.037500000000000200e-01 0.000000000000000000e+00 0.000000000000000000e+00 0.000000000000000000e+00 1.743905500000000108e+00
3.112500000000000266e-01 0.000000000000000000e+00 0.000000000000000000e+00 0.000000000000000000e+00 1.645681874999999961e+00
3.187499999999999778e-01 0.000000000000000000e+00 0.000000000000000000e+00 0.000000000000000000e+00 1.565066999999999986e+00
3.262499999999999845e-01 0.000000000000000000e+00 0.000000000000000000e+00 0.000000000000000000e+00 1.496453875000000266e+00
3.337499999999999911e-01 0.000000000000000000e+00 0.000000000000000000e+00 0.000000000000000000e+00 1.442237750000000096e+00
3.412499999999999978e-01 0.000000000000000000e+00 0.000000000000000000e+00 0.000000000000000000e+00 1.396072125000000108e+00
3.487500000000000044e-01 0.000000000000000000e+00 0.000000000000000000e+00 0.000000000000000000e+00 1.362323750000000278e+00
3.562500000000000111e-01 0.000000000000000000e+00 0.000000000000000000e+00 0.000000000000000000e+00 1.338278625000000055e+00
3.637500000000000178e-01 0.000000000000000000e+00 0.000000000000000000e+00 0.000000000000000000e+00 1.322408500000000098e+00
3.712500000000000244e-01 0.000000000000000000e+00 0.000000000000000000e+00 0.000000000000000000e+00 1.314888250000000092e+00
3.787499999999999756e-01 0.000000000000000000e+00 0.000000000000000000e+00 0.000000000000000000e+00 1.315665125000000213e+00
3.862499999999999822e-01 0.000000000000000000e+00 0.000000000000000000e+00 0.000000000000000000e+00 1.324512375000000075e+00
3.937499999999999889e-01 0.000000000000000000e+00 0.000000000000000000e+00 0.000000000000000000e+00 1.341499624999999973e+00
4.012499999999999956e-01 0.000000000000000000e+00 0.000000000000000000e+00 0.000000000000000000e+00 1.360346999999999973e+00
4.087500000000000022e-01 0.000000000000000000e+00 0.000000000000000000e+00 0.000000000000000000e+00 1.387877124999999934e+00
4.162500000000000089e-01 0.000000000000000000e+00 0.000000000000000000e+00 0.000000000000000000e+00 1.417591999999999963e+00
4.237500000000000155e-01 0.000000000000000000e+00 0.000000000000000000e+00 0.000000000000000000e+00 1.452577124999999914e+00
4.312500000000000222e-01 0.000000000000000000e+00 0.000000000000000000e+00 0.000000000000000000e+00 1.487197124999999787e+00
4.387499999999999734e-01 0.000000000000000000e+00 0.000000000000000000e+00 0.000000000000000000e+00 1.515339375000000155e+00
4.462499999999999800e-01 0.000000000000000000e+00 0.000000000000000000e+00 0.000000000000000000e+00 1.528580749999999933e+00
4.537499999999999867e-01 0.000000000000000000e+00 0.000000000000000000e+00 0.000000000000000000e+00 1.530296875000000112e+00
4.612499999999999933e-01 0.000000000000000000e+00 0.000000000000000000e+00 0.000000000000000000e+00 1.521949749999999879e+00
4.687500000000000000e-01 0.000000000000000000e+00 0.000000000000000000e+00 0.000000000000000000e+00 1.505780500000000188e+00
4.762500000000000067e-01 0.000000000000000000e+00 0.000000000000000000e+00 0.000000000000000000e+00 1.484578624999999930e+00
4.837500000000000133e-01 0.000000000000000000e+00 0.000000000000000000e+00 0.000000000000000000e+00 1.461206750000000110e+00
4.912500000000000200e-01 0.000000000000000000e+00 0.000000000000000000e+00 0.000000000000000000e+00 1.435620374999999838e+00
4.987500000000000266e-01 0.000000000000000000e+00 0.000000000000000000e+00 0.000000000000000000e+00 1.409328249999999949e+00
5.062499999999999778e-01 0.000000000000000000e+00 0.000000000000000000e+00 0.000000000000000000e+00 1.383300375000000138e+00
5.137500000000000400e-01 0.000000000000000000e+00 0.000000000000000000e+00 0.000000000000000000e+00 1.357426875000000255e+00
5.212499999999999911e-01 0.000000000000000000e+00 0.000000000000000000e+00 0.000000000000000000e+00 1.333090625000000085e+00
5.287500000000000533e-01 0.000000000000000000e+00 0.000000000000000000e+00 0.000000000000000000e+00 1.310192250000000058e+00
5.362500000000000044e-01 0.000000000000000000e+00 0.000000000000000000e+00 0.000000000000000000e+00 1.287922624999999988e+00
5.437499999999999556e-01 0.000000000000000000e+00 0.000000000000000000e+00 0.000000000000000000e+00 1.268747624999999823e+00
5.512500000000000178e-01 0.000000000000000000e+00 0.000000000000000000e+00 0.000000000000000000e+00 1.251827499999999871e+00
5.587499999999999689e-01 0.000000000000000000e+00 0.000000000000000000e+00 0.000000000000000000e+00 1.235987625000000145e+00
5.662500000000000311e-01 0.000000000000000000e+00 0.000000000000000000e+00 0.000000000000000000e+00 1.221860999999999864e+00
5.737499999999999822e-01 0.000000000000000000e+00 0.000000000000000000e+00 0.000000000000000000e+00 1.210756624999999920e+00
5.812500000000000444e-01 0.000000000000000000e+00 0.000000000000000000e+00 0.000000000000000000e+00 1.200188625000000009e+00
5.887499999999999956e-01 0.000000000000000000e+00 9.874999999999999474e-06 9.874999999999999474e-06 1.192964000000000135e+00
5.962499999999999467e-01 0.000000000000000000e+00 2.865000000000000250e-04 2.865000000000000250e-04 1.187083374999999830e+00
6.037500000000000089e-01 0.000000000000000000e+00 4.373499999999998916e-03 4.373499999999998916e-03 1.180702375000000082e+00
6.112499999999999600e-01 0.000000000000000000e+00 3.317149999999999266e-02 3.317149999999999266e-02 1.177349125000000107e+00
6.187500000000000222e-01 0.000000000000000000e+00 1.610372499999999929e-01 1.610372499999999929e-01 1.174706749999999911e+00
6.262499999999999734e-01 0.000000000000000000e+00 5.176096249999999621e-01 5.176096249999999621e-01 1.171757000000000160e+00
6.337500000000000355e-01 0.000000000000000000e+00 1.196900874999999864e+00 1.196900874999999864e+00 1.169366249999999940e+00
6.412499999999999867e-01 0.000000000000000000e+00 2.114701499999999790e+00 2.114701499999999790e+00 1.166723500000000024e+00
6.487500000000000488e-01 0.000000000000000000e+00 3.005760875000000443e+00 3.005760875000000443e+00 1.164082250000000096e+00
6.562500000000000000e-01 0.000000000000000000e+00 3.582729874999999620e+00 3.582729874999999620e+00 1.162216875000000149e+00
6.637499999999999512e-01 0.000000000000000000e+00 3.701200000000000045e+00 3.701200000000000045e+00 1.157013124999999976e+00
6.712500000000000133e-01 0.000000000000000000e+00 3.425142375000000516e+00 3.425142375000000516e+00 1.152922249999999815e+00
6.787499999999999645e-01 0.000000000000000000e+00 2.968520624999999580e+00 2.968520624999999580e+00 1.147408749999999866e+00
6.862500000000000266e-01 0.000000000000000000e+00 2.572402999999999995e+00 2.572402999999999995e+00 1.140384375000000006e+00
6.937499999999999778e-01 0.000000000000000000e+00 2.239916375000000404e+00 2.239916375000000404e+00 1.134563125000000117e+00
7.012500000000000400e-01 0.000000000000000000e+00 1.970091624999999791e+00 1.970091624999999791e+00 1.127668874999999904e+00
7.087499999999999911e-01 0.000000000000000000e+00 1.743720249999999972e+00 1.743720249999999972e+00 1.120229499999999989e+00
7.162500000000000533e-01 0.000000000000000000e+00 1.558281875000000039e+00 1.558281875000000039e+00 1.112961124999999996e+00
7.237500000000000044e-01 0.000000000000000000e+00 1.404298124999999731e+00 1.404298124999999731e+00 1.105273125000000078e+00
7.312499999999999556e-01 0.000000000000000000e+00 1.279120875000000046e+00 1.279120875000000046e+00 1.098055749999999886e+00
7.387500000000000178e-01 0.000000000000000000e+00 1.175480124999999987e+00 1.175480124999999987e+00 1.090320749999999839e+00
7.462499999999999689e-01 0.000000000000000000e+00 1.092160999999999937e+00 1.092160999999999937e+00 1.083941124999999950e+00
7.537500000000000311e-01 0.000000000000000000e+00 1.023929250000000124e+00 1.023929250000000124e+00 1.076993499999999937e+00
7.612499999999999822e-01 0.000000000000000000e+00 9.715719999999999912e-01 9.715719999999999912e-01 1.071062875000000192e+00
7.687500000000000444e-01 0.000000000000000000e+00 9.313788750000000505e-01 9.313788750000000505e-01 1.064991374999999962e+00
7.762499999999999956e-01 0.000000000000000000e+00 9.030152500000000471e-01 9.030152500000000471e-01 1.059176625000000094e+00
7.837499999999999467e-01 0.000000000000000000e+00 8.835157499999999331e-01 8.835157499999999331e-01 1.054798750000000007e+00
7.912500000000000089e-01 0.000000000000000000e+00 8.761579999999999924e-01 8.761579999999999924e-01 1.049864750000000013e+00
7.987499999999999600e-01 0.000000000000000000e+00 8.763253749999999620e-01 8.763253749999999620e-01 1.045823124999999854e+00
8.062500000000000222e-01 0.000000000000000000e+00 8.892815000000000580e-01 8.892815000000000580e-01 1.042216000000000031e+00
8.137499999999999734e-01 0.000000000000000000e+00 9.121712500000001000e-01 9.121712500000001000e-01 1.038787249999999940e+00
8.212500000000000355e-01 0.000000000000000000e+00 9.440494999999999859e-01 9.440494999999999859e-01 1.035609250000000037e+00
8.287499999999999867e-01 0.000000000000000000e+00 9.845672500000000049e-01 9.845672500000000049e-01 1.032512375000000038e+00
8.362500000000000488e-01 0.000000000000000000e+00 1.033479500000000106e+00 1.033479500000000106e+00 1.030357625000000166e+00
8.437500000000000000e-01 0.000000000000000000e+00 1.087653124999999887e+00 1.087653124999999887e+00 1.027285374999999945e+00
8.512499999999999512e-01 0.000000000000000000e+00 1.142243250000000154e+00 1.142243250000000154e+00 1.024637374999999961e+00
8.587500000000000133e-01 0.000000000000000000e+00 1.191683749999999931e+00 1.191683749999999931e+00 1.022328874999999915e+00
8.662499999999999645e-01 0.000000000000000000e+00 1.229711875000000010e+00 1.229711875000000010e+00 1.020225500000000007e+00
8.737500000000000266e-01 0.000000000000000000e+00 1.257732124999999979e+00 1.257732124999999979e+00 1.017676749999999908e+00
8.812499999999999778e-01 0.000000000000000000e+00 1.266415124999999975e+00 1.266415124999999975e+00 1.015599499999999988e+00
8.887500000000000400e-01 0.000000000000000000e+00 1.262470375000000145e+00 1.262470375000000145e+00 1.013309749999999898e+00
8.962499999999999911e-01 0.000000000000000000e+00 1.244677999999999951e+00 1.244677999999999951e+00 1.011155374999999967e+00
9.037500000000000533e-01 0.000000000000000000e+00 1.219973500000000266e+00 1.219973500000000266e+00 1.009004500000000082e+00
9.112500000000000044e-01 0.000000000000000000e+00 1.189426499999999942e+00 1.189426499999999942e+00 1.006631250000000088e+00
9.187499999999999556e-01 0.000000000000000000e+00 1.158011249999999936e+00 1.158011249999999936e+00 1.004909000000000052e+00
9.262500000000000178e-01 0.000000000000000000e+00 1.124556749999999994e+00 1.124556749999999994e+00 1.003013500000000002e+00
9.337499999999999689e-01 0.000000000000000000e+00 1.092413499999999926e+00 1.092413499999999926e+00 1.000892874999999904e+00
9.412500000000000311e-01 0.000000000000000000e+00 1.061402750000000061e+00 1.061402750000000061e+00 9.987359999999999571e-01
9.487499999999999822e-01 0.000000000000000000e+00 1.034200374999999950e+00 1.034200374999999950e+00 9.974852499999999900e-01
9.562500000000000444e-01 9.337500000000000639e-05 1.008458875000000088e+00 1.008458875000000088e+00 9.964186250000000022e-01
9.637499999999999956e-01 7.357499999999999674e-04 9.845580000000000442e-01 9.845580000000000442e-01 9.949089999999999323e-01
9.712499999999999467e-01 6.517874999999999364e-03 9.633526249999999624e-01 9.633526249999999624e-01 9.933942500000000342e-01
9.787500000000000089e-01 3.891199999999999520e-02 9.456177500000000347e-01 9.456177500000000347e-01 9.927246250000000272e-01
9.862499999999999600e-01 1.523239999999999872e-01 9.316858749999999967e-01 9.316858749999999967e-01 9.916803750000000583e-01
9.937500000000000222e-01 4.653201249999999733e-01 9.202100000000000835e-01 9.202100000000000835e-01 9.906627499999999253e-01
1.001249999999999973e+00 1.147087625000000166e+00 9.124214999999999964e-01 9.124214999999999964e-01 9.897385000000000765e-01
1.008750000000000036e+00 2.285029250000000012e+00 9.059091249999998707e-01 9.059091249999998707e-01 9.895717500000000832e-01
1.016250000000000098e+00 3.812863875000000125e+00 9.027030000000000332e-01 9.027030000000000332e-01 9.888140000000000818e-01
1.023749999999999938e+00 5.493884249999999803e+00 9.013181249999999700e-01 9.013181249999999700e-01 9.888397500000000173e-01
1.031250000000000000e+00 6.893951374999999437e+00 9.021135000000000126e-01 9.021135000000000126e-01 9.888433749999999689e-01
1.038750000000000062e+00 7.760679999999998913e+00 9.056092500000000323e-01 9.056092500000000323e-01 9.885597499999999593e-01
1.046249999999999902e+00 7.933317375000000560e+00 9.093702500000000466e-01 9.093702500000000466e-01 9.888067499999999566e-01
1.053749999999999964e+00 7.513775499999999496e+00 9.122037499999999799e-01 9.122037499999999799e-01 9.886300000000001198e-01
1.061250000000000027e+00 6.685155374999999012e+00 9.193512500000000642e-01 9.193512500000000642e-01 9.894897500000000568e-01
1.068750000000000089e+00 5.583843249999999259e+00 9.222310000000000230e-01 9.222310000000000230e-01 9.899788749999999249e-01
1.076249999999999929e+00 4.522130499999999387e+00 9.249573750000000816e-01 9.249573750000000816e-01 9.901242499999999280e-01
1.083749999999999991e+00 3.571077750000000162e+00 9.305048750000001201e-01 9.305048750000001201e-01 9.901287500000000019e-01
1.091250000000000053e+00 2.722780250000000013e+00 9.327577499999999411e-01 9.327577499999999411e-01 9.913933750000000211e-01
1.098749999999999893e+00 2.042278875000000049e+00 9.321417499999999912e-01 9.321417499999999912e-01 9.921913749999999865e-01
1.106249999999999956e+00 1.530784875000000156e+00 9.300254999999999495e-01 9.300254999999999495e-01 9.933858749999999738e-01
1.113750000000000018e+00 1.158167874999999958e+00 9.288497499999999185e-01 9.288497499999999185e-01 9.942344999999999100e-01
1.121250000000000080e+00 8.795108750000000253e-01 9.267541249999998731e-01 9.267541249999998731e-01 9.957157500000000105e-01
1.128749999999999920e+00 6.817623750000000316e-01 9.210586249999999087e-01 9.210586249999999087e-01 9.972321250000000248e-01
1.136249999999999982e+00 5.523092499999999738e-01 9.178232499999999794e-01 9.178232499999999794e-01 9.983183749999999801e-01
1.143750000000000044e+00 4.645337499999999675e-01 9.118747499999998452e-01 9.118747499999998452e-01 9.997782499999998684e-01
1.151250000000000107e+00 4.018648750000000658e-01 9.078001249999999578e-01 9.078001249999999578e-01 1.001366999999999896e+00
1.158749999999999947e+00 3.633527500000000021e-01 9.029892499999998545e-01 9.029892499999998545e-01 1.002592875000000161e+00
1.166250000000000009e+00 3.390425000000000244e-01 8.978399999999998604e-01 8.978399999999998604e-01 1.004596499999999892e+00
1.173750000000000071e+00 3.226672500000000166e-01 8.939517500000000449e-01 8.939517500000000449e-01 1.006818500000000061e+00
1.181249999999999911e+00 3.134113749999999921e-01 8.892826249999999932e-01 8.892826249999999932e-01 1.008919375000000063e+00
1.188749999999999973e+00 3.162072499999999398e-01 8.868379999999999042e-01 8.868379999999999042e-01 1.010873499999999980e+00
1.196250000000000036e+00 3.217730000000000312e-01 8.833838750000000406e-01 8.833838750000000406e-01 1.012766999999999751e+00
1.203750000000000098e+00 3.387273749999999972e-01 8.815753750000001610e-01 8.815753750000001610e-01 1.015676750000000128e+00
1.211249999999999938e+00 3.561403750000000090e-01 8.803321250000000209e-01 8.803321250000000209e-01 1.017794375000000029e+00
1.218750000000000000e+00 3.904632500000000395e-01 8.806247500000000672e-01 8.806247500000000672e-01 1.020337124999999956e+00
1.226250000000000062e+00 4.281251250000000508e-01 8.808177499999999549e-01 8.808177499999999549e-01 1.022942000000000018e+00
1.233749999999999902e+00 4.762621249999999806e-01 8.830888749999999954e-01 8.830888749999999954e-01 1.025482999999999922e+00
1.241249999999999964e+00 5.359559999999999880e-01 8.851313750000000535e-01 8.851313750000000535e-01 1.028347625000000098e+00
1.248750000000000027e+00 6.073841250000000525e-01 8.892791250000000591e-01 8.892791250000000591e-01 1.031143375000000084e+00
1.256250000000000089e+00 7.006662499999999349e-01 8.920608749999999754e-01 8.920608749999999754e-01 1.033822624999999995e+00
1.263749999999999929e+00 7.881416249999999568e-01 8.970281249999999540e-01 8.970281249999999540e-01 1.036798624999999863e+00
1.271249999999999991e+00 8.723737499999999478e-01 8.998886249999998865e-01 8.998886249999998865e-01 1.039759249999999913e+00
1.278750000000000053e+00 9.605351249999999341e-01 9.046162500000001216e-01 9.046162500000001216e-01 1.041868374999999958e+00
1.286249999999999893e+00 1.021836624999999943e+00 9.089982500000000076e-01 9.089982500000000076e-01 1.044011000000000022e+00
1.293749999999999956e+00 1.062243374999999990e+00 9.139161249999999681e-01 9.139161249999999681e-01 1.045047999999999977e+00
1.301250000000000018e+00 1.079991249999999958e+00 9.183058750000000492e-01 9.183058750000000492e-01 1.045334750000000090e+00
1.308750000000000080e+00 1.052940749999999870e+00 9.208936250000000490e-01 9.208936250000000490e-01 1.044702000000000019e+00
1.316249999999999920e+00 1.016946249999999941e+00 9.229676250000000692e-01 9.229676250000000692e-01 1.043184499999999959e+00
1.323749999999999982e+00 9.653961250000000494e-01 9.272866250000000310e-01 9.272866250000000310e-01 1.040846375000000101e+00
1.331250000000000044e+00 9.222641249999999902e-01 9.266361250000001437e-01 9.266361250000001437e-01 1.038307624999999845e+00
1.338750000000000107e+00 8.706963750000000779e-01 9.283148749999999838e-01 9.283148749999999838e-01 1.035566749999999869e+00
1.346249999999999947e+00 8.281804999999999861e-01 9.300226249999999917e-01 9.300226249999999917e-01 1.032603749999999820e+00
1.353750000000000009e+00 7.889270000000000449e-01 9.311996249999999753e-01 9.311996249999999753e-01 1.029660749999999902e+00
1.361250000000000071e+00 7.544726249999997858e-01 9.315938749999999047e-01 9.315938749999999047e-01 1.027240624999999907e+00
1.368749999999999911e+00 7.091914999999999747e-01 9.319720000000000226e-01 9.319720000000000226e-01 1.025054874999999921e+00
1.376249999999999973e+00 6.950357500000000632e-01 9.332884999999999653e-01 9.332884999999999653e-01 1.022519624999999932e+00
1.383750000000000036e+00 6.698381250000000620e-01 9.342858750000000434e-01 9.342858750000000434e-01 1.020664749999999898e+00
1.391250000000000098e+00 6.486275000000000235e-01 9.354222500000001217e-01 9.354222500000001217e-01 1.019540749999999996e+00
1.398749999999999938e+00 6.349248749999999442e-01 9.373482499999998829e-01 9.373482499999998829e-01 1.018152750000000051e+00
1.406250000000000000e+00 6.312798749999999348e-01 9.400873749999999474e-01 9.400873749999999474e-01 1.017358375000000148e+00
1.413750000000000062e+00 6.223777500000000629e-01 9.435359999999999303e-01 9.435359999999999303e-01 1.016441000000000150e+00
1.421249999999999902e+00 6.316170000000000950e-01 9.468732499999999996e-01 9.468732499999999996e-01 1.015898374999999909e+00
1.428749999999999964e+00 6.348970000000000447e-01 9.510337499999999000e-01 9.510337499999999000e-01 1.015823124999999827e+00
1.436250000000000027e+00 6.445117500000000499e-01 9.556022500000000974e-01 9.556022500000000974e-01 1.015803625000000210e+00
1.443750000000000089e+00 6.505334999999999868e-01 9.591468749999999543e-01 9.591468749999999543e-01 1.016191000000000066e+00
1.451249999999999929e+00 6.588902499999998996e-01 9.650715000000000821e-01 9.650715000000000821e-01 1.016035999999999939e+00
1.458749999999999991e+00 6.768935000000000368e-01 9.699121250000000138e-01 9.699121250000000138e-01 1.016141249999999996e+00
1.466250000000000053e+00 6.910984999999999490e-01 9.745797499999999669e-01 9.745797499999999669e-01 1.016505875000000003e+00
1.473749999999999893e+00 7.099341250000000825e-01 9.794076250000000039e-01 9.794076250000000039e-01 1.017053375000000148e+00
1.481249999999999956e+00 7.219903750000000731e-01 9.852161249999999981e-01 9.852161249999999981e-01 1.016895624999999859e+00
1.488750000000000018e+00 7.390661250000000182e-01 9.912702500000000194e-01 9.912702500000000194e-01 1.017101749999999916e+00
1.496250000000000080e+00 7.602649999999999686e-01 9.939716250000000253e-01 9.939716250000000253e-01 1.017036500000000121e+00
1.503749999999999920e+00 7.760203749999999845e-01 9.991381250000000991e-01 9.991381250000000991e-01 1.016699874999999809e+00
1.511249999999999982e+00 7.840601249999999967e-01 1.003416375000000027e+00 1.003416375000000027e+00 1.016491875000000045e+00
1.518750000000000044e+00 7.938656250000000192e-01 1.007792875000000032e+00 1.007792875000000032e+00 1.015337000000000156e+00
1.526250000000000107e+00 7.988038750000000521e-01 1.012477249999999884e+00 1.012477249999999884e+00 1.014664499999999858e+00
1.533749999999999947e+00 8.121206249999999294e-01 1.016504625000000051e+00 1.016504625000000051e+00 1.013370249999999917e+00
1.541250000000000009e+00 8.038043750000001264e-01 1.022354874999999996e+00 1.022354874999999996e+00 1.012596250000000087e+00
1.548750000000000071e+00 8.075915000000000177e-01 1.026994874999999974e+00 1.026994874999999974e+00 1.011331500000000050e+00
1.556249999999999911e+00 8.093464999999999687e-01 1.031986875000000081e+00 1.031986875000000081e+00 1.009799999999999809e+00
1.563749999999999973e+00 8.077828750000001223e-01 1.037409124999999932e+00 1.037409124999999932e+00 1.008478249999999798e+00
1.571250000000000036e+00 8.129229999999998402e-01 1.043324499999999988e+00 1.043324499999999988e+00 1.007022375000000025e+00
1.578750000000000098e+00 8.026821250000000241e-01 1.049562375000000047e+00 1.049562375000000047e+00 1.005685874999999951e+00
1.586249999999999938e+00 8.120452499999999407e-01 1.056431750000000003e+00 1.056431750000000003e+00 1.004211500000000035e+00
1.593750000000000000e+00 8.093458749999998814e-01 1.062543000000000015e+00 1.062543000000000015e+00 1.003052749999999937e+00
1.601250000000000062e+00 8.156538749999999727e-01 1.067747875000000013e+00 1.067747875000000013e+00 1.001654374999999986e+00
1.608749999999999902e+00 8.088254999999999750e-01 1.075225749999999980e+00 1.075225749999999980e+00 1.000636124999999987e+00
1.616249999999999964e+00 8.154098750000000617e-01 1.081731374999999939e+00 1.081731374999999939e+00 9.997942499999999955e-01
1.623750000000000027e+00 8.179516250000000710e-01 1.088370124999999966e+00 1.088370124999999966e+00 9.991962500000000080e-01
1.631250000000000089e+00 8.182622499999998578e-01 1.095928874999999802e+00 1.095928874999999802e+00 9.981232500000000174e-01
1.638749999999999929e+00 8.213946249999999338e-01 1.100890000000000146e+00 1.100890000000000146e+00 9.975822500000002258e-01
1.646249999999999991e+00 8.259798749999999190e-01 1.108513999999999999e+00 1.108513999999999999e+00 9.971498750000000744e-01
1.653750000000000053e+00 8.313698750000000359e-01 1.113153749999999942e+00 1.113153749999999942e+00 9.964746249999999472e-01
1.661249999999999893e+00 8.412705000000001432e-01 1.116641750000000100e+00 1.116641750000000100e+00 9.962472500000000286e-01
1.668749999999999956e+00 8.474488749999999904e-01 1.118808125000000153e+00 1.118808125000000153e+00 9.958541249999999234e-01
1.676250000000000018e+00 8.651078749999999706e-01 1.118278000000000105e+00 1.118278000000000105e+00 9.954659999999999620e-01
1.683750000000000080e+00 8.697683750000001490e-01 1.115855875000000053e+00 1.115855875000000053e+00 9.954748749999999813e-01
1.691249999999999920e+00 8.908077500000000093e-01 1.109502500000000058e+00 1.109502500000000058e+00 9.951203750000000570e-01
1.698749999999999982e+00 9.040440000000000698e-01 1.102117000000000013e+00 1.102117000000000013e+00 9.950997499999999496e-01
1.706250000000000044e+00 9.257698749999999643e-01 1.092909874999999920e+00 1.092909874999999920e+00 9.946944999999999260e-01
1.713750000000000107e+00 9.359738749999999552e-01 1.080438374999999951e+00 1.080438374999999951e+00 9.944921249999999491e-01
1.721249999999999947e+00 9.543676249999999417e-01 1.069634374999999915e+00 1.069634374999999915e+00 9.944998749999999221e-01
1.728750000000000009e+00 9.717504999999999615e-01 1.058439750000000013e+00 1.058439750000000013e+00 9.941819999999998991e-01
1.736250000000000071e+00 9.890953749999998879e-01 1.047159124999999857e+00 1.047159124999999857e+00 9.937376249999999578e-01
1.743749999999999911e+00 1.003031374999999947e+00 1.036353749999999962e+00 1.036353749999999962e+00 9.935614999999999863e-01
1.751249999999999973e+00 1.027426999999999868e+00 1.026897750000000276e+00 1.026897750000000276e+00 9.934541250000000767e-01
1.758750000000000036e+00 1.048527374999999928e+00 1.019276000000000071e+00 1.019276000000000071e+00 9.931895000000000584e-01
1.766250000000000098e+00 1.077048374999999947e+00 1.013358250000000016e+00 1.013358250000000016e+00 9.925692500000000695e-01
1.773749999999999938e+00 1.097070500000000060e+00 1.007517375000000159e+00 1.007517375000000159e+00 9.924169999999999936e-01
1.781250000000000000e+00 1.124092375000000033e+00 1.003231875000000217e+00 1.003231875000000217e+00 9.921248749999999061e-01
1.788750000000000062e+00 1.134623375000000101e+00 9.997293750000000312e-01 9.997293750000000312e-01 9.921021249999999458e-01
1.796249999999999902e+00 1.146262499999999962e+00 9.972689999999999610e-01 9.972689999999999610e-01 9.917200000000000459e-01
1.803749999999999964e+00 1.152840000000000087e+00 9.962829999999999186e-01 9.962829999999999186e-01 9.914415000000000866e-01
1.811250000000000027e+00 1.145720249999999885e+00 9.953362500000000335e-01 9.953362500000000335e-01 9.910700000000000065e-01
1.818750000000000089e+00 1.145597250000000011e+00 9.958426249999999813e-01 9.958426249999999813e-01 9.911147499999998223e-01
1.826249999999999929e+00 1.131995000000000084e+00 9.960387499999999728e-01 9.960387499999999728e-01 9.911078749999999715e-01
1.833749999999999991e+00 1.117103750000000062e+00 9.968787500000000357e-01 9.968787500000000357e-01 9.910291249999999552e-01
1.841250000000000053e+00 1.098651250000000079e+00 9.973644999999998761e-01 9.973644999999998761e-01 9.910101250000000750e-01
1.848749999999999893e+00 1.083421500000000037e+00 9.983592499999999204e-01 9.983592499999999204e-01 9.907202500000000800e-01
1.856249999999999956e+00 1.072081874999999851e+00 9.996998749999999045e-01 9.996998749999999045e-01 9.909841249999999935e-01
1.863750000000000018e+00 1.066445749999999970e+00 1.001177499999999831e+00 1.001177499999999831e+00 9.910382499999998984e-01
1.871250000000000080e+00 1.066645249999999878e+00 1.001327749999999961e+00 1.001327749999999961e+00 9.913046249999999393e-01
1.878749999999999920e+00 1.063456500000000027e+00 1.002125250000000189e+00 1.002125250000000189e+00 9.912712500000000482e-01
1.886249999999999982e+00 1.072694125000000165e+00 1.002353625000000026e+00 1.002353625000000026e+00 9.915355000000000141e-01
1.893750000000000044e+00 1.091907874999999972e+00 1.002872250000000021e+00 1.002872250000000021e+00 9.917072500000001511e-01
1.901250000000000107e+00 1.104418874999999911e+00 1.001807874999999903e+00 1.001807874999999903e+00 9.918998749999999864e-01
1.908749999999999947e+00 1.114730875000000010e+00 1.000988875000000000e+00 1.000988875000000000e+00 9.922945000000000793e-01
1.916250000000000009e+00 1.139092624999999970e+00 1.000260374999999868e+00 1.000260374999999868e+00 9.927136249999999329e-01
1.923750000000000071e+00 1.150707499999999994e+00 9.970703749999999532e-01 9.970703749999999532e-01 9.928167500000000256e-01
1.931249999999999911e+00 1.171197750000000148e+00 9.955768749999999168e-01 9.955768749999999168e-01 9.931261250000000818e-01
1.938749999999999973e+00 1.180556624999999915e+00 9.927984999999999172e-01 9.927984999999999172e-01 9.933403749999999421e-01
1.946250000000000036e+00 1.192081624999999923e+00 9.903191249999999668e-01 9.903191249999999668e-01 9.937575000000000713e-01
1.953750000000000098e+00 1.197622750000000069e+00 9.878577500000000899e-01 9.878577500000000899e-01 9.939441250000000672e-01
1.961249999999999938e+00 1.201812624999999857e+00 9.850097499999999062e-01 9.850097499999999062e-01 9.942332499999999573e-01
1.968750000000000000e+00 1.209858624999999854e+00 9.827510000000000412e-01 9.827510000000000412e-01 9.943571249999999528e-01
1.976250000000000062e+00 1.218469999999999942e+00 9.793593750000001430e-01 9.793593750000001430e-01 9.946311249999999493e-01
1.983749999999999902e+00 1.216999375000000105e+00 9.778603750000000039e-01 9.778603750000000039e-01 9.949111250000000073e-01
1.991249999999999964e+00 1.228417249999999905e+00 9.764958749999999021e-01 9.764958749999999021e-01 9.950302500000000050e-01
1.998750000000000027e+00 1.240281750000000072e+00 9.748449999999999616e-01 9.748449999999999616e-01 9.955573749999999666e-01
2.006250000000000089e+00 1.248879625000000271e+00 9.732943750000000449e-01 9.732943750000000449e-01 9.956452500000000372e-01
2.013749999999999929e+00 1.250207999999999986e+00 9.720554999999999612e-01 9.720554999999999612e-01 9.960760000000000725e-01
2.021250000000000213e+00 1.268800124999999834e+00 9.710039999999998672e-01 9.710039999999998672e-01 9.963666249999998392e-01
2.028750000000000053e+00 1.273887749999999874e+00 9.710743750000000452e-01 9.710743750000000452e-01 9.964593750000000361e-01
2.036249999999999893e+00 1.277887999999999913e+00 9.713179999999999037e-01 9.713179999999999037e-01 9.966399999999999704e-01
2.043750000000000178e+00 1.272747999999999990e+00 9.706472499999999615e-01 9.706472499999999615e-01 9.970233750000000450e-01
2.051250000000000018e+00 1.274722124999999817e+00 9.704993749999999419e-01 9.704993749999999419e-01 9.976476250000000379e-01
2.058749999999999858e+00 1.255226125000000081e+00 9.711150000000000615e-01 9.711150000000000615e-01 9.977520000000000833e-01
2.066250000000000142e+00 1.230808624999999878e+00 9.712165000000001491e-01 9.712165000000001491e-01 9.982659999999999867e-01
2.073749999999999982e+00 1.205003000000000046e+00 9.727616250000000742e-01 9.727616250000000742e-01 9.984315000000000273e-01
2.081249999999999822e+00 1.162444124999999939e+00 9.725936249999999061e-01 9.725936249999999061e-01 9.990142499999999925e-01
2.088750000000000107e+00 1.129829999999999890e+00 9.744647499999999907e-01 9.744647499999999907e-01 9.995082500000000980e-01
2.096249999999999947e+00 1.093852874999999836e+00 9.749533750000000110e-01 9.749533750000000110e-01 9.995392499999999902e-01
2.103749999999999787e+00 1.051490000000000036e+00 9.756847499999998785e-01 9.756847499999998785e-01 1.000021749999999932e+00
2.111250000000000071e+00 1.006797624999999918e+00 9.769006249999999669e-01 9.769006249999999669e-01 1.000264499999999890e+00
2.118749999999999911e+00 9.775583750000000904e-01 9.773486249999999709e-01 9.773486249999999709e-01 1.000757124999999803e+00
2.126250000000000195e+00 9.424631249999999572e-01 9.775436250000000271e-01 9.775436250000000271e-01 1.000949124999999995e+00
2.133750000000000036e+00 9.194653750000000292e-01 9.784863749999999083e-01 9.784863749999999083e-01 1.001545624999999884e+00
2.141249999999999876e+00 8.948477500000000529e-01 9.791743750000000412e-01 9.791743750000000412e-01 1.001673625000000012e+00
2.148750000000000160e+00 8.831647499999999429e-01 9.796192499999999415e-01 9.796192499999999415e-01 1.002015000000000100e+00
2.156250000000000000e+00 8.675541249999999538e-01 9.799093749999998604e-01 9.799093749999998604e-01 1.002177374999999815e+00
2.163749999999999840e+00 8.560599999999999321e-01 9.811634999999999662e-01 9.811634999999999662e-01 1.002712625000000024e+00
2.171250000000000124e+00 8.515238750000000412e-01 9.806956249999999597e-01 9.806956249999999597e-01 1.002886500000000236e+00
2.178749999999999964e+00 8.517521249999999711e-01 9.817735000000000767e-01 9.817735000000000767e-01 1.003170375000000059e+00
2.186249999999999805e+00 8.507512499999998479e-01 9.815957499999999891e-01 9.815957499999999891e-01 1.003311124999999970e+00
2.193750000000000089e+00 8.509595000000000908e-01 9.820047499999999818e-01 9.820047499999999818e-01 1.003677000000000152e+00
2.201249999999999929e+00 8.632703749999999232e-01 9.836786250000000287e-01 9.836786250000000287e-01 1.003819374999999958e+00
2.208750000000000213e+00 8.635095000000000409e-01 9.840296250000000189e-01 9.840296250000000189e-01 1.003912250000000173e+00
2.216250000000000053e+00 8.758348750000000127e-01 9.841793750000000784e-01 9.841793750000000784e-01 1.004199000000000064e+00
2.223749999999999893e+00 8.815246250000000616e-01 9.843358749999999713e-01 9.843358749999999713e-01 1.004286374999999953e+00
2.231250000000000178e+00 8.854974999999998264e-01 9.851612499999999883e-01 9.851612499999999883e-01 1.004435750000000072e+00
2.238750000000000018e+00 8.921572499999999017e-01 9.856083749999999810e-01 9.856083749999999810e-01 1.004658875000000062e+00
2.246249999999999858e+00 9.065788750000000062e-01 9.869778750000001155e-01 9.869778750000001155e-01 1.004659249999999782e+00
2.253750000000000142e+00 9.106006250000000524e-01 9.881311249999999990e-01 9.881311249999999990e-01 1.004673624999999904e+00
2.261249999999999982e+00 9.240355000000000096e-01 9.892768750000000555e-01 9.892768750000000555e-01 1.004619125000000057e+00
2.268749999999999822e+00 9.288032500000000802e-01 9.901152500000000023e-01 9.901152500000000023e-01 1.004697125000000080e+00
2.276250000000000107e+00 9.346257500000000329e-01 9.907543750000000760e-01 9.907543750000000760e-01 1.004610374999999944e+00
2.283749999999999947e+00 9.376661250000001280e-01 9.919835000000000180e-01 9.919835000000000180e-01 1.004593375000000011e+00
2.291249999999999787e+00 9.447299999999999587e-01 9.932711249999999215e-01 9.932711249999999215e-01 1.004461125000000177e+00
2.298750000000000071e+00 9.450558749999999897e-01 9.946521249999999981e-01 9.946521249999999981e-01 1.004466875000000092e+00
2.306249999999999911e+00 9.474928750000000122e-01 9.956728750000000128e-01 9.956728750000000128e-01 1.004379000000000133e+00
2.313750000000000195e+00 9.453801250000000156e-01 9.966761250000000238e-01 9.966761250000000238e-01 1.004028750000000025e+00
2.321250000000000036e+00 9.469202499999999079e-01 9.977047500000000291e-01 9.977047500000000291e-01 1.003803875000000234e+00
2.328749999999999876e+00 9.487043750000000442e-01 9.990168750000000264e-01 9.990168750000000264e-01 1.003608250000000091e+00
2.336250000000000160e+00 9.431625000000000147e-01 9.998246250000000224e-01 9.998246250000000224e-01 1.003326999999999858e+00
2.343750000000000000e+00 9.367863750000000600e-01 1.000237875000000054e+00 1.000237875000000054e+00 1.003130749999999960e+00
2.351249999999999840e+00 9.358166249999999575e-01 1.002964999999999884e+00 1.002964999999999884e+00 1.002861750000000107e+00
2.358750000000000124e+00 9.410951250000000323e-01 1.002642250000000068e+00 1.002642250000000068e+00 1.002523249999999866e+00
2.366249999999999964e+00 9.280315000000001202e-01 1.003840124999999972e+00 1.003840124999999972e+00 1.002400750000000063e+00
2.373749999999999805e+00 9.286552499999999322e-01 1.004434625000000025e+00 1.004434625000000025e+00 1.002089374999999949e+00
2.381250000000000089e+00 9.278222499999999595e-01 1.005858124999999825e+00 1.005858124999999825e+00 1.001689875000000063e+00
2.388749999999999929e+00 9.245269999999999877e-01 1.007384124999999964e+00 1.007384124999999964e+00 1.001388625000000143e+00
2.396250000000000213e+00 9.228459999999998331e-01 1.007529750000000002e+00 1.007529750000000002e+00 1.001109249999999840e+00
2.403750000000000053e+00 9.203183749999999108e-01 1.008213124999999932e+00 1.008213124999999932e+00 1.000932249999999968e+00
2.411249999999999893e+00 9.203376250000000480e-01 1.009280750000000060e+00 1.009280750000000060e+00 1.000804125000000155e+00
2.418750000000000178e+00 9.219813749999999919e-01 1.009731375000000098e+00 1.009731375000000098e+00 1.000565000000000149e+00
2.426250000000000018e+00 9.321099999999998831e-01 1.010276249999999987e+00 1.010276249999999987e+00 1.000383875000000033e+00
2.433749999999999858e+00 9.332221249999999024e-01 1.010738499999999984e+00 1.010738499999999984e+00 9.999875000000000291e-01
2.441250000000000142e+00 9.306923749999997941e-01 1.010844250000000111e+00 1.010844250000000111e+00 1.000221000000000027e+00
2.448749999999999982e+00 9.368346249999999209e-01 1.011952874999999974e+00 1.011952874999999974e+00 1.000003125000000104e+00
2.456249999999999822e+00 9.408041249999999911e-01 1.012049750000000081e+00 1.012049750000000081e+00 9.997946250000001589e-01
2.463750000000000107e+00 9.421966250000000098e-01 1.012463625000000089e+00 1.012463625000000089e+00 9.996311250000000648e-01
2.471249999999999947e+00 9.511689999999999312e-01 1.012924500000000005e+00 1.012924500000000005e+00 9.996228750000000218e-01
2.478749999999999787e+00 9.524128750000000476e-01 1.013051874999999935e+00 1.013051874999999935e+00 9.994579999999999576e-01
2.486250000000000071e+00 9.588812499999999073e-01 1.012756124999999896e+00 1.012756124999999896e+00 9.995102499999999335e-01
2.493749999999999911e+00 9.559644999999999948e-01 1.013040500000000010e+00 1.013040500000000010e+00 9.992042500000000160e-01
2.501250000000000195e+00 9.712405000000000621e-01 1.012888999999999928e+00 1.012888999999999928e+00 9.991695000000000437e-01
2.508750000000000036e+00 9.688346250000000603e-01 1.013550874999999962e+00 1.013550874999999962e+00 9.990971250000000303e-01
2.516249999999999876e+00 9.704049999999999621e-01 1.013903499999999847e+00 1.013903499999999847e+00 9.988518749999999446e-01
2.523750000000000160e+00 9.764512499999999928e-01 1.013884000000000007e+00 1.013884000000000007e+00 9.987583749999999760e-01
2.531250000000000000e+00 9.810693750000000213e-01 1.014555624999999850e+00 1.014555624999999850e+00 9.985063749999999461e-01
2.538749999999999840e+00 9.892465000000000286e-01 1.014280749999999731e+00 1.014280749999999731e+00 9.985693749999999813e-01
2.546250000000000124e+00 9.871879999999999544e-01 1.014693500000000137e+00 1.014693500000000137e+00 9.984658749999999472e-01
2.553749999999999964e+00 9.894444999999999490e-01 1.015303999999999984e+00 1.015303999999999984e+00 9.982316250000000668e-01
2.561249999999999805e+00 9.921853750000000360e-01 1.015530999999999962e+00 1.015530999999999962e+00 9.981715000000001003e-01
2.568750000000000089e+00 9.926055000000000295e-01 1.015284124999999982e+00 1.015284124999999982e+00 9.980634999999999923e-01
2.576249999999999929e+00 9.975077500000000263e-01 1.015566750000000074e+00 1.015566750000000074e+00 9.977745000000000086e-01
2.583750000000000213e+00 9.977243749999999967e-01 1.015387124999999946e+00 1.015387124999999946e+00 9.977257500000000778e-01
2.591250000000000053e+00 1.001158874999999782e+00 1.014848500000000042e+00 1.014848500000000042e+00 9.976392499999999774e-01
2.598749999999999893e+00 1.001331624999999947e+00 1.015311999999999992e+00 1.015311999999999992e+00 9.973433749999999209e-01
2.606250000000000178e+00 1.001624250000000105e+00 1.015749875000000024e+00 1.015749875000000024e+00 9.972118749999999698e-01
2.613750000000000018e+00 1.003621625000000073e+00 1.014895375000000044e+00 1.014895375000000044e+00 9.971548749999999961e-01
2.621249999999999858e+00 1.011054999999999815e+00 1.014827249999999959e+00 1.014827249999999959e+00 9.969425000000000647e-01
2.628750000000000142e+00 1.009205499999999978e+00 1.013951375000000210e+00 1.013951375000000210e+00 9.969782499999999548e-01
2.636249999999999982e+00 1.012896000000000019e+00 1.014238374999999914e+00 1.014238374999999914e+00 9.966927499999999052e-01
2.643749999999999822e+00 1.010541749999999794e+00 1.013686250000000122e+00 1.013686250000000122e+00 9.969342500000000218e-01
2.651250000000000107e+00 1.017212250000000040e+00 1.012853875000000015e+00 1.012853875000000015e+00 9.967616249999999845e-01
2.658749999999999947e+00 1.022378375000000172e+00 1.012462874999999984e+00 1.012462874999999984e+00 9.968773750000000655e-01
2.666249999999999787e+00 1.022292624999999955e+00 1.011252250000000075e+00 1.011252250000000075e+00 9.967072499999999335e-01
2.673750000000000071e+00 1.026325125000000060e+00 1.010361749999999947e+00 1.010361749999999947e+00 9.968248749999999436e-01
2.681249999999999911e+00 1.023751000000000078e+00 1.009060874999999857e+00 1.009060874999999857e+00 9.967863750000000023e-01
2.688750000000000195e+00 1.029907499999999976e+00 1.007855124999999852e+00 1.007855124999999852e+00 9.968998749999998799e-01
2.696250000000000036e+00 1.029213375000000097e+00 1.007610125000000023e+00 1.007610125000000023e+00 9.967980000000000729e-01
2.703749999999999876e+00 1.035672125000000054e+00 1.006241374999999882e+00 1.006241374999999882e+00 9.968320000000000514e-01
2.711250000000000160e+00 1.035027125000000048e+00 1.005008999999999819e+00 1.005008999999999819e+00 9.968022500000002228e-01
2.718750000000000000e+00 1.039739875000000202e+00 1.004516749999999847e+00 1.004516749999999847e+00 9.967873749999999200e-01
2.726249999999999840e+00 1.041386374999999864e+00 1.002710500000000060e+00 1.002710500000000060e+00 9.972384999999999167e-01
2.733750000000000124e+00 1.043976124999999922e+00 1.002110124999999963e+00 1.002110124999999963e+00 9.970253749999999915e-01
2.741249999999999964e+00 1.042373625000000192e+00 1.001024625000000112e+00 1.001024625000000112e+00 9.969600000000000684e-01
2.748749999999999805e+00 1.046639625000000073e+00 9.997417499999999846e-01 9.997417499999999846e-01 9.972072500000001005e-01
2.756250000000000089e+00 1.047330500000000164e+00 9.988793750000000138e-01 9.988793750000000138e-01 9.970258749999999504e-01
2.763749999999999929e+00 1.046388625000000072e+00 9.982141249999999522e-01 9.982141249999999522e-01 9.972323749999998377e-01
2.771250000000000213e+00 1.042572749999999937e+00 9.972534999999999039e-01 9.972534999999999039e-01 9.973903750000000512e-01
2.778750000000000053e+00 1.046823499999999907e+00 9.965218749999998904e-01 9.965218749999998904e-01 9.973387500000001626e-01
2.786249999999999893e+00 1.046470000000000233e+00 9.963374999999999870e-01 9.963374999999999870e-01 9.973953749999999729e-01
2.793750000000000178e+00 1.050344874999999956e+00 9.951208750000000158e-01 9.951208750000000158e-01 9.975122499999999892e-01
2.801250000000000018e+00 1.044368999999999881e+00 9.955432499999998797e-01 9.955432499999998797e-01 9.974918750000000278e-01
2.808749999999999858e+00 1.044211500000000070e+00 9.949941249999999515e-01 9.949941249999999515e-01 9.976446249999998406e-01
2.816250000000000142e+00 1.042237375000000021e+00 9.944779999999999731e-01 9.944779999999999731e-01 9.977158750000000298e-01
2.823749999999999982e+00 1.038979000000000097e+00 9.936353749999999874e-01 9.936353749999999874e-01 9.976730000000000320e-01
2.831249999999999822e+00 1.033896999999999844e+00 9.947016250000000337e-01 9.947016250000000337e-01 9.977881250000000257e-01
2.838750000000000107e+00 1.036574374999999826e+00 9.945418750000000196e-01 9.945418750000000196e-01 9.978048749999999245e-01
2.846249999999999947e+00 1.032062124999999941e+00 9.942148749999999424e-01 9.942148749999999424e-01 9.980088750000000175e-01
2.853749999999999787e+00 1.029596374999999897e+00 9.943676250000000882e-01 9.943676250000000882e-01 9.980003750000000506e-01
2.861250000000000071e+00 1.031184375000000042e+00 9.947519999999999696e-01 9.947519999999999696e-01 9.982532500000000919e-01
2.868749999999999911e+00 1.025135374999999849e+00 9.943775000000000253e-01 9.943775000000000253e-01 9.981326249999999956e-01
2.876250000000000195e+00 1.031109875000000065e+00 9.941862500000000491e-01 9.941862500000000491e-01 9.981933749999999383e-01
2.883750000000000036e+00 1.021912750000000036e+00 9.942831250000000454e-01 9.942831250000000454e-01 9.984081250000000907e-01
2.891249999999999876e+00 1.023125500000000132e+00 9.948682500000000095e-01 9.948682500000000095e-01 9.985400000000002052e-01
2.898750000000000160e+00 1.023559875000000119e+00 9.942687500000000345e-01 9.942687500000000345e-01 9.985458749999999162e-01
2.906250000000000000e+00 1.021412750000000091e+00 9.944877500000000037e-01 9.944877500000000037e-01 9.985977500000000617e-01
2.913749999999999840e+00 1.026219999999999910e+00 9.941714999999999858e-01 9.941714999999999858e-01 9.988326250000000295e-01
2.921250000000000124e+00 1.024594874999999794e+00 9.941117500000000717e-01 9.941117500000000717e-01 9.989576249999999602e-01
2.928749999999999964e+00 1.021902750000000193e+00 9.945330000000000004e-01 9.945330000000000004e-01 9.989609999999999879e-01
2.936249999999999805e+00 1.022795625000000097e+00 9.943513750000000373e-01 9.943513750000000373e-01 9.992016250000000932e-01
2.943750000000000089e+00 1.022458625000000065e+00 9.942824999999999580e-01 9.942824999999999580e-01 9.991781250000000281e-01
2.951249999999999929e+00 1.023244625000000019e+00 9.938164999999998805e-01 9.938164999999998805e-01 9.993678750000001276e-01
2.958750000000000213e+00 1.018546624999999928e+00 9.935879999999999157e-01 9.935879999999999157e-01 9.994328749999999983e-01
2.966250000000000053e+00 1.022787624999999867e+00 9.936040000000000427e-01 9.936040000000000427e-01 9.995560000000001111e-01
2.973749999999999893e+00 1.017693125000000087e+00 9.932995000000000019e-01 9.932995000000000019e-01 9.994881249999999495e-01
2.981250000000000178e+00 1.022000250000000054e+00 9.931951249999999565e-01 9.931951249999999565e-01 9.995065000000000754e-01
2.988750000000000018e+00 1.015065749999999767e+00 9.929879999999999818e-01 9.929879999999999818e-01 9.997620000000000395e-01
2.996249999999999858e+00 1.015574124999999883e+00 9.936593750000000114e-01 9.936593750000000114e-01 9.997632499999999922e-01
