3.749999999999999861e-03 0.000000000000000000e+00 0.000000000000000000e+00 0.000000000000000000e+00 0.000000000000000000e+00
1.124999999999999958e-02 0.000000000000000000e+00 0.000000000000000000e+00 0.000000000000000000e+00 0.000000000000000000e+00
1.874999999999999931e-02 0.000000000000000000e+00 0.000000000000000000e+00 0.000000000000000000e+00 0.000000000000000000e+00
2.624999999999999903e-02 0.000000000000000000e+00 0.000000000000000000e+00 0.000000000000000000e+00 0.000000000000000000e+00
3.375000000000000222e-02 0.000000000000000000e+00 0.000000000000000000e+00 0.000000000000000000e+00 0.000000000000000000e+00
4.125000000000000194e-02 0.000000000000000000e+00 0.000000000000000000e+00 0.000000000000000000e+00 0.000000000000000000e+00
4.875000000000000167e-02 0.000000000000000000e+00 0.000000000000000000e+00 0.000000000000000000e+00 0.000000000000000000e+00
5.625000000000000139e-02 0.000000000000000000e+00 0.000000000000000000e+00 0.000000000000000000e+00 0.000000000000000000e+00
6.375000000000000111e-02 0.000000000000000000e+00 0.000000000000000000e+00 0.000000000000000000e+00 0.000000000000000000e+00
7.124999999999999389e-02 0.000000000000000000e+00 0.000000000000000000e+00 0.000000000000000000e+00 0.000000000000000000e+00
7.875000000000000056e-02 0.000000000000000000e+00 0.000000000000000000e+00 0.000000000000000000e+00 0.000000000000000000e+00
8.624999999999999334e-02 0.000000000000000000e+00 0.000000000000000000e+00 0.000000000000000000e+00 0.000000000000000000e+00
9.375000000000000000e-02 0.000000000000000000e+00 0.000000000000000000e+00 0.000000000000000000e+00 0.000000000000000000e+00
1.012500000000000067e-01 0.000000000000000000e+00 0.000000000000000000e+00 0.000000000000000000e+00 0.000000000000000000e+00
1.087499999999999994e-01 0.000000000000000000e+00 0.000000000000000000e+00 0.000000000000000000e+00 0.000000000000000000e+00
1.162500000000000061e-01 0.000000000000000000e+00 0.000000000000000000e+00 0.000000000000000000e+00 0.000000000000000000e+00
1.237499999999999989e-01 0.000000000000000000e+00 0.000000000000000000e+00 0.000000000000000000e+00 0.000000000000000000e+00
1.312500000000000056e-01 0.000000000000000000e+00 0.000000000000000000e+00 0.000000000000000000e+00 0.000000000000000000e+00
1.387500000000000122e-01 0.000000000000000000e+00 0.000000000000000000e+00 0.000000000000000000e+00 0.000000000000000000e+00
1.462499999999999911e-01 0.000000000000000000e+00 0.000000000000000000e+00 0.000000000000000000e+00 0.000000000000000000e+00
1.537499999999999978e-01 0.000000000000000000e+00 0.000000000000000000e+00 0.000000000000000000e+00 0.000000000000000000e+00
1.612500000000000044e-01 0.000000000000000000e+00 0.000000000000000000e+00 0.000000000000000000e+00 0.000000000000000000e+00
1.687500000000000111e-01 0.000000000000000000e+00 0.000000000000000000e+00 0.000000000000000000e+00 0.000000000000000000e+00
1.762499999999999900e-01 0.000000000000000000e+00 0.000000000000000000e+00 0.000000000000000000e+00 0.000000000000000000e+00
1.837499999999999967e-01 0.000000000000000000e+00 0.000000000000000000e+00 0.000000000000000000e+00 2.644999999999999782e-04
1.912500000000000033e-01 0.000000000000000000e+00 0.000000000000000000e+00 0.000000000000000000e+00 3.101274999999999865e-02
1.987500000000000100e-01 0.000000000000000000e+00 0.000000000000000000e+00 0.000000000000000000e+00 4.120797500000000224e-01
2.062499999999999889e-01 0.000000000000000000e+00 0.000000000000000000e+00 0.000000000000000000e+00 1.550789500000000043e+00
2.137499999999999956e-01 0.000000000000000000e+00 0.000000000000000000e+00 0.000000000000000000e+00 2.773149500000000156e+00
2.212500000000000022e-01 0.000000000000000000e+00 0.000000000000000000e+00 0.000000000000000000e+00 3.236494749999999865e+00
2.287500000000000089e-01 0.000000000000000000e+00 0.000000000000000000e+00 0.000000000000000000e+00 3.071651000000000131e+00
2.362499999999999878e-01 0.000000000000000000e+00 0.000000000000000000e+00 0.000000000000000000e+00 2.848530249999999597e+00
2.437499999999999944e-01 0.000000000000000000e+00 0.000000000000000000e+00 0.000000000000000000e+00 2.649840999999999891e+00
2.512499999999999734e-01 0.000000000000000000e+00 0.000000000000000000e+00 0.000000000000000000e+00 2.469848250000000078e+00
2.587499999999999800e-01 0.000000000000000000e+00 0.000000000000000000e+00 0.000000000000000000e+00 2.314227999999999952e+00
2.662499999999999867e-01 0.000000000000000000e+00 0.000000000000000000e+00 0.000000000000000000e+00 2.168387000000000064e+00
2.737499999999999933e-01 0.000000000000000000e+00 0.000000000000000000e+00 0.000000000000000000e+00 2.044176750000000098e+00
2.812500000000000000e-01 0.000000000000000000e+00 0.000000000000000000e+00 0.000000000000000000e+00 1.937195750000000105e+00
2.887500000000000067e-01 0.000000000000000000e+00 0.000000000000000000e+00 0.000000000000000000e+00 1.837274249999999887e+00
2.962500000000000133e-01 0.000000000000000000e+00 0.000000000000000000e+00 0.000000000000000000e+00 1.751541250000000050e+00
3.037500000000000200e-01 0.000000000000000000e+00 0.000000000000000000e+00 0.000000000000000000e+00 1.677382499999999999e+00
3.112500000000000266e-01 0.000000000000000000e+00 0.000000000000000000e+00 0.000000000000000000e+00 1.611118249999999863e+00
3.187499999999999778e-01 0.000000000000000000e+00 0.000000000000000000e+00 0.000000000000000000e+00 1.552891999999999939e+00
3.262499999999999845e-01 0.000000000000000000e+00 0.000000000000000000e+00 0.000000000000000000e+00 1.508213749999999909e+00
3.337499999999999911e-01 0.000000000000000000e+00 0.000000000000000000e+00 0.000000000000000000e+00 1.464632500000000004e+00
3.412499999999999978e-01 0.000000000000000000e+00 0.000000000000000000e+00 0.000000000000000000e+00 1.434494750000000263e+00
3.487500000000000044e-01 0.000000000000000000e+00 0.000000000000000000e+00 0.000000000000000000e+00 1.405734999999999957e+00
3.562500000000000111e-01 0.000000000000000000e+00 0.000000000000000000e+00 0.000000000000000000e+00 1.385089999999999932e+00
3.637500000000000178e-01 0.000000000000000000e+00 0.000000000000000000e+00 0.000000000000000000e+00 1.372101999999999933e+00
3.712500000000000244e-01 0.000000000000000000e+00 0.000000000000000000e+00 0.000000000000000000e+00 1.362144000000000021e+00
3.787499999999999756e-01 0.000000000000000000e+00 0.000000000000000000e+00 0.000000000000000000e+00 1.361639250000000079e+00
3.862499999999999822e-01 0.000000000000000000e+00 0.000000000000000000e+00 0.000000000000000000e+00 1.364465999999999957e+00
3.937499999999999889e-01 0.000000000000000000e+00 0.000000000000000000e+00 0.000000000000000000e+00 1.371973499999999735e+00
4.012499999999999956e-01 0.000000000000000000e+00 0.000000000000000000e+00 0.000000000000000000e+00 1.385221250000000071e+00
4.087500000000000022e-01 0.000000000000000000e+00 0.000000000000000000e+00 0.000000000000000000e+00 1.401200500000000071e+00
4.162500000000000089e-01 0.000000000000000000e+00 0.000000000000000000e+00 0.000000000000000000e+00 1.415699999999999958e+00
4.237500000000000155e-01 0.000000000000000000e+00 0.000000000000000000e+00 0.000000000000000000e+00 1.430601000000000012e+00
4.312500000000000222e-01 0.000000000000000000e+00 0.000000000000000000e+00 0.000000000000000000e+00 1.440704750000000089e+00
4.387499999999999734e-01 0.000000000000000000e+00 0.000000000000000000e+00 0.000000000000000000e+00 1.444319750000000013e+00
4.462499999999999800e-01 0.000000000000000000e+00 0.000000000000000000e+00 0.000000000000000000e+00 1.443090500000000054e+00
4.537499999999999867e-01 0.000000000000000000e+00 0.000000000000000000e+00 0.000000000000000000e+00 1.438476000000000088e+00
4.612499999999999933e-01 0.000000000000000000e+00 0.000000000000000000e+00 0.000000000000000000e+00 1.429976999999999832e+00
4.687500000000000000e-01 0.000000000000000000e+00 0.000000000000000000e+00 0.000000000000000000e+00 1.420577750000000083e+00
4.762500000000000067e-01 0.000000000000000000e+00 0.000000000000000000e+00 0.000000000000000000e+00 1.405567999999999929e+00
4.837500000000000133e-01 0.000000000000000000e+00 0.000000000000000000e+00 0.000000000000000000e+00 1.392438000000000065e+00
4.912500000000000200e-01 0.000000000000000000e+00 0.000000000000000000e+00 0.000000000000000000e+00 1.378164249999999980e+00
4.987500000000000266e-01 0.000000000000000000e+00 0.000000000000000000e+00 0.000000000000000000e+00 1.363685249999999849e+00
5.062499999999999778e-01 0.000000000000000000e+00 0.000000000000000000e+00 0.000000000000000000e+00 1.348294249999999916e+00
5.137500000000000400e-01 0.000000000000000000e+00 0.000000000000000000e+00 0.000000000000000000e+00 1.332860249999999969e+00
5.212499999999999911e-01 0.000000000000000000e+00 0.000000000000000000e+00 0.000000000000000000e+00 1.317846250000000108e+00
5.287500000000000533e-01 0.000000000000000000e+00 0.000000000000000000e+00 0.000000000000000000e+00 1.304878250000000017e+00
5.362500000000000044e-01 0.000000000000000000e+00 0.000000000000000000e+00 0.000000000000000000e+00 1.291611500000000134e+00
5.437499999999999556e-01 0.000000000000000000e+00 2.300000000000000002e-05 2.300000000000000002e-05 1.280021000000000075e+00
5.512500000000000178e-01 0.000000000000000000e+00 1.529999999999999785e-04 1.529999999999999785e-04 1.267191249999999991e+00
5.587499999999999689e-01 0.000000000000000000e+00 1.572000000000000047e-03 1.572000000000000047e-03 1.257245500000000016e+00
5.662500000000000311e-01 0.000000000000000000e+00 8.976999999999998869e-03 8.976999999999998869e-03 1.247792250000000047e+00
5.737499999999999822e-01 0.000000000000000000e+00 3.750000000000000555e-02 3.750000000000000555e-02 1.239406250000000043e+00
5.812500000000000444e-01 0.000000000000000000e+00 1.123017499999999919e-01 1.123017499999999919e-01 1.230455249999999889e+00
5.887499999999999956e-01 0.000000000000000000e+00 2.686197499999999905e-01 2.686197499999999905e-01 1.223240749999999988e+00
5.962499999999999467e-01 0.000000000000000000e+00 5.229939999999999589e-01 5.229939999999999589e-01 1.218189750000000071e+00
6.037500000000000089e-01 0.000000000000000000e+00 8.717330000000000911e-01 8.717330000000000911e-01 1.211072499999999996e+00
6.112499999999999600e-01 0.000000000000000000e+00 1.263219750000000197e+00 1.263219750000000197e+00 1.205834749999999733e+00
6.187500000000000222e-01 0.000000000000000000e+00 1.650549749999999927e+00 1.650549749999999927e+00 1.201778749999999896e+00
6.262499999999999734e-01 0.000000000000000000e+00 1.980920750000000119e+00 1.980920750000000119e+00 1.196916499999999939e+00
6.337500000000000355e-01 0.000000000000000000e+00 2.206597499999999989e+00 2.206597499999999989e+00 1.191582499999999989e+00
6.412499999999999867e-01 0.000000000000000000e+00 2.326780250000000105e+00 2.326780250000000105e+00 1.185917000000000110e+00
6.487500000000000488e-01 0.000000000000000000e+00 2.340408249999999857e+00 2.340408249999999857e+00 1.182914499999999869e+00
6.562500000000000000e-01 0.000000000000000000e+00 2.270777250000000080e+00 2.270777250000000080e+00 1.177080499999999974e+00
6.637499999999999512e-01 0.000000000000000000e+00 2.143622750000000465e+00 2.143622750000000465e+00 1.172396749999999876e+00
6.712500000000000133e-01 0.000000000000000000e+00 1.985719500000000082e+00 1.985719500000000082e+00 1.166553750000000056e+00
6.787499999999999645e-01 0.000000000000000000e+00 1.814507749999999975e+00 1.814507749999999975e+00 1.162603000000000053e+00
6.862500000000000266e-01 0.000000000000000000e+00 1.664146499999999973e+00 1.664146499999999973e+00 1.155771499999999952e+00
6.937499999999999778e-01 0.000000000000000000e+00 1.532927750000000033e+00 1.532927750000000033e+00 1.150843249999999873e+00
7.012500000000000400e-01 0.000000000000000000e+00 1.424939249999999991e+00 1.424939249999999991e+00 1.145693000000000072e+00
7.087499999999999911e-01 0.000000000000000000e+00 1.329461500000000074e+00 1.329461500000000074e+00 1.139823749999999913e+00
7.162500000000000533e-01 0.000000000000000000e+00 1.248342750000000168e+00 1.248342750000000168e+00 1.134317250000000055e+00
7.237500000000000044e-01 0.000000000000000000e+00 1.179593250000000149e+00 1.179593250000000149e+00 1.128629749999999987e+00
7.312499999999999556e-01 0.000000000000000000e+00 1.119874999999999954e+00 1.119874999999999954e+00 1.123040749999999921e+00
7.387500000000000178e-01 0.000000000000000000e+00 1.071944999999999926e+00 1.071944999999999926e+00 1.117391000000000023e+00
7.462499999999999689e-01 0.000000000000000000e+00 1.032988000000000017e+00 1.032988000000000017e+00 1.112753499999999951e+00
7.537500000000000311e-01 0.000000000000000000e+00 1.003815750000000007e+00 1.003815750000000007e+00 1.107934499999999822e+00
7.612499999999999822e-01 0.000000000000000000e+00 9.838362499999999677e-01 9.838362499999999677e-01 1.102757500000000057e+00
7.687500000000000444e-01 0.000000000000000000e+00 9.681859999999999911e-01 9.681859999999999911e-01 1.098465499999999873e+00
7.762499999999999956e-01 0.000000000000000000e+00 9.608682500000000903e-01 9.608682500000000903e-01 1.093773499999999954e+00
7.837499999999999467e-01 0.000000000000000000e+00 9.591432500000000028e-01 9.591432500000000028e-01 1.090507000000000115e+00
7.912500000000000089e-01 0.000000000000000000e+00 9.646782499999999594e-01 9.646782499999999594e-01 1.086637749999999958e+00
7.987499999999999600e-01 0.000000000000000000e+00 9.755167499999999325e-01 9.755167499999999325e-01 1.081420749999999931e+00
8.062500000000000222e-01 0.000000000000000000e+00 9.913145000000000984e-01 9.913145000000000984e-01 1.078392250000000052e+00
8.137499999999999734e-01 0.000000000000000000e+00 1.015549499999999883e+00 1.015549499999999883e+00 1.075294500000000042e+00
8.212500000000000355e-01 0.000000000000000000e+00 1.035392499999999938e+00 1.035392499999999938e+00 1.071582250000000069e+00
8.287499999999999867e-01 0.000000000000000000e+00 1.054170499999999899e+00 1.054170499999999899e+00 1.069039000000000073e+00
8.362500000000000488e-01 0.000000000000000000e+00 1.071328250000000093e+00 1.071328250000000093e+00 1.065665749999999967e+00
8.437500000000000000e-01 0.000000000000000000e+00 1.084416999999999964e+00 1.084416999999999964e+00 1.062901749999999979e+00
8.512499999999999512e-01 0.000000000000000000e+00 1.091409000000000074e+00 1.091409000000000074e+00 1.060162749999999932e+00
8.587500000000000133e-01 0.000000000000000000e+00 1.099852749999999935e+00 1.099852749999999935e+00 1.057134000000000018e+00
8.662499999999999645e-01 0.000000000000000000e+00 1.097068000000000154e+00 1.097068000000000154e+00 1.054775250000000053e+00
8.737500000000000266e-01 0.000000000000000000e+00 1.092573000000000016e+00 1.092573000000000016e+00 1.052304249999999941e+00
8.812499999999999778e-01 1.100000000000000039e-04 1.084078250000000132e+00 1.084078250000000132e+00 1.049981499999999901e+00
8.887500000000000400e-01 2.159999999999999919e-04 1.074818500000000121e+00 1.074818500000000121e+00 1.047135499999999997e+00
8.962499999999999911e-01 1.594750000000000030e-03 1.060156749999999981e+00 1.060156749999999981e+00 1.044558749999999980e+00
9.037500000000000533e-01 6.377499999999999489e-03 1.047421749999999818e+00 1.047421749999999818e+00 1.043360749999999948e+00
9.112500000000000044e-01 1.943674999999999917e-02 1.031716249999999890e+00 1.031716249999999890e+00 1.041247749999999916e+00
9.187499999999999556e-01 6.758100000000000218e-02 1.015596500000000013e+00 1.015596500000000013e+00 1.039133000000000084e+00
9.262500000000000178e-01 1.819542499999999841e-01 1.002799250000000031e+00 1.002799250000000031e+00 1.036639750000000193e+00
9.337499999999999689e-01 4.180285000000000251e-01 9.904714999999999492e-01 9.904714999999999492e-01 1.034773749999999826e+00
9.412500000000000311e-01 7.960864999999999192e-01 9.783197500000000435e-01 9.783197500000000435e-01 1.033177000000000012e+00
9.487499999999999822e-01 1.357337749999999899e+00 9.646779999999999244e-01 9.646779999999999244e-01 1.031059250000000205e+00
9.562500000000000444e-01 2.120325000000000237e+00 9.567380000000000884e-01 9.567380000000000884e-01 1.029853750000000012e+00
9.637499999999999956e-01 2.936812999999999896e+00 9.471434999999999160e-01 9.471434999999999160e-01 1.028687999999999825e+00
9.712499999999999467e-01 3.790480499999999697e+00 9.382957500000000950e-01 9.382957500000000950e-01 1.027285749999999886e+00
9.787500000000000089e-01 4.555424249999999731e+00 9.311887500000000095e-01 9.311887500000000095e-01 1.026408250000000022e+00
9.862499999999999600e-01 5.098421999999999343e+00 9.256122499999999143e-01 9.256122499999999143e-01 1.024599749999999920e+00
9.937500000000000222e-01 5.456550499999999637e+00 9.225342499999998891e-01 9.225342499999998891e-01 1.024071999999999871e+00
1.001249999999999973e+00 5.520434750000000612e+00 9.169307500000001276e-01 9.169307500000001276e-01 1.023337000000000163e+00
1.008750000000000036e+00 5.437393000000000143e+00 9.144592500000000568e-01 9.144592500000000568e-01 1.022403750000000056e+00
1.016250000000000098e+00 5.111435750000000056e+00 9.141117500000000007e-01 9.141117500000000007e-01 1.021046750000000003e+00
1.023749999999999938e+00 4.710649999999999338e+00 9.141330000000000844e-01 9.141330000000000844e-01 1.020852000000000093e+00
1.031250000000000000e+00 4.225062499999999943e+00 9.138524999999999565e-01 9.138524999999999565e-01 1.020515499999999909e+00
1.038750000000000062e+00 3.748049749999999847e+00 9.117482499999999268e-01 9.117482499999999268e-01 1.020170500000000091e+00
1.046249999999999902e+00 3.278536500000000409e+00 9.106999999999998430e-01 9.106999999999998430e-01 1.020471249999999941e+00
1.053749999999999964e+00 2.796122250000000253e+00 9.128622499999999862e-01 9.128622499999999862e-01 1.019618749999999796e+00
1.061250000000000027e+00 2.395817749999999968e+00 9.084637500000000143e-01 9.084637500000000143e-01 1.019386249999999938e+00
1.068750000000000089e+00 2.065722250000000315e+00 9.102977500000000166e-01 9.102977500000000166e-01 1.019743249999999879e+00
1.076249999999999929e+00 1.747734000000000121e+00 9.090182500000001387e-01 9.090182500000001387e-01 1.019770999999999983e+00
1.083749999999999991e+00 1.477145749999999813e+00 9.097210000000000019e-01 9.097210000000000019e-01 1.020191250000000105e+00
1.091250000000000053e+00 1.276769250000000078e+00 9.080707500000000376e-01 9.080707500000000376e-01 1.020024999999999959e+00
1.098749999999999893e+00 1.105970750000000002e+00 9.063837500000000436e-01 9.063837500000000436e-01 1.020870500000000014e+00
1.106249999999999956e+00 9.509747499999999798e-01 9.068717500000000875e-01 9.068717500000000875e-01 1.021008999999999833e+00
1.113750000000000018e+00 8.130512500000000031e-01 9.055337500000000261e-01 9.055337500000000261e-01 1.021742499999999998e+00
1.121250000000000080e+00 7.228727500000000639e-01 9.002784999999999815e-01 9.002784999999999815e-01 1.022742499999999888e+00
1.128749999999999920e+00 6.427865000000000384e-01 9.015867499999999923e-01 9.015867499999999923e-01 1.023039749999999914e+00
1.136249999999999982e+00 5.881597499999999812e-01 8.985827499999998746e-01 8.985827499999998746e-01 1.024084999999999912e+00
1.143750000000000044e+00 5.386922499999999836e-01 8.966977499999999601e-01 8.966977499999999601e-01 1.025170249999999950e+00
1.151250000000000107e+00 5.050212499999999771e-01 8.959330000000000904e-01 8.959330000000000904e-01 1.026173750000000107e+00
1.158749999999999947e+00 4.846397500000000358e-01 8.950430000000000330e-01 8.950430000000000330e-01 1.027437999999999851e+00
1.166250000000000009e+00 4.767314999999999747e-01 8.949012500000000925e-01 8.949012500000000925e-01 1.028773249999999972e+00
1.173750000000000071e+00 4.663197500000000328e-01 8.965659999999999741e-01 8.965659999999999741e-01 1.030302750000000156e+00
1.181249999999999911e+00 4.707594999999999974e-01 8.954657500000000603e-01 8.954657500000000603e-01 1.031154499999999974e+00
1.188749999999999973e+00 4.842972500000000124e-01 8.951849999999998975e-01 8.951849999999998975e-01 1.033237750000000066e+00
1.196250000000000036e+00 5.095735000000000126e-01 8.960124999999999895e-01 8.960124999999999895e-01 1.034730249999999963e+00
1.203750000000000098e+00 5.416689999999999561e-01 8.957472500000001059e-01 8.957472500000001059e-01 1.035294250000000194e+00
1.211249999999999938e+00 5.688002500000000072e-01 8.994659999999999878e-01 8.994659999999999878e-01 1.037452749999999924e+00
1.218750000000000000e+00 6.105749999999999789e-01 8.981354999999999755e-01 8.981354999999999755e-01 1.038723749999999946e+00
1.226250000000000062e+00 6.561160000000000325e-01 9.020270000000000232e-01 9.020270000000000232e-01 1.039591249999999967e+00
1.233749999999999902e+00 6.976462500000000233e-01 9.028545000000001153e-01 9.028545000000001153e-01 1.041088500000000083e+00
1.241249999999999964e+00 7.371302500000000979e-01 9.062599999999999545e-01 9.062599999999999545e-01 1.042191499999999937e+00
1.248750000000000027e+00 7.912260000000000959e-01 9.071820000000000439e-01 9.071820000000000439e-01 1.042673750000000066e+00
1.256250000000000089e+00 8.069144999999999790e-01 9.085165000000000601e-01 9.085165000000000601e-01 1.043146999999999824e+00
1.263749999999999929e+00 8.267212500000000741e-01 9.122209999999999486e-01 9.122209999999999486e-01 1.042561000000000071e+00
1.271249999999999991e+00 8.446847500000000952e-01 9.159394999999999065e-01 9.159394999999999065e-01 1.042409500000000211e+00
1.278750000000000053e+00 8.502637500000000959e-01 9.175387499999999585e-01 9.175387499999999585e-01 1.042099249999999921e+00
1.286249999999999893e+00 8.507004999999998596e-01 9.187347499999999334e-01 9.187347499999999334e-01 1.040750250000000099e+00
1.293749999999999956e+00 8.497434999999999850e-01 9.213292499999999885e-01 9.213292499999999885e-01 1.040231250000000163e+00
1.301250000000000018e+00 8.309992499999999671e-01 9.226854999999999363e-01 9.226854999999999363e-01 1.038849750000000016e+00
1.308750000000000080e+00 8.104339999999999877e-01 9.262042500000000622e-01 9.262042500000000622e-01 1.037422749999999949e+00
1.316249999999999920e+00 8.064489999999999714e-01 9.288632500000000292e-01 9.288632500000000292e-01 1.036234750000000204e+00
1.323749999999999982e+00 7.933894999999999698e-01 9.315402499999999586e-01 9.315402499999999586e-01 1.035059749999999834e+00
1.331250000000000044e+00 7.919439999999999813e-01 9.357607500000000300e-01 9.357607500000000300e-01 1.033106499999999928e+00
1.338750000000000107e+00 7.687057499999999655e-01 9.364500000000000046e-01 9.364500000000000046e-01 1.032183250000000108e+00
1.346249999999999947e+00 7.471600000000000463e-01 9.365574999999999317e-01 9.365574999999999317e-01 1.031131500000000090e+00
1.353750000000000009e+00 7.444492499999999513e-01 9.402540000000000342e-01 9.402540000000000342e-01 1.030399249999999878e+00
1.361250000000000071e+00 7.357620000000000271e-01 9.425882500000000164e-01 9.425882500000000164e-01 1.029203750000000195e+00
1.368749999999999911e+00 7.310482499999999551e-01 9.446637499999999132e-01 9.446637499999999132e-01 1.028100750000000119e+00
1.376249999999999973e+00 7.120107500000000256e-01 9.481344999999999912e-01 9.481344999999999912e-01 1.026978249999999981e+00
1.383750000000000036e+00 7.096207499999999113e-01 9.499392499999999018e-01 9.499392499999999018e-01 1.026801750000000180e+00
1.391250000000000098e+00 7.073289999999999855e-01 9.559532499999998656e-01 9.559532499999998656e-01 1.026016250000000074e+00
1.398749999999999938e+00 7.065292499999999976e-01 9.582257499999999872e-01 9.582257499999999872e-01 1.025569500000000023e+00
1.406250000000000000e+00 7.118385000000000407e-01 9.619792500000000635e-01 9.619792500000000635e-01 1.024931250000000071e+00
1.413750000000000062e+00 7.128087499999999910e-01 9.650394999999999390e-01 9.650394999999999390e-01 1.024494750000000121e+00
1.421249999999999902e+00 7.285580000000000389e-01 9.672407499999999825e-01 9.672407499999999825e-01 1.024405250000000045e+00
1.428749999999999964e+00 7.331860000000000044e-01 9.734357500000000440e-01 9.734357500000000440e-01 1.023829749999999983e+00
1.436250000000000027e+00 7.360229999999999828e-01 9.773532500000000622e-01 9.773532500000000622e-01 1.023263249999999847e+00
1.443750000000000089e+00 7.328204999999998748e-01 9.811197499999999572e-01 9.811197499999999572e-01 1.022950499999999874e+00
1.451249999999999929e+00 7.422954999999999970e-01 9.830722499999999808e-01 9.830722499999999808e-01 1.022332500000000088e+00
1.458749999999999991e+00 7.674695000000000267e-01 9.889522499999999772e-01 9.889522499999999772e-01 1.022055749999999819e+00
1.466250000000000053e+00 7.661925000000000541e-01 9.953552500000000247e-01 9.953552500000000247e-01 1.021401749999999886e+00
1.473749999999999893e+00 7.753602500000000841e-01 9.982865000000000766e-01 9.982865000000000766e-01 1.020969500000000085e+00
1.481249999999999956e+00 7.795159999999999867e-01 1.002327750000000073e+00 1.002327750000000073e+00 1.020299250000000102e+00
1.488750000000000018e+00 7.838187500000000085e-01 1.007741500000000068e+00 1.007741500000000068e+00 1.019500999999999991e+00
1.496250000000000080e+00 8.016902499999999376e-01 1.011644250000000023e+00 1.011644250000000023e+00 1.018737750000000108e+00
1.503749999999999920e+00 8.085175000000000001e-01 1.016940750000000060e+00 1.016940750000000060e+00 1.018079249999999991e+00
1.511249999999999982e+00 8.096357500000000984e-01 1.022048499999999915e+00 1.022048499999999915e+00 1.017571000000000225e+00
1.518750000000000044e+00 8.151725000000000776e-01 1.026147000000000142e+00 1.026147000000000142e+00 1.016326000000000063e+00
1.526250000000000107e+00 8.119097499999999856e-01 1.031811250000000069e+00 1.031811250000000069e+00 1.015938250000000043e+00
1.533749999999999947e+00 8.257704999999999629e-01 1.036095999999999906e+00 1.036095999999999906e+00 1.014637749999999894e+00
1.541250000000000009e+00 8.278189999999999715e-01 1.044003500000000084e+00 1.044003500000000084e+00 1.014236499999999985e+00
1.548750000000000071e+00 8.278315000000000534e-01 1.047426250000000003e+00 1.047426250000000003e+00 1.013288999999999884e+00
1.556249999999999911e+00 8.376780000000000337e-01 1.053794499999999967e+00 1.053794499999999967e+00 1.012444750000000004e+00
1.563749999999999973e+00 8.329100000000000392e-01 1.059077000000000046e+00 1.059077000000000046e+00 1.011515000000000164e+00
1.571250000000000036e+00 8.560397499999999882e-01 1.061620999999999926e+00 1.061620999999999926e+00 1.011080499999999827e+00
1.578750000000000098e+00 8.486795000000000311e-01 1.066337499999999938e+00 1.066337499999999938e+00 1.010070500000000093e+00
1.586249999999999938e+00 8.675187500000000052e-01 1.069949499999999887e+00 1.069949499999999887e+00 1.009780499999999970e+00
1.593750000000000000e+00 8.688204999999999956e-01 1.072334750000000003e+00 1.072334750000000003e+00 1.009513249999999918e+00
1.601250000000000062e+00 8.795185000000000919e-01 1.072261999999999826e+00 1.072261999999999826e+00 1.008267000000000024e+00
1.608749999999999902e+00 8.905082500000000012e-01 1.073789000000000105e+00 1.073789000000000105e+00 1.007766249999999975e+00
1.616249999999999964e+00 8.916124999999999190e-01 1.072798750000000023e+00 1.072798750000000023e+00 1.007235249999999915e+00
1.623750000000000027e+00 9.067800000000000304e-01 1.070193750000000055e+00 1.070193750000000055e+00 1.006919499999999967e+00
1.631250000000000089e+00 9.287245000000000639e-01 1.066410249999999893e+00 1.066410249999999893e+00 1.006140499999999882e+00
1.638749999999999929e+00 9.433927500000000022e-01 1.063760999999999957e+00 1.063760999999999957e+00 1.005738000000000021e+00
1.646249999999999991e+00 9.447425000000000406e-01 1.058472999999999997e+00 1.058472999999999997e+00 1.005519000000000052e+00
1.653750000000000053e+00 9.780029999999999557e-01 1.053846000000000060e+00 1.053846000000000060e+00 1.005207999999999879e+00
1.661249999999999893e+00 9.842000000000000748e-01 1.048943750000000064e+00 1.048943750000000064e+00 1.004885499999999876e+00
1.668749999999999956e+00 9.919025000000000203e-01 1.041858500000000021e+00 1.041858500000000021e+00 1.004409499999999955e+00
1.676250000000000018e+00 1.001221249999999952e+00 1.037074249999999864e+00 1.037074249999999864e+00 1.004174499999999970e+00
1.683750000000000080e+00 1.032745750000000129e+00 1.031888499999999986e+00 1.031888499999999986e+00 1.003726499999999966e+00
1.691249999999999920e+00 1.045699500000000004e+00 1.026438500000000031e+00 1.026438500000000031e+00 1.003640249999999901e+00
1.698749999999999982e+00 1.056254250000000061e+00 1.023690999999999907e+00 1.023690999999999907e+00 1.002801249999999866e+00
1.706250000000000044e+00 1.075324999999999864e+00 1.016912749999999921e+00 1.016912749999999921e+00 1.002561250000000070e+00
1.713750000000000107e+00 1.082361750000000011e+00 1.013011000000000106e+00 1.013011000000000106e+00 1.002043999999999935e+00
1.721249999999999947e+00 1.100650250000000163e+00 1.010720500000000133e+00 1.010720500000000133e+00 1.002335749999999859e+00
1.728750000000000009e+00 1.099950250000000018e+00 1.008170499999999858e+00 1.008170499999999858e+00 1.001541749999999897e+00
1.736250000000000071e+00 1.098994999999999944e+00 1.003614250000000041e+00 1.003614250000000041e+00 1.001611749999999912e+00
1.743749999999999911e+00 1.107901000000000025e+00 1.001211999999999991e+00 1.001211999999999991e+00 1.001298750000000126e+00
1.751249999999999973e+00 1.111658000000000035e+00 9.992937500000000917e-01 9.992937500000000917e-01 1.001487500000000086e+00
1.758750000000000036e+00 1.109182500000000182e+00 9.979627500000000095e-01 9.979627500000000095e-01 1.001114999999999977e+00
1.766250000000000098e+00 1.106981999999999911e+00 9.966670000000000806e-01 9.966670000000000806e-01 1.000821500000000031e+00
1.773749999999999938e+00 1.115418999999999938e+00 9.963557499999999845e-01 9.963557499999999845e-01 1.000751500000000016e+00
1.781250000000000000e+00 1.106503500000000084e+00 9.949692500000000273e-01 9.949692500000000273e-01 1.000492249999999972e+00
1.788750000000000062e+00 1.088810000000000056e+00 9.938382500000000341e-01 9.938382500000000341e-01 1.000414750000000019e+00
1.796249999999999902e+00 1.105277499999999913e+00 9.936147499999999910e-01 9.936147499999999910e-01 1.000295000000000156e+00
1.803749999999999964e+00 1.103166250000000126e+00 9.916292500000000176e-01 9.916292500000000176e-01 1.000075250000000082e+00
1.811250000000000027e+00 1.102665000000000006e+00 9.935320000000000817e-01 9.935320000000000817e-01 1.000168999999999864e+00
1.818750000000000089e+00 1.114501249999999999e+00 9.927422500000000483e-01 9.927422500000000483e-01 1.000036249999999960e+00
1.826249999999999929e+00 1.113329000000000013e+00 9.915789999999999882e-01 9.915789999999999882e-01 9.997567499999999718e-01
1.833749999999999991e+00 1.119960999999999984e+00 9.924852500000000965e-01 9.924852500000000965e-01 1.000102000000000046e+00
1.841250000000000053e+00 1.113676749999999993e+00 9.899477500000000152e-01 9.899477500000000152e-01 9.998785000000001144e-01
1.848749999999999893e+00 1.133242749999999965e+00 9.904497500000000176e-01 9.904497500000000176e-01 1.000065999999999899e+00
1.856249999999999956e+00 1.148218750000000066e+00 9.909827500000000233e-01 9.909827500000000233e-01 9.998450000000000948e-01
1.863750000000000018e+00 1.150624499999999939e+00 9.878567499999999502e-01 9.878567499999999502e-01 1.000000500000000070e+00
1.871250000000000080e+00 1.164637250000000179e+00 9.882670000000000066e-01 9.882670000000000066e-01 9.998884999999999579e-01
1.878749999999999920e+00 1.191019249999999863e+00 9.874910000000000077e-01 9.874910000000000077e-01 9.999030000000000973e-01
1.886249999999999982e+00 1.188191500000000067e+00 9.865607499999999863e-01 9.865607499999999863e-01 1.000023000000000106e+00
1.893750000000000044e+00 1.190085249999999872e+00 9.844519999999999937e-01 9.844519999999999937e-01 1.000319249999999993e+00
1.901250000000000107e+00 1.207434499999999966e+00 9.850432500000000369e-01 9.850432500000000369e-01 1.000303249999999977e+00
1.908749999999999947e+00 1.213832749999999905e+00 9.828347499999998682e-01 9.828347499999998682e-01 1.000143000000000004e+00
1.916250000000000009e+00 1.229629250000000118e+00 9.827632500000000881e-01 9.827632500000000881e-01 1.000499500000000097e+00
1.923750000000000071e+00 1.218237500000000084e+00 9.813767500000000199e-01 9.813767500000000199e-01 1.000688499999999870e+00
1.931249999999999911e+00 1.240711499999999967e+00 9.797847499999999821e-01 9.797847499999999821e-01 1.000761749999999894e+00
1.938749999999999973e+00 1.234470249999999991e+00 9.803872499999999324e-01 9.803872499999999324e-01 1.000892250000000150e+00
1.946250000000000036e+00 1.244137499999999896e+00 9.798917499999999503e-01 9.798917499999999503e-01 1.000830499999999956e+00
1.953750000000000098e+00 1.238631250000000072e+00 9.790079999999999893e-01 9.790079999999999893e-01 1.001371999999999929e+00
1.961249999999999938e+00 1.240653749999999889e+00 9.788740000000000219e-01 9.788740000000000219e-01 1.001009000000000038e+00
1.968750000000000000e+00 1.232739749999999912e+00 9.776305000000000689e-01 9.776305000000000689e-01 1.001215250000000001e+00
1.976250000000000062e+00 1.201206999999999914e+00 9.773070000000000368e-01 9.773070000000000368e-01 1.001349500000000114e+00
1.983749999999999902e+00 1.206029749999999900e+00 9.776190000000000158e-01 9.776190000000000158e-01 1.001500999999999975e+00
1.991249999999999964e+00 1.175295500000000049e+00 9.766655000000000753e-01 9.766655000000000753e-01 1.001966499999999982e+00
1.998750000000000027e+00 1.160420750000000112e+00 9.777072500000001387e-01 9.777072500000001387e-01 1.001751999999999976e+00
2.006250000000000089e+00 1.136463749999999884e+00 9.776077499999999976e-01 9.776077499999999976e-01 1.001980499999999941e+00
2.013749999999999929e+00 1.109966999999999926e+00 9.769870000000000498e-01 9.769870000000000498e-01 1.002107499999999929e+00
2.021250000000000213e+00 1.078438500000000078e+00 9.783469999999999667e-01 9.783469999999999667e-01 1.002044249999999970e+00
2.028750000000000053e+00 1.055602499999999999e+00 9.775834999999999386e-01 9.775834999999999386e-01 1.002470999999999890e+00
2.036249999999999893e+00 1.046399249999999892e+00 9.788302500000001238e-01 9.788302500000001238e-01 1.002876500000000171e+00
2.043750000000000178e+00 1.019147000000000025e+00 9.783037500000000275e-01 9.783037500000000275e-01 1.002912750000000131e+00
2.051250000000000018e+00 9.963440000000000074e-01 9.804975000000000218e-01 9.804975000000000218e-01 1.002857749999999992e+00
2.058749999999999858e+00 9.675795000000000368e-01 9.800542500000000157e-01 9.800542500000000157e-01 1.003170250000000152e+00
2.066250000000000142e+00 9.615285000000000082e-01 9.799129999999999230e-01 9.799129999999999230e-01 1.003347250000000024e+00
2.073749999999999982e+00 9.389777499999999444e-01 9.794262499999999427e-01 9.794262499999999427e-01 1.003228750000000113e+00
2.081249999999999822e+00 9.193485000000000129e-01 9.812602499999999450e-01 9.812602499999999450e-01 1.003326750000000045e+00
2.088750000000000107e+00 9.064944999999999808e-01 9.824264999999999803e-01 9.824264999999999803e-01 1.003722500000000073e+00
2.096249999999999947e+00 8.972992499999998817e-01 9.828292499999999876e-01 9.828292499999999876e-01 1.003465499999999899e+00
2.103749999999999787e+00 9.002514999999999823e-01 9.823677499999999840e-01 9.823677499999999840e-01 1.004127500000000062e+00
2.111250000000000071e+00 8.876022500000000370e-01 9.841779999999999973e-01 9.841779999999999973e-01 1.003983000000000070e+00
2.118749999999999911e+00 8.812530000000000641e-01 9.843405000000000626e-01 9.843405000000000626e-01 1.004044000000000159e+00
2.126250000000000195e+00 8.738572500000000298e-01 9.848004999999999676e-01 9.848004999999999676e-01 1.004172749999999947e+00
2.133750000000000036e+00 8.743647500000000239e-01 9.860944999999999849e-01 9.860944999999999849e-01 1.004231749999999979e+00
2.141249999999999876e+00 8.822010000000000129e-01 9.865267500000000078e-01 9.865267500000000078e-01 1.004392500000000021e+00
2.148750000000000160e+00 8.857262500000000482e-01 9.870579999999999909e-01 9.870579999999999909e-01 1.004460750000000013e+00
2.156250000000000000e+00 8.839654999999999596e-01 9.881292499999999590e-01 9.881292499999999590e-01 1.004451749999999866e+00
2.163749999999999840e+00 8.903425000000000367e-01 9.881882499999999903e-01 9.881882499999999903e-01 1.004353999999999969e+00
2.171250000000000124e+00 8.934949999999999282e-01 9.893089999999999939e-01 9.893089999999999939e-01 1.004405250000000027e+00
2.178749999999999964e+00 9.040844999999999576e-01 9.903655000000000097e-01 9.903655000000000097e-01 1.004741500000000176e+00
2.186249999999999805e+00 9.008405000000000440e-01 9.909314999999999651e-01 9.909314999999999651e-01 1.004577249999999866e+00
2.193750000000000089e+00 9.018782499999999924e-01 9.918670000000000542e-01 9.918670000000000542e-01 1.004554750000000052e+00
2.201249999999999929e+00 9.059117500000000156e-01 9.931735000000000424e-01 9.931735000000000424e-01 1.004332749999999885e+00
2.208750000000000213e+00 9.204780000000001294e-01 9.936024999999999441e-01 9.936024999999999441e-01 1.004329749999999910e+00
2.216250000000000053e+00 9.171797499999999603e-01 9.946237500000000287e-01 9.946237500000000287e-01 1.004251750000000110e+00
2.223749999999999893e+00 9.256477499999999914e-01 9.954697500000000421e-01 9.954697500000000421e-01 1.004082750000000024e+00
2.231250000000000178e+00 9.271202500000000901e-01 9.968337499999999629e-01 9.968337499999999629e-01 1.004069250000000135e+00
2.238750000000000018e+00 9.268307500000000365e-01 9.973750000000000115e-01 9.973750000000000115e-01 1.003703250000000047e+00
2.246249999999999858e+00 9.370862500000000095e-01 9.969535000000000480e-01 9.969535000000000480e-01 1.003553499999999987e+00
2.253750000000000142e+00 9.277327499999998839e-01 9.977787499999999365e-01 9.977787499999999365e-01 1.003630750000000127e+00
2.261249999999999982e+00 9.347825000000000717e-01 9.994610000000000438e-01 9.994610000000000438e-01 1.003351249999999917e+00
2.268749999999999822e+00 9.353152499999999314e-01 9.998342499999999244e-01 9.998342499999999244e-01 1.003197250000000151e+00
2.276250000000000107e+00 9.380620000000000624e-01 1.001146499999999939e+00 1.001146499999999939e+00 1.003183750000000041e+00
2.283749999999999947e+00 9.365445000000000020e-01 1.001253750000000053e+00 1.001253750000000053e+00 1.002988250000000026e+00
2.291249999999999787e+00 9.389309999999999601e-01 1.001132499999999981e+00 1.001132499999999981e+00 1.002560249999999931e+00
2.298750000000000071e+00 9.324262500000000120e-01 1.002917999999999976e+00 1.002917999999999976e+00 1.002786999999999873e+00
2.306249999999999911e+00 9.387024999999999952e-01 1.003597250000000107e+00 1.003597250000000107e+00 1.002366250000000125e+00
2.313750000000000195e+00 9.362957499999999822e-01 1.004607500000000098e+00 1.004607500000000098e+00 1.002186749999999904e+00
2.321250000000000036e+00 9.424112499999999226e-01 1.005625500000000061e+00 1.005625500000000061e+00 1.002319500000000030e+00
2.328749999999999876e+00 9.475627500000000092e-01 1.004850999999999939e+00 1.004850999999999939e+00 1.001941749999999853e+00
2.336250000000000160e+00 9.391417500000001084e-01 1.006658999999999970e+00 1.006658999999999970e+00 1.001630749999999903e+00
2.343750000000000000e+00 9.418152499999999927e-01 1.005599000000000132e+00 1.005599000000000132e+00 1.001411999999999969e+00
2.351249999999999840e+00 9.519900000000000029e-01 1.006701749999999951e+00 1.006701749999999951e+00 1.001388749999999828e+00
2.358750000000000124e+00 9.457919999999999661e-01 1.007882750000000049e+00 1.007882750000000049e+00 1.001498749999999882e+00
2.366249999999999964e+00 9.502074999999999827e-01 1.008263499999999979e+00 1.008263499999999979e+00 1.001024750000000019e+00
2.373749999999999805e+00 9.582769999999999344e-01 1.007319000000000075e+00 1.007319000000000075e+00 1.000795249999999914e+00
2.381250000000000089e+00 9.451872500000000343e-01 1.008842250000000051e+00 1.008842250000000051e+00 1.000763499999999917e+00
2.388749999999999929e+00 9.552147500000000013e-01 1.008665499999999993e+00 1.008665499999999993e+00 1.000883250000000002e+00
2.396250000000000213e+00 9.548810000000000908e-01 1.009395249999999855e+00 1.009395249999999855e+00 1.000689500000000010e+00
2.403750000000000053e+00 9.618489999999999540e-01 1.009679999999999911e+00 1.009679999999999911e+00 1.000527750000000049e+00
2.411249999999999893e+00 9.601932499999999981e-01 1.009560750000000118e+00 1.009560750000000118e+00 1.000446500000000016e+00
2.418750000000000178e+00 9.742602500000000498e-01 1.009775499999999937e+00 1.009775499999999937e+00 1.000302000000000024e+00
2.426250000000000018e+00 9.731209999999999027e-01 1.010701000000000072e+00 1.010701000000000072e+00 1.000126750000000175e+00
2.433749999999999858e+00 9.755522500000000097e-01 1.009913749999999943e+00 1.009913749999999943e+00 9.999777499999998875e-01
2.441250000000000142e+00 9.759147500000000530e-01 1.010658999999999974e+00 1.010658999999999974e+00 9.998380000000000045e-01
2.448749999999999982e+00 9.895422499999999566e-01 1.010784249999999940e+00 1.010784249999999940e+00 9.998475000000000001e-01
2.456249999999999822e+00 9.829282500000000589e-01 1.011063249999999858e+00 1.011063249999999858e+00 9.999435000000000962e-01
2.463750000000000107e+00 9.852674999999999628e-01 1.011330499999999910e+00 1.011330499999999910e+00 9.995487499999999859e-01
2.471249999999999947e+00 9.877705000000001068e-01 1.011322000000000054e+00 1.011322000000000054e+00 9.995294999999999597e-01
2.478749999999999787e+00 9.846234999999999848e-01 1.011396500000000032e+00 1.011396500000000032e+00 9.995582500000000925e-01
2.486250000000000071e+00 9.872849999999999682e-01 1.011603500000000100e+00 1.011603500000000100e+00 9.991442499999999560e-01
2.493749999999999911e+00 9.952247499999999913e-01 1.010969500000000076e+00 1.010969500000000076e+00 9.991509999999999003e-01
2.501250000000000195e+00 1.006355500000000180e+00 1.011301250000000040e+00 1.011301250000000040e+00 9.991570000000000729e-01
2.508750000000000036e+00 1.001975250000000095e+00 1.011420500000000056e+00 1.011420500000000056e+00 9.990999999999999881e-01
2.516249999999999876e+00 1.006531749999999947e+00 1.010437749999999912e+00 1.010437749999999912e+00 9.989367500000000399e-01
2.523750000000000160e+00 1.006886500000000018e+00 1.011025500000000132e+00 1.011025500000000132e+00 9.989025000000000265e-01
2.531250000000000000e+00 1.015283500000000005e+00 1.010337999999999958e+00 1.010337999999999958e+00 9.987702499999999706e-01
2.538749999999999840e+00 1.014964250000000012e+00 1.010202250000000079e+00 1.010202250000000079e+00 9.988827499999999304e-01
2.546250000000000124e+00 1.015869499999999981e+00 1.009395499999999890e+00 1.009395499999999890e+00 9.985867500000000785e-01
2.553749999999999964e+00 1.028688750000000152e+00 1.010334499999999913e+00 1.010334499999999913e+00 9.986852500000000799e-01
2.561249999999999805e+00 1.016281250000000025e+00 1.009421249999999937e+00 1.009421249999999937e+00 9.987467500000000165e-01
2.568750000000000089e+00 1.018289000000000222e+00 1.007857000000000003e+00 1.007857000000000003e+00 9.986444999999999350e-01
2.576249999999999929e+00 1.029224249999999952e+00 1.007944499999999799e+00 1.007944499999999799e+00 9.984117500000000422e-01
2.583750000000000213e+00 1.026570749999999865e+00 1.007374249999999805e+00 1.007374249999999805e+00 9.983705000000000496e-01
2.591250000000000053e+00 1.031039999999999957e+00 1.006046749999999879e+00 1.006046749999999879e+00 9.983889999999999709e-01
2.598749999999999893e+00 1.027272749999999846e+00 1.006280250000000098e+00 1.006280250000000098e+00 9.985112500000000724e-01
2.606250000000000178e+00 1.037561999999999873e+00 1.005274500000000071e+00 1.005274500000000071e+00 9.984652499999999709e-01
2.613750000000000018e+00 1.028703499999999993e+00 1.004768749999999988e+00 1.004768749999999988e+00 9.984517499999999712e-01
2.621249999999999858e+00 1.036322750000000070e+00 1.003233499999999889e+00 1.003233499999999889e+00 9.986432499999999823e-01
2.628750000000000142e+00 1.035991499999999954e+00 1.003448750000000000e+00 1.003448750000000000e+00 9.984177499999999927e-01
2.636249999999999982e+00 1.043547750000000107e+00 1.002488249999999859e+00 1.002488249999999859e+00 9.982250000000000290e-01
2.643749999999999822e+00 1.034458749999999982e+00 1.000995250000000114e+00 1.000995250000000114e+00 9.984137499999999887e-01
2.651250000000000107e+00 1.034166499999999989e+00 1.001873500000000083e+00 1.001873500000000083e+00 9.983104999999998785e-01
2.658749999999999947e+00 1.040746750000000054e+00 1.000153249999999883e+00 1.000153249999999883e+00 9.984707499999999625e-01
2.666249999999999787e+00 1.041146499999999975e+00 9.991695000000000437e-01 9.991695000000000437e-01 9.985530000000000239e-01
2.673750000000000071e+00 1.039829499999999962e+00 9.991177499999999156e-01 9.991177499999999156e-01 9.984914999999999763e-01
2.681249999999999911e+00 1.042002749999999978e+00 9.990335000000000187e-01 9.990335000000000187e-01 9.984239999999999782e-01
2.688750000000000195e+00 1.040131499999999987e+00 9.978309999999999125e-01 9.978309999999999125e-01 9.987047500000000300e-01
2.696250000000000036e+00 1.038170499999999885e+00 9.973699999999999788e-01 9.973699999999999788e-01 9.985775000000001178e-01
2.703749999999999876e+00 1.037582250000000039e+00 9.971577499999999539e-01 9.971577499999999539e-01 9.985147500000000065e-01
2.711250000000000160e+00 1.040841499999999975e+00 9.977222500000000327e-01 9.977222500000000327e-01 9.987055000000000238e-01
2.718750000000000000e+00 1.036192750000000107e+00 9.965495000000000880e-01 9.965495000000000880e-01 9.985562500000000341e-01
2.726249999999999840e+00 1.036715499999999901e+00 9.959712499999999746e-01 9.959712499999999746e-01 9.987195000000000933e-01
2.733750000000000124e+00 1.034862750000000053e+00 9.957647499999999763e-01 9.957647499999999763e-01 9.988872500000000043e-01
2.741249999999999964e+00 1.036344750000000037e+00 9.958120000000000305e-01 9.958120000000000305e-01 9.986837500000000922e-01
2.748749999999999805e+00 1.036891000000000007e+00 9.953477500000000866e-01 9.953477500000000866e-01 9.988807500000000950e-01
2.756250000000000089e+00 1.027017499999999917e+00 9.960744999999999738e-01 9.960744999999999738e-01 9.989942499999999725e-01
2.763749999999999929e+00 1.025889999999999969e+00 9.952877500000000266e-01 9.952877500000000266e-01 9.987847499999999989e-01
2.771250000000000213e+00 1.037246499999999960e+00 9.953930000000000833e-01 9.953930000000000833e-01 9.989367500000000399e-01
2.778750000000000053e+00 1.032119250000000044e+00 9.951480000000000325e-01 9.951480000000000325e-01 9.990942499999999615e-01
2.786249999999999893e+00 1.025239000000000011e+00 9.947907499999999459e-01 9.947907499999999459e-01 9.989715000000000122e-01
2.793750000000000178e+00 1.027794749999999979e+00 9.951829999999999288e-01 9.951829999999999288e-01 9.989900000000000446e-01
2.801250000000000018e+00 1.023952750000000078e+00 9.946854999999998892e-01 9.946854999999998892e-01 9.991787500000000044e-01
2.808749999999999858e+00 1.022854500000000000e+00 9.956972500000000892e-01 9.956972500000000892e-01 9.989562499999999901e-01
2.816250000000000142e+00 1.030506499999999992e+00 9.945557499999999607e-01 9.945557499999999607e-01 9.993722499999999620e-01
2.823749999999999982e+00 1.018688500000000108e+00 9.946932499999999733e-01 9.946932499999999733e-01 9.993090000000000028e-01
2.831249999999999822e+00 1.021448249999999947e+00 9.952275000000000427e-01 9.952275000000000427e-01 9.993050000000001098e-01
2.838750000000000107e+00 1.019671999999999912e+00 9.947357499999999186e-01 9.947357499999999186e-01 9.994502499999999845e-01
2.846249999999999947e+00 1.019438999999999762e+00 9.952224999999998989e-01 9.952224999999998989e-01 9.994400000000001061e-01
2.853749999999999787e+00 1.018953250000000033e+00 9.954332500000000472e-01 9.954332500000000472e-01 9.995165000000000299e-01
2.861250000000000071e+00 1.015829500000000163e+00 9.947080000000000366e-01 9.947080000000000366e-01 9.995619999999999505e-01
2.868749999999999911e+00 1.017799249999999933e+00 9.950660000000000061e-01 9.950660000000000061e-01 9.995952499999999352e-01
2.876250000000000195e+00 1.019713499999999939e+00 9.955777500000000391e-01 9.955777500000000391e-01 9.995549999999999713e-01
2.883750000000000036e+00 1.012444750000000004e+00 9.957065000000000499e-01 9.957065000000000499e-01 9.996112499999999512e-01
2.891249999999999876e+00 1.009987999999999886e+00 9.944777499999999382e-01 9.944777499999999382e-01 9.998272500000000562e-01
2.898750000000000160e+00 1.013223999999999902e+00 9.956185000000000729e-01 9.956185000000000729e-01 9.996772499999999617e-01
2.906250000000000000e+00 1.010467999999999922e+00 9.953437499999999716e-01 9.953437499999999716e-01 9.999132499999999757e-01
2.913749999999999840e+00 1.013350250000000008e+00 9.949609999999999843e-01 9.949609999999999843e-01 9.998142500000000155e-01
2.921250000000000124e+00 1.005341249999999853e+00 9.956820000000000670e-01 9.956820000000000670e-01 9.999669999999999392e-01
2.928749999999999964e+00 1.006102999999999970e+00 9.953852499999999992e-01 9.953852499999999992e-01 9.998387499999999983e-01
2.936249999999999805e+00 1.000612999999999975e+00 9.964722500000000593e-01 9.964722500000000593e-01 1.000085749999999774e+00
2.943750000000000089e+00 9.946634999999999227e-01 9.958277500000000115e-01 9.958277500000000115e-01 9.998442499999999900e-01
2.951249999999999929e+00 9.945072500000000648e-01 9.957100000000000950e-01 9.957100000000000950e-01 9.999697499999999906e-01
2.958750000000000213e+00 9.904079999999999551e-01 9.958817500000000100e-01 9.958817500000000100e-01 1.000013250000000076e+00
2.966250000000000053e+00 9.961987500000000217e-01 9.960127500000000023e-01 9.960127500000000023e-01 1.000120499999999746e+00
2.973749999999999893e+00 9.895962499999999551e-01 9.972557500000001074e-01 9.972557500000001074e-01 1.000071500000000002e+00
2.981250000000000178e+00 9.894947499999999785e-01 9.971425000000000427e-01 9.971425000000000427e-01 1.000007500000000160e+00
2.988750000000000018e+00 9.874322500000000113e-01 9.971765000000000212e-01 9.971765000000000212e-01 1.000486250000000021e+00
2.996249999999999858e+00 9.821142499999999664e-01 9.968234999999999735e-01 9.968234999999999735e-01 1.000109249999999950e+00
