3.749999999999999861e-03 0.000000000000000000e+00 0.000000000000000000e+00 0.000000000000000000e+00 0.000000000000000000e+00
1.124999999999999958e-02 0.000000000000000000e+00 0.000000000000000000e+00 0.000000000000000000e+00 0.000000000000000000e+00
1.874999999999999931e-02 0.000000000000000000e+00 0.000000000000000000e+00 0.000000000000000000e+00 0.000000000000000000e+00
2.624999999999999903e-02 0.000000000000000000e+00 0.000000000000000000e+00 0.000000000000000000e+00 0.000000000000000000e+00
3.375000000000000222e-02 0.000000000000000000e+00 0.000000000000000000e+00 0.000000000000000000e+00 0.000000000000000000e+00
4.125000000000000194e-02 0.000000000000000000e+00 0.000000000000000000e+00 0.000000000000000000e+00 0.000000000000000000e+00
4.875000000000000167e-02 0.000000000000000000e+00 0.000000000000000000e+00 0.000000000000000000e+00 0.000000000000000000e+00
5.625000000000000139e-02 0.000000000000000000e+00 0.000000000000000000e+00 0.000000000000000000e+00 0.000000000000000000e+00
6.375000000000000111e-02 0.000000000000000000e+00 0.000000000000000000e+00 0.000000000000000000e+00 0.000000000000000000e+00
7.124999999999999389e-02 0.000000000000000000e+00 0.000000000000000000e+00 0.000000000000000000e+00 0.000000000000000000e+00
7.875000000000000056e-02 0.000000000000000000e+00 0.000000000000000000e+00 0.000000000000000000e+00 0.000000000000000000e+00
8.624999999999999334e-02 0.000000000000000000e+00 0.000000000000000000e+00 0.000000000000000000e+00 0.000000000000000000e+00
9.375000000000000000e-02 0.000000000000000000e+00 0.000000000000000000e+00 0.000000000000000000e+00 0.000000000000000000e+00
1.012500000000000067e-01 0.000000000000000000e+00 0.000000000000000000e+00 0.000000000000000000e+00 0.000000000000000000e+00
1.087499999999999994e-01 0.000000000000000000e+00 0.000000000000000000e+00 0.000000000000000000e+00 0.000000000000000000e+00
1.162500000000000061e-01 0.000000000000000000e+00 0.000000000000000000e+00 0.000000000000000000e+00 0.000000000000000000e+00
1.237499999999999989e-01 0.000000000000000000e+00 0.000000000000000000e+00 0.000000000000000000e+00 0.000000000000000000e+00
1.312500000000000056e-01 0.000000000000000000e+00 0.000000000000000000e+00 0.000000000000000000e+00 0.000000000000000000e+00
1.387500000000000122e-01 0.000000000000000000e+00 0.000000000000000000e+00 0.000000000000000000e+00 0.000000000000000000e+00
1.462499999999999911e-01 0.000000000000000000e+00 0.000000000000000000e+00 0.000000000000000000e+00 1.066666666666666562e-05
1.537499999999999978e-01 0.000000000000000000e+00 0.000000000000000000e+00 0.000000000000000000e+00 3.105500000000000187e-03
1.612500000000000044e-01 0.000000000000000000e+00 0.000000000000000000e+00 0.000000000000000000e+00 5.746950000000000669e-02
1.687500000000000111e-01 0.000000000000000000e+00 0.000000000000000000e+00 0.000000000000000000e+00 2.968779999999999752e-01
1.762499999999999900e-01 0.000000000000000000e+00 0.000000000000000000e+00 0.000000000000000000e+00 7.343861666666665622e-01
1.837499999999999967e-01 0.000000000000000000e+00 0.000000000000000000e+00 0.000000000000000000e+00 1.194650833333333217e+00
1.912500000000000033e-01 0.000000000000000000e+00 0.000000000000000000e+00 0.000000000000000000e+00 1.522883333333333367e+00
1.987500000000000100e-01 0.000000000000000000e+00 0.000000000000000000e+00 0.000000000000000000e+00 1.699496833333333567e+00
2.062499999999999889e-01 0.000000000000000000e+00 0.000000000000000000e+00 0.000000000000000000e+00 1.765012833333333253e+00
2.137499999999999956e-01 0.000000000000000000e+00 0.000000000000000000e+00 0.000000000000000000e+00 1.766174499999999981e+00
2.212500000000000022e-01 0.000000000000000000e+00 0.000000000000000000e+00 0.000000000000000000e+00 1.730158666666666401e+00
2.287500000000000089e-01 0.000000000000000000e+00 0.000000000000000000e+00 0.000000000000000000e+00 1.678760833333332814e+00
2.362499999999999878e-01 0.000000000000000000e+00 0.000000000000000000e+00 0.000000000000000000e+00 1.629408333333333125e+00
2.437499999999999944e-01 0.000000000000000000e+00 0.000000000000000000e+00 0.000000000000000000e+00 1.582986333333333384e+00
2.512499999999999734e-01 0.000000000000000000e+00 0.000000000000000000e+00 0.000000000000000000e+00 1.539392999999999789e+00
2.587499999999999800e-01 0.000000000000000000e+00 0.000000000000000000e+00 0.000000000000000000e+00 1.502207499999999918e+00
2.662499999999999867e-01 0.000000000000000000e+00 0.000000000000000000e+00 0.000000000000000000e+00 1.465652833333333405e+00
2.737499999999999933e-01 0.000000000000000000e+00 0.000000000000000000e+00 0.000000000000000000e+00 1.432365499999999736e+00
2.812500000000000000e-01 0.000000000000000000e+00 0.000000000000000000e+00 0.000000000000000000e+00 1.400407166666666425e+00
2.887500000000000067e-01 0.000000000000000000e+00 0.000000000000000000e+00 0.000000000000000000e+00 1.376533666666666322e+00
2.962500000000000133e-01 0.000000000000000000e+00 0.000000000000000000e+00 0.000000000000000000e+00 1.350568666666666529e+00
3.037500000000000200e-01 0.000000000000000000e+00 0.000000000000000000e+00 0.000000000000000000e+00 1.328744833333333375e+00
3.112500000000000266e-01 0.000000000000000000e+00 0.000000000000000000e+00 0.000000000000000000e+00 1.311445333333333352e+00
3.187499999999999778e-01 0.000000000000000000e+00 0.000000000000000000e+00 0.000000000000000000e+00 1.294685166666666776e+00
3.262499999999999845e-01 0.000000000000000000e+00 0.000000000000000000e+00 0.000000000000000000e+00 1.278741499999999975e+00
3.337499999999999911e-01 0.000000000000000000e+00 0.000000000000000000e+00 0.000000000000000000e+00 1.268531333333333455e+00
3.412499999999999978e-01 0.000000000000000000e+00 0.000000000000000000e+00 0.000000000000000000e+00 1.257825500000000041e+00
3.487500000000000044e-01 0.000000000000000000e+00 0.000000000000000000e+00 0.000000000000000000e+00 1.252425166666666589e+00
3.562500000000000111e-01 0.000000000000000000e+00 0.000000000000000000e+00 0.000000000000000000e+00 1.245883999999999991e+00
3.637500000000000178e-01 0.000000000000000000e+00 0.000000000000000000e+00 0.000000000000000000e+00 1.242195166666666628e+00
3.712500000000000244e-01 0.000000000000000000e+00 0.000000000000000000e+00 0.000000000000000000e+00 1.238480166666666493e+00
3.787499999999999756e-01 0.000000000000000000e+00 0.000000000000000000e+00 0.000000000000000000e+00 1.236040500000000097e+00
3.862499999999999822e-01 0.000000000000000000e+00 0.000000000000000000e+00 0.000000000000000000e+00 1.231803500000000051e+00
3.937499999999999889e-01 0.000000000000000000e+00 0.000000000000000000e+00 0.000000000000000000e+00 1.227871499999999783e+00
4.012499999999999956e-01 0.000000000000000000e+00 0.000000000000000000e+00 0.000000000000000000e+00 1.224141999999999841e+00
4.087500000000000022e-01 0.000000000000000000e+00 0.000000000000000000e+00 0.000000000000000000e+00 1.219446166666666720e+00
4.162500000000000089e-01 0.000000000000000000e+00 0.000000000000000000e+00 0.000000000000000000e+00 1.214620666666666571e+00
4.237500000000000155e-01 0.000000000000000000e+00 0.000000000000000000e+00 0.000000000000000000e+00 1.208425166666666550e+00
4.312500000000000222e-01 0.000000000000000000e+00 0.000000000000000000e+00 0.000000000000000000e+00 1.202349833333333340e+00
4.387499999999999734e-01 0.000000000000000000e+00 4.666666666666666314e-06 4.666666666666666314e-06 1.196366833333333490e+00
4.462499999999999800e-01 0.000000000000000000e+00 5.916666666666667052e-05 5.916666666666667052e-05 1.191086333333333247e+00
4.537499999999999867e-01 0.000000000000000000e+00 3.983333333333333843e-04 3.983333333333333843e-04 1.183718333333333206e+00
4.612499999999999933e-01 0.000000000000000000e+00 2.359833333333333574e-03 2.359833333333333574e-03 1.178687166666666508e+00
4.687500000000000000e-01 0.000000000000000000e+00 9.218333333333335322e-03 9.218333333333335322e-03 1.171324333333333412e+00
4.762500000000000067e-01 0.000000000000000000e+00 2.767083333333333547e-02 2.767083333333333547e-02 1.165843500000000033e+00
4.837500000000000133e-01 0.000000000000000000e+00 6.606750000000000123e-02 6.606750000000000123e-02 1.159026000000000112e+00
4.912500000000000200e-01 0.000000000000000000e+00 1.347726666666666795e-01 1.347726666666666795e-01 1.152837333333333492e+00
4.987500000000000266e-01 0.000000000000000000e+00 2.362106666666666521e-01 2.362106666666666521e-01 1.146890666666666503e+00
5.062499999999999778e-01 0.000000000000000000e+00 3.685263333333333446e-01 3.685263333333333446e-01 1.141142333333333481e+00
5.137500000000000400e-01 0.000000000000000000e+00 5.210618333333333352e-01 5.210618333333333352e-01 1.135396833333333300e+00
5.212499999999999911e-01 0.000000000000000000e+00 6.906050000000000244e-01 6.906050000000000244e-01 1.128971833333333175e+00
5.287500000000000533e-01 0.000000000000000000e+00 8.506779999999999342e-01 8.506779999999999342e-01 1.124270666666666640e+00
5.362500000000000044e-01 0.000000000000000000e+00 1.004364166666666724e+00 1.004364166666666724e+00 1.118738666666666770e+00
5.437499999999999556e-01 0.000000000000000000e+00 1.137379166666666608e+00 1.137379166666666608e+00 1.113037999999999972e+00
5.512500000000000178e-01 0.000000000000000000e+00 1.244406999999999819e+00 1.244406999999999819e+00 1.107790666666666590e+00
5.587499999999999689e-01 0.000000000000000000e+00 1.330969833333333296e+00 1.330969833333333296e+00 1.102914333333333330e+00
5.662500000000000311e-01 0.000000000000000000e+00 1.393520499999999940e+00 1.393520499999999940e+00 1.098692000000000002e+00
5.737499999999999822e-01 0.000000000000000000e+00 1.433235166666666727e+00 1.433235166666666727e+00 1.094254333333333440e+00
5.812500000000000444e-01 0.000000000000000000e+00 1.453280500000000197e+00 1.453280500000000197e+00 1.089309833333333311e+00
5.887499999999999956e-01 0.000000000000000000e+00 1.460852499999999887e+00 1.460852499999999887e+00 1.084163333333333368e+00
5.962499999999999467e-01 0.000000000000000000e+00 1.457100666666666600e+00 1.457100666666666600e+00 1.080648166666666521e+00
6.037500000000000089e-01 0.000000000000000000e+00 1.445279333333333360e+00 1.445279333333333360e+00 1.076691000000000065e+00
6.112499999999999600e-01 0.000000000000000000e+00 1.426140499999999811e+00 1.426140499999999811e+00 1.073201999999999989e+00
6.187500000000000222e-01 0.000000000000000000e+00 1.398555833333333664e+00 1.398555833333333664e+00 1.068429499999999921e+00
6.262499999999999734e-01 0.000000000000000000e+00 1.375376166666666622e+00 1.375376166666666622e+00 1.063967499999999733e+00
6.337500000000000355e-01 0.000000000000000000e+00 1.348876166666666876e+00 1.348876166666666876e+00 1.060406666666666720e+00
6.412499999999999867e-01 0.000000000000000000e+00 1.319345166666666680e+00 1.319345166666666680e+00 1.056299333333333257e+00
6.487500000000000488e-01 0.000000000000000000e+00 1.294911999999999841e+00 1.294911999999999841e+00 1.052769833333333294e+00
6.562500000000000000e-01 0.000000000000000000e+00 1.269158333333333388e+00 1.269158333333333388e+00 1.049612333333333369e+00
6.637499999999999512e-01 0.000000000000000000e+00 1.247830166666666463e+00 1.247830166666666463e+00 1.046177166666666825e+00
6.712500000000000133e-01 0.000000000000000000e+00 1.225683333333333458e+00 1.225683333333333458e+00 1.041300499999999962e+00
6.787499999999999645e-01 0.000000000000000000e+00 1.202405166666666636e+00 1.202405166666666636e+00 1.038694499999999854e+00
6.862500000000000266e-01 0.000000000000000000e+00 1.189290166666666648e+00 1.189290166666666648e+00 1.035878499999999924e+00
6.937499999999999778e-01 0.000000000000000000e+00 1.175335666666666556e+00 1.175335666666666556e+00 1.033276833333333311e+00
7.012500000000000400e-01 0.000000000000000000e+00 1.164484166666666765e+00 1.164484166666666765e+00 1.028875833333333434e+00
7.087499999999999911e-01 0.000000000000000000e+00 1.154101833333333493e+00 1.154101833333333493e+00 1.026110333333333235e+00
7.162500000000000533e-01 0.000000000000000000e+00 1.149910666666666748e+00 1.149910666666666748e+00 1.023741999999999930e+00
7.237500000000000044e-01 0.000000000000000000e+00 1.142706333333333379e+00 1.142706333333333379e+00 1.020694833333333440e+00
7.312499999999999556e-01 3.195000000000000140e-04 1.138604500000000019e+00 1.138604500000000019e+00 1.018215333333333250e+00
7.387500000000000178e-01 1.147666666666666627e-03 1.131283833333333044e+00 1.131283833333333044e+00 1.015408166666666556e+00
7.462499999999999689e-01 2.964666666666666232e-03 1.128689166666666743e+00 1.128689166666666743e+00 1.013500166666666535e+00
7.537500000000000311e-01 1.092249999999999992e-02 1.123702333333333359e+00 1.123702333333333359e+00 1.010575166666666691e+00
7.612499999999999822e-01 2.839166666666666575e-02 1.120791499999999941e+00 1.120791499999999941e+00 1.007979500000000028e+00
7.687500000000000444e-01 6.232833333333333975e-02 1.115111666666666723e+00 1.115111666666666723e+00 1.006190333333333520e+00
7.762499999999999956e-01 1.170626666666666899e-01 1.110381999999999758e+00 1.110381999999999758e+00 1.004483833333333243e+00
7.837499999999999467e-01 2.159491666666666365e-01 1.105745500000000048e+00 1.105745500000000048e+00 1.002490166666666571e+00
7.912500000000000089e-01 3.562768333333333204e-01 1.099051000000000000e+00 1.099051000000000000e+00 1.000187333333333539e+00
7.987499999999999600e-01 5.405776666666667341e-01 1.097659166666666630e+00 1.097659166666666630e+00 9.984540000000000637e-01
8.062500000000000222e-01 7.500460000000001015e-01 1.088208499999999912e+00 1.088208499999999912e+00 9.968083333333334073e-01
8.137499999999999734e-01 9.875011666666665411e-01 1.086148166666666581e+00 1.086148166666666581e+00 9.949365000000001125e-01
8.212500000000000355e-01 1.246500333333333321e+00 1.079053833333333268e+00 1.079053833333333268e+00 9.936945000000001471e-01
8.287499999999999867e-01 1.487963999999999842e+00 1.074489166666666717e+00 1.074489166666666717e+00 9.922575000000000145e-01
8.362500000000000488e-01 1.714905499999999750e+00 1.069553000000000198e+00 1.069553000000000198e+00 9.912369999999999237e-01
8.437500000000000000e-01 1.927340499999999901e+00 1.063177666666666576e+00 1.063177666666666576e+00 9.895960000000000312e-01
8.512499999999999512e-01 2.091280166666666940e+00 1.057325666666666608e+00 1.057325666666666608e+00 9.885424999999999907e-01
8.587500000000000133e-01 2.217803333333333349e+00 1.052819666666666487e+00 1.052819666666666487e+00 9.876361666666667594e-01
8.662499999999999645e-01 2.275995666666666750e+00 1.046537499999999898e+00 1.046537499999999898e+00 9.864886666666666803e-01
8.737500000000000266e-01 2.308530999999999889e+00 1.041801500000000047e+00 1.041801500000000047e+00 9.857130000000000614e-01
8.812499999999999778e-01 2.313462666666666667e+00 1.037329500000000015e+00 1.037329500000000015e+00 9.845841666666667047e-01
8.887500000000000400e-01 2.262328500000000187e+00 1.033995666666666757e+00 1.033995666666666757e+00 9.842148333333334831e-01
8.962499999999999911e-01 2.236743666666666908e+00 1.028999166666666687e+00 1.028999166666666687e+00 9.838240000000001428e-01
9.037500000000000533e-01 2.159415166666666330e+00 1.023452000000000028e+00 1.023452000000000028e+00 9.830924999999998137e-01
9.112500000000000044e-01 2.095700333333333720e+00 1.019844333333333353e+00 1.019844333333333353e+00 9.829791666666668482e-01
9.187499999999999556e-01 1.994245833333333273e+00 1.014194666666666578e+00 1.014194666666666578e+00 9.822779999999999845e-01
9.262500000000000178e-01 1.915962499999999791e+00 1.011057666666666632e+00 1.011057666666666632e+00 9.825491666666666957e-01
9.337499999999999689e-01 1.821708666666666865e+00 1.008005000000000040e+00 1.008005000000000040e+00 9.816768333333332208e-01
9.412500000000000311e-01 1.736115833333333525e+00 1.004316166666666676e+00 1.004316166666666676e+00 9.820753333333333002e-01
9.487499999999999822e-01 1.647615166666666520e+00 1.003283999999999843e+00 1.003283999999999843e+00 9.824904999999999333e-01
9.562500000000000444e-01 1.572561666666666857e+00 1.000496166666666742e+00 1.000496166666666742e+00 9.826961666666665929e-01
9.637499999999999956e-01 1.505336500000000077e+00 9.942623333333333591e-01 9.942623333333333591e-01 9.828005000000000768e-01
9.712499999999999467e-01 1.415006333333333366e+00 9.928088333333332516e-01 9.928088333333332516e-01 9.829906666666667903e-01
9.787500000000000089e-01 1.353407166666666939e+00 9.896331666666665638e-01 9.896331666666665638e-01 9.835683333333333778e-01
9.862499999999999600e-01 1.293569166666666659e+00 9.865760000000000085e-01 9.865760000000000085e-01 9.841726666666666956e-01
9.937500000000000222e-01 1.259186499999999986e+00 9.839543333333332642e-01 9.839543333333332642e-01 9.840453333333334385e-01
1.001249999999999973e+00 1.198254833333333380e+00 9.824756666666666360e-01 9.824756666666666360e-01 9.847495000000000553e-01
1.008750000000000036e+00 1.153983999999999899e+00 9.799316666666665343e-01 9.799316666666665343e-01 9.859141666666664250e-01
1.016250000000000098e+00 1.111601166666666751e+00 9.794266666666667787e-01 9.794266666666667787e-01 9.865475000000000216e-01
1.023749999999999938e+00 1.093418166666666691e+00 9.757843333333333646e-01 9.757843333333333646e-01 9.876113333333332855e-01
1.031250000000000000e+00 1.066972166666666721e+00 9.744378333333333364e-01 9.744378333333333364e-01 9.886704999999998966e-01
1.038750000000000062e+00 1.044655499999999959e+00 9.712114999999998943e-01 9.712114999999998943e-01 9.895896666666667008e-01
1.046249999999999902e+00 1.033840666666666630e+00 9.704091666666666560e-01 9.704091666666666560e-01 9.906251666666667788e-01
1.053749999999999964e+00 1.016254333333333371e+00 9.683073333333331867e-01 9.683073333333331867e-01 9.916839999999998989e-01
1.061250000000000027e+00 9.965324999999998212e-01 9.664723333333333777e-01 9.664723333333333777e-01 9.925593333333333490e-01
1.068750000000000089e+00 1.005721833333333315e+00 9.664516666666665978e-01 9.664516666666665978e-01 9.935243333333333426e-01
1.076249999999999929e+00 9.835456666666666514e-01 9.635508333333334674e-01 9.635508333333334674e-01 9.946481666666667776e-01
1.083749999999999991e+00 9.792381666666666318e-01 9.634578333333333466e-01 9.634578333333333466e-01 9.954491666666666072e-01
1.091250000000000053e+00 9.810748333333334514e-01 9.610718333333333474e-01 9.610718333333333474e-01 9.967988333333331896e-01
1.098749999999999893e+00 9.950788333333333568e-01 9.620635000000000714e-01 9.620635000000000714e-01 9.976414999999999589e-01
1.106249999999999956e+00 9.787478333333333724e-01 9.597688333333332933e-01 9.597688333333332933e-01 9.985764999999999780e-01
1.113750000000000018e+00 9.802971666666667749e-01 9.601135000000001751e-01 9.601135000000001751e-01 9.991676666666666762e-01
1.121250000000000080e+00 9.787286666666666912e-01 9.595211666666667583e-01 9.595211666666667583e-01 1.000061666666666627e+00
1.128749999999999920e+00 9.714855000000000018e-01 9.582445000000000546e-01 9.582445000000000546e-01 1.000401666666666634e+00
1.136249999999999982e+00 9.705205000000000082e-01 9.589543333333332420e-01 9.589543333333332420e-01 1.001215166666666656e+00
1.143750000000000044e+00 9.753296666666667614e-01 9.599223333333334329e-01 9.599223333333334329e-01 1.001844166666666647e+00
1.151250000000000107e+00 9.673021666666666851e-01 9.596693333333332632e-01 9.596693333333332632e-01 1.001606333333333154e+00
1.158749999999999947e+00 9.704243333333333332e-01 9.592926666666666824e-01 9.592926666666666824e-01 1.002479833333333348e+00
1.166250000000000009e+00 9.656011666666666216e-01 9.596436666666665616e-01 9.596436666666665616e-01 1.003050833333333225e+00
1.173750000000000071e+00 9.687144999999999229e-01 9.592886666666666784e-01 9.592886666666666784e-01 1.003352166666666712e+00
1.181249999999999911e+00 9.517606666666668103e-01 9.598343333333333449e-01 9.598343333333333449e-01 1.003555333333333355e+00
1.188749999999999973e+00 9.421254999999999491e-01 9.605978333333333730e-01 9.605978333333333730e-01 1.003862333333333412e+00
1.196250000000000036e+00 9.524689999999998991e-01 9.629504999999999315e-01 9.629504999999999315e-01 1.003611000000000031e+00
1.203750000000000098e+00 9.487705000000000721e-01 9.613753333333333595e-01 9.613753333333333595e-01 1.004090833333333377e+00
1.211249999999999938e+00 9.507551666666667067e-01 9.626611666666665679e-01 9.626611666666665679e-01 1.004294833333333470e+00
1.218750000000000000e+00 9.463339999999998975e-01 9.637183333333333435e-01 9.637183333333333435e-01 1.004167166666666722e+00
1.226250000000000062e+00 9.423276666666665635e-01 9.634348333333333514e-01 9.634348333333333514e-01 1.004282166666666809e+00
1.233749999999999902e+00 9.390593333333332460e-01 9.675828333333335030e-01 9.675828333333335030e-01 1.004555333333333245e+00
1.241249999999999964e+00 9.355421666666666747e-01 9.656196666666666539e-01 9.656196666666666539e-01 1.004386333333333381e+00
1.248750000000000027e+00 9.301068333333333271e-01 9.698706666666666587e-01 9.698706666666666587e-01 1.004997166666666830e+00
1.256250000000000089e+00 9.346183333333333287e-01 9.705055000000001320e-01 9.705055000000001320e-01 1.004808999999999841e+00
1.263749999999999929e+00 9.223816666666667663e-01 9.712749999999999995e-01 9.712749999999999995e-01 1.004723000000000033e+00
1.271249999999999991e+00 9.191393333333333082e-01 9.745416666666667505e-01 9.745416666666667505e-01 1.005087333333333444e+00
1.278750000000000053e+00 9.186601666666667221e-01 9.759918333333333917e-01 9.759918333333333917e-01 1.004840833333333405e+00
1.286249999999999893e+00 9.275583333333332625e-01 9.785701666666666299e-01 9.785701666666666299e-01 1.004969166666666469e+00
1.293749999999999956e+00 9.177195000000000213e-01 9.794876666666666454e-01 9.794876666666666454e-01 1.004560666666666657e+00
1.301250000000000018e+00 9.242513333333333136e-01 9.818241666666666090e-01 9.818241666666666090e-01 1.004687833333333336e+00
1.308750000000000080e+00 9.207353333333333500e-01 9.844861666666666622e-01 9.844861666666666622e-01 1.005155333333333401e+00
1.316249999999999920e+00 9.156615000000000171e-01 9.873541666666666439e-01 9.873541666666666439e-01 1.004705833333333409e+00
1.323749999999999982e+00 9.186033333333333273e-01 9.882891666666666630e-01 9.882891666666666630e-01 1.004862666666666682e+00
1.331250000000000044e+00 9.175658333333333028e-01 9.912610000000000587e-01 9.912610000000000587e-01 1.004285666666666854e+00
1.338750000000000107e+00 9.196706666666666363e-01 9.931309999999999860e-01 9.931309999999999860e-01 1.004173666666666742e+00
1.346249999999999947e+00 9.231794999999998197e-01 9.956651666666666012e-01 9.956651666666666012e-01 1.004440000000000000e+00
1.353750000000000009e+00 9.160229999999999206e-01 9.983701666666666696e-01 9.983701666666666696e-01 1.004147833333333351e+00
1.361250000000000071e+00 9.196291666666667197e-01 9.994228333333333714e-01 9.994228333333333714e-01 1.004533499999999968e+00
1.368749999999999911e+00 9.130123333333332036e-01 1.001271666666666782e+00 1.001271666666666782e+00 1.004166833333333564e+00
1.376249999999999973e+00 9.277361666666665840e-01 1.004048499999999899e+00 1.004048499999999899e+00 1.003961833333333109e+00
1.383750000000000036e+00 9.168738333333332768e-01 1.006323999999999996e+00 1.006323999999999996e+00 1.003555999999999893e+00
1.391250000000000098e+00 9.249866666666667347e-01 1.008454833333333189e+00 1.008454833333333189e+00 1.003980666666666632e+00
1.398749999999999938e+00 9.276063333333331995e-01 1.009360999999999953e+00 1.009360999999999953e+00 1.003499333333333299e+00
1.406250000000000000e+00 9.256840000000000623e-01 1.011324166666666802e+00 1.011324166666666802e+00 1.003156500000000007e+00
1.413750000000000062e+00 9.362261666666666926e-01 1.011453166666666625e+00 1.011453166666666625e+00 1.003143999999999814e+00
1.421249999999999902e+00 9.296973333333333755e-01 1.012673500000000004e+00 1.012673500000000004e+00 1.003087166666666530e+00
1.428749999999999964e+00 9.202689999999998927e-01 1.013582833333333211e+00 1.013582833333333211e+00 1.002728666666666602e+00
1.436250000000000027e+00 9.300300000000000233e-01 1.013892000000000015e+00 1.013892000000000015e+00 1.002729833333333431e+00
1.443750000000000089e+00 9.377088333333333248e-01 1.013983166666666547e+00 1.013983166666666547e+00 1.002356666666666785e+00
1.451249999999999929e+00 9.277174999999999727e-01 1.014316500000000065e+00 1.014316500000000065e+00 1.002303666666666482e+00
1.458749999999999991e+00 9.411306666666665599e-01 1.014320333333333268e+00 1.014320333333333268e+00 1.002406499999999978e+00
1.466250000000000053e+00 9.340961666666666163e-01 1.015765666666666567e+00 1.015765666666666567e+00 1.002019500000000063e+00
1.473749999999999893e+00 9.399210000000000065e-01 1.014868666666666641e+00 1.014868666666666641e+00 1.001704333333333308e+00
1.481249999999999956e+00 9.505103333333333460e-01 1.014006833333333191e+00 1.014006833333333191e+00 1.001477999999999868e+00
1.488750000000000018e+00 9.413173333333332282e-01 1.014472166666666730e+00 1.014472166666666730e+00 1.001421333333333274e+00
1.496250000000000080e+00 9.478486666666667837e-01 1.013775166666666783e+00 1.013775166666666783e+00 1.001616666666666822e+00
1.503749999999999920e+00 9.549334999999999907e-01 1.013839666666666695e+00 1.013839666666666695e+00 1.001089000000000118e+00
1.511249999999999982e+00 9.599615000000000231e-01 1.013306999999999958e+00 1.013306999999999958e+00 1.001103166666666544e+00
1.518750000000000044e+00 9.651156666666667050e-01 1.013046666666666651e+00 1.013046666666666651e+00 1.001153333333333117e+00
1.526250000000000107e+00 9.614216666666665079e-01 1.013527999999999984e+00 1.013527999999999984e+00 1.000904999999999934e+00
1.533749999999999947e+00 9.687168333333334713e-01 1.011697166666666758e+00 1.011697166666666758e+00 1.000658166666666737e+00
1.541250000000000009e+00 9.688508333333333278e-01 1.011770666666666596e+00 1.011770666666666596e+00 1.000499166666666717e+00
1.548750000000000071e+00 9.764368333333334204e-01 1.011375499999999983e+00 1.011375499999999983e+00 1.000318000000000040e+00
1.556249999999999911e+00 9.717726666666668400e-01 1.010932833333333170e+00 1.010932833333333170e+00 1.000197999999999920e+00
1.563749999999999973e+00 9.827288333333332737e-01 1.010099999999999776e+00 1.010099999999999776e+00 9.999728333333334218e-01
1.571250000000000036e+00 9.796881666666666932e-01 1.008906166666666770e+00 1.008906166666666770e+00 1.000137833333333504e+00
1.578750000000000098e+00 9.911193333333333522e-01 1.008796833333333254e+00 1.008796833333333254e+00 9.995011666666666628e-01
1.586249999999999938e+00 9.919509999999999161e-01 1.008742833333333477e+00 1.008742833333333477e+00 9.998986666666666023e-01
1.593750000000000000e+00 1.004714499999999955e+00 1.008472666666666795e+00 1.008472666666666795e+00 9.997108333333333263e-01
1.601250000000000062e+00 9.992991666666668493e-01 1.008271333333333297e+00 1.008271333333333297e+00 9.993701666666666705e-01
1.608749999999999902e+00 1.004653999999999936e+00 1.006954999999999822e+00 1.006954999999999822e+00 9.993631666666665803e-01
1.616249999999999964e+00 1.010847166666666519e+00 1.008274166666666583e+00 1.008274166666666583e+00 9.992858333333333176e-01
1.623750000000000027e+00 1.014486333333333157e+00 1.006950166666666702e+00 1.006950166666666702e+00 9.989158333333333362e-01
1.631250000000000089e+00 1.019941999999999904e+00 1.006157833333333196e+00 1.006157833333333196e+00 9.991435000000000732e-01
1.638749999999999929e+00 1.029685833333333411e+00 1.005123500000000059e+00 1.005123500000000059e+00 9.986031666666667084e-01
1.646249999999999991e+00 1.021585666666666503e+00 1.006145333333333225e+00 1.006145333333333225e+00 9.990539999999999976e-01
1.653750000000000053e+00 1.021021333333333336e+00 1.004465166666666631e+00 1.004465166666666631e+00 9.985883333333331890e-01
1.661249999999999893e+00 1.032286999999999955e+00 1.005266500000000063e+00 1.005266500000000063e+00 9.987979999999999636e-01
1.668749999999999956e+00 1.033557666666666597e+00 1.004430833333333384e+00 1.004430833333333384e+00 9.986630000000000784e-01
1.676250000000000018e+00 1.042321666666666813e+00 1.003781166666666724e+00 1.003781166666666724e+00 9.990273333333333783e-01
1.683750000000000080e+00 1.036350000000000104e+00 1.003802000000000083e+00 1.003802000000000083e+00 9.988766666666667460e-01
1.691249999999999920e+00 1.041410500000000017e+00 1.003831333333333520e+00 1.003831333333333520e+00 9.985618333333333707e-01
1.698749999999999982e+00 1.041172000000000208e+00 1.003188666666666728e+00 1.003188666666666728e+00 9.987406666666668320e-01
1.706250000000000044e+00 1.050988333333333413e+00 1.002175333333333418e+00 1.002175333333333418e+00 9.984635000000000593e-01
1.713750000000000107e+00 1.048458166666666580e+00 1.002295500000000006e+00 1.002295500000000006e+00 9.984596666666667453e-01
1.721249999999999947e+00 1.046989333333333327e+00 1.002013166666666732e+00 1.002013166666666732e+00 9.986324999999999230e-01
1.728750000000000009e+00 1.040839166666666760e+00 1.001020833333333249e+00 1.001020833333333249e+00 9.985863333333333536e-01
1.736250000000000071e+00 1.045124166666666632e+00 1.001334499999999794e+00 1.001334499999999794e+00 9.987724999999999520e-01
1.743749999999999911e+00 1.047911499999999885e+00 1.000703333333333278e+00 1.000703333333333278e+00 9.986961666666666071e-01
1.751249999999999973e+00 1.037506999999999957e+00 1.001452666666666547e+00 1.001452666666666547e+00 9.983391666666666664e-01
1.758750000000000036e+00 1.044119333333333399e+00 9.996473333333334432e-01 9.996473333333334432e-01 9.984636666666667493e-01
1.766250000000000098e+00 1.036201666666666688e+00 9.994081666666666530e-01 9.994081666666666530e-01 9.986674999999999303e-01
1.773749999999999938e+00 1.032831666666666814e+00 9.985481666666665701e-01 9.985481666666665701e-01 9.984454999999999858e-01
1.781250000000000000e+00 1.035761666666666692e+00 1.000564500000000079e+00 1.000564500000000079e+00 9.987008333333332599e-01
1.788750000000000062e+00 1.032183000000000073e+00 9.993124999999999369e-01 9.993124999999999369e-01 9.989870000000000694e-01
1.796249999999999902e+00 1.028522333333333316e+00 9.987893333333334178e-01 9.987893333333334178e-01 9.988073333333332693e-01
1.803749999999999964e+00 1.028141333333333352e+00 9.996353333333334312e-01 9.996353333333334312e-01 9.988816666666666677e-01
1.811250000000000027e+00 1.021622666666666568e+00 9.984551666666666714e-01 9.984551666666666714e-01 9.987911666666665633e-01
1.818750000000000089e+00 1.025485666666666740e+00 9.988576666666667547e-01 9.988576666666667547e-01 9.987776666666667857e-01
1.826249999999999929e+00 1.022986166666666641e+00 9.982306666666665995e-01 9.982306666666665995e-01 9.988245000000000040e-01
1.833749999999999991e+00 1.021729333333333267e+00 9.984415000000000928e-01 9.984415000000000928e-01 9.990726666666667199e-01
1.841250000000000053e+00 1.015471500000000082e+00 9.982476666666665333e-01 9.982476666666665333e-01 9.989928333333333299e-01
1.848749999999999893e+00 1.007349166666666740e+00 9.975979999999999848e-01 9.975979999999999848e-01 9.993231666666666513e-01
1.856249999999999956e+00 1.012228666666666888e+00 9.970558333333333634e-01 9.970558333333333634e-01 9.992698333333333016e-01
1.863750000000000018e+00 1.008327000000000195e+00 9.969250000000000611e-01 9.969250000000000611e-01 9.993756666666665511e-01
1.871250000000000080e+00 1.008650000000000047e+00 9.967351666666667276e-01 9.967351666666667276e-01 9.993886666666665919e-01
1.878749999999999920e+00 1.010210000000000052e+00 9.974911666666667065e-01 9.974911666666667065e-01 9.993285000000001750e-01
1.886249999999999982e+00 1.001952500000000024e+00 9.963155000000000205e-01 9.963155000000000205e-01 9.995103333333332785e-01
1.893750000000000044e+00 1.005001166666666723e+00 9.962853333333332451e-01 9.962853333333332451e-01 9.992960000000000731e-01
1.901250000000000107e+00 1.000096166666666786e+00 9.976423333333332977e-01 9.976423333333332977e-01 9.995439999999998770e-01
1.908749999999999947e+00 9.979091666666667360e-01 9.972789999999998045e-01 9.972789999999998045e-01 9.995886666666665699e-01
1.916250000000000009e+00 9.960046666666667603e-01 9.961876666666665825e-01 9.961876666666665825e-01 9.996884999999999799e-01
1.923750000000000071e+00 9.959453333333333491e-01 9.961708333333333387e-01 9.961708333333333387e-01 9.995908333333333173e-01
1.931249999999999911e+00 1.004756166666666672e+00 9.956866666666667198e-01 9.956866666666667198e-01 9.996038333333333581e-01
1.938749999999999973e+00 9.987238333333333662e-01 9.960691666666665611e-01 9.960691666666665611e-01 9.999326666666666918e-01
1.946250000000000036e+00 9.986766666666665460e-01 9.979330000000000700e-01 9.979330000000000700e-01 9.997484999999999289e-01
1.953750000000000098e+00 9.959458333333333080e-01 9.976439999999998642e-01 9.976439999999998642e-01 9.998089999999999478e-01
1.961249999999999938e+00 1.000110000000000054e+00 9.964875000000000815e-01 9.964875000000000815e-01 9.998303333333334875e-01
1.968750000000000000e+00 9.935621666666666352e-01 9.977960000000000163e-01 9.977960000000000163e-01 9.998858333333333626e-01
1.976250000000000062e+00 9.968659999999999188e-01 9.968171666666666431e-01 9.968171666666666431e-01 9.998081666666666090e-01
1.983749999999999902e+00 9.982976666666667498e-01 9.975524999999999531e-01 9.975524999999999531e-01 1.000214833333333386e+00
1.991249999999999964e+00 9.966928333333333612e-01 9.970706666666666607e-01 9.970706666666666607e-01 1.000183000000000044e+00
1.998750000000000027e+00 9.972788333333332256e-01 9.966771666666667251e-01 9.966771666666667251e-01 1.000244499999999759e+00
2.006250000000000089e+00 9.925521666666666798e-01 9.970120000000001204e-01 9.970120000000001204e-01 1.000155999999999823e+00
2.013749999999999929e+00 9.961229999999999807e-01 9.971634999999999804e-01 9.971634999999999804e-01 1.000253499999999907e+00
2.021250000000000213e+00 9.938865000000000061e-01 9.984126666666665040e-01 9.984126666666665040e-01 1.000178666666666771e+00
2.028750000000000053e+00 9.978941666666666377e-01 9.982714999999998673e-01 9.982714999999998673e-01 1.000153999999999987e+00
2.036249999999999893e+00 9.902271666666666583e-01 9.977038333333334563e-01 9.977038333333334563e-01 1.000060333333333329e+00
2.043750000000000178e+00 9.952128333333334353e-01 9.974159999999999693e-01 9.974159999999999693e-01 1.000276333333333323e+00
2.051250000000000018e+00 9.946459999999999191e-01 9.976890000000001590e-01 9.976890000000001590e-01 1.000140000000000029e+00
2.058749999999999858e+00 9.928791666666666460e-01 9.981090000000000240e-01 9.981090000000000240e-01 1.000277499999999931e+00
2.066250000000000142e+00 9.900715000000001043e-01 9.988246666666665829e-01 9.988246666666665829e-01 1.000380166666666737e+00
2.073749999999999982e+00 9.942816666666666192e-01 9.974926666666665831e-01 9.974926666666665831e-01 1.000210999999999961e+00
2.081249999999999822e+00 9.925436666666666019e-01 9.979860000000000397e-01 9.979860000000000397e-01 1.000346166666666647e+00
2.088750000000000107e+00 9.946673333333334588e-01 9.979775000000001839e-01 9.979775000000001839e-01 1.000474166666666775e+00
2.096249999999999947e+00 9.883920000000000483e-01 9.985246666666666160e-01 9.985246666666666160e-01 1.000365666666666487e+00
2.103749999999999787e+00 9.960858333333333370e-01 9.986721666666666941e-01 9.986721666666666941e-01 1.000273833333333195e+00
2.111250000000000071e+00 9.882680000000001463e-01 9.987153333333332883e-01 9.987153333333332883e-01 1.000335500000000044e+00
2.118749999999999911e+00 9.903516666666666302e-01 9.988289999999998559e-01 9.988289999999998559e-01 1.000316666666666743e+00
2.126250000000000195e+00 9.839565000000000117e-01 9.983491666666667319e-01 9.983491666666667319e-01 1.000163500000000205e+00
2.133750000000000036e+00 9.922573333333333245e-01 9.989820000000001476e-01 9.989820000000001476e-01 1.000352166666666820e+00
2.141249999999999876e+00 9.919613333333332506e-01 9.995544999999999014e-01 9.995544999999999014e-01 1.000233833333333378e+00
2.148750000000000160e+00 9.933596666666666408e-01 9.996778333333334876e-01 9.996778333333334876e-01 1.000243500000000063e+00
2.156250000000000000e+00 9.899265000000000425e-01 1.000025999999999859e+00 1.000025999999999859e+00 1.000387500000000207e+00
2.163749999999999840e+00 9.904206666666667269e-01 9.993246666666667499e-01 9.993246666666667499e-01 1.000351333333333370e+00
2.171250000000000124e+00 9.915245000000000308e-01 9.999113333333333742e-01 9.999113333333333742e-01 1.000269333333333233e+00
2.178749999999999964e+00 9.918096666666667005e-01 1.000474500000000155e+00 1.000474500000000155e+00 1.000046500000000060e+00
2.186249999999999805e+00 9.970943333333334158e-01 1.000503333333333300e+00 1.000503333333333300e+00 1.000181999999999904e+00
2.193750000000000089e+00 9.918971666666666076e-01 1.000323000000000073e+00 1.000323000000000073e+00 1.000244333333333291e+00
2.201249999999999929e+00 9.958063333333333489e-01 1.000502333333333604e+00 1.000502333333333604e+00 1.000111500000000042e+00
2.208750000000000213e+00 9.898721666666666641e-01 1.000432333333333590e+00 1.000432333333333590e+00 1.000363666666666651e+00
2.216250000000000053e+00 9.899878333333335112e-01 1.001265000000000072e+00 1.001265000000000072e+00 1.000054833333333226e+00
2.223749999999999893e+00 9.956743333333334389e-01 1.000721999999999889e+00 1.000721999999999889e+00 1.000204499999999941e+00
2.231250000000000178e+00 9.892664999999999376e-01 1.001464000000000132e+00 1.001464000000000132e+00 1.000274000000000107e+00
2.238750000000000018e+00 9.928838333333332988e-01 1.001239333333333148e+00 1.001239333333333148e+00 1.000317333333333281e+00
2.246249999999999858e+00 9.923690000000000566e-01 1.000828999999999969e+00 1.000828999999999969e+00 1.000091499999999911e+00
2.253750000000000142e+00 9.956496666666666551e-01 1.000919499999999962e+00 1.000919499999999962e+00 1.000402666666666773e+00
2.261249999999999982e+00 9.908036666666665271e-01 1.001131666666666531e+00 1.001131666666666531e+00 1.000110666666666814e+00
2.268749999999999822e+00 9.932010000000000005e-01 1.000801000000000052e+00 1.000801000000000052e+00 1.000124166666666481e+00
2.276250000000000107e+00 9.980831666666666324e-01 1.001300500000000149e+00 1.001300500000000149e+00 1.000010499999999913e+00
2.283749999999999947e+00 9.968980000000001729e-01 1.000511000000000150e+00 1.000511000000000150e+00 1.000056000000000056e+00
2.291249999999999787e+00 9.926923333333333987e-01 1.000993999999999939e+00 1.000993999999999939e+00 1.000002000000000058e+00
2.298750000000000071e+00 9.956738333333333690e-01 1.000955666666666799e+00 1.000955666666666799e+00 9.999068333333333003e-01
2.306249999999999911e+00 9.929871666666665320e-01 1.000519833333333386e+00 1.000519833333333386e+00 1.000153999999999987e+00
2.313750000000000195e+00 9.970988333333332676e-01 1.000531999999999977e+00 1.000531999999999977e+00 9.998668333333332603e-01
2.321250000000000036e+00 9.958536666666666370e-01 1.000696999999999948e+00 1.000696999999999948e+00 9.999996666666667311e-01
2.328749999999999876e+00 9.959375000000000311e-01 1.000089333333333164e+00 1.000089333333333164e+00 9.999233333333332752e-01
2.336250000000000160e+00 9.973243333333332572e-01 1.000090333333333303e+00 1.000090333333333303e+00 9.999604999999999189e-01
2.343750000000000000e+00 9.951388333333331948e-01 1.001103499999999924e+00 1.001103499999999924e+00 1.000029000000000057e+00
2.351249999999999840e+00 9.991499999999998716e-01 1.000576833333333360e+00 1.000576833333333360e+00 1.000003833333333425e+00
2.358750000000000124e+00 9.949448333333333894e-01 1.001566666666666938e+00 1.001566666666666938e+00 9.999258333333332915e-01
2.366249999999999964e+00 9.982256666666665668e-01 1.000727833333333372e+00 1.000727833333333372e+00 1.000095999999999874e+00
2.373749999999999805e+00 9.978081666666666072e-01 1.001116333333333275e+00 1.001116333333333275e+00 1.000024166666666714e+00
2.381250000000000089e+00 9.979684999999999251e-01 1.000869166666666699e+00 1.000869166666666699e+00 9.999861666666665094e-01
2.388749999999999929e+00 9.956824999999999148e-01 1.000455166666666562e+00 1.000455166666666562e+00 1.000049833333333416e+00
2.396250000000000213e+00 9.957158333333332445e-01 1.001629000000000103e+00 1.001629000000000103e+00 9.998911666666666642e-01
2.403750000000000053e+00 1.000823166666666486e+00 1.000896166666666476e+00 1.000896166666666476e+00 9.998569999999999958e-01
2.411249999999999893e+00 9.988765000000000560e-01 1.000629166666666681e+00 1.000629166666666681e+00 9.997484999999999289e-01
2.418750000000000178e+00 9.988124999999999920e-01 1.000711833333333356e+00 1.000711833333333356e+00 9.997524999999999329e-01
2.426250000000000018e+00 1.004900333333333284e+00 1.000438666666666698e+00 1.000438666666666698e+00 9.998178333333331835e-01
2.433749999999999858e+00 1.004079833333333394e+00 1.000645833333333234e+00 1.000645833333333234e+00 9.997710000000000763e-01
2.441250000000000142e+00 1.002820666666666583e+00 1.000418500000000099e+00 1.000418500000000099e+00 9.998896666666667876e-01
2.448749999999999982e+00 1.002810833333333429e+00 1.000579333333333265e+00 1.000579333333333265e+00 9.998076666666667611e-01
2.456249999999999822e+00 1.003254333333333470e+00 1.000817166666666758e+00 1.000817166666666758e+00 9.999836666666667151e-01
2.463750000000000107e+00 1.000269500000000145e+00 1.000363833333333341e+00 1.000363833333333341e+00 9.997664999999998914e-01
2.471249999999999947e+00 1.007826833333333338e+00 9.995425000000001114e-01 9.995425000000001114e-01 9.997443333333334570e-01
2.478749999999999787e+00 1.003692666666666788e+00 9.999476666666665681e-01 9.999476666666665681e-01 9.996731666666667238e-01
2.486250000000000071e+00 1.003135666666666648e+00 1.000958333333333394e+00 1.000958333333333394e+00 9.998271666666666002e-01
2.493749999999999911e+00 1.003290333333333395e+00 1.000212000000000101e+00 1.000212000000000101e+00 9.997846666666666549e-01
2.501250000000000195e+00 1.002687833333333334e+00 1.000081166666666688e+00 1.000081166666666688e+00 9.998164999999999969e-01
2.508750000000000036e+00 1.001405333333333258e+00 9.998764999999999459e-01 9.998764999999999459e-01 9.998588333333332523e-01
2.516249999999999876e+00 1.006378666666666755e+00 9.996429999999999483e-01 9.996429999999999483e-01 9.998988333333334033e-01
2.523750000000000160e+00 1.002810833333333207e+00 1.000517000000000101e+00 1.000517000000000101e+00 9.997191666666666032e-01
2.531250000000000000e+00 1.008063666666666691e+00 9.994301666666666195e-01 9.994301666666666195e-01 9.997193333333332932e-01
2.538749999999999840e+00 1.004766333333333206e+00 9.992173333333335128e-01 9.992173333333335128e-01 9.999461666666666915e-01
2.546250000000000124e+00 1.002649333333333281e+00 1.000329500000000094e+00 1.000329500000000094e+00 9.999191666666668032e-01
2.553749999999999964e+00 1.003551666666666620e+00 9.996463333333333035e-01 9.996463333333333035e-01 9.998485000000000289e-01
2.561249999999999805e+00 1.000868000000000091e+00 1.000622833333333572e+00 1.000622833333333572e+00 9.999410000000000798e-01
2.568750000000000089e+00 1.001969000000000110e+00 9.994356666666667222e-01 9.994356666666667222e-01 9.996936666666665916e-01
2.576249999999999929e+00 1.002696999999999949e+00 1.000291333333333421e+00 1.000291333333333421e+00 9.999428333333333363e-01
2.583750000000000213e+00 1.004619500000000221e+00 9.998008333333333608e-01 9.998008333333333608e-01 9.996690000000000298e-01
2.591250000000000053e+00 9.990921666666666701e-01 1.000217000000000134e+00 1.000217000000000134e+00 9.998590000000001643e-01
2.598749999999999893e+00 1.000052333333333321e+00 9.995489999999999098e-01 9.995489999999999098e-01 9.999116666666667541e-01
2.606250000000000178e+00 9.986466666666666825e-01 1.000720500000000124e+00 1.000720500000000124e+00 9.997933333333333117e-01
2.613750000000000018e+00 1.005490500000000065e+00 9.996356666666668112e-01 9.996356666666668112e-01 9.998101666666666665e-01
2.621249999999999858e+00 1.001816333333333420e+00 9.995031666666666093e-01 9.995031666666666093e-01 9.997398333333332721e-01
2.628750000000000142e+00 1.005113166666666613e+00 9.997916666666667451e-01 9.997916666666667451e-01 9.998035000000000672e-01
2.636249999999999982e+00 1.002465500000000231e+00 9.997528333333333128e-01 9.997528333333333128e-01 9.998409999999999798e-01
2.643749999999999822e+00 9.953118333333331735e-01 9.995694999999998887e-01 9.995694999999998887e-01 9.998929999999998097e-01
2.651250000000000107e+00 9.951475000000001847e-01 9.990660000000000096e-01 9.990660000000000096e-01 9.998631666666666362e-01
2.658749999999999947e+00 1.002692833333333366e+00 9.998686666666666278e-01 9.998686666666666278e-01 9.997631666666667583e-01
2.666249999999999787e+00 9.999828333333334873e-01 9.995638333333332071e-01 9.995638333333332071e-01 9.998441666666666450e-01
2.673750000000000071e+00 9.992705000000001725e-01 9.998133333333333317e-01 9.998133333333333317e-01 9.998261666666666825e-01
2.681249999999999911e+00 1.001591166666666588e+00 1.000010166666666533e+00 1.000010166666666533e+00 9.999026666666667174e-01
2.688750000000000195e+00 1.004870833333333380e+00 9.998785000000000034e-01 9.998785000000000034e-01 9.998479999999999590e-01
2.696250000000000036e+00 9.984031666666667304e-01 1.000370333333333361e+00 1.000370333333333361e+00 9.998531666666666817e-01
2.703749999999999876e+00 9.993826666666666414e-01 9.996021666666665695e-01 9.996021666666665695e-01 9.999276666666666591e-01
2.711250000000000160e+00 1.004371000000000125e+00 9.993548333333333034e-01 9.993548333333333034e-01 9.999139999999999695e-01
2.718750000000000000e+00 1.001163333333333405e+00 9.992639999999998190e-01 9.992639999999998190e-01 9.999456666666666216e-01
2.726249999999999840e+00 1.001744333333333126e+00 1.000599666666666554e+00 1.000599666666666554e+00 9.998913333333333542e-01
2.733750000000000124e+00 9.968953333333333555e-01 9.993223333333333125e-01 9.993223333333333125e-01 9.999294999999999156e-01
2.741249999999999964e+00 9.996680000000001121e-01 9.996014999999999207e-01 9.996014999999999207e-01 9.999230000000000063e-01
2.748749999999999805e+00 9.992990000000001594e-01 9.996306666666665564e-01 9.996306666666665564e-01 9.998215000000000297e-01
2.756250000000000089e+00 9.986341666666666006e-01 9.994763333333333000e-01 9.994763333333333000e-01 9.998958333333333171e-01
2.763749999999999929e+00 1.002493666666666838e+00 9.996043333333332059e-01 9.996043333333332059e-01 1.000007333333333248e+00
2.771250000000000213e+00 9.951918333333332756e-01 9.999039999999999040e-01 9.999039999999999040e-01 1.000031666666666874e+00
2.778750000000000053e+00 9.952239999999999975e-01 9.998363333333334380e-01 9.998363333333334380e-01 9.998618333333334496e-01
2.786249999999999893e+00 1.001622000000000012e+00 9.995479999999999920e-01 9.995479999999999920e-01 1.000047166666666598e+00
2.793750000000000178e+00 1.003596333333333313e+00 9.999114999999999531e-01 9.999114999999999531e-01 9.998293333333333477e-01
2.801250000000000018e+00 9.967206666666666992e-01 1.000002666666666817e+00 1.000002666666666817e+00 1.000016833333333244e+00
2.808749999999999858e+00 1.001716999999999969e+00 9.996363333333332379e-01 9.996363333333332379e-01 9.998813333333332887e-01
2.816250000000000142e+00 9.997768333333333368e-01 1.000042166666666565e+00 1.000042166666666565e+00 1.000044666666666915e+00
2.823749999999999982e+00 1.000428000000000095e+00 9.995358333333332901e-01 9.995358333333332901e-01 9.999305000000000554e-01
2.831249999999999822e+00 9.965978333333332939e-01 9.998311666666666042e-01 9.998311666666666042e-01 9.999568333333334058e-01
2.838750000000000107e+00 9.969621666666667048e-01 9.991691666666667748e-01 9.991691666666667748e-01 1.000073666666666528e+00
2.846249999999999947e+00 1.002544499999999950e+00 9.999094999999998956e-01 9.999094999999998956e-01 1.000171833333333371e+00
2.853749999999999787e+00 1.001189833333333334e+00 9.997698333333332466e-01 9.997698333333332466e-01 9.999016666666665776e-01
2.861250000000000071e+00 9.977976666666666938e-01 9.999023333333334485e-01 9.999023333333334485e-01 1.000004499999999963e+00
2.868749999999999911e+00 1.001524833333333309e+00 9.999795000000002432e-01 9.999795000000002432e-01 9.999473333333331881e-01
2.876250000000000195e+00 9.953176666666667671e-01 9.999621666666665964e-01 9.999621666666665964e-01 1.000013833333333269e+00
2.883750000000000036e+00 9.953503333333332259e-01 9.993419999999999526e-01 9.993419999999999526e-01 1.000039833333333350e+00
2.891249999999999876e+00 9.934074999999999989e-01 9.996933333333334337e-01 9.996933333333334337e-01 9.999641666666666540e-01
2.898750000000000160e+00 9.966819999999999569e-01 1.000034166666666557e+00 1.000034166666666557e+00 1.000016666666666554e+00
2.906250000000000000e+00 9.972736666666667249e-01 9.995170000000000998e-01 9.995170000000000998e-01 9.999346666666667494e-01
2.913749999999999840e+00 9.987046666666666850e-01 9.999678333333333891e-01 9.999678333333333891e-01 9.999218333333331765e-01
2.921250000000000124e+00 9.976258333333333228e-01 9.994236666666665991e-01 9.994236666666665991e-01 9.999331666666666507e-01
2.928749999999999964e+00 9.950320000000000276e-01 9.998488333333331868e-01 9.998488333333331868e-01 1.000090833333333373e+00
2.936249999999999805e+00 1.002680000000000016e+00 1.000017833333333384e+00 1.000017833333333384e+00 1.000080166666666770e+00
2.943750000000000089e+00 1.000100166666666679e+00 9.994816666666667127e-01 9.994816666666667127e-01 1.000050499999999731e+00
2.951249999999999929e+00 9.998933333333334117e-01 9.999671666666666292e-01 9.999671666666666292e-01 9.999191666666665812e-01
2.958750000000000213e+00 9.991031666666666533e-01 9.990298333333331726e-01 9.990298333333331726e-01 9.999380000000001045e-01
2.966250000000000053e+00 9.993306666666667004e-01 9.996366666666666179e-01 9.996366666666666179e-01 1.000096333333333476e+00
2.973749999999999893e+00 9.996074999999998711e-01 9.998596666666667021e-01 9.998596666666667021e-01 9.999289999999999567e-01
2.981250000000000178e+00 9.989848333333334329e-01 9.994756666666666511e-01 9.994756666666666511e-01 1.000013333333333643e+00
2.988750000000000018e+00 9.998791666666666522e-01 9.996288333333334108e-01 9.996288333333334108e-01 1.000061666666666627e+00
2.996249999999999858e+00 1.000986833333333381e+00 9.996503333333333075e-01 9.996503333333333075e-01 1.000072000000000072e+00
