3.749999999999999861e-03 0.000000000000000000e+00 0.000000000000000000e+00 0.000000000000000000e+00 0.000000000000000000e+00
1.124999999999999958e-02 0.000000000000000000e+00 0.000000000000000000e+00 0.000000000000000000e+00 0.000000000000000000e+00
1.874999999999999931e-02 0.000000000000000000e+00 0.000000000000000000e+00 0.000000000000000000e+00 0.000000000000000000e+00
2.624999999999999903e-02 0.000000000000000000e+00 0.000000000000000000e+00 0.000000000000000000e+00 0.000000000000000000e+00
3.375000000000000222e-02 0.000000000000000000e+00 0.000000000000000000e+00 0.000000000000000000e+00 0.000000000000000000e+00
4.125000000000000194e-02 0.000000000000000000e+00 0.000000000000000000e+00 0.000000000000000000e+00 0.000000000000000000e+00
4.875000000000000167e-02 0.000000000000000000e+00 0.000000000000000000e+00 0.000000000000000000e+00 0.000000000000000000e+00
5.625000000000000139e-02 0.000000000000000000e+00 0.000000000000000000e+00 0.000000000000000000e+00 0.000000000000000000e+00
6.375000000000000111e-02 0.000000000000000000e+00 0.000000000000000000e+00 0.000000000000000000e+00 0.000000000000000000e+00
7.124999999999999389e-02 0.000000000000000000e+00 0.000000000000000000e+00 0.000000000000000000e+00 0.000000000000000000e+00
7.875000000000000056e-02 0.000000000000000000e+00 0.000000000000000000e+00 0.000000000000000000e+00 0.000000000000000000e+00
8.624999999999999334e-02 0.000000000000000000e+00 0.000000000000000000e+00 0.000000000000000000e+00 0.000000000000000000e+00
9.375000000000000000e-02 0.000000000000000000e+00 0.000000000000000000e+00 0.000000000000000000e+00 0.000000000000000000e+00
1.012500000000000067e-01 0.000000000000000000e+00 0.000000000000000000e+00 0.000000000000000000e+00 0.000000000000000000e+00
1.087499999999999994e-01 0.000000000000000000e+00 0.000000000000000000e+00 0.000000000000000000e+00 0.000000000000000000e+00
1.162500000000000061e-01 0.000000000000000000e+00 0.000000000000000000e+00 0.000000000000000000e+00 0.000000000000000000e+00
1.237499999999999989e-01 0.000000000000000000e+00 0.000000000000000000e+00 0.000000000000000000e+00 0.000000000000000000e+00
1.312500000000000056e-01 0.000000000000000000e+00 0.000000000000000000e+00 0.000000000000000000e+00 0.000000000000000000e+00
1.387500000000000122e-01 0.000000000000000000e+00 0.000000000000000000e+00 0.000000000000000000e+00 0.000000000000000000e+00
1.462499999999999911e-01 0.000000000000000000e+00 0.000000000000000000e+00 0.000000000000000000e+00 2.666666666666666405e-06
1.537499999999999978e-01 0.000000000000000000e+00 0.000000000000000000e+00 0.000000000000000000e+00 8.953333333333333760e-04
1.612500000000000044e-01 0.000000000000000000e+00 0.000000000000000000e+00 0.000000000000000000e+00 2.924400000000000263e-02
1.687500000000000111e-01 0.000000000000000000e+00 0.000000000000000000e+00 0.000000000000000000e+00 2.066933333333333123e-01
1.762499999999999900e-01 0.000000000000000000e+00 0.000000000000000000e+00 0.000000000000000000e+00 6.204250000000000043e-01
1.837499999999999967e-01 0.000000000000000000e+00 0.000000000000000000e+00 0.000000000000000000e+00 1.109992833333333317e+00
1.912500000000000033e-01 0.000000000000000000e+00 0.000000000000000000e+00 0.000000000000000000e+00 1.497631166666666624e+00
1.987500000000000100e-01 0.000000000000000000e+00 0.000000000000000000e+00 0.000000000000000000e+00 1.722036666666666660e+00
2.062499999999999889e-01 0.000000000000000000e+00 0.000000000000000000e+00 0.000000000000000000e+00 1.811508833333333568e+00
2.137499999999999956e-01 0.000000000000000000e+00 0.000000000000000000e+00 0.000000000000000000e+00 1.821887166666666724e+00
2.212500000000000022e-01 0.000000000000000000e+00 0.000000000000000000e+00 0.000000000000000000e+00 1.783673499999999912e+00
2.287500000000000089e-01 0.000000000000000000e+00 0.000000000000000000e+00 0.000000000000000000e+00 1.730510666666666530e+00
2.362499999999999878e-01 0.000000000000000000e+00 0.000000000000000000e+00 0.000000000000000000e+00 1.673746833333333406e+00
2.437499999999999944e-01 0.000000000000000000e+00 0.000000000000000000e+00 0.000000000000000000e+00 1.621934166666666455e+00
2.512499999999999734e-01 0.000000000000000000e+00 0.000000000000000000e+00 0.000000000000000000e+00 1.576647333333333512e+00
2.587499999999999800e-01 0.000000000000000000e+00 0.000000000000000000e+00 0.000000000000000000e+00 1.535303333333333464e+00
2.662499999999999867e-01 0.000000000000000000e+00 0.000000000000000000e+00 0.000000000000000000e+00 1.497959999999999958e+00
2.737499999999999933e-01 0.000000000000000000e+00 0.000000000000000000e+00 0.000000000000000000e+00 1.460875333333333304e+00
2.812500000000000000e-01 0.000000000000000000e+00 0.000000000000000000e+00 0.000000000000000000e+00 1.426157666666666657e+00
2.887500000000000067e-01 0.000000000000000000e+00 0.000000000000000000e+00 0.000000000000000000e+00 1.398676000000000030e+00
2.962500000000000133e-01 0.000000000000000000e+00 0.000000000000000000e+00 0.000000000000000000e+00 1.372083666666666701e+00
3.037500000000000200e-01 0.000000000000000000e+00 0.000000000000000000e+00 0.000000000000000000e+00 1.345761833333333213e+00
3.112500000000000266e-01 0.000000000000000000e+00 0.000000000000000000e+00 0.000000000000000000e+00 1.327105333333333581e+00
3.187499999999999778e-01 0.000000000000000000e+00 0.000000000000000000e+00 0.000000000000000000e+00 1.307405499999999998e+00
3.262499999999999845e-01 0.000000000000000000e+00 0.000000000000000000e+00 0.000000000000000000e+00 1.293115666666666552e+00
3.337499999999999911e-01 0.000000000000000000e+00 0.000000000000000000e+00 0.000000000000000000e+00 1.279581333333333459e+00
3.412499999999999978e-01 0.000000000000000000e+00 0.000000000000000000e+00 0.000000000000000000e+00 1.269584666666666584e+00
3.487500000000000044e-01 0.000000000000000000e+00 0.000000000000000000e+00 0.000000000000000000e+00 1.261063499999999893e+00
3.562500000000000111e-01 0.000000000000000000e+00 0.000000000000000000e+00 0.000000000000000000e+00 1.256155666666666670e+00
3.637500000000000178e-01 0.000000000000000000e+00 0.000000000000000000e+00 0.000000000000000000e+00 1.251643666666666599e+00
3.712500000000000244e-01 0.000000000000000000e+00 0.000000000000000000e+00 0.000000000000000000e+00 1.248141166666666635e+00
3.787499999999999756e-01 0.000000000000000000e+00 0.000000000000000000e+00 0.000000000000000000e+00 1.245222833333333279e+00
3.862499999999999822e-01 0.000000000000000000e+00 0.000000000000000000e+00 0.000000000000000000e+00 1.241446166666666517e+00
3.937499999999999889e-01 0.000000000000000000e+00 0.000000000000000000e+00 0.000000000000000000e+00 1.237631499999999996e+00
4.012499999999999956e-01 0.000000000000000000e+00 0.000000000000000000e+00 0.000000000000000000e+00 1.234502166666666900e+00
4.087500000000000022e-01 0.000000000000000000e+00 0.000000000000000000e+00 0.000000000000000000e+00 1.229990333333333297e+00
4.162500000000000089e-01 0.000000000000000000e+00 0.000000000000000000e+00 0.000000000000000000e+00 1.225141333333333415e+00
4.237500000000000155e-01 0.000000000000000000e+00 0.000000000000000000e+00 0.000000000000000000e+00 1.219350833333333162e+00
4.312500000000000222e-01 0.000000000000000000e+00 0.000000000000000000e+00 0.000000000000000000e+00 1.213543000000000038e+00
4.387499999999999734e-01 0.000000000000000000e+00 0.000000000000000000e+00 0.000000000000000000e+00 1.208459333333333552e+00
4.462499999999999800e-01 0.000000000000000000e+00 4.500000000000000114e-06 4.500000000000000114e-06 1.201651666666666785e+00
4.537499999999999867e-01 0.000000000000000000e+00 4.899999999999999842e-05 4.899999999999999842e-05 1.195058999999999871e+00
4.612499999999999933e-01 0.000000000000000000e+00 4.924999999999999907e-04 4.924999999999999907e-04 1.188190833333333529e+00
4.687500000000000000e-01 0.000000000000000000e+00 2.911166666666666503e-03 2.911166666666666503e-03 1.182206166666666780e+00
4.762500000000000067e-01 0.000000000000000000e+00 1.129650000000000098e-02 1.129650000000000098e-02 1.176069000000000031e+00
4.837500000000000133e-01 0.000000000000000000e+00 3.269866666666666755e-02 3.269866666666666755e-02 1.168908166666666526e+00
4.912500000000000200e-01 0.000000000000000000e+00 7.609866666666666168e-02 7.609866666666666168e-02 1.163072499999999954e+00
4.987500000000000266e-01 0.000000000000000000e+00 1.531194999999999917e-01 1.531194999999999917e-01 1.155700999999999867e+00
5.062499999999999778e-01 0.000000000000000000e+00 2.620716666666667027e-01 2.620716666666667027e-01 1.149425166666666609e+00
5.137500000000000400e-01 0.000000000000000000e+00 4.039664999999999506e-01 4.039664999999999506e-01 1.144534666666666700e+00
5.212499999999999911e-01 0.000000000000000000e+00 5.674318333333333575e-01 5.674318333333333575e-01 1.138558833333333409e+00
5.287500000000000533e-01 0.000000000000000000e+00 7.383036666666668024e-01 7.383036666666668024e-01 1.131417333333333497e+00
5.362500000000000044e-01 0.000000000000000000e+00 9.063816666666665300e-01 9.063816666666665300e-01 1.125992499999999952e+00
5.437499999999999556e-01 0.000000000000000000e+00 1.054112500000000230e+00 1.054112500000000230e+00 1.120222666666666811e+00
5.512500000000000178e-01 0.000000000000000000e+00 1.188625999999999960e+00 1.188625999999999960e+00 1.115602833333333432e+00
5.587499999999999689e-01 0.000000000000000000e+00 1.295039499999999899e+00 1.295039499999999899e+00 1.110054000000000096e+00
5.662500000000000311e-01 0.000000000000000000e+00 1.376563666666666741e+00 1.376563666666666741e+00 1.105510999999999910e+00
5.737499999999999822e-01 0.000000000000000000e+00 1.438098499999999946e+00 1.438098499999999946e+00 1.100629000000000079e+00
5.812500000000000444e-01 0.000000000000000000e+00 1.472401833333333299e+00 1.472401833333333299e+00 1.094896999999999787e+00
5.887499999999999956e-01 0.000000000000000000e+00 1.485262333333333240e+00 1.485262333333333240e+00 1.091357333333333512e+00
5.962499999999999467e-01 0.000000000000000000e+00 1.491393333333333127e+00 1.491393333333333127e+00 1.087240166666666896e+00
6.037500000000000089e-01 0.000000000000000000e+00 1.479190333333333163e+00 1.479190333333333163e+00 1.082445333333333481e+00
6.112499999999999600e-01 0.000000000000000000e+00 1.465916499999999845e+00 1.465916499999999845e+00 1.077908833333333316e+00
6.187500000000000222e-01 0.000000000000000000e+00 1.438588999999999674e+00 1.438588999999999674e+00 1.073024999999999896e+00
6.262499999999999734e-01 0.000000000000000000e+00 1.415516166666666686e+00 1.415516166666666686e+00 1.069349666666666643e+00
6.337500000000000355e-01 0.000000000000000000e+00 1.381939000000000028e+00 1.381939000000000028e+00 1.065067666666666746e+00
6.412499999999999867e-01 0.000000000000000000e+00 1.354050333333333356e+00 1.354050333333333356e+00 1.061347333333333198e+00
6.487500000000000488e-01 0.000000000000000000e+00 1.321044833333333557e+00 1.321044833333333557e+00 1.058357499999999840e+00
6.562500000000000000e-01 0.000000000000000000e+00 1.288491999999999971e+00 1.288491999999999971e+00 1.053773833333333521e+00
6.637499999999999512e-01 0.000000000000000000e+00 1.261217833333333260e+00 1.261217833333333260e+00 1.049665999999999988e+00
6.712500000000000133e-01 0.000000000000000000e+00 1.239228500000000066e+00 1.239228500000000066e+00 1.046364999999999990e+00
6.787499999999999645e-01 0.000000000000000000e+00 1.217134166666666628e+00 1.217134166666666628e+00 1.042972333333333168e+00
6.862500000000000266e-01 0.000000000000000000e+00 1.199045833333333144e+00 1.199045833333333144e+00 1.039469499999999824e+00
6.937499999999999778e-01 0.000000000000000000e+00 1.181749833333333166e+00 1.181749833333333166e+00 1.037095833333333106e+00
7.012500000000000400e-01 0.000000000000000000e+00 1.167053999999999814e+00 1.167053999999999814e+00 1.033407500000000034e+00
7.087499999999999911e-01 0.000000000000000000e+00 1.156920333333333550e+00 1.156920333333333550e+00 1.030412499999999953e+00
7.162500000000000533e-01 0.000000000000000000e+00 1.149995833333333328e+00 1.149995833333333328e+00 1.027243166666666596e+00
7.237500000000000044e-01 1.086666666666666743e-04 1.141589333333333345e+00 1.141589333333333345e+00 1.024376166666666643e+00
7.312499999999999556e-01 0.000000000000000000e+00 1.138210666666666704e+00 1.138210666666666704e+00 1.021204333333333159e+00
7.387500000000000178e-01 2.086666666666666791e-04 1.133317500000000200e+00 1.133317500000000200e+00 1.019397500000000178e+00
7.462499999999999689e-01 3.066666666666666759e-04 1.127572000000000019e+00 1.127572000000000019e+00 1.016210666666666596e+00
7.537500000000000311e-01 2.805500000000000268e-03 1.124394000000000116e+00 1.124394000000000116e+00 1.013228166666666707e+00
7.612499999999999822e-01 9.038000000000000894e-03 1.121289666666666518e+00 1.121289666666666518e+00 1.010939166666666500e+00
7.687500000000000444e-01 2.273466666666666691e-02 1.116312833333333421e+00 1.116312833333333421e+00 1.009051333333333300e+00
7.762499999999999956e-01 5.451600000000000196e-02 1.112205499999999958e+00 1.112205499999999958e+00 1.006695499999999965e+00
7.837499999999999467e-01 1.016721666666666746e-01 1.109413666666666520e+00 1.109413666666666520e+00 1.004656166666666683e+00
7.912500000000000089e-01 1.994166666666666587e-01 1.106269500000000017e+00 1.106269500000000017e+00 1.002391833333333260e+00
7.987499999999999600e-01 3.232936666666666459e-01 1.099551166666666857e+00 1.099551166666666857e+00 1.000656333333333370e+00
8.062500000000000222e-01 5.124380000000000601e-01 1.094727999999999923e+00 1.094727999999999923e+00 9.985333333333333838e-01
8.137499999999999734e-01 7.359403333333333075e-01 1.087965999999999989e+00 1.087965999999999989e+00 9.971276666666667454e-01
8.212500000000000355e-01 9.866826666666667078e-01 1.084024500000000168e+00 1.084024500000000168e+00 9.953355000000000397e-01
8.287499999999999867e-01 1.254047666666666672e+00 1.078587166666666652e+00 1.078587166666666652e+00 9.935828333333333040e-01
8.362500000000000488e-01 1.516753166666666708e+00 1.071481166666666596e+00 1.071481166666666596e+00 9.923875000000000890e-01
8.437500000000000000e-01 1.784915500000000099e+00 1.066199833333333347e+00 1.066199833333333347e+00 9.907151666666665912e-01
8.512499999999999512e-01 1.982779999999999987e+00 1.059771499999999866e+00 1.059771499999999866e+00 9.896493333333333808e-01
8.587500000000000133e-01 2.163222833333333650e+00 1.054461666666666630e+00 1.054461666666666630e+00 9.885161666666665292e-01
8.662499999999999645e-01 2.304750000000000298e+00 1.050311500000000065e+00 1.050311500000000065e+00 9.877763333333334783e-01
8.737500000000000266e-01 2.400031166666666493e+00 1.045139500000000110e+00 1.045139500000000110e+00 9.866148333333333298e-01
8.812499999999999778e-01 2.419026666666666880e+00 1.038576833333333616e+00 1.038576833333333616e+00 9.852148333333333730e-01
8.887500000000000400e-01 2.405471833333333365e+00 1.034493000000000107e+00 1.034493000000000107e+00 9.850698333333333112e-01
8.962499999999999911e-01 2.405355333333333068e+00 1.030225500000000016e+00 1.030225500000000016e+00 9.839798333333332758e-01
9.037500000000000533e-01 2.339738333333333475e+00 1.026998333333333457e+00 1.026998333333333457e+00 9.841360000000000108e-01
9.112500000000000044e-01 2.260794666666666952e+00 1.019839166666666630e+00 1.019839166666666630e+00 9.828939999999999344e-01
9.187499999999999556e-01 2.185860000000000358e+00 1.017689999999999984e+00 1.017689999999999984e+00 9.824134999999999396e-01
9.262500000000000178e-01 2.064804000000000084e+00 1.013747999999999871e+00 1.013747999999999871e+00 9.826731666666667087e-01
9.337499999999999689e-01 1.984427833333333391e+00 1.009353333333333547e+00 1.009353333333333547e+00 9.825321666666666509e-01
9.412500000000000311e-01 1.884042666666666754e+00 1.004739000000000049e+00 1.004739000000000049e+00 9.822423333333333284e-01
9.487499999999999822e-01 1.779297666666666666e+00 1.003287833333333268e+00 1.003287833333333268e+00 9.818584999999999674e-01
9.562500000000000444e-01 1.686621833333333376e+00 9.987533333333331598e-01 9.987533333333331598e-01 9.819453333333333367e-01
9.637499999999999956e-01 1.598565666666666552e+00 9.951935000000000642e-01 9.951935000000000642e-01 9.820061666666667355e-01
9.712499999999999467e-01 1.526053333333333484e+00 9.932111666666667560e-01 9.932111666666667560e-01 9.827493333333333636e-01
9.787500000000000089e-01 1.434172833333333230e+00 9.905308333333332493e-01 9.905308333333332493e-01 9.829164999999999708e-01
9.862499999999999600e-01 1.354147666666666749e+00 9.864901666666666680e-01 9.864901666666666680e-01 9.836408333333332976e-01
9.937500000000000222e-01 1.292680999999999969e+00 9.838149999999998840e-01 9.838149999999998840e-01 9.838773333333333815e-01
1.001249999999999973e+00 1.224775666666666707e+00 9.812370000000000259e-01 9.812370000000000259e-01 9.839825000000000932e-01
1.008750000000000036e+00 1.205176499999999873e+00 9.794248333333333001e-01 9.794248333333333001e-01 9.847601666666666587e-01
1.016250000000000098e+00 1.152118500000000045e+00 9.765881666666665906e-01 9.765881666666665906e-01 9.857629999999999448e-01
1.023749999999999938e+00 1.115200666666666729e+00 9.729191666666667793e-01 9.729191666666667793e-01 9.864994999999999736e-01
1.031250000000000000e+00 1.062421833333333288e+00 9.727270000000000083e-01 9.727270000000000083e-01 9.879010000000000291e-01
1.038750000000000062e+00 1.045077833333333261e+00 9.712866666666667426e-01 9.712866666666667426e-01 9.884871666666666945e-01
1.046249999999999902e+00 1.019642166666666627e+00 9.688361666666667205e-01 9.688361666666667205e-01 9.892760000000001552e-01
1.053749999999999964e+00 1.019843333333333435e+00 9.668008333333334425e-01 9.668008333333334425e-01 9.905101666666666915e-01
1.061250000000000027e+00 1.002598333333333480e+00 9.661075000000000079e-01 9.661075000000000079e-01 9.916993333333331551e-01
1.068750000000000089e+00 9.845886666666666676e-01 9.656681666666667718e-01 9.656681666666667718e-01 9.927968333333332396e-01
1.076249999999999929e+00 9.935233333333334249e-01 9.636116666666666442e-01 9.636116666666666442e-01 9.942879999999999496e-01
1.083749999999999991e+00 9.726941666666667485e-01 9.614841666666666953e-01 9.614841666666666953e-01 9.948190000000000088e-01
1.091250000000000053e+00 9.629078333333334072e-01 9.622848333333333670e-01 9.622848333333333670e-01 9.965308333333332547e-01
1.098749999999999893e+00 9.797056666666666969e-01 9.588784999999999670e-01 9.588784999999999670e-01 9.969321666666665083e-01
1.106249999999999956e+00 9.671638333333333337e-01 9.588858333333333261e-01 9.588858333333333261e-01 9.977741666666667397e-01
1.113750000000000018e+00 9.626728333333334220e-01 9.569126666666667447e-01 9.569126666666667447e-01 9.986929999999999419e-01
1.121250000000000080e+00 9.574453333333332594e-01 9.573421666666667162e-01 9.573421666666667162e-01 9.995534999999998726e-01
1.128749999999999920e+00 9.655870000000000841e-01 9.575270000000001280e-01 9.575270000000001280e-01 1.000563833333333319e+00
1.136249999999999982e+00 9.557045000000000678e-01 9.569331666666668346e-01 9.569331666666668346e-01 1.001121166666666840e+00
1.143750000000000044e+00 9.527426666666668487e-01 9.567196666666667459e-01 9.567196666666667459e-01 1.001731000000000149e+00
1.151250000000000107e+00 9.630495000000000028e-01 9.563576666666667725e-01 9.563576666666667725e-01 1.002084166666666665e+00
1.158749999999999947e+00 9.661841666666667328e-01 9.548454999999999027e-01 9.548454999999999027e-01 1.002965833333333334e+00
1.166250000000000009e+00 9.616668333333332486e-01 9.577191666666665659e-01 9.577191666666665659e-01 1.003176500000000138e+00
1.173750000000000071e+00 9.537966666666667370e-01 9.574643333333333617e-01 9.574643333333333617e-01 1.003505166666666781e+00
1.181249999999999911e+00 9.489858333333334173e-01 9.586086666666666645e-01 9.586086666666666645e-01 1.003750666666666680e+00
1.188749999999999973e+00 9.544133333333332248e-01 9.589189999999998548e-01 9.589189999999998548e-01 1.004265833333333413e+00
1.196250000000000036e+00 9.484906666666667041e-01 9.578763333333334407e-01 9.578763333333334407e-01 1.004175500000000110e+00
1.203750000000000098e+00 9.453128333333333799e-01 9.592361666666665565e-01 9.592361666666665565e-01 1.004634999999999945e+00
1.211249999999999938e+00 9.299171666666666836e-01 9.604661666666665099e-01 9.604661666666665099e-01 1.004948500000000022e+00
1.218750000000000000e+00 9.276676666666666682e-01 9.602479999999999905e-01 9.602479999999999905e-01 1.004575166666666908e+00
1.226250000000000062e+00 9.425169999999999382e-01 9.606814999999998550e-01 9.606814999999998550e-01 1.005015500000000062e+00
1.233749999999999902e+00 9.217418333333333713e-01 9.638808333333335199e-01 9.638808333333335199e-01 1.004995333333333241e+00
1.241249999999999964e+00 9.374636666666665841e-01 9.669714999999999838e-01 9.669714999999999838e-01 1.004906833333333305e+00
1.248750000000000027e+00 9.260178333333333178e-01 9.655065000000000452e-01 9.655065000000000452e-01 1.005093666666666552e+00
1.256250000000000089e+00 9.218840000000000368e-01 9.665050000000000585e-01 9.665050000000000585e-01 1.005208833333333329e+00
1.263749999999999929e+00 9.275148333333333994e-01 9.685283333333334355e-01 9.685283333333334355e-01 1.005308499999999938e+00
1.271249999999999991e+00 9.159336666666666460e-01 9.708745000000001957e-01 9.708745000000001957e-01 1.005190833333333256e+00
1.278750000000000053e+00 9.157354999999999245e-01 9.733615000000001016e-01 9.733615000000001016e-01 1.005259333333333505e+00
1.286249999999999893e+00 9.140344999999999720e-01 9.752049999999998775e-01 9.752049999999998775e-01 1.004999166666666666e+00
1.293749999999999956e+00 9.121753333333333380e-01 9.764279999999999626e-01 9.764279999999999626e-01 1.005374333333333370e+00
1.301250000000000018e+00 9.135256666666666803e-01 9.787526666666664932e-01 9.787526666666664932e-01 1.005294499999999980e+00
1.308750000000000080e+00 9.012909999999999533e-01 9.810051666666667058e-01 9.810051666666667058e-01 1.005287833333333491e+00
1.316249999999999920e+00 9.171730000000000160e-01 9.852878333333333627e-01 9.852878333333333627e-01 1.005399166666666844e+00
1.323749999999999982e+00 9.127553333333334740e-01 9.869430000000000147e-01 9.869430000000000147e-01 1.005049833333333309e+00
1.331250000000000044e+00 9.126830000000000220e-01 9.886023333333332497e-01 9.886023333333332497e-01 1.004816833333333603e+00
1.338750000000000107e+00 9.023586666666666423e-01 9.920406666666666817e-01 9.920406666666666817e-01 1.004808666666666683e+00
1.346249999999999947e+00 9.164571666666666561e-01 9.917913333333333581e-01 9.917913333333333581e-01 1.004600666666666475e+00
1.353750000000000009e+00 9.039076666666666648e-01 9.953556666666666386e-01 9.953556666666666386e-01 1.004388166666666748e+00
1.361250000000000071e+00 9.225786666666665470e-01 9.984566666666666590e-01 9.984566666666666590e-01 1.004427333333333339e+00
1.368749999999999911e+00 9.138633333333333608e-01 1.001963333333333317e+00 1.001963333333333317e+00 1.004467333333333379e+00
1.376249999999999973e+00 9.104526666666666879e-01 1.002596666666666581e+00 1.002596666666666581e+00 1.004684166666666600e+00
1.383750000000000036e+00 9.059023333333332539e-01 1.006232500000000085e+00 1.006232500000000085e+00 1.004253500000000132e+00
1.391250000000000098e+00 9.193981666666665165e-01 1.006939666666666566e+00 1.006939666666666566e+00 1.003896833333333349e+00
1.398749999999999938e+00 9.120094999999999175e-01 1.008075833333333504e+00 1.008075833333333504e+00 1.003810499999999939e+00
1.406250000000000000e+00 9.189761666666665940e-01 1.011047999999999947e+00 1.011047999999999947e+00 1.003621000000000096e+00
1.413750000000000062e+00 9.296180000000000554e-01 1.011889333333333418e+00 1.011889333333333418e+00 1.003276833333333284e+00
1.421249999999999902e+00 9.161968333333332382e-01 1.013919333333333173e+00 1.013919333333333173e+00 1.003570499999999921e+00
1.428749999999999964e+00 9.239226666666665588e-01 1.014421666666666777e+00 1.014421666666666777e+00 1.003210666666666695e+00
1.436250000000000027e+00 9.231578333333332331e-01 1.015894333333333455e+00 1.015894333333333455e+00 1.003133499999999900e+00
1.443750000000000089e+00 9.324099999999999611e-01 1.016148000000000273e+00 1.016148000000000273e+00 1.002758000000000038e+00
1.451249999999999929e+00 9.331234999999998836e-01 1.015924833333333277e+00 1.015924833333333277e+00 1.002674833333333293e+00
1.458749999999999991e+00 9.273791666666667544e-01 1.015608666666666826e+00 1.015608666666666826e+00 1.002315166666666535e+00
1.466250000000000053e+00 9.309448333333333325e-01 1.015568000000000026e+00 1.015568000000000026e+00 1.002155833333333135e+00
1.473749999999999893e+00 9.334201666666666064e-01 1.017452166666666713e+00 1.017452166666666713e+00 1.002047833333333360e+00
1.481249999999999956e+00 9.437123333333333752e-01 1.016816666666666480e+00 1.016816666666666480e+00 1.002005166666666724e+00
1.488750000000000018e+00 9.513861666666666439e-01 1.016008333333333180e+00 1.016008333333333180e+00 1.001905999999999963e+00
1.496250000000000080e+00 9.425081666666668134e-01 1.016355666666666879e+00 1.016355666666666879e+00 1.001818166666666787e+00
1.503749999999999920e+00 9.469523333333333959e-01 1.015838333333333177e+00 1.015838333333333177e+00 1.001455833333333434e+00
1.511249999999999982e+00 9.493425000000000891e-01 1.015727166666666736e+00 1.015727166666666736e+00 1.001360000000000028e+00
1.518750000000000044e+00 9.519356666666665134e-01 1.015198333333333203e+00 1.015198333333333203e+00 1.001079000000000052e+00
1.526250000000000107e+00 9.634991666666667953e-01 1.015394499999999978e+00 1.015394499999999978e+00 1.000939833333333251e+00
1.533749999999999947e+00 9.699028333333332696e-01 1.014124166666666715e+00 1.014124166666666715e+00 1.000876833333333327e+00
1.541250000000000009e+00 9.537278333333333302e-01 1.014395833333333385e+00 1.014395833333333385e+00 1.000594666666666743e+00
1.548750000000000071e+00 9.675596666666667067e-01 1.013573166666666525e+00 1.013573166666666525e+00 1.000480833333333264e+00
1.556249999999999911e+00 9.732068333333332433e-01 1.012185499999999960e+00 1.012185499999999960e+00 1.000319666666666718e+00
1.563749999999999973e+00 9.717398333333332472e-01 1.011603333333333188e+00 1.011603333333333188e+00 1.000314333333333527e+00
1.571250000000000036e+00 9.805183333333332696e-01 1.010974000000000039e+00 1.010974000000000039e+00 1.000128666666666666e+00
1.578750000000000098e+00 9.828963333333332608e-01 1.010633000000000115e+00 1.010633000000000115e+00 9.998874999999999291e-01
1.586249999999999938e+00 9.890323333333334022e-01 1.010881000000000141e+00 1.010881000000000141e+00 9.995933333333333337e-01
1.593750000000000000e+00 9.883524999999999672e-01 1.009155666666666784e+00 1.009155666666666784e+00 9.996659999999999435e-01
1.601250000000000062e+00 9.958353333333332946e-01 1.008927833333333579e+00 1.008927833333333579e+00 9.996488333333334309e-01
1.608749999999999902e+00 9.949528333333331753e-01 1.008186833333333476e+00 1.008186833333333476e+00 9.995039999999999480e-01
1.616249999999999964e+00 1.004570333333333343e+00 1.007170500000000191e+00 1.007170500000000191e+00 9.991856666666666387e-01
1.623750000000000027e+00 1.013104666666666764e+00 1.007321833333333361e+00 1.007321833333333361e+00 9.990436666666666632e-01
1.631250000000000089e+00 1.013844166666666657e+00 1.007151833333333135e+00 1.007151833333333135e+00 9.989471666666666083e-01
1.638749999999999929e+00 1.017983666666666620e+00 1.005558500000000022e+00 1.005558500000000022e+00 9.990970000000000129e-01
1.646249999999999991e+00 1.028958999999999957e+00 1.006269166666666548e+00 1.006269166666666548e+00 9.991530000000000689e-01
1.653750000000000053e+00 1.023373500000000158e+00 1.005778666666666821e+00 1.005778666666666821e+00 9.988120000000000331e-01
1.661249999999999893e+00 1.028552833333333361e+00 1.005241666666666811e+00 1.005241666666666811e+00 9.989523333333334421e-01
1.668749999999999956e+00 1.046601166666666582e+00 1.005015833333333219e+00 1.005015833333333219e+00 9.991081666666664640e-01
1.676250000000000018e+00 1.048947499999999922e+00 1.004822333333333484e+00 1.004822333333333484e+00 9.987628333333332664e-01
1.683750000000000080e+00 1.040989166666666632e+00 1.003257999999999983e+00 1.003257999999999983e+00 9.988560000000000771e-01
1.691249999999999920e+00 1.052377499999999966e+00 1.003209500000000087e+00 1.003209500000000087e+00 9.984969999999999679e-01
1.698749999999999982e+00 1.055001666666666615e+00 1.002670166666666640e+00 1.002670166666666640e+00 9.985501666666668497e-01
1.706250000000000044e+00 1.048191666666666633e+00 1.003098499999999893e+00 1.003098499999999893e+00 9.983973333333332478e-01
1.713750000000000107e+00 1.052587333333333319e+00 1.002668833333333565e+00 1.002668833333333565e+00 9.984923333333332041e-01
1.721249999999999947e+00 1.053407499999999830e+00 1.002496333333333434e+00 1.002496333333333434e+00 9.984275000000000233e-01
1.728750000000000009e+00 1.047487166666666747e+00 1.002067833333333269e+00 1.002067833333333269e+00 9.983499999999999597e-01
1.736250000000000071e+00 1.053074833333333293e+00 1.001251499999999739e+00 1.001251499999999739e+00 9.984880000000000422e-01
1.743749999999999911e+00 1.056542500000000162e+00 1.001627999999999963e+00 1.001627999999999963e+00 9.985508333333333875e-01
1.751249999999999973e+00 1.054956666666666765e+00 1.000689666666666700e+00 1.000689666666666700e+00 9.985135000000000538e-01
1.758750000000000036e+00 1.054186999999999985e+00 1.000663333333333460e+00 1.000663333333333460e+00 9.985303333333334086e-01
1.766250000000000098e+00 1.046457666666666730e+00 9.995273333333331012e-01 9.995273333333331012e-01 9.984378333333334687e-01
1.773749999999999938e+00 1.038278499999999882e+00 9.987594999999999112e-01 9.987594999999999112e-01 9.983346666666665925e-01
1.781250000000000000e+00 1.032962666666666918e+00 9.988899999999999446e-01 9.988899999999999446e-01 9.985873333333333823e-01
1.788750000000000062e+00 1.044051000000000062e+00 9.993965000000000209e-01 9.993965000000000209e-01 9.985944999999999405e-01
1.796249999999999902e+00 1.044420499999999974e+00 9.983423333333334426e-01 9.983423333333334426e-01 9.989416666666666167e-01
1.803749999999999964e+00 1.034615666666666600e+00 9.982563333333333011e-01 9.982563333333333011e-01 9.988854999999999817e-01
1.811250000000000027e+00 1.026169333333333489e+00 9.984358333333333002e-01 9.984358333333333002e-01 9.990128333333333499e-01
1.818750000000000089e+00 1.033058499999999880e+00 9.972451666666666270e-01 9.972451666666666270e-01 9.987771666666666048e-01
1.826249999999999929e+00 1.021006166666666548e+00 9.975751666666665685e-01 9.975751666666665685e-01 9.989498333333334257e-01
1.833749999999999991e+00 1.021357000000000070e+00 9.970158333333332124e-01 9.970158333333332124e-01 9.988801666666665691e-01
1.841250000000000053e+00 1.024170166666666715e+00 9.976301666666667067e-01 9.976301666666667067e-01 9.991655000000000397e-01
1.848749999999999893e+00 1.016843333333333321e+00 9.968594999999998985e-01 9.968594999999998985e-01 9.990465000000000595e-01
1.856249999999999956e+00 1.018953333333333156e+00 9.965593333333333526e-01 9.965593333333333526e-01 9.993148333333333744e-01
1.863750000000000018e+00 1.016997166666666841e+00 9.963750000000000107e-01 9.963750000000000107e-01 9.993748333333333234e-01
1.871250000000000080e+00 1.017055833333333492e+00 9.966243333333334453e-01 9.966243333333334453e-01 9.992403333333332860e-01
1.878749999999999920e+00 1.012274333333333276e+00 9.971375000000000099e-01 9.971375000000000099e-01 9.993178333333333496e-01
1.886249999999999982e+00 1.011552999999999924e+00 9.967001666666664983e-01 9.967001666666664983e-01 9.993118333333331771e-01
1.893750000000000044e+00 1.011081500000000188e+00 9.956461666666668320e-01 9.956461666666668320e-01 9.993881666666667440e-01
1.901250000000000107e+00 1.006269999999999998e+00 9.963554999999999495e-01 9.963554999999999495e-01 9.994030000000000413e-01
1.908749999999999947e+00 1.001674833333333403e+00 9.962276666666666225e-01 9.962276666666666225e-01 9.995921666666666150e-01
1.916250000000000009e+00 1.004593500000000139e+00 9.966973333333332130e-01 9.966973333333332130e-01 9.995955000000001922e-01
1.923750000000000071e+00 1.004975333333333332e+00 9.964588333333334047e-01 9.964588333333334047e-01 9.998876666666666191e-01
1.931249999999999911e+00 9.986349999999998284e-01 9.963738333333335140e-01 9.963738333333335140e-01 9.997215000000000407e-01
1.938749999999999973e+00 1.001344166666666702e+00 9.957743333333333169e-01 9.957743333333333169e-01 9.997899999999999565e-01
1.946250000000000036e+00 9.994129999999999958e-01 9.965595000000000425e-01 9.965595000000000425e-01 9.998678333333331780e-01
1.953750000000000098e+00 9.997193333333332932e-01 9.961780000000000079e-01 9.961780000000000079e-01 9.998883333333332679e-01
1.961249999999999938e+00 9.937308333333335630e-01 9.959440000000000515e-01 9.959440000000000515e-01 9.998128333333333728e-01
1.968750000000000000e+00 9.934888333333334876e-01 9.966973333333332130e-01 9.966973333333332130e-01 1.000010666666666603e+00
1.976250000000000062e+00 9.980758333333333843e-01 9.960508333333333297e-01 9.960508333333333297e-01 9.999586666666666623e-01
1.983749999999999902e+00 9.956791666666666707e-01 9.957215000000000371e-01 9.957215000000000371e-01 1.000396666666666601e+00
1.991249999999999964e+00 9.958458333333334300e-01 9.961041666666666794e-01 9.961041666666666794e-01 1.000222166666666856e+00
1.998750000000000027e+00 9.973784999999999457e-01 9.966786666666666017e-01 9.966786666666666017e-01 1.000455666666666632e+00
2.006250000000000089e+00 9.893414999999999848e-01 9.958823333333333139e-01 9.958823333333333139e-01 1.000157833333333413e+00
2.013749999999999929e+00 9.966285000000000283e-01 9.970545000000000657e-01 9.970545000000000657e-01 1.000315333333333445e+00
2.021250000000000213e+00 9.871001666666666674e-01 9.964844999999998842e-01 9.964844999999998842e-01 1.000178833333333239e+00
2.028750000000000053e+00 9.862611666666668553e-01 9.962951666666666206e-01 9.962951666666666206e-01 1.000427166666666645e+00
2.036249999999999893e+00 9.909138333333333826e-01 9.972773333333333490e-01 9.972773333333333490e-01 1.000372166666666729e+00
2.043750000000000178e+00 9.907420000000000115e-01 9.974551666666666705e-01 9.974551666666666705e-01 1.000344166666666590e+00
2.051250000000000018e+00 9.832126666666667347e-01 9.974226666666665686e-01 9.974226666666665686e-01 1.000229000000000035e+00
2.058749999999999858e+00 9.916031666666667022e-01 9.978660000000000307e-01 9.978660000000000307e-01 1.000537666666666547e+00
2.066250000000000142e+00 9.904851666666666388e-01 9.963389999999999747e-01 9.963389999999999747e-01 1.000587333333333273e+00
2.073749999999999982e+00 9.898598333333333832e-01 9.970893333333332720e-01 9.970893333333332720e-01 1.000286833333333236e+00
2.081249999999999822e+00 9.909926666666666328e-01 9.980413333333332249e-01 9.980413333333332249e-01 1.000482666666666631e+00
2.088750000000000107e+00 9.925796666666667489e-01 9.976359999999999673e-01 9.976359999999999673e-01 1.000524333333333349e+00
2.096249999999999947e+00 9.883790000000000076e-01 9.978953333333332454e-01 9.978953333333332454e-01 1.000613166666666887e+00
2.103749999999999787e+00 9.919181666666666564e-01 9.981430000000001135e-01 9.981430000000001135e-01 1.000502666666666762e+00
2.111250000000000071e+00 9.918571666666666786e-01 9.985408333333333220e-01 9.985408333333333220e-01 1.000470166666666882e+00
2.118749999999999911e+00 9.882843333333334312e-01 9.985428333333333795e-01 9.985428333333333795e-01 1.000372999999999957e+00
2.126250000000000195e+00 9.907438333333334901e-01 9.981284999999999741e-01 9.981284999999999741e-01 1.000411166666666629e+00
2.133750000000000036e+00 9.925198333333332679e-01 9.996530000000000138e-01 9.996530000000000138e-01 1.000364166666666721e+00
2.141249999999999876e+00 9.913404999999998468e-01 9.991106666666667024e-01 9.991106666666667024e-01 1.000485666666666607e+00
2.148750000000000160e+00 9.924718333333332199e-01 9.990769999999998818e-01 9.990769999999998818e-01 1.000504166666666750e+00
2.156250000000000000e+00 9.913713333333332711e-01 1.000029833333333285e+00 1.000029833333333285e+00 1.000342166666666754e+00
2.163749999999999840e+00 9.851310000000000899e-01 9.993301666666668526e-01 9.993301666666668526e-01 1.000330166666666631e+00
2.171250000000000124e+00 9.892298333333333638e-01 1.000231666666666630e+00 1.000231666666666630e+00 1.000279833333333368e+00
2.178749999999999964e+00 9.910781666666665934e-01 9.996303333333331764e-01 9.996303333333331764e-01 1.000173166666666669e+00
2.186249999999999805e+00 9.900790000000000424e-01 1.000115333333333245e+00 1.000115333333333245e+00 1.000230499999999800e+00
2.193750000000000089e+00 9.945590000000000819e-01 9.996428333333332583e-01 9.996428333333332583e-01 1.000407333333333204e+00
2.201249999999999929e+00 9.895673333333333543e-01 1.000228333333333275e+00 1.000228333333333275e+00 1.000410333333333401e+00
2.208750000000000213e+00 9.909456666666666136e-01 1.000536833333333320e+00 1.000536833333333320e+00 1.000430333333333310e+00
2.216250000000000053e+00 9.915988333333333182e-01 9.999401666666666300e-01 9.999401666666666300e-01 1.000461999999999962e+00
2.223749999999999893e+00 9.887204999999998911e-01 1.000507000000000035e+00 1.000507000000000035e+00 1.000665833333333365e+00
2.231250000000000178e+00 9.928343333333332632e-01 1.000089000000000006e+00 1.000089000000000006e+00 1.000319333333333338e+00
2.238750000000000018e+00 9.930200000000001248e-01 1.001074833333333247e+00 1.001074833333333247e+00 1.000369833333333291e+00
2.246249999999999858e+00 9.964534999999998810e-01 1.000872166666666674e+00 1.000872166666666674e+00 1.000255000000000116e+00
2.253750000000000142e+00 9.925001666666667388e-01 1.001128166666666708e+00 1.001128166666666708e+00 1.000231666666666630e+00
2.261249999999999982e+00 9.932756666666667789e-01 1.000875833333333409e+00 1.000875833333333409e+00 1.000057500000000044e+00
2.268749999999999822e+00 9.929026666666666001e-01 1.001270333333333262e+00 1.001270333333333262e+00 1.000161833333333306e+00
2.276250000000000107e+00 9.879633333333334155e-01 1.001236500000000085e+00 1.001236500000000085e+00 1.000230500000000022e+00
2.283749999999999947e+00 9.906104999999999494e-01 9.998368333333332858e-01 9.998368333333332858e-01 1.000406666666666666e+00
2.291249999999999787e+00 9.953168333333333173e-01 1.001581000000000055e+00 1.001581000000000055e+00 1.000206666666666688e+00
2.298750000000000071e+00 9.932928333333332915e-01 1.001700333333333193e+00 1.001700333333333193e+00 1.000198166666666610e+00
2.306249999999999911e+00 9.940361666666666096e-01 1.000955833333333267e+00 1.000955833333333267e+00 1.000190333333333292e+00
2.313750000000000195e+00 1.000672000000000006e+00 1.001054499999999736e+00 1.001054499999999736e+00 1.000162500000000065e+00
2.321250000000000036e+00 9.999959999999999960e-01 1.001252000000000031e+00 1.001252000000000031e+00 1.000242999999999993e+00
2.328749999999999876e+00 9.860903333333332910e-01 1.001451166666666559e+00 1.001451166666666559e+00 9.999406666666666998e-01
2.336250000000000160e+00 9.962395000000000556e-01 1.001154166666666567e+00 1.001154166666666567e+00 1.000168166666666636e+00
2.343750000000000000e+00 1.000921833333333399e+00 1.001243666666666643e+00 1.001243666666666643e+00 9.999893333333335077e-01
2.351249999999999840e+00 9.991908333333333614e-01 1.001336000000000004e+00 1.001336000000000004e+00 1.000003999999999893e+00
2.358750000000000124e+00 9.990989999999998483e-01 1.000925499999999913e+00 1.000925499999999913e+00 9.999804999999999389e-01
2.366249999999999964e+00 9.953888333333332783e-01 1.000952000000000064e+00 1.000952000000000064e+00 1.000110333333333434e+00
2.373749999999999805e+00 9.963026666666666697e-01 1.001169666666666735e+00 1.001169666666666735e+00 1.000114833333333619e+00
2.381250000000000089e+00 1.000980500000000051e+00 1.001224499999999962e+00 1.001224499999999962e+00 9.999989999999999712e-01
2.388749999999999929e+00 9.947346666666666559e-01 1.000852999999999993e+00 1.000852999999999993e+00 1.000015500000000168e+00
2.396250000000000213e+00 9.915121666666665279e-01 1.000741666666666640e+00 1.000741666666666640e+00 9.998711666666665332e-01
2.403750000000000053e+00 1.000301333333333487e+00 1.001788666666666661e+00 1.001788666666666661e+00 1.000156833333333273e+00
2.411249999999999893e+00 9.953220000000001511e-01 1.001318166666666620e+00 1.001318166666666620e+00 9.999091666666667377e-01
2.418750000000000178e+00 9.996591666666665432e-01 1.000098166666666621e+00 1.000098166666666621e+00 9.998609999999999998e-01
2.426250000000000018e+00 1.006109333333333300e+00 9.995833333333332682e-01 9.995833333333332682e-01 1.000037500000000135e+00
2.433749999999999858e+00 9.995719999999997940e-01 1.000836333333333217e+00 1.000836333333333217e+00 9.998643333333333549e-01
2.441250000000000142e+00 1.001215666666666726e+00 1.000994333333333097e+00 1.000994333333333097e+00 9.999840000000000950e-01
2.448749999999999982e+00 1.003247666666666760e+00 1.000800166666666824e+00 1.000800166666666824e+00 9.998719999999999830e-01
2.456249999999999822e+00 1.000895333333333248e+00 1.000565333333333307e+00 1.000565333333333307e+00 9.998163333333334180e-01
2.463750000000000107e+00 1.005465499999999901e+00 1.000773499999999983e+00 1.000773499999999983e+00 9.999339999999999895e-01
2.471249999999999947e+00 1.005673500000000109e+00 1.000948333333333329e+00 1.000948333333333329e+00 9.999228333333333163e-01
2.478749999999999787e+00 1.004841500000000165e+00 1.000314499999999995e+00 1.000314499999999995e+00 9.998084999999999889e-01
2.486250000000000071e+00 1.009103499999999931e+00 1.000582000000000082e+00 1.000582000000000082e+00 9.998718333333332930e-01
2.493749999999999911e+00 1.002328999999999803e+00 1.000294000000000016e+00 1.000294000000000016e+00 9.999649999999998817e-01
2.501250000000000195e+00 1.001250166666666663e+00 1.001170833333333343e+00 1.001170833333333343e+00 9.999441666666667450e-01
2.508750000000000036e+00 1.013209999999999944e+00 1.000299333333333207e+00 1.000299333333333207e+00 9.999235000000000761e-01
2.516249999999999876e+00 1.002692333333333075e+00 1.000140999999999947e+00 1.000140999999999947e+00 9.999059999999998505e-01
2.523750000000000160e+00 9.996106666666665364e-01 1.000246333333333348e+00 1.000246333333333348e+00 9.998620000000001395e-01
2.531250000000000000e+00 1.002359166666666690e+00 9.994399999999999951e-01 9.994399999999999951e-01 9.998818333333332475e-01
2.538749999999999840e+00 9.956771666666665022e-01 1.000519999999999854e+00 1.000519999999999854e+00 9.998790000000000733e-01
2.546250000000000124e+00 1.009709833333333195e+00 1.000718333333333376e+00 1.000718333333333376e+00 9.999549999999999272e-01
2.553749999999999964e+00 1.006493500000000152e+00 9.997210000000000818e-01 9.997210000000000818e-01 9.996561666666666790e-01
2.561249999999999805e+00 9.973445000000000782e-01 9.996530000000000138e-01 9.996530000000000138e-01 9.998863333333333214e-01
2.568750000000000089e+00 1.001813833333333514e+00 9.998821666666666275e-01 9.998821666666666275e-01 9.997308333333333463e-01
2.576249999999999929e+00 1.005364833333333374e+00 1.000086999999999948e+00 1.000086999999999948e+00 9.998171666666667567e-01
2.583750000000000213e+00 1.003016166666666598e+00 9.996911666666666862e-01 9.996911666666666862e-01 9.998935000000001017e-01
2.591250000000000053e+00 1.001805166666666524e+00 9.991744999999999655e-01 9.991744999999999655e-01 9.999833333333333352e-01
2.598749999999999893e+00 1.006138833333333205e+00 9.994716666666666471e-01 9.994716666666666471e-01 9.997361666666666480e-01
2.606250000000000178e+00 1.003868166666666673e+00 9.997855000000001047e-01 9.997855000000001047e-01 9.999910000000000743e-01
2.613750000000000018e+00 1.003056999999999865e+00 9.991534999999999167e-01 9.991534999999999167e-01 9.996990000000000043e-01
2.621249999999999858e+00 1.004923666666666771e+00 9.994951666666667123e-01 9.994951666666667123e-01 1.000037499999999913e+00
2.628750000000000142e+00 1.004264333333333425e+00 9.998978333333333746e-01 9.998978333333333746e-01 9.998103333333333564e-01
2.636249999999999982e+00 1.002989999999999826e+00 9.990049999999999208e-01 9.990049999999999208e-01 9.999129999999999407e-01
2.643749999999999822e+00 1.000997166666666605e+00 9.998506666666666653e-01 9.998506666666666653e-01 1.000008166666666698e+00
2.651250000000000107e+00 1.005846999999999936e+00 9.993378333333332586e-01 9.993378333333332586e-01 1.000039833333333350e+00
2.658749999999999947e+00 9.998740000000000405e-01 9.995111666666667283e-01 9.995111666666667283e-01 9.999441666666667450e-01
2.666249999999999787e+00 1.000799666666666754e+00 9.993465000000000265e-01 9.993465000000000265e-01 9.999043333333332839e-01
2.673750000000000071e+00 9.952408333333333523e-01 9.998714999999999131e-01 9.998714999999999131e-01 1.000105666666666782e+00
2.681249999999999911e+00 1.001797166666666739e+00 9.997048333333333758e-01 9.997048333333333758e-01 9.999763333333332449e-01
2.688750000000000195e+00 1.006004833333333348e+00 9.998266666666667524e-01 9.998266666666667524e-01 1.000031000000000114e+00
2.696250000000000036e+00 1.004331500000000155e+00 9.996748333333332903e-01 9.996748333333332903e-01 9.999200000000000310e-01
2.703749999999999876e+00 1.003167666666666680e+00 9.991791666666666183e-01 9.991791666666666183e-01 9.999578333333333235e-01
2.711250000000000160e+00 9.971913333333333185e-01 9.991388333333333094e-01 9.991388333333333094e-01 1.000030666666666734e+00
2.718750000000000000e+00 9.976976666666667048e-01 9.993231666666666513e-01 9.993231666666666513e-01 9.999826666666665753e-01
2.726249999999999840e+00 1.001537333333333279e+00 9.995005000000000139e-01 9.995005000000000139e-01 9.998808333333334408e-01
2.733750000000000124e+00 9.999728333333334218e-01 9.997136666666666116e-01 9.997136666666666116e-01 9.998378333333333146e-01
2.741249999999999964e+00 1.000554500000000013e+00 9.996803333333333930e-01 9.996803333333333930e-01 9.998445000000000249e-01
2.748749999999999805e+00 1.000670333333333328e+00 9.993150000000000643e-01 9.993150000000000643e-01 1.000060166666666861e+00
2.756250000000000089e+00 9.964011666666666711e-01 9.997761666666665770e-01 9.997761666666665770e-01 1.000079500000000010e+00
2.763749999999999929e+00 1.001599499999999976e+00 9.991578333333334117e-01 9.991578333333334117e-01 9.998535000000000617e-01
2.771250000000000213e+00 9.957996666666666385e-01 9.989014999999999977e-01 9.989014999999999977e-01 9.998488333333334088e-01
2.778750000000000053e+00 9.946709999999999718e-01 9.990826666666666744e-01 9.990826666666666744e-01 1.000108166666666687e+00
2.786249999999999893e+00 1.001284499999999911e+00 9.994988333333333363e-01 9.994988333333333363e-01 1.000020500000000201e+00
2.793750000000000178e+00 9.983153333333332213e-01 9.991134999999999877e-01 9.991134999999999877e-01 1.000145166666666752e+00
2.801250000000000018e+00 1.000450000000000061e+00 9.987466666666665605e-01 9.987466666666665605e-01 9.998706666666666854e-01
2.808749999999999858e+00 1.004279000000000144e+00 9.999151666666666882e-01 9.999151666666666882e-01 1.000092999999999899e+00
2.816250000000000142e+00 1.000645499999999855e+00 9.995521666666667970e-01 9.995521666666667970e-01 1.000064333333333222e+00
2.823749999999999982e+00 9.968863333333333188e-01 9.993560000000000221e-01 9.993560000000000221e-01 1.000060500000000019e+00
2.831249999999999822e+00 9.935933333333334394e-01 9.999224999999999364e-01 9.999224999999999364e-01 1.000068166666666647e+00
2.838750000000000107e+00 9.961566666666664682e-01 1.000045666666666611e+00 1.000045666666666611e+00 1.000097666666666774e+00
2.846249999999999947e+00 9.963533333333334241e-01 9.996498333333332376e-01 9.996498333333332376e-01 9.999848333333333228e-01
2.853749999999999787e+00 9.983233333333333404e-01 9.999353333333335092e-01 9.999353333333335092e-01 1.000063999999999842e+00
2.861250000000000071e+00 1.000009000000000148e+00 9.996553333333334512e-01 9.996553333333334512e-01 1.000084166666666663e+00
2.868749999999999911e+00 9.986541666666667316e-01 9.995836666666666481e-01 9.995836666666666481e-01 9.999695000000000666e-01
2.876250000000000195e+00 1.002908166666666601e+00 9.991946666666665644e-01 9.991946666666665644e-01 1.000123000000000095e+00
2.883750000000000036e+00 9.977190000000000225e-01 9.992708333333334414e-01 9.992708333333334414e-01 1.000055166666666606e+00
2.891249999999999876e+00 9.980114999999999403e-01 1.000070833333333242e+00 1.000070833333333242e+00 9.999206666666666798e-01
2.898750000000000160e+00 9.979015000000001079e-01 9.993714999999999682e-01 9.993714999999999682e-01 9.999936666666666696e-01
2.906250000000000000e+00 9.973480000000000123e-01 9.994589999999999863e-01 9.994589999999999863e-01 1.000094000000000038e+00
2.913749999999999840e+00 9.967800000000001104e-01 9.992563333333333020e-01 9.992563333333333020e-01 1.000172499999999909e+00
2.921250000000000124e+00 9.977791666666666615e-01 9.996776666666665756e-01 9.996776666666665756e-01 1.000120333333333500e+00
2.928749999999999964e+00 9.993861666666666865e-01 9.994738333333333946e-01 9.994738333333333946e-01 1.000039666666666660e+00
2.936249999999999805e+00 9.944191666666667428e-01 9.997244999999997939e-01 9.997244999999997939e-01 1.000149333333333335e+00
2.943750000000000089e+00 9.980370000000001740e-01 9.997046666666666859e-01 9.997046666666666859e-01 9.998809999999999087e-01
2.951249999999999929e+00 9.977755000000000374e-01 9.998700000000000365e-01 9.998700000000000365e-01 1.000050666666666643e+00
2.958750000000000213e+00 9.949213333333332132e-01 1.000126666666666830e+00 1.000126666666666830e+00 9.999101666666666555e-01
2.966250000000000053e+00 9.984568333333333490e-01 9.999090000000000478e-01 9.999090000000000478e-01 1.000148000000000037e+00
2.973749999999999893e+00 9.949463333333333770e-01 1.000086666666666568e+00 1.000086666666666568e+00 1.000106666666666699e+00
2.981250000000000178e+00 9.956541666666666179e-01 9.997055000000001357e-01 9.997055000000001357e-01 1.000146833333333429e+00
2.988750000000000018e+00 9.944110000000000449e-01 9.997574999999999656e-01 9.997574999999999656e-01 1.000036833333333375e+00
2.996249999999999858e+00 1.001995333333333349e+00 9.997793333333332422e-01 9.997793333333332422e-01 9.998666666666665703e-01
