3.749999999999999861e-03 0.000000000000000000e+00 0.000000000000000000e+00 0.000000000000000000e+00 0.000000000000000000e+00
1.124999999999999958e-02 0.000000000000000000e+00 0.000000000000000000e+00 0.000000000000000000e+00 0.000000000000000000e+00
1.874999999999999931e-02 0.000000000000000000e+00 0.000000000000000000e+00 0.000000000000000000e+00 0.000000000000000000e+00
2.624999999999999903e-02 0.000000000000000000e+00 0.000000000000000000e+00 0.000000000000000000e+00 0.000000000000000000e+00
3.375000000000000222e-02 0.000000000000000000e+00 0.000000000000000000e+00 0.000000000000000000e+00 0.000000000000000000e+00
4.125000000000000194e-02 0.000000000000000000e+00 0.000000000000000000e+00 0.000000000000000000e+00 0.000000000000000000e+00
4.875000000000000167e-02 0.000000000000000000e+00 0.000000000000000000e+00 0.000000000000000000e+00 0.000000000000000000e+00
5.625000000000000139e-02 0.000000000000000000e+00 0.000000000000000000e+00 0.000000000000000000e+00 0.000000000000000000e+00
6.375000000000000111e-02 0.000000000000000000e+00 0.000000000000000000e+00 0.000000000000000000e+00 0.000000000000000000e+00
7.124999999999999389e-02 0.000000000000000000e+00 0.000000000000000000e+00 0.000000000000000000e+00 0.000000000000000000e+00
7.875000000000000056e-02 0.000000000000000000e+00 0.000000000000000000e+00 0.000000000000000000e+00 0.000000000000000000e+00
8.624999999999999334e-02 0.000000000000000000e+00 0.000000000000000000e+00 0.000000000000000000e+00 0.000000000000000000e+00
9.375000000000000000e-02 0.000000000000000000e+00 0.000000000000000000e+00 0.000000000000000000e+00 0.000000000000000000e+00
1.012500000000000067e-01 0.000000000000000000e+00 0.000000000000000000e+00 0.000000000000000000e+00 0.000000000000000000e+00
1.087499999999999994e-01 0.000000000000000000e+00 0.000000000000000000e+00 0.000000000000000000e+00 0.000000000000000000e+00
1.162500000000000061e-01 0.000000000000000000e+00 0.000000000000000000e+00 0.000000000000000000e+00 0.000000000000000000e+00
1.237499999999999989e-01 0.000000000000000000e+00 0.000000000000000000e+00 0.000000000000000000e+00 0.000000000000000000e+00
1.312500000000000056e-01 0.000000000000000000e+00 0.000000000000000000e+00 0.000000000000000000e+00 0.000000000000000000e+00
1.387500000000000122e-01 0.000000000000000000e+00 0.000000000000000000e+00 0.000000000000000000e+00 0.000000000000000000e+00
1.462499999999999911e-01 0.000000000000000000e+00 0.000000000000000000e+00 0.000000000000000000e+00 0.000000000000000000e+00
1.537499999999999978e-01 0.000000000000000000e+00 0.000000000000000000e+00 0.000000000000000000e+00 0.000000000000000000e+00
1.612500000000000044e-01 0.000000000000000000e+00 0.000000000000000000e+00 0.000000000000000000e+00 0.000000000000000000e+00
1.687500000000000111e-01 0.000000000000000000e+00 0.000000000000000000e+00 0.000000000000000000e+00 0.000000000000000000e+00
1.762499999999999900e-01 0.000000000000000000e+00 0.000000000000000000e+00 0.000000000000000000e+00 0.000000000000000000e+00
1.837499999999999967e-01 0.000000000000000000e+00 0.000000000000000000e+00 0.000000000000000000e+00 5.335000000000000115e-04
1.912500000000000033e-01 0.000000000000000000e+00 0.000000000000000000e+00 0.000000000000000000e+00 3.989724999999999522e-02
1.987500000000000100e-01 0.000000000000000000e+00 0.000000000000000000e+00 0.000000000000000000e+00 4.605555000000000065e-01
2.062499999999999889e-01 0.000000000000000000e+00 0.000000000000000000e+00 0.000000000000000000e+00 1.609466499999999911e+00
2.137499999999999956e-01 0.000000000000000000e+00 0.000000000000000000e+00 0.000000000000000000e+00 2.774169999999999803e+00
2.212500000000000022e-01 0.000000000000000000e+00 0.000000000000000000e+00 0.000000000000000000e+00 3.191035999999999984e+00
2.287500000000000089e-01 0.000000000000000000e+00 0.000000000000000000e+00 0.000000000000000000e+00 3.035147250000000074e+00
2.362499999999999878e-01 0.000000000000000000e+00 0.000000000000000000e+00 0.000000000000000000e+00 2.814777250000000119e+00
2.437499999999999944e-01 0.000000000000000000e+00 0.000000000000000000e+00 0.000000000000000000e+00 2.619238249999999990e+00
2.512499999999999734e-01 0.000000000000000000e+00 0.000000000000000000e+00 0.000000000000000000e+00 2.443769500000000150e+00
2.587499999999999800e-01 0.000000000000000000e+00 0.000000000000000000e+00 0.000000000000000000e+00 2.293256000000000405e+00
2.662499999999999867e-01 0.000000000000000000e+00 0.000000000000000000e+00 0.000000000000000000e+00 2.151942750000000348e+00
2.737499999999999933e-01 0.000000000000000000e+00 0.000000000000000000e+00 0.000000000000000000e+00 2.029579249999999835e+00
2.812500000000000000e-01 0.000000000000000000e+00 0.000000000000000000e+00 0.000000000000000000e+00 1.925950749999999934e+00
2.887500000000000067e-01 0.000000000000000000e+00 0.000000000000000000e+00 0.000000000000000000e+00 1.828694000000000042e+00
2.962500000000000133e-01 0.000000000000000000e+00 0.000000000000000000e+00 0.000000000000000000e+00 1.745605749999999956e+00
3.037500000000000200e-01 0.000000000000000000e+00 0.000000000000000000e+00 0.000000000000000000e+00 1.671338750000000095e+00
3.112500000000000266e-01 0.000000000000000000e+00 0.000000000000000000e+00 0.000000000000000000e+00 1.605883500000000019e+00
3.187499999999999778e-01 0.000000000000000000e+00 0.000000000000000000e+00 0.000000000000000000e+00 1.552987750000000222e+00
3.262499999999999845e-01 0.000000000000000000e+00 0.000000000000000000e+00 0.000000000000000000e+00 1.504539749999999954e+00
3.337499999999999911e-01 0.000000000000000000e+00 0.000000000000000000e+00 0.000000000000000000e+00 1.463343250000000095e+00
3.412499999999999978e-01 0.000000000000000000e+00 0.000000000000000000e+00 0.000000000000000000e+00 1.430702249999999953e+00
3.487500000000000044e-01 0.000000000000000000e+00 0.000000000000000000e+00 0.000000000000000000e+00 1.402937250000000136e+00
3.562500000000000111e-01 0.000000000000000000e+00 0.000000000000000000e+00 0.000000000000000000e+00 1.387407500000000127e+00
3.637500000000000178e-01 0.000000000000000000e+00 0.000000000000000000e+00 0.000000000000000000e+00 1.371078750000000124e+00
3.712500000000000244e-01 0.000000000000000000e+00 0.000000000000000000e+00 0.000000000000000000e+00 1.363295499999999993e+00
3.787499999999999756e-01 0.000000000000000000e+00 0.000000000000000000e+00 0.000000000000000000e+00 1.362170749999999986e+00
3.862499999999999822e-01 0.000000000000000000e+00 0.000000000000000000e+00 0.000000000000000000e+00 1.364279500000000089e+00
3.937499999999999889e-01 0.000000000000000000e+00 0.000000000000000000e+00 0.000000000000000000e+00 1.373421500000000073e+00
4.012499999999999956e-01 0.000000000000000000e+00 0.000000000000000000e+00 0.000000000000000000e+00 1.385954499999999978e+00
4.087500000000000022e-01 0.000000000000000000e+00 0.000000000000000000e+00 0.000000000000000000e+00 1.399100999999999928e+00
4.162500000000000089e-01 0.000000000000000000e+00 0.000000000000000000e+00 0.000000000000000000e+00 1.413562750000000090e+00
4.237500000000000155e-01 0.000000000000000000e+00 0.000000000000000000e+00 0.000000000000000000e+00 1.427083749999999984e+00
4.312500000000000222e-01 0.000000000000000000e+00 0.000000000000000000e+00 0.000000000000000000e+00 1.436870749999999974e+00
4.387499999999999734e-01 0.000000000000000000e+00 0.000000000000000000e+00 0.000000000000000000e+00 1.439004500000000242e+00
4.462499999999999800e-01 0.000000000000000000e+00 0.000000000000000000e+00 0.000000000000000000e+00 1.438660250000000085e+00
4.537499999999999867e-01 0.000000000000000000e+00 0.000000000000000000e+00 0.000000000000000000e+00 1.432251250000000198e+00
4.612499999999999933e-01 0.000000000000000000e+00 0.000000000000000000e+00 0.000000000000000000e+00 1.424875249999999927e+00
4.687500000000000000e-01 0.000000000000000000e+00 0.000000000000000000e+00 0.000000000000000000e+00 1.414277750000000111e+00
4.762500000000000067e-01 0.000000000000000000e+00 0.000000000000000000e+00 0.000000000000000000e+00 1.403361749999999963e+00
4.837500000000000133e-01 0.000000000000000000e+00 0.000000000000000000e+00 0.000000000000000000e+00 1.389446749999999842e+00
4.912500000000000200e-01 0.000000000000000000e+00 0.000000000000000000e+00 0.000000000000000000e+00 1.373542000000000041e+00
4.987500000000000266e-01 0.000000000000000000e+00 0.000000000000000000e+00 0.000000000000000000e+00 1.358138000000000289e+00
5.062499999999999778e-01 0.000000000000000000e+00 0.000000000000000000e+00 0.000000000000000000e+00 1.345815500000000053e+00
5.137500000000000400e-01 0.000000000000000000e+00 0.000000000000000000e+00 0.000000000000000000e+00 1.330579249999999991e+00
5.212499999999999911e-01 0.000000000000000000e+00 0.000000000000000000e+00 0.000000000000000000e+00 1.316264749999999983e+00
5.287500000000000533e-01 0.000000000000000000e+00 0.000000000000000000e+00 0.000000000000000000e+00 1.302852499999999969e+00
5.362500000000000044e-01 0.000000000000000000e+00 0.000000000000000000e+00 0.000000000000000000e+00 1.289307500000000051e+00
5.437499999999999556e-01 0.000000000000000000e+00 3.699999999999999811e-05 3.699999999999999811e-05 1.277637250000000169e+00
5.512500000000000178e-01 0.000000000000000000e+00 3.330000000000000169e-04 3.330000000000000169e-04 1.266448750000000123e+00
5.587499999999999689e-01 0.000000000000000000e+00 2.407750000000000168e-03 2.407750000000000168e-03 1.254925999999999986e+00
5.662500000000000311e-01 0.000000000000000000e+00 1.308624999999999892e-02 1.308624999999999892e-02 1.247153250000000213e+00
5.737499999999999822e-01 0.000000000000000000e+00 4.913350000000000356e-02 4.913350000000000356e-02 1.237970750000000120e+00
5.812500000000000444e-01 0.000000000000000000e+00 1.363922499999999927e-01 1.363922499999999927e-01 1.230082499999999968e+00
5.887499999999999956e-01 0.000000000000000000e+00 3.101320000000000188e-01 3.101320000000000188e-01 1.222350249999999861e+00
5.962499999999999467e-01 0.000000000000000000e+00 5.816915000000000280e-01 5.816915000000000280e-01 1.216996999999999884e+00
6.037500000000000089e-01 0.000000000000000000e+00 9.318759999999999266e-01 9.318759999999999266e-01 1.210215749999999924e+00
6.112499999999999600e-01 0.000000000000000000e+00 1.321284499999999973e+00 1.321284499999999973e+00 1.205010750000000019e+00
6.187500000000000222e-01 0.000000000000000000e+00 1.690532999999999841e+00 1.690532999999999841e+00 1.200077249999999873e+00
6.262499999999999734e-01 0.000000000000000000e+00 1.991769249999999936e+00 1.991769249999999936e+00 1.195600999999999914e+00
6.337500000000000355e-01 0.000000000000000000e+00 2.192979250000000047e+00 2.192979250000000047e+00 1.189896749999999948e+00
6.412499999999999867e-01 0.000000000000000000e+00 2.295443249999999935e+00 2.295443249999999935e+00 1.185238749999999897e+00
6.487500000000000488e-01 0.000000000000000000e+00 2.294642250000000328e+00 2.294642250000000328e+00 1.180150499999999880e+00
6.562500000000000000e-01 0.000000000000000000e+00 2.227768000000000193e+00 2.227768000000000193e+00 1.176471499999999892e+00
6.637499999999999512e-01 0.000000000000000000e+00 2.102148000000000128e+00 2.102148000000000128e+00 1.170352000000000059e+00
6.712500000000000133e-01 0.000000000000000000e+00 1.945848750000000127e+00 1.945848750000000127e+00 1.165377499999999955e+00
6.787499999999999645e-01 0.000000000000000000e+00 1.783523499999999817e+00 1.783523499999999817e+00 1.160190749999999937e+00
6.862500000000000266e-01 0.000000000000000000e+00 1.642347749999999884e+00 1.642347749999999884e+00 1.154391500000000015e+00
6.937499999999999778e-01 0.000000000000000000e+00 1.517905499999999908e+00 1.517905499999999908e+00 1.150138749999999987e+00
7.012500000000000400e-01 0.000000000000000000e+00 1.406156500000000253e+00 1.406156500000000253e+00 1.143509749999999991e+00
7.087499999999999911e-01 0.000000000000000000e+00 1.317780249999999986e+00 1.317780249999999986e+00 1.138630000000000031e+00
7.162500000000000533e-01 0.000000000000000000e+00 1.238693000000000044e+00 1.238693000000000044e+00 1.132268499999999900e+00
7.237500000000000044e-01 0.000000000000000000e+00 1.172746749999999949e+00 1.172746749999999949e+00 1.126893750000000027e+00
7.312499999999999556e-01 0.000000000000000000e+00 1.117290749999999999e+00 1.117290749999999999e+00 1.122651499999999913e+00
7.387500000000000178e-01 0.000000000000000000e+00 1.071622000000000074e+00 1.071622000000000074e+00 1.117008500000000071e+00
7.462499999999999689e-01 0.000000000000000000e+00 1.031130249999999915e+00 1.031130249999999915e+00 1.111826999999999899e+00
7.537500000000000311e-01 0.000000000000000000e+00 1.003902000000000072e+00 1.003902000000000072e+00 1.107499250000000046e+00
7.612499999999999822e-01 0.000000000000000000e+00 9.831832499999999531e-01 9.831832499999999531e-01 1.103122249999999971e+00
7.687500000000000444e-01 0.000000000000000000e+00 9.697424999999999518e-01 9.697424999999999518e-01 1.097582249999999870e+00
7.762499999999999956e-01 0.000000000000000000e+00 9.636512499999999593e-01 9.636512499999999593e-01 1.093847999999999931e+00
7.837499999999999467e-01 0.000000000000000000e+00 9.629037500000000582e-01 9.629037500000000582e-01 1.090185500000000030e+00
7.912500000000000089e-01 0.000000000000000000e+00 9.708999999999999853e-01 9.708999999999999853e-01 1.085292499999999993e+00
7.987499999999999600e-01 0.000000000000000000e+00 9.841607500000000286e-01 9.841607500000000286e-01 1.082537000000000083e+00
8.062500000000000222e-01 0.000000000000000000e+00 1.000014999999999876e+00 1.000014999999999876e+00 1.077183250000000037e+00
8.137499999999999734e-01 0.000000000000000000e+00 1.016573750000000054e+00 1.016573750000000054e+00 1.074540750000000155e+00
8.212500000000000355e-01 0.000000000000000000e+00 1.037544749999999905e+00 1.037544749999999905e+00 1.071686750000000021e+00
8.287499999999999867e-01 0.000000000000000000e+00 1.055862249999999891e+00 1.055862249999999891e+00 1.067632500000000206e+00
8.362500000000000488e-01 0.000000000000000000e+00 1.070640249999999849e+00 1.070640249999999849e+00 1.064957999999999849e+00
8.437500000000000000e-01 0.000000000000000000e+00 1.083113750000000097e+00 1.083113750000000097e+00 1.061810249999999956e+00
8.512499999999999512e-01 0.000000000000000000e+00 1.091674750000000138e+00 1.091674750000000138e+00 1.058805500000000066e+00
8.587500000000000133e-01 0.000000000000000000e+00 1.096445999999999810e+00 1.096445999999999810e+00 1.056171500000000041e+00
8.662499999999999645e-01 0.000000000000000000e+00 1.093883999999999856e+00 1.093883999999999856e+00 1.054484250000000012e+00
8.737500000000000266e-01 0.000000000000000000e+00 1.087157750000000034e+00 1.087157750000000034e+00 1.051352249999999877e+00
8.812499999999999778e-01 1.100000000000000039e-04 1.081985499999999822e+00 1.081985499999999822e+00 1.049352499999999910e+00
8.887500000000000400e-01 3.239999999999999608e-04 1.069362750000000029e+00 1.069362750000000029e+00 1.046822750000000024e+00
8.962499999999999911e-01 1.275749999999999974e-03 1.054791999999999952e+00 1.054791999999999952e+00 1.044219000000000008e+00
9.037500000000000533e-01 9.723500000000001239e-03 1.042942000000000036e+00 1.042942000000000036e+00 1.042022000000000226e+00
9.112500000000000044e-01 3.434924999999999784e-02 1.026763499999999940e+00 1.026763499999999940e+00 1.040242000000000111e+00
9.187499999999999556e-01 1.007645000000000068e-01 1.014840249999999999e+00 1.014840249999999999e+00 1.037952750000000091e+00
9.262500000000000178e-01 2.402830000000000243e-01 1.001338249999999874e+00 1.001338249999999874e+00 1.036500999999999895e+00
9.337499999999999689e-01 5.212622500000000381e-01 9.869477500000000125e-01 9.869477500000000125e-01 1.033976500000000076e+00
9.412500000000000311e-01 9.925297500000000994e-01 9.748904999999998822e-01 9.748904999999998822e-01 1.032200499999999854e+00
9.487499999999999822e-01 1.587023249999999885e+00 9.632657499999999207e-01 9.632657499999999207e-01 1.031311249999999902e+00
9.562500000000000444e-01 2.360057000000000293e+00 9.537482499999999641e-01 9.537482499999999641e-01 1.029716250000000111e+00
9.637499999999999956e-01 3.191492250000000030e+00 9.447202500000000391e-01 9.447202500000000391e-01 1.027732749999999973e+00
9.712499999999999467e-01 4.050023250000000630e+00 9.399314999999999198e-01 9.399314999999999198e-01 1.026556750000000129e+00
9.787500000000000089e-01 4.673809750000000207e+00 9.304109999999999880e-01 9.304109999999999880e-01 1.025553249999999972e+00
9.862499999999999600e-01 5.170853000000000144e+00 9.248099999999999099e-01 9.248099999999999099e-01 1.023984749999999888e+00
9.937500000000000222e-01 5.391953499999999622e+00 9.235089999999999133e-01 9.235089999999999133e-01 1.023200250000000144e+00
1.001249999999999973e+00 5.419321000000000055e+00 9.206569999999999476e-01 9.206569999999999476e-01 1.022284750000000075e+00
1.008750000000000036e+00 5.240092499999999376e+00 9.191829999999999723e-01 9.191829999999999723e-01 1.021409749999999894e+00
1.016250000000000098e+00 4.964748000000000161e+00 9.153280000000000305e-01 9.153280000000000305e-01 1.021036749999999937e+00
1.023749999999999938e+00 4.499614750000000107e+00 9.159077499999999095e-01 9.159077499999999095e-01 1.020009250000000200e+00
1.031250000000000000e+00 4.060126499999999972e+00 9.124425000000000452e-01 9.124425000000000452e-01 1.019975500000000146e+00
1.038750000000000062e+00 3.583508249999999951e+00 9.132164999999999866e-01 9.132164999999999866e-01 1.019439750000000089e+00
1.046249999999999902e+00 3.121572500000000083e+00 9.114392500000000341e-01 9.114392500000000341e-01 1.019082499999999891e+00
1.053749999999999964e+00 2.700603249999999900e+00 9.122542500000000443e-01 9.122542500000000443e-01 1.019109249999999856e+00
1.061250000000000027e+00 2.318856000000000250e+00 9.117235000000000200e-01 9.117235000000000200e-01 1.018877000000000033e+00
1.068750000000000089e+00 1.980342500000000117e+00 9.127607500000000096e-01 9.127607500000000096e-01 1.019027499999999975e+00
1.076249999999999929e+00 1.717432749999999952e+00 9.106115000000000181e-01 9.106115000000000181e-01 1.019247750000000119e+00
1.083749999999999991e+00 1.450461750000000105e+00 9.107695000000000096e-01 9.107695000000000096e-01 1.019201999999999941e+00
1.091250000000000053e+00 1.239693749999999817e+00 9.069117500000001275e-01 9.069117500000001275e-01 1.019188750000000088e+00
1.098749999999999893e+00 1.069753500000000024e+00 9.079412500000000330e-01 9.079412500000000330e-01 1.020208250000000039e+00
1.106249999999999956e+00 9.287150000000000682e-01 9.042625000000000801e-01 9.042625000000000801e-01 1.020365500000000036e+00
1.113750000000000018e+00 8.075437500000000046e-01 9.038377499999999953e-01 9.038377499999999953e-01 1.020428749999999996e+00
1.121250000000000080e+00 7.202237500000000514e-01 9.052869999999999528e-01 9.052869999999999528e-01 1.021504749999999850e+00
1.128749999999999920e+00 6.352122500000000338e-01 9.023242500000000499e-01 9.023242500000000499e-01 1.022172999999999998e+00
1.136249999999999982e+00 5.882260000000000266e-01 9.009719999999999951e-01 9.009719999999999951e-01 1.022932750000000057e+00
1.143750000000000044e+00 5.567092500000000443e-01 8.994625000000000536e-01 8.994625000000000536e-01 1.024287500000000017e+00
1.151250000000000107e+00 5.105624999999999192e-01 8.963744999999999630e-01 8.963744999999999630e-01 1.025029250000000003e+00
1.158749999999999947e+00 4.889009999999999745e-01 8.961807499999999704e-01 8.961807499999999704e-01 1.026746249999999971e+00
1.166250000000000009e+00 4.848310000000000120e-01 8.946507499999999391e-01 8.946507499999999391e-01 1.027430249999999878e+00
1.173750000000000071e+00 4.816917500000000296e-01 8.958260000000001222e-01 8.958260000000001222e-01 1.028709000000000096e+00
1.181249999999999911e+00 4.881407500000000121e-01 8.962602500000000916e-01 8.962602500000000916e-01 1.029986499999999916e+00
1.188749999999999973e+00 5.039374999999999272e-01 8.979415000000000591e-01 8.979415000000000591e-01 1.031538249999999879e+00
1.196250000000000036e+00 5.150042500000000523e-01 8.997832500000000344e-01 8.997832500000000344e-01 1.033290250000000077e+00
1.203750000000000098e+00 5.559899999999999842e-01 8.971047500000000063e-01 8.971047500000000063e-01 1.034346250000000023e+00
1.211249999999999938e+00 5.814310000000000311e-01 8.992817500000001019e-01 8.992817500000001019e-01 1.035880499999999982e+00
1.218750000000000000e+00 6.206939999999999680e-01 9.028169999999999806e-01 9.028169999999999806e-01 1.037565499999999918e+00
1.226250000000000062e+00 6.622494999999999354e-01 9.047827499999999690e-01 9.047827499999999690e-01 1.039143750000000033e+00
1.233749999999999902e+00 6.996097500000000302e-01 9.054735000000000422e-01 9.054735000000000422e-01 1.039706000000000241e+00
1.241249999999999964e+00 7.501004999999999479e-01 9.088659999999999517e-01 9.088659999999999517e-01 1.040762999999999883e+00
1.248750000000000027e+00 7.778089999999999726e-01 9.094762499999999861e-01 9.094762499999999861e-01 1.041348249999999975e+00
1.256250000000000089e+00 8.026394999999999502e-01 9.103122499999999340e-01 9.103122499999999340e-01 1.041147249999999858e+00
1.263749999999999929e+00 8.343142499999999240e-01 9.136542500000000011e-01 9.136542500000000011e-01 1.040800250000000204e+00
1.271249999999999991e+00 8.335875000000000368e-01 9.172544999999999726e-01 9.172544999999999726e-01 1.040876250000000169e+00
1.278750000000000053e+00 8.527180000000000870e-01 9.187849999999999628e-01 9.187849999999999628e-01 1.039255499999999888e+00
1.286249999999999893e+00 8.450225000000000097e-01 9.217649999999999455e-01 9.217649999999999455e-01 1.039422999999999764e+00
1.293749999999999956e+00 8.272435000000000205e-01 9.234352499999999297e-01 9.234352499999999297e-01 1.037949999999999928e+00
1.301250000000000018e+00 8.412372499999999365e-01 9.254890000000000061e-01 9.254890000000000061e-01 1.036360999999999866e+00
1.308750000000000080e+00 8.239952499999999569e-01 9.280522500000000230e-01 9.280522500000000230e-01 1.035233250000000105e+00
1.316249999999999920e+00 8.077307499999999418e-01 9.304197499999999899e-01 9.304197499999999899e-01 1.033620749999999866e+00
1.323749999999999982e+00 7.899294999999999511e-01 9.329557500000000836e-01 9.329557500000000836e-01 1.032611999999999863e+00
1.331250000000000044e+00 7.751270000000000104e-01 9.341219999999998969e-01 9.341219999999998969e-01 1.031466250000000029e+00
1.338750000000000107e+00 7.603672500000000500e-01 9.374415000000000386e-01 9.374415000000000386e-01 1.030330999999999886e+00
1.346249999999999947e+00 7.462174999999999780e-01 9.388229999999999631e-01 9.388229999999999631e-01 1.028872999999999927e+00
1.353750000000000009e+00 7.368537499999999740e-01 9.420927499999999233e-01 9.420927499999999233e-01 1.028185249999999940e+00
1.361250000000000071e+00 7.288490000000000801e-01 9.445232500000000364e-01 9.445232500000000364e-01 1.026877000000000040e+00
1.368749999999999911e+00 7.229802499999999910e-01 9.479420000000000623e-01 9.479420000000000623e-01 1.026688250000000080e+00
1.376249999999999973e+00 7.217495000000000438e-01 9.500170000000000003e-01 9.500170000000000003e-01 1.025556749999999795e+00
1.383750000000000036e+00 7.140357499999999691e-01 9.545325000000001170e-01 9.545325000000001170e-01 1.024901250000000097e+00
1.391250000000000098e+00 7.186677499999999386e-01 9.574502499999999472e-01 9.574502499999999472e-01 1.024004750000000019e+00
1.398749999999999938e+00 7.194492499999999291e-01 9.597492499999999982e-01 9.597492499999999982e-01 1.023545249999999962e+00
1.406250000000000000e+00 7.183162499999999895e-01 9.619937499999999808e-01 9.619937499999999808e-01 1.023405750000000003e+00
1.413750000000000062e+00 7.186194999999999666e-01 9.664355000000000029e-01 9.664355000000000029e-01 1.022873499999999991e+00
1.421249999999999902e+00 7.191299999999999359e-01 9.722505000000000175e-01 9.722505000000000175e-01 1.022618249999999840e+00
1.428749999999999964e+00 7.234390000000000542e-01 9.751309999999999700e-01 9.751309999999999700e-01 1.021919750000000127e+00
1.436250000000000027e+00 7.367682500000000134e-01 9.793425000000000047e-01 9.793425000000000047e-01 1.021381250000000129e+00
1.443750000000000089e+00 7.549032500000000256e-01 9.827427499999999982e-01 9.827427499999999982e-01 1.021278750000000013e+00
1.451249999999999929e+00 7.574195000000000233e-01 9.871852499999999031e-01 9.871852499999999031e-01 1.020312249999999921e+00
1.458749999999999991e+00 7.582794999999999952e-01 9.922727499999999257e-01 9.922727499999999257e-01 1.020173750000000101e+00
1.466250000000000053e+00 7.825577499999999409e-01 9.958802499999999114e-01 9.958802499999999114e-01 1.019661750000000033e+00
1.473749999999999893e+00 7.763432500000000402e-01 1.001127250000000135e+00 1.001127250000000135e+00 1.019000249999999941e+00
1.481249999999999956e+00 7.952792500000001041e-01 1.003608250000000091e+00 1.003608250000000091e+00 1.018294000000000032e+00
1.488750000000000018e+00 7.907157500000000505e-01 1.009085499999999858e+00 1.009085499999999858e+00 1.017443000000000097e+00
1.496250000000000080e+00 7.948242500000000099e-01 1.015607499999999774e+00 1.015607499999999774e+00 1.016919249999999941e+00
1.503749999999999920e+00 8.025502500000000206e-01 1.020534250000000087e+00 1.020534250000000087e+00 1.015653499999999987e+00
1.511249999999999982e+00 8.100469999999999615e-01 1.024499000000000049e+00 1.024499000000000049e+00 1.015473249999999883e+00
1.518750000000000044e+00 8.176532499999999981e-01 1.030647000000000091e+00 1.030647000000000091e+00 1.014704000000000050e+00
1.526250000000000107e+00 8.206714999999998872e-01 1.034431250000000135e+00 1.034431250000000135e+00 1.013878749999999940e+00
1.533749999999999947e+00 8.224304999999999533e-01 1.040003500000000081e+00 1.040003500000000081e+00 1.012620499999999923e+00
1.541250000000000009e+00 8.319532499999999775e-01 1.046013499999999929e+00 1.046013499999999929e+00 1.012340499999999865e+00
1.548750000000000071e+00 8.296829999999999483e-01 1.051534250000000004e+00 1.051534250000000004e+00 1.011378499999999958e+00
1.556249999999999911e+00 8.431079999999999686e-01 1.055385250000000052e+00 1.055385250000000052e+00 1.010514000000000134e+00
1.563749999999999973e+00 8.393007500000000398e-01 1.059444999999999970e+00 1.059444999999999970e+00 1.009918749999999976e+00
1.571250000000000036e+00 8.503322500000001227e-01 1.065094999999999903e+00 1.065094999999999903e+00 1.009042000000000217e+00
1.578750000000000098e+00 8.565595000000000292e-01 1.068628499999999981e+00 1.068628499999999981e+00 1.008763749999999959e+00
1.586249999999999938e+00 8.576427500000001203e-01 1.069138500000000214e+00 1.069138500000000214e+00 1.007590749999999868e+00
1.593750000000000000e+00 8.670384999999999343e-01 1.070534499999999944e+00 1.070534499999999944e+00 1.007419999999999982e+00
1.601250000000000062e+00 8.937072499999999531e-01 1.074324749999999939e+00 1.074324749999999939e+00 1.006918499999999828e+00
1.608749999999999902e+00 8.901455000000000339e-01 1.073291749999999878e+00 1.073291749999999878e+00 1.006079500000000015e+00
1.616249999999999964e+00 8.945874999999999799e-01 1.071093500000000143e+00 1.071093500000000143e+00 1.005560250000000044e+00
1.623750000000000027e+00 9.154609999999999692e-01 1.068685250000000142e+00 1.068685250000000142e+00 1.004932249999999971e+00
1.631250000000000089e+00 9.184869999999999424e-01 1.065890500000000074e+00 1.065890500000000074e+00 1.004582749999999969e+00
1.638749999999999929e+00 9.411034999999999817e-01 1.061426749999999863e+00 1.061426749999999863e+00 1.004326750000000157e+00
1.646249999999999991e+00 9.631445000000000700e-01 1.058024500000000145e+00 1.058024500000000145e+00 1.004024250000000062e+00
1.653750000000000053e+00 9.706964999999999621e-01 1.053204249999999842e+00 1.053204249999999842e+00 1.003448750000000000e+00
1.661249999999999893e+00 9.957422500000000509e-01 1.047352000000000061e+00 1.047352000000000061e+00 1.003055000000000030e+00
1.668749999999999956e+00 1.001531749999999832e+00 1.042028249999999989e+00 1.042028249999999989e+00 1.002582749999999967e+00
1.676250000000000018e+00 1.019881999999999955e+00 1.037423750000000089e+00 1.037423750000000089e+00 1.002378750000000096e+00
1.683750000000000080e+00 1.026118500000000155e+00 1.029618750000000027e+00 1.029618750000000027e+00 1.001921250000000096e+00
1.691249999999999920e+00 1.044804000000000066e+00 1.025538249999999874e+00 1.025538249999999874e+00 1.001454749999999949e+00
1.698749999999999982e+00 1.059568749999999948e+00 1.021641000000000021e+00 1.021641000000000021e+00 1.001262000000000096e+00
1.706250000000000044e+00 1.072098250000000030e+00 1.019219249999999910e+00 1.019219249999999910e+00 1.000583500000000070e+00
1.713750000000000107e+00 1.089863999999999944e+00 1.013161999999999896e+00 1.013161999999999896e+00 1.000897499999999996e+00
1.721249999999999947e+00 1.089149249999999958e+00 1.010412000000000088e+00 1.010412000000000088e+00 1.000147499999999967e+00
1.728750000000000009e+00 1.101721750000000055e+00 1.007057499999999939e+00 1.007057499999999939e+00 1.000117749999999806e+00
1.736250000000000071e+00 1.099873000000000101e+00 1.006484750000000039e+00 1.006484750000000039e+00 1.000051000000000023e+00
1.743749999999999911e+00 1.107591999999999910e+00 1.003124000000000127e+00 1.003124000000000127e+00 9.999252500000000987e-01
1.751249999999999973e+00 1.099546000000000134e+00 1.000324999999999909e+00 1.000324999999999909e+00 9.996924999999999839e-01
1.758750000000000036e+00 1.100126750000000042e+00 9.994722499999999510e-01 9.994722499999999510e-01 9.993447500000000039e-01
1.766250000000000098e+00 1.098961500000000147e+00 9.969149999999999956e-01 9.969149999999999956e-01 9.993090000000000028e-01
1.773749999999999938e+00 1.114469000000000154e+00 9.967334999999999390e-01 9.967334999999999390e-01 9.988044999999999840e-01
1.781250000000000000e+00 1.098590500000000025e+00 9.967829999999999746e-01 9.967829999999999746e-01 9.986987500000000795e-01
1.788750000000000062e+00 1.101888250000000014e+00 9.953712500000000407e-01 9.953712500000000407e-01 9.986847500000000100e-01
1.796249999999999902e+00 1.097205250000000021e+00 9.947942499999999910e-01 9.947942499999999910e-01 9.990597499999999132e-01
1.803749999999999964e+00 1.100357499999999877e+00 9.945479999999999876e-01 9.945479999999999876e-01 9.986319999999999641e-01
1.811250000000000027e+00 1.109771499999999911e+00 9.943395000000000428e-01 9.943395000000000428e-01 9.987064999999999415e-01
1.818750000000000089e+00 1.112616749999999932e+00 9.940970000000000084e-01 9.940970000000000084e-01 9.983890000000000819e-01
1.826249999999999929e+00 1.117579500000000170e+00 9.936620000000000452e-01 9.936620000000000452e-01 9.985074999999999923e-01
1.833749999999999991e+00 1.113485000000000058e+00 9.929877499999999468e-01 9.929877499999999468e-01 9.984174999999999578e-01
1.841250000000000053e+00 1.132417749999999890e+00 9.929590000000000360e-01 9.929590000000000360e-01 9.984362500000000251e-01
1.848749999999999893e+00 1.135366250000000132e+00 9.913790000000000102e-01 9.913790000000000102e-01 9.985279999999999712e-01
1.856249999999999956e+00 1.139197250000000050e+00 9.907017499999999366e-01 9.907017499999999366e-01 9.986492500000000438e-01
1.863750000000000018e+00 1.161220750000000024e+00 9.905792500000000222e-01 9.905792500000000222e-01 9.985367499999998619e-01
1.871250000000000080e+00 1.165612749999999975e+00 9.886172500000000030e-01 9.886172500000000030e-01 9.984132500000000299e-01
1.878749999999999920e+00 1.180470499999999978e+00 9.893042499999999961e-01 9.893042499999999961e-01 9.988645000000000440e-01
1.886249999999999982e+00 1.182262499999999994e+00 9.871750000000000247e-01 9.871750000000000247e-01 9.988957499999999712e-01
1.893750000000000044e+00 1.193443000000000032e+00 9.859280000000000266e-01 9.859280000000000266e-01 9.982752500000000584e-01
1.901250000000000107e+00 1.206489250000000180e+00 9.846322499999999867e-01 9.846322499999999867e-01 9.988060000000000827e-01
1.908749999999999947e+00 1.225622500000000059e+00 9.850437499999999957e-01 9.850437499999999957e-01 9.986044999999998950e-01
1.916250000000000009e+00 1.225652500000000034e+00 9.829427499999999762e-01 9.829427499999999762e-01 9.990047499999999969e-01
1.923750000000000071e+00 1.232059500000000085e+00 9.828545000000000753e-01 9.828545000000000753e-01 9.988934999999999897e-01
1.931249999999999911e+00 1.237322499999999881e+00 9.835959999999999148e-01 9.835959999999999148e-01 9.991209999999999258e-01
1.938749999999999973e+00 1.233834249999999910e+00 9.810324999999999740e-01 9.810324999999999740e-01 9.994520000000000071e-01
1.946250000000000036e+00 1.239470999999999989e+00 9.808584999999999665e-01 9.808584999999999665e-01 9.995020000000000016e-01
1.953750000000000098e+00 1.230062250000000024e+00 9.805250000000000909e-01 9.805250000000000909e-01 9.994987499999999914e-01
1.961249999999999938e+00 1.224402500000000060e+00 9.798332499999999889e-01 9.798332499999999889e-01 9.996655000000000957e-01
1.968750000000000000e+00 1.215796499999999947e+00 9.798580000000000068e-01 9.798580000000000068e-01 9.997502499999999515e-01
1.976250000000000062e+00 1.195041000000000020e+00 9.791267500000000457e-01 9.791267500000000457e-01 1.000026749999999964e+00
1.983749999999999902e+00 1.185067000000000093e+00 9.803237499999999383e-01 9.803237499999999383e-01 1.000094749999999921e+00
1.991249999999999964e+00 1.171009500000000036e+00 9.779719999999999525e-01 9.779719999999999525e-01 1.000314499999999995e+00
1.998750000000000027e+00 1.133529750000000114e+00 9.787529999999999841e-01 9.787529999999999841e-01 1.000436750000000208e+00
2.006250000000000089e+00 1.122270249999999914e+00 9.789662500000000378e-01 9.789662500000000378e-01 1.000390000000000112e+00
2.013749999999999929e+00 1.094972999999999974e+00 9.792064999999999797e-01 9.792064999999999797e-01 1.000616250000000207e+00
2.021250000000000213e+00 1.071331499999999881e+00 9.795340000000000158e-01 9.795340000000000158e-01 1.000773499999999983e+00
2.028750000000000053e+00 1.045706000000000024e+00 9.798302500000000137e-01 9.798302500000000137e-01 1.000786750000000058e+00
2.036249999999999893e+00 1.024443749999999875e+00 9.803714999999999513e-01 9.803714999999999513e-01 1.001166750000000105e+00
2.043750000000000178e+00 1.006839249999999852e+00 9.804347499999999105e-01 9.804347499999999105e-01 1.001567749999999979e+00
2.051250000000000018e+00 9.876777499999999099e-01 9.808634999999999993e-01 9.808634999999999993e-01 1.001462999999999992e+00
2.058749999999999858e+00 9.621797500000000003e-01 9.817782499999999635e-01 9.817782499999999635e-01 1.001733250000000019e+00
2.066250000000000142e+00 9.474270000000000191e-01 9.822139999999999205e-01 9.822139999999999205e-01 1.001902999999999988e+00
2.073749999999999982e+00 9.259707499999999536e-01 9.817302500000000265e-01 9.817302500000000265e-01 1.001938250000000252e+00
2.081249999999999822e+00 9.205119999999998859e-01 9.832537500000000374e-01 9.832537500000000374e-01 1.002343750000000089e+00
2.088750000000000107e+00 9.035782500000000272e-01 9.832445000000000768e-01 9.832445000000000768e-01 1.002183999999999964e+00
2.096249999999999947e+00 8.989312499999999595e-01 9.839175000000000004e-01 9.839175000000000004e-01 1.002621749999999867e+00
2.103749999999999787e+00 8.941542500000000393e-01 9.846462499999999451e-01 9.846462499999999451e-01 1.002255750000000001e+00
2.111250000000000071e+00 8.912037499999998502e-01 9.851860000000000062e-01 9.851860000000000062e-01 1.002683500000000061e+00
2.118749999999999911e+00 8.898897499999999239e-01 9.859070000000000888e-01 9.859070000000000888e-01 1.002765249999999941e+00
2.126250000000000195e+00 8.903472500000000345e-01 9.862564999999999804e-01 9.862564999999999804e-01 1.002938499999999955e+00
2.133750000000000036e+00 8.880007500000000054e-01 9.883559999999999013e-01 9.883559999999999013e-01 1.002959500000000004e+00
2.141249999999999876e+00 8.819772500000000459e-01 9.878442499999999793e-01 9.878442499999999793e-01 1.002897000000000149e+00
2.148750000000000160e+00 8.902765000000001372e-01 9.885612500000000580e-01 9.885612500000000580e-01 1.003123500000000057e+00
2.156250000000000000e+00 8.879695000000000782e-01 9.899102499999999916e-01 9.899102499999999916e-01 1.002891500000000047e+00
2.163749999999999840e+00 8.940452500000000136e-01 9.909652499999999087e-01 9.909652499999999087e-01 1.002996499999999847e+00
2.171250000000000124e+00 8.967194999999998917e-01 9.905427500000000274e-01 9.905427500000000274e-01 1.003426000000000151e+00
2.178749999999999964e+00 9.029692500000000566e-01 9.914494999999999836e-01 9.914494999999999836e-01 1.003256499999999996e+00
2.186249999999999805e+00 9.025380000000000624e-01 9.918897499999999035e-01 9.918897499999999035e-01 1.003146249999999906e+00
2.193750000000000089e+00 9.004407499999999009e-01 9.938599999999999657e-01 9.938599999999999657e-01 1.003252249999999846e+00
2.201249999999999929e+00 9.156935000000000491e-01 9.936825000000000241e-01 9.936825000000000241e-01 1.003072749999999846e+00
2.208750000000000213e+00 9.154542499999999139e-01 9.940729999999999844e-01 9.940729999999999844e-01 1.002943499999999988e+00
2.216250000000000053e+00 9.163624999999999687e-01 9.963620000000000809e-01 9.963620000000000809e-01 1.002971749999999940e+00
2.223749999999999893e+00 9.286350000000000993e-01 9.958122500000000654e-01 9.958122500000000654e-01 1.002736000000000072e+00
2.231250000000000178e+00 9.260564999999999491e-01 9.969307499999999767e-01 9.969307499999999767e-01 1.002709999999999990e+00
2.238750000000000018e+00 9.302724999999999467e-01 9.983262500000000816e-01 9.983262500000000816e-01 1.002780999999999922e+00
2.246249999999999858e+00 9.306544999999999401e-01 9.990669999999999273e-01 9.990669999999999273e-01 1.002479500000000190e+00
2.253750000000000142e+00 9.275980000000000336e-01 9.998832500000000012e-01 9.998832500000000012e-01 1.002379750000000014e+00
2.261249999999999982e+00 9.285029999999999673e-01 1.000251250000000036e+00 1.000251250000000036e+00 1.001985499999999973e+00
2.268749999999999822e+00 9.348834999999999784e-01 1.001855249999999975e+00 1.001855249999999975e+00 1.002190750000000019e+00
2.276250000000000107e+00 9.345019999999999438e-01 1.001399499999999998e+00 1.001399499999999998e+00 1.001986249999999856e+00
2.283749999999999947e+00 9.363317500000000182e-01 1.003261500000000028e+00 1.003261500000000028e+00 1.001725749999999859e+00
2.291249999999999787e+00 9.435019999999999518e-01 1.002054499999999848e+00 1.002054499999999848e+00 1.001697749999999942e+00
2.298750000000000071e+00 9.366602499999999720e-01 1.003616000000000064e+00 1.003616000000000064e+00 1.001308249999999900e+00
2.306249999999999911e+00 9.349935000000000329e-01 1.005265999999999993e+00 1.005265999999999993e+00 1.001254000000000088e+00
2.313750000000000195e+00 9.377310000000000922e-01 1.004972499999999824e+00 1.004972499999999824e+00 1.000763499999999917e+00
2.321250000000000036e+00 9.474037499999999890e-01 1.005608500000000127e+00 1.005608500000000127e+00 1.000978249999999958e+00
2.328749999999999876e+00 9.454367499999998259e-01 1.006695000000000118e+00 1.006695000000000118e+00 1.000551250000000003e+00
2.336250000000000160e+00 9.430375000000000840e-01 1.006337250000000072e+00 1.006337250000000072e+00 1.000440999999999914e+00
2.343750000000000000e+00 9.477077499999999599e-01 1.007991250000000116e+00 1.007991250000000116e+00 1.000474249999999898e+00
2.351249999999999840e+00 9.434939999999999438e-01 1.007740249999999893e+00 1.007740249999999893e+00 1.000440750000000101e+00
2.358750000000000124e+00 9.452855000000000008e-01 1.007999499999999937e+00 1.007999499999999937e+00 1.000138500000000041e+00
2.366249999999999964e+00 9.509092500000000392e-01 1.008512000000000075e+00 1.008512000000000075e+00 1.000203249999999988e+00
2.373749999999999805e+00 9.488959999999999617e-01 1.009178750000000013e+00 1.009178750000000013e+00 1.000023499999999954e+00
2.381250000000000089e+00 9.558044999999999458e-01 1.008964250000000007e+00 1.008964250000000007e+00 9.999007500000001158e-01
2.388749999999999929e+00 9.596295000000000242e-01 1.009220000000000006e+00 1.009220000000000006e+00 9.997802500000000370e-01
2.396250000000000213e+00 9.437717500000000204e-01 1.009444999999999926e+00 1.009444999999999926e+00 9.997135000000000327e-01
2.403750000000000053e+00 9.720177500000000137e-01 1.010063500000000003e+00 1.010063500000000003e+00 9.995775000000000077e-01
2.411249999999999893e+00 9.646144999999999303e-01 1.011369000000000185e+00 1.011369000000000185e+00 9.994322499999999110e-01
2.418750000000000178e+00 9.689324999999999743e-01 1.010549249999999954e+00 1.010549249999999954e+00 9.995722500000001620e-01
2.426250000000000018e+00 9.684639999999999915e-01 1.010422750000000036e+00 1.010422750000000036e+00 9.993524999999999769e-01
2.433749999999999858e+00 9.733465000000000034e-01 1.011071999999999971e+00 1.011071999999999971e+00 9.990342500000000125e-01
2.441250000000000142e+00 9.810307500000001735e-01 1.011619749999999929e+00 1.011619749999999929e+00 9.988932499999999548e-01
2.448749999999999982e+00 9.777222500000000149e-01 1.011933250000000006e+00 1.011933250000000006e+00 9.987939999999999596e-01
2.456249999999999822e+00 9.886610000000000120e-01 1.012352000000000141e+00 1.012352000000000141e+00 9.987477499999999342e-01
2.463750000000000107e+00 9.878422500000000328e-01 1.012003750000000091e+00 1.012003750000000091e+00 9.984247500000000830e-01
2.471249999999999947e+00 9.939512499999999529e-01 1.011404999999999887e+00 1.011404999999999887e+00 9.983759999999999302e-01
2.478749999999999787e+00 9.967572500000000391e-01 1.011268250000000091e+00 1.011268250000000091e+00 9.982580000000000897e-01
2.486250000000000071e+00 9.951457500000000511e-01 1.011706250000000029e+00 1.011706250000000029e+00 9.983975000000000488e-01
2.493749999999999911e+00 1.007940500000000128e+00 1.011062250000000162e+00 1.011062250000000162e+00 9.983925000000000161e-01
2.501250000000000195e+00 1.002874250000000078e+00 1.011029750000000060e+00 1.011029750000000060e+00 9.982035000000000213e-01
2.508750000000000036e+00 1.005693249999999983e+00 1.011093999999999937e+00 1.011093999999999937e+00 9.979967499999999880e-01
2.516249999999999876e+00 1.008352499999999985e+00 1.011395750000000149e+00 1.011395750000000149e+00 9.980225000000000346e-01
2.523750000000000160e+00 1.010117750000000036e+00 1.011571500000000068e+00 1.011571500000000068e+00 9.980052500000000659e-01
2.531250000000000000e+00 1.009365499999999916e+00 1.010702500000000059e+00 1.010702500000000059e+00 9.978449999999999820e-01
2.538749999999999840e+00 1.014499999999999957e+00 1.009581499999999910e+00 1.009581499999999910e+00 9.979560000000000652e-01
2.546250000000000124e+00 1.020848500000000048e+00 1.009813999999999989e+00 1.009813999999999989e+00 9.975957500000000033e-01
2.553749999999999964e+00 1.019012000000000029e+00 1.010063000000000155e+00 1.010063000000000155e+00 9.979362499999999692e-01
2.561249999999999805e+00 1.021761750000000024e+00 1.008565999999999852e+00 1.008565999999999852e+00 9.980712500000000764e-01
2.568750000000000089e+00 1.026325750000000037e+00 1.009116000000000124e+00 1.009116000000000124e+00 9.976767499999998901e-01
2.576249999999999929e+00 1.023614000000000024e+00 1.008577999999999975e+00 1.008577999999999975e+00 9.976242500000001012e-01
2.583750000000000213e+00 1.029500000000000082e+00 1.006954249999999940e+00 1.006954249999999940e+00 9.979817500000001118e-01
2.591250000000000053e+00 1.028891000000000000e+00 1.006559750000000086e+00 1.006559750000000086e+00 9.978132499999998739e-01
2.598749999999999893e+00 1.024945999999999913e+00 1.006376500000000007e+00 1.006376500000000007e+00 9.976279999999999593e-01
2.606250000000000178e+00 1.028384250000000000e+00 1.005470749999999969e+00 1.005470749999999969e+00 9.978197500000000053e-01
2.613750000000000018e+00 1.033528499999999850e+00 1.003844249999999994e+00 1.003844249999999994e+00 9.974560000000000093e-01
2.621249999999999858e+00 1.035241499999999926e+00 1.003459250000000136e+00 1.003459250000000136e+00 9.976142500000000357e-01
2.628750000000000142e+00 1.041774750000000083e+00 1.003701999999999872e+00 1.003701999999999872e+00 9.979664999999999786e-01
2.636249999999999982e+00 1.039234749999999874e+00 1.002341000000000149e+00 1.002341000000000149e+00 9.975395000000000234e-01
2.643749999999999822e+00 1.040054749999999917e+00 1.002117249999999959e+00 1.002117249999999959e+00 9.974574999999999969e-01
2.651250000000000107e+00 1.045185499999999879e+00 1.000840500000000022e+00 1.000840500000000022e+00 9.976357500000000433e-01
2.658749999999999947e+00 1.043187249999999899e+00 1.001178499999999971e+00 1.001178499999999971e+00 9.974165000000000392e-01
2.666249999999999787e+00 1.040725999999999818e+00 1.000911499999999954e+00 1.000911499999999954e+00 9.977095000000000269e-01
2.673750000000000071e+00 1.039960750000000100e+00 9.997442500000000010e-01 9.997442500000000010e-01 9.975304999999999866e-01
2.681249999999999911e+00 1.038653000000000048e+00 9.988262500000000266e-01 9.988262500000000266e-01 9.979917499999999553e-01
2.688750000000000195e+00 1.037260999999999989e+00 9.989277499999998922e-01 9.989277499999998922e-01 9.977494999999999559e-01
2.696250000000000036e+00 1.036478999999999928e+00 9.980907500000000265e-01 9.980907500000000265e-01 9.978489999999999860e-01
2.703749999999999876e+00 1.041168500000000163e+00 9.979567500000000591e-01 9.979567500000000591e-01 9.978612500000000329e-01
2.711250000000000160e+00 1.033534249999999988e+00 9.975907499999999706e-01 9.975907499999999706e-01 9.977807499999999941e-01
2.718750000000000000e+00 1.033801500000000040e+00 9.971704999999999597e-01 9.971704999999999597e-01 9.979212500000000929e-01
2.726249999999999840e+00 1.029568999999999956e+00 9.960659999999998959e-01 9.960659999999998959e-01 9.979500000000000037e-01
2.733750000000000124e+00 1.035011750000000008e+00 9.971754999999999924e-01 9.971754999999999924e-01 9.981079999999998842e-01
2.741249999999999964e+00 1.031526500000000013e+00 9.963769999999999571e-01 9.963769999999999571e-01 9.980002500000000332e-01
2.748749999999999805e+00 1.025091250000000009e+00 9.957992499999999136e-01 9.957992499999999136e-01 9.980715000000000003e-01
2.756250000000000089e+00 1.035369999999999902e+00 9.959140000000000770e-01 9.959140000000000770e-01 9.979327500000000351e-01
2.763749999999999929e+00 1.035314749999999950e+00 9.957745000000000068e-01 9.957745000000000068e-01 9.982690000000000730e-01
2.771250000000000213e+00 1.030552499999999982e+00 9.969255000000000200e-01 9.969255000000000200e-01 9.982307500000000555e-01
2.778750000000000053e+00 1.022773749999999815e+00 9.954925000000001134e-01 9.954925000000001134e-01 9.981729999999999769e-01
2.786249999999999893e+00 1.026647249999999900e+00 9.962762499999999743e-01 9.962762499999999743e-01 9.983747499999999775e-01
2.793750000000000178e+00 1.024600249999999990e+00 9.964282500000001264e-01 9.964282500000001264e-01 9.982940000000000147e-01
2.801250000000000018e+00 1.023354250000000132e+00 9.965622499999999828e-01 9.965622499999999828e-01 9.983827499999999855e-01
2.808749999999999858e+00 1.019801750000000062e+00 9.956357499999999305e-01 9.956357499999999305e-01 9.985514999999999253e-01
2.816250000000000142e+00 1.020266750000000000e+00 9.948835000000000317e-01 9.948835000000000317e-01 9.985530000000000239e-01
2.823749999999999982e+00 1.021526750000000039e+00 9.954280000000000905e-01 9.954280000000000905e-01 9.986482499999999041e-01
2.831249999999999822e+00 1.023206499999999908e+00 9.958314999999999806e-01 9.958314999999999806e-01 9.987729999999999109e-01
2.838750000000000107e+00 1.020646999999999860e+00 9.957177500000000681e-01 9.957177500000000681e-01 9.987084999999999990e-01
2.846249999999999947e+00 1.011575249999999926e+00 9.956439999999999735e-01 9.956439999999999735e-01 9.986450000000000049e-01
2.853749999999999787e+00 1.013657749999999913e+00 9.953240000000000975e-01 9.953240000000000975e-01 9.987292500000000128e-01
2.861250000000000071e+00 1.020127249999999819e+00 9.956312499999999677e-01 9.956312499999999677e-01 9.989392500000000563e-01
2.868749999999999911e+00 1.013617500000000060e+00 9.956977499999999370e-01 9.956977499999999370e-01 9.986752500000000143e-01
2.876250000000000195e+00 1.018454499999999818e+00 9.959875000000000256e-01 9.959875000000000256e-01 9.989422500000000316e-01
2.883750000000000036e+00 1.015730999999999939e+00 9.961322500000000524e-01 9.961322500000000524e-01 9.990402499999999630e-01
2.891249999999999876e+00 1.015729250000000139e+00 9.960747500000000088e-01 9.960747500000000088e-01 9.991497499999999476e-01
2.898750000000000160e+00 1.007309000000000010e+00 9.957925000000000804e-01 9.957925000000000804e-01 9.990842500000000070e-01
2.906250000000000000e+00 1.009831000000000145e+00 9.966389999999999416e-01 9.966389999999999416e-01 9.990727500000000649e-01
2.913749999999999840e+00 1.007445499999999994e+00 9.959949999999999637e-01 9.959949999999999637e-01 9.993374999999999897e-01
2.921250000000000124e+00 1.001729000000000092e+00 9.964137499999999870e-01 9.964137499999999870e-01 9.992165000000000630e-01
2.928749999999999964e+00 9.920849999999999946e-01 9.964040000000000674e-01 9.964040000000000674e-01 9.992382500000001055e-01
2.936249999999999805e+00 9.914509999999999712e-01 9.962922499999999904e-01 9.962922499999999904e-01 9.992965000000000320e-01
2.943750000000000089e+00 9.969989999999999686e-01 9.970777499999999849e-01 9.970777499999999849e-01 9.993977500000000846e-01
2.951249999999999929e+00 9.959089999999999332e-01 9.974309999999999565e-01 9.974309999999999565e-01 9.992820000000000036e-01
2.958750000000000213e+00 9.938127500000000225e-01 9.973212499999999370e-01 9.973212499999999370e-01 9.993592500000000323e-01
2.966250000000000053e+00 9.913652499999999756e-01 9.972977499999999829e-01 9.972977499999999829e-01 9.991704999999999615e-01
2.973749999999999893e+00 9.891137500000000138e-01 9.971115000000000395e-01 9.971115000000000395e-01 9.994077500000000391e-01
2.981250000000000178e+00 9.815105000000000635e-01 9.979124999999999801e-01 9.979124999999999801e-01 9.994162499999998950e-01
2.988750000000000018e+00 9.817434999999999912e-01 9.976302500000000517e-01 9.976302500000000517e-01 9.994067500000000104e-01
2.996249999999999858e+00 9.817145000000000454e-01 9.977335000000000509e-01 9.977335000000000509e-01 9.995579999999999465e-01
