3.749999999999999861e-03 0.000000000000000000e+00 0.000000000000000000e+00 0.000000000000000000e+00 0.000000000000000000e+00
1.124999999999999958e-02 0.000000000000000000e+00 0.000000000000000000e+00 0.000000000000000000e+00 0.000000000000000000e+00
1.874999999999999931e-02 0.000000000000000000e+00 0.000000000000000000e+00 0.000000000000000000e+00 0.000000000000000000e+00
2.624999999999999903e-02 0.000000000000000000e+00 0.000000000000000000e+00 0.000000000000000000e+00 0.000000000000000000e+00
3.375000000000000222e-02 0.000000000000000000e+00 0.000000000000000000e+00 0.000000000000000000e+00 0.000000000000000000e+00
4.125000000000000194e-02 0.000000000000000000e+00 0.000000000000000000e+00 0.000000000000000000e+00 0.000000000000000000e+00
4.875000000000000167e-02 0.000000000000000000e+00 0.000000000000000000e+00 0.000000000000000000e+00 0.000000000000000000e+00
5.625000000000000139e-02 0.000000000000000000e+00 0.000000000000000000e+00 0.000000000000000000e+00 0.000000000000000000e+00
6.375000000000000111e-02 0.000000000000000000e+00 0.000000000000000000e+00 0.000000000000000000e+00 0.000000000000000000e+00
7.124999999999999389e-02 0.000000000000000000e+00 0.000000000000000000e+00 0.000000000000000000e+00 0.000000000000000000e+00
7.875000000000000056e-02 0.000000000000000000e+00 0.000000000000000000e+00 0.000000000000000000e+00 0.000000000000000000e+00
8.624999999999999334e-02 0.000000000000000000e+00 0.000000000000000000e+00 0.000000000000000000e+00 0.000000000000000000e+00
9.375000000000000000e-02 0.000000000000000000e+00 0.000000000000000000e+00 0.000000000000000000e+00 0.000000000000000000e+00
1.012500000000000067e-01 0.000000000000000000e+00 0.000000000000000000e+00 0.000000000000000000e+00 0.000000000000000000e+00
1.087499999999999994e-01 0.000000000000000000e+00 0.000000000000000000e+00 0.000000000000000000e+00 0.000000000000000000e+00
1.162500000000000061e-01 0.000000000000000000e+00 0.000000000000000000e+00 0.000000000000000000e+00 0.000000000000000000e+00
1.237499999999999989e-01 0.000000000000000000e+00 0.000000000000000000e+00 0.000000000000000000e+00 0.000000000000000000e+00
1.312500000000000056e-01 0.000000000000000000e+00 0.000000000000000000e+00 0.000000000000000000e+00 0.000000000000000000e+00
1.387500000000000122e-01 0.000000000000000000e+00 0.000000000000000000e+00 0.000000000000000000e+00 0.000000000000000000e+00
1.462499999999999911e-01 0.000000000000000000e+00 0.000000000000000000e+00 0.000000000000000000e+00 0.000000000000000000e+00
1.537499999999999978e-01 0.000000000000000000e+00 0.000000000000000000e+00 0.000000000000000000e+00 0.000000000000000000e+00
1.612500000000000044e-01 0.000000000000000000e+00 0.000000000000000000e+00 0.000000000000000000e+00 2.119999999999999760e-04
1.687500000000000111e-01 0.000000000000000000e+00 0.000000000000000000e+00 0.000000000000000000e+00 1.416012499999999737e-02
1.762499999999999900e-01 0.000000000000000000e+00 0.000000000000000000e+00 0.000000000000000000e+00 1.559322499999999945e-01
1.837499999999999967e-01 0.000000000000000000e+00 0.000000000000000000e+00 0.000000000000000000e+00 5.946199999999999264e-01
1.912500000000000033e-01 0.000000000000000000e+00 0.000000000000000000e+00 0.000000000000000000e+00 1.209588125000000014e+00
1.987500000000000100e-01 0.000000000000000000e+00 0.000000000000000000e+00 0.000000000000000000e+00 1.725431500000000007e+00
2.062499999999999889e-01 0.000000000000000000e+00 0.000000000000000000e+00 0.000000000000000000e+00 2.012642499999999668e+00
2.137499999999999956e-01 0.000000000000000000e+00 0.000000000000000000e+00 0.000000000000000000e+00 2.108568749999999881e+00
2.212500000000000022e-01 0.000000000000000000e+00 0.000000000000000000e+00 0.000000000000000000e+00 2.077433249999999898e+00
2.287500000000000089e-01 0.000000000000000000e+00 0.000000000000000000e+00 0.000000000000000000e+00 1.999555125000000322e+00
2.362499999999999878e-01 0.000000000000000000e+00 0.000000000000000000e+00 0.000000000000000000e+00 1.918199874999999999e+00
2.437499999999999944e-01 0.000000000000000000e+00 0.000000000000000000e+00 0.000000000000000000e+00 1.840392000000000028e+00
2.512499999999999734e-01 0.000000000000000000e+00 0.000000000000000000e+00 0.000000000000000000e+00 1.774233999999999867e+00
2.587499999999999800e-01 0.000000000000000000e+00 0.000000000000000000e+00 0.000000000000000000e+00 1.710892500000000149e+00
2.662499999999999867e-01 0.000000000000000000e+00 0.000000000000000000e+00 0.000000000000000000e+00 1.651378750000000339e+00
2.737499999999999933e-01 0.000000000000000000e+00 0.000000000000000000e+00 0.000000000000000000e+00 1.599937500000000012e+00
2.812500000000000000e-01 0.000000000000000000e+00 0.000000000000000000e+00 0.000000000000000000e+00 1.552701375000000050e+00
2.887500000000000067e-01 0.000000000000000000e+00 0.000000000000000000e+00 0.000000000000000000e+00 1.509086499999999997e+00
2.962500000000000133e-01 0.000000000000000000e+00 0.000000000000000000e+00 0.000000000000000000e+00 1.470755124999999941e+00
3.037500000000000200e-01 0.000000000000000000e+00 0.000000000000000000e+00 0.000000000000000000e+00 1.435817874999999910e+00
3.112500000000000266e-01 0.000000000000000000e+00 0.000000000000000000e+00 0.000000000000000000e+00 1.404058499999999876e+00
3.187499999999999778e-01 0.000000000000000000e+00 0.000000000000000000e+00 0.000000000000000000e+00 1.378201250000000044e+00
3.262499999999999845e-01 0.000000000000000000e+00 0.000000000000000000e+00 0.000000000000000000e+00 1.356840249999999859e+00
3.337499999999999911e-01 0.000000000000000000e+00 0.000000000000000000e+00 0.000000000000000000e+00 1.337354499999999780e+00
3.412499999999999978e-01 0.000000000000000000e+00 0.000000000000000000e+00 0.000000000000000000e+00 1.321426500000000059e+00
3.487500000000000044e-01 0.000000000000000000e+00 0.000000000000000000e+00 0.000000000000000000e+00 1.308039999999999869e+00
3.562500000000000111e-01 0.000000000000000000e+00 0.000000000000000000e+00 0.000000000000000000e+00 1.298810125000000149e+00
3.637500000000000178e-01 0.000000000000000000e+00 0.000000000000000000e+00 0.000000000000000000e+00 1.290918875000000021e+00
3.712500000000000244e-01 0.000000000000000000e+00 0.000000000000000000e+00 0.000000000000000000e+00 1.289197375000000090e+00
3.787499999999999756e-01 0.000000000000000000e+00 0.000000000000000000e+00 0.000000000000000000e+00 1.286794500000000063e+00
3.862499999999999822e-01 0.000000000000000000e+00 0.000000000000000000e+00 0.000000000000000000e+00 1.285899375000000067e+00
3.937499999999999889e-01 0.000000000000000000e+00 0.000000000000000000e+00 0.000000000000000000e+00 1.285438999999999998e+00
4.012499999999999956e-01 0.000000000000000000e+00 0.000000000000000000e+00 0.000000000000000000e+00 1.284363374999999863e+00
4.087500000000000022e-01 0.000000000000000000e+00 0.000000000000000000e+00 0.000000000000000000e+00 1.283679375000000178e+00
4.162500000000000089e-01 0.000000000000000000e+00 0.000000000000000000e+00 0.000000000000000000e+00 1.280578374999999935e+00
4.237500000000000155e-01 0.000000000000000000e+00 0.000000000000000000e+00 0.000000000000000000e+00 1.276717249999999915e+00
4.312500000000000222e-01 0.000000000000000000e+00 0.000000000000000000e+00 0.000000000000000000e+00 1.270460625000000121e+00
4.387499999999999734e-01 0.000000000000000000e+00 0.000000000000000000e+00 0.000000000000000000e+00 1.265520500000000048e+00
4.462499999999999800e-01 0.000000000000000000e+00 0.000000000000000000e+00 0.000000000000000000e+00 1.258457374999999878e+00
4.537499999999999867e-01 0.000000000000000000e+00 0.000000000000000000e+00 0.000000000000000000e+00 1.250447499999999934e+00
4.612499999999999933e-01 0.000000000000000000e+00 0.000000000000000000e+00 0.000000000000000000e+00 1.243534125000000046e+00
4.687500000000000000e-01 0.000000000000000000e+00 0.000000000000000000e+00 0.000000000000000000e+00 1.235886999999999958e+00
4.762500000000000067e-01 0.000000000000000000e+00 9.000000000000000228e-06 9.000000000000000228e-06 1.228084124999999860e+00
4.837500000000000133e-01 0.000000000000000000e+00 1.138749999999999897e-04 1.138749999999999897e-04 1.219972499999999904e+00
4.912500000000000200e-01 0.000000000000000000e+00 8.752500000000000514e-04 8.752500000000000514e-04 1.211492124999999920e+00
4.987500000000000266e-01 0.000000000000000000e+00 4.277500000000000052e-03 4.277500000000000052e-03 1.203452250000000223e+00
5.062499999999999778e-01 0.000000000000000000e+00 1.641187499999999938e-02 1.641187499999999938e-02 1.195631624999999865e+00
5.137500000000000400e-01 0.000000000000000000e+00 4.592899999999999761e-02 4.592899999999999761e-02 1.188374249999999854e+00
5.212499999999999911e-01 0.000000000000000000e+00 1.049182500000000046e-01 1.049182500000000046e-01 1.180794624999999876e+00
5.287500000000000533e-01 0.000000000000000000e+00 2.044420000000000126e-01 2.044420000000000126e-01 1.173216999999999954e+00
5.362500000000000044e-01 0.000000000000000000e+00 3.455632500000000995e-01 3.455632500000000995e-01 1.166234250000000028e+00
5.437499999999999556e-01 0.000000000000000000e+00 5.223439999999999195e-01 5.223439999999999195e-01 1.159539124999999782e+00
5.512500000000000178e-01 0.000000000000000000e+00 7.236472500000000752e-01 7.236472500000000752e-01 1.153806624999999864e+00
5.587499999999999689e-01 0.000000000000000000e+00 9.293160000000000309e-01 9.293160000000000309e-01 1.146538124999999742e+00
5.662500000000000311e-01 0.000000000000000000e+00 1.116690625000000159e+00 1.116690625000000159e+00 1.141471124999999809e+00
5.737499999999999822e-01 0.000000000000000000e+00 1.288759749999999871e+00 1.288759749999999871e+00 1.135292874999999757e+00
5.812500000000000444e-01 0.000000000000000000e+00 1.424824624999999845e+00 1.424824624999999845e+00 1.129617374999999813e+00
5.887499999999999956e-01 0.000000000000000000e+00 1.524513999999999925e+00 1.524513999999999925e+00 1.124229374999999864e+00
5.962499999999999467e-01 0.000000000000000000e+00 1.598019499999999926e+00 1.598019499999999926e+00 1.118533624999999976e+00
6.037500000000000089e-01 0.000000000000000000e+00 1.631223250000000125e+00 1.631223250000000125e+00 1.113870875000000149e+00
6.112499999999999600e-01 0.000000000000000000e+00 1.645434749999999946e+00 1.645434749999999946e+00 1.108440000000000092e+00
6.187500000000000222e-01 0.000000000000000000e+00 1.638838250000000052e+00 1.638838250000000052e+00 1.103873124999999789e+00
6.262499999999999734e-01 0.000000000000000000e+00 1.610996624999999849e+00 1.610996624999999849e+00 1.099015874999999864e+00
6.337500000000000355e-01 0.000000000000000000e+00 1.575728124999999924e+00 1.575728124999999924e+00 1.094451999999999980e+00
6.412499999999999867e-01 0.000000000000000000e+00 1.533874749999999842e+00 1.533874749999999842e+00 1.089578874999999947e+00
6.487500000000000488e-01 0.000000000000000000e+00 1.487550875000000161e+00 1.487550875000000161e+00 1.085472374999999934e+00
6.562500000000000000e-01 0.000000000000000000e+00 1.437982624999999626e+00 1.437982624999999626e+00 1.081112749999999956e+00
6.637499999999999512e-01 0.000000000000000000e+00 1.385794749999999853e+00 1.385794749999999853e+00 1.076572375000000026e+00
6.712500000000000133e-01 0.000000000000000000e+00 1.337458499999999884e+00 1.337458499999999884e+00 1.072343749999999929e+00
6.787499999999999645e-01 0.000000000000000000e+00 1.293488374999999913e+00 1.293488374999999913e+00 1.068212375000000103e+00
6.862500000000000266e-01 0.000000000000000000e+00 1.253164874999999956e+00 1.253164874999999956e+00 1.063825499999999868e+00
6.937499999999999778e-01 0.000000000000000000e+00 1.222657500000000175e+00 1.222657500000000175e+00 1.059847750000000088e+00
7.012500000000000400e-01 0.000000000000000000e+00 1.194868625000000018e+00 1.194868625000000018e+00 1.056074874999999968e+00
7.087499999999999911e-01 0.000000000000000000e+00 1.171197374999999985e+00 1.171197374999999985e+00 1.051917499999999839e+00
7.162500000000000533e-01 0.000000000000000000e+00 1.152483750000000029e+00 1.152483750000000029e+00 1.048270875000000046e+00
7.237500000000000044e-01 0.000000000000000000e+00 1.137055999999999845e+00 1.137055999999999845e+00 1.045037250000000029e+00
7.312499999999999556e-01 0.000000000000000000e+00 1.126950000000000118e+00 1.126950000000000118e+00 1.041491125000000073e+00
7.387500000000000178e-01 0.000000000000000000e+00 1.117522500000000196e+00 1.117522500000000196e+00 1.038439749999999995e+00
7.462499999999999689e-01 0.000000000000000000e+00 1.114170125000000011e+00 1.114170125000000011e+00 1.035312000000000010e+00
7.537500000000000311e-01 0.000000000000000000e+00 1.111309125000000009e+00 1.111309125000000009e+00 1.031101250000000080e+00
7.612499999999999822e-01 0.000000000000000000e+00 1.108376000000000028e+00 1.108376000000000028e+00 1.028729875000000016e+00
7.687500000000000444e-01 0.000000000000000000e+00 1.107857875000000103e+00 1.107857875000000103e+00 1.025967374999999793e+00
7.762499999999999956e-01 0.000000000000000000e+00 1.106229499999999977e+00 1.106229499999999977e+00 1.022613999999999912e+00
7.837499999999999467e-01 4.864999999999999533e-04 1.104960874999999954e+00 1.104960874999999954e+00 1.020228749999999796e+00
7.912500000000000089e-01 1.568624999999999924e-03 1.107540999999999887e+00 1.107540999999999887e+00 1.017511625000000031e+00
7.987499999999999600e-01 4.417125000000000044e-03 1.103567874999999976e+00 1.103567874999999976e+00 1.015097249999999951e+00
8.062500000000000222e-01 1.037837500000000045e-02 1.102341249999999828e+00 1.102341249999999828e+00 1.012256749999999927e+00
8.137499999999999734e-01 3.417487500000000039e-02 1.098670999999999953e+00 1.098670999999999953e+00 1.010445000000000038e+00
8.212500000000000355e-01 8.128812499999998886e-02 1.093791125000000086e+00 1.093791125000000086e+00 1.008122249999999998e+00
8.287499999999999867e-01 1.615117499999999817e-01 1.087983499999999992e+00 1.087983499999999992e+00 1.006507999999999958e+00
8.362500000000000488e-01 3.080356250000000351e-01 1.084025374999999958e+00 1.084025374999999958e+00 1.004407374999999991e+00
8.437500000000000000e-01 5.039267499999999789e-01 1.078287125000000124e+00 1.078287125000000124e+00 1.001749750000000105e+00
8.512499999999999512e-01 7.722093749999998646e-01 1.075431125000000154e+00 1.075431125000000154e+00 1.000369124999999970e+00
8.587500000000000133e-01 1.102185125000000099e+00 1.067166375000000000e+00 1.067166375000000000e+00 9.984018749999999942e-01
8.662499999999999645e-01 1.459303374999999958e+00 1.059413000000000160e+00 1.059413000000000160e+00 9.970034999999999314e-01
8.737500000000000266e-01 1.827260875000000118e+00 1.050956375000000165e+00 1.050956375000000165e+00 9.958281250000001750e-01
8.812499999999999778e-01 2.165105000000000057e+00 1.045377125000000129e+00 1.045377125000000129e+00 9.944850000000000634e-01
8.887500000000000400e-01 2.474412999999999752e+00 1.040789249999999999e+00 1.040789249999999999e+00 9.931553749999999514e-01
8.962499999999999911e-01 2.725851875000000035e+00 1.032159124999999955e+00 1.032159124999999955e+00 9.920212500000000766e-01
9.037500000000000533e-01 2.894194999999999851e+00 1.027049749999999984e+00 1.027049749999999984e+00 9.909653750000000372e-01
9.112500000000000044e-01 3.020243499999999859e+00 1.021170625000000109e+00 1.021170625000000109e+00 9.900480000000000391e-01
9.187499999999999556e-01 3.037400374999999819e+00 1.016496000000000066e+00 1.016496000000000066e+00 9.886017500000000569e-01
9.262500000000000178e-01 3.050224124999999731e+00 1.011706875000000005e+00 1.011706875000000005e+00 9.879279999999998063e-01
9.337499999999999689e-01 2.961655999999999622e+00 1.007094500000000004e+00 1.007094500000000004e+00 9.876117500000000105e-01
9.412500000000000311e-01 2.871078250000000054e+00 9.994518749999999896e-01 9.994518749999999896e-01 9.866397500000000376e-01
9.487499999999999822e-01 2.728574000000000055e+00 9.978685000000000471e-01 9.978685000000000471e-01 9.861981250000000365e-01
9.562500000000000444e-01 2.556549125000000089e+00 9.912235000000000351e-01 9.912235000000000351e-01 9.860458749999999606e-01
9.637499999999999956e-01 2.408559624999999649e+00 9.902308750000000659e-01 9.902308750000000659e-01 9.853402500000000286e-01
9.712499999999999467e-01 2.237570499999999907e+00 9.878781249999999403e-01 9.878781249999999403e-01 9.853638749999998891e-01
9.787500000000000089e-01 2.075218125000000136e+00 9.828069999999999862e-01 9.828069999999999862e-01 9.850951249999999604e-01
9.862499999999999600e-01 1.939475875000000071e+00 9.796878749999999858e-01 9.796878749999999858e-01 9.844092500000000134e-01
9.937500000000000222e-01 1.800618374999999993e+00 9.784890000000000532e-01 9.784890000000000532e-01 9.851532499999999803e-01
1.001249999999999973e+00 1.660406500000000118e+00 9.740912499999999641e-01 9.740912499999999641e-01 9.855771250000000538e-01
1.008750000000000036e+00 1.530444249999999951e+00 9.711949999999999195e-01 9.711949999999999195e-01 9.858001250000001381e-01
1.016250000000000098e+00 1.412598874999999810e+00 9.707254999999999079e-01 9.707254999999999079e-01 9.862497500000000361e-01
1.023749999999999938e+00 1.345859250000000173e+00 9.671171250000000219e-01 9.671171250000000219e-01 9.863091249999998977e-01
1.031250000000000000e+00 1.245652999999999899e+00 9.649235000000000451e-01 9.649235000000000451e-01 9.870947500000000208e-01
1.038750000000000062e+00 1.192708875000000113e+00 9.639313750000000347e-01 9.639313750000000347e-01 9.876840000000000064e-01
1.046249999999999902e+00 1.094145875000000157e+00 9.609351249999998901e-01 9.609351249999998901e-01 9.884707499999999536e-01
1.053749999999999964e+00 1.043556499999999998e+00 9.587152500000000188e-01 9.587152500000000188e-01 9.888570000000000970e-01
1.061250000000000027e+00 1.013807625000000101e+00 9.576835000000000209e-01 9.576835000000000209e-01 9.903553749999999267e-01
1.068750000000000089e+00 9.644150000000000222e-01 9.548983749999999660e-01 9.548983749999999660e-01 9.915911249999999066e-01
1.076249999999999929e+00 9.393350000000000311e-01 9.520631249999998991e-01 9.520631249999998991e-01 9.923313750000000155e-01
1.083749999999999991e+00 9.217619999999999703e-01 9.525848750000001086e-01 9.525848750000001086e-01 9.938493750000000349e-01
1.091250000000000053e+00 8.973027500000001488e-01 9.516529999999998601e-01 9.516529999999998601e-01 9.950262500000001120e-01
1.098749999999999893e+00 8.796479999999999855e-01 9.502453750000000587e-01 9.502453750000000587e-01 9.959461249999999044e-01
1.106249999999999956e+00 8.704476250000000581e-01 9.493206250000000290e-01 9.493206250000000290e-01 9.975341249999999382e-01
1.113750000000000018e+00 8.631356249999999619e-01 9.482499999999999263e-01 9.482499999999999263e-01 9.985491250000000374e-01
1.121250000000000080e+00 8.635482500000000172e-01 9.470056250000000730e-01 9.470056250000000730e-01 9.996051249999999833e-01
1.128749999999999920e+00 8.570038749999999705e-01 9.453987499999999544e-01 9.453987499999999544e-01 1.001236250000000050e+00
1.136249999999999982e+00 8.592542500000002192e-01 9.453590000000000604e-01 9.453590000000000604e-01 1.002070125000000145e+00
1.143750000000000044e+00 8.694996249999999982e-01 9.449603749999999636e-01 9.449603749999999636e-01 1.003116500000000189e+00
1.151250000000000107e+00 8.696762499999999285e-01 9.453510000000000524e-01 9.453510000000000524e-01 1.004076874999999980e+00
1.158749999999999947e+00 8.746412500000000367e-01 9.447016249999999893e-01 9.447016249999999893e-01 1.005249250000000094e+00
1.166250000000000009e+00 8.850891250000000321e-01 9.452604999999999480e-01 9.452604999999999480e-01 1.005810250000000128e+00
1.173750000000000071e+00 8.862733750000000299e-01 9.429779999999998719e-01 9.429779999999998719e-01 1.006630625000000112e+00
1.181249999999999911e+00 8.908753750000000249e-01 9.450036250000000138e-01 9.450036250000000138e-01 1.007213874999999925e+00
1.188749999999999973e+00 8.934478750000000025e-01 9.462250000000000938e-01 9.462250000000000938e-01 1.007547500000000040e+00
1.196250000000000036e+00 9.022713749999999866e-01 9.461307499999999093e-01 9.461307499999999093e-01 1.008450999999999986e+00
1.203750000000000098e+00 9.032332499999999875e-01 9.458363749999998404e-01 9.458363749999998404e-01 1.008457125000000065e+00
1.211249999999999938e+00 8.991545000000000787e-01 9.473043749999998653e-01 9.473043749999998653e-01 1.008440624999999979e+00
1.218750000000000000e+00 9.043063749999999956e-01 9.489396250000000643e-01 9.489396250000000643e-01 1.008928499999999895e+00
1.226250000000000062e+00 9.015985000000000804e-01 9.502483750000001450e-01 9.502483750000001450e-01 1.009019125000000017e+00
1.233749999999999902e+00 8.967292500000000333e-01 9.509591250000000162e-01 9.509591250000000162e-01 1.008836000000000066e+00
1.241249999999999964e+00 8.888908749999999692e-01 9.510048749999999718e-01 9.510048749999999718e-01 1.008902625000000164e+00
1.248750000000000027e+00 8.879661250000000505e-01 9.521313750000001130e-01 9.521313750000001130e-01 1.008892124999999806e+00
1.256250000000000089e+00 8.908961250000000387e-01 9.545138749999999561e-01 9.545138749999999561e-01 1.008775624999999954e+00
1.263749999999999929e+00 8.944961249999999753e-01 9.566099999999999604e-01 9.566099999999999604e-01 1.008456875000000030e+00
1.271249999999999991e+00 8.736157500000000242e-01 9.571380000000000443e-01 9.571380000000000443e-01 1.008354750000000077e+00
1.278750000000000053e+00 8.742869999999999253e-01 9.593500000000000361e-01 9.593500000000000361e-01 1.008426500000000114e+00
1.286249999999999893e+00 8.791157499999999736e-01 9.600981250000000244e-01 9.600981250000000244e-01 1.008225624999999903e+00
1.293749999999999956e+00 8.746158749999999316e-01 9.635769999999999058e-01 9.635769999999999058e-01 1.008312875000000108e+00
1.301250000000000018e+00 8.664290000000000047e-01 9.653758749999998834e-01 9.653758749999998834e-01 1.008190374999999861e+00
1.308750000000000080e+00 8.667977499999999225e-01 9.670046250000000621e-01 9.670046250000000621e-01 1.007885749999999803e+00
1.316249999999999920e+00 8.724497499999999128e-01 9.701083749999999117e-01 9.701083749999999117e-01 1.007856750000000190e+00
1.323749999999999982e+00 8.782353749999999293e-01 9.726367500000000499e-01 9.726367500000000499e-01 1.007912624999999895e+00
1.331250000000000044e+00 8.673075000000000090e-01 9.746757499999999519e-01 9.746757499999999519e-01 1.007989250000000059e+00
1.338750000000000107e+00 8.651693750000000183e-01 9.768868750000000434e-01 9.768868750000000434e-01 1.007504249999999990e+00
1.346249999999999947e+00 8.684903750000000366e-01 9.796728749999999986e-01 9.796728749999999986e-01 1.007376000000000049e+00
1.353750000000000009e+00 8.684232499999999799e-01 9.832127500000000797e-01 9.832127500000000797e-01 1.007346499999999923e+00
1.361250000000000071e+00 8.722682499999998562e-01 9.868225000000000469e-01 9.868225000000000469e-01 1.007181375000000045e+00
1.368749999999999911e+00 8.718288750000000586e-01 9.888758749999999598e-01 9.888758749999999598e-01 1.006737750000000098e+00
1.376249999999999973e+00 8.788543749999999655e-01 9.911200000000000010e-01 9.911200000000000010e-01 1.006835249999999959e+00
1.383750000000000036e+00 8.809267500000000917e-01 9.953611250000000688e-01 9.953611250000000688e-01 1.006601749999999962e+00
1.391250000000000098e+00 8.739916250000000497e-01 9.983786249999999640e-01 9.983786249999999640e-01 1.006230249999999993e+00
1.398749999999999938e+00 8.741594999999999782e-01 1.001155624999999993e+00 1.001155624999999993e+00 1.005975625000000040e+00
1.406250000000000000e+00 8.818957499999999783e-01 1.004451874999999994e+00 1.004451874999999994e+00 1.005806624999999954e+00
1.413750000000000062e+00 8.861081249999999132e-01 1.007737125000000011e+00 1.007737125000000011e+00 1.005925750000000063e+00
1.421249999999999902e+00 8.809448749999998496e-01 1.010420625000000072e+00 1.010420625000000072e+00 1.005491999999999830e+00
1.428749999999999964e+00 8.921982499999999705e-01 1.014075000000000060e+00 1.014075000000000060e+00 1.005432250000000138e+00
1.436250000000000027e+00 8.993608749999998375e-01 1.016965625000000095e+00 1.016965625000000095e+00 1.005187124999999959e+00
1.443750000000000089e+00 8.915156249999999227e-01 1.019324000000000119e+00 1.019324000000000119e+00 1.004646499999999998e+00
1.451249999999999929e+00 8.947931250000000780e-01 1.021518499999999996e+00 1.021518499999999996e+00 1.004594999999999905e+00
1.458749999999999991e+00 9.025511250000000096e-01 1.023431999999999897e+00 1.023431999999999897e+00 1.003890124999999856e+00
1.466250000000000053e+00 9.042651250000000029e-01 1.026251749999999907e+00 1.026251749999999907e+00 1.003891625000000065e+00
1.473749999999999893e+00 9.074112500000000026e-01 1.027119749999999998e+00 1.027119749999999998e+00 1.003787999999999903e+00
1.481249999999999956e+00 9.028187499999997812e-01 1.029367125000000271e+00 1.029367125000000271e+00 1.003223750000000081e+00
1.488750000000000018e+00 9.121050000000000546e-01 1.029721499999999956e+00 1.029721499999999956e+00 1.003070875000000139e+00
1.496250000000000080e+00 9.191953750000000367e-01 1.029617500000000074e+00 1.029617500000000074e+00 1.002742250000000057e+00
1.503749999999999920e+00 9.202082499999999499e-01 1.030293499999999973e+00 1.030293499999999973e+00 1.002450375000000005e+00
1.511249999999999982e+00 9.203516249999998955e-01 1.030069625000000100e+00 1.030069625000000100e+00 1.002298000000000133e+00
1.518750000000000044e+00 9.277411250000000553e-01 1.030358250000000142e+00 1.030358250000000142e+00 1.002096750000000203e+00
1.526250000000000107e+00 9.382953749999999316e-01 1.029096250000000046e+00 1.029096250000000046e+00 1.002048749999999933e+00
1.533749999999999947e+00 9.331526249999999578e-01 1.028616124999999881e+00 1.028616124999999881e+00 1.001366249999999791e+00
1.541250000000000009e+00 9.344284999999999952e-01 1.027343750000000000e+00 1.027343750000000000e+00 1.001275375000000079e+00
1.548750000000000071e+00 9.389293750000000660e-01 1.025213375000000093e+00 1.025213375000000093e+00 1.001206624999999795e+00
1.556249999999999911e+00 9.537197499999999772e-01 1.024448999999999721e+00 1.024448999999999721e+00 1.000897625000000124e+00
1.563749999999999973e+00 9.540747500000000825e-01 1.023473749999999960e+00 1.023473749999999960e+00 1.000613874999999986e+00
1.571250000000000036e+00 9.608827499999998967e-01 1.022777999999999965e+00 1.022777999999999965e+00 1.000285124999999997e+00
1.578750000000000098e+00 9.644690000000000207e-01 1.021342375000000136e+00 1.021342375000000136e+00 1.000179125000000280e+00
1.586249999999999938e+00 9.740537500000000515e-01 1.019524249999999910e+00 1.019524249999999910e+00 9.999716250000000306e-01
1.593750000000000000e+00 9.777843750000000389e-01 1.018668750000000012e+00 1.018668750000000012e+00 9.997496249999998641e-01
1.601250000000000062e+00 9.800869999999999305e-01 1.016311125000000093e+00 1.016311125000000093e+00 9.994392500000001123e-01
1.608749999999999902e+00 9.821888750000000723e-01 1.015744874999999992e+00 1.015744874999999992e+00 9.992264999999999064e-01
1.616249999999999964e+00 9.885247500000000631e-01 1.015066124999999930e+00 1.015066124999999930e+00 9.994900000000001006e-01
1.623750000000000027e+00 9.961593749999998471e-01 1.013779250000000021e+00 1.013779250000000021e+00 9.989236249999998707e-01
1.631250000000000089e+00 1.001381875000000088e+00 1.012612375000000009e+00 1.012612375000000009e+00 9.991864999999999775e-01
1.638749999999999929e+00 1.001315500000000025e+00 1.012052874999999963e+00 1.012052874999999963e+00 9.985202499999999981e-01
1.646249999999999991e+00 1.007810250000000130e+00 1.010529000000000011e+00 1.010529000000000011e+00 9.987523750000000256e-01
1.653750000000000053e+00 1.022311624999999946e+00 1.009915625000000095e+00 1.009915625000000095e+00 9.984111250000000659e-01
1.661249999999999893e+00 1.016938874999999909e+00 1.009253249999999991e+00 1.009253249999999991e+00 9.986792499999999073e-01
1.668749999999999956e+00 1.024685124999999974e+00 1.008536499999999947e+00 1.008536499999999947e+00 9.983772499999998828e-01
1.676250000000000018e+00 1.041414999999999980e+00 1.008085125000000026e+00 1.008085125000000026e+00 9.979976249999999993e-01
1.683750000000000080e+00 1.036631625000000057e+00 1.006684250000000169e+00 1.006684250000000169e+00 9.983128749999998774e-01
1.691249999999999920e+00 1.041937624999999867e+00 1.007126250000000223e+00 1.007126250000000223e+00 9.979699999999999127e-01
1.698749999999999982e+00 1.050454250000000034e+00 1.006199250000000101e+00 1.006199250000000101e+00 9.981203749999999486e-01
1.706250000000000044e+00 1.053501375000000184e+00 1.004298499999999983e+00 1.004298499999999983e+00 9.979419999999998847e-01
1.713750000000000107e+00 1.059449375000000249e+00 1.003773499999999874e+00 1.003773499999999874e+00 9.977962500000000512e-01
1.721249999999999947e+00 1.059287499999999937e+00 1.003670250000000097e+00 1.003670250000000097e+00 9.975289999999999990e-01
1.728750000000000009e+00 1.069489750000000017e+00 1.003357750000000159e+00 1.003357750000000159e+00 9.979233750000000569e-01
1.736250000000000071e+00 1.076374750000000047e+00 1.001595374999999954e+00 1.001595374999999954e+00 9.977813749999999704e-01
1.743749999999999911e+00 1.085264624999999983e+00 1.001706500000000055e+00 1.001706500000000055e+00 9.975736250000000194e-01
1.751249999999999973e+00 1.083952500000000096e+00 1.001077875000000006e+00 1.001077875000000006e+00 9.976282499999999942e-01
1.758750000000000036e+00 1.093652750000000173e+00 9.999372499999998887e-01 9.999372499999998887e-01 9.976349999999998275e-01
1.766250000000000098e+00 1.088490625000000156e+00 1.000511499999999998e+00 1.000511499999999998e+00 9.978168749999999365e-01
1.773749999999999938e+00 1.098034000000000177e+00 1.000435124999999870e+00 1.000435124999999870e+00 9.975713749999999269e-01
1.781250000000000000e+00 1.093449749999999998e+00 1.000378249999999802e+00 1.000378249999999802e+00 9.977986249999999391e-01
1.788750000000000062e+00 1.092880249999999887e+00 9.988428750000000189e-01 9.988428750000000189e-01 9.977335000000000509e-01
1.796249999999999902e+00 1.083045249999999848e+00 9.977588750000000450e-01 9.977588750000000450e-01 9.978297500000000708e-01
1.803749999999999964e+00 1.092575125000000202e+00 9.980348749999999880e-01 9.980348749999999880e-01 9.975098749999999903e-01
1.811250000000000027e+00 1.089584875000000119e+00 9.976597500000000673e-01 9.976597500000000673e-01 9.976585000000000036e-01
1.818750000000000089e+00 1.084876500000000021e+00 9.972214999999999829e-01 9.972214999999999829e-01 9.979425000000000656e-01
1.826249999999999929e+00 1.084369874999999928e+00 9.967201250000001789e-01 9.967201250000001789e-01 9.978626249999998921e-01
1.833749999999999991e+00 1.073524375000000086e+00 9.966506250000000122e-01 9.966506250000000122e-01 9.982943750000000671e-01
1.841250000000000053e+00 1.069784375000000010e+00 9.953606249999999989e-01 9.953606249999999989e-01 9.982173749999999623e-01
1.848749999999999893e+00 1.066343875000000052e+00 9.949958749999999741e-01 9.949958749999999741e-01 9.980283750000000786e-01
1.856249999999999956e+00 1.067856249999999951e+00 9.959810000000000052e-01 9.959810000000000052e-01 9.983248749999998894e-01
1.863750000000000018e+00 1.058418875000000092e+00 9.951092500000000562e-01 9.951092500000000562e-01 9.982848750000000715e-01
1.871250000000000080e+00 1.047049249999999931e+00 9.939312499999999329e-01 9.939312499999999329e-01 9.982301249999998571e-01
1.878749999999999920e+00 1.042081250000000070e+00 9.941647499999999305e-01 9.941647499999999305e-01 9.985112499999999613e-01
1.886249999999999982e+00 1.034398750000000033e+00 9.939422500000000271e-01 9.939422500000000271e-01 9.987394999999998912e-01
1.893750000000000044e+00 1.030555625000000086e+00 9.942865000000000730e-01 9.942865000000000730e-01 9.986464999999999925e-01
1.901250000000000107e+00 1.028772624999999996e+00 9.943178750000000177e-01 9.943178750000000177e-01 9.988571249999999013e-01
1.908749999999999947e+00 1.020903000000000116e+00 9.936486250000000631e-01 9.936486250000000631e-01 9.990067499999999434e-01
1.916250000000000009e+00 1.013683125000000018e+00 9.936091249999998709e-01 9.936091249999998709e-01 9.989841250000000006e-01
1.923750000000000071e+00 1.009163625000000009e+00 9.949302500000000160e-01 9.949302500000000160e-01 9.992095000000000837e-01
1.931249999999999911e+00 1.007019125000000015e+00 9.930288749999999220e-01 9.930288749999999220e-01 9.992513750000000528e-01
1.938749999999999973e+00 9.997084999999999999e-01 9.928732499999999295e-01 9.928732499999999295e-01 9.995132499999999087e-01
1.946250000000000036e+00 9.969896249999999904e-01 9.933080000000000798e-01 9.933080000000000798e-01 9.994804999999999939e-01
1.953750000000000098e+00 9.950101249999999675e-01 9.935981249999999987e-01 9.935981249999999987e-01 9.995246249999998334e-01
1.961249999999999938e+00 9.909667500000000073e-01 9.930711249999999435e-01 9.930711249999999435e-01 9.994541249999999710e-01
1.968750000000000000e+00 9.917259999999998854e-01 9.930947500000000261e-01 9.930947500000000261e-01 9.996988749999999868e-01
1.976250000000000062e+00 9.880066250000000272e-01 9.935426250000000126e-01 9.935426250000000126e-01 9.996886250000001084e-01
1.983749999999999902e+00 9.902394999999999392e-01 9.938570000000001015e-01 9.938570000000001015e-01 9.997783749999998859e-01
1.991249999999999964e+00 9.866599999999999815e-01 9.939357500000000067e-01 9.939357500000000067e-01 9.998740000000000405e-01
1.998750000000000027e+00 9.846455000000000624e-01 9.937564999999999316e-01 9.937564999999999316e-01 1.000109499999999985e+00
2.006250000000000089e+00 9.830258749999999379e-01 9.945218749999999996e-01 9.945218749999999996e-01 1.000115875000000099e+00
2.013749999999999929e+00 9.745694999999999775e-01 9.937747500000000400e-01 9.937747500000000400e-01 1.000196874999999874e+00
2.021250000000000213e+00 9.781884999999999053e-01 9.943992500000000678e-01 9.943992500000000678e-01 1.000437999999999938e+00
2.028750000000000053e+00 9.765094999999999192e-01 9.943761249999999441e-01 9.943761249999999441e-01 1.000531874999999848e+00
2.036249999999999893e+00 9.798950000000000715e-01 9.945588749999999534e-01 9.945588749999999534e-01 1.000217000000000134e+00
2.043750000000000178e+00 9.834701249999998618e-01 9.936627499999999280e-01 9.936627499999999280e-01 1.000547375000000017e+00
2.051250000000000018e+00 9.781487499999999002e-01 9.949713749999999912e-01 9.949713749999999912e-01 1.000375500000000084e+00
2.058749999999999858e+00 9.815727499999999939e-01 9.947576249999999787e-01 9.947576249999999787e-01 1.000662750000000045e+00
2.066250000000000142e+00 9.842410000000000325e-01 9.958371249999999897e-01 9.958371249999999897e-01 1.000779749999999968e+00
2.073749999999999982e+00 9.794776250000000184e-01 9.955993749999999531e-01 9.955993749999999531e-01 1.000630125000000037e+00
2.081249999999999822e+00 9.797454999999999359e-01 9.958257500000000650e-01 9.958257500000000650e-01 1.000796250000000054e+00
2.088750000000000107e+00 9.777230000000001198e-01 9.958337499999999620e-01 9.958337499999999620e-01 1.000748500000000041e+00
2.096249999999999947e+00 9.784741249999999724e-01 9.962049999999998962e-01 9.962049999999998962e-01 1.000689500000000010e+00
2.103749999999999787e+00 9.758321249999999392e-01 9.957358750000000480e-01 9.957358750000000480e-01 1.000942124999999905e+00
2.111250000000000071e+00 9.783566250000000908e-01 9.961917499999999315e-01 9.961917499999999315e-01 1.000732249999999990e+00
2.118749999999999911e+00 9.796322499999998712e-01 9.967128749999999426e-01 9.967128749999999426e-01 1.000764250000000022e+00
2.126250000000000195e+00 9.779844999999999233e-01 9.972108750000000521e-01 9.972108750000000521e-01 1.000689500000000010e+00
2.133750000000000036e+00 9.811282500000000351e-01 9.979439999999999422e-01 9.979439999999999422e-01 1.000677999999999956e+00
2.141249999999999876e+00 9.817268750000001098e-01 9.974994999999999834e-01 9.974994999999999834e-01 1.000733499999999943e+00
2.148750000000000160e+00 9.822468749999999638e-01 9.985197500000000392e-01 9.985197500000000392e-01 1.000792999999999822e+00
2.156250000000000000e+00 9.830298749999999419e-01 9.980769999999999920e-01 9.980769999999999920e-01 1.000745000000000218e+00
2.163749999999999840e+00 9.829938750000000169e-01 9.989600000000000701e-01 9.989600000000000701e-01 1.000800000000000134e+00
2.171250000000000124e+00 9.836053750000000040e-01 9.984593749999999268e-01 9.984593749999999268e-01 1.000650124999999946e+00
2.178749999999999964e+00 9.843107500000001231e-01 9.989057499999999257e-01 9.989057499999999257e-01 1.000777500000000098e+00
2.186249999999999805e+00 9.883875000000000854e-01 9.999500000000001165e-01 9.999500000000001165e-01 1.000540624999999961e+00
2.193750000000000089e+00 9.752437500000000759e-01 9.999921250000001205e-01 9.999921250000001205e-01 1.000594125000000112e+00
2.201249999999999929e+00 9.861541250000001035e-01 1.000712499999999894e+00 1.000712499999999894e+00 1.000547999999999993e+00
2.208750000000000213e+00 9.858489999999998643e-01 9.998487500000000638e-01 9.998487500000000638e-01 1.000525875000000120e+00
2.216250000000000053e+00 9.839343750000000277e-01 9.996547500000001474e-01 9.996547500000001474e-01 1.000482625000000070e+00
2.223749999999999893e+00 9.792945000000001787e-01 1.000876125000000005e+00 1.000876125000000005e+00 1.000541375000000066e+00
2.231250000000000178e+00 9.799692500000000139e-01 1.000432874999999999e+00 1.000432874999999999e+00 1.000276249999999978e+00
2.238750000000000018e+00 9.844468749999999435e-01 1.001243374999999824e+00 1.001243374999999824e+00 1.000447625000000063e+00
2.246249999999999858e+00 9.881321250000000278e-01 1.001710499999999948e+00 1.001710499999999948e+00 1.000367999999999924e+00
2.253750000000000142e+00 9.816505000000000924e-01 1.001897875000000049e+00 1.001897875000000049e+00 1.000503625000000119e+00
2.261249999999999982e+00 9.799258750000001683e-01 1.001864749999999971e+00 1.001864749999999971e+00 1.000252249999999954e+00
2.268749999999999822e+00 9.820933749999999351e-01 1.001971249999999980e+00 1.001971249999999980e+00 1.000419749999999830e+00
2.276250000000000107e+00 9.851837500000001357e-01 1.001968874999999981e+00 1.001968874999999981e+00 1.000404749999999954e+00
2.283749999999999947e+00 9.840283750000000662e-01 1.002299750000000156e+00 1.002299750000000156e+00 1.000465375000000101e+00
2.291249999999999787e+00 9.832985000000000753e-01 1.002719874999999927e+00 1.002719874999999927e+00 1.000199499999999908e+00
2.298750000000000071e+00 9.887139999999999818e-01 1.002700000000000147e+00 1.002700000000000147e+00 1.000145999999999979e+00
2.306249999999999911e+00 9.835623749999999887e-01 1.002717625000000057e+00 1.002717625000000057e+00 1.000411750000000044e+00
2.313750000000000195e+00 9.915451249999999161e-01 1.002281625000000176e+00 1.002281625000000176e+00 1.000095624999999933e+00
2.321250000000000036e+00 9.834442500000000198e-01 1.003693749999999829e+00 1.003693749999999829e+00 1.000241874999999947e+00
2.328749999999999876e+00 9.868199999999999195e-01 1.002896875000000021e+00 1.002896875000000021e+00 1.000005374999999974e+00
2.336250000000000160e+00 9.894438749999999727e-01 1.002689125000000070e+00 1.002689125000000070e+00 1.000008500000000078e+00
2.343750000000000000e+00 9.963125000000000453e-01 1.003185374999999935e+00 1.003185374999999935e+00 1.000050125000000012e+00
2.351249999999999840e+00 9.935967500000000285e-01 1.003472125000000048e+00 1.003472125000000048e+00 9.999767499999999698e-01
2.358750000000000124e+00 9.959909999999999597e-01 1.003437875000000146e+00 1.003437875000000146e+00 9.998442500000001010e-01
2.366249999999999964e+00 9.950864999999999849e-01 1.003482124999999892e+00 1.003482124999999892e+00 9.999463750000000539e-01
2.373749999999999805e+00 9.957796249999999461e-01 1.003054000000000112e+00 1.003054000000000112e+00 1.000118624999999817e+00
2.381250000000000089e+00 9.946601250000001171e-01 1.002736375000000013e+00 1.002736375000000013e+00 1.000051875000000035e+00
2.388749999999999929e+00 9.962062499999999599e-01 1.002926999999999902e+00 1.002926999999999902e+00 9.998686250000000664e-01
2.396250000000000213e+00 9.945904999999999330e-01 1.003186499999999981e+00 1.003186499999999981e+00 9.998953749999999197e-01
2.403750000000000053e+00 9.963672500000000376e-01 1.002373374999999900e+00 1.002373374999999900e+00 9.998821249999998440e-01
2.411249999999999893e+00 9.963549999999998796e-01 1.002965375000000048e+00 1.002965375000000048e+00 9.998336250000000591e-01
2.418750000000000178e+00 9.988854999999999817e-01 1.002112000000000114e+00 1.002112000000000114e+00 9.997019999999999795e-01
2.426250000000000018e+00 1.000147125000000026e+00 1.002091874999999854e+00 1.002091874999999854e+00 9.996921250000000425e-01
2.433749999999999858e+00 9.905392499999998712e-01 1.002698249999999902e+00 1.002698249999999902e+00 9.996296249999999661e-01
2.441250000000000142e+00 1.002115874999999878e+00 1.002465125000000068e+00 1.002465125000000068e+00 9.997047500000000309e-01
2.448749999999999982e+00 1.005286375000000065e+00 1.002558625000000037e+00 1.002558625000000037e+00 9.997498750000000101e-01
2.456249999999999822e+00 1.004337125000000164e+00 1.001817249999999992e+00 1.001817249999999992e+00 9.995792500000000302e-01
2.463750000000000107e+00 1.000271874999999921e+00 1.001759875000000077e+00 1.001759875000000077e+00 9.995555000000000412e-01
2.471249999999999947e+00 1.009605375000000027e+00 1.002077000000000107e+00 1.002077000000000107e+00 9.996288750000000833e-01
2.478749999999999787e+00 1.001587000000000005e+00 1.001337499999999991e+00 1.001337499999999991e+00 9.996702499999998714e-01
2.486250000000000071e+00 1.009036999999999962e+00 1.001187999999999967e+00 1.001187999999999967e+00 9.996881250000000385e-01
2.493749999999999911e+00 1.003862375000000196e+00 1.001314999999999955e+00 1.001314999999999955e+00 9.995377500000000026e-01
2.501250000000000195e+00 1.008122874999999974e+00 1.001263375000000178e+00 1.001263375000000178e+00 9.996193749999999767e-01
2.508750000000000036e+00 1.008155750000000017e+00 1.000710624999999965e+00 1.000710624999999965e+00 9.994972500000001148e-01
2.516249999999999876e+00 1.006565125000000060e+00 1.001230499999999912e+00 1.001230499999999912e+00 9.997048750000000483e-01
2.523750000000000160e+00 1.005069624999999967e+00 1.001234249999999992e+00 1.001234249999999992e+00 9.996827499999999533e-01
2.531250000000000000e+00 1.005173749999999977e+00 1.001195749999999940e+00 1.001195749999999940e+00 9.995452500000000517e-01
2.538749999999999840e+00 1.005835374999999976e+00 1.000988250000000024e+00 1.000988250000000024e+00 9.995425000000000004e-01
2.546250000000000124e+00 1.005858999999999837e+00 9.999926249999998573e-01 9.999926249999998573e-01 9.997398750000000556e-01
2.553749999999999964e+00 1.006146874999999996e+00 1.000216750000000099e+00 1.000216750000000099e+00 9.996853749999999872e-01
2.561249999999999805e+00 1.010527500000000023e+00 1.000546999999999853e+00 1.000546999999999853e+00 9.997287499999999438e-01
2.568750000000000089e+00 1.006505249999999796e+00 1.000237374999999984e+00 1.000237374999999984e+00 9.996601249999998995e-01
2.576249999999999929e+00 1.011815374999999850e+00 9.998829999999999663e-01 9.998829999999999663e-01 9.996127500000001609e-01
2.583750000000000213e+00 1.008085874999999909e+00 1.000066999999999817e+00 1.000066999999999817e+00 9.995795000000000652e-01
2.591250000000000053e+00 1.011365125000000198e+00 9.998132499999999867e-01 9.998132499999999867e-01 9.996337499999999876e-01
2.598749999999999893e+00 1.009266374999999938e+00 9.998374999999998236e-01 9.998374999999998236e-01 9.995586250000000339e-01
2.606250000000000178e+00 1.009393750000000090e+00 9.996737500000001386e-01 9.996737500000001386e-01 9.995978749999999691e-01
2.613750000000000018e+00 1.012453374999999989e+00 9.998221250000001170e-01 9.998221250000001170e-01 9.995881250000000495e-01
2.621249999999999858e+00 1.008364500000000108e+00 9.996692500000000647e-01 9.996692500000000647e-01 9.996152500000000662e-01
2.628750000000000142e+00 1.007703999999999933e+00 9.996037499999999021e-01 9.996037499999999021e-01 9.995643749999999494e-01
2.636249999999999982e+00 1.011077499999999851e+00 9.989489999999999759e-01 9.989489999999999759e-01 9.996920000000000250e-01
2.643749999999999822e+00 1.008140749999999919e+00 9.992381249999999770e-01 9.992381249999999770e-01 9.997102499999999115e-01
2.651250000000000107e+00 1.010311499999999807e+00 9.999540000000000095e-01 9.999540000000000095e-01 9.996311250000000648e-01
2.658749999999999947e+00 1.007325874999999815e+00 9.990622499999999295e-01 9.990622499999999295e-01 9.997674999999999201e-01
2.666249999999999787e+00 1.004615875000000047e+00 9.992176249999999982e-01 9.992176249999999982e-01 9.997513750000001087e-01
2.673750000000000071e+00 1.004906749999999960e+00 9.989948750000000599e-01 9.989948750000000599e-01 9.999044999999998629e-01
2.681249999999999911e+00 1.005119249999999909e+00 9.995775000000000077e-01 9.995775000000000077e-01 9.997176250000000541e-01
2.688750000000000195e+00 1.007629000000000108e+00 9.990452499999999958e-01 9.990452499999999958e-01 9.996602500000000280e-01
2.696250000000000036e+00 1.003481749999999950e+00 9.994073749999999867e-01 9.994073749999999867e-01 9.996596249999999406e-01
2.703749999999999876e+00 1.009107749999999859e+00 9.982024999999999926e-01 9.982024999999999926e-01 9.998573750000000482e-01
2.711250000000000160e+00 1.006750749999999917e+00 9.989899999999999336e-01 9.989899999999999336e-01 9.996653749999999672e-01
2.718750000000000000e+00 1.004288500000000139e+00 9.989078750000000007e-01 9.989078750000000007e-01 9.995640000000001191e-01
2.726249999999999840e+00 1.003303124999999962e+00 9.986860000000000737e-01 9.986860000000000737e-01 9.998233749999999587e-01
2.733750000000000124e+00 1.006039125000000034e+00 9.989529999999999799e-01 9.989529999999999799e-01 9.997397500000000381e-01
2.741249999999999964e+00 1.000910624999999943e+00 9.988546249999998849e-01 9.988546249999998849e-01 9.997886250000000974e-01
2.748749999999999805e+00 1.000751249999999981e+00 9.988422499999999316e-01 9.988422499999999316e-01 9.998434999999999961e-01
2.756250000000000089e+00 1.005845249999999913e+00 9.987738750000000332e-01 9.987738750000000332e-01 9.999266250000000689e-01
2.763749999999999929e+00 9.973638749999998998e-01 9.986075000000000923e-01 9.986075000000000923e-01 9.996763749999999504e-01
2.771250000000000213e+00 1.002080375000000023e+00 9.984947499999999865e-01 9.984947499999999865e-01 1.000011750000000088e+00
2.778750000000000053e+00 1.003673500000000107e+00 9.988202500000000761e-01 9.988202500000000761e-01 9.999669999999999392e-01
2.786249999999999893e+00 1.000791374999999928e+00 9.991498750000000761e-01 9.991498750000000761e-01 1.000029999999999974e+00
2.793750000000000178e+00 9.959393750000000711e-01 9.985321250000001037e-01 9.985321250000001037e-01 9.999132499999999757e-01
2.801250000000000018e+00 9.973769999999999580e-01 9.989283749999998685e-01 9.989283749999998685e-01 9.998912499999998982e-01
2.808749999999999858e+00 9.986501250000000551e-01 9.990266250000000570e-01 9.990266250000000570e-01 9.998663749999998629e-01
2.816250000000000142e+00 9.969234999999999625e-01 9.993303749999999930e-01 9.993303749999999930e-01 9.998802500000000260e-01
2.823749999999999982e+00 9.995763750000001835e-01 9.998003750000000744e-01 9.998003750000000744e-01 9.998622500000000635e-01
2.831249999999999822e+00 1.000130874999999975e+00 9.987658750000000252e-01 9.987658750000000252e-01 9.999706250000000018e-01
2.838750000000000107e+00 9.990339999999999776e-01 9.993237500000000662e-01 9.993237500000000662e-01 1.000050749999999988e+00
2.846249999999999947e+00 9.976447500000000801e-01 9.991468749999999899e-01 9.991468749999999899e-01 9.998906250000000329e-01
2.853749999999999787e+00 9.962819999999998899e-01 9.990488750000000584e-01 9.990488750000000584e-01 9.999858749999999130e-01
2.861250000000000071e+00 9.966987499999999667e-01 9.992463750000000200e-01 9.992463750000000200e-01 9.999048749999999153e-01
2.868749999999999911e+00 9.954009999999999803e-01 9.991170000000000329e-01 9.991170000000000329e-01 9.999944999999998974e-01
2.876250000000000195e+00 1.000441125000000042e+00 9.992529999999998358e-01 9.992529999999998358e-01 1.000021749999999932e+00
2.883750000000000036e+00 9.985147500000000065e-01 9.995711249999998937e-01 9.995711249999998937e-01 9.998949999999999783e-01
2.891249999999999876e+00 9.940459999999999852e-01 9.993092499999999268e-01 9.993092499999999268e-01 1.000091874999999852e+00
2.898750000000000160e+00 9.959418749999999765e-01 9.992373749999998722e-01 9.992373749999998722e-01 9.999832500000001012e-01
2.906250000000000000e+00 9.916117500000001250e-01 9.993666249999999529e-01 9.993666249999999529e-01 9.999100000000000765e-01
2.913749999999999840e+00 9.967733749999999615e-01 9.992278750000000986e-01 9.992278750000000986e-01 1.000099750000000176e+00
2.921250000000000124e+00 9.909962499999999119e-01 9.993195000000000272e-01 9.993195000000000272e-01 1.000040999999999958e+00
2.928749999999999964e+00 9.947928749999999098e-01 9.993801250000000636e-01 9.993801250000000636e-01 1.000183499999999892e+00
2.936249999999999805e+00 9.955663749999998924e-01 1.000022624999999943e+00 1.000022624999999943e+00 9.999863749999999829e-01
2.943750000000000089e+00 9.923428749999999576e-01 9.995518749999999786e-01 9.995518749999999786e-01 9.999222500000000124e-01
2.951249999999999929e+00 9.966297499999998699e-01 9.994587499999999514e-01 9.994587499999999514e-01 1.000116500000000075e+00
2.958750000000000213e+00 9.919298749999999609e-01 9.995908749999999898e-01 9.995908749999999898e-01 9.999896249999999931e-01
2.966250000000000053e+00 9.968247499999999262e-01 9.995401250000000015e-01 9.995401250000000015e-01 1.000064375000000005e+00
2.973749999999999893e+00 9.976697500000000218e-01 1.000013625000000017e+00 1.000013625000000017e+00 9.999938749999999210e-01
2.981250000000000178e+00 9.977438749999999468e-01 9.996783750000000079e-01 9.996783750000000079e-01 9.999395000000000922e-01
2.988750000000000018e+00 9.966337500000000960e-01 9.995760000000000201e-01 9.995760000000000201e-01 1.000073624999999966e+00
2.996249999999999858e+00 1.000283000000000033e+00 9.998423749999998389e-01 9.998423749999998389e-01 9.999995000000000411e-01
