3.749999999999999861e-03 0.000000000000000000e+00 0.000000000000000000e+00 0.000000000000000000e+00 0.000000000000000000e+00
1.124999999999999958e-02 0.000000000000000000e+00 0.000000000000000000e+00 0.000000000000000000e+00 0.000000000000000000e+00
1.874999999999999931e-02 0.000000000000000000e+00 0.000000000000000000e+00 0.000000000000000000e+00 0.000000000000000000e+00
2.624999999999999903e-02 0.000000000000000000e+00 0.000000000000000000e+00 0.000000000000000000e+00 0.000000000000000000e+00
3.375000000000000222e-02 0.000000000000000000e+00 0.000000000000000000e+00 0.000000000000000000e+00 0.000000000000000000e+00
4.125000000000000194e-02 0.000000000000000000e+00 0.000000000000000000e+00 0.000000000000000000e+00 0.000000000000000000e+00
4.875000000000000167e-02 0.000000000000000000e+00 0.000000000000000000e+00 0.000000000000000000e+00 0.000000000000000000e+00
5.625000000000000139e-02 0.000000000000000000e+00 0.000000000000000000e+00 0.000000000000000000e+00 0.000000000000000000e+00
6.375000000000000111e-02 0.000000000000000000e+00 0.000000000000000000e+00 0.000000000000000000e+00 0.000000000000000000e+00
7.124999999999999389e-02 0.000000000000000000e+00 0.000000000000000000e+00 0.000000000000000000e+00 0.000000000000000000e+00
7.875000000000000056e-02 0.000000000000000000e+00 0.000000000000000000e+00 0.000000000000000000e+00 0.000000000000000000e+00
8.624999999999999334e-02 0.000000000000000000e+00 0.000000000000000000e+00 0.000000000000000000e+00 0.000000000000000000e+00
9.375000000000000000e-02 0.000000000000000000e+00 0.000000000000000000e+00 0.000000000000000000e+00 0.000000000000000000e+00
1.012500000000000067e-01 0.000000000000000000e+00 0.000000000000000000e+00 0.000000000000000000e+00 0.000000000000000000e+00
1.087499999999999994e-01 0.000000000000000000e+00 0.000000000000000000e+00 0.000000000000000000e+00 0.000000000000000000e+00
1.162500000000000061e-01 0.000000000000000000e+00 0.000000000000000000e+00 0.000000000000000000e+00 0.000000000000000000e+00
1.237499999999999989e-01 0.000000000000000000e+00 0.000000000000000000e+00 0.000000000000000000e+00 0.000000000000000000e+00
1.312500000000000056e-01 0.000000000000000000e+00 0.000000000000000000e+00 0.000000000000000000e+00 0.000000000000000000e+00
1.387500000000000122e-01 0.000000000000000000e+00 0.000000000000000000e+00 0.000000000000000000e+00 0.000000000000000000e+00
1.462499999999999911e-01 0.000000000000000000e+00 0.000000000000000000e+00 0.000000000000000000e+00 0.000000000000000000e+00
1.537499999999999978e-01 0.000000000000000000e+00 0.000000000000000000e+00 0.000000000000000000e+00 0.000000000000000000e+00
1.612500000000000044e-01 0.000000000000000000e+00 0.000000000000000000e+00 0.000000000000000000e+00 0.000000000000000000e+00
1.687500000000000111e-01 0.000000000000000000e+00 0.000000000000000000e+00 0.000000000000000000e+00 0.000000000000000000e+00
1.762499999999999900e-01 0.000000000000000000e+00 0.000000000000000000e+00 0.000000000000000000e+00 0.000000000000000000e+00
1.837499999999999967e-01 0.000000000000000000e+00 0.000000000000000000e+00 0.000000000000000000e+00 3.809999999999999910e-04
1.912500000000000033e-01 0.000000000000000000e+00 0.000000000000000000e+00 0.000000000000000000e+00 4.050000000000000128e-02
1.987500000000000100e-01 0.000000000000000000e+00 0.000000000000000000e+00 0.000000000000000000e+00 4.600905000000000133e-01
2.062499999999999889e-01 0.000000000000000000e+00 0.000000000000000000e+00 0.000000000000000000e+00 1.610225250000000052e+00
2.137499999999999956e-01 0.000000000000000000e+00 0.000000000000000000e+00 0.000000000000000000e+00 2.776003999999999916e+00
2.212500000000000022e-01 0.000000000000000000e+00 0.000000000000000000e+00 0.000000000000000000e+00 3.189016749999999512e+00
2.287500000000000089e-01 0.000000000000000000e+00 0.000000000000000000e+00 0.000000000000000000e+00 3.034915250000000064e+00
2.362499999999999878e-01 0.000000000000000000e+00 0.000000000000000000e+00 0.000000000000000000e+00 2.813470250000000394e+00
2.437499999999999944e-01 0.000000000000000000e+00 0.000000000000000000e+00 0.000000000000000000e+00 2.621052499999999785e+00
2.512499999999999734e-01 0.000000000000000000e+00 0.000000000000000000e+00 0.000000000000000000e+00 2.443218499999999960e+00
2.587499999999999800e-01 0.000000000000000000e+00 0.000000000000000000e+00 0.000000000000000000e+00 2.293902999999999803e+00
2.662499999999999867e-01 0.000000000000000000e+00 0.000000000000000000e+00 0.000000000000000000e+00 2.153447749999999772e+00
2.737499999999999933e-01 0.000000000000000000e+00 0.000000000000000000e+00 0.000000000000000000e+00 2.031832249999999895e+00
2.812500000000000000e-01 0.000000000000000000e+00 0.000000000000000000e+00 0.000000000000000000e+00 1.923029749999999982e+00
2.887500000000000067e-01 0.000000000000000000e+00 0.000000000000000000e+00 0.000000000000000000e+00 1.829137000000000013e+00
2.962500000000000133e-01 0.000000000000000000e+00 0.000000000000000000e+00 0.000000000000000000e+00 1.744073500000000054e+00
3.037500000000000200e-01 0.000000000000000000e+00 0.000000000000000000e+00 0.000000000000000000e+00 1.671290499999999790e+00
3.112500000000000266e-01 0.000000000000000000e+00 0.000000000000000000e+00 0.000000000000000000e+00 1.605751750000000033e+00
3.187499999999999778e-01 0.000000000000000000e+00 0.000000000000000000e+00 0.000000000000000000e+00 1.550676500000000235e+00
3.262499999999999845e-01 0.000000000000000000e+00 0.000000000000000000e+00 0.000000000000000000e+00 1.502201249999999932e+00
3.337499999999999911e-01 0.000000000000000000e+00 0.000000000000000000e+00 0.000000000000000000e+00 1.466461500000000084e+00
3.412499999999999978e-01 0.000000000000000000e+00 0.000000000000000000e+00 0.000000000000000000e+00 1.430702750000000023e+00
3.487500000000000044e-01 0.000000000000000000e+00 0.000000000000000000e+00 0.000000000000000000e+00 1.404155500000000112e+00
3.562500000000000111e-01 0.000000000000000000e+00 0.000000000000000000e+00 0.000000000000000000e+00 1.385737750000000101e+00
3.637500000000000178e-01 0.000000000000000000e+00 0.000000000000000000e+00 0.000000000000000000e+00 1.371808999999999834e+00
3.712500000000000244e-01 0.000000000000000000e+00 0.000000000000000000e+00 0.000000000000000000e+00 1.366504500000000011e+00
3.787499999999999756e-01 0.000000000000000000e+00 0.000000000000000000e+00 0.000000000000000000e+00 1.361998250000000077e+00
3.862499999999999822e-01 0.000000000000000000e+00 0.000000000000000000e+00 0.000000000000000000e+00 1.364449000000000023e+00
3.937499999999999889e-01 0.000000000000000000e+00 0.000000000000000000e+00 0.000000000000000000e+00 1.371644249999999898e+00
4.012499999999999956e-01 0.000000000000000000e+00 0.000000000000000000e+00 0.000000000000000000e+00 1.384050250000000037e+00
4.087500000000000022e-01 0.000000000000000000e+00 0.000000000000000000e+00 0.000000000000000000e+00 1.399556000000000022e+00
4.162500000000000089e-01 0.000000000000000000e+00 0.000000000000000000e+00 0.000000000000000000e+00 1.413122250000000024e+00
4.237500000000000155e-01 0.000000000000000000e+00 0.000000000000000000e+00 0.000000000000000000e+00 1.428021500000000055e+00
4.312500000000000222e-01 0.000000000000000000e+00 0.000000000000000000e+00 0.000000000000000000e+00 1.437119000000000035e+00
4.387499999999999734e-01 0.000000000000000000e+00 0.000000000000000000e+00 0.000000000000000000e+00 1.440371499999999916e+00
4.462499999999999800e-01 0.000000000000000000e+00 0.000000000000000000e+00 0.000000000000000000e+00 1.439080249999999950e+00
4.537499999999999867e-01 0.000000000000000000e+00 0.000000000000000000e+00 0.000000000000000000e+00 1.433180249999999933e+00
4.612499999999999933e-01 0.000000000000000000e+00 0.000000000000000000e+00 0.000000000000000000e+00 1.423910500000000301e+00
4.687500000000000000e-01 0.000000000000000000e+00 0.000000000000000000e+00 0.000000000000000000e+00 1.413943249999999763e+00
4.762500000000000067e-01 0.000000000000000000e+00 0.000000000000000000e+00 0.000000000000000000e+00 1.401090500000000016e+00
4.837500000000000133e-01 0.000000000000000000e+00 0.000000000000000000e+00 0.000000000000000000e+00 1.388207250000000004e+00
4.912500000000000200e-01 0.000000000000000000e+00 0.000000000000000000e+00 0.000000000000000000e+00 1.374614750000000107e+00
4.987500000000000266e-01 0.000000000000000000e+00 0.000000000000000000e+00 0.000000000000000000e+00 1.359058250000000134e+00
5.062499999999999778e-01 0.000000000000000000e+00 0.000000000000000000e+00 0.000000000000000000e+00 1.343339000000000061e+00
5.137500000000000400e-01 0.000000000000000000e+00 0.000000000000000000e+00 0.000000000000000000e+00 1.329586749999999817e+00
5.212499999999999911e-01 0.000000000000000000e+00 0.000000000000000000e+00 0.000000000000000000e+00 1.315829499999999985e+00
5.287500000000000533e-01 0.000000000000000000e+00 0.000000000000000000e+00 0.000000000000000000e+00 1.301912499999999806e+00
5.362500000000000044e-01 0.000000000000000000e+00 4.750000000000000262e-06 4.750000000000000262e-06 1.289483499999999783e+00
5.437499999999999556e-01 0.000000000000000000e+00 1.374999999999999880e-05 1.374999999999999880e-05 1.277634500000000006e+00
5.512500000000000178e-01 0.000000000000000000e+00 2.610000000000000015e-04 2.610000000000000015e-04 1.266064499999999926e+00
5.587499999999999689e-01 0.000000000000000000e+00 2.600499999999999947e-03 2.600499999999999947e-03 1.255837749999999975e+00
5.662500000000000311e-01 0.000000000000000000e+00 1.265149999999999955e-02 1.265149999999999955e-02 1.247134750000000070e+00
5.737499999999999822e-01 0.000000000000000000e+00 4.814974999999999811e-02 4.814974999999999811e-02 1.236693749999999925e+00
5.812500000000000444e-01 0.000000000000000000e+00 1.372662500000000063e-01 1.372662500000000063e-01 1.231281749999999953e+00
5.887499999999999956e-01 0.000000000000000000e+00 3.131522500000000209e-01 3.131522500000000209e-01 1.222744749999999936e+00
5.962499999999999467e-01 0.000000000000000000e+00 5.791539999999999466e-01 5.791539999999999466e-01 1.216230249999999957e+00
6.037500000000000089e-01 0.000000000000000000e+00 9.320182500000000481e-01 9.320182500000000481e-01 1.209852000000000150e+00
6.112499999999999600e-01 0.000000000000000000e+00 1.321800749999999969e+00 1.321800749999999969e+00 1.204771749999999919e+00
6.187500000000000222e-01 0.000000000000000000e+00 1.690814999999999957e+00 1.690814999999999957e+00 1.200306499999999943e+00
6.262499999999999734e-01 0.000000000000000000e+00 1.992309249999999921e+00 1.992309249999999921e+00 1.195625750000000043e+00
6.337500000000000355e-01 0.000000000000000000e+00 2.194023999999999752e+00 2.194023999999999752e+00 1.189822500000000005e+00
6.412499999999999867e-01 0.000000000000000000e+00 2.294994749999999861e+00 2.294994749999999861e+00 1.185313499999999909e+00
6.487500000000000488e-01 0.000000000000000000e+00 2.296623000000000303e+00 2.296623000000000303e+00 1.180019249999999964e+00
6.562500000000000000e-01 0.000000000000000000e+00 2.228777249999999821e+00 2.228777249999999821e+00 1.176607249999999993e+00
6.637499999999999512e-01 0.000000000000000000e+00 2.097754750000000001e+00 2.097754750000000001e+00 1.170485250000000033e+00
6.712500000000000133e-01 0.000000000000000000e+00 1.941893250000000126e+00 1.941893250000000126e+00 1.165179250000000000e+00
6.787499999999999645e-01 0.000000000000000000e+00 1.780339999999999812e+00 1.780339999999999812e+00 1.160150499999999862e+00
6.862500000000000266e-01 0.000000000000000000e+00 1.640978249999999861e+00 1.640978249999999861e+00 1.154368499999999909e+00
6.937499999999999778e-01 0.000000000000000000e+00 1.517178249999999951e+00 1.517178249999999951e+00 1.149674000000000085e+00
7.012500000000000400e-01 0.000000000000000000e+00 1.406548250000000166e+00 1.406548250000000166e+00 1.144488749999999833e+00
7.087499999999999911e-01 0.000000000000000000e+00 1.319048500000000068e+00 1.319048500000000068e+00 1.138832499999999914e+00
7.162500000000000533e-01 0.000000000000000000e+00 1.240981750000000217e+00 1.240981750000000217e+00 1.133242499999999930e+00
7.237500000000000044e-01 0.000000000000000000e+00 1.175376999999999894e+00 1.175376999999999894e+00 1.126998500000000014e+00
7.312499999999999556e-01 0.000000000000000000e+00 1.119322749999999811e+00 1.119322749999999811e+00 1.121866499999999878e+00
7.387500000000000178e-01 0.000000000000000000e+00 1.071539500000000089e+00 1.071539500000000089e+00 1.116992000000000207e+00
7.462499999999999689e-01 0.000000000000000000e+00 1.035074250000000085e+00 1.035074250000000085e+00 1.111153000000000057e+00
7.537500000000000311e-01 0.000000000000000000e+00 1.002699000000000007e+00 1.002699000000000007e+00 1.107442749999999920e+00
7.612499999999999822e-01 0.000000000000000000e+00 9.823432500000000012e-01 9.823432500000000012e-01 1.102275499999999964e+00
7.687500000000000444e-01 0.000000000000000000e+00 9.702094999999999470e-01 9.702094999999999470e-01 1.098143250000000126e+00
7.762499999999999956e-01 0.000000000000000000e+00 9.641142499999999504e-01 9.641142499999999504e-01 1.093621500000000024e+00
7.837499999999999467e-01 0.000000000000000000e+00 9.621892499999999959e-01 9.621892499999999959e-01 1.089267750000000090e+00
7.912500000000000089e-01 0.000000000000000000e+00 9.693262499999999449e-01 9.693262499999999449e-01 1.084958499999999937e+00
7.987499999999999600e-01 0.000000000000000000e+00 9.833790000000000031e-01 9.833790000000000031e-01 1.081206249999999924e+00
8.062500000000000222e-01 0.000000000000000000e+00 9.988312500000000593e-01 9.988312500000000593e-01 1.077619749999999987e+00
8.137499999999999734e-01 0.000000000000000000e+00 1.017774500000000026e+00 1.017774500000000026e+00 1.074513000000000051e+00
8.212500000000000355e-01 0.000000000000000000e+00 1.039449499999999915e+00 1.039449499999999915e+00 1.070914750000000026e+00
8.287499999999999867e-01 0.000000000000000000e+00 1.057054249999999973e+00 1.057054249999999973e+00 1.067796500000000037e+00
8.362500000000000488e-01 0.000000000000000000e+00 1.072856499999999880e+00 1.072856499999999880e+00 1.064709249999999940e+00
8.437500000000000000e-01 0.000000000000000000e+00 1.084918000000000049e+00 1.084918000000000049e+00 1.062397500000000106e+00
8.512499999999999512e-01 0.000000000000000000e+00 1.093144249999999928e+00 1.093144249999999928e+00 1.059485999999999928e+00
8.587500000000000133e-01 0.000000000000000000e+00 1.095178499999999833e+00 1.095178499999999833e+00 1.056084999999999940e+00
8.662499999999999645e-01 0.000000000000000000e+00 1.093494499999999814e+00 1.093494499999999814e+00 1.054041750000000111e+00
8.737500000000000266e-01 0.000000000000000000e+00 1.086973250000000002e+00 1.086973250000000002e+00 1.051137749999999871e+00
8.812499999999999778e-01 0.000000000000000000e+00 1.080087000000000019e+00 1.080087000000000019e+00 1.048924750000000072e+00
8.887500000000000400e-01 1.079999999999999960e-04 1.070312999999999848e+00 1.070312999999999848e+00 1.046609249999999935e+00
8.962499999999999911e-01 2.338749999999999683e-03 1.056444500000000009e+00 1.056444500000000009e+00 1.044598499999999985e+00
9.037500000000000533e-01 7.946250000000000188e-03 1.044827750000000055e+00 1.044827750000000055e+00 1.042346999999999912e+00
9.112500000000000044e-01 3.702300000000000035e-02 1.031219000000000108e+00 1.031219000000000108e+00 1.039795999999999943e+00
9.187499999999999556e-01 1.026867499999999933e-01 1.013478499999999949e+00 1.013478499999999949e+00 1.038859749999999860e+00
9.262500000000000178e-01 2.532232500000000108e-01 9.986204999999999110e-01 9.986204999999999110e-01 1.035960000000000214e+00
9.337499999999999689e-01 5.225357499999999655e-01 9.861242500000000355e-01 9.861242500000000355e-01 1.034551250000000033e+00
9.412500000000000311e-01 9.747940000000000493e-01 9.751020000000000243e-01 9.751020000000000243e-01 1.032242250000000139e+00
9.487499999999999822e-01 1.597839000000000009e+00 9.650790000000000202e-01 9.650790000000000202e-01 1.031134000000000217e+00
9.562500000000000444e-01 2.348009750000000118e+00 9.553762500000000379e-01 9.553762500000000379e-01 1.029452749999999916e+00
9.637499999999999956e-01 3.218614999999999782e+00 9.458514999999999562e-01 9.458514999999999562e-01 1.027741250000000051e+00
9.712499999999999467e-01 3.983847750000000243e+00 9.417167499999999913e-01 9.417167499999999913e-01 1.027242749999999871e+00
9.787500000000000089e-01 4.711964000000000041e+00 9.314755000000000118e-01 9.314755000000000118e-01 1.026118500000000155e+00
9.862499999999999600e-01 5.177524749999999898e+00 9.266535000000000188e-01 9.266535000000000188e-01 1.024829999999999908e+00
9.937500000000000222e-01 5.415821000000000218e+00 9.236197500000000726e-01 9.236197500000000726e-01 1.023674999999999891e+00
1.001249999999999973e+00 5.451349999999999696e+00 9.197012500000000257e-01 9.197012500000000257e-01 1.023066999999999949e+00
1.008750000000000036e+00 5.246051000000000464e+00 9.165007499999999752e-01 9.165007499999999752e-01 1.021310750000000045e+00
1.016250000000000098e+00 4.956065750000000492e+00 9.163852500000000401e-01 9.163852500000000401e-01 1.021197750000000015e+00
1.023749999999999938e+00 4.484133500000000438e+00 9.147469999999999768e-01 9.147469999999999768e-01 1.020911250000000159e+00
1.031250000000000000e+00 4.062615250000000344e+00 9.140079999999999316e-01 9.140079999999999316e-01 1.019745250000000159e+00
1.038750000000000062e+00 3.567283500000000274e+00 9.123775000000000635e-01 9.123775000000000635e-01 1.019479749999999907e+00
1.046249999999999902e+00 3.122196750000000076e+00 9.118300000000000294e-01 9.118300000000000294e-01 1.018976500000000174e+00
1.053749999999999964e+00 2.678838250000000087e+00 9.117987499999999912e-01 9.117987499999999912e-01 1.018807250000000053e+00
1.061250000000000027e+00 2.309301999999999744e+00 9.120292500000001246e-01 9.120292500000001246e-01 1.019127749999999999e+00
1.068750000000000089e+00 1.972342499999999887e+00 9.114897500000000985e-01 9.114897500000000985e-01 1.019360999999999962e+00
1.076249999999999929e+00 1.686247000000000051e+00 9.111460000000000115e-01 9.111460000000000115e-01 1.019549749999999921e+00
1.083749999999999991e+00 1.445808500000000052e+00 9.093532500000001129e-01 9.093532500000001129e-01 1.019290749999999912e+00
1.091250000000000053e+00 1.238331249999999883e+00 9.096882499999999760e-01 9.096882499999999760e-01 1.019441500000000111e+00
1.098749999999999893e+00 1.061760000000000037e+00 9.073980000000000379e-01 9.073980000000000379e-01 1.020626000000000033e+00
1.106249999999999956e+00 9.327619999999999800e-01 9.053795000000000037e-01 9.053795000000000037e-01 1.020561000000000051e+00
1.113750000000000018e+00 8.174572500000000241e-01 9.045680000000000387e-01 9.045680000000000387e-01 1.021479999999999944e+00
1.121250000000000080e+00 7.218542500000000306e-01 9.022624999999999673e-01 9.022624999999999673e-01 1.022419250000000002e+00
1.128749999999999920e+00 6.439924999999999677e-01 9.019239999999999480e-01 9.019239999999999480e-01 1.022568249999999956e+00
1.136249999999999982e+00 5.770472500000000116e-01 9.000335000000000418e-01 9.000335000000000418e-01 1.023868999999999918e+00
1.143750000000000044e+00 5.462647500000000766e-01 8.978992499999999266e-01 8.978992499999999266e-01 1.024703499999999989e+00
1.151250000000000107e+00 5.161035000000000483e-01 8.991587500000000066e-01 8.991587500000000066e-01 1.025794499999999942e+00
1.158749999999999947e+00 5.018120000000000358e-01 8.979390000000000427e-01 8.979390000000000427e-01 1.027225999999999972e+00
1.166250000000000009e+00 4.835749999999999771e-01 8.957682500000000436e-01 8.957682500000000436e-01 1.028067000000000064e+00
1.173750000000000071e+00 4.780347500000000638e-01 8.957484999999999475e-01 8.957484999999999475e-01 1.029307500000000042e+00
1.181249999999999911e+00 4.871617499999999490e-01 8.961237499999998857e-01 8.961237499999998857e-01 1.031254249999999928e+00
1.188749999999999973e+00 4.951747499999999969e-01 8.969414999999999472e-01 8.969414999999999472e-01 1.032748000000000221e+00
1.196250000000000036e+00 5.178687499999999888e-01 8.966274999999999107e-01 8.966274999999999107e-01 1.033443749999999994e+00
1.203750000000000098e+00 5.574632499999999657e-01 8.990129999999999511e-01 8.990129999999999511e-01 1.035055250000000093e+00
1.211249999999999938e+00 5.949934999999999530e-01 9.007219999999999116e-01 9.007219999999999116e-01 1.036555749999999998e+00
1.218750000000000000e+00 6.227635000000000254e-01 9.008627499999999344e-01 9.008627499999999344e-01 1.038111500000000076e+00
1.226250000000000062e+00 6.646912499999999557e-01 9.038567499999999866e-01 9.038567499999999866e-01 1.039509999999999934e+00
1.233749999999999902e+00 7.042105000000000725e-01 9.050607499999999694e-01 9.050607499999999694e-01 1.040078999999999976e+00
1.241249999999999964e+00 7.406222500000000375e-01 9.070552499999999796e-01 9.070552499999999796e-01 1.040871749999999984e+00
1.248750000000000027e+00 7.895284999999999664e-01 9.089190000000000325e-01 9.089190000000000325e-01 1.042070499999999900e+00
1.256250000000000089e+00 8.088085000000000413e-01 9.128922500000000717e-01 9.128922500000000717e-01 1.041744749999999886e+00
1.263749999999999929e+00 8.300364999999999549e-01 9.130897499999999223e-01 9.130897499999999223e-01 1.041367249999999967e+00
1.271249999999999991e+00 8.529807499999999543e-01 9.155874999999999986e-01 9.155874999999999986e-01 1.041158749999999911e+00
1.278750000000000053e+00 8.439442499999999514e-01 9.184379999999999766e-01 9.184379999999999766e-01 1.040493749999999995e+00
1.286249999999999893e+00 8.444032500000000496e-01 9.198359999999998760e-01 9.198359999999998760e-01 1.039609749999999888e+00
1.293749999999999956e+00 8.428044999999999565e-01 9.226185000000000080e-01 9.226185000000000080e-01 1.038400999999999907e+00
1.301250000000000018e+00 8.348320000000000185e-01 9.248037500000000355e-01 9.248037500000000355e-01 1.037576499999999902e+00
1.308750000000000080e+00 8.255907499999999288e-01 9.286180000000000545e-01 9.286180000000000545e-01 1.036178000000000043e+00
1.316249999999999920e+00 7.864375000000000115e-01 9.292419999999999014e-01 9.292419999999999014e-01 1.034857750000000021e+00
1.323749999999999982e+00 7.846662500000000096e-01 9.298897500000000704e-01 9.298897500000000704e-01 1.033755250000000014e+00
1.331250000000000044e+00 7.733440000000000314e-01 9.344087500000000102e-01 9.344087500000000102e-01 1.032095500000000055e+00
1.338750000000000107e+00 7.607487500000000846e-01 9.367312500000000153e-01 9.367312500000000153e-01 1.031483249999999963e+00
1.346249999999999947e+00 7.575732500000000869e-01 9.387204999999999577e-01 9.387204999999999577e-01 1.030104499999999978e+00
1.353750000000000009e+00 7.389974999999999739e-01 9.403934999999999933e-01 9.403934999999999933e-01 1.028900499999999996e+00
1.361250000000000071e+00 7.369140000000000690e-01 9.450257500000001087e-01 9.450257500000001087e-01 1.028286500000000103e+00
1.368749999999999911e+00 7.106274999999999675e-01 9.458124999999999449e-01 9.458124999999999449e-01 1.027263999999999955e+00
1.376249999999999973e+00 7.061042499999999889e-01 9.497484999999999955e-01 9.497484999999999955e-01 1.026476500000000014e+00
1.383750000000000036e+00 7.147495000000000376e-01 9.522304999999999797e-01 9.522304999999999797e-01 1.026024999999999743e+00
1.391250000000000098e+00 7.080789999999999029e-01 9.563355000000000050e-01 9.563355000000000050e-01 1.025243750000000009e+00
1.398749999999999938e+00 7.165684999999999416e-01 9.593902500000000000e-01 9.593902500000000000e-01 1.024946749999999795e+00
1.406250000000000000e+00 7.234982500000000094e-01 9.627540000000001097e-01 9.627540000000001097e-01 1.024155750000000031e+00
1.413750000000000062e+00 7.178077499999999667e-01 9.673624999999999030e-01 9.673624999999999030e-01 1.023636000000000212e+00
1.421249999999999902e+00 7.234844999999999748e-01 9.705017499999999409e-01 9.705017499999999409e-01 1.023341750000000161e+00
1.428749999999999964e+00 7.351947500000000080e-01 9.736467500000000053e-01 9.736467500000000053e-01 1.023241999999999985e+00
1.436250000000000027e+00 7.368924999999999503e-01 9.794834999999999514e-01 9.794834999999999514e-01 1.022618249999999840e+00
1.443750000000000089e+00 7.490852500000000358e-01 9.817092499999999777e-01 9.817092499999999777e-01 1.022061499999999956e+00
1.451249999999999929e+00 7.563655000000000239e-01 9.876424999999999788e-01 9.876424999999999788e-01 1.021749999999999936e+00
1.458749999999999991e+00 7.614900000000000002e-01 9.896767499999999940e-01 9.896767499999999940e-01 1.021192249999999913e+00
1.466250000000000053e+00 7.750900000000000567e-01 9.941467500000000790e-01 9.941467500000000790e-01 1.021165749999999983e+00
1.473749999999999893e+00 7.825947500000001167e-01 1.000367750000000111e+00 1.000367750000000111e+00 1.020205250000000063e+00
1.481249999999999956e+00 7.903752500000000847e-01 1.005876499999999840e+00 1.005876499999999840e+00 1.019518000000000146e+00
1.488750000000000018e+00 7.896754999999999747e-01 1.009511499999999895e+00 1.009511499999999895e+00 1.018553499999999890e+00
1.496250000000000080e+00 7.971507499999999080e-01 1.013316500000000175e+00 1.013316500000000175e+00 1.018276750000000064e+00
1.503749999999999920e+00 8.000205000000000233e-01 1.017966249999999961e+00 1.017966249999999961e+00 1.017477750000000070e+00
1.511249999999999982e+00 8.130010000000000847e-01 1.024189500000000086e+00 1.024189500000000086e+00 1.016639250000000105e+00
1.518750000000000044e+00 8.179862499999999148e-01 1.028076500000000060e+00 1.028076500000000060e+00 1.015843499999999899e+00
1.526250000000000107e+00 8.129362500000000269e-01 1.034600750000000069e+00 1.034600750000000069e+00 1.014618500000000090e+00
1.533749999999999947e+00 8.298727500000000479e-01 1.038495249999999981e+00 1.038495249999999981e+00 1.014001500000000000e+00
1.541250000000000009e+00 8.366267499999999746e-01 1.042473999999999901e+00 1.042473999999999901e+00 1.013378499999999960e+00
1.548750000000000071e+00 8.344537499999999941e-01 1.047932749999999968e+00 1.047932749999999968e+00 1.012527750000000060e+00
1.556249999999999911e+00 8.460699999999999887e-01 1.055788999999999866e+00 1.055788999999999866e+00 1.012099000000000082e+00
1.563749999999999973e+00 8.501617500000000494e-01 1.059502750000000049e+00 1.059502750000000049e+00 1.011214999999999975e+00
1.571250000000000036e+00 8.595677499999999638e-01 1.063295749999999984e+00 1.063295749999999984e+00 1.010420749999999979e+00
1.578750000000000098e+00 8.560800000000000631e-01 1.066602999999999968e+00 1.066602999999999968e+00 1.009659749999999967e+00
1.586249999999999938e+00 8.633442499999999242e-01 1.068837750000000142e+00 1.068837750000000142e+00 1.008900249999999943e+00
1.593750000000000000e+00 8.717120000000000424e-01 1.070269499999999985e+00 1.070269499999999985e+00 1.008604500000000126e+00
1.601250000000000062e+00 8.795522500000000354e-01 1.070539000000000129e+00 1.070539000000000129e+00 1.007860750000000083e+00
1.608749999999999902e+00 8.879014999999998992e-01 1.071363499999999913e+00 1.071363499999999913e+00 1.007393999999999901e+00
1.616249999999999964e+00 9.078927500000000261e-01 1.071001749999999975e+00 1.071001749999999975e+00 1.006654500000000008e+00
1.623750000000000027e+00 9.147807499999999203e-01 1.068485749999999790e+00 1.068485749999999790e+00 1.006145249999999880e+00
1.631250000000000089e+00 9.219850000000000545e-01 1.065239000000000047e+00 1.065239000000000047e+00 1.005926499999999946e+00
1.638749999999999929e+00 9.456189999999999873e-01 1.061175749999999862e+00 1.061175749999999862e+00 1.005603499999999872e+00
1.646249999999999991e+00 9.592999999999999305e-01 1.056537250000000094e+00 1.056537250000000094e+00 1.005268000000000050e+00
1.653750000000000053e+00 9.718205000000000870e-01 1.051664750000000037e+00 1.051664750000000037e+00 1.004830499999999960e+00
1.661249999999999893e+00 9.833337500000000064e-01 1.046584249999999994e+00 1.046584249999999994e+00 1.004272249999999866e+00
1.668749999999999956e+00 1.006622249999999941e+00 1.039901999999999882e+00 1.039901999999999882e+00 1.003905000000000047e+00
1.676250000000000018e+00 1.021735999999999978e+00 1.035282249999999848e+00 1.035282249999999848e+00 1.003575249999999919e+00
1.683750000000000080e+00 1.034131249999999946e+00 1.029240750000000038e+00 1.029240750000000038e+00 1.002971250000000092e+00
1.691249999999999920e+00 1.058955749999999973e+00 1.025214999999999987e+00 1.025214999999999987e+00 1.002933249999999887e+00
1.698749999999999982e+00 1.061285250000000069e+00 1.021119999999999806e+00 1.021119999999999806e+00 1.002526999999999946e+00
1.706250000000000044e+00 1.073359749999999835e+00 1.015836750000000066e+00 1.015836750000000066e+00 1.002357750000000047e+00
1.713750000000000107e+00 1.081867499999999982e+00 1.013392999999999988e+00 1.013392999999999988e+00 1.002332999999999918e+00
1.721249999999999947e+00 1.097853999999999886e+00 1.008972500000000050e+00 1.008972500000000050e+00 1.001962250000000054e+00
1.728750000000000009e+00 1.106608249999999849e+00 1.005160000000000053e+00 1.005160000000000053e+00 1.001711000000000018e+00
1.736250000000000071e+00 1.099306499999999964e+00 1.004603750000000018e+00 1.004603750000000018e+00 1.001199750000000055e+00
1.743749999999999911e+00 1.111242999999999981e+00 1.001696750000000025e+00 1.001696750000000025e+00 1.001072999999999880e+00
1.751249999999999973e+00 1.115974000000000022e+00 1.001572249999999942e+00 1.001572249999999942e+00 1.000671249999999901e+00
1.758750000000000036e+00 1.108354250000000096e+00 9.982257500000000228e-01 9.982257500000000228e-01 1.001137999999999861e+00
1.766250000000000098e+00 1.106105749999999777e+00 9.982959999999999612e-01 9.982959999999999612e-01 1.000764999999999905e+00
1.773749999999999938e+00 1.106434750000000022e+00 9.964747500000000757e-01 9.964747500000000757e-01 1.000428499999999943e+00
1.781250000000000000e+00 1.105373249999999974e+00 9.955685000000000784e-01 9.955685000000000784e-01 1.000197500000000073e+00
1.788750000000000062e+00 1.096123249999999993e+00 9.947654999999999692e-01 9.947654999999999692e-01 1.000402750000000118e+00
1.796249999999999902e+00 1.102789999999999937e+00 9.939967499999999845e-01 9.939967499999999845e-01 9.998895000000000977e-01
1.803749999999999964e+00 1.107313249999999805e+00 9.927075000000000760e-01 9.927075000000000760e-01 9.997112499999999402e-01
1.811250000000000027e+00 1.100348499999999952e+00 9.935009999999999675e-01 9.935009999999999675e-01 9.998010000000000508e-01
1.818750000000000089e+00 1.105258999999999991e+00 9.909850000000000048e-01 9.909850000000000048e-01 9.999827499999999203e-01
1.826249999999999929e+00 1.106338999999999961e+00 9.919217499999999355e-01 9.919217499999999355e-01 9.998417500000000846e-01
1.833749999999999991e+00 1.114271999999999929e+00 9.920982499999999593e-01 9.920982499999999593e-01 9.997907499999998393e-01
1.841250000000000053e+00 1.128790750000000065e+00 9.894842500000000651e-01 9.894842500000000651e-01 9.997982499999999995e-01
1.848749999999999893e+00 1.146110499999999810e+00 9.910807499999999548e-01 9.910807499999999548e-01 9.994060000000000166e-01
1.856249999999999956e+00 1.143113000000000046e+00 9.882752500000000495e-01 9.882752500000000495e-01 9.997272499999999562e-01
1.863750000000000018e+00 1.154754749999999941e+00 9.890629999999999145e-01 9.890629999999999145e-01 9.996585000000000054e-01
1.871250000000000080e+00 1.174173000000000133e+00 9.881042500000000173e-01 9.881042500000000173e-01 9.995582499999999815e-01
1.878749999999999920e+00 1.174325499999999911e+00 9.865162499999999834e-01 9.865162499999999834e-01 9.997682500000000250e-01
1.886249999999999982e+00 1.190183500000000061e+00 9.873252500000000431e-01 9.873252500000000431e-01 9.998810000000000198e-01
1.893750000000000044e+00 1.197514500000000037e+00 9.848799999999999777e-01 9.848799999999999777e-01 9.999329999999999607e-01
1.901250000000000107e+00 1.205473500000000087e+00 9.833389999999999631e-01 9.833389999999999631e-01 9.998062500000000075e-01
1.908749999999999947e+00 1.216082999999999803e+00 9.824429999999999552e-01 9.824429999999999552e-01 1.000209249999999939e+00
1.916250000000000009e+00 1.231187250000000066e+00 9.832967500000000527e-01 9.832967500000000527e-01 1.000481500000000024e+00
1.923750000000000071e+00 1.224906250000000085e+00 9.811495000000000077e-01 9.811495000000000077e-01 1.000060999999999867e+00
1.931249999999999911e+00 1.232170749999999870e+00 9.827400000000000579e-01 9.827400000000000579e-01 1.000424750000000085e+00
1.938749999999999973e+00 1.235333750000000119e+00 9.807482499999999881e-01 9.807482499999999881e-01 1.000355749999999988e+00
1.946250000000000036e+00 1.231129000000000140e+00 9.790907500000000097e-01 9.790907500000000097e-01 1.000655249999999885e+00
1.953750000000000098e+00 1.241181250000000125e+00 9.794172500000000170e-01 9.794172500000000170e-01 1.000822499999999948e+00
1.961249999999999938e+00 1.227111000000000063e+00 9.791750000000000176e-01 9.791750000000000176e-01 1.000966000000000022e+00
1.968750000000000000e+00 1.212271499999999946e+00 9.785387500000000127e-01 9.785387500000000127e-01 1.001170499999999963e+00
1.976250000000000062e+00 1.202388000000000012e+00 9.785027499999999767e-01 9.785027499999999767e-01 1.001109500000000097e+00
1.983749999999999902e+00 1.183699999999999974e+00 9.780029999999999557e-01 9.780029999999999557e-01 1.001228000000000007e+00
1.991249999999999964e+00 1.165775500000000076e+00 9.780877500000000335e-01 9.780877500000000335e-01 1.001225000000000032e+00
1.998750000000000027e+00 1.143170249999999832e+00 9.777589999999999337e-01 9.777589999999999337e-01 1.001690750000000074e+00
2.006250000000000089e+00 1.123712749999999927e+00 9.785977500000000440e-01 9.785977500000000440e-01 1.001840499999999912e+00
2.013749999999999929e+00 1.093983249999999963e+00 9.768472500000000558e-01 9.768472500000000558e-01 1.001840500000000134e+00
2.021250000000000213e+00 1.071561500000000056e+00 9.780562499999999604e-01 9.780562499999999604e-01 1.001930999999999905e+00
2.028750000000000053e+00 1.042966750000000165e+00 9.778955000000000286e-01 9.778955000000000286e-01 1.002268249999999972e+00
2.036249999999999893e+00 1.021190000000000042e+00 9.789472500000000466e-01 9.789472500000000466e-01 1.002165499999999820e+00
2.043750000000000178e+00 1.004794250000000000e+00 9.804752500000000204e-01 9.804752500000000204e-01 1.002569750000000148e+00
2.051250000000000018e+00 9.819947500000001384e-01 9.799299999999999677e-01 9.799299999999999677e-01 1.002798000000000078e+00
2.058749999999999858e+00 9.669147500000000450e-01 9.796737500000000098e-01 9.796737500000000098e-01 1.002726000000000006e+00
2.066250000000000142e+00 9.513270000000000337e-01 9.810575000000000268e-01 9.810575000000000268e-01 1.002561000000000035e+00
2.073749999999999982e+00 9.369717499999999921e-01 9.819315000000000682e-01 9.819315000000000682e-01 1.003087499999999910e+00
2.081249999999999822e+00 9.234097500000000291e-01 9.818162500000000570e-01 9.818162500000000570e-01 1.003089750000000002e+00
2.088750000000000107e+00 9.179844999999999811e-01 9.823892499999999917e-01 9.823892499999999917e-01 1.003325500000000092e+00
2.096249999999999947e+00 9.061997499999999706e-01 9.830652500000000016e-01 9.830652500000000016e-01 1.003308499999999936e+00
2.103749999999999787e+00 8.930929999999999147e-01 9.842727499999999186e-01 9.842727499999999186e-01 1.003572249999999944e+00
2.111250000000000071e+00 8.900160000000000293e-01 9.852317500000000727e-01 9.852317500000000727e-01 1.003946500000000075e+00
2.118749999999999911e+00 8.868840000000000057e-01 9.849567500000000475e-01 9.849567500000000475e-01 1.003716500000000122e+00
2.126250000000000195e+00 8.788437500000000346e-01 9.851877499999999177e-01 9.851877499999999177e-01 1.003613000000000088e+00
2.133750000000000036e+00 8.871942500000000731e-01 9.873907499999999837e-01 9.873907499999999837e-01 1.004058999999999813e+00
2.141249999999999876e+00 8.838957499999999801e-01 9.869569999999999732e-01 9.869569999999999732e-01 1.004095249999999995e+00
2.148750000000000160e+00 8.867992500000001499e-01 9.879262499999998948e-01 9.879262499999998948e-01 1.003988749999999985e+00
2.156250000000000000e+00 8.837632500000001112e-01 9.885240000000000693e-01 9.885240000000000693e-01 1.004172250000000099e+00
2.163749999999999840e+00 8.934614999999999085e-01 9.901512500000000383e-01 9.901512500000000383e-01 1.003896000000000122e+00
2.171250000000000124e+00 8.976615000000001121e-01 9.912254999999998706e-01 9.912254999999998706e-01 1.004005250000000071e+00
2.178749999999999964e+00 9.020517500000000410e-01 9.906517499999999421e-01 9.906517499999999421e-01 1.003932999999999964e+00
2.186249999999999805e+00 9.079872500000000235e-01 9.917920000000000069e-01 9.917920000000000069e-01 1.004034749999999754e+00
2.193750000000000089e+00 9.023747500000000032e-01 9.929872499999999880e-01 9.929872499999999880e-01 1.003907249999999918e+00
2.201249999999999929e+00 9.027044999999999098e-01 9.928540000000000143e-01 9.928540000000000143e-01 1.004097499999999865e+00
2.208750000000000213e+00 9.091702499999999576e-01 9.939105000000000301e-01 9.939105000000000301e-01 1.003718249999999923e+00
2.216250000000000053e+00 9.285330000000000528e-01 9.953335000000000932e-01 9.953335000000000932e-01 1.003951999999999956e+00
2.223749999999999893e+00 9.274609999999999799e-01 9.946419999999999151e-01 9.946419999999999151e-01 1.003469750000000049e+00
2.231250000000000178e+00 9.255590000000000206e-01 9.959957499999999575e-01 9.959957499999999575e-01 1.003592999999999957e+00
2.238750000000000018e+00 9.286029999999999562e-01 9.981702499999999256e-01 9.981702499999999256e-01 1.003376250000000081e+00
2.246249999999999858e+00 9.332102500000000189e-01 9.981864999999999766e-01 9.981864999999999766e-01 1.003396500000000024e+00
2.253750000000000142e+00 9.398374999999999924e-01 9.990105000000000235e-01 9.990105000000000235e-01 1.003190749999999909e+00
2.261249999999999982e+00 9.379222499999999574e-01 9.995339999999999225e-01 9.995339999999999225e-01 1.003091249999999990e+00
2.268749999999999822e+00 9.361779999999999546e-01 1.000848500000000030e+00 1.000848500000000030e+00 1.002790749999999953e+00
2.276250000000000107e+00 9.402212500000000084e-01 1.000005749999999916e+00 1.000005749999999916e+00 1.002450999999999981e+00
2.283749999999999947e+00 9.345962499999999062e-01 1.001402249999999938e+00 1.001402249999999938e+00 1.002241750000000042e+00
2.291249999999999787e+00 9.363770000000000149e-01 1.002858499999999875e+00 1.002858499999999875e+00 1.001843250000000074e+00
2.298750000000000071e+00 9.373070000000000013e-01 1.003283499999999773e+00 1.003283499999999773e+00 1.002178499999999861e+00
2.306249999999999911e+00 9.378834999999999811e-01 1.004427499999999807e+00 1.004427499999999807e+00 1.001866999999999841e+00
2.313750000000000195e+00 9.435534999999999339e-01 1.005463250000000031e+00 1.005463250000000031e+00 1.001795500000000061e+00
2.321250000000000036e+00 9.410482500000000305e-01 1.005238000000000076e+00 1.005238000000000076e+00 1.001646499999999884e+00
2.328749999999999876e+00 9.503654999999999742e-01 1.006742000000000026e+00 1.006742000000000026e+00 1.001256499999999994e+00
2.336250000000000160e+00 9.444457499999999728e-01 1.006526999999999950e+00 1.006526999999999950e+00 1.001249249999999869e+00
2.343750000000000000e+00 9.470077500000000370e-01 1.006846000000000130e+00 1.006846000000000130e+00 1.001025499999999901e+00
2.351249999999999840e+00 9.455327500000000329e-01 1.007284249999999881e+00 1.007284249999999881e+00 1.001156750000000040e+00
2.358750000000000124e+00 9.501052500000000123e-01 1.008437250000000063e+00 1.008437250000000063e+00 1.000768750000000207e+00
2.366249999999999964e+00 9.524190000000000156e-01 1.008711749999999796e+00 1.008711749999999796e+00 1.000490749999999984e+00
2.373749999999999805e+00 9.516692500000000221e-01 1.008586750000000087e+00 1.008586750000000087e+00 1.000674000000000063e+00
2.381250000000000089e+00 9.533344999999999736e-01 1.008585499999999913e+00 1.008585499999999913e+00 1.000305500000000070e+00
2.388749999999999929e+00 9.546910000000000673e-01 1.010480749999999928e+00 1.010480749999999928e+00 1.000289249999999797e+00
2.396250000000000213e+00 9.641912500000000552e-01 1.009367249999999938e+00 1.009367249999999938e+00 1.000246749999999851e+00
2.403750000000000053e+00 9.579327500000001105e-01 1.009907749999999993e+00 1.009907749999999993e+00 1.000162500000000065e+00
2.411249999999999893e+00 9.654957499999999859e-01 1.009980250000000135e+00 1.009980250000000135e+00 9.999514999999999931e-01
2.418750000000000178e+00 9.703630000000000866e-01 1.010095750000000070e+00 1.010095750000000070e+00 9.997742499999999755e-01
2.426250000000000018e+00 9.727434999999999832e-01 1.010533499999999973e+00 1.010533499999999973e+00 9.997247499999999398e-01
2.433749999999999858e+00 9.836404999999999177e-01 1.010291999999999968e+00 1.010291999999999968e+00 9.996072500000000582e-01
2.441250000000000142e+00 9.773622499999999880e-01 1.010164000000000062e+00 1.010164000000000062e+00 9.993695000000000217e-01
2.448749999999999982e+00 9.835039999999999338e-01 1.010517000000000110e+00 1.010517000000000110e+00 9.993895000000000417e-01
2.456249999999999822e+00 9.815977499999999356e-01 1.011386499999999966e+00 1.011386499999999966e+00 9.992522500000000640e-01
2.463750000000000107e+00 9.897694999999999688e-01 1.011059500000000222e+00 1.011059500000000222e+00 9.991207499999998909e-01
2.471249999999999947e+00 9.923849999999999616e-01 1.011160749999999942e+00 1.011160749999999942e+00 9.989762500000000101e-01
2.478749999999999787e+00 9.900022500000000836e-01 1.010679500000000175e+00 1.010679500000000175e+00 9.987827499999999414e-01
2.486250000000000071e+00 9.940269999999999939e-01 1.011211000000000082e+00 1.011211000000000082e+00 9.987182500000000296e-01
2.493749999999999911e+00 9.966394999999999005e-01 1.010480000000000045e+00 1.010480000000000045e+00 9.989864999999999995e-01
2.501250000000000195e+00 1.001181749999999981e+00 1.011587999999999932e+00 1.011587999999999932e+00 9.985707500000000625e-01
2.508750000000000036e+00 9.997362499999999930e-01 1.010940500000000020e+00 1.010940500000000020e+00 9.986027499999999835e-01
2.516249999999999876e+00 1.004117249999999961e+00 1.011389499999999941e+00 1.011389499999999941e+00 9.985287499999999650e-01
2.523750000000000160e+00 1.012289500000000064e+00 1.010593999999999992e+00 1.010593999999999992e+00 9.982795000000000973e-01
2.531250000000000000e+00 1.012937250000000011e+00 1.010348499999999872e+00 1.010348499999999872e+00 9.983317500000000733e-01
2.538749999999999840e+00 1.018104249999999933e+00 1.010352249999999952e+00 1.010352249999999952e+00 9.983560000000000212e-01
2.546250000000000124e+00 1.013432749999999993e+00 1.009179249999999861e+00 1.009179249999999861e+00 9.983322500000000321e-01
2.553749999999999964e+00 1.014559750000000093e+00 1.009560000000000013e+00 1.009560000000000013e+00 9.981834999999998903e-01
2.561249999999999805e+00 1.024417499999999981e+00 1.009581499999999910e+00 1.009581499999999910e+00 9.984100000000000197e-01
2.568750000000000089e+00 1.020592750000000049e+00 1.008013000000000048e+00 1.008013000000000048e+00 9.981960000000000832e-01
2.576249999999999929e+00 1.030022000000000215e+00 1.008894500000000027e+00 1.008894500000000027e+00 9.980795000000000083e-01
2.583750000000000213e+00 1.029308250000000147e+00 1.006715750000000131e+00 1.006715750000000131e+00 9.980957499999999483e-01
2.591250000000000053e+00 1.020700500000000011e+00 1.007450500000000027e+00 1.007450500000000027e+00 9.979367499999999280e-01
2.598749999999999893e+00 1.031496250000000003e+00 1.005722500000000075e+00 1.005722500000000075e+00 9.979074999999999473e-01
2.606250000000000178e+00 1.033576249999999863e+00 1.006033249999999990e+00 1.006033249999999990e+00 9.980752500000000804e-01
2.613750000000000018e+00 1.045128500000000127e+00 1.004977000000000009e+00 1.004977000000000009e+00 9.978599999999999692e-01
2.621249999999999858e+00 1.036434500000000147e+00 1.003342500000000026e+00 1.003342500000000026e+00 9.978209999999999580e-01
2.628750000000000142e+00 1.039982999999999880e+00 1.003165000000000084e+00 1.003165000000000084e+00 9.977592499999999864e-01
2.636249999999999982e+00 1.034528499999999962e+00 1.002862750000000025e+00 1.002862750000000025e+00 9.979444999999999011e-01
2.643749999999999822e+00 1.035655999999999910e+00 1.002524500000000041e+00 1.002524500000000041e+00 9.978740000000000387e-01
2.651250000000000107e+00 1.036729750000000116e+00 1.000808250000000177e+00 1.000808250000000177e+00 9.978702499999999587e-01
2.658749999999999947e+00 1.044503750000000064e+00 1.000261999999999984e+00 1.000261999999999984e+00 9.977304999999998536e-01
2.666249999999999787e+00 1.035848749999999985e+00 1.000045749999999956e+00 1.000045749999999956e+00 9.976749999999999785e-01
2.673750000000000071e+00 1.041943499999999911e+00 9.990812500000000318e-01 9.990812500000000318e-01 9.980042499999999261e-01
2.681249999999999911e+00 1.037750249999999763e+00 9.985282499999998951e-01 9.985282499999998951e-01 9.979909999999999615e-01
2.688750000000000195e+00 1.039670499999999942e+00 9.977702499999999697e-01 9.977702499999999697e-01 9.981247500000000050e-01
2.696250000000000036e+00 1.040414500000000020e+00 9.981667500000001025e-01 9.981667500000001025e-01 9.981997499999999413e-01
2.703749999999999876e+00 1.037640750000000001e+00 9.973115000000001285e-01 9.973115000000001285e-01 9.980879999999999752e-01
2.711250000000000160e+00 1.036671249999999933e+00 9.974899999999999878e-01 9.974899999999999878e-01 9.979577500000000878e-01
2.718750000000000000e+00 1.038122500000000059e+00 9.972374999999999989e-01 9.972374999999999989e-01 9.980222499999999997e-01
2.726249999999999840e+00 1.040277499999999966e+00 9.968627500000000197e-01 9.968627500000000197e-01 9.981700000000000017e-01
2.733750000000000124e+00 1.030509499999999967e+00 9.963047499999999612e-01 9.963047499999999612e-01 9.983229999999999604e-01
2.741249999999999964e+00 1.031458250000000021e+00 9.965872499999999246e-01 9.965872499999999246e-01 9.982907500000000045e-01
2.748749999999999805e+00 1.030765249999999966e+00 9.965027499999999927e-01 9.965027499999999927e-01 9.981172499999999559e-01
2.756250000000000089e+00 1.030390249999999952e+00 9.963712500000000416e-01 9.963712500000000416e-01 9.981102499999999766e-01
2.763749999999999929e+00 1.025990750000000062e+00 9.954600000000000115e-01 9.954600000000000115e-01 9.983372499999998428e-01
2.771250000000000213e+00 1.029863250000000008e+00 9.955132500000000162e-01 9.955132500000000162e-01 9.984042499999999931e-01
2.778750000000000053e+00 1.023260499999999906e+00 9.964365000000000583e-01 9.964365000000000583e-01 9.985292500000000349e-01
2.786249999999999893e+00 1.023347000000000007e+00 9.960944999999999938e-01 9.960944999999999938e-01 9.984387500000000415e-01
2.793750000000000178e+00 1.032882499999999926e+00 9.950392500000000418e-01 9.950392500000000418e-01 9.983387500000000525e-01
2.801250000000000018e+00 1.027652999999999928e+00 9.960372499999998741e-01 9.960372499999998741e-01 9.987930000000000419e-01
2.808749999999999858e+00 1.020960000000000090e+00 9.961597500000000105e-01 9.961597500000000105e-01 9.985287499999999650e-01
2.816250000000000142e+00 1.021677500000000016e+00 9.953172500000000422e-01 9.953172500000000422e-01 9.986542499999999656e-01
2.823749999999999982e+00 1.018849250000000151e+00 9.958927499999999933e-01 9.958927499999999933e-01 9.988405000000000200e-01
2.831249999999999822e+00 1.021001000000000047e+00 9.949819999999999220e-01 9.949819999999999220e-01 9.989427499999999904e-01
2.838750000000000107e+00 1.018908750000000030e+00 9.950082499999999275e-01 9.950082499999999275e-01 9.988687499999999719e-01
2.846249999999999947e+00 1.018838249999999945e+00 9.963047499999999612e-01 9.963047499999999612e-01 9.988015000000001198e-01
2.853749999999999787e+00 1.017495499999999886e+00 9.950092499999999562e-01 9.950092499999999562e-01 9.990384999999999405e-01
2.861250000000000071e+00 1.014160749999999833e+00 9.958534999999999471e-01 9.958534999999999471e-01 9.990812499999999208e-01
2.868749999999999911e+00 1.017279999999999962e+00 9.954970000000000763e-01 9.954970000000000763e-01 9.989682499999998910e-01
2.876250000000000195e+00 1.014604000000000061e+00 9.955567499999998793e-01 9.955567499999998793e-01 9.990102499999999885e-01
2.883750000000000036e+00 1.012783999999999907e+00 9.957477500000000425e-01 9.957477500000000425e-01 9.990215000000000067e-01
2.891249999999999876e+00 1.008598499999999953e+00 9.960459999999999869e-01 9.960459999999999869e-01 9.990625000000000755e-01
2.898750000000000160e+00 1.010998250000000098e+00 9.961649999999999672e-01 9.961649999999999672e-01 9.990562499999999790e-01
2.906250000000000000e+00 1.005443250000000122e+00 9.962464999999999238e-01 9.962464999999999238e-01 9.992650000000000698e-01
2.913749999999999840e+00 1.007666999999999868e+00 9.965620000000000589e-01 9.965620000000000589e-01 9.994595000000000562e-01
2.921250000000000124e+00 1.000237749999999926e+00 9.964007500000000572e-01 9.964007500000000572e-01 9.992027500000000284e-01
2.928749999999999964e+00 1.000229000000000035e+00 9.962320000000000064e-01 9.962320000000000064e-01 9.992009999999998948e-01
2.936249999999999805e+00 1.001970249999999840e+00 9.962167500000000953e-01 9.962167500000000953e-01 9.994539999999999536e-01
2.943750000000000089e+00 9.948802499999999105e-01 9.960550000000000237e-01 9.960550000000000237e-01 9.993900000000000006e-01
2.951249999999999929e+00 9.915167499999999468e-01 9.970690000000000941e-01 9.970690000000000941e-01 9.996717499999999701e-01
2.958750000000000213e+00 9.867595000000000116e-01 9.975549999999999695e-01 9.975549999999999695e-01 9.994064999999999754e-01
2.966250000000000053e+00 9.874247499999999622e-01 9.974482499999999252e-01 9.974482499999999252e-01 9.995274999999999022e-01
2.973749999999999893e+00 9.874045000000000183e-01 9.975859999999999728e-01 9.975859999999999728e-01 9.996220000000000105e-01
2.981250000000000178e+00 9.813857499999999456e-01 9.973107500000000236e-01 9.973107500000000236e-01 9.992467500000000724e-01
2.988750000000000018e+00 9.871737500000000720e-01 9.976690000000001390e-01 9.976690000000001390e-01 9.996534999999999727e-01
2.996249999999999858e+00 9.789275000000000615e-01 9.982705000000000606e-01 9.982705000000000606e-01 9.997487499999999638e-01
