3.749999999999999861e-03 0.000000000000000000e+00 0.000000000000000000e+00 0.000000000000000000e+00 0.000000000000000000e+00
1.124999999999999958e-02 0.000000000000000000e+00 0.000000000000000000e+00 0.000000000000000000e+00 0.000000000000000000e+00
1.874999999999999931e-02 0.000000000000000000e+00 0.000000000000000000e+00 0.000000000000000000e+00 0.000000000000000000e+00
2.624999999999999903e-02 0.000000000000000000e+00 0.000000000000000000e+00 0.000000000000000000e+00 0.000000000000000000e+00
3.375000000000000222e-02 0.000000000000000000e+00 0.000000000000000000e+00 0.000000000000000000e+00 0.000000000000000000e+00
4.125000000000000194e-02 0.000000000000000000e+00 0.000000000000000000e+00 0.000000000000000000e+00 0.000000000000000000e+00
4.875000000000000167e-02 0.000000000000000000e+00 0.000000000000000000e+00 0.000000000000000000e+00 0.000000000000000000e+00
5.625000000000000139e-02 0.000000000000000000e+00 0.000000000000000000e+00 0.000000000000000000e+00 0.000000000000000000e+00
6.375000000000000111e-02 0.000000000000000000e+00 0.000000000000000000e+00 0.000000000000000000e+00 0.000000000000000000e+00
7.124999999999999389e-02 0.000000000000000000e+00 0.000000000000000000e+00 0.000000000000000000e+00 0.000000000000000000e+00
7.875000000000000056e-02 0.000000000000000000e+00 0.000000000000000000e+00 0.000000000000000000e+00 0.000000000000000000e+00
8.624999999999999334e-02 0.000000000000000000e+00 0.000000000000000000e+00 0.000000000000000000e+00 0.000000000000000000e+00
9.375000000000000000e-02 0.000000000000000000e+00 0.000000000000000000e+00 0.000000000000000000e+00 0.000000000000000000e+00
1.012500000000000067e-01 0.000000000000000000e+00 0.000000000000000000e+00 0.000000000000000000e+00 0.000000000000000000e+00
1.087499999999999994e-01 0.000000000000000000e+00 0.000000000000000000e+00 0.000000000000000000e+00 0.000000000000000000e+00
1.162500000000000061e-01 0.000000000000000000e+00 0.000000000000000000e+00 0.000000000000000000e+00 0.000000000000000000e+00
1.237499999999999989e-01 0.000000000000000000e+00 0.000000000000000000e+00 0.000000000000000000e+00 0.000000000000000000e+00
1.312500000000000056e-01 0.000000000000000000e+00 0.000000000000000000e+00 0.000000000000000000e+00 0.000000000000000000e+00
1.387500000000000122e-01 0.000000000000000000e+00 0.000000000000000000e+00 0.000000000000000000e+00 0.000000000000000000e+00
1.462499999999999911e-01 0.000000000000000000e+00 0.000000000000000000e+00 0.000000000000000000e+00 0.000000000000000000e+00
1.537499999999999978e-01 0.000000000000000000e+00 0.000000000000000000e+00 0.000000000000000000e+00 3.750000000000000095e-06
1.612500000000000044e-01 0.000000000000000000e+00 0.000000000000000000e+00 0.000000000000000000e+00 2.263875000000000262e-03
1.687500000000000111e-01 0.000000000000000000e+00 0.000000000000000000e+00 0.000000000000000000e+00 5.200562499999999977e-02
1.762499999999999900e-01 0.000000000000000000e+00 0.000000000000000000e+00 0.000000000000000000e+00 3.066282499999999356e-01
1.837499999999999967e-01 0.000000000000000000e+00 0.000000000000000000e+00 0.000000000000000000e+00 8.169053750000000447e-01
1.912500000000000033e-01 0.000000000000000000e+00 0.000000000000000000e+00 0.000000000000000000e+00 1.362015374999999917e+00
1.987500000000000100e-01 0.000000000000000000e+00 0.000000000000000000e+00 0.000000000000000000e+00 1.747170374999999831e+00
2.062499999999999889e-01 0.000000000000000000e+00 0.000000000000000000e+00 0.000000000000000000e+00 1.942564500000000027e+00
2.137499999999999956e-01 0.000000000000000000e+00 0.000000000000000000e+00 0.000000000000000000e+00 1.989827124999999919e+00
2.212500000000000022e-01 0.000000000000000000e+00 0.000000000000000000e+00 0.000000000000000000e+00 1.955328500000000247e+00
2.287500000000000089e-01 0.000000000000000000e+00 0.000000000000000000e+00 0.000000000000000000e+00 1.885375249999999836e+00
2.362499999999999878e-01 0.000000000000000000e+00 0.000000000000000000e+00 0.000000000000000000e+00 1.815396624999999986e+00
2.437499999999999944e-01 0.000000000000000000e+00 0.000000000000000000e+00 0.000000000000000000e+00 1.750943249999999729e+00
2.512499999999999734e-01 0.000000000000000000e+00 0.000000000000000000e+00 0.000000000000000000e+00 1.692480125000000113e+00
2.587499999999999800e-01 0.000000000000000000e+00 0.000000000000000000e+00 0.000000000000000000e+00 1.637987500000000152e+00
2.662499999999999867e-01 0.000000000000000000e+00 0.000000000000000000e+00 0.000000000000000000e+00 1.587836125000000154e+00
2.737499999999999933e-01 0.000000000000000000e+00 0.000000000000000000e+00 0.000000000000000000e+00 1.541373875000000115e+00
2.812500000000000000e-01 0.000000000000000000e+00 0.000000000000000000e+00 0.000000000000000000e+00 1.501504375000000113e+00
2.887500000000000067e-01 0.000000000000000000e+00 0.000000000000000000e+00 0.000000000000000000e+00 1.464734875000000214e+00
2.962500000000000133e-01 0.000000000000000000e+00 0.000000000000000000e+00 0.000000000000000000e+00 1.429665500000000034e+00
3.037500000000000200e-01 0.000000000000000000e+00 0.000000000000000000e+00 0.000000000000000000e+00 1.400947500000000012e+00
3.112500000000000266e-01 0.000000000000000000e+00 0.000000000000000000e+00 0.000000000000000000e+00 1.373964125000000092e+00
3.187499999999999778e-01 0.000000000000000000e+00 0.000000000000000000e+00 0.000000000000000000e+00 1.350760999999999878e+00
3.262499999999999845e-01 0.000000000000000000e+00 0.000000000000000000e+00 0.000000000000000000e+00 1.331681749999999997e+00
3.337499999999999911e-01 0.000000000000000000e+00 0.000000000000000000e+00 0.000000000000000000e+00 1.313244249999999891e+00
3.412499999999999978e-01 0.000000000000000000e+00 0.000000000000000000e+00 0.000000000000000000e+00 1.299140125000000090e+00
3.487500000000000044e-01 0.000000000000000000e+00 0.000000000000000000e+00 0.000000000000000000e+00 1.290525249999999957e+00
3.562500000000000111e-01 0.000000000000000000e+00 0.000000000000000000e+00 0.000000000000000000e+00 1.281997374999999995e+00
3.637500000000000178e-01 0.000000000000000000e+00 0.000000000000000000e+00 0.000000000000000000e+00 1.276689874999999974e+00
3.712500000000000244e-01 0.000000000000000000e+00 0.000000000000000000e+00 0.000000000000000000e+00 1.273873624999999787e+00
3.787499999999999756e-01 0.000000000000000000e+00 0.000000000000000000e+00 0.000000000000000000e+00 1.271800624999999796e+00
3.862499999999999822e-01 0.000000000000000000e+00 0.000000000000000000e+00 0.000000000000000000e+00 1.269970750000000148e+00
3.937499999999999889e-01 0.000000000000000000e+00 0.000000000000000000e+00 0.000000000000000000e+00 1.268213250000000070e+00
4.012499999999999956e-01 0.000000000000000000e+00 0.000000000000000000e+00 0.000000000000000000e+00 1.266091375000000019e+00
4.087500000000000022e-01 0.000000000000000000e+00 0.000000000000000000e+00 0.000000000000000000e+00 1.261670375000000011e+00
4.162500000000000089e-01 0.000000000000000000e+00 0.000000000000000000e+00 0.000000000000000000e+00 1.257878625000000028e+00
4.237500000000000155e-01 0.000000000000000000e+00 0.000000000000000000e+00 0.000000000000000000e+00 1.252706625000000074e+00
4.312500000000000222e-01 0.000000000000000000e+00 0.000000000000000000e+00 0.000000000000000000e+00 1.248007499999999936e+00
4.387499999999999734e-01 0.000000000000000000e+00 0.000000000000000000e+00 0.000000000000000000e+00 1.242204500000000156e+00
4.462499999999999800e-01 0.000000000000000000e+00 0.000000000000000000e+00 0.000000000000000000e+00 1.235311124999999732e+00
4.537499999999999867e-01 0.000000000000000000e+00 0.000000000000000000e+00 0.000000000000000000e+00 1.228634000000000226e+00
4.612499999999999933e-01 0.000000000000000000e+00 0.000000000000000000e+00 0.000000000000000000e+00 1.220134625000000028e+00
4.687500000000000000e-01 0.000000000000000000e+00 4.362500000000000329e-05 4.362500000000000329e-05 1.213934124999999975e+00
4.762500000000000067e-01 0.000000000000000000e+00 2.982499999999999583e-04 2.982499999999999583e-04 1.206682749999999915e+00
4.837500000000000133e-01 0.000000000000000000e+00 1.769500000000000023e-03 1.769500000000000023e-03 1.199481000000000019e+00
4.912500000000000200e-01 0.000000000000000000e+00 7.645749999999998034e-03 7.645749999999998034e-03 1.191973625000000148e+00
4.987500000000000266e-01 0.000000000000000000e+00 2.526625000000000051e-02 2.526625000000000051e-02 1.184167250000000005e+00
5.062499999999999778e-01 0.000000000000000000e+00 6.501037499999999525e-02 6.501037499999999525e-02 1.176714000000000038e+00
5.137500000000000400e-01 0.000000000000000000e+00 1.348300000000000054e-01 1.348300000000000054e-01 1.169807499999999889e+00
5.212499999999999911e-01 0.000000000000000000e+00 2.445815000000000350e-01 2.445815000000000350e-01 1.161845874999999806e+00
5.287500000000000533e-01 0.000000000000000000e+00 3.889822500000000294e-01 3.889822500000000294e-01 1.157013000000000069e+00
5.362500000000000044e-01 0.000000000000000000e+00 5.647996250000000273e-01 5.647996250000000273e-01 1.149368125000000074e+00
5.437499999999999556e-01 0.000000000000000000e+00 7.540605000000000224e-01 7.540605000000000224e-01 1.144386125000000032e+00
5.512500000000000178e-01 0.000000000000000000e+00 9.448420000000000707e-01 9.448420000000000707e-01 1.137643125000000088e+00
5.587499999999999689e-01 0.000000000000000000e+00 1.115187499999999776e+00 1.115187499999999776e+00 1.131589874999999967e+00
5.662500000000000311e-01 0.000000000000000000e+00 1.266660000000000119e+00 1.266660000000000119e+00 1.127008374999999951e+00
5.737499999999999822e-01 0.000000000000000000e+00 1.382441500000000101e+00 1.382441500000000101e+00 1.121095249999999988e+00
5.812500000000000444e-01 0.000000000000000000e+00 1.473266750000000069e+00 1.473266750000000069e+00 1.115909750000000145e+00
5.887499999999999956e-01 0.000000000000000000e+00 1.531006499999999937e+00 1.531006499999999937e+00 1.110282500000000061e+00
5.962499999999999467e-01 0.000000000000000000e+00 1.565966625000000167e+00 1.565966625000000167e+00 1.105381249999999982e+00
6.037500000000000089e-01 0.000000000000000000e+00 1.582010374999999858e+00 1.582010374999999858e+00 1.101268750000000018e+00
6.112499999999999600e-01 0.000000000000000000e+00 1.576742874999999877e+00 1.576742874999999877e+00 1.096354374999999992e+00
6.187500000000000222e-01 0.000000000000000000e+00 1.555892124999999959e+00 1.555892124999999959e+00 1.091267374999999928e+00
6.262499999999999734e-01 0.000000000000000000e+00 1.526855375000000015e+00 1.526855375000000015e+00 1.087697125000000042e+00
6.337500000000000355e-01 0.000000000000000000e+00 1.495938624999999744e+00 1.495938624999999744e+00 1.082990250000000154e+00
6.412499999999999867e-01 0.000000000000000000e+00 1.453705500000000095e+00 1.453705500000000095e+00 1.078305749999999952e+00
6.487500000000000488e-01 0.000000000000000000e+00 1.411268874999999978e+00 1.411268874999999978e+00 1.073758125000000119e+00
6.562500000000000000e-01 0.000000000000000000e+00 1.372025250000000085e+00 1.372025250000000085e+00 1.069517124999999957e+00
6.637499999999999512e-01 0.000000000000000000e+00 1.330100625000000036e+00 1.330100625000000036e+00 1.065502374999999891e+00
6.712500000000000133e-01 0.000000000000000000e+00 1.292197624999999794e+00 1.292197624999999794e+00 1.061805749999999993e+00
6.787499999999999645e-01 0.000000000000000000e+00 1.260106749999999831e+00 1.260106749999999831e+00 1.057980124999999827e+00
6.862500000000000266e-01 0.000000000000000000e+00 1.227607875000000126e+00 1.227607875000000126e+00 1.053665375000000015e+00
6.937499999999999778e-01 0.000000000000000000e+00 1.202953750000000044e+00 1.202953750000000044e+00 1.050365875000000004e+00
7.012500000000000400e-01 0.000000000000000000e+00 1.180359125000000065e+00 1.180359125000000065e+00 1.046891124999999922e+00
7.087499999999999911e-01 0.000000000000000000e+00 1.163561124999999752e+00 1.163561124999999752e+00 1.043046249999999953e+00
7.162500000000000533e-01 0.000000000000000000e+00 1.149624999999999897e+00 1.149624999999999897e+00 1.039565000000000072e+00
7.237500000000000044e-01 0.000000000000000000e+00 1.138124499999999761e+00 1.138124499999999761e+00 1.035767000000000104e+00
7.312499999999999556e-01 0.000000000000000000e+00 1.134285624999999964e+00 1.134285624999999964e+00 1.032544750000000011e+00
7.387500000000000178e-01 0.000000000000000000e+00 1.126049749999999960e+00 1.126049749999999960e+00 1.029552374999999964e+00
7.462499999999999689e-01 0.000000000000000000e+00 1.121449375000000082e+00 1.121449375000000082e+00 1.026472874999999840e+00
7.537500000000000311e-01 0.000000000000000000e+00 1.117723875000000033e+00 1.117723875000000033e+00 1.023933374999999923e+00
7.612499999999999822e-01 0.000000000000000000e+00 1.117832500000000007e+00 1.117832500000000007e+00 1.021024624999999908e+00
7.687500000000000444e-01 2.167499999999999830e-04 1.114631750000000032e+00 1.114631750000000032e+00 1.018375625000000007e+00
7.762499999999999956e-01 1.346374999999999916e-03 1.113052500000000000e+00 1.113052500000000000e+00 1.016162749999999892e+00
7.837499999999999467e-01 4.935249999999999533e-03 1.109920624999999994e+00 1.109920624999999994e+00 1.013568749999999907e+00
7.912500000000000089e-01 1.350349999999999814e-02 1.106496249999999959e+00 1.106496249999999959e+00 1.010955749999999931e+00
7.987499999999999600e-01 3.647449999999999998e-02 1.104622875000000004e+00 1.104622875000000004e+00 1.009126250000000002e+00
8.062500000000000222e-01 8.243574999999998820e-02 1.099728875000000050e+00 1.099728875000000050e+00 1.007283125000000057e+00
8.137499999999999734e-01 1.622979999999999978e-01 1.097495499999999957e+00 1.097495499999999957e+00 1.004474000000000089e+00
8.212500000000000355e-01 3.081220000000000070e-01 1.090767625000000018e+00 1.090767625000000018e+00 1.002590000000000092e+00
8.287499999999999867e-01 4.979636250000000208e-01 1.085557749999999766e+00 1.085557749999999766e+00 1.000867874999999962e+00
8.362500000000000488e-01 7.376371249999998936e-01 1.079791874999999957e+00 1.079791874999999957e+00 9.988964999999999650e-01
8.437500000000000000e-01 1.045279124999999976e+00 1.072749250000000210e+00 1.072749250000000210e+00 9.969426250000000822e-01
8.512499999999999512e-01 1.368705374999999780e+00 1.068266374999999879e+00 1.068266374999999879e+00 9.953547500000000658e-01
8.587500000000000133e-01 1.671631874999999878e+00 1.061847250000000020e+00 1.061847250000000020e+00 9.941597500000000087e-01
8.662499999999999645e-01 1.989172875000000174e+00 1.055092375000000082e+00 1.055092375000000082e+00 9.929669999999999330e-01
8.737500000000000266e-01 2.247903749999999867e+00 1.050504875000000116e+00 1.050504875000000116e+00 9.912718750000000245e-01
8.812499999999999778e-01 2.481082000000000232e+00 1.044880000000000031e+00 1.044880000000000031e+00 9.901928749999999724e-01
8.887500000000000400e-01 2.645990250000000099e+00 1.035784000000000038e+00 1.035784000000000038e+00 9.889289999999999470e-01
8.962499999999999911e-01 2.727234000000000158e+00 1.031242875000000003e+00 1.031242875000000003e+00 9.883688749999999246e-01
9.037500000000000533e-01 2.767317124999999933e+00 1.027494874999999919e+00 1.027494874999999919e+00 9.876818750000000424e-01
9.112500000000000044e-01 2.784531374999999809e+00 1.021419749999999960e+00 1.021419749999999960e+00 9.865483750000001439e-01
9.187499999999999556e-01 2.727215999999999863e+00 1.017081999999999820e+00 1.017081999999999820e+00 9.859123750000000630e-01
9.262500000000000178e-01 2.643464625000000012e+00 1.012212749999999994e+00 1.012212749999999994e+00 9.848400000000000487e-01
9.337499999999999689e-01 2.547985875000000178e+00 1.005695250000000041e+00 1.005695250000000041e+00 9.846747499999999320e-01
9.412500000000000311e-01 2.411875500000000283e+00 1.003026624999999949e+00 1.003026624999999949e+00 9.845946250000000566e-01
9.487499999999999822e-01 2.291118000000000432e+00 9.994056250000000752e-01 9.994056250000000752e-01 9.837997499999999729e-01
9.562500000000000444e-01 2.164358000000000004e+00 9.970672500000000715e-01 9.970672500000000715e-01 9.835883750000000703e-01
9.637499999999999956e-01 2.015185875000000237e+00 9.919532499999998976e-01 9.919532499999998976e-01 9.835084999999998967e-01
9.712499999999999467e-01 1.883833874999999880e+00 9.888329999999999620e-01 9.888329999999999620e-01 9.838126250000001072e-01
9.787500000000000089e-01 1.779165875000000119e+00 9.862234999999999197e-01 9.862234999999999197e-01 9.839423750000000357e-01
9.862499999999999600e-01 1.652694125000000014e+00 9.824667499999999443e-01 9.824667499999999443e-01 9.841041249999998852e-01
9.937500000000000222e-01 1.543312999999999935e+00 9.805741250000001852e-01 9.805741250000001852e-01 9.841301249999999667e-01
1.001249999999999973e+00 1.462992499999999918e+00 9.774226249999999894e-01 9.774226249999999894e-01 9.844855000000000134e-01
1.008750000000000036e+00 1.362558249999999749e+00 9.753889999999999505e-01 9.753889999999999505e-01 9.847294999999999243e-01
1.016250000000000098e+00 1.278437875000000057e+00 9.730426250000001609e-01 9.730426250000001609e-01 9.855275000000001118e-01
1.023749999999999938e+00 1.210478999999999861e+00 9.711199999999999832e-01 9.711199999999999832e-01 9.863821249999999985e-01
1.031250000000000000e+00 1.160294125000000065e+00 9.697519999999999474e-01 9.697519999999999474e-01 9.867783749999999854e-01
1.038750000000000062e+00 1.102642125000000028e+00 9.652208749999999782e-01 9.652208749999999782e-01 9.873472499999998986e-01
1.046249999999999902e+00 1.058220374999999880e+00 9.636978749999999261e-01 9.636978749999999261e-01 9.885401249999999918e-01
1.053749999999999964e+00 1.024483374999999974e+00 9.616028750000000791e-01 9.616028750000000791e-01 9.892039999999999722e-01
1.061250000000000027e+00 9.839708750000000226e-01 9.607513750000000741e-01 9.607513750000000741e-01 9.904307500000000264e-01
1.068750000000000089e+00 9.646393749999999656e-01 9.591356250000000472e-01 9.591356250000000472e-01 9.914478749999999785e-01
1.076249999999999929e+00 9.500252499999999323e-01 9.566647500000000637e-01 9.566647500000000637e-01 9.927623749999999747e-01
1.083749999999999991e+00 9.287420000000000675e-01 9.562256249999999680e-01 9.562256249999999680e-01 9.936261250000000267e-01
1.091250000000000053e+00 9.117169999999999996e-01 9.556326250000000133e-01 9.556326250000000133e-01 9.950647499999999424e-01
1.098749999999999893e+00 9.058559999999999945e-01 9.539633750000000578e-01 9.539633750000000578e-01 9.963451249999999426e-01
1.106249999999999956e+00 9.134673749999999703e-01 9.507266250000000474e-01 9.507266250000000474e-01 9.972780000000001088e-01
1.113750000000000018e+00 9.075401250000000308e-01 9.517796250000000180e-01 9.517796250000000180e-01 9.985561250000000166e-01
1.121250000000000080e+00 9.173799999999998622e-01 9.508069999999999578e-01 9.508069999999999578e-01 9.997435000000000072e-01
1.128749999999999920e+00 9.040231249999999275e-01 9.501498749999999216e-01 9.501498749999999216e-01 1.000431874999999859e+00
1.136249999999999982e+00 9.145182499999999770e-01 9.513473749999999951e-01 9.513473749999999951e-01 1.001875875000000082e+00
1.143750000000000044e+00 9.096793749999999568e-01 9.505796250000000391e-01 9.505796250000000391e-01 1.002771375000000020e+00
1.151250000000000107e+00 9.099143749999999420e-01 9.508427499999999588e-01 9.508427499999999588e-01 1.003247000000000000e+00
1.158749999999999947e+00 9.133106250000000426e-01 9.491568749999999000e-01 9.491568749999999000e-01 1.004024625000000004e+00
1.166250000000000009e+00 9.113335000000001296e-01 9.505467499999999959e-01 9.505467499999999959e-01 1.004878875000000171e+00
1.173750000000000071e+00 9.232480000000000686e-01 9.493311250000000534e-01 9.493311250000000534e-01 1.005429624999999882e+00
1.181249999999999911e+00 9.204050000000000287e-01 9.495686249999999440e-01 9.495686249999999440e-01 1.005744250000000228e+00
1.188749999999999973e+00 9.278939999999999966e-01 9.505483750000000009e-01 9.505483750000000009e-01 1.005891625000000067e+00
1.196250000000000036e+00 9.270369999999999999e-01 9.492868750000001965e-01 9.492868750000001965e-01 1.006408250000000004e+00
1.203750000000000098e+00 9.107474999999999321e-01 9.531245000000000411e-01 9.531245000000000411e-01 1.006580125000000159e+00
1.211249999999999938e+00 9.225540000000000962e-01 9.534321249999999637e-01 9.534321249999999637e-01 1.006740124999999875e+00
1.218750000000000000e+00 9.147702499999997849e-01 9.526822500000000637e-01 9.526822500000000637e-01 1.006808874999999937e+00
1.226250000000000062e+00 9.202831249999999796e-01 9.556143750000000159e-01 9.556143750000000159e-01 1.007158374999999939e+00
1.233749999999999902e+00 9.135882500000001016e-01 9.559161250000000054e-01 9.559161250000000054e-01 1.007139500000000076e+00
1.241249999999999964e+00 9.127524999999999666e-01 9.572475000000000289e-01 9.572475000000000289e-01 1.007359749999999998e+00
1.248750000000000027e+00 9.135956250000001333e-01 9.574689999999999035e-01 9.574689999999999035e-01 1.006968124999999992e+00
1.256250000000000089e+00 9.130278749999999333e-01 9.599516249999999751e-01 9.599516249999999751e-01 1.006763000000000075e+00
1.263749999999999929e+00 8.990145000000001607e-01 9.618617499999999598e-01 9.618617499999999598e-01 1.007130749999999964e+00
1.271249999999999991e+00 8.949376250000000699e-01 9.622939999999999827e-01 9.622939999999999827e-01 1.006982625000000020e+00
1.278750000000000053e+00 8.981796249999999260e-01 9.651268750000001617e-01 9.651268750000001617e-01 1.006872624999999966e+00
1.286249999999999893e+00 8.887681249999999089e-01 9.657141250000000898e-01 9.657141250000000898e-01 1.006804625000000009e+00
1.293749999999999956e+00 8.859933749999999719e-01 9.692377500000000090e-01 9.692377500000000090e-01 1.006734874999999807e+00
1.301250000000000018e+00 8.879641249999999930e-01 9.698806249999999407e-01 9.698806249999999407e-01 1.006387124999999827e+00
1.308750000000000080e+00 8.838990000000001013e-01 9.729100000000000525e-01 9.729100000000000525e-01 1.007128999999999941e+00
1.316249999999999920e+00 8.893567499999999182e-01 9.745166249999999142e-01 9.745166249999999142e-01 1.006631999999999971e+00
1.323749999999999982e+00 8.859842499999999177e-01 9.767535000000000522e-01 9.767535000000000522e-01 1.006446500000000022e+00
1.331250000000000044e+00 8.935450000000001447e-01 9.807636250000000278e-01 9.807636250000000278e-01 1.006342499999999918e+00
1.338750000000000107e+00 8.835140000000000216e-01 9.829742499999999383e-01 9.829742499999999383e-01 1.006354000000000193e+00
1.346249999999999947e+00 8.807883750000000678e-01 9.865872500000000267e-01 9.865872500000000267e-01 1.006209499999999979e+00
1.353750000000000009e+00 8.916288750000000984e-01 9.892252500000001669e-01 9.892252500000001669e-01 1.006037625000000046e+00
1.361250000000000071e+00 8.904721250000000587e-01 9.915750000000000952e-01 9.915750000000000952e-01 1.005607624999999894e+00
1.368749999999999911e+00 8.895147500000000207e-01 9.942102499999999621e-01 9.942102499999999621e-01 1.005589625000000042e+00
1.376249999999999973e+00 8.911179999999999657e-01 9.967995000000000605e-01 9.967995000000000605e-01 1.005980125000000003e+00
1.383750000000000036e+00 8.868361250000000862e-01 9.995546250000000299e-01 9.995546250000000299e-01 1.005602125000000013e+00
1.391250000000000098e+00 8.866317500000000518e-01 1.001932249999999858e+00 1.001932249999999858e+00 1.005222874999999849e+00
1.398749999999999938e+00 8.964634999999999687e-01 1.007000000000000117e+00 1.007000000000000117e+00 1.004883250000000006e+00
1.406250000000000000e+00 8.938577500000001175e-01 1.007971500000000242e+00 1.007971500000000242e+00 1.004870249999999965e+00
1.413750000000000062e+00 8.989260000000000028e-01 1.011165250000000126e+00 1.011165250000000126e+00 1.004798249999999893e+00
1.421249999999999902e+00 9.038588750000000616e-01 1.013901375000000105e+00 1.013901375000000105e+00 1.004587624999999873e+00
1.428749999999999964e+00 8.995819999999999927e-01 1.016410749999999918e+00 1.016410749999999918e+00 1.004012625000000103e+00
1.436250000000000027e+00 9.089857500000000368e-01 1.017411125000000194e+00 1.017411125000000194e+00 1.004041624999999938e+00
1.443750000000000089e+00 9.021268749999999947e-01 1.020174874999999926e+00 1.020174874999999926e+00 1.003743124999999958e+00
1.451249999999999929e+00 9.066330000000000222e-01 1.020720250000000107e+00 1.020720250000000107e+00 1.003800125000000154e+00
1.458749999999999991e+00 9.134470000000001200e-01 1.022556250000000055e+00 1.022556250000000055e+00 1.003456500000000196e+00
1.466250000000000053e+00 9.112956249999999425e-01 1.022846624999999898e+00 1.022846624999999898e+00 1.002990374999999990e+00
1.473749999999999893e+00 9.242590000000001638e-01 1.024423624999999838e+00 1.024423624999999838e+00 1.002778249999999982e+00
1.481249999999999956e+00 9.233302500000000190e-01 1.024151874999999823e+00 1.024151874999999823e+00 1.002687375000000047e+00
1.488750000000000018e+00 9.227392500000000108e-01 1.023739124999999861e+00 1.023739124999999861e+00 1.002263375000000289e+00
1.496250000000000080e+00 9.286554999999998561e-01 1.025075375000000122e+00 1.025075375000000122e+00 1.002381874999999978e+00
1.503749999999999920e+00 9.267037500000001593e-01 1.024156999999999984e+00 1.024156999999999984e+00 1.001826000000000105e+00
1.511249999999999982e+00 9.296995000000000120e-01 1.023164374999999904e+00 1.023164374999999904e+00 1.001715750000000016e+00
1.518750000000000044e+00 9.410506250000000295e-01 1.022831000000000046e+00 1.022831000000000046e+00 1.001430125000000171e+00
1.526250000000000107e+00 9.347576250000000364e-01 1.022921124999999876e+00 1.022921124999999876e+00 1.001425750000000114e+00
1.533749999999999947e+00 9.426277499999999865e-01 1.022155125000000053e+00 1.022155125000000053e+00 1.001210500000000003e+00
1.541250000000000009e+00 9.517025000000000068e-01 1.021618749999999798e+00 1.021618749999999798e+00 1.000787625000000070e+00
1.548750000000000071e+00 9.602910000000001167e-01 1.020183375000000003e+00 1.020183375000000003e+00 1.000529000000000002e+00
1.556249999999999911e+00 9.641212500000001517e-01 1.019293124999999911e+00 1.019293124999999911e+00 1.000502624999999979e+00
1.563749999999999973e+00 9.670662500000001272e-01 1.018496999999999986e+00 1.018496999999999986e+00 1.000353749999999931e+00
1.571250000000000036e+00 9.715363749999998966e-01 1.017160124999999971e+00 1.017160124999999971e+00 1.000113875000000041e+00
1.578750000000000098e+00 9.768034999999999357e-01 1.015794375000000027e+00 1.015794375000000027e+00 9.999261249999998880e-01
1.586249999999999938e+00 9.827762499999999068e-01 1.015769249999999957e+00 1.015769249999999957e+00 9.997847499999999998e-01
1.593750000000000000e+00 9.809784999999999755e-01 1.014119250000000028e+00 1.014119250000000028e+00 9.997537499999999966e-01
1.601250000000000062e+00 9.867814999999999781e-01 1.012971749999999949e+00 1.012971749999999949e+00 9.995294999999999597e-01
1.608749999999999902e+00 9.932921249999998592e-01 1.013092125000000010e+00 1.013092125000000010e+00 9.993401250000001346e-01
1.616249999999999964e+00 9.929053750000000900e-01 1.012074624999999894e+00 1.012074624999999894e+00 9.990099999999999536e-01
1.623750000000000027e+00 1.009973749999999892e+00 1.010870624999999912e+00 1.010870624999999912e+00 9.989892499999999398e-01
1.631250000000000089e+00 1.004462624999999942e+00 1.009553249999999958e+00 1.009553249999999958e+00 9.988630000000000564e-01
1.638749999999999929e+00 1.006610249999999818e+00 1.009830749999999888e+00 1.009830749999999888e+00 9.989196249999998667e-01
1.646249999999999991e+00 1.014584999999999848e+00 1.009051499999999990e+00 1.009051499999999990e+00 9.985675000000000523e-01
1.653750000000000053e+00 1.019126749999999859e+00 1.008160125000000074e+00 1.008160125000000074e+00 9.988478749999999406e-01
1.661249999999999893e+00 1.021642125000000068e+00 1.007460874999999811e+00 1.007460874999999811e+00 9.982356250000000708e-01
1.668749999999999956e+00 1.041229375000000124e+00 1.006768749999999990e+00 1.006768749999999990e+00 9.984117500000000422e-01
1.676250000000000018e+00 1.039029500000000050e+00 1.007355875000000012e+00 1.007355875000000012e+00 9.983236249999999368e-01
1.683750000000000080e+00 1.036737000000000020e+00 1.005415750000000052e+00 1.005415750000000052e+00 9.980461249999998952e-01
1.691249999999999920e+00 1.043893249999999995e+00 1.005079374999999997e+00 1.005079374999999997e+00 9.981342500000001117e-01
1.698749999999999982e+00 1.056964624999999991e+00 1.004561000000000037e+00 1.004561000000000037e+00 9.980805000000000371e-01
1.706250000000000044e+00 1.053442250000000024e+00 1.004228249999999933e+00 1.004228249999999933e+00 9.979008749999999095e-01
1.713750000000000107e+00 1.053924749999999966e+00 1.003350374999999906e+00 1.003350374999999906e+00 9.982318749999999907e-01
1.721249999999999947e+00 1.064375000000000071e+00 1.002721874999999985e+00 1.002721874999999985e+00 9.978051250000000705e-01
1.728750000000000009e+00 1.060931749999999951e+00 1.003226249999999986e+00 1.003226249999999986e+00 9.979251250000000795e-01
1.736250000000000071e+00 1.074179374999999936e+00 1.003016249999999943e+00 1.003016249999999943e+00 9.978716250000000398e-01
1.743749999999999911e+00 1.073791750000000045e+00 1.001751250000000093e+00 1.001751250000000093e+00 9.977133750000000134e-01
1.751249999999999973e+00 1.078495000000000203e+00 1.001230000000000064e+00 1.001230000000000064e+00 9.979835000000000234e-01
1.758750000000000036e+00 1.072284374999999956e+00 1.000606875000000118e+00 1.000606875000000118e+00 9.980360000000001452e-01
1.766250000000000098e+00 1.078211875000000042e+00 9.995317500000000521e-01 9.995317500000000521e-01 9.979851249999999174e-01
1.773749999999999938e+00 1.074365125000000143e+00 9.990192500000000253e-01 9.990192500000000253e-01 9.976971249999999625e-01
1.781250000000000000e+00 1.074380125000000019e+00 9.992797499999999111e-01 9.992797499999999111e-01 9.979817500000000008e-01
1.788750000000000062e+00 1.071114624999999876e+00 9.987872500000000153e-01 9.987872500000000153e-01 9.979777499999999968e-01
1.796249999999999902e+00 1.067747000000000224e+00 9.987033750000000598e-01 9.987033750000000598e-01 9.980626249999999811e-01
1.803749999999999964e+00 1.068164749999999996e+00 9.984667499999999585e-01 9.984667499999999585e-01 9.980506250000000801e-01
1.811250000000000027e+00 1.065740375000000073e+00 9.977713750000000159e-01 9.977713750000000159e-01 9.980752500000000804e-01
1.818750000000000089e+00 1.062080499999999983e+00 9.979783749999999731e-01 9.979783749999999731e-01 9.982480000000000242e-01
1.826249999999999929e+00 1.049931249999999983e+00 9.976657500000001288e-01 9.976657500000001288e-01 9.981545000000000556e-01
1.833749999999999991e+00 1.049728500000000064e+00 9.970911249999999670e-01 9.970911249999999670e-01 9.984527500000000000e-01
1.841250000000000053e+00 1.047491374999999891e+00 9.972448750000000306e-01 9.972448750000000306e-01 9.984151250000000699e-01
1.848749999999999893e+00 1.040034125000000031e+00 9.967234999999998735e-01 9.967234999999998735e-01 9.984733749999999963e-01
1.856249999999999956e+00 1.037929499999999949e+00 9.962022499999999559e-01 9.962022499999999559e-01 9.986397500000000482e-01
1.863750000000000018e+00 1.033587999999999951e+00 9.962283750000000548e-01 9.962283750000000548e-01 9.986866250000000500e-01
1.871250000000000080e+00 1.024099749999999975e+00 9.950615000000000432e-01 9.950615000000000432e-01 9.986796250000000708e-01
1.878749999999999920e+00 1.025956249999999903e+00 9.956016249999999346e-01 9.956016249999999346e-01 9.987617500000001147e-01
1.886249999999999982e+00 1.024858000000000047e+00 9.952791249999999312e-01 9.952791249999999312e-01 9.989058749999999431e-01
1.893750000000000044e+00 1.013470375000000256e+00 9.950743750000000665e-01 9.950743750000000665e-01 9.990447500000001479e-01
1.901250000000000107e+00 1.012093624999999886e+00 9.956254999999999411e-01 9.956254999999999411e-01 9.991415000000002378e-01
1.908749999999999947e+00 1.009734125000000038e+00 9.951518750000000191e-01 9.951518750000000191e-01 9.992016249999999822e-01
1.916250000000000009e+00 1.004903875000000113e+00 9.955512499999999987e-01 9.955512499999999987e-01 9.991845000000000310e-01
1.923750000000000071e+00 1.003140874999999932e+00 9.950418750000000756e-01 9.950418750000000756e-01 9.994751250000001308e-01
1.931249999999999911e+00 1.003904875000000141e+00 9.950081250000000210e-01 9.950081250000000210e-01 9.995838750000001216e-01
1.938749999999999973e+00 1.003195999999999977e+00 9.943764999999999965e-01 9.943764999999999965e-01 9.993896249999999482e-01
1.946250000000000036e+00 9.939122500000000526e-01 9.942203750000000451e-01 9.942203750000000451e-01 9.996024999999999494e-01
1.953750000000000098e+00 9.934326250000000691e-01 9.940134999999999943e-01 9.940134999999999943e-01 9.996731250000000513e-01
1.961249999999999938e+00 9.992922499999999930e-01 9.947217500000000712e-01 9.947217500000000712e-01 9.996418750000000131e-01
1.968750000000000000e+00 9.939955000000000318e-01 9.949286250000001219e-01 9.949286250000001219e-01 9.995947500000000874e-01
1.976250000000000062e+00 9.904886250000000114e-01 9.958325000000000093e-01 9.958325000000000093e-01 1.000001874999999929e+00
1.983749999999999902e+00 9.899031250000001059e-01 9.948201250000001661e-01 9.948201250000001661e-01 1.000112749999999995e+00
1.991249999999999964e+00 9.893521250000000267e-01 9.947298750000000966e-01 9.947298750000000966e-01 1.000006999999999868e+00
1.998750000000000027e+00 9.893054999999999488e-01 9.948538749999999986e-01 9.948538749999999986e-01 1.000105875000000255e+00
2.006250000000000089e+00 9.840763750000000032e-01 9.938669999999999449e-01 9.938669999999999449e-01 1.000151999999999930e+00
2.013749999999999929e+00 9.818347499999999783e-01 9.951817500000000871e-01 9.951817500000000871e-01 1.000183875000000056e+00
2.021250000000000213e+00 9.831844999999999057e-01 9.953415000000001012e-01 9.953415000000001012e-01 1.000224125000000130e+00
2.028750000000000053e+00 9.877757499999999524e-01 9.952549999999998898e-01 9.952549999999998898e-01 1.000225999999999837e+00
2.036249999999999893e+00 9.868768749999998757e-01 9.944020000000000081e-01 9.944020000000000081e-01 1.000354500000000035e+00
2.043750000000000178e+00 9.885507499999999226e-01 9.954121250000000920e-01 9.954121250000000920e-01 1.000452375000000060e+00
2.051250000000000018e+00 9.840651250000000960e-01 9.965413749999998405e-01 9.965413749999998405e-01 1.000516124999999867e+00
2.058749999999999858e+00 9.830032499999998841e-01 9.961563749999998718e-01 9.961563749999998718e-01 1.000566375000000008e+00
2.066250000000000142e+00 9.833507499999999402e-01 9.962198750000000880e-01 9.962198750000000880e-01 1.000548999999999911e+00
2.073749999999999982e+00 9.843826249999999556e-01 9.972392500000000215e-01 9.972392500000000215e-01 1.000532374999999918e+00
2.081249999999999822e+00 9.832842499999999708e-01 9.964500000000000579e-01 9.964500000000000579e-01 1.000685250000000082e+00
2.088750000000000107e+00 9.879896249999999824e-01 9.969598749999999399e-01 9.969598749999999399e-01 1.000435125000000092e+00
2.096249999999999947e+00 9.822637499999998800e-01 9.975264999999999826e-01 9.975264999999999826e-01 1.000504749999999943e+00
2.103749999999999787e+00 9.853833749999999503e-01 9.966046250000000217e-01 9.966046250000000217e-01 1.000635874999999952e+00
2.111250000000000071e+00 9.847267500000000950e-01 9.978401249999999667e-01 9.978401249999999667e-01 1.000625875000000109e+00
2.118749999999999911e+00 9.877833749999997970e-01 9.979645000000000321e-01 9.979645000000000321e-01 1.000526875000000038e+00
2.126250000000000195e+00 9.804873749999999388e-01 9.985760000000000192e-01 9.985760000000000192e-01 1.000697249999999983e+00
2.133750000000000036e+00 9.880588749999998921e-01 9.982969999999998789e-01 9.982969999999998789e-01 1.000477999999999978e+00
2.141249999999999876e+00 9.869884999999999353e-01 9.986856250000000212e-01 9.986856250000000212e-01 1.000491875000000030e+00
2.148750000000000160e+00 9.845957499999999918e-01 9.989663750000000730e-01 9.989663750000000730e-01 1.000514249999999938e+00
2.156250000000000000e+00 9.830663749999999368e-01 9.989246249999998994e-01 9.989246249999998994e-01 1.000391374999999972e+00
2.163749999999999840e+00 9.885022500000000267e-01 9.993455000000001087e-01 9.993455000000001087e-01 1.000500624999999921e+00
2.171250000000000124e+00 9.824096249999999531e-01 9.998726250000000704e-01 9.998726250000000704e-01 1.000726124999999911e+00
2.178749999999999964e+00 9.880616250000000544e-01 9.987988750000000859e-01 9.987988750000000859e-01 1.000529000000000002e+00
2.186249999999999805e+00 9.831078749999999644e-01 9.991725000000000190e-01 9.991725000000000190e-01 1.000528249999999897e+00
2.193750000000000089e+00 9.879667500000000047e-01 9.999985000000001234e-01 9.999985000000001234e-01 1.000523249999999864e+00
2.201249999999999929e+00 9.843211250000000190e-01 1.000086249999999843e+00 1.000086249999999843e+00 1.000450124999999968e+00
2.208750000000000213e+00 9.867943750000001124e-01 1.000192250000000005e+00 1.000192250000000005e+00 1.000531750000000164e+00
2.216250000000000053e+00 9.844297499999999923e-01 1.000375624999999991e+00 1.000375624999999991e+00 1.000373249999999992e+00
2.223749999999999893e+00 9.819538749999999760e-01 1.000913124999999848e+00 1.000913124999999848e+00 1.000443875000000205e+00
2.231250000000000178e+00 9.832627499999999632e-01 1.000838000000000116e+00 1.000838000000000116e+00 1.000243875000000005e+00
2.238750000000000018e+00 9.856566250000000640e-01 1.001089750000000000e+00 1.001089750000000000e+00 1.000288375000000007e+00
2.246249999999999858e+00 9.856524999999999315e-01 1.001767875000000085e+00 1.001767875000000085e+00 1.000283500000000103e+00
2.253750000000000142e+00 9.885519999999999863e-01 1.001652500000000057e+00 1.001652500000000057e+00 1.000356249999999836e+00
2.261249999999999982e+00 9.884267500000001316e-01 1.001439250000000003e+00 1.001439250000000003e+00 1.000416624999999948e+00
2.268749999999999822e+00 9.908618750000001141e-01 1.001234124999999864e+00 1.001234124999999864e+00 1.000361874999999845e+00
2.276250000000000107e+00 9.898725000000000440e-01 1.001557124999999937e+00 1.001557124999999937e+00 1.000337374999999973e+00
2.283749999999999947e+00 9.940982499999999611e-01 1.001492499999999897e+00 1.001492499999999897e+00 1.000223624999999839e+00
2.291249999999999787e+00 9.908136250000000311e-01 1.002124000000000015e+00 1.002124000000000015e+00 1.000173374999999920e+00
2.298750000000000071e+00 9.891102499999999687e-01 1.001753625000000092e+00 1.001753625000000092e+00 1.000284624999999927e+00
2.306249999999999911e+00 9.932198750000000853e-01 1.001956250000000104e+00 1.001956250000000104e+00 1.000021374999999990e+00
2.313750000000000195e+00 9.935228750000000275e-01 1.001662125000000181e+00 1.001662125000000181e+00 1.000069625000000073e+00
2.321250000000000036e+00 9.947762500000000285e-01 1.001989875000000030e+00 1.001989875000000030e+00 1.000234000000000067e+00
2.328749999999999876e+00 9.921109999999999651e-01 1.002592375000000091e+00 1.002592375000000091e+00 9.999841250000001125e-01
2.336250000000000160e+00 9.929876249999999294e-01 1.002172874999999852e+00 1.002172874999999852e+00 1.000121000000000038e+00
2.343750000000000000e+00 9.969497499999999679e-01 1.002204000000000095e+00 1.002204000000000095e+00 1.000144875000000155e+00
2.351249999999999840e+00 9.975432500000001035e-01 1.001657124999999926e+00 1.001657124999999926e+00 9.998965000000000769e-01
2.358750000000000124e+00 9.938268750000001095e-01 1.002497625000000170e+00 1.002497625000000170e+00 9.999381249999999000e-01
2.366249999999999964e+00 9.938891250000000399e-01 1.001451124999999998e+00 1.001451124999999998e+00 9.999254999999999116e-01
2.373749999999999805e+00 9.930137499999999173e-01 1.002118375000000006e+00 1.002118375000000006e+00 9.998684999999999379e-01
2.381250000000000089e+00 9.986286249999999365e-01 1.001490250000000248e+00 1.001490250000000248e+00 9.998918749999999855e-01
2.388749999999999929e+00 1.000793375000000207e+00 1.001716875000000062e+00 1.001716875000000062e+00 9.998961250000000245e-01
2.396250000000000213e+00 9.994313750000000107e-01 1.001865875000000017e+00 1.001865875000000017e+00 9.998245000000000049e-01
2.403750000000000053e+00 1.000845624999999961e+00 1.001956375000000010e+00 1.001956375000000010e+00 9.998547500000001254e-01
2.411249999999999893e+00 1.001407625000000134e+00 1.001747500000000013e+00 1.001747500000000013e+00 9.998227500000000934e-01
2.418750000000000178e+00 9.986737499999999157e-01 1.001876999999999907e+00 1.001876999999999907e+00 9.999968750000000073e-01
2.426250000000000018e+00 1.003142999999999896e+00 1.001839124999999830e+00 1.001839124999999830e+00 9.999201249999998264e-01
2.433749999999999858e+00 1.002174375000000062e+00 1.001555375000000137e+00 1.001555375000000137e+00 9.998799999999999910e-01
2.441250000000000142e+00 1.004294000000000020e+00 1.001426374999999869e+00 1.001426374999999869e+00 9.999678749999999505e-01
2.448749999999999982e+00 1.001989624999999995e+00 1.001434500000000005e+00 1.001434500000000005e+00 9.997659999999999325e-01
2.456249999999999822e+00 1.003020874999999812e+00 1.001224624999999868e+00 1.001224624999999868e+00 9.997503749999999689e-01
2.463750000000000107e+00 1.004591000000000012e+00 1.001262875000000108e+00 1.001262875000000108e+00 9.997404999999999209e-01
2.471249999999999947e+00 1.006375124999999926e+00 1.001269124999999871e+00 1.001269124999999871e+00 9.996356249999999166e-01
2.478749999999999787e+00 1.000544500000000170e+00 1.001916625000000005e+00 1.001916625000000005e+00 9.997976249999999121e-01
2.486250000000000071e+00 9.991798749999999396e-01 1.001450624999999928e+00 1.001450624999999928e+00 9.997363750000000104e-01
2.493749999999999911e+00 1.002866875000000046e+00 1.000635874999999952e+00 1.000635874999999952e+00 9.997752500000001152e-01
2.501250000000000195e+00 1.003379624999999997e+00 1.000351124999999897e+00 1.000351124999999897e+00 9.996999999999999220e-01
2.508750000000000036e+00 1.003216874999999897e+00 1.000696499999999878e+00 1.000696499999999878e+00 9.997634999999999161e-01
2.516249999999999876e+00 1.002033500000000021e+00 1.000431125000000199e+00 1.000431125000000199e+00 9.996296249999999661e-01
2.523750000000000160e+00 1.006162624999999977e+00 1.000442624999999808e+00 1.000442624999999808e+00 9.996978750000000691e-01
2.531250000000000000e+00 1.005647000000000180e+00 9.999476250000000066e-01 9.999476250000000066e-01 9.996577500000000116e-01
2.538749999999999840e+00 1.003331250000000008e+00 9.999405000000000099e-01 9.999405000000000099e-01 9.996595000000000342e-01
2.546250000000000124e+00 1.008789750000000041e+00 1.000170500000000073e+00 1.000170500000000073e+00 9.997681250000001185e-01
2.553749999999999964e+00 1.005216874999999899e+00 9.996395000000000142e-01 9.996395000000000142e-01 9.997003749999999744e-01
2.561249999999999805e+00 1.006270499999999846e+00 9.998263749999999339e-01 9.998263749999999339e-01 9.997894999999999976e-01
2.568750000000000089e+00 1.006460000000000132e+00 9.999018750000000511e-01 9.999018750000000511e-01 9.996495000000000797e-01
2.576249999999999929e+00 1.005600874999999839e+00 1.000299374999999991e+00 1.000299374999999991e+00 9.997338749999999941e-01
2.583750000000000213e+00 1.005700124999999945e+00 1.000167500000000098e+00 1.000167500000000098e+00 9.996906249999999439e-01
2.591250000000000053e+00 1.004834250000000040e+00 1.000099875000000083e+00 1.000099875000000083e+00 9.996473750000000047e-01
2.598749999999999893e+00 1.003519124999999956e+00 9.996343749999999639e-01 9.996343749999999639e-01 9.996162500000000950e-01
2.606250000000000178e+00 1.008658249999999867e+00 1.000249874999999955e+00 1.000249874999999955e+00 9.996836250000000756e-01
2.613750000000000018e+00 1.007528124999999886e+00 9.996968750000001513e-01 9.996968750000001513e-01 9.997803750000000544e-01
2.621249999999999858e+00 1.012565249999999972e+00 1.000106750000000044e+00 1.000106750000000044e+00 9.997789999999998622e-01
2.628750000000000142e+00 1.010070500000000093e+00 9.995213749999999342e-01 9.995213749999999342e-01 9.998080000000000300e-01
2.636249999999999982e+00 1.005517250000000029e+00 9.992472500000000313e-01 9.992472500000000313e-01 9.997698750000000301e-01
2.643749999999999822e+00 1.007010750000000066e+00 9.997288749999999613e-01 9.997288749999999613e-01 9.997774999999998746e-01
2.651250000000000107e+00 1.006102000000000052e+00 9.990918749999999626e-01 9.990918749999999626e-01 9.997753750000000217e-01
2.658749999999999947e+00 9.995760000000000201e-01 1.000117125000000051e+00 1.000117125000000051e+00 9.997713750000000177e-01
2.666249999999999787e+00 1.008315625000000049e+00 9.996272499999999672e-01 9.996272499999999672e-01 9.998281250000000675e-01
2.673750000000000071e+00 1.008263499999999979e+00 9.997677499999999551e-01 9.997677499999999551e-01 9.998708749999999368e-01
2.681249999999999911e+00 1.003575000000000106e+00 9.995430000000000703e-01 9.995430000000000703e-01 9.996892500000000847e-01
2.688750000000000195e+00 1.004108875000000012e+00 9.991041250000000096e-01 9.991041250000000096e-01 9.998588749999999248e-01
2.696250000000000036e+00 1.002101499999999978e+00 9.993622499999998965e-01 9.993622499999998965e-01 9.998897499999999106e-01
2.703749999999999876e+00 1.003576374999999965e+00 9.990723749999999015e-01 9.990723749999999015e-01 9.998738750000000231e-01
2.711250000000000160e+00 1.002783374999999921e+00 9.993879999999999431e-01 9.993879999999999431e-01 9.999149999999999983e-01
2.718750000000000000e+00 1.001475249999999928e+00 9.994676249999999706e-01 9.994676249999999706e-01 9.998156249999999856e-01
2.726249999999999840e+00 1.003871750000000063e+00 9.996627499999999333e-01 9.996627499999999333e-01 9.998931250000000492e-01
2.733750000000000124e+00 1.002582124999999991e+00 9.995378750000000201e-01 9.995378750000000201e-01 9.997513749999999977e-01
2.741249999999999964e+00 1.000478624999999955e+00 9.990615000000000467e-01 9.990615000000000467e-01 9.999768749999999873e-01
2.748749999999999805e+00 1.000621374999999924e+00 9.995560000000001111e-01 9.995560000000001111e-01 9.998113749999998356e-01
2.756250000000000089e+00 9.934126249999999381e-01 9.986761250000000256e-01 9.986761250000000256e-01 9.999661250000000390e-01
2.763749999999999929e+00 1.000320875000000109e+00 9.991297500000000387e-01 9.991297500000000387e-01 9.999240000000000350e-01
2.771250000000000213e+00 9.994172499999999237e-01 9.996317499999999301e-01 9.996317499999999301e-01 9.999230000000000063e-01
2.778750000000000053e+00 9.989456250000001702e-01 9.991292500000000798e-01 9.991292500000000798e-01 9.999611250000000062e-01
2.786249999999999893e+00 1.001396249999999988e+00 9.990130000000000399e-01 9.990130000000000399e-01 9.997263749999999449e-01
2.793750000000000178e+00 1.000091499999999911e+00 9.991148749999999579e-01 9.991148749999999579e-01 1.000080999999999998e+00
2.801250000000000018e+00 1.000010624999999820e+00 9.985698749999999402e-01 9.985698749999999402e-01 9.998313749999999667e-01
2.808749999999999858e+00 9.983306249999999160e-01 9.995317500000000521e-01 9.995317500000000521e-01 9.999126249999999994e-01
2.816250000000000142e+00 9.979410000000000780e-01 9.997187499999999893e-01 9.997187499999999893e-01 9.999116250000000816e-01
2.823749999999999982e+00 9.995978749999999691e-01 9.995118750000001606e-01 9.995118750000001606e-01 1.000090500000000215e+00
2.831249999999999822e+00 9.941754999999999898e-01 9.989478750000000407e-01 9.989478750000000407e-01 1.000154250000000022e+00
2.838750000000000107e+00 9.980801249999999847e-01 9.994292500000001578e-01 9.994292500000001578e-01 1.000014249999999993e+00
2.846249999999999947e+00 9.960737499999999800e-01 9.993355000000000432e-01 9.993355000000000432e-01 9.999283749999998694e-01
2.853749999999999787e+00 9.962926249999999317e-01 9.992316250000000677e-01 9.992316250000000677e-01 1.000019999999999909e+00
2.861250000000000071e+00 9.955618750000000405e-01 9.993268749999999478e-01 9.993268749999999478e-01 9.999748749999999298e-01
2.868749999999999911e+00 9.933256250000001009e-01 9.995578750000000401e-01 9.995578750000000401e-01 9.999628750000000288e-01
2.876250000000000195e+00 9.941442500000000626e-01 9.991488749999998253e-01 9.991488749999998253e-01 9.999861249999999480e-01
2.883750000000000036e+00 9.974877500000000063e-01 9.991377500000000467e-01 9.991377500000000467e-01 1.000110124999999961e+00
2.891249999999999876e+00 9.944345000000001100e-01 9.993127499999999719e-01 9.993127499999999719e-01 9.998788750000000558e-01
2.898750000000000160e+00 9.978676250000000358e-01 9.998503749999999579e-01 9.998503749999999579e-01 1.000056874999999845e+00
2.906250000000000000e+00 9.958936250000000046e-01 9.999001250000000285e-01 9.999001250000000285e-01 1.000196499999999933e+00
2.913749999999999840e+00 9.947918749999999921e-01 9.993817500000000686e-01 9.993817500000000686e-01 1.000144875000000155e+00
2.921250000000000124e+00 9.950292499999999762e-01 9.993427500000000574e-01 9.993427500000000574e-01 1.000082874999999927e+00
2.928749999999999964e+00 9.972422499999998857e-01 9.995726250000001034e-01 9.995726250000001034e-01 1.000069375000000038e+00
2.936249999999999805e+00 9.958440000000000625e-01 1.000030874999999986e+00 1.000030874999999986e+00 1.000162500000000065e+00
2.943750000000000089e+00 9.963881250000000689e-01 9.992101249999999490e-01 9.992101249999999490e-01 9.999407500000000448e-01
2.951249999999999929e+00 9.983116249999999248e-01 9.993354999999999322e-01 9.993354999999999322e-01 1.000038999999999900e+00
2.958750000000000213e+00 9.955538750000000325e-01 9.995367500000000849e-01 9.995367500000000849e-01 1.000055874999999928e+00
2.966250000000000053e+00 9.957379999999999010e-01 9.999247499999999178e-01 9.999247499999999178e-01 1.000121000000000038e+00
2.973749999999999893e+00 9.999778750000000160e-01 9.999906250000000218e-01 9.999906250000000218e-01 1.000121000000000038e+00
2.981250000000000178e+00 9.978639999999998622e-01 9.998399999999999510e-01 9.998399999999999510e-01 1.000060125000000077e+00
2.988750000000000018e+00 9.916098749999999740e-01 9.994878750000000256e-01 9.994878750000000256e-01 1.000103125000000093e+00
2.996249999999999858e+00 9.958977500000000260e-01 9.997357499999999231e-01 9.997357499999999231e-01 1.000114750000000052e+00
