3.749999999999999861e-03 0.000000000000000000e+00 0.000000000000000000e+00 0.000000000000000000e+00 0.000000000000000000e+00
1.124999999999999958e-02 0.000000000000000000e+00 0.000000000000000000e+00 0.000000000000000000e+00 0.000000000000000000e+00
1.874999999999999931e-02 0.000000000000000000e+00 0.000000000000000000e+00 0.000000000000000000e+00 0.000000000000000000e+00
2.624999999999999903e-02 0.000000000000000000e+00 0.000000000000000000e+00 0.000000000000000000e+00 0.000000000000000000e+00
3.375000000000000222e-02 0.000000000000000000e+00 0.000000000000000000e+00 0.000000000000000000e+00 0.000000000000000000e+00
4.125000000000000194e-02 0.000000000000000000e+00 0.000000000000000000e+00 0.000000000000000000e+00 0.000000000000000000e+00
4.875000000000000167e-02 0.000000000000000000e+00 0.000000000000000000e+00 0.000000000000000000e+00 0.000000000000000000e+00
5.625000000000000139e-02 0.000000000000000000e+00 0.000000000000000000e+00 0.000000000000000000e+00 0.000000000000000000e+00
6.375000000000000111e-02 0.000000000000000000e+00 0.000000000000000000e+00 0.000000000000000000e+00 0.000000000000000000e+00
7.124999999999999389e-02 0.000000000000000000e+00 0.000000000000000000e+00 0.000000000000000000e+00 0.000000000000000000e+00
7.875000000000000056e-02 0.000000000000000000e+00 0.000000000000000000e+00 0.000000000000000000e+00 0.000000000000000000e+00
8.624999999999999334e-02 0.000000000000000000e+00 0.000000000000000000e+00 0.000000000000000000e+00 0.000000000000000000e+00
9.375000000000000000e-02 0.000000000000000000e+00 0.000000000000000000e+00 0.000000000000000000e+00 0.000000000000000000e+00
1.012500000000000067e-01 0.000000000000000000e+00 0.000000000000000000e+00 0.000000000000000000e+00 0.000000000000000000e+00
1.087499999999999994e-01 0.000000000000000000e+00 0.000000000000000000e+00 0.000000000000000000e+00 0.000000000000000000e+00
1.162500000000000061e-01 0.000000000000000000e+00 0.000000000000000000e+00 0.000000000000000000e+00 0.000000000000000000e+00
1.237499999999999989e-01 0.000000000000000000e+00 0.000000000000000000e+00 0.000000000000000000e+00 0.000000000000000000e+00
1.312500000000000056e-01 0.000000000000000000e+00 0.000000000000000000e+00 0.000000000000000000e+00 0.000000000000000000e+00
1.387500000000000122e-01 0.000000000000000000e+00 0.000000000000000000e+00 0.000000000000000000e+00 0.000000000000000000e+00
1.462499999999999911e-01 0.000000000000000000e+00 0.000000000000000000e+00 0.000000000000000000e+00 0.000000000000000000e+00
1.537499999999999978e-01 0.000000000000000000e+00 0.000000000000000000e+00 0.000000000000000000e+00 1.404999999999999728e-04
1.612500000000000044e-01 0.000000000000000000e+00 0.000000000000000000e+00 0.000000000000000000e+00 8.598333333333334563e-03
1.687500000000000111e-01 0.000000000000000000e+00 0.000000000000000000e+00 0.000000000000000000e+00 1.087906666666666605e-01
1.762499999999999900e-01 0.000000000000000000e+00 0.000000000000000000e+00 0.000000000000000000e+00 4.484375000000000444e-01
1.837499999999999967e-01 0.000000000000000000e+00 0.000000000000000000e+00 0.000000000000000000e+00 9.686776666666666591e-01
1.912500000000000033e-01 0.000000000000000000e+00 0.000000000000000000e+00 0.000000000000000000e+00 1.443658499999999956e+00
1.987500000000000100e-01 0.000000000000000000e+00 0.000000000000000000e+00 0.000000000000000000e+00 1.747179333333333417e+00
2.062499999999999889e-01 0.000000000000000000e+00 0.000000000000000000e+00 0.000000000000000000e+00 1.884476666666666356e+00
2.137499999999999956e-01 0.000000000000000000e+00 0.000000000000000000e+00 0.000000000000000000e+00 1.907200000000000228e+00
2.212500000000000022e-01 0.000000000000000000e+00 0.000000000000000000e+00 0.000000000000000000e+00 1.869121833333333482e+00
2.287500000000000089e-01 0.000000000000000000e+00 0.000000000000000000e+00 0.000000000000000000e+00 1.810674499999999965e+00
2.362499999999999878e-01 0.000000000000000000e+00 0.000000000000000000e+00 0.000000000000000000e+00 1.743475000000000108e+00
2.437499999999999944e-01 0.000000000000000000e+00 0.000000000000000000e+00 0.000000000000000000e+00 1.687083499999999958e+00
2.512499999999999734e-01 0.000000000000000000e+00 0.000000000000000000e+00 0.000000000000000000e+00 1.636424666666666861e+00
2.587499999999999800e-01 0.000000000000000000e+00 0.000000000000000000e+00 0.000000000000000000e+00 1.587414000000000103e+00
2.662499999999999867e-01 0.000000000000000000e+00 0.000000000000000000e+00 0.000000000000000000e+00 1.543631833333333425e+00
2.737499999999999933e-01 0.000000000000000000e+00 0.000000000000000000e+00 0.000000000000000000e+00 1.501222666666666816e+00
2.812500000000000000e-01 0.000000000000000000e+00 0.000000000000000000e+00 0.000000000000000000e+00 1.463585666666666896e+00
2.887500000000000067e-01 0.000000000000000000e+00 0.000000000000000000e+00 0.000000000000000000e+00 1.433388333333333486e+00
2.962500000000000133e-01 0.000000000000000000e+00 0.000000000000000000e+00 0.000000000000000000e+00 1.400389666666666644e+00
3.037500000000000200e-01 0.000000000000000000e+00 0.000000000000000000e+00 0.000000000000000000e+00 1.374082333333333183e+00
3.112500000000000266e-01 0.000000000000000000e+00 0.000000000000000000e+00 0.000000000000000000e+00 1.351665166666666806e+00
3.187499999999999778e-01 0.000000000000000000e+00 0.000000000000000000e+00 0.000000000000000000e+00 1.330608666666666551e+00
3.262499999999999845e-01 0.000000000000000000e+00 0.000000000000000000e+00 0.000000000000000000e+00 1.312830833333333391e+00
3.337499999999999911e-01 0.000000000000000000e+00 0.000000000000000000e+00 0.000000000000000000e+00 1.296217333333333555e+00
3.412499999999999978e-01 0.000000000000000000e+00 0.000000000000000000e+00 0.000000000000000000e+00 1.286262500000000086e+00
3.487500000000000044e-01 0.000000000000000000e+00 0.000000000000000000e+00 0.000000000000000000e+00 1.276457166666666643e+00
3.562500000000000111e-01 0.000000000000000000e+00 0.000000000000000000e+00 0.000000000000000000e+00 1.271536166666666468e+00
3.637500000000000178e-01 0.000000000000000000e+00 0.000000000000000000e+00 0.000000000000000000e+00 1.265649333333333182e+00
3.712500000000000244e-01 0.000000000000000000e+00 0.000000000000000000e+00 0.000000000000000000e+00 1.261313666666666666e+00
3.787499999999999756e-01 0.000000000000000000e+00 0.000000000000000000e+00 0.000000000000000000e+00 1.260633166666666583e+00
3.862499999999999822e-01 0.000000000000000000e+00 0.000000000000000000e+00 0.000000000000000000e+00 1.256680166666666709e+00
3.937499999999999889e-01 0.000000000000000000e+00 0.000000000000000000e+00 0.000000000000000000e+00 1.254457666666666693e+00
4.012499999999999956e-01 0.000000000000000000e+00 0.000000000000000000e+00 0.000000000000000000e+00 1.251491833333333359e+00
4.087500000000000022e-01 0.000000000000000000e+00 0.000000000000000000e+00 0.000000000000000000e+00 1.247340000000000115e+00
4.162500000000000089e-01 0.000000000000000000e+00 0.000000000000000000e+00 0.000000000000000000e+00 1.242648166666666887e+00
4.237500000000000155e-01 0.000000000000000000e+00 0.000000000000000000e+00 0.000000000000000000e+00 1.237418999999999825e+00
4.312500000000000222e-01 0.000000000000000000e+00 0.000000000000000000e+00 0.000000000000000000e+00 1.232443333333333335e+00
4.387499999999999734e-01 0.000000000000000000e+00 0.000000000000000000e+00 0.000000000000000000e+00 1.225419666666666574e+00
4.462499999999999800e-01 0.000000000000000000e+00 0.000000000000000000e+00 0.000000000000000000e+00 1.218485833333333490e+00
4.537499999999999867e-01 0.000000000000000000e+00 0.000000000000000000e+00 0.000000000000000000e+00 1.212719666666666862e+00
4.612499999999999933e-01 0.000000000000000000e+00 3.850000000000000069e-05 3.850000000000000069e-05 1.204878000000000116e+00
4.687500000000000000e-01 0.000000000000000000e+00 3.775000000000000144e-04 3.775000000000000144e-04 1.198275999999999897e+00
4.762500000000000067e-01 0.000000000000000000e+00 2.113166666666666839e-03 2.113166666666666839e-03 1.190817333333333172e+00
4.837500000000000133e-01 0.000000000000000000e+00 8.671166666666667300e-03 8.671166666666667300e-03 1.185233666666666741e+00
4.912500000000000200e-01 0.000000000000000000e+00 2.702616666666666709e-02 2.702616666666666709e-02 1.176562666666666646e+00
4.987500000000000266e-01 0.000000000000000000e+00 6.616049999999999709e-02 6.616049999999999709e-02 1.170518666666666707e+00
5.062499999999999778e-01 0.000000000000000000e+00 1.364468333333333228e-01 1.364468333333333228e-01 1.164690000000000003e+00
5.137500000000000400e-01 0.000000000000000000e+00 2.458558333333333012e-01 2.458558333333333012e-01 1.156475000000000142e+00
5.212499999999999911e-01 0.000000000000000000e+00 3.859230000000000160e-01 3.859230000000000160e-01 1.151246166666666682e+00
5.287500000000000533e-01 0.000000000000000000e+00 5.568069999999999409e-01 5.568069999999999409e-01 1.144449500000000119e+00
5.362500000000000044e-01 0.000000000000000000e+00 7.339628333333334531e-01 7.339628333333334531e-01 1.139414666666666687e+00
5.437499999999999556e-01 0.000000000000000000e+00 9.148186666666666689e-01 9.148186666666666689e-01 1.133158166666666800e+00
5.512500000000000178e-01 0.000000000000000000e+00 1.074236166666666437e+00 1.074236166666666437e+00 1.126744333333333348e+00
5.587499999999999689e-01 0.000000000000000000e+00 1.219236333333333144e+00 1.219236333333333144e+00 1.122766999999999848e+00
5.662500000000000311e-01 0.000000000000000000e+00 1.333099333333333414e+00 1.333099333333333414e+00 1.116513499999999937e+00
5.737499999999999822e-01 0.000000000000000000e+00 1.422952333333333153e+00 1.422952333333333153e+00 1.111858166666666703e+00
5.812500000000000444e-01 0.000000000000000000e+00 1.479438166666666943e+00 1.479438166666666943e+00 1.106405500000000153e+00
5.887499999999999956e-01 0.000000000000000000e+00 1.516856666666666520e+00 1.516856666666666520e+00 1.101775833333333177e+00
5.962499999999999467e-01 0.000000000000000000e+00 1.531767666666666416e+00 1.531767666666666416e+00 1.096300499999999900e+00
6.037500000000000089e-01 0.000000000000000000e+00 1.532623666666666606e+00 1.532623666666666606e+00 1.092657666666666527e+00
6.112499999999999600e-01 0.000000000000000000e+00 1.521075833333333405e+00 1.521075833333333405e+00 1.087929833333333374e+00
6.187500000000000222e-01 0.000000000000000000e+00 1.496091666666666820e+00 1.496091666666666820e+00 1.082957166666666637e+00
6.262499999999999734e-01 0.000000000000000000e+00 1.468450333333333413e+00 1.468450333333333413e+00 1.078415166666666591e+00
6.337500000000000355e-01 0.000000000000000000e+00 1.433219666666666781e+00 1.433219666666666781e+00 1.074642833333333547e+00
6.412499999999999867e-01 0.000000000000000000e+00 1.400812166666666636e+00 1.400812166666666636e+00 1.070233999999999908e+00
6.487500000000000488e-01 0.000000000000000000e+00 1.364166499999999838e+00 1.364166499999999838e+00 1.065321666666666500e+00
6.562500000000000000e-01 0.000000000000000000e+00 1.330525833333333408e+00 1.330525833333333408e+00 1.062115333333333300e+00
6.637499999999999512e-01 0.000000000000000000e+00 1.297194333333333338e+00 1.297194333333333338e+00 1.058426500000000159e+00
6.712500000000000133e-01 0.000000000000000000e+00 1.262526833333333487e+00 1.262526833333333487e+00 1.054487166666666642e+00
6.787499999999999645e-01 0.000000000000000000e+00 1.233207666666666480e+00 1.233207666666666480e+00 1.050378666666666794e+00
6.862500000000000266e-01 0.000000000000000000e+00 1.212839166666666690e+00 1.212839166666666690e+00 1.047525999999999957e+00
6.937499999999999778e-01 0.000000000000000000e+00 1.192372500000000057e+00 1.192372500000000057e+00 1.043991333333333271e+00
7.012500000000000400e-01 0.000000000000000000e+00 1.174209833333333286e+00 1.174209833333333286e+00 1.040264999999999995e+00
7.087499999999999911e-01 0.000000000000000000e+00 1.161253666666666406e+00 1.161253666666666406e+00 1.036975833333333430e+00
7.162500000000000533e-01 0.000000000000000000e+00 1.151533833333333368e+00 1.151533833333333368e+00 1.033263833333333270e+00
7.237500000000000044e-01 0.000000000000000000e+00 1.139771666666666627e+00 1.139771666666666627e+00 1.030611500000000014e+00
7.312499999999999556e-01 0.000000000000000000e+00 1.133768500000000179e+00 1.133768500000000179e+00 1.027656166666666815e+00
7.387500000000000178e-01 0.000000000000000000e+00 1.130979999999999874e+00 1.130979999999999874e+00 1.025121833333333621e+00
7.462499999999999689e-01 0.000000000000000000e+00 1.125631333333333428e+00 1.125631333333333428e+00 1.021675333333333269e+00
7.537500000000000311e-01 2.003333333333333149e-04 1.121773166666666599e+00 1.121773166666666599e+00 1.018920500000000118e+00
7.612499999999999822e-01 5.891666666666666580e-04 1.121314833333333372e+00 1.121314833333333372e+00 1.016250499999999946e+00
7.687500000000000444e-01 2.312000000000000253e-03 1.117968833333333301e+00 1.117968833333333301e+00 1.014218333333333222e+00
7.762499999999999956e-01 9.826000000000001400e-03 1.113395833333333362e+00 1.113395833333333362e+00 1.011010833333333414e+00
7.837499999999999467e-01 2.419033333333333105e-02 1.109974500000000086e+00 1.109974500000000086e+00 1.009188333333333354e+00
7.912500000000000089e-01 6.056150000000001116e-02 1.108030666666666830e+00 1.108030666666666830e+00 1.006884666666666872e+00
7.987499999999999600e-01 1.246594999999999787e-01 1.101002333333333416e+00 1.101002333333333416e+00 1.004844166666666538e+00
8.062500000000000222e-01 2.301634999999999931e-01 1.095344833333333323e+00 1.095344833333333323e+00 1.002728166666666754e+00
8.137499999999999734e-01 3.813821666666666332e-01 1.093588333333333606e+00 1.093588333333333606e+00 1.001241333333333428e+00
8.212500000000000355e-01 5.991506666666667202e-01 1.087809833333333476e+00 1.087809833333333476e+00 9.987993333333332613e-01
8.287499999999999867e-01 8.426630000000000509e-01 1.080066333333333128e+00 1.080066333333333128e+00 9.973711666666665865e-01
8.362500000000000488e-01 1.138358500000000051e+00 1.075240333333333131e+00 1.075240333333333131e+00 9.957808333333333373e-01
8.437500000000000000e-01 1.425293333333333301e+00 1.072400833333333248e+00 1.072400833333333248e+00 9.946055000000000312e-01
8.512499999999999512e-01 1.726496499999999878e+00 1.065028666666666624e+00 1.065028666666666624e+00 9.926125000000000087e-01
8.587500000000000133e-01 1.993460000000000010e+00 1.057917833333333446e+00 1.057917833333333446e+00 9.916154999999999831e-01
8.662499999999999645e-01 2.221142500000000020e+00 1.053153166666666918e+00 1.053153166666666918e+00 9.902896666666665126e-01
8.737500000000000266e-01 2.404430833333333517e+00 1.045346166666666798e+00 1.045346166666666798e+00 9.895668333333333955e-01
8.812499999999999778e-01 2.526130000000000209e+00 1.039936499999999819e+00 1.039936499999999819e+00 9.879995000000000305e-01
8.887500000000000400e-01 2.603249333333332860e+00 1.034796333333333429e+00 1.034796333333333429e+00 9.876393333333332025e-01
8.962499999999999911e-01 2.600261333333333091e+00 1.030895833333333345e+00 1.030895833333333345e+00 9.862924999999999054e-01
9.037500000000000533e-01 2.613673166666667047e+00 1.026251000000000024e+00 1.026251000000000024e+00 9.856548333333333689e-01
9.112500000000000044e-01 2.550259166666666744e+00 1.019747833333333187e+00 1.019747833333333187e+00 9.851885000000000225e-01
9.187499999999999556e-01 2.468054499999999596e+00 1.015631500000000020e+00 1.015631500000000020e+00 9.840214999999999934e-01
9.262500000000000178e-01 2.348950166666666561e+00 1.013240333333333298e+00 1.013240333333333298e+00 9.836166666666666947e-01
9.337499999999999689e-01 2.259652833333333444e+00 1.007279833333333263e+00 1.007279833333333263e+00 9.834883333333334088e-01
9.412500000000000311e-01 2.150850666666666910e+00 1.004125833333333384e+00 1.004125833333333384e+00 9.831775000000000375e-01
9.487499999999999822e-01 2.017616999999999994e+00 1.001334333333333326e+00 1.001334333333333326e+00 9.830286666666666617e-01
9.562500000000000444e-01 1.903348999999999736e+00 9.967974999999998920e-01 9.967974999999998920e-01 9.828386666666667493e-01
9.637499999999999956e-01 1.803719166666666540e+00 9.943291666666667084e-01 9.943291666666667084e-01 9.834318333333332829e-01
9.712499999999999467e-01 1.689244500000000038e+00 9.918924999999999548e-01 9.918924999999999548e-01 9.831468333333334142e-01
9.787500000000000089e-01 1.596536666666666493e+00 9.865390000000000548e-01 9.865390000000000548e-01 9.831866666666667642e-01
9.862499999999999600e-01 1.504159666666666562e+00 9.848124999999999796e-01 9.848124999999999796e-01 9.835641666666666838e-01
9.937500000000000222e-01 1.418241666666666845e+00 9.814548333333332764e-01 9.814548333333332764e-01 9.832378333333333664e-01
1.001249999999999973e+00 1.328018499999999991e+00 9.784633333333333516e-01 9.784633333333333516e-01 9.845814999999999984e-01
1.008750000000000036e+00 1.257487666666666781e+00 9.765621666666666201e-01 9.765621666666666201e-01 9.849121666666666997e-01
1.016250000000000098e+00 1.212094666666666543e+00 9.739688333333332837e-01 9.739688333333332837e-01 9.859333333333334393e-01
1.023749999999999938e+00 1.158603000000000049e+00 9.711625000000000396e-01 9.711625000000000396e-01 9.865893333333333182e-01
1.031250000000000000e+00 1.101180000000000048e+00 9.670814999999999273e-01 9.670814999999999273e-01 9.868645000000001444e-01
1.038750000000000062e+00 1.073042333333333431e+00 9.685380000000000100e-01 9.685380000000000100e-01 9.879459999999999908e-01
1.046249999999999902e+00 1.036805666666666736e+00 9.649168333333332237e-01 9.649168333333332237e-01 9.887691666666666990e-01
1.053749999999999964e+00 1.016766999999999976e+00 9.629775000000000418e-01 9.629775000000000418e-01 9.899973333333332848e-01
1.061250000000000027e+00 1.006187333333333322e+00 9.628851666666666809e-01 9.628851666666666809e-01 9.911075000000000301e-01
1.068750000000000089e+00 9.772619999999999640e-01 9.619461666666667687e-01 9.619461666666667687e-01 9.922726666666666917e-01
1.076249999999999929e+00 9.521386666666665777e-01 9.608283333333332843e-01 9.608283333333332843e-01 9.936744999999999051e-01
1.083749999999999991e+00 9.378911666666667202e-01 9.589674999999999727e-01 9.589674999999999727e-01 9.945786666666664999e-01
1.091250000000000053e+00 9.270993333333333863e-01 9.566561666666668629e-01 9.566561666666668629e-01 9.954998333333332505e-01
1.098749999999999893e+00 9.368388333333332874e-01 9.568051666666667066e-01 9.568051666666667066e-01 9.965128333333334032e-01
1.106249999999999956e+00 9.293891666666667106e-01 9.550094999999999557e-01 9.550094999999999557e-01 9.983056666666666468e-01
1.113750000000000018e+00 9.373380000000000045e-01 9.544503333333332895e-01 9.544503333333332895e-01 9.990121666666667011e-01
1.121250000000000080e+00 9.386974999999999625e-01 9.540128333333331989e-01 9.540128333333331989e-01 1.000113166666666720e+00
1.128749999999999920e+00 9.290351666666666341e-01 9.541993333333333993e-01 9.541993333333333993e-01 1.000430166666666620e+00
1.136249999999999982e+00 9.236020000000001451e-01 9.541328333333334299e-01 9.541328333333334299e-01 1.001413166666666577e+00
1.143750000000000044e+00 9.354216666666667068e-01 9.542228333333332424e-01 9.542228333333332424e-01 1.002063499999999996e+00
1.151250000000000107e+00 9.408418333333333772e-01 9.529469999999999885e-01 9.529469999999999885e-01 1.002803499999999959e+00
1.158749999999999947e+00 9.432031666666667036e-01 9.529376666666667939e-01 9.529376666666667939e-01 1.003559666666666628e+00
1.166250000000000009e+00 9.349198333333332833e-01 9.523988333333334166e-01 9.523988333333334166e-01 1.004060166666666642e+00
1.173750000000000071e+00 9.392091666666666505e-01 9.535979999999999457e-01 9.535979999999999457e-01 1.004388500000000128e+00
1.181249999999999911e+00 9.438045000000000462e-01 9.537144999999999095e-01 9.537144999999999095e-01 1.004482166666666787e+00
1.188749999999999973e+00 9.502636666666667287e-01 9.539531666666666299e-01 9.539531666666666299e-01 1.005158500000000066e+00
1.196250000000000036e+00 9.347651666666666470e-01 9.531605000000000771e-01 9.531605000000000771e-01 1.005106166666666745e+00
1.203750000000000098e+00 9.297933333333334716e-01 9.548908333333332443e-01 9.548908333333332443e-01 1.005777666666666681e+00
1.211249999999999938e+00 9.330991666666667017e-01 9.564305000000000723e-01 9.564305000000000723e-01 1.005694333333333246e+00
1.218750000000000000e+00 9.351036666666665553e-01 9.571790000000001131e-01 9.571790000000001131e-01 1.006039333333333508e+00
1.226250000000000062e+00 9.274103333333334476e-01 9.577004999999999546e-01 9.577004999999999546e-01 1.005847500000000005e+00
1.233749999999999902e+00 9.150096666666667211e-01 9.589781666666667981e-01 9.589781666666667981e-01 1.006105833333333477e+00
1.241249999999999964e+00 9.200224999999999653e-01 9.605090000000000572e-01 9.605090000000000572e-01 1.006139166666666807e+00
1.248750000000000027e+00 9.137508333333334010e-01 9.621078333333331623e-01 9.621078333333331623e-01 1.006108500000000072e+00
1.256250000000000089e+00 9.068410000000000082e-01 9.647439999999999349e-01 9.647439999999999349e-01 1.005996000000000112e+00
1.263749999999999929e+00 9.164996666666667124e-01 9.658281666666667098e-01 9.658281666666667098e-01 1.005826333333333267e+00
1.271249999999999991e+00 9.054356666666665276e-01 9.666731666666664724e-01 9.666731666666664724e-01 1.006162333333333381e+00
1.278750000000000053e+00 9.013913333333333222e-01 9.684001666666666175e-01 9.684001666666666175e-01 1.006236333333333288e+00
1.286249999999999893e+00 9.122108333333334151e-01 9.699233333333333595e-01 9.699233333333333595e-01 1.005939833333333366e+00
1.293749999999999956e+00 8.964609999999999523e-01 9.737729999999999997e-01 9.737729999999999997e-01 1.006280666666666601e+00
1.301250000000000018e+00 9.031365000000000087e-01 9.744083333333334318e-01 9.744083333333334318e-01 1.006232499999999863e+00
1.308750000000000080e+00 9.028528333333333267e-01 9.764016666666665012e-01 9.764016666666665012e-01 1.005881166666666493e+00
1.316249999999999920e+00 8.976540000000001740e-01 9.786055000000000170e-01 9.786055000000000170e-01 1.005929833333333301e+00
1.323749999999999982e+00 8.958606666666666385e-01 9.820421666666666605e-01 9.820421666666666605e-01 1.005415333333333328e+00
1.331250000000000044e+00 9.016323333333334800e-01 9.844333333333333824e-01 9.844333333333333824e-01 1.005874333333333537e+00
1.338750000000000107e+00 9.012785000000000935e-01 9.869744999999999768e-01 9.869744999999999768e-01 1.006009166666666621e+00
1.346249999999999947e+00 8.997771666666666279e-01 9.903263333333333085e-01 9.903263333333333085e-01 1.005485833333333412e+00
1.353750000000000009e+00 9.032241666666666058e-01 9.920605000000000118e-01 9.920605000000000118e-01 1.005234833333333411e+00
1.361250000000000071e+00 8.991978333333334739e-01 9.945841666666667136e-01 9.945841666666667136e-01 1.005079833333333283e+00
1.368749999999999911e+00 8.999153333333334004e-01 9.976346666666667806e-01 9.976346666666667806e-01 1.005668333333333164e+00
1.376249999999999973e+00 8.993613333333333459e-01 1.000496833333333280e+00 1.000496833333333280e+00 1.005071666666666585e+00
1.383750000000000036e+00 9.067053333333334741e-01 1.001624499999999918e+00 1.001624499999999918e+00 1.004725333333333248e+00
1.391250000000000098e+00 9.070153333333332846e-01 1.006583999999999923e+00 1.006583999999999923e+00 1.004783999999999899e+00
1.398749999999999938e+00 9.068881666666667174e-01 1.008249500000000021e+00 1.008249500000000021e+00 1.004429000000000016e+00
1.406250000000000000e+00 9.094756666666666822e-01 1.010659999999999892e+00 1.010659999999999892e+00 1.004402000000000017e+00
1.413750000000000062e+00 9.048366666666666225e-01 1.012048333333333217e+00 1.012048333333333217e+00 1.003986499999999893e+00
1.421249999999999902e+00 9.113773333333332616e-01 1.013595333333333182e+00 1.013595333333333182e+00 1.004002833333333511e+00
1.428749999999999964e+00 9.227511666666665668e-01 1.016315166666666547e+00 1.016315166666666547e+00 1.003721000000000085e+00
1.436250000000000027e+00 9.116488333333333527e-01 1.016830333333333281e+00 1.016830333333333281e+00 1.003513499999999725e+00
1.443750000000000089e+00 9.137828333333333219e-01 1.019351333333333276e+00 1.019351333333333276e+00 1.003517166666666682e+00
1.451249999999999929e+00 9.134449999999999514e-01 1.018783499999999842e+00 1.018783499999999842e+00 1.003022499999999928e+00
1.458749999999999991e+00 9.043973333333333864e-01 1.020357833333333408e+00 1.020357833333333408e+00 1.003187000000000273e+00
1.466250000000000053e+00 9.236891666666665612e-01 1.020890166666666765e+00 1.020890166666666765e+00 1.002746000000000137e+00
1.473749999999999893e+00 9.253995000000000415e-01 1.020046000000000008e+00 1.020046000000000008e+00 1.002398499999999970e+00
1.481249999999999956e+00 9.289738333333331655e-01 1.021446000000000076e+00 1.021446000000000076e+00 1.002161999999999997e+00
1.488750000000000018e+00 9.308368333333333355e-01 1.021494166666666814e+00 1.021494166666666814e+00 1.002042333333333479e+00
1.496250000000000080e+00 9.345741666666667058e-01 1.021256666666666701e+00 1.021256666666666701e+00 1.001885833333333364e+00
1.503749999999999920e+00 9.386691666666666656e-01 1.019816499999999904e+00 1.019816499999999904e+00 1.001679500000000056e+00
1.511249999999999982e+00 9.403933333333331923e-01 1.019068000000000085e+00 1.019068000000000085e+00 1.001684666666666557e+00
1.518750000000000044e+00 9.467769999999999797e-01 1.019236333333333411e+00 1.019236333333333411e+00 1.001471000000000000e+00
1.526250000000000107e+00 9.505946666666665879e-01 1.019017166666666752e+00 1.019017166666666752e+00 1.001063166666666726e+00
1.533749999999999947e+00 9.563981666666667714e-01 1.017911666666666548e+00 1.017911666666666548e+00 1.000917999999999752e+00
1.541250000000000009e+00 9.544228333333332204e-01 1.016292999999999891e+00 1.016292999999999891e+00 1.000799666666666754e+00
1.548750000000000071e+00 9.642844999999998779e-01 1.016218000000000066e+00 1.016218000000000066e+00 1.000516666666666721e+00
1.556249999999999911e+00 9.634279999999999511e-01 1.016171999999999853e+00 1.016171999999999853e+00 1.000285666666666629e+00
1.563749999999999973e+00 9.620079999999999742e-01 1.015295166666666526e+00 1.015295166666666526e+00 1.000103166666666654e+00
1.571250000000000036e+00 9.687114999999999476e-01 1.013949166666666679e+00 1.013949166666666679e+00 9.998665000000001024e-01
1.578750000000000098e+00 9.774601666666665745e-01 1.013254666666666637e+00 1.013254666666666637e+00 9.999719999999999720e-01
1.586249999999999938e+00 9.753434999999998078e-01 1.011292333333333460e+00 1.011292333333333460e+00 9.994666666666666144e-01
1.593750000000000000e+00 9.887783333333334257e-01 1.012211333333333352e+00 1.012211333333333352e+00 9.995711666666666773e-01
1.601250000000000062e+00 1.000653833333333242e+00 1.012523999999999980e+00 1.012523999999999980e+00 9.996895000000000087e-01
1.608749999999999902e+00 9.984944999999999515e-01 1.010421166666666704e+00 1.010421166666666704e+00 9.993124999999999369e-01
1.616249999999999964e+00 9.997759999999997760e-01 1.009074000000000026e+00 1.009074000000000026e+00 9.993483333333332830e-01
1.623750000000000027e+00 1.012759333333333345e+00 1.009448000000000123e+00 1.009448000000000123e+00 9.993613333333333237e-01
1.631250000000000089e+00 1.009758166666666623e+00 1.007606999999999919e+00 1.007606999999999919e+00 9.989516666666666822e-01
1.638749999999999929e+00 1.016669166666666735e+00 1.008244833333333368e+00 1.008244833333333368e+00 9.989186666666668435e-01
1.646249999999999991e+00 1.025325000000000042e+00 1.007153166666666877e+00 1.007153166666666877e+00 9.988044999999999840e-01
1.653750000000000053e+00 1.029535333333333247e+00 1.006877000000000022e+00 1.006877000000000022e+00 9.987983333333333436e-01
1.661249999999999893e+00 1.030863666666666845e+00 1.005743833333333503e+00 1.005743833333333503e+00 9.983451666666666169e-01
1.668749999999999956e+00 1.037646499999999916e+00 1.005517500000000064e+00 1.005517500000000064e+00 9.985624999999999085e-01
1.676250000000000018e+00 1.039768999999999943e+00 1.005743999999999749e+00 1.005743999999999749e+00 9.985593333333332433e-01
1.683750000000000080e+00 1.048861000000000265e+00 1.004950166666666478e+00 1.004950166666666478e+00 9.983318333333333072e-01
1.691249999999999920e+00 1.048635333333333364e+00 1.003880500000000175e+00 1.003880500000000175e+00 9.986185000000000755e-01
1.698749999999999982e+00 1.053383833333333408e+00 1.002979000000000065e+00 1.002979000000000065e+00 9.986254999999998327e-01
1.706250000000000044e+00 1.070954166666666652e+00 1.004417333333333273e+00 1.004417333333333273e+00 9.983838333333333592e-01
1.713750000000000107e+00 1.059333000000000302e+00 1.003640666666666625e+00 1.003640666666666625e+00 9.982660000000000977e-01
1.721249999999999947e+00 1.060767166666666705e+00 1.002653999999999934e+00 1.002653999999999934e+00 9.983881666666665211e-01
1.728750000000000009e+00 1.061431833333333241e+00 1.002480166666666506e+00 1.002480166666666506e+00 9.983063333333334066e-01
1.736250000000000071e+00 1.057380666666666746e+00 1.001091666666666713e+00 1.001091666666666713e+00 9.982464999999999256e-01
1.743749999999999911e+00 1.066522500000000040e+00 1.001457833333333269e+00 1.001457833333333269e+00 9.982446666666665580e-01
1.751249999999999973e+00 1.072777166666666560e+00 1.001028333333333409e+00 1.001028333333333409e+00 9.980646666666666000e-01
1.758750000000000036e+00 1.061898666666666768e+00 1.000180499999999917e+00 1.000180499999999917e+00 9.981571666666666509e-01
1.766250000000000098e+00 1.062882333333333484e+00 1.000836333333333217e+00 1.000836333333333217e+00 9.982256666666665668e-01
1.773749999999999938e+00 1.056319666666666768e+00 9.989278333333334592e-01 9.989278333333334592e-01 9.982600000000000362e-01
1.781250000000000000e+00 1.062066500000000024e+00 9.980720000000000702e-01 9.980720000000000702e-01 9.984288333333334320e-01
1.788750000000000062e+00 1.046328833333333375e+00 9.984381666666667376e-01 9.984381666666667376e-01 9.985155000000000003e-01
1.796249999999999902e+00 1.051248833333333410e+00 9.986559999999999881e-01 9.986559999999999881e-01 9.983105000000001006e-01
1.803749999999999964e+00 1.047214499999999937e+00 9.985246666666666160e-01 9.985246666666666160e-01 9.985351666666666404e-01
1.811250000000000027e+00 1.047219499999999970e+00 9.985768333333332469e-01 9.985768333333332469e-01 9.986181666666666956e-01
1.818750000000000089e+00 1.037051666666666705e+00 9.982098333333334628e-01 9.982098333333334628e-01 9.985000000000000542e-01
1.826249999999999929e+00 1.038485833333333330e+00 9.971339999999999648e-01 9.971339999999999648e-01 9.987246666666665940e-01
1.833749999999999991e+00 1.034748999999999919e+00 9.972524999999999862e-01 9.972524999999999862e-01 9.987266666666667625e-01
1.841250000000000053e+00 1.027881499999999892e+00 9.972326666666667672e-01 9.972326666666667672e-01 9.986358333333335002e-01
1.848749999999999893e+00 1.028686666666666527e+00 9.971204999999999652e-01 9.971204999999999652e-01 9.990683333333332250e-01
1.856249999999999956e+00 1.020010666666666843e+00 9.961369999999999392e-01 9.961369999999999392e-01 9.989006666666666590e-01
1.863750000000000018e+00 1.026519666666666497e+00 9.966178333333332029e-01 9.966178333333332029e-01 9.990771666666667938e-01
1.871250000000000080e+00 1.012893333333333645e+00 9.956888333333333563e-01 9.956888333333333563e-01 9.992051666666666998e-01
1.878749999999999920e+00 1.015935833333333482e+00 9.951976666666667581e-01 9.951976666666667581e-01 9.992261666666667486e-01
1.886249999999999982e+00 1.020865833333333361e+00 9.960918333333333985e-01 9.960918333333333985e-01 9.992336666666665757e-01
1.893750000000000044e+00 1.009842999999999824e+00 9.950911666666667488e-01 9.950911666666667488e-01 9.992588333333333184e-01
1.901250000000000107e+00 1.003655666666666724e+00 9.956725000000000714e-01 9.956725000000000714e-01 9.991756666666665732e-01
1.908749999999999947e+00 1.007503833333333265e+00 9.945448333333334334e-01 9.945448333333334334e-01 9.993414999999998827e-01
1.916250000000000009e+00 1.003539666666666719e+00 9.951500000000000901e-01 9.951500000000000901e-01 9.994361666666667920e-01
1.923750000000000071e+00 1.002144833333333374e+00 9.960831666666667417e-01 9.960831666666667417e-01 9.996339999999999115e-01
1.931249999999999911e+00 9.944680000000000186e-01 9.952698333333334091e-01 9.952698333333334091e-01 9.995333333333332737e-01
1.938749999999999973e+00 9.976638333333333053e-01 9.957764999999999533e-01 9.957764999999999533e-01 9.995956666666666601e-01
1.946250000000000036e+00 1.002569333333333423e+00 9.949895000000000822e-01 9.949895000000000822e-01 9.997481666666666600e-01
1.953750000000000098e+00 9.926050000000000706e-01 9.949508333333332288e-01 9.949508333333332288e-01 9.999315000000000841e-01
1.961249999999999938e+00 9.914664999999999173e-01 9.959206666666666763e-01 9.959206666666666763e-01 1.000065333333333362e+00
1.968750000000000000e+00 9.939293333333333313e-01 9.953203333333333624e-01 9.953203333333333624e-01 1.000084166666666885e+00
1.976250000000000062e+00 9.911081666666666790e-01 9.952895000000001602e-01 9.952895000000001602e-01 1.000035166666666697e+00
1.983749999999999902e+00 9.921204999999999607e-01 9.957316666666667926e-01 9.957316666666667926e-01 1.000387666666666675e+00
1.991249999999999964e+00 9.947976666666665801e-01 9.949651666666666783e-01 9.949651666666666783e-01 1.000329333333333182e+00
1.998750000000000027e+00 9.947848333333332294e-01 9.959623333333333939e-01 9.959623333333333939e-01 9.999571666666667857e-01
2.006250000000000089e+00 9.986483333333332491e-01 9.961606666666668053e-01 9.961606666666668053e-01 1.000441833333333363e+00
2.013749999999999929e+00 9.889770000000001060e-01 9.959981666666667399e-01 9.959981666666667399e-01 1.000315666666666603e+00
2.021250000000000213e+00 9.939563333333335526e-01 9.955921666666666114e-01 9.955921666666666114e-01 1.000496833333333280e+00
2.028750000000000053e+00 9.880731666666665580e-01 9.969596666666665774e-01 9.969596666666665774e-01 1.000348500000000085e+00
2.036249999999999893e+00 9.910234999999999461e-01 9.964021666666665888e-01 9.964021666666665888e-01 1.000548999999999911e+00
2.043750000000000178e+00 9.915733333333333066e-01 9.965363333333333573e-01 9.965363333333333573e-01 1.000376166666666622e+00
2.051250000000000018e+00 9.929006666666667646e-01 9.965343333333332998e-01 9.965343333333332998e-01 1.000364166666666721e+00
2.058749999999999858e+00 9.879898333333333449e-01 9.964960000000000484e-01 9.964960000000000484e-01 1.000329000000000024e+00
2.066250000000000142e+00 9.878710000000001656e-01 9.960736666666666350e-01 9.960736666666666350e-01 1.000410666666666781e+00
2.073749999999999982e+00 9.944671666666667909e-01 9.965570000000000261e-01 9.965570000000000261e-01 1.000508833333333181e+00
2.081249999999999822e+00 9.929510000000000280e-01 9.958865000000001189e-01 9.958865000000001189e-01 1.000462833333333412e+00
2.088750000000000107e+00 9.880648333333333921e-01 9.974701666666666577e-01 9.974701666666666577e-01 1.000341333333333305e+00
2.096249999999999947e+00 9.810848333333334059e-01 9.973333333333332940e-01 9.973333333333332940e-01 1.000677666666666576e+00
2.103749999999999787e+00 9.831706666666667482e-01 9.978656666666667618e-01 9.978656666666667618e-01 1.000672000000000006e+00
2.111250000000000071e+00 9.850365000000000926e-01 9.977705000000000046e-01 9.977705000000000046e-01 1.000551333333333348e+00
2.118749999999999911e+00 9.832751666666665891e-01 9.974100000000000188e-01 9.974100000000000188e-01 1.000697333333333328e+00
2.126250000000000195e+00 9.874446666666667483e-01 9.993116666666667092e-01 9.993116666666667092e-01 1.000775666666666730e+00
2.133750000000000036e+00 9.908066666666667244e-01 9.984588333333332955e-01 9.984588333333332955e-01 1.000629333333333371e+00
2.141249999999999876e+00 9.864111666666667277e-01 9.989544999999999675e-01 9.989544999999999675e-01 1.000604166666666739e+00
2.148750000000000160e+00 9.917198333333333560e-01 9.985966666666666880e-01 9.985966666666666880e-01 1.000429833333333240e+00
2.156250000000000000e+00 9.900981666666665015e-01 9.988528333333333009e-01 9.988528333333333009e-01 1.000358833333333308e+00
2.163749999999999840e+00 9.865051666666667662e-01 9.997041666666666160e-01 9.997041666666666160e-01 1.000588666666666571e+00
2.171250000000000124e+00 9.897369999999999779e-01 9.992578333333331786e-01 9.992578333333331786e-01 1.000632999999999884e+00
2.178749999999999964e+00 9.839421666666666733e-01 9.998394999999998811e-01 9.998394999999998811e-01 1.000545166666666708e+00
2.186249999999999805e+00 9.920681666666667509e-01 9.987178333333334157e-01 9.987178333333334157e-01 1.000622999999999818e+00
2.193750000000000089e+00 9.845981666666666632e-01 9.999558333333332660e-01 9.999558333333332660e-01 1.000337000000000032e+00
2.201249999999999929e+00 9.908718333333332851e-01 9.995148333333333523e-01 9.995148333333333523e-01 1.000356666666666561e+00
2.208750000000000213e+00 9.888333333333333419e-01 1.000399333333333418e+00 1.000399333333333418e+00 1.000467499999999843e+00
2.216250000000000053e+00 9.879013333333332980e-01 9.998953333333333582e-01 9.998953333333333582e-01 1.000458500000000361e+00
2.223749999999999893e+00 9.899525000000001240e-01 1.000012833333333351e+00 1.000012833333333351e+00 1.000449666666666682e+00
2.231250000000000178e+00 9.919880000000000919e-01 1.001463166666666460e+00 1.001463166666666460e+00 1.000293000000000099e+00
2.238750000000000018e+00 9.852391666666667769e-01 1.001199166666666640e+00 1.001199166666666640e+00 1.000541999999999820e+00
2.246249999999999858e+00 9.883069999999999355e-01 1.001903166666666678e+00 1.001903166666666678e+00 1.000364000000000031e+00
2.253750000000000142e+00 9.882296666666666729e-01 1.000766666666666804e+00 1.000766666666666804e+00 1.000402999999999709e+00
2.261249999999999982e+00 9.923404999999999587e-01 1.001445499999999988e+00 1.001445499999999988e+00 1.000235666666666523e+00
2.268749999999999822e+00 9.882903333333331597e-01 1.002558166666666528e+00 1.002558166666666528e+00 1.000401499999999944e+00
2.276250000000000107e+00 9.944355000000001388e-01 1.001153999999999877e+00 1.001153999999999877e+00 1.000275666666666785e+00
2.283749999999999947e+00 9.941036666666667188e-01 1.001538499999999887e+00 1.001538499999999887e+00 1.000322166666666623e+00
2.291249999999999787e+00 9.965096666666667380e-01 1.001826499999999953e+00 1.001826499999999953e+00 1.000324499999999839e+00
2.298750000000000071e+00 9.932821666666667992e-01 1.001406500000000088e+00 1.001406500000000088e+00 1.000344666666666660e+00
2.306249999999999911e+00 9.904824999999998214e-01 1.000745666666666756e+00 1.000745666666666756e+00 1.000155666666666665e+00
2.313750000000000195e+00 9.884741666666666537e-01 1.001930333333333367e+00 1.001930333333333367e+00 1.000283000000000033e+00
2.321250000000000036e+00 9.995205000000000339e-01 1.002290499999999973e+00 1.002290499999999973e+00 1.000238166666666650e+00
2.328749999999999876e+00 9.962733333333333441e-01 1.002123000000000097e+00 1.002123000000000097e+00 1.000174166666666808e+00
2.336250000000000160e+00 9.921298333333332664e-01 1.001079500000000122e+00 1.001079500000000122e+00 1.000179166666666619e+00
2.343750000000000000e+00 1.001108333333333489e+00 1.001480833333333154e+00 1.001480833333333154e+00 1.000011166666666451e+00
2.351249999999999840e+00 9.941036666666666077e-01 1.001905666666666805e+00 1.001905666666666805e+00 1.000201166666666808e+00
2.358750000000000124e+00 1.000726000000000004e+00 1.001392166666666528e+00 1.001392166666666528e+00 1.000153999999999987e+00
2.366249999999999964e+00 9.940973333333333883e-01 1.001249500000000126e+00 1.001249500000000126e+00 9.998829999999999663e-01
2.373749999999999805e+00 9.952113333333333367e-01 1.001272166666666630e+00 1.001272166666666630e+00 1.000195333333333325e+00
2.381250000000000089e+00 9.977176666666666138e-01 1.001494333333333264e+00 1.001494333333333264e+00 1.000083666666666593e+00
2.388749999999999929e+00 9.970295000000000130e-01 1.001094166666666618e+00 1.001094166666666618e+00 1.000021666666666587e+00
2.396250000000000213e+00 1.001060000000000061e+00 1.001034833333333429e+00 1.001034833333333429e+00 1.000077833333333333e+00
2.403750000000000053e+00 1.000163333333333293e+00 1.000979333333333221e+00 1.000979333333333221e+00 1.000095833333333184e+00
2.411249999999999893e+00 1.006563166666666786e+00 1.001928166666666620e+00 1.001928166666666620e+00 9.999636666666668061e-01
2.418750000000000178e+00 1.000485999999999764e+00 1.001339000000000201e+00 1.001339000000000201e+00 9.999463333333332704e-01
2.426250000000000018e+00 9.980918333333334003e-01 1.000955666666666577e+00 1.000955666666666577e+00 9.998995000000000521e-01
2.433749999999999858e+00 9.990723333333333400e-01 1.000553000000000026e+00 1.000553000000000026e+00 9.999178333333332835e-01
2.441250000000000142e+00 9.983018333333332217e-01 1.001215333333333346e+00 1.001215333333333346e+00 9.998368333333332858e-01
2.448749999999999982e+00 1.001462499999999922e+00 1.000186666666666779e+00 1.000186666666666779e+00 1.000165500000000041e+00
2.456249999999999822e+00 1.002584499999999990e+00 1.000456333333333392e+00 1.000456333333333392e+00 9.999915000000000331e-01
2.463750000000000107e+00 1.001507499999999995e+00 9.999490000000000878e-01 9.999490000000000878e-01 9.999268333333333203e-01
2.471249999999999947e+00 1.001012666666666551e+00 9.998989999999999823e-01 9.998989999999999823e-01 9.998995000000000521e-01
2.478749999999999787e+00 1.003710833333333330e+00 1.000981333333333279e+00 1.000981333333333279e+00 9.999099999999999655e-01
2.486250000000000071e+00 1.005042166666666459e+00 9.999663333333334014e-01 9.999663333333334014e-01 9.998805000000000609e-01
2.493749999999999911e+00 1.001605833333333306e+00 9.999626666666666663e-01 9.999626666666666663e-01 9.999171666666666347e-01
2.501250000000000195e+00 1.004698833333333319e+00 1.000161000000000078e+00 1.000161000000000078e+00 9.998566666666666158e-01
2.508750000000000036e+00 1.006398499999999974e+00 1.000332333333333379e+00 1.000332333333333379e+00 9.999416666666666176e-01
2.516249999999999876e+00 1.009508000000000072e+00 1.000176666666666714e+00 1.000176666666666714e+00 9.998763333333333669e-01
2.523750000000000160e+00 1.008307666666666602e+00 9.998464999999999714e-01 9.998464999999999714e-01 9.997780000000000555e-01
2.531250000000000000e+00 1.005513499999999949e+00 1.000389333333333353e+00 1.000389333333333353e+00 9.998433333333333062e-01
2.538749999999999840e+00 1.009854333333333409e+00 9.998613333333333797e-01 9.998613333333333797e-01 9.997298333333333176e-01
2.546250000000000124e+00 1.003536500000000053e+00 9.998599999999999710e-01 9.998599999999999710e-01 9.998851666666666027e-01
2.553749999999999964e+00 1.004957333333333480e+00 1.000312166666666558e+00 1.000312166666666558e+00 9.999068333333333003e-01
2.561249999999999805e+00 1.003150666666666746e+00 1.000157833333333413e+00 1.000157833333333413e+00 9.998728333333334328e-01
2.568750000000000089e+00 1.002426333333333419e+00 9.996489999999998988e-01 9.996489999999998988e-01 9.998006666666666709e-01
2.576249999999999929e+00 1.005733833333333438e+00 1.000450333333333441e+00 1.000450333333333441e+00 1.000034333333333469e+00
2.583750000000000213e+00 1.009642666666666466e+00 9.998548333333333593e-01 9.998548333333333593e-01 9.998383333333333844e-01
2.591250000000000053e+00 1.004323666666666615e+00 9.998701666666667265e-01 9.998701666666667265e-01 9.999278333333333491e-01
2.598749999999999893e+00 1.008153666666666615e+00 9.996726666666667649e-01 9.996726666666667649e-01 9.999773333333332737e-01
2.606250000000000178e+00 1.003088666666666517e+00 1.000125833333333381e+00 1.000125833333333381e+00 9.998206666666668019e-01
2.613750000000000018e+00 1.007640499999999939e+00 1.000239833333333328e+00 1.000239833333333328e+00 9.999074999999999491e-01
2.621249999999999858e+00 1.003581166666666746e+00 9.989928333333333299e-01 9.989928333333333299e-01 9.999440000000000550e-01
2.628750000000000142e+00 1.003704166666666842e+00 9.994528333333333459e-01 9.994528333333333459e-01 9.998938333333332595e-01
2.636249999999999982e+00 1.004521833333333225e+00 9.989966666666666439e-01 9.989966666666666439e-01 9.999125000000000929e-01
2.643749999999999822e+00 1.006218666666666595e+00 9.993496666666666917e-01 9.993496666666666917e-01 1.000051000000000023e+00
2.651250000000000107e+00 1.006802666666666513e+00 9.994836666666667702e-01 9.994836666666667702e-01 9.999798333333332900e-01
2.658749999999999947e+00 1.001952166666666644e+00 9.990951666666667563e-01 9.990951666666667563e-01 9.998493333333334787e-01
2.666249999999999787e+00 1.002922000000000091e+00 9.987693333333332868e-01 9.987693333333332868e-01 1.000028499999999987e+00
2.673750000000000071e+00 9.989123333333335131e-01 9.991163333333332730e-01 9.991163333333332730e-01 9.998948333333332883e-01
2.681249999999999911e+00 1.004354833333333419e+00 9.985753333333332593e-01 9.985753333333332593e-01 9.998906666666668164e-01
2.688750000000000195e+00 9.984604999999998620e-01 9.992453333333332077e-01 9.992453333333332077e-01 9.999053333333334237e-01
2.696250000000000036e+00 1.000407999999999964e+00 9.998801666666666810e-01 9.998801666666666810e-01 9.999218333333333986e-01
2.703749999999999876e+00 1.001088500000000048e+00 9.984731666666667449e-01 9.984731666666667449e-01 1.000050499999999953e+00
2.711250000000000160e+00 1.001071666666666804e+00 9.987863333333334426e-01 9.987863333333334426e-01 9.999963333333333759e-01
2.718750000000000000e+00 1.001086333333333300e+00 9.986518333333332942e-01 9.986518333333332942e-01 9.999614999999999476e-01
2.726249999999999840e+00 1.000840500000000022e+00 9.993864999999999554e-01 9.993864999999999554e-01 9.999503333333334965e-01
2.733750000000000124e+00 1.003736166666666652e+00 9.991851666666667908e-01 9.991851666666667908e-01 9.999514999999998821e-01
2.741249999999999964e+00 9.970996666666666064e-01 9.985259999999999136e-01 9.985259999999999136e-01 9.999163333333332959e-01
2.748749999999999805e+00 9.990803333333332370e-01 9.997336666666666316e-01 9.997336666666666316e-01 9.998735000000000817e-01
2.756250000000000089e+00 9.988515000000001143e-01 9.993211666666667048e-01 9.993211666666667048e-01 9.998766666666666358e-01
2.763749999999999929e+00 9.975446666666666351e-01 9.991349999999999953e-01 9.991349999999999953e-01 1.000089166666666696e+00
2.771250000000000213e+00 9.961258333333332660e-01 9.990893333333333848e-01 9.990893333333333848e-01 1.000033666666666710e+00
2.778750000000000053e+00 9.999648333333334138e-01 9.995733333333333137e-01 9.995733333333333137e-01 1.000001833333333368e+00
2.786249999999999893e+00 1.001805333333333436e+00 9.997154999999998681e-01 9.997154999999998681e-01 1.000007499999999938e+00
2.793750000000000178e+00 1.003187999999999969e+00 1.000463500000000172e+00 1.000463500000000172e+00 1.000046000000000213e+00
2.801250000000000018e+00 1.001385500000000039e+00 9.991335000000000077e-01 9.991335000000000077e-01 1.000026999999999999e+00
2.808749999999999858e+00 9.961386666666666168e-01 9.989964999999999540e-01 9.989964999999999540e-01 1.000045166666666763e+00
2.816250000000000142e+00 9.960946666666666838e-01 9.993754999999998612e-01 9.993754999999998612e-01 9.999693333333333767e-01
2.823749999999999982e+00 9.975146666666666606e-01 9.990893333333333848e-01 9.990893333333333848e-01 1.000191999999999970e+00
2.831249999999999822e+00 9.986856666666666937e-01 9.994968333333332788e-01 9.994968333333332788e-01 1.000173999999999896e+00
2.838750000000000107e+00 1.000367333333333386e+00 9.992606666666666859e-01 9.992606666666666859e-01 1.000021166666666739e+00
2.846249999999999947e+00 9.980680000000000662e-01 9.997676666666667211e-01 9.997676666666667211e-01 9.999733333333332697e-01
2.853749999999999787e+00 9.971141666666666348e-01 9.994543333333334445e-01 9.994543333333334445e-01 1.000159166666666710e+00
2.861250000000000071e+00 9.972693333333334520e-01 9.991676666666666762e-01 9.991676666666666762e-01 1.000116500000000075e+00
2.868749999999999911e+00 1.002244499999999983e+00 9.996194999999999942e-01 9.996194999999999942e-01 1.000175500000000106e+00
2.876250000000000195e+00 9.960473333333332846e-01 9.994154999999999012e-01 9.994154999999999012e-01 1.000046500000000060e+00
2.883750000000000036e+00 9.955144999999999689e-01 9.993428333333332914e-01 9.993428333333332914e-01 1.000042499999999945e+00
2.891249999999999876e+00 9.999183333333333534e-01 9.997166666666669199e-01 9.997166666666669199e-01 1.000056833333333062e+00
2.898750000000000160e+00 9.970411666666666450e-01 9.999968333333333348e-01 9.999968333333333348e-01 1.000078000000000022e+00
2.906250000000000000e+00 1.001452833333333459e+00 9.991400000000000281e-01 9.991400000000000281e-01 1.000133833333333166e+00
2.913749999999999840e+00 9.990398333333331271e-01 1.000413666666666757e+00 1.000413666666666757e+00 1.000145999999999979e+00
2.921250000000000124e+00 9.993806666666666949e-01 9.996366666666666179e-01 9.996366666666666179e-01 1.000054499999999846e+00
2.928749999999999964e+00 9.986028333333334395e-01 9.995546666666665914e-01 9.995546666666665914e-01 1.000149833333333182e+00
2.936249999999999805e+00 9.974301666666666177e-01 1.000024166666666714e+00 1.000024166666666714e+00 1.000180000000000069e+00
2.943750000000000089e+00 9.994431666666666603e-01 9.995071666666666133e-01 9.995071666666666133e-01 9.999773333333332737e-01
2.951249999999999929e+00 1.000821166666666651e+00 1.000014166666666648e+00 1.000014166666666648e+00 1.000037833333333515e+00
2.958750000000000213e+00 9.982316666666667393e-01 9.997791666666665522e-01 9.997791666666665522e-01 1.000030500000000044e+00
2.966250000000000053e+00 9.978099999999999747e-01 9.999576666666666336e-01 9.999576666666666336e-01 1.000070666666666552e+00
2.973749999999999893e+00 9.942770000000001884e-01 1.000003000000000197e+00 1.000003000000000197e+00 1.000044999999999851e+00
2.981250000000000178e+00 9.967943333333333378e-01 9.990601666666667491e-01 9.990601666666667491e-01 1.000150166666666562e+00
2.988750000000000018e+00 9.926645000000000607e-01 1.000201666666666656e+00 1.000201666666666656e+00 9.999456666666666216e-01
2.996249999999999858e+00 9.951716666666666766e-01 9.995469999999998523e-01 9.995469999999998523e-01 1.000139499999999959e+00
