3.749999999999999861e-03 0.000000000000000000e+00 0.000000000000000000e+00 0.000000000000000000e+00 0.000000000000000000e+00
1.124999999999999958e-02 0.000000000000000000e+00 0.000000000000000000e+00 0.000000000000000000e+00 0.000000000000000000e+00
1.874999999999999931e-02 0.000000000000000000e+00 0.000000000000000000e+00 0.000000000000000000e+00 0.000000000000000000e+00
2.624999999999999903e-02 0.000000000000000000e+00 0.000000000000000000e+00 0.000000000000000000e+00 0.000000000000000000e+00
3.375000000000000222e-02 0.000000000000000000e+00 0.000000000000000000e+00 0.000000000000000000e+00 0.000000000000000000e+00
4.125000000000000194e-02 0.000000000000000000e+00 0.000000000000000000e+00 0.000000000000000000e+00 0.000000000000000000e+00
4.875000000000000167e-02 0.000000000000000000e+00 0.000000000000000000e+00 0.000000000000000000e+00 0.000000000000000000e+00
5.625000000000000139e-02 0.000000000000000000e+00 0.000000000000000000e+00 0.000000000000000000e+00 0.000000000000000000e+00
6.375000000000000111e-02 0.000000000000000000e+00 0.000000000000000000e+00 0.000000000000000000e+00 0.000000000000000000e+00
7.124999999999999389e-02 0.000000000000000000e+00 0.000000000000000000e+00 0.000000000000000000e+00 0.000000000000000000e+00
7.875000000000000056e-02 0.000000000000000000e+00 0.000000000000000000e+00 0.000000000000000000e+00 0.000000000000000000e+00
8.624999999999999334e-02 0.000000000000000000e+00 0.000000000000000000e+00 0.000000000000000000e+00 0.000000000000000000e+00
9.375000000000000000e-02 0.000000000000000000e+00 0.000000000000000000e+00 0.000000000000000000e+00 0.000000000000000000e+00
1.012500000000000067e-01 0.000000000000000000e+00 0.000000000000000000e+00 0.000000000000000000e+00 0.000000000000000000e+00
1.087499999999999994e-01 0.000000000000000000e+00 0.000000000000000000e+00 0.000000000000000000e+00 0.000000000000000000e+00
1.162500000000000061e-01 0.000000000000000000e+00 0.000000000000000000e+00 0.000000000000000000e+00 0.000000000000000000e+00
1.237499999999999989e-01 0.000000000000000000e+00 0.000000000000000000e+00 0.000000000000000000e+00 0.000000000000000000e+00
1.312500000000000056e-01 0.000000000000000000e+00 0.000000000000000000e+00 0.000000000000000000e+00 0.000000000000000000e+00
1.387500000000000122e-01 0.000000000000000000e+00 0.000000000000000000e+00 0.000000000000000000e+00 0.000000000000000000e+00
1.462499999999999911e-01 0.000000000000000000e+00 0.000000000000000000e+00 0.000000000000000000e+00 0.000000000000000000e+00
1.537499999999999978e-01 0.000000000000000000e+00 0.000000000000000000e+00 0.000000000000000000e+00 9.800000000000001039e-05
1.612500000000000044e-01 0.000000000000000000e+00 0.000000000000000000e+00 0.000000000000000000e+00 8.118750000000000966e-03
1.687500000000000111e-01 0.000000000000000000e+00 0.000000000000000000e+00 0.000000000000000000e+00 1.029391250000000063e-01
1.762499999999999900e-01 0.000000000000000000e+00 0.000000000000000000e+00 0.000000000000000000e+00 4.371423749999999719e-01
1.837499999999999967e-01 0.000000000000000000e+00 0.000000000000000000e+00 0.000000000000000000e+00 9.564710000000000711e-01
1.912500000000000033e-01 0.000000000000000000e+00 0.000000000000000000e+00 0.000000000000000000e+00 1.434006375000000055e+00
1.987500000000000100e-01 0.000000000000000000e+00 0.000000000000000000e+00 0.000000000000000000e+00 1.745993625000000105e+00
2.062499999999999889e-01 0.000000000000000000e+00 0.000000000000000000e+00 0.000000000000000000e+00 1.887674250000000109e+00
2.137499999999999956e-01 0.000000000000000000e+00 0.000000000000000000e+00 0.000000000000000000e+00 1.915433250000000198e+00
2.212500000000000022e-01 0.000000000000000000e+00 0.000000000000000000e+00 0.000000000000000000e+00 1.875434874999999835e+00
2.287500000000000089e-01 0.000000000000000000e+00 0.000000000000000000e+00 0.000000000000000000e+00 1.813607000000000191e+00
2.362499999999999878e-01 0.000000000000000000e+00 0.000000000000000000e+00 0.000000000000000000e+00 1.752105125000000152e+00
2.437499999999999944e-01 0.000000000000000000e+00 0.000000000000000000e+00 0.000000000000000000e+00 1.694813124999999809e+00
2.512499999999999734e-01 0.000000000000000000e+00 0.000000000000000000e+00 0.000000000000000000e+00 1.641584625000000131e+00
2.587499999999999800e-01 0.000000000000000000e+00 0.000000000000000000e+00 0.000000000000000000e+00 1.592519249999999831e+00
2.662499999999999867e-01 0.000000000000000000e+00 0.000000000000000000e+00 0.000000000000000000e+00 1.546286125000000178e+00
2.737499999999999933e-01 0.000000000000000000e+00 0.000000000000000000e+00 0.000000000000000000e+00 1.504718749999999883e+00
2.812500000000000000e-01 0.000000000000000000e+00 0.000000000000000000e+00 0.000000000000000000e+00 1.467429500000000164e+00
2.887500000000000067e-01 0.000000000000000000e+00 0.000000000000000000e+00 0.000000000000000000e+00 1.435082874999999980e+00
2.962500000000000133e-01 0.000000000000000000e+00 0.000000000000000000e+00 0.000000000000000000e+00 1.402851625000000046e+00
3.037500000000000200e-01 0.000000000000000000e+00 0.000000000000000000e+00 0.000000000000000000e+00 1.375520499999999924e+00
3.112500000000000266e-01 0.000000000000000000e+00 0.000000000000000000e+00 0.000000000000000000e+00 1.352170624999999848e+00
3.187499999999999778e-01 0.000000000000000000e+00 0.000000000000000000e+00 0.000000000000000000e+00 1.332478875000000063e+00
3.262499999999999845e-01 0.000000000000000000e+00 0.000000000000000000e+00 0.000000000000000000e+00 1.313773624999999834e+00
3.337499999999999911e-01 0.000000000000000000e+00 0.000000000000000000e+00 0.000000000000000000e+00 1.298793875000000098e+00
3.412499999999999978e-01 0.000000000000000000e+00 0.000000000000000000e+00 0.000000000000000000e+00 1.286689250000000007e+00
3.487500000000000044e-01 0.000000000000000000e+00 0.000000000000000000e+00 0.000000000000000000e+00 1.279126624999999740e+00
3.562500000000000111e-01 0.000000000000000000e+00 0.000000000000000000e+00 0.000000000000000000e+00 1.271220250000000274e+00
3.637500000000000178e-01 0.000000000000000000e+00 0.000000000000000000e+00 0.000000000000000000e+00 1.265040125000000071e+00
3.712500000000000244e-01 0.000000000000000000e+00 0.000000000000000000e+00 0.000000000000000000e+00 1.262161124999999995e+00
3.787499999999999756e-01 0.000000000000000000e+00 0.000000000000000000e+00 0.000000000000000000e+00 1.259622749999999902e+00
3.862499999999999822e-01 0.000000000000000000e+00 0.000000000000000000e+00 0.000000000000000000e+00 1.258357750000000053e+00
3.937499999999999889e-01 0.000000000000000000e+00 0.000000000000000000e+00 0.000000000000000000e+00 1.255751625000000038e+00
4.012499999999999956e-01 0.000000000000000000e+00 0.000000000000000000e+00 0.000000000000000000e+00 1.252090749999999808e+00
4.087500000000000022e-01 0.000000000000000000e+00 0.000000000000000000e+00 0.000000000000000000e+00 1.248231875000000102e+00
4.162500000000000089e-01 0.000000000000000000e+00 0.000000000000000000e+00 0.000000000000000000e+00 1.244825749999999953e+00
4.237500000000000155e-01 0.000000000000000000e+00 0.000000000000000000e+00 0.000000000000000000e+00 1.238894124999999846e+00
4.312500000000000222e-01 0.000000000000000000e+00 0.000000000000000000e+00 0.000000000000000000e+00 1.233142250000000217e+00
4.387499999999999734e-01 0.000000000000000000e+00 0.000000000000000000e+00 0.000000000000000000e+00 1.226219374999999889e+00
4.462499999999999800e-01 0.000000000000000000e+00 0.000000000000000000e+00 0.000000000000000000e+00 1.220315000000000261e+00
4.537499999999999867e-01 0.000000000000000000e+00 3.374999999999999874e-06 3.374999999999999874e-06 1.214017249999999937e+00
4.612499999999999933e-01 0.000000000000000000e+00 1.937500000000000000e-05 1.937500000000000000e-05 1.206180124999999936e+00
4.687500000000000000e-01 0.000000000000000000e+00 3.017499999999999892e-04 3.017499999999999892e-04 1.199831375000000033e+00
4.762500000000000067e-01 0.000000000000000000e+00 1.657124999999999961e-03 1.657124999999999961e-03 1.192940249999999924e+00
4.837500000000000133e-01 0.000000000000000000e+00 7.650999999999999815e-03 7.650999999999999815e-03 1.185448874999999846e+00
4.912500000000000200e-01 0.000000000000000000e+00 2.479499999999999760e-02 2.479499999999999760e-02 1.178036249999999896e+00
4.987500000000000266e-01 0.000000000000000000e+00 6.228250000000000453e-02 6.228250000000000453e-02 1.171938625000000123e+00
5.062499999999999778e-01 0.000000000000000000e+00 1.305487499999999912e-01 1.305487499999999912e-01 1.165370624999999993e+00
5.137500000000000400e-01 0.000000000000000000e+00 2.342873750000000199e-01 2.342873750000000199e-01 1.158206999999999987e+00
5.212499999999999911e-01 0.000000000000000000e+00 3.745962499999999640e-01 3.745962499999999640e-01 1.151865750000000244e+00
5.287500000000000533e-01 0.000000000000000000e+00 5.407043750000000149e-01 5.407043750000000149e-01 1.144815874999999927e+00
5.362500000000000044e-01 0.000000000000000000e+00 7.223341249999999381e-01 7.223341249999999381e-01 1.140216125000000247e+00
5.437499999999999556e-01 0.000000000000000000e+00 8.995756249999999898e-01 8.995756249999999898e-01 1.133531375000000008e+00
5.512500000000000178e-01 0.000000000000000000e+00 1.065019625000000136e+00 1.065019625000000136e+00 1.127907875000000226e+00
5.587499999999999689e-01 0.000000000000000000e+00 1.209351999999999983e+00 1.209351999999999983e+00 1.123023499999999952e+00
5.662500000000000311e-01 0.000000000000000000e+00 1.331799375000000119e+00 1.331799375000000119e+00 1.117050500000000168e+00
5.737499999999999822e-01 0.000000000000000000e+00 1.419650875000000090e+00 1.419650875000000090e+00 1.111780749999999873e+00
5.812500000000000444e-01 0.000000000000000000e+00 1.478677499999999867e+00 1.478677499999999867e+00 1.106944249999999963e+00
5.887499999999999956e-01 0.000000000000000000e+00 1.519914375000000151e+00 1.519914375000000151e+00 1.101129999999999942e+00
5.962499999999999467e-01 0.000000000000000000e+00 1.539026374999999947e+00 1.539026374999999947e+00 1.097176499999999999e+00
6.037500000000000089e-01 0.000000000000000000e+00 1.541172250000000243e+00 1.541172250000000243e+00 1.092978000000000227e+00
6.112499999999999600e-01 0.000000000000000000e+00 1.525553375000000100e+00 1.525553375000000100e+00 1.088124749999999974e+00
6.187500000000000222e-01 0.000000000000000000e+00 1.505261124999999867e+00 1.505261124999999867e+00 1.083665625000000077e+00
6.262499999999999734e-01 0.000000000000000000e+00 1.474222249999999956e+00 1.474222249999999956e+00 1.079643875000000142e+00
6.337500000000000355e-01 0.000000000000000000e+00 1.441314000000000206e+00 1.441314000000000206e+00 1.074885749999999973e+00
6.412499999999999867e-01 0.000000000000000000e+00 1.403876375000000065e+00 1.403876375000000065e+00 1.070173249999999854e+00
6.487500000000000488e-01 0.000000000000000000e+00 1.367519499999999999e+00 1.367519499999999999e+00 1.066180249999999941e+00
6.562500000000000000e-01 0.000000000000000000e+00 1.332315249999999729e+00 1.332315249999999729e+00 1.062774749999999990e+00
6.637499999999999512e-01 0.000000000000000000e+00 1.298275499999999916e+00 1.298275499999999916e+00 1.059177625000000011e+00
6.712500000000000133e-01 0.000000000000000000e+00 1.265977125000000036e+00 1.265977125000000036e+00 1.055157249999999935e+00
6.787499999999999645e-01 0.000000000000000000e+00 1.238550750000000145e+00 1.238550750000000145e+00 1.051487375000000002e+00
6.862500000000000266e-01 0.000000000000000000e+00 1.211477249999999950e+00 1.211477249999999950e+00 1.047737625000000117e+00
6.937499999999999778e-01 0.000000000000000000e+00 1.190364874999999989e+00 1.190364874999999989e+00 1.044406750000000050e+00
7.012500000000000400e-01 0.000000000000000000e+00 1.173561999999999994e+00 1.173561999999999994e+00 1.040585749999999976e+00
7.087499999999999911e-01 0.000000000000000000e+00 1.160843000000000069e+00 1.160843000000000069e+00 1.036918875000000018e+00
7.162500000000000533e-01 0.000000000000000000e+00 1.148283750000000047e+00 1.148283750000000047e+00 1.034079375000000134e+00
7.237500000000000044e-01 0.000000000000000000e+00 1.143733250000000146e+00 1.143733250000000146e+00 1.030617499999999964e+00
7.312499999999999556e-01 0.000000000000000000e+00 1.136983375000000018e+00 1.136983375000000018e+00 1.028542375000000009e+00
7.387500000000000178e-01 0.000000000000000000e+00 1.130029124999999857e+00 1.130029124999999857e+00 1.024543374999999923e+00
7.462499999999999689e-01 7.662500000000000582e-05 1.125748250000000006e+00 1.125748250000000006e+00 1.022201374999999857e+00
7.537500000000000311e-01 3.004999999999999859e-04 1.123353249999999859e+00 1.123353249999999859e+00 1.019705625000000060e+00
7.612499999999999822e-01 7.364999999999999585e-04 1.120043375000000063e+00 1.120043375000000063e+00 1.016824500000000020e+00
7.687500000000000444e-01 2.673250000000000279e-03 1.115942999999999907e+00 1.115942999999999907e+00 1.013896500000000200e+00
7.762499999999999956e-01 8.361625000000001001e-03 1.114752500000000035e+00 1.114752500000000035e+00 1.011834874999999911e+00
7.837499999999999467e-01 2.238274999999999987e-02 1.110887624999999934e+00 1.110887624999999934e+00 1.009535249999999884e+00
7.912500000000000089e-01 5.278687499999999699e-02 1.107299625000000010e+00 1.107299625000000010e+00 1.007451874999999886e+00
7.987499999999999600e-01 1.141076250000000181e-01 1.101663375000000000e+00 1.101663375000000000e+00 1.005007249999999797e+00
8.062500000000000222e-01 2.138734999999999942e-01 1.097294999999999909e+00 1.097294999999999909e+00 1.002827375000000076e+00
8.137499999999999734e-01 3.656705000000000094e-01 1.091453000000000007e+00 1.091453000000000007e+00 1.000872249999999797e+00
8.212500000000000355e-01 5.655972500000000514e-01 1.087932375000000063e+00 1.087932375000000063e+00 9.995678750000001056e-01
8.287499999999999867e-01 8.285715000000001274e-01 1.082359874999999860e+00 1.082359874999999860e+00 9.974935000000000329e-01
8.362500000000000488e-01 1.095373874999999941e+00 1.077506250000000110e+00 1.077506250000000110e+00 9.955098749999999885e-01
8.437500000000000000e-01 1.415636999999999812e+00 1.072493000000000141e+00 1.072493000000000141e+00 9.947819999999999441e-01
8.512499999999999512e-01 1.705872999999999751e+00 1.064820375000000263e+00 1.064820375000000263e+00 9.930983749999999777e-01
8.587500000000000133e-01 1.961132249999999910e+00 1.057462249999999937e+00 1.057462249999999937e+00 9.919068749999999657e-01
8.662499999999999645e-01 2.205114999999999714e+00 1.054631625000000072e+00 1.054631625000000072e+00 9.902189999999999603e-01
8.737500000000000266e-01 2.382022000000000084e+00 1.045510249999999974e+00 1.045510249999999974e+00 9.893854999999999178e-01
8.812499999999999778e-01 2.510716874999999959e+00 1.040794374999999938e+00 1.040794374999999938e+00 9.887252499999998889e-01
8.887500000000000400e-01 2.603771625000000256e+00 1.037786125000000226e+00 1.037786125000000226e+00 9.870422500000000099e-01
8.962499999999999911e-01 2.612629125000000219e+00 1.030851375000000125e+00 1.030851375000000125e+00 9.865581249999999525e-01
9.037500000000000533e-01 2.620887749999999627e+00 1.024268624999999933e+00 1.024268624999999933e+00 9.857041250000000421e-01
9.112500000000000044e-01 2.554115499999999983e+00 1.020755749999999962e+00 1.020755749999999962e+00 9.851373749999999818e-01
9.187499999999999556e-01 2.463468375000000155e+00 1.016210875000000069e+00 1.016210875000000069e+00 9.845119999999999427e-01
9.262500000000000178e-01 2.374713750000000179e+00 1.013151124999999819e+00 1.013151124999999819e+00 9.840394999999999559e-01
9.337499999999999689e-01 2.288676999999999850e+00 1.007270000000000110e+00 1.007270000000000110e+00 9.836133750000000120e-01
9.412500000000000311e-01 2.171333624999999934e+00 1.004424375000000147e+00 1.004424375000000147e+00 9.834227500000000122e-01
9.487499999999999822e-01 2.044117874999999973e+00 1.000463499999999950e+00 1.000463499999999950e+00 9.830240000000000089e-01
9.562500000000000444e-01 1.933124624999999819e+00 9.945726250000000990e-01 9.945726250000000990e-01 9.829716249999999045e-01
9.637499999999999956e-01 1.817418374999999919e+00 9.933371250000000430e-01 9.933371250000000430e-01 9.827458749999998799e-01
9.712499999999999467e-01 1.700469875000000020e+00 9.895806249999999915e-01 9.895806249999999915e-01 9.825558749999999675e-01
9.787500000000000089e-01 1.597219875000000178e+00 9.881988750000000321e-01 9.881988750000000321e-01 9.830309999999999881e-01
9.862499999999999600e-01 1.514109874999999938e+00 9.850107499999999350e-01 9.850107499999999350e-01 9.838118750000000023e-01
9.937500000000000222e-01 1.416368124999999978e+00 9.825255000000000516e-01 9.825255000000000516e-01 9.836061249999999978e-01
1.001249999999999973e+00 1.335386999999999880e+00 9.784469999999999557e-01 9.784469999999999557e-01 9.839946250000000116e-01
1.008750000000000036e+00 1.259459875000000117e+00 9.771638750000000151e-01 9.771638750000000151e-01 9.849708749999999124e-01
1.016250000000000098e+00 1.224153250000000082e+00 9.748684999999998047e-01 9.748684999999998047e-01 9.856866249999999274e-01
1.023749999999999938e+00 1.143583374999999958e+00 9.722153749999999928e-01 9.722153749999999928e-01 9.859907500000001379e-01
1.031250000000000000e+00 1.117414125000000036e+00 9.701846250000000227e-01 9.701846250000000227e-01 9.865789999999999837e-01
1.038750000000000062e+00 1.076484875000000008e+00 9.684731250000000458e-01 9.684731250000000458e-01 9.876771249999999336e-01
1.046249999999999902e+00 1.039926000000000128e+00 9.654804999999999637e-01 9.654804999999999637e-01 9.889918749999999648e-01
1.053749999999999964e+00 1.017869375000000076e+00 9.648733749999999221e-01 9.648733749999999221e-01 9.900011249999999263e-01
1.061250000000000027e+00 9.954202499999998954e-01 9.625171249999999734e-01 9.625171249999999734e-01 9.909958749999999705e-01
1.068750000000000089e+00 9.731998750000000475e-01 9.610437499999999744e-01 9.610437499999999744e-01 9.921848749999999661e-01
1.076249999999999929e+00 9.526795000000001234e-01 9.591219999999999191e-01 9.591219999999999191e-01 9.934366250000000731e-01
1.083749999999999991e+00 9.495731250000000179e-01 9.596236249999999801e-01 9.596236249999999801e-01 9.943002499999999966e-01
1.091250000000000053e+00 9.420155000000001166e-01 9.578421250000000997e-01 9.578421250000000997e-01 9.955245000000000344e-01
1.098749999999999893e+00 9.402341250000001427e-01 9.553088750000000573e-01 9.553088750000000573e-01 9.966399999999999704e-01
1.106249999999999956e+00 9.354486249999999226e-01 9.552487499999999798e-01 9.552487499999999798e-01 9.979333750000001224e-01
1.113750000000000018e+00 9.279868749999998778e-01 9.552742500000001025e-01 9.552742500000001025e-01 9.988131249999999683e-01
1.121250000000000080e+00 9.457393750000000487e-01 9.545686250000000594e-01 9.545686250000000594e-01 9.997015000000000207e-01
1.128749999999999920e+00 9.388769999999999616e-01 9.526261249999999903e-01 9.526261249999999903e-01 1.001026374999999913e+00
1.136249999999999982e+00 9.359822499999999046e-01 9.525887499999999841e-01 9.525887499999999841e-01 1.001524000000000081e+00
1.143750000000000044e+00 9.410138749999998886e-01 9.527386249999999501e-01 9.527386249999999501e-01 1.002405374999999932e+00
1.151250000000000107e+00 9.420338750000000205e-01 9.528296250000000134e-01 9.528296250000000134e-01 1.002996624999999975e+00
1.158749999999999947e+00 9.355073750000000299e-01 9.530213749999999484e-01 9.530213749999999484e-01 1.003441625000000004e+00
1.166250000000000009e+00 9.475609999999999866e-01 9.523454999999999560e-01 9.523454999999999560e-01 1.003933750000000069e+00
1.173750000000000071e+00 9.297873749999999715e-01 9.521708749999999721e-01 9.521708749999999721e-01 1.004607124999999934e+00
1.181249999999999911e+00 9.391322500000001128e-01 9.525568750000001916e-01 9.525568750000001916e-01 1.004848249999999998e+00
1.188749999999999973e+00 9.294047499999998907e-01 9.540973750000000253e-01 9.540973750000000253e-01 1.005176375000000011e+00
1.196250000000000036e+00 9.332732500000000542e-01 9.543435000000000112e-01 9.543435000000000112e-01 1.005170125000000025e+00
1.203750000000000098e+00 9.308737499999999443e-01 9.546299999999999786e-01 9.546299999999999786e-01 1.005596375000000098e+00
1.211249999999999938e+00 9.267738750000000802e-01 9.555323749999998784e-01 9.555323749999998784e-01 1.005898624999999935e+00
1.218750000000000000e+00 9.288272499999999932e-01 9.572202499999999947e-01 9.572202499999999947e-01 1.005996500000000182e+00
1.226250000000000062e+00 9.317831249999998233e-01 9.579653750000000079e-01 9.579653750000000079e-01 1.005965374999999939e+00
1.233749999999999902e+00 9.161691249999999176e-01 9.592585000000000139e-01 9.592585000000000139e-01 1.005861999999999812e+00
1.241249999999999964e+00 9.182673749999999968e-01 9.606232500000000396e-01 9.606232500000000396e-01 1.006313125000000142e+00
1.248750000000000027e+00 9.136501249999999796e-01 9.627357500000000012e-01 9.627357500000000012e-01 1.006286500000000084e+00
1.256250000000000089e+00 9.102409999999999668e-01 9.645502499999998314e-01 9.645502499999998314e-01 1.006193374999999834e+00
1.263749999999999929e+00 9.068213749999999296e-01 9.647474999999999801e-01 9.647474999999999801e-01 1.006018875000000090e+00
1.271249999999999991e+00 9.097070000000000434e-01 9.663977500000000553e-01 9.663977500000000553e-01 1.006132750000000131e+00
1.278750000000000053e+00 9.042376250000000448e-01 9.685351250000000523e-01 9.685351250000000523e-01 1.006260125000000061e+00
1.286249999999999893e+00 9.149381249999999355e-01 9.696002500000000524e-01 9.696002500000000524e-01 1.006331124999999993e+00
1.293749999999999956e+00 8.956872499999999349e-01 9.719576249999999362e-01 9.719576249999999362e-01 1.006125625000000134e+00
1.301250000000000018e+00 9.036491250000000530e-01 9.752277499999998378e-01 9.752277499999998378e-01 1.006133624999999920e+00
1.308750000000000080e+00 8.957148749999999104e-01 9.768448750000000569e-01 9.768448750000000569e-01 1.006032500000000107e+00
1.316249999999999920e+00 8.923632500000000523e-01 9.793984999999999497e-01 9.793984999999999497e-01 1.006019999999999914e+00
1.323749999999999982e+00 9.026023750000000678e-01 9.809495000000000298e-01 9.809495000000000298e-01 1.005818000000000101e+00
1.331250000000000044e+00 9.023151250000001067e-01 9.834013749999999110e-01 9.834013749999999110e-01 1.005770374999999772e+00
1.338750000000000107e+00 8.916616250000000132e-01 9.863981249999999035e-01 9.863981249999999035e-01 1.005851749999999933e+00
1.346249999999999947e+00 8.906126250000000466e-01 9.886501250000000462e-01 9.886501250000000462e-01 1.005549625000000002e+00
1.353750000000000009e+00 9.010420000000000096e-01 9.913666250000000568e-01 9.913666250000000568e-01 1.005232625000000102e+00
1.361250000000000071e+00 8.945046249999999421e-01 9.952866249999999804e-01 9.952866249999999804e-01 1.005373625000000049e+00
1.368749999999999911e+00 8.958280000000000687e-01 9.971995000000000164e-01 9.971995000000000164e-01 1.005156125000000067e+00
1.376249999999999973e+00 9.094231249999998878e-01 1.000579124999999792e+00 1.000579124999999792e+00 1.005177000000000209e+00
1.383750000000000036e+00 9.068168749999999667e-01 1.002958624999999993e+00 1.002958624999999993e+00 1.004717124999999989e+00
1.391250000000000098e+00 9.100376250000000722e-01 1.004755124999999971e+00 1.004755124999999971e+00 1.004560125000000026e+00
1.398749999999999938e+00 9.092086250000001035e-01 1.007858375000000084e+00 1.007858375000000084e+00 1.004756125000000111e+00
1.406250000000000000e+00 9.037467499999999321e-01 1.008784249999999938e+00 1.008784249999999938e+00 1.004394875000000020e+00
1.413750000000000062e+00 8.967682499999999335e-01 1.011678625000000054e+00 1.011678625000000054e+00 1.004120750000000006e+00
1.421249999999999902e+00 9.101371249999999913e-01 1.014272749999999945e+00 1.014272749999999945e+00 1.003697749999999944e+00
1.428749999999999964e+00 9.104379999999999695e-01 1.016318875000000066e+00 1.016318875000000066e+00 1.003543499999999922e+00
1.436250000000000027e+00 9.097723750000000775e-01 1.017368374999999991e+00 1.017368374999999991e+00 1.003547500000000037e+00
1.443750000000000089e+00 9.096857500000001817e-01 1.018453000000000053e+00 1.018453000000000053e+00 1.003348750000000011e+00
1.451249999999999929e+00 9.222231250000000324e-01 1.020346875000000209e+00 1.020346875000000209e+00 1.003383000000000136e+00
1.458749999999999991e+00 9.132463749999999436e-01 1.019947500000000007e+00 1.019947500000000007e+00 1.002865250000000152e+00
1.466250000000000053e+00 9.229940000000000921e-01 1.020493000000000094e+00 1.020493000000000094e+00 1.002747249999999868e+00
1.473749999999999893e+00 9.147440000000000015e-01 1.020533249999999947e+00 1.020533249999999947e+00 1.002594624999999962e+00
1.481249999999999956e+00 9.429856250000000495e-01 1.020481875000000205e+00 1.020481875000000205e+00 1.002345875000000053e+00
1.488750000000000018e+00 9.385943749999999808e-01 1.020989500000000216e+00 1.020989500000000216e+00 1.001936124999999844e+00
1.496250000000000080e+00 9.328703749999999184e-01 1.021744250000000021e+00 1.021744250000000021e+00 1.001883499999999927e+00
1.503749999999999920e+00 9.366172500000000678e-01 1.020007125000000014e+00 1.020007125000000014e+00 1.001880000000000104e+00
1.511249999999999982e+00 9.434596249999999129e-01 1.019944249999999997e+00 1.019944249999999997e+00 1.001596500000000001e+00
1.518750000000000044e+00 9.438460000000000738e-01 1.020472000000000046e+00 1.020472000000000046e+00 1.001124874999999914e+00
1.526250000000000107e+00 9.484319999999999418e-01 1.019280249999999999e+00 1.019280249999999999e+00 1.001126749999999843e+00
1.533749999999999947e+00 9.487446250000000081e-01 1.018438874999999966e+00 1.018438874999999966e+00 1.001131375000000157e+00
1.541250000000000009e+00 9.584071250000001374e-01 1.017388250000000216e+00 1.017388250000000216e+00 1.000784249999999931e+00
1.548750000000000071e+00 9.559651250000000822e-01 1.016660125000000026e+00 1.016660125000000026e+00 1.000723124999999936e+00
1.556249999999999911e+00 9.617413749999998984e-01 1.015406875000000042e+00 1.015406875000000042e+00 1.000362375000000137e+00
1.563749999999999973e+00 9.668391250000000214e-01 1.014760624999999861e+00 1.014760624999999861e+00 1.000132624999999997e+00
1.571250000000000036e+00 9.767767499999999714e-01 1.014056000000000068e+00 1.014056000000000068e+00 1.000065750000000087e+00
1.578750000000000098e+00 9.797669999999999435e-01 1.013215000000000199e+00 1.013215000000000199e+00 9.999137500000000456e-01
1.586249999999999938e+00 9.876463750000000763e-01 1.012950624999999993e+00 1.012950624999999993e+00 9.997746250000000279e-01
1.593750000000000000e+00 9.831300000000000594e-01 1.012378000000000000e+00 1.012378000000000000e+00 9.995871250000000208e-01
1.601250000000000062e+00 9.936926249999999960e-01 1.011272124999999855e+00 1.011272124999999855e+00 9.993647500000000239e-01
1.608749999999999902e+00 1.002019750000000098e+00 1.010521000000000003e+00 1.010521000000000003e+00 9.992828750000000149e-01
1.616249999999999964e+00 1.003774999999999862e+00 1.010406375000000079e+00 1.010406375000000079e+00 9.992773750000000232e-01
1.623750000000000027e+00 1.009341874999999833e+00 1.009943749999999918e+00 1.009943749999999918e+00 9.988397500000000262e-01
1.631250000000000089e+00 1.007816374999999987e+00 1.008940125000000076e+00 1.008940125000000076e+00 9.989301249999998911e-01
1.638749999999999929e+00 1.012413374999999949e+00 1.007645000000000124e+00 1.007645000000000124e+00 9.987181250000001231e-01
1.646249999999999991e+00 1.015294000000000141e+00 1.007113624999999901e+00 1.007113624999999901e+00 9.988906250000001430e-01
1.653750000000000053e+00 1.024840750000000078e+00 1.006665875000000154e+00 1.006665875000000154e+00 9.988536250000000782e-01
1.661249999999999893e+00 1.032147624999999902e+00 1.006875874999999976e+00 1.006875874999999976e+00 9.985106249999998740e-01
1.668749999999999956e+00 1.031170750000000025e+00 1.005554375000000000e+00 1.005554375000000000e+00 9.986681249999999066e-01
1.676250000000000018e+00 1.033816999999999986e+00 1.005801500000000015e+00 1.005801500000000015e+00 9.984144999999999825e-01
1.683750000000000080e+00 1.043725375000000177e+00 1.005019125000000013e+00 1.005019125000000013e+00 9.983796249999998818e-01
1.691249999999999920e+00 1.045774249999999794e+00 1.004242249999999892e+00 1.004242249999999892e+00 9.986985000000001556e-01
1.698749999999999982e+00 1.046947500000000142e+00 1.004089125000000138e+00 1.004089125000000138e+00 9.982812500000000089e-01
1.706250000000000044e+00 1.057945125000000042e+00 1.004181250000000025e+00 1.004181250000000025e+00 9.981120000000001102e-01
1.713750000000000107e+00 1.057821000000000122e+00 1.002955749999999924e+00 1.002955749999999924e+00 9.982502499999998946e-01
1.721249999999999947e+00 1.061074749999999955e+00 1.002714875000000117e+00 1.002714875000000117e+00 9.982646249999999055e-01
1.728750000000000009e+00 1.059889000000000081e+00 1.002049375000000131e+00 1.002049375000000131e+00 9.983979999999998967e-01
1.736250000000000071e+00 1.066204874999999941e+00 1.001085624999999979e+00 1.001085624999999979e+00 9.982660000000000977e-01
1.743749999999999911e+00 1.068076374999999967e+00 1.000954999999999817e+00 1.000954999999999817e+00 9.981934999999999558e-01
1.751249999999999973e+00 1.074610375000000007e+00 9.997206249999999184e-01 9.997206249999999184e-01 9.982652499999998819e-01
1.758750000000000036e+00 1.072021749999999995e+00 1.000287375000000090e+00 1.000287375000000090e+00 9.983181250000001672e-01
1.766250000000000098e+00 1.064510999999999985e+00 1.000321500000000086e+00 1.000321500000000086e+00 9.981879999999999642e-01
1.773749999999999938e+00 1.063439999999999941e+00 9.988065000000000415e-01 9.988065000000000415e-01 9.984158749999999527e-01
1.781250000000000000e+00 1.065848124999999813e+00 1.000331999999999999e+00 1.000331999999999999e+00 9.982997499999999302e-01
1.788750000000000062e+00 1.058610374999999992e+00 9.998914999999999331e-01 9.998914999999999331e-01 9.982874999999999943e-01
1.796249999999999902e+00 1.059131875000000056e+00 9.988146249999999560e-01 9.988146249999999560e-01 9.982444999999998680e-01
1.803749999999999964e+00 1.049410625000000152e+00 9.982343750000000071e-01 9.982343750000000071e-01 9.983884999999999010e-01
1.811250000000000027e+00 1.049380125000000108e+00 9.973822500000000257e-01 9.973822500000000257e-01 9.984408750000000055e-01
1.818750000000000089e+00 1.037000000000000144e+00 9.972278749999998748e-01 9.972278749999998748e-01 9.985500000000000487e-01
1.826249999999999929e+00 1.039279625000000040e+00 9.978458750000001043e-01 9.978458750000001043e-01 9.986998750000000147e-01
1.833749999999999991e+00 1.038084375000000170e+00 9.973105000000000997e-01 9.973105000000000997e-01 9.985389999999999544e-01
1.841250000000000053e+00 1.029405499999999973e+00 9.968591249999999571e-01 9.968591249999999571e-01 9.985207500000000680e-01
1.848749999999999893e+00 1.033263124999999949e+00 9.972902499999999337e-01 9.972902499999999337e-01 9.987454999999999528e-01
1.856249999999999956e+00 1.025872000000000117e+00 9.964992499999999476e-01 9.964992499999999476e-01 9.987093750000000103e-01
1.863750000000000018e+00 1.027982749999999834e+00 9.957553750000001092e-01 9.957553750000001092e-01 9.989983749999999940e-01
1.871250000000000080e+00 1.021270874999999911e+00 9.959958750000000860e-01 9.959958750000000860e-01 9.988737500000000047e-01
1.878749999999999920e+00 1.015298749999999917e+00 9.962401250000001429e-01 9.962401250000001429e-01 9.990647499999998349e-01
1.886249999999999982e+00 1.006964624999999947e+00 9.954743749999999114e-01 9.954743749999999114e-01 9.991113750000001348e-01
1.893750000000000044e+00 1.013160750000000165e+00 9.959204999999999863e-01 9.959204999999999863e-01 9.993495000000000017e-01
1.901250000000000107e+00 1.007108624999999869e+00 9.960873749999999971e-01 9.960873749999999971e-01 9.992316250000000677e-01
1.908749999999999947e+00 1.008011375000000154e+00 9.943915000000000948e-01 9.943915000000000948e-01 9.992278749999999876e-01
1.916250000000000009e+00 9.981481250000000527e-01 9.951941250000000405e-01 9.951941250000000405e-01 9.994178750000000111e-01
1.923750000000000071e+00 1.001802624999999836e+00 9.949027499999999469e-01 9.949027499999999469e-01 9.996865000000000334e-01
1.931249999999999911e+00 9.969331249999999756e-01 9.956811249999999447e-01 9.956811249999999447e-01 9.997471250000000698e-01
1.938749999999999973e+00 9.953687499999999133e-01 9.955061250000000195e-01 9.955061250000000195e-01 9.998135000000000217e-01
1.946250000000000036e+00 1.003302249999999951e+00 9.954576250000000126e-01 9.954576250000000126e-01 9.997333749999999242e-01
1.953750000000000098e+00 9.940032499999998938e-01 9.953293749999999607e-01 9.953293749999999607e-01 9.997393749999998747e-01
1.961249999999999938e+00 9.944302499999999601e-01 9.958722500000000144e-01 9.958722500000000144e-01 9.998926250000000904e-01
1.968750000000000000e+00 9.986002499999999671e-01 9.954111250000000632e-01 9.954111250000000632e-01 9.997666249999999089e-01
1.976250000000000062e+00 9.985240000000000782e-01 9.950442499999999635e-01 9.950442499999999635e-01 9.997321250000000825e-01
1.983749999999999902e+00 9.880370000000000541e-01 9.952900000000000080e-01 9.952900000000000080e-01 1.000152125000000058e+00
1.991249999999999964e+00 9.932291249999999350e-01 9.957867500000000538e-01 9.957867500000000538e-01 1.000061499999999937e+00
1.998750000000000027e+00 9.929286249999998981e-01 9.951914999999998956e-01 9.951914999999998956e-01 1.000063375000000088e+00
2.006250000000000089e+00 9.878421250000000153e-01 9.954120000000000745e-01 9.954120000000000745e-01 1.000182875000000138e+00
2.013749999999999929e+00 9.910480000000000400e-01 9.954685000000000894e-01 9.954685000000000894e-01 1.000294874999999806e+00
2.021250000000000213e+00 9.926949999999999941e-01 9.962210000000000232e-01 9.962210000000000232e-01 1.000214999999999854e+00
2.028750000000000053e+00 9.876825000000000188e-01 9.967328749999999626e-01 9.967328749999999626e-01 1.000547749999999958e+00
2.036249999999999893e+00 9.909242499999999509e-01 9.961192500000000116e-01 9.961192500000000116e-01 1.000374375000000038e+00
2.043750000000000178e+00 9.801991250000000599e-01 9.957883749999999479e-01 9.957883749999999479e-01 1.000332249999999812e+00
2.051250000000000018e+00 9.899304999999999355e-01 9.962136249999999915e-01 9.962136249999999915e-01 1.000533249999999930e+00
2.058749999999999858e+00 9.902967499999999479e-01 9.966467500000000257e-01 9.966467500000000257e-01 1.000340750000000112e+00
2.066250000000000142e+00 9.895113749999999708e-01 9.971138750000000384e-01 9.971138750000000384e-01 1.000368249999999959e+00
2.073749999999999982e+00 9.930704999999999671e-01 9.967673750000000110e-01 9.967673750000000110e-01 1.000505124999999884e+00
2.081249999999999822e+00 9.855317500000000397e-01 9.973528750000000276e-01 9.973528750000000276e-01 1.000559874999999987e+00
2.088750000000000107e+00 9.883713749999999409e-01 9.970271250000000141e-01 9.970271250000000141e-01 1.000447499999999934e+00
2.096249999999999947e+00 9.832452500000000706e-01 9.978195000000000814e-01 9.978195000000000814e-01 1.000485499999999917e+00
2.103749999999999787e+00 9.885961249999999367e-01 9.978670000000000595e-01 9.978670000000000595e-01 1.000466250000000112e+00
2.111250000000000071e+00 9.871217500000001310e-01 9.982996249999999128e-01 9.982996249999999128e-01 1.000435999999999881e+00
2.118749999999999911e+00 9.856718749999999751e-01 9.976012499999999950e-01 9.976012499999999950e-01 1.000512125000000196e+00
2.126250000000000195e+00 9.891763749999999966e-01 9.983033749999999928e-01 9.983033749999999928e-01 1.000533125000000023e+00
2.133750000000000036e+00 9.862206249999998509e-01 9.988838749999999767e-01 9.988838749999999767e-01 1.000595374999999843e+00
2.141249999999999876e+00 9.887484999999999191e-01 9.990937499999998916e-01 9.990937499999998916e-01 1.000475750000000108e+00
2.148750000000000160e+00 9.860015000000000862e-01 9.986928750000000354e-01 9.986928750000000354e-01 1.000318000000000040e+00
2.156250000000000000e+00 9.874010000000000842e-01 9.989454999999999307e-01 9.989454999999999307e-01 1.000449624999999898e+00
2.163749999999999840e+00 9.915850000000000497e-01 9.989433749999999668e-01 9.989433749999999668e-01 1.000327375000000130e+00
2.171250000000000124e+00 9.924906250000000707e-01 9.994728750000000383e-01 9.994728750000000383e-01 1.000514500000000195e+00
2.178749999999999964e+00 9.857682500000000125e-01 9.993897499999999656e-01 9.993897499999999656e-01 1.000305124999999906e+00
2.186249999999999805e+00 9.888698750000000093e-01 9.992982500000000545e-01 9.992982500000000545e-01 1.000453374999999978e+00
2.193750000000000089e+00 9.852783750000000396e-01 9.999131249999999582e-01 9.999131249999999582e-01 1.000493500000000147e+00
2.201249999999999929e+00 9.886568749999999905e-01 9.999136250000000281e-01 9.999136250000000281e-01 1.000316750000000088e+00
2.208750000000000213e+00 9.901813749999999192e-01 1.000253375000000000e+00 1.000253375000000000e+00 1.000290625000000100e+00
2.216250000000000053e+00 9.876548750000000432e-01 1.000777374999999969e+00 1.000777374999999969e+00 1.000300874999999978e+00
2.223749999999999893e+00 9.871261249999998544e-01 1.000878375000000098e+00 1.000878375000000098e+00 1.000376749999999815e+00
2.231250000000000178e+00 9.875167500000000542e-01 1.001750749999999801e+00 1.001750749999999801e+00 1.000411500000000009e+00
2.238750000000000018e+00 9.852477500000000887e-01 1.000650625000000016e+00 1.000650625000000016e+00 1.000267624999999994e+00
2.246249999999999858e+00 9.925747499999999501e-01 1.001477374999999892e+00 1.001477374999999892e+00 1.000266499999999947e+00
2.253750000000000142e+00 9.887622500000000647e-01 1.001162000000000107e+00 1.001162000000000107e+00 1.000194374999999969e+00
2.261249999999999982e+00 9.871241250000000189e-01 1.001663124999999877e+00 1.001663124999999877e+00 1.000184125000000090e+00
2.268749999999999822e+00 9.948018749999999466e-01 1.001073499999999949e+00 1.001073499999999949e+00 1.000228125000000023e+00
2.276250000000000107e+00 9.917268749999998967e-01 1.001578124999999986e+00 1.001578124999999986e+00 1.000167500000000098e+00
2.283749999999999947e+00 9.931649999999999645e-01 1.001635000000000053e+00 1.001635000000000053e+00 1.000201125000000024e+00
2.291249999999999787e+00 9.862752499999998257e-01 1.002126500000000142e+00 1.002126500000000142e+00 1.000163999999999831e+00
2.298750000000000071e+00 9.928432499999999550e-01 1.001977375000000059e+00 1.001977375000000059e+00 1.000083999999999973e+00
2.306249999999999911e+00 9.964148750000001442e-01 1.002277499999999932e+00 1.002277499999999932e+00 1.000012250000000158e+00
2.313750000000000195e+00 9.952936250000000706e-01 1.001484999999999959e+00 1.001484999999999959e+00 9.999127500000000168e-01
2.321250000000000036e+00 9.940472500000000489e-01 1.002412499999999929e+00 1.002412499999999929e+00 1.000157499999999811e+00
2.328749999999999876e+00 9.947249999999999703e-01 1.002078250000000059e+00 1.002078250000000059e+00 1.000040625000000016e+00
2.336250000000000160e+00 9.904294999999999627e-01 1.001608749999999937e+00 1.001608749999999937e+00 1.000082749999999798e+00
2.343750000000000000e+00 9.955583749999999954e-01 1.001677249999999963e+00 1.001677249999999963e+00 1.000027499999999847e+00
2.351249999999999840e+00 9.901826249999998719e-01 1.002162500000000067e+00 1.002162500000000067e+00 1.000059374999999973e+00
2.358750000000000124e+00 9.964437499999999615e-01 1.001950625000000095e+00 1.001950625000000095e+00 9.998977500000001406e-01
2.366249999999999964e+00 9.981594999999998663e-01 1.001649624999999988e+00 1.001649624999999988e+00 9.998761249999998935e-01
2.373749999999999805e+00 9.990533749999999102e-01 1.002006249999999987e+00 1.002006249999999987e+00 9.999346249999998548e-01
2.381250000000000089e+00 9.978831249999999820e-01 1.002148124999999945e+00 1.002148124999999945e+00 1.000155874999999916e+00
2.388749999999999929e+00 9.964459999999999429e-01 1.001561499999999993e+00 1.001561499999999993e+00 9.998017500000000446e-01
2.396250000000000213e+00 1.007254374999999813e+00 1.001635875000000064e+00 1.001635875000000064e+00 9.996223750000000630e-01
2.403750000000000053e+00 1.000306249999999952e+00 1.001230250000000099e+00 1.001230250000000099e+00 9.998453750000000362e-01
2.411249999999999893e+00 1.001635249999999866e+00 1.001028124999999935e+00 1.001028124999999935e+00 9.997151250000000378e-01
2.418750000000000178e+00 1.001439999999999886e+00 1.001401125000000114e+00 1.001401125000000114e+00 9.998080000000000300e-01
2.426250000000000018e+00 9.943733750000000038e-01 1.001369375000000117e+00 1.001369375000000117e+00 9.997907499999998393e-01
2.433749999999999858e+00 1.001633750000000100e+00 1.001875625000000047e+00 1.001875625000000047e+00 9.998326250000000304e-01
2.441250000000000142e+00 1.002216250000000031e+00 1.001334624999999923e+00 1.001334624999999923e+00 9.998356249999998946e-01
2.448749999999999982e+00 1.003584500000000101e+00 1.001305749999999994e+00 1.001305749999999994e+00 9.997906249999999329e-01
2.456249999999999822e+00 9.993547500000000694e-01 1.001144625000000010e+00 1.001144625000000010e+00 9.997718750000000876e-01
2.463750000000000107e+00 1.005948625000000041e+00 1.000884375000000048e+00 1.000884375000000048e+00 9.995313749999999997e-01
2.471249999999999947e+00 9.998378750000000981e-01 1.001311999999999980e+00 1.001311999999999980e+00 9.998510000000000453e-01
2.478749999999999787e+00 1.003352124999999928e+00 1.000350124999999979e+00 1.000350124999999979e+00 9.996926249999998904e-01
2.486250000000000071e+00 1.002474749999999970e+00 1.000892499999999963e+00 1.000892499999999963e+00 9.995679999999999010e-01
2.493749999999999911e+00 1.006148625000000019e+00 1.000681249999999967e+00 1.000681249999999967e+00 9.997992500000000282e-01
2.501250000000000195e+00 1.003393125000000108e+00 1.000757125000000025e+00 1.000757125000000025e+00 9.997791250000001018e-01
2.508750000000000036e+00 1.004750124999999938e+00 1.000352250000000165e+00 1.000352250000000165e+00 9.996873749999999337e-01
2.516249999999999876e+00 1.004973624999999871e+00 9.999284999999999979e-01 9.999284999999999979e-01 9.995818749999999531e-01
2.523750000000000160e+00 1.006269749999999741e+00 9.997376249999999631e-01 9.997376249999999631e-01 9.998332500000000067e-01
2.531250000000000000e+00 1.006366749999999977e+00 1.000591374999999950e+00 1.000591374999999950e+00 9.996911250000000138e-01
2.538749999999999840e+00 1.002973249999999927e+00 1.000406125000000035e+00 1.000406125000000035e+00 9.997723750000000464e-01
2.546250000000000124e+00 1.002632000000000190e+00 1.000089249999999819e+00 1.000089249999999819e+00 9.997431250000000658e-01
2.553749999999999964e+00 1.003966499999999984e+00 1.000287750000000031e+00 1.000287750000000031e+00 9.998236249999999936e-01
2.561249999999999805e+00 1.006934624999999972e+00 9.997522500000000090e-01 9.997522500000000090e-01 9.997443749999999074e-01
2.568750000000000089e+00 1.004557624999999899e+00 9.999718749999999545e-01 9.999718749999999545e-01 9.996516249999999326e-01
2.576249999999999929e+00 1.003542125000000063e+00 9.996424999999999894e-01 9.996424999999999894e-01 9.997055000000000247e-01
2.583750000000000213e+00 1.003122499999999917e+00 1.000253000000000059e+00 1.000253000000000059e+00 9.997570000000001178e-01
2.591250000000000053e+00 1.001508750000000170e+00 1.000346375000000121e+00 1.000346375000000121e+00 9.998002500000000570e-01
2.598749999999999893e+00 1.005877249999999945e+00 9.999898749999999170e-01 9.999898749999999170e-01 9.997141250000000090e-01
2.606250000000000178e+00 1.006671750000000198e+00 9.999210000000000598e-01 9.999210000000000598e-01 9.997157500000001251e-01
2.613750000000000018e+00 1.002765499999999754e+00 9.996148750000000138e-01 9.996148750000000138e-01 9.996150000000001423e-01
2.621249999999999858e+00 1.007108874999999903e+00 9.999208750000000423e-01 9.999208750000000423e-01 9.996928750000000363e-01
2.628750000000000142e+00 1.002797750000000043e+00 1.000174750000000001e+00 1.000174750000000001e+00 9.997759999999999980e-01
2.636249999999999982e+00 9.971122500000000333e-01 9.990310000000000024e-01 9.990310000000000024e-01 9.997418749999998910e-01
2.643749999999999822e+00 9.998936250000000081e-01 1.000138624999999948e+00 1.000138624999999948e+00 9.999127500000001278e-01
2.651250000000000107e+00 1.000561999999999951e+00 9.996225000000000804e-01 9.996225000000000804e-01 9.997891249999999452e-01
2.658749999999999947e+00 1.002378875000000003e+00 9.997266250000000909e-01 9.997266250000000909e-01 9.997008749999999333e-01
2.666249999999999787e+00 1.003558749999999833e+00 9.991586249999998559e-01 9.991586249999998559e-01 9.998029999999999973e-01
2.673750000000000071e+00 1.001878625000000023e+00 9.991147499999999404e-01 9.991147499999999404e-01 9.998093750000000002e-01
2.681249999999999911e+00 1.004139249999999928e+00 9.996396250000001427e-01 9.996396250000001427e-01 9.998045000000000959e-01
2.688750000000000195e+00 1.000801499999999900e+00 9.997072499999999362e-01 9.997072499999999362e-01 9.998016250000000271e-01
2.696250000000000036e+00 9.996052500000001118e-01 9.996206249999999294e-01 9.996206249999999294e-01 9.997382500000000505e-01
2.703749999999999876e+00 1.003272750000000046e+00 9.992223749999999960e-01 9.992223749999999960e-01 9.998230000000000173e-01
2.711250000000000160e+00 1.004136624999999894e+00 9.993959999999999511e-01 9.993959999999999511e-01 9.998285000000000089e-01
2.718750000000000000e+00 1.002919499999999964e+00 9.996886249999999974e-01 9.996886249999999974e-01 9.998402499999999860e-01
2.726249999999999840e+00 9.981500000000000927e-01 9.990169999999999328e-01 9.990169999999999328e-01 9.998067499999999663e-01
2.733750000000000124e+00 1.000856749999999851e+00 9.992789999999999173e-01 9.992789999999999173e-01 9.999967499999999898e-01
2.741249999999999964e+00 9.937339999999998952e-01 9.994616250000001312e-01 9.994616250000001312e-01 9.998406250000000384e-01
2.748749999999999805e+00 9.990673749999998687e-01 9.998287499999999328e-01 9.998287499999999328e-01 9.998331250000001003e-01
2.756250000000000089e+00 9.995727499999998988e-01 9.993517499999999831e-01 9.993517499999999831e-01 9.998468749999999128e-01
2.763749999999999929e+00 1.000125374999999872e+00 9.998262500000000275e-01 9.998262500000000275e-01 9.998192500000000482e-01
2.771250000000000213e+00 9.995062499999999295e-01 9.994857499999998396e-01 9.994857499999998396e-01 1.000044750000000038e+00
2.778750000000000053e+00 1.000742875000000032e+00 9.995121250000000845e-01 9.995121250000000845e-01 9.999669999999999392e-01
2.786249999999999893e+00 1.001759375000000007e+00 9.996938750000001761e-01 9.996938750000001761e-01 9.999281249999999455e-01
2.793750000000000178e+00 9.962675000000000836e-01 9.992697500000000677e-01 9.992697500000000677e-01 9.999537500000000856e-01
2.801250000000000018e+00 9.958046249999999988e-01 9.992493750000001063e-01 9.992493750000001063e-01 9.999758749999999585e-01
2.808749999999999858e+00 1.000522624999999888e+00 9.997632500000001032e-01 9.997632500000001032e-01 1.000002875000000069e+00
2.816250000000000142e+00 1.001074500000000089e+00 9.990601249999999656e-01 9.990601249999999656e-01 9.998819999999999375e-01
2.823749999999999982e+00 1.002880500000000064e+00 9.994620000000001836e-01 9.994620000000001836e-01 1.000048749999999931e+00
2.831249999999999822e+00 1.000210875000000055e+00 9.995878749999999036e-01 9.995878749999999036e-01 9.999851249999999192e-01
2.838750000000000107e+00 9.956481249999999950e-01 9.992745000000000655e-01 9.992745000000000655e-01 9.999735000000000706e-01
2.846249999999999947e+00 9.994365000000000610e-01 9.995714999999999462e-01 9.995714999999999462e-01 9.999503750000000579e-01
2.853749999999999787e+00 9.982428749999999740e-01 9.990752500000000813e-01 9.990752500000000813e-01 9.999873749999999006e-01
2.861250000000000071e+00 9.958903749999999944e-01 1.000086875000000042e+00 1.000086875000000042e+00 9.999731249999999072e-01
2.868749999999999911e+00 1.001009625000000014e+00 9.992499999999999716e-01 9.992499999999999716e-01 1.000019999999999909e+00
2.876250000000000195e+00 9.992801249999999635e-01 9.993841250000000676e-01 9.993841250000000676e-01 1.000008624999999984e+00
2.883750000000000036e+00 9.993363750000000545e-01 9.993820000000001036e-01 9.993820000000001036e-01 1.000084374999999914e+00
2.891249999999999876e+00 1.001483125000000030e+00 9.996954999999999592e-01 9.996954999999999592e-01 9.999192500000001482e-01
2.898750000000000160e+00 9.981621249999999002e-01 9.998607500000000758e-01 9.998607500000000758e-01 9.999641250000000925e-01
2.906250000000000000e+00 9.996396249999999206e-01 9.997403749999997924e-01 9.997403749999997924e-01 1.000025375000000105e+00
2.913749999999999840e+00 9.994137499999998786e-01 9.999497499999999706e-01 9.999497499999999706e-01 1.000049999999999883e+00
2.921250000000000124e+00 9.956396249999999171e-01 9.997650000000000148e-01 9.997650000000000148e-01 1.000097124999999920e+00
2.928749999999999964e+00 9.992133750000000703e-01 9.993448750000000214e-01 9.993448750000000214e-01 1.000003374999999917e+00
2.936249999999999805e+00 9.963095000000001811e-01 9.997603750000000344e-01 9.997603750000000344e-01 1.000124875000000024e+00
2.943750000000000089e+00 9.953386249999999214e-01 9.996029999999999083e-01 9.996029999999999083e-01 9.998785000000000034e-01
2.951249999999999929e+00 9.968454999999999400e-01 9.996882500000000560e-01 9.996882500000000560e-01 9.999917499999999571e-01
2.958750000000000213e+00 1.001377749999999844e+00 1.000065500000000052e+00 1.000065500000000052e+00 1.000100124999999895e+00
2.966250000000000053e+00 1.000168500000000016e+00 9.998142500000000155e-01 9.998142500000000155e-01 1.000007124999999997e+00
2.973749999999999893e+00 9.971001250000000038e-01 9.997561249999999955e-01 9.997561249999999955e-01 1.000065624999999958e+00
2.981250000000000178e+00 9.964948750000000022e-01 9.996446249999999534e-01 9.996446249999999534e-01 1.000064625000000040e+00
2.988750000000000018e+00 9.922742499999999133e-01 9.997920000000000140e-01 9.997920000000000140e-01 9.999902499999999694e-01
2.996249999999999858e+00 1.000653875000000026e+00 9.997966249999999944e-01 9.997966249999999944e-01 1.000116499999999853e+00
