3.749999999999999861e-03 0.000000000000000000e+00 0.000000000000000000e+00 0.000000000000000000e+00 0.000000000000000000e+00
1.124999999999999958e-02 0.000000000000000000e+00 0.000000000000000000e+00 0.000000000000000000e+00 0.000000000000000000e+00
1.874999999999999931e-02 0.000000000000000000e+00 0.000000000000000000e+00 0.000000000000000000e+00 0.000000000000000000e+00
2.624999999999999903e-02 0.000000000000000000e+00 0.000000000000000000e+00 0.000000000000000000e+00 0.000000000000000000e+00
3.375000000000000222e-02 0.000000000000000000e+00 0.000000000000000000e+00 0.000000000000000000e+00 0.000000000000000000e+00
4.125000000000000194e-02 0.000000000000000000e+00 0.000000000000000000e+00 0.000000000000000000e+00 0.000000000000000000e+00
4.875000000000000167e-02 0.000000000000000000e+00 0.000000000000000000e+00 0.000000000000000000e+00 0.000000000000000000e+00
5.625000000000000139e-02 0.000000000000000000e+00 0.000000000000000000e+00 0.000000000000000000e+00 0.000000000000000000e+00
6.375000000000000111e-02 0.000000000000000000e+00 0.000000000000000000e+00 0.000000000000000000e+00 0.000000000000000000e+00
7.124999999999999389e-02 0.000000000000000000e+00 0.000000000000000000e+00 0.000000000000000000e+00 0.000000000000000000e+00
7.875000000000000056e-02 0.000000000000000000e+00 0.000000000000000000e+00 0.000000000000000000e+00 0.000000000000000000e+00
8.624999999999999334e-02 0.000000000000000000e+00 0.000000000000000000e+00 0.000000000000000000e+00 0.000000000000000000e+00
9.375000000000000000e-02 0.000000000000000000e+00 0.000000000000000000e+00 0.000000000000000000e+00 0.000000000000000000e+00
1.012500000000000067e-01 0.000000000000000000e+00 0.000000000000000000e+00 0.000000000000000000e+00 0.000000000000000000e+00
1.087499999999999994e-01 0.000000000000000000e+00 0.000000000000000000e+00 0.000000000000000000e+00 0.000000000000000000e+00
1.162500000000000061e-01 0.000000000000000000e+00 0.000000000000000000e+00 0.000000000000000000e+00 0.000000000000000000e+00
1.237499999999999989e-01 0.000000000000000000e+00 0.000000000000000000e+00 0.000000000000000000e+00 0.000000000000000000e+00
1.312500000000000056e-01 0.000000000000000000e+00 0.000000000000000000e+00 0.000000000000000000e+00 0.000000000000000000e+00
1.387500000000000122e-01 0.000000000000000000e+00 0.000000000000000000e+00 0.000000000000000000e+00 0.000000000000000000e+00
1.462499999999999911e-01 0.000000000000000000e+00 0.000000000000000000e+00 0.000000000000000000e+00 1.412499999999999944e-05
1.537499999999999978e-01 0.000000000000000000e+00 0.000000000000000000e+00 0.000000000000000000e+00 1.685249999999999682e-03
1.612500000000000044e-01 0.000000000000000000e+00 0.000000000000000000e+00 0.000000000000000000e+00 4.043449999999999822e-02
1.687500000000000111e-01 0.000000000000000000e+00 0.000000000000000000e+00 0.000000000000000000e+00 2.461120000000000252e-01
1.762499999999999900e-01 0.000000000000000000e+00 0.000000000000000000e+00 0.000000000000000000e+00 6.727576250000000258e-01
1.837499999999999967e-01 0.000000000000000000e+00 0.000000000000000000e+00 0.000000000000000000e+00 1.150176374999999807e+00
1.912500000000000033e-01 0.000000000000000000e+00 0.000000000000000000e+00 0.000000000000000000e+00 1.508714000000000111e+00
1.987500000000000100e-01 0.000000000000000000e+00 0.000000000000000000e+00 0.000000000000000000e+00 1.713549875000000000e+00
2.062499999999999889e-01 0.000000000000000000e+00 0.000000000000000000e+00 0.000000000000000000e+00 1.793534875000000195e+00
2.137499999999999956e-01 0.000000000000000000e+00 0.000000000000000000e+00 0.000000000000000000e+00 1.798424000000000023e+00
2.212500000000000022e-01 0.000000000000000000e+00 0.000000000000000000e+00 0.000000000000000000e+00 1.758708124999999844e+00
2.287500000000000089e-01 0.000000000000000000e+00 0.000000000000000000e+00 0.000000000000000000e+00 1.705892124999999870e+00
2.362499999999999878e-01 0.000000000000000000e+00 0.000000000000000000e+00 0.000000000000000000e+00 1.653694999999999915e+00
2.437499999999999944e-01 0.000000000000000000e+00 0.000000000000000000e+00 0.000000000000000000e+00 1.606485749999999824e+00
2.512499999999999734e-01 0.000000000000000000e+00 0.000000000000000000e+00 0.000000000000000000e+00 1.559546874999999888e+00
2.587499999999999800e-01 0.000000000000000000e+00 0.000000000000000000e+00 0.000000000000000000e+00 1.517530750000000150e+00
2.662499999999999867e-01 0.000000000000000000e+00 0.000000000000000000e+00 0.000000000000000000e+00 1.479501624999999709e+00
2.737499999999999933e-01 0.000000000000000000e+00 0.000000000000000000e+00 0.000000000000000000e+00 1.446735749999999987e+00
2.812500000000000000e-01 0.000000000000000000e+00 0.000000000000000000e+00 0.000000000000000000e+00 1.413954375000000097e+00
2.887500000000000067e-01 0.000000000000000000e+00 0.000000000000000000e+00 0.000000000000000000e+00 1.388395125000000174e+00
2.962500000000000133e-01 0.000000000000000000e+00 0.000000000000000000e+00 0.000000000000000000e+00 1.359704250000000059e+00
3.037500000000000200e-01 0.000000000000000000e+00 0.000000000000000000e+00 0.000000000000000000e+00 1.338698374999999885e+00
3.112500000000000266e-01 0.000000000000000000e+00 0.000000000000000000e+00 0.000000000000000000e+00 1.319232375000000124e+00
3.187499999999999778e-01 0.000000000000000000e+00 0.000000000000000000e+00 0.000000000000000000e+00 1.299915750000000036e+00
3.262499999999999845e-01 0.000000000000000000e+00 0.000000000000000000e+00 0.000000000000000000e+00 1.286974249999999875e+00
3.337499999999999911e-01 0.000000000000000000e+00 0.000000000000000000e+00 0.000000000000000000e+00 1.275678625000000066e+00
3.412499999999999978e-01 0.000000000000000000e+00 0.000000000000000000e+00 0.000000000000000000e+00 1.264711375000000082e+00
3.487500000000000044e-01 0.000000000000000000e+00 0.000000000000000000e+00 0.000000000000000000e+00 1.257029125000000080e+00
3.562500000000000111e-01 0.000000000000000000e+00 0.000000000000000000e+00 0.000000000000000000e+00 1.249562124999999968e+00
3.637500000000000178e-01 0.000000000000000000e+00 0.000000000000000000e+00 0.000000000000000000e+00 1.247238375000000010e+00
3.712500000000000244e-01 0.000000000000000000e+00 0.000000000000000000e+00 0.000000000000000000e+00 1.242954125000000243e+00
3.787499999999999756e-01 0.000000000000000000e+00 0.000000000000000000e+00 0.000000000000000000e+00 1.240815875000000013e+00
3.862499999999999822e-01 0.000000000000000000e+00 0.000000000000000000e+00 0.000000000000000000e+00 1.236795124999999995e+00
3.937499999999999889e-01 0.000000000000000000e+00 0.000000000000000000e+00 0.000000000000000000e+00 1.232460749999999772e+00
4.012499999999999956e-01 0.000000000000000000e+00 0.000000000000000000e+00 0.000000000000000000e+00 1.229627500000000095e+00
4.087500000000000022e-01 0.000000000000000000e+00 0.000000000000000000e+00 0.000000000000000000e+00 1.225655374999999880e+00
4.162500000000000089e-01 0.000000000000000000e+00 0.000000000000000000e+00 0.000000000000000000e+00 1.220668624999999841e+00
4.237500000000000155e-01 0.000000000000000000e+00 0.000000000000000000e+00 0.000000000000000000e+00 1.215032624999999866e+00
4.312500000000000222e-01 0.000000000000000000e+00 0.000000000000000000e+00 0.000000000000000000e+00 1.208104624999999821e+00
4.387499999999999734e-01 0.000000000000000000e+00 0.000000000000000000e+00 0.000000000000000000e+00 1.203879124999999828e+00
4.462499999999999800e-01 0.000000000000000000e+00 2.025000000000000094e-05 2.025000000000000094e-05 1.195820499999999953e+00
4.537499999999999867e-01 0.000000000000000000e+00 1.626250000000000091e-04 1.626250000000000091e-04 1.191048499999999954e+00
4.612499999999999933e-01 0.000000000000000000e+00 1.079375000000000039e-03 1.079375000000000039e-03 1.183293499999999998e+00
4.687500000000000000e-01 0.000000000000000000e+00 5.159624999999999281e-03 5.159624999999999281e-03 1.177022624999999989e+00
4.762500000000000067e-01 0.000000000000000000e+00 1.681512500000000021e-02 1.681512500000000021e-02 1.171151499999999901e+00
4.837500000000000133e-01 0.000000000000000000e+00 4.587112499999999871e-02 4.587112499999999871e-02 1.164394750000000034e+00
4.912500000000000200e-01 0.000000000000000000e+00 1.010793749999999852e-01 1.010793749999999852e-01 1.157095625000000183e+00
4.987500000000000266e-01 0.000000000000000000e+00 1.893777499999999836e-01 1.893777499999999836e-01 1.151404874999999883e+00
5.062499999999999778e-01 0.000000000000000000e+00 3.100852499999999234e-01 3.100852499999999234e-01 1.145994750000000062e+00
5.137500000000000400e-01 0.000000000000000000e+00 4.580805000000000016e-01 4.580805000000000016e-01 1.139148625000000026e+00
5.212499999999999911e-01 0.000000000000000000e+00 6.220146250000000432e-01 6.220146250000000432e-01 1.133238625000000166e+00
5.287500000000000533e-01 0.000000000000000000e+00 7.907723749999998608e-01 7.907723749999998608e-01 1.128187999999999969e+00
5.362500000000000044e-01 0.000000000000000000e+00 9.502825000000000299e-01 9.502825000000000299e-01 1.122732750000000168e+00
5.437499999999999556e-01 0.000000000000000000e+00 1.094298999999999911e+00 1.094298999999999911e+00 1.116346624999999815e+00
5.512500000000000178e-01 0.000000000000000000e+00 1.216290375000000257e+00 1.216290375000000257e+00 1.111563124999999985e+00
5.587499999999999689e-01 0.000000000000000000e+00 1.312337874999999876e+00 1.312337874999999876e+00 1.106297000000000086e+00
5.662500000000000311e-01 0.000000000000000000e+00 1.386469374999999893e+00 1.386469374999999893e+00 1.102044000000000024e+00
5.737499999999999822e-01 0.000000000000000000e+00 1.435903500000000221e+00 1.435903500000000221e+00 1.096880875000000088e+00
5.812500000000000444e-01 0.000000000000000000e+00 1.463545750000000201e+00 1.463545750000000201e+00 1.093017000000000127e+00
5.887499999999999956e-01 0.000000000000000000e+00 1.479490374999999913e+00 1.479490374999999913e+00 1.088424124999999965e+00
5.962499999999999467e-01 0.000000000000000000e+00 1.474738999999999800e+00 1.474738999999999800e+00 1.083732625000000116e+00
6.037500000000000089e-01 0.000000000000000000e+00 1.466368749999999999e+00 1.466368749999999999e+00 1.079343874999999953e+00
6.112499999999999600e-01 0.000000000000000000e+00 1.445119000000000042e+00 1.445119000000000042e+00 1.074485874999999924e+00
6.187500000000000222e-01 0.000000000000000000e+00 1.422964625000000094e+00 1.422964625000000094e+00 1.070645499999999917e+00
6.262499999999999734e-01 0.000000000000000000e+00 1.395305125000000146e+00 1.395305125000000146e+00 1.066802125000000157e+00
6.337500000000000355e-01 0.000000000000000000e+00 1.368361374999999880e+00 1.368361374999999880e+00 1.062983875000000022e+00
6.412499999999999867e-01 0.000000000000000000e+00 1.339186250000000022e+00 1.339186250000000022e+00 1.059381625000000104e+00
6.487500000000000488e-01 0.000000000000000000e+00 1.310700999999999894e+00 1.310700999999999894e+00 1.055096125000000162e+00
6.562500000000000000e-01 0.000000000000000000e+00 1.281272125000000095e+00 1.281272125000000095e+00 1.051016250000000207e+00
6.637499999999999512e-01 0.000000000000000000e+00 1.257760750000000094e+00 1.257760750000000094e+00 1.047795250000000067e+00
6.712500000000000133e-01 0.000000000000000000e+00 1.233379124999999910e+00 1.233379124999999910e+00 1.044822624999999894e+00
6.787499999999999645e-01 0.000000000000000000e+00 1.209730500000000042e+00 1.209730500000000042e+00 1.040692874999999962e+00
6.862500000000000266e-01 0.000000000000000000e+00 1.189748499999999876e+00 1.189748499999999876e+00 1.037480874999999969e+00
6.937499999999999778e-01 0.000000000000000000e+00 1.179493999999999820e+00 1.179493999999999820e+00 1.034700375000000117e+00
7.012500000000000400e-01 0.000000000000000000e+00 1.168093374999999989e+00 1.168093374999999989e+00 1.031573499999999921e+00
7.087499999999999911e-01 0.000000000000000000e+00 1.160862249999999873e+00 1.160862249999999873e+00 1.028248875000000062e+00
7.162500000000000533e-01 0.000000000000000000e+00 1.148374374999999947e+00 1.148374374999999947e+00 1.025432750000000004e+00
7.237500000000000044e-01 0.000000000000000000e+00 1.143057374999999931e+00 1.143057374999999931e+00 1.022247749999999789e+00
7.312499999999999556e-01 7.987500000000000351e-05 1.136978374999999986e+00 1.136978374999999986e+00 1.019519124999999971e+00
7.387500000000000178e-01 3.130000000000000187e-04 1.132253124999999860e+00 1.132253124999999860e+00 1.017201499999999870e+00
7.462499999999999689e-01 1.226750000000000193e-03 1.130563624999999961e+00 1.130563624999999961e+00 1.014471125000000029e+00
7.537500000000000311e-01 4.584374999999999908e-03 1.123708250000000186e+00 1.123708250000000186e+00 1.012181624999999974e+00
7.612499999999999822e-01 1.355724999999999986e-02 1.118541374999999949e+00 1.118541374999999949e+00 1.009908374999999969e+00
7.687500000000000444e-01 3.496899999999999314e-02 1.115058499999999952e+00 1.115058499999999952e+00 1.007526874999999933e+00
7.762499999999999956e-01 7.305787499999999435e-02 1.111896875000000007e+00 1.111896875000000007e+00 1.004907500000000065e+00
7.837499999999999467e-01 1.525777500000000120e-01 1.108538875000000035e+00 1.108538875000000035e+00 1.003124750000000009e+00
7.912500000000000089e-01 2.656391249999999760e-01 1.104436500000000043e+00 1.104436500000000043e+00 1.001210249999999968e+00
7.987499999999999600e-01 4.166768750000000021e-01 1.099256374999999952e+00 1.099256374999999952e+00 9.995746249999999389e-01
8.062500000000000222e-01 6.166599999999999859e-01 1.090178749999999974e+00 1.090178749999999974e+00 9.978488749999999685e-01
8.137499999999999734e-01 8.581743749999999338e-01 1.087923624999999950e+00 1.087923624999999950e+00 9.963742499999999058e-01
8.212500000000000355e-01 1.106757500000000061e+00 1.084458124999999828e+00 1.084458124999999828e+00 9.942048749999999879e-01
8.287499999999999867e-01 1.361846249999999925e+00 1.077125250000000145e+00 1.077125250000000145e+00 9.927321249999999653e-01
8.362500000000000488e-01 1.619065250000000233e+00 1.071290250000000110e+00 1.071290250000000110e+00 9.916032500000000471e-01
8.437500000000000000e-01 1.849690500000000126e+00 1.067004999999999981e+00 1.067004999999999981e+00 9.902883750000001095e-01
8.512499999999999512e-01 2.053116625000000361e+00 1.059619124999999995e+00 1.059619124999999995e+00 9.885425000000001017e-01
8.587500000000000133e-01 2.188737500000000225e+00 1.053870249999999897e+00 1.053870249999999897e+00 9.880979999999999208e-01
8.662499999999999645e-01 2.293881750000000608e+00 1.049842999999999860e+00 1.049842999999999860e+00 9.869935000000000791e-01
8.737500000000000266e-01 2.350421874999999883e+00 1.043869249999999749e+00 1.043869249999999749e+00 9.861495000000000122e-01
8.812499999999999778e-01 2.384809874999999746e+00 1.038017874999999979e+00 1.038017874999999979e+00 9.848594999999999988e-01
8.887500000000000400e-01 2.363595624999999867e+00 1.035418124999999856e+00 1.035418124999999856e+00 9.842607500000000176e-01
8.962499999999999911e-01 2.315007500000000107e+00 1.029866249999999983e+00 1.029866249999999983e+00 9.835886249999998832e-01
9.037500000000000533e-01 2.268849875000000349e+00 1.025417374999999964e+00 1.025417374999999964e+00 9.834816250000000259e-01
9.112500000000000044e-01 2.199672624999999826e+00 1.020969625000000214e+00 1.020969625000000214e+00 9.835128750000000641e-01
9.187499999999999556e-01 2.078671500000000005e+00 1.016765499999999989e+00 1.016765499999999989e+00 9.823663750000000139e-01
9.262500000000000178e-01 2.001597625000000047e+00 1.012040000000000051e+00 1.012040000000000051e+00 9.819696250000000681e-01
9.337499999999999689e-01 1.899395250000000201e+00 1.010144750000000036e+00 1.010144750000000036e+00 9.821317500000000811e-01
9.412500000000000311e-01 1.807798000000000016e+00 1.005437124999999821e+00 1.005437124999999821e+00 9.818623750000000650e-01
9.487499999999999822e-01 1.725679249999999998e+00 1.001690500000000039e+00 1.001690500000000039e+00 9.817783750000000920e-01
9.562500000000000444e-01 1.635117499999999779e+00 9.971357499999999874e-01 9.971357499999999874e-01 9.821251250000000432e-01
9.637499999999999956e-01 1.534696625000000036e+00 9.960240000000000204e-01 9.960240000000000204e-01 9.824841249999999304e-01
9.712499999999999467e-01 1.470891749999999831e+00 9.922523750000000753e-01 9.922523750000000753e-01 9.823071249999999477e-01
9.787500000000000089e-01 1.394012750000000134e+00 9.898788750000000469e-01 9.898788750000000469e-01 9.826429999999999332e-01
9.862499999999999600e-01 1.320522124999999658e+00 9.866995000000000626e-01 9.866995000000000626e-01 9.831529999999999436e-01
9.937500000000000222e-01 1.255698500000000273e+00 9.850797499999999207e-01 9.850797499999999207e-01 9.836437499999999279e-01
1.001249999999999973e+00 1.222731125000000141e+00 9.811867499999999964e-01 9.811867499999999964e-01 9.843374999999999764e-01
1.008750000000000036e+00 1.169957249999999949e+00 9.802690000000000570e-01 9.802690000000000570e-01 9.855502499999998500e-01
1.016250000000000098e+00 1.147501624999999859e+00 9.779831250000000642e-01 9.779831250000000642e-01 9.859311250000000193e-01
1.023749999999999938e+00 1.104065124999999981e+00 9.758318750000000152e-01 9.758318750000000152e-01 9.870831250000000612e-01
1.031250000000000000e+00 1.064215250000000168e+00 9.730877500000000291e-01 9.730877500000000291e-01 9.880938750000000104e-01
1.038750000000000062e+00 1.040395125000000087e+00 9.714677499999998522e-01 9.714677499999998522e-01 9.890452499999999869e-01
1.046249999999999902e+00 1.035674374999999925e+00 9.697673749999999870e-01 9.697673749999999870e-01 9.898272500000000473e-01
1.053749999999999964e+00 1.026367625000000006e+00 9.685553750000001072e-01 9.685553750000001072e-01 9.912631250000000227e-01
1.061250000000000027e+00 9.967471249999999561e-01 9.656128749999999261e-01 9.656128749999999261e-01 9.922261249999999588e-01
1.068750000000000089e+00 9.902458750000001642e-01 9.646254999999999136e-01 9.646254999999999136e-01 9.930893750000000519e-01
1.076249999999999929e+00 9.829436250000000985e-01 9.647295000000000176e-01 9.647295000000000176e-01 9.942667500000000880e-01
1.083749999999999991e+00 9.783654999999999990e-01 9.624908749999999680e-01 9.624908749999999680e-01 9.953022500000000550e-01
1.091250000000000053e+00 9.739633750000000756e-01 9.615257499999999569e-01 9.615257499999999569e-01 9.961001250000000029e-01
1.098749999999999893e+00 9.739756250000000115e-01 9.607689999999999841e-01 9.607689999999999841e-01 9.970711250000000581e-01
1.106249999999999956e+00 9.632216249999999702e-01 9.598259999999999570e-01 9.598259999999999570e-01 9.982143749999999871e-01
1.113750000000000018e+00 9.673658750000000417e-01 9.592612499999999542e-01 9.592612499999999542e-01 9.983737500000000598e-01
1.121250000000000080e+00 9.653359999999999719e-01 9.590786249999998514e-01 9.590786249999998514e-01 9.993663750000000290e-01
1.128749999999999920e+00 9.626042499999999391e-01 9.584931250000000569e-01 9.584931250000000569e-01 1.000468749999999796e+00
1.136249999999999982e+00 9.635976249999999022e-01 9.569410000000001526e-01 9.569410000000001526e-01 1.000782875000000072e+00
1.143750000000000044e+00 9.620012500000001410e-01 9.579767500000000435e-01 9.579767500000000435e-01 1.001428125000000113e+00
1.151250000000000107e+00 9.672911250000000294e-01 9.573276250000000154e-01 9.573276250000000154e-01 1.002054624999999977e+00
1.158749999999999947e+00 9.620607500000000201e-01 9.573786250000000386e-01 9.573786250000000386e-01 1.002315874999999856e+00
1.166250000000000009e+00 9.619699999999999918e-01 9.579923749999998961e-01 9.579923749999998961e-01 1.002816500000000000e+00
1.173750000000000071e+00 9.521332499999998200e-01 9.580580000000000762e-01 9.580580000000000762e-01 1.003184249999999889e+00
1.181249999999999911e+00 9.624502500000000627e-01 9.597666250000000954e-01 9.597666250000000954e-01 1.003525750000000105e+00
1.188749999999999973e+00 9.564476250000001345e-01 9.596801249999999950e-01 9.596801249999999950e-01 1.003609625000000172e+00
1.196250000000000036e+00 9.453872500000000123e-01 9.589432499999999138e-01 9.589432499999999138e-01 1.003930499999999837e+00
1.203750000000000098e+00 9.467566249999999073e-01 9.610575000000000090e-01 9.610575000000000090e-01 1.004113125000000162e+00
1.211249999999999938e+00 9.385608749999999612e-01 9.614007500000001372e-01 9.614007500000001372e-01 1.004349874999999948e+00
1.218750000000000000e+00 9.375087500000000018e-01 9.624371249999998934e-01 9.624371249999998934e-01 1.004270249999999809e+00
1.226250000000000062e+00 9.381724999999999648e-01 9.636518750000000466e-01 9.636518750000000466e-01 1.004746499999999987e+00
1.233749999999999902e+00 9.341221250000000254e-01 9.655705000000001093e-01 9.655705000000001093e-01 1.004696749999999916e+00
1.241249999999999964e+00 9.350896250000001464e-01 9.651332500000000536e-01 9.651332500000000536e-01 1.004713125000000096e+00
1.248750000000000027e+00 9.301616249999999919e-01 9.685966249999998778e-01 9.685966249999998778e-01 1.004860749999999969e+00
1.256250000000000089e+00 9.336441250000000469e-01 9.694807500000000022e-01 9.694807500000000022e-01 1.004973499999999742e+00
1.263749999999999929e+00 9.236914999999998876e-01 9.709042499999999132e-01 9.709042499999999132e-01 1.004877999999999938e+00
1.271249999999999991e+00 9.154404999999999903e-01 9.722944999999999505e-01 9.722944999999999505e-01 1.004667624999999953e+00
1.278750000000000053e+00 9.219154999999998878e-01 9.741711249999999156e-01 9.741711249999999156e-01 1.004967500000000014e+00
1.286249999999999893e+00 9.142409999999999703e-01 9.773052500000000142e-01 9.773052500000000142e-01 1.005148125000000059e+00
1.293749999999999956e+00 9.184678749999999336e-01 9.790206249999999777e-01 9.790206249999999777e-01 1.004816749999999814e+00
1.301250000000000018e+00 9.082638749999999428e-01 9.807516250000001268e-01 9.807516250000001268e-01 1.004790250000000107e+00
1.308750000000000080e+00 9.091266249999999660e-01 9.847168749999999360e-01 9.847168749999999360e-01 1.004699500000000079e+00
1.316249999999999920e+00 9.088263750000000751e-01 9.862110000000000598e-01 9.862110000000000598e-01 1.004815499999999862e+00
1.323749999999999982e+00 9.155899999999999039e-01 9.875418750000001245e-01 9.875418750000001245e-01 1.004823624999999998e+00
1.331250000000000044e+00 9.194452499999999917e-01 9.907852500000000617e-01 9.907852500000000617e-01 1.004356374999999968e+00
1.338750000000000107e+00 9.160574999999999690e-01 9.920971249999999131e-01 9.920971249999999131e-01 1.004634374999999968e+00
1.346249999999999947e+00 9.215694999999999304e-01 9.946894999999998932e-01 9.946894999999998932e-01 1.004708375000000098e+00
1.353750000000000009e+00 9.115030000000000632e-01 9.973329999999999140e-01 9.973329999999999140e-01 1.004520124999999986e+00
1.361250000000000071e+00 9.232624999999998749e-01 9.994971249999999863e-01 9.994971249999999863e-01 1.003997625000000227e+00
1.368749999999999911e+00 9.099582500000000795e-01 1.001008374999999839e+00 1.001008374999999839e+00 1.004115625000000067e+00
1.376249999999999973e+00 9.186886249999999254e-01 1.004054375000000165e+00 1.004054375000000165e+00 1.003996749999999993e+00
1.383750000000000036e+00 9.185913749999998767e-01 1.006005999999999956e+00 1.006005999999999956e+00 1.003749624999999979e+00
1.391250000000000098e+00 9.128171250000000070e-01 1.006553625000000007e+00 1.006553625000000007e+00 1.004152874999999945e+00
1.398749999999999938e+00 9.214299999999999713e-01 1.010040875000000060e+00 1.010040875000000060e+00 1.003638249999999843e+00
1.406250000000000000e+00 9.113253749999999931e-01 1.010865374999999844e+00 1.010865374999999844e+00 1.003492124999999957e+00
1.413750000000000062e+00 9.179391249999999669e-01 1.012519750000000052e+00 1.012519750000000052e+00 1.003349250000000081e+00
1.421249999999999902e+00 9.251242499999999813e-01 1.012716500000000019e+00 1.012716500000000019e+00 1.003114999999999979e+00
1.428749999999999964e+00 9.254354999999999665e-01 1.014792875000000150e+00 1.014792875000000150e+00 1.003172749999999835e+00
1.436250000000000027e+00 9.285673749999999727e-01 1.014990000000000059e+00 1.014990000000000059e+00 1.002645374999999950e+00
1.443750000000000089e+00 9.275280000000000191e-01 1.016254250000000248e+00 1.016254250000000248e+00 1.002640249999999789e+00
1.451249999999999929e+00 9.347118749999999698e-01 1.016192750000000089e+00 1.016192750000000089e+00 1.002533250000000153e+00
1.458749999999999991e+00 9.349172500000000330e-01 1.016541499999999987e+00 1.016541499999999987e+00 1.002469999999999972e+00
1.466250000000000053e+00 9.417227499999999418e-01 1.016238500000000045e+00 1.016238500000000045e+00 1.001918375000000028e+00
1.473749999999999893e+00 9.309038749999999363e-01 1.015277250000000020e+00 1.015277250000000020e+00 1.002102249999999861e+00
1.481249999999999956e+00 9.442699999999999427e-01 1.015736125000000101e+00 1.015736125000000101e+00 1.001743250000000085e+00
1.488750000000000018e+00 9.446630000000000305e-01 1.015559624999999855e+00 1.015559624999999855e+00 1.001641750000000108e+00
1.496250000000000080e+00 9.439896249999999434e-01 1.016059374999999987e+00 1.016059374999999987e+00 1.001327500000000148e+00
1.503749999999999920e+00 9.497593749999999613e-01 1.015218750000000059e+00 1.015218750000000059e+00 1.001315499999999803e+00
1.511249999999999982e+00 9.600800000000000445e-01 1.014612500000000139e+00 1.014612500000000139e+00 1.001177999999999901e+00
1.518750000000000044e+00 9.534721250000000037e-01 1.014110749999999950e+00 1.014110749999999950e+00 1.001253374999999890e+00
1.526250000000000107e+00 9.673483750000000381e-01 1.013176999999999994e+00 1.013176999999999994e+00 1.000572875000000028e+00
1.533749999999999947e+00 9.617409999999999570e-01 1.013316625000000082e+00 1.013316625000000082e+00 1.000596374999999982e+00
1.541250000000000009e+00 9.692462499999998649e-01 1.013116749999999788e+00 1.013116749999999788e+00 1.000427500000000025e+00
1.548750000000000071e+00 9.736418749999999900e-01 1.012478374999999930e+00 1.012478374999999930e+00 1.000204124999999999e+00
1.556249999999999911e+00 9.818748750000001468e-01 1.012194375000000202e+00 1.012194375000000202e+00 1.000221999999999944e+00
1.563749999999999973e+00 9.757093749999999899e-01 1.011253874999999969e+00 1.011253874999999969e+00 1.000158625000000079e+00
1.571250000000000036e+00 9.732486249999999783e-01 1.010102499999999903e+00 1.010102499999999903e+00 9.997551250000000778e-01
1.578750000000000098e+00 9.834161249999999743e-01 1.010410124999999937e+00 1.010410124999999937e+00 9.997596250000000406e-01
1.586249999999999938e+00 9.875445000000000473e-01 1.009764125000000012e+00 1.009764125000000012e+00 9.993921249999999645e-01
1.593750000000000000e+00 9.981584999999999486e-01 1.009669874999999939e+00 1.009669874999999939e+00 9.995327500000000809e-01
1.601250000000000062e+00 9.991048749999998924e-01 1.008746625000000119e+00 1.008746625000000119e+00 9.995551249999999888e-01
1.608749999999999902e+00 1.007496875000000180e+00 1.007935874999999815e+00 1.007935874999999815e+00 9.994298749999999121e-01
1.616249999999999964e+00 1.008531499999999914e+00 1.007465999999999973e+00 1.007465999999999973e+00 9.990485000000000060e-01
1.623750000000000027e+00 1.005649500000000085e+00 1.005876250000000027e+00 1.005876250000000027e+00 9.992636249999999887e-01
1.631250000000000089e+00 1.009854250000000064e+00 1.006726749999999893e+00 1.006726749999999893e+00 9.989746250000001160e-01
1.638749999999999929e+00 1.022589124999999877e+00 1.006229250000000075e+00 1.006229250000000075e+00 9.991311250000000088e-01
1.646249999999999991e+00 1.021958499999999992e+00 1.005902749999999957e+00 1.005902749999999957e+00 9.990725000000000300e-01
1.653750000000000053e+00 1.025590375000000165e+00 1.004680374999999959e+00 1.004680374999999959e+00 9.988137499999999447e-01
1.661249999999999893e+00 1.043643250000000133e+00 1.004322249999999972e+00 1.004322249999999972e+00 9.989098749999998361e-01
1.668749999999999956e+00 1.039987374999999936e+00 1.004180875000000084e+00 1.004180875000000084e+00 9.987840000000000051e-01
1.676250000000000018e+00 1.049499624999999936e+00 1.004953124999999892e+00 1.004953124999999892e+00 9.986536249999999892e-01
1.683750000000000080e+00 1.044945250000000048e+00 1.003883124999999987e+00 1.003883124999999987e+00 9.985133749999999253e-01
1.691249999999999920e+00 1.051581375000000040e+00 1.003529375000000057e+00 1.003529375000000057e+00 9.984714999999999563e-01
1.698749999999999982e+00 1.047109999999999985e+00 1.003006375000000006e+00 1.003006375000000006e+00 9.985776250000000243e-01
1.706250000000000044e+00 1.047077124999999942e+00 1.002733250000000131e+00 1.002733250000000131e+00 9.986824999999999175e-01
1.713750000000000107e+00 1.046422874999999975e+00 1.001363875000000014e+00 1.001363875000000014e+00 9.985130000000000949e-01
1.721249999999999947e+00 1.051505249999999947e+00 1.001560374999999947e+00 1.001560374999999947e+00 9.986091250000000974e-01
1.728750000000000009e+00 1.048401750000000021e+00 1.001613375000000028e+00 1.001613375000000028e+00 9.984977499999999617e-01
1.736250000000000071e+00 1.048216250000000072e+00 1.000708500000000001e+00 1.000708500000000001e+00 9.985391250000000829e-01
1.743749999999999911e+00 1.049652625000000006e+00 1.000589750000000056e+00 1.000589750000000056e+00 9.985928750000000464e-01
1.751249999999999973e+00 1.046403500000000042e+00 1.000764250000000022e+00 1.000764250000000022e+00 9.986213749999999223e-01
1.758750000000000036e+00 1.043516499999999958e+00 1.000328375000000047e+00 1.000328375000000047e+00 9.988616249999999752e-01
1.766250000000000098e+00 1.043008500000000005e+00 1.000125500000000001e+00 1.000125500000000001e+00 9.984116250000000248e-01
1.773749999999999938e+00 1.046624999999999917e+00 9.998678749999998505e-01 9.998678749999998505e-01 9.985232499999999733e-01
1.781250000000000000e+00 1.034869250000000074e+00 9.988331249999998773e-01 9.988331249999998773e-01 9.986289999999999889e-01
1.788750000000000062e+00 1.034816500000000028e+00 9.987472499999999753e-01 9.987472499999999753e-01 9.989383749999999340e-01
1.796249999999999902e+00 1.037759250000000133e+00 9.980894999999999628e-01 9.980894999999999628e-01 9.988808750000000014e-01
1.803749999999999964e+00 1.029475624999999894e+00 9.986582499999999696e-01 9.986582499999999696e-01 9.986836249999999637e-01
1.811250000000000027e+00 1.034008749999999921e+00 9.979686250000000536e-01 9.979686250000000536e-01 9.987353749999998698e-01
1.818750000000000089e+00 1.027305624999999889e+00 9.985008749999999544e-01 9.985008749999999544e-01 9.989884999999999460e-01
1.826249999999999929e+00 1.019679000000000002e+00 9.971926250000000547e-01 9.971926250000000547e-01 9.989042499999999380e-01
1.833749999999999991e+00 1.020675374999999940e+00 9.971373750000001035e-01 9.971373750000001035e-01 9.991499999999998716e-01
1.841250000000000053e+00 1.021949374999999938e+00 9.975643750000000587e-01 9.975643750000000587e-01 9.990546249999999739e-01
1.848749999999999893e+00 1.012175500000000117e+00 9.970252499999999740e-01 9.970252499999999740e-01 9.990778750000001152e-01
1.856249999999999956e+00 1.016107249999999906e+00 9.973784999999999457e-01 9.973784999999999457e-01 9.990400000000000391e-01
1.863750000000000018e+00 1.006101999999999830e+00 9.969633750000000960e-01 9.969633750000000960e-01 9.991551250000000328e-01
1.871250000000000080e+00 1.009503499999999887e+00 9.968964999999999632e-01 9.968964999999999632e-01 9.992438750000000036e-01
1.878749999999999920e+00 1.005016125000000038e+00 9.968460000000000099e-01 9.968460000000000099e-01 9.995406249999998494e-01
1.886249999999999982e+00 1.002068249999999994e+00 9.972538749999999563e-01 9.972538749999999563e-01 9.994719999999999160e-01
1.893750000000000044e+00 1.007945875000000102e+00 9.963758750000001330e-01 9.963758750000001330e-01 9.993350000000000843e-01
1.901250000000000107e+00 1.000777124999999934e+00 9.968183750000001453e-01 9.968183750000001453e-01 9.994243750000000315e-01
1.908749999999999947e+00 1.006218250000000092e+00 9.961720000000000574e-01 9.961720000000000574e-01 9.996238750000000506e-01
1.916250000000000009e+00 1.004020250000000170e+00 9.965697499999999209e-01 9.965697499999999209e-01 9.995424999999998894e-01
1.923750000000000071e+00 1.003302624999999892e+00 9.967273750000000820e-01 9.967273750000000820e-01 9.996869999999999923e-01
1.931249999999999911e+00 9.979633750000000969e-01 9.962459999999999649e-01 9.962459999999999649e-01 9.997656250000001021e-01
1.938749999999999973e+00 9.969138750000000604e-01 9.967626249999999022e-01 9.967626249999999022e-01 9.998248749999998353e-01
1.946250000000000036e+00 1.003989999999999938e+00 9.968042499999999473e-01 9.968042499999999473e-01 1.000099749999999954e+00
1.953750000000000098e+00 9.947526250000000569e-01 9.972320000000000073e-01 9.972320000000000073e-01 9.998377499999999696e-01
1.961249999999999938e+00 9.930536249999999399e-01 9.959452500000000041e-01 9.959452500000000041e-01 9.999909999999999632e-01
1.968750000000000000e+00 9.960336249999999225e-01 9.964619999999999589e-01 9.964619999999999589e-01 1.000126124999999977e+00
1.976250000000000062e+00 9.976933749999999934e-01 9.966011249999999766e-01 9.966011249999999766e-01 9.999377500000000696e-01
1.983749999999999902e+00 9.982578749999998502e-01 9.976019999999998777e-01 9.976019999999998777e-01 1.000144750000000027e+00
1.991249999999999964e+00 9.952966250000000459e-01 9.957391250000001692e-01 9.957391250000001692e-01 9.999724999999999309e-01
1.998750000000000027e+00 9.949378749999999716e-01 9.970587499999998826e-01 9.970587499999998826e-01 1.000173499999999827e+00
2.006250000000000089e+00 9.944616250000001267e-01 9.961123750000000499e-01 9.961123750000000499e-01 1.000216999999999912e+00
2.013749999999999929e+00 9.869307500000000788e-01 9.975302499999999517e-01 9.975302499999999517e-01 1.000170875000000237e+00
2.021250000000000213e+00 9.897372500000001239e-01 9.963137499999999980e-01 9.963137499999999980e-01 1.000088625000000064e+00
2.028750000000000053e+00 9.898506250000000950e-01 9.968122499999999553e-01 9.968122499999999553e-01 1.000288999999999984e+00
2.036249999999999893e+00 9.931586249999999616e-01 9.972740000000001048e-01 9.972740000000001048e-01 1.000269249999999888e+00
2.043750000000000178e+00 9.966880000000000184e-01 9.975852499999999790e-01 9.975852499999999790e-01 1.000314499999999995e+00
2.051250000000000018e+00 9.895653750000000803e-01 9.976926250000001106e-01 9.976926250000001106e-01 1.000249249999999979e+00
2.058749999999999858e+00 9.951928750000000878e-01 9.973761250000000578e-01 9.973761250000000578e-01 1.000033999999999867e+00
2.066250000000000142e+00 9.885313749999999899e-01 9.976444999999999341e-01 9.976444999999999341e-01 1.000372500000000109e+00
2.073749999999999982e+00 9.909555000000001002e-01 9.985958749999999107e-01 9.985958749999999107e-01 1.000495874999999923e+00
2.081249999999999822e+00 9.911798750000000435e-01 9.975286249999998356e-01 9.975286249999998356e-01 1.000229749999999918e+00
2.088750000000000107e+00 9.845151250000000465e-01 9.988458750000001052e-01 9.988458750000001052e-01 1.000260750000000032e+00
2.096249999999999947e+00 9.913975000000000426e-01 9.980626249999998700e-01 9.980626249999998700e-01 1.000165249999999784e+00
2.103749999999999787e+00 9.893293750000000664e-01 9.988652499999999268e-01 9.988652499999999268e-01 1.000300875000000200e+00
2.111250000000000071e+00 9.931278749999999933e-01 9.983213749999998443e-01 9.983213749999998443e-01 1.000301625000000083e+00
2.118749999999999911e+00 9.929198750000000073e-01 9.991219999999999546e-01 9.991219999999999546e-01 1.000313750000000113e+00
2.126250000000000195e+00 9.948808749999999979e-01 9.992205000000000670e-01 9.992205000000000670e-01 1.000160249999999973e+00
2.133750000000000036e+00 9.946984999999999300e-01 9.986496250000000963e-01 9.986496250000000963e-01 1.000465749999999820e+00
2.141249999999999876e+00 9.962545000000000428e-01 9.989257499999999457e-01 9.989257499999999457e-01 1.000290875000000135e+00
2.148750000000000160e+00 9.895062500000000316e-01 9.998389999999999223e-01 9.998389999999999223e-01 1.000641125000000020e+00
2.156250000000000000e+00 9.943530000000000424e-01 9.993101250000000491e-01 9.993101250000000491e-01 1.000288749999999949e+00
2.163749999999999840e+00 9.867421250000000255e-01 9.999582499999999374e-01 9.999582499999999374e-01 1.000424624999999956e+00
2.171250000000000124e+00 9.961043749999999308e-01 1.000396250000000098e+00 1.000396250000000098e+00 1.000246624999999723e+00
2.178749999999999964e+00 9.925863749999999097e-01 9.999295000000000266e-01 9.999295000000000266e-01 1.000298750000000014e+00
2.186249999999999805e+00 9.930237499999999828e-01 9.995698750000000521e-01 9.995698750000000521e-01 1.000173624999999955e+00
2.193750000000000089e+00 9.911962500000000009e-01 1.000249749999999826e+00 1.000249749999999826e+00 1.000253124999999965e+00
2.201249999999999929e+00 9.927457499999999824e-01 1.000589874999999962e+00 1.000589874999999962e+00 1.000187375000000101e+00
2.208750000000000213e+00 9.912405000000000799e-01 1.000000249999999813e+00 1.000000249999999813e+00 1.000252375000000082e+00
2.216250000000000053e+00 9.898627500000000135e-01 1.001150375000000148e+00 1.001150375000000148e+00 1.000155625000000104e+00
2.223749999999999893e+00 9.903208749999999894e-01 1.001530999999999949e+00 1.001530999999999949e+00 1.000065374999999923e+00
2.231250000000000178e+00 9.945153749999999793e-01 1.000930749999999980e+00 1.000930749999999980e+00 1.000320499999999946e+00
2.238750000000000018e+00 9.924123750000000133e-01 1.001339500000000049e+00 1.001339500000000049e+00 1.000237250000000078e+00
2.246249999999999858e+00 9.881572499999998760e-01 1.001211999999999991e+00 1.001211999999999991e+00 1.000096875000000107e+00
2.253750000000000142e+00 9.947306250000000905e-01 1.000674249999999876e+00 1.000674249999999876e+00 1.000156499999999893e+00
2.261249999999999982e+00 9.922430000000000971e-01 1.000855500000000120e+00 1.000855500000000120e+00 1.000084500000000043e+00
2.268749999999999822e+00 9.932095000000000784e-01 1.001628375000000126e+00 1.001628375000000126e+00 1.000213749999999902e+00
2.276250000000000107e+00 9.897242500000000831e-01 1.001314250000000072e+00 1.001314250000000072e+00 1.000091250000000098e+00
2.283749999999999947e+00 9.888013750000000934e-01 1.001388124999999851e+00 1.001388124999999851e+00 1.000091875000000075e+00
2.291249999999999787e+00 9.922449999999999326e-01 1.001050875000000007e+00 1.001050875000000007e+00 1.000114874999999959e+00
2.298750000000000071e+00 9.919541250000001309e-01 1.001332625000000087e+00 1.001332625000000087e+00 1.000096249999999909e+00
2.306249999999999911e+00 9.966557499999999514e-01 1.000706625000000072e+00 1.000706625000000072e+00 9.999095000000000066e-01
2.313750000000000195e+00 9.915609999999999147e-01 1.001060749999999944e+00 1.001060749999999944e+00 1.000031874999999904e+00
2.321250000000000036e+00 9.948394999999999877e-01 1.001086125000000049e+00 1.001086125000000049e+00 1.000200124999999884e+00
2.328749999999999876e+00 9.950161249999999180e-01 1.001069124999999893e+00 1.001069124999999893e+00 9.999702499999999494e-01
2.336250000000000160e+00 9.945288749999999789e-01 1.001951750000000141e+00 1.001951750000000141e+00 1.000007124999999997e+00
2.343750000000000000e+00 1.000066750000000004e+00 1.001482374999999925e+00 1.001482374999999925e+00 9.999356249999999946e-01
2.351249999999999840e+00 9.982923750000001206e-01 1.001721250000000119e+00 1.001721250000000119e+00 1.000064749999999947e+00
2.358750000000000124e+00 9.969886249999999617e-01 1.000750875000000040e+00 1.000750875000000040e+00 9.997825000000001294e-01
2.366249999999999964e+00 9.967642500000000183e-01 1.001629875000000114e+00 1.001629875000000114e+00 9.998521250000000915e-01
2.373749999999999805e+00 9.990156249999999627e-01 1.000762249999999964e+00 1.000762249999999964e+00 9.999455000000000426e-01
2.381250000000000089e+00 1.003350125000000093e+00 1.000775999999999888e+00 1.000775999999999888e+00 9.996917499999999901e-01
2.388749999999999929e+00 9.979348750000001100e-01 1.001719124999999933e+00 1.001719124999999933e+00 9.999587500000000073e-01
2.396250000000000213e+00 1.003893249999999959e+00 1.001398750000000115e+00 1.001398750000000115e+00 9.997506250000000039e-01
2.403750000000000053e+00 1.000779249999999898e+00 1.000872750000000089e+00 1.000872750000000089e+00 9.998149999999998983e-01
2.411249999999999893e+00 9.931824999999999681e-01 1.000808625000000118e+00 1.000808625000000118e+00 9.998837500000000711e-01
2.418750000000000178e+00 9.964184999999999848e-01 1.000571000000000099e+00 1.000571000000000099e+00 9.998298750000000901e-01
2.426250000000000018e+00 1.005079374999999997e+00 1.001024250000000171e+00 1.001024250000000171e+00 9.998846250000000824e-01
2.433749999999999858e+00 9.995934999999999127e-01 1.000938749999999988e+00 1.000938749999999988e+00 9.999597500000001471e-01
2.441250000000000142e+00 1.003047499999999870e+00 1.000239749999999983e+00 1.000239749999999983e+00 9.997949999999998782e-01
2.448749999999999982e+00 1.003534750000000031e+00 1.001013125000000059e+00 1.001013125000000059e+00 9.997271250000000498e-01
2.456249999999999822e+00 1.001265750000000176e+00 1.000285124999999997e+00 1.000285124999999997e+00 9.998529999999999918e-01
2.463750000000000107e+00 1.002283625000000011e+00 1.000529875000000013e+00 1.000529875000000013e+00 9.998571249999999022e-01
2.471249999999999947e+00 1.003907249999999918e+00 1.000087249999999983e+00 1.000087249999999983e+00 9.997987499999999583e-01
2.478749999999999787e+00 1.004394624999999985e+00 1.000166375000000052e+00 1.000166375000000052e+00 9.999870000000000703e-01
2.486250000000000071e+00 1.006971625000000037e+00 1.000446750000000051e+00 1.000446750000000051e+00 9.997818749999999310e-01
2.493749999999999911e+00 1.002372374999999982e+00 9.999530000000000918e-01 9.999530000000000918e-01 9.997612500000001567e-01
2.501250000000000195e+00 1.002621874999999996e+00 1.000289624999999960e+00 1.000289624999999960e+00 9.997692499999999427e-01
2.508750000000000036e+00 1.003108250000000146e+00 1.000773624999999889e+00 1.000773624999999889e+00 9.997304999999999664e-01
2.516249999999999876e+00 1.002417874999999903e+00 9.998218749999998600e-01 9.998218749999998600e-01 9.998812499999999437e-01
2.523750000000000160e+00 1.000397375000000144e+00 1.000205250000000046e+00 1.000205250000000046e+00 9.998091250000000763e-01
2.531250000000000000e+00 9.988493750000000393e-01 1.000317874999999912e+00 1.000317874999999912e+00 9.997706250000000239e-01
2.538749999999999840e+00 1.004271750000000019e+00 1.000201249999999931e+00 1.000201249999999931e+00 9.999097500000000416e-01
2.546250000000000124e+00 1.002006124999999859e+00 1.000310999999999950e+00 1.000310999999999950e+00 9.997509999999999453e-01
2.553749999999999964e+00 1.005727625000000014e+00 9.995328750000000984e-01 9.995328750000000984e-01 9.996943749999999129e-01
2.561249999999999805e+00 1.000822875000000112e+00 1.000113625000000006e+00 1.000113625000000006e+00 9.998220000000000995e-01
2.568750000000000089e+00 1.002726250000000041e+00 9.998674999999999091e-01 9.998674999999999091e-01 9.998550000000000493e-01
2.576249999999999929e+00 1.000743750000000043e+00 9.997474999999999001e-01 9.997474999999999001e-01 9.997603749999999234e-01
2.583750000000000213e+00 1.003109875000000040e+00 9.995568750000000113e-01 9.995568750000000113e-01 1.000032999999999950e+00
2.591250000000000053e+00 1.001743750000000155e+00 9.998562500000001130e-01 9.998562500000001130e-01 9.998748750000000518e-01
2.598749999999999893e+00 9.996625000000001204e-01 9.997300000000000075e-01 9.997300000000000075e-01 9.995699999999999585e-01
2.606250000000000178e+00 1.002064124999999972e+00 9.998718749999999655e-01 9.998718749999999655e-01 9.998764999999999459e-01
2.613750000000000018e+00 1.001971749999999828e+00 9.999921250000000095e-01 9.999921250000000095e-01 9.998217499999999536e-01
2.621249999999999858e+00 1.001963500000000007e+00 9.998810000000000198e-01 9.998810000000000198e-01 9.998270000000001323e-01
2.628750000000000142e+00 1.003131499999999843e+00 9.998274999999999801e-01 9.998274999999999801e-01 9.998659999999999215e-01
2.636249999999999982e+00 1.006702749999999869e+00 9.992853749999999202e-01 9.992853749999999202e-01 9.999557499999999211e-01
2.643749999999999822e+00 9.968451250000001096e-01 9.999353750000000707e-01 9.999353750000000707e-01 9.999568749999998563e-01
2.651250000000000107e+00 1.004929500000000031e+00 9.989907500000000384e-01 9.989907500000000384e-01 9.999774999999999636e-01
2.658749999999999947e+00 9.993225000000000025e-01 1.000131125000000010e+00 1.000131125000000010e+00 9.998915000000000441e-01
2.666249999999999787e+00 1.005420500000000050e+00 9.994873749999999557e-01 9.994873749999999557e-01 9.999067499999999553e-01
2.673750000000000071e+00 9.980083750000000586e-01 1.000128750000000011e+00 1.000128750000000011e+00 9.998312500000001712e-01
2.681249999999999911e+00 1.001644624999999955e+00 1.000235374999999927e+00 1.000235374999999927e+00 9.998726250000000704e-01
2.688750000000000195e+00 9.990648749999999634e-01 9.988713750000000058e-01 9.988713750000000058e-01 9.999087500000000128e-01
2.696250000000000036e+00 1.001567124999999780e+00 9.995062499999999295e-01 9.995062499999999295e-01 9.999525000000000219e-01
2.703749999999999876e+00 1.000726124999999911e+00 9.994963749999999925e-01 9.994963749999999925e-01 9.999288749999999393e-01
2.711250000000000160e+00 1.001441499999999873e+00 9.995823749999999119e-01 9.995823749999999119e-01 9.999588750000000248e-01
2.718750000000000000e+00 1.001556124999999797e+00 9.993511249999998958e-01 9.993511249999998958e-01 9.999406250000000274e-01
2.726249999999999840e+00 1.001131499999999841e+00 9.998468750000000238e-01 9.998468750000000238e-01 9.999245000000001049e-01
2.733750000000000124e+00 9.979941250000000652e-01 9.993317500000000742e-01 9.993317500000000742e-01 1.000043875000000249e+00
2.741249999999999964e+00 9.993537499999998186e-01 9.997607500000000869e-01 9.997607500000000869e-01 9.999446249999999203e-01
2.748749999999999805e+00 1.000892500000000185e+00 9.996968750000000403e-01 9.996968750000000403e-01 1.000031249999999927e+00
2.756250000000000089e+00 1.001298124999999928e+00 9.992948750000000269e-01 9.992948750000000269e-01 9.998831249999999837e-01
2.763749999999999929e+00 9.996389999999999443e-01 9.991442499999999560e-01 9.991442499999999560e-01 9.999171250000000732e-01
2.771250000000000213e+00 9.981829999999999314e-01 9.993021249999999300e-01 9.993021249999999300e-01 9.998601250000000995e-01
2.778750000000000053e+00 9.971263750000001203e-01 9.990495000000000347e-01 9.990495000000000347e-01 1.000010124999999972e+00
2.786249999999999893e+00 9.984867499999999785e-01 9.999165000000000969e-01 9.999165000000000969e-01 1.000009250000000183e+00
2.793750000000000178e+00 9.958188750000001033e-01 9.992186250000000269e-01 9.992186250000000269e-01 9.999136250000001391e-01
2.801250000000000018e+00 9.983349999999999724e-01 9.991957500000000492e-01 9.991957500000000492e-01 1.000081125000000126e+00
2.808749999999999858e+00 9.960357500000001085e-01 9.993552499999999172e-01 9.993552499999999172e-01 1.000061625000000065e+00
2.816250000000000142e+00 1.002344750000000007e+00 9.993098750000000141e-01 9.993098750000000141e-01 9.999644999999999229e-01
2.823749999999999982e+00 9.985372500000000429e-01 9.994522499999999310e-01 9.994522499999999310e-01 9.999799999999999800e-01
2.831249999999999822e+00 9.972119999999999873e-01 9.998157500000000031e-01 9.998157500000000031e-01 9.999018749999999400e-01
2.838750000000000107e+00 9.987318750000001577e-01 9.989277500000000032e-01 9.989277500000000032e-01 1.000117874999999934e+00
2.846249999999999947e+00 9.995367499999999739e-01 9.995579999999999465e-01 9.995579999999999465e-01 1.000012250000000158e+00
2.853749999999999787e+00 9.986257499999998677e-01 9.999407500000000448e-01 9.999407500000000448e-01 9.999373749999997951e-01
2.861250000000000071e+00 1.003265249999999886e+00 9.995188750000001399e-01 9.995188750000001399e-01 9.999217499999999426e-01
2.868749999999999911e+00 1.002975999999999868e+00 9.997891249999999452e-01 9.997891249999999452e-01 1.000124250000000048e+00
2.876250000000000195e+00 9.964051250000000026e-01 9.994333750000000682e-01 9.994333750000000682e-01 9.999246250000000114e-01
2.883750000000000036e+00 9.993005000000000360e-01 9.995461249999999520e-01 9.995461249999999520e-01 1.000062000000000006e+00
2.891249999999999876e+00 9.995882500000000670e-01 9.996830000000002103e-01 9.996830000000002103e-01 9.999561249999999735e-01
2.898750000000000160e+00 9.993209999999999038e-01 9.997201250000001815e-01 9.997201250000001815e-01 9.999770000000000048e-01
2.906250000000000000e+00 1.000342374999999784e+00 9.989547500000000024e-01 9.989547500000000024e-01 9.998912500000001202e-01
2.913749999999999840e+00 9.986192499999999583e-01 9.995881250000000495e-01 9.995881250000000495e-01 1.000122874999999967e+00
2.921250000000000124e+00 9.997924999999999729e-01 9.997138749999998630e-01 9.997138749999998630e-01 1.000063874999999936e+00
2.928749999999999964e+00 9.968886249999999727e-01 9.996457499999998886e-01 9.996457499999998886e-01 9.999373750000000172e-01
2.936249999999999805e+00 1.002039499999999972e+00 9.995821250000000990e-01 9.995821250000000990e-01 9.999913749999999046e-01
2.943750000000000089e+00 1.001098749999999926e+00 9.995556249999999476e-01 9.995556249999999476e-01 9.999291250000000852e-01
2.951249999999999929e+00 9.983063749999999681e-01 9.996027500000000954e-01 9.996027500000000954e-01 9.999678750000000615e-01
2.958750000000000213e+00 1.001045874999999974e+00 9.997071249999999187e-01 9.997071249999999187e-01 9.999762499999998999e-01
2.966250000000000053e+00 9.969267500000000837e-01 1.000382500000000174e+00 1.000382500000000174e+00 9.999394999999999811e-01
2.973749999999999893e+00 9.974523749999999467e-01 9.996941249999999890e-01 9.996941249999999890e-01 1.000003500000000045e+00
2.981250000000000178e+00 1.002389624999999951e+00 1.000017874999999945e+00 1.000017874999999945e+00 9.999556250000001256e-01
2.988750000000000018e+00 9.983830000000000204e-01 9.998675000000001312e-01 9.998675000000001312e-01 1.000048749999999931e+00
2.996249999999999858e+00 9.954983749999999354e-01 1.000139374999999831e+00 1.000139374999999831e+00 1.000068249999999992e+00
