3.749999999999999861e-03 0.000000000000000000e+00 0.000000000000000000e+00 0.000000000000000000e+00 0.000000000000000000e+00
1.124999999999999958e-02 0.000000000000000000e+00 0.000000000000000000e+00 0.000000000000000000e+00 0.000000000000000000e+00
1.874999999999999931e-02 0.000000000000000000e+00 0.000000000000000000e+00 0.000000000000000000e+00 0.000000000000000000e+00
2.624999999999999903e-02 0.000000000000000000e+00 0.000000000000000000e+00 0.000000000000000000e+00 0.000000000000000000e+00
3.375000000000000222e-02 0.000000000000000000e+00 0.000000000000000000e+00 0.000000000000000000e+00 0.000000000000000000e+00
4.125000000000000194e-02 0.000000000000000000e+00 0.000000000000000000e+00 0.000000000000000000e+00 0.000000000000000000e+00
4.875000000000000167e-02 0.000000000000000000e+00 0.000000000000000000e+00 0.000000000000000000e+00 0.000000000000000000e+00
5.625000000000000139e-02 0.000000000000000000e+00 0.000000000000000000e+00 0.000000000000000000e+00 0.000000000000000000e+00
6.375000000000000111e-02 0.000000000000000000e+00 0.000000000000000000e+00 0.000000000000000000e+00 0.000000000000000000e+00
7.124999999999999389e-02 0.000000000000000000e+00 0.000000000000000000e+00 0.000000000000000000e+00 0.000000000000000000e+00
7.875000000000000056e-02 0.000000000000000000e+00 0.000000000000000000e+00 0.000000000000000000e+00 0.000000000000000000e+00
8.624999999999999334e-02 0.000000000000000000e+00 0.000000000000000000e+00 0.000000000000000000e+00 0.000000000000000000e+00
9.375000000000000000e-02 0.000000000000000000e+00 0.000000000000000000e+00 0.000000000000000000e+00 0.000000000000000000e+00
1.012500000000000067e-01 0.000000000000000000e+00 0.000000000000000000e+00 0.000000000000000000e+00 0.000000000000000000e+00
1.087499999999999994e-01 0.000000000000000000e+00 0.000000000000000000e+00 0.000000000000000000e+00 0.000000000000000000e+00
1.162500000000000061e-01 0.000000000000000000e+00 0.000000000000000000e+00 0.000000000000000000e+00 0.000000000000000000e+00
1.237499999999999989e-01 0.000000000000000000e+00 0.000000000000000000e+00 0.000000000000000000e+00 0.000000000000000000e+00
1.312500000000000056e-01 0.000000000000000000e+00 0.000000000000000000e+00 0.000000000000000000e+00 0.000000000000000000e+00
1.387500000000000122e-01 0.000000000000000000e+00 0.000000000000000000e+00 0.000000000000000000e+00 0.000000000000000000e+00
1.462499999999999911e-01 0.000000000000000000e+00 0.000000000000000000e+00 0.000000000000000000e+00 0.000000000000000000e+00
1.537499999999999978e-01 0.000000000000000000e+00 0.000000000000000000e+00 0.000000000000000000e+00 5.912500000000000736e-05
1.612500000000000044e-01 0.000000000000000000e+00 0.000000000000000000e+00 0.000000000000000000e+00 6.601624999999999854e-03
1.687500000000000111e-01 0.000000000000000000e+00 0.000000000000000000e+00 0.000000000000000000e+00 9.201025000000000176e-02
1.762499999999999900e-01 0.000000000000000000e+00 0.000000000000000000e+00 0.000000000000000000e+00 4.112116249999999695e-01
1.837499999999999967e-01 0.000000000000000000e+00 0.000000000000000000e+00 0.000000000000000000e+00 9.301667500000000421e-01
1.912500000000000033e-01 0.000000000000000000e+00 0.000000000000000000e+00 0.000000000000000000e+00 1.422797375000000031e+00
1.987500000000000100e-01 0.000000000000000000e+00 0.000000000000000000e+00 0.000000000000000000e+00 1.749819624999999990e+00
2.062499999999999889e-01 0.000000000000000000e+00 0.000000000000000000e+00 0.000000000000000000e+00 1.897890875000000088e+00
2.137499999999999956e-01 0.000000000000000000e+00 0.000000000000000000e+00 0.000000000000000000e+00 1.928603499999999915e+00
2.212500000000000022e-01 0.000000000000000000e+00 0.000000000000000000e+00 0.000000000000000000e+00 1.892945375000000041e+00
2.287500000000000089e-01 0.000000000000000000e+00 0.000000000000000000e+00 0.000000000000000000e+00 1.825548625000000147e+00
2.362499999999999878e-01 0.000000000000000000e+00 0.000000000000000000e+00 0.000000000000000000e+00 1.762113875000000274e+00
2.437499999999999944e-01 0.000000000000000000e+00 0.000000000000000000e+00 0.000000000000000000e+00 1.702470874999999939e+00
2.512499999999999734e-01 0.000000000000000000e+00 0.000000000000000000e+00 0.000000000000000000e+00 1.650632875000000110e+00
2.587499999999999800e-01 0.000000000000000000e+00 0.000000000000000000e+00 0.000000000000000000e+00 1.600351249999999892e+00
2.662499999999999867e-01 0.000000000000000000e+00 0.000000000000000000e+00 0.000000000000000000e+00 1.552802124999999922e+00
2.737499999999999933e-01 0.000000000000000000e+00 0.000000000000000000e+00 0.000000000000000000e+00 1.512507374999999987e+00
2.812500000000000000e-01 0.000000000000000000e+00 0.000000000000000000e+00 0.000000000000000000e+00 1.472716250000000171e+00
2.887500000000000067e-01 0.000000000000000000e+00 0.000000000000000000e+00 0.000000000000000000e+00 1.438065624999999903e+00
2.962500000000000133e-01 0.000000000000000000e+00 0.000000000000000000e+00 0.000000000000000000e+00 1.408550125000000097e+00
3.037500000000000200e-01 0.000000000000000000e+00 0.000000000000000000e+00 0.000000000000000000e+00 1.380641624999999983e+00
3.112500000000000266e-01 0.000000000000000000e+00 0.000000000000000000e+00 0.000000000000000000e+00 1.357086999999999932e+00
3.187499999999999778e-01 0.000000000000000000e+00 0.000000000000000000e+00 0.000000000000000000e+00 1.335009375000000054e+00
3.262499999999999845e-01 0.000000000000000000e+00 0.000000000000000000e+00 0.000000000000000000e+00 1.315824375000000046e+00
3.337499999999999911e-01 0.000000000000000000e+00 0.000000000000000000e+00 0.000000000000000000e+00 1.301385500000000084e+00
3.412499999999999978e-01 0.000000000000000000e+00 0.000000000000000000e+00 0.000000000000000000e+00 1.290464750000000160e+00
3.487500000000000044e-01 0.000000000000000000e+00 0.000000000000000000e+00 0.000000000000000000e+00 1.278865750000000023e+00
3.562500000000000111e-01 0.000000000000000000e+00 0.000000000000000000e+00 0.000000000000000000e+00 1.271128749999999918e+00
3.637500000000000178e-01 0.000000000000000000e+00 0.000000000000000000e+00 0.000000000000000000e+00 1.266925999999999775e+00
3.712500000000000244e-01 0.000000000000000000e+00 0.000000000000000000e+00 0.000000000000000000e+00 1.265641250000000051e+00
3.787499999999999756e-01 0.000000000000000000e+00 0.000000000000000000e+00 0.000000000000000000e+00 1.263843124999999956e+00
3.862499999999999822e-01 0.000000000000000000e+00 0.000000000000000000e+00 0.000000000000000000e+00 1.261038249999999916e+00
3.937499999999999889e-01 0.000000000000000000e+00 0.000000000000000000e+00 0.000000000000000000e+00 1.257868625000000184e+00
4.012499999999999956e-01 0.000000000000000000e+00 0.000000000000000000e+00 0.000000000000000000e+00 1.254812875000000050e+00
4.087500000000000022e-01 0.000000000000000000e+00 0.000000000000000000e+00 0.000000000000000000e+00 1.250491250000000054e+00
4.162500000000000089e-01 0.000000000000000000e+00 0.000000000000000000e+00 0.000000000000000000e+00 1.246742624999999993e+00
4.237500000000000155e-01 0.000000000000000000e+00 0.000000000000000000e+00 0.000000000000000000e+00 1.241103750000000172e+00
4.312500000000000222e-01 0.000000000000000000e+00 0.000000000000000000e+00 0.000000000000000000e+00 1.235897749999999906e+00
4.387499999999999734e-01 0.000000000000000000e+00 0.000000000000000000e+00 0.000000000000000000e+00 1.230368625000000105e+00
4.462499999999999800e-01 0.000000000000000000e+00 0.000000000000000000e+00 0.000000000000000000e+00 1.223124125000000006e+00
4.537499999999999867e-01 0.000000000000000000e+00 0.000000000000000000e+00 0.000000000000000000e+00 1.215850249999999910e+00
4.612499999999999933e-01 0.000000000000000000e+00 1.287499999999999955e-05 1.287499999999999955e-05 1.209493749999999812e+00
4.687500000000000000e-01 0.000000000000000000e+00 1.897500000000000044e-04 1.897500000000000044e-04 1.201564499999999924e+00
4.762500000000000067e-01 0.000000000000000000e+00 1.347000000000000107e-03 1.347000000000000107e-03 1.194583125000000079e+00
4.837500000000000133e-01 0.000000000000000000e+00 6.109250000000000964e-03 6.109250000000000964e-03 1.187674749999999779e+00
4.912500000000000200e-01 0.000000000000000000e+00 2.053299999999999917e-02 2.053299999999999917e-02 1.180698749999999908e+00
4.987500000000000266e-01 0.000000000000000000e+00 5.462312500000000154e-02 5.462312500000000154e-02 1.172976249999999832e+00
5.062499999999999778e-01 0.000000000000000000e+00 1.156807499999999850e-01 1.156807499999999850e-01 1.166678625000000080e+00
5.137500000000000400e-01 0.000000000000000000e+00 2.145682499999999604e-01 2.145682499999999604e-01 1.160348500000000005e+00
5.212499999999999911e-01 0.000000000000000000e+00 3.479856249999999651e-01 3.479856249999999651e-01 1.154443000000000108e+00
5.287500000000000533e-01 0.000000000000000000e+00 5.136040000000000605e-01 5.136040000000000605e-01 1.147003250000000030e+00
5.362500000000000044e-01 0.000000000000000000e+00 6.927328749999999147e-01 6.927328749999999147e-01 1.141868624999999859e+00
5.437499999999999556e-01 0.000000000000000000e+00 8.741786250000000980e-01 8.741786250000000980e-01 1.136133874999999849e+00
5.512500000000000178e-01 0.000000000000000000e+00 1.049144875000000088e+00 1.049144875000000088e+00 1.130228250000000045e+00
5.587499999999999689e-01 0.000000000000000000e+00 1.195892500000000025e+00 1.195892500000000025e+00 1.123835499999999987e+00
5.662500000000000311e-01 0.000000000000000000e+00 1.321315375000000181e+00 1.321315375000000181e+00 1.119371499999999964e+00
5.737499999999999822e-01 0.000000000000000000e+00 1.416865000000000263e+00 1.416865000000000263e+00 1.113563625000000057e+00
5.812500000000000444e-01 0.000000000000000000e+00 1.478964874999999957e+00 1.478964874999999957e+00 1.108990249999999955e+00
5.887499999999999956e-01 0.000000000000000000e+00 1.524725125000000014e+00 1.524725125000000014e+00 1.103578375000000111e+00
5.962499999999999467e-01 0.000000000000000000e+00 1.543607000000000173e+00 1.543607000000000173e+00 1.098444750000000081e+00
6.037500000000000089e-01 0.000000000000000000e+00 1.544623749999999962e+00 1.544623749999999962e+00 1.094415624999999892e+00
6.112499999999999600e-01 0.000000000000000000e+00 1.534407499999999924e+00 1.534407499999999924e+00 1.089687375000000014e+00
6.187500000000000222e-01 0.000000000000000000e+00 1.514043250000000063e+00 1.514043250000000063e+00 1.084657750000000087e+00
6.262499999999999734e-01 0.000000000000000000e+00 1.482073749999999857e+00 1.482073749999999857e+00 1.080508374999999965e+00
6.337500000000000355e-01 0.000000000000000000e+00 1.450170374999999900e+00 1.450170374999999900e+00 1.076720874999999911e+00
6.412499999999999867e-01 0.000000000000000000e+00 1.414633999999999947e+00 1.414633999999999947e+00 1.071810624999999906e+00
6.487500000000000488e-01 0.000000000000000000e+00 1.375777875000000039e+00 1.375777875000000039e+00 1.068032249999999905e+00
6.562500000000000000e-01 0.000000000000000000e+00 1.338814749999999831e+00 1.338814749999999831e+00 1.064154250000000079e+00
6.637499999999999512e-01 0.000000000000000000e+00 1.302935249999999989e+00 1.302935249999999989e+00 1.059337374999999914e+00
6.712500000000000133e-01 0.000000000000000000e+00 1.272011999999999921e+00 1.272011999999999921e+00 1.056131750000000036e+00
6.787499999999999645e-01 0.000000000000000000e+00 1.242223499999999925e+00 1.242223499999999925e+00 1.052650124999999992e+00
6.862500000000000266e-01 0.000000000000000000e+00 1.215150125000000081e+00 1.215150125000000081e+00 1.048941125000000030e+00
6.937499999999999778e-01 0.000000000000000000e+00 1.193568250000000219e+00 1.193568250000000219e+00 1.044955250000000113e+00
7.012500000000000400e-01 0.000000000000000000e+00 1.176326125000000111e+00 1.176326125000000111e+00 1.041627375000000022e+00
7.087499999999999911e-01 0.000000000000000000e+00 1.161272874999999871e+00 1.161272874999999871e+00 1.038144375000000119e+00
7.162500000000000533e-01 0.000000000000000000e+00 1.149807749999999906e+00 1.149807749999999906e+00 1.035385249999999813e+00
7.237500000000000044e-01 0.000000000000000000e+00 1.141765499999999989e+00 1.141765499999999989e+00 1.031731750000000059e+00
7.312499999999999556e-01 0.000000000000000000e+00 1.132758374999999873e+00 1.132758374999999873e+00 1.028938249999999943e+00
7.387500000000000178e-01 0.000000000000000000e+00 1.130268374999999992e+00 1.130268374999999992e+00 1.025550874999999973e+00
7.462499999999999689e-01 7.662500000000000582e-05 1.123890374999999997e+00 1.123890374999999997e+00 1.023142374999999937e+00
7.537500000000000311e-01 0.000000000000000000e+00 1.122308000000000083e+00 1.122308000000000083e+00 1.020300999999999902e+00
7.612499999999999822e-01 5.892500000000000385e-04 1.118517500000000053e+00 1.118517500000000053e+00 1.017736500000000044e+00
7.687500000000000444e-01 1.878499999999999961e-03 1.118193375000000156e+00 1.118193375000000156e+00 1.014860875000000107e+00
7.762499999999999956e-01 6.519125000000000614e-03 1.114715125000000029e+00 1.114715125000000029e+00 1.012590749999999984e+00
7.837499999999999467e-01 1.814250000000000237e-02 1.109183124999999936e+00 1.109183124999999936e+00 1.010630875000000151e+00
7.912500000000000089e-01 4.221562500000000662e-02 1.105503249999999937e+00 1.105503249999999937e+00 1.008183374999999771e+00
7.987499999999999600e-01 9.811237500000000167e-02 1.103058000000000094e+00 1.103058000000000094e+00 1.006015625000000080e+00
8.062500000000000222e-01 1.837237500000000190e-01 1.098773125000000128e+00 1.098773125000000128e+00 1.003767375000000017e+00
8.137499999999999734e-01 3.209849999999999648e-01 1.093090875000000128e+00 1.093090875000000128e+00 1.001836625000000147e+00
8.212500000000000355e-01 5.071003749999999366e-01 1.087932375000000063e+00 1.087932375000000063e+00 9.997429999999999373e-01
8.287499999999999867e-01 7.506753749999999226e-01 1.083383624999999961e+00 1.083383624999999961e+00 9.979453750000000234e-01
8.362500000000000488e-01 1.033034124999999914e+00 1.076996874999999854e+00 1.076996874999999854e+00 9.968528749999999716e-01
8.437500000000000000e-01 1.339406375000000038e+00 1.070082500000000048e+00 1.070082500000000048e+00 9.955663750000001144e-01
8.512499999999999512e-01 1.649717625000000076e+00 1.064943124999999879e+00 1.064943124999999879e+00 9.935297499999999893e-01
8.587500000000000133e-01 1.901611000000000162e+00 1.059780125000000073e+00 1.059780125000000073e+00 9.917098749999999630e-01
8.662499999999999645e-01 2.175753625000000024e+00 1.053375750000000055e+00 1.053375750000000055e+00 9.904364999999999419e-01
8.737500000000000266e-01 2.388341875000000059e+00 1.048529375000000208e+00 1.048529375000000208e+00 9.897416249999999582e-01
8.812499999999999778e-01 2.521218375000000123e+00 1.040240625000000030e+00 1.040240625000000030e+00 9.885943749999999142e-01
8.887500000000000400e-01 2.596203625000000237e+00 1.036437499999999901e+00 1.036437499999999901e+00 9.877616250000000875e-01
8.962499999999999911e-01 2.659193875000000151e+00 1.030106250000000001e+00 1.030106250000000001e+00 9.873597499999999805e-01
9.037500000000000533e-01 2.637302750000000362e+00 1.024354750000000092e+00 1.024354750000000092e+00 9.856190000000000229e-01
9.112500000000000044e-01 2.610061124999999649e+00 1.021148249999999980e+00 1.021148249999999980e+00 9.848923750000000421e-01
9.187499999999999556e-01 2.505402875000000140e+00 1.015940499999999913e+00 1.015940499999999913e+00 9.844487500000000946e-01
9.262500000000000178e-01 2.447873874999999977e+00 1.011033000000000071e+00 1.011033000000000071e+00 9.838093749999999860e-01
9.337499999999999689e-01 2.333438124999999808e+00 1.008197999999999928e+00 1.008197999999999928e+00 9.835251250000000001e-01
9.412500000000000311e-01 2.220010750000000144e+00 1.004262749999999871e+00 1.004262749999999871e+00 9.832996250000000105e-01
9.487499999999999822e-01 2.078936125000000246e+00 9.988402499999998740e-01 9.988402499999998740e-01 9.832687500000000247e-01
9.562500000000000444e-01 1.951148874999999894e+00 9.972921249999998627e-01 9.972921249999998627e-01 9.834567499999999907e-01
9.637499999999999956e-01 1.828727500000000061e+00 9.942919999999999536e-01 9.942919999999999536e-01 9.832275000000000320e-01
9.712499999999999467e-01 1.737450500000000231e+00 9.914342499999999614e-01 9.914342499999999614e-01 9.830942499999999473e-01
9.787500000000000089e-01 1.628287124999999946e+00 9.875448749999999887e-01 9.875448749999999887e-01 9.835591249999999786e-01
9.862499999999999600e-01 1.540360375000000115e+00 9.835734999999999895e-01 9.835734999999999895e-01 9.834787499999999572e-01
9.937500000000000222e-01 1.433879499999999974e+00 9.820670000000000233e-01 9.820670000000000233e-01 9.837771250000000300e-01
1.001249999999999973e+00 1.367841999999999780e+00 9.791262499999999758e-01 9.791262499999999758e-01 9.840581250000000058e-01
1.008750000000000036e+00 1.301085250000000082e+00 9.754157500000000258e-01 9.754157500000000258e-01 9.848998749999999802e-01
1.016250000000000098e+00 1.223946250000000013e+00 9.742799999999999239e-01 9.742799999999999239e-01 9.857102500000001211e-01
1.023749999999999938e+00 1.169738750000000049e+00 9.706583749999999622e-01 9.706583749999999622e-01 9.859967500000000884e-01
1.031250000000000000e+00 1.122352250000000051e+00 9.707171249999999585e-01 9.707171249999999585e-01 9.870309999999999917e-01
1.038750000000000062e+00 1.094055125000000128e+00 9.669434999999999558e-01 9.669434999999999558e-01 9.878343750000000423e-01
1.046249999999999902e+00 1.038521875000000039e+00 9.665688749999998830e-01 9.665688749999998830e-01 9.888763750000000297e-01
1.053749999999999964e+00 1.023252999999999968e+00 9.629831250000000509e-01 9.629831250000000509e-01 9.898723750000000265e-01
1.061250000000000027e+00 9.837811250000000340e-01 9.620351249999999910e-01 9.620351249999999910e-01 9.912575000000000136e-01
1.068750000000000089e+00 9.714430000000001675e-01 9.603979999999999739e-01 9.603979999999999739e-01 9.918467499999999992e-01
1.076249999999999929e+00 9.634432499999999733e-01 9.589175000000000892e-01 9.589175000000000892e-01 9.932082499999999037e-01
1.083749999999999991e+00 9.560441250000000224e-01 9.581451250000001529e-01 9.581451250000001529e-01 9.945482500000000226e-01
1.091250000000000053e+00 9.424816249999999895e-01 9.563185000000000713e-01 9.563185000000000713e-01 9.956148750000000103e-01
1.098749999999999893e+00 9.334080000000000155e-01 9.556813749999999441e-01 9.556813749999999441e-01 9.964849999999999541e-01
1.106249999999999956e+00 9.392517499999999409e-01 9.558820000000000094e-01 9.558820000000000094e-01 9.974605000000000832e-01
1.113750000000000018e+00 9.297080000000000899e-01 9.541984999999999495e-01 9.541984999999999495e-01 9.984115000000000073e-01
1.121250000000000080e+00 9.329349999999999588e-01 9.529182499999999667e-01 9.529182499999999667e-01 9.997228750000000108e-01
1.128749999999999920e+00 9.301967499999999056e-01 9.530553750000000379e-01 9.530553750000000379e-01 1.000687124999999789e+00
1.136249999999999982e+00 9.337333750000000876e-01 9.514907499999999407e-01 9.514907499999999407e-01 1.001776875000000011e+00
1.143750000000000044e+00 9.372601249999999995e-01 9.514877500000000765e-01 9.514877500000000765e-01 1.002244874999999924e+00
1.151250000000000107e+00 9.273434999999999873e-01 9.524581250000000443e-01 9.524581250000000443e-01 1.003117625000000235e+00
1.158749999999999947e+00 9.280661250000000750e-01 9.529945000000000777e-01 9.529945000000000777e-01 1.003818499999999947e+00
1.166250000000000009e+00 9.244242499999999474e-01 9.519180000000001529e-01 9.519180000000001529e-01 1.004221374999999972e+00
1.173750000000000071e+00 9.344673749999998780e-01 9.532856249999999143e-01 9.532856249999999143e-01 1.004225499999999993e+00
1.181249999999999911e+00 9.439062500000000577e-01 9.518270000000000897e-01 9.518270000000000897e-01 1.004778125000000077e+00
1.188749999999999973e+00 9.234522499999999745e-01 9.534446250000000456e-01 9.534446250000000456e-01 1.005154249999999916e+00
1.196250000000000036e+00 9.303191250000000245e-01 9.540792500000000453e-01 9.540792500000000453e-01 1.005563250000000020e+00
1.203750000000000098e+00 9.279564999999999619e-01 9.549403749999998414e-01 9.549403749999998414e-01 1.005938250000000034e+00
1.211249999999999938e+00 9.238634999999999486e-01 9.548609999999999598e-01 9.548609999999999598e-01 1.005712375000000103e+00
1.218750000000000000e+00 9.239978749999999685e-01 9.564221250000001229e-01 9.564221250000001229e-01 1.006215999999999777e+00
1.226250000000000062e+00 9.221286249999999241e-01 9.570731249999999690e-01 9.570731249999999690e-01 1.005808749999999918e+00
1.233749999999999902e+00 9.256785000000000707e-01 9.584930000000000394e-01 9.584930000000000394e-01 1.006370999999999905e+00
1.241249999999999964e+00 9.144705000000000750e-01 9.592154999999998877e-01 9.592154999999998877e-01 1.006377624999999831e+00
1.248750000000000027e+00 9.123631250000000525e-01 9.618674999999998754e-01 9.618674999999998754e-01 1.006583374999999947e+00
1.256250000000000089e+00 9.080495000000000649e-01 9.623204999999999121e-01 9.623204999999999121e-01 1.006500374999999892e+00
1.263749999999999929e+00 9.069015000000000271e-01 9.644196249999998916e-01 9.644196249999998916e-01 1.006108000000000224e+00
1.271249999999999991e+00 9.014901250000000310e-01 9.664858750000000498e-01 9.664858750000000498e-01 1.006294500000000092e+00
1.278750000000000053e+00 9.085198750000000878e-01 9.676501250000000276e-01 9.676501250000000276e-01 1.006373250000000219e+00
1.286249999999999893e+00 9.024983749999999638e-01 9.696263750000000403e-01 9.696263750000000403e-01 1.006127250000000029e+00
1.293749999999999956e+00 8.955852499999999994e-01 9.711590000000001055e-01 9.711590000000001055e-01 1.006103500000000039e+00
1.301250000000000018e+00 9.053386249999999524e-01 9.743281249999999893e-01 9.743281249999999893e-01 1.006193749999999998e+00
1.308750000000000080e+00 8.919757499999999562e-01 9.766992500000000188e-01 9.766992500000000188e-01 1.005766749999999821e+00
1.316249999999999920e+00 8.991900000000000448e-01 9.778007500000001073e-01 9.778007500000001073e-01 1.005979874999999968e+00
1.323749999999999982e+00 8.970222499999999100e-01 9.812138750000000131e-01 9.812138750000000131e-01 1.006042875000000114e+00
1.331250000000000044e+00 8.946292499999999315e-01 9.829555000000000931e-01 9.829555000000000931e-01 1.005993249999999950e+00
1.338750000000000107e+00 8.991423750000000492e-01 9.857985000000001330e-01 9.857985000000001330e-01 1.005791000000000102e+00
1.346249999999999947e+00 8.898353749999999840e-01 9.890721249999999687e-01 9.890721249999999687e-01 1.005597375000000016e+00
1.353750000000000009e+00 8.949838749999999843e-01 9.907322500000000920e-01 9.907322500000000920e-01 1.005725000000000202e+00
1.361250000000000071e+00 8.917856250000000262e-01 9.943462500000000981e-01 9.943462500000000981e-01 1.005342749999999841e+00
1.368749999999999911e+00 8.946428749999999486e-01 9.974298750000000213e-01 9.974298750000000213e-01 1.005113249999999958e+00
1.376249999999999973e+00 8.926508749999999548e-01 9.994773749999998902e-01 9.994773749999998902e-01 1.004877124999999927e+00
1.383750000000000036e+00 9.032043749999998372e-01 1.001383624999999888e+00 1.001383624999999888e+00 1.004627874999999948e+00
1.391250000000000098e+00 8.952132500000000714e-01 1.004271874999999925e+00 1.004271874999999925e+00 1.004705625000000158e+00
1.398749999999999938e+00 9.041236249999999863e-01 1.007056249999999764e+00 1.007056249999999764e+00 1.004704374999999983e+00
1.406250000000000000e+00 9.018683750000000554e-01 1.009289625000000079e+00 1.009289625000000079e+00 1.004390125000000022e+00
1.413750000000000062e+00 9.011907499999999294e-01 1.011831999999999843e+00 1.011831999999999843e+00 1.004241750000000044e+00
1.421249999999999902e+00 9.148511249999999873e-01 1.014459000000000000e+00 1.014459000000000000e+00 1.004032999999999953e+00
1.428749999999999964e+00 9.168176249999999694e-01 1.015192000000000094e+00 1.015192000000000094e+00 1.003807374999999835e+00
1.436250000000000027e+00 9.048665000000000180e-01 1.017981625000000001e+00 1.017981625000000001e+00 1.003790125000000089e+00
1.443750000000000089e+00 9.156468750000000822e-01 1.018450625000000054e+00 1.018450625000000054e+00 1.003637875000000124e+00
1.451249999999999929e+00 9.129379999999999162e-01 1.019153750000000080e+00 1.019153750000000080e+00 1.003115874999999990e+00
1.458749999999999991e+00 9.131460000000001243e-01 1.021784374999999967e+00 1.021784374999999967e+00 1.002964500000000037e+00
1.466250000000000053e+00 9.213851250000000270e-01 1.022106249999999994e+00 1.022106249999999994e+00 1.002942125000000129e+00
1.473749999999999893e+00 9.265396250000000888e-01 1.021485374999999918e+00 1.021485374999999918e+00 1.002727750000000029e+00
1.481249999999999956e+00 9.370500000000000496e-01 1.022373500000000046e+00 1.022373500000000046e+00 1.002320249999999913e+00
1.488750000000000018e+00 9.337973750000000406e-01 1.023538000000000059e+00 1.023538000000000059e+00 1.002164500000000125e+00
1.496250000000000080e+00 9.304101249999998657e-01 1.021866750000000046e+00 1.021866750000000046e+00 1.001759625000000042e+00
1.503749999999999920e+00 9.419233750000000072e-01 1.021756749999999991e+00 1.021756749999999991e+00 1.001706750000000090e+00
1.511249999999999982e+00 9.440949999999999065e-01 1.021204875000000012e+00 1.021204875000000012e+00 1.001425749999999892e+00
1.518750000000000044e+00 9.394217500000001664e-01 1.020825375000000035e+00 1.020825375000000035e+00 1.001150125000000113e+00
1.526250000000000107e+00 9.421627500000000488e-01 1.018981249999999950e+00 1.018981249999999950e+00 1.001085124999999909e+00
1.533749999999999947e+00 9.561502499999999793e-01 1.019292375000000028e+00 1.019292375000000028e+00 1.000908125000000037e+00
1.541250000000000009e+00 9.530684999999998741e-01 1.017884500000000081e+00 1.017884500000000081e+00 1.000820250000000078e+00
1.548750000000000071e+00 9.605401250000000779e-01 1.017910875000000104e+00 1.017910875000000104e+00 1.000479250000000153e+00
1.556249999999999911e+00 9.625521250000000917e-01 1.016765125000000047e+00 1.016765125000000047e+00 1.000307374999999999e+00
1.563749999999999973e+00 9.631547500000000595e-01 1.016094124999999959e+00 1.016094124999999959e+00 1.000158375000000044e+00
1.571250000000000036e+00 9.722106249999999950e-01 1.014975874999999972e+00 1.014975874999999972e+00 9.999330000000000718e-01
1.578750000000000098e+00 9.750046250000001802e-01 1.013741500000000073e+00 1.013741500000000073e+00 9.999956250000000546e-01
1.586249999999999938e+00 9.846598750000000733e-01 1.013508875000000087e+00 1.013508875000000087e+00 9.997512499999998692e-01
1.593750000000000000e+00 9.771456249999999066e-01 1.011153874999999980e+00 1.011153874999999980e+00 9.997353749999997596e-01
1.601250000000000062e+00 9.828846250000000673e-01 1.012762750000000267e+00 1.012762750000000267e+00 9.992680000000000451e-01
1.608749999999999902e+00 9.954700000000000770e-01 1.010843874999999947e+00 1.010843874999999947e+00 9.992916250000000167e-01
1.616249999999999964e+00 1.000293375000000040e+00 1.011438625000000036e+00 1.011438625000000036e+00 9.989666249999999970e-01
1.623750000000000027e+00 1.006264999999999965e+00 1.009582374999999921e+00 1.009582374999999921e+00 9.990620000000000056e-01
1.631250000000000089e+00 1.009485125000000094e+00 1.009035750000000009e+00 1.009035750000000009e+00 9.989178749999999551e-01
1.638749999999999929e+00 1.014416874999999996e+00 1.007460624999999999e+00 1.007460624999999999e+00 9.989965000000000650e-01
1.646249999999999991e+00 1.017499750000000036e+00 1.008495499999999989e+00 1.008495499999999989e+00 9.986816250000000172e-01
1.653750000000000053e+00 1.034302250000000090e+00 1.006403624999999913e+00 1.006403624999999913e+00 9.985473749999999038e-01
1.661249999999999893e+00 1.032580875000000065e+00 1.007029750000000057e+00 1.007029750000000057e+00 9.985981250000000031e-01
1.668749999999999956e+00 1.043881999999999977e+00 1.006298125000000043e+00 1.006298125000000043e+00 9.984388749999999479e-01
1.676250000000000018e+00 1.033209250000000079e+00 1.005190499999999876e+00 1.005190499999999876e+00 9.984588749999998569e-01
1.683750000000000080e+00 1.046661999999999981e+00 1.005978499999999887e+00 1.005978499999999887e+00 9.983083750000000256e-01
1.691249999999999920e+00 1.046983250000000032e+00 1.004044375000000100e+00 1.004044375000000100e+00 9.982536250000000333e-01
1.698749999999999982e+00 1.045763750000000103e+00 1.004052125000000073e+00 1.004052125000000073e+00 9.983096250000000893e-01
1.706250000000000044e+00 1.056713000000000013e+00 1.003851999999999967e+00 1.003851999999999967e+00 9.982332500000000719e-01
1.713750000000000107e+00 1.065613499999999991e+00 1.003042250000000024e+00 1.003042250000000024e+00 9.983616249999999193e-01
1.721249999999999947e+00 1.056938375000000097e+00 1.002448000000000006e+00 1.002448000000000006e+00 9.983008749999999765e-01
1.728750000000000009e+00 1.063617750000000139e+00 1.002232125000000140e+00 1.002232125000000140e+00 9.980374999999999108e-01
1.736250000000000071e+00 1.061502624999999922e+00 1.001925125000000083e+00 1.001925125000000083e+00 9.982033750000000039e-01
1.743749999999999911e+00 1.072373500000000091e+00 1.001116625000000093e+00 1.001116625000000093e+00 9.982378749999998302e-01
1.751249999999999973e+00 1.065352000000000077e+00 1.001026749999999854e+00 1.001026749999999854e+00 9.980323749999999716e-01
1.758750000000000036e+00 1.067038500000000001e+00 1.000830000000000108e+00 1.000830000000000108e+00 9.981682500000000902e-01
1.766250000000000098e+00 1.063799374999999880e+00 1.000904499999999864e+00 1.000904499999999864e+00 9.981389999999999985e-01
1.773749999999999938e+00 1.062870125000000110e+00 9.996073749999999647e-01 9.996073749999999647e-01 9.984409999999999119e-01
1.781250000000000000e+00 1.067772625000000142e+00 9.995777500000000426e-01 9.995777500000000426e-01 9.981504999999999406e-01
1.788750000000000062e+00 1.059624750000000004e+00 9.984785000000000466e-01 9.984785000000000466e-01 9.980347499999998595e-01
1.796249999999999902e+00 1.054804249999999888e+00 9.987363750000000095e-01 9.987363750000000095e-01 9.982603749999998666e-01
1.803749999999999964e+00 1.058518750000000175e+00 9.979692499999999189e-01 9.979692499999999189e-01 9.984451250000000444e-01
1.811250000000000027e+00 1.048495124999999861e+00 9.983107500000000245e-01 9.983107500000000245e-01 9.984032499999999644e-01
1.818750000000000089e+00 1.049133749999999754e+00 9.971915000000000084e-01 9.971915000000000084e-01 9.984682500000000571e-01
1.826249999999999929e+00 1.046820124999999990e+00 9.971978750000000113e-01 9.971978750000000113e-01 9.985532499999999478e-01
1.833749999999999991e+00 1.038122374999999931e+00 9.965466250000000192e-01 9.965466250000000192e-01 9.985512500000000014e-01
1.841250000000000053e+00 1.036836249999999904e+00 9.965068749999999032e-01 9.965068749999999032e-01 9.985016249999999483e-01
1.848749999999999893e+00 1.026879624999999852e+00 9.965211250000000076e-01 9.965211250000000076e-01 9.988161250000000546e-01
1.856249999999999956e+00 1.021497875000000111e+00 9.957276250000000051e-01 9.957276250000000051e-01 9.985253750000000483e-01
1.863750000000000018e+00 1.024429999999999730e+00 9.958643750000000239e-01 9.958643750000000239e-01 9.989676250000000257e-01
1.871250000000000080e+00 1.025185250000000048e+00 9.961517500000000025e-01 9.961517500000000025e-01 9.990319999999999201e-01
1.878749999999999920e+00 1.020234375000000027e+00 9.963516249999999630e-01 9.963516249999999630e-01 9.991216250000000132e-01
1.886249999999999982e+00 1.017525499999999861e+00 9.953819999999998780e-01 9.953819999999998780e-01 9.992474999999999552e-01
1.893750000000000044e+00 1.011089250000000161e+00 9.953808749999999428e-01 9.953808749999999428e-01 9.989913750000001258e-01
1.901250000000000107e+00 1.014302250000000072e+00 9.957679999999999865e-01 9.957679999999999865e-01 9.993097499999997746e-01
1.908749999999999947e+00 1.005866625000000125e+00 9.956682500000001435e-01 9.956682500000001435e-01 9.993695000000000217e-01
1.916250000000000009e+00 1.002229374999999978e+00 9.947927499999998924e-01 9.947927499999998924e-01 9.992965000000000320e-01
1.923750000000000071e+00 1.006025249999999982e+00 9.954696249999999136e-01 9.954696249999999136e-01 9.994272499999999892e-01
1.931249999999999911e+00 9.983068750000000380e-01 9.952956250000000171e-01 9.952956250000000171e-01 9.996381250000001550e-01
1.938749999999999973e+00 9.967210000000000791e-01 9.953616250000001386e-01 9.953616250000001386e-01 9.994706249999999459e-01
1.946250000000000036e+00 9.962005000000000443e-01 9.945051249999999898e-01 9.945051249999999898e-01 9.999052499999999677e-01
1.953750000000000098e+00 9.967998749999998909e-01 9.954185000000000949e-01 9.954185000000000949e-01 9.998182499999999084e-01
1.961249999999999938e+00 9.980932500000000429e-01 9.952580000000000870e-01 9.952580000000000870e-01 9.996362500000001150e-01
1.968750000000000000e+00 9.966063750000000443e-01 9.944684999999999775e-01 9.944684999999999775e-01 1.000080499999999928e+00
1.976250000000000062e+00 9.905215000000001657e-01 9.953687499999999133e-01 9.953687499999999133e-01 1.000247874999999897e+00
1.983749999999999902e+00 9.924744999999999262e-01 9.950962499999997934e-01 9.950962499999997934e-01 9.999192499999999262e-01
1.991249999999999964e+00 9.975687500000001151e-01 9.951198749999998761e-01 9.951198749999998761e-01 1.000205250000000046e+00
1.998750000000000027e+00 9.845279999999999587e-01 9.953023749999999614e-01 9.953023749999999614e-01 1.000064375000000005e+00
2.006250000000000089e+00 9.919899999999999274e-01 9.951044999999999474e-01 9.951044999999999474e-01 1.000266749999999982e+00
2.013749999999999929e+00 9.932168750000001101e-01 9.954646249999999919e-01 9.954646249999999919e-01 1.000291499999999889e+00
2.021250000000000213e+00 9.886712500000001125e-01 9.962550000000001127e-01 9.962550000000001127e-01 1.000208500000000056e+00
2.028750000000000053e+00 9.921744999999998482e-01 9.961353749999999341e-01 9.961353749999999341e-01 1.000526500000000096e+00
2.036249999999999893e+00 9.841787499999999911e-01 9.957370000000000942e-01 9.957370000000000942e-01 1.000499250000000062e+00
2.043750000000000178e+00 9.879783749999999642e-01 9.954411249999999267e-01 9.954411249999999267e-01 1.000443625000000170e+00
2.051250000000000018e+00 9.923051250000000101e-01 9.959873750000000081e-01 9.959873750000000081e-01 1.000637500000000069e+00
2.058749999999999858e+00 9.885638749999999808e-01 9.969492499999998980e-01 9.969492499999998980e-01 1.000555875000000094e+00
2.066250000000000142e+00 9.850411249999999619e-01 9.961103749999999923e-01 9.961103749999999923e-01 1.000488750000000149e+00
2.073749999999999982e+00 9.833201250000001004e-01 9.970103750000000042e-01 9.970103750000000042e-01 1.000455125000000001e+00
2.081249999999999822e+00 9.932501249999999837e-01 9.965344999999998787e-01 9.965344999999998787e-01 1.000405499999999837e+00
2.088750000000000107e+00 9.872946249999999813e-01 9.966964999999998742e-01 9.966964999999998742e-01 1.000585499999999906e+00
2.096249999999999947e+00 9.863060000000000160e-01 9.978318750000000348e-01 9.978318750000000348e-01 1.000446624999999923e+00
2.103749999999999787e+00 9.918764999999998278e-01 9.974250000000000060e-01 9.974250000000000060e-01 1.000684624999999883e+00
2.111250000000000071e+00 9.845064999999999511e-01 9.986583749999999871e-01 9.986583749999999871e-01 1.000559250000000011e+00
2.118749999999999911e+00 9.872602500000000614e-01 9.978738750000001323e-01 9.978738750000001323e-01 1.000382124999999789e+00
2.126250000000000195e+00 9.855496249999998737e-01 9.982207500000001010e-01 9.982207500000001010e-01 1.000494875000000006e+00
2.133750000000000036e+00 9.818408750000000573e-01 9.985406249999999595e-01 9.985406249999999595e-01 1.000478375000000142e+00
2.141249999999999876e+00 9.830398750000001185e-01 9.988068750000000939e-01 9.988068750000000939e-01 1.000506875000000129e+00
2.148750000000000160e+00 9.901352500000000223e-01 9.990528750000000624e-01 9.990528750000000624e-01 1.000528500000000154e+00
2.156250000000000000e+00 9.861153750000000162e-01 9.986262500000000486e-01 9.986262500000000486e-01 1.000534125000000163e+00
2.163749999999999840e+00 9.889674999999999994e-01 9.993948750000000159e-01 9.993948750000000159e-01 1.000459124999999894e+00
2.171250000000000124e+00 9.832792499999999380e-01 9.998998750000001046e-01 9.998998750000001046e-01 1.000562124999999858e+00
2.178749999999999964e+00 9.905626250000001409e-01 1.000448250000000039e+00 1.000448250000000039e+00 1.000440875000000007e+00
2.186249999999999805e+00 9.897810000000000219e-01 9.999761249999998824e-01 9.999761249999998824e-01 1.000406875000000140e+00
2.193750000000000089e+00 9.877006249999998877e-01 1.000017999999999851e+00 1.000017999999999851e+00 1.000428625000000071e+00
2.201249999999999929e+00 9.863921250000001750e-01 1.000009874999999937e+00 1.000009874999999937e+00 1.000412124999999985e+00
2.208750000000000213e+00 9.792497500000000299e-01 1.000455499999999942e+00 1.000455499999999942e+00 1.000533250000000152e+00
2.216250000000000053e+00 9.856904999999998029e-01 1.000324375000000154e+00 1.000324375000000154e+00 1.000519750000000041e+00
2.223749999999999893e+00 9.875836249999999650e-01 1.000515125000000172e+00 1.000515125000000172e+00 1.000155874999999916e+00
2.231250000000000178e+00 9.905530000000000168e-01 1.001521625000000082e+00 1.001521625000000082e+00 1.000348624999999991e+00
2.238750000000000018e+00 9.885787499999999506e-01 1.001092749999999976e+00 1.001092749999999976e+00 1.000329500000000094e+00
2.246249999999999858e+00 9.901798749999999316e-01 1.001579875000000008e+00 1.001579875000000008e+00 1.000109125000000043e+00
2.253750000000000142e+00 9.857107499999999689e-01 1.001591125000000027e+00 1.001591125000000027e+00 1.000266500000000169e+00
2.261249999999999982e+00 9.928943749999999957e-01 1.000825999999999993e+00 1.000825999999999993e+00 1.000280749999999941e+00
2.268749999999999822e+00 9.863574999999998871e-01 1.001133000000000051e+00 1.001133000000000051e+00 1.000370999999999899e+00
2.276250000000000107e+00 9.901940000000000186e-01 1.001770249999999862e+00 1.001770249999999862e+00 1.000233374999999869e+00
2.283749999999999947e+00 9.986254999999998327e-01 1.001730875000000021e+00 1.001730875000000021e+00 1.000207999999999764e+00
2.291249999999999787e+00 9.896667499999999285e-01 1.002025125000000072e+00 1.002025125000000072e+00 1.000138499999999819e+00
2.298750000000000071e+00 9.899584999999999635e-01 1.001699625000000093e+00 1.001699625000000093e+00 1.000207500000000138e+00
2.306249999999999911e+00 9.950260000000000771e-01 1.001622374999999954e+00 1.001622374999999954e+00 1.000042624999999852e+00
2.313750000000000195e+00 9.953735000000001332e-01 1.001400625000000044e+00 1.001400625000000044e+00 1.000192874999999981e+00
2.321250000000000036e+00 9.953546250000001594e-01 1.001680374999999845e+00 1.001680374999999845e+00 1.000135624999999973e+00
2.328749999999999876e+00 9.942762500000000836e-01 1.002076625000000165e+00 1.002076625000000165e+00 1.000034624999999844e+00
2.336250000000000160e+00 9.939652499999998003e-01 1.002455750000000201e+00 1.002455750000000201e+00 9.998811249999999262e-01
2.343750000000000000e+00 9.996472499999998762e-01 1.001802999999999999e+00 1.001802999999999999e+00 1.000011125000000112e+00
2.351249999999999840e+00 9.938899999999999402e-01 1.001436749999999876e+00 1.001436749999999876e+00 1.000026625000000280e+00
2.358750000000000124e+00 9.990991250000000878e-01 1.001697749999999942e+00 1.001697749999999942e+00 9.999027499999999513e-01
2.366249999999999964e+00 9.953380000000000560e-01 1.001067750000000034e+00 1.001067750000000034e+00 9.999168750000000383e-01
2.373749999999999805e+00 1.003001499999999879e+00 1.001954374999999953e+00 1.001954374999999953e+00 1.000005124999999939e+00
2.381250000000000089e+00 1.000142249999999899e+00 1.002014374999999902e+00 1.002014374999999902e+00 9.999715000000000131e-01
2.388749999999999929e+00 9.939390000000000169e-01 1.001539999999999875e+00 1.001539999999999875e+00 9.998837499999999601e-01
2.396250000000000213e+00 9.996099999999998875e-01 1.001887250000000007e+00 1.001887250000000007e+00 9.998908750000000678e-01
2.403750000000000053e+00 1.000165624999999947e+00 1.002281500000000047e+00 1.002281500000000047e+00 1.000103874999999976e+00
2.411249999999999893e+00 9.988448749999999654e-01 1.001784374999999949e+00 1.001784374999999949e+00 9.998643749999999164e-01
2.418750000000000178e+00 9.957398750000000520e-01 1.001583499999999960e+00 1.001583499999999960e+00 9.999068750000000838e-01
2.426250000000000018e+00 9.990229999999999944e-01 1.001399249999999963e+00 1.001399249999999963e+00 9.999095000000000066e-01
2.433749999999999858e+00 1.005612874999999962e+00 1.001703249999999823e+00 1.001703249999999823e+00 9.997497499999999926e-01
2.441250000000000142e+00 1.002309250000000151e+00 1.001329625000000112e+00 1.001329625000000112e+00 9.998248749999999463e-01
2.448749999999999982e+00 9.996112499999999512e-01 1.000900375000000064e+00 1.000900375000000064e+00 9.996217499999999756e-01
2.456249999999999822e+00 9.980454999999999188e-01 1.001042125000000116e+00 1.001042125000000116e+00 9.997745000000000104e-01
2.463750000000000107e+00 1.000869750000000113e+00 1.001158875000000004e+00 1.001158875000000004e+00 9.996822499999999945e-01
2.471249999999999947e+00 1.003983875000000081e+00 1.000971500000000125e+00 1.000971500000000125e+00 9.997422499999999435e-01
2.478749999999999787e+00 1.007070125000000038e+00 1.000503125000000049e+00 1.000503125000000049e+00 9.997051249999999722e-01
2.486250000000000071e+00 1.004146374999999924e+00 1.000715625000000220e+00 1.000715625000000220e+00 9.997948750000000828e-01
2.493749999999999911e+00 1.002901000000000042e+00 1.000018625000000050e+00 1.000018625000000050e+00 9.995998749999999156e-01
2.501250000000000195e+00 9.973119999999999763e-01 1.000609500000000152e+00 1.000609500000000152e+00 9.997044999999998849e-01
2.508750000000000036e+00 1.003468000000000027e+00 1.000995625000000055e+00 1.000995625000000055e+00 9.997113749999999577e-01
2.516249999999999876e+00 1.008109625000000120e+00 1.000401499999999944e+00 1.000401499999999944e+00 9.996733749999998642e-01
2.523750000000000160e+00 1.003460749999999901e+00 1.000362750000000078e+00 1.000362750000000078e+00 9.997707500000000413e-01
2.531250000000000000e+00 1.004380750000000155e+00 1.000322249999999968e+00 1.000322249999999968e+00 9.996701249999999650e-01
2.538749999999999840e+00 1.002575999999999912e+00 9.999802500000000149e-01 9.999802500000000149e-01 9.998112500000001512e-01
2.546250000000000124e+00 1.006491250000000059e+00 1.000262250000000019e+00 1.000262250000000019e+00 9.996802499999999370e-01
2.553749999999999964e+00 1.007704874999999944e+00 1.000811500000000187e+00 1.000811500000000187e+00 9.997276250000000086e-01
2.561249999999999805e+00 1.005085874999999795e+00 1.000820750000000148e+00 1.000820750000000148e+00 9.996555000000000302e-01
2.568750000000000089e+00 1.002033874999999963e+00 9.997834999999999361e-01 9.997834999999999361e-01 9.997981249999998710e-01
2.576249999999999929e+00 1.004442874999999846e+00 9.998504999999999754e-01 9.998504999999999754e-01 9.995453749999999582e-01
2.583750000000000213e+00 1.004414750000000023e+00 1.000113625000000006e+00 1.000113625000000006e+00 9.996975000000000167e-01
2.591250000000000053e+00 1.004777124999999938e+00 9.999828750000001598e-01 9.999828750000001598e-01 9.997304999999998554e-01
2.598749999999999893e+00 1.008166250000000153e+00 1.000208125000000114e+00 1.000208125000000114e+00 9.998029999999999973e-01
2.606250000000000178e+00 1.001617999999999897e+00 9.997510000000000563e-01 9.997510000000000563e-01 9.997868750000000748e-01
2.613750000000000018e+00 1.010109374999999865e+00 9.996503749999999799e-01 9.996503749999999799e-01 9.996871250000000098e-01
2.621249999999999858e+00 1.006251500000000076e+00 1.000081500000000068e+00 1.000081500000000068e+00 9.997209999999999708e-01
2.628750000000000142e+00 1.004762625000000131e+00 9.995026250000000889e-01 9.995026250000000889e-01 9.996783749999998969e-01
2.636249999999999982e+00 1.004441874999999929e+00 9.996451250000000233e-01 9.996451250000000233e-01 9.998073750000000537e-01
2.643749999999999822e+00 1.003998750000000051e+00 9.997021249999999970e-01 9.997021249999999970e-01 9.997772499999999507e-01
2.651250000000000107e+00 1.000738000000000127e+00 9.993826249999999689e-01 9.993826249999999689e-01 9.997199999999999420e-01
2.658749999999999947e+00 1.004045999999999994e+00 9.994287499999999769e-01 9.994287499999999769e-01 9.997413750000000432e-01
2.666249999999999787e+00 1.004771749999999964e+00 1.000004125000000021e+00 1.000004125000000021e+00 9.998817499999999026e-01
2.673750000000000071e+00 1.002649125000000030e+00 9.989291249999999733e-01 9.989291249999999733e-01 9.996774999999999967e-01
2.681249999999999911e+00 1.002986874999999944e+00 9.989597499999999242e-01 9.989597499999999242e-01 9.998321250000000715e-01
2.688750000000000195e+00 1.000305124999999906e+00 9.993896249999999482e-01 9.993896249999999482e-01 9.997342499999999355e-01
2.696250000000000036e+00 1.000374750000000201e+00 9.993273750000000177e-01 9.993273750000000177e-01 9.998216249999999361e-01
2.703749999999999876e+00 1.002466500000000149e+00 9.991601250000000656e-01 9.991601250000000656e-01 9.999217500000000536e-01
2.711250000000000160e+00 1.000785124999999942e+00 9.991991249999999658e-01 9.991991249999999658e-01 9.997314999999999952e-01
2.718750000000000000e+00 1.002191625000000252e+00 9.990512500000000573e-01 9.990512500000000573e-01 9.999128750000000343e-01
2.726249999999999840e+00 1.001252249999999844e+00 9.991972500000000368e-01 9.991972500000000368e-01 9.999330000000001828e-01
2.733750000000000124e+00 9.972286249999999797e-01 9.992252499999998427e-01 9.992252499999998427e-01 9.998607499999999648e-01
2.741249999999999964e+00 9.991095000000000947e-01 9.994523750000000595e-01 9.994523750000000595e-01 9.997733749999999642e-01
2.748749999999999805e+00 1.002684249999999944e+00 9.995233749999998807e-01 9.995233749999998807e-01 9.999202499999999549e-01
2.756250000000000089e+00 1.002647124999999972e+00 9.997411249999998972e-01 9.997411249999998972e-01 9.998879999999998880e-01
2.763749999999999929e+00 1.002635375000000106e+00 9.994616250000000202e-01 9.994616250000000202e-01 9.997629999999999573e-01
2.771250000000000213e+00 1.003231250000000019e+00 9.992100000000000426e-01 9.992100000000000426e-01 9.999586250000001009e-01
2.778750000000000053e+00 9.976460000000000328e-01 9.996574999999999767e-01 9.996574999999999767e-01 9.998074999999998491e-01
2.786249999999999893e+00 1.001500749999999940e+00 9.995433750000000117e-01 9.995433750000000117e-01 9.999377500000000696e-01
2.793750000000000178e+00 1.000961499999999837e+00 9.990423750000000380e-01 9.990423750000000380e-01 1.000007000000000090e+00
2.801250000000000018e+00 1.002268874999999948e+00 9.999451249999999902e-01 9.999451249999999902e-01 9.998181249999998910e-01
2.808749999999999858e+00 9.917113749999999506e-01 9.990488749999999474e-01 9.990488749999999474e-01 1.000058750000000218e+00
2.816250000000000142e+00 9.930582499999999202e-01 9.991741250000000241e-01 9.991741250000000241e-01 1.000018375000000015e+00
2.823749999999999982e+00 9.942961249999999751e-01 9.996123749999999974e-01 9.996123749999999974e-01 9.999582500000000485e-01
2.831249999999999822e+00 9.959973750000001846e-01 9.994963749999999925e-01 9.994963749999999925e-01 9.999327499999999258e-01
2.838750000000000107e+00 9.988538750000000022e-01 9.992287499999998879e-01 9.992287499999998879e-01 9.999394999999999811e-01
2.846249999999999947e+00 9.949933750000000687e-01 9.993942499999999285e-01 9.993942499999999285e-01 1.000100124999999895e+00
2.853749999999999787e+00 9.971368749999999226e-01 9.997114999999999752e-01 9.997114999999999752e-01 9.999527500000000568e-01
2.861250000000000071e+00 9.989991249999999878e-01 9.993812499999999988e-01 9.993812499999999988e-01 1.000050249999999918e+00
2.868749999999999911e+00 9.981197499999999723e-01 9.998124999999998819e-01 9.998124999999998819e-01 1.000025999999999859e+00
2.876250000000000195e+00 9.960747500000000088e-01 9.992567500000000269e-01 9.992567500000000269e-01 9.999281250000000565e-01
2.883750000000000036e+00 9.967228750000000081e-01 9.998066249999999489e-01 9.998066249999999489e-01 1.000092749999999864e+00
2.891249999999999876e+00 9.938620000000000232e-01 9.997123749999999864e-01 9.997123749999999864e-01 9.998780000000000445e-01
2.898750000000000160e+00 9.988686250000000655e-01 9.990292499999999798e-01 9.990292499999999798e-01 1.000006875000000184e+00
2.906250000000000000e+00 9.999782500000000685e-01 9.997110000000000163e-01 9.997110000000000163e-01 9.999951250000000957e-01
2.913749999999999840e+00 9.961900000000000199e-01 9.997257499999999686e-01 9.997257499999999686e-01 1.000006125000000079e+00
2.921250000000000124e+00 9.985214999999999508e-01 9.999372500000001107e-01 9.999372500000001107e-01 9.999882499999999119e-01
2.928749999999999964e+00 1.001055374999999970e+00 9.996766249999999854e-01 9.996766249999999854e-01 1.000005250000000068e+00
2.936249999999999805e+00 9.977852500000000679e-01 9.998666250000001199e-01 9.998666250000001199e-01 9.999812500000000437e-01
2.943750000000000089e+00 9.971813750000000365e-01 9.994591250000000038e-01 9.994591250000000038e-01 1.000042999999999793e+00
2.951249999999999929e+00 9.978016249999999143e-01 1.000030250000000009e+00 1.000030250000000009e+00 9.999826250000000138e-01
2.958750000000000213e+00 9.962317500000000825e-01 1.000099124999999978e+00 1.000099124999999978e+00 9.999802500000000149e-01
2.966250000000000053e+00 9.995036250000000067e-01 9.997066249999999599e-01 9.997066249999999599e-01 1.000047499999999978e+00
2.973749999999999893e+00 9.956852500000001882e-01 9.999430000000000263e-01 9.999430000000000263e-01 1.000082625000000114e+00
2.981250000000000178e+00 9.987865000000000215e-01 1.000162250000000030e+00 1.000162250000000030e+00 1.000105375000000185e+00
2.988750000000000018e+00 9.982493750000001054e-01 9.997719999999998830e-01 9.997719999999998830e-01 1.000010874999999855e+00
2.996249999999999858e+00 9.973199999999999843e-01 9.998491250000000052e-01 9.998491250000000052e-01 1.000019500000000061e+00
