3.749999999999999861e-03 0.000000000000000000e+00 0.000000000000000000e+00 0.000000000000000000e+00 0.000000000000000000e+00
1.124999999999999958e-02 0.000000000000000000e+00 0.000000000000000000e+00 0.000000000000000000e+00 0.000000000000000000e+00
1.874999999999999931e-02 0.000000000000000000e+00 0.000000000000000000e+00 0.000000000000000000e+00 0.000000000000000000e+00
2.624999999999999903e-02 0.000000000000000000e+00 0.000000000000000000e+00 0.000000000000000000e+00 0.000000000000000000e+00
3.375000000000000222e-02 0.000000000000000000e+00 0.000000000000000000e+00 0.000000000000000000e+00 0.000000000000000000e+00
4.125000000000000194e-02 0.000000000000000000e+00 0.000000000000000000e+00 0.000000000000000000e+00 0.000000000000000000e+00
4.875000000000000167e-02 0.000000000000000000e+00 0.000000000000000000e+00 0.000000000000000000e+00 0.000000000000000000e+00
5.625000000000000139e-02 0.000000000000000000e+00 0.000000000000000000e+00 0.000000000000000000e+00 0.000000000000000000e+00
6.375000000000000111e-02 0.000000000000000000e+00 0.000000000000000000e+00 0.000000000000000000e+00 0.000000000000000000e+00
7.124999999999999389e-02 0.000000000000000000e+00 0.000000000000000000e+00 0.000000000000000000e+00 0.000000000000000000e+00
7.875000000000000056e-02 0.000000000000000000e+00 0.000000000000000000e+00 0.000000000000000000e+00 0.000000000000000000e+00
8.624999999999999334e-02 0.000000000000000000e+00 0.000000000000000000e+00 0.000000000000000000e+00 0.000000000000000000e+00
9.375000000000000000e-02 0.000000000000000000e+00 0.000000000000000000e+00 0.000000000000000000e+00 0.000000000000000000e+00
1.012500000000000067e-01 0.000000000000000000e+00 0.000000000000000000e+00 0.000000000000000000e+00 0.000000000000000000e+00
1.087499999999999994e-01 0.000000000000000000e+00 0.000000000000000000e+00 0.000000000000000000e+00 0.000000000000000000e+00
1.162500000000000061e-01 0.000000000000000000e+00 0.000000000000000000e+00 0.000000000000000000e+00 0.000000000000000000e+00
1.237499999999999989e-01 0.000000000000000000e+00 0.000000000000000000e+00 0.000000000000000000e+00 0.000000000000000000e+00
1.312500000000000056e-01 0.000000000000000000e+00 0.000000000000000000e+00 0.000000000000000000e+00 0.000000000000000000e+00
1.387500000000000122e-01 0.000000000000000000e+00 0.000000000000000000e+00 0.000000000000000000e+00 0.000000000000000000e+00
1.462499999999999911e-01 0.000000000000000000e+00 0.000000000000000000e+00 0.000000000000000000e+00 0.000000000000000000e+00
1.537499999999999978e-01 0.000000000000000000e+00 0.000000000000000000e+00 0.000000000000000000e+00 0.000000000000000000e+00
1.612500000000000044e-01 0.000000000000000000e+00 0.000000000000000000e+00 0.000000000000000000e+00 0.000000000000000000e+00
1.687500000000000111e-01 0.000000000000000000e+00 0.000000000000000000e+00 0.000000000000000000e+00 0.000000000000000000e+00
1.762499999999999900e-01 0.000000000000000000e+00 0.000000000000000000e+00 0.000000000000000000e+00 0.000000000000000000e+00
1.837499999999999967e-01 0.000000000000000000e+00 0.000000000000000000e+00 0.000000000000000000e+00 0.000000000000000000e+00
1.912500000000000033e-01 0.000000000000000000e+00 0.000000000000000000e+00 0.000000000000000000e+00 6.074999999999999671e-04
1.987500000000000100e-01 0.000000000000000000e+00 0.000000000000000000e+00 0.000000000000000000e+00 7.109624999999999972e-02
2.062499999999999889e-01 0.000000000000000000e+00 0.000000000000000000e+00 0.000000000000000000e+00 8.369484999999999841e-01
2.137499999999999956e-01 0.000000000000000000e+00 0.000000000000000000e+00 0.000000000000000000e+00 2.622390750000000104e+00
2.212500000000000022e-01 0.000000000000000000e+00 0.000000000000000000e+00 0.000000000000000000e+00 3.706248749999999870e+00
2.287500000000000089e-01 0.000000000000000000e+00 0.000000000000000000e+00 0.000000000000000000e+00 3.552868000000000137e+00
2.362499999999999878e-01 0.000000000000000000e+00 0.000000000000000000e+00 0.000000000000000000e+00 3.241924999999999724e+00
2.437499999999999944e-01 0.000000000000000000e+00 0.000000000000000000e+00 0.000000000000000000e+00 2.965574249999999967e+00
2.512499999999999734e-01 0.000000000000000000e+00 0.000000000000000000e+00 0.000000000000000000e+00 2.730713750000000051e+00
2.587499999999999800e-01 0.000000000000000000e+00 0.000000000000000000e+00 0.000000000000000000e+00 2.517999249999999911e+00
2.662499999999999867e-01 0.000000000000000000e+00 0.000000000000000000e+00 0.000000000000000000e+00 2.336126750000000030e+00
2.737499999999999933e-01 0.000000000000000000e+00 0.000000000000000000e+00 0.000000000000000000e+00 2.175136000000000180e+00
2.812500000000000000e-01 0.000000000000000000e+00 0.000000000000000000e+00 0.000000000000000000e+00 2.031846250000000076e+00
2.887500000000000067e-01 0.000000000000000000e+00 0.000000000000000000e+00 0.000000000000000000e+00 1.910778000000000088e+00
2.962500000000000133e-01 0.000000000000000000e+00 0.000000000000000000e+00 0.000000000000000000e+00 1.803954249999999870e+00
3.037500000000000200e-01 0.000000000000000000e+00 0.000000000000000000e+00 0.000000000000000000e+00 1.709342249999999952e+00
3.112500000000000266e-01 0.000000000000000000e+00 0.000000000000000000e+00 0.000000000000000000e+00 1.629880500000000065e+00
3.187499999999999778e-01 0.000000000000000000e+00 0.000000000000000000e+00 0.000000000000000000e+00 1.560695000000000165e+00
3.262499999999999845e-01 0.000000000000000000e+00 0.000000000000000000e+00 0.000000000000000000e+00 1.504319249999999997e+00
3.337499999999999911e-01 0.000000000000000000e+00 0.000000000000000000e+00 0.000000000000000000e+00 1.456704250000000034e+00
3.412499999999999978e-01 0.000000000000000000e+00 0.000000000000000000e+00 0.000000000000000000e+00 1.417175749999999956e+00
3.487500000000000044e-01 0.000000000000000000e+00 0.000000000000000000e+00 0.000000000000000000e+00 1.385785000000000267e+00
3.562500000000000111e-01 0.000000000000000000e+00 0.000000000000000000e+00 0.000000000000000000e+00 1.364087250000000084e+00
3.637500000000000178e-01 0.000000000000000000e+00 0.000000000000000000e+00 0.000000000000000000e+00 1.348131999999999886e+00
3.712500000000000244e-01 0.000000000000000000e+00 0.000000000000000000e+00 0.000000000000000000e+00 1.338927749999999861e+00
3.787499999999999756e-01 0.000000000000000000e+00 0.000000000000000000e+00 0.000000000000000000e+00 1.337749250000000112e+00
3.862499999999999822e-01 0.000000000000000000e+00 0.000000000000000000e+00 0.000000000000000000e+00 1.344966749999999989e+00
3.937499999999999889e-01 0.000000000000000000e+00 0.000000000000000000e+00 0.000000000000000000e+00 1.352907500000000152e+00
4.012499999999999956e-01 0.000000000000000000e+00 0.000000000000000000e+00 0.000000000000000000e+00 1.369082750000000015e+00
4.087500000000000022e-01 0.000000000000000000e+00 0.000000000000000000e+00 0.000000000000000000e+00 1.388217499999999882e+00
4.162500000000000089e-01 0.000000000000000000e+00 0.000000000000000000e+00 0.000000000000000000e+00 1.411258249999999936e+00
4.237500000000000155e-01 0.000000000000000000e+00 0.000000000000000000e+00 0.000000000000000000e+00 1.437028250000000229e+00
4.312500000000000222e-01 0.000000000000000000e+00 0.000000000000000000e+00 0.000000000000000000e+00 1.455632499999999885e+00
4.387499999999999734e-01 0.000000000000000000e+00 0.000000000000000000e+00 0.000000000000000000e+00 1.467759750000000141e+00
4.462499999999999800e-01 0.000000000000000000e+00 0.000000000000000000e+00 0.000000000000000000e+00 1.471954000000000207e+00
4.537499999999999867e-01 0.000000000000000000e+00 0.000000000000000000e+00 0.000000000000000000e+00 1.467242249999999970e+00
4.612499999999999933e-01 0.000000000000000000e+00 0.000000000000000000e+00 0.000000000000000000e+00 1.458803749999999955e+00
4.687500000000000000e-01 0.000000000000000000e+00 0.000000000000000000e+00 0.000000000000000000e+00 1.446839750000000091e+00
4.762500000000000067e-01 0.000000000000000000e+00 0.000000000000000000e+00 0.000000000000000000e+00 1.430800000000000072e+00
4.837500000000000133e-01 0.000000000000000000e+00 0.000000000000000000e+00 0.000000000000000000e+00 1.412308000000000119e+00
4.912500000000000200e-01 0.000000000000000000e+00 0.000000000000000000e+00 0.000000000000000000e+00 1.393767749999999861e+00
4.987500000000000266e-01 0.000000000000000000e+00 0.000000000000000000e+00 0.000000000000000000e+00 1.375073250000000025e+00
5.062499999999999778e-01 0.000000000000000000e+00 0.000000000000000000e+00 0.000000000000000000e+00 1.354626749999999991e+00
5.137500000000000400e-01 0.000000000000000000e+00 0.000000000000000000e+00 0.000000000000000000e+00 1.335269999999999957e+00
5.212499999999999911e-01 0.000000000000000000e+00 0.000000000000000000e+00 0.000000000000000000e+00 1.318727250000000017e+00
5.287500000000000533e-01 0.000000000000000000e+00 0.000000000000000000e+00 0.000000000000000000e+00 1.299689999999999790e+00
5.362500000000000044e-01 0.000000000000000000e+00 0.000000000000000000e+00 0.000000000000000000e+00 1.284179249999999994e+00
5.437499999999999556e-01 0.000000000000000000e+00 0.000000000000000000e+00 0.000000000000000000e+00 1.267234000000000194e+00
5.512500000000000178e-01 0.000000000000000000e+00 0.000000000000000000e+00 0.000000000000000000e+00 1.254238249999999999e+00
5.587499999999999689e-01 0.000000000000000000e+00 0.000000000000000000e+00 0.000000000000000000e+00 1.241603250000000047e+00
5.662500000000000311e-01 0.000000000000000000e+00 3.399999999999999973e-05 3.399999999999999973e-05 1.229617249999999995e+00
5.737499999999999822e-01 0.000000000000000000e+00 3.902499999999999719e-04 3.902499999999999719e-04 1.219311999999999951e+00
5.812500000000000444e-01 0.000000000000000000e+00 3.806749999999999804e-03 3.806749999999999804e-03 1.211996749999999956e+00
5.887499999999999956e-01 0.000000000000000000e+00 2.223875000000000157e-02 2.223875000000000157e-02 1.202914250000000074e+00
5.962499999999999467e-01 0.000000000000000000e+00 8.828450000000000186e-02 8.828450000000000186e-02 1.195877999999999997e+00
6.037500000000000089e-01 0.000000000000000000e+00 2.552655000000000340e-01 2.552655000000000340e-01 1.190479749999999948e+00
6.112499999999999600e-01 0.000000000000000000e+00 5.789714999999999723e-01 5.789714999999999723e-01 1.184924499999999936e+00
6.187500000000000222e-01 0.000000000000000000e+00 1.059574749999999899e+00 1.059574749999999899e+00 1.180502750000000045e+00
6.262499999999999734e-01 0.000000000000000000e+00 1.625004000000000115e+00 1.625004000000000115e+00 1.176567499999999988e+00
6.337500000000000355e-01 0.000000000000000000e+00 2.183777499999999705e+00 2.183777499999999705e+00 1.173264499999999932e+00
6.412499999999999867e-01 0.000000000000000000e+00 2.611706250000000118e+00 2.611706250000000118e+00 1.169600250000000008e+00
6.487500000000000488e-01 0.000000000000000000e+00 2.848855000000000359e+00 2.848855000000000359e+00 1.164153499999999841e+00
6.562500000000000000e-01 0.000000000000000000e+00 2.895711750000000251e+00 2.895711750000000251e+00 1.159967250000000005e+00
6.637499999999999512e-01 0.000000000000000000e+00 2.778474000000000110e+00 2.778474000000000110e+00 1.154667499999999958e+00
6.712500000000000133e-01 0.000000000000000000e+00 2.535879750000000321e+00 2.535879750000000321e+00 1.150503749999999936e+00
6.787499999999999645e-01 0.000000000000000000e+00 2.270075750000000170e+00 2.270075750000000170e+00 1.145661749999999923e+00
6.862500000000000266e-01 0.000000000000000000e+00 2.028557999999999861e+00 2.028557999999999861e+00 1.139104499999999964e+00
6.937499999999999778e-01 0.000000000000000000e+00 1.829352749999999972e+00 1.829352749999999972e+00 1.132540000000000102e+00
7.012500000000000400e-01 0.000000000000000000e+00 1.658546999999999993e+00 1.658546999999999993e+00 1.126381749999999737e+00
7.087499999999999911e-01 0.000000000000000000e+00 1.511085000000000012e+00 1.511085000000000012e+00 1.120339250000000009e+00
7.162500000000000533e-01 0.000000000000000000e+00 1.389851500000000017e+00 1.389851500000000017e+00 1.113990000000000036e+00
7.237500000000000044e-01 0.000000000000000000e+00 1.286333249999999984e+00 1.286333249999999984e+00 1.108706250000000004e+00
7.312499999999999556e-01 0.000000000000000000e+00 1.202193999999999985e+00 1.202193999999999985e+00 1.102219999999999978e+00
7.387500000000000178e-01 0.000000000000000000e+00 1.125771500000000147e+00 1.125771500000000147e+00 1.096276999999999946e+00
7.462499999999999689e-01 0.000000000000000000e+00 1.071373500000000201e+00 1.071373500000000201e+00 1.090245000000000131e+00
7.537500000000000311e-01 0.000000000000000000e+00 1.021911250000000049e+00 1.021911250000000049e+00 1.084767250000000072e+00
7.612499999999999822e-01 0.000000000000000000e+00 9.884542500000000897e-01 9.884542500000000897e-01 1.079176499999999983e+00
7.687500000000000444e-01 0.000000000000000000e+00 9.616412500000000030e-01 9.616412500000000030e-01 1.074517750000000049e+00
7.762499999999999956e-01 0.000000000000000000e+00 9.420282500000000114e-01 9.420282500000000114e-01 1.069234499999999866e+00
7.837499999999999467e-01 0.000000000000000000e+00 9.351882499999999432e-01 9.351882499999999432e-01 1.064876749999999817e+00
7.912500000000000089e-01 0.000000000000000000e+00 9.329802499999999554e-01 9.329802499999999554e-01 1.060984499999999997e+00
7.987499999999999600e-01 0.000000000000000000e+00 9.414162500000000655e-01 9.414162500000000655e-01 1.056605750000000121e+00
8.062500000000000222e-01 0.000000000000000000e+00 9.605199999999999294e-01 9.605199999999999294e-01 1.052350000000000119e+00
8.137499999999999734e-01 0.000000000000000000e+00 9.832355000000000400e-01 9.832355000000000400e-01 1.049590999999999941e+00
8.212500000000000355e-01 0.000000000000000000e+00 1.011489749999999965e+00 1.011489749999999965e+00 1.046137000000000095e+00
8.287499999999999867e-01 0.000000000000000000e+00 1.046851500000000046e+00 1.046851500000000046e+00 1.043490250000000064e+00
8.362500000000000488e-01 0.000000000000000000e+00 1.081385999999999958e+00 1.081385999999999958e+00 1.040103999999999917e+00
8.437500000000000000e-01 0.000000000000000000e+00 1.115958250000000040e+00 1.115958250000000040e+00 1.037491000000000163e+00
8.512499999999999512e-01 0.000000000000000000e+00 1.142465999999999982e+00 1.142465999999999982e+00 1.034289749999999897e+00
8.587500000000000133e-01 0.000000000000000000e+00 1.161458749999999984e+00 1.161458749999999984e+00 1.031770749999999959e+00
8.662499999999999645e-01 0.000000000000000000e+00 1.170656999999999837e+00 1.170656999999999837e+00 1.029361250000000005e+00
8.737500000000000266e-01 0.000000000000000000e+00 1.176270249999999962e+00 1.176270249999999962e+00 1.027114749999999965e+00
8.812499999999999778e-01 0.000000000000000000e+00 1.171397749999999904e+00 1.171397749999999904e+00 1.024915500000000090e+00
8.887500000000000400e-01 0.000000000000000000e+00 1.159400500000000056e+00 1.159400500000000056e+00 1.022361749999999958e+00
8.962499999999999911e-01 0.000000000000000000e+00 1.146538000000000057e+00 1.146538000000000057e+00 1.020513250000000038e+00
9.037500000000000533e-01 0.000000000000000000e+00 1.124371249999999822e+00 1.124371249999999822e+00 1.017925749999999852e+00
9.112500000000000044e-01 0.000000000000000000e+00 1.102878249999999838e+00 1.102878249999999838e+00 1.016198750000000040e+00
9.187499999999999556e-01 0.000000000000000000e+00 1.080599250000000122e+00 1.080599250000000122e+00 1.014272999999999980e+00
9.262500000000000178e-01 4.975000000000000039e-04 1.058616000000000001e+00 1.058616000000000001e+00 1.012127500000000069e+00
9.337499999999999689e-01 2.056749999999999984e-03 1.040528249999999932e+00 1.040528249999999932e+00 1.010340250000000051e+00
9.412500000000000311e-01 1.195225000000000107e-02 1.019171000000000049e+00 1.019171000000000049e+00 1.008608500000000019e+00
9.487499999999999822e-01 4.658225000000000560e-02 1.001636500000000041e+00 1.001636500000000041e+00 1.006862750000000029e+00
9.562500000000000444e-01 1.496104999999999796e-01 9.850297500000000372e-01 9.850297500000000372e-01 1.005534249999999963e+00
9.637499999999999956e-01 3.507589999999999875e-01 9.701627500000000737e-01 9.701627500000000737e-01 1.004490500000000175e+00
9.712499999999999467e-01 7.813432500000000447e-01 9.555677500000000490e-01 9.555677500000000490e-01 1.003121499999999999e+00
9.787500000000000089e-01 1.450754000000000099e+00 9.452749999999999764e-01 9.452749999999999764e-01 1.002449750000000028e+00
9.862499999999999600e-01 2.366685499999999998e+00 9.338507499999999517e-01 9.338507499999999517e-01 1.001520500000000036e+00
9.937500000000000222e-01 3.431054500000000118e+00 9.316097500000000142e-01 9.316097500000000142e-01 9.999297499999999506e-01
1.001249999999999973e+00 4.516029499999999253e+00 9.248712500000000336e-01 9.248712500000000336e-01 1.000143000000000004e+00
1.008750000000000036e+00 5.413307500000000161e+00 9.204495000000000315e-01 9.204495000000000315e-01 9.987070000000000114e-01
1.016250000000000098e+00 6.016868999999999801e+00 9.190692500000000598e-01 9.190692500000000598e-01 9.980385000000000506e-01
1.023749999999999938e+00 6.304740750000000560e+00 9.161960000000000104e-01 9.161960000000000104e-01 9.983895000000000408e-01
1.031250000000000000e+00 6.264681500000000014e+00 9.167544999999999167e-01 9.167544999999999167e-01 9.975670000000000925e-01
1.038750000000000062e+00 5.947636249999999514e+00 9.195117499999999611e-01 9.195117499999999611e-01 9.968487500000000612e-01
1.046249999999999902e+00 5.386473999999999762e+00 9.199435000000000251e-01 9.199435000000000251e-01 9.977872500000000144e-01
1.053749999999999964e+00 4.796329999999999316e+00 9.199362500000000109e-01 9.199362500000000109e-01 9.975527499999999881e-01
1.061250000000000027e+00 4.116572499999999302e+00 9.224077500000000818e-01 9.224077500000000818e-01 9.979827500000000295e-01
1.068750000000000089e+00 3.476066250000000135e+00 9.226492499999999763e-01 9.226492499999999763e-01 9.977290000000000880e-01
1.076249999999999929e+00 2.901683500000000304e+00 9.236744999999999539e-01 9.236744999999999539e-01 9.985292500000000349e-01
1.083749999999999991e+00 2.349866000000000010e+00 9.237432500000000157e-01 9.237432500000000157e-01 9.988694999999999657e-01
1.091250000000000053e+00 1.923687999999999843e+00 9.217944999999999611e-01 9.217944999999999611e-01 9.997122499999999690e-01
1.098749999999999893e+00 1.579695000000000071e+00 9.200360000000000760e-01 9.200360000000000760e-01 1.000216749999999877e+00
1.106249999999999956e+00 1.261849250000000033e+00 9.194974999999999676e-01 9.194974999999999676e-01 1.000866000000000255e+00
1.113750000000000018e+00 1.050770750000000087e+00 9.186134999999999717e-01 9.186134999999999717e-01 1.001742499999999980e+00
1.121250000000000080e+00 8.625294999999999490e-01 9.145257499999999151e-01 9.145257499999999151e-01 1.002922500000000161e+00
1.128749999999999920e+00 7.173200000000000687e-01 9.122565000000000257e-01 9.122565000000000257e-01 1.004408749999999850e+00
1.136249999999999982e+00 6.148819999999999286e-01 9.101209999999999578e-01 9.101209999999999578e-01 1.005068500000000142e+00
1.143750000000000044e+00 5.372557500000000319e-01 9.072085000000000843e-01 9.072085000000000843e-01 1.006414750000000025e+00
1.151250000000000107e+00 4.699697500000000194e-01 9.038539999999999353e-01 9.038539999999999353e-01 1.007748499999999936e+00
1.158749999999999947e+00 4.226287499999999975e-01 9.015830000000000233e-01 9.015830000000000233e-01 1.009172500000000028e+00
1.166250000000000009e+00 4.044024999999999981e-01 8.981165000000000953e-01 8.981165000000000953e-01 1.011209499999999872e+00
1.173750000000000071e+00 3.831964999999999955e-01 8.976107500000001238e-01 8.976107500000001238e-01 1.013009500000000118e+00
1.181249999999999911e+00 3.669012500000000676e-01 8.957850000000000534e-01 8.957850000000000534e-01 1.014771749999999972e+00
1.188749999999999973e+00 3.811407500000000281e-01 8.951590000000000380e-01 8.951590000000000380e-01 1.016335749999999871e+00
1.196250000000000036e+00 3.812702499999999772e-01 8.946294999999999664e-01 8.946294999999999664e-01 1.017916749999999926e+00
1.203750000000000098e+00 3.920925000000000105e-01 8.940157499999999979e-01 8.940157499999999979e-01 1.020184500000000050e+00
1.211249999999999938e+00 4.176362499999999867e-01 8.964792499999999498e-01 8.964792499999999498e-01 1.022869500000000098e+00
1.218750000000000000e+00 4.566090000000000426e-01 8.964552500000000368e-01 8.964552500000000368e-01 1.025130749999999979e+00
1.226250000000000062e+00 5.157262499999999417e-01 8.998224999999999696e-01 8.998224999999999696e-01 1.027239750000000118e+00
1.233749999999999902e+00 5.554237499999999939e-01 9.008654999999999857e-01 9.008654999999999857e-01 1.029484000000000066e+00
1.241249999999999964e+00 6.190142499999999881e-01 9.020862500000000894e-01 9.020862500000000894e-01 1.032043749999999926e+00
1.248750000000000027e+00 6.809317500000000578e-01 9.054427499999999629e-01 9.054427499999999629e-01 1.033695999999999948e+00
1.256250000000000089e+00 7.559957499999999664e-01 9.086972499999999009e-01 9.086972499999999009e-01 1.035814999999999930e+00
1.263749999999999929e+00 8.101450000000000040e-01 9.105242500000000350e-01 9.105242500000000350e-01 1.037058499999999883e+00
1.271249999999999991e+00 8.655045000000000099e-01 9.128972500000001045e-01 9.128972500000001045e-01 1.037531500000000051e+00
1.278750000000000053e+00 9.191475000000000062e-01 9.151390000000000358e-01 9.151390000000000358e-01 1.038081999999999949e+00
1.286249999999999893e+00 9.404627500000000140e-01 9.183727500000000710e-01 9.183727500000000710e-01 1.037497499999999961e+00
1.293749999999999956e+00 9.429067499999999047e-01 9.212989999999998680e-01 9.212989999999998680e-01 1.037519749999999963e+00
1.301250000000000018e+00 9.546125000000000860e-01 9.247365000000000723e-01 9.247365000000000723e-01 1.036349500000000035e+00
1.308750000000000080e+00 9.213667500000000121e-01 9.270565000000000611e-01 9.270565000000000611e-01 1.034697750000000083e+00
1.316249999999999920e+00 9.075942500000000468e-01 9.275054999999999827e-01 9.275054999999999827e-01 1.032537500000000108e+00
1.323749999999999982e+00 8.675140000000000073e-01 9.300387500000000252e-01 9.300387500000000252e-01 1.031220499999999873e+00
1.331250000000000044e+00 8.409494999999999054e-01 9.317130000000000134e-01 9.317130000000000134e-01 1.029021500000000033e+00
1.338750000000000107e+00 8.212140000000001105e-01 9.335240000000000204e-01 9.335240000000000204e-01 1.027252999999999972e+00
1.346249999999999947e+00 7.855145000000000044e-01 9.349282500000000162e-01 9.349282500000000162e-01 1.025393250000000034e+00
1.353750000000000009e+00 7.645332500000000531e-01 9.381404999999999328e-01 9.381404999999999328e-01 1.024033499999999819e+00
1.361250000000000071e+00 7.292175000000000740e-01 9.396132500000000665e-01 9.396132500000000665e-01 1.022270499999999860e+00
1.368749999999999911e+00 7.069349999999999801e-01 9.418474999999999486e-01 9.418474999999999486e-01 1.021066499999999877e+00
1.376249999999999973e+00 6.966812500000000297e-01 9.433055000000000190e-01 9.433055000000000190e-01 1.020359499999999864e+00
1.383750000000000036e+00 6.859385000000000066e-01 9.469842499999999719e-01 9.469842499999999719e-01 1.019050500000000081e+00
1.391250000000000098e+00 6.762245000000000061e-01 9.472762500000000419e-01 9.472762500000000419e-01 1.018264249999999871e+00
1.398749999999999938e+00 6.655442500000000594e-01 9.525344999999999507e-01 9.525344999999999507e-01 1.017515750000000052e+00
1.406250000000000000e+00 6.624797499999999228e-01 9.556212500000000887e-01 9.556212500000000887e-01 1.017114999999999991e+00
1.413750000000000062e+00 6.514960000000000750e-01 9.603270000000000417e-01 9.603270000000000417e-01 1.016912749999999921e+00
1.421249999999999902e+00 6.770645000000001801e-01 9.623052500000000009e-01 9.623052500000000009e-01 1.016675250000000030e+00
1.428749999999999964e+00 6.713135000000000074e-01 9.665660000000000363e-01 9.665660000000000363e-01 1.016138500000000056e+00
1.436250000000000027e+00 6.736357499999999776e-01 9.722229999999999484e-01 9.722229999999999484e-01 1.016461999999999977e+00
1.443750000000000089e+00 6.866482499999999600e-01 9.747882499999999117e-01 9.747882499999999117e-01 1.016139749999999786e+00
1.451249999999999929e+00 7.006537500000000751e-01 9.796344999999999636e-01 9.796344999999999636e-01 1.015922250000000027e+00
1.458749999999999991e+00 7.096807499999999713e-01 9.828062500000001034e-01 9.828062500000001034e-01 1.015627000000000058e+00
1.466250000000000053e+00 7.251600000000000268e-01 9.884642499999999332e-01 9.884642499999999332e-01 1.015754500000000116e+00
1.473749999999999893e+00 7.384794999999999554e-01 9.931792499999999579e-01 9.931792499999999579e-01 1.015627499999999905e+00
1.481249999999999956e+00 7.490407500000000329e-01 9.981032499999998864e-01 9.981032499999998864e-01 1.015309999999999935e+00
1.488750000000000018e+00 7.722982499999999639e-01 1.001102750000000041e+00 1.001102750000000041e+00 1.014489999999999892e+00
1.496250000000000080e+00 7.715940000000000021e-01 1.005390250000000041e+00 1.005390250000000041e+00 1.014127000000000001e+00
1.503749999999999920e+00 7.877465000000000162e-01 1.009114250000000101e+00 1.009114250000000101e+00 1.013911999999999924e+00
1.511249999999999982e+00 7.915759999999999463e-01 1.015586749999999983e+00 1.015586749999999983e+00 1.012811249999999941e+00
1.518750000000000044e+00 8.051019999999999843e-01 1.020861499999999866e+00 1.020861499999999866e+00 1.012064000000000075e+00
1.526250000000000107e+00 8.041377499999999845e-01 1.024366499999999958e+00 1.024366499999999958e+00 1.011470000000000091e+00
1.533749999999999947e+00 8.188730000000000731e-01 1.030039499999999997e+00 1.030039499999999997e+00 1.010211249999999783e+00
1.541250000000000009e+00 8.236490000000000755e-01 1.034991250000000029e+00 1.034991250000000029e+00 1.008991750000000076e+00
1.548750000000000071e+00 8.237017500000000103e-01 1.039684250000000088e+00 1.039684250000000088e+00 1.008311749999999840e+00
1.556249999999999911e+00 8.200832499999999303e-01 1.046855000000000091e+00 1.046855000000000091e+00 1.007398000000000016e+00
1.563749999999999973e+00 8.210712499999999192e-01 1.052010999999999807e+00 1.052010999999999807e+00 1.006221999999999950e+00
1.571250000000000036e+00 8.340744999999999409e-01 1.056657249999999992e+00 1.056657249999999992e+00 1.005509749999999869e+00
1.578750000000000098e+00 8.290810000000000679e-01 1.064675499999999886e+00 1.064675499999999886e+00 1.004707999999999934e+00
1.586249999999999938e+00 8.322222500000000522e-01 1.069202500000000056e+00 1.069202500000000056e+00 1.003773250000000061e+00
1.593750000000000000e+00 8.400075000000000180e-01 1.075851749999999996e+00 1.075851749999999996e+00 1.003071749999999929e+00
1.601250000000000062e+00 8.303922499999999429e-01 1.082173749999999934e+00 1.082173749999999934e+00 1.002333249999999953e+00
1.608749999999999902e+00 8.371197500000000513e-01 1.086261249999999956e+00 1.086261249999999956e+00 1.001606499999999844e+00
1.616249999999999964e+00 8.431972500000000093e-01 1.089469000000000021e+00 1.089469000000000021e+00 1.000983750000000061e+00
1.623750000000000027e+00 8.476369999999999738e-01 1.094276250000000061e+00 1.094276250000000061e+00 1.000153000000000070e+00
1.631250000000000089e+00 8.432942500000000230e-01 1.095760750000000172e+00 1.095760750000000172e+00 9.998432500000000722e-01
1.638749999999999929e+00 8.521604999999999874e-01 1.097566999999999959e+00 1.097566999999999959e+00 9.996512499999999912e-01
1.646249999999999991e+00 8.618069999999999897e-01 1.095914499999999903e+00 1.095914499999999903e+00 9.992160000000001041e-01
1.653750000000000053e+00 8.757407499999999567e-01 1.094838750000000083e+00 1.094838750000000083e+00 9.984162500000000051e-01
1.661249999999999893e+00 8.858604999999999396e-01 1.089505999999999863e+00 1.089505999999999863e+00 9.984610000000000429e-01
1.668749999999999956e+00 9.010074999999999612e-01 1.084874249999999929e+00 1.084874249999999929e+00 9.979365000000000041e-01
1.676250000000000018e+00 9.113200000000000189e-01 1.078494000000000064e+00 1.078494000000000064e+00 9.976224999999999676e-01
1.683750000000000080e+00 9.265039999999999942e-01 1.071441499999999936e+00 1.071441499999999936e+00 9.975764999999999771e-01
1.691249999999999920e+00 9.371735000000001037e-01 1.064314250000000017e+00 1.064314250000000017e+00 9.973087499999999661e-01
1.698749999999999982e+00 9.625930000000000319e-01 1.057070750000000059e+00 1.057070750000000059e+00 9.971474999999999644e-01
1.706250000000000044e+00 9.752990000000000270e-01 1.047866500000000034e+00 1.047866500000000034e+00 9.968467500000000037e-01
1.713750000000000107e+00 9.921652499999999986e-01 1.040293750000000017e+00 1.040293750000000017e+00 9.966334999999999500e-01
1.721249999999999947e+00 1.012592249999999972e+00 1.034612749999999970e+00 1.034612749999999970e+00 9.961020000000000429e-01
1.728750000000000009e+00 1.029571250000000049e+00 1.026229749999999941e+00 1.026229749999999941e+00 9.958955000000000446e-01
1.736250000000000071e+00 1.050241750000000085e+00 1.020985249999999844e+00 1.020985249999999844e+00 9.959365000000000023e-01
1.743749999999999911e+00 1.067626999999999882e+00 1.014573750000000052e+00 1.014573750000000052e+00 9.956782499999999869e-01
1.751249999999999973e+00 1.086903999999999870e+00 1.010425000000000129e+00 1.010425000000000129e+00 9.955617500000000231e-01
1.758750000000000036e+00 1.105234250000000085e+00 1.006978750000000034e+00 1.006978750000000034e+00 9.951824999999999699e-01
1.766250000000000098e+00 1.106680749999999991e+00 1.004947749999999917e+00 1.004947749999999917e+00 9.950535000000000352e-01
1.773749999999999938e+00 1.114658749999999809e+00 1.000428249999999908e+00 1.000428249999999908e+00 9.949302500000000160e-01
1.781250000000000000e+00 1.109410000000000007e+00 9.992910000000000403e-01 9.992910000000000403e-01 9.950335000000001262e-01
1.788750000000000062e+00 1.115312750000000186e+00 9.967802500000000343e-01 9.967802500000000343e-01 9.950420000000000931e-01
1.796249999999999902e+00 1.115653000000000006e+00 9.973932500000000090e-01 9.973932500000000090e-01 9.945317500000000477e-01
1.803749999999999964e+00 1.120095749999999946e+00 9.957637499999999475e-01 9.957637499999999475e-01 9.945994999999999697e-01
1.811250000000000027e+00 1.104695500000000052e+00 9.964737499999999359e-01 9.964737499999999359e-01 9.943710000000000049e-01
1.818750000000000089e+00 1.097075250000000057e+00 9.957719999999999905e-01 9.957719999999999905e-01 9.945797499999999847e-01
1.826249999999999929e+00 1.094022750000000155e+00 9.954210000000001113e-01 9.954210000000001113e-01 9.945607499999999934e-01
1.833749999999999991e+00 1.103555250000000099e+00 9.962417500000000370e-01 9.962417500000000370e-01 9.945697500000000302e-01
1.841250000000000053e+00 1.090804750000000212e+00 9.951799999999999535e-01 9.951799999999999535e-01 9.945697500000000302e-01
1.848749999999999893e+00 1.083121750000000105e+00 9.964040000000000674e-01 9.964040000000000674e-01 9.947037499999999977e-01
1.856249999999999956e+00 1.088166749999999849e+00 9.948742500000000710e-01 9.948742500000000710e-01 9.945912500000000378e-01
1.863750000000000018e+00 1.088670250000000062e+00 9.949632499999999657e-01 9.949632499999999657e-01 9.949044999999998584e-01
1.871250000000000080e+00 1.111299999999999955e+00 9.945879999999999166e-01 9.945879999999999166e-01 9.950415000000000232e-01
1.878749999999999920e+00 1.122598750000000090e+00 9.953717499999999996e-01 9.953717499999999996e-01 9.948577499999999851e-01
1.886249999999999982e+00 1.125906249999999886e+00 9.940734999999999433e-01 9.940734999999999433e-01 9.952647500000000313e-01
1.893750000000000044e+00 1.147747249999999886e+00 9.921607500000000357e-01 9.921607500000000357e-01 9.955904999999999339e-01
1.901250000000000107e+00 1.149671749999999992e+00 9.924507500000000482e-01 9.924507500000000482e-01 9.956319999999999615e-01
1.908749999999999947e+00 1.165031750000000033e+00 9.901902499999999385e-01 9.901902499999999385e-01 9.960984999999999978e-01
1.916250000000000009e+00 1.177628250000000154e+00 9.891839999999998412e-01 9.891839999999998412e-01 9.957650000000000112e-01
1.923750000000000071e+00 1.200261749999999905e+00 9.872320000000001095e-01 9.872320000000001095e-01 9.961314999999999475e-01
1.931249999999999911e+00 1.203916749999999869e+00 9.841142499999999682e-01 9.841142499999999682e-01 9.965005000000000113e-01
1.938749999999999973e+00 1.221611000000000002e+00 9.833292500000000436e-01 9.833292500000000436e-01 9.963114999999999055e-01
1.946250000000000036e+00 1.218436500000000144e+00 9.834564999999999557e-01 9.834564999999999557e-01 9.969780000000000308e-01
1.953750000000000098e+00 1.232165500000000025e+00 9.815125000000000099e-01 9.815125000000000099e-01 9.970955000000000235e-01
1.961249999999999938e+00 1.232994499999999993e+00 9.797225000000000517e-01 9.797225000000000517e-01 9.972957499999999254e-01
1.968750000000000000e+00 1.245892749999999882e+00 9.776705000000001089e-01 9.776705000000001089e-01 9.972920000000000673e-01
1.976250000000000062e+00 1.255827500000000096e+00 9.773582499999999840e-01 9.773582499999999840e-01 9.978452499999999059e-01
1.983749999999999902e+00 1.260498249999999931e+00 9.766570000000001084e-01 9.766570000000001084e-01 9.980702499999999366e-01
1.991249999999999964e+00 1.266505749999999875e+00 9.755920000000000147e-01 9.755920000000000147e-01 9.980057500000000248e-01
1.998750000000000027e+00 1.267365000000000075e+00 9.753532500000000605e-01 9.753532500000000605e-01 9.987180000000001057e-01
2.006250000000000089e+00 1.255127750000000209e+00 9.751230000000000731e-01 9.751230000000000731e-01 9.987127500000000380e-01
2.013749999999999929e+00 1.257630999999999943e+00 9.739904999999999813e-01 9.739904999999999813e-01 9.989767499999999689e-01
2.021250000000000213e+00 1.253311250000000099e+00 9.748149999999999871e-01 9.748149999999999871e-01 9.991902500000000575e-01
2.028750000000000053e+00 1.231197499999999945e+00 9.740269999999999762e-01 9.740269999999999762e-01 9.996202499999999880e-01
2.036249999999999893e+00 1.210446499999999981e+00 9.742622499999999963e-01 9.742622499999999963e-01 9.996660000000000545e-01
2.043750000000000178e+00 1.192909749999999880e+00 9.744882500000000558e-01 9.744882500000000558e-01 1.000020750000000014e+00
2.051250000000000018e+00 1.163338500000000053e+00 9.744127499999999387e-01 9.744127499999999387e-01 1.000416750000000077e+00
2.058749999999999858e+00 1.136562999999999990e+00 9.746769999999999046e-01 9.746769999999999046e-01 1.000700999999999841e+00
2.066250000000000142e+00 1.099743999999999833e+00 9.760917499999999247e-01 9.760917499999999247e-01 1.000685999999999964e+00
2.073749999999999982e+00 1.062116250000000095e+00 9.766225000000000600e-01 9.766225000000000600e-01 1.000934500000000060e+00
2.081249999999999822e+00 1.038111500000000076e+00 9.775712500000000027e-01 9.775712500000000027e-01 1.001453999999999844e+00
2.088750000000000107e+00 1.008591000000000015e+00 9.781254999999999811e-01 9.781254999999999811e-01 1.001641500000000073e+00
2.096249999999999947e+00 9.819527500000000408e-01 9.780562500000000714e-01 9.780562500000000714e-01 1.001918749999999747e+00
2.103749999999999787e+00 9.534877500000000783e-01 9.786310000000000286e-01 9.786310000000000286e-01 1.002455499999999944e+00
2.111250000000000071e+00 9.362840000000000051e-01 9.788872499999999865e-01 9.788872499999999865e-01 1.002439499999999928e+00
2.118749999999999911e+00 9.183864999999999945e-01 9.787232500000000446e-01 9.787232500000000446e-01 1.002932750000000039e+00
2.126250000000000195e+00 8.959572500000000383e-01 9.807537500000000907e-01 9.807537500000000907e-01 1.002824500000000008e+00
2.133750000000000036e+00 8.857129999999999725e-01 9.824675000000000491e-01 9.824675000000000491e-01 1.003182000000000018e+00
2.141249999999999876e+00 8.743967500000000559e-01 9.823054999999999426e-01 9.823054999999999426e-01 1.003141250000000095e+00
2.148750000000000160e+00 8.627547500000001257e-01 9.823742500000000044e-01 9.823742500000000044e-01 1.003376749999999928e+00
2.156250000000000000e+00 8.649000000000000021e-01 9.828752499999999781e-01 9.828752499999999781e-01 1.003764499999999948e+00
2.163749999999999840e+00 8.657730000000000148e-01 9.838235000000000730e-01 9.838235000000000730e-01 1.003917500000000018e+00
2.171250000000000124e+00 8.611427499999999569e-01 9.858807499999999724e-01 9.858807499999999724e-01 1.004039999999999822e+00
2.178749999999999964e+00 8.613587499999999508e-01 9.851695000000000313e-01 9.851695000000000313e-01 1.004126999999999992e+00
2.186249999999999805e+00 8.704847500000000293e-01 9.851784999999999570e-01 9.851784999999999570e-01 1.004410749999999908e+00
2.193750000000000089e+00 8.657142500000000185e-01 9.866515000000000146e-01 9.866515000000000146e-01 1.004310250000000071e+00
2.201249999999999929e+00 8.858030000000000070e-01 9.875802499999999373e-01 9.875802499999999373e-01 1.004576249999999948e+00
2.208750000000000213e+00 8.782570000000000654e-01 9.888605000000000311e-01 9.888605000000000311e-01 1.004339000000000093e+00
2.216250000000000053e+00 8.892047499999999882e-01 9.887697500000000028e-01 9.887697500000000028e-01 1.004544749999999986e+00
2.223749999999999893e+00 8.966697500000000431e-01 9.901459999999999706e-01 9.901459999999999706e-01 1.004365249999999765e+00
2.231250000000000178e+00 8.968099999999999961e-01 9.911897499999999805e-01 9.911897499999999805e-01 1.004453250000000075e+00
2.238750000000000018e+00 9.086677499999999963e-01 9.924527499999999947e-01 9.924527499999999947e-01 1.004591249999999825e+00
2.246249999999999858e+00 9.150157500000000166e-01 9.919082500000000469e-01 9.919082500000000469e-01 1.004568499999999975e+00
2.253750000000000142e+00 9.299690000000000456e-01 9.936749999999999750e-01 9.936749999999999750e-01 1.004530249999999958e+00
2.261249999999999982e+00 9.219062500000000382e-01 9.942112499999999908e-01 9.942112499999999908e-01 1.004409000000000107e+00
2.268749999999999822e+00 9.336227499999999457e-01 9.950849999999999973e-01 9.950849999999999973e-01 1.004033000000000175e+00
2.276250000000000107e+00 9.302827499999999361e-01 9.954420000000000490e-01 9.954420000000000490e-01 1.003897749999999922e+00
2.283749999999999947e+00 9.308302499999999702e-01 9.967617499999998909e-01 9.967617499999998909e-01 1.004129250000000084e+00
2.291249999999999787e+00 9.350267500000000176e-01 9.977437499999999293e-01 9.977437499999999293e-01 1.003704750000000034e+00
2.298750000000000071e+00 9.423004999999999853e-01 9.998692499999999317e-01 9.998692499999999317e-01 1.003518750000000015e+00
2.306249999999999911e+00 9.345120000000000093e-01 1.000336499999999962e+00 1.000336499999999962e+00 1.003351000000000104e+00
2.313750000000000195e+00 9.323397499999999116e-01 9.997670000000000723e-01 9.997670000000000723e-01 1.003008499999999970e+00
2.321250000000000036e+00 9.331080000000000485e-01 1.002070000000000238e+00 1.002070000000000238e+00 1.003098999999999963e+00
2.328749999999999876e+00 9.412640000000001006e-01 1.002599499999999866e+00 1.002599499999999866e+00 1.002594750000000090e+00
2.336250000000000160e+00 9.324447499999999334e-01 1.003719999999999946e+00 1.003719999999999946e+00 1.002734250000000049e+00
2.343750000000000000e+00 9.310420000000000362e-01 1.005120000000000013e+00 1.005120000000000013e+00 1.002235500000000057e+00
2.351249999999999840e+00 9.340709999999999846e-01 1.003864500000000159e+00 1.003864500000000159e+00 1.002054750000000105e+00
2.358750000000000124e+00 9.300437499999999469e-01 1.005538000000000043e+00 1.005538000000000043e+00 1.001843500000000109e+00
2.366249999999999964e+00 9.334000000000000075e-01 1.007337750000000032e+00 1.007337750000000032e+00 1.001633250000000031e+00
2.373749999999999805e+00 9.235252499999999642e-01 1.007341250000000077e+00 1.007341250000000077e+00 1.001581999999999972e+00
2.381250000000000089e+00 9.336354999999999515e-01 1.007528250000000014e+00 1.007528250000000014e+00 1.001146249999999904e+00
2.388749999999999929e+00 9.260162499999999852e-01 1.008208750000000098e+00 1.008208750000000098e+00 1.001196250000000010e+00
2.396250000000000213e+00 9.293302500000000244e-01 1.009237750000000045e+00 1.009237750000000045e+00 1.001229749999999807e+00
2.403750000000000053e+00 9.349060000000000148e-01 1.009380750000000049e+00 1.009380750000000049e+00 1.000831499999999874e+00
2.411249999999999893e+00 9.357232500000000064e-01 1.009856500000000157e+00 1.009856500000000157e+00 1.000716249999999974e+00
2.418750000000000178e+00 9.346297500000000369e-01 1.010294749999999908e+00 1.010294749999999908e+00 1.000661500000000093e+00
2.426250000000000018e+00 9.447309999999999874e-01 1.011033750000000175e+00 1.011033750000000175e+00 1.000439500000000148e+00
2.433749999999999858e+00 9.455345000000000555e-01 1.011394000000000126e+00 1.011394000000000126e+00 1.000298750000000014e+00
2.441250000000000142e+00 9.520140000000000269e-01 1.011842750000000013e+00 1.011842750000000013e+00 1.000099249999999884e+00
2.448749999999999982e+00 9.477010000000000156e-01 1.011184749999999966e+00 1.011184749999999966e+00 1.000108500000000067e+00
2.456249999999999822e+00 9.535150000000000015e-01 1.011556750000000005e+00 1.011556750000000005e+00 9.999782500000000685e-01
2.463750000000000107e+00 9.641929999999999668e-01 1.011159750000000024e+00 1.011159750000000024e+00 9.997785000000000144e-01
2.471249999999999947e+00 9.643345000000000944e-01 1.012145499999999920e+00 1.012145499999999920e+00 9.996412500000000367e-01
2.478749999999999787e+00 9.667354999999999698e-01 1.012922249999999913e+00 1.012922249999999913e+00 9.997195000000000942e-01
2.486250000000000071e+00 9.724752499999999023e-01 1.013441000000000036e+00 1.013441000000000036e+00 9.996200000000000641e-01
2.493749999999999911e+00 9.760275000000000478e-01 1.012520499999999934e+00 1.012520499999999934e+00 9.994870000000000143e-01
2.501250000000000195e+00 9.790004999999999402e-01 1.012763999999999998e+00 1.012763999999999998e+00 9.992472500000000313e-01
2.508750000000000036e+00 9.782712500000000366e-01 1.013419500000000140e+00 1.013419500000000140e+00 9.991217500000000307e-01
2.516249999999999876e+00 9.884985000000000577e-01 1.012604249999999873e+00 1.012604249999999873e+00 9.989837499999999482e-01
2.523750000000000160e+00 9.883705000000000407e-01 1.014248000000000038e+00 1.014248000000000038e+00 9.991097500000000187e-01
2.531250000000000000e+00 9.907190000000000163e-01 1.014483750000000128e+00 1.014483750000000128e+00 9.990740000000000176e-01
2.538749999999999840e+00 9.905582499999999735e-01 1.013561999999999852e+00 1.013561999999999852e+00 9.987657500000000077e-01
2.546250000000000124e+00 1.001749250000000035e+00 1.013520500000000046e+00 1.013520500000000046e+00 9.986484999999999390e-01
2.553749999999999964e+00 9.965682499999999333e-01 1.013567000000000107e+00 1.013567000000000107e+00 9.987209999999999699e-01
2.561249999999999805e+00 1.008353500000000125e+00 1.012860750000000198e+00 1.012860750000000198e+00 9.985592499999998983e-01
2.568750000000000089e+00 1.003327999999999998e+00 1.012678500000000037e+00 1.012678500000000037e+00 9.984149999999999414e-01
2.576249999999999929e+00 1.003477499999999800e+00 1.012284499999999809e+00 1.012284499999999809e+00 9.982402499999999401e-01
2.583750000000000213e+00 1.007587000000000010e+00 1.012893749999999926e+00 1.012893749999999926e+00 9.984227499999999145e-01
2.591250000000000053e+00 1.015867500000000145e+00 1.012423000000000073e+00 1.012423000000000073e+00 9.983350000000000835e-01
2.598749999999999893e+00 1.013262249999999920e+00 1.011487499999999873e+00 1.011487499999999873e+00 9.980542500000000317e-01
2.606250000000000178e+00 1.017257499999999926e+00 1.011543749999999964e+00 1.011543749999999964e+00 9.981700000000000017e-01
2.613750000000000018e+00 1.015265749999999967e+00 1.010610749999999891e+00 1.010610749999999891e+00 9.981447500000000250e-01
2.621249999999999858e+00 1.017592750000000157e+00 1.009808749999999922e+00 1.009808749999999922e+00 9.979594999999998883e-01
2.628750000000000142e+00 1.017379999999999951e+00 1.008801749999999942e+00 1.008801749999999942e+00 9.981840000000000712e-01
2.636249999999999982e+00 1.027561249999999982e+00 1.008074249999999950e+00 1.008074249999999950e+00 9.981642499999999751e-01
2.643749999999999822e+00 1.029632499999999951e+00 1.007331499999999824e+00 1.007331499999999824e+00 9.979697499999999888e-01
2.651250000000000107e+00 1.026403249999999989e+00 1.006820999999999966e+00 1.006820999999999966e+00 9.979675000000000074e-01
2.658749999999999947e+00 1.032979249999999904e+00 1.006402249999999832e+00 1.006402249999999832e+00 9.979532499999999029e-01
2.666249999999999787e+00 1.033146249999999933e+00 1.005058750000000112e+00 1.005058750000000112e+00 9.981352500000000294e-01
2.673750000000000071e+00 1.039040999999999881e+00 1.003929249999999884e+00 1.003929249999999884e+00 9.982884999999999120e-01
2.681249999999999911e+00 1.032666250000000119e+00 1.002323000000000075e+00 1.002323000000000075e+00 9.981797500000000323e-01
2.688750000000000195e+00 1.046391999999999989e+00 1.002116500000000077e+00 1.002116500000000077e+00 9.980632499999999574e-01
2.696250000000000036e+00 1.042176250000000026e+00 1.000949499999999937e+00 1.000949499999999937e+00 9.982050000000000090e-01
2.703749999999999876e+00 1.037290250000000080e+00 9.998424999999999674e-01 9.998424999999999674e-01 9.982360000000000122e-01
2.711250000000000160e+00 1.044535750000000096e+00 9.994649999999999368e-01 9.994649999999999368e-01 9.982512499999999234e-01
2.718750000000000000e+00 1.042200750000000120e+00 9.984534999999999938e-01 9.984534999999999938e-01 9.982044999999999391e-01
2.726249999999999840e+00 1.046665750000000061e+00 9.981852500000000239e-01 9.981852500000000239e-01 9.983637499999999942e-01
2.733750000000000124e+00 1.045730000000000048e+00 9.973762500000000752e-01 9.973762500000000752e-01 9.983922499999999811e-01
2.741249999999999964e+00 1.042152250000000002e+00 9.966144999999999587e-01 9.966144999999999587e-01 9.986472500000000974e-01
2.748749999999999805e+00 1.051787749999999910e+00 9.963870000000000227e-01 9.963870000000000227e-01 9.983684999999999921e-01
2.756250000000000089e+00 1.052433999999999870e+00 9.960195000000000576e-01 9.960195000000000576e-01 9.982867500000000005e-01
2.763749999999999929e+00 1.048630499999999799e+00 9.948537499999999811e-01 9.948537499999999811e-01 9.986492499999999328e-01
2.771250000000000213e+00 1.047242999999999924e+00 9.945192499999999658e-01 9.945192499999999658e-01 9.987520000000000842e-01
2.778750000000000053e+00 1.042073250000000062e+00 9.948349999999999138e-01 9.948349999999999138e-01 9.987975000000000048e-01
2.786249999999999893e+00 1.046139999999999848e+00 9.945022499999999210e-01 9.945022499999999210e-01 9.987170000000000769e-01
2.793750000000000178e+00 1.047554749999999979e+00 9.948949999999999738e-01 9.948949999999999738e-01 9.988059999999999716e-01
2.801250000000000018e+00 1.038296499999999956e+00 9.932024999999999881e-01 9.932024999999999881e-01 9.988672499999999843e-01
2.808749999999999858e+00 1.042035749999999927e+00 9.944242500000000096e-01 9.944242500000000096e-01 9.990885000000000460e-01
2.816250000000000142e+00 1.034425750000000033e+00 9.943072500000000868e-01 9.943072500000000868e-01 9.991105000000000125e-01
2.823749999999999982e+00 1.028627750000000063e+00 9.939339999999999842e-01 9.939339999999999842e-01 9.989497499999999697e-01
2.831249999999999822e+00 1.030578500000000064e+00 9.930647500000000516e-01 9.930647500000000516e-01 9.991130000000000289e-01
2.838750000000000107e+00 1.030533750000000026e+00 9.931862500000000482e-01 9.931862500000000482e-01 9.991915000000000102e-01
2.846249999999999947e+00 1.031835749999999940e+00 9.938017499999999282e-01 9.938017499999999282e-01 9.992377500000000357e-01
2.853749999999999787e+00 1.037513249999999942e+00 9.935432500000000999e-01 9.935432500000000999e-01 9.993545000000000345e-01
2.861250000000000071e+00 1.034209500000000004e+00 9.934762499999999497e-01 9.934762499999999497e-01 9.994672500000000293e-01
2.868749999999999911e+00 1.028456000000000037e+00 9.938125000000000986e-01 9.938125000000000986e-01 9.994892499999998847e-01
2.876250000000000195e+00 1.034134249999999922e+00 9.933454999999998813e-01 9.933454999999998813e-01 9.995689999999999298e-01
2.883750000000000036e+00 1.030138250000000033e+00 9.935424999999999951e-01 9.935424999999999951e-01 9.997319999999999540e-01
2.891249999999999876e+00 1.020438500000000026e+00 9.934354999999999158e-01 9.934354999999999158e-01 9.998722500000000180e-01
2.898750000000000160e+00 1.022807500000000092e+00 9.935827500000000700e-01 9.935827500000000700e-01 9.998284999999998979e-01
2.906250000000000000e+00 1.023794000000000093e+00 9.942942500000000461e-01 9.942942500000000461e-01 9.998110000000000053e-01
2.913749999999999840e+00 1.023468999999999962e+00 9.935745000000000271e-01 9.935745000000000271e-01 9.999375000000000346e-01
2.921250000000000124e+00 1.018580999999999959e+00 9.932462500000001082e-01 9.932462500000001082e-01 9.999644999999999229e-01
2.928749999999999964e+00 1.024073249999999824e+00 9.926449999999999996e-01 9.926449999999999996e-01 1.000036499999999995e+00
2.936249999999999805e+00 1.030586250000000037e+00 9.937892500000000684e-01 9.937892500000000684e-01 1.000250749999999966e+00
2.943750000000000089e+00 1.015457250000000089e+00 9.934435000000000349e-01 9.934435000000000349e-01 1.000231499999999940e+00
2.951249999999999929e+00 1.016214500000000021e+00 9.936227499999998880e-01 9.936227499999998880e-01 1.000311249999999985e+00
2.958750000000000213e+00 1.017098000000000058e+00 9.934060000000000112e-01 9.934060000000000112e-01 1.000317750000000006e+00
2.966250000000000053e+00 1.011921999999999988e+00 9.933279999999999887e-01 9.933279999999999887e-01 1.000312249999999903e+00
2.973749999999999893e+00 1.017205499999999763e+00 9.938702500000000661e-01 9.938702500000000661e-01 1.000590749999999973e+00
2.981250000000000178e+00 1.017513000000000112e+00 9.934420000000000472e-01 9.934420000000000472e-01 1.000525749999999992e+00
2.988750000000000018e+00 1.006380250000000087e+00 9.951242500000000435e-01 9.951242500000000435e-01 1.000417249999999925e+00
2.996249999999999858e+00 1.012325500000000211e+00 9.945964999999999945e-01 9.945964999999999945e-01 1.000660249999999918e+00
