0.000100 55.000000 4007.000000 2.000000 0.000000 0.000000 0.000000
0.001300 53.000000 4009.000000 2.000000 0.000000 0.000000 0.000000
0.002500 53.000000 4009.000000 2.000000 0.000000 0.000000 0.000000
0.003700 71.000000 3991.000000 2.000000 0.000000 0.000000 0.000000
0.004900 107.000000 3955.000000 2.000000 0.000000 0.000000 0.000000
0.006100 164.000000 3898.000000 2.000000 0.000000 0.000000 0.000000
0.007300 265.060606 3796.909091 2.000000 0.000000 0.000000 0.000000
0.008500 413.251082 3648.887446 2.000000 0.000000 0.000000 0.000000
0.009700 607.268398 3455.103896 2.000000 0.000000 0.000000 0.000000
0.010900 851.307359 3211.320346 1.000000 0.000000 0.000000 0.000000
0.012100 1121.047619 2941.813853 1.000000 0.000000 0.000000 0.000000
0.013300 1407.636364 2655.393939 1.000000 0.000000 0.000000 0.000000
0.014500 1678.324675 2384.766234 1.000000 0.000000 0.000000 0.000000
0.015700 1922.155844 2140.844156 1.000000 0.000000 0.000000 0.000000
0.016900 2142.103896 1920.896104 1.000000 0.000000 0.000000 0.000000
0.018100 2336.350649 1726.649351 1.000000 0.000000 0.000000 0.000000
0.019300 2502.662338 1560.337662 1.000000 0.000000 0.000000 0.000000
0.020500 2654.298701 1408.701299 1.000000 0.000000 0.000000 0.000000
0.021700 2769.541126 1293.458874 1.000000 0.000000 0.000000 0.000000
0.022900 2862.571429 1200.428571 1.000000 0.000000 0.000000 0.000000
0.024100 2930.948052 1132.051948 1.000000 0.000000 0.000000 0.000000
0.025300 2988.051948 1075.038961 1.000000 0.000000 0.000000 0.000000
0.026500 3040.896104 1022.134199 1.000000 0.000000 0.000000 0.000000
0.027700 3096.134199 966.636364 1.000000 0.000000 0.000000 0.000000
0.028900 3149.852814 912.744589 1.000000 0.000000 0.000000 0.000000
0.030100 3192.385281 870.125541 2.000000 0.000000 0.000000 0.000000
0.031300 3228.216450 834.294372 2.000000 0.000000 0.000000 0.000000
0.032500 3253.909091 808.688312 1.000000 0.000000 0.000000 0.000000
0.033700 3269.679654 793.090909 1.000000 0.000000 0.000000 0.000000
0.034900 3286.619048 776.411255 1.000000 0.000000 0.000000 0.000000
0.036100 3303.017316 760.073593 1.000000 0.000000 0.000000 0.000000
0.037300 3319.666667 743.333333 1.000000 0.000000 0.000000 0.000000
0.038500 3325.238095 737.761905 1.000000 0.000000 0.000000 0.000000
0.039700 3325.645022 737.354978 1.000000 0.000000 0.000000 0.000000
0.040900 3332.883117 730.025974 1.000000 0.000000 0.000000 0.000000
0.042100 3334.203463 728.766234 1.000000 0.000000 0.000000 0.000000
0.043300 3330.900433 732.238095 1.000000 0.000000 0.000000 0.000000
0.044500 3326.610390 736.761905 1.000000 0.000000 0.000000 0.000000
0.045700 3322.337662 741.290043 0.000000 0.000000 0.000000 0.000000
0.046900 3315.692641 748.168831 0.000000 0.000000 0.000000 0.000000
0.048100 3300.341991 763.688312 0.000000 0.000000 0.000000 0.000000
0.049300 3288.606061 775.575758 0.000000 0.000000 0.000000 0.000000
0.050500 3267.632035 796.398268 0.000000 0.000000 0.000000 0.000000
0.051700 3241.956710 821.904762 0.000000 0.000000 0.000000 0.000000
0.052900 3215.883117 847.744589 0.000000 0.000000 0.000000 0.000000
0.054100 3183.545455 879.826840 1.000000 0.000000 0.000000 0.000000
0.055300 3159.372294 903.766234 1.000000 0.000000 0.000000 0.000000
0.056500 3144.316017 918.744589 1.000000 0.000000 0.000000 0.000000
0.057700 3134.645022 928.476190 1.000000 0.000000 0.000000 0.000000
0.058900 3133.978355 928.943723 1.000000 0.000000 0.000000 0.000000
0.060100 3123.896104 938.363636 1.000000 0.000000 0.000000 0.000000
0.061300 3104.099567 957.497835 2.000000 0.000000 0.000000 0.000000
0.062500 3069.619048 991.493506 4.000000 0.000000 0.000000 0.000000
0.063700 3022.294372 1038.536797 4.000000 0.000000 0.000000 0.000000
0.064900 2969.731602 1090.666667 3.000000 0.000000 0.000000 0.000000
0.066100 2921.584416 1138.445887 3.000000 0.000000 0.000000 0.000000
0.067300 2875.532468 1184.125541 4.000000 0.000000 0.000000 0.000000
0.068500 2829.519481 1229.636364 6.000000 0.000000 0.000000 0.000000
0.069700 2784.757576 1273.640693 6.000000 0.000000 0.000000 0.000000
0.070900 2746.701299 1310.900433 6.000000 0.000000 0.000000 0.000000
0.072100 2703.852814 1353.082251 6.000000 0.000000 0.000000 0.000000
0.073300 2677.380952 1378.991342 8.000000 0.000000 0.000000 0.000000
0.074500 2657.138528 1398.510823 9.000000 0.000000 0.000000 0.000000
0.075700 2639.692641 1415.385281 9.000000 0.000000 0.000000 0.000000
0.076900 2618.813853 1436.064935 9.000000 0.000000 0.000000 0.000000
0.078100 2585.623377 1469.316017 9.000000 0.000000 0.000000 0.000000
0.079300 2547.753247 1507.017316 9.000000 0.000000 0.000000 0.000000
0.080500 2505.779221 1548.818182 9.000000 0.000000 0.000000 0.000000
0.081700 2469.515152 1585.268398 10.000000 0.000000 0.000000 0.000000
0.082900 2441.991342 1612.610390 10.000000 0.000000 0.000000 0.000000
0.084100 2419.363636 1635.000000 9.000000 0.000000 0.000000 0.000000
0.085300 2396.900433 1656.813853 9.000000 0.000000 0.000000 0.000000
0.086500 2378.982684 1673.796537 12.000000 0.000000 0.000000 0.000000
0.087700 2356.584416 1695.147186 12.000000 0.000000 0.000000 0.000000
0.088900 2341.610390 1709.181818 14.000000 0.000000 0.000000 0.000000
0.090100 2331.870130 1718.506494 14.000000 0.000000 0.000000 0.000000
0.091300 2326.086580 1724.571429 13.000000 0.000000 0.000000 0.000000
0.092500 2311.952381 1738.939394 13.000000 0.000000 0.000000 0.000000
0.093700 2281.069264 1769.792208 13.000000 0.000000 0.000000 0.000000
0.094900 2241.393939 1808.926407 13.000000 0.000000 0.000000 0.000000
0.096100 2209.281385 1840.727273 14.000000 0.000000 0.000000 0.000000
0.097300 2177.277056 1872.207792 16.000000 0.000000 0.000000 0.000000
0.098500 2151.917749 1897.004329 15.000000 0.000000 0.000000 0.000000
0.099700 2135.082251 1913.259740 14.000000 0.000000 0.000000 0.000000
0.100900 2118.194805 1929.705628 17.000000 0.000000 0.000000 0.000000
0.102100 2101.640693 1945.445887 17.000000 0.000000 0.000000 0.000000
0.103300 2070.229437 1975.584416 18.000000 0.000000 0.000000 0.000000
0.104500 2048.298701 1996.225108 19.000000 0.000000 0.000000 0.000000
0.105700 2037.619048 2006.095238 21.000000 0.000000 0.000000 0.000000
0.106900 2030.917749 2011.865801 21.000000 0.000000 0.000000 0.000000
0.108100 2018.575758 2023.735931 22.000000 0.000000 0.000000 0.000000
0.109300 2012.060606 2029.744589 22.000000 0.000000 0.000000 0.000000
0.110500 2003.034632 2038.645022 22.000000 0.000000 0.000000 0.000000
0.111700 1983.536797 2058.246753 22.000000 0.000000 0.000000 0.000000
0.112900 1962.398268 2079.675325 23.000000 0.000000 0.000000 0.000000
0.114100 1944.445887 2098.350649 21.000000 0.000000 0.000000 0.000000
0.115300 1917.160173 2126.285714 20.000000 0.000000 0.000000 0.000000
0.116500 1891.991342 2152.385281 20.000000 0.000000 0.000000 0.000000
0.117700 1875.238095 2170.316017 18.000000 0.000000 0.000000 0.000000
0.118900 1874.060606 2171.930736 19.000000 0.000000 0.000000 0.000000
0.120100 1885.826840 2160.350649 17.000000 0.000000 0.000000 0.000000
0.121300 1892.900433 2153.138528 17.000000 0.000000 0.000000 0.000000
0.122500 1908.233766 2137.632035 19.000000 0.000000 0.000000 0.000000
0.123700 1932.679654 2112.887446 19.000000 0.000000 0.000000 0.000000
0.124900 1934.129870 2110.874459 19.000000 0.000000 0.000000 0.000000
0.126100 1929.796537 2115.134199 18.000000 0.000000 0.000000 0.000000
0.127300 1923.069264 2122.030303 20.000000 0.000000 0.000000 0.000000
0.128500 1917.532468 2127.294372 19.000000 0.000000 0.000000 0.000000
0.129700 1900.909091 2143.380952 19.000000 0.000000 0.000000 0.000000
0.130900 1890.060606 2153.757576 20.000000 0.000000 0.000000 0.000000
0.132100 1883.346320 2160.484848 21.000000 0.000000 0.000000 0.000000
0.133300 1888.229437 2155.372294 21.000000 0.000000 0.000000 0.000000
0.134500 1886.077922 2157.229437 20.000000 0.000000 0.000000 0.000000
0.135700 1895.077922 2148.242424 20.000000 0.000000 0.000000 0.000000
0.136900 1894.372294 2148.826840 21.000000 0.000000 0.000000 0.000000
0.138100 1888.718615 2154.025974 22.000000 0.000000 0.000000 0.000000
0.139300 1878.233766 2164.008658 21.000000 0.000000 0.000000 0.000000
0.140500 1894.545455 2147.675325 22.000000 0.000000 0.000000 0.000000
0.141700 1907.887446 2134.701299 22.000000 0.000000 0.000000 0.000000
0.142900 1919.467532 2123.593074 21.000000 0.000000 0.000000 0.000000
0.144100 1934.432900 2108.965368 20.000000 0.000000 0.000000 0.000000
0.145300 1951.134199 2092.848485 20.000000 0.000000 0.000000 0.000000
0.146500 1953.874459 2090.367965 20.000000 0.000000 0.000000 0.000000
0.147700 1952.688312 2091.294372 20.000000 0.000000 0.000000 0.000000
0.148900 1951.874459 2091.705628 20.000000 0.000000 0.000000 0.000000
0.150100 1957.450216 2085.580087 21.000000 0.000000 0.000000 0.000000
0.151300 1969.160173 2073.121212 22.000000 0.000000 0.000000 0.000000
0.152500 1975.160173 2066.545455 22.000000 0.000000 0.000000 0.000000
0.153700 1974.523810 2066.865801 23.000000 0.000000 0.000000 0.000000
0.154900 1985.731602 2055.779221 23.000000 0.000000 0.000000 0.000000
0.156100 2002.796537 2038.922078 22.000000 0.000000 0.000000 0.000000
0.157300 2015.060606 2026.510823 22.000000 0.000000 0.000000 0.000000
0.158500 2017.523810 2024.056277 22.000000 0.000000 0.000000 0.000000
0.159700 2028.255411 2013.004329 23.000000 0.000000 0.000000 0.000000
0.160900 2039.060606 2001.593074 24.000000 0.000000 0.000000 0.000000
0.162100 2055.670996 1984.753247 23.000000 0.000000 0.000000 0.000000
0.163300 2065.242424 1974.857143 24.000000 0.000000 0.000000 0.000000
0.164500 2085.030303 1955.220779 24.000000 0.000000 0.000000 0.000000
0.165700 2106.956710 1933.636364 23.000000 0.000000 0.000000 0.000000
0.166900 2107.112554 1933.774892 24.000000 0.000000 0.000000 0.000000
0.168100 2103.870130 1937.554113 22.000000 0.000000 0.000000 0.000000
0.169300 2107.424242 1934.359307 22.000000 0.000000 0.000000 0.000000
0.170500 2101.307359 1940.662338 22.000000 0.000000 0.000000 0.000000
0.171700 2118.835498 1923.164502 22.000000 0.000000 0.000000 0.000000
0.172900 2133.597403 1908.432900 22.000000 0.000000 0.000000 0.000000
0.174100 2147.774892 1894.623377 22.000000 0.000000 0.000000 0.000000
0.175300 2145.735931 1896.809524 22.000000 0.000000 0.000000 0.000000
0.176500 2128.948052 1913.766234 20.000000 0.000000 0.000000 0.000000
0.177700 2118.385281 1924.567100 21.000000 0.000000 0.000000 0.000000
0.178900 2107.675325 1935.298701 22.000000 0.000000 0.000000 0.000000
0.180100 2103.437229 1939.523810 21.000000 0.000000 0.000000 0.000000
0.181300 2118.471861 1923.774892 21.000000 0.000000 0.000000 0.000000
0.182500 2145.484848 1896.489177 22.000000 0.000000 0.000000 0.000000
0.183700 2179.939394 1862.004329 22.000000 0.000000 0.000000 0.000000
0.184900 2200.350649 1841.077922 24.000000 0.000000 0.000000 0.000000
0.186100 2220.303030 1821.194805 22.000000 0.000000 0.000000 0.000000
0.187300 2229.285714 1811.982684 22.000000 0.000000 0.000000 0.000000
0.188500 2220.350649 1820.121212 24.000000 0.000000 0.000000 0.000000
0.189700 2217.047619 1822.320346 23.000000 0.000000 0.000000 0.000000
0.190900 2212.844156 1824.952381 27.000000 0.000000 0.000000 0.000000
0.192100 2226.696970 1810.004329 28.000000 0.000000 0.000000 0.000000
0.193300 2238.307359 1798.341991 28.000000 0.000000 0.000000 0.000000
0.194500 2256.987013 1779.835498 27.000000 0.000000 0.000000 0.000000
0.195700 2271.774892 1765.835498 26.000000 0.000000 0.000000 0.000000
0.196900 2279.311688 1759.571429 24.000000 0.000000 0.000000 0.000000
0.198100 2284.419913 1755.753247 25.000000 0.000000 0.000000 0.000000
0.199300 2295.376623 1745.800866 24.000000 0.000000 0.000000 0.000000
0.200500 2300.601732 1741.701299 20.000000 0.000000 0.000000 0.000000
0.201700 2301.489177 1741.376623 21.000000 0.000000 0.000000 0.000000
0.202900 2292.800866 1750.614719 21.000000 0.000000 0.000000 0.000000
0.204100 2303.354978 1740.090909 20.000000 0.000000 0.000000 0.000000
0.205300 2314.497835 1728.510823 22.000000 0.000000 0.000000 0.000000
0.206500 2331.233766 1711.593074 21.000000 0.000000 0.000000 0.000000
0.207700 2337.779221 1704.601732 21.000000 0.000000 0.000000 0.000000
0.208900 2340.000000 1701.848485 22.000000 0.000000 0.000000 0.000000
0.210100 2345.731602 1695.870130 23.000000 0.000000 0.000000 0.000000
0.211300 2339.086580 1702.112554 23.000000 0.000000 0.000000 0.000000
0.212500 2338.337662 1702.571429 23.000000 0.000000 0.000000 0.000000
0.213700 2347.216450 1693.463203 23.000000 0.000000 0.000000 0.000000
0.214900 2358.281385 1682.316017 23.000000 0.000000 0.000000 0.000000
0.216100 2371.441558 1668.978355 24.000000 0.000000 0.000000 0.000000
0.217300 2366.610390 1673.779221 24.000000 0.000000 0.000000 0.000000
0.218500 2361.623377 1679.173160 23.000000 0.000000 0.000000 0.000000
0.219700 2373.865801 1667.354978 23.000000 0.000000 0.000000 0.000000
0.220900 2378.580087 1663.281385 22.000000 0.000000 0.000000 0.000000
0.222100 2378.982684 1663.090909 21.000000 0.000000 0.000000 0.000000
0.223300 2375.844156 1666.701299 22.000000 0.000000 0.000000 0.000000
0.224500 2369.670996 1673.904762 21.000000 0.000000 0.000000 0.000000
0.225700 2370.393939 1673.735931 21.000000 0.000000 0.000000 0.000000
0.226900 2359.519481 1684.887446 18.000000 0.000000 0.000000 0.000000
0.228100 2359.233766 1685.324675 18.000000 0.000000 0.000000 0.000000
0.229300 2380.636364 1663.571429 21.000000 0.000000 0.000000 0.000000
0.230500 2402.978355 1640.709957 21.000000 0.000000 0.000000 0.000000
0.231700 2413.510823 1629.216450 21.000000 0.000000 0.000000 0.000000
0.232900 2430.389610 1612.367965 21.000000 0.000000 0.000000 0.000000
0.234100 2434.939394 1608.367965 21.000000 0.000000 0.000000 0.000000
0.235300 2437.787879 1605.909091 21.000000 0.000000 0.000000 0.000000
0.236500 2426.203463 1617.800866 19.000000 0.000000 0.000000 0.000000
0.237700 2427.199134 1616.878788 20.000000 0.000000 0.000000 0.000000
0.238900 2441.930736 1601.787879 20.000000 0.000000 0.000000 0.000000
0.240100 2454.705628 1588.307359 21.000000 0.000000 0.000000 0.000000
0.241300 2450.844156 1591.203463 22.000000 0.000000 0.000000 0.000000
0.242500 2464.961039 1576.519481 23.000000 0.000000 0.000000 0.000000
0.243700 2464.467532 1576.549784 23.000000 0.000000 0.000000 0.000000
0.244900 2466.004329 1574.874459 23.000000 0.000000 0.000000 0.000000
0.246100 2462.411255 1578.316017 23.000000 0.000000 0.000000 0.000000
0.247300 2460.510823 1580.428571 23.000000 0.000000 0.000000 0.000000
0.248500 2455.121212 1586.064935 23.000000 0.000000 0.000000 0.000000
0.249700 2450.138528 1591.666667 23.000000 0.000000 0.000000 0.000000
0.250900 2441.541126 1600.974026 21.000000 0.000000 0.000000 0.000000
0.252100 2446.380952 1596.606061 21.000000 0.000000 0.000000 0.000000
0.253300 2434.610390 1608.476190 20.000000 0.000000 0.000000 0.000000
0.254500 2435.047619 1607.965368 21.000000 0.000000 0.000000 0.000000
0.255700 2427.480519 1615.108225 22.000000 0.000000 0.000000 0.000000
0.256900 2424.134199 1618.497835 22.000000 0.000000 0.000000 0.000000
0.258100 2423.415584 1619.350649 21.000000 0.000000 0.000000 0.000000
0.259300 2440.333333 1602.792208 21.000000 0.000000 0.000000 0.000000
0.260500 2454.255411 1588.922078 20.000000 0.000000 0.000000 0.000000
0.261700 2458.541126 1584.363636 21.000000 0.000000 0.000000 0.000000
0.262900 2446.891775 1595.307359 22.000000 0.000000 0.000000 0.000000
0.264100 2432.619048 1608.722944 23.000000 0.000000 0.000000 0.000000
0.265300 2426.770563 1613.935065 23.000000 0.000000 0.000000 0.000000
0.266500 2421.575758 1618.753247 24.000000 0.000000 0.000000 0.000000
0.267700 2433.242424 1607.008658 24.000000 0.000000 0.000000 0.000000
0.268900 2458.142857 1582.220779 23.000000 0.000000 0.000000 0.000000
0.270100 2470.337662 1569.995671 24.000000 0.000000 0.000000 0.000000
0.271300 2461.891775 1578.935065 23.000000 0.000000 0.000000 0.000000
0.272500 2446.138528 1595.272727 23.000000 0.000000 0.000000 0.000000
0.273700 2433.025974 1608.580087 23.000000 0.000000 0.000000 0.000000
0.274900 2429.761905 1611.844156 21.000000 0.000000 0.000000 0.000000
0.276100 2417.649351 1623.761905 22.000000 0.000000 0.000000 0.000000
0.277300 2422.857143 1618.255411 24.000000 0.000000 0.000000 0.000000
0.278500 2436.597403 1604.064935 24.000000 0.000000 0.000000 0.000000
0.279700 2449.558442 1590.545455 23.000000 0.000000 0.000000 0.000000
0.280900 2450.705628 1589.164502 24.000000 0.000000 0.000000 0.000000
0.282100 2453.471861 1586.727273 24.000000 0.000000 0.000000 0.000000
0.283300 2459.956710 1580.320346 24.000000 0.000000 0.000000 0.000000
0.284500 2454.471861 1586.103896 24.000000 0.000000 0.000000 0.000000
0.285700 2440.995671 1600.329004 22.000000 0.000000 0.000000 0.000000
0.286900 2418.731602 1622.779221 23.000000 0.000000 0.000000 0.000000
0.288100 2414.852814 1626.216450 22.000000 0.000000 0.000000 0.000000
0.289300 2404.497835 1635.450216 23.000000 0.000000 0.000000 0.000000
0.290500 2394.437229 1644.324675 26.000000 0.000000 0.000000 0.000000
0.291700 2398.359307 1639.857143 27.000000 0.000000 0.000000 0.000000
0.292900 2414.974026 1622.575758 27.000000 0.000000 0.000000 0.000000
0.294100 2425.662338 1612.000000 25.000000 0.000000 0.000000 0.000000
0.295300 2442.649351 1595.857143 25.000000 0.000000 0.000000 0.000000
0.296500 2452.714286 1586.601732 26.000000 0.000000 0.000000 0.000000
0.297700 2461.290043 1578.658009 24.000000 0.000000 0.000000 0.000000
0.298900 2443.073593 1597.246753 23.000000 0.000000 0.000000 0.000000
0.300100 2424.935065 1615.896104 23.000000 0.000000 0.000000 0.000000
0.301300 2420.290043 1620.649351 23.000000 0.000000 0.000000 0.000000
0.302500 2419.744589 1620.982684 23.000000 0.000000 0.000000 0.000000
0.303700 2415.904762 1625.329004 23.000000 0.000000 0.000000 0.000000
0.304900 2427.298701 1615.203463 23.000000 0.000000 0.000000 0.000000
0.306100 2440.454545 1603.593074 20.000000 0.000000 0.000000 0.000000
0.307300 2454.484848 1591.324675 17.000000 0.000000 0.000000 0.000000
0.308500 2460.255411 1587.186147 16.000000 0.000000 0.000000 0.000000
0.309700 2462.554113 1586.134199 16.000000 0.000000 0.000000 0.000000
0.310900 2466.857143 1582.103896 15.000000 0.000000 0.000000 0.000000
0.312100 2457.991342 1590.913420 15.000000 0.000000 0.000000 0.000000
0.313300 2443.363636 1605.415584 15.000000 0.000000 0.000000 0.000000
0.314500 2427.199134 1621.246753 16.000000 0.000000 0.000000 0.000000
0.315700 2414.692641 1632.874459 16.000000 0.000000 0.000000 0.000000
0.316900 2421.709957 1625.090909 17.000000 0.000000 0.000000 0.000000
0.318100 2427.887446 1618.389610 18.000000 0.000000 0.000000 0.000000
0.319300 2442.995671 1602.978355 19.000000 0.000000 0.000000 0.000000
0.320500 2459.519481 1585.926407 18.000000 0.000000 0.000000 0.000000
0.321700 2478.562771 1566.545455 18.000000 0.000000 0.000000 0.000000
0.322900 2488.757576 1556.108225 19.000000 0.000000 0.000000 0.000000
0.324100 2495.874459 1548.995671 20.000000 0.000000 0.000000 0.000000
0.325300 2498.796537 1546.709957 19.000000 0.000000 0.000000 0.000000
0.326500 2489.714286 1556.645022 18.000000 0.000000 0.000000 0.000000
0.327700 2476.662338 1570.740260 16.000000 0.000000 0.000000 0.000000
0.328900 2463.458874 1584.913420 14.000000 0.000000 0.000000 0.000000
0.330100 2456.112554 1592.987013 16.000000 0.000000 0.000000 0.000000
0.331300 2456.290043 1593.458874 15.000000 0.000000 0.000000 0.000000
0.332500 2440.718615 1609.385281 14.000000 0.000000 0.000000 0.000000
0.333700 2446.545455 1603.865801 13.000000 0.000000 0.000000 0.000000
0.334900 2468.549784 1581.982684 13.000000 0.000000 0.000000 0.000000
0.336100 2483.077922 1566.766234 14.000000 0.000000 0.000000 0.000000
0.337300 2499.818182 1549.038961 15.000000 0.000000 0.000000 0.000000
0.338500 2519.445887 1528.406926 17.000000 0.000000 0.000000 0.000000
0.339700 2540.415584 1506.740260 17.000000 0.000000 0.000000 0.000000
0.340900 2534.272727 1512.666667 17.000000 0.000000 0.000000 0.000000
0.342100 2510.731602 1536.207792 17.000000 0.000000 0.000000 0.000000
0.343300 2499.290043 1547.601732 17.000000 0.000000 0.000000 0.000000
0.344500 2495.731602 1550.757576 17.000000 0.000000 0.000000 0.000000
0.345700 2488.398268 1557.601732 18.000000 0.000000 0.000000 0.000000
0.346900 2481.125541 1564.385281 19.000000 0.000000 0.000000 0.000000
0.348100 2475.679654 1569.337662 19.000000 0.000000 0.000000 0.000000
0.349300 2471.705628 1573.051948 19.000000 0.000000 0.000000 0.000000
0.350500 2461.454545 1583.290043 19.000000 0.000000 0.000000 0.000000
0.351700 2465.839827 1579.580087 19.000000 0.000000 0.000000 0.000000
0.352900 2472.497835 1573.917749 18.000000 0.000000 0.000000 0.000000
0.354100 2482.303030 1565.212121 17.000000 0.000000 0.000000 0.000000
0.355300 2495.415584 1553.329004 14.000000 0.000000 0.000000 0.000000
0.356500 2500.428571 1549.415584 14.000000 0.000000 0.000000 0.000000
0.357700 2494.190476 1556.272727 14.000000 0.000000 0.000000 0.000000
0.358900 2485.623377 1565.337662 13.000000 0.000000 0.000000 0.000000
0.360100 2481.177489 1569.852814 13.000000 0.000000 0.000000 0.000000
0.361300 2487.878788 1563.476190 13.000000 0.000000 0.000000 0.000000
0.362500 2487.766234 1563.610390 12.000000 0.000000 0.000000 0.000000
0.363700 2478.731602 1572.454545 13.000000 0.000000 0.000000 0.000000
0.364900 2484.207792 1566.709957 13.000000 0.000000 0.000000 0.000000
0.366100 2479.372294 1570.952381 14.000000 0.000000 0.000000 0.000000
0.367300 2466.428571 1583.108225 14.000000 0.000000 0.000000 0.000000
0.368500 2453.701299 1595.268398 15.000000 0.000000 0.000000 0.000000
0.369700 2450.220779 1598.199134 16.000000 0.000000 0.000000 0.000000
0.370900 2457.238095 1590.870130 16.000000 0.000000 0.000000 0.000000
0.372100 2454.783550 1593.186147 16.000000 0.000000 0.000000 0.000000
0.373300 2442.069264 1605.870130 16.000000 0.000000 0.000000 0.000000
0.374500 2450.090909 1597.770563 16.000000 0.000000 0.000000 0.000000
0.375700 2457.670996 1589.774892 16.000000 0.000000 0.000000 0.000000
0.376900 2459.783550 1587.528139 17.000000 0.000000 0.000000 0.000000
0.378100 2465.095238 1582.138528 17.000000 0.000000 0.000000 0.000000
0.379300 2467.718615 1579.844156 17.000000 0.000000 0.000000 0.000000
0.380500 2475.597403 1572.995671 15.000000 0.000000 0.000000 0.000000
0.381700 2472.372294 1577.203463 15.000000 0.000000 0.000000 0.000000
0.382900 2470.826840 1579.645022 13.000000 0.000000 0.000000 0.000000
0.384100 2483.627706 1567.329004 12.000000 0.000000 0.000000 0.000000
0.385300 2492.857143 1557.770563 14.000000 0.000000 0.000000 0.000000
0.386500 2488.766234 1561.978355 13.000000 0.000000 0.000000 0.000000
0.387700 2478.497835 1572.303030 14.000000 0.000000 0.000000 0.000000
0.388900 2481.121212 1569.965368 14.000000 0.000000 0.000000 0.000000
0.390100 2488.601732 1562.770563 11.000000 0.000000 0.000000 0.000000
0.391300 2490.190476 1561.225108 12.000000 0.000000 0.000000 0.000000
0.392500 2499.160173 1552.419913 13.000000 0.000000 0.000000 0.000000
0.393700 2503.818182 1547.320346 14.000000 0.000000 0.000000 0.000000
0.394900 2498.155844 1551.779221 13.000000 0.000000 0.000000 0.000000
0.396100 2473.220779 1575.887446 14.000000 0.000000 0.000000 0.000000
0.397300 2451.281385 1597.277056 16.000000 0.000000 0.000000 0.000000
0.398500 2442.666667 1605.554113 17.000000 0.000000 0.000000 0.000000
0.399700 2444.320346 1603.666667 16.000000 0.000000 0.000000 0.000000
0.400900 2466.528139 1581.748918 15.000000 0.000000 0.000000 0.000000
0.402100 2494.991342 1553.718615 15.000000 0.000000 0.000000 0.000000
0.403300 2518.774892 1530.316017 15.000000 0.000000 0.000000 0.000000
0.404500 2541.792208 1507.437229 15.000000 0.000000 0.000000 0.000000
0.405700 2539.939394 1509.341991 15.000000 0.000000 0.000000 0.000000
0.406900 2528.601732 1521.177489 14.000000 0.000000 0.000000 0.000000
0.408100 2517.151515 1533.000000 14.000000 0.000000 0.000000 0.000000
0.409300 2519.073593 1531.082251 14.000000 0.000000 0.000000 0.000000
0.410500 2531.043290 1518.701299 13.000000 0.000000 0.000000 0.000000
0.411700 2547.896104 1501.216450 15.000000 0.000000 0.000000 0.000000
0.412900 2544.134199 1504.562771 16.000000 0.000000 0.000000 0.000000
0.414100 2530.805195 1517.844156 16.000000 0.000000 0.000000 0.000000
0.415300 2507.766234 1541.160173 15.000000 0.000000 0.000000 0.000000
0.416500 2485.324675 1564.445887 14.000000 0.000000 0.000000 0.000000
0.417700 2467.822511 1582.696970 13.000000 0.000000 0.000000 0.000000
0.418900 2460.051948 1590.930736 13.000000 0.000000 0.000000 0.000000
0.420100 2467.935065 1583.186147 13.000000 0.000000 0.000000 0.000000
0.421300 2474.935065 1576.064935 13.000000 0.000000 0.000000 0.000000
0.422500 2459.134199 1591.744589 13.000000 0.000000 0.000000 0.000000
0.423700 2444.246753 1606.861472 13.000000 0.000000 0.000000 0.000000
0.424900 2441.870130 1609.731602 13.000000 0.000000 0.000000 0.000000
0.426100 2439.870130 1612.432900 12.000000 0.000000 0.000000 0.000000
0.427300 2437.935065 1614.597403 11.000000 0.000000 0.000000 0.000000
0.428500 2453.969697 1598.255411 11.000000 0.000000 0.000000 0.000000
0.429700 2475.722944 1575.545455 12.000000 0.000000 0.000000 0.000000
0.430900 2481.385281 1568.450216 15.000000 0.000000 0.000000 0.000000
0.432100 2477.861472 1570.523810 16.000000 0.000000 0.000000 0.000000
0.433300 2475.874459 1571.454545 17.000000 0.000000 0.000000 0.000000
0.434500 2467.376623 1579.549784 17.000000 0.000000 0.000000 0.000000
0.435700 2458.441558 1588.467532 17.000000 0.000000 0.000000 0.000000
0.436900 2458.298701 1588.471861 17.000000 0.000000 0.000000 0.000000
0.438100 2453.623377 1592.822511 17.000000 0.000000 0.000000 0.000000
0.439300 2453.588745 1592.632035 18.000000 0.000000 0.000000 0.000000
0.440500 2446.203463 1600.272727 18.000000 0.000000 0.000000 0.000000
0.441700 2441.064935 1605.818182 18.000000 0.000000 0.000000 0.000000
0.442900 2439.558442 1607.658009 16.000000 0.000000 0.000000 0.000000
0.444100 2434.878788 1612.948052 15.000000 0.000000 0.000000 0.000000
0.445300 2444.519481 1604.112554 16.000000 0.000000 0.000000 0.000000
0.446500 2460.489177 1588.683983 16.000000 0.000000 0.000000 0.000000
0.447700 2461.774892 1588.017316 14.000000 0.000000 0.000000 0.000000
0.448900 2472.285714 1578.012987 13.000000 0.000000 0.000000 0.000000
0.450100 2470.069264 1580.242424 14.000000 0.000000 0.000000 0.000000
0.451300 2471.424242 1578.160173 13.000000 0.000000 0.000000 0.000000
0.452500 2459.783550 1588.419913 16.000000 0.000000 0.000000 0.000000
0.453700 2451.995671 1595.164502 18.000000 0.000000 0.000000 0.000000
0.454900 2447.857143 1598.588745 18.000000 0.000000 0.000000 0.000000
0.456100 2457.303030 1588.688312 18.000000 0.000000 0.000000 0.000000
0.457300 2458.437229 1587.575758 17.000000 0.000000 0.000000 0.000000
0.458500 2465.961039 1580.103896 18.000000 0.000000 0.000000 0.000000
0.459700 2467.203463 1578.822511 18.000000 0.000000 0.000000 0.000000
0.460900 2473.774892 1571.969697 19.000000 0.000000 0.000000 0.000000
0.462100 2469.757576 1575.748918 18.000000 0.000000 0.000000 0.000000
0.463300 2472.333333 1573.173160 18.000000 0.000000 0.000000 0.000000
0.464500 2474.004329 1571.649351 19.000000 0.000000 0.000000 0.000000
0.465700 2475.904762 1570.000000 18.000000 0.000000 0.000000 0.000000
0.466900 2469.445887 1576.727273 18.000000 0.000000 0.000000 0.000000
0.468100 2467.281385 1579.424242 17.000000 0.000000 0.000000 0.000000
0.469300 2464.831169 1582.584416 17.000000 0.000000 0.000000 0.000000
0.470500 2464.878788 1582.809524 16.000000 0.000000 0.000000 0.000000
0.471700 2463.792208 1584.112554 16.000000 0.000000 0.000000 0.000000
0.472900 2478.000000 1570.000000 16.000000 0.000000 0.000000 0.000000
0.474100 2453.000000 1594.000000 17.000000 0.000000 0.000000 0.000000
0.475300 2456.000000 1591.000000 17.000000 0.000000 0.000000 0.000000
0.476500 2465.000000 1581.000000 18.000000 0.000000 0.000000 0.000000
0.477700 2460.000000 1584.000000 20.000000 0.000000 0.000000 0.000000
0.478900 2452.000000 1591.000000 21.000000 0.000000 0.000000 0.000000
