2.500000000000000052e-03 0.000000000000000000e+00 0.000000000000000000e+00 0.000000000000000000e+00 0.000000000000000000e+00
7.499999999999999722e-03 0.000000000000000000e+00 0.000000000000000000e+00 0.000000000000000000e+00 0.000000000000000000e+00
1.250000000000000069e-02 0.000000000000000000e+00 0.000000000000000000e+00 0.000000000000000000e+00 0.000000000000000000e+00
1.750000000000000167e-02 0.000000000000000000e+00 0.000000000000000000e+00 0.000000000000000000e+00 0.000000000000000000e+00
2.249999999999999917e-02 0.000000000000000000e+00 0.000000000000000000e+00 0.000000000000000000e+00 0.000000000000000000e+00
2.750000000000000014e-02 0.000000000000000000e+00 0.000000000000000000e+00 0.000000000000000000e+00 0.000000000000000000e+00
3.250000000000000111e-02 0.000000000000000000e+00 0.000000000000000000e+00 0.000000000000000000e+00 0.000000000000000000e+00
3.749999999999999861e-02 0.000000000000000000e+00 0.000000000000000000e+00 0.000000000000000000e+00 0.000000000000000000e+00
4.250000000000000305e-02 0.000000000000000000e+00 0.000000000000000000e+00 0.000000000000000000e+00 0.000000000000000000e+00
4.750000000000000056e-02 0.000000000000000000e+00 0.000000000000000000e+00 0.000000000000000000e+00 0.000000000000000000e+00
5.249999999999999806e-02 0.000000000000000000e+00 0.000000000000000000e+00 0.000000000000000000e+00 0.000000000000000000e+00
5.750000000000000250e-02 0.000000000000000000e+00 0.000000000000000000e+00 0.000000000000000000e+00 0.000000000000000000e+00
6.250000000000000000e-02 0.000000000000000000e+00 0.000000000000000000e+00 0.000000000000000000e+00 0.000000000000000000e+00
6.750000000000000444e-02 0.000000000000000000e+00 0.000000000000000000e+00 0.000000000000000000e+00 0.000000000000000000e+00
7.249999999999999500e-02 0.000000000000000000e+00 0.000000000000000000e+00 0.000000000000000000e+00 0.000000000000000000e+00
7.749999999999999944e-02 0.000000000000000000e+00 0.000000000000000000e+00 0.000000000000000000e+00 0.000000000000000000e+00
8.250000000000000389e-02 0.000000000000000000e+00 0.000000000000000000e+00 0.000000000000000000e+00 0.000000000000000000e+00
8.749999999999999445e-02 0.000000000000000000e+00 0.000000000000000000e+00 0.000000000000000000e+00 0.000000000000000000e+00
9.249999999999999889e-02 0.000000000000000000e+00 0.000000000000000000e+00 0.000000000000000000e+00 0.000000000000000000e+00
9.750000000000000333e-02 0.000000000000000000e+00 0.000000000000000000e+00 0.000000000000000000e+00 0.000000000000000000e+00
1.024999999999999939e-01 0.000000000000000000e+00 0.000000000000000000e+00 0.000000000000000000e+00 0.000000000000000000e+00
1.074999999999999983e-01 0.000000000000000000e+00 0.000000000000000000e+00 0.000000000000000000e+00 0.000000000000000000e+00
1.125000000000000028e-01 0.000000000000000000e+00 0.000000000000000000e+00 0.000000000000000000e+00 0.000000000000000000e+00
1.174999999999999933e-01 0.000000000000000000e+00 0.000000000000000000e+00 0.000000000000000000e+00 0.000000000000000000e+00
1.224999999999999978e-01 0.000000000000000000e+00 0.000000000000000000e+00 0.000000000000000000e+00 0.000000000000000000e+00
1.275000000000000022e-01 0.000000000000000000e+00 0.000000000000000000e+00 0.000000000000000000e+00 0.000000000000000000e+00
1.325000000000000067e-01 0.000000000000000000e+00 0.000000000000000000e+00 0.000000000000000000e+00 0.000000000000000000e+00
1.375000000000000111e-01 0.000000000000000000e+00 0.000000000000000000e+00 0.000000000000000000e+00 0.000000000000000000e+00
1.424999999999999878e-01 0.000000000000000000e+00 0.000000000000000000e+00 0.000000000000000000e+00 0.000000000000000000e+00
1.474999999999999922e-01 0.000000000000000000e+00 0.000000000000000000e+00 0.000000000000000000e+00 0.000000000000000000e+00
1.524999999999999967e-01 0.000000000000000000e+00 0.000000000000000000e+00 0.000000000000000000e+00 0.000000000000000000e+00
1.575000000000000011e-01 0.000000000000000000e+00 0.000000000000000000e+00 0.000000000000000000e+00 0.000000000000000000e+00
1.625000000000000056e-01 0.000000000000000000e+00 0.000000000000000000e+00 0.000000000000000000e+00 0.000000000000000000e+00
1.675000000000000100e-01 0.000000000000000000e+00 0.000000000000000000e+00 0.000000000000000000e+00 0.000000000000000000e+00
1.724999999999999867e-01 0.000000000000000000e+00 0.000000000000000000e+00 0.000000000000000000e+00 0.000000000000000000e+00
1.774999999999999911e-01 0.000000000000000000e+00 0.000000000000000000e+00 0.000000000000000000e+00 0.000000000000000000e+00
1.824999999999999956e-01 0.000000000000000000e+00 0.000000000000000000e+00 0.000000000000000000e+00 0.000000000000000000e+00
1.875000000000000000e-01 0.000000000000000000e+00 0.000000000000000000e+00 0.000000000000000000e+00 0.000000000000000000e+00
1.925000000000000044e-01 0.000000000000000000e+00 0.000000000000000000e+00 0.000000000000000000e+00 9.999999999999999547e-08
1.975000000000000089e-01 0.000000000000000000e+00 0.000000000000000000e+00 0.000000000000000000e+00 4.959999999999999267e-05
2.025000000000000133e-01 0.000000000000000000e+00 0.000000000000000000e+00 0.000000000000000000e+00 8.290200000000001040e-03
2.074999999999999900e-01 0.000000000000000000e+00 0.000000000000000000e+00 0.000000000000000000e+00 1.979408000000000001e-01
2.124999999999999944e-01 0.000000000000000000e+00 0.000000000000000000e+00 0.000000000000000000e+00 1.265950499999999979e+00
2.174999999999999989e-01 0.000000000000000000e+00 0.000000000000000000e+00 0.000000000000000000e+00 3.248682899999999929e+00
2.225000000000000033e-01 0.000000000000000000e+00 0.000000000000000000e+00 0.000000000000000000e+00 4.457216600000000639e+00
2.275000000000000078e-01 0.000000000000000000e+00 0.000000000000000000e+00 0.000000000000000000e+00 4.313673200000001096e+00
2.325000000000000122e-01 0.000000000000000000e+00 0.000000000000000000e+00 0.000000000000000000e+00 3.989093399999999345e+00
2.374999999999999889e-01 0.000000000000000000e+00 0.000000000000000000e+00 0.000000000000000000e+00 3.697423299999999635e+00
2.424999999999999933e-01 0.000000000000000000e+00 0.000000000000000000e+00 0.000000000000000000e+00 3.433988099999999655e+00
2.474999999999999978e-01 0.000000000000000000e+00 0.000000000000000000e+00 0.000000000000000000e+00 3.196815099999999799e+00
2.525000000000000022e-01 0.000000000000000000e+00 0.000000000000000000e+00 0.000000000000000000e+00 2.982497399999999743e+00
2.575000000000000067e-01 0.000000000000000000e+00 0.000000000000000000e+00 0.000000000000000000e+00 2.789652499999999868e+00
2.625000000000000111e-01 0.000000000000000000e+00 0.000000000000000000e+00 0.000000000000000000e+00 2.615246299999999913e+00
2.675000000000000155e-01 0.000000000000000000e+00 0.000000000000000000e+00 0.000000000000000000e+00 2.457436900000000257e+00
2.725000000000000200e-01 0.000000000000000000e+00 0.000000000000000000e+00 0.000000000000000000e+00 2.315875700000000315e+00
2.775000000000000244e-01 0.000000000000000000e+00 0.000000000000000000e+00 0.000000000000000000e+00 2.186928100000000263e+00
2.824999999999999734e-01 0.000000000000000000e+00 0.000000000000000000e+00 0.000000000000000000e+00 2.071843799999999902e+00
2.874999999999999778e-01 0.000000000000000000e+00 0.000000000000000000e+00 0.000000000000000000e+00 1.967111599999999738e+00
2.924999999999999822e-01 0.000000000000000000e+00 0.000000000000000000e+00 0.000000000000000000e+00 1.872818099999999930e+00
2.974999999999999867e-01 0.000000000000000000e+00 0.000000000000000000e+00 0.000000000000000000e+00 1.787743699999999603e+00
3.024999999999999911e-01 0.000000000000000000e+00 0.000000000000000000e+00 0.000000000000000000e+00 1.711078899999999958e+00
3.074999999999999956e-01 0.000000000000000000e+00 0.000000000000000000e+00 0.000000000000000000e+00 1.643160500000000024e+00
3.125000000000000000e-01 0.000000000000000000e+00 0.000000000000000000e+00 0.000000000000000000e+00 1.581369299999999978e+00
3.175000000000000044e-01 0.000000000000000000e+00 0.000000000000000000e+00 0.000000000000000000e+00 1.526874400000000076e+00
3.225000000000000089e-01 0.000000000000000000e+00 0.000000000000000000e+00 0.000000000000000000e+00 1.478477399999999831e+00
3.275000000000000133e-01 0.000000000000000000e+00 0.000000000000000000e+00 0.000000000000000000e+00 1.435325499999999810e+00
3.325000000000000178e-01 0.000000000000000000e+00 0.000000000000000000e+00 0.000000000000000000e+00 1.398561799999999966e+00
3.375000000000000222e-01 0.000000000000000000e+00 0.000000000000000000e+00 0.000000000000000000e+00 1.366240300000000296e+00
3.425000000000000266e-01 0.000000000000000000e+00 0.000000000000000000e+00 0.000000000000000000e+00 1.338669400000000120e+00
3.474999999999999756e-01 0.000000000000000000e+00 0.000000000000000000e+00 0.000000000000000000e+00 1.315419100000000174e+00
3.524999999999999800e-01 0.000000000000000000e+00 0.000000000000000000e+00 0.000000000000000000e+00 1.296277600000000030e+00
3.574999999999999845e-01 0.000000000000000000e+00 0.000000000000000000e+00 0.000000000000000000e+00 1.281931699999999896e+00
3.624999999999999889e-01 0.000000000000000000e+00 0.000000000000000000e+00 0.000000000000000000e+00 1.271576600000000168e+00
3.674999999999999933e-01 0.000000000000000000e+00 0.000000000000000000e+00 0.000000000000000000e+00 1.264102299999999790e+00
3.724999999999999978e-01 0.000000000000000000e+00 0.000000000000000000e+00 0.000000000000000000e+00 1.260701500000000141e+00
3.775000000000000022e-01 0.000000000000000000e+00 0.000000000000000000e+00 0.000000000000000000e+00 1.261211100000000140e+00
3.825000000000000067e-01 0.000000000000000000e+00 0.000000000000000000e+00 0.000000000000000000e+00 1.264682300000000037e+00
3.875000000000000111e-01 0.000000000000000000e+00 0.000000000000000000e+00 0.000000000000000000e+00 1.271395700000000017e+00
3.925000000000000155e-01 0.000000000000000000e+00 0.000000000000000000e+00 0.000000000000000000e+00 1.280364999999999975e+00
3.975000000000000200e-01 0.000000000000000000e+00 0.000000000000000000e+00 0.000000000000000000e+00 1.292771500000000184e+00
4.025000000000000244e-01 0.000000000000000000e+00 0.000000000000000000e+00 0.000000000000000000e+00 1.307264699999999946e+00
4.074999999999999734e-01 0.000000000000000000e+00 0.000000000000000000e+00 0.000000000000000000e+00 1.323995999999999729e+00
4.124999999999999778e-01 0.000000000000000000e+00 0.000000000000000000e+00 0.000000000000000000e+00 1.342586300000000010e+00
4.174999999999999822e-01 0.000000000000000000e+00 0.000000000000000000e+00 0.000000000000000000e+00 1.362950500000000176e+00
4.224999999999999867e-01 0.000000000000000000e+00 0.000000000000000000e+00 0.000000000000000000e+00 1.385553899999999894e+00
4.274999999999999911e-01 0.000000000000000000e+00 0.000000000000000000e+00 0.000000000000000000e+00 1.408098499999999920e+00
4.324999999999999956e-01 0.000000000000000000e+00 0.000000000000000000e+00 0.000000000000000000e+00 1.429798699999999867e+00
4.375000000000000000e-01 0.000000000000000000e+00 0.000000000000000000e+00 0.000000000000000000e+00 1.447392000000000012e+00
4.425000000000000044e-01 0.000000000000000000e+00 0.000000000000000000e+00 0.000000000000000000e+00 1.459250500000000006e+00
4.475000000000000089e-01 0.000000000000000000e+00 0.000000000000000000e+00 0.000000000000000000e+00 1.464385999999999965e+00
4.525000000000000133e-01 0.000000000000000000e+00 0.000000000000000000e+00 0.000000000000000000e+00 1.464630600000000227e+00
4.575000000000000178e-01 0.000000000000000000e+00 0.000000000000000000e+00 0.000000000000000000e+00 1.459961300000000017e+00
4.625000000000000222e-01 0.000000000000000000e+00 0.000000000000000000e+00 0.000000000000000000e+00 1.451989100000000033e+00
4.675000000000000266e-01 0.000000000000000000e+00 0.000000000000000000e+00 0.000000000000000000e+00 1.440970900000000166e+00
4.724999999999999756e-01 0.000000000000000000e+00 0.000000000000000000e+00 0.000000000000000000e+00 1.427877900000000144e+00
4.774999999999999800e-01 0.000000000000000000e+00 0.000000000000000000e+00 0.000000000000000000e+00 1.413015899999999991e+00
4.824999999999999845e-01 0.000000000000000000e+00 0.000000000000000000e+00 0.000000000000000000e+00 1.396474600000000121e+00
4.874999999999999889e-01 0.000000000000000000e+00 0.000000000000000000e+00 0.000000000000000000e+00 1.379804900000000112e+00
4.924999999999999933e-01 0.000000000000000000e+00 0.000000000000000000e+00 0.000000000000000000e+00 1.362207100000000004e+00
4.974999999999999978e-01 0.000000000000000000e+00 0.000000000000000000e+00 0.000000000000000000e+00 1.344265800000000066e+00
5.024999999999999467e-01 0.000000000000000000e+00 0.000000000000000000e+00 0.000000000000000000e+00 1.326581200000000127e+00
5.074999999999999512e-01 0.000000000000000000e+00 0.000000000000000000e+00 0.000000000000000000e+00 1.308924500000000046e+00
5.124999999999999556e-01 0.000000000000000000e+00 0.000000000000000000e+00 0.000000000000000000e+00 1.291522100000000117e+00
5.174999999999999600e-01 0.000000000000000000e+00 0.000000000000000000e+00 0.000000000000000000e+00 1.274949700000000075e+00
5.224999999999999645e-01 0.000000000000000000e+00 0.000000000000000000e+00 0.000000000000000000e+00 1.258907700000000185e+00
5.274999999999999689e-01 0.000000000000000000e+00 0.000000000000000000e+00 0.000000000000000000e+00 1.243203399999999847e+00
5.324999999999999734e-01 0.000000000000000000e+00 0.000000000000000000e+00 0.000000000000000000e+00 1.228424599999999867e+00
5.374999999999999778e-01 0.000000000000000000e+00 0.000000000000000000e+00 0.000000000000000000e+00 1.214721800000000185e+00
5.424999999999999822e-01 0.000000000000000000e+00 0.000000000000000000e+00 0.000000000000000000e+00 1.201825999999999839e+00
5.474999999999999867e-01 0.000000000000000000e+00 0.000000000000000000e+00 0.000000000000000000e+00 1.189441700000000157e+00
5.524999999999999911e-01 0.000000000000000000e+00 0.000000000000000000e+00 0.000000000000000000e+00 1.178056699999999957e+00
5.574999999999999956e-01 0.000000000000000000e+00 0.000000000000000000e+00 0.000000000000000000e+00 1.167560600000000059e+00
5.625000000000000000e-01 0.000000000000000000e+00 0.000000000000000000e+00 0.000000000000000000e+00 1.158250199999999897e+00
5.675000000000000044e-01 0.000000000000000000e+00 0.000000000000000000e+00 0.000000000000000000e+00 1.149501300000000059e+00
5.725000000000000089e-01 0.000000000000000000e+00 0.000000000000000000e+00 0.000000000000000000e+00 1.142020300000000210e+00
5.775000000000000133e-01 0.000000000000000000e+00 0.000000000000000000e+00 0.000000000000000000e+00 1.135235900000000075e+00
5.825000000000000178e-01 0.000000000000000000e+00 1.999999999999999909e-07 1.999999999999999909e-07 1.129072099999999912e+00
5.875000000000000222e-01 0.000000000000000000e+00 4.799999999999999783e-06 4.799999999999999783e-06 1.123658400000000057e+00
5.925000000000000266e-01 0.000000000000000000e+00 4.600000000000000004e-05 4.600000000000000004e-05 1.119038799999999778e+00
5.975000000000000311e-01 0.000000000000000000e+00 4.219000000000000636e-04 4.219000000000000636e-04 1.115100999999999898e+00
6.025000000000000355e-01 0.000000000000000000e+00 2.593100000000000092e-03 2.593100000000000092e-03 1.111675500000000039e+00
6.075000000000000400e-01 0.000000000000000000e+00 1.219079999999999817e-02 1.219079999999999817e-02 1.108909300000000098e+00
6.125000000000000444e-01 0.000000000000000000e+00 4.417019999999999974e-02 4.417019999999999974e-02 1.106381999999999977e+00
6.175000000000000488e-01 0.000000000000000000e+00 1.287997999999999921e-01 1.287997999999999921e-01 1.104417799999999783e+00
6.225000000000000533e-01 0.000000000000000000e+00 3.113974000000000464e-01 3.113974000000000464e-01 1.102253500000000219e+00
6.274999999999999467e-01 0.000000000000000000e+00 6.379354000000000413e-01 6.379354000000000413e-01 1.100766600000000039e+00
6.324999999999999512e-01 0.000000000000000000e+00 1.127152000000000154e+00 1.127152000000000154e+00 1.099072600000000177e+00
6.374999999999999556e-01 0.000000000000000000e+00 1.756261800000000095e+00 1.756261800000000095e+00 1.097791799999999984e+00
6.424999999999999600e-01 0.000000000000000000e+00 2.452006100000000188e+00 2.452006100000000188e+00 1.096009999999999929e+00
6.474999999999999645e-01 0.000000000000000000e+00 3.109495800000000365e+00 3.109495800000000365e+00 1.094498900000000052e+00
6.524999999999999689e-01 0.000000000000000000e+00 3.630325299999999977e+00 3.630325299999999977e+00 1.092348799999999898e+00
6.574999999999999734e-01 0.000000000000000000e+00 3.946099400000000035e+00 3.946099400000000035e+00 1.090281600000000184e+00
6.624999999999999778e-01 0.000000000000000000e+00 4.034896200000000377e+00 4.034896200000000377e+00 1.087811199999999978e+00
6.674999999999999822e-01 0.000000000000000000e+00 3.913412499999999739e+00 3.913412499999999739e+00 1.085116699999999934e+00
6.724999999999999867e-01 0.000000000000000000e+00 3.629991300000000365e+00 3.629991300000000365e+00 1.082044499999999854e+00
6.774999999999999911e-01 0.000000000000000000e+00 3.283508400000000105e+00 3.283508400000000105e+00 1.078720300000000076e+00
6.824999999999999956e-01 0.000000000000000000e+00 2.973512800000000400e+00 2.973512800000000400e+00 1.075303800000000143e+00
6.875000000000000000e-01 0.000000000000000000e+00 2.701518500000000156e+00 2.701518500000000156e+00 1.071015899999999688e+00
6.925000000000000044e-01 0.000000000000000000e+00 2.461141099999999859e+00 2.461141099999999859e+00 1.067170699999999917e+00
6.975000000000000089e-01 0.000000000000000000e+00 2.250607800000000047e+00 2.250607800000000047e+00 1.062654699999999952e+00
7.025000000000000133e-01 0.000000000000000000e+00 2.065691499999999348e+00 2.065691499999999348e+00 1.058448199999999728e+00
7.075000000000000178e-01 0.000000000000000000e+00 1.901199300000000036e+00 1.901199300000000036e+00 1.053754399999999869e+00
7.125000000000000222e-01 0.000000000000000000e+00 1.758560200000000240e+00 1.758560200000000240e+00 1.049115800000000043e+00
7.175000000000000266e-01 0.000000000000000000e+00 1.631190999999999836e+00 1.631190999999999836e+00 1.044735399999999981e+00
7.225000000000000311e-01 0.000000000000000000e+00 1.520475599999999705e+00 1.520475599999999705e+00 1.040063799999999983e+00
7.275000000000000355e-01 0.000000000000000000e+00 1.422092500000000204e+00 1.422092500000000204e+00 1.035386499999999987e+00
7.325000000000000400e-01 0.000000000000000000e+00 1.335575100000000015e+00 1.335575100000000015e+00 1.030912300000000004e+00
7.375000000000000444e-01 0.000000000000000000e+00 1.261093099999999856e+00 1.261093099999999856e+00 1.026403800000000199e+00
7.425000000000000488e-01 0.000000000000000000e+00 1.194737000000000160e+00 1.194737000000000160e+00 1.022228799999999937e+00
7.475000000000000533e-01 0.000000000000000000e+00 1.137908600000000048e+00 1.137908600000000048e+00 1.018153700000000272e+00
7.524999999999999467e-01 0.000000000000000000e+00 1.088712800000000147e+00 1.088712800000000147e+00 1.013954699999999765e+00
7.574999999999999512e-01 0.000000000000000000e+00 1.047264500000000043e+00 1.047264500000000043e+00 1.010033500000000029e+00
7.624999999999999556e-01 0.000000000000000000e+00 1.011000500000000191e+00 1.011000500000000191e+00 1.006559699999999946e+00
7.674999999999999600e-01 0.000000000000000000e+00 9.813823000000001517e-01 9.813823000000001517e-01 1.002834000000000225e+00
7.724999999999999645e-01 0.000000000000000000e+00 9.575587000000002069e-01 9.575587000000002069e-01 9.998110999999999526e-01
7.774999999999999689e-01 0.000000000000000000e+00 9.390608999999999762e-01 9.390608999999999762e-01 9.965844999999999843e-01
7.824999999999999734e-01 0.000000000000000000e+00 9.257674000000001291e-01 9.257674000000001291e-01 9.937331000000000358e-01
7.874999999999999778e-01 0.000000000000000000e+00 9.178185000000000926e-01 9.178185000000000926e-01 9.907207000000001207e-01
7.924999999999999822e-01 0.000000000000000000e+00 9.141567999999999916e-01 9.141567999999999916e-01 9.883540999999999022e-01
7.974999999999999867e-01 0.000000000000000000e+00 9.155801999999999552e-01 9.155801999999999552e-01 9.860166000000001318e-01
8.024999999999999911e-01 0.000000000000000000e+00 9.207257999999999276e-01 9.207257999999999276e-01 9.838263000000001535e-01
8.074999999999999956e-01 0.000000000000000000e+00 9.320766000000000329e-01 9.320766000000000329e-01 9.816300999999999499e-01
8.125000000000000000e-01 0.000000000000000000e+00 9.478946000000000316e-01 9.478946000000000316e-01 9.796990000000000975e-01
8.175000000000000044e-01 0.000000000000000000e+00 9.687004000000000170e-01 9.687004000000000170e-01 9.780421999999999727e-01
8.225000000000000089e-01 0.000000000000000000e+00 9.928665000000000962e-01 9.928665000000000962e-01 9.762828999999999535e-01
8.275000000000000133e-01 0.000000000000000000e+00 1.022860400000000114e+00 1.022860400000000114e+00 9.747470000000000301e-01
8.325000000000000178e-01 0.000000000000000000e+00 1.056527499999999842e+00 1.056527499999999842e+00 9.732952999999998633e-01
8.375000000000000222e-01 0.000000000000000000e+00 1.093707399999999996e+00 1.093707399999999996e+00 9.717387999999997916e-01
8.425000000000000266e-01 0.000000000000000000e+00 1.132586199999999987e+00 1.132586199999999987e+00 9.705014999999999059e-01
8.475000000000000311e-01 0.000000000000000000e+00 1.172831399999999968e+00 1.172831399999999968e+00 9.693986999999999465e-01
8.525000000000000355e-01 0.000000000000000000e+00 1.212229999999999919e+00 1.212229999999999919e+00 9.681829000000000685e-01
8.575000000000000400e-01 0.000000000000000000e+00 1.247750300000000090e+00 1.247750300000000090e+00 9.669900999999999636e-01
8.625000000000000444e-01 0.000000000000000000e+00 1.279886800000000102e+00 1.279886800000000102e+00 9.658282999999998619e-01
8.675000000000000488e-01 0.000000000000000000e+00 1.305408099999999960e+00 1.305408099999999960e+00 9.649458000000000757e-01
8.725000000000000533e-01 0.000000000000000000e+00 1.323549199999999981e+00 1.323549199999999981e+00 9.640513000000000554e-01
8.774999999999999467e-01 0.000000000000000000e+00 1.333420700000000014e+00 1.333420700000000014e+00 9.628892000000000007e-01
8.824999999999999512e-01 0.000000000000000000e+00 1.335170900000000049e+00 1.335170900000000049e+00 9.621445999999999055e-01
8.874999999999999556e-01 0.000000000000000000e+00 1.330293100000000006e+00 1.330293100000000006e+00 9.610970999999999265e-01
8.924999999999999600e-01 0.000000000000000000e+00 1.319167800000000002e+00 1.319167800000000002e+00 9.601739000000000246e-01
8.974999999999999645e-01 0.000000000000000000e+00 1.303495499999999918e+00 1.303495499999999918e+00 9.592893000000000114e-01
9.024999999999999689e-01 0.000000000000000000e+00 1.283778900000000167e+00 1.283778900000000167e+00 9.584910000000000929e-01
9.074999999999999734e-01 0.000000000000000000e+00 1.262623499999999899e+00 1.262623499999999899e+00 9.575686000000001030e-01
9.124999999999999778e-01 0.000000000000000000e+00 1.239700700000000211e+00 1.239700700000000211e+00 9.568612999999999147e-01
9.174999999999999822e-01 0.000000000000000000e+00 1.216017200000000020e+00 1.216017200000000020e+00 9.561110999999999915e-01
9.224999999999999867e-01 0.000000000000000000e+00 1.190717400000000037e+00 1.190717400000000037e+00 9.555307000000000661e-01
9.274999999999999911e-01 0.000000000000000000e+00 1.166874999999999885e+00 1.166874999999999885e+00 9.550116999999997969e-01
9.324999999999999956e-01 0.000000000000000000e+00 1.142342699999999933e+00 1.142342699999999933e+00 9.543585999999999459e-01
9.375000000000000000e-01 0.000000000000000000e+00 1.119094899999999893e+00 1.119094899999999893e+00 9.538173999999998154e-01
9.425000000000000044e-01 0.000000000000000000e+00 1.096604200000000251e+00 1.096604200000000251e+00 9.532923999999999287e-01
9.475000000000000089e-01 0.000000000000000000e+00 1.075433099999999920e+00 1.075433099999999920e+00 9.527868999999998811e-01
9.525000000000000133e-01 0.000000000000000000e+00 1.055308399999999924e+00 1.055308399999999924e+00 9.525050000000000461e-01
9.575000000000000178e-01 0.000000000000000000e+00 1.035935300000000225e+00 1.035935300000000225e+00 9.521519999999998873e-01
9.625000000000000222e-01 4.420000000000000372e-05 1.019332299999999858e+00 1.019332299999999858e+00 9.519821999999997786e-01
9.675000000000000266e-01 1.533000000000000129e-04 1.002941199999999977e+00 1.002941199999999977e+00 9.517098999999997755e-01
9.725000000000000311e-01 8.623999999999999288e-04 9.879774000000001166e-01 9.879774000000001166e-01 9.516261000000000303e-01
9.775000000000000355e-01 3.470700000000000174e-03 9.756496000000002278e-01 9.756496000000002278e-01 9.515635000000001176e-01
9.825000000000000400e-01 1.128699999999999842e-02 9.637303000000001507e-01 9.637303000000001507e-01 9.515163999999998179e-01
9.875000000000000444e-01 3.188359999999999805e-02 9.537160000000000082e-01 9.537160000000000082e-01 9.515179000000000276e-01
9.925000000000000488e-01 8.285479999999997847e-02 9.446972000000000147e-01 9.446972000000000147e-01 9.515380999999999423e-01
9.975000000000000533e-01 1.856930000000000247e-01 9.369625999999999788e-01 9.369625999999999788e-01 9.516128999999999838e-01
1.002499999999999947e+00 3.817537999999999210e-01 9.313392999999999811e-01 9.313392999999999811e-01 9.519192999999998017e-01
1.007500000000000062e+00 7.027195000000000524e-01 9.267341000000000051e-01 9.267341000000000051e-01 9.520785000000000498e-01
1.012499999999999956e+00 1.199501300000000104e+00 9.226185999999998444e-01 9.226185999999998444e-01 9.524524999999999242e-01
1.017500000000000071e+00 1.871881699999999871e+00 9.206521000000000843e-01 9.206521000000000843e-01 9.528206000000001286e-01
1.022499999999999964e+00 2.707707500000000156e+00 9.192393000000000924e-01 9.192393000000000924e-01 9.531533999999999285e-01
1.027500000000000080e+00 3.667827100000001117e+00 9.189258999999999622e-01 9.189258999999999622e-01 9.536175999999999542e-01
1.032499999999999973e+00 4.672352299999999126e+00 9.195377000000000134e-01 9.195377000000000134e-01 9.541890000000000649e-01
1.037500000000000089e+00 5.618713699999999811e+00 9.208279000000001435e-01 9.208279000000001435e-01 9.546482000000000578e-01
1.042499999999999982e+00 6.428306399999999421e+00 9.228479000000000543e-01 9.228479000000000543e-01 9.554367000000001386e-01
1.047500000000000098e+00 7.023164800000000874e+00 9.250947999999998839e-01 9.250947999999998839e-01 9.560365000000000668e-01
1.052499999999999991e+00 7.363460099999999287e+00 9.278120000000000811e-01 9.278120000000000811e-01 9.569292000000000353e-01
1.057500000000000107e+00 7.439409199999998279e+00 9.310139999999998972e-01 9.310139999999998972e-01 9.577069999999998640e-01
1.062500000000000000e+00 7.271283300000000338e+00 9.338320999999998318e-01 9.338320999999998318e-01 9.586482000000000614e-01
1.067499999999999893e+00 6.903078699999999124e+00 9.367200000000002191e-01 9.367200000000002191e-01 9.593862999999999142e-01
1.072500000000000009e+00 6.379808599999999608e+00 9.397679999999999367e-01 9.397679999999999367e-01 9.604516999999999083e-01
1.077499999999999902e+00 5.759973800000000033e+00 9.417015000000000802e-01 9.417015000000000802e-01 9.616143999999998693e-01
1.082500000000000018e+00 5.099085500000000160e+00 9.432618999999998755e-01 9.432618999999998755e-01 9.626634999999998943e-01
1.087499999999999911e+00 4.439913499999999402e+00 9.444255999999999762e-01 9.444255999999999762e-01 9.637323999999999335e-01
1.092500000000000027e+00 3.801789000000000751e+00 9.449790000000000134e-01 9.449790000000000134e-01 9.650819999999999954e-01
1.097499999999999920e+00 3.220455299999999799e+00 9.451038999999997747e-01 9.451038999999997747e-01 9.662494999999999834e-01
1.102500000000000036e+00 2.697321399999999869e+00 9.436415999999999693e-01 9.436415999999999693e-01 9.675865000000000160e-01
1.107499999999999929e+00 2.240340599999999682e+00 9.425107999999999819e-01 9.425107999999999819e-01 9.689420999999999173e-01
1.112500000000000044e+00 1.853394600000000114e+00 9.406071999999999766e-01 9.406071999999999766e-01 9.704341000000000772e-01
1.117499999999999938e+00 1.524142999999999804e+00 9.374105000000000354e-01 9.374105000000000354e-01 9.718185000000000295e-01
1.122500000000000053e+00 1.249033400000000071e+00 9.345324999999998772e-01 9.345324999999998772e-01 9.732817999999998637e-01
1.127499999999999947e+00 1.027779800000000021e+00 9.313844000000000012e-01 9.313844000000000012e-01 9.748609999999999776e-01
1.132500000000000062e+00 8.610231999999999886e-01 9.275938000000000239e-01 9.275938000000000239e-01 9.764892000000001682e-01
1.137499999999999956e+00 7.286520999999999137e-01 9.235321000000000780e-01 9.235321000000000780e-01 9.781634999999999636e-01
1.142500000000000071e+00 6.231608999999999066e-01 9.196100000000001495e-01 9.196100000000001495e-01 9.798113999999999990e-01
1.147499999999999964e+00 5.446736999999999274e-01 9.155038999999998151e-01 9.155038999999998151e-01 9.816537999999999098e-01
1.152500000000000080e+00 4.782307000000000086e-01 9.112939000000001011e-01 9.112939000000001011e-01 9.834302999999998685e-01
1.157499999999999973e+00 4.300765999999999201e-01 9.073959999999999804e-01 9.073959999999999804e-01 9.852503999999999706e-01
1.162500000000000089e+00 3.907205000000000816e-01 9.031786000000000536e-01 9.031786000000000536e-01 9.870683999999998459e-01
1.167499999999999982e+00 3.575280000000000125e-01 8.992326999999999959e-01 8.992326999999999959e-01 9.889835000000000154e-01
1.172500000000000098e+00 3.338341000000000225e-01 8.953820000000000112e-01 8.953820000000000112e-01 9.909727000000000396e-01
1.177499999999999991e+00 3.176922000000000357e-01 8.920308000000000126e-01 8.920308000000000126e-01 9.928934999999998734e-01
1.182500000000000107e+00 3.047131999999999619e-01 8.886978000000000932e-01 8.886978000000000932e-01 9.949497999999999953e-01
1.187500000000000000e+00 2.970165999999999640e-01 8.862754999999999939e-01 8.862754999999999939e-01 9.971280000000000143e-01
1.192499999999999893e+00 2.913310000000000066e-01 8.834519999999999040e-01 8.834519999999999040e-01 9.992668999999997359e-01
1.197500000000000009e+00 2.929370000000000029e-01 8.812375999999998433e-01 8.812375999999998433e-01 1.001369799999999977e+00
1.202499999999999902e+00 2.948768000000000500e-01 8.799232000000000165e-01 8.799232000000000165e-01 1.003647299999999909e+00
1.207500000000000018e+00 3.041461999999999777e-01 8.785094000000001069e-01 8.785094000000001069e-01 1.005864500000000161e+00
1.212499999999999911e+00 3.150738000000000150e-01 8.772330999999999879e-01 8.772330999999999879e-01 1.008094500000000115e+00
1.217500000000000027e+00 3.337761000000000200e-01 8.769069999999998810e-01 8.769069999999998810e-01 1.010489699999999713e+00
1.222499999999999920e+00 3.515560999999999825e-01 8.765434999999998089e-01 8.765434999999998089e-01 1.012754400000000166e+00
1.227500000000000036e+00 3.774290000000000145e-01 8.769476000000000493e-01 8.769476000000000493e-01 1.015283500000000005e+00
1.232499999999999929e+00 4.076012999999999442e-01 8.774596000000001172e-01 8.774596000000001172e-01 1.017709900000000056e+00
1.237500000000000044e+00 4.451869999999999439e-01 8.781491999999999631e-01 8.781491999999999631e-01 1.020216899999999871e+00
1.242499999999999938e+00 4.890220000000000122e-01 8.796314000000000632e-01 8.796314000000000632e-01 1.022742299999999771e+00
1.247500000000000053e+00 5.388576999999999950e-01 8.810289999999998400e-01 8.810289999999998400e-01 1.025232499999999991e+00
1.252499999999999947e+00 6.008649999999999824e-01 8.825205999999999884e-01 8.825205999999999884e-01 1.027755600000000102e+00
1.257500000000000062e+00 6.667286999999999519e-01 8.849609999999999976e-01 8.849609999999999976e-01 1.030468200000000056e+00
1.262499999999999956e+00 7.421843000000001300e-01 8.871976999999999780e-01 8.871976999999999780e-01 1.032949200000000012e+00
1.267500000000000071e+00 8.198730000000000739e-01 8.897494000000000236e-01 8.897494000000000236e-01 1.035455899999999874e+00
1.272499999999999964e+00 9.036562000000001316e-01 8.921656999999999504e-01 8.921656999999999504e-01 1.037911100000000086e+00
1.277500000000000080e+00 9.848965999999998999e-01 8.946427000000000129e-01 8.946427000000000129e-01 1.040041899999999853e+00
1.282499999999999973e+00 1.061618500000000243e+00 8.974410000000000442e-01 8.974410000000000442e-01 1.042168499999999831e+00
1.287500000000000089e+00 1.127815699999999977e+00 9.000934999999999908e-01 9.000934999999999908e-01 1.043663599999999914e+00
1.292499999999999982e+00 1.179890400000000117e+00 9.020808999999999633e-01 9.020808999999999633e-01 1.044879399999999903e+00
1.297500000000000098e+00 1.220621100000000236e+00 9.047228000000000492e-01 9.047228000000000492e-01 1.045643399999999890e+00
1.302499999999999991e+00 1.241342199999999618e+00 9.067612999999999923e-01 9.067612999999999923e-01 1.045846800000000076e+00
1.307500000000000107e+00 1.247187899999999905e+00 9.089056999999998165e-01 9.089056999999998165e-01 1.045554300000000048e+00
1.312500000000000000e+00 1.237710699999999830e+00 9.106522000000000228e-01 9.106522000000000228e-01 1.045044600000000212e+00
1.317499999999999893e+00 1.212788399999999989e+00 9.126402000000000125e-01 9.126402000000000125e-01 1.043843700000000041e+00
1.322500000000000009e+00 1.182537900000000253e+00 9.135758999999999963e-01 9.135758999999999963e-01 1.042435900000000082e+00
1.327499999999999902e+00 1.143373199999999867e+00 9.147502999999999052e-01 9.147502999999999052e-01 1.040646600000000088e+00
1.332500000000000018e+00 1.100031800000000004e+00 9.156020000000000270e-01 9.156020000000000270e-01 1.038806400000000130e+00
1.337499999999999911e+00 1.058308800000000049e+00 9.167818000000000911e-01 9.167818000000000911e-01 1.036704800000000093e+00
1.342500000000000027e+00 1.012133299999999902e+00 9.172064000000000883e-01 9.172064000000000883e-01 1.034592799999999979e+00
1.347499999999999920e+00 9.659425999999999846e-01 9.176925999999998584e-01 9.176925999999998584e-01 1.032691599999999932e+00
1.352500000000000036e+00 9.235675999999999330e-01 9.180110000000001325e-01 9.180110000000001325e-01 1.030669600000000186e+00
1.357499999999999929e+00 8.816585000000000116e-01 9.184284999999998700e-01 9.184284999999998700e-01 1.028728300000000040e+00
1.362500000000000044e+00 8.428646000000000749e-01 9.190290000000000958e-01 9.190290000000000958e-01 1.027158099999999852e+00
1.367499999999999938e+00 8.105052999999999841e-01 9.196338000000000568e-01 9.196338000000000568e-01 1.025393999999999917e+00
1.372500000000000053e+00 7.772646999999999196e-01 9.201207000000000136e-01 9.201207000000000136e-01 1.023825199999999880e+00
1.377499999999999947e+00 7.505765999999999272e-01 9.211073000000000732e-01 9.211073000000000732e-01 1.022493000000000096e+00
1.382500000000000062e+00 7.250169000000000752e-01 9.216547000000001599e-01 9.216547000000001599e-01 1.021315799999999774e+00
1.387499999999999956e+00 7.000717000000000745e-01 9.228960000000000496e-01 9.228960000000000496e-01 1.020270400000000022e+00
1.392500000000000071e+00 6.841263000000000760e-01 9.239736000000000615e-01 9.239736000000000615e-01 1.019501299999999944e+00
1.397499999999999964e+00 6.682167000000001078e-01 9.255418000000000811e-01 9.255418000000000811e-01 1.018573900000000254e+00
1.402500000000000080e+00 6.528467999999999494e-01 9.273253999999999664e-01 9.273253999999999664e-01 1.017964800000000114e+00
1.407499999999999973e+00 6.418780000000000596e-01 9.293872999999999163e-01 9.293872999999999163e-01 1.017604899999999812e+00
1.412500000000000089e+00 6.311035000000000394e-01 9.316517000000000825e-01 9.316517000000000825e-01 1.017248700000000117e+00
1.417499999999999982e+00 6.283236999999999295e-01 9.336925999999999837e-01 9.336925999999999837e-01 1.017081600000000030e+00
1.422500000000000098e+00 6.254457999999999407e-01 9.364220999999999240e-01 9.364220999999999240e-01 1.016909300000000016e+00
1.427499999999999991e+00 6.216937000000000157e-01 9.392568000000001138e-01 9.392568000000001138e-01 1.016885400000000050e+00
1.432500000000000107e+00 6.256791999999999909e-01 9.421231999999999385e-01 9.421231999999999385e-01 1.017031800000000041e+00
1.437500000000000000e+00 6.274558000000001190e-01 9.455790000000000584e-01 9.455790000000000584e-01 1.017187199999999958e+00
1.442499999999999893e+00 6.333769999999999678e-01 9.485953999999999775e-01 9.485953999999999775e-01 1.017453700000000127e+00
1.447500000000000009e+00 6.417583999999999511e-01 9.519973000000000463e-01 9.519973000000000463e-01 1.017639599999999866e+00
1.452499999999999902e+00 6.523644999999999028e-01 9.554344999999997423e-01 9.554344999999997423e-01 1.018015999999999810e+00
1.457500000000000018e+00 6.636092999999999575e-01 9.589467000000000407e-01 9.589467000000000407e-01 1.018277799999999900e+00
1.462499999999999911e+00 6.766410000000000480e-01 9.620782999999999419e-01 9.620782999999999419e-01 1.018645199999999917e+00
1.467500000000000027e+00 6.900962000000000485e-01 9.656110999999999445e-01 9.656110999999999445e-01 1.018958500000000100e+00
1.472499999999999920e+00 7.070864999999999512e-01 9.689579999999999860e-01 9.689579999999999860e-01 1.019222200000000189e+00
1.477500000000000036e+00 7.244471999999999579e-01 9.723320000000000851e-01 9.723320000000000851e-01 1.019685199999999847e+00
1.482499999999999929e+00 7.422593000000000663e-01 9.755347000000001989e-01 9.755347000000001989e-01 1.019840199999999975e+00
1.487500000000000044e+00 7.565553999999999890e-01 9.787877000000001493e-01 9.787877000000001493e-01 1.020010399999999873e+00
1.492499999999999938e+00 7.722297000000000189e-01 9.815403999999998685e-01 9.815403999999998685e-01 1.020160300000000131e+00
1.497500000000000053e+00 7.879981000000000346e-01 9.853731000000000018e-01 9.853731000000000018e-01 1.020073900000000089e+00
1.502499999999999947e+00 8.024961999999999929e-01 9.879539999999999988e-01 9.879539999999999988e-01 1.019997499999999890e+00
1.507500000000000062e+00 8.135054000000000451e-01 9.912557999999999092e-01 9.912557999999999092e-01 1.019807799999999931e+00
1.512499999999999956e+00 8.243728999999999640e-01 9.940509000000000706e-01 9.940509000000000706e-01 1.019436600000000137e+00
1.517500000000000071e+00 8.330778000000000905e-01 9.972026000000001611e-01 9.972026000000001611e-01 1.019080099999999600e+00
1.522499999999999964e+00 8.409943999999999198e-01 1.000204400000000104e+00 1.000204400000000104e+00 1.018555399999999889e+00
1.527500000000000080e+00 8.454744999999999067e-01 1.003746000000000027e+00 1.003746000000000027e+00 1.017984900000000081e+00
1.532499999999999973e+00 8.527707000000001036e-01 1.007258800000000010e+00 1.007258800000000010e+00 1.017118100000000025e+00
1.537500000000000089e+00 8.549618999999999414e-01 1.010389800000000005e+00 1.010389800000000005e+00 1.016352399999999934e+00
1.542499999999999982e+00 8.560126000000000124e-01 1.013681899999999914e+00 1.013681899999999914e+00 1.015490100000000062e+00
1.547500000000000098e+00 8.552091999999997807e-01 1.017244099999999873e+00 1.017244099999999873e+00 1.014379000000000142e+00
1.552499999999999991e+00 8.544610000000000261e-01 1.020838600000000040e+00 1.020838600000000040e+00 1.013439299999999932e+00
1.557500000000000107e+00 8.522771999999999570e-01 1.024480499999999905e+00 1.024480499999999905e+00 1.012403600000000070e+00
1.562500000000000000e+00 8.490494999999999015e-01 1.028604300000000027e+00 1.028604300000000027e+00 1.011391699999999894e+00
1.567499999999999893e+00 8.459480000000001443e-01 1.032303999999999888e+00 1.032303999999999888e+00 1.010306199999999821e+00
1.572500000000000009e+00 8.411013999999999990e-01 1.036128400000000171e+00 1.036128400000000171e+00 1.009205300000000083e+00
1.577499999999999902e+00 8.389124000000001136e-01 1.040084800000000032e+00 1.040084800000000032e+00 1.008060599999999862e+00
1.582500000000000018e+00 8.336033000000000470e-01 1.044493399999999905e+00 1.044493399999999905e+00 1.007086700000000112e+00
1.587499999999999911e+00 8.321552000000000948e-01 1.048637500000000111e+00 1.048637500000000111e+00 1.006139200000000011e+00
1.592500000000000027e+00 8.281404999999999461e-01 1.052731300000000036e+00 1.052731300000000036e+00 1.005205300000000079e+00
1.597499999999999920e+00 8.250816999999999179e-01 1.057563400000000042e+00 1.057563400000000042e+00 1.004271800000000159e+00
1.602500000000000036e+00 8.230185000000000972e-01 1.061467200000000055e+00 1.061467200000000055e+00 1.003354600000000207e+00
1.607499999999999929e+00 8.222183000000000686e-01 1.065995400000000037e+00 1.065995400000000037e+00 1.002652599999999783e+00
1.612500000000000044e+00 8.202453000000000660e-01 1.070464399999999872e+00 1.070464399999999872e+00 1.001885700000000323e+00
1.617499999999999938e+00 8.196048000000001332e-01 1.075309199999999965e+00 1.075309199999999965e+00 1.001236400000000026e+00
1.622500000000000053e+00 8.184573000000000542e-01 1.079929799999999940e+00 1.079929799999999940e+00 1.000519600000000064e+00
1.627499999999999947e+00 8.197577000000000336e-01 1.084239799999999754e+00 1.084239799999999754e+00 9.999221999999999833e-01
1.632500000000000062e+00 8.223727000000000675e-01 1.088705200000000151e+00 1.088705200000000151e+00 9.994231999999998450e-01
1.637499999999999956e+00 8.206191000000000457e-01 1.093550100000000302e+00 1.093550100000000302e+00 9.989262999999999337e-01
1.642500000000000071e+00 8.202996000000000176e-01 1.098353400000000146e+00 1.098353400000000146e+00 9.985313000000000105e-01
1.647499999999999964e+00 8.251279000000000252e-01 1.102713199999999949e+00 1.102713199999999949e+00 9.981272000000001032e-01
1.652500000000000080e+00 8.265171999999999519e-01 1.107157099999999783e+00 1.107157099999999783e+00 9.977762000000002240e-01
1.657499999999999973e+00 8.260154999999999026e-01 1.110900600000000127e+00 1.110900600000000127e+00 9.975432000000001853e-01
1.662500000000000089e+00 8.292619000000002183e-01 1.114501899999999823e+00 1.114501899999999823e+00 9.972390000000000976e-01
1.667499999999999982e+00 8.324678000000000910e-01 1.117676899999999973e+00 1.117676899999999973e+00 9.970242000000000271e-01
1.672500000000000098e+00 8.357717999999998426e-01 1.120251300000000061e+00 1.120251300000000061e+00 9.968489999999998741e-01
1.677499999999999991e+00 8.389424999999999244e-01 1.121282099999999726e+00 1.121282099999999726e+00 9.966937000000000157e-01
1.682500000000000107e+00 8.416439999999999477e-01 1.121992199999999995e+00 1.121992199999999995e+00 9.964239999999999764e-01
1.687500000000000000e+00 8.449479999999999214e-01 1.121077300000000054e+00 1.121077300000000054e+00 9.963187000000001126e-01
1.692499999999999893e+00 8.514091000000000298e-01 1.119183299999999992e+00 1.119183299999999992e+00 9.962188999999999073e-01
1.697500000000000009e+00 8.554757000000000611e-01 1.116145100000000001e+00 1.116145100000000001e+00 9.960190000000000987e-01
1.702499999999999902e+00 8.588414999999999244e-01 1.111907100000000037e+00 1.111907100000000037e+00 9.959111999999998854e-01
1.707500000000000018e+00 8.678359999999999408e-01 1.106896899999999961e+00 1.106896899999999961e+00 9.956414000000000097e-01
1.712499999999999911e+00 8.731761000000000106e-01 1.100351700000000044e+00 1.100351700000000044e+00 9.955535999999998165e-01
1.717500000000000027e+00 8.811341000000000312e-01 1.093711400000000111e+00 1.093711400000000111e+00 9.954302999999999901e-01
1.722499999999999920e+00 8.867041999999999424e-01 1.085921699999999879e+00 1.085921699999999879e+00 9.952844000000000690e-01
1.727500000000000036e+00 8.957829000000000486e-01 1.078238300000000205e+00 1.078238300000000205e+00 9.951138999999999957e-01
1.732499999999999929e+00 9.031215000000001325e-01 1.070532299999999992e+00 1.070532299999999992e+00 9.949597000000001135e-01
1.737500000000000044e+00 9.080354000000001591e-01 1.062463199999999830e+00 1.062463199999999830e+00 9.946177000000000490e-01
1.742499999999999938e+00 9.182786000000000559e-01 1.055008300000000121e+00 1.055008300000000121e+00 9.944478999999999402e-01
1.747500000000000053e+00 9.293327000000000115e-01 1.047314099999999915e+00 1.047314099999999915e+00 9.942073999999999634e-01
1.752499999999999947e+00 9.393656000000000228e-01 1.040249500000000049e+00 1.040249500000000049e+00 9.939823999999998216e-01
1.757500000000000062e+00 9.462894000000000583e-01 1.033736699999999953e+00 1.033736699999999953e+00 9.938064000000000897e-01
1.762499999999999956e+00 9.588381999999999739e-01 1.027686399999999889e+00 1.027686399999999889e+00 9.934957999999998179e-01
1.767500000000000071e+00 9.721288000000001261e-01 1.022489999999999899e+00 1.022489999999999899e+00 9.931767000000000234e-01
1.772499999999999964e+00 9.808436999999999850e-01 1.017466500000000051e+00 1.017466500000000051e+00 9.930006999999999584e-01
1.777500000000000080e+00 9.953958999999998891e-01 1.013277199999999878e+00 1.013277199999999878e+00 9.927561999999999776e-01
1.782499999999999973e+00 1.007259300000000080e+00 1.009351600000000015e+00 1.009351600000000015e+00 9.924752000000000018e-01
1.787500000000000089e+00 1.021174400000000038e+00 1.006766899999999909e+00 1.006766899999999909e+00 9.921965000000000368e-01
1.792499999999999982e+00 1.034242799999999907e+00 1.004067299999999996e+00 1.004067299999999996e+00 9.920262999999998055e-01
1.797500000000000098e+00 1.045512700000000184e+00 1.001895999999999898e+00 1.001895999999999898e+00 9.917733999999999162e-01
1.802499999999999991e+00 1.056116599999999961e+00 1.000258499999999717e+00 1.000258499999999717e+00 9.915217999999998977e-01
1.807500000000000107e+00 1.063599799999999984e+00 9.992238999999999427e-01 9.992238999999999427e-01 9.913523000000001861e-01
1.812500000000000000e+00 1.072041699999999986e+00 9.983080000000000842e-01 9.983080000000000842e-01 9.911899999999999045e-01
1.817499999999999893e+00 1.077693200000000129e+00 9.975085000000001312e-01 9.975085000000001312e-01 9.910531999999999675e-01
1.822500000000000009e+00 1.078165900000000121e+00 9.976030000000001285e-01 9.976030000000001285e-01 9.909558000000000533e-01
1.827499999999999902e+00 1.081013000000000002e+00 9.975723000000001894e-01 9.975723000000001894e-01 9.908466000000000218e-01
1.832500000000000018e+00 1.077987400000000040e+00 9.980542000000000025e-01 9.980542000000000025e-01 9.907804000000000055e-01
1.837499999999999911e+00 1.074445799999999895e+00 9.982973999999998904e-01 9.982973999999998904e-01 9.906558000000000863e-01
1.842500000000000027e+00 1.071033600000000030e+00 9.989402999999998922e-01 9.989402999999998922e-01 9.907023000000002577e-01
1.847499999999999920e+00 1.064004700000000136e+00 9.998565999999999843e-01 9.998565999999999843e-01 9.906525999999999943e-01
1.852500000000000036e+00 1.057214499999999946e+00 1.000688900000000103e+00 1.000688900000000103e+00 9.906357000000000079e-01
1.857499999999999929e+00 1.049935800000000086e+00 1.001763200000000076e+00 1.001763200000000076e+00 9.907412000000000996e-01
1.862500000000000044e+00 1.047918600000000033e+00 1.002784400000000131e+00 1.002784400000000131e+00 9.907412000000000996e-01
1.867499999999999938e+00 1.040291900000000158e+00 1.003609299999999926e+00 1.003609299999999926e+00 9.908184000000002101e-01
1.872500000000000053e+00 1.037239599999999928e+00 1.004444300000000068e+00 1.004444300000000068e+00 9.909576000000001050e-01
1.877499999999999947e+00 1.036053000000000113e+00 1.005318500000000004e+00 1.005318500000000004e+00 9.910449000000001174e-01
1.882500000000000062e+00 1.037653300000000112e+00 1.005933299999999919e+00 1.005933299999999919e+00 9.912434999999998331e-01
1.887499999999999956e+00 1.039942899999999781e+00 1.006620599999999977e+00 1.006620599999999977e+00 9.913745999999999947e-01
1.892500000000000071e+00 1.041816699999999818e+00 1.007070000000000132e+00 1.007070000000000132e+00 9.914112999999999953e-01
1.897499999999999964e+00 1.048102799999999890e+00 1.007378099999999943e+00 1.007378099999999943e+00 9.916389999999999372e-01
1.902500000000000080e+00 1.058553599999999983e+00 1.007399900000000015e+00 1.007399900000000015e+00 9.918051999999999424e-01
1.907499999999999973e+00 1.067955100000000046e+00 1.007270299999999841e+00 1.007270299999999841e+00 9.921041000000000443e-01
1.912500000000000089e+00 1.078561000000000103e+00 1.006645000000000234e+00 1.006645000000000234e+00 9.921751999999999239e-01
1.917499999999999982e+00 1.090983700000000001e+00 1.006068500000000032e+00 1.006068500000000032e+00 9.924513999999998726e-01
1.922500000000000098e+00 1.101719200000000232e+00 1.005432400000000115e+00 1.005432400000000115e+00 9.926261000000000667e-01
1.927499999999999991e+00 1.115507800000000049e+00 1.004104900000000189e+00 1.004104900000000189e+00 9.928211999999998483e-01
1.932500000000000107e+00 1.129139399999999904e+00 1.002614200000000011e+00 1.002614200000000011e+00 9.929857999999999185e-01
1.937500000000000000e+00 1.141699099999999856e+00 1.001295199999999941e+00 1.001295199999999941e+00 9.932877000000001066e-01
1.942499999999999893e+00 1.150957399999999797e+00 9.995644000000000196e-01 9.995644000000000196e-01 9.934853999999999630e-01
1.947500000000000009e+00 1.158173500000000189e+00 9.977923000000000764e-01 9.977923000000000764e-01 9.936759000000000563e-01
1.952499999999999902e+00 1.171675000000000022e+00 9.959555000000002156e-01 9.959555000000002156e-01 9.938469000000000886e-01
1.957500000000000018e+00 1.175294400000000072e+00 9.938558000000000670e-01 9.938558000000000670e-01 9.941162000000002275e-01
1.962499999999999911e+00 1.185016100000000128e+00 9.919217999999998536e-01 9.919217999999998536e-01 9.942427000000000348e-01
1.967500000000000027e+00 1.186859100000000167e+00 9.898750999999998967e-01 9.898750999999998967e-01 9.944417000000000950e-01
1.972499999999999920e+00 1.190545300000000140e+00 9.875133000000000383e-01 9.875133000000000383e-01 9.946490999999999527e-01
1.977500000000000036e+00 1.193120700000000145e+00 9.858022999999999092e-01 9.858022999999999092e-01 9.949120999999999659e-01
1.982499999999999929e+00 1.196325099999999697e+00 9.835167000000002435e-01 9.835167000000002435e-01 9.950375999999998555e-01
1.987500000000000044e+00 1.198173799999999956e+00 9.818449000000001314e-01 9.818449000000001314e-01 9.952324999999999644e-01
1.992499999999999938e+00 1.200731800000000016e+00 9.798300000000000898e-01 9.798300000000000898e-01 9.954140999999999684e-01
1.997500000000000053e+00 1.201148000000000104e+00 9.784025999999999001e-01 9.784025999999999001e-01 9.957030000000000047e-01
