2.500000000000000052e-03 0.000000000000000000e+00 0.000000000000000000e+00 0.000000000000000000e+00 0.000000000000000000e+00
7.499999999999999722e-03 0.000000000000000000e+00 0.000000000000000000e+00 0.000000000000000000e+00 0.000000000000000000e+00
1.250000000000000069e-02 0.000000000000000000e+00 0.000000000000000000e+00 0.000000000000000000e+00 0.000000000000000000e+00
1.750000000000000167e-02 0.000000000000000000e+00 0.000000000000000000e+00 0.000000000000000000e+00 0.000000000000000000e+00
2.249999999999999917e-02 0.000000000000000000e+00 0.000000000000000000e+00 0.000000000000000000e+00 0.000000000000000000e+00
2.750000000000000014e-02 0.000000000000000000e+00 0.000000000000000000e+00 0.000000000000000000e+00 0.000000000000000000e+00
3.250000000000000111e-02 0.000000000000000000e+00 0.000000000000000000e+00 0.000000000000000000e+00 0.000000000000000000e+00
3.749999999999999861e-02 0.000000000000000000e+00 0.000000000000000000e+00 0.000000000000000000e+00 0.000000000000000000e+00
4.250000000000000305e-02 0.000000000000000000e+00 0.000000000000000000e+00 0.000000000000000000e+00 0.000000000000000000e+00
4.750000000000000056e-02 0.000000000000000000e+00 0.000000000000000000e+00 0.000000000000000000e+00 0.000000000000000000e+00
5.249999999999999806e-02 0.000000000000000000e+00 0.000000000000000000e+00 0.000000000000000000e+00 0.000000000000000000e+00
5.750000000000000250e-02 0.000000000000000000e+00 0.000000000000000000e+00 0.000000000000000000e+00 0.000000000000000000e+00
6.250000000000000000e-02 0.000000000000000000e+00 0.000000000000000000e+00 0.000000000000000000e+00 0.000000000000000000e+00
6.750000000000000444e-02 0.000000000000000000e+00 0.000000000000000000e+00 0.000000000000000000e+00 0.000000000000000000e+00
7.249999999999999500e-02 0.000000000000000000e+00 0.000000000000000000e+00 0.000000000000000000e+00 0.000000000000000000e+00
7.749999999999999944e-02 0.000000000000000000e+00 0.000000000000000000e+00 0.000000000000000000e+00 0.000000000000000000e+00
8.250000000000000389e-02 0.000000000000000000e+00 0.000000000000000000e+00 0.000000000000000000e+00 0.000000000000000000e+00
8.749999999999999445e-02 0.000000000000000000e+00 0.000000000000000000e+00 0.000000000000000000e+00 0.000000000000000000e+00
9.249999999999999889e-02 0.000000000000000000e+00 0.000000000000000000e+00 0.000000000000000000e+00 0.000000000000000000e+00
9.750000000000000333e-02 0.000000000000000000e+00 0.000000000000000000e+00 0.000000000000000000e+00 0.000000000000000000e+00
1.024999999999999939e-01 0.000000000000000000e+00 0.000000000000000000e+00 0.000000000000000000e+00 0.000000000000000000e+00
1.074999999999999983e-01 0.000000000000000000e+00 0.000000000000000000e+00 0.000000000000000000e+00 0.000000000000000000e+00
1.125000000000000028e-01 0.000000000000000000e+00 0.000000000000000000e+00 0.000000000000000000e+00 0.000000000000000000e+00
1.174999999999999933e-01 0.000000000000000000e+00 0.000000000000000000e+00 0.000000000000000000e+00 0.000000000000000000e+00
1.224999999999999978e-01 0.000000000000000000e+00 0.000000000000000000e+00 0.000000000000000000e+00 0.000000000000000000e+00
1.275000000000000022e-01 0.000000000000000000e+00 0.000000000000000000e+00 0.000000000000000000e+00 0.000000000000000000e+00
1.325000000000000067e-01 0.000000000000000000e+00 0.000000000000000000e+00 0.000000000000000000e+00 0.000000000000000000e+00
1.375000000000000111e-01 0.000000000000000000e+00 0.000000000000000000e+00 0.000000000000000000e+00 0.000000000000000000e+00
1.424999999999999878e-01 0.000000000000000000e+00 0.000000000000000000e+00 0.000000000000000000e+00 0.000000000000000000e+00
1.474999999999999922e-01 0.000000000000000000e+00 0.000000000000000000e+00 0.000000000000000000e+00 0.000000000000000000e+00
1.524999999999999967e-01 0.000000000000000000e+00 0.000000000000000000e+00 0.000000000000000000e+00 0.000000000000000000e+00
1.575000000000000011e-01 0.000000000000000000e+00 0.000000000000000000e+00 0.000000000000000000e+00 0.000000000000000000e+00
1.625000000000000056e-01 0.000000000000000000e+00 0.000000000000000000e+00 0.000000000000000000e+00 0.000000000000000000e+00
1.675000000000000100e-01 0.000000000000000000e+00 0.000000000000000000e+00 0.000000000000000000e+00 0.000000000000000000e+00
1.724999999999999867e-01 0.000000000000000000e+00 0.000000000000000000e+00 0.000000000000000000e+00 0.000000000000000000e+00
1.774999999999999911e-01 0.000000000000000000e+00 0.000000000000000000e+00 0.000000000000000000e+00 0.000000000000000000e+00
1.824999999999999956e-01 0.000000000000000000e+00 0.000000000000000000e+00 0.000000000000000000e+00 0.000000000000000000e+00
1.875000000000000000e-01 0.000000000000000000e+00 0.000000000000000000e+00 0.000000000000000000e+00 0.000000000000000000e+00
1.925000000000000044e-01 0.000000000000000000e+00 0.000000000000000000e+00 0.000000000000000000e+00 0.000000000000000000e+00
1.975000000000000089e-01 0.000000000000000000e+00 0.000000000000000000e+00 0.000000000000000000e+00 5.289999999999999835e-05
2.025000000000000133e-01 0.000000000000000000e+00 0.000000000000000000e+00 0.000000000000000000e+00 8.253899999999999779e-03
2.074999999999999900e-01 0.000000000000000000e+00 0.000000000000000000e+00 0.000000000000000000e+00 1.978781000000000012e-01
2.124999999999999944e-01 0.000000000000000000e+00 0.000000000000000000e+00 0.000000000000000000e+00 1.266091500000000147e+00
2.174999999999999989e-01 0.000000000000000000e+00 0.000000000000000000e+00 0.000000000000000000e+00 3.248829899999999604e+00
2.225000000000000033e-01 0.000000000000000000e+00 0.000000000000000000e+00 0.000000000000000000e+00 4.456634999999999458e+00
2.275000000000000078e-01 0.000000000000000000e+00 0.000000000000000000e+00 0.000000000000000000e+00 4.313000800000000190e+00
2.325000000000000122e-01 0.000000000000000000e+00 0.000000000000000000e+00 0.000000000000000000e+00 3.988309000000000104e+00
2.374999999999999889e-01 0.000000000000000000e+00 0.000000000000000000e+00 0.000000000000000000e+00 3.696544799999999409e+00
2.424999999999999933e-01 0.000000000000000000e+00 0.000000000000000000e+00 0.000000000000000000e+00 3.433655500000000416e+00
2.474999999999999978e-01 0.000000000000000000e+00 0.000000000000000000e+00 0.000000000000000000e+00 3.196270199999999839e+00
2.525000000000000022e-01 0.000000000000000000e+00 0.000000000000000000e+00 0.000000000000000000e+00 2.982441699999999862e+00
2.575000000000000067e-01 0.000000000000000000e+00 0.000000000000000000e+00 0.000000000000000000e+00 2.789117199999999741e+00
2.625000000000000111e-01 0.000000000000000000e+00 0.000000000000000000e+00 0.000000000000000000e+00 2.615174600000000460e+00
2.675000000000000155e-01 0.000000000000000000e+00 0.000000000000000000e+00 0.000000000000000000e+00 2.457368100000000499e+00
2.725000000000000200e-01 0.000000000000000000e+00 0.000000000000000000e+00 0.000000000000000000e+00 2.315686300000000308e+00
2.775000000000000244e-01 0.000000000000000000e+00 0.000000000000000000e+00 0.000000000000000000e+00 2.187164000000000108e+00
2.824999999999999734e-01 0.000000000000000000e+00 0.000000000000000000e+00 0.000000000000000000e+00 2.070509399999999722e+00
2.874999999999999778e-01 0.000000000000000000e+00 0.000000000000000000e+00 0.000000000000000000e+00 1.965979900000000002e+00
2.924999999999999822e-01 0.000000000000000000e+00 0.000000000000000000e+00 0.000000000000000000e+00 1.871977100000000060e+00
2.974999999999999867e-01 0.000000000000000000e+00 0.000000000000000000e+00 0.000000000000000000e+00 1.786910699999999963e+00
3.024999999999999911e-01 0.000000000000000000e+00 0.000000000000000000e+00 0.000000000000000000e+00 1.710956000000000143e+00
3.074999999999999956e-01 0.000000000000000000e+00 0.000000000000000000e+00 0.000000000000000000e+00 1.642200499999999952e+00
3.125000000000000000e-01 0.000000000000000000e+00 0.000000000000000000e+00 0.000000000000000000e+00 1.580695799999999984e+00
3.175000000000000044e-01 0.000000000000000000e+00 0.000000000000000000e+00 0.000000000000000000e+00 1.526269000000000098e+00
3.225000000000000089e-01 0.000000000000000000e+00 0.000000000000000000e+00 0.000000000000000000e+00 1.477598099999999803e+00
3.275000000000000133e-01 0.000000000000000000e+00 0.000000000000000000e+00 0.000000000000000000e+00 1.434667099999999973e+00
3.325000000000000178e-01 0.000000000000000000e+00 0.000000000000000000e+00 0.000000000000000000e+00 1.397973399999999922e+00
3.375000000000000222e-01 0.000000000000000000e+00 0.000000000000000000e+00 0.000000000000000000e+00 1.365420300000000031e+00
3.425000000000000266e-01 0.000000000000000000e+00 0.000000000000000000e+00 0.000000000000000000e+00 1.337257599999999824e+00
3.474999999999999756e-01 0.000000000000000000e+00 0.000000000000000000e+00 0.000000000000000000e+00 1.314715499999999704e+00
3.524999999999999800e-01 0.000000000000000000e+00 0.000000000000000000e+00 0.000000000000000000e+00 1.295597499999999735e+00
3.574999999999999845e-01 0.000000000000000000e+00 0.000000000000000000e+00 0.000000000000000000e+00 1.281097799999999953e+00
3.624999999999999889e-01 0.000000000000000000e+00 0.000000000000000000e+00 0.000000000000000000e+00 1.270176699999999936e+00
3.674999999999999933e-01 0.000000000000000000e+00 0.000000000000000000e+00 0.000000000000000000e+00 1.263358900000000062e+00
3.724999999999999978e-01 0.000000000000000000e+00 0.000000000000000000e+00 0.000000000000000000e+00 1.260556200000000127e+00
3.775000000000000022e-01 0.000000000000000000e+00 0.000000000000000000e+00 0.000000000000000000e+00 1.260488700000000239e+00
3.825000000000000067e-01 0.000000000000000000e+00 0.000000000000000000e+00 0.000000000000000000e+00 1.263932400000000067e+00
3.875000000000000111e-01 0.000000000000000000e+00 0.000000000000000000e+00 0.000000000000000000e+00 1.270519199999999849e+00
3.925000000000000155e-01 0.000000000000000000e+00 0.000000000000000000e+00 0.000000000000000000e+00 1.280307199999999979e+00
3.975000000000000200e-01 0.000000000000000000e+00 0.000000000000000000e+00 0.000000000000000000e+00 1.292107899999999976e+00
4.025000000000000244e-01 0.000000000000000000e+00 0.000000000000000000e+00 0.000000000000000000e+00 1.306499499999999703e+00
4.074999999999999734e-01 0.000000000000000000e+00 0.000000000000000000e+00 0.000000000000000000e+00 1.323421200000000075e+00
4.124999999999999778e-01 0.000000000000000000e+00 0.000000000000000000e+00 0.000000000000000000e+00 1.342022500000000118e+00
4.174999999999999822e-01 0.000000000000000000e+00 0.000000000000000000e+00 0.000000000000000000e+00 1.362376199999999926e+00
4.224999999999999867e-01 0.000000000000000000e+00 0.000000000000000000e+00 0.000000000000000000e+00 1.384621799999999903e+00
4.274999999999999911e-01 0.000000000000000000e+00 0.000000000000000000e+00 0.000000000000000000e+00 1.407282099999999980e+00
4.324999999999999956e-01 0.000000000000000000e+00 0.000000000000000000e+00 0.000000000000000000e+00 1.429191099999999937e+00
4.375000000000000000e-01 0.000000000000000000e+00 0.000000000000000000e+00 0.000000000000000000e+00 1.446834100000000012e+00
4.425000000000000044e-01 0.000000000000000000e+00 0.000000000000000000e+00 0.000000000000000000e+00 1.458162799999999981e+00
4.475000000000000089e-01 0.000000000000000000e+00 0.000000000000000000e+00 0.000000000000000000e+00 1.463875499999999885e+00
4.525000000000000133e-01 0.000000000000000000e+00 0.000000000000000000e+00 0.000000000000000000e+00 1.463384800000000041e+00
4.575000000000000178e-01 0.000000000000000000e+00 0.000000000000000000e+00 0.000000000000000000e+00 1.459214999999999929e+00
4.625000000000000222e-01 0.000000000000000000e+00 0.000000000000000000e+00 0.000000000000000000e+00 1.450935800000000109e+00
4.675000000000000266e-01 0.000000000000000000e+00 0.000000000000000000e+00 0.000000000000000000e+00 1.440214499999999953e+00
4.724999999999999756e-01 0.000000000000000000e+00 0.000000000000000000e+00 0.000000000000000000e+00 1.427191600000000005e+00
4.774999999999999800e-01 0.000000000000000000e+00 0.000000000000000000e+00 0.000000000000000000e+00 1.412328299999999981e+00
4.824999999999999845e-01 0.000000000000000000e+00 0.000000000000000000e+00 0.000000000000000000e+00 1.396306699999999790e+00
4.874999999999999889e-01 0.000000000000000000e+00 0.000000000000000000e+00 0.000000000000000000e+00 1.379122400000000193e+00
4.924999999999999933e-01 0.000000000000000000e+00 0.000000000000000000e+00 0.000000000000000000e+00 1.361003100000000021e+00
4.974999999999999978e-01 0.000000000000000000e+00 0.000000000000000000e+00 0.000000000000000000e+00 1.343602399999999975e+00
5.024999999999999467e-01 0.000000000000000000e+00 0.000000000000000000e+00 0.000000000000000000e+00 1.325757899999999934e+00
5.074999999999999512e-01 0.000000000000000000e+00 0.000000000000000000e+00 0.000000000000000000e+00 1.308239500000000222e+00
5.124999999999999556e-01 0.000000000000000000e+00 0.000000000000000000e+00 0.000000000000000000e+00 1.290978699999999924e+00
5.174999999999999600e-01 0.000000000000000000e+00 0.000000000000000000e+00 0.000000000000000000e+00 1.273758200000000063e+00
5.224999999999999645e-01 0.000000000000000000e+00 0.000000000000000000e+00 0.000000000000000000e+00 1.257796499999999984e+00
5.274999999999999689e-01 0.000000000000000000e+00 0.000000000000000000e+00 0.000000000000000000e+00 1.242480699999999993e+00
5.324999999999999734e-01 0.000000000000000000e+00 0.000000000000000000e+00 0.000000000000000000e+00 1.227683199999999974e+00
5.374999999999999778e-01 0.000000000000000000e+00 0.000000000000000000e+00 0.000000000000000000e+00 1.213649800000000001e+00
5.424999999999999822e-01 0.000000000000000000e+00 0.000000000000000000e+00 0.000000000000000000e+00 1.200663199999999931e+00
5.474999999999999867e-01 0.000000000000000000e+00 0.000000000000000000e+00 0.000000000000000000e+00 1.188658599999999899e+00
5.524999999999999911e-01 0.000000000000000000e+00 0.000000000000000000e+00 0.000000000000000000e+00 1.177218799999999899e+00
5.574999999999999956e-01 0.000000000000000000e+00 0.000000000000000000e+00 0.000000000000000000e+00 1.167040999999999773e+00
5.625000000000000000e-01 0.000000000000000000e+00 0.000000000000000000e+00 0.000000000000000000e+00 1.157407200000000191e+00
5.675000000000000044e-01 0.000000000000000000e+00 0.000000000000000000e+00 0.000000000000000000e+00 1.149044699999999919e+00
5.725000000000000089e-01 0.000000000000000000e+00 0.000000000000000000e+00 0.000000000000000000e+00 1.141147500000000203e+00
5.775000000000000133e-01 0.000000000000000000e+00 0.000000000000000000e+00 0.000000000000000000e+00 1.134387899999999894e+00
5.825000000000000178e-01 0.000000000000000000e+00 1.999999999999999909e-07 1.999999999999999909e-07 1.128448499999999965e+00
5.875000000000000222e-01 0.000000000000000000e+00 4.799999999999999783e-06 4.799999999999999783e-06 1.123091100000000120e+00
5.925000000000000266e-01 0.000000000000000000e+00 5.240000000000000652e-05 5.240000000000000652e-05 1.118434199999999823e+00
5.975000000000000311e-01 0.000000000000000000e+00 4.073000000000000340e-04 4.073000000000000340e-04 1.114390999999999909e+00
6.025000000000000355e-01 0.000000000000000000e+00 2.659499999999999972e-03 2.659499999999999972e-03 1.110925500000000010e+00
6.075000000000000400e-01 0.000000000000000000e+00 1.208840000000000088e-02 1.208840000000000088e-02 1.108026900000000037e+00
6.125000000000000444e-01 0.000000000000000000e+00 4.401869999999998700e-02 4.401869999999998700e-02 1.105651300000000337e+00
6.175000000000000488e-01 0.000000000000000000e+00 1.289566000000000323e-01 1.289566000000000323e-01 1.103489500000000012e+00
6.225000000000000533e-01 0.000000000000000000e+00 3.116662000000000043e-01 3.116662000000000043e-01 1.101841300000000023e+00
6.274999999999999467e-01 0.000000000000000000e+00 6.379284000000000621e-01 6.379284000000000621e-01 1.099829500000000015e+00
6.324999999999999512e-01 0.000000000000000000e+00 1.127964900000000048e+00 1.127964900000000048e+00 1.098416599999999743e+00
6.374999999999999556e-01 0.000000000000000000e+00 1.757760400000000001e+00 1.757760400000000001e+00 1.097230099999999986e+00
6.424999999999999600e-01 0.000000000000000000e+00 2.453528500000000001e+00 2.453528500000000001e+00 1.095295299999999861e+00
6.474999999999999645e-01 0.000000000000000000e+00 3.112244800000000033e+00 3.112244800000000033e+00 1.093800900000000187e+00
6.524999999999999689e-01 0.000000000000000000e+00 3.632990299999999451e+00 3.632990299999999451e+00 1.091926899999999812e+00
6.574999999999999734e-01 0.000000000000000000e+00 3.948504999999999932e+00 3.948504999999999932e+00 1.089451799999999970e+00
6.624999999999999778e-01 0.000000000000000000e+00 4.037458599999999898e+00 4.037458599999999898e+00 1.087065500000000018e+00
6.674999999999999822e-01 0.000000000000000000e+00 3.916464200000000062e+00 3.916464200000000062e+00 1.084483799999999887e+00
6.724999999999999867e-01 0.000000000000000000e+00 3.632492799999999189e+00 3.632492799999999189e+00 1.081285499999999900e+00
6.774999999999999911e-01 0.000000000000000000e+00 3.286418799999999862e+00 3.286418799999999862e+00 1.078055200000000102e+00
6.824999999999999956e-01 0.000000000000000000e+00 2.975558600000000276e+00 2.975558600000000276e+00 1.074386000000000063e+00
6.875000000000000000e-01 0.000000000000000000e+00 2.704207899999999665e+00 2.704207899999999665e+00 1.070514900000000269e+00
6.925000000000000044e-01 0.000000000000000000e+00 2.464180600000000165e+00 2.464180600000000165e+00 1.066451299999999991e+00
6.975000000000000089e-01 0.000000000000000000e+00 2.252663700000000269e+00 2.252663700000000269e+00 1.062132099999999912e+00
7.025000000000000133e-01 0.000000000000000000e+00 2.066912599999999767e+00 2.066912599999999767e+00 1.057609899999999881e+00
7.075000000000000178e-01 0.000000000000000000e+00 1.903857500000000202e+00 1.903857500000000202e+00 1.053084200000000026e+00
7.125000000000000222e-01 0.000000000000000000e+00 1.760928399999999838e+00 1.760928399999999838e+00 1.048545799999999861e+00
7.175000000000000266e-01 0.000000000000000000e+00 1.633372500000000116e+00 1.633372500000000116e+00 1.043999100000000180e+00
7.225000000000000311e-01 0.000000000000000000e+00 1.521382599999999918e+00 1.521382599999999918e+00 1.039272500000000266e+00
7.275000000000000355e-01 0.000000000000000000e+00 1.423945000000000238e+00 1.423945000000000238e+00 1.034734600000000171e+00
7.325000000000000400e-01 0.000000000000000000e+00 1.337584000000000106e+00 1.337584000000000106e+00 1.030207300000000048e+00
7.375000000000000444e-01 0.000000000000000000e+00 1.261151299999999864e+00 1.261151299999999864e+00 1.025879100000000044e+00
7.425000000000000488e-01 0.000000000000000000e+00 1.196109199999999984e+00 1.196109199999999984e+00 1.021531799999999990e+00
7.475000000000000533e-01 0.000000000000000000e+00 1.139076599999999884e+00 1.139076599999999884e+00 1.017503399999999836e+00
7.524999999999999467e-01 0.000000000000000000e+00 1.089844100000000093e+00 1.089844100000000093e+00 1.013497800000000115e+00
7.574999999999999512e-01 0.000000000000000000e+00 1.047464200000000067e+00 1.047464200000000067e+00 1.009565999999999963e+00
7.624999999999999556e-01 0.000000000000000000e+00 1.012565600000000066e+00 1.012565600000000066e+00 1.005950899999999981e+00
7.674999999999999600e-01 0.000000000000000000e+00 9.824581999999999482e-01 9.824581999999999482e-01 1.002436100000000163e+00
7.724999999999999645e-01 0.000000000000000000e+00 9.588523999999999381e-01 9.588523999999999381e-01 9.991805000000001380e-01
7.774999999999999689e-01 0.000000000000000000e+00 9.402272999999998770e-01 9.402272999999998770e-01 9.959865000000001078e-01
7.824999999999999734e-01 0.000000000000000000e+00 9.265423000000000409e-01 9.265423000000000409e-01 9.931967999999999908e-01
7.874999999999999778e-01 0.000000000000000000e+00 9.191001999999999228e-01 9.191001999999999228e-01 9.902640000000001441e-01
7.924999999999999822e-01 0.000000000000000000e+00 9.148116999999998944e-01 9.148116999999998944e-01 9.878487000000000240e-01
7.974999999999999867e-01 0.000000000000000000e+00 9.161626999999998855e-01 9.161626999999998855e-01 9.854090999999998157e-01
8.024999999999999911e-01 0.000000000000000000e+00 9.221405999999999770e-01 9.221405999999999770e-01 9.833772000000001734e-01
8.074999999999999956e-01 0.000000000000000000e+00 9.333498000000000072e-01 9.333498000000000072e-01 9.812205000000000510e-01
8.125000000000000000e-01 0.000000000000000000e+00 9.492793000000000481e-01 9.492793000000000481e-01 9.792913000000000867e-01
8.175000000000000044e-01 0.000000000000000000e+00 9.700146000000000601e-01 9.700146000000000601e-01 9.774296999999998459e-01
8.225000000000000089e-01 0.000000000000000000e+00 9.945866999999999347e-01 9.945866999999999347e-01 9.758375999999999717e-01
8.275000000000000133e-01 0.000000000000000000e+00 1.023598400000000019e+00 1.023598400000000019e+00 9.743164999999999187e-01
8.325000000000000178e-01 0.000000000000000000e+00 1.057563000000000031e+00 1.057563000000000031e+00 9.728349999999998943e-01
8.375000000000000222e-01 0.000000000000000000e+00 1.093868500000000132e+00 1.093868500000000132e+00 9.714201000000001196e-01
8.425000000000000266e-01 0.000000000000000000e+00 1.133110100000000120e+00 1.133110100000000120e+00 9.701087000000001570e-01
8.475000000000000311e-01 0.000000000000000000e+00 1.173227299999999973e+00 1.173227299999999973e+00 9.689224000000000725e-01
8.525000000000000355e-01 0.000000000000000000e+00 1.213104799999999983e+00 1.213104799999999983e+00 9.678704000000000196e-01
8.575000000000000400e-01 0.000000000000000000e+00 1.248954600000000026e+00 1.248954600000000026e+00 9.665205999999999520e-01
8.625000000000000444e-01 0.000000000000000000e+00 1.280836300000000261e+00 1.280836300000000261e+00 9.657337000000000282e-01
8.675000000000000488e-01 0.000000000000000000e+00 1.307129800000000008e+00 1.307129800000000008e+00 9.644918999999999576e-01
8.725000000000000533e-01 0.000000000000000000e+00 1.324325699999999939e+00 1.324325699999999939e+00 9.634876999999999470e-01
8.774999999999999467e-01 0.000000000000000000e+00 1.333973999999999993e+00 1.333973999999999993e+00 9.625702000000000425e-01
8.824999999999999512e-01 0.000000000000000000e+00 1.336311900000000108e+00 1.336311900000000108e+00 9.615726999999999469e-01
8.874999999999999556e-01 0.000000000000000000e+00 1.331515299999999957e+00 1.331515299999999957e+00 9.606294999999999140e-01
8.924999999999999600e-01 0.000000000000000000e+00 1.320220799999999972e+00 1.320220799999999972e+00 9.598408000000000495e-01
8.974999999999999645e-01 0.000000000000000000e+00 1.304291000000000089e+00 1.304291000000000089e+00 9.589757000000000975e-01
9.024999999999999689e-01 0.000000000000000000e+00 1.285303700000000049e+00 1.285303700000000049e+00 9.580338000000001575e-01
9.074999999999999734e-01 0.000000000000000000e+00 1.263735199999999947e+00 1.263735199999999947e+00 9.573300000000000143e-01
9.124999999999999778e-01 0.000000000000000000e+00 1.240212200000000209e+00 1.240212200000000209e+00 9.565906000000001796e-01
9.174999999999999822e-01 0.000000000000000000e+00 1.215575199999999967e+00 1.215575199999999967e+00 9.557814999999999506e-01
9.224999999999999867e-01 0.000000000000000000e+00 1.191204099999999988e+00 1.191204099999999988e+00 9.551572999999999869e-01
9.274999999999999911e-01 0.000000000000000000e+00 1.166955199999999859e+00 1.166955199999999859e+00 9.545085999999999293e-01
9.324999999999999956e-01 0.000000000000000000e+00 1.143007000000000106e+00 1.143007000000000106e+00 9.540391000000001398e-01
9.375000000000000000e-01 0.000000000000000000e+00 1.119561299999999759e+00 1.119561299999999759e+00 9.536563999999998487e-01
9.425000000000000044e-01 0.000000000000000000e+00 1.096766300000000083e+00 1.096766300000000083e+00 9.530369999999999120e-01
9.475000000000000089e-01 0.000000000000000000e+00 1.075342200000000137e+00 1.075342200000000137e+00 9.525728000000001083e-01
9.525000000000000133e-01 0.000000000000000000e+00 1.055676199999999954e+00 1.055676199999999954e+00 9.522318999999999090e-01
9.575000000000000178e-01 4.500000000000000114e-06 1.037102799999999991e+00 1.037102799999999991e+00 9.520007000000001440e-01
9.625000000000000222e-01 3.970000000000000276e-05 1.019405200000000011e+00 1.019405200000000011e+00 9.518264000000000724e-01
9.675000000000000266e-01 1.971000000000000204e-04 1.003399200000000047e+00 1.003399200000000047e+00 9.515437999999999397e-01
9.725000000000000311e-01 7.106999999999999819e-04 9.880337999999999621e-01 9.880337999999999621e-01 9.515076999999998453e-01
9.775000000000000355e-01 3.251700000000000597e-03 9.755043999999999382e-01 9.755043999999999382e-01 9.513057000000000318e-01
9.825000000000000400e-01 1.081550000000000046e-02 9.637317999999999163e-01 9.637317999999999163e-01 9.513963000000000836e-01
9.875000000000000444e-01 3.204759999999999553e-02 9.535850000000000160e-01 9.535850000000000160e-01 9.514297999999999922e-01
9.925000000000000488e-01 8.112369999999999304e-02 9.444634000000000640e-01 9.444634000000000640e-01 9.515119999999999134e-01
9.975000000000000533e-01 1.883047999999999944e-01 9.373994999999999411e-01 9.373994999999999411e-01 9.515550999999999870e-01
1.002499999999999947e+00 3.841234999999999511e-01 9.315617999999998844e-01 9.315617999999998844e-01 9.517175999999999414e-01
1.007500000000000062e+00 7.100448999999999788e-01 9.269059000000001713e-01 9.269059000000001713e-01 9.520769000000000037e-01
1.012499999999999956e+00 1.201432700000000020e+00 9.229049000000000280e-01 9.229049000000000280e-01 9.523534000000001276e-01
1.017500000000000071e+00 1.879990599999999956e+00 9.210094999999999255e-01 9.210094999999999255e-01 9.526657999999998960e-01
1.022499999999999964e+00 2.712196899999999911e+00 9.194770999999999361e-01 9.194770999999999361e-01 9.533273000000000996e-01
1.027500000000000080e+00 3.670657099999999673e+00 9.191257000000001565e-01 9.191257000000001565e-01 9.537257999999999569e-01
1.032499999999999973e+00 4.675955899999999943e+00 9.195539999999999825e-01 9.195539999999999825e-01 9.541987000000000663e-01
1.037500000000000089e+00 5.626850499999999755e+00 9.212904999999999012e-01 9.212904999999999012e-01 9.546895000000000797e-01
1.042499999999999982e+00 6.429818100000000314e+00 9.227469999999999839e-01 9.227469999999999839e-01 9.553076000000000345e-01
1.047500000000000098e+00 7.018098199999999842e+00 9.252266000000000101e-01 9.252266000000000101e-01 9.561145999999999257e-01
1.052499999999999991e+00 7.353961499999999596e+00 9.285344999999999294e-01 9.285344999999999294e-01 9.569627000000000550e-01
1.057500000000000107e+00 7.422900299999999341e+00 9.306566000000000560e-01 9.306566000000000560e-01 9.576945999999999515e-01
1.062500000000000000e+00 7.259381000000000306e+00 9.338826999999998435e-01 9.338826999999998435e-01 9.586412999999998075e-01
1.067499999999999893e+00 6.867171500000000428e+00 9.372403999999999735e-01 9.372403999999999735e-01 9.595888000000000195e-01
1.072500000000000009e+00 6.348843600000000365e+00 9.389237000000001387e-01 9.389237000000001387e-01 9.604622999999998800e-01
1.077499999999999902e+00 5.736068600000000295e+00 9.415234999999999577e-01 9.415234999999999577e-01 9.616507999999999168e-01
1.082500000000000018e+00 5.070009799999999345e+00 9.435970999999998554e-01 9.435970999999998554e-01 9.627374999999999128e-01
1.087499999999999911e+00 4.419471200000000266e+00 9.444565000000000321e-01 9.444565000000000321e-01 9.638138000000001648e-01
1.092500000000000027e+00 3.779974799999999302e+00 9.447688999999999115e-01 9.447688999999999115e-01 9.650516000000001204e-01
1.097499999999999920e+00 3.204250100000000767e+00 9.444679999999999742e-01 9.444679999999999742e-01 9.664676999999999296e-01
1.102500000000000036e+00 2.683005699999999827e+00 9.437464999999999327e-01 9.437464999999999327e-01 9.676283999999999441e-01
1.107499999999999929e+00 2.229883300000000013e+00 9.420526999999999651e-01 9.420526999999999651e-01 9.690505000000000368e-01
1.112500000000000044e+00 1.841676900000000172e+00 9.401801000000000741e-01 9.401801000000000741e-01 9.705141999999999936e-01
1.117499999999999938e+00 1.514771599999999996e+00 9.377209000000000794e-01 9.377209000000000794e-01 9.720402000000000209e-01
1.122500000000000053e+00 1.242790399999999851e+00 9.348592999999999487e-01 9.348592999999999487e-01 9.734677000000001579e-01
1.127499999999999947e+00 1.026009500000000019e+00 9.312510999999998873e-01 9.312510999999998873e-01 9.750365999999999200e-01
1.132500000000000062e+00 8.616685000000000594e-01 9.280201999999999618e-01 9.280201999999999618e-01 9.766479000000000132e-01
1.137499999999999956e+00 7.289659000000000555e-01 9.232442000000000704e-01 9.232442000000000704e-01 9.782926000000001787e-01
1.142500000000000071e+00 6.250734000000000012e-01 9.195866999999999791e-01 9.195866999999999791e-01 9.801526999999999878e-01
1.147499999999999964e+00 5.471734999999998683e-01 9.154719000000000051e-01 9.154719000000000051e-01 9.817736999999999714e-01
1.152500000000000080e+00 4.808415000000000328e-01 9.110624999999998863e-01 9.110624999999998863e-01 9.836009000000001112e-01
1.157499999999999973e+00 4.313094999999999568e-01 9.067108999999999863e-01 9.067108999999999863e-01 9.854397000000000295e-01
1.162500000000000089e+00 3.914514999999999523e-01 9.030335999999998808e-01 9.030335999999998808e-01 9.873775000000000190e-01
1.167499999999999982e+00 3.617289999999999672e-01 8.989892999999999912e-01 8.989892999999999912e-01 9.892606999999999928e-01
1.172500000000000098e+00 3.377786999999999873e-01 8.952347000000001609e-01 8.952347000000001609e-01 9.912246000000000112e-01
1.177499999999999991e+00 3.198383999999999672e-01 8.920651999999998916e-01 8.920651999999998916e-01 9.932221999999999440e-01
1.182500000000000107e+00 3.064751000000000003e-01 8.884424000000000765e-01 8.884424000000000765e-01 9.952517999999999088e-01
1.187500000000000000e+00 3.001878999999999520e-01 8.860751000000000044e-01 8.860751000000000044e-01 9.973752000000001283e-01
1.192499999999999893e+00 2.957729000000000052e-01 8.830714999999997872e-01 8.830714999999997872e-01 9.994823999999999931e-01
1.197500000000000009e+00 2.966642999999999919e-01 8.811938999999998634e-01 8.811938999999998634e-01 1.001733699999999727e+00
1.202499999999999902e+00 2.996705000000000063e-01 8.793492000000000530e-01 8.793492000000000530e-01 1.003916599999999715e+00
1.207500000000000018e+00 3.088384000000000129e-01 8.778859999999999442e-01 8.778859999999999442e-01 1.006193899999999974e+00
1.212499999999999911e+00 3.182747000000000215e-01 8.771824999999999761e-01 8.771824999999999761e-01 1.008458100000000135e+00
1.217500000000000027e+00 3.340995999999999411e-01 8.766196000000000543e-01 8.766196000000000543e-01 1.010811100000000184e+00
1.222499999999999920e+00 3.550338999999999579e-01 8.764388000000000734e-01 8.764388000000000734e-01 1.013142399999999999e+00
1.227500000000000036e+00 3.819993999999999335e-01 8.767507999999999413e-01 8.767507999999999413e-01 1.015585099999999796e+00
1.232499999999999929e+00 4.128549000000000246e-01 8.768721999999998795e-01 8.768721999999998795e-01 1.018079200000000073e+00
1.237500000000000044e+00 4.487122000000000055e-01 8.778038999999999703e-01 8.778038999999999703e-01 1.020484800000000192e+00
1.242499999999999938e+00 4.957899999999999530e-01 8.792161000000000559e-01 8.792161000000000559e-01 1.023195300000000030e+00
1.247500000000000053e+00 5.446474000000000038e-01 8.806787000000000365e-01 8.806787000000000365e-01 1.025716000000000072e+00
1.252499999999999947e+00 6.083513000000000392e-01 8.827342000000000244e-01 8.827342000000000244e-01 1.028277600000000014e+00
1.257500000000000062e+00 6.727764000000000522e-01 8.848862999999997925e-01 8.848862999999997925e-01 1.030908099999999994e+00
1.262499999999999956e+00 7.466925000000000923e-01 8.868302999999999603e-01 8.868302999999999603e-01 1.033486099999999963e+00
1.267500000000000071e+00 8.255423000000000622e-01 8.892185000000001338e-01 8.892185000000001338e-01 1.036045100000000163e+00
1.272499999999999964e+00 9.095193000000000305e-01 8.921232000000000051e-01 8.921232000000000051e-01 1.038364700000000029e+00
1.277500000000000080e+00 9.916105999999998977e-01 8.940865000000000062e-01 8.940865000000000062e-01 1.040685600000000210e+00
1.282499999999999973e+00 1.069186900000000051e+00 8.967365000000002695e-01 8.967365000000002695e-01 1.042462599999999906e+00
1.287500000000000089e+00 1.133525600000000022e+00 8.992427999999998978e-01 8.992427999999998978e-01 1.044253699999999840e+00
1.292499999999999982e+00 1.189489699999999761e+00 9.018333999999998962e-01 9.018333999999998962e-01 1.045401199999999919e+00
1.297500000000000098e+00 1.228015999999999774e+00 9.045319000000000553e-01 9.045319000000000553e-01 1.046139299999999883e+00
1.302499999999999991e+00 1.245457000000000036e+00 9.065537999999999652e-01 9.065537999999999652e-01 1.046453700000000042e+00
1.307500000000000107e+00 1.250194799999999828e+00 9.084923000000000304e-01 9.084923000000000304e-01 1.046188600000000024e+00
1.312500000000000000e+00 1.243369100000000005e+00 9.104510999999998466e-01 9.104510999999998466e-01 1.045416299999999854e+00
1.317499999999999893e+00 1.221060600000000163e+00 9.118594000000002087e-01 9.118594000000002087e-01 1.044363900000000012e+00
1.322500000000000009e+00 1.186097899999999816e+00 9.133030999999999233e-01 9.133030999999999233e-01 1.042745299999999986e+00
1.327499999999999902e+00 1.144650400000000179e+00 9.141866000000000714e-01 9.141866000000000714e-01 1.041146500000000197e+00
1.332500000000000018e+00 1.103021200000000146e+00 9.153404999999998903e-01 9.153404999999998903e-01 1.039209000000000049e+00
1.337499999999999911e+00 1.057827600000000201e+00 9.158275999999998529e-01 9.158275999999998529e-01 1.037217300000000009e+00
1.342500000000000027e+00 1.009604399999999957e+00 9.168263000000000940e-01 9.168263000000000940e-01 1.035184599999999566e+00
1.347499999999999920e+00 9.641659999999999675e-01 9.172010000000000440e-01 9.172010000000000440e-01 1.033165799999999912e+00
1.352500000000000036e+00 9.240493999999997987e-01 9.177146000000000470e-01 9.177146000000000470e-01 1.031129500000000032e+00
1.357499999999999929e+00 8.876621000000000095e-01 9.177516000000001117e-01 9.177516000000001117e-01 1.029282599999999936e+00
1.362500000000000044e+00 8.467508999999999730e-01 9.184901000000001980e-01 9.184901000000001980e-01 1.027602900000000208e+00
1.367499999999999938e+00 8.115069000000001420e-01 9.188861999999999863e-01 9.188861999999999863e-01 1.025882799999999984e+00
1.372500000000000053e+00 7.818277999999999617e-01 9.198867999999998935e-01 9.198867999999998935e-01 1.024327800000000011e+00
1.377499999999999947e+00 7.528360000000000607e-01 9.202719000000000316e-01 9.202719000000000316e-01 1.023020499999999888e+00
1.382500000000000062e+00 7.250102999999999964e-01 9.212265000000000592e-01 9.212265000000000592e-01 1.021832700000000038e+00
1.387499999999999956e+00 7.048600999999999894e-01 9.222703999999998237e-01 9.222703999999998237e-01 1.020729599999999904e+00
1.392500000000000071e+00 6.836993000000000098e-01 9.233644999999999214e-01 9.233644999999999214e-01 1.019805799999999874e+00
1.397499999999999964e+00 6.670163000000000064e-01 9.250104999999999578e-01 9.250104999999999578e-01 1.019061999999999912e+00
1.402500000000000080e+00 6.543617000000000461e-01 9.268983000000000638e-01 9.268983000000000638e-01 1.018511399999999956e+00
1.407499999999999973e+00 6.442906000000000466e-01 9.287078000000000833e-01 9.287078000000000833e-01 1.018023899999999982e+00
1.412500000000000089e+00 6.360218000000000815e-01 9.309677000000000646e-01 9.309677000000000646e-01 1.017844100000000029e+00
1.417499999999999982e+00 6.301679000000000030e-01 9.333981000000000083e-01 9.333981000000000083e-01 1.017412899999999842e+00
1.422500000000000098e+00 6.261386000000001006e-01 9.362560999999999245e-01 9.362560999999999245e-01 1.017432399999999904e+00
1.427499999999999991e+00 6.260445999999999511e-01 9.389739000000000280e-01 9.389739000000000280e-01 1.017468800000000062e+00
1.432500000000000107e+00 6.276507000000000058e-01 9.417215000000001002e-01 9.417215000000001002e-01 1.017382400000000242e+00
1.437500000000000000e+00 6.319272999999998586e-01 9.450996000000000397e-01 9.450996000000000397e-01 1.017655200000000093e+00
1.442499999999999893e+00 6.361466000000000065e-01 9.480771999999999533e-01 9.480771999999999533e-01 1.017836799999999986e+00
1.447500000000000009e+00 6.419480999999999105e-01 9.514377999999998892e-01 9.514377999999998892e-01 1.018159099999999873e+00
1.452499999999999902e+00 6.555336000000000496e-01 9.545784999999999965e-01 9.545784999999999965e-01 1.018426400000000065e+00
1.457500000000000018e+00 6.663589999999999236e-01 9.581733000000001166e-01 9.581733000000001166e-01 1.018738899999999781e+00
1.462499999999999911e+00 6.779500000000000526e-01 9.618593000000000837e-01 9.618593000000000837e-01 1.019136299999999995e+00
1.467500000000000027e+00 6.942837000000000591e-01 9.654049000000002323e-01 9.654049000000002323e-01 1.019506300000000198e+00
1.472499999999999920e+00 7.098560000000000425e-01 9.685978000000000643e-01 9.685978000000000643e-01 1.019668999999999937e+00
1.477500000000000036e+00 7.253993000000000801e-01 9.717690999999998303e-01 9.717690999999998303e-01 1.020112099999999966e+00
1.482499999999999929e+00 7.402337999999999418e-01 9.749661999999998940e-01 9.749661999999998940e-01 1.020324499999999857e+00
1.487500000000000044e+00 7.571409000000000056e-01 9.782275999999999749e-01 9.782275999999999749e-01 1.020524499999999835e+00
1.492499999999999938e+00 7.732197000000000653e-01 9.815372999999999459e-01 9.815372999999999459e-01 1.020620199999999977e+00
1.497500000000000053e+00 7.882852000000000192e-01 9.843872000000001288e-01 9.843872000000001288e-01 1.020560899999999993e+00
1.502499999999999947e+00 8.023090999999998862e-01 9.875049000000000188e-01 9.875049000000000188e-01 1.020454699999999937e+00
1.507500000000000062e+00 8.147860000000000102e-01 9.905774000000002744e-01 9.905774000000002744e-01 1.020267099999999871e+00
1.512499999999999956e+00 8.253424999999999789e-01 9.940101999999999549e-01 9.940101999999999549e-01 1.019924599999999959e+00
1.517500000000000071e+00 8.351834999999999676e-01 9.968413000000000412e-01 9.968413000000000412e-01 1.019536600000000126e+00
1.522499999999999964e+00 8.438486000000000598e-01 1.000159599999999926e+00 1.000159599999999926e+00 1.018995599999999779e+00
1.527500000000000080e+00 8.521239999999998815e-01 1.003234699999999924e+00 1.003234699999999924e+00 1.018257800000000213e+00
1.532499999999999973e+00 8.538248000000001614e-01 1.006640399999999769e+00 1.006640399999999769e+00 1.017521700000000084e+00
1.537500000000000089e+00 8.547674999999997913e-01 1.010120399999999918e+00 1.010120399999999918e+00 1.016764400000000013e+00
1.542499999999999982e+00 8.552598000000000145e-01 1.013464799999999943e+00 1.013464799999999943e+00 1.015852999999999895e+00
1.547500000000000098e+00 8.556592000000000642e-01 1.017021399999999964e+00 1.017021399999999964e+00 1.014835700000000118e+00
1.552499999999999991e+00 8.544507000000001185e-01 1.020629400000000020e+00 1.020629400000000020e+00 1.013824500000000128e+00
1.557500000000000107e+00 8.509592000000001377e-01 1.024375300000000211e+00 1.024375300000000211e+00 1.012823200000000146e+00
1.562500000000000000e+00 8.484901999999999722e-01 1.028005100000000116e+00 1.028005100000000116e+00 1.011741600000000130e+00
1.567499999999999893e+00 8.482068000000000385e-01 1.032126000000000099e+00 1.032126000000000099e+00 1.010609599999999997e+00
1.572500000000000009e+00 8.419069999999999609e-01 1.035717700000000185e+00 1.035717700000000185e+00 1.009544400000000008e+00
1.577499999999999902e+00 8.384857999999999478e-01 1.040073100000000084e+00 1.040073100000000084e+00 1.008479500000000195e+00
1.582500000000000018e+00 8.347491000000000216e-01 1.044051199999999957e+00 1.044051199999999957e+00 1.007508199999999965e+00
1.587499999999999911e+00 8.304911000000000376e-01 1.048144799999999988e+00 1.048144799999999988e+00 1.006513600000000119e+00
1.592500000000000027e+00 8.263673999999999742e-01 1.052617000000000136e+00 1.052617000000000136e+00 1.005554899999999918e+00
1.597499999999999920e+00 8.242755000000000498e-01 1.056845299999999765e+00 1.056845299999999765e+00 1.004710699999999957e+00
1.602500000000000036e+00 8.223304999999999643e-01 1.060778399999999788e+00 1.060778399999999788e+00 1.003714100000000053e+00
1.607499999999999929e+00 8.218391000000000446e-01 1.065762600000000004e+00 1.065762600000000004e+00 1.002969200000000116e+00
1.612500000000000044e+00 8.196841000000001376e-01 1.070449900000000065e+00 1.070449900000000065e+00 1.002155099999999965e+00
1.617499999999999938e+00 8.190692000000000528e-01 1.075021799999999805e+00 1.075021799999999805e+00 1.001568400000000025e+00
1.622500000000000053e+00 8.174341999999998887e-01 1.079651300000000091e+00 1.079651300000000091e+00 1.000841599999999776e+00
1.627499999999999947e+00 8.184342000000001116e-01 1.083815199999999868e+00 1.083815199999999868e+00 1.000243299999999946e+00
1.632500000000000062e+00 8.201869999999999994e-01 1.088663999999999854e+00 1.088663999999999854e+00 9.997351999999999350e-01
1.637499999999999956e+00 8.182511999999999563e-01 1.093233600000000028e+00 1.093233600000000028e+00 9.993117999999998613e-01
1.642500000000000071e+00 8.203483999999999776e-01 1.097811900000000174e+00 1.097811900000000174e+00 9.988710999999999007e-01
1.647499999999999964e+00 8.233731000000000799e-01 1.102620799999999956e+00 1.102620799999999956e+00 9.984470999999999208e-01
1.652500000000000080e+00 8.215607999999999800e-01 1.107124499999999845e+00 1.107124499999999845e+00 9.981103000000001169e-01
1.657499999999999973e+00 8.284806999999998478e-01 1.110691200000000212e+00 1.110691200000000212e+00 9.977848999999998636e-01
1.662500000000000089e+00 8.291047000000000278e-01 1.114382800000000007e+00 1.114382800000000007e+00 9.975390000000000645e-01
1.667499999999999982e+00 8.314109999999999001e-01 1.117425899999999750e+00 1.117425899999999750e+00 9.973163000000001555e-01
1.672500000000000098e+00 8.347633999999999332e-01 1.119747100000000106e+00 1.119747100000000106e+00 9.971016999999999797e-01
1.677499999999999991e+00 8.373519000000000378e-01 1.121177400000000102e+00 1.121177400000000102e+00 9.968890999999999725e-01
1.682500000000000107e+00 8.431236999999999204e-01 1.121516400000000191e+00 1.121516400000000191e+00 9.967061999999999866e-01
1.687500000000000000e+00 8.458417999999998660e-01 1.120710600000000223e+00 1.120710600000000223e+00 9.966428000000000509e-01
1.692499999999999893e+00 8.489979000000001941e-01 1.118791399999999880e+00 1.118791399999999880e+00 9.964828999999999493e-01
1.697500000000000009e+00 8.551412999999999931e-01 1.115932200000000041e+00 1.115932200000000041e+00 9.962664999999999438e-01
1.702499999999999902e+00 8.577595000000000081e-01 1.111769300000000182e+00 1.111769300000000182e+00 9.961865999999999222e-01
1.707500000000000018e+00 8.682916000000000523e-01 1.106483499999999953e+00 1.106483499999999953e+00 9.960537000000000418e-01
1.712499999999999911e+00 8.742075999999998626e-01 1.100525900000000057e+00 1.100525900000000057e+00 9.958052000000000570e-01
1.717500000000000027e+00 8.812079000000000439e-01 1.093404199999999937e+00 1.093404199999999937e+00 9.956747000000000236e-01
1.722499999999999920e+00 8.870400000000000507e-01 1.086100899999999925e+00 1.086100899999999925e+00 9.955360000000001985e-01
1.727500000000000036e+00 8.938132000000000854e-01 1.077989599999999992e+00 1.077989599999999992e+00 9.953373999999998167e-01
1.732499999999999929e+00 9.012641000000000124e-01 1.070550699999999633e+00 1.070550699999999633e+00 9.950504000000000016e-01
1.737500000000000044e+00 9.115659000000000400e-01 1.062364000000000086e+00 1.062364000000000086e+00 9.948923000000000627e-01
1.742499999999999938e+00 9.196274000000000948e-01 1.054777399999999865e+00 1.054777399999999865e+00 9.947274999999997647e-01
1.747500000000000053e+00 9.276961999999999708e-01 1.047291700000000159e+00 1.047291700000000159e+00 9.945042000000000604e-01
1.752499999999999947e+00 9.378024999999998723e-01 1.040423600000000004e+00 1.040423600000000004e+00 9.942091999999999041e-01
1.757500000000000062e+00 9.480667000000000399e-01 1.033658799999999989e+00 1.033658799999999989e+00 9.939767000000001573e-01
1.762499999999999956e+00 9.561753000000001723e-01 1.027806800000000020e+00 1.027806800000000020e+00 9.936686000000001240e-01
1.767500000000000071e+00 9.706383000000000649e-01 1.022411100000000017e+00 1.022411100000000017e+00 9.934408000000001238e-01
1.772499999999999964e+00 9.804209000000000396e-01 1.017341299999999782e+00 1.017341299999999782e+00 9.931671999999999167e-01
1.777500000000000080e+00 9.941157000000000465e-01 1.013395899999999905e+00 1.013395899999999905e+00 9.929569999999999785e-01
1.782499999999999973e+00 1.005660900000000080e+00 1.009973400000000243e+00 1.009973400000000243e+00 9.926513000000000142e-01
1.787500000000000089e+00 1.019024300000000327e+00 1.006809499999999913e+00 1.006809499999999913e+00 9.924673000000000522e-01
1.792499999999999982e+00 1.030647800000000114e+00 1.004145199999999960e+00 1.004145199999999960e+00 9.921669999999999101e-01
1.797500000000000098e+00 1.042371600000000065e+00 1.002284400000000186e+00 1.002284400000000186e+00 9.919658999999999560e-01
1.802499999999999991e+00 1.054454800000000025e+00 1.000251100000000060e+00 1.000251100000000060e+00 9.916928000000000409e-01
1.807500000000000107e+00 1.061771999999999938e+00 9.990486000000000644e-01 9.990486000000000644e-01 9.915743000000001306e-01
1.812500000000000000e+00 1.070172399999999913e+00 9.985660999999999010e-01 9.985660999999999010e-01 9.913462999999997916e-01
1.817499999999999893e+00 1.074013799999999907e+00 9.980069999999999775e-01 9.980069999999999775e-01 9.912106999999998891e-01
1.822500000000000009e+00 1.077668499999999918e+00 9.980133999999999395e-01 9.980133999999999395e-01 9.911168000000000200e-01
1.827499999999999902e+00 1.075741400000000070e+00 9.978078999999999699e-01 9.978078999999999699e-01 9.909892999999998509e-01
1.832500000000000018e+00 1.076311399999999807e+00 9.980061999999998434e-01 9.980061999999998434e-01 9.909038999999999486e-01
1.837499999999999911e+00 1.074981100000000023e+00 9.987424999999999775e-01 9.987424999999999775e-01 9.908303000000001637e-01
1.842500000000000027e+00 1.067761399999999972e+00 9.993537999999999588e-01 9.993537999999999588e-01 9.908641999999998617e-01
1.847499999999999920e+00 1.061186100000000021e+00 1.000141100000000005e+00 1.000141100000000005e+00 9.908493999999998803e-01
1.852500000000000036e+00 1.058136399999999977e+00 1.001004999999999923e+00 1.001004999999999923e+00 9.908099000000000212e-01
1.857499999999999929e+00 1.050683199999999928e+00 1.002105699999999988e+00 1.002105699999999988e+00 9.908070999999999406e-01
1.862500000000000044e+00 1.044711500000000015e+00 1.003128699999999984e+00 1.003128699999999984e+00 9.908585999999999228e-01
1.867499999999999938e+00 1.040604500000000154e+00 1.004085900000000198e+00 1.004085900000000198e+00 9.909696000000000060e-01
1.872500000000000053e+00 1.038435800000000020e+00 1.004890000000000061e+00 1.004890000000000061e+00 9.910713000000000994e-01
1.877499999999999947e+00 1.035547299999999948e+00 1.005802100000000143e+00 1.005802100000000143e+00 9.911986999999999881e-01
1.882500000000000062e+00 1.035347900000000099e+00 1.006311899999999815e+00 1.006311899999999815e+00 9.912641999999998177e-01
1.887499999999999956e+00 1.035652399999999806e+00 1.006738100000000191e+00 1.006738100000000191e+00 9.914697000000000093e-01
1.892500000000000071e+00 1.040703099999999770e+00 1.007388600000000078e+00 1.007388600000000078e+00 9.916671999999999709e-01
1.897499999999999964e+00 1.048678699999999964e+00 1.007460400000000034e+00 1.007460400000000034e+00 9.918238000000000332e-01
1.902500000000000080e+00 1.057312300000000205e+00 1.007828600000000074e+00 1.007828600000000074e+00 9.919710000000000472e-01
1.907499999999999973e+00 1.068098399999999781e+00 1.007660000000000000e+00 1.007660000000000000e+00 9.921465999999998786e-01
1.912500000000000089e+00 1.076424100000000106e+00 1.007110999999999867e+00 1.007110999999999867e+00 9.923517000000000587e-01
1.917499999999999982e+00 1.088889100000000054e+00 1.006502600000000136e+00 1.006502600000000136e+00 9.924871000000001775e-01
1.922500000000000098e+00 1.102350600000000069e+00 1.005597000000000074e+00 1.005597000000000074e+00 9.926953999999998945e-01
1.927499999999999991e+00 1.116211699999999807e+00 1.004385199999999978e+00 1.004385199999999978e+00 9.929314000000001306e-01
1.932500000000000107e+00 1.127566899999999928e+00 1.003232099999999960e+00 1.003232099999999960e+00 9.931710999999999734e-01
1.937500000000000000e+00 1.139805699999999700e+00 1.001816600000000168e+00 1.001816600000000168e+00 9.933915000000000939e-01
1.942499999999999893e+00 1.150318400000000185e+00 1.000033699999999914e+00 1.000033699999999914e+00 9.935333000000001746e-01
1.947500000000000009e+00 1.160184799999999905e+00 9.980862000000000345e-01 9.980862000000000345e-01 9.938114999999999588e-01
1.952499999999999902e+00 1.168294100000000002e+00 9.960345999999997701e-01 9.960345999999997701e-01 9.939560000000000617e-01
1.957500000000000018e+00 1.177075500000000163e+00 9.941766000000000769e-01 9.941766000000000769e-01 9.942078000000001969e-01
1.962499999999999911e+00 1.182012500000000133e+00 9.920777999999998986e-01 9.920777999999998986e-01 9.944017000000000550e-01
1.967500000000000027e+00 1.187541899999999817e+00 9.900107000000000212e-01 9.900107000000000212e-01 9.945258999999999627e-01
1.972499999999999920e+00 1.190805600000000020e+00 9.878671999999999453e-01 9.878671999999999453e-01 9.947622999999998772e-01
1.977500000000000036e+00 1.194190900000000166e+00 9.859156999999999504e-01 9.859156999999999504e-01 9.949444000000001731e-01
1.982499999999999929e+00 1.194404199999999916e+00 9.839509999999999090e-01 9.839509999999999090e-01 9.951184999999999059e-01
1.987500000000000044e+00 1.197381100000000087e+00 9.819757000000001179e-01 9.819757000000001179e-01 9.953450999999999826e-01
1.992499999999999938e+00 1.197047899999999832e+00 9.798807999999998852e-01 9.798807999999998852e-01 9.955540000000000500e-01
1.997500000000000053e+00 1.198757499999999920e+00 9.785683000000000575e-01 9.785683000000000575e-01 9.957165000000000044e-01
