2.500000000000000052e-03 0.000000000000000000e+00 0.000000000000000000e+00 0.000000000000000000e+00 0.000000000000000000e+00
7.499999999999999722e-03 0.000000000000000000e+00 0.000000000000000000e+00 0.000000000000000000e+00 0.000000000000000000e+00
1.250000000000000069e-02 0.000000000000000000e+00 0.000000000000000000e+00 0.000000000000000000e+00 0.000000000000000000e+00
1.750000000000000167e-02 0.000000000000000000e+00 0.000000000000000000e+00 0.000000000000000000e+00 0.000000000000000000e+00
2.249999999999999917e-02 0.000000000000000000e+00 0.000000000000000000e+00 0.000000000000000000e+00 0.000000000000000000e+00
2.750000000000000014e-02 0.000000000000000000e+00 0.000000000000000000e+00 0.000000000000000000e+00 0.000000000000000000e+00
3.250000000000000111e-02 0.000000000000000000e+00 0.000000000000000000e+00 0.000000000000000000e+00 0.000000000000000000e+00
3.749999999999999861e-02 0.000000000000000000e+00 0.000000000000000000e+00 0.000000000000000000e+00 0.000000000000000000e+00
4.250000000000000305e-02 0.000000000000000000e+00 0.000000000000000000e+00 0.000000000000000000e+00 0.000000000000000000e+00
4.750000000000000056e-02 0.000000000000000000e+00 0.000000000000000000e+00 0.000000000000000000e+00 0.000000000000000000e+00
5.249999999999999806e-02 0.000000000000000000e+00 0.000000000000000000e+00 0.000000000000000000e+00 0.000000000000000000e+00
5.750000000000000250e-02 0.000000000000000000e+00 0.000000000000000000e+00 0.000000000000000000e+00 0.000000000000000000e+00
6.250000000000000000e-02 0.000000000000000000e+00 0.000000000000000000e+00 0.000000000000000000e+00 0.000000000000000000e+00
6.750000000000000444e-02 0.000000000000000000e+00 0.000000000000000000e+00 0.000000000000000000e+00 0.000000000000000000e+00
7.249999999999999500e-02 0.000000000000000000e+00 0.000000000000000000e+00 0.000000000000000000e+00 0.000000000000000000e+00
7.749999999999999944e-02 0.000000000000000000e+00 0.000000000000000000e+00 0.000000000000000000e+00 0.000000000000000000e+00
8.250000000000000389e-02 0.000000000000000000e+00 0.000000000000000000e+00 0.000000000000000000e+00 0.000000000000000000e+00
8.749999999999999445e-02 0.000000000000000000e+00 0.000000000000000000e+00 0.000000000000000000e+00 0.000000000000000000e+00
9.249999999999999889e-02 0.000000000000000000e+00 0.000000000000000000e+00 0.000000000000000000e+00 0.000000000000000000e+00
9.750000000000000333e-02 0.000000000000000000e+00 0.000000000000000000e+00 0.000000000000000000e+00 0.000000000000000000e+00
1.024999999999999939e-01 0.000000000000000000e+00 0.000000000000000000e+00 0.000000000000000000e+00 0.000000000000000000e+00
1.074999999999999983e-01 0.000000000000000000e+00 0.000000000000000000e+00 0.000000000000000000e+00 0.000000000000000000e+00
1.125000000000000028e-01 0.000000000000000000e+00 0.000000000000000000e+00 0.000000000000000000e+00 0.000000000000000000e+00
1.174999999999999933e-01 0.000000000000000000e+00 0.000000000000000000e+00 0.000000000000000000e+00 0.000000000000000000e+00
1.224999999999999978e-01 0.000000000000000000e+00 0.000000000000000000e+00 0.000000000000000000e+00 0.000000000000000000e+00
1.275000000000000022e-01 0.000000000000000000e+00 0.000000000000000000e+00 0.000000000000000000e+00 0.000000000000000000e+00
1.325000000000000067e-01 0.000000000000000000e+00 0.000000000000000000e+00 0.000000000000000000e+00 0.000000000000000000e+00
1.375000000000000111e-01 0.000000000000000000e+00 0.000000000000000000e+00 0.000000000000000000e+00 0.000000000000000000e+00
1.424999999999999878e-01 0.000000000000000000e+00 0.000000000000000000e+00 0.000000000000000000e+00 0.000000000000000000e+00
1.474999999999999922e-01 0.000000000000000000e+00 0.000000000000000000e+00 0.000000000000000000e+00 0.000000000000000000e+00
1.524999999999999967e-01 0.000000000000000000e+00 0.000000000000000000e+00 0.000000000000000000e+00 0.000000000000000000e+00
1.575000000000000011e-01 0.000000000000000000e+00 0.000000000000000000e+00 0.000000000000000000e+00 0.000000000000000000e+00
1.625000000000000056e-01 0.000000000000000000e+00 0.000000000000000000e+00 0.000000000000000000e+00 0.000000000000000000e+00
1.675000000000000100e-01 0.000000000000000000e+00 0.000000000000000000e+00 0.000000000000000000e+00 0.000000000000000000e+00
1.724999999999999867e-01 0.000000000000000000e+00 0.000000000000000000e+00 0.000000000000000000e+00 0.000000000000000000e+00
1.774999999999999911e-01 0.000000000000000000e+00 0.000000000000000000e+00 0.000000000000000000e+00 0.000000000000000000e+00
1.824999999999999956e-01 0.000000000000000000e+00 0.000000000000000000e+00 0.000000000000000000e+00 0.000000000000000000e+00
1.875000000000000000e-01 0.000000000000000000e+00 0.000000000000000000e+00 0.000000000000000000e+00 0.000000000000000000e+00
1.925000000000000044e-01 0.000000000000000000e+00 0.000000000000000000e+00 0.000000000000000000e+00 9.999999999999999547e-08
1.975000000000000089e-01 0.000000000000000000e+00 0.000000000000000000e+00 0.000000000000000000e+00 5.349999999999999938e-05
2.025000000000000133e-01 0.000000000000000000e+00 0.000000000000000000e+00 0.000000000000000000e+00 8.028799999999999132e-03
2.074999999999999900e-01 0.000000000000000000e+00 0.000000000000000000e+00 0.000000000000000000e+00 1.950242000000000364e-01
2.124999999999999944e-01 0.000000000000000000e+00 0.000000000000000000e+00 0.000000000000000000e+00 1.255852400000000202e+00
2.174999999999999989e-01 0.000000000000000000e+00 0.000000000000000000e+00 0.000000000000000000e+00 3.234538500000000205e+00
2.225000000000000033e-01 0.000000000000000000e+00 0.000000000000000000e+00 0.000000000000000000e+00 4.445391899999999730e+00
2.275000000000000078e-01 0.000000000000000000e+00 0.000000000000000000e+00 0.000000000000000000e+00 4.307679299999999323e+00
2.325000000000000122e-01 0.000000000000000000e+00 0.000000000000000000e+00 0.000000000000000000e+00 3.984442299999999992e+00
2.374999999999999889e-01 0.000000000000000000e+00 0.000000000000000000e+00 0.000000000000000000e+00 3.693980299999999772e+00
2.424999999999999933e-01 0.000000000000000000e+00 0.000000000000000000e+00 0.000000000000000000e+00 3.434701100000000284e+00
2.474999999999999978e-01 0.000000000000000000e+00 0.000000000000000000e+00 0.000000000000000000e+00 3.198700099999999935e+00
2.525000000000000022e-01 0.000000000000000000e+00 0.000000000000000000e+00 0.000000000000000000e+00 2.986437700000000639e+00
2.575000000000000067e-01 0.000000000000000000e+00 0.000000000000000000e+00 0.000000000000000000e+00 2.793705800000000128e+00
2.625000000000000111e-01 0.000000000000000000e+00 0.000000000000000000e+00 0.000000000000000000e+00 2.621249900000000022e+00
2.675000000000000155e-01 0.000000000000000000e+00 0.000000000000000000e+00 0.000000000000000000e+00 2.464374400000000076e+00
2.725000000000000200e-01 0.000000000000000000e+00 0.000000000000000000e+00 0.000000000000000000e+00 2.322799199999999953e+00
2.775000000000000244e-01 0.000000000000000000e+00 0.000000000000000000e+00 0.000000000000000000e+00 2.195023899999999806e+00
2.824999999999999734e-01 0.000000000000000000e+00 0.000000000000000000e+00 0.000000000000000000e+00 2.080505700000000235e+00
2.874999999999999778e-01 0.000000000000000000e+00 0.000000000000000000e+00 0.000000000000000000e+00 1.975115500000000024e+00
2.924999999999999822e-01 0.000000000000000000e+00 0.000000000000000000e+00 0.000000000000000000e+00 1.881447500000000161e+00
2.974999999999999867e-01 0.000000000000000000e+00 0.000000000000000000e+00 0.000000000000000000e+00 1.796799700000000000e+00
3.024999999999999911e-01 0.000000000000000000e+00 0.000000000000000000e+00 0.000000000000000000e+00 1.720500499999999988e+00
3.074999999999999956e-01 0.000000000000000000e+00 0.000000000000000000e+00 0.000000000000000000e+00 1.652630800000000066e+00
3.125000000000000000e-01 0.000000000000000000e+00 0.000000000000000000e+00 0.000000000000000000e+00 1.590307599999999821e+00
3.175000000000000044e-01 0.000000000000000000e+00 0.000000000000000000e+00 0.000000000000000000e+00 1.536519799999999991e+00
3.225000000000000089e-01 0.000000000000000000e+00 0.000000000000000000e+00 0.000000000000000000e+00 1.488159699999999974e+00
3.275000000000000133e-01 0.000000000000000000e+00 0.000000000000000000e+00 0.000000000000000000e+00 1.445374200000000053e+00
3.325000000000000178e-01 0.000000000000000000e+00 0.000000000000000000e+00 0.000000000000000000e+00 1.408015499999999864e+00
3.375000000000000222e-01 0.000000000000000000e+00 0.000000000000000000e+00 0.000000000000000000e+00 1.375494800000000017e+00
3.425000000000000266e-01 0.000000000000000000e+00 0.000000000000000000e+00 0.000000000000000000e+00 1.348173500000000136e+00
3.474999999999999756e-01 0.000000000000000000e+00 0.000000000000000000e+00 0.000000000000000000e+00 1.324764400000000064e+00
3.524999999999999800e-01 0.000000000000000000e+00 0.000000000000000000e+00 0.000000000000000000e+00 1.305771999999999933e+00
3.574999999999999845e-01 0.000000000000000000e+00 0.000000000000000000e+00 0.000000000000000000e+00 1.291174499999999892e+00
3.624999999999999889e-01 0.000000000000000000e+00 0.000000000000000000e+00 0.000000000000000000e+00 1.280347399999999913e+00
3.674999999999999933e-01 0.000000000000000000e+00 0.000000000000000000e+00 0.000000000000000000e+00 1.273629300000000075e+00
3.724999999999999978e-01 0.000000000000000000e+00 0.000000000000000000e+00 0.000000000000000000e+00 1.270480600000000182e+00
3.775000000000000022e-01 0.000000000000000000e+00 0.000000000000000000e+00 0.000000000000000000e+00 1.270442100000000130e+00
3.825000000000000067e-01 0.000000000000000000e+00 0.000000000000000000e+00 0.000000000000000000e+00 1.274111600000000122e+00
3.875000000000000111e-01 0.000000000000000000e+00 0.000000000000000000e+00 0.000000000000000000e+00 1.280635599999999874e+00
3.925000000000000155e-01 0.000000000000000000e+00 0.000000000000000000e+00 0.000000000000000000e+00 1.290557600000000082e+00
3.975000000000000200e-01 0.000000000000000000e+00 0.000000000000000000e+00 0.000000000000000000e+00 1.302880999999999956e+00
4.025000000000000244e-01 0.000000000000000000e+00 0.000000000000000000e+00 0.000000000000000000e+00 1.317293299999999778e+00
4.074999999999999734e-01 0.000000000000000000e+00 0.000000000000000000e+00 0.000000000000000000e+00 1.333741299999999796e+00
4.124999999999999778e-01 0.000000000000000000e+00 0.000000000000000000e+00 0.000000000000000000e+00 1.352491600000000016e+00
4.174999999999999822e-01 0.000000000000000000e+00 0.000000000000000000e+00 0.000000000000000000e+00 1.372762100000000096e+00
4.224999999999999867e-01 0.000000000000000000e+00 0.000000000000000000e+00 0.000000000000000000e+00 1.394866099999999776e+00
4.274999999999999911e-01 0.000000000000000000e+00 0.000000000000000000e+00 0.000000000000000000e+00 1.417890499999999943e+00
4.324999999999999956e-01 0.000000000000000000e+00 0.000000000000000000e+00 0.000000000000000000e+00 1.439625099999999991e+00
4.375000000000000000e-01 0.000000000000000000e+00 0.000000000000000000e+00 0.000000000000000000e+00 1.457487699999999942e+00
4.425000000000000044e-01 0.000000000000000000e+00 0.000000000000000000e+00 0.000000000000000000e+00 1.469336100000000034e+00
4.475000000000000089e-01 0.000000000000000000e+00 0.000000000000000000e+00 0.000000000000000000e+00 1.474655800000000294e+00
4.525000000000000133e-01 0.000000000000000000e+00 0.000000000000000000e+00 0.000000000000000000e+00 1.474997499999999739e+00
4.575000000000000178e-01 0.000000000000000000e+00 0.000000000000000000e+00 0.000000000000000000e+00 1.470561599999999913e+00
4.625000000000000222e-01 0.000000000000000000e+00 0.000000000000000000e+00 0.000000000000000000e+00 1.462852000000000041e+00
4.675000000000000266e-01 0.000000000000000000e+00 0.000000000000000000e+00 0.000000000000000000e+00 1.451862599999999670e+00
4.724999999999999756e-01 0.000000000000000000e+00 0.000000000000000000e+00 0.000000000000000000e+00 1.439113900000000168e+00
4.774999999999999800e-01 0.000000000000000000e+00 0.000000000000000000e+00 0.000000000000000000e+00 1.424156500000000047e+00
4.824999999999999845e-01 0.000000000000000000e+00 0.000000000000000000e+00 0.000000000000000000e+00 1.408142900000000086e+00
4.874999999999999889e-01 0.000000000000000000e+00 0.000000000000000000e+00 0.000000000000000000e+00 1.391233999999999860e+00
4.924999999999999933e-01 0.000000000000000000e+00 0.000000000000000000e+00 0.000000000000000000e+00 1.373811799999999694e+00
4.974999999999999978e-01 0.000000000000000000e+00 0.000000000000000000e+00 0.000000000000000000e+00 1.356255799999999567e+00
5.024999999999999467e-01 0.000000000000000000e+00 0.000000000000000000e+00 0.000000000000000000e+00 1.338422699999999965e+00
5.074999999999999512e-01 0.000000000000000000e+00 0.000000000000000000e+00 0.000000000000000000e+00 1.320562199999999908e+00
5.124999999999999556e-01 0.000000000000000000e+00 0.000000000000000000e+00 0.000000000000000000e+00 1.303595700000000024e+00
5.174999999999999600e-01 0.000000000000000000e+00 0.000000000000000000e+00 0.000000000000000000e+00 1.286941699999999855e+00
5.224999999999999645e-01 0.000000000000000000e+00 0.000000000000000000e+00 0.000000000000000000e+00 1.270728599999999986e+00
5.274999999999999689e-01 0.000000000000000000e+00 0.000000000000000000e+00 0.000000000000000000e+00 1.255083600000000077e+00
5.324999999999999734e-01 0.000000000000000000e+00 0.000000000000000000e+00 0.000000000000000000e+00 1.240821600000000080e+00
5.374999999999999778e-01 0.000000000000000000e+00 0.000000000000000000e+00 0.000000000000000000e+00 1.226703300000000052e+00
5.424999999999999822e-01 0.000000000000000000e+00 0.000000000000000000e+00 0.000000000000000000e+00 1.213533900000000054e+00
5.474999999999999867e-01 0.000000000000000000e+00 0.000000000000000000e+00 0.000000000000000000e+00 1.201398999999999884e+00
5.524999999999999911e-01 0.000000000000000000e+00 0.000000000000000000e+00 0.000000000000000000e+00 1.190028700000000050e+00
5.574999999999999956e-01 0.000000000000000000e+00 0.000000000000000000e+00 0.000000000000000000e+00 1.180064400000000013e+00
5.625000000000000000e-01 0.000000000000000000e+00 0.000000000000000000e+00 0.000000000000000000e+00 1.170196799999999815e+00
5.675000000000000044e-01 0.000000000000000000e+00 0.000000000000000000e+00 0.000000000000000000e+00 1.161876799999999932e+00
5.725000000000000089e-01 0.000000000000000000e+00 0.000000000000000000e+00 0.000000000000000000e+00 1.153899200000000125e+00
5.775000000000000133e-01 0.000000000000000000e+00 0.000000000000000000e+00 0.000000000000000000e+00 1.147219399999999778e+00
5.825000000000000178e-01 0.000000000000000000e+00 7.999999999999999638e-07 7.999999999999999638e-07 1.141022700000000167e+00
5.875000000000000222e-01 0.000000000000000000e+00 6.000000000000000152e-06 6.000000000000000152e-06 1.135605500000000045e+00
5.925000000000000266e-01 0.000000000000000000e+00 4.950000000000001057e-05 4.950000000000001057e-05 1.130972700000000053e+00
5.975000000000000311e-01 0.000000000000000000e+00 4.352000000000000074e-04 4.352000000000000074e-04 1.127113199999999926e+00
6.025000000000000355e-01 0.000000000000000000e+00 2.677600000000000032e-03 2.677600000000000032e-03 1.123649400000000131e+00
6.075000000000000400e-01 0.000000000000000000e+00 1.230569999999999928e-02 1.230569999999999928e-02 1.120760100000000259e+00
6.125000000000000444e-01 0.000000000000000000e+00 4.437449999999999728e-02 4.437449999999999728e-02 1.118342699999999912e+00
6.175000000000000488e-01 0.000000000000000000e+00 1.285501000000000282e-01 1.285501000000000282e-01 1.116130300000000020e+00
6.225000000000000533e-01 0.000000000000000000e+00 3.100564999999999571e-01 3.100564999999999571e-01 1.114223300000000139e+00
6.274999999999999467e-01 0.000000000000000000e+00 6.307608999999999577e-01 6.307608999999999577e-01 1.112377100000000230e+00
6.324999999999999512e-01 0.000000000000000000e+00 1.112798300000000129e+00 1.112798300000000129e+00 1.110842000000000107e+00
6.374999999999999556e-01 0.000000000000000000e+00 1.730179400000000145e+00 1.730179400000000145e+00 1.109013999999999944e+00
6.424999999999999600e-01 0.000000000000000000e+00 2.407494699999999987e+00 2.407494699999999987e+00 1.107715200000000122e+00
6.474999999999999645e-01 0.000000000000000000e+00 3.048529700000000453e+00 3.048529700000000453e+00 1.105948099999999990e+00
6.524999999999999689e-01 0.000000000000000000e+00 3.553801999999999683e+00 3.553801999999999683e+00 1.103697900000000010e+00
6.574999999999999734e-01 0.000000000000000000e+00 3.861362900000000487e+00 3.861362900000000487e+00 1.101610800000000001e+00
6.624999999999999778e-01 0.000000000000000000e+00 3.946183600000000347e+00 3.946183600000000347e+00 1.099147899999999956e+00
6.674999999999999822e-01 0.000000000000000000e+00 3.825060500000000197e+00 3.825060500000000197e+00 1.096348000000000100e+00
6.724999999999999867e-01 0.000000000000000000e+00 3.548683500000000102e+00 3.548683500000000102e+00 1.093218299999999976e+00
6.774999999999999911e-01 0.000000000000000000e+00 3.215261400000000158e+00 3.215261400000000158e+00 1.089512099999999872e+00
6.824999999999999956e-01 0.000000000000000000e+00 2.912569099999999800e+00 2.912569099999999800e+00 1.085903199999999957e+00
6.875000000000000000e-01 0.000000000000000000e+00 2.647599899999999895e+00 2.647599899999999895e+00 1.082005199999999778e+00
6.925000000000000044e-01 0.000000000000000000e+00 2.415421899999999678e+00 2.415421899999999678e+00 1.077493400000000268e+00
6.975000000000000089e-01 0.000000000000000000e+00 2.210508899999999777e+00 2.210508899999999777e+00 1.073201399999999861e+00
7.025000000000000133e-01 0.000000000000000000e+00 2.030873099999999987e+00 2.030873099999999987e+00 1.068474700000000110e+00
7.075000000000000178e-01 0.000000000000000000e+00 1.873391000000000250e+00 1.873391000000000250e+00 1.063871900000000092e+00
7.125000000000000222e-01 0.000000000000000000e+00 1.734145600000000176e+00 1.734145600000000176e+00 1.059204100000000093e+00
7.175000000000000266e-01 0.000000000000000000e+00 1.611233499999999763e+00 1.611233499999999763e+00 1.054463900000000010e+00
7.225000000000000311e-01 0.000000000000000000e+00 1.503953200000000212e+00 1.503953200000000212e+00 1.049583599999999839e+00
7.275000000000000355e-01 0.000000000000000000e+00 1.409672599999999942e+00 1.409672599999999942e+00 1.045104100000000091e+00
7.325000000000000400e-01 0.000000000000000000e+00 1.326335500000000112e+00 1.326335500000000112e+00 1.040235699999999985e+00
7.375000000000000444e-01 0.000000000000000000e+00 1.253693500000000016e+00 1.253693500000000016e+00 1.035568200000000161e+00
7.425000000000000488e-01 0.000000000000000000e+00 1.190563899999999897e+00 1.190563899999999897e+00 1.031081199999999809e+00
7.475000000000000533e-01 0.000000000000000000e+00 1.134832599999999969e+00 1.134832599999999969e+00 1.026821099999999820e+00
7.524999999999999467e-01 0.000000000000000000e+00 1.088148900000000197e+00 1.088148900000000197e+00 1.022546500000000025e+00
7.574999999999999512e-01 0.000000000000000000e+00 1.048029600000000006e+00 1.048029600000000006e+00 1.018639200000000189e+00
7.624999999999999556e-01 0.000000000000000000e+00 1.013768900000000084e+00 1.013768900000000084e+00 1.015047600000000383e+00
7.674999999999999600e-01 0.000000000000000000e+00 9.855880999999999670e-01 9.855880999999999670e-01 1.011358500000000049e+00
7.724999999999999645e-01 0.000000000000000000e+00 9.629544999999998245e-01 9.629544999999998245e-01 1.007705199999999746e+00
7.774999999999999689e-01 0.000000000000000000e+00 9.457131999999999206e-01 9.457131999999999206e-01 1.004476199999999819e+00
7.824999999999999734e-01 0.000000000000000000e+00 9.334050000000001512e-01 9.334050000000001512e-01 1.001568299999999967e+00
7.874999999999999778e-01 0.000000000000000000e+00 9.254441999999999391e-01 9.254441999999999391e-01 9.987555000000000183e-01
7.924999999999999822e-01 0.000000000000000000e+00 9.227674000000000154e-01 9.227674000000000154e-01 9.960207999999999284e-01
7.974999999999999867e-01 0.000000000000000000e+00 9.242545999999999262e-01 9.242545999999999262e-01 9.936766000000000210e-01
8.024999999999999911e-01 0.000000000000000000e+00 9.309173000000001696e-01 9.309173000000001696e-01 9.912817000000000434e-01
8.074999999999999956e-01 0.000000000000000000e+00 9.417568000000000605e-01 9.417568000000000605e-01 9.892233000000001386e-01
8.125000000000000000e-01 0.000000000000000000e+00 9.573720000000000008e-01 9.573720000000000008e-01 9.872137000000000828e-01
8.175000000000000044e-01 0.000000000000000000e+00 9.775985000000000369e-01 9.775985000000000369e-01 9.853470999999999203e-01
8.225000000000000089e-01 0.000000000000000000e+00 1.002569500000000113e+00 1.002569500000000113e+00 9.837417000000000522e-01
8.275000000000000133e-01 0.000000000000000000e+00 1.030505199999999899e+00 1.030505199999999899e+00 9.820432999999999524e-01
8.325000000000000178e-01 0.000000000000000000e+00 1.062955700000000281e+00 1.062955700000000281e+00 9.806122999999999923e-01
8.375000000000000222e-01 0.000000000000000000e+00 1.099605899999999803e+00 1.099605899999999803e+00 9.791198000000000956e-01
8.425000000000000266e-01 0.000000000000000000e+00 1.137093200000000026e+00 1.137093200000000026e+00 9.777012000000000480e-01
8.475000000000000311e-01 0.000000000000000000e+00 1.175031099999999995e+00 1.175031099999999995e+00 9.766331999999999791e-01
8.525000000000000355e-01 0.000000000000000000e+00 1.213707899999999951e+00 1.213707899999999951e+00 9.754719000000001694e-01
8.575000000000000400e-01 0.000000000000000000e+00 1.248049000000000186e+00 1.248049000000000186e+00 9.741428000000000864e-01
8.625000000000000444e-01 0.000000000000000000e+00 1.278046499999999863e+00 1.278046499999999863e+00 9.731850000000001888e-01
8.675000000000000488e-01 0.000000000000000000e+00 1.302548499999999887e+00 1.302548499999999887e+00 9.717740000000001377e-01
8.725000000000000533e-01 0.000000000000000000e+00 1.319927799999999873e+00 1.319927799999999873e+00 9.709880999999999096e-01
8.774999999999999467e-01 0.000000000000000000e+00 1.328416900000000123e+00 1.328416900000000123e+00 9.699476999999999682e-01
8.824999999999999512e-01 0.000000000000000000e+00 1.329909299999999961e+00 1.329909299999999961e+00 9.687782999999999811e-01
8.874999999999999556e-01 0.000000000000000000e+00 1.325321000000000193e+00 1.325321000000000193e+00 9.677431999999999146e-01
8.924999999999999600e-01 0.000000000000000000e+00 1.313968099999999861e+00 1.313968099999999861e+00 9.666229000000001736e-01
8.974999999999999645e-01 0.000000000000000000e+00 1.298419299999999943e+00 1.298419299999999943e+00 9.656898000000001536e-01
9.024999999999999689e-01 0.000000000000000000e+00 1.279521399999999920e+00 1.279521399999999920e+00 9.647185000000002564e-01
9.074999999999999734e-01 0.000000000000000000e+00 1.258931100000000081e+00 1.258931100000000081e+00 9.638412000000000646e-01
9.124999999999999778e-01 0.000000000000000000e+00 1.235513599999999990e+00 1.235513599999999990e+00 9.629550000000000054e-01
9.174999999999999822e-01 0.000000000000000000e+00 1.211713299999999993e+00 1.211713299999999993e+00 9.621638999999999609e-01
9.224999999999999867e-01 0.000000000000000000e+00 1.188214899999999741e+00 1.188214899999999741e+00 9.611491999999998148e-01
9.274999999999999911e-01 0.000000000000000000e+00 1.164033799999999896e+00 1.164033799999999896e+00 9.603756999999999433e-01
9.324999999999999956e-01 0.000000000000000000e+00 1.140636499999999831e+00 1.140636499999999831e+00 9.596730999999998346e-01
9.375000000000000000e-01 0.000000000000000000e+00 1.118158200000000102e+00 1.118158200000000102e+00 9.589706999999998427e-01
9.425000000000000044e-01 0.000000000000000000e+00 1.095751099999999756e+00 1.095751099999999756e+00 9.583100999999999425e-01
9.475000000000000089e-01 4.600000000000000004e-06 1.075374799999999853e+00 1.075374799999999853e+00 9.576396999999999826e-01
9.525000000000000133e-01 9.000000000000000228e-06 1.055884400000000056e+00 1.055884400000000056e+00 9.570883000000000029e-01
9.575000000000000178e-01 8.480000000000000124e-05 1.038252800000000198e+00 1.038252800000000198e+00 9.567636999999999947e-01
9.625000000000000222e-01 5.131000000000000578e-04 1.021612600000000093e+00 1.021612600000000093e+00 9.565671999999999509e-01
9.675000000000000266e-01 2.679800000000000411e-03 1.005492499999999900e+00 1.005492499999999900e+00 9.560935999999999879e-01
9.725000000000000311e-01 9.452699999999999644e-03 9.914854999999999086e-01 9.914854999999999086e-01 9.558598000000001482e-01
9.775000000000000355e-01 3.095180000000000153e-02 9.787271000000000720e-01 9.787271000000000720e-01 9.556502000000000052e-01
9.825000000000000400e-01 8.434640000000001581e-02 9.683833000000001690e-01 9.683833000000001690e-01 9.555342000000000002e-01
9.875000000000000444e-01 2.046097000000000055e-01 9.583530000000001214e-01 9.583530000000001214e-01 9.555900000000001615e-01
9.925000000000000488e-01 4.324459999999999971e-01 9.494757999999998699e-01 9.494757999999998699e-01 9.555711999999999540e-01
9.975000000000000533e-01 8.205590999999999857e-01 9.426353000000000648e-01 9.426353000000000648e-01 9.555454000000001002e-01
1.002499999999999947e+00 1.413082200000000066e+00 9.374124000000000345e-01 9.374124000000000345e-01 9.557762999999999121e-01
1.007500000000000062e+00 2.200243599999999855e+00 9.325721999999998513e-01 9.325721999999998513e-01 9.559103999999999379e-01
1.012499999999999956e+00 3.148809600000000319e+00 9.290642999999999541e-01 9.290642999999999541e-01 9.562965999999999411e-01
1.017500000000000071e+00 4.187821600000000366e+00 9.274196999999999580e-01 9.274196999999999580e-01 9.566599000000000075e-01
1.022499999999999964e+00 5.185770700000000843e+00 9.264862000000000375e-01 9.264862000000000375e-01 9.569715000000000860e-01
1.027500000000000080e+00 6.044676499999999564e+00 9.259552999999998146e-01 9.259552999999998146e-01 9.572437000000000307e-01
1.032499999999999973e+00 6.670938099999998983e+00 9.269477999999999884e-01 9.269477999999999884e-01 9.579891999999998742e-01
1.037500000000000089e+00 7.013431700000000824e+00 9.281709999999998573e-01 9.281709999999998573e-01 9.584867999999999721e-01
1.042499999999999982e+00 7.067289599999999616e+00 9.307039999999998647e-01 9.307039999999998647e-01 9.590560000000001306e-01
1.047500000000000098e+00 6.855238399999999288e+00 9.323755999999999711e-01 9.323755999999999711e-01 9.596800999999999249e-01
1.052499999999999991e+00 6.450601899999999667e+00 9.355731000000000464e-01 9.355731000000000464e-01 9.604546999999999946e-01
1.057500000000000107e+00 5.906552100000000749e+00 9.385002999999999540e-01 9.385002999999999540e-01 9.612176000000000053e-01
1.062500000000000000e+00 5.297440799999999506e+00 9.416277000000000674e-01 9.416277000000000674e-01 9.620267000000000124e-01
1.067499999999999893e+00 4.668366200000000354e+00 9.440468000000000748e-01 9.440468000000000748e-01 9.630787999999999016e-01
1.072500000000000009e+00 4.053417800000000071e+00 9.467185000000000183e-01 9.467185000000000183e-01 9.639457000000000164e-01
1.077499999999999902e+00 3.491430999999999951e+00 9.488149999999999640e-01 9.488149999999999640e-01 9.649326999999999765e-01
1.082500000000000018e+00 2.981172399999999723e+00 9.506260000000000820e-01 9.506260000000000820e-01 9.659401999999998045e-01
1.087499999999999911e+00 2.545955900000000049e+00 9.515870999999999080e-01 9.515870999999999080e-01 9.670555999999999042e-01
1.092500000000000027e+00 2.167663699999999860e+00 9.518782000000000076e-01 9.518782000000000076e-01 9.681300000000000461e-01
1.097499999999999920e+00 1.852546600000000154e+00 9.517424000000002104e-01 9.517424000000002104e-01 9.693890999999998925e-01
1.102500000000000036e+00 1.593049000000000159e+00 9.507524000000000530e-01 9.507524000000000530e-01 9.706482000000000721e-01
1.107499999999999929e+00 1.369418499999999650e+00 9.494293000000000315e-01 9.494293000000000315e-01 9.718465000000000575e-01
1.112500000000000044e+00 1.194609199999999927e+00 9.471326000000001022e-01 9.471326000000001022e-01 9.733376999999998613e-01
1.117499999999999938e+00 1.046797799999999778e+00 9.442929000000001016e-01 9.442929000000001016e-01 9.747345000000000592e-01
1.122500000000000053e+00 9.190711000000000297e-01 9.415454999999999242e-01 9.415454999999999242e-01 9.760220000000000562e-01
1.127499999999999947e+00 8.260981000000000574e-01 9.381199000000000066e-01 9.381199000000000066e-01 9.775343000000000782e-01
1.132500000000000062e+00 7.577055000000000318e-01 9.340163000000000215e-01 9.340163000000000215e-01 9.790223000000001230e-01
1.137499999999999956e+00 7.062449999999999006e-01 9.302854999999998764e-01 9.302854999999998764e-01 9.807318999999999898e-01
1.142500000000000071e+00 6.662399999999999434e-01 9.260455000000000769e-01 9.260455000000000769e-01 9.822574999999998946e-01
1.147499999999999964e+00 6.331488000000000671e-01 9.221544999999998771e-01 9.221544999999998771e-01 9.839541000000000537e-01
1.152500000000000080e+00 6.080147999999999664e-01 9.176199999999999912e-01 9.176199999999999912e-01 9.855796999999999475e-01
1.157499999999999973e+00 5.892076999999998899e-01 9.140570000000000084e-01 9.140570000000000084e-01 9.873066999999998705e-01
1.162500000000000089e+00 5.779565000000000952e-01 9.095187000000001243e-01 9.095187000000001243e-01 9.891006999999998328e-01
1.167499999999999982e+00 5.673958999999999531e-01 9.057861000000000384e-01 9.057861000000000384e-01 9.911187999999999665e-01
1.172500000000000098e+00 5.631964000000000414e-01 9.022931999999999064e-01 9.022931999999999064e-01 9.929243000000000929e-01
1.177499999999999991e+00 5.600142000000000175e-01 8.985756999999999772e-01 8.985756999999999772e-01 9.949141999999999708e-01
1.182500000000000107e+00 5.570264999999999800e-01 8.955856000000000927e-01 8.955856000000000927e-01 9.968363000000000085e-01
1.187500000000000000e+00 5.566248000000000307e-01 8.922953000000001245e-01 8.922953000000001245e-01 9.989290000000000669e-01
1.192499999999999893e+00 5.622800999999999494e-01 8.900251000000001245e-01 8.900251000000001245e-01 1.000931300000000190e+00
1.197500000000000009e+00 5.659990000000000299e-01 8.879349000000000824e-01 8.879349000000000824e-01 1.003014599999999756e+00
1.202499999999999902e+00 5.721075000000001021e-01 8.855695999999999568e-01 8.855695999999999568e-01 1.005217899999999887e+00
1.207500000000000018e+00 5.824312000000000378e-01 8.844269000000000158e-01 8.844269000000000158e-01 1.007413200000000009e+00
1.212499999999999911e+00 5.962209000000000536e-01 8.830628999999999840e-01 8.830628999999999840e-01 1.009619400000000056e+00
1.217500000000000027e+00 6.073313000000000184e-01 8.820593999999998269e-01 8.820593999999998269e-01 1.011993400000000154e+00
1.222499999999999920e+00 6.276511000000000173e-01 8.818051000000000084e-01 8.818051000000000084e-01 1.014348300000000203e+00
1.227500000000000036e+00 6.465370999999999757e-01 8.817624000000000573e-01 8.817624000000000573e-01 1.016700800000000182e+00
1.232499999999999929e+00 6.696112000000000730e-01 8.820703999999999212e-01 8.820703999999999212e-01 1.019157799999999892e+00
1.237500000000000044e+00 6.987805000000000266e-01 8.827184000000001252e-01 8.827184000000001252e-01 1.021579299999999968e+00
1.242499999999999938e+00 7.294164000000000758e-01 8.830728999999999385e-01 8.830728999999999385e-01 1.024089200000000144e+00
1.247500000000000053e+00 7.660741999999999274e-01 8.841991999999999630e-01 8.841991999999999630e-01 1.026663199999999998e+00
1.252499999999999947e+00 8.040163000000000171e-01 8.854064999999999852e-01 8.854064999999999852e-01 1.029138100000000167e+00
1.257500000000000062e+00 8.482507000000000241e-01 8.869938999999998908e-01 8.869938999999998908e-01 1.031772499999999981e+00
1.262499999999999956e+00 8.977011999999999770e-01 8.890329000000001258e-01 8.890329000000001258e-01 1.034383299999999783e+00
1.267500000000000071e+00 9.417847999999999775e-01 8.906931000000000154e-01 8.906931000000000154e-01 1.036724200000000096e+00
1.272499999999999964e+00 9.896982000000000834e-01 8.928381999999999152e-01 8.928381999999999152e-01 1.039215400000000233e+00
1.277500000000000080e+00 1.032998000000000083e+00 8.945532000000000483e-01 8.945532000000000483e-01 1.041385400000000017e+00
1.282499999999999973e+00 1.071083600000000136e+00 8.966551999999999856e-01 8.966551999999999856e-01 1.043258999999999936e+00
1.287500000000000089e+00 1.091160899999999989e+00 8.989369999999998750e-01 8.989369999999998750e-01 1.045036300000000029e+00
1.292499999999999982e+00 1.109733399999999870e+00 9.008765000000000800e-01 9.008765000000000800e-01 1.046197199999999938e+00
1.297500000000000098e+00 1.112195199999999939e+00 9.030153000000000763e-01 9.030153000000000763e-01 1.046917199999999992e+00
1.302499999999999991e+00 1.106439100000000009e+00 9.051107000000000458e-01 9.051107000000000458e-01 1.047300399999999909e+00
1.307500000000000107e+00 1.091104800000000319e+00 9.061597000000001234e-01 9.061597000000001234e-01 1.047111200000000020e+00
1.312500000000000000e+00 1.064163900000000051e+00 9.084071000000001339e-01 9.084071000000001339e-01 1.046573800000000221e+00
1.317499999999999893e+00 1.043892999999999960e+00 9.095525999999999334e-01 9.095525999999999334e-01 1.045420300000000191e+00
1.322500000000000009e+00 1.012786100000000022e+00 9.113869999999998361e-01 9.113869999999998361e-01 1.044190999999999869e+00
1.327499999999999902e+00 9.793433999999997530e-01 9.124778000000001166e-01 9.124778000000001166e-01 1.042499700000000029e+00
1.332500000000000018e+00 9.488221000000001126e-01 9.136471999999999927e-01 9.136471999999999927e-01 1.040869499999999892e+00
1.337499999999999911e+00 9.216413000000001077e-01 9.149647000000001862e-01 9.149647000000001862e-01 1.038932200000000083e+00
1.342500000000000027e+00 8.929915999999999965e-01 9.159157999999999467e-01 9.159157999999999467e-01 1.036963899999999938e+00
1.347499999999999920e+00 8.658424999999999594e-01 9.165706000000000131e-01 9.165706000000000131e-01 1.035110799999999998e+00
1.352500000000000036e+00 8.445536000000000154e-01 9.171991999999999923e-01 9.171991999999999923e-01 1.033365499999999937e+00
1.357499999999999929e+00 8.240429999999999700e-01 9.186457999999999569e-01 9.186457999999999569e-01 1.031456700000000115e+00
1.362500000000000044e+00 8.075995999999999730e-01 9.188794000000000128e-01 9.188794000000000128e-01 1.029977200000000037e+00
1.367499999999999938e+00 7.904619999999999980e-01 9.194423000000000457e-01 9.194423000000000457e-01 1.028292700000000170e+00
1.372500000000000053e+00 7.774999000000000215e-01 9.205390999999998325e-01 9.205390999999998325e-01 1.026950299999999983e+00
1.377499999999999947e+00 7.644433000000000478e-01 9.214187999999999823e-01 9.214187999999999823e-01 1.025787199999999899e+00
1.382500000000000062e+00 7.521231000000001554e-01 9.223756999999999096e-01 9.223756999999999096e-01 1.024683200000000127e+00
1.387499999999999956e+00 7.461714000000000402e-01 9.234766999999999282e-01 9.234766999999999282e-01 1.023599600000000054e+00
1.392500000000000071e+00 7.392369000000000856e-01 9.246304999999999108e-01 9.246304999999999108e-01 1.022734800000000055e+00
1.397499999999999964e+00 7.343911999999999107e-01 9.258891000000002425e-01 9.258891000000002425e-01 1.022124500000000102e+00
1.402500000000000080e+00 7.309248000000000411e-01 9.278223000000000997e-01 9.278223000000000997e-01 1.021637099999999965e+00
1.407499999999999973e+00 7.259190000000000920e-01 9.295191999999999899e-01 9.295191999999999899e-01 1.021108899999999986e+00
1.412500000000000089e+00 7.240393000000000523e-01 9.311764000000000152e-01 9.311764000000000152e-01 1.020835699999999902e+00
1.417499999999999982e+00 7.246810000000000196e-01 9.335481000000001028e-01 9.335481000000001028e-01 1.020617199999999780e+00
1.422500000000000098e+00 7.269147000000000247e-01 9.359576000000000562e-01 9.359576000000000562e-01 1.020593199999999978e+00
1.427499999999999991e+00 7.282804999999999973e-01 9.383082000000000367e-01 9.383082000000000367e-01 1.020574499999999940e+00
1.432500000000000107e+00 7.324440000000000950e-01 9.408554000000000084e-01 9.408554000000000084e-01 1.020716699999999921e+00
1.437500000000000000e+00 7.368902000000001618e-01 9.434297000000000377e-01 9.434297000000000377e-01 1.020878699999999695e+00
1.442499999999999893e+00 7.387474000000000540e-01 9.462448999999999444e-01 9.462448999999999444e-01 1.021161100000000044e+00
1.447500000000000009e+00 7.455239000000000171e-01 9.488332000000001543e-01 9.488332000000001543e-01 1.021379400000000048e+00
1.452499999999999902e+00 7.524888000000000687e-01 9.522833000000000547e-01 9.522833000000000547e-01 1.021611700000000011e+00
1.457500000000000018e+00 7.598615999999999149e-01 9.552764000000000255e-01 9.552764000000000255e-01 1.022016999999999731e+00
1.462499999999999911e+00 7.670022999999999147e-01 9.581798000000001370e-01 9.581798000000001370e-01 1.022316300000000178e+00
1.467500000000000027e+00 7.758271999999999391e-01 9.610388000000000819e-01 9.610388000000000819e-01 1.022612700000000263e+00
1.472499999999999920e+00 7.839445999999998804e-01 9.645661999999999292e-01 9.645661999999999292e-01 1.022984800000000138e+00
1.477500000000000036e+00 7.915943999999999203e-01 9.674089999999999634e-01 9.674089999999999634e-01 1.023286600000000046e+00
1.482499999999999929e+00 7.981556000000000761e-01 9.708665000000001877e-01 9.708665000000001877e-01 1.023487400000000047e+00
1.487500000000000044e+00 8.067043000000000408e-01 9.740249999999998076e-01 9.740249999999998076e-01 1.023688000000000153e+00
1.492499999999999938e+00 8.148168000000000077e-01 9.770600999999998759e-01 9.770600999999998759e-01 1.023750700000000124e+00
1.497500000000000053e+00 8.205054999999999987e-01 9.803195999999999577e-01 9.803195999999999577e-01 1.023750000000000160e+00
1.502499999999999947e+00 8.276842999999999284e-01 9.836050000000000626e-01 9.836050000000000626e-01 1.023670899999999939e+00
1.507500000000000062e+00 8.315876999999998187e-01 9.866743999999998405e-01 9.866743999999998405e-01 1.023315699999999939e+00
1.512499999999999956e+00 8.374140000000001027e-01 9.901718999999999937e-01 9.901718999999999937e-01 1.023061900000000080e+00
1.517500000000000071e+00 8.363495999999999153e-01 9.933430999999999234e-01 9.933430999999999234e-01 1.022765300000000099e+00
1.522499999999999964e+00 8.411588999999999317e-01 9.965021000000000573e-01 9.965021000000000573e-01 1.022163300000000108e+00
1.527500000000000080e+00 8.437406000000000628e-01 1.000073299999999943e+00 1.000073299999999943e+00 1.021539499999999823e+00
1.532499999999999973e+00 8.442899999999999849e-01 1.003611500000000101e+00 1.003611500000000101e+00 1.020834000000000019e+00
1.537500000000000089e+00 8.438223000000000251e-01 1.007122299999999804e+00 1.007122299999999804e+00 1.020066699999999882e+00
1.542499999999999982e+00 8.440254000000001477e-01 1.010216100000000061e+00 1.010216100000000061e+00 1.019091200000000086e+00
1.547500000000000098e+00 8.427944000000000546e-01 1.013965199999999900e+00 1.013965199999999900e+00 1.018145599999999984e+00
1.552499999999999991e+00 8.405530999999999420e-01 1.017331599999999892e+00 1.017331599999999892e+00 1.017194600000000060e+00
1.557500000000000107e+00 8.403152999999999873e-01 1.021067700000000134e+00 1.021067700000000134e+00 1.016139600000000032e+00
1.562500000000000000e+00 8.389989000000002140e-01 1.025071400000000299e+00 1.025071400000000299e+00 1.015148700000000126e+00
1.567499999999999893e+00 8.365690000000001181e-01 1.028586400000000012e+00 1.028586400000000012e+00 1.014020499999999769e+00
1.572500000000000009e+00 8.363886999999998739e-01 1.032754399999999739e+00 1.032754399999999739e+00 1.013033800000000095e+00
1.577499999999999902e+00 8.338588000000000111e-01 1.036305199999999926e+00 1.036305199999999926e+00 1.012045399999999873e+00
1.582500000000000018e+00 8.363156999999998842e-01 1.040494899999999889e+00 1.040494899999999889e+00 1.011124199999999806e+00
1.587499999999999911e+00 8.341657000000000100e-01 1.045125899999999941e+00 1.045125899999999941e+00 1.009994199999999953e+00
1.592500000000000027e+00 8.324610000000000065e-01 1.048759800000000020e+00 1.048759800000000020e+00 1.009098799999999851e+00
1.597499999999999920e+00 8.315803999999999974e-01 1.052766000000000091e+00 1.052766000000000091e+00 1.008296400000000093e+00
1.602500000000000036e+00 8.310331000000001911e-01 1.057214899999999957e+00 1.057214899999999957e+00 1.007373599999999758e+00
1.607499999999999929e+00 8.299545999999999868e-01 1.061329099999999803e+00 1.061329099999999803e+00 1.006590099999999932e+00
1.612500000000000044e+00 8.318277000000000587e-01 1.065916499999999933e+00 1.065916499999999933e+00 1.005900099999999853e+00
1.617499999999999938e+00 8.341271999999999576e-01 1.070407799999999909e+00 1.070407799999999909e+00 1.005184999999999995e+00
1.622500000000000053e+00 8.343380000000000241e-01 1.074629999999999974e+00 1.074629999999999974e+00 1.004503099999999982e+00
1.627499999999999947e+00 8.356724999999999293e-01 1.079187600000000025e+00 1.079187600000000025e+00 1.003964899999999938e+00
1.632500000000000062e+00 8.378717999999999444e-01 1.083468199999999992e+00 1.083468199999999992e+00 1.003374999999999906e+00
1.637499999999999956e+00 8.417871000000001214e-01 1.087782299999999980e+00 1.087782299999999980e+00 1.002953600000000112e+00
1.642500000000000071e+00 8.439037999999999817e-01 1.091659500000000005e+00 1.091659500000000005e+00 1.002569100000000102e+00
1.647499999999999964e+00 8.460487000000000979e-01 1.095882099999999859e+00 1.095882099999999859e+00 1.002010000000000067e+00
1.652500000000000080e+00 8.487256999999999163e-01 1.099119600000000307e+00 1.099119600000000307e+00 1.001787299999999714e+00
1.657499999999999973e+00 8.534212999999999383e-01 1.102129300000000089e+00 1.102129300000000089e+00 1.001386100000000168e+00
1.662500000000000089e+00 8.572584000000000870e-01 1.104514500000000066e+00 1.104514500000000066e+00 1.001156999999999853e+00
1.667499999999999982e+00 8.615907999999998790e-01 1.106231100000000023e+00 1.106231100000000023e+00 1.000870200000000265e+00
1.672500000000000098e+00 8.671338000000000656e-01 1.106573200000000146e+00 1.106573200000000146e+00 1.000674599999999748e+00
1.677499999999999991e+00 8.718664000000000414e-01 1.105687000000000086e+00 1.105687000000000086e+00 1.000386500000000067e+00
1.682500000000000107e+00 8.765354000000000756e-01 1.103928699999999985e+00 1.103928699999999985e+00 1.000160599999999844e+00
1.687500000000000000e+00 8.813230000000000786e-01 1.101444900000000171e+00 1.101444900000000171e+00 9.999500000000001165e-01
1.692499999999999893e+00 8.870245000000001045e-01 1.097472099999999839e+00 1.097472099999999839e+00 9.997860999999998999e-01
1.697500000000000009e+00 8.943054000000000281e-01 1.092624299999999993e+00 1.092624299999999993e+00 9.996224000000000220e-01
1.702499999999999902e+00 8.972044000000000130e-01 1.087574000000000041e+00 1.087574000000000041e+00 9.993331000000000852e-01
1.707500000000000018e+00 9.063585000000001779e-01 1.081425199999999975e+00 1.081425199999999975e+00 9.992658999999999292e-01
1.712499999999999911e+00 9.133581999999998979e-01 1.074974899999999955e+00 1.074974899999999955e+00 9.989790000000000614e-01
1.717500000000000027e+00 9.197544000000001940e-01 1.068665200000000093e+00 1.068665200000000093e+00 9.987966999999999818e-01
1.722499999999999920e+00 9.261669000000001262e-01 1.061865200000000176e+00 1.061865200000000176e+00 9.985260999999999720e-01
1.727500000000000036e+00 9.343553999999997250e-01 1.055613399999999924e+00 1.055613399999999924e+00 9.983530000000000459e-01
1.732499999999999929e+00 9.397192999999999241e-01 1.049319499999999961e+00 1.049319499999999961e+00 9.980740000000001277e-01
1.737500000000000044e+00 9.477962999999999250e-01 1.043290599999999957e+00 1.043290599999999957e+00 9.978482000000001850e-01
1.742499999999999938e+00 9.523369999999999891e-01 1.037602699999999878e+00 1.037602699999999878e+00 9.975000999999998896e-01
1.747500000000000053e+00 9.589103999999999406e-01 1.032569599999999976e+00 1.032569599999999976e+00 9.972897000000001677e-01
1.752499999999999947e+00 9.687146999999999286e-01 1.027965699999999982e+00 1.027965699999999982e+00 9.969544000000001294e-01
1.757500000000000062e+00 9.753180000000000183e-01 1.023460299999999989e+00 1.023460299999999989e+00 9.967154000000000291e-01
1.762499999999999956e+00 9.814975999999999701e-01 1.020417600000000036e+00 1.020417600000000036e+00 9.963895000000000390e-01
1.767500000000000071e+00 9.896754999999999303e-01 1.016794700000000162e+00 1.016794700000000162e+00 9.960615000000000441e-01
1.772499999999999964e+00 9.952213000000000864e-01 1.013686199999999982e+00 1.013686199999999982e+00 9.957546000000000452e-01
1.777500000000000080e+00 1.002305900000000083e+00 1.011742300000000094e+00 1.011742300000000094e+00 9.954030999999998741e-01
1.782499999999999973e+00 1.008736399999999866e+00 1.009725900000000065e+00 1.009725900000000065e+00 9.951370999999999967e-01
1.787500000000000089e+00 1.011646299999999998e+00 1.008168799999999976e+00 1.008168799999999976e+00 9.948362999999998957e-01
1.792499999999999982e+00 1.018844400000000094e+00 1.006897899999999790e+00 1.006897899999999790e+00 9.945249999999999924e-01
1.797500000000000098e+00 1.023365399999999870e+00 1.005887399999999987e+00 1.005887399999999987e+00 9.942448000000000397e-01
1.802499999999999991e+00 1.029178300000000101e+00 1.005371499999999862e+00 1.005371499999999862e+00 9.939985999999999544e-01
1.807500000000000107e+00 1.032516800000000234e+00 1.004797699999999905e+00 1.004797699999999905e+00 9.937441000000001301e-01
1.812500000000000000e+00 1.034272199999999975e+00 1.004694600000000104e+00 1.004694600000000104e+00 9.935161999999998494e-01
1.817499999999999893e+00 1.035900600000000171e+00 1.004918900000000059e+00 1.004918900000000059e+00 9.933063000000000864e-01
1.822500000000000009e+00 1.039551900000000195e+00 1.005060700000000029e+00 1.005060700000000029e+00 9.931275999999998882e-01
1.827499999999999902e+00 1.042073700000000214e+00 1.005472600000000272e+00 1.005472600000000272e+00 9.930429000000000617e-01
1.832500000000000018e+00 1.040909099999999921e+00 1.005858599999999825e+00 1.005858599999999825e+00 9.928174000000000721e-01
1.837499999999999911e+00 1.042976699999999868e+00 1.005746400000000040e+00 1.005746400000000040e+00 9.926612000000000213e-01
1.842500000000000027e+00 1.044005900000000153e+00 1.006763700000000039e+00 1.006763700000000039e+00 9.925919000000000825e-01
1.847499999999999920e+00 1.047420900000000099e+00 1.007472799999999946e+00 1.007472799999999946e+00 9.924962000000000506e-01
1.852500000000000036e+00 1.049556799999999956e+00 1.007970899999999670e+00 1.007970899999999670e+00 9.924205999999999861e-01
1.857499999999999929e+00 1.050936399999999882e+00 1.008417400000000130e+00 1.008417400000000130e+00 9.924354999999998039e-01
1.862500000000000044e+00 1.052072300000000071e+00 1.008937900000000054e+00 1.008937900000000054e+00 9.924134000000000011e-01
1.867499999999999938e+00 1.056986599999999887e+00 1.009485100000000024e+00 1.009485100000000024e+00 9.924039000000002275e-01
1.872500000000000053e+00 1.059254699999999882e+00 1.009586300000000048e+00 1.009586300000000048e+00 9.925130999999998149e-01
1.877499999999999947e+00 1.064495500000000039e+00 1.010197200000000128e+00 1.010197200000000128e+00 9.924542000000000641e-01
1.882500000000000062e+00 1.069781300000000046e+00 1.009921600000000197e+00 1.009921600000000197e+00 9.925333999999997880e-01
1.887499999999999956e+00 1.076083499999999971e+00 1.009854299999999983e+00 1.009854299999999983e+00 9.926242999999999039e-01
1.892500000000000071e+00 1.081361199999999911e+00 1.009747900000000032e+00 1.009747900000000032e+00 9.926946000000003156e-01
1.897499999999999964e+00 1.088039200000000095e+00 1.009132699999999883e+00 1.009132699999999883e+00 9.928166000000000491e-01
1.902500000000000080e+00 1.094943800000000023e+00 1.008677100000000326e+00 1.008677100000000326e+00 9.928903999999999508e-01
1.907499999999999973e+00 1.102829100000000118e+00 1.007937400000000094e+00 1.007937400000000094e+00 9.930056999999997691e-01
1.912500000000000089e+00 1.107272900000000115e+00 1.006821900000000047e+00 1.006821900000000047e+00 9.930884000000000933e-01
1.917499999999999982e+00 1.113858499999999863e+00 1.005698999999999899e+00 1.005698999999999899e+00 9.933087999999999917e-01
1.922500000000000098e+00 1.121966400000000030e+00 1.004625600000000230e+00 1.004625600000000230e+00 9.934500999999998916e-01
1.927499999999999991e+00 1.129039000000000126e+00 1.003212900000000074e+00 1.003212900000000074e+00 9.935729999999999285e-01
1.932500000000000107e+00 1.136861199999999794e+00 1.001949600000000107e+00 1.001949600000000107e+00 9.937960000000000127e-01
1.937500000000000000e+00 1.142663300000000159e+00 1.000129000000000046e+00 1.000129000000000046e+00 9.938567999999998737e-01
1.942499999999999893e+00 1.146985699999999886e+00 9.984300999999999870e-01 9.984300999999999870e-01 9.940737000000000601e-01
1.947500000000000009e+00 1.154642400000000180e+00 9.970836000000001809e-01 9.970836000000001809e-01 9.942166000000000059e-01
1.952499999999999902e+00 1.162072999999999912e+00 9.953695999999998545e-01 9.953695999999998545e-01 9.942982999999998572e-01
1.957500000000000018e+00 1.166307199999999877e+00 9.935574999999999823e-01 9.935574999999999823e-01 9.944640000000001256e-01
1.962499999999999911e+00 1.171248200000000184e+00 9.920755999999999464e-01 9.920755999999999464e-01 9.947028999999998344e-01
1.967500000000000027e+00 1.175195100000000270e+00 9.903975000000000417e-01 9.903975000000000417e-01 9.947633000000000170e-01
1.972499999999999920e+00 1.181460500000000025e+00 9.886823000000000139e-01 9.886823000000000139e-01 9.948563000000000267e-01
1.977500000000000036e+00 1.188804200000000089e+00 9.874547000000000185e-01 9.874547000000000185e-01 9.950911999999998425e-01
1.982499999999999929e+00 1.193146299999999993e+00 9.860073000000000309e-01 9.860073000000000309e-01 9.952374999999999972e-01
1.987500000000000044e+00 1.198073200000000060e+00 9.846812000000000342e-01 9.846812000000000342e-01 9.953952999999999829e-01
1.992499999999999938e+00 1.201836500000000196e+00 9.836483999999998673e-01 9.836483999999998673e-01 9.955372999999999584e-01
1.997500000000000053e+00 1.209150899999999806e+00 9.826804000000001205e-01 9.826804000000001205e-01 9.957905999999999702e-01
