2.500000000000000052e-03 0.000000000000000000e+00 0.000000000000000000e+00 0.000000000000000000e+00 0.000000000000000000e+00
7.499999999999999722e-03 0.000000000000000000e+00 0.000000000000000000e+00 0.000000000000000000e+00 0.000000000000000000e+00
1.250000000000000069e-02 0.000000000000000000e+00 0.000000000000000000e+00 0.000000000000000000e+00 0.000000000000000000e+00
1.750000000000000167e-02 0.000000000000000000e+00 0.000000000000000000e+00 0.000000000000000000e+00 0.000000000000000000e+00
2.249999999999999917e-02 0.000000000000000000e+00 0.000000000000000000e+00 0.000000000000000000e+00 0.000000000000000000e+00
2.750000000000000014e-02 0.000000000000000000e+00 0.000000000000000000e+00 0.000000000000000000e+00 0.000000000000000000e+00
3.250000000000000111e-02 0.000000000000000000e+00 0.000000000000000000e+00 0.000000000000000000e+00 0.000000000000000000e+00
3.749999999999999861e-02 0.000000000000000000e+00 0.000000000000000000e+00 0.000000000000000000e+00 0.000000000000000000e+00
4.250000000000000305e-02 0.000000000000000000e+00 0.000000000000000000e+00 0.000000000000000000e+00 0.000000000000000000e+00
4.750000000000000056e-02 0.000000000000000000e+00 0.000000000000000000e+00 0.000000000000000000e+00 0.000000000000000000e+00
5.249999999999999806e-02 0.000000000000000000e+00 0.000000000000000000e+00 0.000000000000000000e+00 0.000000000000000000e+00
5.750000000000000250e-02 0.000000000000000000e+00 0.000000000000000000e+00 0.000000000000000000e+00 0.000000000000000000e+00
6.250000000000000000e-02 0.000000000000000000e+00 0.000000000000000000e+00 0.000000000000000000e+00 0.000000000000000000e+00
6.750000000000000444e-02 0.000000000000000000e+00 0.000000000000000000e+00 0.000000000000000000e+00 0.000000000000000000e+00
7.249999999999999500e-02 0.000000000000000000e+00 0.000000000000000000e+00 0.000000000000000000e+00 0.000000000000000000e+00
7.749999999999999944e-02 0.000000000000000000e+00 0.000000000000000000e+00 0.000000000000000000e+00 0.000000000000000000e+00
8.250000000000000389e-02 0.000000000000000000e+00 0.000000000000000000e+00 0.000000000000000000e+00 0.000000000000000000e+00
8.749999999999999445e-02 0.000000000000000000e+00 0.000000000000000000e+00 0.000000000000000000e+00 0.000000000000000000e+00
9.249999999999999889e-02 0.000000000000000000e+00 0.000000000000000000e+00 0.000000000000000000e+00 0.000000000000000000e+00
9.750000000000000333e-02 0.000000000000000000e+00 0.000000000000000000e+00 0.000000000000000000e+00 0.000000000000000000e+00
1.024999999999999939e-01 0.000000000000000000e+00 0.000000000000000000e+00 0.000000000000000000e+00 0.000000000000000000e+00
1.074999999999999983e-01 0.000000000000000000e+00 0.000000000000000000e+00 0.000000000000000000e+00 0.000000000000000000e+00
1.125000000000000028e-01 0.000000000000000000e+00 0.000000000000000000e+00 0.000000000000000000e+00 0.000000000000000000e+00
1.174999999999999933e-01 0.000000000000000000e+00 0.000000000000000000e+00 0.000000000000000000e+00 0.000000000000000000e+00
1.224999999999999978e-01 0.000000000000000000e+00 0.000000000000000000e+00 0.000000000000000000e+00 0.000000000000000000e+00
1.275000000000000022e-01 0.000000000000000000e+00 0.000000000000000000e+00 0.000000000000000000e+00 0.000000000000000000e+00
1.325000000000000067e-01 0.000000000000000000e+00 0.000000000000000000e+00 0.000000000000000000e+00 0.000000000000000000e+00
1.375000000000000111e-01 0.000000000000000000e+00 0.000000000000000000e+00 0.000000000000000000e+00 0.000000000000000000e+00
1.424999999999999878e-01 0.000000000000000000e+00 0.000000000000000000e+00 0.000000000000000000e+00 0.000000000000000000e+00
1.474999999999999922e-01 0.000000000000000000e+00 0.000000000000000000e+00 0.000000000000000000e+00 0.000000000000000000e+00
1.524999999999999967e-01 0.000000000000000000e+00 0.000000000000000000e+00 0.000000000000000000e+00 0.000000000000000000e+00
1.575000000000000011e-01 0.000000000000000000e+00 0.000000000000000000e+00 0.000000000000000000e+00 0.000000000000000000e+00
1.625000000000000056e-01 0.000000000000000000e+00 0.000000000000000000e+00 0.000000000000000000e+00 0.000000000000000000e+00
1.675000000000000100e-01 0.000000000000000000e+00 0.000000000000000000e+00 0.000000000000000000e+00 0.000000000000000000e+00
1.724999999999999867e-01 0.000000000000000000e+00 0.000000000000000000e+00 0.000000000000000000e+00 0.000000000000000000e+00
1.774999999999999911e-01 0.000000000000000000e+00 0.000000000000000000e+00 0.000000000000000000e+00 0.000000000000000000e+00
1.824999999999999956e-01 0.000000000000000000e+00 0.000000000000000000e+00 0.000000000000000000e+00 0.000000000000000000e+00
1.875000000000000000e-01 0.000000000000000000e+00 0.000000000000000000e+00 0.000000000000000000e+00 0.000000000000000000e+00
1.925000000000000044e-01 0.000000000000000000e+00 0.000000000000000000e+00 0.000000000000000000e+00 0.000000000000000000e+00
1.975000000000000089e-01 0.000000000000000000e+00 0.000000000000000000e+00 0.000000000000000000e+00 5.399999999999999798e-05
2.025000000000000133e-01 0.000000000000000000e+00 0.000000000000000000e+00 0.000000000000000000e+00 8.269900000000000168e-03
2.074999999999999900e-01 0.000000000000000000e+00 0.000000000000000000e+00 0.000000000000000000e+00 1.976279999999999981e-01
2.124999999999999944e-01 0.000000000000000000e+00 0.000000000000000000e+00 0.000000000000000000e+00 1.265634599999999832e+00
2.174999999999999989e-01 0.000000000000000000e+00 0.000000000000000000e+00 0.000000000000000000e+00 3.249411100000000552e+00
2.225000000000000033e-01 0.000000000000000000e+00 0.000000000000000000e+00 0.000000000000000000e+00 4.456847400000000903e+00
2.275000000000000078e-01 0.000000000000000000e+00 0.000000000000000000e+00 0.000000000000000000e+00 4.312556500000001236e+00
2.325000000000000122e-01 0.000000000000000000e+00 0.000000000000000000e+00 0.000000000000000000e+00 3.988570800000000194e+00
2.374999999999999889e-01 0.000000000000000000e+00 0.000000000000000000e+00 0.000000000000000000e+00 3.695925199999999133e+00
2.424999999999999933e-01 0.000000000000000000e+00 0.000000000000000000e+00 0.000000000000000000e+00 3.433277799999999935e+00
2.474999999999999978e-01 0.000000000000000000e+00 0.000000000000000000e+00 0.000000000000000000e+00 3.195448400000000078e+00
2.525000000000000022e-01 0.000000000000000000e+00 0.000000000000000000e+00 0.000000000000000000e+00 2.981108799999999892e+00
2.575000000000000067e-01 0.000000000000000000e+00 0.000000000000000000e+00 0.000000000000000000e+00 2.788123800000000152e+00
2.625000000000000111e-01 0.000000000000000000e+00 0.000000000000000000e+00 0.000000000000000000e+00 2.614369500000000013e+00
2.675000000000000155e-01 0.000000000000000000e+00 0.000000000000000000e+00 0.000000000000000000e+00 2.457386000000000070e+00
2.725000000000000200e-01 0.000000000000000000e+00 0.000000000000000000e+00 0.000000000000000000e+00 2.315477100000000288e+00
2.775000000000000244e-01 0.000000000000000000e+00 0.000000000000000000e+00 0.000000000000000000e+00 2.186989100000000352e+00
2.824999999999999734e-01 0.000000000000000000e+00 0.000000000000000000e+00 0.000000000000000000e+00 2.070550499999999960e+00
2.874999999999999778e-01 0.000000000000000000e+00 0.000000000000000000e+00 0.000000000000000000e+00 1.965745599999999982e+00
2.924999999999999822e-01 0.000000000000000000e+00 0.000000000000000000e+00 0.000000000000000000e+00 1.870807999999999804e+00
2.974999999999999867e-01 0.000000000000000000e+00 0.000000000000000000e+00 0.000000000000000000e+00 1.786725899999999756e+00
3.024999999999999911e-01 0.000000000000000000e+00 0.000000000000000000e+00 0.000000000000000000e+00 1.710561800000000021e+00
3.074999999999999956e-01 0.000000000000000000e+00 0.000000000000000000e+00 0.000000000000000000e+00 1.642308999999999797e+00
3.125000000000000000e-01 0.000000000000000000e+00 0.000000000000000000e+00 0.000000000000000000e+00 1.580461799999999917e+00
3.175000000000000044e-01 0.000000000000000000e+00 0.000000000000000000e+00 0.000000000000000000e+00 1.526129999999999987e+00
3.225000000000000089e-01 0.000000000000000000e+00 0.000000000000000000e+00 0.000000000000000000e+00 1.477422900000000094e+00
3.275000000000000133e-01 0.000000000000000000e+00 0.000000000000000000e+00 0.000000000000000000e+00 1.435176800000000030e+00
3.325000000000000178e-01 0.000000000000000000e+00 0.000000000000000000e+00 0.000000000000000000e+00 1.397039499999999990e+00
3.375000000000000222e-01 0.000000000000000000e+00 0.000000000000000000e+00 0.000000000000000000e+00 1.364796699999999863e+00
3.425000000000000266e-01 0.000000000000000000e+00 0.000000000000000000e+00 0.000000000000000000e+00 1.337427699999999886e+00
3.474999999999999756e-01 0.000000000000000000e+00 0.000000000000000000e+00 0.000000000000000000e+00 1.314495299999999922e+00
3.524999999999999800e-01 0.000000000000000000e+00 0.000000000000000000e+00 0.000000000000000000e+00 1.295377500000000071e+00
3.574999999999999845e-01 0.000000000000000000e+00 0.000000000000000000e+00 0.000000000000000000e+00 1.281175200000000070e+00
3.624999999999999889e-01 0.000000000000000000e+00 0.000000000000000000e+00 0.000000000000000000e+00 1.269935900000000117e+00
3.674999999999999933e-01 0.000000000000000000e+00 0.000000000000000000e+00 0.000000000000000000e+00 1.263144800000000068e+00
3.724999999999999978e-01 0.000000000000000000e+00 0.000000000000000000e+00 0.000000000000000000e+00 1.260004599999999808e+00
3.775000000000000022e-01 0.000000000000000000e+00 0.000000000000000000e+00 0.000000000000000000e+00 1.260117200000000048e+00
3.825000000000000067e-01 0.000000000000000000e+00 0.000000000000000000e+00 0.000000000000000000e+00 1.263695899999999872e+00
3.875000000000000111e-01 0.000000000000000000e+00 0.000000000000000000e+00 0.000000000000000000e+00 1.270159999999999734e+00
3.925000000000000155e-01 0.000000000000000000e+00 0.000000000000000000e+00 0.000000000000000000e+00 1.279610299999999867e+00
3.975000000000000200e-01 0.000000000000000000e+00 0.000000000000000000e+00 0.000000000000000000e+00 1.291954799999999848e+00
4.025000000000000244e-01 0.000000000000000000e+00 0.000000000000000000e+00 0.000000000000000000e+00 1.306574199999999797e+00
4.074999999999999734e-01 0.000000000000000000e+00 0.000000000000000000e+00 0.000000000000000000e+00 1.322821999999999942e+00
4.124999999999999778e-01 0.000000000000000000e+00 0.000000000000000000e+00 0.000000000000000000e+00 1.342077100000000023e+00
4.174999999999999822e-01 0.000000000000000000e+00 0.000000000000000000e+00 0.000000000000000000e+00 1.362007899999999605e+00
4.224999999999999867e-01 0.000000000000000000e+00 0.000000000000000000e+00 0.000000000000000000e+00 1.384378499999999956e+00
4.274999999999999911e-01 0.000000000000000000e+00 0.000000000000000000e+00 0.000000000000000000e+00 1.406965500000000313e+00
4.324999999999999956e-01 0.000000000000000000e+00 0.000000000000000000e+00 0.000000000000000000e+00 1.428692199999999968e+00
4.375000000000000000e-01 0.000000000000000000e+00 0.000000000000000000e+00 0.000000000000000000e+00 1.446379599999999988e+00
4.425000000000000044e-01 0.000000000000000000e+00 0.000000000000000000e+00 0.000000000000000000e+00 1.457956100000000088e+00
4.475000000000000089e-01 0.000000000000000000e+00 0.000000000000000000e+00 0.000000000000000000e+00 1.463552099999999800e+00
4.525000000000000133e-01 0.000000000000000000e+00 0.000000000000000000e+00 0.000000000000000000e+00 1.463035599999999992e+00
4.575000000000000178e-01 0.000000000000000000e+00 0.000000000000000000e+00 0.000000000000000000e+00 1.458906300000000211e+00
4.625000000000000222e-01 0.000000000000000000e+00 0.000000000000000000e+00 0.000000000000000000e+00 1.451225599999999893e+00
4.675000000000000266e-01 0.000000000000000000e+00 0.000000000000000000e+00 0.000000000000000000e+00 1.439806499999999989e+00
4.724999999999999756e-01 0.000000000000000000e+00 0.000000000000000000e+00 0.000000000000000000e+00 1.426607500000000028e+00
4.774999999999999800e-01 0.000000000000000000e+00 0.000000000000000000e+00 0.000000000000000000e+00 1.411558800000000113e+00
4.824999999999999845e-01 0.000000000000000000e+00 0.000000000000000000e+00 0.000000000000000000e+00 1.395509499999999958e+00
4.874999999999999889e-01 0.000000000000000000e+00 0.000000000000000000e+00 0.000000000000000000e+00 1.378576999999999941e+00
4.924999999999999933e-01 0.000000000000000000e+00 0.000000000000000000e+00 0.000000000000000000e+00 1.360996999999999790e+00
4.974999999999999978e-01 0.000000000000000000e+00 0.000000000000000000e+00 0.000000000000000000e+00 1.343182700000000063e+00
5.024999999999999467e-01 0.000000000000000000e+00 0.000000000000000000e+00 0.000000000000000000e+00 1.325364199999999881e+00
5.074999999999999512e-01 0.000000000000000000e+00 0.000000000000000000e+00 0.000000000000000000e+00 1.307788600000000079e+00
5.124999999999999556e-01 0.000000000000000000e+00 0.000000000000000000e+00 0.000000000000000000e+00 1.290299800000000108e+00
5.174999999999999600e-01 0.000000000000000000e+00 0.000000000000000000e+00 0.000000000000000000e+00 1.273655100000000040e+00
5.224999999999999645e-01 0.000000000000000000e+00 0.000000000000000000e+00 0.000000000000000000e+00 1.257598799999999795e+00
5.274999999999999689e-01 0.000000000000000000e+00 0.000000000000000000e+00 0.000000000000000000e+00 1.241899700000000051e+00
5.324999999999999734e-01 0.000000000000000000e+00 0.000000000000000000e+00 0.000000000000000000e+00 1.227230500000000113e+00
5.374999999999999778e-01 0.000000000000000000e+00 0.000000000000000000e+00 0.000000000000000000e+00 1.213356500000000171e+00
5.424999999999999822e-01 0.000000000000000000e+00 0.000000000000000000e+00 0.000000000000000000e+00 1.200374300000000005e+00
5.474999999999999867e-01 0.000000000000000000e+00 0.000000000000000000e+00 0.000000000000000000e+00 1.188032599999999883e+00
5.524999999999999911e-01 0.000000000000000000e+00 0.000000000000000000e+00 0.000000000000000000e+00 1.176870399999999872e+00
5.574999999999999956e-01 0.000000000000000000e+00 0.000000000000000000e+00 0.000000000000000000e+00 1.166763899999999854e+00
5.625000000000000000e-01 0.000000000000000000e+00 0.000000000000000000e+00 0.000000000000000000e+00 1.157167600000000185e+00
5.675000000000000044e-01 0.000000000000000000e+00 0.000000000000000000e+00 0.000000000000000000e+00 1.148615100000000222e+00
5.725000000000000089e-01 0.000000000000000000e+00 0.000000000000000000e+00 0.000000000000000000e+00 1.141005300000000222e+00
5.775000000000000133e-01 0.000000000000000000e+00 0.000000000000000000e+00 0.000000000000000000e+00 1.134079700000000024e+00
5.825000000000000178e-01 0.000000000000000000e+00 0.000000000000000000e+00 0.000000000000000000e+00 1.127988999999999908e+00
5.875000000000000222e-01 0.000000000000000000e+00 4.199999999999999598e-06 4.199999999999999598e-06 1.122510300000000072e+00
5.925000000000000266e-01 0.000000000000000000e+00 4.970000000000000188e-05 4.970000000000000188e-05 1.118017700000000003e+00
5.975000000000000311e-01 0.000000000000000000e+00 4.054999999999999360e-04 4.054999999999999360e-04 1.114029699999999901e+00
6.025000000000000355e-01 0.000000000000000000e+00 2.607400000000000169e-03 2.607400000000000169e-03 1.110850599999999799e+00
6.075000000000000400e-01 0.000000000000000000e+00 1.215929999999999962e-02 1.215929999999999962e-02 1.107681300000000091e+00
6.125000000000000444e-01 0.000000000000000000e+00 4.411210000000000131e-02 4.411210000000000131e-02 1.105311900000000014e+00
6.175000000000000488e-01 0.000000000000000000e+00 1.290313000000000154e-01 1.290313000000000154e-01 1.103127399999999980e+00
6.225000000000000533e-01 0.000000000000000000e+00 3.123181000000000429e-01 3.123181000000000429e-01 1.101588700000000198e+00
6.274999999999999467e-01 0.000000000000000000e+00 6.383589000000000624e-01 6.383589000000000624e-01 1.099715299999999951e+00
6.324999999999999512e-01 0.000000000000000000e+00 1.128478600000000220e+00 1.128478600000000220e+00 1.098195400000000044e+00
6.374999999999999556e-01 0.000000000000000000e+00 1.758486899999999853e+00 1.758486899999999853e+00 1.096593799999999730e+00
6.424999999999999600e-01 0.000000000000000000e+00 2.454954399999999648e+00 2.454954399999999648e+00 1.094985499999999945e+00
6.474999999999999645e-01 0.000000000000000000e+00 3.111901500000000542e+00 3.111901500000000542e+00 1.093469500000000094e+00
6.524999999999999689e-01 0.000000000000000000e+00 3.634415500000000243e+00 3.634415500000000243e+00 1.091523000000000021e+00
6.574999999999999734e-01 0.000000000000000000e+00 3.949359000000001174e+00 3.949359000000001174e+00 1.089250200000000168e+00
6.624999999999999778e-01 0.000000000000000000e+00 4.038277700000000081e+00 4.038277700000000081e+00 1.086851000000000012e+00
6.674999999999999822e-01 0.000000000000000000e+00 3.917669500000000138e+00 3.917669500000000138e+00 1.084048800000000146e+00
6.724999999999999867e-01 0.000000000000000000e+00 3.635086099999999654e+00 3.635086099999999654e+00 1.081090399999999896e+00
6.774999999999999911e-01 0.000000000000000000e+00 3.287732000000000543e+00 3.287732000000000543e+00 1.077652100000000113e+00
6.824999999999999956e-01 0.000000000000000000e+00 2.977572200000000002e+00 2.977572200000000002e+00 1.073915500000000023e+00
6.875000000000000000e-01 0.000000000000000000e+00 2.703222700000000422e+00 2.703222700000000422e+00 1.070116199999999962e+00
6.925000000000000044e-01 0.000000000000000000e+00 2.464505200000000062e+00 2.464505200000000062e+00 1.066161299999999867e+00
6.975000000000000089e-01 0.000000000000000000e+00 2.254500300000000568e+00 2.254500300000000568e+00 1.061939699999999931e+00
7.025000000000000133e-01 0.000000000000000000e+00 2.067787800000000065e+00 2.067787800000000065e+00 1.057345799999999780e+00
7.075000000000000178e-01 0.000000000000000000e+00 1.904496599999999873e+00 1.904496599999999873e+00 1.052846399999999960e+00
7.125000000000000222e-01 0.000000000000000000e+00 1.759964300000000037e+00 1.759964300000000037e+00 1.048487700000000133e+00
7.175000000000000266e-01 0.000000000000000000e+00 1.633684000000000136e+00 1.633684000000000136e+00 1.043630800000000081e+00
7.225000000000000311e-01 0.000000000000000000e+00 1.522270200000000129e+00 1.522270200000000129e+00 1.038929299999999945e+00
7.275000000000000355e-01 0.000000000000000000e+00 1.424222900000000180e+00 1.424222900000000180e+00 1.034408600000000122e+00
7.325000000000000400e-01 0.000000000000000000e+00 1.338684000000000207e+00 1.338684000000000207e+00 1.029966400000000171e+00
7.375000000000000444e-01 0.000000000000000000e+00 1.262770700000000135e+00 1.262770700000000135e+00 1.025547800000000231e+00
7.425000000000000488e-01 0.000000000000000000e+00 1.196579099999999896e+00 1.196579099999999896e+00 1.021364799999999962e+00
7.475000000000000533e-01 0.000000000000000000e+00 1.140603299999999987e+00 1.140603299999999987e+00 1.017151399999999928e+00
7.524999999999999467e-01 0.000000000000000000e+00 1.090076400000000056e+00 1.090076400000000056e+00 1.013088400000000222e+00
7.574999999999999512e-01 0.000000000000000000e+00 1.048196200000000022e+00 1.048196200000000022e+00 1.009454999999999991e+00
7.624999999999999556e-01 0.000000000000000000e+00 1.012652699999999850e+00 1.012652699999999850e+00 1.005631999999999859e+00
7.674999999999999600e-01 0.000000000000000000e+00 9.835819000000001200e-01 9.835819000000001200e-01 1.002093600000000029e+00
7.724999999999999645e-01 0.000000000000000000e+00 9.593151000000000872e-01 9.593151000000000872e-01 9.989496999999998295e-01
7.774999999999999689e-01 0.000000000000000000e+00 9.406912000000000607e-01 9.406912000000000607e-01 9.958594000000001722e-01
7.824999999999999734e-01 0.000000000000000000e+00 9.277416000000000551e-01 9.277416000000000551e-01 9.927503999999999218e-01
7.874999999999999778e-01 0.000000000000000000e+00 9.189719999999997890e-01 9.189719999999997890e-01 9.902350999999999237e-01
7.924999999999999822e-01 0.000000000000000000e+00 9.154267000000000376e-01 9.154267000000000376e-01 9.875966999999998830e-01
7.974999999999999867e-01 0.000000000000000000e+00 9.167061000000000792e-01 9.167061000000000792e-01 9.851653999999999689e-01
8.024999999999999911e-01 0.000000000000000000e+00 9.235681000000000029e-01 9.235681000000000029e-01 9.830237000000000558e-01
8.074999999999999956e-01 0.000000000000000000e+00 9.344049999999999301e-01 9.344049999999999301e-01 9.809824000000000321e-01
8.125000000000000000e-01 0.000000000000000000e+00 9.492998999999999743e-01 9.492998999999999743e-01 9.789525000000001143e-01
8.175000000000000044e-01 0.000000000000000000e+00 9.698325999999999336e-01 9.698325999999999336e-01 9.773924000000000500e-01
8.225000000000000089e-01 0.000000000000000000e+00 9.947227999999999071e-01 9.947227999999999071e-01 9.755610999999999589e-01
8.275000000000000133e-01 0.000000000000000000e+00 1.024188499999999946e+00 1.024188499999999946e+00 9.740630999999998485e-01
8.325000000000000178e-01 0.000000000000000000e+00 1.058191000000000104e+00 1.058191000000000104e+00 9.727051999999998255e-01
8.375000000000000222e-01 0.000000000000000000e+00 1.095419699999999885e+00 1.095419699999999885e+00 9.712158000000000735e-01
8.425000000000000266e-01 0.000000000000000000e+00 1.133918800000000227e+00 1.133918800000000227e+00 9.698035999999999879e-01
8.475000000000000311e-01 0.000000000000000000e+00 1.174273400000000134e+00 1.174273400000000134e+00 9.686901000000001094e-01
8.525000000000000355e-01 0.000000000000000000e+00 1.213156799999999702e+00 1.213156799999999702e+00 9.676150000000000029e-01
8.575000000000000400e-01 0.000000000000000000e+00 1.249185299999999943e+00 1.249185299999999943e+00 9.663981000000001487e-01
8.625000000000000444e-01 0.000000000000000000e+00 1.281301600000000152e+00 1.281301600000000152e+00 9.654130999999999130e-01
8.675000000000000488e-01 0.000000000000000000e+00 1.306135599999999952e+00 1.306135599999999952e+00 9.642547999999999675e-01
8.725000000000000533e-01 0.000000000000000000e+00 1.324207200000000029e+00 1.324207200000000029e+00 9.633405000000001550e-01
8.774999999999999467e-01 0.000000000000000000e+00 1.334443499999999894e+00 1.334443499999999894e+00 9.624564000000001007e-01
8.824999999999999512e-01 0.000000000000000000e+00 1.336429499999999937e+00 1.336429499999999937e+00 9.615017000000000147e-01
8.874999999999999556e-01 0.000000000000000000e+00 1.331538399999999900e+00 1.331538399999999900e+00 9.606292000000001829e-01
8.924999999999999600e-01 0.000000000000000000e+00 1.320343899999999904e+00 1.320343899999999904e+00 9.595364999999999034e-01
8.974999999999999645e-01 0.000000000000000000e+00 1.304633500000000002e+00 1.304633500000000002e+00 9.588509000000001725e-01
9.024999999999999689e-01 0.000000000000000000e+00 1.285479599999999945e+00 1.285479599999999945e+00 9.580220999999999876e-01
9.074999999999999734e-01 0.000000000000000000e+00 1.263773700000000222e+00 1.263773700000000222e+00 9.572155999999999443e-01
9.124999999999999778e-01 0.000000000000000000e+00 1.240456800000000026e+00 1.240456800000000026e+00 9.564911999999999859e-01
9.174999999999999822e-01 0.000000000000000000e+00 1.216778400000000149e+00 1.216778400000000149e+00 9.557494999999999186e-01
9.224999999999999867e-01 0.000000000000000000e+00 1.191774700000000076e+00 1.191774700000000076e+00 9.551244000000000955e-01
9.274999999999999911e-01 0.000000000000000000e+00 1.166879199999999894e+00 1.166879199999999894e+00 9.546447999999999601e-01
9.324999999999999956e-01 0.000000000000000000e+00 1.143407199999999957e+00 1.143407199999999957e+00 9.540170000000000039e-01
9.375000000000000000e-01 0.000000000000000000e+00 1.119794100000000014e+00 1.119794100000000014e+00 9.534434999999999993e-01
9.425000000000000044e-01 0.000000000000000000e+00 1.097702799999999979e+00 1.097702799999999979e+00 9.529387999999998637e-01
9.475000000000000089e-01 0.000000000000000000e+00 1.075598100000000112e+00 1.075598100000000112e+00 9.525410000000000821e-01
9.525000000000000133e-01 0.000000000000000000e+00 1.055776500000000118e+00 1.055776500000000118e+00 9.522504000000001634e-01
9.575000000000000178e-01 0.000000000000000000e+00 1.036580099999999671e+00 1.036580099999999671e+00 9.519372999999999863e-01
9.625000000000000222e-01 3.519999999999999502e-05 1.019463300000000183e+00 1.019463300000000183e+00 9.516779000000001876e-01
9.675000000000000266e-01 2.452999999999999994e-04 1.003367300000000073e+00 1.003367300000000073e+00 9.513903999999999694e-01
9.725000000000000311e-01 8.104999999999999141e-04 9.891513999999999029e-01 9.891513999999999029e-01 9.513722000000000012e-01
9.775000000000000355e-01 3.487800000000000102e-03 9.755134999999999224e-01 9.755134999999999224e-01 9.512438999999999201e-01
9.825000000000000400e-01 1.124860000000000096e-02 9.639815999999999940e-01 9.639815999999999940e-01 9.513338000000001182e-01
9.875000000000000444e-01 3.254350000000000298e-02 9.532675000000001564e-01 9.532675000000001564e-01 9.512383999999999284e-01
9.925000000000000488e-01 8.219730000000000092e-02 9.452759000000001688e-01 9.452759000000001688e-01 9.514175000000000271e-01
9.975000000000000533e-01 1.887002000000000401e-01 9.372095000000000287e-01 9.372095000000000287e-01 9.515038999999999580e-01
1.002499999999999947e+00 3.879898999999999987e-01 9.316508000000001122e-01 9.316508000000001122e-01 9.518164999999999543e-01
1.007500000000000062e+00 7.152461999999999431e-01 9.265056999999998766e-01 9.265056999999998766e-01 9.520762999999998755e-01
1.012499999999999956e+00 1.209669799999999906e+00 9.237434999999999397e-01 9.237434999999999397e-01 9.524076999999999682e-01
1.017500000000000071e+00 1.884318100000000218e+00 9.210491000000000650e-01 9.210491000000000650e-01 9.527991000000000099e-01
1.022499999999999964e+00 2.729040099999999747e+00 9.193246000000000473e-01 9.193246000000000473e-01 9.530828000000000078e-01
1.027500000000000080e+00 3.683438300000000165e+00 9.189453999999999123e-01 9.189453999999999123e-01 9.535371000000001374e-01
1.032499999999999973e+00 4.697991700000000215e+00 9.198366000000000042e-01 9.198366000000000042e-01 9.541024000000002392e-01
1.037500000000000089e+00 5.639874800000000299e+00 9.213649000000000422e-01 9.213649000000000422e-01 9.547329000000001065e-01
1.042499999999999982e+00 6.426698900000000769e+00 9.228912000000001337e-01 9.228912000000001337e-01 9.553706999999997951e-01
1.047500000000000098e+00 7.020633600000000918e+00 9.252233999999999181e-01 9.252233999999999181e-01 9.560150000000000592e-01
1.052499999999999991e+00 7.343635199999999585e+00 9.281758999999999427e-01 9.281758999999999427e-01 9.568923000000001400e-01
1.057500000000000107e+00 7.402924199999999288e+00 9.306522999999999879e-01 9.306522999999999879e-01 9.578286000000000300e-01
1.062500000000000000e+00 7.233293100000000031e+00 9.339709999999999956e-01 9.339709999999999956e-01 9.586465000000000680e-01
1.067499999999999893e+00 6.848761699999998953e+00 9.369881000000001015e-01 9.369881000000001015e-01 9.595491000000000437e-01
1.072500000000000009e+00 6.328249699999998867e+00 9.394776000000000238e-01 9.394776000000000238e-01 9.605678000000000827e-01
1.077499999999999902e+00 5.709429300000000040e+00 9.415154000000001133e-01 9.415154000000001133e-01 9.616538999999999504e-01
1.082500000000000018e+00 5.051389799999999930e+00 9.436999999999999833e-01 9.436999999999999833e-01 9.627548999999999690e-01
1.087499999999999911e+00 4.390520000000000422e+00 9.439762000000000430e-01 9.439762000000000430e-01 9.638733000000000439e-01
1.092500000000000027e+00 3.773964900000000178e+00 9.452338999999998492e-01 9.452338999999998492e-01 9.651293000000000788e-01
1.097499999999999920e+00 3.190140600000000326e+00 9.444265999999998940e-01 9.444265999999998940e-01 9.666107000000000449e-01
1.102500000000000036e+00 2.675559799999999822e+00 9.437743000000000659e-01 9.437743000000000659e-01 9.677240999999998650e-01
1.107499999999999929e+00 2.225532699999999586e+00 9.421565999999998997e-01 9.421565999999998997e-01 9.692301999999999307e-01
1.112500000000000044e+00 1.836904300000000489e+00 9.403439000000000103e-01 9.403439000000000103e-01 9.706113000000000657e-01
1.117499999999999938e+00 1.509283699999999895e+00 9.378895000000000426e-01 9.378895000000000426e-01 9.720178000000000429e-01
1.122500000000000053e+00 1.240981600000000018e+00 9.346353000000000577e-01 9.346353000000000577e-01 9.736563000000000301e-01
1.127499999999999947e+00 1.026505899999999638e+00 9.312521000000000271e-01 9.312521000000000271e-01 9.752183000000000934e-01
1.132500000000000062e+00 8.576002000000000347e-01 9.277935999999999961e-01 9.277935999999999961e-01 9.767526999999999182e-01
1.137499999999999956e+00 7.269636000000000431e-01 9.233907000000002308e-01 9.233907000000002308e-01 9.784203000000000205e-01
1.142500000000000071e+00 6.273000000000000798e-01 9.191207000000000127e-01 9.191207000000000127e-01 9.801972000000003238e-01
1.147499999999999964e+00 5.469524999999999526e-01 9.158283999999999869e-01 9.158283999999999869e-01 9.819497999999999838e-01
1.152500000000000080e+00 4.824367999999999990e-01 9.109364000000000905e-01 9.109364000000000905e-01 9.837180999999999287e-01
1.157499999999999973e+00 4.304526000000000185e-01 9.069696999999999898e-01 9.069696999999999898e-01 9.855650999999999717e-01
1.162500000000000089e+00 3.920792999999999640e-01 9.027968000000001769e-01 9.027968000000001769e-01 9.875313999999999481e-01
1.167499999999999982e+00 3.632719999999999838e-01 8.988774000000001596e-01 8.988774000000001596e-01 9.893973999999999824e-01
1.172500000000000098e+00 3.383929999999999993e-01 8.953685000000000116e-01 8.953685000000000116e-01 9.913499000000001171e-01
1.177499999999999991e+00 3.226616999999999957e-01 8.920285000000000020e-01 8.920285000000000020e-01 9.933324999999999516e-01
1.182500000000000107e+00 3.103326000000000140e-01 8.886918000000001427e-01 8.886918000000001427e-01 9.954112000000000515e-01
1.187500000000000000e+00 3.032139999999999835e-01 8.855195999999999623e-01 8.855195999999999623e-01 9.975979999999999848e-01
1.192499999999999893e+00 2.993964000000000625e-01 8.830942000000000514e-01 8.830942000000000514e-01 9.997225999999999058e-01
1.197500000000000009e+00 2.992683999999999900e-01 8.814295999999999243e-01 8.814295999999999243e-01 1.001889900000000111e+00
1.202499999999999902e+00 3.019437999999999844e-01 8.794570000000000443e-01 8.794570000000000443e-01 1.004068900000000042e+00
1.207500000000000018e+00 3.116779000000000077e-01 8.781336999999999060e-01 8.781336999999999060e-01 1.006374700000000066e+00
1.212499999999999911e+00 3.224067999999999934e-01 8.769576000000001148e-01 8.769576000000001148e-01 1.008621600000000118e+00
1.217500000000000027e+00 3.368233999999999950e-01 8.763944999999999652e-01 8.763944999999999652e-01 1.011053599999999886e+00
1.222499999999999920e+00 3.598694000000000059e-01 8.758738000000001467e-01 8.758738000000001467e-01 1.013489199999999979e+00
1.227500000000000036e+00 3.858240999999999477e-01 8.764638999999998514e-01 8.764638999999998514e-01 1.015775300000000048e+00
1.232499999999999929e+00 4.153079000000000631e-01 8.767390999999999934e-01 8.767390999999999934e-01 1.018207499999999932e+00
1.237500000000000044e+00 4.543707000000000162e-01 8.777654000000000289e-01 8.777654000000000289e-01 1.020868499999999957e+00
1.242499999999999938e+00 4.980018000000000500e-01 8.791759999999999575e-01 8.791759999999999575e-01 1.023324799999999701e+00
1.247500000000000053e+00 5.505444999999999922e-01 8.805121000000001308e-01 8.805121000000001308e-01 1.025840700000000050e+00
1.252499999999999947e+00 6.085417999999999106e-01 8.821478000000000375e-01 8.821478000000000375e-01 1.028504299999999816e+00
1.257500000000000062e+00 6.748475000000000446e-01 8.838389000000000939e-01 8.838389000000000939e-01 1.031135700000000099e+00
1.262499999999999956e+00 7.492820999999999509e-01 8.865217000000000791e-01 8.865217000000000791e-01 1.033630999999999966e+00
1.267500000000000071e+00 8.290810000000000679e-01 8.892067999999999639e-01 8.892067999999999639e-01 1.036346200000000106e+00
1.272499999999999964e+00 9.142301000000001565e-01 8.913818999999998383e-01 8.913818999999998383e-01 1.038644400000000134e+00
1.277500000000000080e+00 9.951495000000001312e-01 8.940907000000001270e-01 8.940907000000001270e-01 1.040853500000000098e+00
1.282499999999999973e+00 1.070692500000000047e+00 8.969155999999998130e-01 8.969155999999998130e-01 1.042783599999999922e+00
1.287500000000000089e+00 1.137922100000000158e+00 8.993920000000000803e-01 8.993920000000000803e-01 1.044382300000000097e+00
1.292499999999999982e+00 1.191506699999999919e+00 9.015361000000000624e-01 9.015361000000000624e-01 1.045730499999999896e+00
1.297500000000000098e+00 1.225320499999999813e+00 9.036104000000000358e-01 9.036104000000000358e-01 1.046333799999999981e+00
1.302499999999999991e+00 1.247409500000000060e+00 9.061953999999999843e-01 9.061953999999999843e-01 1.046710900000000111e+00
1.307500000000000107e+00 1.251009899999999897e+00 9.084245999999998045e-01 9.084245999999998045e-01 1.046430500000000041e+00
1.312500000000000000e+00 1.243462000000000067e+00 9.103728999999999294e-01 9.103728999999999294e-01 1.045704999999999885e+00
1.317499999999999893e+00 1.220475399999999988e+00 9.113795000000000091e-01 9.113795000000000091e-01 1.044648399999999810e+00
1.322500000000000009e+00 1.188202500000000050e+00 9.127124999999999266e-01 9.127124999999999266e-01 1.043183399999999983e+00
1.327499999999999902e+00 1.149913900000000044e+00 9.138028999999999735e-01 9.138028999999999735e-01 1.041434299999999924e+00
1.332500000000000018e+00 1.102596500000000201e+00 9.149682000000000093e-01 9.149682000000000093e-01 1.039493699999999965e+00
1.337499999999999911e+00 1.058721299999999976e+00 9.159252999999999423e-01 9.159252999999999423e-01 1.037516000000000105e+00
1.342500000000000027e+00 1.016879899999999948e+00 9.164648999999999157e-01 9.164648999999999157e-01 1.035473799999999667e+00
1.347499999999999920e+00 9.682861999999999858e-01 9.166426999999999214e-01 9.166426999999999214e-01 1.033319399999999888e+00
1.352500000000000036e+00 9.268482999999999583e-01 9.172373000000000332e-01 9.172373000000000332e-01 1.031433899999999904e+00
1.357499999999999929e+00 8.885608000000001505e-01 9.180007999999999502e-01 9.180007999999999502e-01 1.029531899999999833e+00
1.362500000000000044e+00 8.472918000000000394e-01 9.181481000000001336e-01 9.181481000000001336e-01 1.027672700000000106e+00
1.367499999999999938e+00 8.124911000000001327e-01 9.185436000000001266e-01 9.185436000000001266e-01 1.026151899999999895e+00
1.372500000000000053e+00 7.834358000000000155e-01 9.194369000000000014e-01 9.194369000000000014e-01 1.024657699999999894e+00
1.377499999999999947e+00 7.528168000000000637e-01 9.201266999999999641e-01 9.201266999999999641e-01 1.023275299999999888e+00
1.382500000000000062e+00 7.269086000000000158e-01 9.209521999999999986e-01 9.209521999999999986e-01 1.022038300000000177e+00
1.387499999999999956e+00 7.062273000000000023e-01 9.220817999999999515e-01 9.220817999999999515e-01 1.021031299999999975e+00
1.392500000000000071e+00 6.864240999999998705e-01 9.233683999999999781e-01 9.233683999999999781e-01 1.020139899999999988e+00
1.397499999999999964e+00 6.687038000000000704e-01 9.250275999999999499e-01 9.250275999999999499e-01 1.019417400000000029e+00
1.402500000000000080e+00 6.563373000000000124e-01 9.267784999999999496e-01 9.267784999999999496e-01 1.018855500000000136e+00
1.407499999999999973e+00 6.451740000000000252e-01 9.283613999999997812e-01 9.283613999999997812e-01 1.018296899999999949e+00
1.412500000000000089e+00 6.368807000000000773e-01 9.307771000000000239e-01 9.307771000000000239e-01 1.018014299999999928e+00
1.417499999999999982e+00 6.299250000000000682e-01 9.330639999999998935e-01 9.330639999999998935e-01 1.017734400000000150e+00
1.422500000000000098e+00 6.265456000000000358e-01 9.357557999999999154e-01 9.357557999999999154e-01 1.017599499999999990e+00
1.427499999999999991e+00 6.243811000000000222e-01 9.389575999999999478e-01 9.389575999999999478e-01 1.017697000000000074e+00
1.432500000000000107e+00 6.274908000000000152e-01 9.418613999999999598e-01 9.418613999999999598e-01 1.017692599999999725e+00
1.437500000000000000e+00 6.324352999999999225e-01 9.447018999999998723e-01 9.447018999999998723e-01 1.017841800000000019e+00
1.442499999999999893e+00 6.371514000000000344e-01 9.481385000000001062e-01 9.481385000000001062e-01 1.018047099999999983e+00
1.447500000000000009e+00 6.451331999999999622e-01 9.509391000000000371e-01 9.509391000000000371e-01 1.018333799999999956e+00
1.452499999999999902e+00 6.572800999999999227e-01 9.545422999999999547e-01 9.545422999999999547e-01 1.018613900000000072e+00
1.457500000000000018e+00 6.664765999999999746e-01 9.581018000000000034e-01 9.581018000000000034e-01 1.019068700000000049e+00
1.462499999999999911e+00 6.810429000000000066e-01 9.615379000000000564e-01 9.615379000000000564e-01 1.019365199999999971e+00
1.467500000000000027e+00 6.932159999999999433e-01 9.649649000000002363e-01 9.649649000000002363e-01 1.019717699999999949e+00
1.472499999999999920e+00 7.076989000000000196e-01 9.681203000000000447e-01 9.681203000000000447e-01 1.019968299999999939e+00
1.477500000000000036e+00 7.257652000000001102e-01 9.713578000000000490e-01 9.713578000000000490e-01 1.020342599999999988e+00
1.482499999999999929e+00 7.440291999999999462e-01 9.745054999999999135e-01 9.745054999999999135e-01 1.020545400000000047e+00
1.487500000000000044e+00 7.595045999999999742e-01 9.782326000000001187e-01 9.782326000000001187e-01 1.020798900000000176e+00
1.492499999999999938e+00 7.746440000000001103e-01 9.813344999999999985e-01 9.813344999999999985e-01 1.020855800000000091e+00
1.497500000000000053e+00 7.884442000000000395e-01 9.846116999999999786e-01 9.846116999999999786e-01 1.020759200000000089e+00
1.502499999999999947e+00 8.042792000000000829e-01 9.874918000000001417e-01 9.874918000000001417e-01 1.020710400000000018e+00
1.507500000000000062e+00 8.157259000000000038e-01 9.903176999999999675e-01 9.903176999999999675e-01 1.020581399999999972e+00
1.512499999999999956e+00 8.281051999999998747e-01 9.937766000000000099e-01 9.937766000000000099e-01 1.020172499999999927e+00
1.517500000000000071e+00 8.369725999999999555e-01 9.964743999999999824e-01 9.964743999999999824e-01 1.019641200000000136e+00
1.522499999999999964e+00 8.426620000000000221e-01 9.996127999999998570e-01 9.996127999999998570e-01 1.019208499999999962e+00
1.527500000000000080e+00 8.507063000000000264e-01 1.002966900000000106e+00 1.002966900000000106e+00 1.018566300000000036e+00
1.532499999999999973e+00 8.529242000000000212e-01 1.006234399999999862e+00 1.006234399999999862e+00 1.017843500000000123e+00
1.537500000000000089e+00 8.540202999999999545e-01 1.009885499999999992e+00 1.009885499999999992e+00 1.017063200000000167e+00
1.542499999999999982e+00 8.547307999999999018e-01 1.013219300000000267e+00 1.013219300000000267e+00 1.016015400000000124e+00
1.547500000000000098e+00 8.562619000000000202e-01 1.016775800000000007e+00 1.016775800000000007e+00 1.015006199999999970e+00
1.552499999999999991e+00 8.539917999999999676e-01 1.020321000000000033e+00 1.020321000000000033e+00 1.014150600000000013e+00
1.557500000000000107e+00 8.521709000000001755e-01 1.023983799999999889e+00 1.023983799999999889e+00 1.013010300000000141e+00
1.562500000000000000e+00 8.492858999999999270e-01 1.028099800000000119e+00 1.028099800000000119e+00 1.011958499999999983e+00
1.567499999999999893e+00 8.442431999999999714e-01 1.031823900000000016e+00 1.031823900000000016e+00 1.010846299999999864e+00
1.572500000000000009e+00 8.399210000000000287e-01 1.035888699999999885e+00 1.035888699999999885e+00 1.009746599999999939e+00
1.577499999999999902e+00 8.379290999999999823e-01 1.039555199999999902e+00 1.039555199999999902e+00 1.008784700000000090e+00
1.582500000000000018e+00 8.314163999999999444e-01 1.044180799999999909e+00 1.044180799999999909e+00 1.007726699999999864e+00
1.587499999999999911e+00 8.316671999999998288e-01 1.048256799999999878e+00 1.048256799999999878e+00 1.006748600000000105e+00
1.592500000000000027e+00 8.266824999999998758e-01 1.052477600000000013e+00 1.052477600000000013e+00 1.005760899999999847e+00
1.597499999999999920e+00 8.233181999999998890e-01 1.056452200000000063e+00 1.056452200000000063e+00 1.004812100000000097e+00
1.602500000000000036e+00 8.224199999999999289e-01 1.061179600000000001e+00 1.061179600000000001e+00 1.003954699999999978e+00
1.607499999999999929e+00 8.207207999999999171e-01 1.065782599999999913e+00 1.065782599999999913e+00 1.003163299999999980e+00
1.612500000000000044e+00 8.186185000000001377e-01 1.069871699999999759e+00 1.069871699999999759e+00 1.002425499999999969e+00
1.617499999999999938e+00 8.197098000000000440e-01 1.074523600000000023e+00 1.074523600000000023e+00 1.001707699999999868e+00
1.622500000000000053e+00 8.182112000000000274e-01 1.079413100000000014e+00 1.079413100000000014e+00 1.001071799999999845e+00
1.627499999999999947e+00 8.177005999999999997e-01 1.084044400000000019e+00 1.084044400000000019e+00 1.000428899999999954e+00
1.632500000000000062e+00 8.191671000000001479e-01 1.088638600000000123e+00 1.088638600000000123e+00 9.999114000000000058e-01
1.637499999999999956e+00 8.208528999999999964e-01 1.093433099999999936e+00 1.093433099999999936e+00 9.994565000000001920e-01
1.642500000000000071e+00 8.201963000000001003e-01 1.097468399999999900e+00 1.097468399999999900e+00 9.989464000000000121e-01
1.647499999999999964e+00 8.221255000000000646e-01 1.101976899999999926e+00 1.101976899999999926e+00 9.985893999999999604e-01
1.652500000000000080e+00 8.241363999999998802e-01 1.106739200000000034e+00 1.106739200000000034e+00 9.982891999999999877e-01
1.657499999999999973e+00 8.261293000000000664e-01 1.110622100000000056e+00 1.110622100000000056e+00 9.979705000000000936e-01
1.662500000000000089e+00 8.296638000000001734e-01 1.114334099999999994e+00 1.114334099999999994e+00 9.977145999999998960e-01
1.667499999999999982e+00 8.306560000000000610e-01 1.117187600000000058e+00 1.117187600000000058e+00 9.974522000000000110e-01
1.672500000000000098e+00 8.357497000000000398e-01 1.119424700000000161e+00 1.119424700000000161e+00 9.972533000000000092e-01
1.677499999999999991e+00 8.380058999999999703e-01 1.120855600000000063e+00 1.120855600000000063e+00 9.971209999999999241e-01
1.682500000000000107e+00 8.412473000000000312e-01 1.121268899999999791e+00 1.121268899999999791e+00 9.969482000000000621e-01
1.687500000000000000e+00 8.446932000000000329e-01 1.120846400000000020e+00 1.120846400000000020e+00 9.967582000000000386e-01
1.692499999999999893e+00 8.496089000000000002e-01 1.118887000000000187e+00 1.118887000000000187e+00 9.965862000000000887e-01
1.697500000000000009e+00 8.552733000000000141e-01 1.115562799999999966e+00 1.115562799999999966e+00 9.963888000000000744e-01
1.702499999999999902e+00 8.599698000000000064e-01 1.111467900000000064e+00 1.111467900000000064e+00 9.963062999999999780e-01
1.707500000000000018e+00 8.680987000000000009e-01 1.106107200000000068e+00 1.106107200000000068e+00 9.961271999999998794e-01
1.712499999999999911e+00 8.730461000000000471e-01 1.100090100000000071e+00 1.100090100000000071e+00 9.960595999999999339e-01
1.717500000000000027e+00 8.795930999999999056e-01 1.093166100000000140e+00 1.093166100000000140e+00 9.958061000000000274e-01
1.722499999999999920e+00 8.866587999999999692e-01 1.085558099999999859e+00 1.085558099999999859e+00 9.956639999999998825e-01
1.727500000000000036e+00 8.953858999999999568e-01 1.077895100000000106e+00 1.077895100000000106e+00 9.955135000000000511e-01
1.732499999999999929e+00 9.024807999999999719e-01 1.069896599999999864e+00 1.069896599999999864e+00 9.952203000000000577e-01
1.737500000000000044e+00 9.112522000000000677e-01 1.062273400000000034e+00 1.062273400000000034e+00 9.950600999999998919e-01
1.742499999999999938e+00 9.199648000000000270e-01 1.054606000000000154e+00 1.054606000000000154e+00 9.947653000000000745e-01
1.747500000000000053e+00 9.281166000000000693e-01 1.047272500000000051e+00 1.047272500000000051e+00 9.946550999999999032e-01
1.752499999999999947e+00 9.386807999999999819e-01 1.040393900000000205e+00 1.040393900000000205e+00 9.943372999999999795e-01
1.757500000000000062e+00 9.479018999999999640e-01 1.033782899999999838e+00 1.033782899999999838e+00 9.940883000000001468e-01
1.762499999999999956e+00 9.588525999999999438e-01 1.028057800000000022e+00 1.028057800000000022e+00 9.938227999999998952e-01
1.767500000000000071e+00 9.706753999999999660e-01 1.022436499999999970e+00 1.022436499999999970e+00 9.935258999999998508e-01
1.772499999999999964e+00 9.827850000000000197e-01 1.017324499999999743e+00 1.017324499999999743e+00 9.932640000000001468e-01
1.777500000000000080e+00 9.927078000000000291e-01 1.013357699999999806e+00 1.013357699999999806e+00 9.929651999999998813e-01
1.782499999999999973e+00 1.005290400000000250e+00 1.009861899999999979e+00 1.009861899999999979e+00 9.928029999999999911e-01
1.787500000000000089e+00 1.018379000000000145e+00 1.006863199999999958e+00 1.006863199999999958e+00 9.925262000000000251e-01
1.792499999999999982e+00 1.030780500000000099e+00 1.004268900000000020e+00 1.004268900000000020e+00 9.923281000000001573e-01
1.797500000000000098e+00 1.040927700000000122e+00 1.002468099999999973e+00 1.002468099999999973e+00 9.920279999999997989e-01
1.802499999999999991e+00 1.052606799999999954e+00 1.000783599999999884e+00 1.000783599999999884e+00 9.918388999999999678e-01
1.807500000000000107e+00 1.057604100000000269e+00 9.995865999999999918e-01 9.995865999999999918e-01 9.916748000000001895e-01
1.812500000000000000e+00 1.066918400000000045e+00 9.984991999999998091e-01 9.984991999999998091e-01 9.914743999999998669e-01
1.817499999999999893e+00 1.074198800000000009e+00 9.980358999999999758e-01 9.980358999999999758e-01 9.913669999999999982e-01
1.822500000000000009e+00 1.077810200000000052e+00 9.980570999999999193e-01 9.980570999999999193e-01 9.912039000000000266e-01
1.827499999999999902e+00 1.073756799999999956e+00 9.982086999999999488e-01 9.982086999999999488e-01 9.911199999999998900e-01
1.832500000000000018e+00 1.076949700000000121e+00 9.985562000000000049e-01 9.985562000000000049e-01 9.909575999999999940e-01
1.837499999999999911e+00 1.073174400000000084e+00 9.987994000000002259e-01 9.987994000000002259e-01 9.909370999999997931e-01
1.842500000000000027e+00 1.068104200000000059e+00 9.995380000000000376e-01 9.995380000000000376e-01 9.908827999999999525e-01
1.847499999999999920e+00 1.063039300000000020e+00 1.000591300000000183e+00 1.000591300000000183e+00 9.909113000000001614e-01
1.852500000000000036e+00 1.055368599999999990e+00 1.001337200000000038e+00 1.001337200000000038e+00 9.909255000000000146e-01
1.857499999999999929e+00 1.049942900000000012e+00 1.002152900000000013e+00 1.002152900000000013e+00 9.909559000000001117e-01
1.862500000000000044e+00 1.045686399999999905e+00 1.003270799999999907e+00 1.003270799999999907e+00 9.910276000000000085e-01
1.867499999999999938e+00 1.039213100000000001e+00 1.004202000000000039e+00 1.004202000000000039e+00 9.909746999999999861e-01
1.872500000000000053e+00 1.036559399999999798e+00 1.005192600000000214e+00 1.005192600000000214e+00 9.911559999999999260e-01
1.877499999999999947e+00 1.036301899999999776e+00 1.005934200000000001e+00 1.005934200000000001e+00 9.912508000000000985e-01
1.882500000000000062e+00 1.034693100000000143e+00 1.006589399999999968e+00 1.006589399999999968e+00 9.913832000000001310e-01
1.887499999999999956e+00 1.035905599999999982e+00 1.007062699999999866e+00 1.007062699999999866e+00 9.915168000000000870e-01
1.892500000000000071e+00 1.042688800000000082e+00 1.007302299999999873e+00 1.007302299999999873e+00 9.917097999999999747e-01
1.897499999999999964e+00 1.048393000000000130e+00 1.007577200000000062e+00 1.007577200000000062e+00 9.918188999999999478e-01
1.902500000000000080e+00 1.056034799999999940e+00 1.008025500000000019e+00 1.008025500000000019e+00 9.920318000000000191e-01
1.907499999999999973e+00 1.066244100000000028e+00 1.007529300000000294e+00 1.007529300000000294e+00 9.922303999999998458e-01
1.912500000000000089e+00 1.077278000000000180e+00 1.007467099999999949e+00 1.007467099999999949e+00 9.924093999999999971e-01
1.917499999999999982e+00 1.089990699999999979e+00 1.006296900000000161e+00 1.006296900000000161e+00 9.926479999999997528e-01
1.922500000000000098e+00 1.102526900000000198e+00 1.005565099999999878e+00 1.005565099999999878e+00 9.928358999999999934e-01
1.927499999999999991e+00 1.114525700000000175e+00 1.004694300000000151e+00 1.004694300000000151e+00 9.929924999999999446e-01
1.932500000000000107e+00 1.129389799999999777e+00 1.003366800000000003e+00 1.003366800000000003e+00 9.932338000000001665e-01
1.937500000000000000e+00 1.137262600000000123e+00 1.001956799999999870e+00 1.001956799999999870e+00 9.934533999999999310e-01
1.942499999999999893e+00 1.150494399999999917e+00 1.000233799999999951e+00 1.000233799999999951e+00 9.935964000000000462e-01
1.947500000000000009e+00 1.158024300000000117e+00 9.981546999999999503e-01 9.981546999999999503e-01 9.938289999999998514e-01
1.952499999999999902e+00 1.167654400000000203e+00 9.962980999999999643e-01 9.962980999999999643e-01 9.940086999999999673e-01
1.957500000000000018e+00 1.175924600000000098e+00 9.943084000000000922e-01 9.943084000000000922e-01 9.941966000000000969e-01
1.962499999999999911e+00 1.179945400000000033e+00 9.925032000000000298e-01 9.925032000000000298e-01 9.944621000000000155e-01
1.967500000000000027e+00 1.185360500000000039e+00 9.898961999999998929e-01 9.898961999999998929e-01 9.945913000000000670e-01
1.972499999999999920e+00 1.189443299999999981e+00 9.878291999999999629e-01 9.878291999999999629e-01 9.948106000000001004e-01
1.977500000000000036e+00 1.192410799999999993e+00 9.860877999999999588e-01 9.860877999999999588e-01 9.950219999999999620e-01
1.982499999999999929e+00 1.193057599999999940e+00 9.836403000000000230e-01 9.836403000000000230e-01 9.952232999999999219e-01
1.987500000000000044e+00 1.195441799999999999e+00 9.820121000000000544e-01 9.820121000000000544e-01 9.953819000000001527e-01
1.992499999999999938e+00 1.197109800000000002e+00 9.803755999999997917e-01 9.803755999999997917e-01 9.955863999999999825e-01
1.997500000000000053e+00 1.200363300000000022e+00 9.786460999999999633e-01 9.786460999999999633e-01 9.958380000000002230e-01
