2.500000000000000052e-03 0.000000000000000000e+00 0.000000000000000000e+00 0.000000000000000000e+00 0.000000000000000000e+00
7.499999999999999722e-03 0.000000000000000000e+00 0.000000000000000000e+00 0.000000000000000000e+00 0.000000000000000000e+00
1.250000000000000069e-02 0.000000000000000000e+00 0.000000000000000000e+00 0.000000000000000000e+00 0.000000000000000000e+00
1.750000000000000167e-02 0.000000000000000000e+00 0.000000000000000000e+00 0.000000000000000000e+00 0.000000000000000000e+00
2.249999999999999917e-02 0.000000000000000000e+00 0.000000000000000000e+00 0.000000000000000000e+00 0.000000000000000000e+00
2.750000000000000014e-02 0.000000000000000000e+00 0.000000000000000000e+00 0.000000000000000000e+00 0.000000000000000000e+00
3.250000000000000111e-02 0.000000000000000000e+00 0.000000000000000000e+00 0.000000000000000000e+00 0.000000000000000000e+00
3.749999999999999861e-02 0.000000000000000000e+00 0.000000000000000000e+00 0.000000000000000000e+00 0.000000000000000000e+00
4.250000000000000305e-02 0.000000000000000000e+00 0.000000000000000000e+00 0.000000000000000000e+00 0.000000000000000000e+00
4.750000000000000056e-02 0.000000000000000000e+00 0.000000000000000000e+00 0.000000000000000000e+00 0.000000000000000000e+00
5.249999999999999806e-02 0.000000000000000000e+00 0.000000000000000000e+00 0.000000000000000000e+00 0.000000000000000000e+00
5.750000000000000250e-02 0.000000000000000000e+00 0.000000000000000000e+00 0.000000000000000000e+00 0.000000000000000000e+00
6.250000000000000000e-02 0.000000000000000000e+00 0.000000000000000000e+00 0.000000000000000000e+00 0.000000000000000000e+00
6.750000000000000444e-02 0.000000000000000000e+00 0.000000000000000000e+00 0.000000000000000000e+00 0.000000000000000000e+00
7.249999999999999500e-02 0.000000000000000000e+00 0.000000000000000000e+00 0.000000000000000000e+00 0.000000000000000000e+00
7.749999999999999944e-02 0.000000000000000000e+00 0.000000000000000000e+00 0.000000000000000000e+00 0.000000000000000000e+00
8.250000000000000389e-02 0.000000000000000000e+00 0.000000000000000000e+00 0.000000000000000000e+00 0.000000000000000000e+00
8.749999999999999445e-02 0.000000000000000000e+00 0.000000000000000000e+00 0.000000000000000000e+00 0.000000000000000000e+00
9.249999999999999889e-02 0.000000000000000000e+00 0.000000000000000000e+00 0.000000000000000000e+00 0.000000000000000000e+00
9.750000000000000333e-02 0.000000000000000000e+00 0.000000000000000000e+00 0.000000000000000000e+00 0.000000000000000000e+00
1.024999999999999939e-01 0.000000000000000000e+00 0.000000000000000000e+00 0.000000000000000000e+00 0.000000000000000000e+00
1.074999999999999983e-01 0.000000000000000000e+00 0.000000000000000000e+00 0.000000000000000000e+00 0.000000000000000000e+00
1.125000000000000028e-01 0.000000000000000000e+00 0.000000000000000000e+00 0.000000000000000000e+00 0.000000000000000000e+00
1.174999999999999933e-01 0.000000000000000000e+00 0.000000000000000000e+00 0.000000000000000000e+00 0.000000000000000000e+00
1.224999999999999978e-01 0.000000000000000000e+00 0.000000000000000000e+00 0.000000000000000000e+00 0.000000000000000000e+00
1.275000000000000022e-01 0.000000000000000000e+00 0.000000000000000000e+00 0.000000000000000000e+00 0.000000000000000000e+00
1.325000000000000067e-01 0.000000000000000000e+00 0.000000000000000000e+00 0.000000000000000000e+00 0.000000000000000000e+00
1.375000000000000111e-01 0.000000000000000000e+00 0.000000000000000000e+00 0.000000000000000000e+00 0.000000000000000000e+00
1.424999999999999878e-01 0.000000000000000000e+00 0.000000000000000000e+00 0.000000000000000000e+00 0.000000000000000000e+00
1.474999999999999922e-01 0.000000000000000000e+00 0.000000000000000000e+00 0.000000000000000000e+00 0.000000000000000000e+00
1.524999999999999967e-01 0.000000000000000000e+00 0.000000000000000000e+00 0.000000000000000000e+00 0.000000000000000000e+00
1.575000000000000011e-01 0.000000000000000000e+00 0.000000000000000000e+00 0.000000000000000000e+00 0.000000000000000000e+00
1.625000000000000056e-01 0.000000000000000000e+00 0.000000000000000000e+00 0.000000000000000000e+00 0.000000000000000000e+00
1.675000000000000100e-01 0.000000000000000000e+00 0.000000000000000000e+00 0.000000000000000000e+00 0.000000000000000000e+00
1.724999999999999867e-01 0.000000000000000000e+00 0.000000000000000000e+00 0.000000000000000000e+00 0.000000000000000000e+00
1.774999999999999911e-01 0.000000000000000000e+00 0.000000000000000000e+00 0.000000000000000000e+00 0.000000000000000000e+00
1.824999999999999956e-01 0.000000000000000000e+00 0.000000000000000000e+00 0.000000000000000000e+00 0.000000000000000000e+00
1.875000000000000000e-01 0.000000000000000000e+00 0.000000000000000000e+00 0.000000000000000000e+00 0.000000000000000000e+00
1.925000000000000044e-01 0.000000000000000000e+00 0.000000000000000000e+00 0.000000000000000000e+00 0.000000000000000000e+00
1.975000000000000089e-01 0.000000000000000000e+00 0.000000000000000000e+00 0.000000000000000000e+00 5.099999999999999282e-05
2.025000000000000133e-01 0.000000000000000000e+00 0.000000000000000000e+00 0.000000000000000000e+00 8.291700000000000806e-03
2.074999999999999900e-01 0.000000000000000000e+00 0.000000000000000000e+00 0.000000000000000000e+00 1.975861999999999896e-01
2.124999999999999944e-01 0.000000000000000000e+00 0.000000000000000000e+00 0.000000000000000000e+00 1.264313000000000020e+00
2.174999999999999989e-01 0.000000000000000000e+00 0.000000000000000000e+00 0.000000000000000000e+00 3.245720199999999611e+00
2.225000000000000033e-01 0.000000000000000000e+00 0.000000000000000000e+00 0.000000000000000000e+00 4.454616199999999360e+00
2.275000000000000078e-01 0.000000000000000000e+00 0.000000000000000000e+00 0.000000000000000000e+00 4.311262600000000056e+00
2.325000000000000122e-01 0.000000000000000000e+00 0.000000000000000000e+00 0.000000000000000000e+00 3.986040099999999420e+00
2.374999999999999889e-01 0.000000000000000000e+00 0.000000000000000000e+00 0.000000000000000000e+00 3.695275199999999760e+00
2.424999999999999933e-01 0.000000000000000000e+00 0.000000000000000000e+00 0.000000000000000000e+00 3.431502700000000239e+00
2.474999999999999978e-01 0.000000000000000000e+00 0.000000000000000000e+00 0.000000000000000000e+00 3.193768299999999449e+00
2.525000000000000022e-01 0.000000000000000000e+00 0.000000000000000000e+00 0.000000000000000000e+00 2.980415199999999931e+00
2.575000000000000067e-01 0.000000000000000000e+00 0.000000000000000000e+00 0.000000000000000000e+00 2.787615699999999919e+00
2.625000000000000111e-01 0.000000000000000000e+00 0.000000000000000000e+00 0.000000000000000000e+00 2.613385699999999812e+00
2.675000000000000155e-01 0.000000000000000000e+00 0.000000000000000000e+00 0.000000000000000000e+00 2.455639800000000594e+00
2.725000000000000200e-01 0.000000000000000000e+00 0.000000000000000000e+00 0.000000000000000000e+00 2.313685199999999664e+00
2.775000000000000244e-01 0.000000000000000000e+00 0.000000000000000000e+00 0.000000000000000000e+00 2.185747500000000176e+00
2.824999999999999734e-01 0.000000000000000000e+00 0.000000000000000000e+00 0.000000000000000000e+00 2.069311200000000017e+00
2.874999999999999778e-01 0.000000000000000000e+00 0.000000000000000000e+00 0.000000000000000000e+00 1.965148800000000362e+00
2.924999999999999822e-01 0.000000000000000000e+00 0.000000000000000000e+00 0.000000000000000000e+00 1.870584099999999861e+00
2.974999999999999867e-01 0.000000000000000000e+00 0.000000000000000000e+00 0.000000000000000000e+00 1.785768099999999858e+00
3.024999999999999911e-01 0.000000000000000000e+00 0.000000000000000000e+00 0.000000000000000000e+00 1.709473999999999716e+00
3.074999999999999956e-01 0.000000000000000000e+00 0.000000000000000000e+00 0.000000000000000000e+00 1.641117900000000018e+00
3.125000000000000000e-01 0.000000000000000000e+00 0.000000000000000000e+00 0.000000000000000000e+00 1.579696699999999954e+00
3.175000000000000044e-01 0.000000000000000000e+00 0.000000000000000000e+00 0.000000000000000000e+00 1.524734499999999660e+00
3.225000000000000089e-01 0.000000000000000000e+00 0.000000000000000000e+00 0.000000000000000000e+00 1.476810700000000143e+00
3.275000000000000133e-01 0.000000000000000000e+00 0.000000000000000000e+00 0.000000000000000000e+00 1.434094400000000213e+00
3.325000000000000178e-01 0.000000000000000000e+00 0.000000000000000000e+00 0.000000000000000000e+00 1.396494799999999925e+00
3.375000000000000222e-01 0.000000000000000000e+00 0.000000000000000000e+00 0.000000000000000000e+00 1.363781099999999746e+00
3.425000000000000266e-01 0.000000000000000000e+00 0.000000000000000000e+00 0.000000000000000000e+00 1.336720000000000130e+00
3.474999999999999756e-01 0.000000000000000000e+00 0.000000000000000000e+00 0.000000000000000000e+00 1.313242699999999541e+00
3.524999999999999800e-01 0.000000000000000000e+00 0.000000000000000000e+00 0.000000000000000000e+00 1.294550500000000159e+00
3.574999999999999845e-01 0.000000000000000000e+00 0.000000000000000000e+00 0.000000000000000000e+00 1.279862199999999950e+00
3.624999999999999889e-01 0.000000000000000000e+00 0.000000000000000000e+00 0.000000000000000000e+00 1.269425000000000026e+00
3.674999999999999933e-01 0.000000000000000000e+00 0.000000000000000000e+00 0.000000000000000000e+00 1.262412699999999832e+00
3.724999999999999978e-01 0.000000000000000000e+00 0.000000000000000000e+00 0.000000000000000000e+00 1.258864099999999819e+00
3.775000000000000022e-01 0.000000000000000000e+00 0.000000000000000000e+00 0.000000000000000000e+00 1.259061300000000161e+00
3.825000000000000067e-01 0.000000000000000000e+00 0.000000000000000000e+00 0.000000000000000000e+00 1.262291900000000133e+00
3.875000000000000111e-01 0.000000000000000000e+00 0.000000000000000000e+00 0.000000000000000000e+00 1.269536299999999951e+00
3.925000000000000155e-01 0.000000000000000000e+00 0.000000000000000000e+00 0.000000000000000000e+00 1.278899400000000242e+00
3.975000000000000200e-01 0.000000000000000000e+00 0.000000000000000000e+00 0.000000000000000000e+00 1.290952399999999667e+00
4.025000000000000244e-01 0.000000000000000000e+00 0.000000000000000000e+00 0.000000000000000000e+00 1.305193800000000071e+00
4.074999999999999734e-01 0.000000000000000000e+00 0.000000000000000000e+00 0.000000000000000000e+00 1.321462799999999937e+00
4.124999999999999778e-01 0.000000000000000000e+00 0.000000000000000000e+00 0.000000000000000000e+00 1.340491999999999795e+00
4.174999999999999822e-01 0.000000000000000000e+00 0.000000000000000000e+00 0.000000000000000000e+00 1.360693700000000117e+00
4.224999999999999867e-01 0.000000000000000000e+00 0.000000000000000000e+00 0.000000000000000000e+00 1.382905800000000074e+00
4.274999999999999911e-01 0.000000000000000000e+00 0.000000000000000000e+00 0.000000000000000000e+00 1.405869800000000058e+00
4.324999999999999956e-01 0.000000000000000000e+00 0.000000000000000000e+00 0.000000000000000000e+00 1.427278699999999789e+00
4.375000000000000000e-01 0.000000000000000000e+00 0.000000000000000000e+00 0.000000000000000000e+00 1.445160400000000234e+00
4.425000000000000044e-01 0.000000000000000000e+00 0.000000000000000000e+00 0.000000000000000000e+00 1.456771299999999991e+00
4.475000000000000089e-01 0.000000000000000000e+00 0.000000000000000000e+00 0.000000000000000000e+00 1.461833099999999774e+00
4.525000000000000133e-01 0.000000000000000000e+00 0.000000000000000000e+00 0.000000000000000000e+00 1.462251599999999874e+00
4.575000000000000178e-01 0.000000000000000000e+00 0.000000000000000000e+00 0.000000000000000000e+00 1.457679199999999842e+00
4.625000000000000222e-01 0.000000000000000000e+00 0.000000000000000000e+00 0.000000000000000000e+00 1.449715400000000098e+00
4.675000000000000266e-01 0.000000000000000000e+00 0.000000000000000000e+00 0.000000000000000000e+00 1.438990800000000236e+00
4.724999999999999756e-01 0.000000000000000000e+00 0.000000000000000000e+00 0.000000000000000000e+00 1.425750300000000026e+00
4.774999999999999800e-01 0.000000000000000000e+00 0.000000000000000000e+00 0.000000000000000000e+00 1.410670000000000091e+00
4.824999999999999845e-01 0.000000000000000000e+00 0.000000000000000000e+00 0.000000000000000000e+00 1.394269800000000004e+00
4.874999999999999889e-01 0.000000000000000000e+00 0.000000000000000000e+00 0.000000000000000000e+00 1.377236299999999858e+00
4.924999999999999933e-01 0.000000000000000000e+00 0.000000000000000000e+00 0.000000000000000000e+00 1.360078699999999863e+00
4.974999999999999978e-01 0.000000000000000000e+00 0.000000000000000000e+00 0.000000000000000000e+00 1.341929700000000114e+00
5.024999999999999467e-01 0.000000000000000000e+00 0.000000000000000000e+00 0.000000000000000000e+00 1.324218199999999790e+00
5.074999999999999512e-01 0.000000000000000000e+00 0.000000000000000000e+00 0.000000000000000000e+00 1.306729400000000041e+00
5.124999999999999556e-01 0.000000000000000000e+00 0.000000000000000000e+00 0.000000000000000000e+00 1.289417400000000047e+00
5.174999999999999600e-01 0.000000000000000000e+00 0.000000000000000000e+00 0.000000000000000000e+00 1.272514399999999934e+00
5.224999999999999645e-01 0.000000000000000000e+00 0.000000000000000000e+00 0.000000000000000000e+00 1.256508599999999642e+00
5.274999999999999689e-01 0.000000000000000000e+00 0.000000000000000000e+00 0.000000000000000000e+00 1.241091500000000014e+00
5.324999999999999734e-01 0.000000000000000000e+00 0.000000000000000000e+00 0.000000000000000000e+00 1.226453999999999933e+00
5.374999999999999778e-01 0.000000000000000000e+00 0.000000000000000000e+00 0.000000000000000000e+00 1.212448300000000145e+00
5.424999999999999822e-01 0.000000000000000000e+00 0.000000000000000000e+00 0.000000000000000000e+00 1.199218300000000070e+00
5.474999999999999867e-01 0.000000000000000000e+00 0.000000000000000000e+00 0.000000000000000000e+00 1.187149300000000185e+00
5.524999999999999911e-01 0.000000000000000000e+00 0.000000000000000000e+00 0.000000000000000000e+00 1.176014199999999787e+00
5.574999999999999956e-01 0.000000000000000000e+00 0.000000000000000000e+00 0.000000000000000000e+00 1.165695700000000112e+00
5.625000000000000000e-01 0.000000000000000000e+00 0.000000000000000000e+00 0.000000000000000000e+00 1.155879300000000054e+00
5.675000000000000044e-01 0.000000000000000000e+00 0.000000000000000000e+00 0.000000000000000000e+00 1.147545399999999827e+00
5.725000000000000089e-01 0.000000000000000000e+00 0.000000000000000000e+00 0.000000000000000000e+00 1.139997200000000044e+00
5.775000000000000133e-01 0.000000000000000000e+00 0.000000000000000000e+00 0.000000000000000000e+00 1.133033100000000015e+00
5.825000000000000178e-01 0.000000000000000000e+00 3.999999999999999819e-07 3.999999999999999819e-07 1.127066600000000030e+00
5.875000000000000222e-01 0.000000000000000000e+00 3.700000000000000574e-06 3.700000000000000574e-06 1.121547300000000025e+00
5.925000000000000266e-01 0.000000000000000000e+00 4.990000000000000674e-05 4.990000000000000674e-05 1.117316500000000268e+00
5.975000000000000311e-01 0.000000000000000000e+00 4.380000000000000213e-04 4.380000000000000213e-04 1.113095700000000132e+00
6.025000000000000355e-01 0.000000000000000000e+00 2.601099999999999419e-03 2.601099999999999419e-03 1.109541499999999958e+00
6.075000000000000400e-01 0.000000000000000000e+00 1.222309999999999716e-02 1.222309999999999716e-02 1.106900600000000123e+00
6.125000000000000444e-01 0.000000000000000000e+00 4.450149999999999939e-02 4.450149999999999939e-02 1.104480500000000198e+00
6.175000000000000488e-01 0.000000000000000000e+00 1.297887999999999820e-01 1.297887999999999820e-01 1.102315399999999945e+00
6.225000000000000533e-01 0.000000000000000000e+00 3.132146000000000097e-01 3.132146000000000097e-01 1.100336499999999829e+00
6.274999999999999467e-01 0.000000000000000000e+00 6.397130000000001981e-01 6.397130000000001981e-01 1.098740599999999956e+00
6.324999999999999512e-01 0.000000000000000000e+00 1.130398100000000072e+00 1.130398100000000072e+00 1.097223499999999685e+00
6.374999999999999556e-01 0.000000000000000000e+00 1.761578899999999948e+00 1.761578899999999948e+00 1.095849300000000248e+00
6.424999999999999600e-01 0.000000000000000000e+00 2.457894999999999719e+00 2.457894999999999719e+00 1.094112200000000090e+00
6.474999999999999645e-01 0.000000000000000000e+00 3.115175099999999642e+00 3.115175099999999642e+00 1.092284199999999927e+00
6.524999999999999689e-01 0.000000000000000000e+00 3.637634899999999227e+00 3.637634899999999227e+00 1.090533300000000150e+00
6.574999999999999734e-01 0.000000000000000000e+00 3.953968399999999495e+00 3.953968399999999495e+00 1.088298900000000069e+00
6.624999999999999778e-01 0.000000000000000000e+00 4.041799000000000142e+00 4.041799000000000142e+00 1.085876700000000028e+00
6.674999999999999822e-01 0.000000000000000000e+00 3.920053699999999530e+00 3.920053699999999530e+00 1.083346499999999990e+00
6.724999999999999867e-01 0.000000000000000000e+00 3.635806299999999602e+00 3.635806299999999602e+00 1.080233999999999916e+00
6.774999999999999911e-01 0.000000000000000000e+00 3.289845599999999592e+00 3.289845599999999592e+00 1.076811399999999974e+00
6.824999999999999956e-01 0.000000000000000000e+00 2.980105400000000238e+00 2.980105400000000238e+00 1.073177499999999895e+00
6.875000000000000000e-01 0.000000000000000000e+00 2.705992300000000128e+00 2.705992300000000128e+00 1.069437500000000041e+00
6.925000000000000044e-01 0.000000000000000000e+00 2.466297100000000242e+00 2.466297100000000242e+00 1.065161699999999767e+00
6.975000000000000089e-01 0.000000000000000000e+00 2.255414500000000100e+00 2.255414500000000100e+00 1.061040600000000111e+00
7.025000000000000133e-01 0.000000000000000000e+00 2.071138400000000157e+00 2.071138400000000157e+00 1.056442099999999940e+00
7.075000000000000178e-01 0.000000000000000000e+00 1.906787299999999963e+00 1.906787299999999963e+00 1.051944300000000165e+00
7.125000000000000222e-01 0.000000000000000000e+00 1.762722400000000134e+00 1.762722400000000134e+00 1.047441699999999809e+00
7.175000000000000266e-01 0.000000000000000000e+00 1.635790899999999937e+00 1.635790899999999937e+00 1.042836899999999734e+00
7.225000000000000311e-01 0.000000000000000000e+00 1.523152000000000061e+00 1.523152000000000061e+00 1.038139699999999888e+00
7.275000000000000355e-01 0.000000000000000000e+00 1.425735399999999764e+00 1.425735399999999764e+00 1.033741400000000032e+00
7.325000000000000400e-01 0.000000000000000000e+00 1.339576600000000228e+00 1.339576600000000228e+00 1.029357200000000194e+00
7.375000000000000444e-01 0.000000000000000000e+00 1.264964500000000047e+00 1.264964500000000047e+00 1.024931000000000036e+00
7.425000000000000488e-01 0.000000000000000000e+00 1.198480599999999896e+00 1.198480599999999896e+00 1.020602299999999962e+00
7.475000000000000533e-01 0.000000000000000000e+00 1.140528600000000115e+00 1.140528600000000115e+00 1.016600400000000182e+00
7.524999999999999467e-01 0.000000000000000000e+00 1.091564900000000060e+00 1.091564900000000060e+00 1.012353300000000011e+00
7.574999999999999512e-01 0.000000000000000000e+00 1.049375200000000063e+00 1.049375200000000063e+00 1.008550000000000058e+00
7.624999999999999556e-01 0.000000000000000000e+00 1.013908699999999774e+00 1.013908699999999774e+00 1.005034900000000064e+00
7.674999999999999600e-01 0.000000000000000000e+00 9.845867000000000369e-01 9.845867000000000369e-01 1.001432400000000111e+00
7.724999999999999645e-01 0.000000000000000000e+00 9.602052000000000920e-01 9.602052000000000920e-01 9.979911000000001309e-01
7.774999999999999689e-01 0.000000000000000000e+00 9.420283000000001516e-01 9.420283000000001516e-01 9.950508999999998494e-01
7.824999999999999734e-01 0.000000000000000000e+00 9.289676000000002265e-01 9.289676000000002265e-01 9.920946999999999960e-01
7.874999999999999778e-01 0.000000000000000000e+00 9.206623000000002666e-01 9.206623000000002666e-01 9.893123999999999807e-01
7.924999999999999822e-01 0.000000000000000000e+00 9.171521000000000257e-01 9.171521000000000257e-01 9.868436999999999903e-01
7.974999999999999867e-01 0.000000000000000000e+00 9.176051000000000624e-01 9.176051000000000624e-01 9.847041000000000821e-01
8.024999999999999911e-01 0.000000000000000000e+00 9.240243000000001317e-01 9.240243000000001317e-01 9.823760000000000270e-01
8.074999999999999956e-01 0.000000000000000000e+00 9.349992000000000303e-01 9.349992000000000303e-01 9.803067999999999227e-01
8.125000000000000000e-01 0.000000000000000000e+00 9.506567000000000212e-01 9.506567000000000212e-01 9.784653000000000933e-01
8.175000000000000044e-01 0.000000000000000000e+00 9.713139999999998997e-01 9.713139999999998997e-01 9.766106999999999427e-01
8.225000000000000089e-01 0.000000000000000000e+00 9.962231999999999754e-01 9.962231999999999754e-01 9.750661999999999940e-01
8.275000000000000133e-01 0.000000000000000000e+00 1.025602299999999856e+00 1.025602299999999856e+00 9.734788999999999248e-01
8.325000000000000178e-01 0.000000000000000000e+00 1.060384600000000122e+00 1.060384600000000122e+00 9.722459000000001073e-01
8.375000000000000222e-01 0.000000000000000000e+00 1.096016899999999961e+00 1.096016899999999961e+00 9.708242999999999734e-01
8.425000000000000266e-01 0.000000000000000000e+00 1.134973800000000033e+00 1.134973800000000033e+00 9.694680999999999438e-01
8.475000000000000311e-01 0.000000000000000000e+00 1.175336599999999843e+00 1.175336599999999843e+00 9.683434999999999127e-01
8.525000000000000355e-01 0.000000000000000000e+00 1.214572099999999821e+00 1.214572099999999821e+00 9.670909000000001976e-01
8.575000000000000400e-01 0.000000000000000000e+00 1.250215000000000076e+00 1.250215000000000076e+00 9.660063000000000955e-01
8.625000000000000444e-01 0.000000000000000000e+00 1.282733800000000146e+00 1.282733800000000146e+00 9.649185000000001233e-01
8.675000000000000488e-01 0.000000000000000000e+00 1.307618900000000028e+00 1.307618900000000028e+00 9.640112000000000680e-01
8.725000000000000533e-01 0.000000000000000000e+00 1.325832300000000075e+00 1.325832300000000075e+00 9.629486999999998798e-01
8.774999999999999467e-01 0.000000000000000000e+00 1.335598999999999759e+00 1.335598999999999759e+00 9.618343999999998672e-01
8.824999999999999512e-01 0.000000000000000000e+00 1.337406799999999896e+00 1.337406799999999896e+00 9.610017000000000698e-01
8.874999999999999556e-01 0.000000000000000000e+00 1.332074800000000003e+00 1.332074800000000003e+00 9.600951999999999265e-01
8.924999999999999600e-01 0.000000000000000000e+00 1.320463999999999860e+00 1.320463999999999860e+00 9.592629999999999768e-01
8.974999999999999645e-01 0.000000000000000000e+00 1.305334600000000123e+00 1.305334600000000123e+00 9.583714000000000954e-01
9.024999999999999689e-01 0.000000000000000000e+00 1.286103199999999891e+00 1.286103199999999891e+00 9.577120000000001188e-01
9.074999999999999734e-01 0.000000000000000000e+00 1.264485600000000209e+00 1.264485600000000209e+00 9.567268999999999357e-01
9.124999999999999778e-01 0.000000000000000000e+00 1.240337500000000093e+00 1.240337500000000093e+00 9.559588999999999448e-01
9.174999999999999822e-01 0.000000000000000000e+00 1.216208900000000037e+00 1.216208900000000037e+00 9.553863999999998580e-01
9.224999999999999867e-01 0.000000000000000000e+00 1.191634799999999883e+00 1.191634799999999883e+00 9.547938999999999732e-01
9.274999999999999911e-01 0.000000000000000000e+00 1.167561300000000024e+00 1.167561300000000024e+00 9.541105999999999199e-01
9.324999999999999956e-01 0.000000000000000000e+00 1.142824599999999968e+00 1.142824599999999968e+00 9.536713999999999469e-01
9.375000000000000000e-01 0.000000000000000000e+00 1.119896599999999909e+00 1.119896599999999909e+00 9.532043000000001154e-01
9.425000000000000044e-01 0.000000000000000000e+00 1.097453900000000093e+00 1.097453900000000093e+00 9.527148999999999202e-01
9.475000000000000089e-01 0.000000000000000000e+00 1.076065000000000049e+00 1.076065000000000049e+00 9.523462999999999790e-01
9.525000000000000133e-01 0.000000000000000000e+00 1.056016899999999925e+00 1.056016899999999925e+00 9.519326000000001287e-01
9.575000000000000178e-01 9.000000000000000228e-06 1.036849699999999874e+00 1.036849699999999874e+00 9.515436999999999923e-01
9.625000000000000222e-01 2.199999999999999943e-05 1.019590699999999961e+00 1.019590699999999961e+00 9.513985000000001468e-01
9.675000000000000266e-01 2.496000000000000497e-04 1.003397000000000094e+00 1.003397000000000094e+00 9.512700000000000600e-01
9.725000000000000311e-01 8.450999999999999962e-04 9.891241000000000616e-01 9.891241000000000616e-01 9.510856999999999228e-01
9.775000000000000355e-01 3.573499999999999420e-03 9.753009000000000261e-01 9.753009000000000261e-01 9.509994999999999976e-01
9.825000000000000400e-01 1.148659999999999959e-02 9.637843000000000382e-01 9.637843000000000382e-01 9.511382999999999921e-01
9.875000000000000444e-01 3.510759999999999575e-02 9.539028000000001617e-01 9.539028000000001617e-01 9.511671999999998794e-01
9.925000000000000488e-01 8.711159999999999737e-02 9.450040999999999025e-01 9.450040999999999025e-01 9.512108000000001340e-01
9.975000000000000533e-01 1.977138999999999980e-01 9.379356999999999278e-01 9.379356999999999278e-01 9.514210000000000722e-01
1.002499999999999947e+00 4.009641000000000455e-01 9.318481999999999044e-01 9.318481999999999044e-01 9.516835000000000155e-01
1.007500000000000062e+00 7.388499000000000594e-01 9.269118000000000634e-01 9.269118000000000634e-01 9.518786000000002412e-01
1.012499999999999956e+00 1.246615499999999876e+00 9.235051999999999151e-01 9.235051999999999151e-01 9.521984000000000004e-01
1.017500000000000071e+00 1.929346999999999923e+00 9.206716999999999818e-01 9.206716999999999818e-01 9.525721000000000327e-01
1.022499999999999964e+00 2.778828200000000415e+00 9.198667000000000371e-01 9.198667000000000371e-01 9.529819999999998847e-01
1.027500000000000080e+00 3.749264499999999778e+00 9.188071000000000987e-01 9.188071000000000987e-01 9.535382999999999498e-01
1.032499999999999973e+00 4.738115099999999913e+00 9.194964000000001025e-01 9.194964000000001025e-01 9.541894000000000764e-01
1.037500000000000089e+00 5.662713100000000388e+00 9.206828000000000234e-01 9.206828000000000234e-01 9.547788999999999859e-01
1.042499999999999982e+00 6.457399900000000414e+00 9.228783000000000403e-01 9.228783000000000403e-01 9.553772999999999849e-01
1.047500000000000098e+00 7.015785700000000347e+00 9.249663999999999664e-01 9.249663999999999664e-01 9.560830000000001272e-01
1.052499999999999991e+00 7.317753999999998982e+00 9.280793000000000514e-01 9.280793000000000514e-01 9.569322000000000106e-01
1.057500000000000107e+00 7.370202300000000761e+00 9.309916000000001413e-01 9.309916000000001413e-01 9.576356000000000313e-01
1.062500000000000000e+00 7.174954500000000124e+00 9.342943000000000220e-01 9.342943000000000220e-01 9.586750000000000549e-01
1.067499999999999893e+00 6.780480300000000682e+00 9.368741000000000430e-01 9.368741000000000430e-01 9.596710999999998881e-01
1.072500000000000009e+00 6.252350999999999992e+00 9.393034000000000106e-01 9.393034000000000106e-01 9.605863999999998404e-01
1.077499999999999902e+00 5.638570100000000807e+00 9.412325999999999748e-01 9.412325999999999748e-01 9.617169999999999330e-01
1.082500000000000018e+00 4.984068899999999580e+00 9.433564000000000949e-01 9.433564000000000949e-01 9.629068000000000627e-01
1.087499999999999911e+00 4.332273600000000613e+00 9.443668000000000617e-01 9.443668000000000617e-01 9.641428000000000775e-01
1.092500000000000027e+00 3.707507599999999570e+00 9.451302999999999788e-01 9.451302999999999788e-01 9.652366999999999475e-01
1.097499999999999920e+00 3.140223899999999624e+00 9.446296999999999056e-01 9.446296999999999056e-01 9.665873999999998745e-01
1.102500000000000036e+00 2.630407600000000290e+00 9.439569000000000987e-01 9.439569000000000987e-01 9.679663999999998936e-01
1.107499999999999929e+00 2.194215500000000318e+00 9.425742999999998650e-01 9.425742999999998650e-01 9.692216999999999638e-01
1.112500000000000044e+00 1.814644600000000052e+00 9.403543999999998126e-01 9.403543999999998126e-01 9.708525000000000071e-01
1.117499999999999938e+00 1.491850700000000307e+00 9.380808000000000479e-01 9.380808000000000479e-01 9.721987000000001933e-01
1.122500000000000053e+00 1.225216700000000047e+00 9.347920000000000673e-01 9.347920000000000673e-01 9.737894000000000272e-01
1.127499999999999947e+00 1.014501600000000003e+00 9.311332999999999416e-01 9.311332999999999416e-01 9.753761000000000791e-01
1.132500000000000062e+00 8.515565000000000495e-01 9.273532000000000997e-01 9.273532000000000997e-01 9.770212000000000341e-01
1.137499999999999956e+00 7.250784000000001228e-01 9.234718000000000648e-01 9.234718000000000648e-01 9.787174000000000706e-01
1.142500000000000071e+00 6.237890000000001489e-01 9.192107000000000472e-01 9.192107000000000472e-01 9.803586000000000800e-01
1.147499999999999964e+00 5.467222000000000470e-01 9.151041000000000869e-01 9.151041000000000869e-01 9.822019999999997975e-01
1.152500000000000080e+00 4.875968999999999443e-01 9.108477999999999852e-01 9.108477999999999852e-01 9.839768000000000958e-01
1.157499999999999973e+00 4.354549000000000336e-01 9.067282999999999316e-01 9.067282999999999316e-01 9.857327999999998536e-01
1.162500000000000089e+00 3.997382999999999909e-01 9.021928999999999643e-01 9.021928999999999643e-01 9.877006999999998760e-01
1.167499999999999982e+00 3.703088999999999964e-01 8.988694000000000406e-01 8.988694000000000406e-01 9.896952000000001082e-01
1.172500000000000098e+00 3.486707999999999474e-01 8.948715000000000419e-01 8.948715000000000419e-01 9.916581000000000978e-01
1.177499999999999991e+00 3.294823000000000612e-01 8.914939000000000613e-01 8.914939000000000613e-01 9.936635000000002549e-01
1.182500000000000107e+00 3.198425000000000296e-01 8.883237999999998857e-01 8.883237999999998857e-01 9.957776999999999878e-01
1.187500000000000000e+00 3.139139000000000235e-01 8.855942999999999454e-01 8.855942999999999454e-01 9.979279999999999262e-01
1.192499999999999893e+00 3.074473999999999818e-01 8.830780000000000296e-01 8.830780000000000296e-01 1.000121200000000155e+00
1.197500000000000009e+00 3.099448999999999677e-01 8.807810000000000361e-01 8.807810000000000361e-01 1.002222600000000075e+00
1.202499999999999902e+00 3.137620000000000409e-01 8.787510999999998962e-01 8.787510999999998962e-01 1.004558299999999793e+00
1.207500000000000018e+00 3.215149000000000479e-01 8.777795999999999932e-01 8.777795999999999932e-01 1.006685399999999841e+00
1.212499999999999911e+00 3.335929000000000255e-01 8.762262999999999025e-01 8.762262999999999025e-01 1.009057599999999999e+00
1.217500000000000027e+00 3.499062999999999479e-01 8.757137000000000393e-01 8.757137000000000393e-01 1.011344699999999985e+00
1.222499999999999920e+00 3.715646000000000226e-01 8.756277000000001198e-01 8.756277000000001198e-01 1.013769499999999990e+00
1.227500000000000036e+00 3.974597999999999742e-01 8.756576000000000359e-01 8.756576000000000359e-01 1.016255599999999815e+00
1.232499999999999929e+00 4.305082000000000630e-01 8.764711999999998948e-01 8.764711999999998948e-01 1.018625300000000067e+00
1.237500000000000044e+00 4.660837999999999925e-01 8.773096999999999701e-01 8.773096999999999701e-01 1.021248600000000284e+00
1.242499999999999938e+00 5.113999000000000184e-01 8.782936000000001187e-01 8.782936000000001187e-01 1.023704700000000134e+00
1.247500000000000053e+00 5.611278000000000654e-01 8.802013000000000753e-01 8.802013000000000753e-01 1.026489399999999996e+00
1.252499999999999947e+00 6.241305999999999798e-01 8.817612999999999701e-01 8.817612999999999701e-01 1.028887100000000165e+00
1.257500000000000062e+00 6.895297999999999705e-01 8.834855000000001457e-01 8.834855000000001457e-01 1.031689499999999926e+00
1.262499999999999956e+00 7.639924999999998523e-01 8.861855000000000704e-01 8.861855000000000704e-01 1.034178500000000112e+00
1.267500000000000071e+00 8.464104999999999546e-01 8.885606000000001448e-01 8.885606000000001448e-01 1.036697599999999886e+00
1.272499999999999964e+00 9.245790000000001507e-01 8.907745000000000246e-01 8.907745000000000246e-01 1.039126400000000006e+00
1.277500000000000080e+00 1.004018400000000089e+00 8.933083999999998914e-01 8.933083999999998914e-01 1.041341800000000095e+00
1.282499999999999973e+00 1.079070999999999891e+00 8.956792999999999561e-01 8.956792999999999561e-01 1.043395200000000189e+00
1.287500000000000089e+00 1.148681600000000191e+00 8.984306000000001902e-01 8.984306000000001902e-01 1.044866700000000259e+00
1.292499999999999982e+00 1.198431199999999919e+00 9.007139000000000673e-01 9.007139000000000673e-01 1.046211899999999861e+00
1.297500000000000098e+00 1.234373399999999954e+00 9.030454999999999455e-01 9.030454999999999455e-01 1.046960099999999949e+00
1.302499999999999991e+00 1.255051899999999998e+00 9.053810999999999387e-01 9.053810999999999387e-01 1.047236499999999904e+00
1.307500000000000107e+00 1.255652100000000271e+00 9.075045999999999946e-01 9.075045999999999946e-01 1.046969099999999875e+00
1.312500000000000000e+00 1.245056200000000057e+00 9.088983999999997732e-01 9.088983999999997732e-01 1.046301700000000112e+00
1.317499999999999893e+00 1.223514299999999944e+00 9.113428000000001195e-01 9.113428000000001195e-01 1.045076200000000011e+00
1.322500000000000009e+00 1.187520399999999920e+00 9.121242000000002736e-01 9.121242000000002736e-01 1.043737400000000148e+00
1.327499999999999902e+00 1.149474499999999955e+00 9.131985000000000241e-01 9.131985000000000241e-01 1.041990200000000089e+00
1.332500000000000018e+00 1.103854699999999855e+00 9.141660999999998705e-01 9.141660999999998705e-01 1.040050000000000141e+00
1.337499999999999911e+00 1.060217600000000093e+00 9.151139999999999830e-01 9.151139999999999830e-01 1.038119200000000131e+00
1.342500000000000027e+00 1.013482100000000274e+00 9.160108000000001249e-01 9.160108000000001249e-01 1.035995600000000127e+00
1.347499999999999920e+00 9.689925999999999817e-01 9.160464000000001494e-01 9.160464000000001494e-01 1.033950900000000006e+00
1.352500000000000036e+00 9.251698999999999895e-01 9.163783999999999264e-01 9.163783999999999264e-01 1.031938699999999987e+00
1.357499999999999929e+00 8.871571000000001428e-01 9.170808999999999767e-01 9.170808999999999767e-01 1.030019400000000029e+00
1.362500000000000044e+00 8.482963000000000031e-01 9.175043000000000504e-01 9.175043000000000504e-01 1.028231300000000292e+00
1.367499999999999938e+00 8.154109000000000496e-01 9.180752999999999275e-01 9.180752999999999275e-01 1.026674499999999934e+00
1.372500000000000053e+00 7.839732999999999841e-01 9.186671000000000697e-01 9.186671000000000697e-01 1.025190200000000162e+00
1.377499999999999947e+00 7.557007000000000030e-01 9.196554999999998481e-01 9.196554999999998481e-01 1.023814500000000072e+00
1.382500000000000062e+00 7.279764999999999153e-01 9.206263000000000085e-01 9.206263000000000085e-01 1.022604599999999975e+00
1.387499999999999956e+00 7.091847000000000012e-01 9.216561999999999255e-01 9.216561999999999255e-01 1.021530500000000341e+00
1.392500000000000071e+00 6.905379000000000378e-01 9.231356999999998925e-01 9.231356999999998925e-01 1.020584299999999889e+00
1.397499999999999964e+00 6.727879000000001053e-01 9.243887000000000631e-01 9.243887000000000631e-01 1.019867899999999938e+00
1.402500000000000080e+00 6.612782000000001492e-01 9.261946999999999264e-01 9.261946999999999264e-01 1.019303699999999813e+00
1.407499999999999973e+00 6.476405000000000634e-01 9.279694000000000553e-01 9.279694000000000553e-01 1.018828099999999903e+00
1.412500000000000089e+00 6.399707000000001145e-01 9.304978999999997669e-01 9.304978999999997669e-01 1.018438999999999872e+00
1.417499999999999982e+00 6.347639000000000475e-01 9.326029999999999598e-01 9.326029999999999598e-01 1.018270500000000078e+00
1.422500000000000098e+00 6.308120999999999867e-01 9.348935999999999913e-01 9.348935999999999913e-01 1.018139200000000022e+00
1.427499999999999991e+00 6.307519999999999794e-01 9.378862000000000032e-01 9.378862000000000032e-01 1.018011400000000233e+00
1.432500000000000107e+00 6.339487999999999790e-01 9.411865999999997623e-01 9.411865999999997623e-01 1.018193899999999985e+00
1.437500000000000000e+00 6.385449000000000819e-01 9.440795000000001824e-01 9.440795000000001824e-01 1.018317099999999975e+00
1.442499999999999893e+00 6.432167999999999219e-01 9.473043999999998244e-01 9.473043999999998244e-01 1.018618099999999860e+00
1.447500000000000009e+00 6.510434999999999972e-01 9.508099999999999330e-01 9.508099999999999330e-01 1.018873299999999871e+00
1.452499999999999902e+00 6.612457999999998837e-01 9.539272000000000862e-01 9.539272000000000862e-01 1.019180900000000056e+00
1.457500000000000018e+00 6.708548000000000844e-01 9.574179000000000439e-01 9.574179000000000439e-01 1.019506600000000152e+00
1.462499999999999911e+00 6.864204000000000416e-01 9.606586000000000292e-01 9.606586000000000292e-01 1.019894000000000300e+00
1.467500000000000027e+00 6.962403999999999815e-01 9.642312000000000660e-01 9.642312000000000660e-01 1.020204199999999783e+00
1.472499999999999920e+00 7.146955999999999865e-01 9.673246999999998152e-01 9.673246999999998152e-01 1.020449599999999846e+00
1.477500000000000036e+00 7.295715000000001504e-01 9.707293999999999645e-01 9.707293999999999645e-01 1.020806100000000161e+00
1.482499999999999929e+00 7.447397999999999518e-01 9.742564000000000224e-01 9.742564000000000224e-01 1.021037399999999984e+00
1.487500000000000044e+00 7.635283999999999960e-01 9.773728000000001526e-01 9.773728000000001526e-01 1.021237900000000032e+00
1.492499999999999938e+00 7.776769000000000043e-01 9.805322999999999123e-01 9.805322999999999123e-01 1.021169299999999946e+00
1.497500000000000053e+00 7.914894999999999570e-01 9.835193999999999326e-01 9.835193999999999326e-01 1.021292899999999948e+00
1.502499999999999947e+00 8.056500999999999246e-01 9.864766000000001478e-01 9.864766000000001478e-01 1.021191300000000135e+00
1.507500000000000062e+00 8.171741000000001254e-01 9.897833999999999799e-01 9.897833999999999799e-01 1.020899499999999849e+00
1.512499999999999956e+00 8.265140000000000819e-01 9.932021999999998130e-01 9.932021999999998130e-01 1.020680700000000218e+00
1.517500000000000071e+00 8.349183999999999495e-01 9.964060000000000139e-01 9.964060000000000139e-01 1.020198200000000055e+00
1.522499999999999964e+00 8.425523999999999791e-01 9.989809999999998968e-01 9.989809999999998968e-01 1.019611300000000220e+00
1.527500000000000080e+00 8.468870000000000564e-01 1.002506099999999956e+00 1.002506099999999956e+00 1.018968700000000061e+00
1.532499999999999973e+00 8.532279999999999864e-01 1.005732500000000140e+00 1.005732500000000140e+00 1.018222799999999983e+00
1.537500000000000089e+00 8.538449000000000177e-01 1.009406999999999943e+00 1.009406999999999943e+00 1.017361999999999878e+00
1.542499999999999982e+00 8.547446000000000765e-01 1.012939199999999929e+00 1.012939199999999929e+00 1.016457200000000061e+00
1.547500000000000098e+00 8.561399999999999011e-01 1.016286799999999824e+00 1.016286799999999824e+00 1.015421499999999977e+00
1.552499999999999991e+00 8.522282000000001023e-01 1.020024100000000100e+00 1.020024100000000100e+00 1.014479300000000084e+00
1.557500000000000107e+00 8.482690999999998871e-01 1.023659100000000155e+00 1.023659100000000155e+00 1.013355600000000134e+00
1.562500000000000000e+00 8.473517999999999883e-01 1.027382900000000099e+00 1.027382900000000099e+00 1.012250900000000176e+00
1.567499999999999893e+00 8.447970000000001312e-01 1.031369500000000050e+00 1.031369500000000050e+00 1.011248699999999889e+00
1.572500000000000009e+00 8.405461000000000737e-01 1.035296499999999842e+00 1.035296499999999842e+00 1.010154500000000066e+00
1.577499999999999902e+00 8.361321000000000447e-01 1.039063799999999871e+00 1.039063799999999871e+00 1.009077699999999966e+00
1.582500000000000018e+00 8.333020999999998235e-01 1.043296199999999896e+00 1.043296199999999896e+00 1.008013599999999954e+00
1.587499999999999911e+00 8.273619999999999308e-01 1.047766300000000372e+00 1.047766300000000372e+00 1.006999599999999884e+00
1.592500000000000027e+00 8.240754999999999608e-01 1.052034899999999995e+00 1.052034899999999995e+00 1.006016199999999916e+00
1.597499999999999920e+00 8.241292000000000062e-01 1.056286599999999964e+00 1.056286599999999964e+00 1.005136000000000029e+00
1.602500000000000036e+00 8.206402000000000418e-01 1.060597400000000023e+00 1.060597400000000023e+00 1.004278000000000004e+00
1.607499999999999929e+00 8.203354000000000479e-01 1.065065799999999951e+00 1.065065799999999951e+00 1.003449799999999836e+00
1.612500000000000044e+00 8.185095999999999483e-01 1.069560500000000136e+00 1.069560500000000136e+00 1.002682300000000026e+00
1.617499999999999938e+00 8.176137999999999462e-01 1.074098100000000056e+00 1.074098100000000056e+00 1.001983400000000080e+00
1.622500000000000053e+00 8.169905999999999002e-01 1.079059400000000002e+00 1.079059400000000002e+00 1.001351099999999938e+00
1.627499999999999947e+00 8.180039999999999534e-01 1.083154800000000195e+00 1.083154800000000195e+00 1.000733199999999767e+00
1.632500000000000062e+00 8.164957000000001575e-01 1.088003100000000112e+00 1.088003100000000112e+00 1.000186900000000101e+00
1.637499999999999956e+00 8.185660000000000158e-01 1.092864700000000022e+00 1.092864700000000022e+00 9.996534999999999727e-01
1.642500000000000071e+00 8.210609999999999298e-01 1.097505900000000034e+00 1.097505900000000034e+00 9.991955000000001252e-01
1.647499999999999964e+00 8.211665999999999688e-01 1.102138099999999898e+00 1.102138099999999898e+00 9.989489999999999759e-01
1.652500000000000080e+00 8.250911000000000772e-01 1.106374199999999863e+00 1.106374199999999863e+00 9.984830999999999568e-01
1.657499999999999973e+00 8.262038999999999911e-01 1.109769500000000075e+00 1.109769500000000075e+00 9.982151000000000218e-01
1.662500000000000089e+00 8.280293999999999155e-01 1.113746399999999914e+00 1.113746399999999914e+00 9.980211000000001054e-01
1.667499999999999982e+00 8.286688999999999306e-01 1.116811999999999916e+00 1.116811999999999916e+00 9.977496999999999616e-01
1.672500000000000098e+00 8.346037000000000594e-01 1.118861099999999942e+00 1.118861099999999942e+00 9.974866000000000010e-01
1.677499999999999991e+00 8.376169999999998339e-01 1.120203800000000083e+00 1.120203800000000083e+00 9.973744999999999417e-01
1.682500000000000107e+00 8.409128999999999632e-01 1.120950199999999786e+00 1.120950199999999786e+00 9.971434999999999604e-01
1.687500000000000000e+00 8.458950999999998999e-01 1.120118799999999970e+00 1.120118799999999970e+00 9.969270000000001186e-01
1.692499999999999893e+00 8.515995000000000648e-01 1.117942999999999909e+00 1.117942999999999909e+00 9.967884000000001299e-01
1.697500000000000009e+00 8.565451000000001702e-01 1.114891500000000146e+00 1.114891500000000146e+00 9.966595000000000315e-01
1.702499999999999902e+00 8.612467999999999790e-01 1.110332300000000050e+00 1.110332300000000050e+00 9.964603000000000765e-01
1.707500000000000018e+00 8.679849000000000592e-01 1.105487999999999804e+00 1.105487999999999804e+00 9.964083999999999719e-01
1.712499999999999911e+00 8.750142000000000753e-01 1.099291000000000018e+00 1.099291000000000018e+00 9.962100000000001510e-01
1.717500000000000027e+00 8.812900000000001288e-01 1.092720099999999972e+00 1.092720099999999972e+00 9.960945000000001048e-01
1.722499999999999920e+00 8.893086000000000046e-01 1.085149300000000094e+00 1.085149300000000094e+00 9.958274000000001402e-01
1.727500000000000036e+00 8.933998000000000772e-01 1.077671100000000104e+00 1.077671100000000104e+00 9.956566999999999501e-01
1.732499999999999929e+00 9.031023999999998608e-01 1.069613199999999820e+00 1.069613199999999820e+00 9.954638000000001208e-01
1.737500000000000044e+00 9.113960999999999313e-01 1.061362400000000150e+00 1.061362400000000150e+00 9.951657000000000419e-01
1.742499999999999938e+00 9.200836000000001125e-01 1.054119399999999818e+00 1.054119399999999818e+00 9.949406000000001749e-01
1.747500000000000053e+00 9.297274000000002037e-01 1.046960099999999949e+00 1.046960099999999949e+00 9.947087000000000012e-01
1.752499999999999947e+00 9.384110999999999425e-01 1.040277400000000130e+00 1.040277400000000130e+00 9.944779000000000257e-01
1.757500000000000062e+00 9.496788999999999925e-01 1.033368099999999901e+00 1.033368099999999901e+00 9.941459999999999742e-01
1.762499999999999956e+00 9.589252999999999805e-01 1.027829900000000185e+00 1.027829900000000185e+00 9.938727000000000533e-01
1.767500000000000071e+00 9.706291999999997477e-01 1.022338799999999992e+00 1.022338799999999992e+00 9.936908000000000962e-01
1.772499999999999964e+00 9.805917999999997914e-01 1.017526200000000269e+00 1.017526200000000269e+00 9.933260999999999896e-01
1.777500000000000080e+00 9.927194999999999769e-01 1.013661099999999982e+00 1.013661099999999982e+00 9.931631999999999127e-01
1.782499999999999973e+00 1.004613299999999931e+00 1.010064099999999909e+00 1.010064099999999909e+00 9.927889000000000852e-01
1.787500000000000089e+00 1.019433600000000162e+00 1.007021700000000131e+00 1.007021700000000131e+00 9.925933000000000117e-01
1.792499999999999982e+00 1.028387099999999998e+00 1.004495899999999775e+00 1.004495899999999775e+00 9.923911000000000815e-01
1.797500000000000098e+00 1.040731099999999909e+00 1.002485099999999907e+00 1.002485099999999907e+00 9.921684000000000614e-01
1.802499999999999991e+00 1.049687399999999826e+00 1.000896900000000311e+00 1.000896900000000311e+00 9.919546000000000197e-01
1.807500000000000107e+00 1.058404499999999970e+00 9.999844000000001065e-01 9.999844000000001065e-01 9.917181999999998832e-01
1.812500000000000000e+00 1.064898400000000134e+00 9.989851999999999066e-01 9.989851999999999066e-01 9.915696000000000510e-01
1.817499999999999893e+00 1.068122199999999911e+00 9.984765000000001001e-01 9.984765000000001001e-01 9.913603999999999195e-01
1.822500000000000009e+00 1.071318999999999910e+00 9.983273999999999759e-01 9.983273999999999759e-01 9.912767000000000106e-01
1.827499999999999902e+00 1.068956500000000087e+00 9.987337999999998939e-01 9.987337999999998939e-01 9.911179000000001071e-01
1.832500000000000018e+00 1.070719299999999929e+00 9.990033000000000385e-01 9.990033000000000385e-01 9.910527000000002307e-01
1.837499999999999911e+00 1.067360699999999829e+00 9.994471999999999801e-01 9.994471999999999801e-01 9.909605000000001329e-01
1.842500000000000027e+00 1.064549500000000037e+00 1.000106099999999998e+00 1.000106099999999998e+00 9.909547999999999135e-01
1.847499999999999920e+00 1.057588100000000253e+00 1.000979699999999806e+00 1.000979699999999806e+00 9.909563999999999595e-01
1.852500000000000036e+00 1.053192699999999871e+00 1.001863999999999866e+00 1.001863999999999866e+00 9.909026000000000778e-01
1.857499999999999929e+00 1.048954500000000234e+00 1.002744000000000080e+00 1.002744000000000080e+00 9.908974000000000393e-01
1.862500000000000044e+00 1.042564499999999894e+00 1.003507600000000055e+00 1.003507600000000055e+00 9.909974000000000283e-01
1.867499999999999938e+00 1.038854600000000072e+00 1.004530299999999876e+00 1.004530299999999876e+00 9.910600999999999994e-01
1.872500000000000053e+00 1.037320500000000090e+00 1.005640500000000159e+00 1.005640500000000159e+00 9.911879000000001216e-01
1.877499999999999947e+00 1.035196000000000227e+00 1.006434000000000051e+00 1.006434000000000051e+00 9.912874999999999881e-01
1.882500000000000062e+00 1.033474100000000062e+00 1.007002200000000069e+00 1.007002200000000069e+00 9.914151999999999409e-01
1.887499999999999956e+00 1.039439100000000282e+00 1.007736599999999871e+00 1.007736599999999871e+00 9.915697999999999457e-01
1.892500000000000071e+00 1.042179200000000083e+00 1.008283299999999993e+00 1.008283299999999993e+00 9.916402000000001937e-01
1.897499999999999964e+00 1.051551099999999961e+00 1.007987200000000083e+00 1.007987200000000083e+00 9.917821999999999472e-01
1.902500000000000080e+00 1.057787800000000056e+00 1.008079200000000064e+00 1.008079200000000064e+00 9.920529000000002373e-01
1.907499999999999973e+00 1.068553199999999981e+00 1.007961000000000329e+00 1.007961000000000329e+00 9.921939999999999094e-01
1.912500000000000089e+00 1.078818999999999972e+00 1.007768999999999915e+00 1.007768999999999915e+00 9.924055999999999989e-01
1.917499999999999982e+00 1.090000499999999928e+00 1.006800200000000034e+00 1.006800200000000034e+00 9.925910000000000011e-01
1.922500000000000098e+00 1.101805900000000005e+00 1.005979599999999863e+00 1.005979599999999863e+00 9.928081000000000822e-01
1.927499999999999991e+00 1.114660499999999832e+00 1.004830800000000135e+00 1.004830800000000135e+00 9.930107999999998603e-01
1.932500000000000107e+00 1.125327599999999872e+00 1.003843399999999830e+00 1.003843399999999830e+00 9.931997999999999660e-01
1.937500000000000000e+00 1.139140800000000064e+00 1.002082099999999976e+00 1.002082099999999976e+00 9.934021999999999020e-01
1.942499999999999893e+00 1.149909900000000151e+00 1.000272300000000003e+00 1.000272300000000003e+00 9.935270000000000490e-01
1.947500000000000009e+00 1.157263400000000164e+00 9.985437999999998704e-01 9.985437999999998704e-01 9.938031999999999977e-01
1.952499999999999902e+00 1.164238600000000012e+00 9.967328999999999217e-01 9.967328999999999217e-01 9.940010999999999708e-01
1.957500000000000018e+00 1.171400599999999903e+00 9.946973999999999538e-01 9.946973999999999538e-01 9.941628000000000132e-01
1.962499999999999911e+00 1.179467900000000125e+00 9.923543000000000225e-01 9.923543000000000225e-01 9.943903000000000603e-01
1.967500000000000027e+00 1.183717199999999803e+00 9.904718999999999607e-01 9.904718999999999607e-01 9.945393000000001260e-01
1.972499999999999920e+00 1.187521800000000072e+00 9.882448000000000343e-01 9.882448000000000343e-01 9.947511999999999466e-01
1.977500000000000036e+00 1.189290399999999970e+00 9.862747000000000597e-01 9.862747000000000597e-01 9.949872999999997969e-01
1.982499999999999929e+00 1.192530700000000055e+00 9.841007999999999978e-01 9.841007999999999978e-01 9.951066000000000633e-01
1.987500000000000044e+00 1.194470100000000201e+00 9.822017000000002884e-01 9.822017000000002884e-01 9.953731999999998470e-01
1.992499999999999938e+00 1.194322400000000117e+00 9.806478999999999058e-01 9.806478999999999058e-01 9.955762000000000222e-01
1.997500000000000053e+00 1.198307400000000245e+00 9.787135000000001250e-01 9.787135000000001250e-01 9.957551000000000041e-01
