2.500000000000000052e-03 0.000000000000000000e+00 0.000000000000000000e+00 0.000000000000000000e+00 0.000000000000000000e+00
7.499999999999999722e-03 0.000000000000000000e+00 0.000000000000000000e+00 0.000000000000000000e+00 0.000000000000000000e+00
1.250000000000000069e-02 0.000000000000000000e+00 0.000000000000000000e+00 0.000000000000000000e+00 0.000000000000000000e+00
1.750000000000000167e-02 0.000000000000000000e+00 0.000000000000000000e+00 0.000000000000000000e+00 0.000000000000000000e+00
2.249999999999999917e-02 0.000000000000000000e+00 0.000000000000000000e+00 0.000000000000000000e+00 0.000000000000000000e+00
2.750000000000000014e-02 0.000000000000000000e+00 0.000000000000000000e+00 0.000000000000000000e+00 0.000000000000000000e+00
3.250000000000000111e-02 0.000000000000000000e+00 0.000000000000000000e+00 0.000000000000000000e+00 0.000000000000000000e+00
3.749999999999999861e-02 0.000000000000000000e+00 0.000000000000000000e+00 0.000000000000000000e+00 0.000000000000000000e+00
4.250000000000000305e-02 0.000000000000000000e+00 0.000000000000000000e+00 0.000000000000000000e+00 0.000000000000000000e+00
4.750000000000000056e-02 0.000000000000000000e+00 0.000000000000000000e+00 0.000000000000000000e+00 0.000000000000000000e+00
5.249999999999999806e-02 0.000000000000000000e+00 0.000000000000000000e+00 0.000000000000000000e+00 0.000000000000000000e+00
5.750000000000000250e-02 0.000000000000000000e+00 0.000000000000000000e+00 0.000000000000000000e+00 0.000000000000000000e+00
6.250000000000000000e-02 0.000000000000000000e+00 0.000000000000000000e+00 0.000000000000000000e+00 0.000000000000000000e+00
6.750000000000000444e-02 0.000000000000000000e+00 0.000000000000000000e+00 0.000000000000000000e+00 0.000000000000000000e+00
7.249999999999999500e-02 0.000000000000000000e+00 0.000000000000000000e+00 0.000000000000000000e+00 0.000000000000000000e+00
7.749999999999999944e-02 0.000000000000000000e+00 0.000000000000000000e+00 0.000000000000000000e+00 0.000000000000000000e+00
8.250000000000000389e-02 0.000000000000000000e+00 0.000000000000000000e+00 0.000000000000000000e+00 0.000000000000000000e+00
8.749999999999999445e-02 0.000000000000000000e+00 0.000000000000000000e+00 0.000000000000000000e+00 0.000000000000000000e+00
9.249999999999999889e-02 0.000000000000000000e+00 0.000000000000000000e+00 0.000000000000000000e+00 0.000000000000000000e+00
9.750000000000000333e-02 0.000000000000000000e+00 0.000000000000000000e+00 0.000000000000000000e+00 0.000000000000000000e+00
1.024999999999999939e-01 0.000000000000000000e+00 0.000000000000000000e+00 0.000000000000000000e+00 0.000000000000000000e+00
1.074999999999999983e-01 0.000000000000000000e+00 0.000000000000000000e+00 0.000000000000000000e+00 0.000000000000000000e+00
1.125000000000000028e-01 0.000000000000000000e+00 0.000000000000000000e+00 0.000000000000000000e+00 0.000000000000000000e+00
1.174999999999999933e-01 0.000000000000000000e+00 0.000000000000000000e+00 0.000000000000000000e+00 0.000000000000000000e+00
1.224999999999999978e-01 0.000000000000000000e+00 0.000000000000000000e+00 0.000000000000000000e+00 0.000000000000000000e+00
1.275000000000000022e-01 0.000000000000000000e+00 0.000000000000000000e+00 0.000000000000000000e+00 0.000000000000000000e+00
1.325000000000000067e-01 0.000000000000000000e+00 0.000000000000000000e+00 0.000000000000000000e+00 0.000000000000000000e+00
1.375000000000000111e-01 0.000000000000000000e+00 0.000000000000000000e+00 0.000000000000000000e+00 0.000000000000000000e+00
1.424999999999999878e-01 0.000000000000000000e+00 0.000000000000000000e+00 0.000000000000000000e+00 0.000000000000000000e+00
1.474999999999999922e-01 0.000000000000000000e+00 0.000000000000000000e+00 0.000000000000000000e+00 0.000000000000000000e+00
1.524999999999999967e-01 0.000000000000000000e+00 0.000000000000000000e+00 0.000000000000000000e+00 0.000000000000000000e+00
1.575000000000000011e-01 0.000000000000000000e+00 0.000000000000000000e+00 0.000000000000000000e+00 0.000000000000000000e+00
1.625000000000000056e-01 0.000000000000000000e+00 0.000000000000000000e+00 0.000000000000000000e+00 0.000000000000000000e+00
1.675000000000000100e-01 0.000000000000000000e+00 0.000000000000000000e+00 0.000000000000000000e+00 0.000000000000000000e+00
1.724999999999999867e-01 0.000000000000000000e+00 0.000000000000000000e+00 0.000000000000000000e+00 0.000000000000000000e+00
1.774999999999999911e-01 0.000000000000000000e+00 0.000000000000000000e+00 0.000000000000000000e+00 0.000000000000000000e+00
1.824999999999999956e-01 0.000000000000000000e+00 0.000000000000000000e+00 0.000000000000000000e+00 0.000000000000000000e+00
1.875000000000000000e-01 0.000000000000000000e+00 0.000000000000000000e+00 0.000000000000000000e+00 0.000000000000000000e+00
1.925000000000000044e-01 0.000000000000000000e+00 0.000000000000000000e+00 0.000000000000000000e+00 0.000000000000000000e+00
1.975000000000000089e-01 0.000000000000000000e+00 0.000000000000000000e+00 0.000000000000000000e+00 5.240000000000000652e-05
2.025000000000000133e-01 0.000000000000000000e+00 0.000000000000000000e+00 0.000000000000000000e+00 8.286699999999999275e-03
2.074999999999999900e-01 0.000000000000000000e+00 0.000000000000000000e+00 0.000000000000000000e+00 1.978586999999999985e-01
2.124999999999999944e-01 0.000000000000000000e+00 0.000000000000000000e+00 0.000000000000000000e+00 1.265843799999999852e+00
2.174999999999999989e-01 0.000000000000000000e+00 0.000000000000000000e+00 0.000000000000000000e+00 3.248251599999999684e+00
2.225000000000000033e-01 0.000000000000000000e+00 0.000000000000000000e+00 0.000000000000000000e+00 4.456928699999999743e+00
2.275000000000000078e-01 0.000000000000000000e+00 0.000000000000000000e+00 0.000000000000000000e+00 4.312869000000000952e+00
2.325000000000000122e-01 0.000000000000000000e+00 0.000000000000000000e+00 0.000000000000000000e+00 3.989342900000000469e+00
2.374999999999999889e-01 0.000000000000000000e+00 0.000000000000000000e+00 0.000000000000000000e+00 3.696131599999999739e+00
2.424999999999999933e-01 0.000000000000000000e+00 0.000000000000000000e+00 0.000000000000000000e+00 3.433009900000000503e+00
2.474999999999999978e-01 0.000000000000000000e+00 0.000000000000000000e+00 0.000000000000000000e+00 3.196431000000000466e+00
2.525000000000000022e-01 0.000000000000000000e+00 0.000000000000000000e+00 0.000000000000000000e+00 2.982852599999999743e+00
2.575000000000000067e-01 0.000000000000000000e+00 0.000000000000000000e+00 0.000000000000000000e+00 2.789441000000000059e+00
2.625000000000000111e-01 0.000000000000000000e+00 0.000000000000000000e+00 0.000000000000000000e+00 2.614827500000000526e+00
2.675000000000000155e-01 0.000000000000000000e+00 0.000000000000000000e+00 0.000000000000000000e+00 2.458217299999999828e+00
2.725000000000000200e-01 0.000000000000000000e+00 0.000000000000000000e+00 0.000000000000000000e+00 2.315845500000000445e+00
2.775000000000000244e-01 0.000000000000000000e+00 0.000000000000000000e+00 0.000000000000000000e+00 2.186695999999999973e+00
2.824999999999999734e-01 0.000000000000000000e+00 0.000000000000000000e+00 0.000000000000000000e+00 2.071941499999999881e+00
2.874999999999999778e-01 0.000000000000000000e+00 0.000000000000000000e+00 0.000000000000000000e+00 1.966375999999999902e+00
2.924999999999999822e-01 0.000000000000000000e+00 0.000000000000000000e+00 0.000000000000000000e+00 1.872159200000000023e+00
2.974999999999999867e-01 0.000000000000000000e+00 0.000000000000000000e+00 0.000000000000000000e+00 1.787884099999999865e+00
3.024999999999999911e-01 0.000000000000000000e+00 0.000000000000000000e+00 0.000000000000000000e+00 1.710834999999999884e+00
3.074999999999999956e-01 0.000000000000000000e+00 0.000000000000000000e+00 0.000000000000000000e+00 1.642338899999999935e+00
3.125000000000000000e-01 0.000000000000000000e+00 0.000000000000000000e+00 0.000000000000000000e+00 1.581661399999999995e+00
3.175000000000000044e-01 0.000000000000000000e+00 0.000000000000000000e+00 0.000000000000000000e+00 1.526448999999999945e+00
3.225000000000000089e-01 0.000000000000000000e+00 0.000000000000000000e+00 0.000000000000000000e+00 1.478220899999999949e+00
3.275000000000000133e-01 0.000000000000000000e+00 0.000000000000000000e+00 0.000000000000000000e+00 1.435355500000000006e+00
3.325000000000000178e-01 0.000000000000000000e+00 0.000000000000000000e+00 0.000000000000000000e+00 1.398150299999999957e+00
3.375000000000000222e-01 0.000000000000000000e+00 0.000000000000000000e+00 0.000000000000000000e+00 1.365509300000000037e+00
3.425000000000000266e-01 0.000000000000000000e+00 0.000000000000000000e+00 0.000000000000000000e+00 1.338203800000000054e+00
3.474999999999999756e-01 0.000000000000000000e+00 0.000000000000000000e+00 0.000000000000000000e+00 1.315117599999999998e+00
3.524999999999999800e-01 0.000000000000000000e+00 0.000000000000000000e+00 0.000000000000000000e+00 1.296351700000000218e+00
3.574999999999999845e-01 0.000000000000000000e+00 0.000000000000000000e+00 0.000000000000000000e+00 1.281451799999999919e+00
3.624999999999999889e-01 0.000000000000000000e+00 0.000000000000000000e+00 0.000000000000000000e+00 1.271031499999999870e+00
3.674999999999999933e-01 0.000000000000000000e+00 0.000000000000000000e+00 0.000000000000000000e+00 1.263960399999999984e+00
3.724999999999999978e-01 0.000000000000000000e+00 0.000000000000000000e+00 0.000000000000000000e+00 1.260568399999999922e+00
3.775000000000000022e-01 0.000000000000000000e+00 0.000000000000000000e+00 0.000000000000000000e+00 1.260679700000000070e+00
3.825000000000000067e-01 0.000000000000000000e+00 0.000000000000000000e+00 0.000000000000000000e+00 1.264138399999999995e+00
3.875000000000000111e-01 0.000000000000000000e+00 0.000000000000000000e+00 0.000000000000000000e+00 1.270941099999999935e+00
3.925000000000000155e-01 0.000000000000000000e+00 0.000000000000000000e+00 0.000000000000000000e+00 1.280696199999999951e+00
3.975000000000000200e-01 0.000000000000000000e+00 0.000000000000000000e+00 0.000000000000000000e+00 1.292335399999999801e+00
4.025000000000000244e-01 0.000000000000000000e+00 0.000000000000000000e+00 0.000000000000000000e+00 1.307060699999999853e+00
4.074999999999999734e-01 0.000000000000000000e+00 0.000000000000000000e+00 0.000000000000000000e+00 1.323564700000000149e+00
4.124999999999999778e-01 0.000000000000000000e+00 0.000000000000000000e+00 0.000000000000000000e+00 1.342170599999999769e+00
4.174999999999999822e-01 0.000000000000000000e+00 0.000000000000000000e+00 0.000000000000000000e+00 1.362650900000000220e+00
4.224999999999999867e-01 0.000000000000000000e+00 0.000000000000000000e+00 0.000000000000000000e+00 1.384651199999999971e+00
4.274999999999999911e-01 0.000000000000000000e+00 0.000000000000000000e+00 0.000000000000000000e+00 1.407655099999999937e+00
4.324999999999999956e-01 0.000000000000000000e+00 0.000000000000000000e+00 0.000000000000000000e+00 1.429351699999999781e+00
4.375000000000000000e-01 0.000000000000000000e+00 0.000000000000000000e+00 0.000000000000000000e+00 1.446986399999999895e+00
4.425000000000000044e-01 0.000000000000000000e+00 0.000000000000000000e+00 0.000000000000000000e+00 1.458615699999999960e+00
4.475000000000000089e-01 0.000000000000000000e+00 0.000000000000000000e+00 0.000000000000000000e+00 1.463730399999999987e+00
4.525000000000000133e-01 0.000000000000000000e+00 0.000000000000000000e+00 0.000000000000000000e+00 1.463801200000000025e+00
4.575000000000000178e-01 0.000000000000000000e+00 0.000000000000000000e+00 0.000000000000000000e+00 1.459630600000000111e+00
4.625000000000000222e-01 0.000000000000000000e+00 0.000000000000000000e+00 0.000000000000000000e+00 1.451546000000000003e+00
4.675000000000000266e-01 0.000000000000000000e+00 0.000000000000000000e+00 0.000000000000000000e+00 1.440634200000000087e+00
4.724999999999999756e-01 0.000000000000000000e+00 0.000000000000000000e+00 0.000000000000000000e+00 1.427321999999999758e+00
4.774999999999999800e-01 0.000000000000000000e+00 0.000000000000000000e+00 0.000000000000000000e+00 1.412497899999999973e+00
4.824999999999999845e-01 0.000000000000000000e+00 0.000000000000000000e+00 0.000000000000000000e+00 1.396689699999999812e+00
4.874999999999999889e-01 0.000000000000000000e+00 0.000000000000000000e+00 0.000000000000000000e+00 1.379486300000000165e+00
4.924999999999999933e-01 0.000000000000000000e+00 0.000000000000000000e+00 0.000000000000000000e+00 1.361914799999999870e+00
4.974999999999999978e-01 0.000000000000000000e+00 0.000000000000000000e+00 0.000000000000000000e+00 1.343903899999999929e+00
5.024999999999999467e-01 0.000000000000000000e+00 0.000000000000000000e+00 0.000000000000000000e+00 1.326142500000000002e+00
5.074999999999999512e-01 0.000000000000000000e+00 0.000000000000000000e+00 0.000000000000000000e+00 1.308805400000000008e+00
5.124999999999999556e-01 0.000000000000000000e+00 0.000000000000000000e+00 0.000000000000000000e+00 1.291090199999999966e+00
5.174999999999999600e-01 0.000000000000000000e+00 0.000000000000000000e+00 0.000000000000000000e+00 1.274575899999999873e+00
5.224999999999999645e-01 0.000000000000000000e+00 0.000000000000000000e+00 0.000000000000000000e+00 1.258375300000000196e+00
5.274999999999999689e-01 0.000000000000000000e+00 0.000000000000000000e+00 0.000000000000000000e+00 1.242782800000000076e+00
5.324999999999999734e-01 0.000000000000000000e+00 0.000000000000000000e+00 0.000000000000000000e+00 1.228268799999999938e+00
5.374999999999999778e-01 0.000000000000000000e+00 0.000000000000000000e+00 0.000000000000000000e+00 1.214181100000000013e+00
5.424999999999999822e-01 0.000000000000000000e+00 0.000000000000000000e+00 0.000000000000000000e+00 1.201147999999999882e+00
5.474999999999999867e-01 0.000000000000000000e+00 0.000000000000000000e+00 0.000000000000000000e+00 1.188810899999999782e+00
5.524999999999999911e-01 0.000000000000000000e+00 0.000000000000000000e+00 0.000000000000000000e+00 1.177630799999999978e+00
5.574999999999999956e-01 0.000000000000000000e+00 0.000000000000000000e+00 0.000000000000000000e+00 1.167260199999999859e+00
5.625000000000000000e-01 0.000000000000000000e+00 0.000000000000000000e+00 0.000000000000000000e+00 1.157934099999999855e+00
5.675000000000000044e-01 0.000000000000000000e+00 0.000000000000000000e+00 0.000000000000000000e+00 1.149267399999999828e+00
5.725000000000000089e-01 0.000000000000000000e+00 0.000000000000000000e+00 0.000000000000000000e+00 1.141633499999999746e+00
5.775000000000000133e-01 0.000000000000000000e+00 0.000000000000000000e+00 0.000000000000000000e+00 1.134733999999999909e+00
5.825000000000000178e-01 0.000000000000000000e+00 5.999999999999999728e-07 5.999999999999999728e-07 1.128530599999999939e+00
5.875000000000000222e-01 0.000000000000000000e+00 4.000000000000000666e-06 4.000000000000000666e-06 1.123207600000000195e+00
5.925000000000000266e-01 0.000000000000000000e+00 5.120000000000001124e-05 5.120000000000001124e-05 1.118660899999999847e+00
5.975000000000000311e-01 0.000000000000000000e+00 4.260000000000000006e-04 4.260000000000000006e-04 1.114839399999999925e+00
6.025000000000000355e-01 0.000000000000000000e+00 2.575000000000000032e-03 2.575000000000000032e-03 1.111257200000000056e+00
6.075000000000000400e-01 0.000000000000000000e+00 1.217969999999999990e-02 1.217969999999999990e-02 1.108454900000000132e+00
6.125000000000000444e-01 0.000000000000000000e+00 4.423410000000000536e-02 4.423410000000000536e-02 1.106093600000000121e+00
6.175000000000000488e-01 0.000000000000000000e+00 1.289504999999999957e-01 1.289504999999999957e-01 1.104021099999999977e+00
6.225000000000000533e-01 0.000000000000000000e+00 3.115111000000000407e-01 3.115111000000000407e-01 1.101933800000000074e+00
6.274999999999999467e-01 0.000000000000000000e+00 6.381639999999999535e-01 6.381639999999999535e-01 1.100303900000000334e+00
6.324999999999999512e-01 0.000000000000000000e+00 1.127191199999999727e+00 1.127191199999999727e+00 1.098781900000000089e+00
6.374999999999999556e-01 0.000000000000000000e+00 1.756164399999999848e+00 1.756164399999999848e+00 1.097336899999999948e+00
6.424999999999999600e-01 0.000000000000000000e+00 2.452456199999999864e+00 2.452456199999999864e+00 1.095671899999999921e+00
6.474999999999999645e-01 0.000000000000000000e+00 3.109969600000000334e+00 3.109969600000000334e+00 1.094038700000000031e+00
6.524999999999999689e-01 0.000000000000000000e+00 3.630515200000000053e+00 3.630515200000000053e+00 1.092123900000000258e+00
6.574999999999999734e-01 0.000000000000000000e+00 3.947896999999999768e+00 3.947896999999999768e+00 1.089962199999999992e+00
6.624999999999999778e-01 0.000000000000000000e+00 4.035337300000000127e+00 4.035337300000000127e+00 1.087504400000000038e+00
6.674999999999999822e-01 0.000000000000000000e+00 3.915121599999999980e+00 3.915121599999999980e+00 1.084745499999999918e+00
6.724999999999999867e-01 0.000000000000000000e+00 3.632627400000000506e+00 3.632627400000000506e+00 1.081658800000000031e+00
6.774999999999999911e-01 0.000000000000000000e+00 3.286066400000000165e+00 3.286066400000000165e+00 1.078238000000000030e+00
6.824999999999999956e-01 0.000000000000000000e+00 2.974604900000000551e+00 2.974604900000000551e+00 1.074770100000000062e+00
6.875000000000000000e-01 0.000000000000000000e+00 2.703343400000000063e+00 2.703343400000000063e+00 1.070566600000000035e+00
6.925000000000000044e-01 0.000000000000000000e+00 2.462071700000000085e+00 2.462071700000000085e+00 1.066592100000000043e+00
6.975000000000000089e-01 0.000000000000000000e+00 2.251745600000000014e+00 2.251745600000000014e+00 1.062199199999999788e+00
7.025000000000000133e-01 0.000000000000000000e+00 2.066553199999999979e+00 2.066553199999999979e+00 1.058057899999999885e+00
7.075000000000000178e-01 0.000000000000000000e+00 1.902176800000000112e+00 1.902176800000000112e+00 1.053444700000000234e+00
7.125000000000000222e-01 0.000000000000000000e+00 1.759123899999999852e+00 1.759123899999999852e+00 1.048860499999999973e+00
7.175000000000000266e-01 0.000000000000000000e+00 1.632305299999999848e+00 1.632305299999999848e+00 1.044341900000000045e+00
7.225000000000000311e-01 0.000000000000000000e+00 1.520667999999999909e+00 1.520667999999999909e+00 1.039644099999999849e+00
7.275000000000000355e-01 0.000000000000000000e+00 1.422562399999999894e+00 1.422562399999999894e+00 1.035080500000000070e+00
7.325000000000000400e-01 0.000000000000000000e+00 1.337067000000000228e+00 1.337067000000000228e+00 1.030566599999999777e+00
7.375000000000000444e-01 0.000000000000000000e+00 1.261162200000000011e+00 1.261162200000000011e+00 1.026245599999999980e+00
7.425000000000000488e-01 0.000000000000000000e+00 1.195200000000000262e+00 1.195200000000000262e+00 1.021790100000000256e+00
7.475000000000000533e-01 0.000000000000000000e+00 1.138628200000000090e+00 1.138628200000000090e+00 1.017768200000000123e+00
7.524999999999999467e-01 0.000000000000000000e+00 1.089464999999999906e+00 1.089464999999999906e+00 1.013809500000000030e+00
7.574999999999999512e-01 0.000000000000000000e+00 1.046802899999999870e+00 1.046802899999999870e+00 1.009678999999999993e+00
7.624999999999999556e-01 0.000000000000000000e+00 1.011175099999999993e+00 1.011175099999999993e+00 1.006132999999999944e+00
7.674999999999999600e-01 0.000000000000000000e+00 9.820893999999998902e-01 9.820893999999998902e-01 1.002660499999999955e+00
7.724999999999999645e-01 0.000000000000000000e+00 9.580235999999999752e-01 9.580235999999999752e-01 9.994551999999998770e-01
7.774999999999999689e-01 0.000000000000000000e+00 9.397148000000001833e-01 9.397148000000001833e-01 9.962200000000001054e-01
7.824999999999999734e-01 0.000000000000000000e+00 9.265586000000001210e-01 9.265586000000001210e-01 9.933422999999999004e-01
7.874999999999999778e-01 0.000000000000000000e+00 9.184441999999999329e-01 9.184441999999999329e-01 9.905719999999996750e-01
7.924999999999999822e-01 0.000000000000000000e+00 9.140692999999998625e-01 9.140692999999998625e-01 9.878883999999998888e-01
7.974999999999999867e-01 0.000000000000000000e+00 9.156964000000000770e-01 9.156964000000000770e-01 9.856850999999998697e-01
8.024999999999999911e-01 0.000000000000000000e+00 9.214965999999999990e-01 9.214965999999999990e-01 9.834573999999998151e-01
8.074999999999999956e-01 0.000000000000000000e+00 9.327750000000000208e-01 9.327750000000000208e-01 9.814835000000000642e-01
8.125000000000000000e-01 0.000000000000000000e+00 9.483403999999999723e-01 9.483403999999999723e-01 9.794423999999999353e-01
8.175000000000000044e-01 0.000000000000000000e+00 9.686215999999999715e-01 9.686215999999999715e-01 9.777470000000001438e-01
8.225000000000000089e-01 0.000000000000000000e+00 9.935294999999999543e-01 9.935294999999999543e-01 9.758833000000001201e-01
8.275000000000000133e-01 0.000000000000000000e+00 1.023203899999999944e+00 1.023203899999999944e+00 9.744514999999998039e-01
8.325000000000000178e-01 0.000000000000000000e+00 1.057097300000000129e+00 1.057097300000000129e+00 9.730657999999999808e-01
8.375000000000000222e-01 0.000000000000000000e+00 1.094399100000000180e+00 1.094399100000000180e+00 9.718232999999999455e-01
8.425000000000000266e-01 0.000000000000000000e+00 1.132817999999999881e+00 1.132817999999999881e+00 9.703926000000000496e-01
8.475000000000000311e-01 0.000000000000000000e+00 1.173026600000000030e+00 1.173026600000000030e+00 9.690777000000000418e-01
8.525000000000000355e-01 0.000000000000000000e+00 1.212408800000000175e+00 1.212408800000000175e+00 9.680062999999998752e-01
8.575000000000000400e-01 0.000000000000000000e+00 1.248383999999999938e+00 1.248383999999999938e+00 9.668633999999999284e-01
8.625000000000000444e-01 0.000000000000000000e+00 1.280742999999999965e+00 1.280742999999999965e+00 9.657651999999998793e-01
8.675000000000000488e-01 0.000000000000000000e+00 1.306352900000000261e+00 1.306352900000000261e+00 9.647136999999998963e-01
8.725000000000000533e-01 0.000000000000000000e+00 1.324309699999999923e+00 1.324309699999999923e+00 9.636413000000001450e-01
8.774999999999999467e-01 0.000000000000000000e+00 1.334014099999999647e+00 1.334014099999999647e+00 9.626910000000000744e-01
8.824999999999999512e-01 0.000000000000000000e+00 1.335903599999999969e+00 1.335903599999999969e+00 9.617278999999999689e-01
8.874999999999999556e-01 0.000000000000000000e+00 1.330659100000000095e+00 1.330659100000000095e+00 9.607887000000001620e-01
8.924999999999999600e-01 0.000000000000000000e+00 1.319619099999999934e+00 1.319619099999999934e+00 9.598577000000000359e-01
8.974999999999999645e-01 0.000000000000000000e+00 1.304439400000000138e+00 1.304439400000000138e+00 9.591431000000000262e-01
9.024999999999999689e-01 0.000000000000000000e+00 1.284958999999999962e+00 1.284958999999999962e+00 9.581680999999999671e-01
9.074999999999999734e-01 0.000000000000000000e+00 1.263556299999999855e+00 1.263556299999999855e+00 9.573698999999999959e-01
9.124999999999999778e-01 0.000000000000000000e+00 1.239747700000000119e+00 1.239747700000000119e+00 9.567377999999999716e-01
9.174999999999999822e-01 0.000000000000000000e+00 1.215607300000000057e+00 1.215607300000000057e+00 9.560235999999999734e-01
9.224999999999999867e-01 0.000000000000000000e+00 1.191667999999999950e+00 1.191667999999999950e+00 9.552672999999998193e-01
9.274999999999999911e-01 0.000000000000000000e+00 1.166703599999999952e+00 1.166703599999999952e+00 9.547139000000001152e-01
9.324999999999999956e-01 0.000000000000000000e+00 1.142643499999999701e+00 1.142643499999999701e+00 9.541915000000000813e-01
9.375000000000000000e-01 0.000000000000000000e+00 1.118559700000000046e+00 1.118559700000000046e+00 9.536232999999999516e-01
9.425000000000000044e-01 0.000000000000000000e+00 1.096798900000000021e+00 1.096798900000000021e+00 9.531622999999997958e-01
9.475000000000000089e-01 0.000000000000000000e+00 1.075299500000000297e+00 1.075299500000000297e+00 9.527431999999999013e-01
9.525000000000000133e-01 0.000000000000000000e+00 1.055397700000000105e+00 1.055397700000000105e+00 9.524288999999999117e-01
9.575000000000000178e-01 0.000000000000000000e+00 1.036913900000000055e+00 1.036913900000000055e+00 9.519965000000001343e-01
9.625000000000000222e-01 3.960000000000000033e-05 1.019110799999999761e+00 1.019110799999999761e+00 9.518109999999999626e-01
9.675000000000000266e-01 2.057999999999999879e-04 1.002975100000000008e+00 1.002975100000000008e+00 9.516085000000000793e-01
9.725000000000000311e-01 8.449999999999999395e-04 9.886511999999999523e-01 9.886511999999999523e-01 9.514962000000000142e-01
9.775000000000000355e-01 3.273299999999999821e-03 9.758637999999999479e-01 9.758637999999999479e-01 9.513458999999999666e-01
9.825000000000000400e-01 1.121909999999999921e-02 9.636978999999998852e-01 9.636978999999998852e-01 9.513698000000001542e-01
9.875000000000000444e-01 3.292599999999999694e-02 9.541055000000001618e-01 9.541055000000001618e-01 9.513564999999999383e-01
9.925000000000000488e-01 8.146479999999997612e-02 9.448361999999999039e-01 9.448361999999999039e-01 9.513939000000000146e-01
9.975000000000000533e-01 1.869041000000000730e-01 9.370461999999999403e-01 9.370461999999999403e-01 9.515145999999999882e-01
1.002499999999999947e+00 3.809463000000000155e-01 9.314730000000001064e-01 9.314730000000001064e-01 9.516415000000000290e-01
1.007500000000000062e+00 7.097179999999999600e-01 9.263581999999999095e-01 9.263581999999999095e-01 9.520948000000000189e-01
1.012499999999999956e+00 1.198541499999999926e+00 9.226295999999999387e-01 9.226295999999999387e-01 9.523890999999998774e-01
1.017500000000000071e+00 1.873057899999999831e+00 9.204469999999999041e-01 9.204469999999999041e-01 9.527183000000001289e-01
1.022499999999999964e+00 2.713267600000000002e+00 9.190808000000000311e-01 9.190808000000000311e-01 9.530286000000000035e-01
1.027500000000000080e+00 3.672260599999999986e+00 9.192263000000000517e-01 9.192263000000000517e-01 9.535250000000001780e-01
1.032499999999999973e+00 4.676897099999999696e+00 9.195363999999999205e-01 9.195363999999999205e-01 9.541297999999999169e-01
1.037500000000000089e+00 5.623393400000000319e+00 9.208534999999999915e-01 9.208534999999999915e-01 9.548102000000000533e-01
1.042499999999999982e+00 6.424665700000001145e+00 9.225927000000000433e-01 9.225927000000000433e-01 9.553160000000000540e-01
1.047500000000000098e+00 7.025991600000000226e+00 9.256037999999999766e-01 9.256037999999999766e-01 9.561324000000001044e-01
1.052499999999999991e+00 7.364771100000000459e+00 9.280112000000000361e-01 9.280112000000000361e-01 9.568510999999999544e-01
1.057500000000000107e+00 7.422882300000000377e+00 9.303660999999999737e-01 9.303660999999999737e-01 9.576099999999998502e-01
1.062500000000000000e+00 7.254739299999999780e+00 9.337102999999998820e-01 9.337102999999998820e-01 9.585673000000000110e-01
1.067499999999999893e+00 6.888480300000000334e+00 9.367874000000000478e-01 9.367874000000000478e-01 9.594445999999999808e-01
1.072500000000000009e+00 6.361900699999999631e+00 9.398302999999998963e-01 9.398302999999998963e-01 9.604188999999999643e-01
1.077499999999999902e+00 5.759045799999999993e+00 9.414426000000000183e-01 9.414426000000000183e-01 9.614986999999999284e-01
1.082500000000000018e+00 5.082900700000000604e+00 9.430882999999999905e-01 9.430882999999999905e-01 9.626607999999998722e-01
1.087499999999999911e+00 4.427584799999999987e+00 9.444092000000001708e-01 9.444092000000001708e-01 9.638430000000001163e-01
1.092500000000000027e+00 3.795868899999999435e+00 9.449241000000000446e-01 9.449241000000000446e-01 9.650888999999999163e-01
1.097499999999999920e+00 3.216617399999999627e+00 9.451140000000000096e-01 9.451140000000000096e-01 9.663492000000001303e-01
1.102500000000000036e+00 2.691962300000000141e+00 9.440165999999999835e-01 9.440165999999999835e-01 9.675084000000001572e-01
1.107499999999999929e+00 2.237596700000000105e+00 9.424023999999999734e-01 9.424023999999999734e-01 9.689200000000000035e-01
1.112500000000000044e+00 1.846442700000000103e+00 9.404502999999998503e-01 9.404502999999998503e-01 9.703437999999999786e-01
1.117499999999999938e+00 1.518126499999999934e+00 9.377134000000001413e-01 9.377134000000001413e-01 9.718714999999999993e-01
1.122500000000000053e+00 1.250917100000000115e+00 9.349124000000001988e-01 9.349124000000001988e-01 9.734067999999999055e-01
1.127499999999999947e+00 1.027686299999999830e+00 9.311073000000000821e-01 9.311073000000000821e-01 9.749741999999999020e-01
1.132500000000000062e+00 8.595369999999998845e-01 9.275894000000001194e-01 9.275894000000001194e-01 9.765036999999999745e-01
1.137499999999999956e+00 7.269094999999999862e-01 9.236579999999999790e-01 9.236579999999999790e-01 9.782102999999999771e-01
1.142500000000000071e+00 6.229255000000000209e-01 9.194486000000001713e-01 9.194486000000001713e-01 9.799134000000000455e-01
1.147499999999999964e+00 5.432759999999999811e-01 9.154649000000001369e-01 9.154649000000001369e-01 9.816483999999998655e-01
1.152500000000000080e+00 4.805854999999999988e-01 9.111065999999998777e-01 9.111065999999998777e-01 9.833823999999999899e-01
1.157499999999999973e+00 4.314929000000000126e-01 9.070063999999999904e-01 9.070063999999999904e-01 9.851572000000000662e-01
1.162500000000000089e+00 3.891308999999999463e-01 9.028954999999999620e-01 9.028954999999999620e-01 9.871147000000000116e-01
1.167499999999999982e+00 3.586616000000000248e-01 8.989291999999998728e-01 8.989291999999998728e-01 9.890670000000000295e-01
1.172500000000000098e+00 3.356618000000000657e-01 8.955069999999999419e-01 8.955069999999999419e-01 9.911011000000000681e-01
1.177499999999999991e+00 3.196460999999999886e-01 8.919093999999999633e-01 8.919093999999999633e-01 9.931784999999999641e-01
1.182500000000000107e+00 3.045489000000000113e-01 8.887819999999999609e-01 8.887819999999999609e-01 9.950005999999997908e-01
1.187500000000000000e+00 2.979525999999999564e-01 8.857519000000000364e-01 8.857519000000000364e-01 9.972893000000000452e-01
1.192499999999999893e+00 2.946172000000000235e-01 8.839078999999999686e-01 8.839078999999999686e-01 9.993140000000000356e-01
1.197500000000000009e+00 2.947376999999999914e-01 8.815752000000000033e-01 8.815752000000000033e-01 1.001471400000000012e+00
1.202499999999999902e+00 2.974453000000000236e-01 8.793723999999999430e-01 8.793723999999999430e-01 1.003645999999999816e+00
1.207500000000000018e+00 3.048799000000000925e-01 8.784900999999999405e-01 8.784900999999999405e-01 1.005949800000000227e+00
1.212499999999999911e+00 3.178090000000000082e-01 8.774129999999999985e-01 8.774129999999999985e-01 1.008295500000000011e+00
1.217500000000000027e+00 3.336350999999999623e-01 8.767986999999999309e-01 8.767986999999999309e-01 1.010619300000000109e+00
1.222499999999999920e+00 3.538847000000000520e-01 8.765850000000000586e-01 8.765850000000000586e-01 1.012943799999999950e+00
1.227500000000000036e+00 3.771186999999999734e-01 8.764962000000000586e-01 8.764962000000000586e-01 1.015302700000000113e+00
1.232499999999999929e+00 4.097761000000000320e-01 8.775408000000000097e-01 8.775408000000000097e-01 1.017852100000000037e+00
1.237500000000000044e+00 4.452938999999999647e-01 8.780428999999999595e-01 8.780428999999999595e-01 1.020343800000000023e+00
1.242499999999999938e+00 4.896459999999999146e-01 8.790736999999999579e-01 8.790736999999999579e-01 1.022796899999999898e+00
1.247500000000000053e+00 5.425427000000000444e-01 8.810242000000000351e-01 8.810242000000000351e-01 1.025486899999999979e+00
1.252499999999999947e+00 6.013770000000000504e-01 8.825708999999999360e-01 8.825708999999999360e-01 1.027987899999999843e+00
1.257500000000000062e+00 6.681570999999999483e-01 8.848036000000000234e-01 8.848036000000000234e-01 1.030572800000000289e+00
1.262499999999999956e+00 7.426705000000001222e-01 8.869000000000000217e-01 8.869000000000000217e-01 1.033166500000000099e+00
1.267500000000000071e+00 8.235623000000000804e-01 8.892974999999999630e-01 8.892974999999999630e-01 1.035656499999999980e+00
1.272499999999999964e+00 9.053471999999999076e-01 8.923259000000001162e-01 8.923259000000001162e-01 1.038060100000000041e+00
1.277500000000000080e+00 9.891440999999998596e-01 8.940527000000001445e-01 8.940527000000001445e-01 1.040376200000000084e+00
1.282499999999999973e+00 1.067719299999999816e+00 8.971049000000000939e-01 8.971049000000000939e-01 1.042226000000000097e+00
1.287500000000000089e+00 1.130113099999999982e+00 8.995581000000001382e-01 8.995581000000001382e-01 1.043793000000000193e+00
1.292499999999999982e+00 1.188937599999999817e+00 9.018429999999998392e-01 9.018429999999998392e-01 1.045144699999999816e+00
1.297500000000000098e+00 1.223143900000000173e+00 9.044133999999999229e-01 9.044133999999999229e-01 1.045833299999999966e+00
1.302499999999999991e+00 1.244210200000000155e+00 9.067654000000000547e-01 9.067654000000000547e-01 1.046092800000000045e+00
1.307500000000000107e+00 1.247933500000000029e+00 9.092481999999998399e-01 9.092481999999998399e-01 1.045942600000000056e+00
1.312500000000000000e+00 1.236723400000000250e+00 9.105828999999999729e-01 9.105828999999999729e-01 1.045163700000000251e+00
1.317499999999999893e+00 1.216167899999999857e+00 9.121247000000002325e-01 9.121247000000002325e-01 1.044046099999999866e+00
1.322500000000000009e+00 1.182594200000000040e+00 9.134284000000001402e-01 9.134284000000001402e-01 1.042595599999999845e+00
1.327499999999999902e+00 1.144619900000000134e+00 9.142930000000000224e-01 9.142930000000000224e-01 1.040899700000000205e+00
1.332500000000000018e+00 1.100486800000000098e+00 9.155149000000000203e-01 9.155149000000000203e-01 1.038953999999999933e+00
1.337499999999999911e+00 1.058398299999999903e+00 9.162104999999998167e-01 9.162104999999998167e-01 1.036893500000000135e+00
1.342500000000000027e+00 1.011685399999999957e+00 9.169988999999999502e-01 9.169988999999999502e-01 1.034836099999999925e+00
1.347499999999999920e+00 9.675884999999999625e-01 9.174799999999999622e-01 9.174799999999999622e-01 1.032828099999999916e+00
1.352500000000000036e+00 9.242983999999999645e-01 9.178321000000000396e-01 9.178321000000000396e-01 1.030867100000000036e+00
1.357499999999999929e+00 8.861318000000000250e-01 9.185269000000000350e-01 9.185269000000000350e-01 1.029035700000000109e+00
1.362500000000000044e+00 8.438558999999999921e-01 9.185476000000001306e-01 9.185476000000001306e-01 1.027298699999999787e+00
1.367499999999999938e+00 8.124779999999999225e-01 9.194960999999997053e-01 9.194960999999997053e-01 1.025529800000000158e+00
1.372500000000000053e+00 7.787749999999999950e-01 9.199651000000000911e-01 9.199651000000000911e-01 1.024077699999999869e+00
1.377499999999999947e+00 7.499974000000000363e-01 9.204190000000000982e-01 9.204190000000000982e-01 1.022687799999999925e+00
1.382500000000000062e+00 7.271723000000001047e-01 9.218941999999999970e-01 9.218941999999999970e-01 1.021416500000000172e+00
1.387499999999999956e+00 7.033188000000000217e-01 9.222767000000000603e-01 9.222767000000000603e-01 1.020484699999999911e+00
1.392500000000000071e+00 6.848745000000000527e-01 9.235934000000000088e-01 9.235934000000000088e-01 1.019596099999999783e+00
1.397499999999999964e+00 6.678261000000000891e-01 9.255185999999999691e-01 9.255185999999999691e-01 1.018833099999999936e+00
1.402500000000000080e+00 6.544410999999999978e-01 9.274120000000000141e-01 9.274120000000000141e-01 1.018196899999999960e+00
1.407499999999999973e+00 6.432413999999999632e-01 9.289107000000000891e-01 9.289107000000000891e-01 1.017773299999999992e+00
1.412500000000000089e+00 6.344133000000000688e-01 9.311414000000001190e-01 9.311414000000001190e-01 1.017403799999999858e+00
1.417499999999999982e+00 6.264528000000000318e-01 9.336881000000000208e-01 9.336881000000000208e-01 1.017190499999999886e+00
1.422500000000000098e+00 6.246536999999999784e-01 9.364371999999997476e-01 9.364371999999997476e-01 1.017138200000000214e+00
1.427499999999999991e+00 6.229208999999998886e-01 9.391384999999999872e-01 9.391384999999999872e-01 1.017088400000000004e+00
1.432500000000000107e+00 6.267378000000001226e-01 9.420347999999998390e-01 9.420347999999998390e-01 1.017229200000000056e+00
1.437500000000000000e+00 6.316056999999999366e-01 9.452182999999999558e-01 9.452182999999999558e-01 1.017444000000000015e+00
1.442499999999999893e+00 6.339306000000000108e-01 9.487034999999999219e-01 9.487034999999999219e-01 1.017567400000000122e+00
1.447500000000000009e+00 6.433725999999999612e-01 9.520621999999999696e-01 9.520621999999999696e-01 1.017850200000000038e+00
1.452499999999999902e+00 6.547426999999998998e-01 9.551427000000000112e-01 9.551427000000000112e-01 1.018212600000000023e+00
1.457500000000000018e+00 6.657857999999998722e-01 9.587270999999999432e-01 9.587270999999999432e-01 1.018522799999999950e+00
1.462499999999999911e+00 6.776511000000000617e-01 9.618411000000000044e-01 9.618411000000000044e-01 1.018784200000000029e+00
1.467500000000000027e+00 6.927000000000000934e-01 9.652421999999999391e-01 9.652421999999999391e-01 1.019161900000000287e+00
1.472499999999999920e+00 7.069900999999999547e-01 9.686961000000000599e-01 9.686961000000000599e-01 1.019509699999999963e+00
1.477500000000000036e+00 7.234800999999999593e-01 9.717270999999998438e-01 9.717270999999998438e-01 1.019745200000000018e+00
1.482499999999999929e+00 7.409947999999999535e-01 9.753415999999999197e-01 9.753415999999999197e-01 1.019959300000000013e+00
1.487500000000000044e+00 7.563406000000000295e-01 9.786128999999998967e-01 9.786128999999998967e-01 1.020220799999999928e+00
1.492499999999999938e+00 7.717881999999999243e-01 9.816262000000000043e-01 9.816262000000000043e-01 1.020413700000000201e+00
1.497500000000000053e+00 7.879506000000000565e-01 9.846804999999999586e-01 9.846804999999999586e-01 1.020306700000000122e+00
1.502499999999999947e+00 8.029102000000000183e-01 9.877130000000002852e-01 9.877130000000002852e-01 1.020185200000000014e+00
1.507500000000000062e+00 8.139436999999999367e-01 9.908455999999998820e-01 9.908455999999998820e-01 1.020056700000000038e+00
1.512499999999999956e+00 8.259890999999999206e-01 9.941687000000000163e-01 9.941687000000000163e-01 1.019705799999999885e+00
1.517500000000000071e+00 8.353830999999999340e-01 9.971830999999999889e-01 9.971830999999999889e-01 1.019298800000000060e+00
1.522499999999999964e+00 8.419955000000000078e-01 1.000398199999999793e+00 1.000398199999999793e+00 1.018820499999999907e+00
1.527500000000000080e+00 8.482274000000000758e-01 1.003770199999999946e+00 1.003770199999999946e+00 1.018063700000000127e+00
1.532499999999999973e+00 8.511455999999999467e-01 1.006659699999999713e+00 1.006659699999999713e+00 1.017348900000000000e+00
1.537500000000000089e+00 8.555392000000001662e-01 1.010313600000000145e+00 1.010313600000000145e+00 1.016469800000000090e+00
1.542499999999999982e+00 8.565432000000001711e-01 1.013585200000000297e+00 1.013585200000000297e+00 1.015539599999999876e+00
1.547500000000000098e+00 8.555102999999999458e-01 1.017282300000000195e+00 1.017282300000000195e+00 1.014595999999999831e+00
1.552499999999999991e+00 8.538147999999999849e-01 1.020638200000000051e+00 1.020638200000000051e+00 1.013604100000000008e+00
1.557500000000000107e+00 8.517364000000000601e-01 1.024583299999999975e+00 1.024583299999999975e+00 1.012526000000000037e+00
1.562500000000000000e+00 8.484028000000000125e-01 1.028254999999999919e+00 1.028254999999999919e+00 1.011603100000000088e+00
1.567499999999999893e+00 8.442313999999999652e-01 1.032111299999999954e+00 1.032111299999999954e+00 1.010510699999999984e+00
1.572500000000000009e+00 8.408279000000000725e-01 1.036023699999999881e+00 1.036023699999999881e+00 1.009317599999999926e+00
1.577499999999999902e+00 8.360692999999999042e-01 1.040162899999999890e+00 1.040162899999999890e+00 1.008277499999999938e+00
1.582500000000000018e+00 8.360879000000001060e-01 1.044064600000000009e+00 1.044064600000000009e+00 1.007298399999999816e+00
1.587499999999999911e+00 8.302374999999999616e-01 1.048589199999999888e+00 1.048589199999999888e+00 1.006279800000000169e+00
1.592500000000000027e+00 8.280469000000000301e-01 1.052430599999999883e+00 1.052430599999999883e+00 1.005282899999999868e+00
1.597499999999999920e+00 8.265546000000000282e-01 1.057081999999999855e+00 1.057081999999999855e+00 1.004520700000000044e+00
1.602500000000000036e+00 8.243066999999999478e-01 1.061453999999999898e+00 1.061453999999999898e+00 1.003573100000000107e+00
1.607499999999999929e+00 8.213156999999998709e-01 1.066086899999999948e+00 1.066086899999999948e+00 1.002758299999999991e+00
1.612500000000000044e+00 8.206252999999998909e-01 1.070217799999999997e+00 1.070217799999999997e+00 1.001929499999999917e+00
1.617499999999999938e+00 8.203851999999999256e-01 1.075055099999999930e+00 1.075055099999999930e+00 1.001296900000000267e+00
1.622500000000000053e+00 8.195111999999999952e-01 1.079729700000000125e+00 1.079729700000000125e+00 1.000581899999999802e+00
1.627499999999999947e+00 8.185781999999999226e-01 1.084074299999999935e+00 1.084074299999999935e+00 1.000018100000000132e+00
1.632500000000000062e+00 8.196165000000000811e-01 1.088780399999999871e+00 1.088780399999999871e+00 9.995651000000000952e-01
1.637499999999999956e+00 8.220195000000000141e-01 1.093627299999999858e+00 1.093627299999999858e+00 9.990472999999999715e-01
1.642500000000000071e+00 8.217916000000000665e-01 1.098262499999999919e+00 1.098262499999999919e+00 9.986331999999998876e-01
1.647499999999999964e+00 8.208645999999999443e-01 1.102313399999999888e+00 1.102313399999999888e+00 9.983129999999998949e-01
1.652500000000000080e+00 8.238692000000000792e-01 1.106935599999999909e+00 1.106935599999999909e+00 9.979520000000000612e-01
1.657499999999999973e+00 8.267290000000000472e-01 1.110791099999999920e+00 1.110791099999999920e+00 9.976647999999999072e-01
1.662500000000000089e+00 8.298017999999999228e-01 1.114760399999999763e+00 1.114760399999999763e+00 9.973816000000000903e-01
1.667499999999999982e+00 8.343386999999999887e-01 1.117653900000000089e+00 1.117653900000000089e+00 9.971577000000000357e-01
1.672500000000000098e+00 8.352189999999998227e-01 1.119728299999999788e+00 1.119728299999999788e+00 9.969894000000000256e-01
1.677499999999999991e+00 8.377219000000000193e-01 1.121638400000000146e+00 1.121638400000000146e+00 9.968415999999999944e-01
1.682500000000000107e+00 8.405723999999998863e-01 1.121858900000000103e+00 1.121858900000000103e+00 9.966024999999998357e-01
1.687500000000000000e+00 8.454489000000000587e-01 1.120836999999999861e+00 1.120836999999999861e+00 9.964007999999999754e-01
1.692499999999999893e+00 8.503415999999999197e-01 1.119060200000000282e+00 1.119060200000000282e+00 9.962470000000001047e-01
1.697500000000000009e+00 8.545977999999999630e-01 1.115981899999999971e+00 1.115981899999999971e+00 9.960946000000001632e-01
1.702499999999999902e+00 8.597224000000001087e-01 1.111835099999999965e+00 1.111835099999999965e+00 9.959958999999999341e-01
1.707500000000000018e+00 8.676235999999999393e-01 1.106469900000000006e+00 1.106469900000000006e+00 9.958770000000001232e-01
1.712499999999999911e+00 8.730908000000001667e-01 1.100354499999999902e+00 1.100354499999999902e+00 9.957173999999999747e-01
1.717500000000000027e+00 8.799502999999999631e-01 1.093364800000000026e+00 1.093364800000000026e+00 9.955424999999997748e-01
1.722499999999999920e+00 8.866682999999999648e-01 1.086000099999999913e+00 1.086000099999999913e+00 9.953209999999999003e-01
1.727500000000000036e+00 8.933736999999999373e-01 1.078507799999999905e+00 1.078507799999999905e+00 9.951347000000001497e-01
1.732499999999999929e+00 9.021233000000000724e-01 1.070301200000000064e+00 1.070301200000000064e+00 9.950170999999998767e-01
1.737500000000000044e+00 9.100830999999998117e-01 1.062596499999999944e+00 1.062596499999999944e+00 9.948373000000000355e-01
1.742499999999999938e+00 9.197717999999998062e-01 1.054675299999999982e+00 1.054675299999999982e+00 9.945695999999999426e-01
1.747500000000000053e+00 9.274951000000000167e-01 1.047038099999999972e+00 1.047038099999999972e+00 9.943272999999999140e-01
1.752499999999999947e+00 9.379987000000001851e-01 1.040246000000000004e+00 1.040246000000000004e+00 9.940649000000000290e-01
1.757500000000000062e+00 9.467963999999998714e-01 1.033789599999999975e+00 1.033789599999999975e+00 9.938380999999999466e-01
1.762499999999999956e+00 9.595084000000000390e-01 1.027669400000000177e+00 1.027669400000000177e+00 9.935161000000001241e-01
1.767500000000000071e+00 9.695479000000000180e-01 1.022272699999999812e+00 1.022272699999999812e+00 9.933153999999999595e-01
1.772499999999999964e+00 9.810863000000000778e-01 1.017400700000000047e+00 1.017400700000000047e+00 9.930882999999999239e-01
1.777500000000000080e+00 9.937095000000001344e-01 1.013431399999999760e+00 1.013431399999999760e+00 9.928179999999999783e-01
1.782499999999999973e+00 1.008029299999999795e+00 1.009901799999999961e+00 1.009901799999999961e+00 9.925511000000000195e-01
1.787500000000000089e+00 1.020449599999999846e+00 1.006434700000000015e+00 1.006434700000000015e+00 9.922942000000001261e-01
1.792499999999999982e+00 1.032423499999999716e+00 1.003980800000000118e+00 1.003980800000000118e+00 9.920761999999999636e-01
1.797500000000000098e+00 1.045332499999999776e+00 1.002103500000000036e+00 1.002103500000000036e+00 9.918409000000000253e-01
1.802499999999999991e+00 1.054397099999999865e+00 1.000418600000000158e+00 1.000418600000000158e+00 9.916088999999999043e-01
1.807500000000000107e+00 1.064125499999999835e+00 9.991687999999999681e-01 9.991687999999999681e-01 9.914255000000000706e-01
1.812500000000000000e+00 1.073098600000000014e+00 9.981456000000001882e-01 9.981456000000001882e-01 9.912550000000001083e-01
1.817499999999999893e+00 1.077295899999999973e+00 9.980941000000000951e-01 9.980941000000000951e-01 9.911179000000001071e-01
1.822500000000000009e+00 1.079424400000000173e+00 9.975362000000000950e-01 9.975362000000000950e-01 9.909641999999998507e-01
1.827499999999999902e+00 1.078771600000000053e+00 9.977579000000000864e-01 9.977579000000000864e-01 9.909202000000000288e-01
1.832500000000000018e+00 1.078374300000000119e+00 9.979843000000000464e-01 9.979843000000000464e-01 9.908011999999999375e-01
1.837499999999999911e+00 1.071802799999999944e+00 9.985981000000000440e-01 9.985981000000000440e-01 9.907709999999999573e-01
1.842500000000000027e+00 1.067319199999999801e+00 9.991747999999999186e-01 9.991747999999999186e-01 9.907047999999999410e-01
1.847499999999999920e+00 1.064173999999999953e+00 1.000152999999999848e+00 1.000152999999999848e+00 9.906913999999998888e-01
1.852500000000000036e+00 1.055963800000000230e+00 1.000980800000000226e+00 1.000980800000000226e+00 9.907251999999999725e-01
1.857499999999999929e+00 1.052683800000000058e+00 1.001510499999999970e+00 1.001510499999999970e+00 9.907996999999999499e-01
1.862500000000000044e+00 1.045836599999999894e+00 1.002908000000000133e+00 1.002908000000000133e+00 9.909451999999999705e-01
1.867499999999999938e+00 1.039862000000000064e+00 1.003702600000000000e+00 1.003702600000000000e+00 9.908430000000001403e-01
1.872500000000000053e+00 1.038095400000000001e+00 1.004556999999999922e+00 1.004556999999999922e+00 9.909901999999999322e-01
1.877499999999999947e+00 1.034301800000000160e+00 1.005718600000000240e+00 1.005718600000000240e+00 9.910577000000001524e-01
1.882500000000000062e+00 1.038027899999999892e+00 1.006126599999999982e+00 1.006126599999999982e+00 9.911887999999999810e-01
1.887499999999999956e+00 1.039463200000000143e+00 1.006619300000000106e+00 1.006619300000000106e+00 9.914235000000000131e-01
1.892500000000000071e+00 1.041970999999999981e+00 1.007176599999999755e+00 1.007176599999999755e+00 9.915149999999999242e-01
1.897499999999999964e+00 1.050272499999999720e+00 1.007544999999999913e+00 1.007544999999999913e+00 9.917396000000000544e-01
1.902500000000000080e+00 1.057694899999999993e+00 1.007590900000000067e+00 1.007590900000000067e+00 9.918780000000000374e-01
1.907499999999999973e+00 1.066951400000000216e+00 1.007356600000000046e+00 1.007356600000000046e+00 9.920778999999999570e-01
1.912500000000000089e+00 1.077712699999999968e+00 1.006923500000000082e+00 1.006923500000000082e+00 9.922634000000000176e-01
1.917499999999999982e+00 1.089180000000000037e+00 1.006204100000000157e+00 1.006204100000000157e+00 9.925017999999999896e-01
1.922500000000000098e+00 1.103958699999999737e+00 1.005182000000000020e+00 1.005182000000000020e+00 9.927054999999999074e-01
1.927499999999999991e+00 1.115591400000000011e+00 1.004185800000000128e+00 1.004185800000000128e+00 9.928316999999999837e-01
1.932500000000000107e+00 1.126542500000000224e+00 1.002831200000000145e+00 1.002831200000000145e+00 9.930632999999999821e-01
1.937500000000000000e+00 1.140046900000000196e+00 1.001526000000000138e+00 1.001526000000000138e+00 9.932691000000000159e-01
1.942499999999999893e+00 1.150892999999999944e+00 9.997378000000001208e-01 9.997378000000001208e-01 9.934359999999997637e-01
1.947500000000000009e+00 1.160746599999999962e+00 9.980373000000002381e-01 9.980373000000002381e-01 9.936809999999999254e-01
1.952499999999999902e+00 1.170418900000000040e+00 9.961041999999998842e-01 9.961041999999998842e-01 9.938644000000002032e-01
1.957500000000000018e+00 1.174304900000000096e+00 9.941706999999999628e-01 9.941706999999999628e-01 9.940738000000000074e-01
1.962499999999999911e+00 1.182717200000000135e+00 9.918555999999998374e-01 9.918555999999998374e-01 9.942706999999998407e-01
1.967500000000000027e+00 1.187802299999999756e+00 9.899074000000001039e-01 9.899074000000001039e-01 9.945030999999999732e-01
1.972499999999999920e+00 1.191468299999999925e+00 9.876497000000000748e-01 9.876497000000000748e-01 9.946905999999998693e-01
1.977500000000000036e+00 1.193085799999999974e+00 9.857441000000000120e-01 9.857441000000000120e-01 9.948900999999998884e-01
1.982499999999999929e+00 1.192492099999999944e+00 9.838335999999999748e-01 9.838335999999999748e-01 9.951309000000000404e-01
1.987500000000000044e+00 1.196308000000000149e+00 9.818101999999999663e-01 9.818101999999999663e-01 9.952671000000000712e-01
1.992499999999999938e+00 1.198494299999999901e+00 9.799802999999999154e-01 9.799802999999999154e-01 9.954086000000001988e-01
1.997500000000000053e+00 1.200987800000000050e+00 9.783337999999999202e-01 9.783337999999999202e-01 9.957332000000000960e-01
