1.250000000000000026e-03 0.000000000000000000e+00 nan nan nan
3.749999999999999861e-03 0.000000000000000000e+00 nan nan nan
6.250000000000000347e-03 0.000000000000000000e+00 nan nan nan
8.750000000000000833e-03 0.000000000000000000e+00 nan nan nan
1.124999999999999958e-02 0.000000000000000000e+00 nan nan nan
1.375000000000000007e-02 0.000000000000000000e+00 nan nan nan
1.625000000000000056e-02 0.000000000000000000e+00 nan nan nan
1.874999999999999931e-02 0.000000000000000000e+00 nan nan nan
2.125000000000000153e-02 0.000000000000000000e+00 nan nan nan
2.375000000000000028e-02 0.000000000000000000e+00 nan nan nan
2.624999999999999903e-02 0.000000000000000000e+00 nan nan nan
2.875000000000000125e-02 0.000000000000000000e+00 nan nan nan
3.125000000000000000e-02 0.000000000000000000e+00 nan nan nan
3.375000000000000222e-02 0.000000000000000000e+00 nan nan nan
3.624999999999999750e-02 0.000000000000000000e+00 nan nan nan
3.874999999999999972e-02 0.000000000000000000e+00 nan nan nan
4.125000000000000194e-02 0.000000000000000000e+00 nan nan nan
4.374999999999999722e-02 0.000000000000000000e+00 nan nan nan
4.624999999999999944e-02 0.000000000000000000e+00 nan nan nan
4.875000000000000167e-02 0.000000000000000000e+00 nan nan nan
5.124999999999999695e-02 0.000000000000000000e+00 nan nan nan
5.374999999999999917e-02 0.000000000000000000e+00 nan nan nan
5.625000000000000139e-02 0.000000000000000000e+00 nan nan nan
5.874999999999999667e-02 0.000000000000000000e+00 nan nan nan
6.124999999999999889e-02 0.000000000000000000e+00 nan nan nan
6.375000000000000111e-02 0.000000000000000000e+00 nan nan nan
6.625000000000000333e-02 0.000000000000000000e+00 nan nan nan
6.875000000000000555e-02 0.000000000000000000e+00 nan nan nan
7.124999999999999389e-02 0.000000000000000000e+00 nan nan nan
7.374999999999999611e-02 0.000000000000000000e+00 nan nan nan
7.624999999999999833e-02 0.000000000000000000e+00 nan nan nan
7.875000000000000056e-02 0.000000000000000000e+00 nan nan nan
8.125000000000000278e-02 0.000000000000000000e+00 nan nan nan
8.375000000000000500e-02 0.000000000000000000e+00 nan nan nan
8.624999999999999334e-02 0.000000000000000000e+00 nan nan nan
8.874999999999999556e-02 0.000000000000000000e+00 nan nan nan
9.124999999999999778e-02 0.000000000000000000e+00 nan nan nan
9.375000000000000000e-02 0.000000000000000000e+00 nan nan nan
9.625000000000000222e-02 0.000000000000000000e+00 nan nan nan
9.875000000000000444e-02 0.000000000000000000e+00 nan nan nan
1.012500000000000067e-01 0.000000000000000000e+00 nan nan nan
1.037499999999999950e-01 0.000000000000000000e+00 nan nan nan
1.062499999999999972e-01 0.000000000000000000e+00 nan nan nan
1.087499999999999994e-01 0.000000000000000000e+00 nan nan nan
1.112500000000000017e-01 0.000000000000000000e+00 nan nan nan
1.137500000000000039e-01 0.000000000000000000e+00 nan nan nan
1.162500000000000061e-01 0.000000000000000000e+00 nan nan nan
1.187499999999999944e-01 0.000000000000000000e+00 nan nan nan
1.212499999999999967e-01 0.000000000000000000e+00 nan nan nan
1.237499999999999989e-01 0.000000000000000000e+00 nan nan nan
1.262500000000000011e-01 0.000000000000000000e+00 nan nan nan
1.287500000000000033e-01 0.000000000000000000e+00 nan nan nan
1.312500000000000056e-01 0.000000000000000000e+00 nan nan nan
1.337500000000000078e-01 0.000000000000000000e+00 nan nan nan
1.362500000000000100e-01 0.000000000000000000e+00 nan nan nan
1.387500000000000122e-01 0.000000000000000000e+00 nan nan nan
1.412499999999999867e-01 0.000000000000000000e+00 nan nan nan
1.437499999999999889e-01 0.000000000000000000e+00 nan nan nan
1.462499999999999911e-01 0.000000000000000000e+00 nan nan nan
1.487499999999999933e-01 0.000000000000000000e+00 nan nan nan
1.512499999999999956e-01 0.000000000000000000e+00 nan nan nan
1.537499999999999978e-01 0.000000000000000000e+00 nan nan nan
1.562500000000000000e-01 0.000000000000000000e+00 nan nan nan
1.587500000000000022e-01 0.000000000000000000e+00 nan nan nan
1.612500000000000044e-01 0.000000000000000000e+00 nan nan nan
1.637500000000000067e-01 0.000000000000000000e+00 nan nan nan
1.662500000000000089e-01 0.000000000000000000e+00 nan nan nan
1.687500000000000111e-01 0.000000000000000000e+00 nan nan nan
1.712500000000000133e-01 0.000000000000000000e+00 nan nan nan
1.737499999999999878e-01 0.000000000000000000e+00 nan nan nan
1.762499999999999900e-01 0.000000000000000000e+00 nan nan nan
1.787499999999999922e-01 0.000000000000000000e+00 nan nan nan
1.812499999999999944e-01 0.000000000000000000e+00 nan nan nan
1.837499999999999967e-01 0.000000000000000000e+00 nan nan nan
1.862499999999999989e-01 0.000000000000000000e+00 nan nan nan
1.887500000000000011e-01 0.000000000000000000e+00 nan nan nan
1.912500000000000033e-01 0.000000000000000000e+00 nan nan nan
1.937500000000000056e-01 0.000000000000000000e+00 nan nan nan
1.962500000000000078e-01 0.000000000000000000e+00 nan nan nan
1.987500000000000100e-01 0.000000000000000000e+00 nan nan nan
2.012500000000000122e-01 0.000000000000000000e+00 nan nan nan
2.037499999999999867e-01 0.000000000000000000e+00 nan nan nan
2.062499999999999889e-01 0.000000000000000000e+00 nan nan nan
2.087499999999999911e-01 0.000000000000000000e+00 nan nan nan
2.112499999999999933e-01 0.000000000000000000e+00 nan nan nan
2.137499999999999956e-01 0.000000000000000000e+00 nan nan nan
2.162499999999999978e-01 0.000000000000000000e+00 nan nan nan
2.187500000000000000e-01 0.000000000000000000e+00 nan nan nan
2.212500000000000022e-01 0.000000000000000000e+00 nan nan nan
2.237500000000000044e-01 0.000000000000000000e+00 nan nan nan
2.262500000000000067e-01 0.000000000000000000e+00 nan nan nan
2.287500000000000089e-01 0.000000000000000000e+00 nan nan nan
2.312500000000000111e-01 0.000000000000000000e+00 nan nan nan
2.337500000000000133e-01 0.000000000000000000e+00 nan nan nan
2.362499999999999878e-01 0.000000000000000000e+00 nan nan nan
2.387499999999999900e-01 0.000000000000000000e+00 nan nan nan
2.412499999999999922e-01 0.000000000000000000e+00 nan nan nan
2.437499999999999944e-01 0.000000000000000000e+00 nan nan nan
2.462499999999999967e-01 0.000000000000000000e+00 nan nan nan
2.487499999999999989e-01 0.000000000000000000e+00 nan nan nan
2.512499999999999734e-01 0.000000000000000000e+00 nan nan nan
2.537499999999999756e-01 0.000000000000000000e+00 nan nan nan
2.562499999999999778e-01 0.000000000000000000e+00 nan nan nan
2.587499999999999800e-01 0.000000000000000000e+00 nan nan nan
2.612499999999999822e-01 0.000000000000000000e+00 nan nan nan
2.637499999999999845e-01 0.000000000000000000e+00 nan nan nan
2.662499999999999867e-01 0.000000000000000000e+00 nan nan nan
2.687499999999999889e-01 0.000000000000000000e+00 nan nan nan
2.712499999999999911e-01 0.000000000000000000e+00 nan nan nan
2.737499999999999933e-01 0.000000000000000000e+00 nan nan nan
2.762499999999999956e-01 0.000000000000000000e+00 nan nan nan
2.787499999999999978e-01 0.000000000000000000e+00 nan nan nan
2.812500000000000000e-01 0.000000000000000000e+00 nan nan nan
2.837500000000000022e-01 0.000000000000000000e+00 nan nan nan
2.862500000000000044e-01 0.000000000000000000e+00 nan nan nan
2.887500000000000067e-01 0.000000000000000000e+00 nan nan nan
2.912500000000000089e-01 0.000000000000000000e+00 nan nan nan
2.937500000000000111e-01 0.000000000000000000e+00 nan nan nan
2.962500000000000133e-01 0.000000000000000000e+00 nan nan nan
2.987500000000000155e-01 0.000000000000000000e+00 nan nan nan
3.012500000000000178e-01 0.000000000000000000e+00 nan nan nan
3.037500000000000200e-01 0.000000000000000000e+00 nan nan nan
3.062500000000000222e-01 0.000000000000000000e+00 nan nan nan
3.087500000000000244e-01 0.000000000000000000e+00 nan nan nan
3.112500000000000266e-01 0.000000000000000000e+00 nan nan nan
3.137499999999999734e-01 0.000000000000000000e+00 nan nan nan
3.162499999999999756e-01 0.000000000000000000e+00 nan nan nan
3.187499999999999778e-01 0.000000000000000000e+00 nan nan nan
3.212499999999999800e-01 0.000000000000000000e+00 nan nan nan
3.237499999999999822e-01 0.000000000000000000e+00 nan nan nan
3.262499999999999845e-01 0.000000000000000000e+00 nan nan nan
3.287499999999999867e-01 0.000000000000000000e+00 nan nan nan
3.312499999999999889e-01 0.000000000000000000e+00 nan nan nan
3.337499999999999911e-01 0.000000000000000000e+00 nan nan nan
3.362499999999999933e-01 0.000000000000000000e+00 nan nan nan
3.387499999999999956e-01 0.000000000000000000e+00 nan nan nan
3.412499999999999978e-01 0.000000000000000000e+00 nan nan nan
3.437500000000000000e-01 0.000000000000000000e+00 nan nan nan
3.462500000000000022e-01 0.000000000000000000e+00 nan nan nan
3.487500000000000044e-01 0.000000000000000000e+00 nan nan nan
3.512500000000000067e-01 0.000000000000000000e+00 nan nan nan
3.537500000000000089e-01 0.000000000000000000e+00 nan nan nan
3.562500000000000111e-01 0.000000000000000000e+00 nan nan nan
3.587500000000000133e-01 0.000000000000000000e+00 nan nan nan
3.612500000000000155e-01 0.000000000000000000e+00 nan nan nan
3.637500000000000178e-01 0.000000000000000000e+00 nan nan nan
3.662500000000000200e-01 0.000000000000000000e+00 nan nan nan
3.687500000000000222e-01 0.000000000000000000e+00 nan nan nan
3.712500000000000244e-01 0.000000000000000000e+00 nan nan nan
3.737500000000000266e-01 0.000000000000000000e+00 nan nan nan
3.762499999999999734e-01 0.000000000000000000e+00 nan nan nan
3.787499999999999756e-01 0.000000000000000000e+00 nan nan nan
3.812499999999999778e-01 0.000000000000000000e+00 nan nan nan
3.837499999999999800e-01 0.000000000000000000e+00 nan nan nan
3.862499999999999822e-01 0.000000000000000000e+00 nan nan nan
3.887499999999999845e-01 0.000000000000000000e+00 nan nan nan
3.912499999999999867e-01 0.000000000000000000e+00 nan nan nan
3.937499999999999889e-01 0.000000000000000000e+00 nan nan nan
3.962499999999999911e-01 0.000000000000000000e+00 nan nan nan
3.987499999999999933e-01 0.000000000000000000e+00 nan nan nan
4.012499999999999956e-01 0.000000000000000000e+00 nan nan nan
4.037499999999999978e-01 0.000000000000000000e+00 nan nan nan
4.062500000000000000e-01 0.000000000000000000e+00 nan nan nan
4.087500000000000022e-01 0.000000000000000000e+00 nan nan nan
4.112500000000000044e-01 0.000000000000000000e+00 nan nan nan
4.137500000000000067e-01 0.000000000000000000e+00 nan nan nan
4.162500000000000089e-01 0.000000000000000000e+00 nan nan nan
4.187500000000000111e-01 0.000000000000000000e+00 nan nan nan
4.212500000000000133e-01 0.000000000000000000e+00 nan nan nan
4.237500000000000155e-01 0.000000000000000000e+00 nan nan nan
4.262500000000000178e-01 0.000000000000000000e+00 nan nan nan
4.287500000000000200e-01 0.000000000000000000e+00 nan nan nan
4.312500000000000222e-01 0.000000000000000000e+00 nan nan nan
4.337500000000000244e-01 0.000000000000000000e+00 nan nan nan
4.362500000000000266e-01 0.000000000000000000e+00 nan nan nan
4.387499999999999734e-01 0.000000000000000000e+00 nan nan nan
4.412499999999999756e-01 0.000000000000000000e+00 nan nan nan
4.437499999999999778e-01 0.000000000000000000e+00 nan nan nan
4.462499999999999800e-01 0.000000000000000000e+00 nan nan nan
4.487499999999999822e-01 0.000000000000000000e+00 nan nan nan
4.512499999999999845e-01 0.000000000000000000e+00 nan nan nan
4.537499999999999867e-01 0.000000000000000000e+00 nan nan nan
4.562499999999999889e-01 0.000000000000000000e+00 nan nan nan
4.587499999999999911e-01 0.000000000000000000e+00 nan nan nan
4.612499999999999933e-01 0.000000000000000000e+00 nan nan nan
4.637499999999999956e-01 0.000000000000000000e+00 nan nan nan
4.662499999999999978e-01 0.000000000000000000e+00 nan nan nan
4.687500000000000000e-01 0.000000000000000000e+00 nan nan nan
4.712500000000000022e-01 0.000000000000000000e+00 nan nan nan
4.737500000000000044e-01 0.000000000000000000e+00 nan nan nan
4.762500000000000067e-01 0.000000000000000000e+00 nan nan nan
4.787500000000000089e-01 0.000000000000000000e+00 nan nan nan
4.812500000000000111e-01 0.000000000000000000e+00 nan nan nan
4.837500000000000133e-01 0.000000000000000000e+00 nan nan nan
4.862500000000000155e-01 0.000000000000000000e+00 nan nan nan
4.887500000000000178e-01 0.000000000000000000e+00 nan nan nan
4.912500000000000200e-01 0.000000000000000000e+00 nan nan nan
4.937500000000000222e-01 0.000000000000000000e+00 nan nan nan
4.962500000000000244e-01 0.000000000000000000e+00 nan nan nan
4.987500000000000266e-01 0.000000000000000000e+00 nan nan nan
5.012499999999999734e-01 0.000000000000000000e+00 nan nan nan
5.037500000000000311e-01 0.000000000000000000e+00 nan nan nan
5.062499999999999778e-01 0.000000000000000000e+00 nan nan nan
5.087500000000000355e-01 0.000000000000000000e+00 nan nan nan
5.112499999999999822e-01 0.000000000000000000e+00 nan nan nan
5.137500000000000400e-01 0.000000000000000000e+00 nan nan nan
5.162499999999999867e-01 0.000000000000000000e+00 nan nan nan
5.187500000000000444e-01 0.000000000000000000e+00 nan nan nan
5.212499999999999911e-01 0.000000000000000000e+00 nan nan nan
5.237500000000000488e-01 0.000000000000000000e+00 nan nan nan
5.262499999999999956e-01 0.000000000000000000e+00 nan nan nan
5.287500000000000533e-01 0.000000000000000000e+00 nan nan nan
5.312500000000000000e-01 0.000000000000000000e+00 nan nan nan
5.337499999999999467e-01 0.000000000000000000e+00 nan nan nan
5.362500000000000044e-01 0.000000000000000000e+00 nan nan nan
5.387499999999999512e-01 0.000000000000000000e+00 nan nan nan
5.412500000000000089e-01 0.000000000000000000e+00 nan nan nan
5.437499999999999556e-01 0.000000000000000000e+00 nan nan nan
5.462500000000000133e-01 0.000000000000000000e+00 nan nan nan
5.487499999999999600e-01 0.000000000000000000e+00 nan nan nan
5.512500000000000178e-01 0.000000000000000000e+00 nan nan nan
5.537499999999999645e-01 0.000000000000000000e+00 nan nan nan
5.562500000000000222e-01 0.000000000000000000e+00 nan nan nan
5.587499999999999689e-01 0.000000000000000000e+00 nan nan nan
5.612500000000000266e-01 0.000000000000000000e+00 nan nan nan
5.637499999999999734e-01 0.000000000000000000e+00 nan nan nan
5.662500000000000311e-01 0.000000000000000000e+00 nan nan nan
5.687499999999999778e-01 0.000000000000000000e+00 nan nan nan
5.712500000000000355e-01 0.000000000000000000e+00 nan nan nan
5.737499999999999822e-01 0.000000000000000000e+00 nan nan nan
5.762500000000000400e-01 0.000000000000000000e+00 nan nan nan
5.787499999999999867e-01 0.000000000000000000e+00 nan nan nan
5.812500000000000444e-01 0.000000000000000000e+00 nan nan nan
5.837499999999999911e-01 0.000000000000000000e+00 nan nan nan
5.862500000000000488e-01 0.000000000000000000e+00 nan nan nan
5.887499999999999956e-01 0.000000000000000000e+00 nan nan nan
5.912500000000000533e-01 0.000000000000000000e+00 nan nan nan
5.937500000000000000e-01 0.000000000000000000e+00 nan nan nan
5.962499999999999467e-01 0.000000000000000000e+00 nan nan nan
5.987500000000000044e-01 0.000000000000000000e+00 nan nan nan
6.012499999999999512e-01 0.000000000000000000e+00 nan nan nan
6.037500000000000089e-01 0.000000000000000000e+00 nan nan nan
6.062499999999999556e-01 0.000000000000000000e+00 nan nan nan
6.087500000000000133e-01 0.000000000000000000e+00 nan nan nan
6.112499999999999600e-01 0.000000000000000000e+00 nan nan nan
6.137500000000000178e-01 0.000000000000000000e+00 nan nan nan
6.162499999999999645e-01 0.000000000000000000e+00 nan nan nan
6.187500000000000222e-01 0.000000000000000000e+00 nan nan nan
6.212499999999999689e-01 0.000000000000000000e+00 nan nan nan
6.237500000000000266e-01 0.000000000000000000e+00 nan nan nan
6.262499999999999734e-01 0.000000000000000000e+00 nan nan nan
6.287500000000000311e-01 0.000000000000000000e+00 nan nan nan
6.312499999999999778e-01 0.000000000000000000e+00 nan nan nan
6.337500000000000355e-01 0.000000000000000000e+00 nan nan nan
6.362499999999999822e-01 0.000000000000000000e+00 nan nan nan
6.387500000000000400e-01 0.000000000000000000e+00 nan nan nan
6.412499999999999867e-01 0.000000000000000000e+00 nan nan nan
6.437500000000000444e-01 0.000000000000000000e+00 nan nan nan
6.462499999999999911e-01 0.000000000000000000e+00 nan nan nan
6.487500000000000488e-01 0.000000000000000000e+00 nan nan nan
6.512499999999999956e-01 0.000000000000000000e+00 nan nan nan
6.537500000000000533e-01 0.000000000000000000e+00 nan nan nan
6.562500000000000000e-01 0.000000000000000000e+00 nan nan nan
6.587499999999999467e-01 0.000000000000000000e+00 nan nan nan
6.612500000000000044e-01 0.000000000000000000e+00 nan nan nan
6.637499999999999512e-01 0.000000000000000000e+00 nan nan nan
6.662500000000000089e-01 0.000000000000000000e+00 nan nan nan
6.687499999999999556e-01 0.000000000000000000e+00 nan nan nan
6.712500000000000133e-01 0.000000000000000000e+00 nan nan nan
6.737499999999999600e-01 0.000000000000000000e+00 nan nan nan
6.762500000000000178e-01 0.000000000000000000e+00 nan nan nan
6.787499999999999645e-01 0.000000000000000000e+00 nan nan nan
6.812500000000000222e-01 0.000000000000000000e+00 nan nan nan
6.837499999999999689e-01 0.000000000000000000e+00 nan nan nan
6.862500000000000266e-01 0.000000000000000000e+00 nan nan nan
6.887499999999999734e-01 0.000000000000000000e+00 nan nan nan
6.912500000000000311e-01 0.000000000000000000e+00 nan nan nan
6.937499999999999778e-01 0.000000000000000000e+00 nan nan nan
6.962500000000000355e-01 0.000000000000000000e+00 nan nan nan
6.987499999999999822e-01 0.000000000000000000e+00 nan nan nan
7.012500000000000400e-01 0.000000000000000000e+00 nan nan nan
7.037499999999999867e-01 0.000000000000000000e+00 nan nan nan
7.062500000000000444e-01 0.000000000000000000e+00 nan nan nan
7.087499999999999911e-01 0.000000000000000000e+00 nan nan nan
7.112500000000000488e-01 0.000000000000000000e+00 nan nan nan
7.137499999999999956e-01 0.000000000000000000e+00 nan nan nan
7.162500000000000533e-01 0.000000000000000000e+00 nan nan nan
7.187500000000000000e-01 0.000000000000000000e+00 nan nan nan
7.212499999999999467e-01 0.000000000000000000e+00 nan nan nan
7.237500000000000044e-01 0.000000000000000000e+00 nan nan nan
7.262499999999999512e-01 0.000000000000000000e+00 nan nan nan
7.287500000000000089e-01 0.000000000000000000e+00 nan nan nan
7.312499999999999556e-01 0.000000000000000000e+00 nan nan nan
7.337500000000000133e-01 0.000000000000000000e+00 nan nan nan
7.362499999999999600e-01 0.000000000000000000e+00 nan nan nan
7.387500000000000178e-01 0.000000000000000000e+00 nan nan nan
7.412499999999999645e-01 0.000000000000000000e+00 nan nan nan
7.437500000000000222e-01 0.000000000000000000e+00 nan nan nan
7.462499999999999689e-01 0.000000000000000000e+00 nan nan nan
7.487500000000000266e-01 0.000000000000000000e+00 nan nan nan
7.512499999999999734e-01 0.000000000000000000e+00 nan nan nan
7.537500000000000311e-01 0.000000000000000000e+00 nan nan nan
7.562499999999999778e-01 2.222500000000000083e-04 nan nan nan
7.587500000000000355e-01 0.000000000000000000e+00 nan nan nan
7.612499999999999822e-01 0.000000000000000000e+00 nan nan nan
7.637500000000000400e-01 0.000000000000000000e+00 nan nan nan
7.662499999999999867e-01 0.000000000000000000e+00 nan nan nan
7.687500000000000444e-01 4.302500000000000226e-04 nan nan nan
7.712499999999999911e-01 1.496249999999999967e-03 nan nan nan
7.737500000000000488e-01 4.247499999999999973e-04 nan nan nan
7.762499999999999956e-01 1.477000000000000014e-03 nan nan nan
7.787500000000000533e-01 2.516000000000000007e-03 nan nan nan
7.812500000000000000e-01 3.125000000000000173e-03 nan nan nan
7.837499999999999467e-01 4.139999999999999583e-03 nan nan nan
7.862500000000000044e-01 6.581500000000000544e-03 nan nan nan
7.887499999999999512e-01 7.766499999999999099e-03 nan nan nan
7.912500000000000089e-01 1.015425000000000008e-02 nan nan nan
7.937499999999999556e-01 1.231024999999999828e-02 nan nan nan
7.962500000000000133e-01 1.524149999999999984e-02 nan nan nan
7.987499999999999600e-01 1.793600000000000055e-02 nan nan nan
8.012500000000000178e-01 2.693500000000000061e-02 nan nan nan
8.037499999999999645e-01 3.424649999999999916e-02 nan nan nan
8.062500000000000222e-01 3.677274999999999988e-02 nan nan nan
8.087499999999999689e-01 4.218324999999999853e-02 nan nan nan
8.112500000000000266e-01 4.984475000000000017e-02 nan nan nan
8.137499999999999734e-01 5.837150000000000671e-02 nan nan nan
8.162500000000000311e-01 7.538100000000000356e-02 nan nan nan
8.187499999999999778e-01 8.535299999999999832e-02 nan nan nan
8.212500000000000355e-01 9.972725000000000339e-02 nan nan nan
8.237499999999999822e-01 1.060559999999999975e-01 nan nan nan
8.262500000000000400e-01 1.350282499999999886e-01 nan nan nan
8.287499999999999867e-01 1.456925000000000026e-01 nan nan nan
8.312500000000000444e-01 1.558582499999999760e-01 nan nan nan
8.337499999999999911e-01 2.057737500000000053e-01 nan nan nan
8.362500000000000488e-01 2.292727499999999974e-01 nan nan nan
8.387499999999999956e-01 2.371252500000000096e-01 nan nan nan
8.412500000000000533e-01 2.693150000000000266e-01 nan nan nan
8.437500000000000000e-01 2.904034999999999811e-01 nan nan nan
8.462499999999999467e-01 3.096412499999999790e-01 nan nan nan
8.487500000000000044e-01 3.464734999999999898e-01 nan nan nan
8.512499999999999512e-01 3.747972500000000262e-01 nan nan nan
8.537500000000000089e-01 4.165647499999999837e-01 nan nan nan
8.562499999999999556e-01 4.533292499999999614e-01 nan nan nan
8.587500000000000133e-01 4.679349999999999898e-01 nan nan nan
8.612499999999999600e-01 5.101335000000000175e-01 nan nan nan
8.637500000000000178e-01 5.576305000000000289e-01 nan nan nan
8.662499999999999645e-01 5.791552500000000103e-01 nan nan nan
8.687500000000000222e-01 6.194600000000000106e-01 nan nan nan
8.712499999999999689e-01 6.783892500000000547e-01 nan nan nan
8.737500000000000266e-01 7.001609999999999223e-01 nan nan nan
8.762499999999999734e-01 7.273037500000000266e-01 nan nan nan
8.787500000000000311e-01 7.801422500000000371e-01 nan nan nan
8.812499999999999778e-01 8.051924999999999777e-01 nan nan nan
8.837500000000000355e-01 8.468782500000000546e-01 nan nan nan
8.862499999999999822e-01 8.694647500000001195e-01 nan nan nan
8.887500000000000400e-01 9.444225000000000536e-01 nan nan nan
8.912499999999999867e-01 9.365704999999999725e-01 nan nan nan
8.937500000000000444e-01 1.004399999999999959e+00 nan nan nan
8.962499999999999911e-01 1.033627999999999991e+00 nan nan nan
8.987500000000000488e-01 1.052126749999999999e+00 nan nan nan
9.012499999999999956e-01 1.084962500000000052e+00 nan nan nan
9.037500000000000533e-01 1.138123999999999914e+00 nan nan nan
9.062500000000000000e-01 1.187277499999999986e+00 nan nan nan
9.087499999999999467e-01 1.189222000000000001e+00 nan nan nan
9.112500000000000044e-01 1.237063500000000094e+00 nan nan nan
9.137499999999999512e-01 1.268374499999999960e+00 nan nan nan
9.162500000000000089e-01 1.286149750000000092e+00 nan nan nan
9.187499999999999556e-01 1.325403249999999922e+00 nan nan nan
9.212500000000000133e-01 1.339493249999999858e+00 nan nan nan
9.237499999999999600e-01 1.366374999999999895e+00 nan nan nan
9.262500000000000178e-01 1.397689750000000064e+00 nan nan nan
9.287499999999999645e-01 1.455033500000000091e+00 nan nan nan
9.312500000000000222e-01 1.469956749999999923e+00 nan nan nan
9.337499999999999689e-01 1.475804249999999929e+00 nan nan nan
9.362500000000000266e-01 1.482293499999999931e+00 nan nan nan
9.387499999999999734e-01 1.541788250000000193e+00 nan nan nan
9.412500000000000311e-01 1.533609250000000035e+00 nan nan nan
9.437499999999999778e-01 1.563895999999999953e+00 nan nan nan
9.462500000000000355e-01 1.546839500000000145e+00 nan nan nan
9.487499999999999822e-01 1.579520749999999918e+00 nan nan nan
9.512500000000000400e-01 1.612118999999999858e+00 nan nan nan
9.537499999999999867e-01 1.612205250000000145e+00 nan nan nan
9.562500000000000444e-01 1.638687500000000075e+00 nan nan nan
9.587499999999999911e-01 1.639697249999999995e+00 nan nan nan
9.612500000000000488e-01 1.638885249999999960e+00 nan nan nan
9.637499999999999956e-01 1.681043999999999983e+00 nan nan nan
9.662500000000000533e-01 1.660372249999999994e+00 nan nan nan
9.687500000000000000e-01 1.686497000000000135e+00 nan nan nan
9.712499999999999467e-01 1.684296250000000050e+00 nan nan nan
9.737500000000000044e-01 1.674720250000000021e+00 nan nan nan
9.762499999999999512e-01 1.708977999999999886e+00 nan nan nan
9.787500000000000089e-01 1.718177499999999913e+00 nan nan nan
9.812499999999999556e-01 1.707716750000000117e+00 nan nan nan
9.837500000000000133e-01 1.699310999999999794e+00 nan nan nan
9.862499999999999600e-01 1.727830749999999860e+00 nan nan nan
9.887500000000000178e-01 1.699075499999999961e+00 nan nan nan
9.912499999999999645e-01 1.726619499999999974e+00 nan nan nan
9.937500000000000222e-01 1.707642749999999987e+00 nan nan nan
9.962499999999999689e-01 1.705103999999999953e+00 nan nan nan
9.987500000000000266e-01 1.711237249999999932e+00 nan nan nan
1.001249999999999973e+00 1.710058249999999891e+00 nan nan nan
1.003749999999999920e+00 1.752788000000000013e+00 nan nan nan
1.006250000000000089e+00 1.731281000000000070e+00 nan nan nan
1.008750000000000036e+00 1.726958500000000063e+00 nan nan nan
1.011249999999999982e+00 1.724025249999999954e+00 nan nan nan
1.013749999999999929e+00 1.691406750000000070e+00 nan nan nan
1.016250000000000098e+00 1.742682250000000099e+00 nan nan nan
1.018750000000000044e+00 1.721766750000000012e+00 nan nan nan
1.021249999999999991e+00 1.712737249999999989e+00 nan nan nan
1.023749999999999938e+00 1.684365249999999925e+00 nan nan nan
1.026250000000000107e+00 1.707315999999999834e+00 nan nan nan
1.028750000000000053e+00 1.701911750000000056e+00 nan nan nan
1.031250000000000000e+00 1.678725500000000093e+00 nan nan nan
1.033749999999999947e+00 1.686796999999999880e+00 nan nan nan
1.036249999999999893e+00 1.665405999999999942e+00 nan nan nan
1.038750000000000062e+00 1.681556250000000086e+00 nan nan nan
1.041250000000000009e+00 1.681114250000000254e+00 nan nan nan
1.043749999999999956e+00 1.668401749999999906e+00 nan nan nan
1.046249999999999902e+00 1.665549249999999981e+00 nan nan nan
1.048750000000000071e+00 1.667906499999999959e+00 nan nan nan
1.051250000000000018e+00 1.665620499999999948e+00 nan nan nan
1.053749999999999964e+00 1.622114750000000161e+00 nan nan nan
1.056249999999999911e+00 1.624588000000000143e+00 nan nan nan
1.058750000000000080e+00 1.597528749999999942e+00 nan nan nan
1.061250000000000027e+00 1.613605999999999874e+00 nan nan nan
1.063749999999999973e+00 1.619626500000000080e+00 nan nan nan
1.066249999999999920e+00 1.583857249999999883e+00 nan nan nan
1.068750000000000089e+00 1.564656499999999895e+00 nan nan nan
1.071250000000000036e+00 1.567666250000000039e+00 nan nan nan
1.073749999999999982e+00 1.574711499999999820e+00 nan nan nan
1.076249999999999929e+00 1.549401750000000133e+00 nan nan nan
1.078750000000000098e+00 1.555995750000000122e+00 nan nan nan
1.081250000000000044e+00 1.544675999999999938e+00 nan nan nan
1.083749999999999991e+00 1.528680749999999922e+00 nan nan nan
1.086249999999999938e+00 1.532428000000000123e+00 nan nan nan
1.088750000000000107e+00 1.534408499999999842e+00 nan nan nan
1.091250000000000053e+00 1.497810250000000121e+00 nan nan nan
1.093750000000000000e+00 1.487251000000000101e+00 nan nan nan
1.096249999999999947e+00 1.493594499999999936e+00 nan nan nan
1.098749999999999893e+00 1.505868500000000054e+00 nan nan nan
1.101250000000000062e+00 1.502289500000000055e+00 nan nan nan
1.103750000000000009e+00 1.471069250000000217e+00 nan nan nan
1.106249999999999956e+00 1.463596750000000002e+00 nan nan nan
1.108749999999999902e+00 1.460727749999999991e+00 nan nan nan
1.111250000000000071e+00 1.447675999999999963e+00 nan nan nan
1.113750000000000018e+00 1.441184000000000243e+00 nan nan nan
1.116249999999999964e+00 1.446776999999999980e+00 nan nan nan
1.118749999999999911e+00 1.428939999999999877e+00 nan nan nan
1.121250000000000080e+00 1.427732999999999919e+00 nan nan nan
1.123750000000000027e+00 1.400847500000000023e+00 nan nan nan
1.126249999999999973e+00 1.396439749999999869e+00 nan nan nan
1.128749999999999920e+00 1.381079499999999793e+00 nan nan nan
1.131250000000000089e+00 1.361072500000000129e+00 nan nan nan
1.133750000000000036e+00 1.380399499999999779e+00 nan nan nan
1.136249999999999982e+00 1.374135250000000141e+00 nan nan nan
1.138749999999999929e+00 1.379187500000000011e+00 nan nan nan
1.141250000000000098e+00 1.343377250000000078e+00 nan nan nan
1.143750000000000044e+00 1.350340749999999979e+00 nan nan nan
1.146249999999999991e+00 1.348908750000000101e+00 nan nan nan
1.148749999999999938e+00 1.325315250000000056e+00 nan nan nan
1.151250000000000107e+00 1.310259999999999980e+00 nan nan nan
1.153750000000000053e+00 1.312324750000000151e+00 nan nan nan
1.156250000000000000e+00 1.299808000000000074e+00 nan nan nan
1.158749999999999947e+00 1.307084250000000170e+00 nan nan nan
1.161249999999999893e+00 1.307308249999999950e+00 nan nan nan
1.163750000000000062e+00 1.300945999999999936e+00 nan nan nan
1.166250000000000009e+00 1.288082999999999867e+00 nan nan nan
1.168749999999999956e+00 1.278017750000000063e+00 nan nan nan
1.171249999999999902e+00 1.262186999999999948e+00 nan nan nan
1.173750000000000071e+00 1.267337250000000193e+00 nan nan nan
1.176250000000000018e+00 1.267653249999999954e+00 nan nan nan
1.178749999999999964e+00 1.230345250000000057e+00 nan nan nan
1.181249999999999911e+00 1.251112750000000107e+00 nan nan nan
1.183750000000000080e+00 1.247830250000000030e+00 nan nan nan
1.186250000000000027e+00 1.221161999999999859e+00 nan nan nan
1.188749999999999973e+00 1.227727500000000083e+00 nan nan nan
1.191249999999999920e+00 1.221056750000000024e+00 nan nan nan
1.193750000000000089e+00 1.241733500000000046e+00 nan nan nan
1.196250000000000036e+00 1.217445999999999806e+00 nan nan nan
1.198749999999999982e+00 1.202993999999999897e+00 nan nan nan
1.201249999999999929e+00 1.198520499999999878e+00 nan nan nan
1.203750000000000098e+00 1.199777749999999976e+00 nan nan nan
1.206250000000000044e+00 1.194547500000000095e+00 nan nan nan
1.208749999999999991e+00 1.182127499999999998e+00 nan nan nan
1.211249999999999938e+00 1.181499249999999890e+00 nan nan nan
1.213750000000000107e+00 1.176637249999999968e+00 nan nan nan
1.216250000000000053e+00 1.176274499999999890e+00 nan nan nan
1.218750000000000000e+00 1.167259250000000081e+00 nan nan nan
1.221249999999999947e+00 1.155238750000000092e+00 nan nan nan
1.223749999999999893e+00 1.164872250000000165e+00 nan nan nan
1.226250000000000062e+00 1.138649500000000092e+00 nan nan nan
1.228750000000000009e+00 1.136126249999999782e+00 nan nan nan
1.231249999999999956e+00 1.116672249999999922e+00 nan nan nan
1.233749999999999902e+00 1.149573500000000026e+00 nan nan nan
1.236250000000000071e+00 1.117558000000000051e+00 nan nan nan
1.238750000000000018e+00 1.114957250000000011e+00 nan nan nan
1.241249999999999964e+00 1.113853999999999900e+00 nan nan nan
1.243749999999999911e+00 1.109791749999999855e+00 nan nan nan
1.246250000000000080e+00 1.111401749999999966e+00 nan nan nan
1.248750000000000027e+00 1.087305500000000036e+00 nan nan nan
1.251249999999999973e+00 1.104567249999999889e+00 nan nan nan
1.253749999999999920e+00 1.099843249999999939e+00 nan nan nan
1.256250000000000089e+00 1.088541250000000016e+00 nan nan nan
1.258750000000000036e+00 1.066567249999999856e+00 nan nan nan
1.261249999999999982e+00 1.078968499999999997e+00 nan nan nan
1.263749999999999929e+00 1.083620749999999910e+00 nan nan nan
1.266250000000000098e+00 1.071019750000000048e+00 nan nan nan
1.268750000000000044e+00 1.075017499999999959e+00 nan nan nan
1.271249999999999991e+00 1.050259000000000054e+00 nan nan nan
1.273749999999999938e+00 1.067299999999999915e+00 nan nan nan
1.276250000000000107e+00 1.058360749999999850e+00 nan nan nan
1.278750000000000053e+00 1.050727250000000002e+00 nan nan nan
1.281250000000000000e+00 1.062276750000000103e+00 nan nan nan
1.283749999999999947e+00 1.032528749999999995e+00 nan nan nan
1.286249999999999893e+00 1.046809749999999983e+00 nan nan nan
1.288750000000000062e+00 1.030350750000000204e+00 nan nan nan
1.291250000000000009e+00 1.038718499999999878e+00 nan nan nan
1.293749999999999956e+00 1.046178750000000157e+00 nan nan nan
1.296249999999999902e+00 1.017856749999999977e+00 nan nan nan
1.298750000000000071e+00 1.012886499999999801e+00 nan nan nan
1.301250000000000018e+00 1.015455999999999914e+00 nan nan nan
1.303749999999999964e+00 1.019868750000000102e+00 nan nan nan
1.306249999999999911e+00 1.010901499999999897e+00 nan nan nan
1.308750000000000080e+00 1.008453499999999892e+00 nan nan nan
1.311250000000000027e+00 1.004685499999999898e+00 nan nan nan
1.313749999999999973e+00 1.006022250000000007e+00 nan nan nan
1.316249999999999920e+00 9.930307499999999621e-01 nan nan nan
1.318750000000000089e+00 1.012664750000000113e+00 nan nan nan
1.321250000000000036e+00 9.947790000000000799e-01 nan nan nan
1.323749999999999982e+00 1.000675750000000086e+00 nan nan nan
1.326249999999999929e+00 9.889550000000000285e-01 nan nan nan
1.328750000000000098e+00 9.857415000000000482e-01 nan nan nan
1.331250000000000044e+00 9.990459999999999896e-01 nan nan nan
1.333749999999999991e+00 9.787217500000000570e-01 nan nan nan
1.336249999999999938e+00 9.554810000000000247e-01 nan nan nan
1.338750000000000107e+00 9.609254999999999880e-01 nan nan nan
1.341250000000000053e+00 9.711992499999999584e-01 nan nan nan
1.343750000000000000e+00 9.635752499999999943e-01 nan nan nan
1.346249999999999947e+00 9.521425000000000027e-01 nan nan nan
1.348749999999999893e+00 9.679772500000000113e-01 nan nan nan
1.351250000000000062e+00 9.540924999999998990e-01 nan nan nan
1.353750000000000009e+00 9.658349999999999991e-01 nan nan nan
1.356249999999999956e+00 9.444440000000000612e-01 nan nan nan
1.358749999999999902e+00 9.621837500000000043e-01 nan nan nan
1.361250000000000071e+00 9.399887500000000395e-01 nan nan nan
1.363750000000000018e+00 9.500137500000001012e-01 nan nan nan
1.366249999999999964e+00 9.367317500000000852e-01 nan nan nan
1.368749999999999911e+00 9.422714999999999286e-01 nan nan nan
1.371250000000000080e+00 9.489817499999999573e-01 nan nan nan
1.373750000000000027e+00 9.383220000000001004e-01 nan nan nan
1.376249999999999973e+00 9.337747499999999867e-01 nan nan nan
1.378749999999999920e+00 9.289867499999999723e-01 nan nan nan
1.381250000000000089e+00 9.314249999999999474e-01 nan nan nan
1.383750000000000036e+00 9.345700000000000118e-01 nan nan nan
1.386249999999999982e+00 9.303420000000000023e-01 nan nan nan
1.388749999999999929e+00 9.298965000000000147e-01 nan nan nan
1.391250000000000098e+00 9.243897500000000100e-01 nan nan nan
1.393750000000000044e+00 9.252654999999999630e-01 nan nan nan
1.396249999999999991e+00 9.084545000000000536e-01 nan nan nan
1.398749999999999938e+00 9.149582499999999730e-01 nan nan nan
1.401250000000000107e+00 9.289212500000000317e-01 nan nan nan
1.403750000000000053e+00 9.238087499999999563e-01 nan nan nan
1.406250000000000000e+00 9.142905000000000060e-01 nan nan nan
1.408749999999999947e+00 9.125855000000000494e-01 nan nan nan
1.411249999999999893e+00 9.118452499999999405e-01 nan nan nan
1.413750000000000062e+00 9.152392499999999487e-01 nan nan nan
1.416250000000000009e+00 9.058620000000000561e-01 nan nan nan
1.418749999999999956e+00 9.151794999999999236e-01 nan nan nan
1.421249999999999902e+00 9.085007499999999681e-01 nan nan nan
1.423750000000000071e+00 8.900080000000000213e-01 nan nan nan
1.426250000000000018e+00 8.984540000000000859e-01 nan nan nan
1.428749999999999964e+00 8.989252500000000090e-01 nan nan nan
1.431249999999999911e+00 8.959120000000000417e-01 nan nan nan
1.433750000000000080e+00 9.078824999999999257e-01 nan nan nan
1.436250000000000027e+00 8.950474999999999959e-01 nan nan nan
1.438749999999999973e+00 8.995562500000000572e-01 nan nan nan
1.441249999999999920e+00 8.905005000000000281e-01 nan nan nan
1.443750000000000089e+00 8.962030000000000829e-01 nan nan nan
1.446250000000000036e+00 9.023477500000000040e-01 nan nan nan
1.448749999999999982e+00 9.060209999999999653e-01 nan nan nan
1.451249999999999929e+00 8.911295000000000188e-01 nan nan nan
1.453750000000000098e+00 8.856607499999999966e-01 nan nan nan
1.456250000000000044e+00 8.886182500000000539e-01 nan nan nan
1.458749999999999991e+00 8.905942500000000317e-01 nan nan nan
1.461249999999999938e+00 8.942782499999999413e-01 nan nan nan
1.463750000000000107e+00 8.780520000000000547e-01 nan nan nan
1.466250000000000053e+00 8.738182500000000186e-01 nan nan nan
1.468750000000000000e+00 8.751484999999999959e-01 nan nan nan
1.471249999999999947e+00 8.743505000000000305e-01 nan nan nan
1.473749999999999893e+00 8.723232500000001055e-01 nan nan nan
1.476250000000000062e+00 8.764889999999999626e-01 nan nan nan
1.478750000000000009e+00 8.868432500000000829e-01 nan nan nan
1.481249999999999956e+00 8.699445000000000094e-01 nan nan nan
1.483749999999999902e+00 8.804722500000000673e-01 nan nan nan
1.486250000000000071e+00 8.782607499999999234e-01 nan nan nan
1.488750000000000018e+00 8.812225000000000197e-01 nan nan nan
1.491249999999999964e+00 8.780417499999999542e-01 nan nan nan
1.493749999999999911e+00 8.767004999999999937e-01 nan nan nan
1.496250000000000080e+00 8.707632499999999887e-01 nan nan nan
1.498750000000000027e+00 8.758417499999999745e-01 nan nan nan
1.501249999999999973e+00 8.755789999999999962e-01 nan nan nan
1.503749999999999920e+00 8.702520000000000255e-01 nan nan nan
1.506250000000000089e+00 8.578385000000000593e-01 nan nan nan
1.508750000000000036e+00 8.719787500000000247e-01 nan nan nan
1.511249999999999982e+00 8.746072499999999472e-01 nan nan nan
1.513749999999999929e+00 8.794340000000000490e-01 nan nan nan
1.516250000000000098e+00 8.582855000000000345e-01 nan nan nan
1.518750000000000044e+00 8.726605000000000611e-01 nan nan nan
1.521249999999999991e+00 8.761680000000000579e-01 nan nan nan
1.523749999999999938e+00 8.749932500000000557e-01 nan nan nan
1.526250000000000107e+00 8.715829999999999966e-01 nan nan nan
1.528750000000000053e+00 8.612269999999999648e-01 nan nan nan
1.531250000000000000e+00 8.527232500000000437e-01 nan nan nan
1.533749999999999947e+00 8.636205000000000132e-01 nan nan nan
1.536249999999999893e+00 8.707789999999999697e-01 nan nan nan
1.538750000000000062e+00 8.771342500000001152e-01 nan nan nan
1.541250000000000009e+00 8.646030000000000104e-01 nan nan nan
1.543749999999999956e+00 8.693809999999999594e-01 nan nan nan
1.546249999999999902e+00 8.787502500000000660e-01 nan nan nan
1.548750000000000071e+00 8.733180000000000387e-01 nan nan nan
1.551250000000000018e+00 8.786952500000000388e-01 nan nan nan
1.553749999999999964e+00 8.660737499999999756e-01 nan nan nan
1.556249999999999911e+00 8.729529999999999790e-01 nan nan nan
1.558750000000000080e+00 8.829760000000000941e-01 nan nan nan
1.561250000000000027e+00 8.637715000000001364e-01 nan nan nan
1.563749999999999973e+00 8.726592499999999974e-01 nan nan nan
1.566249999999999920e+00 8.764060000000000183e-01 nan nan nan
1.568750000000000089e+00 8.666917499999999830e-01 nan nan nan
1.571250000000000036e+00 8.703222499999999640e-01 nan nan nan
1.573749999999999982e+00 8.640170000000000350e-01 nan nan nan
1.576249999999999929e+00 8.700295000000000112e-01 nan nan nan
1.578750000000000098e+00 8.687042499999999556e-01 nan nan nan
1.581250000000000044e+00 8.736895000000000078e-01 nan nan nan
1.583749999999999991e+00 8.732649999999999579e-01 nan nan nan
1.586249999999999938e+00 8.871899999999999231e-01 nan nan nan
1.588750000000000107e+00 8.728145000000000486e-01 nan nan nan
1.591250000000000053e+00 8.758487500000000647e-01 nan nan nan
1.593750000000000000e+00 8.720517500000000144e-01 nan nan nan
1.596249999999999947e+00 8.670269999999999921e-01 nan nan nan
1.598749999999999893e+00 8.804847499999999272e-01 nan nan nan
1.601250000000000062e+00 8.716377500000001000e-01 nan nan nan
1.603750000000000009e+00 8.820227499999999665e-01 nan nan nan
1.606249999999999956e+00 8.731192500000000134e-01 nan nan nan
1.608749999999999902e+00 8.896657500000000329e-01 nan nan nan
1.611250000000000071e+00 8.862710000000000310e-01 nan nan nan
1.613750000000000018e+00 8.858215000000000394e-01 nan nan nan
1.616249999999999964e+00 8.771940000000000293e-01 nan nan nan
1.618749999999999911e+00 8.835117500000000401e-01 nan nan nan
1.621250000000000080e+00 8.917214999999999447e-01 nan nan nan
1.623750000000000027e+00 8.860365000000001157e-01 nan nan nan
1.626249999999999973e+00 8.736504999999998855e-01 nan nan nan
1.628749999999999920e+00 8.820902499999999646e-01 nan nan nan
1.631250000000000089e+00 8.815865000000000506e-01 nan nan nan
1.633750000000000036e+00 8.886085000000000234e-01 nan nan nan
1.636249999999999982e+00 8.794364999999999544e-01 nan nan nan
1.638749999999999929e+00 8.920004999999999740e-01 nan nan nan
1.641250000000000098e+00 8.918812500000000698e-01 nan nan nan
1.643750000000000044e+00 8.778292500000000054e-01 nan nan nan
1.646249999999999991e+00 8.909292500000000059e-01 nan nan nan
1.648749999999999938e+00 8.936080000000000689e-01 nan nan nan
1.651250000000000107e+00 8.934689999999999577e-01 nan nan nan
1.653750000000000053e+00 9.023457500000000575e-01 nan nan nan
1.656250000000000000e+00 9.031930000000000236e-01 nan nan nan
1.658749999999999947e+00 8.988092500000000040e-01 nan nan nan
1.661249999999999893e+00 8.991925000000000612e-01 nan nan nan
1.663750000000000062e+00 9.097674999999999512e-01 nan nan nan
1.666250000000000009e+00 8.961399999999999366e-01 nan nan nan
1.668749999999999956e+00 9.056022499999999420e-01 nan nan nan
1.671249999999999902e+00 8.960207499999999214e-01 nan nan nan
1.673750000000000071e+00 9.115459999999999674e-01 nan nan nan
1.676250000000000018e+00 9.109107500000001023e-01 nan nan nan
1.678749999999999964e+00 8.975969999999999782e-01 nan nan nan
1.681249999999999911e+00 9.167465000000000197e-01 nan nan nan
1.683750000000000080e+00 9.216955000000001119e-01 nan nan nan
1.686250000000000027e+00 9.075172499999999420e-01 nan nan nan
1.688749999999999973e+00 9.350602500000000372e-01 nan nan nan
1.691249999999999920e+00 9.112272500000000441e-01 nan nan nan
1.693750000000000089e+00 9.254257500000000469e-01 nan nan nan
1.696250000000000036e+00 9.133315000000000738e-01 nan nan nan
1.698749999999999982e+00 9.211757500000000709e-01 nan nan nan
1.701249999999999929e+00 9.317815000000000403e-01 nan nan nan
1.703750000000000098e+00 9.206825000000000703e-01 nan nan nan
1.706250000000000044e+00 9.348447500000001131e-01 nan nan nan
1.708749999999999991e+00 9.222700000000000342e-01 nan nan nan
1.711249999999999938e+00 9.157997500000000235e-01 nan nan nan
1.713750000000000107e+00 9.236930000000000973e-01 nan nan nan
1.716250000000000053e+00 9.303710000000000591e-01 nan nan nan
1.718750000000000000e+00 9.280540000000000456e-01 nan nan nan
1.721249999999999947e+00 9.515392499999999476e-01 nan nan nan
1.723749999999999893e+00 9.363287500000000430e-01 nan nan nan
1.726250000000000062e+00 9.544407500000000599e-01 nan nan nan
1.728750000000000009e+00 9.434704999999998787e-01 nan nan nan
1.731249999999999956e+00 9.280637499999999651e-01 nan nan nan
1.733749999999999902e+00 9.412095000000000322e-01 nan nan nan
1.736250000000000071e+00 9.412424999999999820e-01 nan nan nan
1.738750000000000018e+00 9.458135000000000847e-01 nan nan nan
1.741249999999999964e+00 9.456572500000000048e-01 nan nan nan
1.743749999999999911e+00 9.516455000000000330e-01 nan nan nan
1.746250000000000080e+00 9.555527499999999508e-01 nan nan nan
1.748750000000000027e+00 9.558992499999998671e-01 nan nan nan
1.751249999999999973e+00 9.535449999999999759e-01 nan nan nan
1.753749999999999920e+00 9.551692500000000807e-01 nan nan nan
1.756250000000000089e+00 9.464332500000000037e-01 nan nan nan
1.758750000000000036e+00 9.558704999999999563e-01 nan nan nan
1.761249999999999982e+00 9.633652500000000618e-01 nan nan nan
1.763749999999999929e+00 9.741652500000000936e-01 nan nan nan
1.766250000000000098e+00 9.613419999999999188e-01 nan nan nan
1.768750000000000044e+00 9.639912500000000772e-01 nan nan nan
1.771249999999999991e+00 9.592454999999999732e-01 nan nan nan
1.773749999999999938e+00 9.712135000000000629e-01 nan nan nan
1.776250000000000107e+00 9.663457500000001144e-01 nan nan nan
1.778750000000000053e+00 9.693779999999999619e-01 nan nan nan
1.781250000000000000e+00 9.642545000000000144e-01 nan nan nan
1.783749999999999947e+00 9.782174999999999621e-01 nan nan nan
1.786249999999999893e+00 9.813787499999999664e-01 nan nan nan
1.788750000000000062e+00 9.799487500000000351e-01 nan nan nan
1.791250000000000009e+00 9.753927500000000306e-01 nan nan nan
1.793749999999999956e+00 9.852422499999999861e-01 nan nan nan
1.796249999999999902e+00 9.970032499999998965e-01 nan nan nan
1.798750000000000071e+00 9.850382500000000041e-01 nan nan nan
1.801250000000000018e+00 9.869300000000000850e-01 nan nan nan
1.803749999999999964e+00 9.897067499999999685e-01 nan nan nan
1.806249999999999911e+00 9.960102499999999859e-01 nan nan nan
1.808750000000000080e+00 1.003207999999999878e+00 nan nan nan
1.811250000000000027e+00 9.870692500000000091e-01 nan nan nan
1.813749999999999973e+00 9.884472499999999995e-01 nan nan nan
1.816249999999999920e+00 9.965975000000000250e-01 nan nan nan
1.818750000000000089e+00 1.003200000000000092e+00 nan nan nan
1.821250000000000036e+00 1.013557500000000111e+00 nan nan nan
1.823749999999999982e+00 1.005696249999999958e+00 nan nan nan
1.826249999999999929e+00 1.014915250000000047e+00 nan nan nan
1.828750000000000098e+00 1.013625500000000068e+00 nan nan nan
1.831250000000000044e+00 1.013323750000000079e+00 nan nan nan
1.833749999999999991e+00 1.005117749999999921e+00 nan nan nan
1.836249999999999938e+00 1.023085000000000022e+00 nan nan nan
1.838750000000000107e+00 1.010828500000000130e+00 nan nan nan
1.841250000000000053e+00 1.013935749999999913e+00 nan nan nan
1.843750000000000000e+00 1.024615749999999936e+00 nan nan nan
1.846249999999999947e+00 1.019157249999999904e+00 nan nan nan
1.848749999999999893e+00 1.020643500000000037e+00 nan nan nan
1.851250000000000062e+00 1.021487749999999917e+00 nan nan nan
1.853750000000000009e+00 1.023618249999999952e+00 nan nan nan
1.856249999999999956e+00 1.020051000000000041e+00 nan nan nan
1.858749999999999902e+00 1.019885000000000153e+00 nan nan nan
1.861250000000000071e+00 1.022248749999999928e+00 nan nan nan
1.863750000000000018e+00 1.024888999999999939e+00 nan nan nan
1.866249999999999964e+00 1.034374750000000009e+00 nan nan nan
1.868749999999999911e+00 1.028878249999999994e+00 nan nan nan
1.871250000000000080e+00 1.020793250000000096e+00 nan nan nan
1.873750000000000027e+00 1.030202749999999945e+00 nan nan nan
1.876249999999999973e+00 1.031612999999999891e+00 nan nan nan
1.878749999999999920e+00 1.035029499999999825e+00 nan nan nan
1.881250000000000089e+00 1.042159750000000162e+00 nan nan nan
1.883750000000000036e+00 1.032766750000000178e+00 nan nan nan
1.886249999999999982e+00 1.037750249999999763e+00 nan nan nan
1.888749999999999929e+00 1.042453749999999957e+00 nan nan nan
1.891250000000000098e+00 1.040908500000000014e+00 nan nan nan
1.893750000000000044e+00 1.050641750000000041e+00 nan nan nan
1.896249999999999991e+00 1.050030250000000054e+00 nan nan nan
1.898749999999999938e+00 1.043140500000000026e+00 nan nan nan
1.901250000000000107e+00 1.029916999999999971e+00 nan nan nan
1.903750000000000053e+00 1.046123499999999984e+00 nan nan nan
1.906250000000000000e+00 1.042366499999999974e+00 nan nan nan
1.908749999999999947e+00 1.042709250000000143e+00 nan nan nan
1.911249999999999893e+00 1.035318750000000065e+00 nan nan nan
1.913750000000000062e+00 1.053931500000000021e+00 nan nan nan
1.916250000000000009e+00 1.042491999999999974e+00 nan nan nan
1.918749999999999956e+00 1.034286250000000074e+00 nan nan nan
1.921249999999999902e+00 1.045099250000000035e+00 nan nan nan
1.923750000000000071e+00 1.056814249999999955e+00 nan nan nan
1.926250000000000018e+00 1.050166500000000003e+00 nan nan nan
1.928749999999999964e+00 1.059442749999999878e+00 nan nan nan
1.931249999999999911e+00 1.049542500000000045e+00 nan nan nan
1.933750000000000080e+00 1.051250749999999901e+00 nan nan nan
1.936250000000000027e+00 1.049656999999999840e+00 nan nan nan
1.938749999999999973e+00 1.031932749999999954e+00 nan nan nan
1.941249999999999920e+00 1.053872999999999838e+00 nan nan nan
1.943750000000000089e+00 1.054057750000000127e+00 nan nan nan
1.946250000000000036e+00 1.054507249999999896e+00 nan nan nan
1.948749999999999982e+00 1.059671250000000065e+00 nan nan nan
1.951249999999999929e+00 1.043265749999999992e+00 nan nan nan
1.953750000000000098e+00 1.045827000000000062e+00 nan nan nan
1.956250000000000044e+00 1.055116750000000048e+00 nan nan nan
1.958749999999999991e+00 1.046791000000000027e+00 nan nan nan
1.961249999999999938e+00 1.054536499999999988e+00 nan nan nan
1.963750000000000107e+00 1.051029250000000026e+00 nan nan nan
1.966250000000000053e+00 1.057270250000000189e+00 nan nan nan
1.968750000000000000e+00 1.051077250000000074e+00 nan nan nan
1.971249999999999947e+00 1.049950749999999822e+00 nan nan nan
1.973749999999999893e+00 1.050915500000000113e+00 nan nan nan
1.976250000000000062e+00 1.050211500000000076e+00 nan nan nan
1.978750000000000009e+00 1.047202250000000001e+00 nan nan nan
1.981249999999999956e+00 1.058457250000000016e+00 nan nan nan
1.983749999999999902e+00 1.056307749999999990e+00 nan nan nan
1.986250000000000071e+00 1.054681749999999862e+00 nan nan nan
1.988750000000000018e+00 1.058783000000000030e+00 nan nan nan
1.991249999999999964e+00 1.051604999999999901e+00 nan nan nan
1.993749999999999911e+00 1.050760250000000173e+00 nan nan nan
1.996250000000000080e+00 1.053841499999999876e+00 nan nan nan
1.998750000000000027e+00 1.047960500000000073e+00 nan nan nan
2.001250000000000195e+00 1.059503000000000084e+00 nan nan nan
2.003750000000000142e+00 1.053377250000000043e+00 nan nan nan
2.006250000000000089e+00 1.057861249999999975e+00 nan nan nan
2.008750000000000036e+00 1.052835250000000222e+00 nan nan nan
2.011249999999999982e+00 1.057071749999999977e+00 nan nan nan
2.013749999999999929e+00 1.048899000000000026e+00 nan nan nan
2.016249999999999876e+00 1.047988499999999989e+00 nan nan nan
2.018749999999999822e+00 1.051259500000000013e+00 nan nan nan
2.021250000000000213e+00 1.052022000000000013e+00 nan nan nan
2.023750000000000160e+00 1.057340750000000051e+00 nan nan nan
2.026250000000000107e+00 1.054486000000000034e+00 nan nan nan
2.028750000000000053e+00 1.049726249999999972e+00 nan nan nan
2.031250000000000000e+00 1.045109749999999948e+00 nan nan nan
2.033749999999999947e+00 1.054684749999999838e+00 nan nan nan
2.036249999999999893e+00 1.044215499999999963e+00 nan nan nan
2.038749999999999840e+00 1.047223499999999863e+00 nan nan nan
2.041249999999999787e+00 1.045209250000000090e+00 nan nan nan
2.043750000000000178e+00 1.050142000000000131e+00 nan nan nan
2.046250000000000124e+00 1.042172250000000133e+00 nan nan nan
2.048750000000000071e+00 1.057472750000000072e+00 nan nan nan
2.051250000000000018e+00 1.058674000000000115e+00 nan nan nan
2.053749999999999964e+00 1.044371749999999821e+00 nan nan nan
2.056249999999999911e+00 1.046224000000000043e+00 nan nan nan
2.058749999999999858e+00 1.051754499999999926e+00 nan nan nan
2.061249999999999805e+00 1.040316750000000123e+00 nan nan nan
2.063750000000000195e+00 1.037260500000000141e+00 nan nan nan
2.066250000000000142e+00 1.051310250000000002e+00 nan nan nan
2.068750000000000089e+00 1.047938999999999954e+00 nan nan nan
2.071250000000000036e+00 1.047930000000000028e+00 nan nan nan
2.073749999999999982e+00 1.047888500000000001e+00 nan nan nan
2.076249999999999929e+00 1.048876499999999989e+00 nan nan nan
2.078749999999999876e+00 1.039499500000000021e+00 nan nan nan
2.081249999999999822e+00 1.049244000000000065e+00 nan nan nan
2.083750000000000213e+00 1.040841750000000010e+00 nan nan nan
2.086250000000000160e+00 1.042905999999999889e+00 nan nan nan
2.088750000000000107e+00 1.048542250000000120e+00 nan nan nan
2.091250000000000053e+00 1.046007499999999979e+00 nan nan nan
2.093750000000000000e+00 1.044439000000000117e+00 nan nan nan
2.096249999999999947e+00 1.043193749999999920e+00 nan nan nan
2.098749999999999893e+00 1.048878750000000082e+00 nan nan nan
2.101249999999999840e+00 1.041114749999999978e+00 nan nan nan
2.103749999999999787e+00 1.046944499999999945e+00 nan nan nan
2.106250000000000178e+00 1.046552750000000032e+00 nan nan nan
2.108750000000000124e+00 1.040040999999999993e+00 nan nan nan
2.111250000000000071e+00 1.031960250000000023e+00 nan nan nan
2.113750000000000018e+00 1.036350249999999917e+00 nan nan nan
2.116249999999999964e+00 1.027629000000000126e+00 nan nan nan
2.118749999999999911e+00 1.033305499999999988e+00 nan nan nan
2.121249999999999858e+00 1.040083499999999939e+00 nan nan nan
2.123749999999999805e+00 1.029883749999999987e+00 nan nan nan
2.126250000000000195e+00 1.036744249999999923e+00 nan nan nan
2.128750000000000142e+00 1.021768999999999927e+00 nan nan nan
2.131250000000000089e+00 1.024215749999999980e+00 nan nan nan
2.133750000000000036e+00 1.035976000000000008e+00 nan nan nan
2.136249999999999982e+00 1.030208999999999930e+00 nan nan nan
2.138749999999999929e+00 1.029108750000000017e+00 nan nan nan
2.141249999999999876e+00 1.033584250000000093e+00 nan nan nan
2.143749999999999822e+00 1.035684999999999967e+00 nan nan nan
2.146250000000000213e+00 1.037220499999999879e+00 nan nan nan
2.148750000000000160e+00 1.026602000000000015e+00 nan nan nan
2.151250000000000107e+00 1.024491999999999958e+00 nan nan nan
2.153750000000000053e+00 1.034888499999999878e+00 nan nan nan
2.156250000000000000e+00 1.027759249999999902e+00 nan nan nan
2.158749999999999947e+00 1.035093000000000041e+00 nan nan nan
2.161249999999999893e+00 1.026221500000000120e+00 nan nan nan
2.163749999999999840e+00 1.021434249999999988e+00 nan nan nan
2.166249999999999787e+00 1.023142249999999809e+00 nan nan nan
2.168750000000000178e+00 1.029164749999999851e+00 nan nan nan
2.171250000000000124e+00 1.026769499999999891e+00 nan nan nan
2.173750000000000071e+00 1.023682250000000016e+00 nan nan nan
2.176250000000000018e+00 1.024124000000000034e+00 nan nan nan
2.178749999999999964e+00 1.023247999999999935e+00 nan nan nan
2.181249999999999911e+00 1.012967249999999986e+00 nan nan nan
2.183749999999999858e+00 1.016141500000000031e+00 nan nan nan
2.186249999999999805e+00 1.015148750000000044e+00 nan nan nan
2.188750000000000195e+00 1.019917750000000067e+00 nan nan nan
2.191250000000000142e+00 1.014228750000000012e+00 nan nan nan
2.193750000000000089e+00 1.020029499999999922e+00 nan nan nan
2.196250000000000036e+00 1.017840500000000148e+00 nan nan nan
2.198749999999999982e+00 1.018156999999999979e+00 nan nan nan
2.201249999999999929e+00 1.016134499999999719e+00 nan nan nan
2.203749999999999876e+00 1.018568999999999836e+00 nan nan nan
2.206249999999999822e+00 1.016418749999999926e+00 nan nan nan
2.208750000000000213e+00 1.016959750000000051e+00 nan nan nan
2.211250000000000160e+00 1.010604999999999976e+00 nan nan nan
2.213750000000000107e+00 1.010658999999999974e+00 nan nan nan
2.216250000000000053e+00 1.014230250000000000e+00 nan nan nan
2.218750000000000000e+00 1.017731500000000011e+00 nan nan nan
2.221249999999999947e+00 1.015055499999999888e+00 nan nan nan
2.223749999999999893e+00 1.017119749999999989e+00 nan nan nan
2.226249999999999840e+00 1.006165500000000046e+00 nan nan nan
2.228749999999999787e+00 1.012919499999999973e+00 nan nan nan
2.231250000000000178e+00 1.010957250000000140e+00 nan nan nan
2.233750000000000124e+00 1.011269750000000078e+00 nan nan nan
2.236250000000000071e+00 1.000466749999999960e+00 nan nan nan
2.238750000000000018e+00 1.008583999999999925e+00 nan nan nan
2.241249999999999964e+00 1.014511000000000163e+00 nan nan nan
2.243749999999999911e+00 1.012680749999999907e+00 nan nan nan
2.246249999999999858e+00 1.000096000000000096e+00 nan nan nan
2.248749999999999805e+00 1.009314000000000044e+00 nan nan nan
2.251250000000000195e+00 1.008227749999999867e+00 nan nan nan
2.253750000000000142e+00 9.998092499999999827e-01 nan nan nan
2.256250000000000089e+00 1.000042499999999945e+00 nan nan nan
2.258750000000000036e+00 1.002340750000000114e+00 nan nan nan
2.261249999999999982e+00 1.005148999999999848e+00 nan nan nan
2.263749999999999929e+00 1.008065750000000094e+00 nan nan nan
2.266249999999999876e+00 1.003589999999999982e+00 nan nan nan
2.268749999999999822e+00 1.003257000000000065e+00 nan nan nan
2.271250000000000213e+00 9.945177499999999782e-01 nan nan nan
2.273750000000000160e+00 9.999562499999999909e-01 nan nan nan
2.276250000000000107e+00 1.003699499999999967e+00 nan nan nan
2.278750000000000053e+00 1.006371249999999939e+00 nan nan nan
2.281250000000000000e+00 1.002896000000000010e+00 nan nan nan
2.283749999999999947e+00 1.008770750000000049e+00 nan nan nan
2.286249999999999893e+00 1.002965499999999954e+00 nan nan nan
2.288749999999999840e+00 1.007183750000000044e+00 nan nan nan
2.291249999999999787e+00 1.003897000000000039e+00 nan nan nan
2.293750000000000178e+00 9.981332499999999719e-01 nan nan nan
2.296250000000000124e+00 1.004039249999999939e+00 nan nan nan
2.298750000000000071e+00 9.958652499999999241e-01 nan nan nan
2.301250000000000018e+00 9.918780000000000374e-01 nan nan nan
2.303749999999999964e+00 9.973689999999999500e-01 nan nan nan
2.306249999999999911e+00 9.994149999999999423e-01 nan nan nan
2.308749999999999858e+00 9.915745000000000253e-01 nan nan nan
2.311249999999999805e+00 9.935722499999999346e-01 nan nan nan
2.313750000000000195e+00 9.940152500000000169e-01 nan nan nan
2.316250000000000142e+00 1.000260249999999962e+00 nan nan nan
2.318750000000000089e+00 9.963542500000001079e-01 nan nan nan
2.321250000000000036e+00 9.930059999999999443e-01 nan nan nan
2.323749999999999982e+00 9.869852500000000362e-01 nan nan nan
2.326249999999999929e+00 9.927832500000000060e-01 nan nan nan
2.328749999999999876e+00 1.001133250000000086e+00 nan nan nan
2.331249999999999822e+00 9.900965000000000460e-01 nan nan nan
2.333750000000000213e+00 9.964745000000000408e-01 nan nan nan
2.336250000000000160e+00 9.933877499999999028e-01 nan nan nan
2.338750000000000107e+00 9.939617499999999772e-01 nan nan nan
2.341250000000000053e+00 9.994482499999999270e-01 nan nan nan
2.343750000000000000e+00 9.965534999999999810e-01 nan nan nan
2.346249999999999947e+00 9.902042500000001191e-01 nan nan nan
2.348749999999999893e+00 9.917850000000000277e-01 nan nan nan
2.351249999999999840e+00 9.850082499999999186e-01 nan nan nan
2.353749999999999787e+00 9.889529999999999710e-01 nan nan nan
2.356250000000000178e+00 9.840612500000001095e-01 nan nan nan
2.358750000000000124e+00 9.942030000000000589e-01 nan nan nan
2.361250000000000071e+00 9.891569999999999530e-01 nan nan nan
2.363750000000000018e+00 9.927779999999999383e-01 nan nan nan
2.366249999999999964e+00 9.896134999999999238e-01 nan nan nan
2.368749999999999911e+00 9.863247499999999723e-01 nan nan nan
2.371249999999999858e+00 9.901934999999999487e-01 nan nan nan
2.373749999999999805e+00 9.878379999999999939e-01 nan nan nan
2.376250000000000195e+00 9.923135000000000705e-01 nan nan nan
2.378750000000000142e+00 9.916215000000000446e-01 nan nan nan
2.381250000000000089e+00 9.794502499999999667e-01 nan nan nan
2.383750000000000036e+00 9.746445000000000247e-01 nan nan nan
2.386249999999999982e+00 9.809767499999999529e-01 nan nan nan
2.388749999999999929e+00 9.898209999999999509e-01 nan nan nan
2.391249999999999876e+00 9.895755000000000523e-01 nan nan nan
2.393749999999999822e+00 9.891960000000000752e-01 nan nan nan
2.396250000000000213e+00 9.792499999999999538e-01 nan nan nan
2.398750000000000160e+00 9.877502499999999408e-01 nan nan nan
2.401250000000000107e+00 9.830927499999999597e-01 nan nan nan
2.403750000000000053e+00 9.847239999999999327e-01 nan nan nan
2.406250000000000000e+00 9.788574999999999360e-01 nan nan nan
2.408749999999999947e+00 9.826122499999999649e-01 nan nan nan
2.411249999999999893e+00 9.735995000000000621e-01 nan nan nan
2.413749999999999840e+00 9.801604999999999901e-01 nan nan nan
2.416249999999999787e+00 9.850152500000000089e-01 nan nan nan
2.418750000000000178e+00 9.848272499999999319e-01 nan nan nan
2.421250000000000124e+00 9.810165000000000690e-01 nan nan nan
2.423750000000000071e+00 9.849672499999999609e-01 nan nan nan
2.426250000000000018e+00 9.801957499999999213e-01 nan nan nan
2.428749999999999964e+00 9.788899999999999268e-01 nan nan nan
2.431249999999999911e+00 9.838685000000000347e-01 nan nan nan
2.433749999999999858e+00 9.896190000000000264e-01 nan nan nan
2.436249999999999805e+00 9.905239999999999601e-01 nan nan nan
2.438750000000000195e+00 9.872330000000000272e-01 nan nan nan
2.441250000000000142e+00 9.798782499999999507e-01 nan nan nan
2.443750000000000089e+00 9.804509999999999614e-01 nan nan nan
2.446250000000000036e+00 9.896237500000000242e-01 nan nan nan
2.448749999999999982e+00 9.858867500000000339e-01 nan nan nan
2.451249999999999929e+00 9.853582499999999911e-01 nan nan nan
2.453749999999999876e+00 9.841324999999998546e-01 nan nan nan
2.456249999999999822e+00 9.793487499999999901e-01 nan nan nan
2.458750000000000213e+00 9.764742500000000991e-01 nan nan nan
2.461250000000000160e+00 9.927317499999999129e-01 nan nan nan
2.463750000000000107e+00 9.801814999999999278e-01 nan nan nan
2.466250000000000053e+00 9.742447499999999927e-01 nan nan nan
2.468750000000000000e+00 9.833502499999999813e-01 nan nan nan
2.471249999999999947e+00 9.743245000000000378e-01 nan nan nan
2.473749999999999893e+00 9.832437499999999719e-01 nan nan nan
2.476249999999999840e+00 9.781075000000000186e-01 nan nan nan
2.478749999999999787e+00 9.788462499999999178e-01 nan nan nan
2.481250000000000178e+00 9.829054999999999875e-01 nan nan nan
2.483750000000000124e+00 9.861217500000000191e-01 nan nan nan
2.486250000000000071e+00 9.873687500000000172e-01 nan nan nan
2.488750000000000018e+00 9.818142499999999995e-01 nan nan nan
2.491249999999999964e+00 9.853149999999999409e-01 nan nan nan
2.493749999999999911e+00 9.806617499999999987e-01 nan nan nan
2.496249999999999858e+00 9.825144999999999573e-01 nan nan nan
2.498749999999999805e+00 9.823209999999999997e-01 nan nan nan
