1.250000000000000026e-03 0.000000000000000000e+00 nan nan nan
3.749999999999999861e-03 0.000000000000000000e+00 nan nan nan
6.250000000000000347e-03 0.000000000000000000e+00 nan nan nan
8.750000000000000833e-03 0.000000000000000000e+00 nan nan nan
1.124999999999999958e-02 0.000000000000000000e+00 nan nan nan
1.375000000000000007e-02 0.000000000000000000e+00 nan nan nan
1.625000000000000056e-02 0.000000000000000000e+00 nan nan nan
1.874999999999999931e-02 0.000000000000000000e+00 nan nan nan
2.125000000000000153e-02 0.000000000000000000e+00 nan nan nan
2.375000000000000028e-02 0.000000000000000000e+00 nan nan nan
2.624999999999999903e-02 0.000000000000000000e+00 nan nan nan
2.875000000000000125e-02 0.000000000000000000e+00 nan nan nan
3.125000000000000000e-02 0.000000000000000000e+00 nan nan nan
3.375000000000000222e-02 0.000000000000000000e+00 nan nan nan
3.624999999999999750e-02 0.000000000000000000e+00 nan nan nan
3.874999999999999972e-02 0.000000000000000000e+00 nan nan nan
4.125000000000000194e-02 0.000000000000000000e+00 nan nan nan
4.374999999999999722e-02 0.000000000000000000e+00 nan nan nan
4.624999999999999944e-02 0.000000000000000000e+00 nan nan nan
4.875000000000000167e-02 0.000000000000000000e+00 nan nan nan
5.124999999999999695e-02 0.000000000000000000e+00 nan nan nan
5.374999999999999917e-02 0.000000000000000000e+00 nan nan nan
5.625000000000000139e-02 0.000000000000000000e+00 nan nan nan
5.874999999999999667e-02 0.000000000000000000e+00 nan nan nan
6.124999999999999889e-02 0.000000000000000000e+00 nan nan nan
6.375000000000000111e-02 0.000000000000000000e+00 nan nan nan
6.625000000000000333e-02 0.000000000000000000e+00 nan nan nan
6.875000000000000555e-02 0.000000000000000000e+00 nan nan nan
7.124999999999999389e-02 0.000000000000000000e+00 nan nan nan
7.374999999999999611e-02 0.000000000000000000e+00 nan nan nan
7.624999999999999833e-02 0.000000000000000000e+00 nan nan nan
7.875000000000000056e-02 0.000000000000000000e+00 nan nan nan
8.125000000000000278e-02 0.000000000000000000e+00 nan nan nan
8.375000000000000500e-02 0.000000000000000000e+00 nan nan nan
8.624999999999999334e-02 0.000000000000000000e+00 nan nan nan
8.874999999999999556e-02 0.000000000000000000e+00 nan nan nan
9.124999999999999778e-02 0.000000000000000000e+00 nan nan nan
9.375000000000000000e-02 0.000000000000000000e+00 nan nan nan
9.625000000000000222e-02 0.000000000000000000e+00 nan nan nan
9.875000000000000444e-02 0.000000000000000000e+00 nan nan nan
1.012500000000000067e-01 0.000000000000000000e+00 nan nan nan
1.037499999999999950e-01 0.000000000000000000e+00 nan nan nan
1.062499999999999972e-01 0.000000000000000000e+00 nan nan nan
1.087499999999999994e-01 0.000000000000000000e+00 nan nan nan
1.112500000000000017e-01 0.000000000000000000e+00 nan nan nan
1.137500000000000039e-01 0.000000000000000000e+00 nan nan nan
1.162500000000000061e-01 0.000000000000000000e+00 nan nan nan
1.187499999999999944e-01 0.000000000000000000e+00 nan nan nan
1.212499999999999967e-01 0.000000000000000000e+00 nan nan nan
1.237499999999999989e-01 0.000000000000000000e+00 nan nan nan
1.262500000000000011e-01 0.000000000000000000e+00 nan nan nan
1.287500000000000033e-01 0.000000000000000000e+00 nan nan nan
1.312500000000000056e-01 0.000000000000000000e+00 nan nan nan
1.337500000000000078e-01 0.000000000000000000e+00 nan nan nan
1.362500000000000100e-01 0.000000000000000000e+00 nan nan nan
1.387500000000000122e-01 0.000000000000000000e+00 nan nan nan
1.412499999999999867e-01 0.000000000000000000e+00 nan nan nan
1.437499999999999889e-01 0.000000000000000000e+00 nan nan nan
1.462499999999999911e-01 0.000000000000000000e+00 nan nan nan
1.487499999999999933e-01 0.000000000000000000e+00 nan nan nan
1.512499999999999956e-01 0.000000000000000000e+00 nan nan nan
1.537499999999999978e-01 0.000000000000000000e+00 nan nan nan
1.562500000000000000e-01 0.000000000000000000e+00 nan nan nan
1.587500000000000022e-01 0.000000000000000000e+00 nan nan nan
1.612500000000000044e-01 0.000000000000000000e+00 nan nan nan
1.637500000000000067e-01 0.000000000000000000e+00 nan nan nan
1.662500000000000089e-01 0.000000000000000000e+00 nan nan nan
1.687500000000000111e-01 0.000000000000000000e+00 nan nan nan
1.712500000000000133e-01 0.000000000000000000e+00 nan nan nan
1.737499999999999878e-01 0.000000000000000000e+00 nan nan nan
1.762499999999999900e-01 0.000000000000000000e+00 nan nan nan
1.787499999999999922e-01 0.000000000000000000e+00 nan nan nan
1.812499999999999944e-01 0.000000000000000000e+00 nan nan nan
1.837499999999999967e-01 0.000000000000000000e+00 nan nan nan
1.862499999999999989e-01 0.000000000000000000e+00 nan nan nan
1.887500000000000011e-01 0.000000000000000000e+00 nan nan nan
1.912500000000000033e-01 0.000000000000000000e+00 nan nan nan
1.937500000000000056e-01 0.000000000000000000e+00 nan nan nan
1.962500000000000078e-01 0.000000000000000000e+00 nan nan nan
1.987500000000000100e-01 0.000000000000000000e+00 nan nan nan
2.012500000000000122e-01 0.000000000000000000e+00 nan nan nan
2.037499999999999867e-01 0.000000000000000000e+00 nan nan nan
2.062499999999999889e-01 0.000000000000000000e+00 nan nan nan
2.087499999999999911e-01 0.000000000000000000e+00 nan nan nan
2.112499999999999933e-01 0.000000000000000000e+00 nan nan nan
2.137499999999999956e-01 0.000000000000000000e+00 nan nan nan
2.162499999999999978e-01 0.000000000000000000e+00 nan nan nan
2.187500000000000000e-01 0.000000000000000000e+00 nan nan nan
2.212500000000000022e-01 0.000000000000000000e+00 nan nan nan
2.237500000000000044e-01 0.000000000000000000e+00 nan nan nan
2.262500000000000067e-01 0.000000000000000000e+00 nan nan nan
2.287500000000000089e-01 0.000000000000000000e+00 nan nan nan
2.312500000000000111e-01 0.000000000000000000e+00 nan nan nan
2.337500000000000133e-01 0.000000000000000000e+00 nan nan nan
2.362499999999999878e-01 0.000000000000000000e+00 nan nan nan
2.387499999999999900e-01 0.000000000000000000e+00 nan nan nan
2.412499999999999922e-01 0.000000000000000000e+00 nan nan nan
2.437499999999999944e-01 0.000000000000000000e+00 nan nan nan
2.462499999999999967e-01 0.000000000000000000e+00 nan nan nan
2.487499999999999989e-01 0.000000000000000000e+00 nan nan nan
2.512499999999999734e-01 0.000000000000000000e+00 nan nan nan
2.537499999999999756e-01 0.000000000000000000e+00 nan nan nan
2.562499999999999778e-01 0.000000000000000000e+00 nan nan nan
2.587499999999999800e-01 0.000000000000000000e+00 nan nan nan
2.612499999999999822e-01 0.000000000000000000e+00 nan nan nan
2.637499999999999845e-01 0.000000000000000000e+00 nan nan nan
2.662499999999999867e-01 0.000000000000000000e+00 nan nan nan
2.687499999999999889e-01 0.000000000000000000e+00 nan nan nan
2.712499999999999911e-01 0.000000000000000000e+00 nan nan nan
2.737499999999999933e-01 0.000000000000000000e+00 nan nan nan
2.762499999999999956e-01 0.000000000000000000e+00 nan nan nan
2.787499999999999978e-01 0.000000000000000000e+00 nan nan nan
2.812500000000000000e-01 0.000000000000000000e+00 nan nan nan
2.837500000000000022e-01 0.000000000000000000e+00 nan nan nan
2.862500000000000044e-01 0.000000000000000000e+00 nan nan nan
2.887500000000000067e-01 0.000000000000000000e+00 nan nan nan
2.912500000000000089e-01 0.000000000000000000e+00 nan nan nan
2.937500000000000111e-01 0.000000000000000000e+00 nan nan nan
2.962500000000000133e-01 0.000000000000000000e+00 nan nan nan
2.987500000000000155e-01 0.000000000000000000e+00 nan nan nan
3.012500000000000178e-01 0.000000000000000000e+00 nan nan nan
3.037500000000000200e-01 0.000000000000000000e+00 nan nan nan
3.062500000000000222e-01 0.000000000000000000e+00 nan nan nan
3.087500000000000244e-01 0.000000000000000000e+00 nan nan nan
3.112500000000000266e-01 0.000000000000000000e+00 nan nan nan
3.137499999999999734e-01 0.000000000000000000e+00 nan nan nan
3.162499999999999756e-01 0.000000000000000000e+00 nan nan nan
3.187499999999999778e-01 0.000000000000000000e+00 nan nan nan
3.212499999999999800e-01 0.000000000000000000e+00 nan nan nan
3.237499999999999822e-01 0.000000000000000000e+00 nan nan nan
3.262499999999999845e-01 0.000000000000000000e+00 nan nan nan
3.287499999999999867e-01 0.000000000000000000e+00 nan nan nan
3.312499999999999889e-01 0.000000000000000000e+00 nan nan nan
3.337499999999999911e-01 0.000000000000000000e+00 nan nan nan
3.362499999999999933e-01 0.000000000000000000e+00 nan nan nan
3.387499999999999956e-01 0.000000000000000000e+00 nan nan nan
3.412499999999999978e-01 0.000000000000000000e+00 nan nan nan
3.437500000000000000e-01 0.000000000000000000e+00 nan nan nan
3.462500000000000022e-01 0.000000000000000000e+00 nan nan nan
3.487500000000000044e-01 0.000000000000000000e+00 nan nan nan
3.512500000000000067e-01 0.000000000000000000e+00 nan nan nan
3.537500000000000089e-01 0.000000000000000000e+00 nan nan nan
3.562500000000000111e-01 0.000000000000000000e+00 nan nan nan
3.587500000000000133e-01 0.000000000000000000e+00 nan nan nan
3.612500000000000155e-01 0.000000000000000000e+00 nan nan nan
3.637500000000000178e-01 0.000000000000000000e+00 nan nan nan
3.662500000000000200e-01 0.000000000000000000e+00 nan nan nan
3.687500000000000222e-01 0.000000000000000000e+00 nan nan nan
3.712500000000000244e-01 0.000000000000000000e+00 nan nan nan
3.737500000000000266e-01 0.000000000000000000e+00 nan nan nan
3.762499999999999734e-01 0.000000000000000000e+00 nan nan nan
3.787499999999999756e-01 0.000000000000000000e+00 nan nan nan
3.812499999999999778e-01 0.000000000000000000e+00 nan nan nan
3.837499999999999800e-01 0.000000000000000000e+00 nan nan nan
3.862499999999999822e-01 0.000000000000000000e+00 nan nan nan
3.887499999999999845e-01 0.000000000000000000e+00 nan nan nan
3.912499999999999867e-01 0.000000000000000000e+00 nan nan nan
3.937499999999999889e-01 0.000000000000000000e+00 nan nan nan
3.962499999999999911e-01 0.000000000000000000e+00 nan nan nan
3.987499999999999933e-01 0.000000000000000000e+00 nan nan nan
4.012499999999999956e-01 0.000000000000000000e+00 nan nan nan
4.037499999999999978e-01 0.000000000000000000e+00 nan nan nan
4.062500000000000000e-01 0.000000000000000000e+00 nan nan nan
4.087500000000000022e-01 0.000000000000000000e+00 nan nan nan
4.112500000000000044e-01 0.000000000000000000e+00 nan nan nan
4.137500000000000067e-01 0.000000000000000000e+00 nan nan nan
4.162500000000000089e-01 0.000000000000000000e+00 nan nan nan
4.187500000000000111e-01 0.000000000000000000e+00 nan nan nan
4.212500000000000133e-01 0.000000000000000000e+00 nan nan nan
4.237500000000000155e-01 0.000000000000000000e+00 nan nan nan
4.262500000000000178e-01 0.000000000000000000e+00 nan nan nan
4.287500000000000200e-01 0.000000000000000000e+00 nan nan nan
4.312500000000000222e-01 0.000000000000000000e+00 nan nan nan
4.337500000000000244e-01 0.000000000000000000e+00 nan nan nan
4.362500000000000266e-01 0.000000000000000000e+00 nan nan nan
4.387499999999999734e-01 0.000000000000000000e+00 nan nan nan
4.412499999999999756e-01 0.000000000000000000e+00 nan nan nan
4.437499999999999778e-01 0.000000000000000000e+00 nan nan nan
4.462499999999999800e-01 0.000000000000000000e+00 nan nan nan
4.487499999999999822e-01 0.000000000000000000e+00 nan nan nan
4.512499999999999845e-01 0.000000000000000000e+00 nan nan nan
4.537499999999999867e-01 0.000000000000000000e+00 nan nan nan
4.562499999999999889e-01 0.000000000000000000e+00 nan nan nan
4.587499999999999911e-01 0.000000000000000000e+00 nan nan nan
4.612499999999999933e-01 0.000000000000000000e+00 nan nan nan
4.637499999999999956e-01 0.000000000000000000e+00 nan nan nan
4.662499999999999978e-01 0.000000000000000000e+00 nan nan nan
4.687500000000000000e-01 0.000000000000000000e+00 nan nan nan
4.712500000000000022e-01 0.000000000000000000e+00 nan nan nan
4.737500000000000044e-01 0.000000000000000000e+00 nan nan nan
4.762500000000000067e-01 0.000000000000000000e+00 nan nan nan
4.787500000000000089e-01 0.000000000000000000e+00 nan nan nan
4.812500000000000111e-01 0.000000000000000000e+00 nan nan nan
4.837500000000000133e-01 0.000000000000000000e+00 nan nan nan
4.862500000000000155e-01 0.000000000000000000e+00 nan nan nan
4.887500000000000178e-01 0.000000000000000000e+00 nan nan nan
4.912500000000000200e-01 0.000000000000000000e+00 nan nan nan
4.937500000000000222e-01 0.000000000000000000e+00 nan nan nan
4.962500000000000244e-01 0.000000000000000000e+00 nan nan nan
4.987500000000000266e-01 0.000000000000000000e+00 nan nan nan
5.012499999999999734e-01 0.000000000000000000e+00 nan nan nan
5.037500000000000311e-01 0.000000000000000000e+00 nan nan nan
5.062499999999999778e-01 0.000000000000000000e+00 nan nan nan
5.087500000000000355e-01 0.000000000000000000e+00 nan nan nan
5.112499999999999822e-01 0.000000000000000000e+00 nan nan nan
5.137500000000000400e-01 0.000000000000000000e+00 nan nan nan
5.162499999999999867e-01 0.000000000000000000e+00 nan nan nan
5.187500000000000444e-01 0.000000000000000000e+00 nan nan nan
5.212499999999999911e-01 0.000000000000000000e+00 nan nan nan
5.237500000000000488e-01 0.000000000000000000e+00 nan nan nan
5.262499999999999956e-01 0.000000000000000000e+00 nan nan nan
5.287500000000000533e-01 0.000000000000000000e+00 nan nan nan
5.312500000000000000e-01 0.000000000000000000e+00 nan nan nan
5.337499999999999467e-01 0.000000000000000000e+00 nan nan nan
5.362500000000000044e-01 0.000000000000000000e+00 nan nan nan
5.387499999999999512e-01 0.000000000000000000e+00 nan nan nan
5.412500000000000089e-01 0.000000000000000000e+00 nan nan nan
5.437499999999999556e-01 0.000000000000000000e+00 nan nan nan
5.462500000000000133e-01 0.000000000000000000e+00 nan nan nan
5.487499999999999600e-01 0.000000000000000000e+00 nan nan nan
5.512500000000000178e-01 0.000000000000000000e+00 nan nan nan
5.537499999999999645e-01 0.000000000000000000e+00 nan nan nan
5.562500000000000222e-01 0.000000000000000000e+00 nan nan nan
5.587499999999999689e-01 0.000000000000000000e+00 nan nan nan
5.612500000000000266e-01 0.000000000000000000e+00 nan nan nan
5.637499999999999734e-01 0.000000000000000000e+00 nan nan nan
5.662500000000000311e-01 0.000000000000000000e+00 nan nan nan
5.687499999999999778e-01 0.000000000000000000e+00 nan nan nan
5.712500000000000355e-01 0.000000000000000000e+00 nan nan nan
5.737499999999999822e-01 0.000000000000000000e+00 nan nan nan
5.762500000000000400e-01 0.000000000000000000e+00 nan nan nan
5.787499999999999867e-01 0.000000000000000000e+00 nan nan nan
5.812500000000000444e-01 0.000000000000000000e+00 nan nan nan
5.837499999999999911e-01 0.000000000000000000e+00 nan nan nan
5.862500000000000488e-01 0.000000000000000000e+00 nan nan nan
5.887499999999999956e-01 0.000000000000000000e+00 nan nan nan
5.912500000000000533e-01 0.000000000000000000e+00 nan nan nan
5.937500000000000000e-01 0.000000000000000000e+00 nan nan nan
5.962499999999999467e-01 0.000000000000000000e+00 nan nan nan
5.987500000000000044e-01 0.000000000000000000e+00 nan nan nan
6.012499999999999512e-01 0.000000000000000000e+00 nan nan nan
6.037500000000000089e-01 0.000000000000000000e+00 nan nan nan
6.062499999999999556e-01 0.000000000000000000e+00 nan nan nan
6.087500000000000133e-01 0.000000000000000000e+00 nan nan nan
6.112499999999999600e-01 0.000000000000000000e+00 nan nan nan
6.137500000000000178e-01 0.000000000000000000e+00 nan nan nan
6.162499999999999645e-01 0.000000000000000000e+00 nan nan nan
6.187500000000000222e-01 0.000000000000000000e+00 nan nan nan
6.212499999999999689e-01 0.000000000000000000e+00 nan nan nan
6.237500000000000266e-01 0.000000000000000000e+00 nan nan nan
6.262499999999999734e-01 0.000000000000000000e+00 nan nan nan
6.287500000000000311e-01 0.000000000000000000e+00 nan nan nan
6.312499999999999778e-01 0.000000000000000000e+00 nan nan nan
6.337500000000000355e-01 0.000000000000000000e+00 nan nan nan
6.362499999999999822e-01 0.000000000000000000e+00 nan nan nan
6.387500000000000400e-01 0.000000000000000000e+00 nan nan nan
6.412499999999999867e-01 0.000000000000000000e+00 nan nan nan
6.437500000000000444e-01 0.000000000000000000e+00 nan nan nan
6.462499999999999911e-01 0.000000000000000000e+00 nan nan nan
6.487500000000000488e-01 0.000000000000000000e+00 nan nan nan
6.512499999999999956e-01 0.000000000000000000e+00 nan nan nan
6.537500000000000533e-01 0.000000000000000000e+00 nan nan nan
6.562500000000000000e-01 0.000000000000000000e+00 nan nan nan
6.587499999999999467e-01 0.000000000000000000e+00 nan nan nan
6.612500000000000044e-01 0.000000000000000000e+00 nan nan nan
6.637499999999999512e-01 0.000000000000000000e+00 nan nan nan
6.662500000000000089e-01 0.000000000000000000e+00 nan nan nan
6.687499999999999556e-01 0.000000000000000000e+00 nan nan nan
6.712500000000000133e-01 0.000000000000000000e+00 nan nan nan
6.737499999999999600e-01 0.000000000000000000e+00 nan nan nan
6.762500000000000178e-01 0.000000000000000000e+00 nan nan nan
6.787499999999999645e-01 0.000000000000000000e+00 nan nan nan
6.812500000000000222e-01 0.000000000000000000e+00 nan nan nan
6.837499999999999689e-01 0.000000000000000000e+00 nan nan nan
6.862500000000000266e-01 0.000000000000000000e+00 nan nan nan
6.887499999999999734e-01 0.000000000000000000e+00 nan nan nan
6.912500000000000311e-01 0.000000000000000000e+00 nan nan nan
6.937499999999999778e-01 0.000000000000000000e+00 nan nan nan
6.962500000000000355e-01 0.000000000000000000e+00 nan nan nan
6.987499999999999822e-01 0.000000000000000000e+00 nan nan nan
7.012500000000000400e-01 0.000000000000000000e+00 nan nan nan
7.037499999999999867e-01 0.000000000000000000e+00 nan nan nan
7.062500000000000444e-01 0.000000000000000000e+00 nan nan nan
7.087499999999999911e-01 0.000000000000000000e+00 nan nan nan
7.112500000000000488e-01 0.000000000000000000e+00 nan nan nan
7.137499999999999956e-01 0.000000000000000000e+00 nan nan nan
7.162500000000000533e-01 0.000000000000000000e+00 nan nan nan
7.187500000000000000e-01 0.000000000000000000e+00 nan nan nan
7.212499999999999467e-01 0.000000000000000000e+00 nan nan nan
7.237500000000000044e-01 0.000000000000000000e+00 nan nan nan
7.262499999999999512e-01 0.000000000000000000e+00 nan nan nan
7.287500000000000089e-01 0.000000000000000000e+00 nan nan nan
7.312499999999999556e-01 0.000000000000000000e+00 nan nan nan
7.337500000000000133e-01 0.000000000000000000e+00 nan nan nan
7.362499999999999600e-01 0.000000000000000000e+00 nan nan nan
7.387500000000000178e-01 0.000000000000000000e+00 nan nan nan
7.412499999999999645e-01 0.000000000000000000e+00 nan nan nan
7.437500000000000222e-01 0.000000000000000000e+00 nan nan nan
7.462499999999999689e-01 0.000000000000000000e+00 nan nan nan
7.487500000000000266e-01 0.000000000000000000e+00 nan nan nan
7.512499999999999734e-01 0.000000000000000000e+00 nan nan nan
7.537500000000000311e-01 0.000000000000000000e+00 nan nan nan
7.562499999999999778e-01 0.000000000000000000e+00 nan nan nan
7.587500000000000355e-01 0.000000000000000000e+00 nan nan nan
7.612499999999999822e-01 0.000000000000000000e+00 nan nan nan
7.637500000000000400e-01 0.000000000000000000e+00 nan nan nan
7.662499999999999867e-01 0.000000000000000000e+00 nan nan nan
7.687500000000000444e-01 0.000000000000000000e+00 nan nan nan
7.712499999999999911e-01 0.000000000000000000e+00 nan nan nan
7.737500000000000488e-01 0.000000000000000000e+00 nan nan nan
7.762499999999999956e-01 0.000000000000000000e+00 nan nan nan
7.787500000000000533e-01 0.000000000000000000e+00 nan nan nan
7.812500000000000000e-01 0.000000000000000000e+00 nan nan nan
7.837499999999999467e-01 0.000000000000000000e+00 nan nan nan
7.862500000000000044e-01 0.000000000000000000e+00 nan nan nan
7.887499999999999512e-01 0.000000000000000000e+00 nan nan nan
7.912500000000000089e-01 0.000000000000000000e+00 nan nan nan
7.937499999999999556e-01 0.000000000000000000e+00 nan nan nan
7.962500000000000133e-01 0.000000000000000000e+00 nan nan nan
7.987499999999999600e-01 0.000000000000000000e+00 nan nan nan
8.012500000000000178e-01 1.979999999999999881e-04 nan nan nan
8.037499999999999645e-01 0.000000000000000000e+00 nan nan nan
8.062500000000000222e-01 1.955000000000000086e-04 nan nan nan
8.087499999999999689e-01 3.890000000000000228e-04 nan nan nan
8.112500000000000266e-01 1.932500000000000081e-04 nan nan nan
8.137499999999999734e-01 3.840000000000000097e-04 nan nan nan
8.162500000000000311e-01 3.817499999999999821e-04 nan nan nan
8.187499999999999778e-01 1.897500000000000044e-04 nan nan nan
8.212500000000000355e-01 1.508000000000000009e-03 nan nan nan
8.237499999999999822e-01 2.623249999999999714e-03 nan nan nan
8.262500000000000400e-01 2.235000000000000007e-03 nan nan nan
8.287499999999999867e-01 3.146999999999999624e-03 nan nan nan
8.312500000000000444e-01 3.680000000000000111e-03 nan nan nan
8.337499999999999911e-01 5.670000000000000560e-03 nan nan nan
8.362500000000000488e-01 8.000000000000000167e-03 nan nan nan
8.387499999999999956e-01 1.138625000000000054e-02 nan nan nan
8.412500000000000533e-01 1.419325000000000100e-02 nan nan nan
8.437500000000000000e-01 1.839574999999999891e-02 nan nan nan
8.462499999999999467e-01 2.254824999999999885e-02 nan nan nan
8.487500000000000044e-01 3.018150000000000346e-02 nan nan nan
8.512499999999999512e-01 3.439150000000000540e-02 nan nan nan
8.537500000000000089e-01 3.750475000000000336e-02 nan nan nan
8.562499999999999556e-01 4.994600000000000428e-02 nan nan nan
8.587500000000000133e-01 5.448324999999999696e-02 nan nan nan
8.612499999999999600e-01 6.668075000000001085e-02 nan nan nan
8.637500000000000178e-01 8.879149999999999543e-02 nan nan nan
8.662499999999999645e-01 9.183824999999998240e-02 nan nan nan
8.687500000000000222e-01 1.056299999999999878e-01 nan nan nan
8.712499999999999689e-01 1.308205000000000062e-01 nan nan nan
8.737500000000000266e-01 1.487257499999999899e-01 nan nan nan
8.762499999999999734e-01 1.761957500000000121e-01 nan nan nan
8.787500000000000311e-01 1.962705000000000144e-01 nan nan nan
8.812499999999999778e-01 2.130042499999999783e-01 nan nan nan
8.837500000000000355e-01 2.516862500000000002e-01 nan nan nan
8.862499999999999822e-01 2.729320000000000079e-01 nan nan nan
8.887500000000000400e-01 3.097100000000000408e-01 nan nan nan
8.912499999999999867e-01 3.326260000000000328e-01 nan nan nan
8.937500000000000444e-01 3.713575000000000070e-01 nan nan nan
8.962499999999999911e-01 4.170920000000000183e-01 nan nan nan
8.987500000000000488e-01 4.522379999999999733e-01 nan nan nan
9.012499999999999956e-01 4.857364999999999600e-01 nan nan nan
9.037500000000000533e-01 5.341135000000000188e-01 nan nan nan
9.062500000000000000e-01 5.579537500000000261e-01 nan nan nan
9.087499999999999467e-01 6.170894999999999575e-01 nan nan nan
9.112500000000000044e-01 6.498450000000000060e-01 nan nan nan
9.137499999999999512e-01 6.775120000000000031e-01 nan nan nan
9.162500000000000089e-01 7.443977499999999692e-01 nan nan nan
9.187499999999999556e-01 7.968387500000000401e-01 nan nan nan
9.212500000000000133e-01 8.454045000000000032e-01 nan nan nan
9.237499999999999600e-01 9.023737500000000855e-01 nan nan nan
9.262500000000000178e-01 9.204802499999999998e-01 nan nan nan
9.287499999999999645e-01 9.976362499999998912e-01 nan nan nan
9.312500000000000222e-01 1.031285999999999925e+00 nan nan nan
9.337499999999999689e-01 1.042687750000000024e+00 nan nan nan
9.362500000000000266e-01 1.123868250000000124e+00 nan nan nan
9.387499999999999734e-01 1.162617250000000046e+00 nan nan nan
9.412500000000000311e-01 1.177977249999999865e+00 nan nan nan
9.437499999999999778e-01 1.250974250000000065e+00 nan nan nan
9.462500000000000355e-01 1.299327999999999816e+00 nan nan nan
9.487499999999999822e-01 1.336702749999999940e+00 nan nan nan
9.512500000000000400e-01 1.383924249999999967e+00 nan nan nan
9.537499999999999867e-01 1.446987000000000023e+00 nan nan nan
9.562500000000000444e-01 1.440821499999999755e+00 nan nan nan
9.587499999999999911e-01 1.508427500000000032e+00 nan nan nan
9.612500000000000488e-01 1.524809999999999999e+00 nan nan nan
9.637499999999999956e-01 1.531420250000000038e+00 nan nan nan
9.662500000000000533e-01 1.594730499999999829e+00 nan nan nan
9.687500000000000000e-01 1.624445750000000022e+00 nan nan nan
9.712499999999999467e-01 1.673917249999999690e+00 nan nan nan
9.737500000000000044e-01 1.671635749999999865e+00 nan nan nan
9.762499999999999512e-01 1.725520749999999826e+00 nan nan nan
9.787500000000000089e-01 1.753350249999999999e+00 nan nan nan
9.812499999999999556e-01 1.770970499999999781e+00 nan nan nan
9.837500000000000133e-01 1.811249499999999735e+00 nan nan nan
9.862499999999999600e-01 1.810445000000000082e+00 nan nan nan
9.887500000000000178e-01 1.845650749999999896e+00 nan nan nan
9.912499999999999645e-01 1.855763250000000086e+00 nan nan nan
9.937500000000000222e-01 1.872703000000000007e+00 nan nan nan
9.962499999999999689e-01 1.880226249999999988e+00 nan nan nan
9.987500000000000266e-01 1.894789000000000057e+00 nan nan nan
1.001249999999999973e+00 1.918695000000000039e+00 nan nan nan
1.003749999999999920e+00 1.930098499999999939e+00 nan nan nan
1.006250000000000089e+00 1.919640750000000118e+00 nan nan nan
1.008750000000000036e+00 1.935378250000000078e+00 nan nan nan
1.011249999999999982e+00 1.925074500000000022e+00 nan nan nan
1.013749999999999929e+00 1.956048749999999892e+00 nan nan nan
1.016250000000000098e+00 1.965888499999999928e+00 nan nan nan
1.018750000000000044e+00 1.940447999999999951e+00 nan nan nan
1.021249999999999991e+00 1.985453750000000017e+00 nan nan nan
1.023749999999999938e+00 1.965820750000000006e+00 nan nan nan
1.026250000000000107e+00 1.999233250000000073e+00 nan nan nan
1.028750000000000053e+00 1.975351750000000184e+00 nan nan nan
1.031250000000000000e+00 1.973438000000000025e+00 nan nan nan
1.033749999999999947e+00 1.974969250000000009e+00 nan nan nan
1.036249999999999893e+00 1.964267249999999798e+00 nan nan nan
1.038750000000000062e+00 1.967314749999999890e+00 nan nan nan
1.041250000000000009e+00 1.974766750000000126e+00 nan nan nan
1.043749999999999956e+00 1.948044499999999957e+00 nan nan nan
1.046249999999999902e+00 1.951290750000000074e+00 nan nan nan
1.048750000000000071e+00 1.952981499999999926e+00 nan nan nan
1.051250000000000018e+00 1.943703249999999993e+00 nan nan nan
1.053749999999999964e+00 1.946171249999999908e+00 nan nan nan
1.056249999999999911e+00 1.940046500000000007e+00 nan nan nan
1.058750000000000080e+00 1.910251750000000026e+00 nan nan nan
1.061250000000000027e+00 1.929372750000000192e+00 nan nan nan
1.063749999999999973e+00 1.952675750000000043e+00 nan nan nan
1.066249999999999920e+00 1.898682749999999864e+00 nan nan nan
1.068750000000000089e+00 1.895376249999999985e+00 nan nan nan
1.071250000000000036e+00 1.884656249999999922e+00 nan nan nan
1.073749999999999982e+00 1.882397000000000098e+00 nan nan nan
1.076249999999999929e+00 1.840730999999999895e+00 nan nan nan
1.078750000000000098e+00 1.843463250000000109e+00 nan nan nan
1.081250000000000044e+00 1.843431250000000077e+00 nan nan nan
1.083749999999999991e+00 1.807872500000000215e+00 nan nan nan
1.086249999999999938e+00 1.825961249999999980e+00 nan nan nan
1.088750000000000107e+00 1.791412749999999887e+00 nan nan nan
1.091250000000000053e+00 1.795386250000000183e+00 nan nan nan
1.093750000000000000e+00 1.773583750000000014e+00 nan nan nan
1.096249999999999947e+00 1.788039249999999969e+00 nan nan nan
1.098749999999999893e+00 1.752422999999999842e+00 nan nan nan
1.101250000000000062e+00 1.741330749999999927e+00 nan nan nan
1.103750000000000009e+00 1.733659749999999944e+00 nan nan nan
1.106249999999999956e+00 1.722092500000000026e+00 nan nan nan
1.108749999999999902e+00 1.727367499999999945e+00 nan nan nan
1.111250000000000071e+00 1.680065999999999837e+00 nan nan nan
1.113750000000000018e+00 1.694160000000000110e+00 nan nan nan
1.116249999999999964e+00 1.677191750000000203e+00 nan nan nan
1.118749999999999911e+00 1.651723250000000087e+00 nan nan nan
1.121250000000000080e+00 1.666817999999999911e+00 nan nan nan
1.123750000000000027e+00 1.612489999999999979e+00 nan nan nan
1.126249999999999973e+00 1.614762250000000066e+00 nan nan nan
1.128749999999999920e+00 1.620091500000000018e+00 nan nan nan
1.131250000000000089e+00 1.598532249999999877e+00 nan nan nan
1.133750000000000036e+00 1.570618749999999952e+00 nan nan nan
1.136249999999999982e+00 1.583706749999999941e+00 nan nan nan
1.138749999999999929e+00 1.564700250000000015e+00 nan nan nan
1.141250000000000098e+00 1.554240999999999762e+00 nan nan nan
1.143750000000000044e+00 1.525876250000000045e+00 nan nan nan
1.146249999999999991e+00 1.536743250000000005e+00 nan nan nan
1.148749999999999938e+00 1.516669000000000045e+00 nan nan nan
1.151250000000000107e+00 1.521409250000000046e+00 nan nan nan
1.153750000000000053e+00 1.508328249999999926e+00 nan nan nan
1.156250000000000000e+00 1.507899249999999913e+00 nan nan nan
1.158749999999999947e+00 1.486721500000000029e+00 nan nan nan
1.161249999999999893e+00 1.462506749999999967e+00 nan nan nan
1.163750000000000062e+00 1.449564250000000110e+00 nan nan nan
1.166250000000000009e+00 1.455041500000000099e+00 nan nan nan
1.168749999999999956e+00 1.459248749999999983e+00 nan nan nan
1.171249999999999902e+00 1.419566249999999918e+00 nan nan nan
1.173750000000000071e+00 1.384361750000000058e+00 nan nan nan
1.176250000000000018e+00 1.412210500000000035e+00 nan nan nan
1.178749999999999964e+00 1.411808750000000057e+00 nan nan nan
1.181249999999999911e+00 1.373490249999999691e+00 nan nan nan
1.183750000000000080e+00 1.366878250000000072e+00 nan nan nan
1.186250000000000027e+00 1.366002250000000195e+00 nan nan nan
1.188749999999999973e+00 1.359992749999999972e+00 nan nan nan
1.191249999999999920e+00 1.354021750000000246e+00 nan nan nan
1.193750000000000089e+00 1.347999500000000239e+00 nan nan nan
1.196250000000000036e+00 1.316071499999999839e+00 nan nan nan
1.198749999999999982e+00 1.333061749999999934e+00 nan nan nan
1.201249999999999929e+00 1.320910250000000064e+00 nan nan nan
1.203750000000000098e+00 1.288227500000000081e+00 nan nan nan
1.206250000000000044e+00 1.289534500000000028e+00 nan nan nan
1.208749999999999991e+00 1.301001750000000179e+00 nan nan nan
1.211249999999999938e+00 1.309243249999999970e+00 nan nan nan
1.213750000000000107e+00 1.292807749999999922e+00 nan nan nan
1.216250000000000053e+00 1.262829749999999862e+00 nan nan nan
1.218750000000000000e+00 1.277598999999999929e+00 nan nan nan
1.221249999999999947e+00 1.271180500000000047e+00 nan nan nan
1.223749999999999893e+00 1.225578000000000056e+00 nan nan nan
1.226250000000000062e+00 1.230056250000000073e+00 nan nan nan
1.228750000000000009e+00 1.240466999999999986e+00 nan nan nan
1.231249999999999956e+00 1.231073499999999932e+00 nan nan nan
1.233749999999999902e+00 1.217819499999999833e+00 nan nan nan
1.236250000000000071e+00 1.211068999999999951e+00 nan nan nan
1.238750000000000018e+00 1.200137000000000009e+00 nan nan nan
1.241249999999999964e+00 1.211977499999999930e+00 nan nan nan
1.243749999999999911e+00 1.185493249999999943e+00 nan nan nan
1.246250000000000080e+00 1.192448249999999987e+00 nan nan nan
1.248750000000000027e+00 1.176181499999999991e+00 nan nan nan
1.251249999999999973e+00 1.164664249999999956e+00 nan nan nan
1.253749999999999920e+00 1.152744500000000061e+00 nan nan nan
1.256250000000000089e+00 1.163388250000000124e+00 nan nan nan
1.258750000000000036e+00 1.154438250000000110e+00 nan nan nan
1.261249999999999982e+00 1.151145249999999898e+00 nan nan nan
1.263749999999999929e+00 1.137041250000000003e+00 nan nan nan
1.266250000000000098e+00 1.120661000000000129e+00 nan nan nan
1.268750000000000044e+00 1.133784249999999938e+00 nan nan nan
1.271249999999999991e+00 1.115482000000000085e+00 nan nan nan
1.273749999999999938e+00 1.115339749999999963e+00 nan nan nan
1.276250000000000107e+00 1.100904499999999953e+00 nan nan nan
1.278750000000000053e+00 1.095748749999999827e+00 nan nan nan
1.281250000000000000e+00 1.094807000000000086e+00 nan nan nan
1.283749999999999947e+00 1.088309999999999889e+00 nan nan nan
1.286249999999999893e+00 1.097532500000000022e+00 nan nan nan
1.288750000000000062e+00 1.077354999999999841e+00 nan nan nan
1.291250000000000009e+00 1.078602000000000061e+00 nan nan nan
1.293749999999999956e+00 1.080362500000000114e+00 nan nan nan
1.296249999999999902e+00 1.064167499999999933e+00 nan nan nan
1.298750000000000071e+00 1.057813249999999927e+00 nan nan nan
1.301250000000000018e+00 1.071023499999999906e+00 nan nan nan
1.303749999999999964e+00 1.037746250000000092e+00 nan nan nan
1.306249999999999911e+00 1.049203250000000143e+00 nan nan nan
1.308750000000000080e+00 1.029386750000000017e+00 nan nan nan
1.311250000000000027e+00 1.041217000000000059e+00 nan nan nan
1.313749999999999973e+00 1.037773749999999939e+00 nan nan nan
1.316249999999999920e+00 1.034202499999999914e+00 nan nan nan
1.318750000000000089e+00 1.024216499999999863e+00 nan nan nan
1.321250000000000036e+00 1.017212500000000075e+00 nan nan nan
1.323749999999999982e+00 1.030135000000000023e+00 nan nan nan
1.326249999999999929e+00 1.003773999999999944e+00 nan nan nan
1.328750000000000098e+00 1.003528999999999893e+00 nan nan nan
1.331250000000000044e+00 1.000696000000000030e+00 nan nan nan
1.333749999999999991e+00 9.922309999999999741e-01 nan nan nan
1.336249999999999938e+00 9.907289999999999708e-01 nan nan nan
1.338750000000000107e+00 9.723472499999999963e-01 nan nan nan
1.341250000000000053e+00 9.952305000000001289e-01 nan nan nan
1.343750000000000000e+00 9.875875000000000625e-01 nan nan nan
1.346249999999999947e+00 9.770477499999999926e-01 nan nan nan
1.348749999999999893e+00 9.634337499999999777e-01 nan nan nan
1.351250000000000062e+00 9.589670000000000138e-01 nan nan nan
1.353750000000000009e+00 9.754095000000000404e-01 nan nan nan
1.356249999999999956e+00 9.631074999999998942e-01 nan nan nan
1.358749999999999902e+00 9.572247499999999576e-01 nan nan nan
1.361250000000000071e+00 9.534377499999999728e-01 nan nan nan
1.363750000000000018e+00 9.425617499999999760e-01 nan nan nan
1.366249999999999964e+00 9.343474999999999975e-01 nan nan nan
1.368749999999999911e+00 9.449180000000000357e-01 nan nan nan
1.371250000000000080e+00 9.455329999999999568e-01 nan nan nan
1.373750000000000027e+00 9.355594999999999883e-01 nan nan nan
1.376249999999999973e+00 9.331704999999999028e-01 nan nan nan
1.378749999999999920e+00 9.263780000000000348e-01 nan nan nan
1.381250000000000089e+00 9.294925000000000548e-01 nan nan nan
1.383750000000000036e+00 9.203597500000000320e-01 nan nan nan
1.386249999999999982e+00 9.302097500000000574e-01 nan nan nan
1.388749999999999929e+00 9.115027499999999172e-01 nan nan nan
1.391250000000000098e+00 9.174922500000000092e-01 nan nan nan
1.393750000000000044e+00 9.155130000000000212e-01 nan nan nan
1.396249999999999991e+00 9.063022500000000869e-01 nan nan nan
1.398749999999999938e+00 9.091742500000000726e-01 nan nan nan
1.401250000000000107e+00 9.080700000000000438e-01 nan nan nan
1.403750000000000053e+00 9.008380000000000276e-01 nan nan nan
1.406250000000000000e+00 9.054819999999998981e-01 nan nan nan
1.408749999999999947e+00 8.785654999999999992e-01 nan nan nan
1.411249999999999893e+00 8.939697500000001185e-01 nan nan nan
1.413750000000000062e+00 9.030250000000000776e-01 nan nan nan
1.416250000000000009e+00 8.875420000000000531e-01 nan nan nan
1.418749999999999956e+00 8.818267499999999925e-01 nan nan nan
1.421249999999999902e+00 8.867842499999999406e-01 nan nan nan
1.423750000000000071e+00 8.674267500000000242e-01 nan nan nan
1.426250000000000018e+00 8.900160000000000293e-01 nan nan nan
1.428749999999999964e+00 8.656642500000000240e-01 nan nan nan
1.431249999999999911e+00 8.788427499999998949e-01 nan nan nan
1.433750000000000080e+00 8.661312500000000192e-01 nan nan nan
1.436250000000000027e+00 8.818570000000000020e-01 nan nan nan
1.438749999999999973e+00 8.693357500000000737e-01 nan nan nan
1.441249999999999920e+00 8.663834999999999731e-01 nan nan nan
1.443750000000000089e+00 8.633247500000000851e-01 nan nan nan
1.446250000000000036e+00 8.659352499999999342e-01 nan nan nan
1.448749999999999982e+00 8.573150000000000492e-01 nan nan nan
1.451249999999999929e+00 8.511039999999999717e-01 nan nan nan
1.453750000000000098e+00 8.680934999999999624e-01 nan nan nan
1.456250000000000044e+00 8.555820000000000647e-01 nan nan nan
1.458749999999999991e+00 8.500827499999999981e-01 nan nan nan
1.461249999999999938e+00 8.502730000000000565e-01 nan nan nan
1.463750000000000107e+00 8.551450000000000440e-01 nan nan nan
1.466250000000000053e+00 8.532367499999999882e-01 nan nan nan
1.468750000000000000e+00 8.426137499999999392e-01 nan nan nan
1.471249999999999947e+00 8.509132499999999544e-01 nan nan nan
1.473749999999999893e+00 8.305832499999999952e-01 nan nan nan
1.476250000000000062e+00 8.489510000000000112e-01 nan nan nan
1.478750000000000009e+00 8.438152500000000167e-01 nan nan nan
1.481249999999999956e+00 8.406217500000000564e-01 nan nan nan
1.483749999999999902e+00 8.387732500000000258e-01 nan nan nan
1.486250000000000071e+00 8.323850000000000415e-01 nan nan nan
1.488750000000000018e+00 8.393440000000000900e-01 nan nan nan
1.491249999999999964e+00 8.341309999999999558e-01 nan nan nan
1.493749999999999911e+00 8.533939999999999859e-01 nan nan nan
1.496250000000000080e+00 8.348127499999999923e-01 nan nan nan
1.498750000000000027e+00 8.421057499999999862e-01 nan nan nan
1.501249999999999973e+00 8.362002499999999783e-01 nan nan nan
1.503749999999999920e+00 8.353907500000000708e-01 nan nan nan
1.506250000000000089e+00 8.324515000000001219e-01 nan nan nan
1.508750000000000036e+00 8.285779999999999257e-01 nan nan nan
1.511249999999999982e+00 8.223867500000000552e-01 nan nan nan
1.513749999999999929e+00 8.225582499999999353e-01 nan nan nan
1.516250000000000098e+00 8.316834999999999090e-01 nan nan nan
1.518750000000000044e+00 8.241519999999999957e-01 nan nan nan
1.521249999999999991e+00 8.349610000000000642e-01 nan nan nan
1.523749999999999938e+00 8.200665000000000315e-01 nan nan nan
1.526250000000000107e+00 8.255149999999999988e-01 nan nan nan
1.528750000000000053e+00 8.200970000000000759e-01 nan nan nan
1.531250000000000000e+00 8.283752499999998964e-01 nan nan nan
1.533749999999999947e+00 8.267579999999998819e-01 nan nan nan
1.536249999999999893e+00 8.130787500000000723e-01 nan nan nan
1.538750000000000062e+00 8.105465000000000586e-01 nan nan nan
1.541250000000000009e+00 8.170184999999999809e-01 nan nan nan
1.543749999999999956e+00 8.262187500000000018e-01 nan nan nan
1.546249999999999902e+00 8.222195000000001031e-01 nan nan nan
1.548750000000000071e+00 8.204685000000000450e-01 nan nan nan
1.551250000000000018e+00 8.186185000000000267e-01 nan nan nan
1.553749999999999964e+00 8.189357499999999623e-01 nan nan nan
1.556249999999999911e+00 8.143640000000000878e-01 nan nan nan
1.558750000000000080e+00 8.179290000000000171e-01 nan nan nan
1.561250000000000027e+00 8.243362499999999926e-01 nan nan nan
1.563749999999999973e+00 8.237302499999999972e-01 nan nan nan
1.566249999999999920e+00 8.311579999999999524e-01 nan nan nan
1.568750000000000089e+00 8.175577499999999720e-01 nan nan nan
1.571250000000000036e+00 8.368462500000000137e-01 nan nan nan
1.573749999999999982e+00 8.071344999999999770e-01 nan nan nan
1.576249999999999929e+00 8.244834999999999248e-01 nan nan nan
1.578750000000000098e+00 8.162119999999999376e-01 nan nan nan
1.581250000000000044e+00 8.218199999999999950e-01 nan nan nan
1.583749999999999991e+00 8.148679999999999257e-01 nan nan nan
1.586249999999999938e+00 8.232165000000000177e-01 nan nan nan
1.588750000000000107e+00 8.199730000000000629e-01 nan nan nan
1.591250000000000053e+00 8.245290000000000674e-01 nan nan nan
1.593750000000000000e+00 8.223447500000000687e-01 nan nan nan
1.596249999999999947e+00 8.184237500000000054e-01 nan nan nan
1.598749999999999893e+00 8.200447499999999890e-01 nan nan nan
1.601250000000000062e+00 8.225442499999999768e-01 nan nan nan
1.603750000000000009e+00 8.179057499999999870e-01 nan nan nan
1.606249999999999956e+00 8.188600000000000323e-01 nan nan nan
1.608749999999999902e+00 8.155315000000000758e-01 nan nan nan
1.611250000000000071e+00 8.343559999999999865e-01 nan nan nan
1.613750000000000018e+00 8.303082499999999699e-01 nan nan nan
1.616249999999999964e+00 8.310024999999999773e-01 nan nan nan
1.618749999999999911e+00 8.307667499999999983e-01 nan nan nan
1.621250000000000080e+00 8.361885000000000012e-01 nan nan nan
1.623750000000000027e+00 8.302880000000000260e-01 nan nan nan
1.626249999999999973e+00 8.329294999999999893e-01 nan nan nan
1.628749999999999920e+00 8.236162500000000497e-01 nan nan nan
1.631250000000000089e+00 8.390122500000000150e-01 nan nan nan
1.633750000000000036e+00 8.353982500000000089e-01 nan nan nan
1.636249999999999982e+00 8.463827499999999615e-01 nan nan nan
1.638749999999999929e+00 8.357059999999999489e-01 nan nan nan
1.641250000000000098e+00 8.374105000000000576e-01 nan nan nan
1.643750000000000044e+00 8.404177500000000745e-01 nan nan nan
1.646249999999999991e+00 8.431217500000000031e-01 nan nan nan
1.648749999999999938e+00 8.303705000000000114e-01 nan nan nan
1.651250000000000107e+00 8.459510000000000085e-01 nan nan nan
1.653750000000000053e+00 8.350732499999999892e-01 nan nan nan
1.656250000000000000e+00 8.396919999999998829e-01 nan nan nan
1.658749999999999947e+00 8.367007499999998821e-01 nan nan nan
1.661249999999999893e+00 8.417402499999999677e-01 nan nan nan
1.663750000000000062e+00 8.442655000000001131e-01 nan nan nan
1.666250000000000009e+00 8.471837500000000132e-01 nan nan nan
1.668749999999999956e+00 8.529115000000000446e-01 nan nan nan
1.671249999999999902e+00 8.550050000000000150e-01 nan nan nan
1.673750000000000071e+00 8.546312499999999535e-01 nan nan nan
1.676250000000000018e+00 8.506357499999999128e-01 nan nan nan
1.678749999999999964e+00 8.550070000000000725e-01 nan nan nan
1.681249999999999911e+00 8.587187499999999751e-01 nan nan nan
1.683750000000000080e+00 8.551389999999999825e-01 nan nan nan
1.686250000000000027e+00 8.553779999999999717e-01 nan nan nan
1.688749999999999973e+00 8.583757499999999929e-01 nan nan nan
1.691249999999999920e+00 8.717979999999999619e-01 nan nan nan
1.693750000000000089e+00 8.549105000000000176e-01 nan nan nan
1.696250000000000036e+00 8.715269999999999406e-01 nan nan nan
1.698749999999999982e+00 8.710347499999999688e-01 nan nan nan
1.701249999999999929e+00 8.769989999999999730e-01 nan nan nan
1.703750000000000098e+00 8.646154999999999813e-01 nan nan nan
1.706250000000000044e+00 8.788547500000000179e-01 nan nan nan
1.708749999999999991e+00 8.748477500000000351e-01 nan nan nan
1.711249999999999938e+00 8.644780000000000797e-01 nan nan nan
1.713750000000000107e+00 8.818292500000000089e-01 nan nan nan
1.716250000000000053e+00 8.810317500000000024e-01 nan nan nan
1.718750000000000000e+00 8.819139999999999757e-01 nan nan nan
1.721249999999999947e+00 8.866494999999999793e-01 nan nan nan
1.723749999999999893e+00 8.835232500000000933e-01 nan nan nan
1.726250000000000062e+00 8.809662499999999508e-01 nan nan nan
1.728750000000000009e+00 8.963740000000000041e-01 nan nan nan
1.731249999999999956e+00 8.878055000000000252e-01 nan nan nan
1.733749999999999902e+00 8.844009999999999927e-01 nan nan nan
1.736250000000000071e+00 9.028604999999999547e-01 nan nan nan
1.738750000000000018e+00 8.964389999999999858e-01 nan nan nan
1.741249999999999964e+00 8.979345000000000798e-01 nan nan nan
1.743749999999999911e+00 9.124642499999999767e-01 nan nan nan
1.746250000000000080e+00 8.963439999999999186e-01 nan nan nan
1.748750000000000027e+00 9.163594999999999935e-01 nan nan nan
1.751249999999999973e+00 9.063652499999999002e-01 nan nan nan
1.753749999999999920e+00 8.998970000000000580e-01 nan nan nan
1.756250000000000089e+00 9.056227500000000319e-01 nan nan nan
1.758750000000000036e+00 9.251644999999999452e-01 nan nan nan
1.761249999999999982e+00 9.024962499999999999e-01 nan nan nan
1.763749999999999929e+00 9.068884999999999863e-01 nan nan nan
1.766250000000000098e+00 9.150417500000000981e-01 nan nan nan
1.768750000000000044e+00 9.232272500000000548e-01 nan nan nan
1.771249999999999991e+00 9.124769999999999825e-01 nan nan nan
1.773749999999999938e+00 9.244957500000000605e-01 nan nan nan
1.776250000000000107e+00 9.290685000000000748e-01 nan nan nan
1.778750000000000053e+00 9.336522499999999614e-01 nan nan nan
1.781250000000000000e+00 9.291900000000000714e-01 nan nan nan
1.783749999999999947e+00 9.319419999999999371e-01 nan nan nan
1.786249999999999893e+00 9.433222499999999178e-01 nan nan nan
1.788750000000000062e+00 9.331370000000001053e-01 nan nan nan
1.791250000000000009e+00 9.354480000000000572e-01 nan nan nan
1.793749999999999956e+00 9.357667499999999805e-01 nan nan nan
1.796249999999999902e+00 9.430942499999999118e-01 nan nan nan
1.798750000000000071e+00 9.356409999999999449e-01 nan nan nan
1.801250000000000018e+00 9.529142500000000737e-01 nan nan nan
1.803749999999999964e+00 9.520722499999999533e-01 nan nan nan
1.806249999999999911e+00 9.580515000000000558e-01 nan nan nan
1.808750000000000080e+00 9.703289999999999971e-01 nan nan nan
1.811250000000000027e+00 9.616447500000000481e-01 nan nan nan
1.813749999999999973e+00 9.532752500000000184e-01 nan nan nan
1.816249999999999920e+00 9.654924999999999757e-01 nan nan nan
1.818750000000000089e+00 9.574967500000000076e-01 nan nan nan
1.821250000000000036e+00 9.713912500000001504e-01 nan nan nan
1.823749999999999982e+00 9.717500000000001137e-01 nan nan nan
1.826249999999999929e+00 9.661179999999999213e-01 nan nan nan
1.828750000000000098e+00 9.819172499999999637e-01 nan nan nan
1.831250000000000044e+00 9.870484999999999953e-01 nan nan nan
1.833749999999999991e+00 9.826952499999999091e-01 nan nan nan
1.836249999999999938e+00 9.820200000000000040e-01 nan nan nan
1.838750000000000107e+00 9.846167499999999295e-01 nan nan nan
1.841250000000000053e+00 9.868574999999999431e-01 nan nan nan
1.843750000000000000e+00 9.966760000000001174e-01 nan nan nan
1.846249999999999947e+00 9.957315000000001026e-01 nan nan nan
1.848749999999999893e+00 9.968722500000000153e-01 nan nan nan
1.851250000000000062e+00 1.004013000000000044e+00 nan nan nan
1.853750000000000009e+00 1.000640999999999892e+00 nan nan nan
1.856249999999999956e+00 9.945895000000000152e-01 nan nan nan
1.858749999999999902e+00 1.001594749999999978e+00 nan nan nan
1.861250000000000071e+00 9.997497499999998816e-01 nan nan nan
1.863750000000000018e+00 1.004317499999999974e+00 nan nan nan
1.866249999999999964e+00 1.011996499999999966e+00 nan nan nan
1.868749999999999911e+00 1.015443499999999943e+00 nan nan nan
1.871250000000000080e+00 1.014075500000000130e+00 nan nan nan
1.873750000000000027e+00 1.032521000000000022e+00 nan nan nan
1.876249999999999973e+00 1.030457500000000026e+00 nan nan nan
1.878749999999999920e+00 1.013235749999999991e+00 nan nan nan
1.881250000000000089e+00 1.031130749999999985e+00 nan nan nan
1.883750000000000036e+00 1.032337000000000060e+00 nan nan nan
1.886249999999999982e+00 1.027207999999999899e+00 nan nan nan
1.888749999999999929e+00 1.033472249999999981e+00 nan nan nan
1.891250000000000098e+00 1.036606999999999834e+00 nan nan nan
1.893750000000000044e+00 1.031567499999999971e+00 nan nan nan
1.896249999999999991e+00 1.038750000000000062e+00 nan nan nan
1.898749999999999938e+00 1.036369249999999909e+00 nan nan nan
1.901250000000000107e+00 1.043072500000000069e+00 nan nan nan
1.903750000000000053e+00 1.052437999999999985e+00 nan nan nan
1.906250000000000000e+00 1.043346499999999955e+00 nan nan nan
1.908749999999999947e+00 1.045430749999999964e+00 nan nan nan
1.911249999999999893e+00 1.039739250000000004e+00 nan nan nan
1.913750000000000062e+00 1.053966249999999993e+00 nan nan nan
1.916250000000000009e+00 1.051979750000000102e+00 nan nan nan
1.918749999999999956e+00 1.047478750000000014e+00 nan nan nan
1.921249999999999902e+00 1.067764750000000040e+00 nan nan nan
1.923750000000000071e+00 1.057844999999999924e+00 nan nan nan
1.926250000000000018e+00 1.060240999999999989e+00 nan nan nan
1.928749999999999964e+00 1.052265250000000041e+00 nan nan nan
1.931249999999999911e+00 1.050224250000000081e+00 nan nan nan
1.933750000000000080e+00 1.071346000000000132e+00 nan nan nan
1.936250000000000027e+00 1.074889750000000088e+00 nan nan nan
1.938749999999999973e+00 1.069311499999999970e+00 nan nan nan
1.941249999999999920e+00 1.056639499999999954e+00 nan nan nan
1.943750000000000089e+00 1.062672999999999979e+00 nan nan nan
1.946250000000000036e+00 1.066859749999999885e+00 nan nan nan
1.948749999999999982e+00 1.071757750000000176e+00 nan nan nan
1.951249999999999929e+00 1.068846000000000185e+00 nan nan nan
1.953750000000000098e+00 1.073441000000000090e+00 nan nan nan
1.956250000000000044e+00 1.075383499999999826e+00 nan nan nan
1.958749999999999991e+00 1.080958250000000120e+00 nan nan nan
1.961249999999999938e+00 1.080650499999999958e+00 nan nan nan
1.963750000000000107e+00 1.077109500000000164e+00 nan nan nan
1.966250000000000053e+00 1.082429749999999968e+00 nan nan nan
1.968750000000000000e+00 1.087260249999999928e+00 nan nan nan
1.971249999999999947e+00 1.098639749999999804e+00 nan nan nan
1.973749999999999893e+00 1.093149249999999961e+00 nan nan nan
1.976250000000000062e+00 1.077200000000000157e+00 nan nan nan
1.978750000000000009e+00 1.081039499999999931e+00 nan nan nan
1.981249999999999956e+00 1.090816250000000043e+00 nan nan nan
1.983749999999999902e+00 1.082672999999999996e+00 nan nan nan
1.986250000000000071e+00 1.086330499999999866e+00 nan nan nan
1.988750000000000018e+00 1.085722749999999959e+00 nan nan nan
1.991249999999999964e+00 1.076905250000000036e+00 nan nan nan
1.993749999999999911e+00 1.089816000000000118e+00 nan nan nan
1.996250000000000080e+00 1.088141000000000025e+00 nan nan nan
1.998750000000000027e+00 1.079532250000000193e+00 nan nan nan
2.001250000000000195e+00 1.082774000000000125e+00 nan nan nan
2.003750000000000142e+00 1.100499999999999812e+00 nan nan nan
2.006250000000000089e+00 1.101422999999999819e+00 nan nan nan
2.008750000000000036e+00 1.093798999999999966e+00 nan nan nan
2.011249999999999982e+00 1.091238500000000000e+00 nan nan nan
2.013749999999999929e+00 1.079814499999999899e+00 nan nan nan
2.016249999999999876e+00 1.098250000000000171e+00 nan nan nan
2.018749999999999822e+00 1.085204500000000127e+00 nan nan nan
2.021250000000000213e+00 1.074896750000000178e+00 nan nan nan
2.023750000000000160e+00 1.089038500000000020e+00 nan nan nan
2.026250000000000107e+00 1.087064999999999948e+00 nan nan nan
2.028750000000000053e+00 1.088032749999999993e+00 nan nan nan
2.031250000000000000e+00 1.080702999999999969e+00 nan nan nan
2.033749999999999947e+00 1.095631500000000091e+00 nan nan nan
2.036249999999999893e+00 1.079266000000000059e+00 nan nan nan
2.038749999999999840e+00 1.090141250000000062e+00 nan nan nan
2.041249999999999787e+00 1.084146499999999902e+00 nan nan nan
2.043750000000000178e+00 1.091267250000000022e+00 nan nan nan
2.046250000000000124e+00 1.086719999999999908e+00 nan nan nan
2.048750000000000071e+00 1.086189749999999954e+00 nan nan nan
2.051250000000000018e+00 1.096265749999999928e+00 nan nan nan
2.053749999999999964e+00 1.094200999999999979e+00 nan nan nan
2.056249999999999911e+00 1.092264000000000124e+00 nan nan nan
2.058749999999999858e+00 1.087633000000000072e+00 nan nan nan
2.061249999999999805e+00 1.086971249999999944e+00 nan nan nan
2.063750000000000195e+00 1.078368749999999876e+00 nan nan nan
2.066250000000000142e+00 1.079304749999999924e+00 nan nan nan
2.068750000000000089e+00 1.089710500000000026e+00 nan nan nan
2.071250000000000036e+00 1.084977000000000080e+00 nan nan nan
2.073749999999999982e+00 1.092829249999999863e+00 nan nan nan
2.076249999999999929e+00 1.087957750000000168e+00 nan nan nan
2.078749999999999876e+00 1.084017999999999926e+00 nan nan nan
2.081249999999999822e+00 1.079067500000000068e+00 nan nan nan
2.083750000000000213e+00 1.088778500000000093e+00 nan nan nan
2.086250000000000160e+00 1.078604000000000118e+00 nan nan nan
2.088750000000000107e+00 1.083251500000000034e+00 nan nan nan
2.091250000000000053e+00 1.080169000000000157e+00 nan nan nan
2.093750000000000000e+00 1.081622499999999931e+00 nan nan nan
2.096249999999999947e+00 1.080606750000000060e+00 nan nan nan
2.098749999999999893e+00 1.080227749999999931e+00 nan nan nan
2.101249999999999840e+00 1.092345499999999969e+00 nan nan nan
2.103749999999999787e+00 1.075127500000000014e+00 nan nan nan
2.106250000000000178e+00 1.073207749999999905e+00 nan nan nan
2.108750000000000124e+00 1.078327250000000070e+00 nan nan nan
2.111250000000000071e+00 1.079454499999999983e+00 nan nan nan
2.113750000000000018e+00 1.070272249999999925e+00 nan nan nan
2.116249999999999964e+00 1.081258999999999970e+00 nan nan nan
2.118749999999999911e+00 1.074035250000000108e+00 nan nan nan
2.121249999999999858e+00 1.074528750000000032e+00 nan nan nan
2.123749999999999805e+00 1.069293999999999967e+00 nan nan nan
2.126250000000000195e+00 1.067371749999999953e+00 nan nan nan
2.128750000000000142e+00 1.075528250000000074e+00 nan nan nan
2.131250000000000089e+00 1.067716000000000109e+00 nan nan nan
2.133750000000000036e+00 1.071275750000000082e+00 nan nan nan
2.136249999999999982e+00 1.073589750000000009e+00 nan nan nan
2.138749999999999929e+00 1.067161999999999944e+00 nan nan nan
2.141249999999999876e+00 1.071216249999999981e+00 nan nan nan
2.143749999999999822e+00 1.068248999999999782e+00 nan nan nan
2.146250000000000213e+00 1.065761499999999806e+00 nan nan nan
2.148750000000000160e+00 1.061934000000000156e+00 nan nan nan
2.151250000000000107e+00 1.067215000000000025e+00 nan nan nan
2.153750000000000053e+00 1.054761500000000130e+00 nan nan nan
2.156250000000000000e+00 1.060056000000000109e+00 nan nan nan
2.158749999999999947e+00 1.055174000000000056e+00 nan nan nan
2.161249999999999893e+00 1.059920500000000043e+00 nan nan nan
2.163749999999999840e+00 1.061274499999999898e+00 nan nan nan
2.166249999999999787e+00 1.056821749999999893e+00 nan nan nan
2.168750000000000178e+00 1.067767750000000015e+00 nan nan nan
2.171250000000000124e+00 1.058513499999999885e+00 nan nan nan
2.173750000000000071e+00 1.066628499999999979e+00 nan nan nan
2.176250000000000018e+00 1.059024500000000035e+00 nan nan nan
2.178749999999999964e+00 1.056944000000000106e+00 nan nan nan
2.181249999999999911e+00 1.059787250000000070e+00 nan nan nan
2.183749999999999858e+00 1.043337500000000251e+00 nan nan nan
2.186249999999999805e+00 1.041909999999999892e+00 nan nan nan
2.188750000000000195e+00 1.052005749999999962e+00 nan nan nan
2.191250000000000142e+00 1.048203500000000066e+00 nan nan nan
2.193750000000000089e+00 1.055062500000000014e+00 nan nan nan
2.196250000000000036e+00 1.045360250000000102e+00 nan nan nan
2.198749999999999982e+00 1.049585999999999908e+00 nan nan nan
2.201249999999999929e+00 1.037546499999999927e+00 nan nan nan
2.203749999999999876e+00 1.048441500000000026e+00 nan nan nan
2.206249999999999822e+00 1.042853750000000135e+00 nan nan nan
2.208750000000000213e+00 1.031137750000000075e+00 nan nan nan
2.211250000000000160e+00 1.044747749999999975e+00 nan nan nan
2.213750000000000107e+00 1.035799250000000171e+00 nan nan nan
2.216250000000000053e+00 1.045319999999999805e+00 nan nan nan
2.218750000000000000e+00 1.035191750000000077e+00 nan nan nan
2.221249999999999947e+00 1.034898249999999909e+00 nan nan nan
2.223749999999999893e+00 1.038769000000000053e+00 nan nan nan
2.226249999999999840e+00 1.037078999999999862e+00 nan nan nan
2.228749999999999787e+00 1.033678749999999980e+00 nan nan nan
2.231250000000000178e+00 1.026843000000000172e+00 nan nan nan
2.233750000000000124e+00 1.020647000000000082e+00 nan nan nan
2.236250000000000071e+00 1.023502250000000169e+00 nan nan nan
2.238750000000000018e+00 1.033318750000000064e+00 nan nan nan
2.241249999999999964e+00 1.029900750000000142e+00 nan nan nan
2.243749999999999911e+00 1.038012249999999970e+00 nan nan nan
2.246249999999999858e+00 1.031923249999999959e+00 nan nan nan
2.248749999999999805e+00 1.029026749999999879e+00 nan nan nan
2.251250000000000195e+00 1.020019000000000009e+00 nan nan nan
2.253750000000000142e+00 1.007193749999999888e+00 nan nan nan
2.256250000000000089e+00 1.018325499999999995e+00 nan nan nan
2.258750000000000036e+00 1.017692250000000076e+00 nan nan nan
2.261249999999999982e+00 1.018377750000000193e+00 nan nan nan
2.263749999999999929e+00 1.012234250000000113e+00 nan nan nan
2.266249999999999876e+00 1.015894249999999888e+00 nan nan nan
2.268749999999999822e+00 1.013755249999999997e+00 nan nan nan
2.271250000000000213e+00 1.015788999999999831e+00 nan nan nan
2.273750000000000160e+00 1.004013999999999962e+00 nan nan nan
2.276250000000000107e+00 1.012901750000000156e+00 nan nan nan
2.278750000000000053e+00 1.012394500000000086e+00 nan nan nan
2.281250000000000000e+00 1.012595750000000017e+00 nan nan nan
2.283749999999999947e+00 1.007795500000000066e+00 nan nan nan
2.286249999999999893e+00 1.011820249999999977e+00 nan nan nan
2.288749999999999840e+00 1.008979999999999766e+00 nan nan nan
2.291249999999999787e+00 1.002056749999999941e+00 nan nan nan
2.293750000000000178e+00 1.006156750000000155e+00 nan nan nan
2.296250000000000124e+00 1.001965750000000099e+00 nan nan nan
2.298750000000000071e+00 1.008233249999999970e+00 nan nan nan
2.301250000000000018e+00 1.005323250000000002e+00 nan nan nan
2.303749999999999964e+00 1.000459500000000057e+00 nan nan nan
2.306249999999999911e+00 9.999410000000000798e-01 nan nan nan
2.308749999999999858e+00 9.994939999999999936e-01 nan nan nan
2.311249999999999805e+00 1.007996499999999962e+00 nan nan nan
2.313750000000000195e+00 9.927562500000001178e-01 nan nan nan
2.316250000000000142e+00 9.988382500000000386e-01 nan nan nan
2.318750000000000089e+00 9.973950000000000315e-01 nan nan nan
2.321250000000000036e+00 9.952714999999999756e-01 nan nan nan
2.323749999999999982e+00 9.942847499999999394e-01 nan nan nan
2.326249999999999929e+00 9.961197499999999705e-01 nan nan nan
2.328749999999999876e+00 9.962564999999999893e-01 nan nan nan
2.331249999999999822e+00 9.905410000000000048e-01 nan nan nan
2.333750000000000213e+00 9.872994999999999965e-01 nan nan nan
2.336250000000000160e+00 9.987690000000000179e-01 nan nan nan
2.338750000000000107e+00 9.924505000000000132e-01 nan nan nan
2.341250000000000053e+00 9.897989999999999844e-01 nan nan nan
2.343750000000000000e+00 9.908365000000000089e-01 nan nan nan
2.346249999999999947e+00 9.907584999999999864e-01 nan nan nan
2.348749999999999893e+00 9.912777499999999575e-01 nan nan nan
2.351249999999999840e+00 9.791892500000000110e-01 nan nan nan
2.353749999999999787e+00 9.853952500000000558e-01 nan nan nan
2.356250000000000178e+00 9.897640000000000882e-01 nan nan nan
2.358750000000000124e+00 9.841932500000000195e-01 nan nan nan
2.361250000000000071e+00 9.900692499999999008e-01 nan nan nan
2.363750000000000018e+00 9.886362499999999942e-01 nan nan nan
2.366249999999999964e+00 9.837322500000000858e-01 nan nan nan
2.368749999999999911e+00 9.816567499999999669e-01 nan nan nan
2.371249999999999858e+00 9.836357500000000309e-01 nan nan nan
2.373749999999999805e+00 9.787892499999999441e-01 nan nan nan
2.376250000000000195e+00 9.862785000000000579e-01 nan nan nan
2.378750000000000142e+00 9.857569999999999943e-01 nan nan nan
2.381250000000000089e+00 9.786877499999999674e-01 nan nan nan
2.383750000000000036e+00 9.754947499999999661e-01 nan nan nan
2.386249999999999982e+00 9.756402499999999867e-01 nan nan nan
2.388749999999999929e+00 9.793257499999999949e-01 nan nan nan
2.391249999999999876e+00 9.808810000000000029e-01 nan nan nan
2.393749999999999822e+00 9.821842499999999809e-01 nan nan nan
2.396250000000000213e+00 9.780099999999999349e-01 nan nan nan
2.398750000000000160e+00 9.755747500000000461e-01 nan nan nan
2.401250000000000107e+00 9.757934999999999803e-01 nan nan nan
2.403750000000000053e+00 9.805869999999998754e-01 nan nan nan
2.406250000000000000e+00 9.734994999999999621e-01 nan nan nan
2.408749999999999947e+00 9.802889999999999660e-01 nan nan nan
2.411249999999999893e+00 9.711499999999999577e-01 nan nan nan
2.413749999999999840e+00 9.731770000000000698e-01 nan nan nan
2.416249999999999787e+00 9.798752499999999754e-01 nan nan nan
2.418750000000000178e+00 9.808285000000001030e-01 nan nan nan
2.421250000000000124e+00 9.713215000000000598e-01 nan nan nan
2.423750000000000071e+00 9.777602500000001085e-01 nan nan nan
2.426250000000000018e+00 9.846882500000000427e-01 nan nan nan
2.428749999999999964e+00 9.692762500000000614e-01 nan nan nan
2.431249999999999911e+00 9.640142499999999615e-01 nan nan nan
2.433749999999999858e+00 9.655337499999999684e-01 nan nan nan
2.436249999999999805e+00 9.709869999999999335e-01 nan nan nan
2.438750000000000195e+00 9.716694999999999638e-01 nan nan nan
2.441250000000000142e+00 9.706192500000000445e-01 nan nan nan
2.443750000000000089e+00 9.720617500000000577e-01 nan nan nan
2.446250000000000036e+00 9.690139999999999310e-01 nan nan nan
2.448749999999999982e+00 9.676724999999999355e-01 nan nan nan
2.451249999999999929e+00 9.703125000000001332e-01 nan nan nan
2.453749999999999876e+00 9.644295000000000506e-01 nan nan nan
2.456249999999999822e+00 9.674202499999999816e-01 nan nan nan
2.458750000000000213e+00 9.641287499999999788e-01 nan nan nan
2.461250000000000160e+00 9.653195000000001080e-01 nan nan nan
2.463750000000000107e+00 9.630262499999999726e-01 nan nan nan
2.466250000000000053e+00 9.668654999999999333e-01 nan nan nan
2.468750000000000000e+00 9.726687500000000819e-01 nan nan nan
2.471249999999999947e+00 9.699107500000000437e-01 nan nan nan
2.473749999999999893e+00 9.615307500000001006e-01 nan nan nan
2.476249999999999840e+00 9.560652499999999776e-01 nan nan nan
2.478749999999999787e+00 9.693477500000000635e-01 nan nan nan
2.481250000000000178e+00 9.690272500000000067e-01 nan nan nan
2.483750000000000124e+00 9.626254999999999118e-01 nan nan nan
2.486250000000000071e+00 9.633647499999999919e-01 nan nan nan
2.488750000000000018e+00 9.663567499999999866e-01 nan nan nan
2.491249999999999964e+00 9.685975000000000001e-01 nan nan nan
2.493749999999999911e+00 9.646117499999999900e-01 nan nan nan
2.496249999999999858e+00 9.660269999999999690e-01 nan nan nan
2.498749999999999805e+00 9.675162499999999666e-01 nan nan nan
