1.250000000000000026e-03 0.000000000000000000e+00 nan nan nan
3.749999999999999861e-03 0.000000000000000000e+00 nan nan nan
6.250000000000000347e-03 0.000000000000000000e+00 nan nan nan
8.750000000000000833e-03 0.000000000000000000e+00 nan nan nan
1.124999999999999958e-02 0.000000000000000000e+00 nan nan nan
1.375000000000000007e-02 0.000000000000000000e+00 nan nan nan
1.625000000000000056e-02 0.000000000000000000e+00 nan nan nan
1.874999999999999931e-02 0.000000000000000000e+00 nan nan nan
2.125000000000000153e-02 0.000000000000000000e+00 nan nan nan
2.375000000000000028e-02 0.000000000000000000e+00 nan nan nan
2.624999999999999903e-02 0.000000000000000000e+00 nan nan nan
2.875000000000000125e-02 0.000000000000000000e+00 nan nan nan
3.125000000000000000e-02 0.000000000000000000e+00 nan nan nan
3.375000000000000222e-02 0.000000000000000000e+00 nan nan nan
3.624999999999999750e-02 0.000000000000000000e+00 nan nan nan
3.874999999999999972e-02 0.000000000000000000e+00 nan nan nan
4.125000000000000194e-02 0.000000000000000000e+00 nan nan nan
4.374999999999999722e-02 0.000000000000000000e+00 nan nan nan
4.624999999999999944e-02 0.000000000000000000e+00 nan nan nan
4.875000000000000167e-02 0.000000000000000000e+00 nan nan nan
5.124999999999999695e-02 0.000000000000000000e+00 nan nan nan
5.374999999999999917e-02 0.000000000000000000e+00 nan nan nan
5.625000000000000139e-02 0.000000000000000000e+00 nan nan nan
5.874999999999999667e-02 0.000000000000000000e+00 nan nan nan
6.124999999999999889e-02 0.000000000000000000e+00 nan nan nan
6.375000000000000111e-02 0.000000000000000000e+00 nan nan nan
6.625000000000000333e-02 0.000000000000000000e+00 nan nan nan
6.875000000000000555e-02 0.000000000000000000e+00 nan nan nan
7.124999999999999389e-02 0.000000000000000000e+00 nan nan nan
7.374999999999999611e-02 0.000000000000000000e+00 nan nan nan
7.624999999999999833e-02 0.000000000000000000e+00 nan nan nan
7.875000000000000056e-02 0.000000000000000000e+00 nan nan nan
8.125000000000000278e-02 0.000000000000000000e+00 nan nan nan
8.375000000000000500e-02 0.000000000000000000e+00 nan nan nan
8.624999999999999334e-02 0.000000000000000000e+00 nan nan nan
8.874999999999999556e-02 0.000000000000000000e+00 nan nan nan
9.124999999999999778e-02 0.000000000000000000e+00 nan nan nan
9.375000000000000000e-02 0.000000000000000000e+00 nan nan nan
9.625000000000000222e-02 0.000000000000000000e+00 nan nan nan
9.875000000000000444e-02 0.000000000000000000e+00 nan nan nan
1.012500000000000067e-01 0.000000000000000000e+00 nan nan nan
1.037499999999999950e-01 0.000000000000000000e+00 nan nan nan
1.062499999999999972e-01 0.000000000000000000e+00 nan nan nan
1.087499999999999994e-01 0.000000000000000000e+00 nan nan nan
1.112500000000000017e-01 0.000000000000000000e+00 nan nan nan
1.137500000000000039e-01 0.000000000000000000e+00 nan nan nan
1.162500000000000061e-01 0.000000000000000000e+00 nan nan nan
1.187499999999999944e-01 0.000000000000000000e+00 nan nan nan
1.212499999999999967e-01 0.000000000000000000e+00 nan nan nan
1.237499999999999989e-01 0.000000000000000000e+00 nan nan nan
1.262500000000000011e-01 0.000000000000000000e+00 nan nan nan
1.287500000000000033e-01 0.000000000000000000e+00 nan nan nan
1.312500000000000056e-01 0.000000000000000000e+00 nan nan nan
1.337500000000000078e-01 0.000000000000000000e+00 nan nan nan
1.362500000000000100e-01 0.000000000000000000e+00 nan nan nan
1.387500000000000122e-01 0.000000000000000000e+00 nan nan nan
1.412499999999999867e-01 0.000000000000000000e+00 nan nan nan
1.437499999999999889e-01 0.000000000000000000e+00 nan nan nan
1.462499999999999911e-01 0.000000000000000000e+00 nan nan nan
1.487499999999999933e-01 0.000000000000000000e+00 nan nan nan
1.512499999999999956e-01 0.000000000000000000e+00 nan nan nan
1.537499999999999978e-01 0.000000000000000000e+00 nan nan nan
1.562500000000000000e-01 0.000000000000000000e+00 nan nan nan
1.587500000000000022e-01 0.000000000000000000e+00 nan nan nan
1.612500000000000044e-01 0.000000000000000000e+00 nan nan nan
1.637500000000000067e-01 0.000000000000000000e+00 nan nan nan
1.662500000000000089e-01 0.000000000000000000e+00 nan nan nan
1.687500000000000111e-01 0.000000000000000000e+00 nan nan nan
1.712500000000000133e-01 0.000000000000000000e+00 nan nan nan
1.737499999999999878e-01 0.000000000000000000e+00 nan nan nan
1.762499999999999900e-01 0.000000000000000000e+00 nan nan nan
1.787499999999999922e-01 0.000000000000000000e+00 nan nan nan
1.812499999999999944e-01 0.000000000000000000e+00 nan nan nan
1.837499999999999967e-01 0.000000000000000000e+00 nan nan nan
1.862499999999999989e-01 0.000000000000000000e+00 nan nan nan
1.887500000000000011e-01 0.000000000000000000e+00 nan nan nan
1.912500000000000033e-01 0.000000000000000000e+00 nan nan nan
1.937500000000000056e-01 0.000000000000000000e+00 nan nan nan
1.962500000000000078e-01 0.000000000000000000e+00 nan nan nan
1.987500000000000100e-01 0.000000000000000000e+00 nan nan nan
2.012500000000000122e-01 0.000000000000000000e+00 nan nan nan
2.037499999999999867e-01 0.000000000000000000e+00 nan nan nan
2.062499999999999889e-01 0.000000000000000000e+00 nan nan nan
2.087499999999999911e-01 0.000000000000000000e+00 nan nan nan
2.112499999999999933e-01 0.000000000000000000e+00 nan nan nan
2.137499999999999956e-01 0.000000000000000000e+00 nan nan nan
2.162499999999999978e-01 0.000000000000000000e+00 nan nan nan
2.187500000000000000e-01 0.000000000000000000e+00 nan nan nan
2.212500000000000022e-01 0.000000000000000000e+00 nan nan nan
2.237500000000000044e-01 0.000000000000000000e+00 nan nan nan
2.262500000000000067e-01 0.000000000000000000e+00 nan nan nan
2.287500000000000089e-01 0.000000000000000000e+00 nan nan nan
2.312500000000000111e-01 0.000000000000000000e+00 nan nan nan
2.337500000000000133e-01 0.000000000000000000e+00 nan nan nan
2.362499999999999878e-01 0.000000000000000000e+00 nan nan nan
2.387499999999999900e-01 0.000000000000000000e+00 nan nan nan
2.412499999999999922e-01 0.000000000000000000e+00 nan nan nan
2.437499999999999944e-01 0.000000000000000000e+00 nan nan nan
2.462499999999999967e-01 0.000000000000000000e+00 nan nan nan
2.487499999999999989e-01 0.000000000000000000e+00 nan nan nan
2.512499999999999734e-01 0.000000000000000000e+00 nan nan nan
2.537499999999999756e-01 0.000000000000000000e+00 nan nan nan
2.562499999999999778e-01 0.000000000000000000e+00 nan nan nan
2.587499999999999800e-01 0.000000000000000000e+00 nan nan nan
2.612499999999999822e-01 0.000000000000000000e+00 nan nan nan
2.637499999999999845e-01 0.000000000000000000e+00 nan nan nan
2.662499999999999867e-01 0.000000000000000000e+00 nan nan nan
2.687499999999999889e-01 0.000000000000000000e+00 nan nan nan
2.712499999999999911e-01 0.000000000000000000e+00 nan nan nan
2.737499999999999933e-01 0.000000000000000000e+00 nan nan nan
2.762499999999999956e-01 0.000000000000000000e+00 nan nan nan
2.787499999999999978e-01 0.000000000000000000e+00 nan nan nan
2.812500000000000000e-01 0.000000000000000000e+00 nan nan nan
2.837500000000000022e-01 0.000000000000000000e+00 nan nan nan
2.862500000000000044e-01 0.000000000000000000e+00 nan nan nan
2.887500000000000067e-01 0.000000000000000000e+00 nan nan nan
2.912500000000000089e-01 0.000000000000000000e+00 nan nan nan
2.937500000000000111e-01 0.000000000000000000e+00 nan nan nan
2.962500000000000133e-01 0.000000000000000000e+00 nan nan nan
2.987500000000000155e-01 0.000000000000000000e+00 nan nan nan
3.012500000000000178e-01 0.000000000000000000e+00 nan nan nan
3.037500000000000200e-01 0.000000000000000000e+00 nan nan nan
3.062500000000000222e-01 0.000000000000000000e+00 nan nan nan
3.087500000000000244e-01 0.000000000000000000e+00 nan nan nan
3.112500000000000266e-01 0.000000000000000000e+00 nan nan nan
3.137499999999999734e-01 0.000000000000000000e+00 nan nan nan
3.162499999999999756e-01 0.000000000000000000e+00 nan nan nan
3.187499999999999778e-01 0.000000000000000000e+00 nan nan nan
3.212499999999999800e-01 0.000000000000000000e+00 nan nan nan
3.237499999999999822e-01 0.000000000000000000e+00 nan nan nan
3.262499999999999845e-01 0.000000000000000000e+00 nan nan nan
3.287499999999999867e-01 0.000000000000000000e+00 nan nan nan
3.312499999999999889e-01 0.000000000000000000e+00 nan nan nan
3.337499999999999911e-01 0.000000000000000000e+00 nan nan nan
3.362499999999999933e-01 0.000000000000000000e+00 nan nan nan
3.387499999999999956e-01 0.000000000000000000e+00 nan nan nan
3.412499999999999978e-01 0.000000000000000000e+00 nan nan nan
3.437500000000000000e-01 0.000000000000000000e+00 nan nan nan
3.462500000000000022e-01 0.000000000000000000e+00 nan nan nan
3.487500000000000044e-01 0.000000000000000000e+00 nan nan nan
3.512500000000000067e-01 0.000000000000000000e+00 nan nan nan
3.537500000000000089e-01 0.000000000000000000e+00 nan nan nan
3.562500000000000111e-01 0.000000000000000000e+00 nan nan nan
3.587500000000000133e-01 0.000000000000000000e+00 nan nan nan
3.612500000000000155e-01 0.000000000000000000e+00 nan nan nan
3.637500000000000178e-01 0.000000000000000000e+00 nan nan nan
3.662500000000000200e-01 0.000000000000000000e+00 nan nan nan
3.687500000000000222e-01 0.000000000000000000e+00 nan nan nan
3.712500000000000244e-01 0.000000000000000000e+00 nan nan nan
3.737500000000000266e-01 0.000000000000000000e+00 nan nan nan
3.762499999999999734e-01 0.000000000000000000e+00 nan nan nan
3.787499999999999756e-01 0.000000000000000000e+00 nan nan nan
3.812499999999999778e-01 0.000000000000000000e+00 nan nan nan
3.837499999999999800e-01 0.000000000000000000e+00 nan nan nan
3.862499999999999822e-01 0.000000000000000000e+00 nan nan nan
3.887499999999999845e-01 0.000000000000000000e+00 nan nan nan
3.912499999999999867e-01 0.000000000000000000e+00 nan nan nan
3.937499999999999889e-01 0.000000000000000000e+00 nan nan nan
3.962499999999999911e-01 0.000000000000000000e+00 nan nan nan
3.987499999999999933e-01 0.000000000000000000e+00 nan nan nan
4.012499999999999956e-01 0.000000000000000000e+00 nan nan nan
4.037499999999999978e-01 0.000000000000000000e+00 nan nan nan
4.062500000000000000e-01 0.000000000000000000e+00 nan nan nan
4.087500000000000022e-01 0.000000000000000000e+00 nan nan nan
4.112500000000000044e-01 0.000000000000000000e+00 nan nan nan
4.137500000000000067e-01 0.000000000000000000e+00 nan nan nan
4.162500000000000089e-01 0.000000000000000000e+00 nan nan nan
4.187500000000000111e-01 0.000000000000000000e+00 nan nan nan
4.212500000000000133e-01 0.000000000000000000e+00 nan nan nan
4.237500000000000155e-01 0.000000000000000000e+00 nan nan nan
4.262500000000000178e-01 0.000000000000000000e+00 nan nan nan
4.287500000000000200e-01 0.000000000000000000e+00 nan nan nan
4.312500000000000222e-01 0.000000000000000000e+00 nan nan nan
4.337500000000000244e-01 0.000000000000000000e+00 nan nan nan
4.362500000000000266e-01 0.000000000000000000e+00 nan nan nan
4.387499999999999734e-01 0.000000000000000000e+00 nan nan nan
4.412499999999999756e-01 0.000000000000000000e+00 nan nan nan
4.437499999999999778e-01 0.000000000000000000e+00 nan nan nan
4.462499999999999800e-01 0.000000000000000000e+00 nan nan nan
4.487499999999999822e-01 0.000000000000000000e+00 nan nan nan
4.512499999999999845e-01 0.000000000000000000e+00 nan nan nan
4.537499999999999867e-01 0.000000000000000000e+00 nan nan nan
4.562499999999999889e-01 0.000000000000000000e+00 nan nan nan
4.587499999999999911e-01 0.000000000000000000e+00 nan nan nan
4.612499999999999933e-01 0.000000000000000000e+00 nan nan nan
4.637499999999999956e-01 0.000000000000000000e+00 nan nan nan
4.662499999999999978e-01 0.000000000000000000e+00 nan nan nan
4.687500000000000000e-01 0.000000000000000000e+00 nan nan nan
4.712500000000000022e-01 0.000000000000000000e+00 nan nan nan
4.737500000000000044e-01 0.000000000000000000e+00 nan nan nan
4.762500000000000067e-01 0.000000000000000000e+00 nan nan nan
4.787500000000000089e-01 0.000000000000000000e+00 nan nan nan
4.812500000000000111e-01 0.000000000000000000e+00 nan nan nan
4.837500000000000133e-01 0.000000000000000000e+00 nan nan nan
4.862500000000000155e-01 0.000000000000000000e+00 nan nan nan
4.887500000000000178e-01 0.000000000000000000e+00 nan nan nan
4.912500000000000200e-01 0.000000000000000000e+00 nan nan nan
4.937500000000000222e-01 0.000000000000000000e+00 nan nan nan
4.962500000000000244e-01 0.000000000000000000e+00 nan nan nan
4.987500000000000266e-01 0.000000000000000000e+00 nan nan nan
5.012499999999999734e-01 0.000000000000000000e+00 nan nan nan
5.037500000000000311e-01 0.000000000000000000e+00 nan nan nan
5.062499999999999778e-01 0.000000000000000000e+00 nan nan nan
5.087500000000000355e-01 0.000000000000000000e+00 nan nan nan
5.112499999999999822e-01 0.000000000000000000e+00 nan nan nan
5.137500000000000400e-01 0.000000000000000000e+00 nan nan nan
5.162499999999999867e-01 0.000000000000000000e+00 nan nan nan
5.187500000000000444e-01 0.000000000000000000e+00 nan nan nan
5.212499999999999911e-01 0.000000000000000000e+00 nan nan nan
5.237500000000000488e-01 0.000000000000000000e+00 nan nan nan
5.262499999999999956e-01 0.000000000000000000e+00 nan nan nan
5.287500000000000533e-01 0.000000000000000000e+00 nan nan nan
5.312500000000000000e-01 0.000000000000000000e+00 nan nan nan
5.337499999999999467e-01 0.000000000000000000e+00 nan nan nan
5.362500000000000044e-01 0.000000000000000000e+00 nan nan nan
5.387499999999999512e-01 0.000000000000000000e+00 nan nan nan
5.412500000000000089e-01 0.000000000000000000e+00 nan nan nan
5.437499999999999556e-01 0.000000000000000000e+00 nan nan nan
5.462500000000000133e-01 0.000000000000000000e+00 nan nan nan
5.487499999999999600e-01 0.000000000000000000e+00 nan nan nan
5.512500000000000178e-01 0.000000000000000000e+00 nan nan nan
5.537499999999999645e-01 0.000000000000000000e+00 nan nan nan
5.562500000000000222e-01 0.000000000000000000e+00 nan nan nan
5.587499999999999689e-01 0.000000000000000000e+00 nan nan nan
5.612500000000000266e-01 0.000000000000000000e+00 nan nan nan
5.637499999999999734e-01 0.000000000000000000e+00 nan nan nan
5.662500000000000311e-01 0.000000000000000000e+00 nan nan nan
5.687499999999999778e-01 0.000000000000000000e+00 nan nan nan
5.712500000000000355e-01 0.000000000000000000e+00 nan nan nan
5.737499999999999822e-01 0.000000000000000000e+00 nan nan nan
5.762500000000000400e-01 0.000000000000000000e+00 nan nan nan
5.787499999999999867e-01 0.000000000000000000e+00 nan nan nan
5.812500000000000444e-01 0.000000000000000000e+00 nan nan nan
5.837499999999999911e-01 0.000000000000000000e+00 nan nan nan
5.862500000000000488e-01 0.000000000000000000e+00 nan nan nan
5.887499999999999956e-01 0.000000000000000000e+00 nan nan nan
5.912500000000000533e-01 0.000000000000000000e+00 nan nan nan
5.937500000000000000e-01 0.000000000000000000e+00 nan nan nan
5.962499999999999467e-01 0.000000000000000000e+00 nan nan nan
5.987500000000000044e-01 0.000000000000000000e+00 nan nan nan
6.012499999999999512e-01 0.000000000000000000e+00 nan nan nan
6.037500000000000089e-01 0.000000000000000000e+00 nan nan nan
6.062499999999999556e-01 0.000000000000000000e+00 nan nan nan
6.087500000000000133e-01 0.000000000000000000e+00 nan nan nan
6.112499999999999600e-01 0.000000000000000000e+00 nan nan nan
6.137500000000000178e-01 0.000000000000000000e+00 nan nan nan
6.162499999999999645e-01 0.000000000000000000e+00 nan nan nan
6.187500000000000222e-01 0.000000000000000000e+00 nan nan nan
6.212499999999999689e-01 0.000000000000000000e+00 nan nan nan
6.237500000000000266e-01 0.000000000000000000e+00 nan nan nan
6.262499999999999734e-01 0.000000000000000000e+00 nan nan nan
6.287500000000000311e-01 0.000000000000000000e+00 nan nan nan
6.312499999999999778e-01 0.000000000000000000e+00 nan nan nan
6.337500000000000355e-01 0.000000000000000000e+00 nan nan nan
6.362499999999999822e-01 0.000000000000000000e+00 nan nan nan
6.387500000000000400e-01 0.000000000000000000e+00 nan nan nan
6.412499999999999867e-01 0.000000000000000000e+00 nan nan nan
6.437500000000000444e-01 0.000000000000000000e+00 nan nan nan
6.462499999999999911e-01 0.000000000000000000e+00 nan nan nan
6.487500000000000488e-01 0.000000000000000000e+00 nan nan nan
6.512499999999999956e-01 0.000000000000000000e+00 nan nan nan
6.537500000000000533e-01 0.000000000000000000e+00 nan nan nan
6.562500000000000000e-01 0.000000000000000000e+00 nan nan nan
6.587499999999999467e-01 0.000000000000000000e+00 nan nan nan
6.612500000000000044e-01 0.000000000000000000e+00 nan nan nan
6.637499999999999512e-01 0.000000000000000000e+00 nan nan nan
6.662500000000000089e-01 0.000000000000000000e+00 nan nan nan
6.687499999999999556e-01 0.000000000000000000e+00 nan nan nan
6.712500000000000133e-01 0.000000000000000000e+00 nan nan nan
6.737499999999999600e-01 0.000000000000000000e+00 nan nan nan
6.762500000000000178e-01 0.000000000000000000e+00 nan nan nan
6.787499999999999645e-01 0.000000000000000000e+00 nan nan nan
6.812500000000000222e-01 0.000000000000000000e+00 nan nan nan
6.837499999999999689e-01 0.000000000000000000e+00 nan nan nan
6.862500000000000266e-01 0.000000000000000000e+00 nan nan nan
6.887499999999999734e-01 0.000000000000000000e+00 nan nan nan
6.912500000000000311e-01 0.000000000000000000e+00 nan nan nan
6.937499999999999778e-01 0.000000000000000000e+00 nan nan nan
6.962500000000000355e-01 0.000000000000000000e+00 nan nan nan
6.987499999999999822e-01 0.000000000000000000e+00 nan nan nan
7.012500000000000400e-01 0.000000000000000000e+00 nan nan nan
7.037499999999999867e-01 0.000000000000000000e+00 nan nan nan
7.062500000000000444e-01 0.000000000000000000e+00 nan nan nan
7.087499999999999911e-01 0.000000000000000000e+00 nan nan nan
7.112500000000000488e-01 0.000000000000000000e+00 nan nan nan
7.137499999999999956e-01 0.000000000000000000e+00 nan nan nan
7.162500000000000533e-01 0.000000000000000000e+00 nan nan nan
7.187500000000000000e-01 0.000000000000000000e+00 nan nan nan
7.212499999999999467e-01 0.000000000000000000e+00 nan nan nan
7.237500000000000044e-01 0.000000000000000000e+00 nan nan nan
7.262499999999999512e-01 0.000000000000000000e+00 nan nan nan
7.287500000000000089e-01 0.000000000000000000e+00 nan nan nan
7.312499999999999556e-01 0.000000000000000000e+00 nan nan nan
7.337500000000000133e-01 0.000000000000000000e+00 nan nan nan
7.362499999999999600e-01 0.000000000000000000e+00 nan nan nan
7.387500000000000178e-01 0.000000000000000000e+00 nan nan nan
7.412499999999999645e-01 0.000000000000000000e+00 nan nan nan
7.437500000000000222e-01 0.000000000000000000e+00 nan nan nan
7.462499999999999689e-01 0.000000000000000000e+00 nan nan nan
7.487500000000000266e-01 0.000000000000000000e+00 nan nan nan
7.512499999999999734e-01 0.000000000000000000e+00 nan nan nan
7.537500000000000311e-01 0.000000000000000000e+00 nan nan nan
7.562499999999999778e-01 0.000000000000000000e+00 nan nan nan
7.587500000000000355e-01 0.000000000000000000e+00 nan nan nan
7.612499999999999822e-01 0.000000000000000000e+00 nan nan nan
7.637500000000000400e-01 0.000000000000000000e+00 nan nan nan
7.662499999999999867e-01 0.000000000000000000e+00 nan nan nan
7.687500000000000444e-01 0.000000000000000000e+00 nan nan nan
7.712499999999999911e-01 0.000000000000000000e+00 nan nan nan
7.737500000000000488e-01 0.000000000000000000e+00 nan nan nan
7.762499999999999956e-01 0.000000000000000000e+00 nan nan nan
7.787500000000000533e-01 0.000000000000000000e+00 nan nan nan
7.812500000000000000e-01 0.000000000000000000e+00 nan nan nan
7.837499999999999467e-01 0.000000000000000000e+00 nan nan nan
7.862500000000000044e-01 0.000000000000000000e+00 nan nan nan
7.887499999999999512e-01 0.000000000000000000e+00 nan nan nan
7.912500000000000089e-01 0.000000000000000000e+00 nan nan nan
7.937499999999999556e-01 0.000000000000000000e+00 nan nan nan
7.962500000000000133e-01 0.000000000000000000e+00 nan nan nan
7.987499999999999600e-01 0.000000000000000000e+00 nan nan nan
8.012500000000000178e-01 0.000000000000000000e+00 nan nan nan
8.037499999999999645e-01 0.000000000000000000e+00 nan nan nan
8.062500000000000222e-01 0.000000000000000000e+00 nan nan nan
8.087499999999999689e-01 0.000000000000000000e+00 nan nan nan
8.112500000000000266e-01 0.000000000000000000e+00 nan nan nan
8.137499999999999734e-01 0.000000000000000000e+00 nan nan nan
8.162500000000000311e-01 0.000000000000000000e+00 nan nan nan
8.187499999999999778e-01 0.000000000000000000e+00 nan nan nan
8.212500000000000355e-01 0.000000000000000000e+00 nan nan nan
8.237499999999999822e-01 0.000000000000000000e+00 nan nan nan
8.262500000000000400e-01 0.000000000000000000e+00 nan nan nan
8.287499999999999867e-01 0.000000000000000000e+00 nan nan nan
8.312500000000000444e-01 0.000000000000000000e+00 nan nan nan
8.337499999999999911e-01 0.000000000000000000e+00 nan nan nan
8.362500000000000488e-01 0.000000000000000000e+00 nan nan nan
8.387499999999999956e-01 0.000000000000000000e+00 nan nan nan
8.412500000000000533e-01 0.000000000000000000e+00 nan nan nan
8.437500000000000000e-01 0.000000000000000000e+00 nan nan nan
8.462499999999999467e-01 0.000000000000000000e+00 nan nan nan
8.487500000000000044e-01 0.000000000000000000e+00 nan nan nan
8.512499999999999512e-01 0.000000000000000000e+00 nan nan nan
8.537500000000000089e-01 0.000000000000000000e+00 nan nan nan
8.562499999999999556e-01 0.000000000000000000e+00 nan nan nan
8.587500000000000133e-01 0.000000000000000000e+00 nan nan nan
8.612499999999999600e-01 0.000000000000000000e+00 nan nan nan
8.637500000000000178e-01 0.000000000000000000e+00 nan nan nan
8.662499999999999645e-01 0.000000000000000000e+00 nan nan nan
8.687500000000000222e-01 0.000000000000000000e+00 nan nan nan
8.712499999999999689e-01 0.000000000000000000e+00 nan nan nan
8.737500000000000266e-01 0.000000000000000000e+00 nan nan nan
8.762499999999999734e-01 0.000000000000000000e+00 nan nan nan
8.787500000000000311e-01 0.000000000000000000e+00 nan nan nan
8.812499999999999778e-01 0.000000000000000000e+00 nan nan nan
8.837500000000000355e-01 0.000000000000000000e+00 nan nan nan
8.862499999999999822e-01 0.000000000000000000e+00 nan nan nan
8.887500000000000400e-01 0.000000000000000000e+00 nan nan nan
8.912499999999999867e-01 0.000000000000000000e+00 nan nan nan
8.937500000000000444e-01 0.000000000000000000e+00 nan nan nan
8.962499999999999911e-01 0.000000000000000000e+00 nan nan nan
8.987500000000000488e-01 0.000000000000000000e+00 nan nan nan
9.012499999999999956e-01 0.000000000000000000e+00 nan nan nan
9.037500000000000533e-01 0.000000000000000000e+00 nan nan nan
9.062500000000000000e-01 0.000000000000000000e+00 nan nan nan
9.087499999999999467e-01 0.000000000000000000e+00 nan nan nan
9.112500000000000044e-01 0.000000000000000000e+00 nan nan nan
9.137499999999999512e-01 0.000000000000000000e+00 nan nan nan
9.162500000000000089e-01 0.000000000000000000e+00 nan nan nan
9.187499999999999556e-01 0.000000000000000000e+00 nan nan nan
9.212500000000000133e-01 0.000000000000000000e+00 nan nan nan
9.237499999999999600e-01 0.000000000000000000e+00 nan nan nan
9.262500000000000178e-01 0.000000000000000000e+00 nan nan nan
9.287499999999999645e-01 0.000000000000000000e+00 nan nan nan
9.312500000000000222e-01 0.000000000000000000e+00 nan nan nan
9.337499999999999689e-01 0.000000000000000000e+00 nan nan nan
9.362500000000000266e-01 0.000000000000000000e+00 nan nan nan
9.387499999999999734e-01 0.000000000000000000e+00 nan nan nan
9.412500000000000311e-01 0.000000000000000000e+00 nan nan nan
9.437499999999999778e-01 0.000000000000000000e+00 nan nan nan
9.462500000000000355e-01 0.000000000000000000e+00 nan nan nan
9.487499999999999822e-01 0.000000000000000000e+00 nan nan nan
9.512500000000000400e-01 0.000000000000000000e+00 nan nan nan
9.537499999999999867e-01 0.000000000000000000e+00 nan nan nan
9.562500000000000444e-01 0.000000000000000000e+00 nan nan nan
9.587499999999999911e-01 0.000000000000000000e+00 nan nan nan
9.612500000000000488e-01 0.000000000000000000e+00 nan nan nan
9.637499999999999956e-01 0.000000000000000000e+00 nan nan nan
9.662500000000000533e-01 0.000000000000000000e+00 nan nan nan
9.687500000000000000e-01 0.000000000000000000e+00 nan nan nan
9.712499999999999467e-01 0.000000000000000000e+00 nan nan nan
9.737500000000000044e-01 0.000000000000000000e+00 nan nan nan
9.762499999999999512e-01 0.000000000000000000e+00 nan nan nan
9.787500000000000089e-01 0.000000000000000000e+00 nan nan nan
9.812499999999999556e-01 0.000000000000000000e+00 nan nan nan
9.837500000000000133e-01 0.000000000000000000e+00 nan nan nan
9.862499999999999600e-01 0.000000000000000000e+00 nan nan nan
9.887500000000000178e-01 0.000000000000000000e+00 nan nan nan
9.912499999999999645e-01 0.000000000000000000e+00 nan nan nan
9.937500000000000222e-01 1.287500000000000124e-04 nan nan nan
9.962499999999999689e-01 5.122500000000000100e-04 nan nan nan
9.987500000000000266e-01 5.100000000000000366e-04 nan nan nan
1.001249999999999973e+00 5.069999999999999637e-04 nan nan nan
1.003749999999999920e+00 1.388250000000000161e-03 nan nan nan
1.006250000000000089e+00 1.758000000000000014e-03 nan nan nan
1.008750000000000036e+00 3.248749999999999902e-03 nan nan nan
1.011249999999999982e+00 5.968000000000000214e-03 nan nan nan
1.013749999999999929e+00 7.917999999999999691e-03 nan nan nan
1.016250000000000098e+00 1.317300000000000068e-02 nan nan nan
1.018750000000000044e+00 2.033675000000000066e-02 nan nan nan
1.021249999999999991e+00 2.767400000000000068e-02 nan nan nan
1.023749999999999938e+00 4.149024999999999935e-02 nan nan nan
1.026250000000000107e+00 6.253649999999999487e-02 nan nan nan
1.028750000000000053e+00 7.556849999999999679e-02 nan nan nan
1.031250000000000000e+00 1.119072499999999859e-01 nan nan nan
1.033749999999999947e+00 1.427775000000000016e-01 nan nan nan
1.036249999999999893e+00 1.950175000000000103e-01 nan nan nan
1.038750000000000062e+00 2.534707499999999669e-01 nan nan nan
1.041250000000000009e+00 3.169902499999999734e-01 nan nan nan
1.043749999999999956e+00 3.995062500000000072e-01 nan nan nan
1.046249999999999902e+00 5.031845000000000345e-01 nan nan nan
1.048750000000000071e+00 6.050609999999999600e-01 nan nan nan
1.051250000000000018e+00 7.316212500000000007e-01 nan nan nan
1.053749999999999964e+00 8.685402500000000137e-01 nan nan nan
1.056249999999999911e+00 1.023074250000000074e+00 nan nan nan
1.058750000000000080e+00 1.191340999999999983e+00 nan nan nan
1.061250000000000027e+00 1.366704999999999837e+00 nan nan nan
1.063749999999999973e+00 1.582771000000000150e+00 nan nan nan
1.066249999999999920e+00 1.758101749999999797e+00 nan nan nan
1.068750000000000089e+00 1.956934000000000173e+00 nan nan nan
1.071250000000000036e+00 2.193779750000000028e+00 nan nan nan
1.073749999999999982e+00 2.414946999999999733e+00 nan nan nan
1.076249999999999929e+00 2.635135500000000075e+00 nan nan nan
1.078750000000000098e+00 2.848889500000000297e+00 nan nan nan
1.081250000000000044e+00 3.061836500000000072e+00 nan nan nan
1.083749999999999991e+00 3.220286250000000017e+00 nan nan nan
1.086249999999999938e+00 3.405803000000000136e+00 nan nan nan
1.088750000000000107e+00 3.547642999999999880e+00 nan nan nan
1.091250000000000053e+00 3.745059499999999986e+00 nan nan nan
1.093750000000000000e+00 3.839877249999999798e+00 nan nan nan
1.096249999999999947e+00 3.983412500000000023e+00 nan nan nan
1.098749999999999893e+00 4.067361499999999630e+00 nan nan nan
1.101250000000000062e+00 4.157427500000000720e+00 nan nan nan
1.103750000000000009e+00 4.221901499999999530e+00 nan nan nan
1.106249999999999956e+00 4.239100999999999786e+00 nan nan nan
1.108749999999999902e+00 4.283511250000000103e+00 nan nan nan
1.111250000000000071e+00 4.285058750000000138e+00 nan nan nan
1.113750000000000018e+00 4.291878249999999895e+00 nan nan nan
1.116249999999999964e+00 4.192469250000000258e+00 nan nan nan
1.118749999999999911e+00 4.202604000000000006e+00 nan nan nan
1.121250000000000080e+00 4.101155000000000328e+00 nan nan nan
1.123750000000000027e+00 4.017179499999999237e+00 nan nan nan
1.126249999999999973e+00 3.934509999999999952e+00 nan nan nan
1.128749999999999920e+00 3.857622250000000363e+00 nan nan nan
1.131250000000000089e+00 3.759516500000000150e+00 nan nan nan
1.133750000000000036e+00 3.714466499999999893e+00 nan nan nan
1.136249999999999982e+00 3.635898000000000074e+00 nan nan nan
1.138749999999999929e+00 3.585044750000000224e+00 nan nan nan
1.141250000000000098e+00 3.490867500000000234e+00 nan nan nan
1.143750000000000044e+00 3.452684999999999782e+00 nan nan nan
1.146249999999999991e+00 3.336900749999999860e+00 nan nan nan
1.148749999999999938e+00 3.329715250000000015e+00 nan nan nan
1.151250000000000107e+00 3.227778499999999884e+00 nan nan nan
1.153750000000000053e+00 3.175885000000000069e+00 nan nan nan
1.156250000000000000e+00 3.108716249999999626e+00 nan nan nan
1.158749999999999947e+00 3.052419749999999876e+00 nan nan nan
1.161249999999999893e+00 3.008081500000000297e+00 nan nan nan
1.163750000000000062e+00 2.922599500000000017e+00 nan nan nan
1.166250000000000009e+00 2.887834250000000491e+00 nan nan nan
1.168749999999999956e+00 2.824111999999999956e+00 nan nan nan
1.171249999999999902e+00 2.786765750000000263e+00 nan nan nan
1.173750000000000071e+00 2.716487499999999944e+00 nan nan nan
1.176250000000000018e+00 2.683355750000000484e+00 nan nan nan
1.178749999999999964e+00 2.610949000000000186e+00 nan nan nan
1.181249999999999911e+00 2.572025250000000263e+00 nan nan nan
1.183750000000000080e+00 2.535312750000000115e+00 nan nan nan
1.186250000000000027e+00 2.496266000000000318e+00 nan nan nan
1.188749999999999973e+00 2.499993250000000167e+00 nan nan nan
1.191249999999999920e+00 2.425985999999999976e+00 nan nan nan
1.193750000000000089e+00 2.375773500000000205e+00 nan nan nan
1.196250000000000036e+00 2.356168750000000145e+00 nan nan nan
1.198749999999999982e+00 2.301225999999999772e+00 nan nan nan
1.201249999999999929e+00 2.263373249999999892e+00 nan nan nan
1.203750000000000098e+00 2.231430249999999837e+00 nan nan nan
1.206250000000000044e+00 2.178236249999999874e+00 nan nan nan
1.208749999999999991e+00 2.137123499999999954e+00 nan nan nan
1.211249999999999938e+00 2.116871000000000169e+00 nan nan nan
1.213750000000000107e+00 2.099355749999999965e+00 nan nan nan
1.216250000000000053e+00 2.049820249999999788e+00 nan nan nan
1.218750000000000000e+00 2.023186749999999812e+00 nan nan nan
1.221249999999999947e+00 1.980640750000000061e+00 nan nan nan
1.223749999999999893e+00 1.957783249999999864e+00 nan nan nan
1.226250000000000062e+00 1.938139749999999939e+00 nan nan nan
1.228750000000000009e+00 1.883690749999999969e+00 nan nan nan
1.231249999999999956e+00 1.838055250000000029e+00 nan nan nan
1.233749999999999902e+00 1.820422999999999902e+00 nan nan nan
1.236250000000000071e+00 1.811903000000000041e+00 nan nan nan
1.238750000000000018e+00 1.766150249999999922e+00 nan nan nan
1.241249999999999964e+00 1.733789749999999907e+00 nan nan nan
1.243749999999999911e+00 1.712771749999999926e+00 nan nan nan
1.246250000000000080e+00 1.690434000000000214e+00 nan nan nan
1.248750000000000027e+00 1.662962000000000051e+00 nan nan nan
1.251249999999999973e+00 1.630822750000000099e+00 nan nan nan
1.253749999999999920e+00 1.607905000000000140e+00 nan nan nan
1.256250000000000089e+00 1.581692250000000133e+00 nan nan nan
1.258750000000000036e+00 1.601576500000000181e+00 nan nan nan
1.261249999999999982e+00 1.553909750000000090e+00 nan nan nan
1.263749999999999929e+00 1.526829499999999840e+00 nan nan nan
1.266250000000000098e+00 1.500981750000000003e+00 nan nan nan
1.268750000000000044e+00 1.496651999999999871e+00 nan nan nan
1.271249999999999991e+00 1.458277750000000150e+00 nan nan nan
1.273749999999999938e+00 1.433515749999999978e+00 nan nan nan
1.276250000000000107e+00 1.436023499999999897e+00 nan nan nan
1.278750000000000053e+00 1.389902499999999819e+00 nan nan nan
1.281250000000000000e+00 1.384870999999999963e+00 nan nan nan
1.283749999999999947e+00 1.371844249999999876e+00 nan nan nan
1.286249999999999893e+00 1.349532249999999989e+00 nan nan nan
1.288750000000000062e+00 1.316895249999999962e+00 nan nan nan
1.291250000000000009e+00 1.317444250000000094e+00 nan nan nan
1.293749999999999956e+00 1.291846749999999933e+00 nan nan nan
1.296249999999999902e+00 1.276274750000000013e+00 nan nan nan
1.298750000000000071e+00 1.253576250000000059e+00 nan nan nan
1.301250000000000018e+00 1.248839000000000032e+00 nan nan nan
1.303749999999999964e+00 1.224380750000000129e+00 nan nan nan
1.306249999999999911e+00 1.220518499999999840e+00 nan nan nan
1.308750000000000080e+00 1.175996999999999959e+00 nan nan nan
1.311250000000000027e+00 1.185641500000000015e+00 nan nan nan
1.313749999999999973e+00 1.165147249999999968e+00 nan nan nan
1.316249999999999920e+00 1.146781499999999898e+00 nan nan nan
1.318750000000000089e+00 1.133810500000000054e+00 nan nan nan
1.321250000000000036e+00 1.121220749999999988e+00 nan nan nan
1.323749999999999982e+00 1.124027749999999992e+00 nan nan nan
1.326249999999999929e+00 1.095144750000000000e+00 nan nan nan
1.328750000000000098e+00 1.094052000000000024e+00 nan nan nan
1.331250000000000044e+00 1.081552749999999952e+00 nan nan nan
1.333749999999999991e+00 1.055772999999999850e+00 nan nan nan
1.336249999999999938e+00 1.048693249999999910e+00 nan nan nan
1.338750000000000107e+00 1.030236749999999812e+00 nan nan nan
1.341250000000000053e+00 1.017706500000000069e+00 nan nan nan
1.343750000000000000e+00 1.017584749999999927e+00 nan nan nan
1.346249999999999947e+00 1.003846749999999899e+00 nan nan nan
1.348749999999999893e+00 9.935587499999999350e-01 nan nan nan
1.351250000000000062e+00 9.819472500000000492e-01 nan nan nan
1.353750000000000009e+00 9.704837499999999784e-01 nan nan nan
1.356249999999999956e+00 9.695357500000000295e-01 nan nan nan
1.358749999999999902e+00 9.497869999999999369e-01 nan nan nan
1.361250000000000071e+00 9.371070000000000233e-01 nan nan nan
1.363750000000000018e+00 9.449545000000000305e-01 nan nan nan
1.366249999999999964e+00 9.257647499999999141e-01 nan nan nan
1.368749999999999911e+00 8.993112500000000065e-01 nan nan nan
1.371250000000000080e+00 9.050962499999999356e-01 nan nan nan
1.373750000000000027e+00 8.947977500000000584e-01 nan nan nan
1.376249999999999973e+00 8.981287499999999202e-01 nan nan nan
1.378749999999999920e+00 8.835707500000000714e-01 nan nan nan
1.381250000000000089e+00 8.786427500000000279e-01 nan nan nan
1.383750000000000036e+00 8.545532500000000420e-01 nan nan nan
1.386249999999999982e+00 8.492902499999999133e-01 nan nan nan
1.388749999999999929e+00 8.424774999999999903e-01 nan nan nan
1.391250000000000098e+00 8.369562500000000682e-01 nan nan nan
1.393750000000000044e+00 8.332362499999999006e-01 nan nan nan
1.396249999999999991e+00 8.071019999999999861e-01 nan nan nan
1.398749999999999938e+00 8.178667500000000867e-01 nan nan nan
1.401250000000000107e+00 8.069214999999999582e-01 nan nan nan
1.403750000000000053e+00 7.915965000000000362e-01 nan nan nan
1.406250000000000000e+00 7.967572500000000835e-01 nan nan nan
1.408749999999999947e+00 7.834887500000000671e-01 nan nan nan
1.411249999999999893e+00 7.902274999999999716e-01 nan nan nan
1.413750000000000062e+00 7.703227499999999450e-01 nan nan nan
1.416250000000000009e+00 7.737545000000000117e-01 nan nan nan
1.418749999999999956e+00 7.745039999999999702e-01 nan nan nan
1.421249999999999902e+00 7.547232500000000677e-01 nan nan nan
1.423750000000000071e+00 7.454892499999999922e-01 nan nan nan
1.426250000000000018e+00 7.415030000000000232e-01 nan nan nan
1.428749999999999964e+00 7.468204999999999982e-01 nan nan nan
1.431249999999999911e+00 7.289449999999999541e-01 nan nan nan
1.433750000000000080e+00 7.367964999999999653e-01 nan nan nan
1.436250000000000027e+00 7.127832499999998683e-01 nan nan nan
1.438749999999999973e+00 7.223477499999999552e-01 nan nan nan
1.441249999999999920e+00 7.144574999999999676e-01 nan nan nan
1.443750000000000089e+00 7.124120000000000452e-01 nan nan nan
1.446250000000000036e+00 7.018662500000000248e-01 nan nan nan
1.448749999999999982e+00 6.995067499999999550e-01 nan nan nan
1.451249999999999929e+00 7.065770000000000106e-01 nan nan nan
1.453750000000000098e+00 6.956057500000001337e-01 nan nan nan
1.456250000000000044e+00 6.868037499999999351e-01 nan nan nan
1.458749999999999991e+00 6.834957500000000685e-01 nan nan nan
1.461249999999999938e+00 6.722272499999999429e-01 nan nan nan
1.463750000000000107e+00 6.735530000000000683e-01 nan nan nan
1.466250000000000053e+00 6.769352500000000994e-01 nan nan nan
1.468750000000000000e+00 6.662045000000000883e-01 nan nan nan
1.471249999999999947e+00 6.564822500000000449e-01 nan nan nan
1.473749999999999893e+00 6.525592500000000351e-01 nan nan nan
1.476250000000000062e+00 6.504677500000000112e-01 nan nan nan
1.478750000000000009e+00 6.586199999999999832e-01 nan nan nan
1.481249999999999956e+00 6.496187500000000226e-01 nan nan nan
1.483749999999999902e+00 6.480090000000000572e-01 nan nan nan
1.486250000000000071e+00 6.476152499999999756e-01 nan nan nan
1.488750000000000018e+00 6.350582499999999353e-01 nan nan nan
1.491249999999999964e+00 6.317304999999999726e-01 nan nan nan
1.493749999999999911e+00 6.383932500000000232e-01 nan nan nan
1.496250000000000080e+00 6.272882499999999917e-01 nan nan nan
1.498750000000000027e+00 6.382729999999999793e-01 nan nan nan
1.501249999999999973e+00 6.240757500000000402e-01 nan nan nan
1.503749999999999920e+00 6.226207499999999451e-01 nan nan nan
1.506250000000000089e+00 6.185944999999999361e-01 nan nan nan
1.508750000000000036e+00 6.093965000000000076e-01 nan nan nan
1.511249999999999982e+00 5.966927499999998830e-01 nan nan nan
1.513749999999999929e+00 6.103709999999999969e-01 nan nan nan
1.516250000000000098e+00 6.111252499999999532e-01 nan nan nan
1.518750000000000044e+00 6.066894999999999927e-01 nan nan nan
1.521249999999999991e+00 6.004115000000000979e-01 nan nan nan
1.523749999999999938e+00 5.982239999999999780e-01 nan nan nan
1.526250000000000107e+00 6.047262499999999097e-01 nan nan nan
1.528750000000000053e+00 5.945347500000000007e-01 nan nan nan
1.531250000000000000e+00 5.916192499999999299e-01 nan nan nan
1.533749999999999947e+00 5.930972499999999092e-01 nan nan nan
1.536249999999999893e+00 5.920304999999999040e-01 nan nan nan
1.538750000000000062e+00 5.910749999999999060e-01 nan nan nan
1.541250000000000009e+00 5.972410000000000219e-01 nan nan nan
1.543749999999999956e+00 5.800497500000000306e-01 nan nan nan
1.546249999999999902e+00 5.783882499999999371e-01 nan nan nan
1.548750000000000071e+00 5.740839999999999277e-01 nan nan nan
1.551250000000000018e+00 5.787342500000001166e-01 nan nan nan
1.553749999999999964e+00 5.853527499999999772e-01 nan nan nan
1.556249999999999911e+00 5.772264999999999757e-01 nan nan nan
1.558750000000000080e+00 5.774172500000001040e-01 nan nan nan
1.561250000000000027e+00 5.691534999999999789e-01 nan nan nan
1.563749999999999973e+00 5.766944999999999988e-01 nan nan nan
1.566249999999999920e+00 5.738180000000000502e-01 nan nan nan
1.568750000000000089e+00 5.754522499999998875e-01 nan nan nan
1.571250000000000036e+00 5.710477499999999651e-01 nan nan nan
1.573749999999999982e+00 5.721095000000000486e-01 nan nan nan
1.576249999999999929e+00 5.707569999999999588e-01 nan nan nan
1.578750000000000098e+00 5.772659999999999458e-01 nan nan nan
1.581250000000000044e+00 5.707634999999999792e-01 nan nan nan
1.583749999999999991e+00 5.707372499999999738e-01 nan nan nan
1.586249999999999938e+00 5.750035000000000007e-01 nan nan nan
1.588750000000000107e+00 5.681577499999999059e-01 nan nan nan
1.591250000000000053e+00 5.674285000000000023e-01 nan nan nan
1.593750000000000000e+00 5.685532499999998990e-01 nan nan nan
1.596249999999999947e+00 5.736599999999999477e-01 nan nan nan
1.598749999999999893e+00 5.687832499999999625e-01 nan nan nan
1.601250000000000062e+00 5.711739999999999595e-01 nan nan nan
1.603750000000000009e+00 5.707292499999999658e-01 nan nan nan
1.606249999999999956e+00 5.655537499999999662e-01 nan nan nan
1.608749999999999902e+00 5.599655000000000049e-01 nan nan nan
1.611250000000000071e+00 5.673874999999999336e-01 nan nan nan
1.613750000000000018e+00 5.585517499999999025e-01 nan nan nan
1.616249999999999964e+00 5.604264999999999386e-01 nan nan nan
1.618749999999999911e+00 5.753405000000000324e-01 nan nan nan
1.621250000000000080e+00 5.679560000000000164e-01 nan nan nan
1.623750000000000027e+00 5.688607500000000261e-01 nan nan nan
1.626249999999999973e+00 5.691324999999999301e-01 nan nan nan
1.628749999999999920e+00 5.666197500000000886e-01 nan nan nan
1.631250000000000089e+00 5.769732499999999931e-01 nan nan nan
1.633750000000000036e+00 5.664437500000000236e-01 nan nan nan
1.636249999999999982e+00 5.684185000000000487e-01 nan nan nan
1.638749999999999929e+00 5.739292499999999464e-01 nan nan nan
1.641250000000000098e+00 5.777050000000000241e-01 nan nan nan
1.643750000000000044e+00 5.735962500000000297e-01 nan nan nan
1.646249999999999991e+00 5.739197499999999508e-01 nan nan nan
1.648749999999999938e+00 5.744722499999999066e-01 nan nan nan
1.651250000000000107e+00 5.775372500000000020e-01 nan nan nan
1.653750000000000053e+00 5.790002499999999941e-01 nan nan nan
1.656250000000000000e+00 5.785974999999999868e-01 nan nan nan
1.658749999999999947e+00 5.785187499999999705e-01 nan nan nan
1.661249999999999893e+00 5.789904999999999635e-01 nan nan nan
1.663750000000000062e+00 5.684322499999999723e-01 nan nan nan
1.666250000000000009e+00 5.767117500000000785e-01 nan nan nan
1.668749999999999956e+00 5.795962500000000350e-01 nan nan nan
1.671249999999999902e+00 5.901092500000000296e-01 nan nan nan
1.673750000000000071e+00 5.809949999999999282e-01 nan nan nan
1.676250000000000018e+00 5.864129999999999621e-01 nan nan nan
1.678749999999999964e+00 5.861112500000000836e-01 nan nan nan
1.681249999999999911e+00 5.881482500000000391e-01 nan nan nan
1.683750000000000080e+00 5.940722499999999684e-01 nan nan nan
1.686250000000000027e+00 6.026412500000000172e-01 nan nan nan
1.688749999999999973e+00 5.936357500000000176e-01 nan nan nan
1.691249999999999920e+00 6.029952499999999826e-01 nan nan nan
1.693750000000000089e+00 6.071554999999999591e-01 nan nan nan
1.696250000000000036e+00 5.956892499999999480e-01 nan nan nan
1.698749999999999982e+00 6.039830000000000476e-01 nan nan nan
1.701249999999999929e+00 6.017699999999999161e-01 nan nan nan
1.703750000000000098e+00 6.051739999999999897e-01 nan nan nan
1.706250000000000044e+00 6.128789999999999516e-01 nan nan nan
1.708749999999999991e+00 6.162689999999999557e-01 nan nan nan
1.711249999999999938e+00 6.173354999999999260e-01 nan nan nan
1.713750000000000107e+00 6.139769999999999950e-01 nan nan nan
1.716250000000000053e+00 6.244922499999999710e-01 nan nan nan
1.718750000000000000e+00 6.206107499999999888e-01 nan nan nan
1.721249999999999947e+00 6.231437499999999963e-01 nan nan nan
1.723749999999999893e+00 6.378985000000000349e-01 nan nan nan
1.726250000000000062e+00 6.304620000000000779e-01 nan nan nan
1.728750000000000009e+00 6.311929999999998930e-01 nan nan nan
1.731249999999999956e+00 6.473579999999999890e-01 nan nan nan
1.733749999999999902e+00 6.464232500000000048e-01 nan nan nan
1.736250000000000071e+00 6.499194999999999833e-01 nan nan nan
1.738750000000000018e+00 6.546552500000000219e-01 nan nan nan
1.741249999999999964e+00 6.429212499999999997e-01 nan nan nan
1.743749999999999911e+00 6.493169999999999220e-01 nan nan nan
1.746250000000000080e+00 6.591339999999998867e-01 nan nan nan
1.748750000000000027e+00 6.594127499999999920e-01 nan nan nan
1.751249999999999973e+00 6.577385000000000037e-01 nan nan nan
1.753749999999999920e+00 6.728969999999999674e-01 nan nan nan
1.756250000000000089e+00 6.698695000000000066e-01 nan nan nan
1.758750000000000036e+00 6.741322499999999884e-01 nan nan nan
1.761249999999999982e+00 6.729577500000000212e-01 nan nan nan
1.763749999999999929e+00 6.833132500000000942e-01 nan nan nan
1.766250000000000098e+00 6.852522499999998962e-01 nan nan nan
1.768750000000000044e+00 6.994517500000000387e-01 nan nan nan
1.771249999999999991e+00 6.955740000000000256e-01 nan nan nan
1.773749999999999938e+00 6.985447499999999366e-01 nan nan nan
1.776250000000000107e+00 7.089922499999999905e-01 nan nan nan
1.778750000000000053e+00 7.016960000000000974e-01 nan nan nan
1.781250000000000000e+00 7.173200000000000687e-01 nan nan nan
1.783749999999999947e+00 7.023232500000000655e-01 nan nan nan
1.786249999999999893e+00 7.201242500000000213e-01 nan nan nan
1.788750000000000062e+00 7.251465000000000272e-01 nan nan nan
1.791250000000000009e+00 7.289484999999998882e-01 nan nan nan
1.793749999999999956e+00 7.398405000000001230e-01 nan nan nan
1.796249999999999902e+00 7.352997499999999187e-01 nan nan nan
1.798750000000000071e+00 7.448110000000001119e-01 nan nan nan
1.801250000000000018e+00 7.396490000000000009e-01 nan nan nan
1.803749999999999964e+00 7.490114999999999412e-01 nan nan nan
1.806249999999999911e+00 7.499405000000000099e-01 nan nan nan
1.808750000000000080e+00 7.703712499999999519e-01 nan nan nan
1.811250000000000027e+00 7.661142499999999966e-01 nan nan nan
1.813749999999999973e+00 7.893972500000000503e-01 nan nan nan
1.816249999999999920e+00 7.679919999999998970e-01 nan nan nan
1.818750000000000089e+00 7.727627500000000538e-01 nan nan nan
1.821250000000000036e+00 7.881990000000000940e-01 nan nan nan
1.823749999999999982e+00 7.990752500000000147e-01 nan nan nan
1.826249999999999929e+00 8.061527499999999735e-01 nan nan nan
1.828750000000000098e+00 7.977152499999999868e-01 nan nan nan
1.831250000000000044e+00 8.002780000000000449e-01 nan nan nan
1.833749999999999991e+00 8.229022500000000573e-01 nan nan nan
1.836249999999999938e+00 8.191169999999999840e-01 nan nan nan
1.838750000000000107e+00 8.268567499999999182e-01 nan nan nan
1.841250000000000053e+00 8.276882500000000142e-01 nan nan nan
1.843750000000000000e+00 8.257069999999999688e-01 nan nan nan
1.846249999999999947e+00 8.410787499999999861e-01 nan nan nan
1.848749999999999893e+00 8.578897500000000065e-01 nan nan nan
1.851250000000000062e+00 8.542384999999999007e-01 nan nan nan
1.853750000000000009e+00 8.599649999999999794e-01 nan nan nan
1.856249999999999956e+00 8.683885000000000076e-01 nan nan nan
1.858749999999999902e+00 8.627052499999998680e-01 nan nan nan
1.861250000000000071e+00 8.805024999999999658e-01 nan nan nan
1.863750000000000018e+00 8.916852499999999848e-01 nan nan nan
1.866249999999999964e+00 8.923279999999998990e-01 nan nan nan
1.868749999999999911e+00 9.049062500000000231e-01 nan nan nan
1.871250000000000080e+00 8.993305000000000327e-01 nan nan nan
1.873750000000000027e+00 9.090282500000000931e-01 nan nan nan
1.876249999999999973e+00 9.071852499999999431e-01 nan nan nan
1.878749999999999920e+00 9.146787499999999849e-01 nan nan nan
1.881250000000000089e+00 9.296740000000001114e-01 nan nan nan
1.883750000000000036e+00 9.336932500000000301e-01 nan nan nan
1.886249999999999982e+00 9.302194999999999769e-01 nan nan nan
1.888749999999999929e+00 9.419437500000000796e-01 nan nan nan
1.891250000000000098e+00 9.532119999999999482e-01 nan nan nan
1.893750000000000044e+00 9.580362500000000336e-01 nan nan nan
1.896249999999999991e+00 9.683474999999999167e-01 nan nan nan
1.898749999999999938e+00 9.681972500000000093e-01 nan nan nan
1.901250000000000107e+00 9.712454999999999838e-01 nan nan nan
1.903750000000000053e+00 9.768354999999999677e-01 nan nan nan
1.906250000000000000e+00 9.850872500000000809e-01 nan nan nan
1.908749999999999947e+00 9.896975000000000078e-01 nan nan nan
1.911249999999999893e+00 1.010570250000000003e+00 nan nan nan
1.913750000000000062e+00 1.011472750000000032e+00 nan nan nan
1.916250000000000009e+00 1.009216250000000148e+00 nan nan nan
1.918749999999999956e+00 1.030107499999999954e+00 nan nan nan
1.921249999999999902e+00 1.028289250000000044e+00 nan nan nan
1.923750000000000071e+00 1.033245750000000074e+00 nan nan nan
1.926250000000000018e+00 1.036904999999999966e+00 nan nan nan
1.928749999999999964e+00 1.047890250000000023e+00 nan nan nan
1.931249999999999911e+00 1.052099249999999930e+00 nan nan nan
1.933750000000000080e+00 1.060023249999999972e+00 nan nan nan
1.936250000000000027e+00 1.051623999999999892e+00 nan nan nan
1.938749999999999973e+00 1.055002749999999878e+00 nan nan nan
1.941249999999999920e+00 1.068954500000000030e+00 nan nan nan
1.943750000000000089e+00 1.079466250000000072e+00 nan nan nan
1.946250000000000036e+00 1.089315999999999951e+00 nan nan nan
1.948749999999999982e+00 1.087728250000000063e+00 nan nan nan
1.951249999999999929e+00 1.090686750000000149e+00 nan nan nan
1.953750000000000098e+00 1.089862500000000178e+00 nan nan nan
1.956250000000000044e+00 1.092660500000000035e+00 nan nan nan
1.958749999999999991e+00 1.107934250000000009e+00 nan nan nan
1.961249999999999938e+00 1.110003749999999956e+00 nan nan nan
1.963750000000000107e+00 1.107640750000000063e+00 nan nan nan
1.966250000000000053e+00 1.114791249999999900e+00 nan nan nan
1.968750000000000000e+00 1.124033500000000130e+00 nan nan nan
1.971249999999999947e+00 1.131065999999999905e+00 nan nan nan
1.973749999999999893e+00 1.135644000000000098e+00 nan nan nan
1.976250000000000062e+00 1.134074750000000131e+00 nan nan nan
1.978750000000000009e+00 1.140271250000000069e+00 nan nan nan
1.981249999999999956e+00 1.154400749999999976e+00 nan nan nan
1.983749999999999902e+00 1.143770750000000058e+00 nan nan nan
1.986250000000000071e+00 1.149401750000000000e+00 nan nan nan
1.988750000000000018e+00 1.147028249999999971e+00 nan nan nan
1.991249999999999964e+00 1.163165749999999887e+00 nan nan nan
1.993749999999999911e+00 1.165048499999999931e+00 nan nan nan
1.996250000000000080e+00 1.166343750000000012e+00 nan nan nan
1.998750000000000027e+00 1.173421750000000152e+00 nan nan nan
2.001250000000000195e+00 1.174428250000000062e+00 nan nan nan
2.003750000000000142e+00 1.175109750000000064e+00 nan nan nan
2.006250000000000089e+00 1.180553999999999881e+00 nan nan nan
2.008750000000000036e+00 1.171724750000000093e+00 nan nan nan
2.011249999999999982e+00 1.180286500000000016e+00 nan nan nan
2.013749999999999929e+00 1.187955500000000164e+00 nan nan nan
2.016249999999999876e+00 1.197647499999999976e+00 nan nan nan
2.018749999999999822e+00 1.196274250000000094e+00 nan nan nan
2.021250000000000213e+00 1.195183749999999989e+00 nan nan nan
2.023750000000000160e+00 1.205458249999999953e+00 nan nan nan
2.026250000000000107e+00 1.205086749999999984e+00 nan nan nan
2.028750000000000053e+00 1.211942249999999888e+00 nan nan nan
2.031250000000000000e+00 1.208345000000000002e+00 nan nan nan
2.033749999999999947e+00 1.206113499999999839e+00 nan nan nan
2.036249999999999893e+00 1.223883999999999972e+00 nan nan nan
2.038749999999999840e+00 1.214887749999999933e+00 nan nan nan
2.041249999999999787e+00 1.216460749999999980e+00 nan nan nan
2.043750000000000178e+00 1.219666249999999952e+00 nan nan nan
2.046250000000000124e+00 1.226283749999999895e+00 nan nan nan
2.048750000000000071e+00 1.228653999999999913e+00 nan nan nan
2.051250000000000018e+00 1.223152749999999900e+00 nan nan nan
2.053749999999999964e+00 1.223975250000000070e+00 nan nan nan
2.056249999999999911e+00 1.238562749999999824e+00 nan nan nan
2.058749999999999858e+00 1.226046999999999887e+00 nan nan nan
2.061249999999999805e+00 1.230077499999999935e+00 nan nan nan
2.063750000000000195e+00 1.232233750000000017e+00 nan nan nan
2.066250000000000142e+00 1.233095499999999900e+00 nan nan nan
2.068750000000000089e+00 1.253290250000000050e+00 nan nan nan
2.071250000000000036e+00 1.256964750000000075e+00 nan nan nan
2.073749999999999982e+00 1.244208749999999863e+00 nan nan nan
2.076249999999999929e+00 1.247319749999999949e+00 nan nan nan
2.078749999999999876e+00 1.240673000000000137e+00 nan nan nan
2.081249999999999822e+00 1.256891250000000015e+00 nan nan nan
2.083750000000000213e+00 1.248840500000000020e+00 nan nan nan
2.086250000000000160e+00 1.262646500000000005e+00 nan nan nan
2.088750000000000107e+00 1.267174000000000023e+00 nan nan nan
2.091250000000000053e+00 1.265396250000000000e+00 nan nan nan
2.093750000000000000e+00 1.269105249999999963e+00 nan nan nan
2.096249999999999947e+00 1.268279249999999969e+00 nan nan nan
2.098749999999999893e+00 1.276199749999999966e+00 nan nan nan
2.101249999999999840e+00 1.270831999999999962e+00 nan nan nan
2.103749999999999787e+00 1.278213499999999891e+00 nan nan nan
2.106250000000000178e+00 1.277158249999999828e+00 nan nan nan
2.108750000000000124e+00 1.271787500000000071e+00 nan nan nan
2.111250000000000071e+00 1.278133249999999776e+00 nan nan nan
2.113750000000000018e+00 1.297707500000000014e+00 nan nan nan
2.116249999999999964e+00 1.285757000000000039e+00 nan nan nan
2.118749999999999911e+00 1.291419749999999977e+00 nan nan nan
2.121249999999999858e+00 1.290242499999999959e+00 nan nan nan
2.123749999999999805e+00 1.291660999999999948e+00 nan nan nan
2.126250000000000195e+00 1.298328249999999962e+00 nan nan nan
2.128750000000000142e+00 1.312704749999999976e+00 nan nan nan
2.131250000000000089e+00 1.306435500000000083e+00 nan nan nan
2.133750000000000036e+00 1.305274999999999963e+00 nan nan nan
2.136249999999999982e+00 1.310914750000000017e+00 nan nan nan
2.138749999999999929e+00 1.311215000000000019e+00 nan nan nan
2.141249999999999876e+00 1.310650749999999976e+00 nan nan nan
2.143749999999999822e+00 1.318856250000000063e+00 nan nan nan
2.146250000000000213e+00 1.310181999999999958e+00 nan nan nan
2.148750000000000160e+00 1.317709750000000124e+00 nan nan nan
2.151250000000000107e+00 1.318715500000000151e+00 nan nan nan
2.153750000000000053e+00 1.326620000000000132e+00 nan nan nan
2.156250000000000000e+00 1.334539000000000142e+00 nan nan nan
2.158749999999999947e+00 1.324274249999999764e+00 nan nan nan
2.161249999999999893e+00 1.332835499999999840e+00 nan nan nan
2.163749999999999840e+00 1.314657249999999999e+00 nan nan nan
2.166249999999999787e+00 1.334818499999999908e+00 nan nan nan
2.168750000000000178e+00 1.332851000000000008e+00 nan nan nan
2.171250000000000124e+00 1.324739749999999994e+00 nan nan nan
2.173750000000000071e+00 1.324681500000000067e+00 nan nan nan
2.176250000000000018e+00 1.336244500000000057e+00 nan nan nan
2.178749999999999964e+00 1.335456250000000011e+00 nan nan nan
2.181249999999999911e+00 1.326250749999999812e+00 nan nan nan
2.183749999999999858e+00 1.322469000000000117e+00 nan nan nan
2.186249999999999805e+00 1.324473749999999894e+00 nan nan nan
2.188750000000000195e+00 1.335198249999999920e+00 nan nan nan
2.191250000000000142e+00 1.333291999999999700e+00 nan nan nan
2.193750000000000089e+00 1.331073749999999833e+00 nan nan nan
2.196250000000000036e+00 1.327834249999999994e+00 nan nan nan
2.198749999999999982e+00 1.327630749999999971e+00 nan nan nan
2.201249999999999929e+00 1.333407749999999670e+00 nan nan nan
2.203749999999999876e+00 1.306009499999999823e+00 nan nan nan
2.206249999999999822e+00 1.317052749999999994e+00 nan nan nan
2.208750000000000213e+00 1.310710499999999890e+00 nan nan nan
2.211250000000000160e+00 1.296904749999999940e+00 nan nan nan
2.213750000000000107e+00 1.310478750000000137e+00 nan nan nan
2.216250000000000053e+00 1.308403750000000088e+00 nan nan nan
2.218750000000000000e+00 1.298638249999999994e+00 nan nan nan
2.221249999999999947e+00 1.300432999999999950e+00 nan nan nan
2.223749999999999893e+00 1.289436750000000131e+00 nan nan nan
2.226249999999999840e+00 1.293571749999999909e+00 nan nan nan
2.228749999999999787e+00 1.295176499999999953e+00 nan nan nan
2.231250000000000178e+00 1.278841749999999999e+00 nan nan nan
2.233750000000000124e+00 1.287983250000000135e+00 nan nan nan
2.236250000000000071e+00 1.273256249999999978e+00 nan nan nan
2.238750000000000018e+00 1.290024499999999907e+00 nan nan nan
2.241249999999999964e+00 1.265911250000000043e+00 nan nan nan
2.243749999999999911e+00 1.258545750000000130e+00 nan nan nan
2.246249999999999858e+00 1.260231499999999949e+00 nan nan nan
2.248749999999999805e+00 1.261881499999999878e+00 nan nan nan
2.251250000000000195e+00 1.247314250000000069e+00 nan nan nan
2.253750000000000142e+00 1.246726500000000071e+00 nan nan nan
2.256250000000000089e+00 1.247411749999999930e+00 nan nan nan
2.258750000000000036e+00 1.245175249999999956e+00 nan nan nan
2.261249999999999982e+00 1.235684999999999922e+00 nan nan nan
2.263749999999999929e+00 1.216532249999999982e+00 nan nan nan
2.266249999999999876e+00 1.228604250000000064e+00 nan nan nan
2.268749999999999822e+00 1.221600000000000019e+00 nan nan nan
2.271250000000000213e+00 1.218221999999999916e+00 nan nan nan
2.273750000000000160e+00 1.201870500000000064e+00 nan nan nan
2.276250000000000107e+00 1.206201249999999892e+00 nan nan nan
2.278750000000000053e+00 1.191362000000000032e+00 nan nan nan
2.281250000000000000e+00 1.184721249999999948e+00 nan nan nan
2.283749999999999947e+00 1.189710249999999858e+00 nan nan nan
2.286249999999999893e+00 1.180615250000000005e+00 nan nan nan
2.288749999999999840e+00 1.168765249999999867e+00 nan nan nan
2.291249999999999787e+00 1.173360750000000063e+00 nan nan nan
2.293750000000000178e+00 1.164424499999999973e+00 nan nan nan
2.296250000000000124e+00 1.168835499999999916e+00 nan nan nan
2.298750000000000071e+00 1.155370500000000078e+00 nan nan nan
2.301250000000000018e+00 1.152357000000000076e+00 nan nan nan
2.303749999999999964e+00 1.148084499999999952e+00 nan nan nan
2.306249999999999911e+00 1.135078750000000136e+00 nan nan nan
2.308749999999999858e+00 1.135603249999999953e+00 nan nan nan
2.311249999999999805e+00 1.125840750000000057e+00 nan nan nan
2.313750000000000195e+00 1.124121500000000218e+00 nan nan nan
2.316250000000000142e+00 1.124279499999999876e+00 nan nan nan
2.318750000000000089e+00 1.116913999999999962e+00 nan nan nan
2.321250000000000036e+00 1.113707250000000037e+00 nan nan nan
2.323749999999999982e+00 1.097866999999999926e+00 nan nan nan
2.326249999999999929e+00 1.106598750000000075e+00 nan nan nan
2.328749999999999876e+00 1.096627750000000123e+00 nan nan nan
2.331249999999999822e+00 1.086509750000000052e+00 nan nan nan
2.333750000000000213e+00 1.086447500000000010e+00 nan nan nan
2.336250000000000160e+00 1.081980500000000012e+00 nan nan nan
2.338750000000000107e+00 1.078645750000000181e+00 nan nan nan
2.341250000000000053e+00 1.073049499999999989e+00 nan nan nan
2.343750000000000000e+00 1.069835749999999974e+00 nan nan nan
2.346249999999999947e+00 1.061852000000000018e+00 nan nan nan
2.348749999999999893e+00 1.049197750000000040e+00 nan nan nan
2.351249999999999840e+00 1.046438999999999897e+00 nan nan nan
2.353749999999999787e+00 1.041233749999999958e+00 nan nan nan
2.356250000000000178e+00 1.044567499999999871e+00 nan nan nan
2.358750000000000124e+00 1.043794250000000146e+00 nan nan nan
2.361250000000000071e+00 1.035884000000000027e+00 nan nan nan
2.363750000000000018e+00 1.025819999999999954e+00 nan nan nan
2.366249999999999964e+00 1.024789000000000172e+00 nan nan nan
2.368749999999999911e+00 1.011818000000000106e+00 nan nan nan
2.371249999999999858e+00 1.018753500000000090e+00 nan nan nan
2.373749999999999805e+00 1.003769000000000133e+00 nan nan nan
2.376250000000000195e+00 1.011047999999999947e+00 nan nan nan
2.378750000000000142e+00 1.005508499999999916e+00 nan nan nan
2.381250000000000089e+00 9.996312499999999712e-01 nan nan nan
2.383750000000000036e+00 9.928589999999999360e-01 nan nan nan
2.386249999999999982e+00 9.879215000000001190e-01 nan nan nan
2.388749999999999929e+00 9.843172499999999214e-01 nan nan nan
2.391249999999999876e+00 9.793914999999999704e-01 nan nan nan
2.393749999999999822e+00 9.791885000000000172e-01 nan nan nan
2.396250000000000213e+00 9.784752500000000186e-01 nan nan nan
2.398750000000000160e+00 9.719067500000000415e-01 nan nan nan
2.401250000000000107e+00 9.637977500000000086e-01 nan nan nan
2.403750000000000053e+00 9.602320000000000855e-01 nan nan nan
2.406250000000000000e+00 9.586104999999999210e-01 nan nan nan
2.408749999999999947e+00 9.456867500000000204e-01 nan nan nan
2.411249999999999893e+00 9.449297500000000127e-01 nan nan nan
2.413749999999999840e+00 9.491272500000000889e-01 nan nan nan
2.416249999999999787e+00 9.490807500000000285e-01 nan nan nan
2.418750000000000178e+00 9.386002500000000248e-01 nan nan nan
2.421250000000000124e+00 9.309807500000000235e-01 nan nan nan
2.423750000000000071e+00 9.359872500000000484e-01 nan nan nan
2.426250000000000018e+00 9.230004999999998905e-01 nan nan nan
2.428749999999999964e+00 9.229767499999999014e-01 nan nan nan
2.431249999999999911e+00 9.177667499999999645e-01 nan nan nan
2.433749999999999858e+00 9.119755000000000500e-01 nan nan nan
2.436249999999999805e+00 9.191019999999999746e-01 nan nan nan
2.438750000000000195e+00 9.153374999999999151e-01 nan nan nan
2.441250000000000142e+00 9.085137500000000088e-01 nan nan nan
2.443750000000000089e+00 9.041012499999999674e-01 nan nan nan
2.446250000000000036e+00 9.053777499999999812e-01 nan nan nan
2.448749999999999982e+00 8.989497499999999919e-01 nan nan nan
2.451249999999999929e+00 8.924827499999999914e-01 nan nan nan
2.453749999999999876e+00 8.920799999999999841e-01 nan nan nan
2.456249999999999822e+00 8.946697500000000414e-01 nan nan nan
2.458750000000000213e+00 8.961532500000000123e-01 nan nan nan
2.461250000000000160e+00 8.778782499999999711e-01 nan nan nan
2.463750000000000107e+00 8.784432500000000088e-01 nan nan nan
2.466250000000000053e+00 8.805307500000000287e-01 nan nan nan
2.468750000000000000e+00 8.762655000000000305e-01 nan nan nan
2.471249999999999947e+00 8.843205000000000648e-01 nan nan nan
2.473749999999999893e+00 8.655585000000000084e-01 nan nan nan
2.476249999999999840e+00 8.741590000000000193e-01 nan nan nan
2.478749999999999787e+00 8.648432500000000633e-01 nan nan nan
2.481250000000000178e+00 8.732830000000000314e-01 nan nan nan
2.483750000000000124e+00 8.657962500000000450e-01 nan nan nan
2.486250000000000071e+00 8.643024999999999736e-01 nan nan nan
2.488750000000000018e+00 8.596314999999999928e-01 nan nan nan
2.491249999999999964e+00 8.564114999999999922e-01 nan nan nan
2.493749999999999911e+00 8.542662500000000048e-01 nan nan nan
2.496249999999999858e+00 8.568612500000000187e-01 nan nan nan
2.498749999999999805e+00 8.411777500000000574e-01 nan nan nan
