1.250000000000000026e-03 0.000000000000000000e+00 nan nan nan
3.749999999999999861e-03 0.000000000000000000e+00 nan nan nan
6.250000000000000347e-03 0.000000000000000000e+00 nan nan nan
8.750000000000000833e-03 0.000000000000000000e+00 nan nan nan
1.124999999999999958e-02 0.000000000000000000e+00 nan nan nan
1.375000000000000007e-02 0.000000000000000000e+00 nan nan nan
1.625000000000000056e-02 0.000000000000000000e+00 nan nan nan
1.874999999999999931e-02 0.000000000000000000e+00 nan nan nan
2.125000000000000153e-02 0.000000000000000000e+00 nan nan nan
2.375000000000000028e-02 0.000000000000000000e+00 nan nan nan
2.624999999999999903e-02 0.000000000000000000e+00 nan nan nan
2.875000000000000125e-02 0.000000000000000000e+00 nan nan nan
3.125000000000000000e-02 0.000000000000000000e+00 nan nan nan
3.375000000000000222e-02 0.000000000000000000e+00 nan nan nan
3.624999999999999750e-02 0.000000000000000000e+00 nan nan nan
3.874999999999999972e-02 0.000000000000000000e+00 nan nan nan
4.125000000000000194e-02 0.000000000000000000e+00 nan nan nan
4.374999999999999722e-02 0.000000000000000000e+00 nan nan nan
4.624999999999999944e-02 0.000000000000000000e+00 nan nan nan
4.875000000000000167e-02 0.000000000000000000e+00 nan nan nan
5.124999999999999695e-02 0.000000000000000000e+00 nan nan nan
5.374999999999999917e-02 0.000000000000000000e+00 nan nan nan
5.625000000000000139e-02 0.000000000000000000e+00 nan nan nan
5.874999999999999667e-02 0.000000000000000000e+00 nan nan nan
6.124999999999999889e-02 0.000000000000000000e+00 nan nan nan
6.375000000000000111e-02 0.000000000000000000e+00 nan nan nan
6.625000000000000333e-02 0.000000000000000000e+00 nan nan nan
6.875000000000000555e-02 0.000000000000000000e+00 nan nan nan
7.124999999999999389e-02 0.000000000000000000e+00 nan nan nan
7.374999999999999611e-02 0.000000000000000000e+00 nan nan nan
7.624999999999999833e-02 0.000000000000000000e+00 nan nan nan
7.875000000000000056e-02 0.000000000000000000e+00 nan nan nan
8.125000000000000278e-02 0.000000000000000000e+00 nan nan nan
8.375000000000000500e-02 0.000000000000000000e+00 nan nan nan
8.624999999999999334e-02 0.000000000000000000e+00 nan nan nan
8.874999999999999556e-02 0.000000000000000000e+00 nan nan nan
9.124999999999999778e-02 0.000000000000000000e+00 nan nan nan
9.375000000000000000e-02 0.000000000000000000e+00 nan nan nan
9.625000000000000222e-02 0.000000000000000000e+00 nan nan nan
9.875000000000000444e-02 0.000000000000000000e+00 nan nan nan
1.012500000000000067e-01 0.000000000000000000e+00 nan nan nan
1.037499999999999950e-01 0.000000000000000000e+00 nan nan nan
1.062499999999999972e-01 0.000000000000000000e+00 nan nan nan
1.087499999999999994e-01 0.000000000000000000e+00 nan nan nan
1.112500000000000017e-01 0.000000000000000000e+00 nan nan nan
1.137500000000000039e-01 0.000000000000000000e+00 nan nan nan
1.162500000000000061e-01 0.000000000000000000e+00 nan nan nan
1.187499999999999944e-01 0.000000000000000000e+00 nan nan nan
1.212499999999999967e-01 0.000000000000000000e+00 nan nan nan
1.237499999999999989e-01 0.000000000000000000e+00 nan nan nan
1.262500000000000011e-01 0.000000000000000000e+00 nan nan nan
1.287500000000000033e-01 0.000000000000000000e+00 nan nan nan
1.312500000000000056e-01 0.000000000000000000e+00 nan nan nan
1.337500000000000078e-01 0.000000000000000000e+00 nan nan nan
1.362500000000000100e-01 0.000000000000000000e+00 nan nan nan
1.387500000000000122e-01 0.000000000000000000e+00 nan nan nan
1.412499999999999867e-01 0.000000000000000000e+00 nan nan nan
1.437499999999999889e-01 0.000000000000000000e+00 nan nan nan
1.462499999999999911e-01 0.000000000000000000e+00 nan nan nan
1.487499999999999933e-01 0.000000000000000000e+00 nan nan nan
1.512499999999999956e-01 0.000000000000000000e+00 nan nan nan
1.537499999999999978e-01 0.000000000000000000e+00 nan nan nan
1.562500000000000000e-01 0.000000000000000000e+00 nan nan nan
1.587500000000000022e-01 0.000000000000000000e+00 nan nan nan
1.612500000000000044e-01 0.000000000000000000e+00 nan nan nan
1.637500000000000067e-01 0.000000000000000000e+00 nan nan nan
1.662500000000000089e-01 0.000000000000000000e+00 nan nan nan
1.687500000000000111e-01 0.000000000000000000e+00 nan nan nan
1.712500000000000133e-01 0.000000000000000000e+00 nan nan nan
1.737499999999999878e-01 0.000000000000000000e+00 nan nan nan
1.762499999999999900e-01 0.000000000000000000e+00 nan nan nan
1.787499999999999922e-01 0.000000000000000000e+00 nan nan nan
1.812499999999999944e-01 0.000000000000000000e+00 nan nan nan
1.837499999999999967e-01 0.000000000000000000e+00 nan nan nan
1.862499999999999989e-01 0.000000000000000000e+00 nan nan nan
1.887500000000000011e-01 0.000000000000000000e+00 nan nan nan
1.912500000000000033e-01 0.000000000000000000e+00 nan nan nan
1.937500000000000056e-01 0.000000000000000000e+00 nan nan nan
1.962500000000000078e-01 0.000000000000000000e+00 nan nan nan
1.987500000000000100e-01 0.000000000000000000e+00 nan nan nan
2.012500000000000122e-01 0.000000000000000000e+00 nan nan nan
2.037499999999999867e-01 0.000000000000000000e+00 nan nan nan
2.062499999999999889e-01 0.000000000000000000e+00 nan nan nan
2.087499999999999911e-01 0.000000000000000000e+00 nan nan nan
2.112499999999999933e-01 0.000000000000000000e+00 nan nan nan
2.137499999999999956e-01 0.000000000000000000e+00 nan nan nan
2.162499999999999978e-01 0.000000000000000000e+00 nan nan nan
2.187500000000000000e-01 0.000000000000000000e+00 nan nan nan
2.212500000000000022e-01 0.000000000000000000e+00 nan nan nan
2.237500000000000044e-01 0.000000000000000000e+00 nan nan nan
2.262500000000000067e-01 0.000000000000000000e+00 nan nan nan
2.287500000000000089e-01 0.000000000000000000e+00 nan nan nan
2.312500000000000111e-01 0.000000000000000000e+00 nan nan nan
2.337500000000000133e-01 0.000000000000000000e+00 nan nan nan
2.362499999999999878e-01 0.000000000000000000e+00 nan nan nan
2.387499999999999900e-01 0.000000000000000000e+00 nan nan nan
2.412499999999999922e-01 0.000000000000000000e+00 nan nan nan
2.437499999999999944e-01 0.000000000000000000e+00 nan nan nan
2.462499999999999967e-01 0.000000000000000000e+00 nan nan nan
2.487499999999999989e-01 0.000000000000000000e+00 nan nan nan
2.512499999999999734e-01 0.000000000000000000e+00 nan nan nan
2.537499999999999756e-01 0.000000000000000000e+00 nan nan nan
2.562499999999999778e-01 0.000000000000000000e+00 nan nan nan
2.587499999999999800e-01 0.000000000000000000e+00 nan nan nan
2.612499999999999822e-01 0.000000000000000000e+00 nan nan nan
2.637499999999999845e-01 0.000000000000000000e+00 nan nan nan
2.662499999999999867e-01 0.000000000000000000e+00 nan nan nan
2.687499999999999889e-01 0.000000000000000000e+00 nan nan nan
2.712499999999999911e-01 0.000000000000000000e+00 nan nan nan
2.737499999999999933e-01 0.000000000000000000e+00 nan nan nan
2.762499999999999956e-01 0.000000000000000000e+00 nan nan nan
2.787499999999999978e-01 0.000000000000000000e+00 nan nan nan
2.812500000000000000e-01 0.000000000000000000e+00 nan nan nan
2.837500000000000022e-01 0.000000000000000000e+00 nan nan nan
2.862500000000000044e-01 0.000000000000000000e+00 nan nan nan
2.887500000000000067e-01 0.000000000000000000e+00 nan nan nan
2.912500000000000089e-01 0.000000000000000000e+00 nan nan nan
2.937500000000000111e-01 0.000000000000000000e+00 nan nan nan
2.962500000000000133e-01 0.000000000000000000e+00 nan nan nan
2.987500000000000155e-01 0.000000000000000000e+00 nan nan nan
3.012500000000000178e-01 0.000000000000000000e+00 nan nan nan
3.037500000000000200e-01 0.000000000000000000e+00 nan nan nan
3.062500000000000222e-01 0.000000000000000000e+00 nan nan nan
3.087500000000000244e-01 0.000000000000000000e+00 nan nan nan
3.112500000000000266e-01 0.000000000000000000e+00 nan nan nan
3.137499999999999734e-01 0.000000000000000000e+00 nan nan nan
3.162499999999999756e-01 0.000000000000000000e+00 nan nan nan
3.187499999999999778e-01 0.000000000000000000e+00 nan nan nan
3.212499999999999800e-01 0.000000000000000000e+00 nan nan nan
3.237499999999999822e-01 0.000000000000000000e+00 nan nan nan
3.262499999999999845e-01 0.000000000000000000e+00 nan nan nan
3.287499999999999867e-01 0.000000000000000000e+00 nan nan nan
3.312499999999999889e-01 0.000000000000000000e+00 nan nan nan
3.337499999999999911e-01 0.000000000000000000e+00 nan nan nan
3.362499999999999933e-01 0.000000000000000000e+00 nan nan nan
3.387499999999999956e-01 0.000000000000000000e+00 nan nan nan
3.412499999999999978e-01 0.000000000000000000e+00 nan nan nan
3.437500000000000000e-01 0.000000000000000000e+00 nan nan nan
3.462500000000000022e-01 0.000000000000000000e+00 nan nan nan
3.487500000000000044e-01 0.000000000000000000e+00 nan nan nan
3.512500000000000067e-01 0.000000000000000000e+00 nan nan nan
3.537500000000000089e-01 0.000000000000000000e+00 nan nan nan
3.562500000000000111e-01 0.000000000000000000e+00 nan nan nan
3.587500000000000133e-01 0.000000000000000000e+00 nan nan nan
3.612500000000000155e-01 0.000000000000000000e+00 nan nan nan
3.637500000000000178e-01 0.000000000000000000e+00 nan nan nan
3.662500000000000200e-01 0.000000000000000000e+00 nan nan nan
3.687500000000000222e-01 0.000000000000000000e+00 nan nan nan
3.712500000000000244e-01 0.000000000000000000e+00 nan nan nan
3.737500000000000266e-01 0.000000000000000000e+00 nan nan nan
3.762499999999999734e-01 0.000000000000000000e+00 nan nan nan
3.787499999999999756e-01 0.000000000000000000e+00 nan nan nan
3.812499999999999778e-01 0.000000000000000000e+00 nan nan nan
3.837499999999999800e-01 0.000000000000000000e+00 nan nan nan
3.862499999999999822e-01 0.000000000000000000e+00 nan nan nan
3.887499999999999845e-01 0.000000000000000000e+00 nan nan nan
3.912499999999999867e-01 0.000000000000000000e+00 nan nan nan
3.937499999999999889e-01 0.000000000000000000e+00 nan nan nan
3.962499999999999911e-01 0.000000000000000000e+00 nan nan nan
3.987499999999999933e-01 0.000000000000000000e+00 nan nan nan
4.012499999999999956e-01 0.000000000000000000e+00 nan nan nan
4.037499999999999978e-01 0.000000000000000000e+00 nan nan nan
4.062500000000000000e-01 0.000000000000000000e+00 nan nan nan
4.087500000000000022e-01 0.000000000000000000e+00 nan nan nan
4.112500000000000044e-01 0.000000000000000000e+00 nan nan nan
4.137500000000000067e-01 0.000000000000000000e+00 nan nan nan
4.162500000000000089e-01 0.000000000000000000e+00 nan nan nan
4.187500000000000111e-01 0.000000000000000000e+00 nan nan nan
4.212500000000000133e-01 0.000000000000000000e+00 nan nan nan
4.237500000000000155e-01 0.000000000000000000e+00 nan nan nan
4.262500000000000178e-01 0.000000000000000000e+00 nan nan nan
4.287500000000000200e-01 0.000000000000000000e+00 nan nan nan
4.312500000000000222e-01 0.000000000000000000e+00 nan nan nan
4.337500000000000244e-01 0.000000000000000000e+00 nan nan nan
4.362500000000000266e-01 0.000000000000000000e+00 nan nan nan
4.387499999999999734e-01 0.000000000000000000e+00 nan nan nan
4.412499999999999756e-01 0.000000000000000000e+00 nan nan nan
4.437499999999999778e-01 0.000000000000000000e+00 nan nan nan
4.462499999999999800e-01 0.000000000000000000e+00 nan nan nan
4.487499999999999822e-01 0.000000000000000000e+00 nan nan nan
4.512499999999999845e-01 0.000000000000000000e+00 nan nan nan
4.537499999999999867e-01 0.000000000000000000e+00 nan nan nan
4.562499999999999889e-01 0.000000000000000000e+00 nan nan nan
4.587499999999999911e-01 0.000000000000000000e+00 nan nan nan
4.612499999999999933e-01 0.000000000000000000e+00 nan nan nan
4.637499999999999956e-01 0.000000000000000000e+00 nan nan nan
4.662499999999999978e-01 0.000000000000000000e+00 nan nan nan
4.687500000000000000e-01 0.000000000000000000e+00 nan nan nan
4.712500000000000022e-01 0.000000000000000000e+00 nan nan nan
4.737500000000000044e-01 0.000000000000000000e+00 nan nan nan
4.762500000000000067e-01 0.000000000000000000e+00 nan nan nan
4.787500000000000089e-01 0.000000000000000000e+00 nan nan nan
4.812500000000000111e-01 0.000000000000000000e+00 nan nan nan
4.837500000000000133e-01 0.000000000000000000e+00 nan nan nan
4.862500000000000155e-01 0.000000000000000000e+00 nan nan nan
4.887500000000000178e-01 0.000000000000000000e+00 nan nan nan
4.912500000000000200e-01 0.000000000000000000e+00 nan nan nan
4.937500000000000222e-01 0.000000000000000000e+00 nan nan nan
4.962500000000000244e-01 0.000000000000000000e+00 nan nan nan
4.987500000000000266e-01 0.000000000000000000e+00 nan nan nan
5.012499999999999734e-01 0.000000000000000000e+00 nan nan nan
5.037500000000000311e-01 0.000000000000000000e+00 nan nan nan
5.062499999999999778e-01 0.000000000000000000e+00 nan nan nan
5.087500000000000355e-01 0.000000000000000000e+00 nan nan nan
5.112499999999999822e-01 0.000000000000000000e+00 nan nan nan
5.137500000000000400e-01 0.000000000000000000e+00 nan nan nan
5.162499999999999867e-01 0.000000000000000000e+00 nan nan nan
5.187500000000000444e-01 0.000000000000000000e+00 nan nan nan
5.212499999999999911e-01 0.000000000000000000e+00 nan nan nan
5.237500000000000488e-01 0.000000000000000000e+00 nan nan nan
5.262499999999999956e-01 0.000000000000000000e+00 nan nan nan
5.287500000000000533e-01 0.000000000000000000e+00 nan nan nan
5.312500000000000000e-01 0.000000000000000000e+00 nan nan nan
5.337499999999999467e-01 0.000000000000000000e+00 nan nan nan
5.362500000000000044e-01 0.000000000000000000e+00 nan nan nan
5.387499999999999512e-01 0.000000000000000000e+00 nan nan nan
5.412500000000000089e-01 0.000000000000000000e+00 nan nan nan
5.437499999999999556e-01 0.000000000000000000e+00 nan nan nan
5.462500000000000133e-01 0.000000000000000000e+00 nan nan nan
5.487499999999999600e-01 0.000000000000000000e+00 nan nan nan
5.512500000000000178e-01 0.000000000000000000e+00 nan nan nan
5.537499999999999645e-01 0.000000000000000000e+00 nan nan nan
5.562500000000000222e-01 0.000000000000000000e+00 nan nan nan
5.587499999999999689e-01 0.000000000000000000e+00 nan nan nan
5.612500000000000266e-01 0.000000000000000000e+00 nan nan nan
5.637499999999999734e-01 0.000000000000000000e+00 nan nan nan
5.662500000000000311e-01 0.000000000000000000e+00 nan nan nan
5.687499999999999778e-01 0.000000000000000000e+00 nan nan nan
5.712500000000000355e-01 0.000000000000000000e+00 nan nan nan
5.737499999999999822e-01 0.000000000000000000e+00 nan nan nan
5.762500000000000400e-01 0.000000000000000000e+00 nan nan nan
5.787499999999999867e-01 0.000000000000000000e+00 nan nan nan
5.812500000000000444e-01 0.000000000000000000e+00 nan nan nan
5.837499999999999911e-01 0.000000000000000000e+00 nan nan nan
5.862500000000000488e-01 0.000000000000000000e+00 nan nan nan
5.887499999999999956e-01 0.000000000000000000e+00 nan nan nan
5.912500000000000533e-01 0.000000000000000000e+00 nan nan nan
5.937500000000000000e-01 0.000000000000000000e+00 nan nan nan
5.962499999999999467e-01 0.000000000000000000e+00 nan nan nan
5.987500000000000044e-01 0.000000000000000000e+00 nan nan nan
6.012499999999999512e-01 0.000000000000000000e+00 nan nan nan
6.037500000000000089e-01 0.000000000000000000e+00 nan nan nan
6.062499999999999556e-01 0.000000000000000000e+00 nan nan nan
6.087500000000000133e-01 0.000000000000000000e+00 nan nan nan
6.112499999999999600e-01 0.000000000000000000e+00 nan nan nan
6.137500000000000178e-01 0.000000000000000000e+00 nan nan nan
6.162499999999999645e-01 0.000000000000000000e+00 nan nan nan
6.187500000000000222e-01 0.000000000000000000e+00 nan nan nan
6.212499999999999689e-01 0.000000000000000000e+00 nan nan nan
6.237500000000000266e-01 0.000000000000000000e+00 nan nan nan
6.262499999999999734e-01 0.000000000000000000e+00 nan nan nan
6.287500000000000311e-01 0.000000000000000000e+00 nan nan nan
6.312499999999999778e-01 0.000000000000000000e+00 nan nan nan
6.337500000000000355e-01 0.000000000000000000e+00 nan nan nan
6.362499999999999822e-01 0.000000000000000000e+00 nan nan nan
6.387500000000000400e-01 0.000000000000000000e+00 nan nan nan
6.412499999999999867e-01 0.000000000000000000e+00 nan nan nan
6.437500000000000444e-01 0.000000000000000000e+00 nan nan nan
6.462499999999999911e-01 0.000000000000000000e+00 nan nan nan
6.487500000000000488e-01 0.000000000000000000e+00 nan nan nan
6.512499999999999956e-01 0.000000000000000000e+00 nan nan nan
6.537500000000000533e-01 0.000000000000000000e+00 nan nan nan
6.562500000000000000e-01 0.000000000000000000e+00 nan nan nan
6.587499999999999467e-01 0.000000000000000000e+00 nan nan nan
6.612500000000000044e-01 0.000000000000000000e+00 nan nan nan
6.637499999999999512e-01 0.000000000000000000e+00 nan nan nan
6.662500000000000089e-01 0.000000000000000000e+00 nan nan nan
6.687499999999999556e-01 0.000000000000000000e+00 nan nan nan
6.712500000000000133e-01 0.000000000000000000e+00 nan nan nan
6.737499999999999600e-01 0.000000000000000000e+00 nan nan nan
6.762500000000000178e-01 0.000000000000000000e+00 nan nan nan
6.787499999999999645e-01 0.000000000000000000e+00 nan nan nan
6.812500000000000222e-01 0.000000000000000000e+00 nan nan nan
6.837499999999999689e-01 0.000000000000000000e+00 nan nan nan
6.862500000000000266e-01 0.000000000000000000e+00 nan nan nan
6.887499999999999734e-01 0.000000000000000000e+00 nan nan nan
6.912500000000000311e-01 0.000000000000000000e+00 nan nan nan
6.937499999999999778e-01 0.000000000000000000e+00 nan nan nan
6.962500000000000355e-01 0.000000000000000000e+00 nan nan nan
6.987499999999999822e-01 0.000000000000000000e+00 nan nan nan
7.012500000000000400e-01 0.000000000000000000e+00 nan nan nan
7.037499999999999867e-01 0.000000000000000000e+00 nan nan nan
7.062500000000000444e-01 0.000000000000000000e+00 nan nan nan
7.087499999999999911e-01 0.000000000000000000e+00 nan nan nan
7.112500000000000488e-01 0.000000000000000000e+00 nan nan nan
7.137499999999999956e-01 0.000000000000000000e+00 nan nan nan
7.162500000000000533e-01 0.000000000000000000e+00 nan nan nan
7.187500000000000000e-01 0.000000000000000000e+00 nan nan nan
7.212499999999999467e-01 0.000000000000000000e+00 nan nan nan
7.237500000000000044e-01 0.000000000000000000e+00 nan nan nan
7.262499999999999512e-01 0.000000000000000000e+00 nan nan nan
7.287500000000000089e-01 0.000000000000000000e+00 nan nan nan
7.312499999999999556e-01 0.000000000000000000e+00 nan nan nan
7.337500000000000133e-01 0.000000000000000000e+00 nan nan nan
7.362499999999999600e-01 0.000000000000000000e+00 nan nan nan
7.387500000000000178e-01 0.000000000000000000e+00 nan nan nan
7.412499999999999645e-01 0.000000000000000000e+00 nan nan nan
7.437500000000000222e-01 0.000000000000000000e+00 nan nan nan
7.462499999999999689e-01 0.000000000000000000e+00 nan nan nan
7.487500000000000266e-01 0.000000000000000000e+00 nan nan nan
7.512499999999999734e-01 0.000000000000000000e+00 nan nan nan
7.537500000000000311e-01 0.000000000000000000e+00 nan nan nan
7.562499999999999778e-01 0.000000000000000000e+00 nan nan nan
7.587500000000000355e-01 0.000000000000000000e+00 nan nan nan
7.612499999999999822e-01 0.000000000000000000e+00 nan nan nan
7.637500000000000400e-01 0.000000000000000000e+00 nan nan nan
7.662499999999999867e-01 0.000000000000000000e+00 nan nan nan
7.687500000000000444e-01 0.000000000000000000e+00 nan nan nan
7.712499999999999911e-01 0.000000000000000000e+00 nan nan nan
7.737500000000000488e-01 0.000000000000000000e+00 nan nan nan
7.762499999999999956e-01 0.000000000000000000e+00 nan nan nan
7.787500000000000533e-01 0.000000000000000000e+00 nan nan nan
7.812500000000000000e-01 0.000000000000000000e+00 nan nan nan
7.837499999999999467e-01 0.000000000000000000e+00 nan nan nan
7.862500000000000044e-01 0.000000000000000000e+00 nan nan nan
7.887499999999999512e-01 0.000000000000000000e+00 nan nan nan
7.912500000000000089e-01 0.000000000000000000e+00 nan nan nan
7.937499999999999556e-01 0.000000000000000000e+00 nan nan nan
7.962500000000000133e-01 0.000000000000000000e+00 nan nan nan
7.987499999999999600e-01 0.000000000000000000e+00 nan nan nan
8.012500000000000178e-01 0.000000000000000000e+00 nan nan nan
8.037499999999999645e-01 0.000000000000000000e+00 nan nan nan
8.062500000000000222e-01 0.000000000000000000e+00 nan nan nan
8.087499999999999689e-01 0.000000000000000000e+00 nan nan nan
8.112500000000000266e-01 0.000000000000000000e+00 nan nan nan
8.137499999999999734e-01 0.000000000000000000e+00 nan nan nan
8.162500000000000311e-01 0.000000000000000000e+00 nan nan nan
8.187499999999999778e-01 0.000000000000000000e+00 nan nan nan
8.212500000000000355e-01 0.000000000000000000e+00 nan nan nan
8.237499999999999822e-01 0.000000000000000000e+00 nan nan nan
8.262500000000000400e-01 0.000000000000000000e+00 nan nan nan
8.287499999999999867e-01 0.000000000000000000e+00 nan nan nan
8.312500000000000444e-01 0.000000000000000000e+00 nan nan nan
8.337499999999999911e-01 0.000000000000000000e+00 nan nan nan
8.362500000000000488e-01 0.000000000000000000e+00 nan nan nan
8.387499999999999956e-01 0.000000000000000000e+00 nan nan nan
8.412500000000000533e-01 0.000000000000000000e+00 nan nan nan
8.437500000000000000e-01 0.000000000000000000e+00 nan nan nan
8.462499999999999467e-01 0.000000000000000000e+00 nan nan nan
8.487500000000000044e-01 0.000000000000000000e+00 nan nan nan
8.512499999999999512e-01 0.000000000000000000e+00 nan nan nan
8.537500000000000089e-01 0.000000000000000000e+00 nan nan nan
8.562499999999999556e-01 0.000000000000000000e+00 nan nan nan
8.587500000000000133e-01 0.000000000000000000e+00 nan nan nan
8.612499999999999600e-01 0.000000000000000000e+00 nan nan nan
8.637500000000000178e-01 0.000000000000000000e+00 nan nan nan
8.662499999999999645e-01 0.000000000000000000e+00 nan nan nan
8.687500000000000222e-01 0.000000000000000000e+00 nan nan nan
8.712499999999999689e-01 0.000000000000000000e+00 nan nan nan
8.737500000000000266e-01 0.000000000000000000e+00 nan nan nan
8.762499999999999734e-01 0.000000000000000000e+00 nan nan nan
8.787500000000000311e-01 0.000000000000000000e+00 nan nan nan
8.812499999999999778e-01 0.000000000000000000e+00 nan nan nan
8.837500000000000355e-01 0.000000000000000000e+00 nan nan nan
8.862499999999999822e-01 0.000000000000000000e+00 nan nan nan
8.887500000000000400e-01 0.000000000000000000e+00 nan nan nan
8.912499999999999867e-01 0.000000000000000000e+00 nan nan nan
8.937500000000000444e-01 0.000000000000000000e+00 nan nan nan
8.962499999999999911e-01 0.000000000000000000e+00 nan nan nan
8.987500000000000488e-01 0.000000000000000000e+00 nan nan nan
9.012499999999999956e-01 1.565000000000000093e-04 nan nan nan
9.037500000000000533e-01 1.557499999999999911e-04 nan nan nan
9.062500000000000000e-01 0.000000000000000000e+00 nan nan nan
9.087499999999999467e-01 0.000000000000000000e+00 nan nan nan
9.112500000000000044e-01 3.060000000000000111e-04 nan nan nan
9.137499999999999512e-01 6.089999999999999494e-04 nan nan nan
9.162500000000000089e-01 3.029999999999999924e-04 nan nan nan
9.187499999999999556e-01 1.204999999999999908e-03 nan nan nan
9.212500000000000133e-01 1.947749999999999829e-03 nan nan nan
9.237499999999999600e-01 2.533000000000000095e-03 nan nan nan
9.262500000000000178e-01 3.260749999999999760e-03 nan nan nan
9.287499999999999645e-01 3.684999999999999908e-03 nan nan nan
9.312500000000000222e-01 8.357250000000000095e-03 nan nan nan
9.337499999999999689e-01 9.041500000000000925e-03 nan nan nan
9.362500000000000266e-01 1.276449999999999980e-02 nan nan nan
9.387499999999999734e-01 1.702499999999999847e-02 nan nan nan
9.412500000000000311e-01 2.612000000000000086e-02 nan nan nan
9.437499999999999778e-01 2.583875000000000061e-02 nan nan nan
9.462500000000000355e-01 3.450699999999999601e-02 nan nan nan
9.487499999999999822e-01 4.449575000000000058e-02 nan nan nan
9.512500000000000400e-01 5.789175000000000570e-02 nan nan nan
9.537499999999999867e-01 6.387874999999999803e-02 nan nan nan
9.562500000000000444e-01 9.191125000000001377e-02 nan nan nan
9.587499999999999911e-01 1.052647500000000041e-01 nan nan nan
9.612500000000000488e-01 1.355419999999999958e-01 nan nan nan
9.637499999999999956e-01 1.516774999999999929e-01 nan nan nan
9.662500000000000533e-01 1.883444999999999980e-01 nan nan nan
9.687500000000000000e-01 2.244957499999999939e-01 nan nan nan
9.712499999999999467e-01 2.542079999999999895e-01 nan nan nan
9.737500000000000044e-01 3.052012500000000350e-01 nan nan nan
9.762499999999999512e-01 3.473990000000000133e-01 nan nan nan
9.787500000000000089e-01 4.097342500000000221e-01 nan nan nan
9.812499999999999556e-01 4.512267500000000098e-01 nan nan nan
9.837500000000000133e-01 5.109495000000000564e-01 nan nan nan
9.862499999999999600e-01 5.722835000000000560e-01 nan nan nan
9.887500000000000178e-01 6.238872499999998933e-01 nan nan nan
9.912499999999999645e-01 7.058910000000000462e-01 nan nan nan
9.937500000000000222e-01 7.811407500000000503e-01 nan nan nan
9.962499999999999689e-01 8.544734999999998859e-01 nan nan nan
9.987500000000000266e-01 9.316522500000000706e-01 nan nan nan
1.001249999999999973e+00 1.024538249999999984e+00 nan nan nan
1.003749999999999920e+00 1.101975749999999810e+00 nan nan nan
1.006250000000000089e+00 1.210779000000000050e+00 nan nan nan
1.008750000000000036e+00 1.275258000000000003e+00 nan nan nan
1.011249999999999982e+00 1.362460000000000004e+00 nan nan nan
1.013749999999999929e+00 1.445941749999999804e+00 nan nan nan
1.016250000000000098e+00 1.536219750000000106e+00 nan nan nan
1.018750000000000044e+00 1.618734750000000000e+00 nan nan nan
1.021249999999999991e+00 1.720783250000000209e+00 nan nan nan
1.023749999999999938e+00 1.796219749999999893e+00 nan nan nan
1.026250000000000107e+00 1.897460749999999807e+00 nan nan nan
1.028750000000000053e+00 1.971987999999999852e+00 nan nan nan
1.031250000000000000e+00 2.039433999999999969e+00 nan nan nan
1.033749999999999947e+00 2.108704749999999795e+00 nan nan nan
1.036249999999999893e+00 2.230803250000000126e+00 nan nan nan
1.038750000000000062e+00 2.269334999999999880e+00 nan nan nan
1.041250000000000009e+00 2.345585250000000066e+00 nan nan nan
1.043749999999999956e+00 2.394819000000000031e+00 nan nan nan
1.046249999999999902e+00 2.423693749999999980e+00 nan nan nan
1.048750000000000071e+00 2.518853749999999891e+00 nan nan nan
1.051250000000000018e+00 2.590185500000000030e+00 nan nan nan
1.053749999999999964e+00 2.600582499999999797e+00 nan nan nan
1.056249999999999911e+00 2.650739750000000061e+00 nan nan nan
1.058750000000000080e+00 2.695177499999999782e+00 nan nan nan
1.061250000000000027e+00 2.748425000000000118e+00 nan nan nan
1.063749999999999973e+00 2.730914500000000356e+00 nan nan nan
1.066249999999999920e+00 2.790147750000000038e+00 nan nan nan
1.068750000000000089e+00 2.789688250000000203e+00 nan nan nan
1.071250000000000036e+00 2.787208500000000200e+00 nan nan nan
1.073749999999999982e+00 2.817695749999999943e+00 nan nan nan
1.076249999999999929e+00 2.825915999999999872e+00 nan nan nan
1.078750000000000098e+00 2.834685250000000156e+00 nan nan nan
1.081250000000000044e+00 2.830292749999999913e+00 nan nan nan
1.083749999999999991e+00 2.855572249999999812e+00 nan nan nan
1.086249999999999938e+00 2.816689499999999846e+00 nan nan nan
1.088750000000000107e+00 2.842276249999999838e+00 nan nan nan
1.091250000000000053e+00 2.830336250000000220e+00 nan nan nan
1.093750000000000000e+00 2.779149499999999939e+00 nan nan nan
1.096249999999999947e+00 2.787225000000000286e+00 nan nan nan
1.098749999999999893e+00 2.791617500000000085e+00 nan nan nan
1.101250000000000062e+00 2.751488500000000226e+00 nan nan nan
1.103750000000000009e+00 2.750101500000000421e+00 nan nan nan
1.106249999999999956e+00 2.731971250000000406e+00 nan nan nan
1.108749999999999902e+00 2.699496750000000223e+00 nan nan nan
1.111250000000000071e+00 2.653591749999999916e+00 nan nan nan
1.113750000000000018e+00 2.638309500000000085e+00 nan nan nan
1.116249999999999964e+00 2.608749750000000311e+00 nan nan nan
1.118749999999999911e+00 2.536252249999999986e+00 nan nan nan
1.121250000000000080e+00 2.520403749999999832e+00 nan nan nan
1.123750000000000027e+00 2.504872250000000022e+00 nan nan nan
1.126249999999999973e+00 2.459181749999999944e+00 nan nan nan
1.128749999999999920e+00 2.449198500000000056e+00 nan nan nan
1.131250000000000089e+00 2.396358000000000210e+00 nan nan nan
1.133750000000000036e+00 2.379470250000000231e+00 nan nan nan
1.136249999999999982e+00 2.339761499999999828e+00 nan nan nan
1.138749999999999929e+00 2.294397250000000277e+00 nan nan nan
1.141250000000000098e+00 2.271958249999999957e+00 nan nan nan
1.143750000000000044e+00 2.281962000000000046e+00 nan nan nan
1.146249999999999991e+00 2.216762000000000121e+00 nan nan nan
1.148749999999999938e+00 2.206834750000000067e+00 nan nan nan
1.151250000000000107e+00 2.160902000000000100e+00 nan nan nan
1.153750000000000053e+00 2.156800999999999746e+00 nan nan nan
1.156250000000000000e+00 2.128843500000000333e+00 nan nan nan
1.158749999999999947e+00 2.051770750000000199e+00 nan nan nan
1.161249999999999893e+00 2.057183499999999832e+00 nan nan nan
1.163750000000000062e+00 2.023005749999999825e+00 nan nan nan
1.166250000000000009e+00 2.008265750000000072e+00 nan nan nan
1.168749999999999956e+00 1.989258500000000041e+00 nan nan nan
1.171249999999999902e+00 1.951579249999999988e+00 nan nan nan
1.173750000000000071e+00 1.950196749999999923e+00 nan nan nan
1.176250000000000018e+00 1.916459499999999982e+00 nan nan nan
1.178749999999999964e+00 1.894887250000000023e+00 nan nan nan
1.181249999999999911e+00 1.857988999999999891e+00 nan nan nan
1.183750000000000080e+00 1.840349749999999895e+00 nan nan nan
1.186250000000000027e+00 1.821668000000000065e+00 nan nan nan
1.188749999999999973e+00 1.840916749999999880e+00 nan nan nan
1.191249999999999920e+00 1.801928250000000009e+00 nan nan nan
1.193750000000000089e+00 1.765033499999999922e+00 nan nan nan
1.196250000000000036e+00 1.754820750000000151e+00 nan nan nan
1.198749999999999982e+00 1.721229750000000003e+00 nan nan nan
1.201249999999999929e+00 1.720064749999999920e+00 nan nan nan
1.203750000000000098e+00 1.684935999999999989e+00 nan nan nan
1.206250000000000044e+00 1.669308249999999827e+00 nan nan nan
1.208749999999999991e+00 1.632648000000000099e+00 nan nan nan
1.211249999999999938e+00 1.618462250000000102e+00 nan nan nan
1.213750000000000107e+00 1.598510500000000167e+00 nan nan nan
1.216250000000000053e+00 1.568308749999999918e+00 nan nan nan
1.218750000000000000e+00 1.576861499999999916e+00 nan nan nan
1.221249999999999947e+00 1.562995250000000169e+00 nan nan nan
1.223749999999999893e+00 1.542521499999999879e+00 nan nan nan
1.226250000000000062e+00 1.534885500000000125e+00 nan nan nan
1.228750000000000009e+00 1.505740249999999891e+00 nan nan nan
1.231249999999999956e+00 1.504915749999999885e+00 nan nan nan
1.233749999999999902e+00 1.472760499999999917e+00 nan nan nan
1.236250000000000071e+00 1.455579000000000178e+00 nan nan nan
1.238750000000000018e+00 1.459984249999999983e+00 nan nan nan
1.241249999999999964e+00 1.437603749999999847e+00 nan nan nan
1.243749999999999911e+00 1.399774249999999887e+00 nan nan nan
1.246250000000000080e+00 1.397111250000000027e+00 nan nan nan
1.248750000000000027e+00 1.391196749999999760e+00 nan nan nan
1.251249999999999973e+00 1.376222250000000091e+00 nan nan nan
1.253749999999999920e+00 1.365885999999999934e+00 nan nan nan
1.256250000000000089e+00 1.334109500000000059e+00 nan nan nan
1.258750000000000036e+00 1.356179749999999906e+00 nan nan nan
1.261249999999999982e+00 1.334423249999999950e+00 nan nan nan
1.263749999999999929e+00 1.317844000000000015e+00 nan nan nan
1.266250000000000098e+00 1.326840000000000019e+00 nan nan nan
1.268750000000000044e+00 1.286229749999999949e+00 nan nan nan
1.271249999999999991e+00 1.278973000000000138e+00 nan nan nan
1.273749999999999938e+00 1.258126999999999995e+00 nan nan nan
1.276250000000000107e+00 1.259291249999999973e+00 nan nan nan
1.278750000000000053e+00 1.234933499999999906e+00 nan nan nan
1.281250000000000000e+00 1.234223749999999953e+00 nan nan nan
1.283749999999999947e+00 1.230964249999999982e+00 nan nan nan
1.286249999999999893e+00 1.195596499999999951e+00 nan nan nan
1.288750000000000062e+00 1.200761500000000037e+00 nan nan nan
1.291250000000000009e+00 1.178424499999999986e+00 nan nan nan
1.293749999999999956e+00 1.179875999999999925e+00 nan nan nan
1.296249999999999902e+00 1.175707499999999905e+00 nan nan nan
1.298750000000000071e+00 1.146913000000000071e+00 nan nan nan
1.301250000000000018e+00 1.144988249999999930e+00 nan nan nan
1.303749999999999964e+00 1.131774499999999906e+00 nan nan nan
1.306249999999999911e+00 1.143244499999999997e+00 nan nan nan
1.308750000000000080e+00 1.105772749999999860e+00 nan nan nan
1.311250000000000027e+00 1.117311750000000048e+00 nan nan nan
1.313749999999999973e+00 1.105327999999999866e+00 nan nan nan
1.316249999999999920e+00 1.095408750000000042e+00 nan nan nan
1.318750000000000089e+00 1.086434499999999970e+00 nan nan nan
1.321250000000000036e+00 1.062515749999999981e+00 nan nan nan
1.323749999999999982e+00 1.062569749999999980e+00 nan nan nan
1.326249999999999929e+00 1.061097249999999992e+00 nan nan nan
1.328750000000000098e+00 1.062797750000000097e+00 nan nan nan
1.331250000000000044e+00 1.038864499999999857e+00 nan nan nan
1.333749999999999991e+00 1.030756499999999853e+00 nan nan nan
1.336249999999999938e+00 1.025265499999999941e+00 nan nan nan
1.338750000000000107e+00 1.009521499999999961e+00 nan nan nan
1.341250000000000053e+00 1.009931750000000017e+00 nan nan nan
1.343750000000000000e+00 1.001811500000000077e+00 nan nan nan
1.346249999999999947e+00 9.959894999999998610e-01 nan nan nan
1.348749999999999893e+00 9.782517500000000865e-01 nan nan nan
1.351250000000000062e+00 9.815987500000000754e-01 nan nan nan
1.353750000000000009e+00 9.781154999999999156e-01 nan nan nan
1.356249999999999956e+00 9.676004999999999745e-01 nan nan nan
1.358749999999999902e+00 9.555720000000000880e-01 nan nan nan
1.361250000000000071e+00 9.531632500000000174e-01 nan nan nan
1.363750000000000018e+00 9.505605000000000304e-01 nan nan nan
1.366249999999999964e+00 9.382979999999999654e-01 nan nan nan
1.368749999999999911e+00 9.369097499999999856e-01 nan nan nan
1.371250000000000080e+00 9.313327499999999315e-01 nan nan nan
1.373750000000000027e+00 9.220844999999999736e-01 nan nan nan
1.376249999999999973e+00 9.214899999999999203e-01 nan nan nan
1.378749999999999920e+00 9.119977500000000514e-01 nan nan nan
1.381250000000000089e+00 9.056337500000000151e-01 nan nan nan
1.383750000000000036e+00 9.060825000000000129e-01 nan nan nan
1.386249999999999982e+00 8.932900000000000285e-01 nan nan nan
1.388749999999999929e+00 8.750454999999999206e-01 nan nan nan
1.391250000000000098e+00 8.908880000000000132e-01 nan nan nan
1.393750000000000044e+00 8.872364999999999835e-01 nan nan nan
1.396249999999999991e+00 8.868665000000000020e-01 nan nan nan
1.398749999999999938e+00 8.597837500000000688e-01 nan nan nan
1.401250000000000107e+00 8.758862500000000884e-01 nan nan nan
1.403750000000000053e+00 8.630260000000000709e-01 nan nan nan
1.406250000000000000e+00 8.471652499999999808e-01 nan nan nan
1.408749999999999947e+00 8.517212499999999853e-01 nan nan nan
1.411249999999999893e+00 8.481952500000000672e-01 nan nan nan
1.413750000000000062e+00 8.399817500000000825e-01 nan nan nan
1.416250000000000009e+00 8.399982499999999463e-01 nan nan nan
1.418749999999999956e+00 8.218169999999999087e-01 nan nan nan
1.421249999999999902e+00 8.257264999999999189e-01 nan nan nan
1.423750000000000071e+00 8.296037499999999731e-01 nan nan nan
1.426250000000000018e+00 8.252602500000000285e-01 nan nan nan
1.428749999999999964e+00 8.170802500000000634e-01 nan nan nan
1.431249999999999911e+00 8.046694999999999265e-01 nan nan nan
1.433750000000000080e+00 8.096592499999999415e-01 nan nan nan
1.436250000000000027e+00 7.940842499999999360e-01 nan nan nan
1.438749999999999973e+00 7.978992499999999488e-01 nan nan nan
1.441249999999999920e+00 8.054782499999999512e-01 nan nan nan
1.443750000000000089e+00 7.857332500000000497e-01 nan nan nan
1.446250000000000036e+00 7.872137499999999344e-01 nan nan nan
1.448749999999999982e+00 7.843175000000000008e-01 nan nan nan
1.451249999999999929e+00 7.833080000000000043e-01 nan nan nan
1.453750000000000098e+00 7.800142500000000201e-01 nan nan nan
1.456250000000000044e+00 7.754799999999999471e-01 nan nan nan
1.458749999999999991e+00 7.753937499999999927e-01 nan nan nan
1.461249999999999938e+00 7.664904999999999635e-01 nan nan nan
1.463750000000000107e+00 7.685032499999998601e-01 nan nan nan
1.466250000000000053e+00 7.662392499999999274e-01 nan nan nan
1.468750000000000000e+00 7.630440000000000556e-01 nan nan nan
1.471249999999999947e+00 7.546962500000000684e-01 nan nan nan
1.473749999999999893e+00 7.409565000000000179e-01 nan nan nan
1.476250000000000062e+00 7.474922500000000802e-01 nan nan nan
1.478750000000000009e+00 7.522934999999999484e-01 nan nan nan
1.481249999999999956e+00 7.526537500000000103e-01 nan nan nan
1.483749999999999902e+00 7.399545000000000705e-01 nan nan nan
1.486250000000000071e+00 7.458712499999999856e-01 nan nan nan
1.488750000000000018e+00 7.394670000000000964e-01 nan nan nan
1.491249999999999964e+00 7.403062500000000545e-01 nan nan nan
1.493749999999999911e+00 7.273450000000000193e-01 nan nan nan
1.496250000000000080e+00 7.284377499999999950e-01 nan nan nan
1.498750000000000027e+00 7.356324999999999115e-01 nan nan nan
1.501249999999999973e+00 7.249477499999998908e-01 nan nan nan
1.503749999999999920e+00 7.281057499999999960e-01 nan nan nan
1.506250000000000089e+00 7.284930000000000572e-01 nan nan nan
1.508750000000000036e+00 7.393747500000000805e-01 nan nan nan
1.511249999999999982e+00 7.151072499999999721e-01 nan nan nan
1.513749999999999929e+00 7.288942499999999658e-01 nan nan nan
1.516250000000000098e+00 7.167590000000000350e-01 nan nan nan
1.518750000000000044e+00 7.147317500000001100e-01 nan nan nan
1.521249999999999991e+00 7.159560000000000368e-01 nan nan nan
1.523749999999999938e+00 7.216037500000000993e-01 nan nan nan
1.526250000000000107e+00 7.034670000000000645e-01 nan nan nan
1.528750000000000053e+00 7.165647500000000836e-01 nan nan nan
1.531250000000000000e+00 7.158537499999999554e-01 nan nan nan
1.533749999999999947e+00 7.160625000000000462e-01 nan nan nan
1.536249999999999893e+00 7.156194999999999640e-01 nan nan nan
1.538750000000000062e+00 7.063684999999999548e-01 nan nan nan
1.541250000000000009e+00 7.038112499999999994e-01 nan nan nan
1.543749999999999956e+00 7.187662499999999399e-01 nan nan nan
1.546249999999999902e+00 6.994262500000000271e-01 nan nan nan
1.548750000000000071e+00 7.030539999999999567e-01 nan nan nan
1.551250000000000018e+00 7.139462500000000045e-01 nan nan nan
1.553749999999999964e+00 6.980100000000001303e-01 nan nan nan
1.556249999999999911e+00 6.971867499999999662e-01 nan nan nan
1.558750000000000080e+00 7.036912500000001014e-01 nan nan nan
1.561250000000000027e+00 7.012829999999999897e-01 nan nan nan
1.563749999999999973e+00 7.035139999999999727e-01 nan nan nan
1.566249999999999920e+00 7.061942500000000233e-01 nan nan nan
1.568750000000000089e+00 7.008967500000000683e-01 nan nan nan
1.571250000000000036e+00 6.966080000000000050e-01 nan nan nan
1.573749999999999982e+00 6.976307499999999662e-01 nan nan nan
1.576249999999999929e+00 6.970572500000000726e-01 nan nan nan
1.578750000000000098e+00 6.959224999999998884e-01 nan nan nan
1.581250000000000044e+00 6.918932500000000152e-01 nan nan nan
1.583749999999999991e+00 6.940192499999999765e-01 nan nan nan
1.586249999999999938e+00 6.913282499999999775e-01 nan nan nan
1.588750000000000107e+00 6.907659999999999911e-01 nan nan nan
1.591250000000000053e+00 6.910074999999999967e-01 nan nan nan
1.593750000000000000e+00 6.939469999999999805e-01 nan nan nan
1.596249999999999947e+00 6.898290000000000255e-01 nan nan nan
1.598749999999999893e+00 6.973734999999999795e-01 nan nan nan
1.601250000000000062e+00 6.953464999999998675e-01 nan nan nan
1.603750000000000009e+00 7.023755000000000415e-01 nan nan nan
1.606249999999999956e+00 6.993034999999999668e-01 nan nan nan
1.608749999999999902e+00 6.944789999999999575e-01 nan nan nan
1.611250000000000071e+00 6.973212500000001146e-01 nan nan nan
1.613750000000000018e+00 6.891082499999998667e-01 nan nan nan
1.616249999999999964e+00 7.044515000000000082e-01 nan nan nan
1.618749999999999911e+00 6.977160000000000029e-01 nan nan nan
1.621250000000000080e+00 6.988070000000000670e-01 nan nan nan
1.623750000000000027e+00 7.022992500000000415e-01 nan nan nan
1.626249999999999973e+00 6.898530000000000495e-01 nan nan nan
1.628749999999999920e+00 6.985689999999999955e-01 nan nan nan
1.631250000000000089e+00 6.941835000000000644e-01 nan nan nan
1.633750000000000036e+00 6.994920000000000027e-01 nan nan nan
1.636249999999999982e+00 7.004907500000000509e-01 nan nan nan
1.638749999999999929e+00 7.050780000000000936e-01 nan nan nan
1.641250000000000098e+00 7.053865000000000274e-01 nan nan nan
1.643750000000000044e+00 7.099244999999999584e-01 nan nan nan
1.646249999999999991e+00 7.095529999999999893e-01 nan nan nan
1.648749999999999938e+00 7.129222500000000906e-01 nan nan nan
1.651250000000000107e+00 7.072675000000000489e-01 nan nan nan
1.653750000000000053e+00 7.062000000000000499e-01 nan nan nan
1.656250000000000000e+00 7.087974999999999692e-01 nan nan nan
1.658749999999999947e+00 7.127622500000000416e-01 nan nan nan
1.661249999999999893e+00 7.085455000000000503e-01 nan nan nan
1.663750000000000062e+00 7.139052499999999357e-01 nan nan nan
1.666250000000000009e+00 7.165727499999999806e-01 nan nan nan
1.668749999999999956e+00 7.137882500000000130e-01 nan nan nan
1.671249999999999902e+00 7.077394999999999659e-01 nan nan nan
1.673750000000000071e+00 7.116632499999999695e-01 nan nan nan
1.676250000000000018e+00 7.152437499999999559e-01 nan nan nan
1.678749999999999964e+00 7.199727500000000502e-01 nan nan nan
1.681249999999999911e+00 7.227360000000000451e-01 nan nan nan
1.683750000000000080e+00 7.314450000000001229e-01 nan nan nan
1.686250000000000027e+00 7.316032500000000383e-01 nan nan nan
1.688749999999999973e+00 7.280564999999998843e-01 nan nan nan
1.691249999999999920e+00 7.256832500000000019e-01 nan nan nan
1.693750000000000089e+00 7.295259999999998968e-01 nan nan nan
1.696250000000000036e+00 7.291892500000000110e-01 nan nan nan
1.698749999999999982e+00 7.373987499999998807e-01 nan nan nan
1.701249999999999929e+00 7.337394999999999889e-01 nan nan nan
1.703750000000000098e+00 7.474002499999998772e-01 nan nan nan
1.706250000000000044e+00 7.381802499999999823e-01 nan nan nan
1.708749999999999991e+00 7.461247500000000032e-01 nan nan nan
1.711249999999999938e+00 7.481577500000000658e-01 nan nan nan
1.713750000000000107e+00 7.474484999999999602e-01 nan nan nan
1.716250000000000053e+00 7.475604999999999611e-01 nan nan nan
1.718750000000000000e+00 7.535220000000000251e-01 nan nan nan
1.721249999999999947e+00 7.413782500000000164e-01 nan nan nan
1.723749999999999893e+00 7.529654999999999543e-01 nan nan nan
1.726250000000000062e+00 7.678960000000000230e-01 nan nan nan
1.728750000000000009e+00 7.684845000000000148e-01 nan nan nan
1.731249999999999956e+00 7.750482499999999941e-01 nan nan nan
1.733749999999999902e+00 7.646082499999999893e-01 nan nan nan
1.736250000000000071e+00 7.537615000000000842e-01 nan nan nan
1.738750000000000018e+00 7.805725000000001135e-01 nan nan nan
1.741249999999999964e+00 7.676809999999999468e-01 nan nan nan
1.743749999999999911e+00 7.754757500000000192e-01 nan nan nan
1.746250000000000080e+00 7.820544999999999858e-01 nan nan nan
1.748750000000000027e+00 7.748307500000000125e-01 nan nan nan
1.751249999999999973e+00 7.771392499999999481e-01 nan nan nan
1.753749999999999920e+00 8.022512500000000824e-01 nan nan nan
1.756250000000000089e+00 7.813772500000000232e-01 nan nan nan
1.758750000000000036e+00 7.964629999999999210e-01 nan nan nan
1.761249999999999982e+00 7.837922499999999681e-01 nan nan nan
1.763749999999999929e+00 7.941200000000000481e-01 nan nan nan
1.766250000000000098e+00 7.974162500000000486e-01 nan nan nan
1.768750000000000044e+00 7.984965000000000535e-01 nan nan nan
1.771249999999999991e+00 7.960412500000000335e-01 nan nan nan
1.773749999999999938e+00 8.068524999999999725e-01 nan nan nan
1.776250000000000107e+00 8.131667499999999382e-01 nan nan nan
1.778750000000000053e+00 8.160667500000000629e-01 nan nan nan
1.781250000000000000e+00 8.245172499999999793e-01 nan nan nan
1.783749999999999947e+00 8.232467500000000271e-01 nan nan nan
1.786249999999999893e+00 8.273597499999998384e-01 nan nan nan
1.788750000000000062e+00 8.366919999999999913e-01 nan nan nan
1.791250000000000009e+00 8.260759999999999215e-01 nan nan nan
1.793749999999999956e+00 8.346422500000000300e-01 nan nan nan
1.796249999999999902e+00 8.391772499999999857e-01 nan nan nan
1.798750000000000071e+00 8.419157500000000738e-01 nan nan nan
1.801250000000000018e+00 8.489855000000000596e-01 nan nan nan
1.803749999999999964e+00 8.453052500000000080e-01 nan nan nan
1.806249999999999911e+00 8.477992500000000042e-01 nan nan nan
1.808750000000000080e+00 8.592542500000001082e-01 nan nan nan
1.811250000000000027e+00 8.622325000000000683e-01 nan nan nan
1.813749999999999973e+00 8.670074999999999310e-01 nan nan nan
1.816249999999999920e+00 8.670502499999999113e-01 nan nan nan
1.818750000000000089e+00 8.749314999999999731e-01 nan nan nan
1.821250000000000036e+00 8.715730000000000421e-01 nan nan nan
1.823749999999999982e+00 8.681145000000000111e-01 nan nan nan
1.826249999999999929e+00 8.794640000000000235e-01 nan nan nan
1.828750000000000098e+00 8.885807500000000303e-01 nan nan nan
1.831250000000000044e+00 8.939287500000000497e-01 nan nan nan
1.833749999999999991e+00 8.905854999999999189e-01 nan nan nan
1.836249999999999938e+00 8.860879999999999868e-01 nan nan nan
1.838750000000000107e+00 8.913897499999998697e-01 nan nan nan
1.841250000000000053e+00 8.984219999999999429e-01 nan nan nan
1.843750000000000000e+00 9.121825000000000072e-01 nan nan nan
1.846249999999999947e+00 9.126605000000000967e-01 nan nan nan
1.848749999999999893e+00 9.143605000000000205e-01 nan nan nan
1.851250000000000062e+00 9.213902499999999662e-01 nan nan nan
1.853750000000000009e+00 9.204609999999999737e-01 nan nan nan
1.856249999999999956e+00 9.255480000000000373e-01 nan nan nan
1.858749999999999902e+00 9.391422499999999562e-01 nan nan nan
1.861250000000000071e+00 9.348592500000000305e-01 nan nan nan
1.863750000000000018e+00 9.356107499999999355e-01 nan nan nan
1.866249999999999964e+00 9.428529999999999411e-01 nan nan nan
1.868749999999999911e+00 9.452472499999999833e-01 nan nan nan
1.871250000000000080e+00 9.545605000000000340e-01 nan nan nan
1.873750000000000027e+00 9.580629999999999979e-01 nan nan nan
1.876249999999999973e+00 9.576065000000000271e-01 nan nan nan
1.878749999999999920e+00 9.567527500000000407e-01 nan nan nan
1.881250000000000089e+00 9.670015000000000693e-01 nan nan nan
1.883750000000000036e+00 9.713517500000000693e-01 nan nan nan
1.886249999999999982e+00 9.805719999999999992e-01 nan nan nan
1.888749999999999929e+00 9.832527500000001197e-01 nan nan nan
1.891250000000000098e+00 9.776690000000000103e-01 nan nan nan
1.893750000000000044e+00 9.842364999999999586e-01 nan nan nan
1.896249999999999991e+00 9.876187499999999897e-01 nan nan nan
1.898749999999999938e+00 9.903804999999999970e-01 nan nan nan
1.901250000000000107e+00 9.960790000000000477e-01 nan nan nan
1.903750000000000053e+00 9.973937500000000789e-01 nan nan nan
1.906250000000000000e+00 1.008005750000000145e+00 nan nan nan
1.908749999999999947e+00 1.009415249999999986e+00 nan nan nan
1.911249999999999893e+00 1.012380250000000093e+00 nan nan nan
1.913750000000000062e+00 1.011646749999999928e+00 nan nan nan
1.916250000000000009e+00 1.021959000000000062e+00 nan nan nan
1.918749999999999956e+00 1.017259750000000018e+00 nan nan nan
1.921249999999999902e+00 1.020883500000000055e+00 nan nan nan
1.923750000000000071e+00 1.032043250000000079e+00 nan nan nan
1.926250000000000018e+00 1.032038499999999859e+00 nan nan nan
1.928749999999999964e+00 1.038183249999999891e+00 nan nan nan
1.931249999999999911e+00 1.038599499999999898e+00 nan nan nan
1.933750000000000080e+00 1.042818250000000058e+00 nan nan nan
1.936250000000000027e+00 1.046028500000000028e+00 nan nan nan
1.938749999999999973e+00 1.045835749999999953e+00 nan nan nan
1.941249999999999920e+00 1.061633000000000049e+00 nan nan nan
1.943750000000000089e+00 1.063346249999999937e+00 nan nan nan
1.946250000000000036e+00 1.065919999999999979e+00 nan nan nan
1.948749999999999982e+00 1.061177999999999955e+00 nan nan nan
1.951249999999999929e+00 1.069080250000000065e+00 nan nan nan
1.953750000000000098e+00 1.069776749999999943e+00 nan nan nan
1.956250000000000044e+00 1.061030499999999988e+00 nan nan nan
1.958749999999999991e+00 1.079168999999999823e+00 nan nan nan
1.961249999999999938e+00 1.080584250000000024e+00 nan nan nan
1.963750000000000107e+00 1.093627999999999822e+00 nan nan nan
1.966250000000000053e+00 1.085488250000000043e+00 nan nan nan
1.968750000000000000e+00 1.093952000000000035e+00 nan nan nan
1.971249999999999947e+00 1.103809500000000110e+00 nan nan nan
1.973749999999999893e+00 1.108032249999999941e+00 nan nan nan
1.976250000000000062e+00 1.112197500000000172e+00 nan nan nan
1.978750000000000009e+00 1.114779749999999847e+00 nan nan nan
1.981249999999999956e+00 1.113458000000000059e+00 nan nan nan
1.983749999999999902e+00 1.116986250000000069e+00 nan nan nan
1.986250000000000071e+00 1.130612500000000020e+00 nan nan nan
1.988750000000000018e+00 1.116841750000000077e+00 nan nan nan
1.991249999999999964e+00 1.125615250000000067e+00 nan nan nan
1.993749999999999911e+00 1.129767250000000001e+00 nan nan nan
1.996250000000000080e+00 1.138425750000000125e+00 nan nan nan
1.998750000000000027e+00 1.136311749999999954e+00 nan nan nan
2.001250000000000195e+00 1.143823749999999917e+00 nan nan nan
2.003750000000000142e+00 1.134194499999999994e+00 nan nan nan
2.006250000000000089e+00 1.135160500000000017e+00 nan nan nan
2.008750000000000036e+00 1.152881499999999892e+00 nan nan nan
2.011249999999999982e+00 1.138324499999999961e+00 nan nan nan
2.013749999999999929e+00 1.148919250000000059e+00 nan nan nan
2.016249999999999876e+00 1.147948749999999851e+00 nan nan nan
2.018749999999999822e+00 1.158429500000000001e+00 nan nan nan
2.021250000000000213e+00 1.158148500000000025e+00 nan nan nan
2.023750000000000160e+00 1.158300249999999920e+00 nan nan nan
2.026250000000000107e+00 1.170587749999999927e+00 nan nan nan
2.028750000000000053e+00 1.156490250000000053e+00 nan nan nan
2.031250000000000000e+00 1.165756249999999827e+00 nan nan nan
2.033749999999999947e+00 1.168056500000000053e+00 nan nan nan
2.036249999999999893e+00 1.181473500000000065e+00 nan nan nan
2.038749999999999840e+00 1.196380749999999882e+00 nan nan nan
2.041249999999999787e+00 1.188051250000000003e+00 nan nan nan
2.043750000000000178e+00 1.188038249999999962e+00 nan nan nan
2.046250000000000124e+00 1.184711750000000174e+00 nan nan nan
2.048750000000000071e+00 1.191091499999999970e+00 nan nan nan
2.051250000000000018e+00 1.186407500000000059e+00 nan nan nan
2.053749999999999964e+00 1.193227499999999885e+00 nan nan nan
2.056249999999999911e+00 1.189274999999999860e+00 nan nan nan
2.058749999999999858e+00 1.193888499999999908e+00 nan nan nan
2.061249999999999805e+00 1.206435499999999994e+00 nan nan nan
2.063750000000000195e+00 1.208470500000000003e+00 nan nan nan
2.066250000000000142e+00 1.207870749999999882e+00 nan nan nan
2.068750000000000089e+00 1.193841750000000035e+00 nan nan nan
2.071250000000000036e+00 1.202016749999999856e+00 nan nan nan
2.073749999999999982e+00 1.218811250000000124e+00 nan nan nan
2.076249999999999929e+00 1.207324250000000099e+00 nan nan nan
2.078749999999999876e+00 1.205776000000000181e+00 nan nan nan
2.081249999999999822e+00 1.203291499999999958e+00 nan nan nan
2.083750000000000213e+00 1.218649249999999906e+00 nan nan nan
2.086250000000000160e+00 1.214269499999999891e+00 nan nan nan
2.088750000000000107e+00 1.217397749999999945e+00 nan nan nan
2.091250000000000053e+00 1.214517499999999917e+00 nan nan nan
2.093750000000000000e+00 1.224351749999999850e+00 nan nan nan
2.096249999999999947e+00 1.204680000000000195e+00 nan nan nan
2.098749999999999893e+00 1.216389249999999977e+00 nan nan nan
2.101249999999999840e+00 1.210703000000000085e+00 nan nan nan
2.103749999999999787e+00 1.219347750000000064e+00 nan nan nan
2.106250000000000178e+00 1.219922749999999834e+00 nan nan nan
2.108750000000000124e+00 1.214744249999999859e+00 nan nan nan
2.111250000000000071e+00 1.214522249999999914e+00 nan nan nan
2.113750000000000018e+00 1.217911500000000036e+00 nan nan nan
2.116249999999999964e+00 1.210010749999999913e+00 nan nan nan
2.118749999999999911e+00 1.210102500000000081e+00 nan nan nan
2.121249999999999858e+00 1.200583249999999991e+00 nan nan nan
2.123749999999999805e+00 1.218703499999999940e+00 nan nan nan
2.126250000000000195e+00 1.206137000000000015e+00 nan nan nan
2.128750000000000142e+00 1.206981250000000117e+00 nan nan nan
2.131250000000000089e+00 1.209217750000000091e+00 nan nan nan
2.133750000000000036e+00 1.202839250000000026e+00 nan nan nan
2.136249999999999982e+00 1.204232750000000074e+00 nan nan nan
2.138749999999999929e+00 1.218875250000000188e+00 nan nan nan
2.141249999999999876e+00 1.212563999999999975e+00 nan nan nan
2.143749999999999822e+00 1.197896250000000107e+00 nan nan nan
2.146250000000000213e+00 1.196652749999999932e+00 nan nan nan
2.148750000000000160e+00 1.206647749999999908e+00 nan nan nan
2.151250000000000107e+00 1.195574999999999832e+00 nan nan nan
2.153750000000000053e+00 1.202614000000000072e+00 nan nan nan
2.156250000000000000e+00 1.182188000000000017e+00 nan nan nan
2.158749999999999947e+00 1.201442499999999969e+00 nan nan nan
2.161249999999999893e+00 1.193928249999999913e+00 nan nan nan
2.163749999999999840e+00 1.183512250000000154e+00 nan nan nan
2.166249999999999787e+00 1.192216500000000234e+00 nan nan nan
2.168750000000000178e+00 1.194226999999999927e+00 nan nan nan
2.171250000000000124e+00 1.189401750000000035e+00 nan nan nan
2.173750000000000071e+00 1.181635750000000096e+00 nan nan nan
2.176250000000000018e+00 1.177257749999999881e+00 nan nan nan
2.178749999999999964e+00 1.182994749999999984e+00 nan nan nan
2.181249999999999911e+00 1.184533749999999941e+00 nan nan nan
2.183749999999999858e+00 1.170331500000000080e+00 nan nan nan
2.186249999999999805e+00 1.178164500000000059e+00 nan nan nan
2.188750000000000195e+00 1.177385249999999939e+00 nan nan nan
2.191250000000000142e+00 1.167577249999999900e+00 nan nan nan
2.193750000000000089e+00 1.157836999999999783e+00 nan nan nan
2.196250000000000036e+00 1.156230749999999974e+00 nan nan nan
2.198749999999999982e+00 1.163438750000000077e+00 nan nan nan
2.201249999999999929e+00 1.151954750000000027e+00 nan nan nan
2.203749999999999876e+00 1.151934749999999896e+00 nan nan nan
2.206249999999999822e+00 1.144101000000000035e+00 nan nan nan
2.208750000000000213e+00 1.164890750000000086e+00 nan nan nan
2.211250000000000160e+00 1.155132999999999965e+00 nan nan nan
2.213750000000000107e+00 1.143782499999999924e+00 nan nan nan
2.216250000000000053e+00 1.141720999999999986e+00 nan nan nan
2.218750000000000000e+00 1.141474249999999913e+00 nan nan nan
2.221249999999999947e+00 1.132411999999999974e+00 nan nan nan
2.223749999999999893e+00 1.138609250000000017e+00 nan nan nan
2.226249999999999840e+00 1.130153249999999998e+00 nan nan nan
2.228749999999999787e+00 1.136578000000000088e+00 nan nan nan
2.231250000000000178e+00 1.130380249999999975e+00 nan nan nan
2.233750000000000124e+00 1.131520999999999999e+00 nan nan nan
2.236250000000000071e+00 1.127263750000000009e+00 nan nan nan
2.238750000000000018e+00 1.100241250000000059e+00 nan nan nan
2.241249999999999964e+00 1.117430249999999958e+00 nan nan nan
2.243749999999999911e+00 1.126710749999999983e+00 nan nan nan
2.246249999999999858e+00 1.117929500000000020e+00 nan nan nan
2.248749999999999805e+00 1.098875499999999894e+00 nan nan nan
2.251250000000000195e+00 1.103987749999999934e+00 nan nan nan
2.253750000000000142e+00 1.107147250000000138e+00 nan nan nan
2.256250000000000089e+00 1.097476750000000001e+00 nan nan nan
2.258750000000000036e+00 1.096842749999999977e+00 nan nan nan
2.261249999999999982e+00 1.091061999999999976e+00 nan nan nan
2.263749999999999929e+00 1.096047250000000028e+00 nan nan nan
2.266249999999999876e+00 1.089941499999999897e+00 nan nan nan
2.268749999999999822e+00 1.083193499999999920e+00 nan nan nan
2.271250000000000213e+00 1.079651750000000021e+00 nan nan nan
2.273750000000000160e+00 1.082320500000000019e+00 nan nan nan
2.276250000000000107e+00 1.076950499999999922e+00 nan nan nan
2.278750000000000053e+00 1.073486999999999858e+00 nan nan nan
2.281250000000000000e+00 1.073529999999999873e+00 nan nan nan
2.283749999999999947e+00 1.064451999999999954e+00 nan nan nan
2.286249999999999893e+00 1.076598999999999862e+00 nan nan nan
2.288749999999999840e+00 1.071966750000000079e+00 nan nan nan
2.291249999999999787e+00 1.071833000000000036e+00 nan nan nan
2.293750000000000178e+00 1.063842499999999802e+00 nan nan nan
2.296250000000000124e+00 1.059212500000000112e+00 nan nan nan
2.298750000000000071e+00 1.055057249999999947e+00 nan nan nan
2.301250000000000018e+00 1.055911250000000079e+00 nan nan nan
2.303749999999999964e+00 1.062796500000000144e+00 nan nan nan
2.306249999999999911e+00 1.044094500000000147e+00 nan nan nan
2.308749999999999858e+00 1.039210500000000037e+00 nan nan nan
2.311249999999999805e+00 1.034916750000000052e+00 nan nan nan
2.313750000000000195e+00 1.041683249999999950e+00 nan nan nan
2.316250000000000142e+00 1.037326250000000005e+00 nan nan nan
2.318750000000000089e+00 1.029840499999999937e+00 nan nan nan
2.321250000000000036e+00 1.032272250000000113e+00 nan nan nan
2.323749999999999982e+00 1.034455499999999972e+00 nan nan nan
2.326249999999999929e+00 1.023069749999999889e+00 nan nan nan
2.328749999999999876e+00 1.017521499999999968e+00 nan nan nan
2.331249999999999822e+00 1.024113999999999969e+00 nan nan nan
2.333750000000000213e+00 1.023461749999999837e+00 nan nan nan
2.336250000000000160e+00 1.022227749999999880e+00 nan nan nan
2.338750000000000107e+00 1.013743999999999978e+00 nan nan nan
2.341250000000000053e+00 1.016520749999999973e+00 nan nan nan
2.343750000000000000e+00 1.012917999999999985e+00 nan nan nan
2.346249999999999947e+00 1.010252499999999998e+00 nan nan nan
2.348749999999999893e+00 1.007181249999999917e+00 nan nan nan
2.351249999999999840e+00 9.987847499999998879e-01 nan nan nan
2.353749999999999787e+00 9.987984999999999225e-01 nan nan nan
2.356250000000000178e+00 9.980085000000000761e-01 nan nan nan
2.358750000000000124e+00 9.952314999999999356e-01 nan nan nan
2.361250000000000071e+00 9.882674999999999654e-01 nan nan nan
2.363750000000000018e+00 9.896372499999999128e-01 nan nan nan
2.366249999999999964e+00 9.972207499999999891e-01 nan nan nan
2.368749999999999911e+00 9.848519999999999497e-01 nan nan nan
2.371249999999999858e+00 9.912110000000000642e-01 nan nan nan
2.373749999999999805e+00 9.781349999999999767e-01 nan nan nan
2.376250000000000195e+00 9.785549999999999526e-01 nan nan nan
2.378750000000000142e+00 9.847232499999999389e-01 nan nan nan
2.381250000000000089e+00 9.726107500000000794e-01 nan nan nan
2.383750000000000036e+00 9.647762500000000019e-01 nan nan nan
2.386249999999999982e+00 9.838575000000000514e-01 nan nan nan
2.388749999999999929e+00 9.675157499999998967e-01 nan nan nan
2.391249999999999876e+00 9.653162499999999868e-01 nan nan nan
2.393749999999999822e+00 9.755495000000000694e-01 nan nan nan
2.396250000000000213e+00 9.657427499999999831e-01 nan nan nan
2.398750000000000160e+00 9.647472499999999451e-01 nan nan nan
2.401250000000000107e+00 9.676789999999999559e-01 nan nan nan
2.403750000000000053e+00 9.593955000000000677e-01 nan nan nan
2.406250000000000000e+00 9.609385000000000288e-01 nan nan nan
2.408749999999999947e+00 9.569505000000000372e-01 nan nan nan
2.411249999999999893e+00 9.511402500000001314e-01 nan nan nan
2.413749999999999840e+00 9.556310000000000082e-01 nan nan nan
2.416249999999999787e+00 9.546780000000000266e-01 nan nan nan
2.418750000000000178e+00 9.523794999999999344e-01 nan nan nan
2.421250000000000124e+00 9.504354999999999887e-01 nan nan nan
2.423750000000000071e+00 9.529992499999999644e-01 nan nan nan
2.426250000000000018e+00 9.510147499999999088e-01 nan nan nan
2.428749999999999964e+00 9.459755000000000802e-01 nan nan nan
2.431249999999999911e+00 9.406324999999999825e-01 nan nan nan
2.433749999999999858e+00 9.370482499999999160e-01 nan nan nan
2.436249999999999805e+00 9.378465000000000273e-01 nan nan nan
2.438750000000000195e+00 9.346847500000000641e-01 nan nan nan
2.441250000000000142e+00 9.346277499999999794e-01 nan nan nan
2.443750000000000089e+00 9.315025000000000110e-01 nan nan nan
2.446250000000000036e+00 9.325532500000000002e-01 nan nan nan
2.448749999999999982e+00 9.295475000000000820e-01 nan nan nan
2.451249999999999929e+00 9.279272499999999813e-01 nan nan nan
2.453749999999999876e+00 9.250660000000000549e-01 nan nan nan
2.456249999999999822e+00 9.213502499999999262e-01 nan nan nan
2.458750000000000213e+00 9.235789999999999278e-01 nan nan nan
2.461250000000000160e+00 9.318834999999998647e-01 nan nan nan
2.463750000000000107e+00 9.196455000000000046e-01 nan nan nan
2.466250000000000053e+00 9.302407499999999496e-01 nan nan nan
2.468750000000000000e+00 9.312369999999998704e-01 nan nan nan
2.471249999999999947e+00 9.221500000000000252e-01 nan nan nan
2.473749999999999893e+00 9.241102500000000219e-01 nan nan nan
2.476249999999999840e+00 9.194042499999999229e-01 nan nan nan
2.478749999999999787e+00 9.223105000000000331e-01 nan nan nan
2.481250000000000178e+00 9.248312499999999936e-01 nan nan nan
2.483750000000000124e+00 9.152207500000000273e-01 nan nan nan
2.486250000000000071e+00 9.182352499999999473e-01 nan nan nan
2.488750000000000018e+00 9.269432500000001074e-01 nan nan nan
2.491249999999999964e+00 9.233422500000000310e-01 nan nan nan
2.493749999999999911e+00 9.170549999999999535e-01 nan nan nan
2.496249999999999858e+00 9.127295000000000824e-01 nan nan nan
2.498749999999999805e+00 9.117797499999999999e-01 nan nan nan
