1.250000000000000026e-03 0.000000000000000000e+00 nan nan nan
3.749999999999999861e-03 0.000000000000000000e+00 nan nan nan
6.250000000000000347e-03 0.000000000000000000e+00 nan nan nan
8.750000000000000833e-03 0.000000000000000000e+00 nan nan nan
1.124999999999999958e-02 0.000000000000000000e+00 nan nan nan
1.375000000000000007e-02 0.000000000000000000e+00 nan nan nan
1.625000000000000056e-02 0.000000000000000000e+00 nan nan nan
1.874999999999999931e-02 0.000000000000000000e+00 nan nan nan
2.125000000000000153e-02 0.000000000000000000e+00 nan nan nan
2.375000000000000028e-02 0.000000000000000000e+00 nan nan nan
2.624999999999999903e-02 0.000000000000000000e+00 nan nan nan
2.875000000000000125e-02 0.000000000000000000e+00 nan nan nan
3.125000000000000000e-02 0.000000000000000000e+00 nan nan nan
3.375000000000000222e-02 0.000000000000000000e+00 nan nan nan
3.624999999999999750e-02 0.000000000000000000e+00 nan nan nan
3.874999999999999972e-02 0.000000000000000000e+00 nan nan nan
4.125000000000000194e-02 0.000000000000000000e+00 nan nan nan
4.374999999999999722e-02 0.000000000000000000e+00 nan nan nan
4.624999999999999944e-02 0.000000000000000000e+00 nan nan nan
4.875000000000000167e-02 0.000000000000000000e+00 nan nan nan
5.124999999999999695e-02 0.000000000000000000e+00 nan nan nan
5.374999999999999917e-02 0.000000000000000000e+00 nan nan nan
5.625000000000000139e-02 0.000000000000000000e+00 nan nan nan
5.874999999999999667e-02 0.000000000000000000e+00 nan nan nan
6.124999999999999889e-02 0.000000000000000000e+00 nan nan nan
6.375000000000000111e-02 0.000000000000000000e+00 nan nan nan
6.625000000000000333e-02 0.000000000000000000e+00 nan nan nan
6.875000000000000555e-02 0.000000000000000000e+00 nan nan nan
7.124999999999999389e-02 0.000000000000000000e+00 nan nan nan
7.374999999999999611e-02 0.000000000000000000e+00 nan nan nan
7.624999999999999833e-02 0.000000000000000000e+00 nan nan nan
7.875000000000000056e-02 0.000000000000000000e+00 nan nan nan
8.125000000000000278e-02 0.000000000000000000e+00 nan nan nan
8.375000000000000500e-02 0.000000000000000000e+00 nan nan nan
8.624999999999999334e-02 0.000000000000000000e+00 nan nan nan
8.874999999999999556e-02 0.000000000000000000e+00 nan nan nan
9.124999999999999778e-02 0.000000000000000000e+00 nan nan nan
9.375000000000000000e-02 0.000000000000000000e+00 nan nan nan
9.625000000000000222e-02 0.000000000000000000e+00 nan nan nan
9.875000000000000444e-02 0.000000000000000000e+00 nan nan nan
1.012500000000000067e-01 0.000000000000000000e+00 nan nan nan
1.037499999999999950e-01 0.000000000000000000e+00 nan nan nan
1.062499999999999972e-01 0.000000000000000000e+00 nan nan nan
1.087499999999999994e-01 0.000000000000000000e+00 nan nan nan
1.112500000000000017e-01 0.000000000000000000e+00 nan nan nan
1.137500000000000039e-01 0.000000000000000000e+00 nan nan nan
1.162500000000000061e-01 0.000000000000000000e+00 nan nan nan
1.187499999999999944e-01 0.000000000000000000e+00 nan nan nan
1.212499999999999967e-01 0.000000000000000000e+00 nan nan nan
1.237499999999999989e-01 0.000000000000000000e+00 nan nan nan
1.262500000000000011e-01 0.000000000000000000e+00 nan nan nan
1.287500000000000033e-01 0.000000000000000000e+00 nan nan nan
1.312500000000000056e-01 0.000000000000000000e+00 nan nan nan
1.337500000000000078e-01 0.000000000000000000e+00 nan nan nan
1.362500000000000100e-01 0.000000000000000000e+00 nan nan nan
1.387500000000000122e-01 0.000000000000000000e+00 nan nan nan
1.412499999999999867e-01 0.000000000000000000e+00 nan nan nan
1.437499999999999889e-01 0.000000000000000000e+00 nan nan nan
1.462499999999999911e-01 0.000000000000000000e+00 nan nan nan
1.487499999999999933e-01 0.000000000000000000e+00 nan nan nan
1.512499999999999956e-01 0.000000000000000000e+00 nan nan nan
1.537499999999999978e-01 0.000000000000000000e+00 nan nan nan
1.562500000000000000e-01 0.000000000000000000e+00 nan nan nan
1.587500000000000022e-01 0.000000000000000000e+00 nan nan nan
1.612500000000000044e-01 0.000000000000000000e+00 nan nan nan
1.637500000000000067e-01 0.000000000000000000e+00 nan nan nan
1.662500000000000089e-01 0.000000000000000000e+00 nan nan nan
1.687500000000000111e-01 0.000000000000000000e+00 nan nan nan
1.712500000000000133e-01 0.000000000000000000e+00 nan nan nan
1.737499999999999878e-01 0.000000000000000000e+00 nan nan nan
1.762499999999999900e-01 0.000000000000000000e+00 nan nan nan
1.787499999999999922e-01 0.000000000000000000e+00 nan nan nan
1.812499999999999944e-01 0.000000000000000000e+00 nan nan nan
1.837499999999999967e-01 0.000000000000000000e+00 nan nan nan
1.862499999999999989e-01 0.000000000000000000e+00 nan nan nan
1.887500000000000011e-01 0.000000000000000000e+00 nan nan nan
1.912500000000000033e-01 0.000000000000000000e+00 nan nan nan
1.937500000000000056e-01 0.000000000000000000e+00 nan nan nan
1.962500000000000078e-01 0.000000000000000000e+00 nan nan nan
1.987500000000000100e-01 0.000000000000000000e+00 nan nan nan
2.012500000000000122e-01 0.000000000000000000e+00 nan nan nan
2.037499999999999867e-01 0.000000000000000000e+00 nan nan nan
2.062499999999999889e-01 0.000000000000000000e+00 nan nan nan
2.087499999999999911e-01 0.000000000000000000e+00 nan nan nan
2.112499999999999933e-01 0.000000000000000000e+00 nan nan nan
2.137499999999999956e-01 0.000000000000000000e+00 nan nan nan
2.162499999999999978e-01 0.000000000000000000e+00 nan nan nan
2.187500000000000000e-01 0.000000000000000000e+00 nan nan nan
2.212500000000000022e-01 0.000000000000000000e+00 nan nan nan
2.237500000000000044e-01 0.000000000000000000e+00 nan nan nan
2.262500000000000067e-01 0.000000000000000000e+00 nan nan nan
2.287500000000000089e-01 0.000000000000000000e+00 nan nan nan
2.312500000000000111e-01 0.000000000000000000e+00 nan nan nan
2.337500000000000133e-01 0.000000000000000000e+00 nan nan nan
2.362499999999999878e-01 0.000000000000000000e+00 nan nan nan
2.387499999999999900e-01 0.000000000000000000e+00 nan nan nan
2.412499999999999922e-01 0.000000000000000000e+00 nan nan nan
2.437499999999999944e-01 0.000000000000000000e+00 nan nan nan
2.462499999999999967e-01 0.000000000000000000e+00 nan nan nan
2.487499999999999989e-01 0.000000000000000000e+00 nan nan nan
2.512499999999999734e-01 0.000000000000000000e+00 nan nan nan
2.537499999999999756e-01 0.000000000000000000e+00 nan nan nan
2.562499999999999778e-01 0.000000000000000000e+00 nan nan nan
2.587499999999999800e-01 0.000000000000000000e+00 nan nan nan
2.612499999999999822e-01 0.000000000000000000e+00 nan nan nan
2.637499999999999845e-01 0.000000000000000000e+00 nan nan nan
2.662499999999999867e-01 0.000000000000000000e+00 nan nan nan
2.687499999999999889e-01 0.000000000000000000e+00 nan nan nan
2.712499999999999911e-01 0.000000000000000000e+00 nan nan nan
2.737499999999999933e-01 0.000000000000000000e+00 nan nan nan
2.762499999999999956e-01 0.000000000000000000e+00 nan nan nan
2.787499999999999978e-01 0.000000000000000000e+00 nan nan nan
2.812500000000000000e-01 0.000000000000000000e+00 nan nan nan
2.837500000000000022e-01 0.000000000000000000e+00 nan nan nan
2.862500000000000044e-01 0.000000000000000000e+00 nan nan nan
2.887500000000000067e-01 0.000000000000000000e+00 nan nan nan
2.912500000000000089e-01 0.000000000000000000e+00 nan nan nan
2.937500000000000111e-01 0.000000000000000000e+00 nan nan nan
2.962500000000000133e-01 0.000000000000000000e+00 nan nan nan
2.987500000000000155e-01 0.000000000000000000e+00 nan nan nan
3.012500000000000178e-01 0.000000000000000000e+00 nan nan nan
3.037500000000000200e-01 0.000000000000000000e+00 nan nan nan
3.062500000000000222e-01 0.000000000000000000e+00 nan nan nan
3.087500000000000244e-01 0.000000000000000000e+00 nan nan nan
3.112500000000000266e-01 0.000000000000000000e+00 nan nan nan
3.137499999999999734e-01 0.000000000000000000e+00 nan nan nan
3.162499999999999756e-01 0.000000000000000000e+00 nan nan nan
3.187499999999999778e-01 0.000000000000000000e+00 nan nan nan
3.212499999999999800e-01 0.000000000000000000e+00 nan nan nan
3.237499999999999822e-01 0.000000000000000000e+00 nan nan nan
3.262499999999999845e-01 0.000000000000000000e+00 nan nan nan
3.287499999999999867e-01 0.000000000000000000e+00 nan nan nan
3.312499999999999889e-01 0.000000000000000000e+00 nan nan nan
3.337499999999999911e-01 0.000000000000000000e+00 nan nan nan
3.362499999999999933e-01 0.000000000000000000e+00 nan nan nan
3.387499999999999956e-01 0.000000000000000000e+00 nan nan nan
3.412499999999999978e-01 0.000000000000000000e+00 nan nan nan
3.437500000000000000e-01 0.000000000000000000e+00 nan nan nan
3.462500000000000022e-01 0.000000000000000000e+00 nan nan nan
3.487500000000000044e-01 0.000000000000000000e+00 nan nan nan
3.512500000000000067e-01 0.000000000000000000e+00 nan nan nan
3.537500000000000089e-01 0.000000000000000000e+00 nan nan nan
3.562500000000000111e-01 0.000000000000000000e+00 nan nan nan
3.587500000000000133e-01 0.000000000000000000e+00 nan nan nan
3.612500000000000155e-01 0.000000000000000000e+00 nan nan nan
3.637500000000000178e-01 0.000000000000000000e+00 nan nan nan
3.662500000000000200e-01 0.000000000000000000e+00 nan nan nan
3.687500000000000222e-01 0.000000000000000000e+00 nan nan nan
3.712500000000000244e-01 0.000000000000000000e+00 nan nan nan
3.737500000000000266e-01 0.000000000000000000e+00 nan nan nan
3.762499999999999734e-01 0.000000000000000000e+00 nan nan nan
3.787499999999999756e-01 0.000000000000000000e+00 nan nan nan
3.812499999999999778e-01 0.000000000000000000e+00 nan nan nan
3.837499999999999800e-01 0.000000000000000000e+00 nan nan nan
3.862499999999999822e-01 0.000000000000000000e+00 nan nan nan
3.887499999999999845e-01 0.000000000000000000e+00 nan nan nan
3.912499999999999867e-01 0.000000000000000000e+00 nan nan nan
3.937499999999999889e-01 0.000000000000000000e+00 nan nan nan
3.962499999999999911e-01 0.000000000000000000e+00 nan nan nan
3.987499999999999933e-01 0.000000000000000000e+00 nan nan nan
4.012499999999999956e-01 0.000000000000000000e+00 nan nan nan
4.037499999999999978e-01 0.000000000000000000e+00 nan nan nan
4.062500000000000000e-01 0.000000000000000000e+00 nan nan nan
4.087500000000000022e-01 0.000000000000000000e+00 nan nan nan
4.112500000000000044e-01 0.000000000000000000e+00 nan nan nan
4.137500000000000067e-01 0.000000000000000000e+00 nan nan nan
4.162500000000000089e-01 0.000000000000000000e+00 nan nan nan
4.187500000000000111e-01 0.000000000000000000e+00 nan nan nan
4.212500000000000133e-01 0.000000000000000000e+00 nan nan nan
4.237500000000000155e-01 0.000000000000000000e+00 nan nan nan
4.262500000000000178e-01 0.000000000000000000e+00 nan nan nan
4.287500000000000200e-01 0.000000000000000000e+00 nan nan nan
4.312500000000000222e-01 0.000000000000000000e+00 nan nan nan
4.337500000000000244e-01 0.000000000000000000e+00 nan nan nan
4.362500000000000266e-01 0.000000000000000000e+00 nan nan nan
4.387499999999999734e-01 0.000000000000000000e+00 nan nan nan
4.412499999999999756e-01 0.000000000000000000e+00 nan nan nan
4.437499999999999778e-01 0.000000000000000000e+00 nan nan nan
4.462499999999999800e-01 0.000000000000000000e+00 nan nan nan
4.487499999999999822e-01 0.000000000000000000e+00 nan nan nan
4.512499999999999845e-01 0.000000000000000000e+00 nan nan nan
4.537499999999999867e-01 0.000000000000000000e+00 nan nan nan
4.562499999999999889e-01 0.000000000000000000e+00 nan nan nan
4.587499999999999911e-01 0.000000000000000000e+00 nan nan nan
4.612499999999999933e-01 0.000000000000000000e+00 nan nan nan
4.637499999999999956e-01 0.000000000000000000e+00 nan nan nan
4.662499999999999978e-01 0.000000000000000000e+00 nan nan nan
4.687500000000000000e-01 0.000000000000000000e+00 nan nan nan
4.712500000000000022e-01 0.000000000000000000e+00 nan nan nan
4.737500000000000044e-01 0.000000000000000000e+00 nan nan nan
4.762500000000000067e-01 0.000000000000000000e+00 nan nan nan
4.787500000000000089e-01 0.000000000000000000e+00 nan nan nan
4.812500000000000111e-01 0.000000000000000000e+00 nan nan nan
4.837500000000000133e-01 0.000000000000000000e+00 nan nan nan
4.862500000000000155e-01 0.000000000000000000e+00 nan nan nan
4.887500000000000178e-01 0.000000000000000000e+00 nan nan nan
4.912500000000000200e-01 0.000000000000000000e+00 nan nan nan
4.937500000000000222e-01 0.000000000000000000e+00 nan nan nan
4.962500000000000244e-01 0.000000000000000000e+00 nan nan nan
4.987500000000000266e-01 0.000000000000000000e+00 nan nan nan
5.012499999999999734e-01 0.000000000000000000e+00 nan nan nan
5.037500000000000311e-01 0.000000000000000000e+00 nan nan nan
5.062499999999999778e-01 0.000000000000000000e+00 nan nan nan
5.087500000000000355e-01 0.000000000000000000e+00 nan nan nan
5.112499999999999822e-01 0.000000000000000000e+00 nan nan nan
5.137500000000000400e-01 0.000000000000000000e+00 nan nan nan
5.162499999999999867e-01 0.000000000000000000e+00 nan nan nan
5.187500000000000444e-01 0.000000000000000000e+00 nan nan nan
5.212499999999999911e-01 0.000000000000000000e+00 nan nan nan
5.237500000000000488e-01 0.000000000000000000e+00 nan nan nan
5.262499999999999956e-01 0.000000000000000000e+00 nan nan nan
5.287500000000000533e-01 0.000000000000000000e+00 nan nan nan
5.312500000000000000e-01 0.000000000000000000e+00 nan nan nan
5.337499999999999467e-01 0.000000000000000000e+00 nan nan nan
5.362500000000000044e-01 0.000000000000000000e+00 nan nan nan
5.387499999999999512e-01 0.000000000000000000e+00 nan nan nan
5.412500000000000089e-01 0.000000000000000000e+00 nan nan nan
5.437499999999999556e-01 0.000000000000000000e+00 nan nan nan
5.462500000000000133e-01 0.000000000000000000e+00 nan nan nan
5.487499999999999600e-01 0.000000000000000000e+00 nan nan nan
5.512500000000000178e-01 0.000000000000000000e+00 nan nan nan
5.537499999999999645e-01 0.000000000000000000e+00 nan nan nan
5.562500000000000222e-01 0.000000000000000000e+00 nan nan nan
5.587499999999999689e-01 0.000000000000000000e+00 nan nan nan
5.612500000000000266e-01 0.000000000000000000e+00 nan nan nan
5.637499999999999734e-01 0.000000000000000000e+00 nan nan nan
5.662500000000000311e-01 0.000000000000000000e+00 nan nan nan
5.687499999999999778e-01 0.000000000000000000e+00 nan nan nan
5.712500000000000355e-01 0.000000000000000000e+00 nan nan nan
5.737499999999999822e-01 0.000000000000000000e+00 nan nan nan
5.762500000000000400e-01 0.000000000000000000e+00 nan nan nan
5.787499999999999867e-01 0.000000000000000000e+00 nan nan nan
5.812500000000000444e-01 0.000000000000000000e+00 nan nan nan
5.837499999999999911e-01 0.000000000000000000e+00 nan nan nan
5.862500000000000488e-01 0.000000000000000000e+00 nan nan nan
5.887499999999999956e-01 0.000000000000000000e+00 nan nan nan
5.912500000000000533e-01 0.000000000000000000e+00 nan nan nan
5.937500000000000000e-01 0.000000000000000000e+00 nan nan nan
5.962499999999999467e-01 0.000000000000000000e+00 nan nan nan
5.987500000000000044e-01 0.000000000000000000e+00 nan nan nan
6.012499999999999512e-01 0.000000000000000000e+00 nan nan nan
6.037500000000000089e-01 0.000000000000000000e+00 nan nan nan
6.062499999999999556e-01 0.000000000000000000e+00 nan nan nan
6.087500000000000133e-01 0.000000000000000000e+00 nan nan nan
6.112499999999999600e-01 0.000000000000000000e+00 nan nan nan
6.137500000000000178e-01 0.000000000000000000e+00 nan nan nan
6.162499999999999645e-01 0.000000000000000000e+00 nan nan nan
6.187500000000000222e-01 0.000000000000000000e+00 nan nan nan
6.212499999999999689e-01 0.000000000000000000e+00 nan nan nan
6.237500000000000266e-01 0.000000000000000000e+00 nan nan nan
6.262499999999999734e-01 0.000000000000000000e+00 nan nan nan
6.287500000000000311e-01 0.000000000000000000e+00 nan nan nan
6.312499999999999778e-01 0.000000000000000000e+00 nan nan nan
6.337500000000000355e-01 0.000000000000000000e+00 nan nan nan
6.362499999999999822e-01 0.000000000000000000e+00 nan nan nan
6.387500000000000400e-01 0.000000000000000000e+00 nan nan nan
6.412499999999999867e-01 0.000000000000000000e+00 nan nan nan
6.437500000000000444e-01 0.000000000000000000e+00 nan nan nan
6.462499999999999911e-01 0.000000000000000000e+00 nan nan nan
6.487500000000000488e-01 0.000000000000000000e+00 nan nan nan
6.512499999999999956e-01 0.000000000000000000e+00 nan nan nan
6.537500000000000533e-01 0.000000000000000000e+00 nan nan nan
6.562500000000000000e-01 0.000000000000000000e+00 nan nan nan
6.587499999999999467e-01 0.000000000000000000e+00 nan nan nan
6.612500000000000044e-01 0.000000000000000000e+00 nan nan nan
6.637499999999999512e-01 0.000000000000000000e+00 nan nan nan
6.662500000000000089e-01 0.000000000000000000e+00 nan nan nan
6.687499999999999556e-01 0.000000000000000000e+00 nan nan nan
6.712500000000000133e-01 0.000000000000000000e+00 nan nan nan
6.737499999999999600e-01 0.000000000000000000e+00 nan nan nan
6.762500000000000178e-01 0.000000000000000000e+00 nan nan nan
6.787499999999999645e-01 0.000000000000000000e+00 nan nan nan
6.812500000000000222e-01 0.000000000000000000e+00 nan nan nan
6.837499999999999689e-01 0.000000000000000000e+00 nan nan nan
6.862500000000000266e-01 0.000000000000000000e+00 nan nan nan
6.887499999999999734e-01 0.000000000000000000e+00 nan nan nan
6.912500000000000311e-01 0.000000000000000000e+00 nan nan nan
6.937499999999999778e-01 0.000000000000000000e+00 nan nan nan
6.962500000000000355e-01 0.000000000000000000e+00 nan nan nan
6.987499999999999822e-01 0.000000000000000000e+00 nan nan nan
7.012500000000000400e-01 0.000000000000000000e+00 nan nan nan
7.037499999999999867e-01 0.000000000000000000e+00 nan nan nan
7.062500000000000444e-01 0.000000000000000000e+00 nan nan nan
7.087499999999999911e-01 0.000000000000000000e+00 nan nan nan
7.112500000000000488e-01 0.000000000000000000e+00 nan nan nan
7.137499999999999956e-01 0.000000000000000000e+00 nan nan nan
7.162500000000000533e-01 0.000000000000000000e+00 nan nan nan
7.187500000000000000e-01 0.000000000000000000e+00 nan nan nan
7.212499999999999467e-01 0.000000000000000000e+00 nan nan nan
7.237500000000000044e-01 0.000000000000000000e+00 nan nan nan
7.262499999999999512e-01 0.000000000000000000e+00 nan nan nan
7.287500000000000089e-01 0.000000000000000000e+00 nan nan nan
7.312499999999999556e-01 0.000000000000000000e+00 nan nan nan
7.337500000000000133e-01 0.000000000000000000e+00 nan nan nan
7.362499999999999600e-01 0.000000000000000000e+00 nan nan nan
7.387500000000000178e-01 0.000000000000000000e+00 nan nan nan
7.412499999999999645e-01 0.000000000000000000e+00 nan nan nan
7.437500000000000222e-01 0.000000000000000000e+00 nan nan nan
7.462499999999999689e-01 0.000000000000000000e+00 nan nan nan
7.487500000000000266e-01 0.000000000000000000e+00 nan nan nan
7.512499999999999734e-01 0.000000000000000000e+00 nan nan nan
7.537500000000000311e-01 0.000000000000000000e+00 nan nan nan
7.562499999999999778e-01 0.000000000000000000e+00 nan nan nan
7.587500000000000355e-01 0.000000000000000000e+00 nan nan nan
7.612499999999999822e-01 0.000000000000000000e+00 nan nan nan
7.637500000000000400e-01 0.000000000000000000e+00 nan nan nan
7.662499999999999867e-01 0.000000000000000000e+00 nan nan nan
7.687500000000000444e-01 0.000000000000000000e+00 nan nan nan
7.712499999999999911e-01 0.000000000000000000e+00 nan nan nan
7.737500000000000488e-01 0.000000000000000000e+00 nan nan nan
7.762499999999999956e-01 0.000000000000000000e+00 nan nan nan
7.787500000000000533e-01 0.000000000000000000e+00 nan nan nan
7.812500000000000000e-01 0.000000000000000000e+00 nan nan nan
7.837499999999999467e-01 0.000000000000000000e+00 nan nan nan
7.862500000000000044e-01 0.000000000000000000e+00 nan nan nan
7.887499999999999512e-01 0.000000000000000000e+00 nan nan nan
7.912500000000000089e-01 0.000000000000000000e+00 nan nan nan
7.937499999999999556e-01 0.000000000000000000e+00 nan nan nan
7.962500000000000133e-01 0.000000000000000000e+00 nan nan nan
7.987499999999999600e-01 0.000000000000000000e+00 nan nan nan
8.012500000000000178e-01 0.000000000000000000e+00 nan nan nan
8.037499999999999645e-01 0.000000000000000000e+00 nan nan nan
8.062500000000000222e-01 0.000000000000000000e+00 nan nan nan
8.087499999999999689e-01 0.000000000000000000e+00 nan nan nan
8.112500000000000266e-01 0.000000000000000000e+00 nan nan nan
8.137499999999999734e-01 0.000000000000000000e+00 nan nan nan
8.162500000000000311e-01 0.000000000000000000e+00 nan nan nan
8.187499999999999778e-01 0.000000000000000000e+00 nan nan nan
8.212500000000000355e-01 0.000000000000000000e+00 nan nan nan
8.237499999999999822e-01 0.000000000000000000e+00 nan nan nan
8.262500000000000400e-01 0.000000000000000000e+00 nan nan nan
8.287499999999999867e-01 0.000000000000000000e+00 nan nan nan
8.312500000000000444e-01 0.000000000000000000e+00 nan nan nan
8.337499999999999911e-01 0.000000000000000000e+00 nan nan nan
8.362500000000000488e-01 0.000000000000000000e+00 nan nan nan
8.387499999999999956e-01 0.000000000000000000e+00 nan nan nan
8.412500000000000533e-01 0.000000000000000000e+00 nan nan nan
8.437500000000000000e-01 0.000000000000000000e+00 nan nan nan
8.462499999999999467e-01 1.775000000000000048e-04 nan nan nan
8.487500000000000044e-01 0.000000000000000000e+00 nan nan nan
8.512499999999999512e-01 0.000000000000000000e+00 nan nan nan
8.537500000000000089e-01 1.745000000000000132e-04 nan nan nan
8.562499999999999556e-01 3.469999999999999777e-04 nan nan nan
8.587500000000000133e-01 8.620000000000000275e-04 nan nan nan
8.612499999999999600e-01 6.857499999999999447e-04 nan nan nan
8.637500000000000178e-01 1.363500000000000129e-03 nan nan nan
8.662499999999999645e-01 1.525000000000000097e-03 nan nan nan
8.687500000000000222e-01 2.021999999999999926e-03 nan nan nan
8.712499999999999689e-01 3.852500000000000455e-03 nan nan nan
8.737500000000000266e-01 6.161999999999999075e-03 nan nan nan
8.762499999999999734e-01 5.961499999999999785e-03 nan nan nan
8.787500000000000311e-01 1.053799999999999876e-02 nan nan nan
8.812499999999999778e-01 1.096975000000000033e-02 nan nan nan
8.837500000000000355e-01 1.416324999999999876e-02 nan nan nan
8.862499999999999822e-01 1.958750000000000074e-02 nan nan nan
8.887500000000000400e-01 2.334099999999999717e-02 nan nan nan
8.912499999999999867e-01 3.041350000000000303e-02 nan nan nan
8.937500000000000444e-01 3.692899999999999655e-02 nan nan nan
8.962499999999999911e-01 4.558750000000000302e-02 nan nan nan
8.987500000000000488e-01 5.525075000000000125e-02 nan nan nan
9.012499999999999956e-01 6.261524999999999730e-02 nan nan nan
9.037500000000000533e-01 7.487874999999999392e-02 nan nan nan
9.062500000000000000e-01 9.614024999999999654e-02 nan nan nan
9.087499999999999467e-01 1.137795000000000056e-01 nan nan nan
9.112500000000000044e-01 1.367369999999999974e-01 nan nan nan
9.137499999999999512e-01 1.556345000000000089e-01 nan nan nan
9.162500000000000089e-01 1.788675000000000126e-01 nan nan nan
9.187499999999999556e-01 2.075697499999999696e-01 nan nan nan
9.212500000000000133e-01 2.302655000000000118e-01 nan nan nan
9.237499999999999600e-01 2.722319999999999740e-01 nan nan nan
9.262500000000000178e-01 3.072219999999999951e-01 nan nan nan
9.287499999999999645e-01 3.419789999999999774e-01 nan nan nan
9.312500000000000222e-01 3.811975000000000224e-01 nan nan nan
9.337499999999999689e-01 4.170752500000000640e-01 nan nan nan
9.362500000000000266e-01 4.560457500000000275e-01 nan nan nan
9.387499999999999734e-01 5.119092499999999824e-01 nan nan nan
9.412500000000000311e-01 5.664565000000000294e-01 nan nan nan
9.437499999999999778e-01 6.128534999999999400e-01 nan nan nan
9.462500000000000355e-01 6.397235000000000005e-01 nan nan nan
9.487499999999999822e-01 7.003457500000001001e-01 nan nan nan
9.512500000000000400e-01 7.718445000000000444e-01 nan nan nan
9.537499999999999867e-01 8.378322499999999451e-01 nan nan nan
9.562500000000000444e-01 8.719734999999999570e-01 nan nan nan
9.587499999999999911e-01 9.418504999999999239e-01 nan nan nan
9.612500000000000488e-01 1.007411999999999974e+00 nan nan nan
9.637499999999999956e-01 1.055032999999999888e+00 nan nan nan
9.662500000000000533e-01 1.114268499999999884e+00 nan nan nan
9.687500000000000000e-01 1.148628250000000017e+00 nan nan nan
9.712499999999999467e-01 1.205398750000000074e+00 nan nan nan
9.737500000000000044e-01 1.291876750000000129e+00 nan nan nan
9.762499999999999512e-01 1.352373999999999965e+00 nan nan nan
9.787500000000000089e-01 1.427367999999999970e+00 nan nan nan
9.812499999999999556e-01 1.455362500000000114e+00 nan nan nan
9.837500000000000133e-01 1.516819249999999952e+00 nan nan nan
9.862499999999999600e-01 1.579988500000000018e+00 nan nan nan
9.887500000000000178e-01 1.630275000000000141e+00 nan nan nan
9.912499999999999645e-01 1.678481499999999960e+00 nan nan nan
9.937500000000000222e-01 1.728114249999999963e+00 nan nan nan
9.962499999999999689e-01 1.791192000000000117e+00 nan nan nan
9.987500000000000266e-01 1.812062999999999979e+00 nan nan nan
1.001249999999999973e+00 1.844245499999999982e+00 nan nan nan
1.003749999999999920e+00 1.895014999999999894e+00 nan nan nan
1.006250000000000089e+00 1.957689500000000082e+00 nan nan nan
1.008750000000000036e+00 1.976736999999999966e+00 nan nan nan
1.011249999999999982e+00 2.003654000000000046e+00 nan nan nan
1.013749999999999929e+00 2.027312500000000295e+00 nan nan nan
1.016250000000000098e+00 2.041357749999999971e+00 nan nan nan
1.018750000000000044e+00 2.086726249999999894e+00 nan nan nan
1.021249999999999991e+00 2.108950249999999915e+00 nan nan nan
1.023749999999999938e+00 2.169269250000000149e+00 nan nan nan
1.026250000000000107e+00 2.156057249999999925e+00 nan nan nan
1.028750000000000053e+00 2.193407000000000107e+00 nan nan nan
1.031250000000000000e+00 2.222717750000000159e+00 nan nan nan
1.033749999999999947e+00 2.204959999999999809e+00 nan nan nan
1.036249999999999893e+00 2.239328999999999681e+00 nan nan nan
1.038750000000000062e+00 2.240464499999999859e+00 nan nan nan
1.041250000000000009e+00 2.285071999999999992e+00 nan nan nan
1.043749999999999956e+00 2.300165250000000050e+00 nan nan nan
1.046249999999999902e+00 2.250158000000000325e+00 nan nan nan
1.048750000000000071e+00 2.267072249999999567e+00 nan nan nan
1.051250000000000018e+00 2.273789999999999978e+00 nan nan nan
1.053749999999999964e+00 2.295991749999999776e+00 nan nan nan
1.056249999999999911e+00 2.289125499999999924e+00 nan nan nan
1.058750000000000080e+00 2.282977999999999952e+00 nan nan nan
1.061250000000000027e+00 2.295942750000000032e+00 nan nan nan
1.063749999999999973e+00 2.252240500000000090e+00 nan nan nan
1.066249999999999920e+00 2.274907750000000117e+00 nan nan nan
1.068750000000000089e+00 2.259824749999999938e+00 nan nan nan
1.071250000000000036e+00 2.251505249999999680e+00 nan nan nan
1.073749999999999982e+00 2.253163750000000132e+00 nan nan nan
1.076249999999999929e+00 2.226901250000000054e+00 nan nan nan
1.078750000000000098e+00 2.208506750000000185e+00 nan nan nan
1.081250000000000044e+00 2.205483749999999965e+00 nan nan nan
1.083749999999999991e+00 2.166956749999999765e+00 nan nan nan
1.086249999999999938e+00 2.183610250000000086e+00 nan nan nan
1.088750000000000107e+00 2.204056500000000085e+00 nan nan nan
1.091250000000000053e+00 2.163538999999999657e+00 nan nan nan
1.093750000000000000e+00 2.147176749999999856e+00 nan nan nan
1.096249999999999947e+00 2.130200249999999684e+00 nan nan nan
1.098749999999999893e+00 2.130838499999999858e+00 nan nan nan
1.101250000000000062e+00 2.121804499999999649e+00 nan nan nan
1.103750000000000009e+00 2.063775999999999833e+00 nan nan nan
1.106249999999999956e+00 2.077939999999999898e+00 nan nan nan
1.108749999999999902e+00 2.038275000000000059e+00 nan nan nan
1.111250000000000071e+00 2.035498000000000030e+00 nan nan nan
1.113750000000000018e+00 2.026164999999999772e+00 nan nan nan
1.116249999999999964e+00 1.986078250000000045e+00 nan nan nan
1.118749999999999911e+00 1.969389749999999939e+00 nan nan nan
1.121250000000000080e+00 1.950503500000000168e+00 nan nan nan
1.123750000000000027e+00 1.933578749999999902e+00 nan nan nan
1.126249999999999973e+00 1.909968249999999923e+00 nan nan nan
1.128749999999999920e+00 1.901616750000000078e+00 nan nan nan
1.131250000000000089e+00 1.875038999999999900e+00 nan nan nan
1.133750000000000036e+00 1.836510000000000087e+00 nan nan nan
1.136249999999999982e+00 1.819475750000000058e+00 nan nan nan
1.138749999999999929e+00 1.811103000000000129e+00 nan nan nan
1.141250000000000098e+00 1.801810500000000204e+00 nan nan nan
1.143750000000000044e+00 1.781112500000000098e+00 nan nan nan
1.146249999999999991e+00 1.770158000000000120e+00 nan nan nan
1.148749999999999938e+00 1.759089499999999973e+00 nan nan nan
1.151250000000000107e+00 1.719320249999999994e+00 nan nan nan
1.153750000000000053e+00 1.732986499999999985e+00 nan nan nan
1.156250000000000000e+00 1.696588750000000090e+00 nan nan nan
1.158749999999999947e+00 1.691264250000000136e+00 nan nan nan
1.161249999999999893e+00 1.683329999999999993e+00 nan nan nan
1.163750000000000062e+00 1.659300500000000067e+00 nan nan nan
1.166250000000000009e+00 1.625552249999999921e+00 nan nan nan
1.168749999999999956e+00 1.630147500000000083e+00 nan nan nan
1.171249999999999902e+00 1.614946999999999910e+00 nan nan nan
1.173750000000000071e+00 1.598568750000000094e+00 nan nan nan
1.176250000000000018e+00 1.595640500000000017e+00 nan nan nan
1.178749999999999964e+00 1.565269999999999939e+00 nan nan nan
1.181249999999999911e+00 1.567763499999999866e+00 nan nan nan
1.183750000000000080e+00 1.548082500000000028e+00 nan nan nan
1.186250000000000027e+00 1.538672749999999922e+00 nan nan nan
1.188749999999999973e+00 1.501165749999999965e+00 nan nan nan
1.191249999999999920e+00 1.512970750000000031e+00 nan nan nan
1.193750000000000089e+00 1.498164000000000051e+00 nan nan nan
1.196250000000000036e+00 1.472983249999999966e+00 nan nan nan
1.198749999999999982e+00 1.474101500000000176e+00 nan nan nan
1.201249999999999929e+00 1.465768999999999878e+00 nan nan nan
1.203750000000000098e+00 1.461003249999999865e+00 nan nan nan
1.206250000000000044e+00 1.426641249999999861e+00 nan nan nan
1.208749999999999991e+00 1.439803999999999862e+00 nan nan nan
1.211249999999999938e+00 1.399373999999999896e+00 nan nan nan
1.213750000000000107e+00 1.396808749999999932e+00 nan nan nan
1.216250000000000053e+00 1.413334250000000125e+00 nan nan nan
1.218750000000000000e+00 1.385029000000000066e+00 nan nan nan
1.221249999999999947e+00 1.373566999999999982e+00 nan nan nan
1.223749999999999893e+00 1.366517249999999795e+00 nan nan nan
1.226250000000000062e+00 1.351480749999999897e+00 nan nan nan
1.228750000000000009e+00 1.352976500000000026e+00 nan nan nan
1.231249999999999956e+00 1.307900249999999875e+00 nan nan nan
1.233749999999999902e+00 1.305278250000000195e+00 nan nan nan
1.236250000000000071e+00 1.301085999999999965e+00 nan nan nan
1.238750000000000018e+00 1.287636499999999851e+00 nan nan nan
1.241249999999999964e+00 1.284022750000000102e+00 nan nan nan
1.243749999999999911e+00 1.267605249999999906e+00 nan nan nan
1.246250000000000080e+00 1.245987999999999873e+00 nan nan nan
1.248750000000000027e+00 1.266770249999999987e+00 nan nan nan
1.251249999999999973e+00 1.246364000000000027e+00 nan nan nan
1.253749999999999920e+00 1.254906749999999960e+00 nan nan nan
1.256250000000000089e+00 1.217609750000000046e+00 nan nan nan
1.258750000000000036e+00 1.206759499999999985e+00 nan nan nan
1.261249999999999982e+00 1.229156249999999950e+00 nan nan nan
1.263749999999999929e+00 1.209250750000000041e+00 nan nan nan
1.266250000000000098e+00 1.190920250000000014e+00 nan nan nan
1.268750000000000044e+00 1.188443250000000173e+00 nan nan nan
1.271249999999999991e+00 1.179289000000000032e+00 nan nan nan
1.273749999999999938e+00 1.163066250000000190e+00 nan nan nan
1.276250000000000107e+00 1.163119500000000084e+00 nan nan nan
1.278750000000000053e+00 1.151267250000000075e+00 nan nan nan
1.281250000000000000e+00 1.157931750000000148e+00 nan nan nan
1.283749999999999947e+00 1.148180250000000013e+00 nan nan nan
1.286249999999999893e+00 1.125507000000000035e+00 nan nan nan
1.288750000000000062e+00 1.131096749999999984e+00 nan nan nan
1.291250000000000009e+00 1.119629000000000207e+00 nan nan nan
1.293749999999999956e+00 1.100645249999999908e+00 nan nan nan
1.296249999999999902e+00 1.107376249999999951e+00 nan nan nan
1.298750000000000071e+00 1.095352749999999986e+00 nan nan nan
1.301250000000000018e+00 1.104513999999999996e+00 nan nan nan
1.303749999999999964e+00 1.082853000000000065e+00 nan nan nan
1.306249999999999911e+00 1.084450249999999949e+00 nan nan nan
1.308750000000000080e+00 1.064276500000000070e+00 nan nan nan
1.311250000000000027e+00 1.054971749999999986e+00 nan nan nan
1.313749999999999973e+00 1.068051500000000154e+00 nan nan nan
1.316249999999999920e+00 1.069135500000000016e+00 nan nan nan
1.318750000000000089e+00 1.064500749999999885e+00 nan nan nan
1.321250000000000036e+00 1.048313000000000050e+00 nan nan nan
1.323749999999999982e+00 1.027522999999999964e+00 nan nan nan
1.326249999999999929e+00 1.034857499999999986e+00 nan nan nan
1.328750000000000098e+00 1.016059749999999928e+00 nan nan nan
1.331250000000000044e+00 1.027959499999999915e+00 nan nan nan
1.333749999999999991e+00 1.013244749999999916e+00 nan nan nan
1.336249999999999938e+00 9.914412500000000517e-01 nan nan nan
1.338750000000000107e+00 9.917144999999999433e-01 nan nan nan
1.341250000000000053e+00 9.914844999999998798e-01 nan nan nan
1.343750000000000000e+00 9.885027499999999856e-01 nan nan nan
1.346249999999999947e+00 9.918502499999999333e-01 nan nan nan
1.348749999999999893e+00 9.832842500000000818e-01 nan nan nan
1.351250000000000062e+00 9.705962500000000492e-01 nan nan nan
1.353750000000000009e+00 9.777689999999999992e-01 nan nan nan
1.356249999999999956e+00 9.684299999999999020e-01 nan nan nan
1.358749999999999902e+00 9.623902500000000027e-01 nan nan nan
1.361250000000000071e+00 9.632500000000000506e-01 nan nan nan
1.363750000000000018e+00 9.602005000000000123e-01 nan nan nan
1.366249999999999964e+00 9.439517499999999783e-01 nan nan nan
1.368749999999999911e+00 9.434252499999999930e-01 nan nan nan
1.371250000000000080e+00 9.516862500000000669e-01 nan nan nan
1.373750000000000027e+00 9.482255000000000544e-01 nan nan nan
1.376249999999999973e+00 9.188717499999999871e-01 nan nan nan
1.378749999999999920e+00 9.218967499999999315e-01 nan nan nan
1.381250000000000089e+00 9.315582500000001431e-01 nan nan nan
1.383750000000000036e+00 9.131879999999999997e-01 nan nan nan
1.386249999999999982e+00 9.196892500000000137e-01 nan nan nan
1.388749999999999929e+00 9.107775000000000176e-01 nan nan nan
1.391250000000000098e+00 9.109230000000000382e-01 nan nan nan
1.393750000000000044e+00 9.028147499999999992e-01 nan nan nan
1.396249999999999991e+00 8.931930000000000147e-01 nan nan nan
1.398749999999999938e+00 8.946819999999999773e-01 nan nan nan
1.401250000000000107e+00 9.034075000000000299e-01 nan nan nan
1.403750000000000053e+00 8.853517499999999929e-01 nan nan nan
1.406250000000000000e+00 8.686400000000000787e-01 nan nan nan
1.408749999999999947e+00 8.846522500000000289e-01 nan nan nan
1.411249999999999893e+00 8.637727499999999781e-01 nan nan nan
1.413750000000000062e+00 8.803140000000000409e-01 nan nan nan
1.416250000000000009e+00 8.677002499999999507e-01 nan nan nan
1.418749999999999956e+00 8.596547500000000230e-01 nan nan nan
1.421249999999999902e+00 8.614170000000000993e-01 nan nan nan
1.423750000000000071e+00 8.575789999999999802e-01 nan nan nan
1.426250000000000018e+00 8.476994999999999392e-01 nan nan nan
1.428749999999999964e+00 8.529575000000000351e-01 nan nan nan
1.431249999999999911e+00 8.546354999999999924e-01 nan nan nan
1.433750000000000080e+00 8.561112499999999903e-01 nan nan nan
1.436250000000000027e+00 8.501745000000000552e-01 nan nan nan
1.438749999999999973e+00 8.445202499999999723e-01 nan nan nan
1.441249999999999920e+00 8.412870000000000070e-01 nan nan nan
1.443750000000000089e+00 8.413040000000000518e-01 nan nan nan
1.446250000000000036e+00 8.360879999999999423e-01 nan nan nan
1.448749999999999982e+00 8.356277500000000025e-01 nan nan nan
1.451249999999999929e+00 8.302157500000000301e-01 nan nan nan
1.453750000000000098e+00 8.350037500000000446e-01 nan nan nan
1.456250000000000044e+00 8.312399999999999789e-01 nan nan nan
1.458749999999999991e+00 8.237922499999998927e-01 nan nan nan
1.461249999999999938e+00 8.154972499999999513e-01 nan nan nan
1.463750000000000107e+00 8.138417500000000304e-01 nan nan nan
1.466250000000000053e+00 8.129612500000000797e-01 nan nan nan
1.468750000000000000e+00 8.237524999999999986e-01 nan nan nan
1.471249999999999947e+00 8.216012500000000607e-01 nan nan nan
1.473749999999999893e+00 8.212752500000000122e-01 nan nan nan
1.476250000000000062e+00 8.148204999999999476e-01 nan nan nan
1.478750000000000009e+00 8.022989999999999844e-01 nan nan nan
1.481249999999999956e+00 8.030702499999999855e-01 nan nan nan
1.483749999999999902e+00 7.963812500000000405e-01 nan nan nan
1.486250000000000071e+00 8.120659999999999545e-01 nan nan nan
1.488750000000000018e+00 8.033172499999999827e-01 nan nan nan
1.491249999999999964e+00 7.895339999999999581e-01 nan nan nan
1.493749999999999911e+00 8.148727500000000346e-01 nan nan nan
1.496250000000000080e+00 7.928420000000000467e-01 nan nan nan
1.498750000000000027e+00 7.920672500000000005e-01 nan nan nan
1.501249999999999973e+00 7.821537499999999810e-01 nan nan nan
1.503749999999999920e+00 7.952430000000000332e-01 nan nan nan
1.506250000000000089e+00 8.007317499999999644e-01 nan nan nan
1.508750000000000036e+00 7.870205000000000117e-01 nan nan nan
1.511249999999999982e+00 7.762907500000000294e-01 nan nan nan
1.513749999999999929e+00 7.813862499999999489e-01 nan nan nan
1.516250000000000098e+00 7.946290000000000298e-01 nan nan nan
1.518750000000000044e+00 7.796119999999999717e-01 nan nan nan
1.521249999999999991e+00 7.923810000000000020e-01 nan nan nan
1.523749999999999938e+00 7.846899999999999986e-01 nan nan nan
1.526250000000000107e+00 7.709317499999999157e-01 nan nan nan
1.528750000000000053e+00 7.749410000000001020e-01 nan nan nan
1.531250000000000000e+00 7.853187499999999543e-01 nan nan nan
1.533749999999999947e+00 7.729777500000000190e-01 nan nan nan
1.536249999999999893e+00 7.892660000000000231e-01 nan nan nan
1.538750000000000062e+00 7.744064999999999976e-01 nan nan nan
1.541250000000000009e+00 7.743047499999999861e-01 nan nan nan
1.543749999999999956e+00 7.843902500000000666e-01 nan nan nan
1.546249999999999902e+00 7.681882499999999059e-01 nan nan nan
1.548750000000000071e+00 7.748810000000000420e-01 nan nan nan
1.551250000000000018e+00 7.742875000000000174e-01 nan nan nan
1.553749999999999964e+00 7.583674999999999722e-01 nan nan nan
1.556249999999999911e+00 7.631777499999999881e-01 nan nan nan
1.558750000000000080e+00 7.826582499999999998e-01 nan nan nan
1.561250000000000027e+00 7.732682499999999903e-01 nan nan nan
1.563749999999999973e+00 7.664819999999998856e-01 nan nan nan
1.566249999999999920e+00 7.749212500000000059e-01 nan nan nan
1.568750000000000089e+00 7.639802500000000274e-01 nan nan nan
1.571250000000000036e+00 7.737572500000000630e-01 nan nan nan
1.573749999999999982e+00 7.669882500000000380e-01 nan nan nan
1.576249999999999929e+00 7.678834999999999411e-01 nan nan nan
1.578750000000000098e+00 7.537717499999999626e-01 nan nan nan
1.581250000000000044e+00 7.634419999999999540e-01 nan nan nan
1.583749999999999991e+00 7.705637499999999918e-01 nan nan nan
1.586249999999999938e+00 7.756659999999999666e-01 nan nan nan
1.588750000000000107e+00 7.662247500000000100e-01 nan nan nan
1.591250000000000053e+00 7.637692500000000662e-01 nan nan nan
1.593750000000000000e+00 7.712862499999999510e-01 nan nan nan
1.596249999999999947e+00 7.578442499999999971e-01 nan nan nan
1.598749999999999893e+00 7.708965000000000956e-01 nan nan nan
1.601250000000000062e+00 7.771197499999999980e-01 nan nan nan
1.603750000000000009e+00 7.699532499999999224e-01 nan nan nan
1.606249999999999956e+00 7.754434999999999523e-01 nan nan nan
1.608749999999999902e+00 7.711192500000000338e-01 nan nan nan
1.611250000000000071e+00 7.754867500000000025e-01 nan nan nan
1.613750000000000018e+00 7.691312499999999330e-01 nan nan nan
1.616249999999999964e+00 7.719614999999999672e-01 nan nan nan
1.618749999999999911e+00 7.725387500000000518e-01 nan nan nan
1.621250000000000080e+00 7.762532500000000057e-01 nan nan nan
1.623750000000000027e+00 7.636897500000000560e-01 nan nan nan
1.626249999999999973e+00 7.699970000000000425e-01 nan nan nan
1.628749999999999920e+00 7.800965000000000815e-01 nan nan nan
1.631250000000000089e+00 7.650927499999999881e-01 nan nan nan
1.633750000000000036e+00 7.682312500000000322e-01 nan nan nan
1.636249999999999982e+00 7.801327500000000414e-01 nan nan nan
1.638749999999999929e+00 7.878864999999999341e-01 nan nan nan
1.641250000000000098e+00 7.789742500000000902e-01 nan nan nan
1.643750000000000044e+00 7.818300000000000249e-01 nan nan nan
1.646249999999999991e+00 7.778622500000000883e-01 nan nan nan
1.648749999999999938e+00 7.854209999999999248e-01 nan nan nan
1.651250000000000107e+00 7.924172499999999619e-01 nan nan nan
1.653750000000000053e+00 7.942542500000000505e-01 nan nan nan
1.656250000000000000e+00 7.845347500000000585e-01 nan nan nan
1.658749999999999947e+00 7.868849999999999456e-01 nan nan nan
1.661249999999999893e+00 7.939172500000000188e-01 nan nan nan
1.663750000000000062e+00 8.053595000000000059e-01 nan nan nan
1.666250000000000009e+00 7.943344999999999434e-01 nan nan nan
1.668749999999999956e+00 7.911804999999999533e-01 nan nan nan
1.671249999999999902e+00 8.012427500000000036e-01 nan nan nan
1.673750000000000071e+00 7.933590000000000364e-01 nan nan nan
1.676250000000000018e+00 7.923069999999999835e-01 nan nan nan
1.678749999999999964e+00 7.899487499999999773e-01 nan nan nan
1.681249999999999911e+00 8.144559999999999578e-01 nan nan nan
1.683750000000000080e+00 8.025760000000000671e-01 nan nan nan
1.686250000000000027e+00 8.018525000000000791e-01 nan nan nan
1.688749999999999973e+00 8.023782499999999596e-01 nan nan nan
1.691249999999999920e+00 8.043639999999999679e-01 nan nan nan
1.693750000000000089e+00 8.074427499999999869e-01 nan nan nan
1.696250000000000036e+00 8.068762500000000726e-01 nan nan nan
1.698749999999999982e+00 8.113765000000000560e-01 nan nan nan
1.701249999999999929e+00 8.213822499999998694e-01 nan nan nan
1.703750000000000098e+00 8.105632499999999574e-01 nan nan nan
1.706250000000000044e+00 8.148285000000000666e-01 nan nan nan
1.708749999999999991e+00 8.244209999999999594e-01 nan nan nan
1.711249999999999938e+00 8.240979999999999972e-01 nan nan nan
1.713750000000000107e+00 8.194874999999999243e-01 nan nan nan
1.716250000000000053e+00 8.226705000000000823e-01 nan nan nan
1.718750000000000000e+00 8.245832500000001009e-01 nan nan nan
1.721249999999999947e+00 8.298285000000000800e-01 nan nan nan
1.723749999999999893e+00 8.252837499999999826e-01 nan nan nan
1.726250000000000062e+00 8.358235000000000525e-01 nan nan nan
1.728750000000000009e+00 8.267282500000000534e-01 nan nan nan
1.731249999999999956e+00 8.354567500000000813e-01 nan nan nan
1.733749999999999902e+00 8.412552500000001210e-01 nan nan nan
1.736250000000000071e+00 8.380327500000001040e-01 nan nan nan
1.738750000000000018e+00 8.532889999999999642e-01 nan nan nan
1.741249999999999964e+00 8.388047499999999879e-01 nan nan nan
1.743749999999999911e+00 8.468132499999999618e-01 nan nan nan
1.746250000000000080e+00 8.467670000000000474e-01 nan nan nan
1.748750000000000027e+00 8.396495000000000486e-01 nan nan nan
1.751249999999999973e+00 8.533397499999999525e-01 nan nan nan
1.753749999999999920e+00 8.493792500000000301e-01 nan nan nan
1.756250000000000089e+00 8.563612500000000738e-01 nan nan nan
1.758750000000000036e+00 8.616565000000000474e-01 nan nan nan
1.761249999999999982e+00 8.565475000000000172e-01 nan nan nan
1.763749999999999929e+00 8.734135000000000648e-01 nan nan nan
1.766250000000000098e+00 8.691492499999999843e-01 nan nan nan
1.768750000000000044e+00 8.654340000000000366e-01 nan nan nan
1.771249999999999991e+00 8.683017500000000943e-01 nan nan nan
1.773749999999999938e+00 8.650880000000000791e-01 nan nan nan
1.776250000000000107e+00 8.720445000000000002e-01 nan nan nan
1.778750000000000053e+00 8.824147500000000255e-01 nan nan nan
1.781250000000000000e+00 8.941652500000000225e-01 nan nan nan
1.783749999999999947e+00 8.934989999999999322e-01 nan nan nan
1.786249999999999893e+00 8.814357500000000734e-01 nan nan nan
1.788750000000000062e+00 8.978494999999999671e-01 nan nan nan
1.791250000000000009e+00 8.890834999999999155e-01 nan nan nan
1.793749999999999956e+00 8.984225000000001238e-01 nan nan nan
1.796249999999999902e+00 9.050662500000000721e-01 nan nan nan
1.798750000000000071e+00 9.009409999999999918e-01 nan nan nan
1.801250000000000018e+00 9.069849999999999302e-01 nan nan nan
1.803749999999999964e+00 9.190884999999999749e-01 nan nan nan
1.806249999999999911e+00 9.118304999999999882e-01 nan nan nan
1.808750000000000080e+00 9.087674999999999503e-01 nan nan nan
1.811250000000000027e+00 9.131982499999999892e-01 nan nan nan
1.813749999999999973e+00 9.189150000000000373e-01 nan nan nan
1.816249999999999920e+00 9.186227500000000434e-01 nan nan nan
1.818750000000000089e+00 9.308594999999999509e-01 nan nan nan
1.821250000000000036e+00 9.293020000000000724e-01 nan nan nan
1.823749999999999982e+00 9.379567500000000058e-01 nan nan nan
1.826249999999999929e+00 9.271177499999999627e-01 nan nan nan
1.828750000000000098e+00 9.315042500000000336e-01 nan nan nan
1.831250000000000044e+00 9.311995000000000688e-01 nan nan nan
1.833749999999999991e+00 9.468120000000000980e-01 nan nan nan
1.836249999999999938e+00 9.393332500000000085e-01 nan nan nan
1.838750000000000107e+00 9.524249999999999661e-01 nan nan nan
1.841250000000000053e+00 9.505530000000000923e-01 nan nan nan
1.843750000000000000e+00 9.608062499999999728e-01 nan nan nan
1.846249999999999947e+00 9.502979999999999761e-01 nan nan nan
1.848749999999999893e+00 9.558769999999999767e-01 nan nan nan
1.851250000000000062e+00 9.718469999999999054e-01 nan nan nan
1.853750000000000009e+00 9.715587500000000265e-01 nan nan nan
1.856249999999999956e+00 9.634082499999999660e-01 nan nan nan
1.858749999999999902e+00 9.656759999999999788e-01 nan nan nan
1.861250000000000071e+00 9.723330000000000028e-01 nan nan nan
1.863750000000000018e+00 9.862345000000001249e-01 nan nan nan
1.866249999999999964e+00 9.816960000000000131e-01 nan nan nan
1.868749999999999911e+00 9.978215000000000279e-01 nan nan nan
1.871250000000000080e+00 9.909812499999999247e-01 nan nan nan
1.873750000000000027e+00 9.768587500000001089e-01 nan nan nan
1.876249999999999973e+00 9.928219999999999823e-01 nan nan nan
1.878749999999999920e+00 1.004842500000000083e+00 nan nan nan
1.881250000000000089e+00 9.898507500000000014e-01 nan nan nan
1.883750000000000036e+00 1.002346249999999994e+00 nan nan nan
1.886249999999999982e+00 1.003086000000000144e+00 nan nan nan
1.888749999999999929e+00 1.011160249999999872e+00 nan nan nan
1.891250000000000098e+00 1.009342000000000183e+00 nan nan nan
1.893750000000000044e+00 1.014797750000000054e+00 nan nan nan
1.896249999999999991e+00 1.021352750000000142e+00 nan nan nan
1.898749999999999938e+00 1.033124500000000001e+00 nan nan nan
1.901250000000000107e+00 1.020032999999999967e+00 nan nan nan
1.903750000000000053e+00 1.018829250000000020e+00 nan nan nan
1.906250000000000000e+00 1.037642500000000023e+00 nan nan nan
1.908749999999999947e+00 1.031192250000000143e+00 nan nan nan
1.911249999999999893e+00 1.035527749999999969e+00 nan nan nan
1.913750000000000062e+00 1.036503750000000057e+00 nan nan nan
1.916250000000000009e+00 1.030442250000000115e+00 nan nan nan
1.918749999999999956e+00 1.048515250000000121e+00 nan nan nan
1.921249999999999902e+00 1.043066749999999931e+00 nan nan nan
1.923750000000000071e+00 1.050939499999999915e+00 nan nan nan
1.926250000000000018e+00 1.053490250000000072e+00 nan nan nan
1.928749999999999964e+00 1.054281749999999906e+00 nan nan nan
1.931249999999999911e+00 1.060315249999999931e+00 nan nan nan
1.933750000000000080e+00 1.067334250000000040e+00 nan nan nan
1.936250000000000027e+00 1.059695999999999971e+00 nan nan nan
1.938749999999999973e+00 1.054969000000000046e+00 nan nan nan
1.941249999999999920e+00 1.071586249999999962e+00 nan nan nan
1.943750000000000089e+00 1.072129499999999958e+00 nan nan nan
1.946250000000000036e+00 1.082333999999999907e+00 nan nan nan
1.948749999999999982e+00 1.075976250000000078e+00 nan nan nan
1.951249999999999929e+00 1.073521500000000017e+00 nan nan nan
1.953750000000000098e+00 1.080735500000000071e+00 nan nan nan
1.956250000000000044e+00 1.081696250000000026e+00 nan nan nan
1.958749999999999991e+00 1.085498499999999922e+00 nan nan nan
1.961249999999999938e+00 1.100550000000000139e+00 nan nan nan
1.963750000000000107e+00 1.080835250000000025e+00 nan nan nan
1.966250000000000053e+00 1.094433499999999837e+00 nan nan nan
1.968750000000000000e+00 1.102579500000000046e+00 nan nan nan
1.971249999999999947e+00 1.093698500000000129e+00 nan nan nan
1.973749999999999893e+00 1.091811250000000122e+00 nan nan nan
1.976250000000000062e+00 1.101681750000000015e+00 nan nan nan
1.978750000000000009e+00 1.116532999999999998e+00 nan nan nan
1.981249999999999956e+00 1.119903749999999976e+00 nan nan nan
1.983749999999999902e+00 1.113431749999999942e+00 nan nan nan
1.986250000000000071e+00 1.118558999999999859e+00 nan nan nan
1.988750000000000018e+00 1.107615499999999864e+00 nan nan nan
1.991249999999999964e+00 1.118752750000000074e+00 nan nan nan
1.993749999999999911e+00 1.114061749999999851e+00 nan nan nan
1.996250000000000080e+00 1.114335999999999993e+00 nan nan nan
1.998750000000000027e+00 1.121002750000000159e+00 nan nan nan
2.001250000000000195e+00 1.126204000000000205e+00 nan nan nan
2.003750000000000142e+00 1.118740749999999951e+00 nan nan nan
2.006250000000000089e+00 1.124451499999999937e+00 nan nan nan
2.008750000000000036e+00 1.116549500000000084e+00 nan nan nan
2.011249999999999982e+00 1.129837749999999863e+00 nan nan nan
2.013749999999999929e+00 1.116060000000000052e+00 nan nan nan
2.016249999999999876e+00 1.122583249999999921e+00 nan nan nan
2.018749999999999822e+00 1.130037750000000063e+00 nan nan nan
2.021250000000000213e+00 1.134153500000000037e+00 nan nan nan
2.023750000000000160e+00 1.133060749999999839e+00 nan nan nan
2.026250000000000107e+00 1.128903749999999873e+00 nan nan nan
2.028750000000000053e+00 1.144596750000000052e+00 nan nan nan
2.031250000000000000e+00 1.144400499999999932e+00 nan nan nan
2.033749999999999947e+00 1.130152999999999963e+00 nan nan nan
2.036249999999999893e+00 1.134248750000000028e+00 nan nan nan
2.038749999999999840e+00 1.138840750000000179e+00 nan nan nan
2.041249999999999787e+00 1.139196499999999945e+00 nan nan nan
2.043750000000000178e+00 1.141981249999999948e+00 nan nan nan
2.046250000000000124e+00 1.135639999999999983e+00 nan nan nan
2.048750000000000071e+00 1.138595250000000059e+00 nan nan nan
2.051250000000000018e+00 1.143527249999999995e+00 nan nan nan
2.053749999999999964e+00 1.133721499999999827e+00 nan nan nan
2.056249999999999911e+00 1.147475750000000128e+00 nan nan nan
2.058749999999999858e+00 1.136170750000000007e+00 nan nan nan
2.061249999999999805e+00 1.135840500000000031e+00 nan nan nan
2.063750000000000195e+00 1.136553499999999994e+00 nan nan nan
2.066250000000000142e+00 1.126091249999999988e+00 nan nan nan
2.068750000000000089e+00 1.135017249999999978e+00 nan nan nan
2.071250000000000036e+00 1.154418500000000014e+00 nan nan nan
2.073749999999999982e+00 1.134517999999999915e+00 nan nan nan
2.076249999999999929e+00 1.134353750000000050e+00 nan nan nan
2.078749999999999876e+00 1.142336999999999936e+00 nan nan nan
2.081249999999999822e+00 1.126825250000000000e+00 nan nan nan
2.083750000000000213e+00 1.141224750000000121e+00 nan nan nan
2.086250000000000160e+00 1.142376500000000128e+00 nan nan nan
2.088750000000000107e+00 1.138565250000000084e+00 nan nan nan
2.091250000000000053e+00 1.126076000000000077e+00 nan nan nan
2.093750000000000000e+00 1.130436500000000066e+00 nan nan nan
2.096249999999999947e+00 1.131676999999999822e+00 nan nan nan
2.098749999999999893e+00 1.130512249999999996e+00 nan nan nan
2.101249999999999840e+00 1.141243500000000077e+00 nan nan nan
2.103749999999999787e+00 1.139279750000000035e+00 nan nan nan
2.106250000000000178e+00 1.128551499999999930e+00 nan nan nan
2.108750000000000124e+00 1.135027250000000043e+00 nan nan nan
2.111250000000000071e+00 1.125722749999999994e+00 nan nan nan
2.113750000000000018e+00 1.128240750000000014e+00 nan nan nan
2.116249999999999964e+00 1.130914500000000045e+00 nan nan nan
2.118749999999999911e+00 1.119352999999999820e+00 nan nan nan
2.121249999999999858e+00 1.128301750000000103e+00 nan nan nan
2.123749999999999805e+00 1.118599249999999934e+00 nan nan nan
2.126250000000000195e+00 1.120667249999999893e+00 nan nan nan
2.128750000000000142e+00 1.130410250000000172e+00 nan nan nan
2.131250000000000089e+00 1.116366750000000074e+00 nan nan nan
2.133750000000000036e+00 1.118164999999999853e+00 nan nan nan
2.136249999999999982e+00 1.117694500000000035e+00 nan nan nan
2.138749999999999929e+00 1.123922250000000123e+00 nan nan nan
2.141249999999999876e+00 1.121493749999999956e+00 nan nan nan
2.143749999999999822e+00 1.110689999999999955e+00 nan nan nan
2.146250000000000213e+00 1.115170250000000030e+00 nan nan nan
2.148750000000000160e+00 1.109079499999999996e+00 nan nan nan
2.151250000000000107e+00 1.114086249999999945e+00 nan nan nan
2.153750000000000053e+00 1.121560749999999995e+00 nan nan nan
2.156250000000000000e+00 1.122817500000000024e+00 nan nan nan
2.158749999999999947e+00 1.106030999999999986e+00 nan nan nan
2.161249999999999893e+00 1.102412249999999982e+00 nan nan nan
2.163749999999999840e+00 1.096905750000000124e+00 nan nan nan
2.166249999999999787e+00 1.104292499999999899e+00 nan nan nan
2.168750000000000178e+00 1.107019500000000045e+00 nan nan nan
2.171250000000000124e+00 1.107006750000000039e+00 nan nan nan
2.173750000000000071e+00 1.094397999999999982e+00 nan nan nan
2.176250000000000018e+00 1.093844999999999956e+00 nan nan nan
2.178749999999999964e+00 1.098916500000000074e+00 nan nan nan
2.181249999999999911e+00 1.098750499999999963e+00 nan nan nan
2.183749999999999858e+00 1.087224250000000003e+00 nan nan nan
2.186249999999999805e+00 1.089554250000000168e+00 nan nan nan
2.188750000000000195e+00 1.095188000000000050e+00 nan nan nan
2.191250000000000142e+00 1.093749499999999930e+00 nan nan nan
2.193750000000000089e+00 1.077704500000000065e+00 nan nan nan
2.196250000000000036e+00 1.088327249999999857e+00 nan nan nan
2.198749999999999982e+00 1.090561249999999927e+00 nan nan nan
2.201249999999999929e+00 1.069900999999999991e+00 nan nan nan
2.203749999999999876e+00 1.077083500000000083e+00 nan nan nan
2.206249999999999822e+00 1.081487749999999970e+00 nan nan nan
2.208750000000000213e+00 1.073880500000000016e+00 nan nan nan
2.211250000000000160e+00 1.082921250000000057e+00 nan nan nan
2.213750000000000107e+00 1.075339749999999928e+00 nan nan nan
2.216250000000000053e+00 1.063854500000000147e+00 nan nan nan
2.218750000000000000e+00 1.078737750000000162e+00 nan nan nan
2.221249999999999947e+00 1.063013499999999834e+00 nan nan nan
2.223749999999999893e+00 1.063735749999999980e+00 nan nan nan
2.226249999999999840e+00 1.069788249999999996e+00 nan nan nan
2.228749999999999787e+00 1.053183500000000050e+00 nan nan nan
2.231250000000000178e+00 1.064718000000000053e+00 nan nan nan
2.233750000000000124e+00 1.060476249999999787e+00 nan nan nan
2.236250000000000071e+00 1.065225499999999936e+00 nan nan nan
2.238750000000000018e+00 1.056885999999999992e+00 nan nan nan
2.241249999999999964e+00 1.053593000000000002e+00 nan nan nan
2.243749999999999911e+00 1.049301750000000144e+00 nan nan nan
2.246249999999999858e+00 1.044850749999999939e+00 nan nan nan
2.248749999999999805e+00 1.049719999999999986e+00 nan nan nan
2.251250000000000195e+00 1.054940999999999907e+00 nan nan nan
2.253750000000000142e+00 1.055981249999999871e+00 nan nan nan
2.256250000000000089e+00 1.044826000000000032e+00 nan nan nan
2.258750000000000036e+00 1.037928249999999997e+00 nan nan nan
2.261249999999999982e+00 1.049112249999999857e+00 nan nan nan
2.263749999999999929e+00 1.042777000000000065e+00 nan nan nan
2.266249999999999876e+00 1.031416749999999993e+00 nan nan nan
2.268749999999999822e+00 1.039025749999999970e+00 nan nan nan
2.271250000000000213e+00 1.041077749999999913e+00 nan nan nan
2.273750000000000160e+00 1.035592250000000103e+00 nan nan nan
2.276250000000000107e+00 1.040410999999999975e+00 nan nan nan
2.278750000000000053e+00 1.034162500000000096e+00 nan nan nan
2.281250000000000000e+00 1.028427749999999863e+00 nan nan nan
2.283749999999999947e+00 1.027713249999999912e+00 nan nan nan
2.286249999999999893e+00 1.024688250000000078e+00 nan nan nan
2.288749999999999840e+00 1.017038500000000179e+00 nan nan nan
2.291249999999999787e+00 1.026590999999999809e+00 nan nan nan
2.293750000000000178e+00 1.022348499999999882e+00 nan nan nan
2.296250000000000124e+00 1.019303750000000175e+00 nan nan nan
2.298750000000000071e+00 1.017641500000000088e+00 nan nan nan
2.301250000000000018e+00 1.015263250000000061e+00 nan nan nan
2.303749999999999964e+00 1.010617499999999946e+00 nan nan nan
2.306249999999999911e+00 1.022029750000000181e+00 nan nan nan
2.308749999999999858e+00 1.018791749999999885e+00 nan nan nan
2.311249999999999805e+00 1.016707999999999945e+00 nan nan nan
2.313750000000000195e+00 1.008289750000000096e+00 nan nan nan
2.316250000000000142e+00 1.009052500000000130e+00 nan nan nan
2.318750000000000089e+00 1.009503000000000039e+00 nan nan nan
2.321250000000000036e+00 1.010444499999999968e+00 nan nan nan
2.323749999999999982e+00 1.005116250000000155e+00 nan nan nan
2.326249999999999929e+00 1.002816249999999965e+00 nan nan nan
2.328749999999999876e+00 9.901604999999999990e-01 nan nan nan
2.331249999999999822e+00 1.003525750000000105e+00 nan nan nan
2.333750000000000213e+00 9.964275000000000215e-01 nan nan nan
2.336250000000000160e+00 9.986525000000000540e-01 nan nan nan
2.338750000000000107e+00 9.988897499999999097e-01 nan nan nan
2.341250000000000053e+00 1.000701000000000063e+00 nan nan nan
2.343750000000000000e+00 1.000071750000000037e+00 nan nan nan
2.346249999999999947e+00 9.932529999999999415e-01 nan nan nan
2.348749999999999893e+00 9.883739999999999748e-01 nan nan nan
2.351249999999999840e+00 9.876762500000000333e-01 nan nan nan
2.353749999999999787e+00 9.887462500000000487e-01 nan nan nan
2.356250000000000178e+00 9.895807500000000090e-01 nan nan nan
2.358750000000000124e+00 9.838504999999999612e-01 nan nan nan
2.361250000000000071e+00 9.851204999999999545e-01 nan nan nan
2.363750000000000018e+00 9.941202500000000386e-01 nan nan nan
2.366249999999999964e+00 9.832324999999999537e-01 nan nan nan
2.368749999999999911e+00 9.907892499999999547e-01 nan nan nan
2.371249999999999858e+00 9.775527499999999703e-01 nan nan nan
2.373749999999999805e+00 9.814294999999999547e-01 nan nan nan
2.376250000000000195e+00 9.733982500000000204e-01 nan nan nan
2.378750000000000142e+00 9.840042500000000247e-01 nan nan nan
2.381250000000000089e+00 9.756382500000000402e-01 nan nan nan
2.383750000000000036e+00 9.718472500000000514e-01 nan nan nan
2.386249999999999982e+00 9.777392499999999487e-01 nan nan nan
2.388749999999999929e+00 9.779667499999999958e-01 nan nan nan
2.391249999999999876e+00 9.760340000000000682e-01 nan nan nan
2.393749999999999822e+00 9.830940000000000234e-01 nan nan nan
2.396250000000000213e+00 9.748877499999999419e-01 nan nan nan
2.398750000000000160e+00 9.681942499999999230e-01 nan nan nan
2.401250000000000107e+00 9.684067499999999828e-01 nan nan nan
2.403750000000000053e+00 9.667012499999999564e-01 nan nan nan
2.406250000000000000e+00 9.761564999999999825e-01 nan nan nan
2.408749999999999947e+00 9.734960000000000280e-01 nan nan nan
2.411249999999999893e+00 9.713252500000000289e-01 nan nan nan
2.413749999999999840e+00 9.666954999999999298e-01 nan nan nan
2.416249999999999787e+00 9.693347500000000228e-01 nan nan nan
2.418750000000000178e+00 9.731130000000000058e-01 nan nan nan
2.421250000000000124e+00 9.676344999999999530e-01 nan nan nan
2.423750000000000071e+00 9.599687500000000373e-01 nan nan nan
2.426250000000000018e+00 9.598487500000000283e-01 nan nan nan
2.428749999999999964e+00 9.606974999999999820e-01 nan nan nan
2.431249999999999911e+00 9.620569999999999400e-01 nan nan nan
2.433749999999999858e+00 9.584930000000000394e-01 nan nan nan
2.436249999999999805e+00 9.573194999999999899e-01 nan nan nan
2.438750000000000195e+00 9.478112499999999940e-01 nan nan nan
2.441250000000000142e+00 9.614237500000000214e-01 nan nan nan
2.443750000000000089e+00 9.535172499999999829e-01 nan nan nan
2.446250000000000036e+00 9.532270000000000465e-01 nan nan nan
2.448749999999999982e+00 9.540805000000001090e-01 nan nan nan
2.451249999999999929e+00 9.584205000000001196e-01 nan nan nan
2.453749999999999876e+00 9.614945000000000297e-01 nan nan nan
2.456249999999999822e+00 9.469985000000000763e-01 nan nan nan
2.458750000000000213e+00 9.523507499999999126e-01 nan nan nan
2.461250000000000160e+00 9.442880000000000162e-01 nan nan nan
2.463750000000000107e+00 9.533910000000000995e-01 nan nan nan
2.466250000000000053e+00 9.404005000000000836e-01 nan nan nan
2.468750000000000000e+00 9.504299999999999971e-01 nan nan nan
2.471249999999999947e+00 9.578142499999999782e-01 nan nan nan
2.473749999999999893e+00 9.581232500000000929e-01 nan nan nan
2.476249999999999840e+00 9.530172500000000380e-01 nan nan nan
2.478749999999999787e+00 9.486955000000000249e-01 nan nan nan
2.481250000000000178e+00 9.533727499999999910e-01 nan nan nan
2.483750000000000124e+00 9.467140000000000555e-01 nan nan nan
2.486250000000000071e+00 9.494387499999999980e-01 nan nan nan
2.488750000000000018e+00 9.471835000000000671e-01 nan nan nan
2.491249999999999964e+00 9.505282500000000745e-01 nan nan nan
2.493749999999999911e+00 9.499115000000000197e-01 nan nan nan
2.496249999999999858e+00 9.481114999999999959e-01 nan nan nan
2.498749999999999805e+00 9.393322499999999797e-01 nan nan nan
