1.250000000000000026e-03 0.000000000000000000e+00 nan nan nan
3.749999999999999861e-03 0.000000000000000000e+00 nan nan nan
6.250000000000000347e-03 0.000000000000000000e+00 nan nan nan
8.750000000000000833e-03 0.000000000000000000e+00 nan nan nan
1.124999999999999958e-02 0.000000000000000000e+00 nan nan nan
1.375000000000000007e-02 0.000000000000000000e+00 nan nan nan
1.625000000000000056e-02 0.000000000000000000e+00 nan nan nan
1.874999999999999931e-02 0.000000000000000000e+00 nan nan nan
2.125000000000000153e-02 0.000000000000000000e+00 nan nan nan
2.375000000000000028e-02 0.000000000000000000e+00 nan nan nan
2.624999999999999903e-02 0.000000000000000000e+00 nan nan nan
2.875000000000000125e-02 0.000000000000000000e+00 nan nan nan
3.125000000000000000e-02 0.000000000000000000e+00 nan nan nan
3.375000000000000222e-02 0.000000000000000000e+00 nan nan nan
3.624999999999999750e-02 0.000000000000000000e+00 nan nan nan
3.874999999999999972e-02 0.000000000000000000e+00 nan nan nan
4.125000000000000194e-02 0.000000000000000000e+00 nan nan nan
4.374999999999999722e-02 0.000000000000000000e+00 nan nan nan
4.624999999999999944e-02 0.000000000000000000e+00 nan nan nan
4.875000000000000167e-02 0.000000000000000000e+00 nan nan nan
5.124999999999999695e-02 0.000000000000000000e+00 nan nan nan
5.374999999999999917e-02 0.000000000000000000e+00 nan nan nan
5.625000000000000139e-02 0.000000000000000000e+00 nan nan nan
5.874999999999999667e-02 0.000000000000000000e+00 nan nan nan
6.124999999999999889e-02 0.000000000000000000e+00 nan nan nan
6.375000000000000111e-02 0.000000000000000000e+00 nan nan nan
6.625000000000000333e-02 0.000000000000000000e+00 nan nan nan
6.875000000000000555e-02 0.000000000000000000e+00 nan nan nan
7.124999999999999389e-02 0.000000000000000000e+00 nan nan nan
7.374999999999999611e-02 0.000000000000000000e+00 nan nan nan
7.624999999999999833e-02 0.000000000000000000e+00 nan nan nan
7.875000000000000056e-02 0.000000000000000000e+00 nan nan nan
8.125000000000000278e-02 0.000000000000000000e+00 nan nan nan
8.375000000000000500e-02 0.000000000000000000e+00 nan nan nan
8.624999999999999334e-02 0.000000000000000000e+00 nan nan nan
8.874999999999999556e-02 0.000000000000000000e+00 nan nan nan
9.124999999999999778e-02 0.000000000000000000e+00 nan nan nan
9.375000000000000000e-02 0.000000000000000000e+00 nan nan nan
9.625000000000000222e-02 0.000000000000000000e+00 nan nan nan
9.875000000000000444e-02 0.000000000000000000e+00 nan nan nan
1.012500000000000067e-01 0.000000000000000000e+00 nan nan nan
1.037499999999999950e-01 0.000000000000000000e+00 nan nan nan
1.062499999999999972e-01 0.000000000000000000e+00 nan nan nan
1.087499999999999994e-01 0.000000000000000000e+00 nan nan nan
1.112500000000000017e-01 0.000000000000000000e+00 nan nan nan
1.137500000000000039e-01 0.000000000000000000e+00 nan nan nan
1.162500000000000061e-01 0.000000000000000000e+00 nan nan nan
1.187499999999999944e-01 0.000000000000000000e+00 nan nan nan
1.212499999999999967e-01 0.000000000000000000e+00 nan nan nan
1.237499999999999989e-01 0.000000000000000000e+00 nan nan nan
1.262500000000000011e-01 0.000000000000000000e+00 nan nan nan
1.287500000000000033e-01 0.000000000000000000e+00 nan nan nan
1.312500000000000056e-01 0.000000000000000000e+00 nan nan nan
1.337500000000000078e-01 0.000000000000000000e+00 nan nan nan
1.362500000000000100e-01 0.000000000000000000e+00 nan nan nan
1.387500000000000122e-01 0.000000000000000000e+00 nan nan nan
1.412499999999999867e-01 0.000000000000000000e+00 nan nan nan
1.437499999999999889e-01 0.000000000000000000e+00 nan nan nan
1.462499999999999911e-01 0.000000000000000000e+00 nan nan nan
1.487499999999999933e-01 0.000000000000000000e+00 nan nan nan
1.512499999999999956e-01 0.000000000000000000e+00 nan nan nan
1.537499999999999978e-01 0.000000000000000000e+00 nan nan nan
1.562500000000000000e-01 0.000000000000000000e+00 nan nan nan
1.587500000000000022e-01 0.000000000000000000e+00 nan nan nan
1.612500000000000044e-01 0.000000000000000000e+00 nan nan nan
1.637500000000000067e-01 0.000000000000000000e+00 nan nan nan
1.662500000000000089e-01 0.000000000000000000e+00 nan nan nan
1.687500000000000111e-01 0.000000000000000000e+00 nan nan nan
1.712500000000000133e-01 0.000000000000000000e+00 nan nan nan
1.737499999999999878e-01 0.000000000000000000e+00 nan nan nan
1.762499999999999900e-01 0.000000000000000000e+00 nan nan nan
1.787499999999999922e-01 0.000000000000000000e+00 nan nan nan
1.812499999999999944e-01 0.000000000000000000e+00 nan nan nan
1.837499999999999967e-01 0.000000000000000000e+00 nan nan nan
1.862499999999999989e-01 0.000000000000000000e+00 nan nan nan
1.887500000000000011e-01 0.000000000000000000e+00 nan nan nan
1.912500000000000033e-01 0.000000000000000000e+00 nan nan nan
1.937500000000000056e-01 0.000000000000000000e+00 nan nan nan
1.962500000000000078e-01 0.000000000000000000e+00 nan nan nan
1.987500000000000100e-01 0.000000000000000000e+00 nan nan nan
2.012500000000000122e-01 0.000000000000000000e+00 nan nan nan
2.037499999999999867e-01 0.000000000000000000e+00 nan nan nan
2.062499999999999889e-01 0.000000000000000000e+00 nan nan nan
2.087499999999999911e-01 0.000000000000000000e+00 nan nan nan
2.112499999999999933e-01 0.000000000000000000e+00 nan nan nan
2.137499999999999956e-01 0.000000000000000000e+00 nan nan nan
2.162499999999999978e-01 0.000000000000000000e+00 nan nan nan
2.187500000000000000e-01 0.000000000000000000e+00 nan nan nan
2.212500000000000022e-01 0.000000000000000000e+00 nan nan nan
2.237500000000000044e-01 0.000000000000000000e+00 nan nan nan
2.262500000000000067e-01 0.000000000000000000e+00 nan nan nan
2.287500000000000089e-01 0.000000000000000000e+00 nan nan nan
2.312500000000000111e-01 0.000000000000000000e+00 nan nan nan
2.337500000000000133e-01 0.000000000000000000e+00 nan nan nan
2.362499999999999878e-01 0.000000000000000000e+00 nan nan nan
2.387499999999999900e-01 0.000000000000000000e+00 nan nan nan
2.412499999999999922e-01 0.000000000000000000e+00 nan nan nan
2.437499999999999944e-01 0.000000000000000000e+00 nan nan nan
2.462499999999999967e-01 0.000000000000000000e+00 nan nan nan
2.487499999999999989e-01 0.000000000000000000e+00 nan nan nan
2.512499999999999734e-01 0.000000000000000000e+00 nan nan nan
2.537499999999999756e-01 0.000000000000000000e+00 nan nan nan
2.562499999999999778e-01 0.000000000000000000e+00 nan nan nan
2.587499999999999800e-01 0.000000000000000000e+00 nan nan nan
2.612499999999999822e-01 0.000000000000000000e+00 nan nan nan
2.637499999999999845e-01 0.000000000000000000e+00 nan nan nan
2.662499999999999867e-01 0.000000000000000000e+00 nan nan nan
2.687499999999999889e-01 0.000000000000000000e+00 nan nan nan
2.712499999999999911e-01 0.000000000000000000e+00 nan nan nan
2.737499999999999933e-01 0.000000000000000000e+00 nan nan nan
2.762499999999999956e-01 0.000000000000000000e+00 nan nan nan
2.787499999999999978e-01 0.000000000000000000e+00 nan nan nan
2.812500000000000000e-01 0.000000000000000000e+00 nan nan nan
2.837500000000000022e-01 0.000000000000000000e+00 nan nan nan
2.862500000000000044e-01 0.000000000000000000e+00 nan nan nan
2.887500000000000067e-01 0.000000000000000000e+00 nan nan nan
2.912500000000000089e-01 0.000000000000000000e+00 nan nan nan
2.937500000000000111e-01 0.000000000000000000e+00 nan nan nan
2.962500000000000133e-01 0.000000000000000000e+00 nan nan nan
2.987500000000000155e-01 0.000000000000000000e+00 nan nan nan
3.012500000000000178e-01 0.000000000000000000e+00 nan nan nan
3.037500000000000200e-01 0.000000000000000000e+00 nan nan nan
3.062500000000000222e-01 0.000000000000000000e+00 nan nan nan
3.087500000000000244e-01 0.000000000000000000e+00 nan nan nan
3.112500000000000266e-01 0.000000000000000000e+00 nan nan nan
3.137499999999999734e-01 0.000000000000000000e+00 nan nan nan
3.162499999999999756e-01 0.000000000000000000e+00 nan nan nan
3.187499999999999778e-01 0.000000000000000000e+00 nan nan nan
3.212499999999999800e-01 0.000000000000000000e+00 nan nan nan
3.237499999999999822e-01 0.000000000000000000e+00 nan nan nan
3.262499999999999845e-01 0.000000000000000000e+00 nan nan nan
3.287499999999999867e-01 0.000000000000000000e+00 nan nan nan
3.312499999999999889e-01 0.000000000000000000e+00 nan nan nan
3.337499999999999911e-01 0.000000000000000000e+00 nan nan nan
3.362499999999999933e-01 0.000000000000000000e+00 nan nan nan
3.387499999999999956e-01 0.000000000000000000e+00 nan nan nan
3.412499999999999978e-01 0.000000000000000000e+00 nan nan nan
3.437500000000000000e-01 0.000000000000000000e+00 nan nan nan
3.462500000000000022e-01 0.000000000000000000e+00 nan nan nan
3.487500000000000044e-01 0.000000000000000000e+00 nan nan nan
3.512500000000000067e-01 0.000000000000000000e+00 nan nan nan
3.537500000000000089e-01 0.000000000000000000e+00 nan nan nan
3.562500000000000111e-01 0.000000000000000000e+00 nan nan nan
3.587500000000000133e-01 0.000000000000000000e+00 nan nan nan
3.612500000000000155e-01 0.000000000000000000e+00 nan nan nan
3.637500000000000178e-01 0.000000000000000000e+00 nan nan nan
3.662500000000000200e-01 0.000000000000000000e+00 nan nan nan
3.687500000000000222e-01 0.000000000000000000e+00 nan nan nan
3.712500000000000244e-01 0.000000000000000000e+00 nan nan nan
3.737500000000000266e-01 0.000000000000000000e+00 nan nan nan
3.762499999999999734e-01 0.000000000000000000e+00 nan nan nan
3.787499999999999756e-01 0.000000000000000000e+00 nan nan nan
3.812499999999999778e-01 0.000000000000000000e+00 nan nan nan
3.837499999999999800e-01 0.000000000000000000e+00 nan nan nan
3.862499999999999822e-01 0.000000000000000000e+00 nan nan nan
3.887499999999999845e-01 0.000000000000000000e+00 nan nan nan
3.912499999999999867e-01 0.000000000000000000e+00 nan nan nan
3.937499999999999889e-01 0.000000000000000000e+00 nan nan nan
3.962499999999999911e-01 0.000000000000000000e+00 nan nan nan
3.987499999999999933e-01 0.000000000000000000e+00 nan nan nan
4.012499999999999956e-01 0.000000000000000000e+00 nan nan nan
4.037499999999999978e-01 0.000000000000000000e+00 nan nan nan
4.062500000000000000e-01 0.000000000000000000e+00 nan nan nan
4.087500000000000022e-01 0.000000000000000000e+00 nan nan nan
4.112500000000000044e-01 0.000000000000000000e+00 nan nan nan
4.137500000000000067e-01 0.000000000000000000e+00 nan nan nan
4.162500000000000089e-01 0.000000000000000000e+00 nan nan nan
4.187500000000000111e-01 0.000000000000000000e+00 nan nan nan
4.212500000000000133e-01 0.000000000000000000e+00 nan nan nan
4.237500000000000155e-01 0.000000000000000000e+00 nan nan nan
4.262500000000000178e-01 0.000000000000000000e+00 nan nan nan
4.287500000000000200e-01 0.000000000000000000e+00 nan nan nan
4.312500000000000222e-01 0.000000000000000000e+00 nan nan nan
4.337500000000000244e-01 0.000000000000000000e+00 nan nan nan
4.362500000000000266e-01 0.000000000000000000e+00 nan nan nan
4.387499999999999734e-01 0.000000000000000000e+00 nan nan nan
4.412499999999999756e-01 0.000000000000000000e+00 nan nan nan
4.437499999999999778e-01 0.000000000000000000e+00 nan nan nan
4.462499999999999800e-01 0.000000000000000000e+00 nan nan nan
4.487499999999999822e-01 0.000000000000000000e+00 nan nan nan
4.512499999999999845e-01 0.000000000000000000e+00 nan nan nan
4.537499999999999867e-01 0.000000000000000000e+00 nan nan nan
4.562499999999999889e-01 0.000000000000000000e+00 nan nan nan
4.587499999999999911e-01 0.000000000000000000e+00 nan nan nan
4.612499999999999933e-01 0.000000000000000000e+00 nan nan nan
4.637499999999999956e-01 0.000000000000000000e+00 nan nan nan
4.662499999999999978e-01 0.000000000000000000e+00 nan nan nan
4.687500000000000000e-01 0.000000000000000000e+00 nan nan nan
4.712500000000000022e-01 0.000000000000000000e+00 nan nan nan
4.737500000000000044e-01 0.000000000000000000e+00 nan nan nan
4.762500000000000067e-01 0.000000000000000000e+00 nan nan nan
4.787500000000000089e-01 0.000000000000000000e+00 nan nan nan
4.812500000000000111e-01 0.000000000000000000e+00 nan nan nan
4.837500000000000133e-01 0.000000000000000000e+00 nan nan nan
4.862500000000000155e-01 0.000000000000000000e+00 nan nan nan
4.887500000000000178e-01 0.000000000000000000e+00 nan nan nan
4.912500000000000200e-01 0.000000000000000000e+00 nan nan nan
4.937500000000000222e-01 0.000000000000000000e+00 nan nan nan
4.962500000000000244e-01 0.000000000000000000e+00 nan nan nan
4.987500000000000266e-01 0.000000000000000000e+00 nan nan nan
5.012499999999999734e-01 0.000000000000000000e+00 nan nan nan
5.037500000000000311e-01 0.000000000000000000e+00 nan nan nan
5.062499999999999778e-01 0.000000000000000000e+00 nan nan nan
5.087500000000000355e-01 0.000000000000000000e+00 nan nan nan
5.112499999999999822e-01 0.000000000000000000e+00 nan nan nan
5.137500000000000400e-01 0.000000000000000000e+00 nan nan nan
5.162499999999999867e-01 0.000000000000000000e+00 nan nan nan
5.187500000000000444e-01 0.000000000000000000e+00 nan nan nan
5.212499999999999911e-01 0.000000000000000000e+00 nan nan nan
5.237500000000000488e-01 0.000000000000000000e+00 nan nan nan
5.262499999999999956e-01 0.000000000000000000e+00 nan nan nan
5.287500000000000533e-01 0.000000000000000000e+00 nan nan nan
5.312500000000000000e-01 0.000000000000000000e+00 nan nan nan
5.337499999999999467e-01 0.000000000000000000e+00 nan nan nan
5.362500000000000044e-01 0.000000000000000000e+00 nan nan nan
5.387499999999999512e-01 0.000000000000000000e+00 nan nan nan
5.412500000000000089e-01 0.000000000000000000e+00 nan nan nan
5.437499999999999556e-01 0.000000000000000000e+00 nan nan nan
5.462500000000000133e-01 0.000000000000000000e+00 nan nan nan
5.487499999999999600e-01 0.000000000000000000e+00 nan nan nan
5.512500000000000178e-01 0.000000000000000000e+00 nan nan nan
5.537499999999999645e-01 0.000000000000000000e+00 nan nan nan
5.562500000000000222e-01 0.000000000000000000e+00 nan nan nan
5.587499999999999689e-01 0.000000000000000000e+00 nan nan nan
5.612500000000000266e-01 0.000000000000000000e+00 nan nan nan
5.637499999999999734e-01 0.000000000000000000e+00 nan nan nan
5.662500000000000311e-01 0.000000000000000000e+00 nan nan nan
5.687499999999999778e-01 0.000000000000000000e+00 nan nan nan
5.712500000000000355e-01 0.000000000000000000e+00 nan nan nan
5.737499999999999822e-01 0.000000000000000000e+00 nan nan nan
5.762500000000000400e-01 0.000000000000000000e+00 nan nan nan
5.787499999999999867e-01 0.000000000000000000e+00 nan nan nan
5.812500000000000444e-01 0.000000000000000000e+00 nan nan nan
5.837499999999999911e-01 0.000000000000000000e+00 nan nan nan
5.862500000000000488e-01 0.000000000000000000e+00 nan nan nan
5.887499999999999956e-01 0.000000000000000000e+00 nan nan nan
5.912500000000000533e-01 0.000000000000000000e+00 nan nan nan
5.937500000000000000e-01 0.000000000000000000e+00 nan nan nan
5.962499999999999467e-01 0.000000000000000000e+00 nan nan nan
5.987500000000000044e-01 0.000000000000000000e+00 nan nan nan
6.012499999999999512e-01 0.000000000000000000e+00 nan nan nan
6.037500000000000089e-01 0.000000000000000000e+00 nan nan nan
6.062499999999999556e-01 0.000000000000000000e+00 nan nan nan
6.087500000000000133e-01 0.000000000000000000e+00 nan nan nan
6.112499999999999600e-01 0.000000000000000000e+00 nan nan nan
6.137500000000000178e-01 0.000000000000000000e+00 nan nan nan
6.162499999999999645e-01 0.000000000000000000e+00 nan nan nan
6.187500000000000222e-01 0.000000000000000000e+00 nan nan nan
6.212499999999999689e-01 0.000000000000000000e+00 nan nan nan
6.237500000000000266e-01 0.000000000000000000e+00 nan nan nan
6.262499999999999734e-01 0.000000000000000000e+00 nan nan nan
6.287500000000000311e-01 0.000000000000000000e+00 nan nan nan
6.312499999999999778e-01 0.000000000000000000e+00 nan nan nan
6.337500000000000355e-01 0.000000000000000000e+00 nan nan nan
6.362499999999999822e-01 0.000000000000000000e+00 nan nan nan
6.387500000000000400e-01 0.000000000000000000e+00 nan nan nan
6.412499999999999867e-01 0.000000000000000000e+00 nan nan nan
6.437500000000000444e-01 0.000000000000000000e+00 nan nan nan
6.462499999999999911e-01 0.000000000000000000e+00 nan nan nan
6.487500000000000488e-01 0.000000000000000000e+00 nan nan nan
6.512499999999999956e-01 0.000000000000000000e+00 nan nan nan
6.537500000000000533e-01 0.000000000000000000e+00 nan nan nan
6.562500000000000000e-01 0.000000000000000000e+00 nan nan nan
6.587499999999999467e-01 0.000000000000000000e+00 nan nan nan
6.612500000000000044e-01 0.000000000000000000e+00 nan nan nan
6.637499999999999512e-01 0.000000000000000000e+00 nan nan nan
6.662500000000000089e-01 0.000000000000000000e+00 nan nan nan
6.687499999999999556e-01 0.000000000000000000e+00 nan nan nan
6.712500000000000133e-01 0.000000000000000000e+00 nan nan nan
6.737499999999999600e-01 0.000000000000000000e+00 nan nan nan
6.762500000000000178e-01 0.000000000000000000e+00 nan nan nan
6.787499999999999645e-01 0.000000000000000000e+00 nan nan nan
6.812500000000000222e-01 0.000000000000000000e+00 nan nan nan
6.837499999999999689e-01 0.000000000000000000e+00 nan nan nan
6.862500000000000266e-01 0.000000000000000000e+00 nan nan nan
6.887499999999999734e-01 0.000000000000000000e+00 nan nan nan
6.912500000000000311e-01 0.000000000000000000e+00 nan nan nan
6.937499999999999778e-01 0.000000000000000000e+00 nan nan nan
6.962500000000000355e-01 0.000000000000000000e+00 nan nan nan
6.987499999999999822e-01 0.000000000000000000e+00 nan nan nan
7.012500000000000400e-01 0.000000000000000000e+00 nan nan nan
7.037499999999999867e-01 0.000000000000000000e+00 nan nan nan
7.062500000000000444e-01 0.000000000000000000e+00 nan nan nan
7.087499999999999911e-01 0.000000000000000000e+00 nan nan nan
7.112500000000000488e-01 0.000000000000000000e+00 nan nan nan
7.137499999999999956e-01 0.000000000000000000e+00 nan nan nan
7.162500000000000533e-01 0.000000000000000000e+00 nan nan nan
7.187500000000000000e-01 0.000000000000000000e+00 nan nan nan
7.212499999999999467e-01 0.000000000000000000e+00 nan nan nan
7.237500000000000044e-01 0.000000000000000000e+00 nan nan nan
7.262499999999999512e-01 0.000000000000000000e+00 nan nan nan
7.287500000000000089e-01 0.000000000000000000e+00 nan nan nan
7.312499999999999556e-01 0.000000000000000000e+00 nan nan nan
7.337500000000000133e-01 0.000000000000000000e+00 nan nan nan
7.362499999999999600e-01 0.000000000000000000e+00 nan nan nan
7.387500000000000178e-01 0.000000000000000000e+00 nan nan nan
7.412499999999999645e-01 0.000000000000000000e+00 nan nan nan
7.437500000000000222e-01 0.000000000000000000e+00 nan nan nan
7.462499999999999689e-01 0.000000000000000000e+00 nan nan nan
7.487500000000000266e-01 0.000000000000000000e+00 nan nan nan
7.512499999999999734e-01 0.000000000000000000e+00 nan nan nan
7.537500000000000311e-01 0.000000000000000000e+00 nan nan nan
7.562499999999999778e-01 0.000000000000000000e+00 nan nan nan
7.587500000000000355e-01 0.000000000000000000e+00 nan nan nan
7.612499999999999822e-01 0.000000000000000000e+00 nan nan nan
7.637500000000000400e-01 4.360000000000000269e-04 nan nan nan
7.662499999999999867e-01 4.330000000000000081e-04 nan nan nan
7.687500000000000444e-01 2.152500000000000008e-04 nan nan nan
7.712499999999999911e-01 6.412500000000000014e-04 nan nan nan
7.737500000000000488e-01 1.062250000000000043e-03 nan nan nan
7.762499999999999956e-01 1.054999999999999948e-03 nan nan nan
7.787500000000000533e-01 2.306250000000000140e-03 nan nan nan
7.812500000000000000e-01 3.541250000000000127e-03 nan nan nan
7.837499999999999467e-01 4.346999999999999302e-03 nan nan nan
7.862500000000000044e-01 4.936249999999999666e-03 nan nan nan
7.887499999999999512e-01 8.992749999999999008e-03 nan nan nan
7.912500000000000089e-01 1.056049999999999871e-02 nan nan nan
7.937499999999999556e-01 1.331950000000000148e-02 nan nan nan
7.962500000000000133e-01 1.664525000000000032e-02 nan nan nan
7.987499999999999600e-01 2.132399999999999921e-02 nan nan nan
8.012500000000000178e-01 2.594474999999999906e-02 nan nan nan
8.037499999999999645e-01 3.090074999999999766e-02 nan nan nan
8.062500000000000222e-01 3.012249999999999997e-02 nan nan nan
8.087499999999999689e-01 4.548775000000000041e-02 nan nan nan
8.112500000000000266e-01 5.757274999999999199e-02 nan nan nan
8.137499999999999734e-01 6.989200000000000967e-02 nan nan nan
8.162500000000000311e-01 8.206000000000000794e-02 nan nan nan
8.187499999999999778e-01 9.730250000000000010e-02 nan nan nan
8.212500000000000355e-01 1.014240000000000003e-01 nan nan nan
8.237499999999999822e-01 1.184227499999999933e-01 nan nan nan
8.262500000000000400e-01 1.359595000000000109e-01 nan nan nan
8.287499999999999867e-01 1.669817499999999844e-01 nan nan nan
8.312500000000000444e-01 1.711310000000000053e-01 nan nan nan
8.337499999999999911e-01 1.966282499999999767e-01 nan nan nan
8.362500000000000488e-01 2.145452499999999929e-01 nan nan nan
8.387499999999999956e-01 2.401979999999999948e-01 nan nan nan
8.412500000000000533e-01 2.700337499999999613e-01 nan nan nan
8.437500000000000000e-01 3.037990000000000412e-01 nan nan nan
8.462499999999999467e-01 3.249099999999999766e-01 nan nan nan
8.487500000000000044e-01 3.533570000000000322e-01 nan nan nan
8.512499999999999512e-01 3.919929999999999803e-01 nan nan nan
8.537500000000000089e-01 4.109822499999999934e-01 nan nan nan
8.562499999999999556e-01 4.472594999999999765e-01 nan nan nan
8.587500000000000133e-01 4.853494999999999893e-01 nan nan nan
8.612499999999999600e-01 5.163044999999999440e-01 nan nan nan
8.637500000000000178e-01 5.291695000000000704e-01 nan nan nan
8.662499999999999645e-01 5.937272500000000397e-01 nan nan nan
8.687500000000000222e-01 6.228294999999999249e-01 nan nan nan
8.712499999999999689e-01 6.579537500000001149e-01 nan nan nan
8.737500000000000266e-01 6.926662500000000389e-01 nan nan nan
8.762499999999999734e-01 7.441945000000000920e-01 nan nan nan
8.787500000000000311e-01 7.603832500000000660e-01 nan nan nan
8.812499999999999778e-01 8.168164999999999454e-01 nan nan nan
8.837500000000000355e-01 8.343427500000000219e-01 nan nan nan
8.862499999999999822e-01 8.895382499999999748e-01 nan nan nan
8.887500000000000400e-01 9.479637499999999939e-01 nan nan nan
8.912499999999999867e-01 9.626620000000000177e-01 nan nan nan
8.937500000000000444e-01 1.006787499999999946e+00 nan nan nan
8.962499999999999911e-01 1.024130750000000090e+00 nan nan nan
8.987500000000000488e-01 1.081877250000000013e+00 nan nan nan
9.012499999999999956e-01 1.103903750000000183e+00 nan nan nan
9.037500000000000533e-01 1.117731250000000065e+00 nan nan nan
9.062500000000000000e-01 1.145322500000000021e+00 nan nan nan
9.087499999999999467e-01 1.216935250000000135e+00 nan nan nan
9.112500000000000044e-01 1.268299999999999983e+00 nan nan nan
9.137499999999999512e-01 1.249795999999999907e+00 nan nan nan
9.162500000000000089e-01 1.299932000000000087e+00 nan nan nan
9.187499999999999556e-01 1.332181999999999977e+00 nan nan nan
9.212500000000000133e-01 1.357920500000000086e+00 nan nan nan
9.237499999999999600e-01 1.370993750000000011e+00 nan nan nan
9.262500000000000178e-01 1.377978750000000030e+00 nan nan nan
9.287499999999999645e-01 1.432480500000000045e+00 nan nan nan
9.312500000000000222e-01 1.436528999999999945e+00 nan nan nan
9.337499999999999689e-01 1.466908499999999949e+00 nan nan nan
9.362500000000000266e-01 1.494767750000000062e+00 nan nan nan
9.387499999999999734e-01 1.514519250000000206e+00 nan nan nan
9.412500000000000311e-01 1.529303749999999962e+00 nan nan nan
9.437499999999999778e-01 1.545908999999999978e+00 nan nan nan
9.462500000000000355e-01 1.553513249999999957e+00 nan nan nan
9.487499999999999822e-01 1.591810249999999982e+00 nan nan nan
9.512500000000000400e-01 1.583314000000000110e+00 nan nan nan
9.537499999999999867e-01 1.612764250000000121e+00 nan nan nan
9.562500000000000444e-01 1.631317999999999824e+00 nan nan nan
9.587499999999999911e-01 1.648549999999999960e+00 nan nan nan
9.612500000000000488e-01 1.662415750000000081e+00 nan nan nan
9.637499999999999956e-01 1.663931999999999967e+00 nan nan nan
9.662500000000000533e-01 1.666091749999999871e+00 nan nan nan
9.687500000000000000e-01 1.655877999999999961e+00 nan nan nan
9.712499999999999467e-01 1.691035499999999914e+00 nan nan nan
9.737500000000000044e-01 1.696846000000000076e+00 nan nan nan
9.762499999999999512e-01 1.708311249999999948e+00 nan nan nan
9.787500000000000089e-01 1.686720500000000067e+00 nan nan nan
9.812499999999999556e-01 1.698869249999999997e+00 nan nan nan
9.837500000000000133e-01 1.717573250000000051e+00 nan nan nan
9.862499999999999600e-01 1.718810999999999867e+00 nan nan nan
9.887500000000000178e-01 1.714552499999999924e+00 nan nan nan
9.912499999999999645e-01 1.728818999999999884e+00 nan nan nan
9.937500000000000222e-01 1.749487250000000049e+00 nan nan nan
9.962499999999999689e-01 1.732519000000000142e+00 nan nan nan
9.987500000000000266e-01 1.724621000000000182e+00 nan nan nan
1.001249999999999973e+00 1.722995250000000089e+00 nan nan nan
1.003749999999999920e+00 1.699405249999999867e+00 nan nan nan
1.006250000000000089e+00 1.698254750000000035e+00 nan nan nan
1.008750000000000036e+00 1.709590249999999756e+00 nan nan nan
1.011249999999999982e+00 1.722408750000000044e+00 nan nan nan
1.013749999999999929e+00 1.714913999999999827e+00 nan nan nan
1.016250000000000098e+00 1.735418499999999975e+00 nan nan nan
1.018750000000000044e+00 1.705962499999999826e+00 nan nan nan
1.021249999999999991e+00 1.711030500000000121e+00 nan nan nan
1.023749999999999938e+00 1.696496750000000109e+00 nan nan nan
1.026250000000000107e+00 1.701521499999999909e+00 nan nan nan
1.028750000000000053e+00 1.685452500000000020e+00 nan nan nan
1.031250000000000000e+00 1.683387999999999884e+00 nan nan nan
1.033749999999999947e+00 1.691318250000000134e+00 nan nan nan
1.036249999999999893e+00 1.648473500000000147e+00 nan nan nan
1.038750000000000062e+00 1.689922750000000029e+00 nan nan nan
1.041250000000000009e+00 1.655783000000000005e+00 nan nan nan
1.043749999999999956e+00 1.679372749999999970e+00 nan nan nan
1.046249999999999902e+00 1.683437249999999885e+00 nan nan nan
1.048750000000000071e+00 1.623053000000000079e+00 nan nan nan
1.051250000000000018e+00 1.659407749999999959e+00 nan nan nan
1.053749999999999964e+00 1.649596499999999910e+00 nan nan nan
1.056249999999999911e+00 1.602706500000000034e+00 nan nan nan
1.058750000000000080e+00 1.618286249999999926e+00 nan nan nan
1.061250000000000027e+00 1.602768250000000005e+00 nan nan nan
1.063749999999999973e+00 1.596479500000000051e+00 nan nan nan
1.066249999999999920e+00 1.588778500000000093e+00 nan nan nan
1.068750000000000089e+00 1.585472750000000097e+00 nan nan nan
1.071250000000000036e+00 1.572652000000000161e+00 nan nan nan
1.073749999999999982e+00 1.567101999999999995e+00 nan nan nan
1.076249999999999929e+00 1.576185750000000052e+00 nan nan nan
1.078750000000000098e+00 1.532286000000000037e+00 nan nan nan
1.081250000000000044e+00 1.549461500000000047e+00 nan nan nan
1.083749999999999991e+00 1.533768750000000125e+00 nan nan nan
1.086249999999999938e+00 1.524992750000000008e+00 nan nan nan
1.088750000000000107e+00 1.533764999999999823e+00 nan nan nan
1.091250000000000053e+00 1.524396499999999932e+00 nan nan nan
1.093750000000000000e+00 1.509039500000000089e+00 nan nan nan
1.096249999999999947e+00 1.479840250000000079e+00 nan nan nan
1.098749999999999893e+00 1.489859500000000114e+00 nan nan nan
1.101250000000000062e+00 1.501660250000000030e+00 nan nan nan
1.103750000000000009e+00 1.468669250000000037e+00 nan nan nan
1.106249999999999956e+00 1.467233250000000044e+00 nan nan nan
1.108749999999999902e+00 1.478930999999999996e+00 nan nan nan
1.111250000000000071e+00 1.467547750000000040e+00 nan nan nan
1.113750000000000018e+00 1.440773999999999999e+00 nan nan nan
1.116249999999999964e+00 1.434429750000000059e+00 nan nan nan
1.118749999999999911e+00 1.423149500000000067e+00 nan nan nan
1.121250000000000080e+00 1.414079749999999969e+00 nan nan nan
1.123750000000000027e+00 1.409808750000000055e+00 nan nan nan
1.126249999999999973e+00 1.408167750000000051e+00 nan nan nan
1.128749999999999920e+00 1.393354499999999829e+00 nan nan nan
1.131250000000000089e+00 1.390680750000000021e+00 nan nan nan
1.133750000000000036e+00 1.358637750000000199e+00 nan nan nan
1.136249999999999982e+00 1.371869750000000110e+00 nan nan nan
1.138749999999999929e+00 1.381736999999999993e+00 nan nan nan
1.141250000000000098e+00 1.363975500000000007e+00 nan nan nan
1.143750000000000044e+00 1.345966749999999879e+00 nan nan nan
1.146249999999999991e+00 1.346779249999999983e+00 nan nan nan
1.148749999999999938e+00 1.324929750000000128e+00 nan nan nan
1.151250000000000107e+00 1.325033499999999975e+00 nan nan nan
1.153750000000000053e+00 1.332574750000000030e+00 nan nan nan
1.156250000000000000e+00 1.325296250000000065e+00 nan nan nan
1.158749999999999947e+00 1.298087999999999909e+00 nan nan nan
1.161249999999999893e+00 1.302876750000000028e+00 nan nan nan
1.163750000000000062e+00 1.277569249999999990e+00 nan nan nan
1.166250000000000009e+00 1.286868249999999936e+00 nan nan nan
1.168749999999999956e+00 1.270384999999999875e+00 nan nan nan
1.171249999999999902e+00 1.287026749999999886e+00 nan nan nan
1.173750000000000071e+00 1.275920249999999978e+00 nan nan nan
1.176250000000000018e+00 1.275556750000000017e+00 nan nan nan
1.178749999999999964e+00 1.251209499999999863e+00 nan nan nan
1.181249999999999911e+00 1.242365000000000164e+00 nan nan nan
1.183750000000000080e+00 1.240207999999999977e+00 nan nan nan
1.186250000000000027e+00 1.231100749999999966e+00 nan nan nan
1.188749999999999973e+00 1.237894999999999968e+00 nan nan nan
1.191249999999999920e+00 1.228135249999999790e+00 nan nan nan
1.193750000000000089e+00 1.235666249999999966e+00 nan nan nan
1.196250000000000036e+00 1.202252499999999946e+00 nan nan nan
1.198749999999999982e+00 1.207772000000000068e+00 nan nan nan
1.201249999999999929e+00 1.200811999999999991e+00 nan nan nan
1.203750000000000098e+00 1.178103750000000005e+00 nan nan nan
1.206250000000000044e+00 1.196732000000000129e+00 nan nan nan
1.208749999999999991e+00 1.167594250000000056e+00 nan nan nan
1.211249999999999938e+00 1.175345999999999780e+00 nan nan nan
1.213750000000000107e+00 1.166970500000000133e+00 nan nan nan
1.216250000000000053e+00 1.172406500000000129e+00 nan nan nan
1.218750000000000000e+00 1.146629249999999933e+00 nan nan nan
1.221249999999999947e+00 1.161121000000000070e+00 nan nan nan
1.223749999999999893e+00 1.128533500000000078e+00 nan nan nan
1.226250000000000062e+00 1.138734250000000170e+00 nan nan nan
1.228750000000000009e+00 1.142947750000000040e+00 nan nan nan
1.231249999999999956e+00 1.125898250000000100e+00 nan nan nan
1.233749999999999902e+00 1.138129750000000051e+00 nan nan nan
1.236250000000000071e+00 1.126542750000000037e+00 nan nan nan
1.238750000000000018e+00 1.132274999999999920e+00 nan nan nan
1.241249999999999964e+00 1.126068000000000069e+00 nan nan nan
1.243749999999999911e+00 1.113490500000000161e+00 nan nan nan
1.246250000000000080e+00 1.097566500000000111e+00 nan nan nan
1.248750000000000027e+00 1.095785499999999857e+00 nan nan nan
1.251249999999999973e+00 1.098882499999999984e+00 nan nan nan
1.253749999999999920e+00 1.088033749999999911e+00 nan nan nan
1.256250000000000089e+00 1.084351999999999983e+00 nan nan nan
1.258750000000000036e+00 1.075876000000000055e+00 nan nan nan
1.261249999999999982e+00 1.068417999999999868e+00 nan nan nan
1.263749999999999929e+00 1.066742749999999962e+00 nan nan nan
1.266250000000000098e+00 1.078632250000000070e+00 nan nan nan
1.268750000000000044e+00 1.061984749999999922e+00 nan nan nan
1.271249999999999991e+00 1.054507249999999896e+00 nan nan nan
1.273749999999999938e+00 1.046924250000000001e+00 nan nan nan
1.276250000000000107e+00 1.073660999999999976e+00 nan nan nan
1.278750000000000053e+00 1.045828750000000085e+00 nan nan nan
1.281250000000000000e+00 1.041054250000000181e+00 nan nan nan
1.283749999999999947e+00 1.048267749999999943e+00 nan nan nan
1.286249999999999893e+00 1.046348749999999939e+00 nan nan nan
1.288750000000000062e+00 1.037929249999999914e+00 nan nan nan
1.291250000000000009e+00 1.032084250000000036e+00 nan nan nan
1.293749999999999956e+00 1.035315750000000090e+00 nan nan nan
1.296249999999999902e+00 1.014375750000000131e+00 nan nan nan
1.298750000000000071e+00 1.024570750000000086e+00 nan nan nan
1.301250000000000018e+00 1.013278499999999971e+00 nan nan nan
1.303749999999999964e+00 1.019419500000000145e+00 nan nan nan
1.306249999999999911e+00 1.007399250000000190e+00 nan nan nan
1.308750000000000080e+00 9.878909999999999636e-01 nan nan nan
1.311250000000000027e+00 1.011415250000000210e+00 nan nan nan
1.313749999999999973e+00 1.009853250000000147e+00 nan nan nan
1.316249999999999920e+00 1.010277499999999939e+00 nan nan nan
1.318750000000000089e+00 9.927055000000000184e-01 nan nan nan
1.321250000000000036e+00 9.861845000000000194e-01 nan nan nan
1.323749999999999982e+00 9.947259999999999991e-01 nan nan nan
1.326249999999999929e+00 9.890277499999999833e-01 nan nan nan
1.328750000000000098e+00 9.864615000000001022e-01 nan nan nan
1.331250000000000044e+00 9.674064999999999470e-01 nan nan nan
1.333749999999999991e+00 9.700735000000000330e-01 nan nan nan
1.336249999999999938e+00 9.729267499999998403e-01 nan nan nan
1.338750000000000107e+00 9.863230000000000608e-01 nan nan nan
1.341250000000000053e+00 9.810239999999998961e-01 nan nan nan
1.343750000000000000e+00 9.796304999999999596e-01 nan nan nan
1.346249999999999947e+00 9.735399999999999610e-01 nan nan nan
1.348749999999999893e+00 9.651814999999999145e-01 nan nan nan
1.351250000000000062e+00 9.545102500000000045e-01 nan nan nan
1.353750000000000009e+00 9.617422500000000207e-01 nan nan nan
1.356249999999999956e+00 9.615867499999999346e-01 nan nan nan
1.358749999999999902e+00 9.475142500000000023e-01 nan nan nan
1.361250000000000071e+00 9.514482499999999954e-01 nan nan nan
1.363750000000000018e+00 9.421517500000000656e-01 nan nan nan
1.366249999999999964e+00 9.500825000000000520e-01 nan nan nan
1.368749999999999911e+00 9.422709999999999697e-01 nan nan nan
1.371250000000000080e+00 9.465472499999999512e-01 nan nan nan
1.373750000000000027e+00 9.269352500000000994e-01 nan nan nan
1.376249999999999973e+00 9.409572500000000783e-01 nan nan nan
1.378749999999999920e+00 9.431665000000000187e-01 nan nan nan
1.381250000000000089e+00 9.248272500000001006e-01 nan nan nan
1.383750000000000036e+00 9.303867499999999291e-01 nan nan nan
1.386249999999999982e+00 9.351722499999999272e-01 nan nan nan
1.388749999999999929e+00 9.337202500000000294e-01 nan nan nan
1.391250000000000098e+00 9.323382499999999240e-01 nan nan nan
1.393750000000000044e+00 9.314837499999999437e-01 nan nan nan
1.396249999999999991e+00 9.246292499999999581e-01 nan nan nan
1.398749999999999938e+00 9.247712499999999336e-01 nan nan nan
1.401250000000000107e+00 9.305402500000000687e-01 nan nan nan
1.403750000000000053e+00 9.067739999999999689e-01 nan nan nan
1.406250000000000000e+00 9.067034999999999956e-01 nan nan nan
1.408749999999999947e+00 9.085494999999998988e-01 nan nan nan
1.411249999999999893e+00 9.201445000000000318e-01 nan nan nan
1.413750000000000062e+00 9.050607500000000805e-01 nan nan nan
1.416250000000000009e+00 9.021852500000000497e-01 nan nan nan
1.418749999999999956e+00 9.057674999999999477e-01 nan nan nan
1.421249999999999902e+00 9.129069999999999130e-01 nan nan nan
1.423750000000000071e+00 9.144079999999999986e-01 nan nan nan
1.426250000000000018e+00 8.918909999999999894e-01 nan nan nan
1.428749999999999964e+00 9.029117500000000129e-01 nan nan nan
1.431249999999999911e+00 9.000707500000000305e-01 nan nan nan
1.433750000000000080e+00 9.051609999999998823e-01 nan nan nan
1.436250000000000027e+00 9.026907499999999862e-01 nan nan nan
1.438749999999999973e+00 8.954410000000000425e-01 nan nan nan
1.441249999999999920e+00 9.021307499999999813e-01 nan nan nan
1.443750000000000089e+00 8.917500000000000426e-01 nan nan nan
1.446250000000000036e+00 8.779712499999999809e-01 nan nan nan
1.448749999999999982e+00 8.898462499999999498e-01 nan nan nan
1.451249999999999929e+00 8.785727500000000134e-01 nan nan nan
1.453750000000000098e+00 8.885484999999999634e-01 nan nan nan
1.456250000000000044e+00 8.963527499999999204e-01 nan nan nan
1.458749999999999991e+00 8.767317500000000319e-01 nan nan nan
1.461249999999999938e+00 8.800464999999999538e-01 nan nan nan
1.463750000000000107e+00 8.728890000000000260e-01 nan nan nan
1.466250000000000053e+00 8.776030000000000220e-01 nan nan nan
1.468750000000000000e+00 8.832235000000000502e-01 nan nan nan
1.471249999999999947e+00 8.869795000000000318e-01 nan nan nan
1.473749999999999893e+00 8.849682500000000118e-01 nan nan nan
1.476250000000000062e+00 8.713549999999999907e-01 nan nan nan
1.478750000000000009e+00 8.810867500000000296e-01 nan nan nan
1.481249999999999956e+00 8.649025000000000185e-01 nan nan nan
1.483749999999999902e+00 8.753897500000000775e-01 nan nan nan
1.486250000000000071e+00 8.722170000000000201e-01 nan nan nan
1.488750000000000018e+00 8.651020000000000376e-01 nan nan nan
1.491249999999999964e+00 8.735247499999999610e-01 nan nan nan
1.493749999999999911e+00 8.776122499999999826e-01 nan nan nan
1.496250000000000080e+00 8.696272500000000738e-01 nan nan nan
1.498750000000000027e+00 8.764080000000000759e-01 nan nan nan
1.501249999999999973e+00 8.622647500000000242e-01 nan nan nan
1.503749999999999920e+00 8.664849999999999497e-01 nan nan nan
1.506250000000000089e+00 8.747074999999999712e-01 nan nan nan
1.508750000000000036e+00 8.749947499999999323e-01 nan nan nan
1.511249999999999982e+00 8.778365000000000196e-01 nan nan nan
1.513749999999999929e+00 8.860927499999999846e-01 nan nan nan
1.516250000000000098e+00 8.576220000000001065e-01 nan nan nan
1.518750000000000044e+00 8.727709999999999635e-01 nan nan nan
1.521249999999999991e+00 8.726517499999999483e-01 nan nan nan
1.523749999999999938e+00 8.678742499999999582e-01 nan nan nan
1.526250000000000107e+00 8.627952500000000136e-01 nan nan nan
1.528750000000000053e+00 8.594312499999999799e-01 nan nan nan
1.531250000000000000e+00 8.712689999999999602e-01 nan nan nan
1.533749999999999947e+00 8.757820000000000604e-01 nan nan nan
1.536249999999999893e+00 8.792372499999999702e-01 nan nan nan
1.538750000000000062e+00 8.676292500000000185e-01 nan nan nan
1.541250000000000009e+00 8.637997499999999773e-01 nan nan nan
1.543749999999999956e+00 8.787177500000000752e-01 nan nan nan
1.546249999999999902e+00 8.798137500000000610e-01 nan nan nan
1.548750000000000071e+00 8.714097500000000940e-01 nan nan nan
1.551250000000000018e+00 8.807557499999999484e-01 nan nan nan
1.553749999999999964e+00 8.673377499999999074e-01 nan nan nan
1.556249999999999911e+00 8.664955000000000851e-01 nan nan nan
1.558750000000000080e+00 8.579097500000000265e-01 nan nan nan
1.561250000000000027e+00 8.620500000000000940e-01 nan nan nan
1.563749999999999973e+00 8.741152500000000103e-01 nan nan nan
1.566249999999999920e+00 8.806047500000000472e-01 nan nan nan
1.568750000000000089e+00 8.741832499999999673e-01 nan nan nan
1.571250000000000036e+00 8.760390000000000121e-01 nan nan nan
1.573749999999999982e+00 8.766975000000001295e-01 nan nan nan
1.576249999999999929e+00 8.607667500000000249e-01 nan nan nan
1.578750000000000098e+00 8.686535000000000784e-01 nan nan nan
1.581250000000000044e+00 8.814697500000000518e-01 nan nan nan
1.583749999999999991e+00 8.800069999999999837e-01 nan nan nan
1.586249999999999938e+00 8.605092500000000033e-01 nan nan nan
1.588750000000000107e+00 8.706482500000000124e-01 nan nan nan
1.591250000000000053e+00 8.821757500000000363e-01 nan nan nan
1.593750000000000000e+00 8.812622500000000247e-01 nan nan nan
1.596249999999999947e+00 8.780550000000000299e-01 nan nan nan
1.598749999999999893e+00 8.789427499999998838e-01 nan nan nan
1.601250000000000062e+00 8.822502500000000136e-01 nan nan nan
1.603750000000000009e+00 8.757940000000000724e-01 nan nan nan
1.606249999999999956e+00 8.838129999999999598e-01 nan nan nan
1.608749999999999902e+00 8.749272500000000452e-01 nan nan nan
1.611250000000000071e+00 8.849975000000001035e-01 nan nan nan
1.613750000000000018e+00 8.888977500000000420e-01 nan nan nan
1.616249999999999964e+00 8.695037500000000197e-01 nan nan nan
1.618749999999999911e+00 8.687605000000000466e-01 nan nan nan
1.621250000000000080e+00 8.815144999999999786e-01 nan nan nan
1.623750000000000027e+00 8.875790000000000068e-01 nan nan nan
1.626249999999999973e+00 8.835062500000000485e-01 nan nan nan
1.628749999999999920e+00 8.877937499999999371e-01 nan nan nan
1.631250000000000089e+00 8.897092499999998960e-01 nan nan nan
1.633750000000000036e+00 8.867030000000000189e-01 nan nan nan
1.636249999999999982e+00 8.866552500000000059e-01 nan nan nan
1.638749999999999929e+00 8.914797500000000152e-01 nan nan nan
1.641250000000000098e+00 9.013219999999999565e-01 nan nan nan
1.643750000000000044e+00 8.829117500000001062e-01 nan nan nan
1.646249999999999991e+00 9.037835000000000729e-01 nan nan nan
1.648749999999999938e+00 8.878547499999999149e-01 nan nan nan
1.651250000000000107e+00 8.912305000000000366e-01 nan nan nan
1.653750000000000053e+00 8.926292500000000407e-01 nan nan nan
1.656250000000000000e+00 8.950355000000000949e-01 nan nan nan
1.658749999999999947e+00 8.980695000000000761e-01 nan nan nan
1.661249999999999893e+00 9.014960000000000750e-01 nan nan nan
1.663750000000000062e+00 9.005345000000000155e-01 nan nan nan
1.666250000000000009e+00 9.037880000000000358e-01 nan nan nan
1.668749999999999956e+00 8.962875000000000147e-01 nan nan nan
1.671249999999999902e+00 8.992530000000000800e-01 nan nan nan
1.673750000000000071e+00 9.127712500000000340e-01 nan nan nan
1.676250000000000018e+00 9.136259999999999382e-01 nan nan nan
1.678749999999999964e+00 9.187119999999999731e-01 nan nan nan
1.681249999999999911e+00 9.045112499999999889e-01 nan nan nan
1.683750000000000080e+00 9.146542499999998910e-01 nan nan nan
1.686250000000000027e+00 9.120334999999999415e-01 nan nan nan
1.688749999999999973e+00 9.046984999999999610e-01 nan nan nan
1.691249999999999920e+00 9.021147499999999653e-01 nan nan nan
1.693750000000000089e+00 9.233870000000000688e-01 nan nan nan
1.696250000000000036e+00 9.101497499999999796e-01 nan nan nan
1.698749999999999982e+00 9.108212500000000267e-01 nan nan nan
1.701249999999999929e+00 9.194367500000000248e-01 nan nan nan
1.703750000000000098e+00 9.250190000000000357e-01 nan nan nan
1.706250000000000044e+00 9.210002500000000758e-01 nan nan nan
1.708749999999999991e+00 9.299340000000000384e-01 nan nan nan
1.711249999999999938e+00 9.214442499999999647e-01 nan nan nan
1.713750000000000107e+00 9.269400000000000972e-01 nan nan nan
1.716250000000000053e+00 9.296807500000000557e-01 nan nan nan
1.718750000000000000e+00 9.294312499999999311e-01 nan nan nan
1.721249999999999947e+00 9.234290000000000553e-01 nan nan nan
1.723749999999999893e+00 9.372702500000000825e-01 nan nan nan
1.726250000000000062e+00 9.344717499999999344e-01 nan nan nan
1.728750000000000009e+00 9.432579999999999298e-01 nan nan nan
1.731249999999999956e+00 9.465597500000000331e-01 nan nan nan
1.733749999999999902e+00 9.456929999999998948e-01 nan nan nan
1.736250000000000071e+00 9.425077499999999775e-01 nan nan nan
1.738750000000000018e+00 9.382009999999999517e-01 nan nan nan
1.741249999999999964e+00 9.537514999999999743e-01 nan nan nan
1.743749999999999911e+00 9.595069999999999988e-01 nan nan nan
1.746250000000000080e+00 9.527587499999999876e-01 nan nan nan
1.748750000000000027e+00 9.576037500000000868e-01 nan nan nan
1.751249999999999973e+00 9.527987500000000276e-01 nan nan nan
1.753749999999999920e+00 9.461982499999999074e-01 nan nan nan
1.756250000000000089e+00 9.567802499999999988e-01 nan nan nan
1.758750000000000036e+00 9.522945000000000437e-01 nan nan nan
1.761249999999999982e+00 9.557822500000000554e-01 nan nan nan
1.763749999999999929e+00 9.698735000000000550e-01 nan nan nan
1.766250000000000098e+00 9.613012499999999960e-01 nan nan nan
1.768750000000000044e+00 9.721604999999999830e-01 nan nan nan
1.771249999999999991e+00 9.768749999999999378e-01 nan nan nan
1.773749999999999938e+00 9.683845000000000924e-01 nan nan nan
1.776250000000000107e+00 9.733982500000000204e-01 nan nan nan
1.778750000000000053e+00 9.738387499999999752e-01 nan nan nan
1.781250000000000000e+00 9.850927499999999615e-01 nan nan nan
1.783749999999999947e+00 9.808945000000000025e-01 nan nan nan
1.786249999999999893e+00 9.788284999999999902e-01 nan nan nan
1.788750000000000062e+00 9.813002500000000961e-01 nan nan nan
1.791250000000000009e+00 9.839522499999999727e-01 nan nan nan
1.793749999999999956e+00 9.893520000000000092e-01 nan nan nan
1.796249999999999902e+00 9.934960000000000457e-01 nan nan nan
1.798750000000000071e+00 9.982422499999998866e-01 nan nan nan
1.801250000000000018e+00 9.854800000000000226e-01 nan nan nan
1.803749999999999964e+00 9.933407499999999946e-01 nan nan nan
1.806249999999999911e+00 9.933990000000000320e-01 nan nan nan
1.808750000000000080e+00 9.955130000000000923e-01 nan nan nan
1.811250000000000027e+00 1.004858999999999947e+00 nan nan nan
1.813749999999999973e+00 1.002129499999999895e+00 nan nan nan
1.816249999999999920e+00 9.972912499999999625e-01 nan nan nan
1.818750000000000089e+00 1.000509499999999941e+00 nan nan nan
1.821250000000000036e+00 1.014515999999999973e+00 nan nan nan
1.823749999999999982e+00 1.006231749999999980e+00 nan nan nan
1.826249999999999929e+00 1.004850750000000126e+00 nan nan nan
1.828750000000000098e+00 9.992919999999999581e-01 nan nan nan
1.831250000000000044e+00 1.005968250000000008e+00 nan nan nan
1.833749999999999991e+00 1.012264500000000123e+00 nan nan nan
1.836249999999999938e+00 1.018861749999999899e+00 nan nan nan
1.838750000000000107e+00 1.011542999999999859e+00 nan nan nan
1.841250000000000053e+00 1.021324499999999968e+00 nan nan nan
1.843750000000000000e+00 1.022558500000000148e+00 nan nan nan
1.846249999999999947e+00 1.028407999999999989e+00 nan nan nan
1.848749999999999893e+00 1.021015499999999854e+00 nan nan nan
1.851250000000000062e+00 1.015180500000000041e+00 nan nan nan
1.853750000000000009e+00 1.014848999999999890e+00 nan nan nan
1.856249999999999956e+00 1.003556499999999962e+00 nan nan nan
1.858749999999999902e+00 1.017419249999999886e+00 nan nan nan
1.861250000000000071e+00 1.018504999999999994e+00 nan nan nan
1.863750000000000018e+00 1.019325250000000072e+00 nan nan nan
1.866249999999999964e+00 1.034265250000000025e+00 nan nan nan
1.868749999999999911e+00 1.028660000000000130e+00 nan nan nan
1.871250000000000080e+00 1.038876750000000015e+00 nan nan nan
1.873750000000000027e+00 1.026653749999999921e+00 nan nan nan
1.876249999999999973e+00 1.032082999999999862e+00 nan nan nan
1.878749999999999920e+00 1.034993250000000087e+00 nan nan nan
1.881250000000000089e+00 1.033609750000000105e+00 nan nan nan
1.883750000000000036e+00 1.029828500000000036e+00 nan nan nan
1.886249999999999982e+00 1.032246750000000102e+00 nan nan nan
1.888749999999999929e+00 1.040101749999999825e+00 nan nan nan
1.891250000000000098e+00 1.039770500000000153e+00 nan nan nan
1.893750000000000044e+00 1.044508250000000027e+00 nan nan nan
1.896249999999999991e+00 1.037158999999999942e+00 nan nan nan
1.898749999999999938e+00 1.025083749999999849e+00 nan nan nan
1.901250000000000107e+00 1.033539999999999903e+00 nan nan nan
1.903750000000000053e+00 1.054087250000000031e+00 nan nan nan
1.906250000000000000e+00 1.039462250000000143e+00 nan nan nan
1.908749999999999947e+00 1.047734249999999978e+00 nan nan nan
1.911249999999999893e+00 1.043707500000000010e+00 nan nan nan
1.913750000000000062e+00 1.049487999999999976e+00 nan nan nan
1.916250000000000009e+00 1.052117999999999887e+00 nan nan nan
1.918749999999999956e+00 1.043058250000000076e+00 nan nan nan
1.921249999999999902e+00 1.043755500000000058e+00 nan nan nan
1.923750000000000071e+00 1.046644750000000013e+00 nan nan nan
1.926250000000000018e+00 1.051434500000000050e+00 nan nan nan
1.928749999999999964e+00 1.048471249999999966e+00 nan nan nan
1.931249999999999911e+00 1.045929000000000109e+00 nan nan nan
1.933750000000000080e+00 1.047782750000000096e+00 nan nan nan
1.936250000000000027e+00 1.066139499999999796e+00 nan nan nan
1.938749999999999973e+00 1.045869500000000230e+00 nan nan nan
1.941249999999999920e+00 1.047495999999999983e+00 nan nan nan
1.943750000000000089e+00 1.055370249999999954e+00 nan nan nan
1.946250000000000036e+00 1.047726750000000040e+00 nan nan nan
1.948749999999999982e+00 1.046914999999999818e+00 nan nan nan
1.951249999999999929e+00 1.052148749999999966e+00 nan nan nan
1.953750000000000098e+00 1.053088500000000094e+00 nan nan nan
1.956250000000000044e+00 1.067476249999999904e+00 nan nan nan
1.958749999999999991e+00 1.053319749999999999e+00 nan nan nan
1.961249999999999938e+00 1.060420249999999953e+00 nan nan nan
1.963750000000000107e+00 1.056238500000000080e+00 nan nan nan
1.966250000000000053e+00 1.060789750000000087e+00 nan nan nan
1.968750000000000000e+00 1.050913250000000021e+00 nan nan nan
1.971249999999999947e+00 1.046711249999999982e+00 nan nan nan
1.973749999999999893e+00 1.051437500000000025e+00 nan nan nan
1.976250000000000062e+00 1.063331500000000096e+00 nan nan nan
1.978750000000000009e+00 1.066199000000000119e+00 nan nan nan
1.981249999999999956e+00 1.056383999999999990e+00 nan nan nan
1.983749999999999902e+00 1.053658500000000053e+00 nan nan nan
1.986250000000000071e+00 1.049621999999999833e+00 nan nan nan
1.988750000000000018e+00 1.043866500000000253e+00 nan nan nan
1.991249999999999964e+00 1.040605750000000107e+00 nan nan nan
1.993749999999999911e+00 1.042603750000000051e+00 nan nan nan
1.996250000000000080e+00 1.064561749999999973e+00 nan nan nan
1.998750000000000027e+00 1.061550500000000063e+00 nan nan nan
2.001250000000000195e+00 1.056582499999999980e+00 nan nan nan
2.003750000000000142e+00 1.047139000000000042e+00 nan nan nan
2.006250000000000089e+00 1.057450750000000106e+00 nan nan nan
2.008750000000000036e+00 1.052551499999999862e+00 nan nan nan
2.011249999999999982e+00 1.052388249999999914e+00 nan nan nan
2.013749999999999929e+00 1.056455249999999957e+00 nan nan nan
2.016249999999999876e+00 1.051303499999999946e+00 nan nan nan
2.018749999999999822e+00 1.049263250000000092e+00 nan nan nan
2.021250000000000213e+00 1.052769000000000066e+00 nan nan nan
2.023750000000000160e+00 1.051753000000000160e+00 nan nan nan
2.026250000000000107e+00 1.049871500000000069e+00 nan nan nan
2.028750000000000053e+00 1.050220249999999966e+00 nan nan nan
2.031250000000000000e+00 1.044986750000000075e+00 nan nan nan
2.033749999999999947e+00 1.046907250000000067e+00 nan nan nan
2.036249999999999893e+00 1.046638249999999992e+00 nan nan nan
2.038749999999999840e+00 1.054106249999999800e+00 nan nan nan
2.041249999999999787e+00 1.046032999999999991e+00 nan nan nan
2.043750000000000178e+00 1.057843499999999937e+00 nan nan nan
2.046250000000000124e+00 1.041717000000000004e+00 nan nan nan
2.048750000000000071e+00 1.046961250000000065e+00 nan nan nan
2.051250000000000018e+00 1.056497999999999937e+00 nan nan nan
2.053749999999999964e+00 1.048350749999999998e+00 nan nan nan
2.056249999999999911e+00 1.044690249999999931e+00 nan nan nan
2.058749999999999858e+00 1.049204499999999873e+00 nan nan nan
2.061249999999999805e+00 1.048336750000000039e+00 nan nan nan
2.063750000000000195e+00 1.049560000000000048e+00 nan nan nan
2.066250000000000142e+00 1.048659749999999891e+00 nan nan nan
2.068750000000000089e+00 1.046721000000000013e+00 nan nan nan
2.071250000000000036e+00 1.036934499999999870e+00 nan nan nan
2.073749999999999982e+00 1.050194750000000177e+00 nan nan nan
2.076249999999999929e+00 1.046988749999999913e+00 nan nan nan
2.078749999999999876e+00 1.042324000000000028e+00 nan nan nan
2.081249999999999822e+00 1.045104999999999951e+00 nan nan nan
2.083750000000000213e+00 1.044502249999999854e+00 nan nan nan
2.086250000000000160e+00 1.040335499999999858e+00 nan nan nan
2.088750000000000107e+00 1.046152500000000041e+00 nan nan nan
2.091250000000000053e+00 1.037227500000000191e+00 nan nan nan
2.093750000000000000e+00 1.043308000000000124e+00 nan nan nan
2.096249999999999947e+00 1.047360250000000104e+00 nan nan nan
2.098749999999999893e+00 1.037736750000000097e+00 nan nan nan
2.101249999999999840e+00 1.038321499999999897e+00 nan nan nan
2.103749999999999787e+00 1.044128999999999863e+00 nan nan nan
2.106250000000000178e+00 1.038097999999999965e+00 nan nan nan
2.108750000000000124e+00 1.037782500000000052e+00 nan nan nan
2.111250000000000071e+00 1.028993750000000151e+00 nan nan nan
2.113750000000000018e+00 1.049924749999999962e+00 nan nan nan
2.116249999999999964e+00 1.034130250000000029e+00 nan nan nan
2.118749999999999911e+00 1.040386750000000138e+00 nan nan nan
2.121249999999999858e+00 1.036212249999999946e+00 nan nan nan
2.123749999999999805e+00 1.036903249999999943e+00 nan nan nan
2.126250000000000195e+00 1.041469250000000013e+00 nan nan nan
2.128750000000000142e+00 1.044832500000000053e+00 nan nan nan
2.131250000000000089e+00 1.032473500000000044e+00 nan nan nan
2.133750000000000036e+00 1.038014749999999875e+00 nan nan nan
2.136249999999999982e+00 1.036784749999999811e+00 nan nan nan
2.138749999999999929e+00 1.033806499999999851e+00 nan nan nan
2.141249999999999876e+00 1.029174999999999951e+00 nan nan nan
2.143749999999999822e+00 1.033747999999999889e+00 nan nan nan
2.146250000000000213e+00 1.037330750000000190e+00 nan nan nan
2.148750000000000160e+00 1.024399000000000060e+00 nan nan nan
2.151250000000000107e+00 1.037597249999999915e+00 nan nan nan
2.153750000000000053e+00 1.035354249999999920e+00 nan nan nan
2.156250000000000000e+00 1.037877500000000008e+00 nan nan nan
2.158749999999999947e+00 1.023033749999999964e+00 nan nan nan
2.161249999999999893e+00 1.026003500000000068e+00 nan nan nan
2.163749999999999840e+00 1.023688249999999966e+00 nan nan nan
2.166249999999999787e+00 1.029238499999999945e+00 nan nan nan
2.168750000000000178e+00 1.023974750000000045e+00 nan nan nan
2.171250000000000124e+00 1.028630500000000003e+00 nan nan nan
2.173750000000000071e+00 1.021798999999999902e+00 nan nan nan
2.176250000000000018e+00 1.030405749999999898e+00 nan nan nan
2.178749999999999964e+00 1.023810749999999992e+00 nan nan nan
2.181249999999999911e+00 1.025072750000000088e+00 nan nan nan
2.183749999999999858e+00 1.029472749999999825e+00 nan nan nan
2.186249999999999805e+00 1.020043750000000138e+00 nan nan nan
2.188750000000000195e+00 1.012221000000000037e+00 nan nan nan
2.191250000000000142e+00 1.015791000000000111e+00 nan nan nan
2.193750000000000089e+00 1.020346250000000010e+00 nan nan nan
2.196250000000000036e+00 1.016337999999999964e+00 nan nan nan
2.198749999999999982e+00 1.020997500000000002e+00 nan nan nan
2.201249999999999929e+00 1.026499500000000120e+00 nan nan nan
2.203749999999999876e+00 1.029015000000000013e+00 nan nan nan
2.206249999999999822e+00 1.012970750000000031e+00 nan nan nan
2.208750000000000213e+00 1.015735000000000054e+00 nan nan nan
2.211250000000000160e+00 1.020408499999999830e+00 nan nan nan
2.213750000000000107e+00 1.010218000000000060e+00 nan nan nan
2.216250000000000053e+00 1.014980999999999911e+00 nan nan nan
2.218750000000000000e+00 1.006341500000000000e+00 nan nan nan
2.221249999999999947e+00 1.015957250000000034e+00 nan nan nan
2.223749999999999893e+00 1.006243250000000033e+00 nan nan nan
2.226249999999999840e+00 1.017171250000000082e+00 nan nan nan
2.228749999999999787e+00 1.013713000000000086e+00 nan nan nan
2.231250000000000178e+00 1.009118750000000064e+00 nan nan nan
2.233750000000000124e+00 1.012314500000000006e+00 nan nan nan
2.236250000000000071e+00 1.005272249999999978e+00 nan nan nan
2.238750000000000018e+00 1.000364999999999949e+00 nan nan nan
2.241249999999999964e+00 1.005651749999999955e+00 nan nan nan
2.243749999999999911e+00 1.003058500000000075e+00 nan nan nan
2.246249999999999858e+00 9.979542500000000427e-01 nan nan nan
2.248749999999999805e+00 1.005970000000000031e+00 nan nan nan
2.251250000000000195e+00 1.013395749999999929e+00 nan nan nan
2.253750000000000142e+00 1.002913249999999978e+00 nan nan nan
2.256250000000000089e+00 1.006911249999999924e+00 nan nan nan
2.258750000000000036e+00 1.002889000000000141e+00 nan nan nan
2.261249999999999982e+00 1.003034999999999899e+00 nan nan nan
2.263749999999999929e+00 1.002259750000000116e+00 nan nan nan
2.266249999999999876e+00 9.947520000000000806e-01 nan nan nan
2.268749999999999822e+00 1.010247750000000000e+00 nan nan nan
2.271250000000000213e+00 1.000902000000000180e+00 nan nan nan
2.273750000000000160e+00 1.004309250000000153e+00 nan nan nan
2.276250000000000107e+00 9.916752499999998971e-01 nan nan nan
2.278750000000000053e+00 9.949604999999999144e-01 nan nan nan
2.281250000000000000e+00 9.952487499999999043e-01 nan nan nan
2.283749999999999947e+00 9.989217499999999417e-01 nan nan nan
2.286249999999999893e+00 1.009557999999999955e+00 nan nan nan
2.288749999999999840e+00 1.005581750000000163e+00 nan nan nan
2.291249999999999787e+00 1.001475500000000185e+00 nan nan nan
2.293750000000000178e+00 9.969974999999999810e-01 nan nan nan
2.296250000000000124e+00 9.916690000000000227e-01 nan nan nan
2.298750000000000071e+00 9.955285000000000384e-01 nan nan nan
2.301250000000000018e+00 9.934387500000000371e-01 nan nan nan
2.303749999999999964e+00 9.928645000000000387e-01 nan nan nan
2.306249999999999911e+00 9.872235000000000316e-01 nan nan nan
2.308749999999999858e+00 9.966319999999999624e-01 nan nan nan
2.311249999999999805e+00 9.926202500000000928e-01 nan nan nan
2.313750000000000195e+00 9.958677499999999405e-01 nan nan nan
2.316250000000000142e+00 1.004265500000000033e+00 nan nan nan
2.318750000000000089e+00 9.919795000000000140e-01 nan nan nan
2.321250000000000036e+00 9.928172500000000955e-01 nan nan nan
2.323749999999999982e+00 9.897405000000000230e-01 nan nan nan
2.326249999999999929e+00 9.852407499999999985e-01 nan nan nan
2.328749999999999876e+00 9.992339999999999556e-01 nan nan nan
2.331249999999999822e+00 9.919919999999999849e-01 nan nan nan
2.333750000000000213e+00 9.882570000000000521e-01 nan nan nan
2.336250000000000160e+00 9.907552499999999762e-01 nan nan nan
2.338750000000000107e+00 9.919857499999999995e-01 nan nan nan
2.341250000000000053e+00 9.857860000000000511e-01 nan nan nan
2.343750000000000000e+00 9.909752499999999742e-01 nan nan nan
2.346249999999999947e+00 9.903887500000000399e-01 nan nan nan
2.348749999999999893e+00 9.960029999999999717e-01 nan nan nan
2.351249999999999840e+00 9.875610000000000221e-01 nan nan nan
2.353749999999999787e+00 9.879202500000000553e-01 nan nan nan
2.356250000000000178e+00 9.806492500000000279e-01 nan nan nan
2.358750000000000124e+00 9.859755000000000047e-01 nan nan nan
2.361250000000000071e+00 9.852575000000000083e-01 nan nan nan
2.363750000000000018e+00 9.969194999999999585e-01 nan nan nan
2.366249999999999964e+00 9.843907499999999811e-01 nan nan nan
2.368749999999999911e+00 9.907890000000000308e-01 nan nan nan
2.371249999999999858e+00 9.804020000000001067e-01 nan nan nan
2.373749999999999805e+00 9.854687500000000044e-01 nan nan nan
2.376250000000000195e+00 9.935967499999999175e-01 nan nan nan
2.378750000000000142e+00 9.814425000000001065e-01 nan nan nan
2.381250000000000089e+00 9.847194999999999698e-01 nan nan nan
2.383750000000000036e+00 9.820734999999999326e-01 nan nan nan
2.386249999999999982e+00 9.928559999999999608e-01 nan nan nan
2.388749999999999929e+00 9.912024999999999864e-01 nan nan nan
2.391249999999999876e+00 9.843280000000000918e-01 nan nan nan
2.393749999999999822e+00 9.857790000000000719e-01 nan nan nan
2.396250000000000213e+00 9.886832500000000135e-01 nan nan nan
2.398750000000000160e+00 9.797069999999999945e-01 nan nan nan
2.401250000000000107e+00 9.767417499999999642e-01 nan nan nan
2.403750000000000053e+00 9.812030000000000474e-01 nan nan nan
2.406250000000000000e+00 9.821734999999999216e-01 nan nan nan
2.408749999999999947e+00 9.777472500000000677e-01 nan nan nan
2.411249999999999893e+00 9.942217500000000152e-01 nan nan nan
2.413749999999999840e+00 9.852670000000000039e-01 nan nan nan
2.416249999999999787e+00 9.799189999999999845e-01 nan nan nan
2.418750000000000178e+00 9.884134999999999449e-01 nan nan nan
2.421250000000000124e+00 9.791509999999999936e-01 nan nan nan
2.423750000000000071e+00 9.707905000000001117e-01 nan nan nan
2.426250000000000018e+00 9.785972499999999741e-01 nan nan nan
2.428749999999999964e+00 9.820797500000000291e-01 nan nan nan
2.431249999999999911e+00 9.873532499999999601e-01 nan nan nan
2.433749999999999858e+00 9.877515000000001155e-01 nan nan nan
2.436249999999999805e+00 9.866680000000001005e-01 nan nan nan
2.438750000000000195e+00 9.850735000000000463e-01 nan nan nan
2.441250000000000142e+00 9.813719999999999111e-01 nan nan nan
2.443750000000000089e+00 9.833887499999999227e-01 nan nan nan
2.446250000000000036e+00 9.825269999999999282e-01 nan nan nan
2.448749999999999982e+00 9.825577500000000075e-01 nan nan nan
2.451249999999999929e+00 9.805757499999998572e-01 nan nan nan
2.453749999999999876e+00 9.839632499999999560e-01 nan nan nan
2.456249999999999822e+00 9.824254999999999516e-01 nan nan nan
2.458750000000000213e+00 9.835622499999999713e-01 nan nan nan
2.461250000000000160e+00 9.917449999999999877e-01 nan nan nan
2.463750000000000107e+00 9.786105000000000498e-01 nan nan nan
2.466250000000000053e+00 9.825435000000000141e-01 nan nan nan
2.468750000000000000e+00 9.863334999999999742e-01 nan nan nan
2.471249999999999947e+00 9.801539999999999697e-01 nan nan nan
2.473749999999999893e+00 9.838877499999999499e-01 nan nan nan
2.476249999999999840e+00 9.804507499999999265e-01 nan nan nan
2.478749999999999787e+00 9.915937499999999405e-01 nan nan nan
2.481250000000000178e+00 9.832152499999999851e-01 nan nan nan
2.483750000000000124e+00 9.786400000000000654e-01 nan nan nan
2.486250000000000071e+00 9.798817500000001068e-01 nan nan nan
2.488750000000000018e+00 9.849965000000000526e-01 nan nan nan
2.491249999999999964e+00 9.794762500000000482e-01 nan nan nan
2.493749999999999911e+00 9.844034999999999869e-01 nan nan nan
2.496249999999999858e+00 9.838405000000000067e-01 nan nan nan
2.498749999999999805e+00 9.840109999999999690e-01 nan nan nan
