1.250000000000000026e-03 0.000000000000000000e+00 nan nan nan
3.749999999999999861e-03 0.000000000000000000e+00 nan nan nan
6.250000000000000347e-03 0.000000000000000000e+00 nan nan nan
8.750000000000000833e-03 0.000000000000000000e+00 nan nan nan
1.124999999999999958e-02 0.000000000000000000e+00 nan nan nan
1.375000000000000007e-02 0.000000000000000000e+00 nan nan nan
1.625000000000000056e-02 0.000000000000000000e+00 nan nan nan
1.874999999999999931e-02 0.000000000000000000e+00 nan nan nan
2.125000000000000153e-02 0.000000000000000000e+00 nan nan nan
2.375000000000000028e-02 0.000000000000000000e+00 nan nan nan
2.624999999999999903e-02 0.000000000000000000e+00 nan nan nan
2.875000000000000125e-02 0.000000000000000000e+00 nan nan nan
3.125000000000000000e-02 0.000000000000000000e+00 nan nan nan
3.375000000000000222e-02 0.000000000000000000e+00 nan nan nan
3.624999999999999750e-02 0.000000000000000000e+00 nan nan nan
3.874999999999999972e-02 0.000000000000000000e+00 nan nan nan
4.125000000000000194e-02 0.000000000000000000e+00 nan nan nan
4.374999999999999722e-02 0.000000000000000000e+00 nan nan nan
4.624999999999999944e-02 0.000000000000000000e+00 nan nan nan
4.875000000000000167e-02 0.000000000000000000e+00 nan nan nan
5.124999999999999695e-02 0.000000000000000000e+00 nan nan nan
5.374999999999999917e-02 0.000000000000000000e+00 nan nan nan
5.625000000000000139e-02 0.000000000000000000e+00 nan nan nan
5.874999999999999667e-02 0.000000000000000000e+00 nan nan nan
6.124999999999999889e-02 0.000000000000000000e+00 nan nan nan
6.375000000000000111e-02 0.000000000000000000e+00 nan nan nan
6.625000000000000333e-02 0.000000000000000000e+00 nan nan nan
6.875000000000000555e-02 0.000000000000000000e+00 nan nan nan
7.124999999999999389e-02 0.000000000000000000e+00 nan nan nan
7.374999999999999611e-02 0.000000000000000000e+00 nan nan nan
7.624999999999999833e-02 0.000000000000000000e+00 nan nan nan
7.875000000000000056e-02 0.000000000000000000e+00 nan nan nan
8.125000000000000278e-02 0.000000000000000000e+00 nan nan nan
8.375000000000000500e-02 0.000000000000000000e+00 nan nan nan
8.624999999999999334e-02 0.000000000000000000e+00 nan nan nan
8.874999999999999556e-02 0.000000000000000000e+00 nan nan nan
9.124999999999999778e-02 0.000000000000000000e+00 nan nan nan
9.375000000000000000e-02 0.000000000000000000e+00 nan nan nan
9.625000000000000222e-02 0.000000000000000000e+00 nan nan nan
9.875000000000000444e-02 0.000000000000000000e+00 nan nan nan
1.012500000000000067e-01 0.000000000000000000e+00 nan nan nan
1.037499999999999950e-01 0.000000000000000000e+00 nan nan nan
1.062499999999999972e-01 0.000000000000000000e+00 nan nan nan
1.087499999999999994e-01 0.000000000000000000e+00 nan nan nan
1.112500000000000017e-01 0.000000000000000000e+00 nan nan nan
1.137500000000000039e-01 0.000000000000000000e+00 nan nan nan
1.162500000000000061e-01 0.000000000000000000e+00 nan nan nan
1.187499999999999944e-01 0.000000000000000000e+00 nan nan nan
1.212499999999999967e-01 0.000000000000000000e+00 nan nan nan
1.237499999999999989e-01 0.000000000000000000e+00 nan nan nan
1.262500000000000011e-01 0.000000000000000000e+00 nan nan nan
1.287500000000000033e-01 0.000000000000000000e+00 nan nan nan
1.312500000000000056e-01 0.000000000000000000e+00 nan nan nan
1.337500000000000078e-01 0.000000000000000000e+00 nan nan nan
1.362500000000000100e-01 0.000000000000000000e+00 nan nan nan
1.387500000000000122e-01 0.000000000000000000e+00 nan nan nan
1.412499999999999867e-01 0.000000000000000000e+00 nan nan nan
1.437499999999999889e-01 0.000000000000000000e+00 nan nan nan
1.462499999999999911e-01 0.000000000000000000e+00 nan nan nan
1.487499999999999933e-01 0.000000000000000000e+00 nan nan nan
1.512499999999999956e-01 0.000000000000000000e+00 nan nan nan
1.537499999999999978e-01 0.000000000000000000e+00 nan nan nan
1.562500000000000000e-01 0.000000000000000000e+00 nan nan nan
1.587500000000000022e-01 0.000000000000000000e+00 nan nan nan
1.612500000000000044e-01 0.000000000000000000e+00 nan nan nan
1.637500000000000067e-01 0.000000000000000000e+00 nan nan nan
1.662500000000000089e-01 0.000000000000000000e+00 nan nan nan
1.687500000000000111e-01 0.000000000000000000e+00 nan nan nan
1.712500000000000133e-01 0.000000000000000000e+00 nan nan nan
1.737499999999999878e-01 0.000000000000000000e+00 nan nan nan
1.762499999999999900e-01 0.000000000000000000e+00 nan nan nan
1.787499999999999922e-01 0.000000000000000000e+00 nan nan nan
1.812499999999999944e-01 0.000000000000000000e+00 nan nan nan
1.837499999999999967e-01 0.000000000000000000e+00 nan nan nan
1.862499999999999989e-01 0.000000000000000000e+00 nan nan nan
1.887500000000000011e-01 0.000000000000000000e+00 nan nan nan
1.912500000000000033e-01 0.000000000000000000e+00 nan nan nan
1.937500000000000056e-01 0.000000000000000000e+00 nan nan nan
1.962500000000000078e-01 0.000000000000000000e+00 nan nan nan
1.987500000000000100e-01 0.000000000000000000e+00 nan nan nan
2.012500000000000122e-01 0.000000000000000000e+00 nan nan nan
2.037499999999999867e-01 0.000000000000000000e+00 nan nan nan
2.062499999999999889e-01 0.000000000000000000e+00 nan nan nan
2.087499999999999911e-01 0.000000000000000000e+00 nan nan nan
2.112499999999999933e-01 0.000000000000000000e+00 nan nan nan
2.137499999999999956e-01 0.000000000000000000e+00 nan nan nan
2.162499999999999978e-01 0.000000000000000000e+00 nan nan nan
2.187500000000000000e-01 0.000000000000000000e+00 nan nan nan
2.212500000000000022e-01 0.000000000000000000e+00 nan nan nan
2.237500000000000044e-01 0.000000000000000000e+00 nan nan nan
2.262500000000000067e-01 0.000000000000000000e+00 nan nan nan
2.287500000000000089e-01 0.000000000000000000e+00 nan nan nan
2.312500000000000111e-01 0.000000000000000000e+00 nan nan nan
2.337500000000000133e-01 0.000000000000000000e+00 nan nan nan
2.362499999999999878e-01 0.000000000000000000e+00 nan nan nan
2.387499999999999900e-01 0.000000000000000000e+00 nan nan nan
2.412499999999999922e-01 0.000000000000000000e+00 nan nan nan
2.437499999999999944e-01 0.000000000000000000e+00 nan nan nan
2.462499999999999967e-01 0.000000000000000000e+00 nan nan nan
2.487499999999999989e-01 0.000000000000000000e+00 nan nan nan
2.512499999999999734e-01 0.000000000000000000e+00 nan nan nan
2.537499999999999756e-01 0.000000000000000000e+00 nan nan nan
2.562499999999999778e-01 0.000000000000000000e+00 nan nan nan
2.587499999999999800e-01 0.000000000000000000e+00 nan nan nan
2.612499999999999822e-01 0.000000000000000000e+00 nan nan nan
2.637499999999999845e-01 0.000000000000000000e+00 nan nan nan
2.662499999999999867e-01 0.000000000000000000e+00 nan nan nan
2.687499999999999889e-01 0.000000000000000000e+00 nan nan nan
2.712499999999999911e-01 0.000000000000000000e+00 nan nan nan
2.737499999999999933e-01 0.000000000000000000e+00 nan nan nan
2.762499999999999956e-01 0.000000000000000000e+00 nan nan nan
2.787499999999999978e-01 0.000000000000000000e+00 nan nan nan
2.812500000000000000e-01 0.000000000000000000e+00 nan nan nan
2.837500000000000022e-01 0.000000000000000000e+00 nan nan nan
2.862500000000000044e-01 0.000000000000000000e+00 nan nan nan
2.887500000000000067e-01 0.000000000000000000e+00 nan nan nan
2.912500000000000089e-01 0.000000000000000000e+00 nan nan nan
2.937500000000000111e-01 0.000000000000000000e+00 nan nan nan
2.962500000000000133e-01 0.000000000000000000e+00 nan nan nan
2.987500000000000155e-01 0.000000000000000000e+00 nan nan nan
3.012500000000000178e-01 0.000000000000000000e+00 nan nan nan
3.037500000000000200e-01 0.000000000000000000e+00 nan nan nan
3.062500000000000222e-01 0.000000000000000000e+00 nan nan nan
3.087500000000000244e-01 0.000000000000000000e+00 nan nan nan
3.112500000000000266e-01 0.000000000000000000e+00 nan nan nan
3.137499999999999734e-01 0.000000000000000000e+00 nan nan nan
3.162499999999999756e-01 0.000000000000000000e+00 nan nan nan
3.187499999999999778e-01 0.000000000000000000e+00 nan nan nan
3.212499999999999800e-01 0.000000000000000000e+00 nan nan nan
3.237499999999999822e-01 0.000000000000000000e+00 nan nan nan
3.262499999999999845e-01 0.000000000000000000e+00 nan nan nan
3.287499999999999867e-01 0.000000000000000000e+00 nan nan nan
3.312499999999999889e-01 0.000000000000000000e+00 nan nan nan
3.337499999999999911e-01 0.000000000000000000e+00 nan nan nan
3.362499999999999933e-01 0.000000000000000000e+00 nan nan nan
3.387499999999999956e-01 0.000000000000000000e+00 nan nan nan
3.412499999999999978e-01 0.000000000000000000e+00 nan nan nan
3.437500000000000000e-01 0.000000000000000000e+00 nan nan nan
3.462500000000000022e-01 0.000000000000000000e+00 nan nan nan
3.487500000000000044e-01 0.000000000000000000e+00 nan nan nan
3.512500000000000067e-01 0.000000000000000000e+00 nan nan nan
3.537500000000000089e-01 0.000000000000000000e+00 nan nan nan
3.562500000000000111e-01 0.000000000000000000e+00 nan nan nan
3.587500000000000133e-01 0.000000000000000000e+00 nan nan nan
3.612500000000000155e-01 0.000000000000000000e+00 nan nan nan
3.637500000000000178e-01 0.000000000000000000e+00 nan nan nan
3.662500000000000200e-01 0.000000000000000000e+00 nan nan nan
3.687500000000000222e-01 0.000000000000000000e+00 nan nan nan
3.712500000000000244e-01 0.000000000000000000e+00 nan nan nan
3.737500000000000266e-01 0.000000000000000000e+00 nan nan nan
3.762499999999999734e-01 0.000000000000000000e+00 nan nan nan
3.787499999999999756e-01 0.000000000000000000e+00 nan nan nan
3.812499999999999778e-01 0.000000000000000000e+00 nan nan nan
3.837499999999999800e-01 0.000000000000000000e+00 nan nan nan
3.862499999999999822e-01 0.000000000000000000e+00 nan nan nan
3.887499999999999845e-01 0.000000000000000000e+00 nan nan nan
3.912499999999999867e-01 0.000000000000000000e+00 nan nan nan
3.937499999999999889e-01 0.000000000000000000e+00 nan nan nan
3.962499999999999911e-01 0.000000000000000000e+00 nan nan nan
3.987499999999999933e-01 0.000000000000000000e+00 nan nan nan
4.012499999999999956e-01 0.000000000000000000e+00 nan nan nan
4.037499999999999978e-01 0.000000000000000000e+00 nan nan nan
4.062500000000000000e-01 0.000000000000000000e+00 nan nan nan
4.087500000000000022e-01 0.000000000000000000e+00 nan nan nan
4.112500000000000044e-01 0.000000000000000000e+00 nan nan nan
4.137500000000000067e-01 0.000000000000000000e+00 nan nan nan
4.162500000000000089e-01 0.000000000000000000e+00 nan nan nan
4.187500000000000111e-01 0.000000000000000000e+00 nan nan nan
4.212500000000000133e-01 0.000000000000000000e+00 nan nan nan
4.237500000000000155e-01 0.000000000000000000e+00 nan nan nan
4.262500000000000178e-01 0.000000000000000000e+00 nan nan nan
4.287500000000000200e-01 0.000000000000000000e+00 nan nan nan
4.312500000000000222e-01 0.000000000000000000e+00 nan nan nan
4.337500000000000244e-01 0.000000000000000000e+00 nan nan nan
4.362500000000000266e-01 0.000000000000000000e+00 nan nan nan
4.387499999999999734e-01 0.000000000000000000e+00 nan nan nan
4.412499999999999756e-01 0.000000000000000000e+00 nan nan nan
4.437499999999999778e-01 0.000000000000000000e+00 nan nan nan
4.462499999999999800e-01 0.000000000000000000e+00 nan nan nan
4.487499999999999822e-01 0.000000000000000000e+00 nan nan nan
4.512499999999999845e-01 0.000000000000000000e+00 nan nan nan
4.537499999999999867e-01 0.000000000000000000e+00 nan nan nan
4.562499999999999889e-01 0.000000000000000000e+00 nan nan nan
4.587499999999999911e-01 0.000000000000000000e+00 nan nan nan
4.612499999999999933e-01 0.000000000000000000e+00 nan nan nan
4.637499999999999956e-01 0.000000000000000000e+00 nan nan nan
4.662499999999999978e-01 0.000000000000000000e+00 nan nan nan
4.687500000000000000e-01 0.000000000000000000e+00 nan nan nan
4.712500000000000022e-01 0.000000000000000000e+00 nan nan nan
4.737500000000000044e-01 0.000000000000000000e+00 nan nan nan
4.762500000000000067e-01 0.000000000000000000e+00 nan nan nan
4.787500000000000089e-01 0.000000000000000000e+00 nan nan nan
4.812500000000000111e-01 0.000000000000000000e+00 nan nan nan
4.837500000000000133e-01 0.000000000000000000e+00 nan nan nan
4.862500000000000155e-01 0.000000000000000000e+00 nan nan nan
4.887500000000000178e-01 0.000000000000000000e+00 nan nan nan
4.912500000000000200e-01 0.000000000000000000e+00 nan nan nan
4.937500000000000222e-01 0.000000000000000000e+00 nan nan nan
4.962500000000000244e-01 0.000000000000000000e+00 nan nan nan
4.987500000000000266e-01 0.000000000000000000e+00 nan nan nan
5.012499999999999734e-01 0.000000000000000000e+00 nan nan nan
5.037500000000000311e-01 0.000000000000000000e+00 nan nan nan
5.062499999999999778e-01 0.000000000000000000e+00 nan nan nan
5.087500000000000355e-01 0.000000000000000000e+00 nan nan nan
5.112499999999999822e-01 0.000000000000000000e+00 nan nan nan
5.137500000000000400e-01 0.000000000000000000e+00 nan nan nan
5.162499999999999867e-01 0.000000000000000000e+00 nan nan nan
5.187500000000000444e-01 0.000000000000000000e+00 nan nan nan
5.212499999999999911e-01 0.000000000000000000e+00 nan nan nan
5.237500000000000488e-01 0.000000000000000000e+00 nan nan nan
5.262499999999999956e-01 0.000000000000000000e+00 nan nan nan
5.287500000000000533e-01 0.000000000000000000e+00 nan nan nan
5.312500000000000000e-01 0.000000000000000000e+00 nan nan nan
5.337499999999999467e-01 0.000000000000000000e+00 nan nan nan
5.362500000000000044e-01 0.000000000000000000e+00 nan nan nan
5.387499999999999512e-01 0.000000000000000000e+00 nan nan nan
5.412500000000000089e-01 0.000000000000000000e+00 nan nan nan
5.437499999999999556e-01 0.000000000000000000e+00 nan nan nan
5.462500000000000133e-01 0.000000000000000000e+00 nan nan nan
5.487499999999999600e-01 0.000000000000000000e+00 nan nan nan
5.512500000000000178e-01 0.000000000000000000e+00 nan nan nan
5.537499999999999645e-01 0.000000000000000000e+00 nan nan nan
5.562500000000000222e-01 0.000000000000000000e+00 nan nan nan
5.587499999999999689e-01 0.000000000000000000e+00 nan nan nan
5.612500000000000266e-01 0.000000000000000000e+00 nan nan nan
5.637499999999999734e-01 0.000000000000000000e+00 nan nan nan
5.662500000000000311e-01 0.000000000000000000e+00 nan nan nan
5.687499999999999778e-01 0.000000000000000000e+00 nan nan nan
5.712500000000000355e-01 0.000000000000000000e+00 nan nan nan
5.737499999999999822e-01 0.000000000000000000e+00 nan nan nan
5.762500000000000400e-01 0.000000000000000000e+00 nan nan nan
5.787499999999999867e-01 0.000000000000000000e+00 nan nan nan
5.812500000000000444e-01 0.000000000000000000e+00 nan nan nan
5.837499999999999911e-01 0.000000000000000000e+00 nan nan nan
5.862500000000000488e-01 0.000000000000000000e+00 nan nan nan
5.887499999999999956e-01 0.000000000000000000e+00 nan nan nan
5.912500000000000533e-01 0.000000000000000000e+00 nan nan nan
5.937500000000000000e-01 0.000000000000000000e+00 nan nan nan
5.962499999999999467e-01 0.000000000000000000e+00 nan nan nan
5.987500000000000044e-01 0.000000000000000000e+00 nan nan nan
6.012499999999999512e-01 0.000000000000000000e+00 nan nan nan
6.037500000000000089e-01 0.000000000000000000e+00 nan nan nan
6.062499999999999556e-01 0.000000000000000000e+00 nan nan nan
6.087500000000000133e-01 0.000000000000000000e+00 nan nan nan
6.112499999999999600e-01 0.000000000000000000e+00 nan nan nan
6.137500000000000178e-01 0.000000000000000000e+00 nan nan nan
6.162499999999999645e-01 0.000000000000000000e+00 nan nan nan
6.187500000000000222e-01 0.000000000000000000e+00 nan nan nan
6.212499999999999689e-01 0.000000000000000000e+00 nan nan nan
6.237500000000000266e-01 0.000000000000000000e+00 nan nan nan
6.262499999999999734e-01 0.000000000000000000e+00 nan nan nan
6.287500000000000311e-01 0.000000000000000000e+00 nan nan nan
6.312499999999999778e-01 0.000000000000000000e+00 nan nan nan
6.337500000000000355e-01 0.000000000000000000e+00 nan nan nan
6.362499999999999822e-01 0.000000000000000000e+00 nan nan nan
6.387500000000000400e-01 0.000000000000000000e+00 nan nan nan
6.412499999999999867e-01 0.000000000000000000e+00 nan nan nan
6.437500000000000444e-01 0.000000000000000000e+00 nan nan nan
6.462499999999999911e-01 0.000000000000000000e+00 nan nan nan
6.487500000000000488e-01 0.000000000000000000e+00 nan nan nan
6.512499999999999956e-01 0.000000000000000000e+00 nan nan nan
6.537500000000000533e-01 0.000000000000000000e+00 nan nan nan
6.562500000000000000e-01 0.000000000000000000e+00 nan nan nan
6.587499999999999467e-01 0.000000000000000000e+00 nan nan nan
6.612500000000000044e-01 0.000000000000000000e+00 nan nan nan
6.637499999999999512e-01 0.000000000000000000e+00 nan nan nan
6.662500000000000089e-01 0.000000000000000000e+00 nan nan nan
6.687499999999999556e-01 0.000000000000000000e+00 nan nan nan
6.712500000000000133e-01 0.000000000000000000e+00 nan nan nan
6.737499999999999600e-01 0.000000000000000000e+00 nan nan nan
6.762500000000000178e-01 0.000000000000000000e+00 nan nan nan
6.787499999999999645e-01 0.000000000000000000e+00 nan nan nan
6.812500000000000222e-01 0.000000000000000000e+00 nan nan nan
6.837499999999999689e-01 0.000000000000000000e+00 nan nan nan
6.862500000000000266e-01 0.000000000000000000e+00 nan nan nan
6.887499999999999734e-01 0.000000000000000000e+00 nan nan nan
6.912500000000000311e-01 0.000000000000000000e+00 nan nan nan
6.937499999999999778e-01 0.000000000000000000e+00 nan nan nan
6.962500000000000355e-01 0.000000000000000000e+00 nan nan nan
6.987499999999999822e-01 0.000000000000000000e+00 nan nan nan
7.012500000000000400e-01 0.000000000000000000e+00 nan nan nan
7.037499999999999867e-01 0.000000000000000000e+00 nan nan nan
7.062500000000000444e-01 0.000000000000000000e+00 nan nan nan
7.087499999999999911e-01 0.000000000000000000e+00 nan nan nan
7.112500000000000488e-01 0.000000000000000000e+00 nan nan nan
7.137499999999999956e-01 0.000000000000000000e+00 nan nan nan
7.162500000000000533e-01 0.000000000000000000e+00 nan nan nan
7.187500000000000000e-01 0.000000000000000000e+00 nan nan nan
7.212499999999999467e-01 0.000000000000000000e+00 nan nan nan
7.237500000000000044e-01 0.000000000000000000e+00 nan nan nan
7.262499999999999512e-01 0.000000000000000000e+00 nan nan nan
7.287500000000000089e-01 0.000000000000000000e+00 nan nan nan
7.312499999999999556e-01 0.000000000000000000e+00 nan nan nan
7.337500000000000133e-01 0.000000000000000000e+00 nan nan nan
7.362499999999999600e-01 0.000000000000000000e+00 nan nan nan
7.387500000000000178e-01 0.000000000000000000e+00 nan nan nan
7.412499999999999645e-01 0.000000000000000000e+00 nan nan nan
7.437500000000000222e-01 0.000000000000000000e+00 nan nan nan
7.462499999999999689e-01 0.000000000000000000e+00 nan nan nan
7.487500000000000266e-01 0.000000000000000000e+00 nan nan nan
7.512499999999999734e-01 0.000000000000000000e+00 nan nan nan
7.537500000000000311e-01 0.000000000000000000e+00 nan nan nan
7.562499999999999778e-01 0.000000000000000000e+00 nan nan nan
7.587500000000000355e-01 0.000000000000000000e+00 nan nan nan
7.612499999999999822e-01 0.000000000000000000e+00 nan nan nan
7.637500000000000400e-01 0.000000000000000000e+00 nan nan nan
7.662499999999999867e-01 0.000000000000000000e+00 nan nan nan
7.687500000000000444e-01 0.000000000000000000e+00 nan nan nan
7.712499999999999911e-01 0.000000000000000000e+00 nan nan nan
7.737500000000000488e-01 0.000000000000000000e+00 nan nan nan
7.762499999999999956e-01 0.000000000000000000e+00 nan nan nan
7.787500000000000533e-01 0.000000000000000000e+00 nan nan nan
7.812500000000000000e-01 0.000000000000000000e+00 nan nan nan
7.837499999999999467e-01 0.000000000000000000e+00 nan nan nan
7.862500000000000044e-01 0.000000000000000000e+00 nan nan nan
7.887499999999999512e-01 0.000000000000000000e+00 nan nan nan
7.912500000000000089e-01 0.000000000000000000e+00 nan nan nan
7.937499999999999556e-01 0.000000000000000000e+00 nan nan nan
7.962500000000000133e-01 0.000000000000000000e+00 nan nan nan
7.987499999999999600e-01 0.000000000000000000e+00 nan nan nan
8.012500000000000178e-01 0.000000000000000000e+00 nan nan nan
8.037499999999999645e-01 0.000000000000000000e+00 nan nan nan
8.062500000000000222e-01 0.000000000000000000e+00 nan nan nan
8.087499999999999689e-01 0.000000000000000000e+00 nan nan nan
8.112500000000000266e-01 0.000000000000000000e+00 nan nan nan
8.137499999999999734e-01 0.000000000000000000e+00 nan nan nan
8.162500000000000311e-01 0.000000000000000000e+00 nan nan nan
8.187499999999999778e-01 0.000000000000000000e+00 nan nan nan
8.212500000000000355e-01 0.000000000000000000e+00 nan nan nan
8.237499999999999822e-01 0.000000000000000000e+00 nan nan nan
8.262500000000000400e-01 0.000000000000000000e+00 nan nan nan
8.287499999999999867e-01 0.000000000000000000e+00 nan nan nan
8.312500000000000444e-01 0.000000000000000000e+00 nan nan nan
8.337499999999999911e-01 0.000000000000000000e+00 nan nan nan
8.362500000000000488e-01 0.000000000000000000e+00 nan nan nan
8.387499999999999956e-01 0.000000000000000000e+00 nan nan nan
8.412500000000000533e-01 0.000000000000000000e+00 nan nan nan
8.437500000000000000e-01 1.785000000000000020e-04 nan nan nan
8.462499999999999467e-01 0.000000000000000000e+00 nan nan nan
8.487500000000000044e-01 0.000000000000000000e+00 nan nan nan
8.512499999999999512e-01 0.000000000000000000e+00 nan nan nan
8.537500000000000089e-01 0.000000000000000000e+00 nan nan nan
8.562499999999999556e-01 1.734999999999999889e-04 nan nan nan
8.587500000000000133e-01 5.172500000000000231e-04 nan nan nan
8.612499999999999600e-01 6.855000000000000199e-04 nan nan nan
8.637500000000000178e-01 3.409999999999999945e-04 nan nan nan
8.662499999999999645e-01 1.694500000000000043e-03 nan nan nan
8.687500000000000222e-01 2.863749999999999976e-03 nan nan nan
8.712499999999999689e-01 2.680000000000000090e-03 nan nan nan
8.737500000000000266e-01 5.995749999999999344e-03 nan nan nan
8.762499999999999734e-01 5.961499999999999785e-03 nan nan nan
8.787500000000000311e-01 5.762999999999999894e-03 nan nan nan
8.812499999999999778e-01 9.332500000000000517e-03 nan nan nan
8.837500000000000355e-01 1.367499999999999966e-02 nan nan nan
8.862499999999999822e-01 1.586450000000000013e-02 nan nan nan
8.887500000000000400e-01 1.915574999999999917e-02 nan nan nan
8.912499999999999867e-01 2.305025000000000129e-02 nan nan nan
8.937500000000000444e-01 3.024349999999999955e-02 nan nan nan
8.962499999999999911e-01 4.163025000000000059e-02 nan nan nan
8.987500000000000488e-01 5.115825000000000233e-02 nan nan nan
9.012499999999999956e-01 5.510124999999999745e-02 nan nan nan
9.037500000000000533e-01 7.067550000000000221e-02 nan nan nan
9.062500000000000000e-01 9.165075000000000305e-02 nan nan nan
9.087499999999999467e-01 1.037719999999999893e-01 nan nan nan
9.112500000000000044e-01 1.280090000000000117e-01 nan nan nan
9.137499999999999512e-01 1.437559999999999949e-01 nan nan nan
9.162500000000000089e-01 1.628132499999999927e-01 nan nan nan
9.187499999999999556e-01 1.926572500000000021e-01 nan nan nan
9.212500000000000133e-01 2.190290000000000015e-01 nan nan nan
9.237499999999999600e-01 2.436229999999999785e-01 nan nan nan
9.262500000000000178e-01 2.821757500000000030e-01 nan nan nan
9.287499999999999645e-01 3.148569999999999980e-01 nan nan nan
9.312500000000000222e-01 3.587657499999999944e-01 nan nan nan
9.337499999999999689e-01 3.941797500000000509e-01 nan nan nan
9.362500000000000266e-01 4.383492500000000236e-01 nan nan nan
9.387499999999999734e-01 4.995015000000000427e-01 nan nan nan
9.412500000000000311e-01 5.285684999999999967e-01 nan nan nan
9.437499999999999778e-01 5.754510000000001568e-01 nan nan nan
9.462500000000000355e-01 6.253812499999999996e-01 nan nan nan
9.487499999999999822e-01 6.675742500000000357e-01 nan nan nan
9.512500000000000400e-01 7.473950000000000315e-01 nan nan nan
9.537499999999999867e-01 8.021889999999999299e-01 nan nan nan
9.562500000000000444e-01 8.497259999999999813e-01 nan nan nan
9.587499999999999911e-01 9.035349999999999770e-01 nan nan nan
9.612500000000000488e-01 9.614517500000000494e-01 nan nan nan
9.637499999999999956e-01 1.032035000000000036e+00 nan nan nan
9.662500000000000533e-01 1.091525750000000183e+00 nan nan nan
9.687500000000000000e-01 1.147273250000000022e+00 nan nan nan
9.712499999999999467e-01 1.199198500000000056e+00 nan nan nan
9.737500000000000044e-01 1.306761750000000166e+00 nan nan nan
9.762499999999999512e-01 1.333963250000000045e+00 nan nan nan
9.787500000000000089e-01 1.377727499999999772e+00 nan nan nan
9.812499999999999556e-01 1.435818499999999887e+00 nan nan nan
9.837500000000000133e-01 1.484631000000000034e+00 nan nan nan
9.862499999999999600e-01 1.552930250000000179e+00 nan nan nan
9.887500000000000178e-01 1.600881999999999916e+00 nan nan nan
9.912499999999999645e-01 1.646518999999999844e+00 nan nan nan
9.937500000000000222e-01 1.695926250000000080e+00 nan nan nan
9.962499999999999689e-01 1.768004499999999979e+00 nan nan nan
9.987500000000000266e-01 1.812572999999999990e+00 nan nan nan
1.001249999999999973e+00 1.855406499999999959e+00 nan nan nan
1.003749999999999920e+00 1.883530750000000253e+00 nan nan nan
1.006250000000000089e+00 1.936970000000000081e+00 nan nan nan
1.008750000000000036e+00 1.978861250000000016e+00 nan nan nan
1.011249999999999982e+00 1.983262999999999776e+00 nan nan nan
1.013749999999999929e+00 2.062325749999999847e+00 nan nan nan
1.016250000000000098e+00 2.086048250000000159e+00 nan nan nan
1.018750000000000044e+00 2.074230000000000018e+00 nan nan nan
1.021249999999999991e+00 2.119190750000000012e+00 nan nan nan
1.023749999999999938e+00 2.157258999999999816e+00 nan nan nan
1.026250000000000107e+00 2.172838250000000304e+00 nan nan nan
1.028750000000000053e+00 2.214071249999999935e+00 nan nan nan
1.031250000000000000e+00 2.216261499999999884e+00 nan nan nan
1.033749999999999947e+00 2.193299999999999805e+00 nan nan nan
1.036249999999999893e+00 2.242644000000000304e+00 nan nan nan
1.038750000000000062e+00 2.250716500000000231e+00 nan nan nan
1.041250000000000009e+00 2.286948500000000273e+00 nan nan nan
1.043749999999999956e+00 2.306468000000000185e+00 nan nan nan
1.046249999999999902e+00 2.272924499999999792e+00 nan nan nan
1.048750000000000071e+00 2.274123750000000221e+00 nan nan nan
1.051250000000000018e+00 2.300022250000000046e+00 nan nan nan
1.053749999999999964e+00 2.301144999999999996e+00 nan nan nan
1.056249999999999911e+00 2.320579750000000274e+00 nan nan nan
1.058750000000000080e+00 2.274017249999999990e+00 nan nan nan
1.061250000000000027e+00 2.270202250000000088e+00 nan nan nan
1.063749999999999973e+00 2.280556499999999875e+00 nan nan nan
1.066249999999999920e+00 2.284190249999999978e+00 nan nan nan
1.068750000000000089e+00 2.263498000000000232e+00 nan nan nan
1.071250000000000036e+00 2.275326249999999995e+00 nan nan nan
1.073749999999999982e+00 2.271691499999999753e+00 nan nan nan
1.076249999999999929e+00 2.250502000000000002e+00 nan nan nan
1.078750000000000098e+00 2.229266249999999783e+00 nan nan nan
1.081250000000000044e+00 2.219622250000000019e+00 nan nan nan
1.083749999999999991e+00 2.204521750000000058e+00 nan nan nan
1.086249999999999938e+00 2.194386249999999983e+00 nan nan nan
1.088750000000000107e+00 2.189683000000000046e+00 nan nan nan
1.091250000000000053e+00 2.165354500000000293e+00 nan nan nan
1.093750000000000000e+00 2.170878249999999898e+00 nan nan nan
1.096249999999999947e+00 2.142578750000000198e+00 nan nan nan
1.098749999999999893e+00 2.142529249999999941e+00 nan nan nan
1.101250000000000062e+00 2.091400000000000148e+00 nan nan nan
1.103750000000000009e+00 2.098426250000000159e+00 nan nan nan
1.106249999999999956e+00 2.084173499999999901e+00 nan nan nan
1.108749999999999902e+00 2.064132249999999669e+00 nan nan nan
1.111250000000000071e+00 2.045176500000000175e+00 nan nan nan
1.113750000000000018e+00 2.019502500000000200e+00 nan nan nan
1.116249999999999964e+00 1.997201000000000004e+00 nan nan nan
1.118749999999999911e+00 1.990113750000000126e+00 nan nan nan
1.121250000000000080e+00 1.975990000000000135e+00 nan nan nan
1.123750000000000027e+00 1.957340499999999928e+00 nan nan nan
1.126249999999999973e+00 1.908364249999999984e+00 nan nan nan
1.128749999999999920e+00 1.905508500000000049e+00 nan nan nan
1.131250000000000089e+00 1.876926499999999942e+00 nan nan nan
1.133750000000000036e+00 1.883396999999999988e+00 nan nan nan
1.136249999999999982e+00 1.874527500000000124e+00 nan nan nan
1.138749999999999929e+00 1.843558000000000030e+00 nan nan nan
1.141250000000000098e+00 1.824165749999999919e+00 nan nan nan
1.143750000000000044e+00 1.794039500000000231e+00 nan nan nan
1.146249999999999991e+00 1.772480499999999903e+00 nan nan nan
1.148749999999999938e+00 1.767086749999999817e+00 nan nan nan
1.151250000000000107e+00 1.755295499999999898e+00 nan nan nan
1.153750000000000053e+00 1.733177750000000072e+00 nan nan nan
1.156250000000000000e+00 1.703436249999999985e+00 nan nan nan
1.158749999999999947e+00 1.697135499999999908e+00 nan nan nan
1.161249999999999893e+00 1.683990500000000168e+00 nan nan nan
1.163750000000000062e+00 1.670566250000000030e+00 nan nan nan
1.166250000000000009e+00 1.638919999999999932e+00 nan nan nan
1.168749999999999956e+00 1.624655499999999808e+00 nan nan nan
1.171249999999999902e+00 1.623566499999999913e+00 nan nan nan
1.173750000000000071e+00 1.624410249999999944e+00 nan nan nan
1.176250000000000018e+00 1.608230749999999931e+00 nan nan nan
1.178749999999999964e+00 1.580185999999999868e+00 nan nan nan
1.181249999999999911e+00 1.559106749999999764e+00 nan nan nan
1.183750000000000080e+00 1.547900749999999714e+00 nan nan nan
1.186250000000000027e+00 1.538582500000000186e+00 nan nan nan
1.188749999999999973e+00 1.539136000000000060e+00 nan nan nan
1.191249999999999920e+00 1.513508250000000110e+00 nan nan nan
1.193750000000000089e+00 1.514938249999999931e+00 nan nan nan
1.196250000000000036e+00 1.479025249999999847e+00 nan nan nan
1.198749999999999982e+00 1.481799000000000088e+00 nan nan nan
1.201249999999999929e+00 1.465416749999999935e+00 nan nan nan
1.203750000000000098e+00 1.473375750000000206e+00 nan nan nan
1.206250000000000044e+00 1.417116000000000042e+00 nan nan nan
1.208749999999999991e+00 1.420571499999999876e+00 nan nan nan
1.211249999999999938e+00 1.416186999999999863e+00 nan nan nan
1.213750000000000107e+00 1.409668499999999991e+00 nan nan nan
1.216250000000000053e+00 1.400441500000000117e+00 nan nan nan
1.218750000000000000e+00 1.393931499999999879e+00 nan nan nan
1.221249999999999947e+00 1.376721250000000119e+00 nan nan nan
1.223749999999999893e+00 1.362696500000000199e+00 nan nan nan
1.226250000000000062e+00 1.356046749999999967e+00 nan nan nan
1.228750000000000009e+00 1.344891999999999976e+00 nan nan nan
1.231249999999999956e+00 1.318803500000000017e+00 nan nan nan
1.233749999999999902e+00 1.326328249999999986e+00 nan nan nan
1.236250000000000071e+00 1.314729749999999919e+00 nan nan nan
1.238750000000000018e+00 1.278687750000000012e+00 nan nan nan
1.241249999999999964e+00 1.282042249999999939e+00 nan nan nan
1.243749999999999911e+00 1.274509749999999997e+00 nan nan nan
1.246250000000000080e+00 1.268583000000000016e+00 nan nan nan
1.248750000000000027e+00 1.255517750000000099e+00 nan nan nan
1.251249999999999973e+00 1.265611250000000076e+00 nan nan nan
1.253749999999999920e+00 1.240427750000000051e+00 nan nan nan
1.256250000000000089e+00 1.241860249999999999e+00 nan nan nan
1.258750000000000036e+00 1.219438500000000092e+00 nan nan nan
1.261249999999999982e+00 1.227877499999999955e+00 nan nan nan
1.263749999999999929e+00 1.212753750000000075e+00 nan nan nan
1.266250000000000098e+00 1.195757500000000029e+00 nan nan nan
1.268750000000000044e+00 1.188127500000000003e+00 nan nan nan
1.271249999999999991e+00 1.177715499999999915e+00 nan nan nan
1.273749999999999938e+00 1.157110000000000083e+00 nan nan nan
1.276250000000000107e+00 1.166866750000000064e+00 nan nan nan
1.278750000000000053e+00 1.171950250000000082e+00 nan nan nan
1.281250000000000000e+00 1.146701250000000005e+00 nan nan nan
1.283749999999999947e+00 1.142239249999999817e+00 nan nan nan
1.286249999999999893e+00 1.132270249999999923e+00 nan nan nan
1.288750000000000062e+00 1.146560749999999906e+00 nan nan nan
1.291250000000000009e+00 1.123060750000000052e+00 nan nan nan
1.293749999999999956e+00 1.124801500000000010e+00 nan nan nan
1.296249999999999902e+00 1.104198000000000013e+00 nan nan nan
1.298750000000000071e+00 1.100930999999999882e+00 nan nan nan
1.301250000000000018e+00 1.099332750000000081e+00 nan nan nan
1.303749999999999964e+00 1.073577749999999886e+00 nan nan nan
1.306249999999999911e+00 1.074613499999999888e+00 nan nan nan
1.308750000000000080e+00 1.076004999999999878e+00 nan nan nan
1.311250000000000027e+00 1.059261000000000008e+00 nan nan nan
1.313749999999999973e+00 1.055749000000000049e+00 nan nan nan
1.316249999999999920e+00 1.057833500000000093e+00 nan nan nan
1.318750000000000089e+00 1.042567500000000091e+00 nan nan nan
1.321250000000000036e+00 1.030613999999999919e+00 nan nan nan
1.323749999999999982e+00 1.031731500000000246e+00 nan nan nan
1.326249999999999929e+00 1.019893999999999856e+00 nan nan nan
1.328750000000000098e+00 1.016419749999999844e+00 nan nan nan
1.331250000000000044e+00 1.014399500000000121e+00 nan nan nan
1.333749999999999991e+00 1.020035000000000025e+00 nan nan nan
1.336249999999999938e+00 1.023271499999999889e+00 nan nan nan
1.338750000000000107e+00 1.015055249999999853e+00 nan nan nan
1.341250000000000053e+00 1.003924000000000039e+00 nan nan nan
1.343750000000000000e+00 9.805454999999999588e-01 nan nan nan
1.346249999999999947e+00 9.875710000000000877e-01 nan nan nan
1.348749999999999893e+00 9.826552500000000911e-01 nan nan nan
1.351250000000000062e+00 9.843844999999999956e-01 nan nan nan
1.353750000000000009e+00 9.672230000000000549e-01 nan nan nan
1.356249999999999956e+00 9.728537499999999616e-01 nan nan nan
1.358749999999999902e+00 9.631477499999999692e-01 nan nan nan
1.361250000000000071e+00 9.484287499999999316e-01 nan nan nan
1.363750000000000018e+00 9.676522499999999916e-01 nan nan nan
1.366249999999999964e+00 9.474257499999999554e-01 nan nan nan
1.368749999999999911e+00 9.490579999999999572e-01 nan nan nan
1.371250000000000080e+00 9.447214999999999918e-01 nan nan nan
1.373750000000000027e+00 9.356267499999999515e-01 nan nan nan
1.376249999999999973e+00 9.273299999999999876e-01 nan nan nan
1.378749999999999920e+00 9.237695000000000212e-01 nan nan nan
1.381250000000000089e+00 9.143639999999999546e-01 nan nan nan
1.383750000000000036e+00 9.182347499999999885e-01 nan nan nan
1.386249999999999982e+00 9.072504999999999598e-01 nan nan nan
1.388749999999999929e+00 9.204689999999999817e-01 nan nan nan
1.391250000000000098e+00 8.983107500000000467e-01 nan nan nan
1.393750000000000044e+00 8.952219999999999622e-01 nan nan nan
1.396249999999999991e+00 8.919535000000000657e-01 nan nan nan
1.398749999999999938e+00 8.981264999999999388e-01 nan nan nan
1.401250000000000107e+00 8.688277500000001208e-01 nan nan nan
1.403750000000000053e+00 8.748339999999998895e-01 nan nan nan
1.406250000000000000e+00 8.798920000000000075e-01 nan nan nan
1.408749999999999947e+00 8.703007500000000674e-01 nan nan nan
1.411249999999999893e+00 8.886069999999999247e-01 nan nan nan
1.413750000000000062e+00 8.717260000000000009e-01 nan nan nan
1.416250000000000009e+00 8.548950000000000715e-01 nan nan nan
1.418749999999999956e+00 8.773417500000000313e-01 nan nan nan
1.421249999999999902e+00 8.587732500000000435e-01 nan nan nan
1.423750000000000071e+00 8.498639999999999528e-01 nan nan nan
1.426250000000000018e+00 8.570130000000000248e-01 nan nan nan
1.428749999999999964e+00 8.532064999999999788e-01 nan nan nan
1.431249999999999911e+00 8.398629999999999152e-01 nan nan nan
1.433750000000000080e+00 8.318647499999999306e-01 nan nan nan
1.436250000000000027e+00 8.560302499999999926e-01 nan nan nan
1.438749999999999973e+00 8.404047500000000337e-01 nan nan nan
1.441249999999999920e+00 8.431230000000000668e-01 nan nan nan
1.443750000000000089e+00 8.480750000000001343e-01 nan nan nan
1.446250000000000036e+00 8.377289999999999459e-01 nan nan nan
1.448749999999999982e+00 8.407165000000000887e-01 nan nan nan
1.451249999999999929e+00 8.329929999999999835e-01 nan nan nan
1.453750000000000098e+00 8.301304999999999934e-01 nan nan nan
1.456250000000000044e+00 8.289612499999999828e-01 nan nan nan
1.458749999999999991e+00 8.163232499999999447e-01 nan nan nan
1.461249999999999938e+00 8.261564999999999603e-01 nan nan nan
1.463750000000000107e+00 8.247017500000000112e-01 nan nan nan
1.466250000000000053e+00 8.152089999999999614e-01 nan nan nan
1.468750000000000000e+00 8.128487500000000088e-01 nan nan nan
1.471249999999999947e+00 8.166087499999999944e-01 nan nan nan
1.473749999999999893e+00 8.170017499999999711e-01 nan nan nan
1.476250000000000062e+00 8.054270000000001151e-01 nan nan nan
1.478750000000000009e+00 7.950309999999999322e-01 nan nan nan
1.481249999999999956e+00 8.052144999999999442e-01 nan nan nan
1.483749999999999902e+00 8.001929999999999321e-01 nan nan nan
1.486250000000000071e+00 7.942799999999999860e-01 nan nan nan
1.488750000000000018e+00 8.004489999999999661e-01 nan nan nan
1.491249999999999964e+00 7.947942500000000354e-01 nan nan nan
1.493749999999999911e+00 7.992022500000000029e-01 nan nan nan
1.496250000000000080e+00 7.974992499999999929e-01 nan nan nan
1.498750000000000027e+00 7.896334999999999882e-01 nan nan nan
1.501249999999999973e+00 7.918009999999999771e-01 nan nan nan
1.503749999999999920e+00 7.886085000000000456e-01 nan nan nan
1.506250000000000089e+00 7.768014999999999226e-01 nan nan nan
1.508750000000000036e+00 7.890869999999999829e-01 nan nan nan
1.511249999999999982e+00 7.923799999999999732e-01 nan nan nan
1.513749999999999929e+00 7.780012499999999775e-01 nan nan nan
1.516250000000000098e+00 7.937440000000000051e-01 nan nan nan
1.518750000000000044e+00 7.711782499999999541e-01 nan nan nan
1.521249999999999991e+00 7.891939999999999511e-01 nan nan nan
1.523749999999999938e+00 7.752709999999999324e-01 nan nan nan
1.526250000000000107e+00 7.804292500000000743e-01 nan nan nan
1.528750000000000053e+00 7.652025000000000077e-01 nan nan nan
1.531250000000000000e+00 7.817937499999999540e-01 nan nan nan
1.533749999999999947e+00 7.760042500000000620e-01 nan nan nan
1.536249999999999893e+00 7.738039999999999363e-01 nan nan nan
1.538750000000000062e+00 7.668882500000000491e-01 nan nan nan
1.541250000000000009e+00 7.712004999999999555e-01 nan nan nan
1.543749999999999956e+00 7.827895000000000270e-01 nan nan nan
1.546249999999999902e+00 7.648912499999999115e-01 nan nan nan
1.548750000000000071e+00 7.748809999999999309e-01 nan nan nan
1.551250000000000018e+00 7.702717500000000328e-01 nan nan nan
1.553749999999999964e+00 7.683217499999999145e-01 nan nan nan
1.556249999999999911e+00 7.645950000000000246e-01 nan nan nan
1.558750000000000080e+00 7.700464999999999671e-01 nan nan nan
1.561250000000000027e+00 7.679475000000000051e-01 nan nan nan
1.563749999999999973e+00 7.625302499999999650e-01 nan nan nan
1.566249999999999920e+00 7.655399999999999983e-01 nan nan nan
1.568750000000000089e+00 7.748819999999999597e-01 nan nan nan
1.571250000000000036e+00 7.613967500000000665e-01 nan nan nan
1.573749999999999982e+00 7.708900000000000752e-01 nan nan nan
1.576249999999999929e+00 7.697770000000000445e-01 nan nan nan
1.578750000000000098e+00 7.808085000000000164e-01 nan nan nan
1.581250000000000044e+00 7.779347500000000082e-01 nan nan nan
1.583749999999999991e+00 7.655452499999999549e-01 nan nan nan
1.586249999999999938e+00 7.678840000000000110e-01 nan nan nan
1.588750000000000107e+00 7.729244999999999033e-01 nan nan nan
1.591250000000000053e+00 7.797374999999999723e-01 nan nan nan
1.593750000000000000e+00 7.720369999999999733e-01 nan nan nan
1.596249999999999947e+00 7.641814999999999580e-01 nan nan nan
1.598749999999999893e+00 7.780597500000000499e-01 nan nan nan
1.601250000000000062e+00 7.613007499999999705e-01 nan nan nan
1.603750000000000009e+00 7.694589999999998930e-01 nan nan nan
1.606249999999999956e+00 7.705152499999999849e-01 nan nan nan
1.608749999999999902e+00 7.712667500000001120e-01 nan nan nan
1.611250000000000071e+00 7.713240000000001206e-01 nan nan nan
1.613750000000000018e+00 7.646882499999999583e-01 nan nan nan
1.616249999999999964e+00 7.613507500000000761e-01 nan nan nan
1.618749999999999911e+00 7.807880000000000376e-01 nan nan nan
1.621250000000000080e+00 7.832677500000000403e-01 nan nan nan
1.623750000000000027e+00 7.594937499999999675e-01 nan nan nan
1.626249999999999973e+00 7.704297499999999133e-01 nan nan nan
1.628749999999999920e+00 7.781797500000000589e-01 nan nan nan
1.631250000000000089e+00 7.758437500000000542e-01 nan nan nan
1.633750000000000036e+00 7.898107500000000059e-01 nan nan nan
1.636249999999999982e+00 7.638437499999999325e-01 nan nan nan
1.638749999999999929e+00 7.796007499999999535e-01 nan nan nan
1.641250000000000098e+00 7.912467499999999987e-01 nan nan nan
1.643750000000000044e+00 7.855950000000000433e-01 nan nan nan
1.646249999999999991e+00 7.817089999999999872e-01 nan nan nan
1.648749999999999938e+00 7.868239999999999679e-01 nan nan nan
1.651250000000000107e+00 7.810389999999999278e-01 nan nan nan
1.653750000000000053e+00 7.794699999999999962e-01 nan nan nan
1.656250000000000000e+00 7.802704999999999780e-01 nan nan nan
1.658749999999999947e+00 7.935397499999999882e-01 nan nan nan
1.661249999999999893e+00 7.872830000000000661e-01 nan nan nan
1.663750000000000062e+00 7.929110000000001435e-01 nan nan nan
1.666250000000000009e+00 7.873282499999999517e-01 nan nan nan
1.668749999999999956e+00 7.861580000000000235e-01 nan nan nan
1.671249999999999902e+00 7.951427499999998982e-01 nan nan nan
1.673750000000000071e+00 7.924062499999999787e-01 nan nan nan
1.676250000000000018e+00 7.909947500000000797e-01 nan nan nan
1.678749999999999964e+00 7.933324999999999960e-01 nan nan nan
1.681249999999999911e+00 8.070789999999998798e-01 nan nan nan
1.683750000000000080e+00 7.983150000000001079e-01 nan nan nan
1.686250000000000027e+00 8.059662499999999952e-01 nan nan nan
1.688749999999999973e+00 7.967607500000000176e-01 nan nan nan
1.691249999999999920e+00 8.016080000000000982e-01 nan nan nan
1.693750000000000089e+00 8.031435000000000102e-01 nan nan nan
1.696250000000000036e+00 8.019707499999999545e-01 nan nan nan
1.698749999999999982e+00 8.064420000000001032e-01 nan nan nan
1.701249999999999929e+00 8.073242499999999655e-01 nan nan nan
1.703750000000000098e+00 8.112205000000000110e-01 nan nan nan
1.706250000000000044e+00 8.235197499999999948e-01 nan nan nan
1.708749999999999991e+00 8.213727499999999848e-01 nan nan nan
1.711249999999999938e+00 8.105077500000000823e-01 nan nan nan
1.713750000000000107e+00 8.174095000000000111e-01 nan nan nan
1.716250000000000053e+00 8.259940000000000060e-01 nan nan nan
1.718750000000000000e+00 8.245830000000000659e-01 nan nan nan
1.721249999999999947e+00 8.299574999999999037e-01 nan nan nan
1.723749999999999893e+00 8.314457499999999834e-01 nan nan nan
1.726250000000000062e+00 8.242602500000000276e-01 nan nan nan
1.728750000000000009e+00 8.380874999999998742e-01 nan nan nan
1.731249999999999956e+00 8.402932499999999916e-01 nan nan nan
1.733749999999999902e+00 8.377442499999998571e-01 nan nan nan
1.736250000000000071e+00 8.325919999999999987e-01 nan nan nan
1.738750000000000018e+00 8.455927500000000041e-01 nan nan nan
1.741249999999999964e+00 8.485337500000000865e-01 nan nan nan
1.743749999999999911e+00 8.372375000000000789e-01 nan nan nan
1.746250000000000080e+00 8.500192500000001150e-01 nan nan nan
1.748750000000000027e+00 8.545757499999999673e-01 nan nan nan
1.751249999999999973e+00 8.508109999999999840e-01 nan nan nan
1.753749999999999920e+00 8.492550000000000932e-01 nan nan nan
1.756250000000000089e+00 8.550012500000000459e-01 nan nan nan
1.758750000000000036e+00 8.596420000000000172e-01 nan nan nan
1.761249999999999982e+00 8.578185000000000393e-01 nan nan nan
1.763749999999999929e+00 8.571459999999999635e-01 nan nan nan
1.766250000000000098e+00 8.628317499999998974e-01 nan nan nan
1.768750000000000044e+00 8.777892500000000764e-01 nan nan nan
1.771249999999999991e+00 8.698825000000000029e-01 nan nan nan
1.773749999999999938e+00 8.755550000000000832e-01 nan nan nan
1.776250000000000107e+00 8.722054999999999669e-01 nan nan nan
1.778750000000000053e+00 8.791592499999999477e-01 nan nan nan
1.781250000000000000e+00 8.797787499999999428e-01 nan nan nan
1.783749999999999947e+00 8.836287499999999628e-01 nan nan nan
1.786249999999999893e+00 8.882502500000000190e-01 nan nan nan
1.788750000000000062e+00 8.971737500000001031e-01 nan nan nan
1.791250000000000009e+00 9.024777499999999675e-01 nan nan nan
1.793749999999999956e+00 8.963282500000000486e-01 nan nan nan
1.796249999999999902e+00 8.973819999999999020e-01 nan nan nan
1.798750000000000071e+00 8.985829999999999096e-01 nan nan nan
1.801250000000000018e+00 9.080037499999999984e-01 nan nan nan
1.803749999999999964e+00 9.005644999999999900e-01 nan nan nan
1.806249999999999911e+00 9.036462499999999842e-01 nan nan nan
1.808750000000000080e+00 9.151025000000000409e-01 nan nan nan
1.811250000000000027e+00 9.109890000000000487e-01 nan nan nan
1.813749999999999973e+00 9.177554999999999463e-01 nan nan nan
1.816249999999999920e+00 9.291067499999999812e-01 nan nan nan
1.818750000000000089e+00 9.236327500000000024e-01 nan nan nan
1.821250000000000036e+00 9.296855000000000535e-01 nan nan nan
1.823749999999999982e+00 9.187665000000000415e-01 nan nan nan
1.826249999999999929e+00 9.281470000000000553e-01 nan nan nan
1.828750000000000098e+00 9.429479999999998974e-01 nan nan nan
1.831250000000000044e+00 9.383654999999999635e-01 nan nan nan
1.833749999999999991e+00 9.438627499999999726e-01 nan nan nan
1.836249999999999938e+00 9.362789999999999724e-01 nan nan nan
1.838750000000000107e+00 9.418575000000000141e-01 nan nan nan
1.841250000000000053e+00 9.479655000000000165e-01 nan nan nan
1.843750000000000000e+00 9.395989999999999620e-01 nan nan nan
1.846249999999999947e+00 9.581687500000000135e-01 nan nan nan
1.848749999999999893e+00 9.621634999999999494e-01 nan nan nan
1.851250000000000062e+00 9.563390000000000502e-01 nan nan nan
1.853750000000000009e+00 9.562399999999999789e-01 nan nan nan
1.856249999999999956e+00 9.711205000000000531e-01 nan nan nan
1.858749999999999902e+00 9.739197500000000840e-01 nan nan nan
1.861250000000000071e+00 9.737277500000000030e-01 nan nan nan
1.863750000000000018e+00 9.771202499999999125e-01 nan nan nan
1.866249999999999964e+00 9.846892499999999604e-01 nan nan nan
1.868749999999999911e+00 9.785249999999999782e-01 nan nan nan
1.871250000000000080e+00 9.833195000000000130e-01 nan nan nan
1.873750000000000027e+00 9.878317500000000084e-01 nan nan nan
1.876249999999999973e+00 9.881990000000000496e-01 nan nan nan
1.878749999999999920e+00 1.001168750000000163e+00 nan nan nan
1.881250000000000089e+00 9.938027499999999570e-01 nan nan nan
1.883750000000000036e+00 1.009440749999999998e+00 nan nan nan
1.886249999999999982e+00 1.008839249999999854e+00 nan nan nan
1.888749999999999929e+00 1.015473000000000070e+00 nan nan nan
1.891250000000000098e+00 1.008204500000000170e+00 nan nan nan
1.893750000000000044e+00 1.013450500000000032e+00 nan nan nan
1.896249999999999991e+00 1.017569249999999981e+00 nan nan nan
1.898749999999999938e+00 1.017748000000000097e+00 nan nan nan
1.901250000000000107e+00 1.027877249999999965e+00 nan nan nan
1.903750000000000053e+00 1.032897249999999989e+00 nan nan nan
1.906250000000000000e+00 1.034703499999999998e+00 nan nan nan
1.908749999999999947e+00 1.028156000000000070e+00 nan nan nan
1.911249999999999893e+00 1.036293249999999944e+00 nan nan nan
1.913750000000000062e+00 1.033275249999999978e+00 nan nan nan
1.916250000000000009e+00 1.048170999999999964e+00 nan nan nan
1.918749999999999956e+00 1.038085249999999959e+00 nan nan nan
1.921249999999999902e+00 1.045477999999999907e+00 nan nan nan
1.923750000000000071e+00 1.055371250000000094e+00 nan nan nan
1.926250000000000018e+00 1.037761249999999968e+00 nan nan nan
1.928749999999999964e+00 1.045395249999999887e+00 nan nan nan
1.931249999999999911e+00 1.063656000000000157e+00 nan nan nan
1.933750000000000080e+00 1.062811500000000020e+00 nan nan nan
1.936250000000000027e+00 1.055727749999999965e+00 nan nan nan
1.938749999999999973e+00 1.080034750000000043e+00 nan nan nan
1.941249999999999920e+00 1.069494500000000015e+00 nan nan nan
1.943750000000000089e+00 1.079062500000000036e+00 nan nan nan
1.946250000000000036e+00 1.062394999999999978e+00 nan nan nan
1.948749999999999982e+00 1.080027749999999953e+00 nan nan nan
1.951249999999999929e+00 1.083439750000000146e+00 nan nan nan
1.953750000000000098e+00 1.083833500000000116e+00 nan nan nan
1.956250000000000044e+00 1.081663000000000041e+00 nan nan nan
1.958749999999999991e+00 1.092192749999999934e+00 nan nan nan
1.961249999999999938e+00 1.092616500000000102e+00 nan nan nan
1.963750000000000107e+00 1.089110999999999940e+00 nan nan nan
1.966250000000000053e+00 1.096965999999999886e+00 nan nan nan
1.968750000000000000e+00 1.090409249999999997e+00 nan nan nan
1.971249999999999947e+00 1.099293749999999736e+00 nan nan nan
1.973749999999999893e+00 1.103822000000000081e+00 nan nan nan
1.976250000000000062e+00 1.104253750000000034e+00 nan nan nan
1.978750000000000009e+00 1.106726000000000099e+00 nan nan nan
1.981249999999999956e+00 1.101537999999999906e+00 nan nan nan
1.983749999999999902e+00 1.104287999999999936e+00 nan nan nan
1.986250000000000071e+00 1.114788249999999925e+00 nan nan nan
1.988750000000000018e+00 1.105590000000000073e+00 nan nan nan
1.991249999999999964e+00 1.112499750000000009e+00 nan nan nan
1.993749999999999911e+00 1.117836249999999865e+00 nan nan nan
1.996250000000000080e+00 1.114622999999999919e+00 nan nan nan
1.998750000000000027e+00 1.117628999999999984e+00 nan nan nan
2.001250000000000195e+00 1.127760000000000096e+00 nan nan nan
2.003750000000000142e+00 1.120292249999999878e+00 nan nan nan
2.006250000000000089e+00 1.121102999999999961e+00 nan nan nan
2.008750000000000036e+00 1.123419249999999980e+00 nan nan nan
2.011249999999999982e+00 1.129995249999999896e+00 nan nan nan
2.013749999999999929e+00 1.129260500000000222e+00 nan nan nan
2.016249999999999876e+00 1.124052999999999969e+00 nan nan nan
2.018749999999999822e+00 1.133719499999999991e+00 nan nan nan
2.021250000000000213e+00 1.128115999999999897e+00 nan nan nan
2.023750000000000160e+00 1.132781000000000038e+00 nan nan nan
2.026250000000000107e+00 1.132650749999999817e+00 nan nan nan
2.028750000000000053e+00 1.130139250000000040e+00 nan nan nan
2.031250000000000000e+00 1.137867500000000032e+00 nan nan nan
2.033749999999999947e+00 1.131659500000000040e+00 nan nan nan
2.036249999999999893e+00 1.139829750000000086e+00 nan nan nan
2.038749999999999840e+00 1.139269250000000122e+00 nan nan nan
2.041249999999999787e+00 1.138250500000000054e+00 nan nan nan
2.043750000000000178e+00 1.137963249999999871e+00 nan nan nan
2.046250000000000124e+00 1.138676500000000091e+00 nan nan nan
2.048750000000000071e+00 1.151014999999999899e+00 nan nan nan
2.051250000000000018e+00 1.143527249999999995e+00 nan nan nan
2.053749999999999964e+00 1.141197250000000052e+00 nan nan nan
2.056249999999999911e+00 1.147625750000000000e+00 nan nan nan
2.058749999999999858e+00 1.142590250000000029e+00 nan nan nan
2.061249999999999805e+00 1.143321749999999914e+00 nan nan nan
2.063750000000000195e+00 1.143300250000000018e+00 nan nan nan
2.066250000000000142e+00 1.150452249999999843e+00 nan nan nan
2.068750000000000089e+00 1.148178499999999991e+00 nan nan nan
2.071250000000000036e+00 1.142088999999999910e+00 nan nan nan
2.073749999999999982e+00 1.148266000000000009e+00 nan nan nan
2.076249999999999929e+00 1.145738499999999993e+00 nan nan nan
2.078749999999999876e+00 1.136187499999999906e+00 nan nan nan
2.081249999999999822e+00 1.145083249999999886e+00 nan nan nan
2.083750000000000213e+00 1.126729249999999904e+00 nan nan nan
2.086250000000000160e+00 1.129522750000000020e+00 nan nan nan
2.088750000000000107e+00 1.129385250000000118e+00 nan nan nan
2.091250000000000053e+00 1.127064499999999914e+00 nan nan nan
2.093750000000000000e+00 1.137252500000000000e+00 nan nan nan
2.096249999999999947e+00 1.133644499999999944e+00 nan nan nan
2.098749999999999893e+00 1.133369749999999954e+00 nan nan nan
2.101249999999999840e+00 1.136577999999999866e+00 nan nan nan
2.103749999999999787e+00 1.150397749999999997e+00 nan nan nan
2.106250000000000178e+00 1.134226500000000026e+00 nan nan nan
2.108750000000000124e+00 1.137572000000000028e+00 nan nan nan
2.111250000000000071e+00 1.135934750000000104e+00 nan nan nan
2.113750000000000018e+00 1.117341499999999987e+00 nan nan nan
2.116249999999999964e+00 1.133923750000000119e+00 nan nan nan
2.118749999999999911e+00 1.129266749999999986e+00 nan nan nan
2.121249999999999858e+00 1.130533999999999928e+00 nan nan nan
2.123749999999999805e+00 1.137881750000000025e+00 nan nan nan
2.126250000000000195e+00 1.127754499999999993e+00 nan nan nan
2.128750000000000142e+00 1.129428250000000133e+00 nan nan nan
2.131250000000000089e+00 1.122244999999999937e+00 nan nan nan
2.133750000000000036e+00 1.115037000000000056e+00 nan nan nan
2.136249999999999982e+00 1.123545749999999899e+00 nan nan nan
2.138749999999999929e+00 1.127202500000000107e+00 nan nan nan
2.141249999999999876e+00 1.117860750000000181e+00 nan nan nan
2.143749999999999822e+00 1.118325999999999931e+00 nan nan nan
2.146250000000000213e+00 1.116081000000000101e+00 nan nan nan
2.148750000000000160e+00 1.103654249999999948e+00 nan nan nan
2.151250000000000107e+00 1.113316750000000077e+00 nan nan nan
2.153750000000000053e+00 1.108266750000000078e+00 nan nan nan
2.156250000000000000e+00 1.109800499999999968e+00 nan nan nan
2.158749999999999947e+00 1.100628749999999823e+00 nan nan nan
2.161249999999999893e+00 1.101758750000000120e+00 nan nan nan
2.163749999999999840e+00 1.106981250000000028e+00 nan nan nan
2.166249999999999787e+00 1.104427999999999965e+00 nan nan nan
2.168750000000000178e+00 1.096179249999999827e+00 nan nan nan
2.171250000000000124e+00 1.106332500000000163e+00 nan nan nan
2.173750000000000071e+00 1.094155999999999906e+00 nan nan nan
2.176250000000000018e+00 1.109201249999999916e+00 nan nan nan
2.178749999999999964e+00 1.092273500000000119e+00 nan nan nan
2.181249999999999911e+00 1.102865749999999867e+00 nan nan nan
2.183749999999999858e+00 1.098769250000000142e+00 nan nan nan
2.186249999999999805e+00 1.089048500000000086e+00 nan nan nan
2.188750000000000195e+00 1.088127999999999984e+00 nan nan nan
2.191250000000000142e+00 1.090042500000000025e+00 nan nan nan
2.193750000000000089e+00 1.086952000000000140e+00 nan nan nan
2.196250000000000036e+00 1.088643500000000097e+00 nan nan nan
2.198749999999999982e+00 1.080830500000000027e+00 nan nan nan
2.201249999999999929e+00 1.077615999999999907e+00 nan nan nan
2.203749999999999876e+00 1.078287749999999878e+00 nan nan nan
2.206249999999999822e+00 1.071613499999999997e+00 nan nan nan
2.208750000000000213e+00 1.086025749999999901e+00 nan nan nan
2.211250000000000160e+00 1.070985499999999924e+00 nan nan nan
2.213750000000000107e+00 1.072693000000000119e+00 nan nan nan
2.216250000000000053e+00 1.065640750000000025e+00 nan nan nan
2.218750000000000000e+00 1.070162749999999940e+00 nan nan nan
2.221249999999999947e+00 1.064766000000000101e+00 nan nan nan
2.223749999999999893e+00 1.073172250000000050e+00 nan nan nan
2.226249999999999840e+00 1.060860749999999797e+00 nan nan nan
2.228749999999999787e+00 1.059121999999999897e+00 nan nan nan
2.231250000000000178e+00 1.059610500000000011e+00 nan nan nan
2.233750000000000124e+00 1.061163999999999996e+00 nan nan nan
2.236250000000000071e+00 1.062403250000000021e+00 nan nan nan
2.238750000000000018e+00 1.059347000000000039e+00 nan nan nan
2.241249999999999964e+00 1.063616750000000000e+00 nan nan nan
2.243749999999999911e+00 1.047483249999999977e+00 nan nan nan
2.246249999999999858e+00 1.043540249999999947e+00 nan nan nan
2.248749999999999805e+00 1.052711750000000057e+00 nan nan nan
2.251250000000000195e+00 1.043952750000000096e+00 nan nan nan
2.253750000000000142e+00 1.044366750000000010e+00 nan nan nan
2.256250000000000089e+00 1.041803749999999917e+00 nan nan nan
2.258750000000000036e+00 1.037006499999999942e+00 nan nan nan
2.261249999999999982e+00 1.051748499999999975e+00 nan nan nan
2.263749999999999929e+00 1.045803999999999956e+00 nan nan nan
2.266249999999999876e+00 1.035278750000000025e+00 nan nan nan
2.268749999999999822e+00 1.045596500000000262e+00 nan nan nan
2.271250000000000213e+00 1.032820500000000141e+00 nan nan nan
2.273750000000000160e+00 1.035813749999999978e+00 nan nan nan
2.276250000000000107e+00 1.031625499999999862e+00 nan nan nan
2.278750000000000053e+00 1.034383000000000052e+00 nan nan nan
2.281250000000000000e+00 1.035464249999999975e+00 nan nan nan
2.283749999999999947e+00 1.029176000000000091e+00 nan nan nan
2.286249999999999893e+00 1.029942750000000018e+00 nan nan nan
2.288749999999999840e+00 1.031504749999999859e+00 nan nan nan
2.291249999999999787e+00 1.020051750000000146e+00 nan nan nan
2.293750000000000178e+00 1.023653499999999994e+00 nan nan nan
2.296250000000000124e+00 1.020002999999999993e+00 nan nan nan
2.298750000000000071e+00 1.029792500000000111e+00 nan nan nan
2.301250000000000018e+00 1.018480249999999865e+00 nan nan nan
2.303749999999999964e+00 1.017924249999999864e+00 nan nan nan
2.306249999999999911e+00 1.020069250000000149e+00 nan nan nan
2.308749999999999858e+00 1.020318250000000093e+00 nan nan nan
2.311249999999999805e+00 1.015280249999999995e+00 nan nan nan
2.313750000000000195e+00 1.009310750000000034e+00 nan nan nan
2.316250000000000142e+00 1.006445749999999917e+00 nan nan nan
2.318750000000000089e+00 1.005955750000000037e+00 nan nan nan
2.321250000000000036e+00 1.008084749999999863e+00 nan nan nan
2.323749999999999982e+00 1.003444500000000073e+00 nan nan nan
2.326249999999999929e+00 1.004014500000000032e+00 nan nan nan
2.328749999999999876e+00 1.008846750000000014e+00 nan nan nan
2.331249999999999822e+00 1.002402999999999933e+00 nan nan nan
2.333750000000000213e+00 9.998127499999999168e-01 nan nan nan
2.336250000000000160e+00 1.006619500000000000e+00 nan nan nan
2.338750000000000107e+00 9.952632500000000437e-01 nan nan nan
2.341250000000000053e+00 1.003809249999999986e+00 nan nan nan
2.343750000000000000e+00 9.965997500000000064e-01 nan nan nan
2.346249999999999947e+00 9.966019999999999879e-01 nan nan nan
2.348749999999999893e+00 9.947585000000001010e-01 nan nan nan
2.351249999999999840e+00 9.937937500000000313e-01 nan nan nan
2.353749999999999787e+00 9.884937499999999488e-01 nan nan nan
2.356250000000000178e+00 9.935427499999999190e-01 nan nan nan
2.358750000000000124e+00 9.868212499999999832e-01 nan nan nan
2.361250000000000071e+00 1.001699499999999965e+00 nan nan nan
2.363750000000000018e+00 9.795332500000000220e-01 nan nan nan
2.366249999999999964e+00 9.864572499999999522e-01 nan nan nan
2.368749999999999911e+00 9.837414999999999354e-01 nan nan nan
2.371249999999999858e+00 9.825050000000000727e-01 nan nan nan
2.373749999999999805e+00 9.772322500000000245e-01 nan nan nan
2.376250000000000195e+00 9.808742500000000586e-01 nan nan nan
2.378750000000000142e+00 9.761622500000000091e-01 nan nan nan
2.381250000000000089e+00 9.731940000000000035e-01 nan nan nan
2.383750000000000036e+00 9.746000000000000218e-01 nan nan nan
2.386249999999999982e+00 9.744567499999999827e-01 nan nan nan
2.388749999999999929e+00 9.818882499999999069e-01 nan nan nan
2.391249999999999876e+00 9.734099999999998865e-01 nan nan nan
2.393749999999999822e+00 9.760155000000000358e-01 nan nan nan
2.396250000000000213e+00 9.734484999999999388e-01 nan nan nan
2.398750000000000160e+00 9.711775000000000269e-01 nan nan nan
2.401250000000000107e+00 9.721332499999999488e-01 nan nan nan
2.403750000000000053e+00 9.666792499999999899e-01 nan nan nan
2.406250000000000000e+00 9.662527500000001046e-01 nan nan nan
2.408749999999999947e+00 9.679517499999999997e-01 nan nan nan
2.411249999999999893e+00 9.696850000000000191e-01 nan nan nan
2.413749999999999840e+00 9.594062500000000160e-01 nan nan nan
2.416249999999999787e+00 9.659809999999999786e-01 nan nan nan
2.418750000000000178e+00 9.605947500000000527e-01 nan nan nan
2.421250000000000124e+00 9.614312499999999595e-01 nan nan nan
2.423750000000000071e+00 9.670677500000001148e-01 nan nan nan
2.426250000000000018e+00 9.639309999999999823e-01 nan nan nan
2.428749999999999964e+00 9.601589999999999847e-01 nan nan nan
2.431249999999999911e+00 9.594110000000000138e-01 nan nan nan
2.433749999999999858e+00 9.605110000000000037e-01 nan nan nan
2.436249999999999805e+00 9.574480000000000768e-01 nan nan nan
2.438750000000000195e+00 9.624127500000000390e-01 nan nan nan
2.441250000000000142e+00 9.612957500000000044e-01 nan nan nan
2.443750000000000089e+00 9.658664999999999612e-01 nan nan nan
2.446250000000000036e+00 9.573277500000000328e-01 nan nan nan
2.448749999999999982e+00 9.541654999999999998e-01 nan nan nan
2.451249999999999929e+00 9.530452499999999549e-01 nan nan nan
2.453749999999999876e+00 9.512312500000000837e-01 nan nan nan
2.456249999999999822e+00 9.536160000000000192e-01 nan nan nan
2.458750000000000213e+00 9.532552499999999984e-01 nan nan nan
2.461250000000000160e+00 9.504799999999999915e-01 nan nan nan
2.463750000000000107e+00 9.416397499999999976e-01 nan nan nan
2.466250000000000053e+00 9.555144999999999333e-01 nan nan nan
2.468750000000000000e+00 9.388724999999999987e-01 nan nan nan
2.471249999999999947e+00 9.493612499999999343e-01 nan nan nan
2.473749999999999893e+00 9.500407499999998784e-01 nan nan nan
2.476249999999999840e+00 9.477502500000000163e-01 nan nan nan
2.478749999999999787e+00 9.482814999999999994e-01 nan nan nan
2.481250000000000178e+00 9.559542499999998943e-01 nan nan nan
2.483750000000000124e+00 9.469817499999999555e-01 nan nan nan
2.486250000000000071e+00 9.502205000000000235e-01 nan nan nan
2.488750000000000018e+00 9.414357499999999046e-01 nan nan nan
2.491249999999999964e+00 9.436447500000000321e-01 nan nan nan
2.493749999999999911e+00 9.416714999999999947e-01 nan nan nan
2.496249999999999858e+00 9.411332500000000323e-01 nan nan nan
2.498749999999999805e+00 9.459505000000000274e-01 nan nan nan
