1.250000000000000026e-03 0.000000000000000000e+00 nan nan nan
3.749999999999999861e-03 0.000000000000000000e+00 nan nan nan
6.250000000000000347e-03 0.000000000000000000e+00 nan nan nan
8.750000000000000833e-03 0.000000000000000000e+00 nan nan nan
1.124999999999999958e-02 0.000000000000000000e+00 nan nan nan
1.375000000000000007e-02 0.000000000000000000e+00 nan nan nan
1.625000000000000056e-02 0.000000000000000000e+00 nan nan nan
1.874999999999999931e-02 0.000000000000000000e+00 nan nan nan
2.125000000000000153e-02 0.000000000000000000e+00 nan nan nan
2.375000000000000028e-02 0.000000000000000000e+00 nan nan nan
2.624999999999999903e-02 0.000000000000000000e+00 nan nan nan
2.875000000000000125e-02 0.000000000000000000e+00 nan nan nan
3.125000000000000000e-02 0.000000000000000000e+00 nan nan nan
3.375000000000000222e-02 0.000000000000000000e+00 nan nan nan
3.624999999999999750e-02 0.000000000000000000e+00 nan nan nan
3.874999999999999972e-02 0.000000000000000000e+00 nan nan nan
4.125000000000000194e-02 0.000000000000000000e+00 nan nan nan
4.374999999999999722e-02 0.000000000000000000e+00 nan nan nan
4.624999999999999944e-02 0.000000000000000000e+00 nan nan nan
4.875000000000000167e-02 0.000000000000000000e+00 nan nan nan
5.124999999999999695e-02 0.000000000000000000e+00 nan nan nan
5.374999999999999917e-02 0.000000000000000000e+00 nan nan nan
5.625000000000000139e-02 0.000000000000000000e+00 nan nan nan
5.874999999999999667e-02 0.000000000000000000e+00 nan nan nan
6.124999999999999889e-02 0.000000000000000000e+00 nan nan nan
6.375000000000000111e-02 0.000000000000000000e+00 nan nan nan
6.625000000000000333e-02 0.000000000000000000e+00 nan nan nan
6.875000000000000555e-02 0.000000000000000000e+00 nan nan nan
7.124999999999999389e-02 0.000000000000000000e+00 nan nan nan
7.374999999999999611e-02 0.000000000000000000e+00 nan nan nan
7.624999999999999833e-02 0.000000000000000000e+00 nan nan nan
7.875000000000000056e-02 0.000000000000000000e+00 nan nan nan
8.125000000000000278e-02 0.000000000000000000e+00 nan nan nan
8.375000000000000500e-02 0.000000000000000000e+00 nan nan nan
8.624999999999999334e-02 0.000000000000000000e+00 nan nan nan
8.874999999999999556e-02 0.000000000000000000e+00 nan nan nan
9.124999999999999778e-02 0.000000000000000000e+00 nan nan nan
9.375000000000000000e-02 0.000000000000000000e+00 nan nan nan
9.625000000000000222e-02 0.000000000000000000e+00 nan nan nan
9.875000000000000444e-02 0.000000000000000000e+00 nan nan nan
1.012500000000000067e-01 0.000000000000000000e+00 nan nan nan
1.037499999999999950e-01 0.000000000000000000e+00 nan nan nan
1.062499999999999972e-01 0.000000000000000000e+00 nan nan nan
1.087499999999999994e-01 0.000000000000000000e+00 nan nan nan
1.112500000000000017e-01 0.000000000000000000e+00 nan nan nan
1.137500000000000039e-01 0.000000000000000000e+00 nan nan nan
1.162500000000000061e-01 0.000000000000000000e+00 nan nan nan
1.187499999999999944e-01 0.000000000000000000e+00 nan nan nan
1.212499999999999967e-01 0.000000000000000000e+00 nan nan nan
1.237499999999999989e-01 0.000000000000000000e+00 nan nan nan
1.262500000000000011e-01 0.000000000000000000e+00 nan nan nan
1.287500000000000033e-01 0.000000000000000000e+00 nan nan nan
1.312500000000000056e-01 0.000000000000000000e+00 nan nan nan
1.337500000000000078e-01 0.000000000000000000e+00 nan nan nan
1.362500000000000100e-01 0.000000000000000000e+00 nan nan nan
1.387500000000000122e-01 0.000000000000000000e+00 nan nan nan
1.412499999999999867e-01 0.000000000000000000e+00 nan nan nan
1.437499999999999889e-01 0.000000000000000000e+00 nan nan nan
1.462499999999999911e-01 0.000000000000000000e+00 nan nan nan
1.487499999999999933e-01 0.000000000000000000e+00 nan nan nan
1.512499999999999956e-01 0.000000000000000000e+00 nan nan nan
1.537499999999999978e-01 0.000000000000000000e+00 nan nan nan
1.562500000000000000e-01 0.000000000000000000e+00 nan nan nan
1.587500000000000022e-01 0.000000000000000000e+00 nan nan nan
1.612500000000000044e-01 0.000000000000000000e+00 nan nan nan
1.637500000000000067e-01 0.000000000000000000e+00 nan nan nan
1.662500000000000089e-01 0.000000000000000000e+00 nan nan nan
1.687500000000000111e-01 0.000000000000000000e+00 nan nan nan
1.712500000000000133e-01 0.000000000000000000e+00 nan nan nan
1.737499999999999878e-01 0.000000000000000000e+00 nan nan nan
1.762499999999999900e-01 0.000000000000000000e+00 nan nan nan
1.787499999999999922e-01 0.000000000000000000e+00 nan nan nan
1.812499999999999944e-01 0.000000000000000000e+00 nan nan nan
1.837499999999999967e-01 0.000000000000000000e+00 nan nan nan
1.862499999999999989e-01 0.000000000000000000e+00 nan nan nan
1.887500000000000011e-01 0.000000000000000000e+00 nan nan nan
1.912500000000000033e-01 0.000000000000000000e+00 nan nan nan
1.937500000000000056e-01 0.000000000000000000e+00 nan nan nan
1.962500000000000078e-01 0.000000000000000000e+00 nan nan nan
1.987500000000000100e-01 0.000000000000000000e+00 nan nan nan
2.012500000000000122e-01 0.000000000000000000e+00 nan nan nan
2.037499999999999867e-01 0.000000000000000000e+00 nan nan nan
2.062499999999999889e-01 0.000000000000000000e+00 nan nan nan
2.087499999999999911e-01 0.000000000000000000e+00 nan nan nan
2.112499999999999933e-01 0.000000000000000000e+00 nan nan nan
2.137499999999999956e-01 0.000000000000000000e+00 nan nan nan
2.162499999999999978e-01 0.000000000000000000e+00 nan nan nan
2.187500000000000000e-01 0.000000000000000000e+00 nan nan nan
2.212500000000000022e-01 0.000000000000000000e+00 nan nan nan
2.237500000000000044e-01 0.000000000000000000e+00 nan nan nan
2.262500000000000067e-01 0.000000000000000000e+00 nan nan nan
2.287500000000000089e-01 0.000000000000000000e+00 nan nan nan
2.312500000000000111e-01 0.000000000000000000e+00 nan nan nan
2.337500000000000133e-01 0.000000000000000000e+00 nan nan nan
2.362499999999999878e-01 0.000000000000000000e+00 nan nan nan
2.387499999999999900e-01 0.000000000000000000e+00 nan nan nan
2.412499999999999922e-01 0.000000000000000000e+00 nan nan nan
2.437499999999999944e-01 0.000000000000000000e+00 nan nan nan
2.462499999999999967e-01 0.000000000000000000e+00 nan nan nan
2.487499999999999989e-01 0.000000000000000000e+00 nan nan nan
2.512499999999999734e-01 0.000000000000000000e+00 nan nan nan
2.537499999999999756e-01 0.000000000000000000e+00 nan nan nan
2.562499999999999778e-01 0.000000000000000000e+00 nan nan nan
2.587499999999999800e-01 0.000000000000000000e+00 nan nan nan
2.612499999999999822e-01 0.000000000000000000e+00 nan nan nan
2.637499999999999845e-01 0.000000000000000000e+00 nan nan nan
2.662499999999999867e-01 0.000000000000000000e+00 nan nan nan
2.687499999999999889e-01 0.000000000000000000e+00 nan nan nan
2.712499999999999911e-01 0.000000000000000000e+00 nan nan nan
2.737499999999999933e-01 0.000000000000000000e+00 nan nan nan
2.762499999999999956e-01 0.000000000000000000e+00 nan nan nan
2.787499999999999978e-01 0.000000000000000000e+00 nan nan nan
2.812500000000000000e-01 0.000000000000000000e+00 nan nan nan
2.837500000000000022e-01 0.000000000000000000e+00 nan nan nan
2.862500000000000044e-01 0.000000000000000000e+00 nan nan nan
2.887500000000000067e-01 0.000000000000000000e+00 nan nan nan
2.912500000000000089e-01 0.000000000000000000e+00 nan nan nan
2.937500000000000111e-01 0.000000000000000000e+00 nan nan nan
2.962500000000000133e-01 0.000000000000000000e+00 nan nan nan
2.987500000000000155e-01 0.000000000000000000e+00 nan nan nan
3.012500000000000178e-01 0.000000000000000000e+00 nan nan nan
3.037500000000000200e-01 0.000000000000000000e+00 nan nan nan
3.062500000000000222e-01 0.000000000000000000e+00 nan nan nan
3.087500000000000244e-01 0.000000000000000000e+00 nan nan nan
3.112500000000000266e-01 0.000000000000000000e+00 nan nan nan
3.137499999999999734e-01 0.000000000000000000e+00 nan nan nan
3.162499999999999756e-01 0.000000000000000000e+00 nan nan nan
3.187499999999999778e-01 0.000000000000000000e+00 nan nan nan
3.212499999999999800e-01 0.000000000000000000e+00 nan nan nan
3.237499999999999822e-01 0.000000000000000000e+00 nan nan nan
3.262499999999999845e-01 0.000000000000000000e+00 nan nan nan
3.287499999999999867e-01 0.000000000000000000e+00 nan nan nan
3.312499999999999889e-01 0.000000000000000000e+00 nan nan nan
3.337499999999999911e-01 0.000000000000000000e+00 nan nan nan
3.362499999999999933e-01 0.000000000000000000e+00 nan nan nan
3.387499999999999956e-01 0.000000000000000000e+00 nan nan nan
3.412499999999999978e-01 0.000000000000000000e+00 nan nan nan
3.437500000000000000e-01 0.000000000000000000e+00 nan nan nan
3.462500000000000022e-01 0.000000000000000000e+00 nan nan nan
3.487500000000000044e-01 0.000000000000000000e+00 nan nan nan
3.512500000000000067e-01 0.000000000000000000e+00 nan nan nan
3.537500000000000089e-01 0.000000000000000000e+00 nan nan nan
3.562500000000000111e-01 0.000000000000000000e+00 nan nan nan
3.587500000000000133e-01 0.000000000000000000e+00 nan nan nan
3.612500000000000155e-01 0.000000000000000000e+00 nan nan nan
3.637500000000000178e-01 0.000000000000000000e+00 nan nan nan
3.662500000000000200e-01 0.000000000000000000e+00 nan nan nan
3.687500000000000222e-01 0.000000000000000000e+00 nan nan nan
3.712500000000000244e-01 0.000000000000000000e+00 nan nan nan
3.737500000000000266e-01 0.000000000000000000e+00 nan nan nan
3.762499999999999734e-01 0.000000000000000000e+00 nan nan nan
3.787499999999999756e-01 0.000000000000000000e+00 nan nan nan
3.812499999999999778e-01 0.000000000000000000e+00 nan nan nan
3.837499999999999800e-01 0.000000000000000000e+00 nan nan nan
3.862499999999999822e-01 0.000000000000000000e+00 nan nan nan
3.887499999999999845e-01 0.000000000000000000e+00 nan nan nan
3.912499999999999867e-01 0.000000000000000000e+00 nan nan nan
3.937499999999999889e-01 0.000000000000000000e+00 nan nan nan
3.962499999999999911e-01 0.000000000000000000e+00 nan nan nan
3.987499999999999933e-01 0.000000000000000000e+00 nan nan nan
4.012499999999999956e-01 0.000000000000000000e+00 nan nan nan
4.037499999999999978e-01 0.000000000000000000e+00 nan nan nan
4.062500000000000000e-01 0.000000000000000000e+00 nan nan nan
4.087500000000000022e-01 0.000000000000000000e+00 nan nan nan
4.112500000000000044e-01 0.000000000000000000e+00 nan nan nan
4.137500000000000067e-01 0.000000000000000000e+00 nan nan nan
4.162500000000000089e-01 0.000000000000000000e+00 nan nan nan
4.187500000000000111e-01 0.000000000000000000e+00 nan nan nan
4.212500000000000133e-01 0.000000000000000000e+00 nan nan nan
4.237500000000000155e-01 0.000000000000000000e+00 nan nan nan
4.262500000000000178e-01 0.000000000000000000e+00 nan nan nan
4.287500000000000200e-01 0.000000000000000000e+00 nan nan nan
4.312500000000000222e-01 0.000000000000000000e+00 nan nan nan
4.337500000000000244e-01 0.000000000000000000e+00 nan nan nan
4.362500000000000266e-01 0.000000000000000000e+00 nan nan nan
4.387499999999999734e-01 0.000000000000000000e+00 nan nan nan
4.412499999999999756e-01 0.000000000000000000e+00 nan nan nan
4.437499999999999778e-01 0.000000000000000000e+00 nan nan nan
4.462499999999999800e-01 0.000000000000000000e+00 nan nan nan
4.487499999999999822e-01 0.000000000000000000e+00 nan nan nan
4.512499999999999845e-01 0.000000000000000000e+00 nan nan nan
4.537499999999999867e-01 0.000000000000000000e+00 nan nan nan
4.562499999999999889e-01 0.000000000000000000e+00 nan nan nan
4.587499999999999911e-01 0.000000000000000000e+00 nan nan nan
4.612499999999999933e-01 0.000000000000000000e+00 nan nan nan
4.637499999999999956e-01 0.000000000000000000e+00 nan nan nan
4.662499999999999978e-01 0.000000000000000000e+00 nan nan nan
4.687500000000000000e-01 0.000000000000000000e+00 nan nan nan
4.712500000000000022e-01 0.000000000000000000e+00 nan nan nan
4.737500000000000044e-01 0.000000000000000000e+00 nan nan nan
4.762500000000000067e-01 0.000000000000000000e+00 nan nan nan
4.787500000000000089e-01 0.000000000000000000e+00 nan nan nan
4.812500000000000111e-01 0.000000000000000000e+00 nan nan nan
4.837500000000000133e-01 0.000000000000000000e+00 nan nan nan
4.862500000000000155e-01 0.000000000000000000e+00 nan nan nan
4.887500000000000178e-01 0.000000000000000000e+00 nan nan nan
4.912500000000000200e-01 0.000000000000000000e+00 nan nan nan
4.937500000000000222e-01 0.000000000000000000e+00 nan nan nan
4.962500000000000244e-01 0.000000000000000000e+00 nan nan nan
4.987500000000000266e-01 0.000000000000000000e+00 nan nan nan
5.012499999999999734e-01 0.000000000000000000e+00 nan nan nan
5.037500000000000311e-01 0.000000000000000000e+00 nan nan nan
5.062499999999999778e-01 0.000000000000000000e+00 nan nan nan
5.087500000000000355e-01 0.000000000000000000e+00 nan nan nan
5.112499999999999822e-01 0.000000000000000000e+00 nan nan nan
5.137500000000000400e-01 0.000000000000000000e+00 nan nan nan
5.162499999999999867e-01 0.000000000000000000e+00 nan nan nan
5.187500000000000444e-01 0.000000000000000000e+00 nan nan nan
5.212499999999999911e-01 0.000000000000000000e+00 nan nan nan
5.237500000000000488e-01 0.000000000000000000e+00 nan nan nan
5.262499999999999956e-01 0.000000000000000000e+00 nan nan nan
5.287500000000000533e-01 0.000000000000000000e+00 nan nan nan
5.312500000000000000e-01 0.000000000000000000e+00 nan nan nan
5.337499999999999467e-01 0.000000000000000000e+00 nan nan nan
5.362500000000000044e-01 0.000000000000000000e+00 nan nan nan
5.387499999999999512e-01 0.000000000000000000e+00 nan nan nan
5.412500000000000089e-01 0.000000000000000000e+00 nan nan nan
5.437499999999999556e-01 0.000000000000000000e+00 nan nan nan
5.462500000000000133e-01 0.000000000000000000e+00 nan nan nan
5.487499999999999600e-01 0.000000000000000000e+00 nan nan nan
5.512500000000000178e-01 0.000000000000000000e+00 nan nan nan
5.537499999999999645e-01 0.000000000000000000e+00 nan nan nan
5.562500000000000222e-01 0.000000000000000000e+00 nan nan nan
5.587499999999999689e-01 0.000000000000000000e+00 nan nan nan
5.612500000000000266e-01 0.000000000000000000e+00 nan nan nan
5.637499999999999734e-01 0.000000000000000000e+00 nan nan nan
5.662500000000000311e-01 0.000000000000000000e+00 nan nan nan
5.687499999999999778e-01 0.000000000000000000e+00 nan nan nan
5.712500000000000355e-01 0.000000000000000000e+00 nan nan nan
5.737499999999999822e-01 0.000000000000000000e+00 nan nan nan
5.762500000000000400e-01 0.000000000000000000e+00 nan nan nan
5.787499999999999867e-01 0.000000000000000000e+00 nan nan nan
5.812500000000000444e-01 0.000000000000000000e+00 nan nan nan
5.837499999999999911e-01 0.000000000000000000e+00 nan nan nan
5.862500000000000488e-01 0.000000000000000000e+00 nan nan nan
5.887499999999999956e-01 0.000000000000000000e+00 nan nan nan
5.912500000000000533e-01 0.000000000000000000e+00 nan nan nan
5.937500000000000000e-01 0.000000000000000000e+00 nan nan nan
5.962499999999999467e-01 0.000000000000000000e+00 nan nan nan
5.987500000000000044e-01 0.000000000000000000e+00 nan nan nan
6.012499999999999512e-01 0.000000000000000000e+00 nan nan nan
6.037500000000000089e-01 0.000000000000000000e+00 nan nan nan
6.062499999999999556e-01 0.000000000000000000e+00 nan nan nan
6.087500000000000133e-01 0.000000000000000000e+00 nan nan nan
6.112499999999999600e-01 0.000000000000000000e+00 nan nan nan
6.137500000000000178e-01 0.000000000000000000e+00 nan nan nan
6.162499999999999645e-01 0.000000000000000000e+00 nan nan nan
6.187500000000000222e-01 0.000000000000000000e+00 nan nan nan
6.212499999999999689e-01 0.000000000000000000e+00 nan nan nan
6.237500000000000266e-01 0.000000000000000000e+00 nan nan nan
6.262499999999999734e-01 0.000000000000000000e+00 nan nan nan
6.287500000000000311e-01 0.000000000000000000e+00 nan nan nan
6.312499999999999778e-01 0.000000000000000000e+00 nan nan nan
6.337500000000000355e-01 0.000000000000000000e+00 nan nan nan
6.362499999999999822e-01 0.000000000000000000e+00 nan nan nan
6.387500000000000400e-01 0.000000000000000000e+00 nan nan nan
6.412499999999999867e-01 0.000000000000000000e+00 nan nan nan
6.437500000000000444e-01 0.000000000000000000e+00 nan nan nan
6.462499999999999911e-01 0.000000000000000000e+00 nan nan nan
6.487500000000000488e-01 0.000000000000000000e+00 nan nan nan
6.512499999999999956e-01 0.000000000000000000e+00 nan nan nan
6.537500000000000533e-01 0.000000000000000000e+00 nan nan nan
6.562500000000000000e-01 0.000000000000000000e+00 nan nan nan
6.587499999999999467e-01 0.000000000000000000e+00 nan nan nan
6.612500000000000044e-01 0.000000000000000000e+00 nan nan nan
6.637499999999999512e-01 0.000000000000000000e+00 nan nan nan
6.662500000000000089e-01 0.000000000000000000e+00 nan nan nan
6.687499999999999556e-01 0.000000000000000000e+00 nan nan nan
6.712500000000000133e-01 0.000000000000000000e+00 nan nan nan
6.737499999999999600e-01 0.000000000000000000e+00 nan nan nan
6.762500000000000178e-01 0.000000000000000000e+00 nan nan nan
6.787499999999999645e-01 0.000000000000000000e+00 nan nan nan
6.812500000000000222e-01 0.000000000000000000e+00 nan nan nan
6.837499999999999689e-01 0.000000000000000000e+00 nan nan nan
6.862500000000000266e-01 0.000000000000000000e+00 nan nan nan
6.887499999999999734e-01 0.000000000000000000e+00 nan nan nan
6.912500000000000311e-01 0.000000000000000000e+00 nan nan nan
6.937499999999999778e-01 0.000000000000000000e+00 nan nan nan
6.962500000000000355e-01 0.000000000000000000e+00 nan nan nan
6.987499999999999822e-01 0.000000000000000000e+00 nan nan nan
7.012500000000000400e-01 0.000000000000000000e+00 nan nan nan
7.037499999999999867e-01 0.000000000000000000e+00 nan nan nan
7.062500000000000444e-01 0.000000000000000000e+00 nan nan nan
7.087499999999999911e-01 0.000000000000000000e+00 nan nan nan
7.112500000000000488e-01 0.000000000000000000e+00 nan nan nan
7.137499999999999956e-01 0.000000000000000000e+00 nan nan nan
7.162500000000000533e-01 0.000000000000000000e+00 nan nan nan
7.187500000000000000e-01 0.000000000000000000e+00 nan nan nan
7.212499999999999467e-01 0.000000000000000000e+00 nan nan nan
7.237500000000000044e-01 0.000000000000000000e+00 nan nan nan
7.262499999999999512e-01 0.000000000000000000e+00 nan nan nan
7.287500000000000089e-01 0.000000000000000000e+00 nan nan nan
7.312499999999999556e-01 0.000000000000000000e+00 nan nan nan
7.337500000000000133e-01 0.000000000000000000e+00 nan nan nan
7.362499999999999600e-01 0.000000000000000000e+00 nan nan nan
7.387500000000000178e-01 0.000000000000000000e+00 nan nan nan
7.412499999999999645e-01 0.000000000000000000e+00 nan nan nan
7.437500000000000222e-01 0.000000000000000000e+00 nan nan nan
7.462499999999999689e-01 0.000000000000000000e+00 nan nan nan
7.487500000000000266e-01 0.000000000000000000e+00 nan nan nan
7.512499999999999734e-01 0.000000000000000000e+00 nan nan nan
7.537500000000000311e-01 0.000000000000000000e+00 nan nan nan
7.562499999999999778e-01 0.000000000000000000e+00 nan nan nan
7.587500000000000355e-01 0.000000000000000000e+00 nan nan nan
7.612499999999999822e-01 0.000000000000000000e+00 nan nan nan
7.637500000000000400e-01 0.000000000000000000e+00 nan nan nan
7.662499999999999867e-01 0.000000000000000000e+00 nan nan nan
7.687500000000000444e-01 0.000000000000000000e+00 nan nan nan
7.712499999999999911e-01 0.000000000000000000e+00 nan nan nan
7.737500000000000488e-01 0.000000000000000000e+00 nan nan nan
7.762499999999999956e-01 0.000000000000000000e+00 nan nan nan
7.787500000000000533e-01 0.000000000000000000e+00 nan nan nan
7.812500000000000000e-01 0.000000000000000000e+00 nan nan nan
7.837499999999999467e-01 0.000000000000000000e+00 nan nan nan
7.862500000000000044e-01 0.000000000000000000e+00 nan nan nan
7.887499999999999512e-01 0.000000000000000000e+00 nan nan nan
7.912500000000000089e-01 0.000000000000000000e+00 nan nan nan
7.937499999999999556e-01 0.000000000000000000e+00 nan nan nan
7.962500000000000133e-01 0.000000000000000000e+00 nan nan nan
7.987499999999999600e-01 1.992499999999999914e-04 nan nan nan
8.012500000000000178e-01 0.000000000000000000e+00 nan nan nan
8.037499999999999645e-01 0.000000000000000000e+00 nan nan nan
8.062500000000000222e-01 0.000000000000000000e+00 nan nan nan
8.087499999999999689e-01 0.000000000000000000e+00 nan nan nan
8.112500000000000266e-01 0.000000000000000000e+00 nan nan nan
8.137499999999999734e-01 0.000000000000000000e+00 nan nan nan
8.162500000000000311e-01 0.000000000000000000e+00 nan nan nan
8.187499999999999778e-01 1.897500000000000044e-04 nan nan nan
8.212500000000000355e-01 3.770000000000000022e-04 nan nan nan
8.237499999999999822e-01 7.497499999999999824e-04 nan nan nan
8.262500000000000400e-01 9.312500000000000031e-04 nan nan nan
8.287499999999999867e-01 1.295750000000000027e-03 nan nan nan
8.312500000000000444e-01 1.103999999999999947e-03 nan nan nan
8.337499999999999911e-01 2.926749999999999664e-03 nan nan nan
8.362500000000000488e-01 1.818249999999999988e-03 nan nan nan
8.387499999999999956e-01 4.699250000000000302e-03 nan nan nan
8.412500000000000533e-01 6.108750000000000464e-03 nan nan nan
8.437500000000000000e-01 7.144249999999999559e-03 nan nan nan
8.462499999999999467e-01 9.587499999999998801e-03 nan nan nan
8.487500000000000044e-01 9.707500000000000850e-03 nan nan nan
8.512499999999999512e-01 2.017849999999999852e-02 nan nan nan
8.537500000000000089e-01 1.953724999999999906e-02 nan nan nan
8.562499999999999556e-01 2.809475000000000167e-02 nan nan nan
8.587500000000000133e-01 3.396575000000000288e-02 nan nan nan
8.612499999999999600e-01 3.959700000000000025e-02 nan nan nan
8.637500000000000178e-01 4.737800000000000344e-02 nan nan nan
8.662499999999999645e-01 5.286599999999999633e-02 nan nan nan
8.687500000000000222e-01 6.401800000000000546e-02 nan nan nan
8.712499999999999689e-01 7.487425000000000330e-02 nan nan nan
8.737500000000000266e-01 9.160050000000000137e-02 nan nan nan
8.762499999999999734e-01 1.140965000000000035e-01 nan nan nan
8.787500000000000311e-01 1.259625000000000050e-01 nan nan nan
8.812499999999999778e-01 1.453865000000000018e-01 nan nan nan
8.837500000000000355e-01 1.574262499999999898e-01 nan nan nan
8.862499999999999822e-01 1.960385000000000044e-01 nan nan nan
8.887500000000000400e-01 2.173120000000000052e-01 nan nan nan
8.912499999999999867e-01 2.301807500000000173e-01 nan nan nan
8.937500000000000444e-01 2.683705000000000118e-01 nan nan nan
8.962499999999999911e-01 2.931515000000000093e-01 nan nan nan
8.987500000000000488e-01 3.338662500000000311e-01 nan nan nan
9.012499999999999956e-01 3.576885000000000203e-01 nan nan nan
9.037500000000000533e-01 4.081742500000000162e-01 nan nan nan
9.062500000000000000e-01 4.402942499999999981e-01 nan nan nan
9.087499999999999467e-01 4.929942499999999672e-01 nan nan nan
9.112500000000000044e-01 5.082079999999999931e-01 nan nan nan
9.137499999999999512e-01 5.745679999999999676e-01 nan nan nan
9.162500000000000089e-01 6.308070000000000066e-01 nan nan nan
9.187499999999999556e-01 6.528350000000000541e-01 nan nan nan
9.212500000000000133e-01 7.020317500000000654e-01 nan nan nan
9.237499999999999600e-01 7.587327499999999558e-01 nan nan nan
9.262500000000000178e-01 8.124412500000000037e-01 nan nan nan
9.287499999999999645e-01 8.555377499999999857e-01 nan nan nan
9.312500000000000222e-01 8.886304999999999898e-01 nan nan nan
9.337499999999999689e-01 9.360857499999999387e-01 nan nan nan
9.362500000000000266e-01 9.896945000000000325e-01 nan nan nan
9.387499999999999734e-01 1.038968250000000149e+00 nan nan nan
9.412500000000000311e-01 1.105501499999999915e+00 nan nan nan
9.437499999999999778e-01 1.127775500000000042e+00 nan nan nan
9.462500000000000355e-01 1.191405749999999930e+00 nan nan nan
9.487499999999999822e-01 1.239659749999999949e+00 nan nan nan
9.512500000000000400e-01 1.267437750000000030e+00 nan nan nan
9.537499999999999867e-01 1.317552000000000056e+00 nan nan nan
9.562500000000000444e-01 1.349327500000000013e+00 nan nan nan
9.587499999999999911e-01 1.415335000000000010e+00 nan nan nan
9.612500000000000488e-01 1.449264749999999768e+00 nan nan nan
9.637499999999999956e-01 1.482686249999999983e+00 nan nan nan
9.662500000000000533e-01 1.522008000000000028e+00 nan nan nan
9.687500000000000000e-01 1.558736249999999934e+00 nan nan nan
9.712499999999999467e-01 1.574714500000000017e+00 nan nan nan
9.737500000000000044e-01 1.617326999999999959e+00 nan nan nan
9.762499999999999512e-01 1.675492250000000016e+00 nan nan nan
9.787500000000000089e-01 1.678624249999999929e+00 nan nan nan
9.812499999999999556e-01 1.762782999999999989e+00 nan nan nan
9.837500000000000133e-01 1.782213749999999930e+00 nan nan nan
9.862499999999999600e-01 1.830575000000000063e+00 nan nan nan
9.887500000000000178e-01 1.834855750000000008e+00 nan nan nan
9.912499999999999645e-01 1.845022500000000232e+00 nan nan nan
9.937500000000000222e-01 1.868068250000000097e+00 nan nan nan
9.962499999999999689e-01 1.872155499999999861e+00 nan nan nan
9.987500000000000266e-01 1.871590000000000087e+00 nan nan nan
1.001249999999999973e+00 1.938480499999999829e+00 nan nan nan
1.003749999999999920e+00 1.942718249999999980e+00 nan nan nan
1.006250000000000089e+00 1.934082000000000079e+00 nan nan nan
1.008750000000000036e+00 2.008100250000000031e+00 nan nan nan
1.011249999999999982e+00 1.972570500000000004e+00 nan nan nan
1.013749999999999929e+00 1.975967999999999947e+00 nan nan nan
1.016250000000000098e+00 1.976968999999999976e+00 nan nan nan
1.018750000000000044e+00 2.021672750000000462e+00 nan nan nan
1.021249999999999991e+00 2.030439000000000327e+00 nan nan nan
1.023749999999999938e+00 2.027207250000000016e+00 nan nan nan
1.026250000000000107e+00 2.000440999999999914e+00 nan nan nan
1.028750000000000053e+00 2.016800250000000183e+00 nan nan nan
1.031250000000000000e+00 2.026521750000000566e+00 nan nan nan
1.033749999999999947e+00 2.011615749999999814e+00 nan nan nan
1.036249999999999893e+00 2.040877249999999865e+00 nan nan nan
1.038750000000000062e+00 2.047326999999999675e+00 nan nan nan
1.041250000000000009e+00 2.025077000000000016e+00 nan nan nan
1.043749999999999956e+00 2.034995250000000144e+00 nan nan nan
1.046249999999999902e+00 2.016569749999999939e+00 nan nan nan
1.048750000000000071e+00 2.021880249999999712e+00 nan nan nan
1.051250000000000018e+00 2.010549000000000142e+00 nan nan nan
1.053749999999999964e+00 2.021631750000000061e+00 nan nan nan
1.056249999999999911e+00 1.994294500000000081e+00 nan nan nan
1.058750000000000080e+00 1.995776750000000099e+00 nan nan nan
1.061250000000000027e+00 2.011221749999999808e+00 nan nan nan
1.063749999999999973e+00 1.984025749999999810e+00 nan nan nan
1.066249999999999920e+00 1.970371000000000095e+00 nan nan nan
1.068750000000000089e+00 1.968510750000000087e+00 nan nan nan
1.071250000000000036e+00 1.960219500000000004e+00 nan nan nan
1.073749999999999982e+00 1.962792749999999975e+00 nan nan nan
1.076249999999999929e+00 1.932278999999999858e+00 nan nan nan
1.078750000000000098e+00 1.932948500000000180e+00 nan nan nan
1.081250000000000044e+00 1.914341000000000070e+00 nan nan nan
1.083749999999999991e+00 1.920999750000000006e+00 nan nan nan
1.086249999999999938e+00 1.871542749999999922e+00 nan nan nan
1.088750000000000107e+00 1.896745750000000008e+00 nan nan nan
1.091250000000000053e+00 1.879202999999999957e+00 nan nan nan
1.093750000000000000e+00 1.872747999999999857e+00 nan nan nan
1.096249999999999947e+00 1.832581500000000085e+00 nan nan nan
1.098749999999999893e+00 1.835204749999999940e+00 nan nan nan
1.101250000000000062e+00 1.808114999999999917e+00 nan nan nan
1.103750000000000009e+00 1.812666499999999958e+00 nan nan nan
1.106249999999999956e+00 1.781314000000000064e+00 nan nan nan
1.108749999999999902e+00 1.760568250000000168e+00 nan nan nan
1.111250000000000071e+00 1.765732000000000079e+00 nan nan nan
1.113750000000000018e+00 1.733623249999999949e+00 nan nan nan
1.116249999999999964e+00 1.757806500000000050e+00 nan nan nan
1.118749999999999911e+00 1.706479250000000114e+00 nan nan nan
1.121250000000000080e+00 1.704339000000000048e+00 nan nan nan
1.123750000000000027e+00 1.686997750000000185e+00 nan nan nan
1.126249999999999973e+00 1.687235250000000075e+00 nan nan nan
1.128749999999999920e+00 1.637755499999999920e+00 nan nan nan
1.131250000000000089e+00 1.638174999999999937e+00 nan nan nan
1.133750000000000036e+00 1.634816250000000082e+00 nan nan nan
1.136249999999999982e+00 1.647720750000000178e+00 nan nan nan
1.138749999999999929e+00 1.613530249999999944e+00 nan nan nan
1.141250000000000098e+00 1.583136999999999794e+00 nan nan nan
1.143750000000000044e+00 1.575251749999999840e+00 nan nan nan
1.146249999999999991e+00 1.568000749999999943e+00 nan nan nan
1.148749999999999938e+00 1.555691500000000005e+00 nan nan nan
1.151250000000000107e+00 1.561509749999999919e+00 nan nan nan
1.153750000000000053e+00 1.539180249999999806e+00 nan nan nan
1.156250000000000000e+00 1.527110750000000072e+00 nan nan nan
1.158749999999999947e+00 1.524126499999999940e+00 nan nan nan
1.161249999999999893e+00 1.510593750000000179e+00 nan nan nan
1.163750000000000062e+00 1.499604250000000194e+00 nan nan nan
1.166250000000000009e+00 1.495425500000000074e+00 nan nan nan
1.168749999999999956e+00 1.474793500000000090e+00 nan nan nan
1.171249999999999902e+00 1.480460749999999770e+00 nan nan nan
1.173750000000000071e+00 1.436506000000000061e+00 nan nan nan
1.176250000000000018e+00 1.452369999999999939e+00 nan nan nan
1.178749999999999964e+00 1.431757500000000016e+00 nan nan nan
1.181249999999999911e+00 1.414860000000000007e+00 nan nan nan
1.183750000000000080e+00 1.409525250000000174e+00 nan nan nan
1.186250000000000027e+00 1.398801750000000066e+00 nan nan nan
1.188749999999999973e+00 1.392114500000000143e+00 nan nan nan
1.191249999999999920e+00 1.393983250000000007e+00 nan nan nan
1.193750000000000089e+00 1.377443499999999821e+00 nan nan nan
1.196250000000000036e+00 1.357564749999999876e+00 nan nan nan
1.198749999999999982e+00 1.344210499999999975e+00 nan nan nan
1.201249999999999929e+00 1.356331999999999871e+00 nan nan nan
1.203750000000000098e+00 1.331399750000000104e+00 nan nan nan
1.206250000000000044e+00 1.317934500000000009e+00 nan nan nan
1.208749999999999991e+00 1.318057999999999952e+00 nan nan nan
1.211249999999999938e+00 1.308636249999999945e+00 nan nan nan
1.213750000000000107e+00 1.314211999999999936e+00 nan nan nan
1.216250000000000053e+00 1.304688999999999988e+00 nan nan nan
1.218750000000000000e+00 1.283334500000000045e+00 nan nan nan
1.221249999999999947e+00 1.267003250000000136e+00 nan nan nan
1.223749999999999893e+00 1.260048750000000162e+00 nan nan nan
1.226250000000000062e+00 1.239780499999999952e+00 nan nan nan
1.228750000000000009e+00 1.252761999999999931e+00 nan nan nan
1.231249999999999956e+00 1.264790000000000081e+00 nan nan nan
1.233749999999999902e+00 1.247640749999999965e+00 nan nan nan
1.236250000000000071e+00 1.232034249999999886e+00 nan nan nan
1.238750000000000018e+00 1.215134249999999971e+00 nan nan nan
1.241249999999999964e+00 1.217589250000000067e+00 nan nan nan
1.243749999999999911e+00 1.218206499999999970e+00 nan nan nan
1.246250000000000080e+00 1.194003750000000252e+00 nan nan nan
1.248750000000000027e+00 1.191510999999999987e+00 nan nan nan
1.251249999999999973e+00 1.181231999999999838e+00 nan nan nan
1.253749999999999920e+00 1.163260249999999996e+00 nan nan nan
1.256250000000000089e+00 1.188686000000000131e+00 nan nan nan
1.258750000000000036e+00 1.162382500000000096e+00 nan nan nan
1.261249999999999982e+00 1.160177250000000049e+00 nan nan nan
1.263749999999999929e+00 1.151769749999999926e+00 nan nan nan
1.266250000000000098e+00 1.134062750000000008e+00 nan nan nan
1.268750000000000044e+00 1.139471499999999970e+00 nan nan nan
1.271249999999999991e+00 1.133262999999999909e+00 nan nan nan
1.273749999999999938e+00 1.122000499999999956e+00 nan nan nan
1.276250000000000107e+00 1.122761499999999968e+00 nan nan nan
1.278750000000000053e+00 1.108267499999999961e+00 nan nan nan
1.281250000000000000e+00 1.103791750000000071e+00 nan nan nan
1.283749999999999947e+00 1.097953749999999840e+00 nan nan nan
1.286249999999999893e+00 1.104526249999999932e+00 nan nan nan
1.288750000000000062e+00 1.078197249999999885e+00 nan nan nan
1.291250000000000009e+00 1.075856499999999993e+00 nan nan nan
1.293749999999999956e+00 1.077020249999999901e+00 nan nan nan
1.296249999999999902e+00 1.075366999999999962e+00 nan nan nan
1.298750000000000071e+00 1.069798750000000132e+00 nan nan nan
1.301250000000000018e+00 1.062988750000000149e+00 nan nan nan
1.303749999999999964e+00 1.047695250000000078e+00 nan nan nan
1.306249999999999911e+00 1.047713000000000116e+00 nan nan nan
1.308750000000000080e+00 1.032653250000000078e+00 nan nan nan
1.311250000000000027e+00 1.037001749999999944e+00 nan nan nan
1.313749999999999973e+00 1.031290999999999958e+00 nan nan nan
1.316249999999999920e+00 1.023487250000000071e+00 nan nan nan
1.318750000000000089e+00 1.013176500000000146e+00 nan nan nan
1.321250000000000036e+00 1.027700749999999941e+00 nan nan nan
1.323749999999999982e+00 1.012358249999999904e+00 nan nan nan
1.326249999999999929e+00 1.011797749999999940e+00 nan nan nan
1.328750000000000098e+00 1.007346250000000110e+00 nan nan nan
1.331250000000000044e+00 1.006292249999999999e+00 nan nan nan
1.333749999999999991e+00 1.001522999999999941e+00 nan nan nan
1.336249999999999938e+00 9.905869999999998843e-01 nan nan nan
1.338750000000000107e+00 9.940559999999999397e-01 nan nan nan
1.341250000000000053e+00 9.824374999999999636e-01 nan nan nan
1.343750000000000000e+00 9.949105000000000310e-01 nan nan nan
1.346249999999999947e+00 9.634375000000000577e-01 nan nan nan
1.348749999999999893e+00 9.498742500000000311e-01 nan nan nan
1.351250000000000062e+00 9.708749999999999325e-01 nan nan nan
1.353750000000000009e+00 9.594522500000000065e-01 nan nan nan
1.356249999999999956e+00 9.678769999999999873e-01 nan nan nan
1.358749999999999902e+00 9.564672499999999911e-01 nan nan nan
1.361250000000000071e+00 9.565942499999999793e-01 nan nan nan
1.363750000000000018e+00 9.433140000000000969e-01 nan nan nan
1.366249999999999964e+00 9.555994999999999351e-01 nan nan nan
1.368749999999999911e+00 9.434927499999999911e-01 nan nan nan
1.371250000000000080e+00 9.573667500000000441e-01 nan nan nan
1.373750000000000027e+00 9.358962500000000961e-01 nan nan nan
1.376249999999999973e+00 9.455895000000000827e-01 nan nan nan
1.378749999999999920e+00 9.342040000000000344e-01 nan nan nan
1.381250000000000089e+00 9.245607500000001533e-01 nan nan nan
1.383750000000000036e+00 9.364957500000000712e-01 nan nan nan
1.386249999999999982e+00 9.227992499999999598e-01 nan nan nan
1.388749999999999929e+00 9.072832499999998745e-01 nan nan nan
1.391250000000000098e+00 9.113175000000001136e-01 nan nan nan
1.393750000000000044e+00 9.199637499999999690e-01 nan nan nan
1.396249999999999991e+00 9.083892500000000370e-01 nan nan nan
1.398749999999999938e+00 9.096942500000000376e-01 nan nan nan
1.401250000000000107e+00 9.034072499999999950e-01 nan nan nan
1.403750000000000053e+00 9.053547500000000969e-01 nan nan nan
1.406250000000000000e+00 8.943585000000000562e-01 nan nan nan
1.408749999999999947e+00 9.000924999999999621e-01 nan nan nan
1.411249999999999893e+00 8.859897500000000203e-01 nan nan nan
1.413750000000000062e+00 8.903017500000000028e-01 nan nan nan
1.416250000000000009e+00 8.834845000000000059e-01 nan nan nan
1.418749999999999956e+00 8.804369999999999141e-01 nan nan nan
1.421249999999999902e+00 8.745727500000000099e-01 nan nan nan
1.423750000000000071e+00 8.859310000000000240e-01 nan nan nan
1.426250000000000018e+00 8.573882499999999629e-01 nan nan nan
1.428749999999999964e+00 8.807997499999999924e-01 nan nan nan
1.431249999999999911e+00 8.719529999999999781e-01 nan nan nan
1.433750000000000080e+00 8.500495000000000134e-01 nan nan nan
1.436250000000000027e+00 8.779739999999999212e-01 nan nan nan
1.438749999999999973e+00 8.560065000000000035e-01 nan nan nan
1.441249999999999920e+00 8.633840000000001513e-01 nan nan nan
1.443750000000000089e+00 8.578957499999999570e-01 nan nan nan
1.446250000000000036e+00 8.652664999999999385e-01 nan nan nan
1.448749999999999982e+00 8.635547500000000376e-01 nan nan nan
1.451249999999999929e+00 8.597972499999999574e-01 nan nan nan
1.453750000000000098e+00 8.464949999999999974e-01 nan nan nan
1.456250000000000044e+00 8.531839999999999424e-01 nan nan nan
1.458749999999999991e+00 8.519947500000000229e-01 nan nan nan
1.461249999999999938e+00 8.474739999999999496e-01 nan nan nan
1.463750000000000107e+00 8.439290000000000402e-01 nan nan nan
1.466250000000000053e+00 8.430052500000000393e-01 nan nan nan
1.468750000000000000e+00 8.347744999999999749e-01 nan nan nan
1.471249999999999947e+00 8.448627499999999957e-01 nan nan nan
1.473749999999999893e+00 8.268949999999999356e-01 nan nan nan
1.476250000000000062e+00 8.414247500000000546e-01 nan nan nan
1.478750000000000009e+00 8.488740000000000174e-01 nan nan nan
1.481249999999999956e+00 8.363332499999999170e-01 nan nan nan
1.483749999999999902e+00 8.386575000000000557e-01 nan nan nan
1.486250000000000071e+00 8.300252500000000477e-01 nan nan nan
1.488750000000000018e+00 8.272969999999999491e-01 nan nan nan
1.491249999999999964e+00 8.201229999999999354e-01 nan nan nan
1.493749999999999911e+00 8.399457500000000465e-01 nan nan nan
1.496250000000000080e+00 8.187400000000000233e-01 nan nan nan
1.498750000000000027e+00 8.303887500000000088e-01 nan nan nan
1.501249999999999973e+00 8.239017499999999883e-01 nan nan nan
1.503749999999999920e+00 8.191964999999998831e-01 nan nan nan
1.506250000000000089e+00 8.220275000000000221e-01 nan nan nan
1.508750000000000036e+00 8.281867499999999715e-01 nan nan nan
1.511249999999999982e+00 8.209397499999999681e-01 nan nan nan
1.513749999999999929e+00 8.254440000000000666e-01 nan nan nan
1.516250000000000098e+00 8.294714999999999172e-01 nan nan nan
1.518750000000000044e+00 8.114734999999999587e-01 nan nan nan
1.521249999999999991e+00 8.068307500000000410e-01 nan nan nan
1.523749999999999938e+00 8.148640000000000327e-01 nan nan nan
1.526250000000000107e+00 8.234952500000000120e-01 nan nan nan
1.528750000000000053e+00 8.122624999999999984e-01 nan nan nan
1.531250000000000000e+00 8.234947500000000531e-01 nan nan nan
1.533749999999999947e+00 8.120017499999999666e-01 nan nan nan
1.536249999999999893e+00 8.235844999999999416e-01 nan nan nan
1.538750000000000062e+00 8.157554999999999668e-01 nan nan nan
1.541250000000000009e+00 8.102205000000000101e-01 nan nan nan
1.543749999999999956e+00 8.064247499999999125e-01 nan nan nan
1.546249999999999902e+00 8.150402500000000217e-01 nan nan nan
1.548750000000000071e+00 8.063150000000000039e-01 nan nan nan
1.551250000000000018e+00 8.026087499999999819e-01 nan nan nan
1.553749999999999964e+00 8.038199999999999790e-01 nan nan nan
1.556249999999999911e+00 8.121592499999998882e-01 nan nan nan
1.558750000000000080e+00 8.085617499999999680e-01 nan nan nan
1.561250000000000027e+00 8.088957499999999134e-01 nan nan nan
1.563749999999999973e+00 8.064152500000000279e-01 nan nan nan
1.566249999999999920e+00 8.227612499999999995e-01 nan nan nan
1.568750000000000089e+00 8.189009999999999900e-01 nan nan nan
1.571250000000000036e+00 8.104262499999999037e-01 nan nan nan
1.573749999999999982e+00 8.027707499999999774e-01 nan nan nan
1.576249999999999929e+00 8.123550000000001603e-01 nan nan nan
1.578750000000000098e+00 8.107022500000000687e-01 nan nan nan
1.581250000000000044e+00 8.141412499999999275e-01 nan nan nan
1.583749999999999991e+00 8.114210000000000589e-01 nan nan nan
1.586249999999999938e+00 8.069957500000000117e-01 nan nan nan
1.588750000000000107e+00 8.083367500000000483e-01 nan nan nan
1.591250000000000053e+00 8.220684999999999798e-01 nan nan nan
1.593750000000000000e+00 8.027722500000000760e-01 nan nan nan
1.596249999999999947e+00 8.114872500000001043e-01 nan nan nan
1.598749999999999893e+00 8.147220000000000573e-01 nan nan nan
1.601250000000000062e+00 8.097499999999999698e-01 nan nan nan
1.603750000000000009e+00 8.072764999999999525e-01 nan nan nan
1.606249999999999956e+00 8.156570000000000764e-01 nan nan nan
1.608749999999999902e+00 8.161700000000000621e-01 nan nan nan
1.611250000000000071e+00 8.151085000000000136e-01 nan nan nan
1.613750000000000018e+00 8.094602499999999923e-01 nan nan nan
1.616249999999999964e+00 8.171794999999999476e-01 nan nan nan
1.618749999999999911e+00 8.167919999999999625e-01 nan nan nan
1.621250000000000080e+00 8.160167499999999574e-01 nan nan nan
1.623750000000000027e+00 8.090692499999999621e-01 nan nan nan
1.626249999999999973e+00 8.314872500000000111e-01 nan nan nan
1.628749999999999920e+00 8.317645000000000177e-01 nan nan nan
1.631250000000000089e+00 8.338042500000000246e-01 nan nan nan
1.633750000000000036e+00 8.238229999999999720e-01 nan nan nan
1.636249999999999982e+00 8.195027500000000575e-01 nan nan nan
1.638749999999999929e+00 8.191824999999999246e-01 nan nan nan
1.641250000000000098e+00 8.306132499999999697e-01 nan nan nan
1.643750000000000044e+00 8.299710000000000143e-01 nan nan nan
1.646249999999999991e+00 8.247307499999999569e-01 nan nan nan
1.648749999999999938e+00 8.235882499999999107e-01 nan nan nan
1.651250000000000107e+00 8.264124999999998833e-01 nan nan nan
1.653750000000000053e+00 8.192197499999999133e-01 nan nan nan
1.656250000000000000e+00 8.324152499999999399e-01 nan nan nan
1.658749999999999947e+00 8.274590000000000556e-01 nan nan nan
1.661249999999999893e+00 8.355670000000000597e-01 nan nan nan
1.663750000000000062e+00 8.297044999999999559e-01 nan nan nan
1.666250000000000009e+00 8.390322500000000350e-01 nan nan nan
1.668749999999999956e+00 8.438710000000000377e-01 nan nan nan
1.671249999999999902e+00 8.416667499999999080e-01 nan nan nan
1.673750000000000071e+00 8.410152499999999920e-01 nan nan nan
1.676250000000000018e+00 8.468799999999999661e-01 nan nan nan
1.678749999999999964e+00 8.334412499999999113e-01 nan nan nan
1.681249999999999911e+00 8.314147499999999802e-01 nan nan nan
1.683750000000000080e+00 8.505645000000000566e-01 nan nan nan
1.686250000000000027e+00 8.530077499999999535e-01 nan nan nan
1.688749999999999973e+00 8.549424999999999386e-01 nan nan nan
1.691249999999999920e+00 8.593517499999999698e-01 nan nan nan
1.693750000000000089e+00 8.404619999999999314e-01 nan nan nan
1.696250000000000036e+00 8.437310000000000088e-01 nan nan nan
1.698749999999999982e+00 8.541150000000000686e-01 nan nan nan
1.701249999999999929e+00 8.482682500000000569e-01 nan nan nan
1.703750000000000098e+00 8.507739999999999192e-01 nan nan nan
1.706250000000000044e+00 8.676739999999999453e-01 nan nan nan
1.708749999999999991e+00 8.631337500000000329e-01 nan nan nan
1.711249999999999938e+00 8.621337499999999210e-01 nan nan nan
1.713750000000000107e+00 8.677160000000000428e-01 nan nan nan
1.716250000000000053e+00 8.557790000000000674e-01 nan nan nan
1.718750000000000000e+00 8.616415000000000601e-01 nan nan nan
1.721249999999999947e+00 8.751907500000000173e-01 nan nan nan
1.723749999999999893e+00 8.670484999999998887e-01 nan nan nan
1.726250000000000062e+00 8.788327500000000514e-01 nan nan nan
1.728750000000000009e+00 8.712297499999999140e-01 nan nan nan
1.731249999999999956e+00 8.679520000000000568e-01 nan nan nan
1.733749999999999902e+00 8.706534999999999691e-01 nan nan nan
1.736250000000000071e+00 9.004142499999999716e-01 nan nan nan
1.738750000000000018e+00 8.920649999999999968e-01 nan nan nan
1.741249999999999964e+00 8.847245000000000248e-01 nan nan nan
1.743749999999999911e+00 8.929779999999999385e-01 nan nan nan
1.746250000000000080e+00 8.848354999999999970e-01 nan nan nan
1.748750000000000027e+00 8.973167500000001073e-01 nan nan nan
1.751249999999999973e+00 8.972030000000000838e-01 nan nan nan
1.753749999999999920e+00 8.988632500000000025e-01 nan nan nan
1.756250000000000089e+00 9.106104999999999894e-01 nan nan nan
1.758750000000000036e+00 9.019399999999999640e-01 nan nan nan
1.761249999999999982e+00 9.113090000000000357e-01 nan nan nan
1.763749999999999929e+00 9.102394999999999792e-01 nan nan nan
1.766250000000000098e+00 9.133709999999999329e-01 nan nan nan
1.768750000000000044e+00 9.074987500000000207e-01 nan nan nan
1.771249999999999991e+00 9.076947499999999946e-01 nan nan nan
1.773749999999999938e+00 9.148772499999999752e-01 nan nan nan
1.776250000000000107e+00 9.175027500000000336e-01 nan nan nan
1.778750000000000053e+00 9.119112499999999510e-01 nan nan nan
1.781250000000000000e+00 9.204137500000000305e-01 nan nan nan
1.783749999999999947e+00 9.236299999999999510e-01 nan nan nan
1.786249999999999893e+00 9.211262500000000353e-01 nan nan nan
1.788750000000000062e+00 9.227260000000000462e-01 nan nan nan
1.791250000000000009e+00 9.341005000000000003e-01 nan nan nan
1.793749999999999956e+00 9.217379999999999463e-01 nan nan nan
1.796249999999999902e+00 9.321390000000000509e-01 nan nan nan
1.798750000000000071e+00 9.307677500000001158e-01 nan nan nan
1.801250000000000018e+00 9.363372500000000098e-01 nan nan nan
1.803749999999999964e+00 9.384332499999999966e-01 nan nan nan
1.806249999999999911e+00 9.386042500000000288e-01 nan nan nan
1.808750000000000080e+00 9.531119999999999592e-01 nan nan nan
1.811250000000000027e+00 9.464519999999999600e-01 nan nan nan
1.813749999999999973e+00 9.649864999999999693e-01 nan nan nan
1.816249999999999920e+00 9.517319999999999114e-01 nan nan nan
1.818750000000000089e+00 9.465802500000000119e-01 nan nan nan
1.821250000000000036e+00 9.700499999999999678e-01 nan nan nan
1.823749999999999982e+00 9.687682499999999974e-01 nan nan nan
1.826249999999999929e+00 9.547189999999999843e-01 nan nan nan
1.828750000000000098e+00 9.672040000000000637e-01 nan nan nan
1.831250000000000044e+00 9.611905000000000587e-01 nan nan nan
1.833749999999999991e+00 9.722975000000000367e-01 nan nan nan
1.836249999999999938e+00 9.774572500000000552e-01 nan nan nan
1.838750000000000107e+00 9.717930000000000179e-01 nan nan nan
1.841250000000000053e+00 9.878327500000000372e-01 nan nan nan
1.843750000000000000e+00 9.804804999999999771e-01 nan nan nan
1.846249999999999947e+00 9.960674999999999946e-01 nan nan nan
1.848749999999999893e+00 9.996250000000000968e-01 nan nan nan
1.851250000000000062e+00 1.000674500000000133e+00 nan nan nan
1.853750000000000009e+00 9.987909999999999844e-01 nan nan nan
1.856249999999999956e+00 9.931135000000000934e-01 nan nan nan
1.858749999999999902e+00 9.976937500000000458e-01 nan nan nan
1.861250000000000071e+00 9.985752500000000254e-01 nan nan nan
1.863750000000000018e+00 1.005488500000000007e+00 nan nan nan
1.866249999999999964e+00 1.010390249999999934e+00 nan nan nan
1.868749999999999911e+00 1.005503749999999918e+00 nan nan nan
1.871250000000000080e+00 1.005760500000000057e+00 nan nan nan
1.873750000000000027e+00 1.012747500000000134e+00 nan nan nan
1.876249999999999973e+00 1.016118249999999890e+00 nan nan nan
1.878749999999999920e+00 1.018999250000000023e+00 nan nan nan
1.881250000000000089e+00 1.029406250000000078e+00 nan nan nan
1.883750000000000036e+00 1.033268499999999923e+00 nan nan nan
1.886249999999999982e+00 1.021990499999999802e+00 nan nan nan
1.888749999999999929e+00 1.026165250000000029e+00 nan nan nan
1.891250000000000098e+00 1.033976500000000076e+00 nan nan nan
1.893750000000000044e+00 1.030858749999999935e+00 nan nan nan
1.896249999999999991e+00 1.045539500000000066e+00 nan nan nan
1.898749999999999938e+00 1.039049499999999959e+00 nan nan nan
1.901250000000000107e+00 1.034771250000000142e+00 nan nan nan
1.903750000000000053e+00 1.036405250000000056e+00 nan nan nan
1.906250000000000000e+00 1.052373750000000108e+00 nan nan nan
1.908749999999999947e+00 1.042603999999999864e+00 nan nan nan
1.911249999999999893e+00 1.046526499999999915e+00 nan nan nan
1.913750000000000062e+00 1.053063749999999965e+00 nan nan nan
1.916250000000000009e+00 1.055545999999999873e+00 nan nan nan
1.918749999999999956e+00 1.057011249999999958e+00 nan nan nan
1.921249999999999902e+00 1.052264000000000088e+00 nan nan nan
1.923750000000000071e+00 1.056917499999999954e+00 nan nan nan
1.926250000000000018e+00 1.050166250000000190e+00 nan nan nan
1.928749999999999964e+00 1.063612499999999850e+00 nan nan nan
1.931249999999999911e+00 1.075178500000000037e+00 nan nan nan
1.933750000000000080e+00 1.060465250000000026e+00 nan nan nan
1.936250000000000027e+00 1.073668500000000137e+00 nan nan nan
1.938749999999999973e+00 1.062816750000000088e+00 nan nan nan
1.941249999999999920e+00 1.077390000000000070e+00 nan nan nan
1.943750000000000089e+00 1.077648750000000044e+00 nan nan nan
1.946250000000000036e+00 1.074881999999999893e+00 nan nan nan
1.948749999999999982e+00 1.072963249999999924e+00 nan nan nan
1.951249999999999929e+00 1.077662249999999933e+00 nan nan nan
1.953750000000000098e+00 1.080868750000000045e+00 nan nan nan
1.956250000000000044e+00 1.082394000000000078e+00 nan nan nan
1.958749999999999991e+00 1.078936750000000000e+00 nan nan nan
1.961249999999999938e+00 1.077675500000000008e+00 nan nan nan
1.963750000000000107e+00 1.092111500000000124e+00 nan nan nan
1.966250000000000053e+00 1.078976249999999970e+00 nan nan nan
1.968750000000000000e+00 1.078042250000000202e+00 nan nan nan
1.971249999999999947e+00 1.088921250000000063e+00 nan nan nan
1.973749999999999893e+00 1.090832000000000024e+00 nan nan nan
1.976250000000000062e+00 1.085241749999999783e+00 nan nan nan
1.978750000000000009e+00 1.094256499999999965e+00 nan nan nan
1.981249999999999956e+00 1.083366250000000086e+00 nan nan nan
1.983749999999999902e+00 1.084675999999999974e+00 nan nan nan
1.986250000000000071e+00 1.090584750000000103e+00 nan nan nan
1.988750000000000018e+00 1.086880249999999881e+00 nan nan nan
1.991249999999999964e+00 1.097813249999999963e+00 nan nan nan
1.993749999999999911e+00 1.095317749999999979e+00 nan nan nan
1.996250000000000080e+00 1.098893249999999933e+00 nan nan nan
1.998750000000000027e+00 1.098978749999999893e+00 nan nan nan
2.001250000000000195e+00 1.103981000000000101e+00 nan nan nan
2.003750000000000142e+00 1.100404500000000008e+00 nan nan nan
2.006250000000000089e+00 1.101423249999999854e+00 nan nan nan
2.008750000000000036e+00 1.099660000000000082e+00 nan nan nan
2.011249999999999982e+00 1.098154000000000075e+00 nan nan nan
2.013749999999999929e+00 1.097717499999999902e+00 nan nan nan
2.016249999999999876e+00 1.109353250000000068e+00 nan nan nan
2.018749999999999822e+00 1.102801249999999955e+00 nan nan nan
2.021250000000000213e+00 1.081401249999999870e+00 nan nan nan
2.023750000000000160e+00 1.096581999999999946e+00 nan nan nan
2.026250000000000107e+00 1.097222750000000024e+00 nan nan nan
2.028750000000000053e+00 1.091337999999999919e+00 nan nan nan
2.031250000000000000e+00 1.100178749999999983e+00 nan nan nan
2.033749999999999947e+00 1.095569750000000120e+00 nan nan nan
2.036249999999999893e+00 1.109103249999999985e+00 nan nan nan
2.038749999999999840e+00 1.110208499999999932e+00 nan nan nan
2.041249999999999787e+00 1.101052249999999955e+00 nan nan nan
2.043750000000000178e+00 1.091784749999999971e+00 nan nan nan
2.046250000000000124e+00 1.107612000000000041e+00 nan nan nan
2.048750000000000071e+00 1.099973000000000090e+00 nan nan nan
2.051250000000000018e+00 1.094271000000000216e+00 nan nan nan
2.053749999999999964e+00 1.100381000000000054e+00 nan nan nan
2.056249999999999911e+00 1.093406249999999913e+00 nan nan nan
2.058749999999999858e+00 1.099002000000000034e+00 nan nan nan
2.061249999999999805e+00 1.112019249999999904e+00 nan nan nan
2.063750000000000195e+00 1.107565499999999981e+00 nan nan nan
2.066250000000000142e+00 1.094284749999999917e+00 nan nan nan
2.068750000000000089e+00 1.085967249999999940e+00 nan nan nan
2.071250000000000036e+00 1.102167249999999932e+00 nan nan nan
2.073749999999999982e+00 1.090049999999999963e+00 nan nan nan
2.076249999999999929e+00 1.105153000000000052e+00 nan nan nan
2.078749999999999876e+00 1.095758750000000115e+00 nan nan nan
2.081249999999999822e+00 1.099879000000000051e+00 nan nan nan
2.083750000000000213e+00 1.092292250000000076e+00 nan nan nan
2.086250000000000160e+00 1.088361499999999982e+00 nan nan nan
2.088750000000000107e+00 1.088060249999999840e+00 nan nan nan
2.091250000000000053e+00 1.088135000000000074e+00 nan nan nan
2.093750000000000000e+00 1.087249250000000167e+00 nan nan nan
2.096249999999999947e+00 1.082863750000000014e+00 nan nan nan
2.098749999999999893e+00 1.083460500000000160e+00 nan nan nan
2.101249999999999840e+00 1.100322250000000057e+00 nan nan nan
2.103749999999999787e+00 1.088917499999999983e+00 nan nan nan
2.106250000000000178e+00 1.079598999999999975e+00 nan nan nan
2.108750000000000124e+00 1.089278250000000003e+00 nan nan nan
2.111250000000000071e+00 1.078741500000000020e+00 nan nan nan
2.113750000000000018e+00 1.087290250000000125e+00 nan nan nan
2.116249999999999964e+00 1.080236999999999892e+00 nan nan nan
2.118749999999999911e+00 1.085449749999999991e+00 nan nan nan
2.121249999999999858e+00 1.097021249999999837e+00 nan nan nan
2.123749999999999805e+00 1.083051250000000021e+00 nan nan nan
2.126250000000000195e+00 1.075162249999999986e+00 nan nan nan
2.128750000000000142e+00 1.083889749999999985e+00 nan nan nan
2.131250000000000089e+00 1.078240999999999783e+00 nan nan nan
2.133750000000000036e+00 1.084401249999999983e+00 nan nan nan
2.136249999999999982e+00 1.076431499999999986e+00 nan nan nan
2.138749999999999929e+00 1.080365500000000090e+00 nan nan nan
2.141249999999999876e+00 1.077234250000000060e+00 nan nan nan
2.143749999999999822e+00 1.071513500000000008e+00 nan nan nan
2.146250000000000213e+00 1.071337500000000054e+00 nan nan nan
2.148750000000000160e+00 1.075152250000000143e+00 nan nan nan
2.151250000000000107e+00 1.074797749999999885e+00 nan nan nan
2.153750000000000053e+00 1.069288749999999899e+00 nan nan nan
2.156250000000000000e+00 1.066974749999999972e+00 nan nan nan
2.158749999999999947e+00 1.067288000000000014e+00 nan nan nan
2.161249999999999893e+00 1.066807499999999909e+00 nan nan nan
2.163749999999999840e+00 1.066136000000000195e+00 nan nan nan
2.166249999999999787e+00 1.061183750000000092e+00 nan nan nan
2.168750000000000178e+00 1.058927999999999869e+00 nan nan nan
2.171250000000000124e+00 1.058243999999999962e+00 nan nan nan
2.173750000000000071e+00 1.062591999999999981e+00 nan nan nan
2.176250000000000018e+00 1.059185749999999926e+00 nan nan nan
2.178749999999999964e+00 1.066693749999999996e+00 nan nan nan
2.181249999999999911e+00 1.051369250000000033e+00 nan nan nan
2.183749999999999858e+00 1.047096499999999875e+00 nan nan nan
2.186249999999999805e+00 1.060744249999999944e+00 nan nan nan
2.188750000000000195e+00 1.057154999999999845e+00 nan nan nan
2.191250000000000142e+00 1.052201999999999860e+00 nan nan nan
2.193750000000000089e+00 1.059157750000000009e+00 nan nan nan
2.196250000000000036e+00 1.047495500000000135e+00 nan nan nan
2.198749999999999982e+00 1.046613999999999933e+00 nan nan nan
2.201249999999999929e+00 1.043056999999999901e+00 nan nan nan
2.203749999999999876e+00 1.049122249999999923e+00 nan nan nan
2.206249999999999822e+00 1.043611250000000101e+00 nan nan nan
2.208750000000000213e+00 1.044872749999999906e+00 nan nan nan
2.211250000000000160e+00 1.050026499999999974e+00 nan nan nan
2.213750000000000107e+00 1.044387249999999989e+00 nan nan nan
2.216250000000000053e+00 1.044672750000000150e+00 nan nan nan
2.218750000000000000e+00 1.037154249999999944e+00 nan nan nan
2.221249999999999947e+00 1.041624499999999953e+00 nan nan nan
2.223749999999999893e+00 1.042034750000000232e+00 nan nan nan
2.226249999999999840e+00 1.032281500000000074e+00 nan nan nan
2.228749999999999787e+00 1.028584750000000048e+00 nan nan nan
2.231250000000000178e+00 1.028554250000000003e+00 nan nan nan
2.233750000000000124e+00 1.025386750000000013e+00 nan nan nan
2.236250000000000071e+00 1.039850749999999824e+00 nan nan nan
2.238750000000000018e+00 1.039077250000000063e+00 nan nan nan
2.241249999999999964e+00 1.021573000000000064e+00 nan nan nan
2.243749999999999911e+00 1.026419999999999888e+00 nan nan nan
2.246249999999999858e+00 1.022901749999999943e+00 nan nan nan
2.248749999999999805e+00 1.034457750000000065e+00 nan nan nan
2.251250000000000195e+00 1.034268749999999848e+00 nan nan nan
2.253750000000000142e+00 1.030498499999999984e+00 nan nan nan
2.256250000000000089e+00 1.019798999999999900e+00 nan nan nan
2.258750000000000036e+00 1.020259000000000027e+00 nan nan nan
2.261249999999999982e+00 1.022753749999999906e+00 nan nan nan
2.263749999999999929e+00 1.016551500000000052e+00 nan nan nan
2.266249999999999876e+00 1.027282250000000063e+00 nan nan nan
2.268749999999999822e+00 1.022253000000000078e+00 nan nan nan
2.271250000000000213e+00 1.018253749999999958e+00 nan nan nan
2.273750000000000160e+00 1.002931999999999935e+00 nan nan nan
2.276250000000000107e+00 1.022791250000000041e+00 nan nan nan
2.278750000000000053e+00 1.011708749999999934e+00 nan nan nan
2.281250000000000000e+00 1.009492750000000161e+00 nan nan nan
2.283749999999999947e+00 1.025031999999999943e+00 nan nan nan
2.286249999999999893e+00 1.007903999999999911e+00 nan nan nan
2.288749999999999840e+00 1.012159500000000101e+00 nan nan nan
2.291249999999999787e+00 1.010921249999999993e+00 nan nan nan
2.293750000000000178e+00 1.009128999999999943e+00 nan nan nan
2.296250000000000124e+00 1.011683749999999993e+00 nan nan nan
2.298750000000000071e+00 1.006645000000000012e+00 nan nan nan
2.301250000000000018e+00 9.996812499999999657e-01 nan nan nan
2.303749999999999964e+00 1.004268750000000043e+00 nan nan nan
2.306249999999999911e+00 1.010148500000000116e+00 nan nan nan
2.308749999999999858e+00 1.006769750000000130e+00 nan nan nan
2.311249999999999805e+00 1.000332250000000034e+00 nan nan nan
2.313750000000000195e+00 1.005035499999999971e+00 nan nan nan
2.316250000000000142e+00 9.976297499999999818e-01 nan nan nan
2.318750000000000089e+00 9.960942500000000699e-01 nan nan nan
2.321250000000000036e+00 1.003223750000000081e+00 nan nan nan
2.323749999999999982e+00 1.008907250000000033e+00 nan nan nan
2.326249999999999929e+00 9.980464999999999476e-01 nan nan nan
2.328749999999999876e+00 9.983195000000000263e-01 nan nan nan
2.331249999999999822e+00 1.001981499999999858e+00 nan nan nan
2.333750000000000213e+00 9.970112500000000155e-01 nan nan nan
2.336250000000000160e+00 1.000632750000000071e+00 nan nan nan
2.338750000000000107e+00 9.988894999999999857e-01 nan nan nan
2.341250000000000053e+00 9.871542500000000109e-01 nan nan nan
2.343750000000000000e+00 9.901187500000000474e-01 nan nan nan
2.346249999999999947e+00 9.946387500000000159e-01 nan nan nan
2.348749999999999893e+00 1.002502500000000074e+00 nan nan nan
2.351249999999999840e+00 9.916319999999999579e-01 nan nan nan
2.353749999999999787e+00 9.857167500000000304e-01 nan nan nan
2.356250000000000178e+00 9.850462500000001231e-01 nan nan nan
2.358750000000000124e+00 9.939972500000000544e-01 nan nan nan
2.361250000000000071e+00 9.921444999999999848e-01 nan nan nan
2.363750000000000018e+00 9.892277499999999613e-01 nan nan nan
2.366249999999999964e+00 9.847312500000000579e-01 nan nan nan
2.368749999999999911e+00 9.842857499999999593e-01 nan nan nan
2.371249999999999858e+00 9.829347500000000792e-01 nan nan nan
2.373749999999999805e+00 9.852202500000000196e-01 nan nan nan
2.376250000000000195e+00 9.801985000000000836e-01 nan nan nan
2.378750000000000142e+00 9.748587499999999961e-01 nan nan nan
2.381250000000000089e+00 9.840247500000000036e-01 nan nan nan
2.383750000000000036e+00 9.823420000000000485e-01 nan nan nan
2.386249999999999982e+00 9.822272499999999962e-01 nan nan nan
2.388749999999999929e+00 9.761170000000000124e-01 nan nan nan
2.391249999999999876e+00 9.754332500000000294e-01 nan nan nan
2.393749999999999822e+00 9.804309999999999414e-01 nan nan nan
2.396250000000000213e+00 9.726732499999999337e-01 nan nan nan
2.398750000000000160e+00 9.670672499999999339e-01 nan nan nan
2.401250000000000107e+00 9.787487500000000562e-01 nan nan nan
2.403750000000000053e+00 9.757672499999998639e-01 nan nan nan
2.406250000000000000e+00 9.767712499999999798e-01 nan nan nan
2.408749999999999947e+00 9.759722499999999856e-01 nan nan nan
2.411249999999999893e+00 9.793950000000000156e-01 nan nan nan
2.413749999999999840e+00 9.710599999999999232e-01 nan nan nan
2.416249999999999787e+00 9.699447500000000222e-01 nan nan nan
2.418750000000000178e+00 9.777639999999999665e-01 nan nan nan
2.421250000000000124e+00 9.763312499999998728e-01 nan nan nan
2.423750000000000071e+00 9.705740000000000478e-01 nan nan nan
2.426250000000000018e+00 9.723764999999999770e-01 nan nan nan
2.428749999999999964e+00 9.727467499999999934e-01 nan nan nan
2.431249999999999911e+00 9.693277499999999325e-01 nan nan nan
2.433749999999999858e+00 9.699990000000000556e-01 nan nan nan
2.436249999999999805e+00 9.591617500000000351e-01 nan nan nan
2.438750000000000195e+00 9.666025000000000311e-01 nan nan nan
2.441250000000000142e+00 9.692962500000000814e-01 nan nan nan
2.443750000000000089e+00 9.643547500000000383e-01 nan nan nan
2.446250000000000036e+00 9.644032500000000452e-01 nan nan nan
2.448749999999999982e+00 9.639404999999999779e-01 nan nan nan
2.451249999999999929e+00 9.683445000000000524e-01 nan nan nan
2.453749999999999876e+00 9.716307499999999875e-01 nan nan nan
2.456249999999999822e+00 9.596434999999999826e-01 nan nan nan
2.458750000000000213e+00 9.685247499999999343e-01 nan nan nan
2.461250000000000160e+00 9.622972499999999929e-01 nan nan nan
2.463750000000000107e+00 9.561140000000001304e-01 nan nan nan
2.466250000000000053e+00 9.626842500000000191e-01 nan nan nan
2.468750000000000000e+00 9.690600000000000325e-01 nan nan nan
2.471249999999999947e+00 9.616452500000000070e-01 nan nan nan
2.473749999999999893e+00 9.661642499999999467e-01 nan nan nan
2.476249999999999840e+00 9.601502499999999829e-01 nan nan nan
2.478749999999999787e+00 9.584835000000000438e-01 nan nan nan
2.481250000000000178e+00 9.567594999999999850e-01 nan nan nan
2.483750000000000124e+00 9.605849999999999111e-01 nan nan nan
2.486250000000000071e+00 9.619245000000000712e-01 nan nan nan
2.488750000000000018e+00 9.544502499999999445e-01 nan nan nan
2.491249999999999964e+00 9.694169999999999732e-01 nan nan nan
2.493749999999999911e+00 9.667792499999999789e-01 nan nan nan
2.496249999999999858e+00 9.574772499999999464e-01 nan nan nan
2.498749999999999805e+00 9.663349999999999440e-01 nan nan nan
