1.250000000000000026e-03 0.000000000000000000e+00 nan nan nan
3.749999999999999861e-03 0.000000000000000000e+00 nan nan nan
6.250000000000000347e-03 0.000000000000000000e+00 nan nan nan
8.750000000000000833e-03 0.000000000000000000e+00 nan nan nan
1.124999999999999958e-02 0.000000000000000000e+00 nan nan nan
1.375000000000000007e-02 0.000000000000000000e+00 nan nan nan
1.625000000000000056e-02 0.000000000000000000e+00 nan nan nan
1.874999999999999931e-02 0.000000000000000000e+00 nan nan nan
2.125000000000000153e-02 0.000000000000000000e+00 nan nan nan
2.375000000000000028e-02 0.000000000000000000e+00 nan nan nan
2.624999999999999903e-02 0.000000000000000000e+00 nan nan nan
2.875000000000000125e-02 0.000000000000000000e+00 nan nan nan
3.125000000000000000e-02 0.000000000000000000e+00 nan nan nan
3.375000000000000222e-02 0.000000000000000000e+00 nan nan nan
3.624999999999999750e-02 0.000000000000000000e+00 nan nan nan
3.874999999999999972e-02 0.000000000000000000e+00 nan nan nan
4.125000000000000194e-02 0.000000000000000000e+00 nan nan nan
4.374999999999999722e-02 0.000000000000000000e+00 nan nan nan
4.624999999999999944e-02 0.000000000000000000e+00 nan nan nan
4.875000000000000167e-02 0.000000000000000000e+00 nan nan nan
5.124999999999999695e-02 0.000000000000000000e+00 nan nan nan
5.374999999999999917e-02 0.000000000000000000e+00 nan nan nan
5.625000000000000139e-02 0.000000000000000000e+00 nan nan nan
5.874999999999999667e-02 0.000000000000000000e+00 nan nan nan
6.124999999999999889e-02 0.000000000000000000e+00 nan nan nan
6.375000000000000111e-02 0.000000000000000000e+00 nan nan nan
6.625000000000000333e-02 0.000000000000000000e+00 nan nan nan
6.875000000000000555e-02 0.000000000000000000e+00 nan nan nan
7.124999999999999389e-02 0.000000000000000000e+00 nan nan nan
7.374999999999999611e-02 0.000000000000000000e+00 nan nan nan
7.624999999999999833e-02 0.000000000000000000e+00 nan nan nan
7.875000000000000056e-02 0.000000000000000000e+00 nan nan nan
8.125000000000000278e-02 0.000000000000000000e+00 nan nan nan
8.375000000000000500e-02 0.000000000000000000e+00 nan nan nan
8.624999999999999334e-02 0.000000000000000000e+00 nan nan nan
8.874999999999999556e-02 0.000000000000000000e+00 nan nan nan
9.124999999999999778e-02 0.000000000000000000e+00 nan nan nan
9.375000000000000000e-02 0.000000000000000000e+00 nan nan nan
9.625000000000000222e-02 0.000000000000000000e+00 nan nan nan
9.875000000000000444e-02 0.000000000000000000e+00 nan nan nan
1.012500000000000067e-01 0.000000000000000000e+00 nan nan nan
1.037499999999999950e-01 0.000000000000000000e+00 nan nan nan
1.062499999999999972e-01 0.000000000000000000e+00 nan nan nan
1.087499999999999994e-01 0.000000000000000000e+00 nan nan nan
1.112500000000000017e-01 0.000000000000000000e+00 nan nan nan
1.137500000000000039e-01 0.000000000000000000e+00 nan nan nan
1.162500000000000061e-01 0.000000000000000000e+00 nan nan nan
1.187499999999999944e-01 0.000000000000000000e+00 nan nan nan
1.212499999999999967e-01 0.000000000000000000e+00 nan nan nan
1.237499999999999989e-01 0.000000000000000000e+00 nan nan nan
1.262500000000000011e-01 0.000000000000000000e+00 nan nan nan
1.287500000000000033e-01 0.000000000000000000e+00 nan nan nan
1.312500000000000056e-01 0.000000000000000000e+00 nan nan nan
1.337500000000000078e-01 0.000000000000000000e+00 nan nan nan
1.362500000000000100e-01 0.000000000000000000e+00 nan nan nan
1.387500000000000122e-01 0.000000000000000000e+00 nan nan nan
1.412499999999999867e-01 0.000000000000000000e+00 nan nan nan
1.437499999999999889e-01 0.000000000000000000e+00 nan nan nan
1.462499999999999911e-01 0.000000000000000000e+00 nan nan nan
1.487499999999999933e-01 0.000000000000000000e+00 nan nan nan
1.512499999999999956e-01 0.000000000000000000e+00 nan nan nan
1.537499999999999978e-01 0.000000000000000000e+00 nan nan nan
1.562500000000000000e-01 0.000000000000000000e+00 nan nan nan
1.587500000000000022e-01 0.000000000000000000e+00 nan nan nan
1.612500000000000044e-01 0.000000000000000000e+00 nan nan nan
1.637500000000000067e-01 0.000000000000000000e+00 nan nan nan
1.662500000000000089e-01 0.000000000000000000e+00 nan nan nan
1.687500000000000111e-01 0.000000000000000000e+00 nan nan nan
1.712500000000000133e-01 0.000000000000000000e+00 nan nan nan
1.737499999999999878e-01 0.000000000000000000e+00 nan nan nan
1.762499999999999900e-01 0.000000000000000000e+00 nan nan nan
1.787499999999999922e-01 0.000000000000000000e+00 nan nan nan
1.812499999999999944e-01 0.000000000000000000e+00 nan nan nan
1.837499999999999967e-01 0.000000000000000000e+00 nan nan nan
1.862499999999999989e-01 0.000000000000000000e+00 nan nan nan
1.887500000000000011e-01 0.000000000000000000e+00 nan nan nan
1.912500000000000033e-01 0.000000000000000000e+00 nan nan nan
1.937500000000000056e-01 0.000000000000000000e+00 nan nan nan
1.962500000000000078e-01 0.000000000000000000e+00 nan nan nan
1.987500000000000100e-01 0.000000000000000000e+00 nan nan nan
2.012500000000000122e-01 0.000000000000000000e+00 nan nan nan
2.037499999999999867e-01 0.000000000000000000e+00 nan nan nan
2.062499999999999889e-01 0.000000000000000000e+00 nan nan nan
2.087499999999999911e-01 0.000000000000000000e+00 nan nan nan
2.112499999999999933e-01 0.000000000000000000e+00 nan nan nan
2.137499999999999956e-01 0.000000000000000000e+00 nan nan nan
2.162499999999999978e-01 0.000000000000000000e+00 nan nan nan
2.187500000000000000e-01 0.000000000000000000e+00 nan nan nan
2.212500000000000022e-01 0.000000000000000000e+00 nan nan nan
2.237500000000000044e-01 0.000000000000000000e+00 nan nan nan
2.262500000000000067e-01 0.000000000000000000e+00 nan nan nan
2.287500000000000089e-01 0.000000000000000000e+00 nan nan nan
2.312500000000000111e-01 0.000000000000000000e+00 nan nan nan
2.337500000000000133e-01 0.000000000000000000e+00 nan nan nan
2.362499999999999878e-01 0.000000000000000000e+00 nan nan nan
2.387499999999999900e-01 0.000000000000000000e+00 nan nan nan
2.412499999999999922e-01 0.000000000000000000e+00 nan nan nan
2.437499999999999944e-01 0.000000000000000000e+00 nan nan nan
2.462499999999999967e-01 0.000000000000000000e+00 nan nan nan
2.487499999999999989e-01 0.000000000000000000e+00 nan nan nan
2.512499999999999734e-01 0.000000000000000000e+00 nan nan nan
2.537499999999999756e-01 0.000000000000000000e+00 nan nan nan
2.562499999999999778e-01 0.000000000000000000e+00 nan nan nan
2.587499999999999800e-01 0.000000000000000000e+00 nan nan nan
2.612499999999999822e-01 0.000000000000000000e+00 nan nan nan
2.637499999999999845e-01 0.000000000000000000e+00 nan nan nan
2.662499999999999867e-01 0.000000000000000000e+00 nan nan nan
2.687499999999999889e-01 0.000000000000000000e+00 nan nan nan
2.712499999999999911e-01 0.000000000000000000e+00 nan nan nan
2.737499999999999933e-01 0.000000000000000000e+00 nan nan nan
2.762499999999999956e-01 0.000000000000000000e+00 nan nan nan
2.787499999999999978e-01 0.000000000000000000e+00 nan nan nan
2.812500000000000000e-01 0.000000000000000000e+00 nan nan nan
2.837500000000000022e-01 0.000000000000000000e+00 nan nan nan
2.862500000000000044e-01 0.000000000000000000e+00 nan nan nan
2.887500000000000067e-01 0.000000000000000000e+00 nan nan nan
2.912500000000000089e-01 0.000000000000000000e+00 nan nan nan
2.937500000000000111e-01 0.000000000000000000e+00 nan nan nan
2.962500000000000133e-01 0.000000000000000000e+00 nan nan nan
2.987500000000000155e-01 0.000000000000000000e+00 nan nan nan
3.012500000000000178e-01 0.000000000000000000e+00 nan nan nan
3.037500000000000200e-01 0.000000000000000000e+00 nan nan nan
3.062500000000000222e-01 0.000000000000000000e+00 nan nan nan
3.087500000000000244e-01 0.000000000000000000e+00 nan nan nan
3.112500000000000266e-01 0.000000000000000000e+00 nan nan nan
3.137499999999999734e-01 0.000000000000000000e+00 nan nan nan
3.162499999999999756e-01 0.000000000000000000e+00 nan nan nan
3.187499999999999778e-01 0.000000000000000000e+00 nan nan nan
3.212499999999999800e-01 0.000000000000000000e+00 nan nan nan
3.237499999999999822e-01 0.000000000000000000e+00 nan nan nan
3.262499999999999845e-01 0.000000000000000000e+00 nan nan nan
3.287499999999999867e-01 0.000000000000000000e+00 nan nan nan
3.312499999999999889e-01 0.000000000000000000e+00 nan nan nan
3.337499999999999911e-01 0.000000000000000000e+00 nan nan nan
3.362499999999999933e-01 0.000000000000000000e+00 nan nan nan
3.387499999999999956e-01 0.000000000000000000e+00 nan nan nan
3.412499999999999978e-01 0.000000000000000000e+00 nan nan nan
3.437500000000000000e-01 0.000000000000000000e+00 nan nan nan
3.462500000000000022e-01 0.000000000000000000e+00 nan nan nan
3.487500000000000044e-01 0.000000000000000000e+00 nan nan nan
3.512500000000000067e-01 0.000000000000000000e+00 nan nan nan
3.537500000000000089e-01 0.000000000000000000e+00 nan nan nan
3.562500000000000111e-01 0.000000000000000000e+00 nan nan nan
3.587500000000000133e-01 0.000000000000000000e+00 nan nan nan
3.612500000000000155e-01 0.000000000000000000e+00 nan nan nan
3.637500000000000178e-01 0.000000000000000000e+00 nan nan nan
3.662500000000000200e-01 0.000000000000000000e+00 nan nan nan
3.687500000000000222e-01 0.000000000000000000e+00 nan nan nan
3.712500000000000244e-01 0.000000000000000000e+00 nan nan nan
3.737500000000000266e-01 0.000000000000000000e+00 nan nan nan
3.762499999999999734e-01 0.000000000000000000e+00 nan nan nan
3.787499999999999756e-01 0.000000000000000000e+00 nan nan nan
3.812499999999999778e-01 0.000000000000000000e+00 nan nan nan
3.837499999999999800e-01 0.000000000000000000e+00 nan nan nan
3.862499999999999822e-01 0.000000000000000000e+00 nan nan nan
3.887499999999999845e-01 0.000000000000000000e+00 nan nan nan
3.912499999999999867e-01 0.000000000000000000e+00 nan nan nan
3.937499999999999889e-01 0.000000000000000000e+00 nan nan nan
3.962499999999999911e-01 0.000000000000000000e+00 nan nan nan
3.987499999999999933e-01 0.000000000000000000e+00 nan nan nan
4.012499999999999956e-01 0.000000000000000000e+00 nan nan nan
4.037499999999999978e-01 0.000000000000000000e+00 nan nan nan
4.062500000000000000e-01 0.000000000000000000e+00 nan nan nan
4.087500000000000022e-01 0.000000000000000000e+00 nan nan nan
4.112500000000000044e-01 0.000000000000000000e+00 nan nan nan
4.137500000000000067e-01 0.000000000000000000e+00 nan nan nan
4.162500000000000089e-01 0.000000000000000000e+00 nan nan nan
4.187500000000000111e-01 0.000000000000000000e+00 nan nan nan
4.212500000000000133e-01 0.000000000000000000e+00 nan nan nan
4.237500000000000155e-01 0.000000000000000000e+00 nan nan nan
4.262500000000000178e-01 0.000000000000000000e+00 nan nan nan
4.287500000000000200e-01 0.000000000000000000e+00 nan nan nan
4.312500000000000222e-01 0.000000000000000000e+00 nan nan nan
4.337500000000000244e-01 0.000000000000000000e+00 nan nan nan
4.362500000000000266e-01 0.000000000000000000e+00 nan nan nan
4.387499999999999734e-01 0.000000000000000000e+00 nan nan nan
4.412499999999999756e-01 0.000000000000000000e+00 nan nan nan
4.437499999999999778e-01 0.000000000000000000e+00 nan nan nan
4.462499999999999800e-01 0.000000000000000000e+00 nan nan nan
4.487499999999999822e-01 0.000000000000000000e+00 nan nan nan
4.512499999999999845e-01 0.000000000000000000e+00 nan nan nan
4.537499999999999867e-01 0.000000000000000000e+00 nan nan nan
4.562499999999999889e-01 0.000000000000000000e+00 nan nan nan
4.587499999999999911e-01 0.000000000000000000e+00 nan nan nan
4.612499999999999933e-01 0.000000000000000000e+00 nan nan nan
4.637499999999999956e-01 0.000000000000000000e+00 nan nan nan
4.662499999999999978e-01 0.000000000000000000e+00 nan nan nan
4.687500000000000000e-01 0.000000000000000000e+00 nan nan nan
4.712500000000000022e-01 0.000000000000000000e+00 nan nan nan
4.737500000000000044e-01 0.000000000000000000e+00 nan nan nan
4.762500000000000067e-01 0.000000000000000000e+00 nan nan nan
4.787500000000000089e-01 0.000000000000000000e+00 nan nan nan
4.812500000000000111e-01 0.000000000000000000e+00 nan nan nan
4.837500000000000133e-01 0.000000000000000000e+00 nan nan nan
4.862500000000000155e-01 0.000000000000000000e+00 nan nan nan
4.887500000000000178e-01 0.000000000000000000e+00 nan nan nan
4.912500000000000200e-01 0.000000000000000000e+00 nan nan nan
4.937500000000000222e-01 0.000000000000000000e+00 nan nan nan
4.962500000000000244e-01 0.000000000000000000e+00 nan nan nan
4.987500000000000266e-01 0.000000000000000000e+00 nan nan nan
5.012499999999999734e-01 0.000000000000000000e+00 nan nan nan
5.037500000000000311e-01 0.000000000000000000e+00 nan nan nan
5.062499999999999778e-01 0.000000000000000000e+00 nan nan nan
5.087500000000000355e-01 0.000000000000000000e+00 nan nan nan
5.112499999999999822e-01 0.000000000000000000e+00 nan nan nan
5.137500000000000400e-01 0.000000000000000000e+00 nan nan nan
5.162499999999999867e-01 0.000000000000000000e+00 nan nan nan
5.187500000000000444e-01 0.000000000000000000e+00 nan nan nan
5.212499999999999911e-01 0.000000000000000000e+00 nan nan nan
5.237500000000000488e-01 0.000000000000000000e+00 nan nan nan
5.262499999999999956e-01 0.000000000000000000e+00 nan nan nan
5.287500000000000533e-01 0.000000000000000000e+00 nan nan nan
5.312500000000000000e-01 0.000000000000000000e+00 nan nan nan
5.337499999999999467e-01 0.000000000000000000e+00 nan nan nan
5.362500000000000044e-01 0.000000000000000000e+00 nan nan nan
5.387499999999999512e-01 0.000000000000000000e+00 nan nan nan
5.412500000000000089e-01 0.000000000000000000e+00 nan nan nan
5.437499999999999556e-01 0.000000000000000000e+00 nan nan nan
5.462500000000000133e-01 0.000000000000000000e+00 nan nan nan
5.487499999999999600e-01 0.000000000000000000e+00 nan nan nan
5.512500000000000178e-01 0.000000000000000000e+00 nan nan nan
5.537499999999999645e-01 0.000000000000000000e+00 nan nan nan
5.562500000000000222e-01 0.000000000000000000e+00 nan nan nan
5.587499999999999689e-01 0.000000000000000000e+00 nan nan nan
5.612500000000000266e-01 0.000000000000000000e+00 nan nan nan
5.637499999999999734e-01 0.000000000000000000e+00 nan nan nan
5.662500000000000311e-01 0.000000000000000000e+00 nan nan nan
5.687499999999999778e-01 0.000000000000000000e+00 nan nan nan
5.712500000000000355e-01 0.000000000000000000e+00 nan nan nan
5.737499999999999822e-01 0.000000000000000000e+00 nan nan nan
5.762500000000000400e-01 0.000000000000000000e+00 nan nan nan
5.787499999999999867e-01 0.000000000000000000e+00 nan nan nan
5.812500000000000444e-01 0.000000000000000000e+00 nan nan nan
5.837499999999999911e-01 0.000000000000000000e+00 nan nan nan
5.862500000000000488e-01 0.000000000000000000e+00 nan nan nan
5.887499999999999956e-01 0.000000000000000000e+00 nan nan nan
5.912500000000000533e-01 0.000000000000000000e+00 nan nan nan
5.937500000000000000e-01 0.000000000000000000e+00 nan nan nan
5.962499999999999467e-01 0.000000000000000000e+00 nan nan nan
5.987500000000000044e-01 0.000000000000000000e+00 nan nan nan
6.012499999999999512e-01 0.000000000000000000e+00 nan nan nan
6.037500000000000089e-01 0.000000000000000000e+00 nan nan nan
6.062499999999999556e-01 0.000000000000000000e+00 nan nan nan
6.087500000000000133e-01 0.000000000000000000e+00 nan nan nan
6.112499999999999600e-01 0.000000000000000000e+00 nan nan nan
6.137500000000000178e-01 0.000000000000000000e+00 nan nan nan
6.162499999999999645e-01 0.000000000000000000e+00 nan nan nan
6.187500000000000222e-01 0.000000000000000000e+00 nan nan nan
6.212499999999999689e-01 0.000000000000000000e+00 nan nan nan
6.237500000000000266e-01 0.000000000000000000e+00 nan nan nan
6.262499999999999734e-01 0.000000000000000000e+00 nan nan nan
6.287500000000000311e-01 0.000000000000000000e+00 nan nan nan
6.312499999999999778e-01 0.000000000000000000e+00 nan nan nan
6.337500000000000355e-01 0.000000000000000000e+00 nan nan nan
6.362499999999999822e-01 0.000000000000000000e+00 nan nan nan
6.387500000000000400e-01 0.000000000000000000e+00 nan nan nan
6.412499999999999867e-01 0.000000000000000000e+00 nan nan nan
6.437500000000000444e-01 0.000000000000000000e+00 nan nan nan
6.462499999999999911e-01 0.000000000000000000e+00 nan nan nan
6.487500000000000488e-01 0.000000000000000000e+00 nan nan nan
6.512499999999999956e-01 0.000000000000000000e+00 nan nan nan
6.537500000000000533e-01 0.000000000000000000e+00 nan nan nan
6.562500000000000000e-01 0.000000000000000000e+00 nan nan nan
6.587499999999999467e-01 0.000000000000000000e+00 nan nan nan
6.612500000000000044e-01 0.000000000000000000e+00 nan nan nan
6.637499999999999512e-01 0.000000000000000000e+00 nan nan nan
6.662500000000000089e-01 0.000000000000000000e+00 nan nan nan
6.687499999999999556e-01 0.000000000000000000e+00 nan nan nan
6.712500000000000133e-01 0.000000000000000000e+00 nan nan nan
6.737499999999999600e-01 0.000000000000000000e+00 nan nan nan
6.762500000000000178e-01 0.000000000000000000e+00 nan nan nan
6.787499999999999645e-01 0.000000000000000000e+00 nan nan nan
6.812500000000000222e-01 0.000000000000000000e+00 nan nan nan
6.837499999999999689e-01 0.000000000000000000e+00 nan nan nan
6.862500000000000266e-01 0.000000000000000000e+00 nan nan nan
6.887499999999999734e-01 0.000000000000000000e+00 nan nan nan
6.912500000000000311e-01 0.000000000000000000e+00 nan nan nan
6.937499999999999778e-01 0.000000000000000000e+00 nan nan nan
6.962500000000000355e-01 0.000000000000000000e+00 nan nan nan
6.987499999999999822e-01 0.000000000000000000e+00 nan nan nan
7.012500000000000400e-01 0.000000000000000000e+00 nan nan nan
7.037499999999999867e-01 0.000000000000000000e+00 nan nan nan
7.062500000000000444e-01 0.000000000000000000e+00 nan nan nan
7.087499999999999911e-01 0.000000000000000000e+00 nan nan nan
7.112500000000000488e-01 0.000000000000000000e+00 nan nan nan
7.137499999999999956e-01 0.000000000000000000e+00 nan nan nan
7.162500000000000533e-01 0.000000000000000000e+00 nan nan nan
7.187500000000000000e-01 0.000000000000000000e+00 nan nan nan
7.212499999999999467e-01 0.000000000000000000e+00 nan nan nan
7.237500000000000044e-01 0.000000000000000000e+00 nan nan nan
7.262499999999999512e-01 0.000000000000000000e+00 nan nan nan
7.287500000000000089e-01 0.000000000000000000e+00 nan nan nan
7.312499999999999556e-01 0.000000000000000000e+00 nan nan nan
7.337500000000000133e-01 0.000000000000000000e+00 nan nan nan
7.362499999999999600e-01 0.000000000000000000e+00 nan nan nan
7.387500000000000178e-01 0.000000000000000000e+00 nan nan nan
7.412499999999999645e-01 0.000000000000000000e+00 nan nan nan
7.437500000000000222e-01 0.000000000000000000e+00 nan nan nan
7.462499999999999689e-01 0.000000000000000000e+00 nan nan nan
7.487500000000000266e-01 0.000000000000000000e+00 nan nan nan
7.512499999999999734e-01 0.000000000000000000e+00 nan nan nan
7.537500000000000311e-01 0.000000000000000000e+00 nan nan nan
7.562499999999999778e-01 0.000000000000000000e+00 nan nan nan
7.587500000000000355e-01 0.000000000000000000e+00 nan nan nan
7.612499999999999822e-01 0.000000000000000000e+00 nan nan nan
7.637500000000000400e-01 0.000000000000000000e+00 nan nan nan
7.662499999999999867e-01 0.000000000000000000e+00 nan nan nan
7.687500000000000444e-01 0.000000000000000000e+00 nan nan nan
7.712499999999999911e-01 0.000000000000000000e+00 nan nan nan
7.737500000000000488e-01 0.000000000000000000e+00 nan nan nan
7.762499999999999956e-01 0.000000000000000000e+00 nan nan nan
7.787500000000000533e-01 8.385000000000000526e-04 nan nan nan
7.812500000000000000e-01 4.164999999999999866e-04 nan nan nan
7.837499999999999467e-01 8.279999999999999600e-04 nan nan nan
7.862500000000000044e-01 8.227500000000000221e-04 nan nan nan
7.887499999999999512e-01 1.839499999999999989e-03 nan nan nan
7.912500000000000089e-01 3.452749999999999656e-03 nan nan nan
7.937499999999999556e-01 2.825250000000000070e-03 nan nan nan
7.962500000000000133e-01 3.008250000000000073e-03 nan nan nan
7.987499999999999600e-01 6.377250000000000973e-03 nan nan nan
8.012500000000000178e-01 5.941500000000000600e-03 nan nan nan
8.037499999999999645e-01 9.053749999999999298e-03 nan nan nan
8.062500000000000222e-01 1.056224999999999872e-02 nan nan nan
8.087499999999999689e-01 1.613474999999999979e-02 nan nan nan
8.112500000000000266e-01 2.028550000000000145e-02 nan nan nan
8.137499999999999734e-01 2.380925000000000055e-02 nan nan nan
8.162500000000000311e-01 3.129724999999999868e-02 nan nan nan
8.187499999999999778e-01 3.546875000000000028e-02 nan nan nan
8.212500000000000355e-01 4.204000000000000098e-02 nan nan nan
8.237499999999999822e-01 4.497075000000000378e-02 nan nan nan
8.262500000000000400e-01 6.127525000000000333e-02 nan nan nan
8.287499999999999867e-01 7.682624999999999871e-02 nan nan nan
8.312500000000000444e-01 8.648600000000000732e-02 nan nan nan
8.337499999999999911e-01 9.694225000000000758e-02 nan nan nan
8.362500000000000488e-01 1.120000000000000023e-01 nan nan nan
8.387499999999999956e-01 1.265152499999999958e-01 nan nan nan
8.412500000000000533e-01 1.525344999999999895e-01 nan nan nan
8.437500000000000000e-01 1.648479999999999945e-01 nan nan nan
8.462499999999999467e-01 1.841154999999999875e-01 nan nan nan
8.487500000000000044e-01 2.084487499999999882e-01 nan nan nan
8.512499999999999512e-01 2.317917499999999908e-01 nan nan nan
8.537500000000000089e-01 2.661967499999999820e-01 nan nan nan
8.562499999999999556e-01 2.974215000000000053e-01 nan nan nan
8.587500000000000133e-01 3.148307499999999925e-01 nan nan nan
8.612499999999999600e-01 3.462600000000000122e-01 nan nan nan
8.637500000000000178e-01 3.853307499999999441e-01 nan nan nan
8.662499999999999645e-01 4.070017499999999955e-01 nan nan nan
8.687500000000000222e-01 4.343127499999999697e-01 nan nan nan
8.712499999999999689e-01 4.934652499999999664e-01 nan nan nan
8.737500000000000266e-01 5.274522500000000669e-01 nan nan nan
8.762499999999999734e-01 5.560760000000000147e-01 nan nan nan
8.787500000000000311e-01 6.074175000000000546e-01 nan nan nan
8.812499999999999778e-01 6.085605000000000597e-01 nan nan nan
8.837500000000000355e-01 6.577062500000000478e-01 nan nan nan
8.862499999999999822e-01 6.991660000000000652e-01 nan nan nan
8.887500000000000400e-01 7.530270000000000019e-01 nan nan nan
8.912499999999999867e-01 7.963489999999999736e-01 nan nan nan
8.937500000000000444e-01 8.215069999999999872e-01 nan nan nan
8.962499999999999911e-01 8.745472499999999982e-01 nan nan nan
8.987500000000000488e-01 9.194307500000000744e-01 nan nan nan
9.012499999999999956e-01 9.769517500000000076e-01 nan nan nan
9.037500000000000533e-01 1.030398750000000030e+00 nan nan nan
9.062500000000000000e-01 1.014658499999999908e+00 nan nan nan
9.087499999999999467e-01 1.081292749999999803e+00 nan nan nan
9.112500000000000044e-01 1.099867499999999998e+00 nan nan nan
9.137499999999999512e-01 1.157815999999999956e+00 nan nan nan
9.162500000000000089e-01 1.174527749999999982e+00 nan nan nan
9.187499999999999556e-01 1.194806000000000035e+00 nan nan nan
9.212500000000000133e-01 1.248555749999999964e+00 nan nan nan
9.237499999999999600e-01 1.295746499999999912e+00 nan nan nan
9.262500000000000178e-01 1.291725749999999895e+00 nan nan nan
9.287499999999999645e-01 1.332392749999999904e+00 nan nan nan
9.312500000000000222e-01 1.390345250000000199e+00 nan nan nan
9.337499999999999689e-01 1.415284500000000056e+00 nan nan nan
9.362500000000000266e-01 1.427463499999999996e+00 nan nan nan
9.387499999999999734e-01 1.462145249999999841e+00 nan nan nan
9.412500000000000311e-01 1.489262749999999969e+00 nan nan nan
9.437499999999999778e-01 1.499798500000000034e+00 nan nan nan
9.462500000000000355e-01 1.525964999999999794e+00 nan nan nan
9.487499999999999822e-01 1.562146499999999882e+00 nan nan nan
9.512500000000000400e-01 1.573477500000000084e+00 nan nan nan
9.537499999999999867e-01 1.604517500000000263e+00 nan nan nan
9.562500000000000444e-01 1.601839749999999896e+00 nan nan nan
9.587499999999999911e-01 1.625588000000000033e+00 nan nan nan
9.612500000000000488e-01 1.662553499999999795e+00 nan nan nan
9.637499999999999956e-01 1.680359750000000041e+00 nan nan nan
9.662500000000000533e-01 1.673309750000000040e+00 nan nan nan
9.687500000000000000e-01 1.692187499999999956e+00 nan nan nan
9.712499999999999467e-01 1.700740000000000141e+00 nan nan nan
9.737500000000000044e-01 1.725542250000000166e+00 nan nan nan
9.762499999999999512e-01 1.739128500000000077e+00 nan nan nan
9.787500000000000089e-01 1.767818000000000112e+00 nan nan nan
9.812499999999999556e-01 1.741522749999999897e+00 nan nan nan
9.837500000000000133e-01 1.792856000000000005e+00 nan nan nan
9.862499999999999600e-01 1.760510500000000089e+00 nan nan nan
9.887500000000000178e-01 1.756820999999999966e+00 nan nan nan
9.912499999999999645e-01 1.767639999999999878e+00 nan nan nan
9.937500000000000222e-01 1.760946000000000122e+00 nan nan nan
9.962499999999999689e-01 1.797725500000000087e+00 nan nan nan
9.987500000000000266e-01 1.773568250000000068e+00 nan nan nan
1.001249999999999973e+00 1.770176250000000007e+00 nan nan nan
1.003749999999999920e+00 1.809703999999999979e+00 nan nan nan
1.006250000000000089e+00 1.812652249999999965e+00 nan nan nan
1.008750000000000036e+00 1.772815749999999912e+00 nan nan nan
1.011249999999999982e+00 1.760082249999999959e+00 nan nan nan
1.013749999999999929e+00 1.800406000000000173e+00 nan nan nan
1.016250000000000098e+00 1.798083749999999981e+00 nan nan nan
1.018750000000000044e+00 1.777018999999999904e+00 nan nan nan
1.021249999999999991e+00 1.787956750000000206e+00 nan nan nan
1.023749999999999938e+00 1.773411999999999988e+00 nan nan nan
1.026250000000000107e+00 1.735445750000000009e+00 nan nan nan
1.028750000000000053e+00 1.767508749999999962e+00 nan nan nan
1.031250000000000000e+00 1.766601000000000088e+00 nan nan nan
1.033749999999999947e+00 1.765086750000000038e+00 nan nan nan
1.036249999999999893e+00 1.783340499999999995e+00 nan nan nan
1.038750000000000062e+00 1.749667000000000083e+00 nan nan nan
1.041250000000000009e+00 1.760039000000000131e+00 nan nan nan
1.043749999999999956e+00 1.737262250000000119e+00 nan nan nan
1.046249999999999902e+00 1.720142000000000060e+00 nan nan nan
1.048750000000000071e+00 1.728944500000000106e+00 nan nan nan
1.051250000000000018e+00 1.737528500000000031e+00 nan nan nan
1.053749999999999964e+00 1.705133000000000010e+00 nan nan nan
1.056249999999999911e+00 1.704478250000000195e+00 nan nan nan
1.058750000000000080e+00 1.703698000000000157e+00 nan nan nan
1.061250000000000027e+00 1.693648499999999890e+00 nan nan nan
1.063749999999999973e+00 1.675135000000000041e+00 nan nan nan
1.066249999999999920e+00 1.674781999999999993e+00 nan nan nan
1.068750000000000089e+00 1.663728000000000096e+00 nan nan nan
1.071250000000000036e+00 1.667826749999999913e+00 nan nan nan
1.073749999999999982e+00 1.637461749999999938e+00 nan nan nan
1.076249999999999929e+00 1.627338749999999834e+00 nan nan nan
1.078750000000000098e+00 1.630512249999999774e+00 nan nan nan
1.081250000000000044e+00 1.625917250000000092e+00 nan nan nan
1.083749999999999991e+00 1.629791500000000060e+00 nan nan nan
1.086249999999999938e+00 1.608936249999999957e+00 nan nan nan
1.088750000000000107e+00 1.586109749999999874e+00 nan nan nan
1.091250000000000053e+00 1.572658249999999924e+00 nan nan nan
1.093750000000000000e+00 1.573342000000000018e+00 nan nan nan
1.096249999999999947e+00 1.578447249999999968e+00 nan nan nan
1.098749999999999893e+00 1.572430750000000099e+00 nan nan nan
1.101250000000000062e+00 1.552508749999999882e+00 nan nan nan
1.103750000000000009e+00 1.547258250000000057e+00 nan nan nan
1.106249999999999956e+00 1.513778999999999986e+00 nan nan nan
1.108749999999999902e+00 1.514096750000000213e+00 nan nan nan
1.111250000000000071e+00 1.516764750000000106e+00 nan nan nan
1.113750000000000018e+00 1.515395749999999930e+00 nan nan nan
1.116249999999999964e+00 1.485043249999999926e+00 nan nan nan
1.118749999999999911e+00 1.472419750000000027e+00 nan nan nan
1.121250000000000080e+00 1.473547500000000010e+00 nan nan nan
1.123750000000000027e+00 1.474650500000000086e+00 nan nan nan
1.126249999999999973e+00 1.464602749999999842e+00 nan nan nan
1.128749999999999920e+00 1.445747250000000150e+00 nan nan nan
1.131250000000000089e+00 1.445027999999999979e+00 nan nan nan
1.133750000000000036e+00 1.430748499999999979e+00 nan nan nan
1.136249999999999982e+00 1.433421749999999939e+00 nan nan nan
1.138749999999999929e+00 1.418702249999999943e+00 nan nan nan
1.141250000000000098e+00 1.392285750000000100e+00 nan nan nan
1.143750000000000044e+00 1.379596750000000149e+00 nan nan nan
1.146249999999999991e+00 1.396326500000000026e+00 nan nan nan
1.148749999999999938e+00 1.367035250000000035e+00 nan nan nan
1.151250000000000107e+00 1.394776999999999934e+00 nan nan nan
1.153750000000000053e+00 1.359223999999999988e+00 nan nan nan
1.156250000000000000e+00 1.347075499999999870e+00 nan nan nan
1.158749999999999947e+00 1.344678500000000110e+00 nan nan nan
1.161249999999999893e+00 1.352283750000000007e+00 nan nan nan
1.163750000000000062e+00 1.331083000000000016e+00 nan nan nan
1.166250000000000009e+00 1.331271500000000163e+00 nan nan nan
1.168749999999999956e+00 1.314412750000000019e+00 nan nan nan
1.171249999999999902e+00 1.301485750000000108e+00 nan nan nan
1.173750000000000071e+00 1.308960499999999971e+00 nan nan nan
1.176250000000000018e+00 1.318748999999999949e+00 nan nan nan
1.178749999999999964e+00 1.289277250000000041e+00 nan nan nan
1.181249999999999911e+00 1.279816249999999878e+00 nan nan nan
1.183750000000000080e+00 1.268064499999999928e+00 nan nan nan
1.186250000000000027e+00 1.280977249999999845e+00 nan nan nan
1.188749999999999973e+00 1.259129499999999791e+00 nan nan nan
1.191249999999999920e+00 1.237095250000000091e+00 nan nan nan
1.193750000000000089e+00 1.267073249999999929e+00 nan nan nan
1.196250000000000036e+00 1.239392500000000119e+00 nan nan nan
1.198749999999999982e+00 1.215027249999999892e+00 nan nan nan
1.201249999999999929e+00 1.232091999999999965e+00 nan nan nan
1.203750000000000098e+00 1.247249249999999865e+00 nan nan nan
1.206250000000000044e+00 1.206781499999999951e+00 nan nan nan
1.208749999999999991e+00 1.207190250000000020e+00 nan nan nan
1.211249999999999938e+00 1.203685499999999964e+00 nan nan nan
1.213750000000000107e+00 1.201493750000000027e+00 nan nan nan
1.216250000000000053e+00 1.178251500000000007e+00 nan nan nan
1.218750000000000000e+00 1.172908749999999944e+00 nan nan nan
1.221249999999999947e+00 1.172118250000000028e+00 nan nan nan
1.223749999999999893e+00 1.192635499999999960e+00 nan nan nan
1.226250000000000062e+00 1.169682499999999958e+00 nan nan nan
1.228750000000000009e+00 1.157179750000000062e+00 nan nan nan
1.231249999999999956e+00 1.147788499999999878e+00 nan nan nan
1.233749999999999902e+00 1.169955500000000148e+00 nan nan nan
1.236250000000000071e+00 1.124047000000000018e+00 nan nan nan
1.238750000000000018e+00 1.138903499999999847e+00 nan nan nan
1.241249999999999964e+00 1.137704250000000084e+00 nan nan nan
1.243749999999999911e+00 1.155245499999999925e+00 nan nan nan
1.246250000000000080e+00 1.127365500000000020e+00 nan nan nan
1.248750000000000027e+00 1.129786750000000062e+00 nan nan nan
1.251249999999999973e+00 1.115774999999999961e+00 nan nan nan
1.253749999999999920e+00 1.115940000000000154e+00 nan nan nan
1.256250000000000089e+00 1.108682999999999863e+00 nan nan nan
1.258750000000000036e+00 1.100672499999999943e+00 nan nan nan
1.261249999999999982e+00 1.105505249999999995e+00 nan nan nan
1.263749999999999929e+00 1.082904250000000124e+00 nan nan nan
1.266250000000000098e+00 1.084817750000000025e+00 nan nan nan
1.268750000000000044e+00 1.088761499999999938e+00 nan nan nan
1.271249999999999991e+00 1.074176500000000090e+00 nan nan nan
1.273749999999999938e+00 1.081327750000000032e+00 nan nan nan
1.276250000000000107e+00 1.070460250000000002e+00 nan nan nan
1.278750000000000053e+00 1.068145000000000122e+00 nan nan nan
1.281250000000000000e+00 1.055073499999999997e+00 nan nan nan
1.283749999999999947e+00 1.049193749999999925e+00 nan nan nan
1.286249999999999893e+00 1.057031250000000089e+00 nan nan nan
1.288750000000000062e+00 1.058216250000000080e+00 nan nan nan
1.291250000000000009e+00 1.023695750000000126e+00 nan nan nan
1.293749999999999956e+00 1.031821249999999912e+00 nan nan nan
1.296249999999999902e+00 1.055616749999999993e+00 nan nan nan
1.298750000000000071e+00 1.041531250000000242e+00 nan nan nan
1.301250000000000018e+00 1.029198000000000057e+00 nan nan nan
1.303749999999999964e+00 1.028470749999999878e+00 nan nan nan
1.306249999999999911e+00 9.990529999999999688e-01 nan nan nan
1.308750000000000080e+00 1.018697500000000034e+00 nan nan nan
1.311250000000000027e+00 1.014299250000000097e+00 nan nan nan
1.313749999999999973e+00 1.017220250000000048e+00 nan nan nan
1.316249999999999920e+00 9.883340000000000458e-01 nan nan nan
1.318750000000000089e+00 1.003964499999999926e+00 nan nan nan
1.321250000000000036e+00 9.985664999999999125e-01 nan nan nan
1.323749999999999982e+00 9.921134999999999815e-01 nan nan nan
1.326249999999999929e+00 1.002328499999999956e+00 nan nan nan
1.328750000000000098e+00 9.976960000000001383e-01 nan nan nan
1.331250000000000044e+00 9.748682499999999918e-01 nan nan nan
1.333749999999999991e+00 9.957332500000000142e-01 nan nan nan
1.336249999999999938e+00 9.517067500000000457e-01 nan nan nan
1.338750000000000107e+00 9.790870000000000406e-01 nan nan nan
1.341250000000000053e+00 9.784087500000000492e-01 nan nan nan
1.343750000000000000e+00 9.740672500000000511e-01 nan nan nan
1.346249999999999947e+00 9.572642500000000387e-01 nan nan nan
1.348749999999999893e+00 9.592399999999999816e-01 nan nan nan
1.351250000000000062e+00 9.651645000000000918e-01 nan nan nan
1.353750000000000009e+00 9.433562500000000073e-01 nan nan nan
1.356249999999999956e+00 9.628309999999999924e-01 nan nan nan
1.358749999999999902e+00 9.465502500000000374e-01 nan nan nan
1.361250000000000071e+00 9.578295000000000003e-01 nan nan nan
1.363750000000000018e+00 9.668317499999999898e-01 nan nan nan
1.366249999999999964e+00 9.487879999999999647e-01 nan nan nan
1.368749999999999911e+00 9.239469999999999628e-01 nan nan nan
1.371250000000000080e+00 9.416109999999999758e-01 nan nan nan
1.373750000000000027e+00 9.365027500000000504e-01 nan nan nan
1.376249999999999973e+00 9.518997500000000445e-01 nan nan nan
1.378749999999999920e+00 9.318627499999999619e-01 nan nan nan
1.381250000000000089e+00 9.378229999999999622e-01 nan nan nan
1.383750000000000036e+00 9.289925000000001098e-01 nan nan nan
1.386249999999999982e+00 9.453617500000000007e-01 nan nan nan
1.388749999999999929e+00 9.329290000000000083e-01 nan nan nan
1.391250000000000098e+00 9.312214999999999243e-01 nan nan nan
1.393750000000000044e+00 9.198984999999999523e-01 nan nan nan
1.396249999999999991e+00 9.208462499999998663e-01 nan nan nan
1.398749999999999938e+00 9.217170000000000085e-01 nan nan nan
1.401250000000000107e+00 9.036662500000000042e-01 nan nan nan
1.403750000000000053e+00 9.176142499999999647e-01 nan nan nan
1.406250000000000000e+00 9.283069999999999933e-01 nan nan nan
1.408749999999999947e+00 9.001567500000000610e-01 nan nan nan
1.411249999999999893e+00 9.111427500000000013e-01 nan nan nan
1.413750000000000062e+00 9.027705000000000313e-01 nan nan nan
1.416250000000000009e+00 9.037067499999998921e-01 nan nan nan
1.418749999999999956e+00 9.062727499999999603e-01 nan nan nan
1.421249999999999902e+00 8.928902499999999964e-01 nan nan nan
1.423750000000000071e+00 9.157880000000000464e-01 nan nan nan
1.426250000000000018e+00 8.933287500000000048e-01 nan nan nan
1.428749999999999964e+00 8.850355000000000860e-01 nan nan nan
1.431249999999999911e+00 8.934912499999999591e-01 nan nan nan
1.433750000000000080e+00 8.972437499999998956e-01 nan nan nan
1.436250000000000027e+00 8.938144999999999563e-01 nan nan nan
1.438749999999999973e+00 8.845077500000000370e-01 nan nan nan
1.441249999999999920e+00 8.681585000000000552e-01 nan nan nan
1.443750000000000089e+00 8.841862500000000624e-01 nan nan nan
1.446250000000000036e+00 8.849620000000000264e-01 nan nan nan
1.448749999999999982e+00 8.679775000000000684e-01 nan nan nan
1.451249999999999929e+00 8.750712499999999672e-01 nan nan nan
1.453750000000000098e+00 8.809682500000000083e-01 nan nan nan
1.456250000000000044e+00 8.807037499999998964e-01 nan nan nan
1.458749999999999991e+00 8.804960000000000564e-01 nan nan nan
1.461249999999999938e+00 8.678394999999998749e-01 nan nan nan
1.463750000000000107e+00 8.676667500000000421e-01 nan nan nan
1.466250000000000053e+00 8.603927499999999284e-01 nan nan nan
1.468750000000000000e+00 8.734394999999999243e-01 nan nan nan
1.471249999999999947e+00 8.683000000000000718e-01 nan nan nan
1.473749999999999893e+00 8.665859999999999674e-01 nan nan nan
1.476250000000000062e+00 8.756139999999998924e-01 nan nan nan
1.478750000000000009e+00 8.760864999999999903e-01 nan nan nan
1.481249999999999956e+00 8.713929999999998621e-01 nan nan nan
1.483749999999999902e+00 8.666107499999999852e-01 nan nan nan
1.486250000000000071e+00 8.683027500000000121e-01 nan nan nan
1.488750000000000018e+00 8.594230000000000480e-01 nan nan nan
1.491249999999999964e+00 8.716947499999999627e-01 nan nan nan
1.493749999999999911e+00 8.616567499999999713e-01 nan nan nan
1.496250000000000080e+00 8.712744999999999518e-01 nan nan nan
1.498750000000000027e+00 8.675212500000000215e-01 nan nan nan
1.501249999999999973e+00 8.589925000000000477e-01 nan nan nan
1.503749999999999920e+00 8.578820000000000334e-01 nan nan nan
1.506250000000000089e+00 8.500490000000000546e-01 nan nan nan
1.508750000000000036e+00 8.638792499999999874e-01 nan nan nan
1.511249999999999982e+00 8.608007500000000034e-01 nan nan nan
1.513749999999999929e+00 8.619550000000000267e-01 nan nan nan
1.516250000000000098e+00 8.708949999999999747e-01 nan nan nan
1.518750000000000044e+00 8.501150000000000651e-01 nan nan nan
1.521249999999999991e+00 8.739702499999999485e-01 nan nan nan
1.523749999999999938e+00 8.585097500000000714e-01 nan nan nan
1.526250000000000107e+00 8.698365000000000125e-01 nan nan nan
1.528750000000000053e+00 8.560039999999999871e-01 nan nan nan
1.531250000000000000e+00 8.582545000000001423e-01 nan nan nan
1.533749999999999947e+00 8.473512500000000003e-01 nan nan nan
1.536249999999999893e+00 8.443264999999999798e-01 nan nan nan
1.538750000000000062e+00 8.516804999999999515e-01 nan nan nan
1.541250000000000009e+00 8.456544999999999757e-01 nan nan nan
1.543749999999999956e+00 8.512942500000000301e-01 nan nan nan
1.546249999999999902e+00 8.540210000000000301e-01 nan nan nan
1.548750000000000071e+00 8.586345000000000782e-01 nan nan nan
1.551250000000000018e+00 8.604134999999999422e-01 nan nan nan
1.553749999999999964e+00 8.585947499999999621e-01 nan nan nan
1.556249999999999911e+00 8.468612500000001209e-01 nan nan nan
1.558750000000000080e+00 8.610497500000000581e-01 nan nan nan
1.561250000000000027e+00 8.616849999999999232e-01 nan nan nan
1.563749999999999973e+00 8.583080000000000709e-01 nan nan nan
1.566249999999999920e+00 8.671805000000000208e-01 nan nan nan
1.568750000000000089e+00 8.538787500000000197e-01 nan nan nan
1.571250000000000036e+00 8.507514999999999938e-01 nan nan nan
1.573749999999999982e+00 8.555977500000000457e-01 nan nan nan
1.576249999999999929e+00 8.456189999999998985e-01 nan nan nan
1.578750000000000098e+00 8.458504999999999496e-01 nan nan nan
1.581250000000000044e+00 8.659597500000000281e-01 nan nan nan
1.583749999999999991e+00 8.619099999999999540e-01 nan nan nan
1.586249999999999938e+00 8.502007500000000606e-01 nan nan nan
1.588750000000000107e+00 8.689862499999999601e-01 nan nan nan
1.591250000000000053e+00 8.560642499999999711e-01 nan nan nan
1.593750000000000000e+00 8.556330000000000879e-01 nan nan nan
1.596249999999999947e+00 8.718174999999999120e-01 nan nan nan
1.598749999999999893e+00 8.595917499999998768e-01 nan nan nan
1.601250000000000062e+00 8.581497500000000445e-01 nan nan nan
1.603750000000000009e+00 8.702080000000000926e-01 nan nan nan
1.606249999999999956e+00 8.613410000000000233e-01 nan nan nan
1.608749999999999902e+00 8.786122499999999835e-01 nan nan nan
1.611250000000000071e+00 8.705005000000000104e-01 nan nan nan
1.613750000000000018e+00 8.604330000000000034e-01 nan nan nan
1.616249999999999964e+00 8.716450000000000031e-01 nan nan nan
1.618749999999999911e+00 8.654610000000000358e-01 nan nan nan
1.621250000000000080e+00 8.730007499999999920e-01 nan nan nan
1.623750000000000027e+00 8.599462500000000231e-01 nan nan nan
1.626249999999999973e+00 8.724007500000000581e-01 nan nan nan
1.628749999999999920e+00 8.612889999999999713e-01 nan nan nan
1.631250000000000089e+00 8.733677499999999982e-01 nan nan nan
1.633750000000000036e+00 8.670292500000000846e-01 nan nan nan
1.636249999999999982e+00 8.748774999999999746e-01 nan nan nan
1.638749999999999929e+00 8.626457499999999889e-01 nan nan nan
1.641250000000000098e+00 8.663450000000000317e-01 nan nan nan
1.643750000000000044e+00 8.683704999999999341e-01 nan nan nan
1.646249999999999991e+00 8.837975000000000136e-01 nan nan nan
1.648749999999999938e+00 8.831307499999998534e-01 nan nan nan
1.651250000000000107e+00 8.837694999999999856e-01 nan nan nan
1.653750000000000053e+00 8.770547500000001051e-01 nan nan nan
1.656250000000000000e+00 8.768192499999999390e-01 nan nan nan
1.658749999999999947e+00 8.809717500000000534e-01 nan nan nan
1.661249999999999893e+00 8.896557499999999674e-01 nan nan nan
1.663750000000000062e+00 8.855602499999999377e-01 nan nan nan
1.666250000000000009e+00 8.865224999999999911e-01 nan nan nan
1.668749999999999956e+00 8.877037500000000136e-01 nan nan nan
1.671249999999999902e+00 8.909219999999999917e-01 nan nan nan
1.673750000000000071e+00 8.894427500000000597e-01 nan nan nan
1.676250000000000018e+00 8.936247500000000787e-01 nan nan nan
1.678749999999999964e+00 8.925442500000000390e-01 nan nan nan
1.681249999999999911e+00 8.957397500000000568e-01 nan nan nan
1.683750000000000080e+00 8.887760000000000105e-01 nan nan nan
1.686250000000000027e+00 9.017039999999999500e-01 nan nan nan
1.688749999999999973e+00 9.086214999999999709e-01 nan nan nan
1.691249999999999920e+00 8.934907500000000002e-01 nan nan nan
1.693750000000000089e+00 8.952427499999999760e-01 nan nan nan
1.696250000000000036e+00 9.072774999999999590e-01 nan nan nan
1.698749999999999982e+00 9.061509999999999287e-01 nan nan nan
1.701249999999999929e+00 9.110900000000000665e-01 nan nan nan
1.703750000000000098e+00 9.064029999999999587e-01 nan nan nan
1.706250000000000044e+00 9.132697499999999913e-01 nan nan nan
1.708749999999999991e+00 9.115140000000000464e-01 nan nan nan
1.711249999999999938e+00 9.125000000000000888e-01 nan nan nan
1.713750000000000107e+00 9.191475000000000062e-01 nan nan nan
1.716250000000000053e+00 9.160397500000000415e-01 nan nan nan
1.718750000000000000e+00 9.174229999999999885e-01 nan nan nan
1.721249999999999947e+00 9.224419999999999842e-01 nan nan nan
1.723749999999999893e+00 9.174145000000000216e-01 nan nan nan
1.726250000000000062e+00 9.188979999999999926e-01 nan nan nan
1.728750000000000009e+00 9.180289999999999839e-01 nan nan nan
1.731249999999999956e+00 9.329847500000000293e-01 nan nan nan
1.733749999999999902e+00 9.276735000000000397e-01 nan nan nan
1.736250000000000071e+00 9.263957500000000733e-01 nan nan nan
1.738750000000000018e+00 9.385800000000000809e-01 nan nan nan
1.741249999999999964e+00 9.357607500000000300e-01 nan nan nan
1.743749999999999911e+00 9.405227499999999630e-01 nan nan nan
1.746250000000000080e+00 9.362054999999999128e-01 nan nan nan
1.748750000000000027e+00 9.579779999999999962e-01 nan nan nan
1.751249999999999973e+00 9.375419999999999865e-01 nan nan nan
1.753749999999999920e+00 9.496295000000000153e-01 nan nan nan
1.756250000000000089e+00 9.423519999999999675e-01 nan nan nan
1.758750000000000036e+00 9.399214999999999653e-01 nan nan nan
1.761249999999999982e+00 9.347137500000000099e-01 nan nan nan
1.763749999999999929e+00 9.539330000000000309e-01 nan nan nan
1.766250000000000098e+00 9.522534999999999750e-01 nan nan nan
1.768750000000000044e+00 9.594392499999999657e-01 nan nan nan
1.771249999999999991e+00 9.558415000000000106e-01 nan nan nan
1.773749999999999938e+00 9.591300000000000381e-01 nan nan nan
1.776250000000000107e+00 9.592127499999999474e-01 nan nan nan
1.778750000000000053e+00 9.490437500000000748e-01 nan nan nan
1.781250000000000000e+00 9.691034999999998956e-01 nan nan nan
1.783749999999999947e+00 9.623127499999999390e-01 nan nan nan
1.786249999999999893e+00 9.593417499999999931e-01 nan nan nan
1.788750000000000062e+00 9.777234999999999676e-01 nan nan nan
1.791250000000000009e+00 9.708352499999999274e-01 nan nan nan
1.793749999999999956e+00 9.678940000000000321e-01 nan nan nan
1.796249999999999902e+00 9.744627499999999332e-01 nan nan nan
1.798750000000000071e+00 9.807547500000000085e-01 nan nan nan
1.801250000000000018e+00 9.803855000000000208e-01 nan nan nan
1.803749999999999964e+00 9.932630000000000070e-01 nan nan nan
1.806249999999999911e+00 9.854487499999999844e-01 nan nan nan
1.808750000000000080e+00 9.926760000000000028e-01 nan nan nan
1.811250000000000027e+00 9.930379999999998653e-01 nan nan nan
1.813749999999999973e+00 9.789777499999999799e-01 nan nan nan
1.816249999999999920e+00 9.968672499999999825e-01 nan nan nan
1.818750000000000089e+00 9.997019999999999795e-01 nan nan nan
1.821250000000000036e+00 9.830829999999999291e-01 nan nan nan
1.823749999999999982e+00 1.001835499999999879e+00 nan nan nan
1.826249999999999929e+00 1.012589999999999879e+00 nan nan nan
1.828750000000000098e+00 9.948820000000000441e-01 nan nan nan
1.831250000000000044e+00 1.007181749999999987e+00 nan nan nan
1.833749999999999991e+00 9.993324999999999569e-01 nan nan nan
1.836249999999999938e+00 1.005437499999999984e+00 nan nan nan
1.838750000000000107e+00 1.005074499999999871e+00 nan nan nan
1.841250000000000053e+00 1.011985750000000017e+00 nan nan nan
1.843750000000000000e+00 1.016050499999999968e+00 nan nan nan
1.846249999999999947e+00 1.010353749999999939e+00 nan nan nan
1.848749999999999893e+00 1.020718250000000049e+00 nan nan nan
1.851250000000000062e+00 1.013881750000000137e+00 nan nan nan
1.853750000000000009e+00 1.013332000000000122e+00 nan nan nan
1.856249999999999956e+00 1.023076749999999979e+00 nan nan nan
1.858749999999999902e+00 1.014880250000000039e+00 nan nan nan
1.861250000000000071e+00 1.020633750000000006e+00 nan nan nan
1.863750000000000018e+00 1.035321249999999971e+00 nan nan nan
1.866249999999999964e+00 1.027073499999999973e+00 nan nan nan
1.868749999999999911e+00 1.024836999999999998e+00 nan nan nan
1.871250000000000080e+00 1.026748249999999807e+00 nan nan nan
1.873750000000000027e+00 1.027776749999999906e+00 nan nan nan
1.876249999999999973e+00 1.021463750000000115e+00 nan nan nan
1.878749999999999920e+00 1.035930000000000017e+00 nan nan nan
1.881250000000000089e+00 1.024807500000000093e+00 nan nan nan
1.883750000000000036e+00 1.040148000000000073e+00 nan nan nan
1.886249999999999982e+00 1.036785499999999915e+00 nan nan nan
1.888749999999999929e+00 1.041598500000000094e+00 nan nan nan
1.891250000000000098e+00 1.033478750000000002e+00 nan nan nan
1.893750000000000044e+00 1.044472749999999950e+00 nan nan nan
1.896249999999999991e+00 1.045928500000000039e+00 nan nan nan
1.898749999999999938e+00 1.047619500000000148e+00 nan nan nan
1.901250000000000107e+00 1.030620749999999974e+00 nan nan nan
1.903750000000000053e+00 1.033633999999999942e+00 nan nan nan
1.906250000000000000e+00 1.045830500000000107e+00 nan nan nan
1.908749999999999947e+00 1.054015999999999842e+00 nan nan nan
1.911249999999999893e+00 1.051921749999999989e+00 nan nan nan
1.913750000000000062e+00 1.054834250000000084e+00 nan nan nan
1.916250000000000009e+00 1.046093249999999975e+00 nan nan nan
1.918749999999999956e+00 1.053522749999999952e+00 nan nan nan
1.921249999999999902e+00 1.056604249999999912e+00 nan nan nan
1.923750000000000071e+00 1.053172500000000067e+00 nan nan nan
1.926250000000000018e+00 1.051914000000000016e+00 nan nan nan
1.928749999999999964e+00 1.054110749999999985e+00 nan nan nan
1.931249999999999911e+00 1.055440249999999969e+00 nan nan nan
1.933750000000000080e+00 1.053223000000000020e+00 nan nan nan
1.936250000000000027e+00 1.056609750000000014e+00 nan nan nan
1.938749999999999973e+00 1.052804000000000073e+00 nan nan nan
1.941249999999999920e+00 1.052320750000000027e+00 nan nan nan
1.943750000000000089e+00 1.057591500000000240e+00 nan nan nan
1.946250000000000036e+00 1.050680500000000128e+00 nan nan nan
1.948749999999999982e+00 1.057294249999999991e+00 nan nan nan
1.951249999999999929e+00 1.066107750000000021e+00 nan nan nan
1.953750000000000098e+00 1.058018249999999938e+00 nan nan nan
1.956250000000000044e+00 1.060498750000000046e+00 nan nan nan
1.958749999999999991e+00 1.053684249999999878e+00 nan nan nan
1.961249999999999938e+00 1.052883999999999931e+00 nan nan nan
1.963750000000000107e+00 1.066591749999999950e+00 nan nan nan
1.966250000000000053e+00 1.061250250000000062e+00 nan nan nan
1.968750000000000000e+00 1.068299249999999923e+00 nan nan nan
1.971249999999999947e+00 1.061926499999999995e+00 nan nan nan
1.973749999999999893e+00 1.063121999999999900e+00 nan nan nan
1.976250000000000062e+00 1.067531250000000043e+00 nan nan nan
1.978750000000000009e+00 1.071557000000000093e+00 nan nan nan
1.981249999999999956e+00 1.060821749999999897e+00 nan nan nan
1.983749999999999902e+00 1.058602000000000043e+00 nan nan nan
1.986250000000000071e+00 1.065510750000000062e+00 nan nan nan
1.988750000000000018e+00 1.062254999999999949e+00 nan nan nan
1.991249999999999964e+00 1.061352749999999956e+00 nan nan nan
1.993749999999999911e+00 1.068289000000000044e+00 nan nan nan
1.996250000000000080e+00 1.071358000000000033e+00 nan nan nan
1.998750000000000027e+00 1.057412999999999936e+00 nan nan nan
2.001250000000000195e+00 1.059376249999999908e+00 nan nan nan
2.003750000000000142e+00 1.068578250000000063e+00 nan nan nan
2.006250000000000089e+00 1.052301750000000036e+00 nan nan nan
2.008750000000000036e+00 1.061185499999999893e+00 nan nan nan
2.011249999999999982e+00 1.073856499999999992e+00 nan nan nan
2.013749999999999929e+00 1.058242499999999975e+00 nan nan nan
2.016249999999999876e+00 1.054181000000000035e+00 nan nan nan
2.018749999999999822e+00 1.065299250000000031e+00 nan nan nan
2.021250000000000213e+00 1.069294750000000072e+00 nan nan nan
2.023750000000000160e+00 1.066747749999999995e+00 nan nan nan
2.026250000000000107e+00 1.069443750000000026e+00 nan nan nan
2.028750000000000053e+00 1.068230750000000118e+00 nan nan nan
2.031250000000000000e+00 1.065109749999999966e+00 nan nan nan
2.033749999999999947e+00 1.055206749999999971e+00 nan nan nan
2.036249999999999893e+00 1.052556499999999895e+00 nan nan nan
2.038749999999999840e+00 1.057317999999999980e+00 nan nan nan
2.041249999999999787e+00 1.068370499999999890e+00 nan nan nan
2.043750000000000178e+00 1.047645999999999855e+00 nan nan nan
2.046250000000000124e+00 1.064674000000000120e+00 nan nan nan
2.048750000000000071e+00 1.071316249999999970e+00 nan nan nan
2.051250000000000018e+00 1.053657749999999949e+00 nan nan nan
2.053749999999999964e+00 1.065714250000000085e+00 nan nan nan
2.056249999999999911e+00 1.056990000000000096e+00 nan nan nan
2.058749999999999858e+00 1.053164499999999837e+00 nan nan nan
2.061249999999999805e+00 1.065903250000000080e+00 nan nan nan
2.063750000000000195e+00 1.058486249999999851e+00 nan nan nan
2.066250000000000142e+00 1.059053500000000092e+00 nan nan nan
2.068750000000000089e+00 1.049751499999999949e+00 nan nan nan
2.071250000000000036e+00 1.064527250000000036e+00 nan nan nan
2.073749999999999982e+00 1.067136000000000084e+00 nan nan nan
2.076249999999999929e+00 1.054303500000000060e+00 nan nan nan
2.078749999999999876e+00 1.051592749999999965e+00 nan nan nan
2.081249999999999822e+00 1.052942250000000080e+00 nan nan nan
2.083750000000000213e+00 1.047928250000000006e+00 nan nan nan
2.086250000000000160e+00 1.049449749999999959e+00 nan nan nan
2.088750000000000107e+00 1.053787749999999912e+00 nan nan nan
2.091250000000000053e+00 1.057636749999999903e+00 nan nan nan
2.093750000000000000e+00 1.043597749999999991e+00 nan nan nan
2.096249999999999947e+00 1.049559249999999944e+00 nan nan nan
2.098749999999999893e+00 1.056701749999999995e+00 nan nan nan
2.101249999999999840e+00 1.059487499999999915e+00 nan nan nan
2.103749999999999787e+00 1.052891500000000091e+00 nan nan nan
2.106250000000000178e+00 1.047727749999999958e+00 nan nan nan
2.108750000000000124e+00 1.046617750000000013e+00 nan nan nan
2.111250000000000071e+00 1.039833000000000007e+00 nan nan nan
2.113750000000000018e+00 1.045940749999999975e+00 nan nan nan
2.116249999999999964e+00 1.045203000000000104e+00 nan nan nan
2.118749999999999911e+00 1.045768250000000066e+00 nan nan nan
2.121249999999999858e+00 1.039744250000000036e+00 nan nan nan
2.123749999999999805e+00 1.043809750000000092e+00 nan nan nan
2.126250000000000195e+00 1.040991250000000035e+00 nan nan nan
2.128750000000000142e+00 1.046937000000000006e+00 nan nan nan
2.131250000000000089e+00 1.032501250000000148e+00 nan nan nan
2.133750000000000036e+00 1.052425249999999757e+00 nan nan nan
2.136249999999999982e+00 1.044167999999999985e+00 nan nan nan
2.138749999999999929e+00 1.047843499999999928e+00 nan nan nan
2.141249999999999876e+00 1.052691500000000113e+00 nan nan nan
2.143749999999999822e+00 1.041301250000000067e+00 nan nan nan
2.146250000000000213e+00 1.035315999999999903e+00 nan nan nan
2.148750000000000160e+00 1.032743250000000002e+00 nan nan nan
2.151250000000000107e+00 1.039328499999999877e+00 nan nan nan
2.153750000000000053e+00 1.035354499999999955e+00 nan nan nan
2.156250000000000000e+00 1.036236500000000005e+00 nan nan nan
2.158749999999999947e+00 1.030236750000000034e+00 nan nan nan
2.161249999999999893e+00 1.035095249999999911e+00 nan nan nan
2.163749999999999840e+00 1.032677500000000137e+00 nan nan nan
2.166249999999999787e+00 1.031053999999999915e+00 nan nan nan
2.168750000000000178e+00 1.033733500000000083e+00 nan nan nan
2.171250000000000124e+00 1.026229749999999941e+00 nan nan nan
2.173750000000000071e+00 1.036814000000000124e+00 nan nan nan
2.176250000000000018e+00 1.038191749999999969e+00 nan nan nan
2.178749999999999964e+00 1.027908999999999962e+00 nan nan nan
2.181249999999999911e+00 1.024164499999999922e+00 nan nan nan
2.183749999999999858e+00 1.027713000000000099e+00 nan nan nan
2.186249999999999805e+00 1.023714500000000083e+00 nan nan nan
2.188750000000000195e+00 1.025305499999999981e+00 nan nan nan
2.191250000000000142e+00 1.027654749999999950e+00 nan nan nan
2.193750000000000089e+00 1.030227749999999887e+00 nan nan nan
2.196250000000000036e+00 1.034763749999999982e+00 nan nan nan
2.198749999999999982e+00 1.026467999999999936e+00 nan nan nan
2.201249999999999929e+00 1.020621749999999883e+00 nan nan nan
2.203749999999999876e+00 1.023360000000000047e+00 nan nan nan
2.206249999999999822e+00 1.020859249999999996e+00 nan nan nan
2.208750000000000213e+00 1.017715750000000252e+00 nan nan nan
2.211250000000000160e+00 1.015961749999999997e+00 nan nan nan
2.213750000000000107e+00 1.024773249999999969e+00 nan nan nan
2.216250000000000053e+00 1.020857249999999938e+00 nan nan nan
2.218750000000000000e+00 1.019978499999999899e+00 nan nan nan
2.221249999999999947e+00 1.021420500000000064e+00 nan nan nan
2.223749999999999893e+00 1.017736750000000079e+00 nan nan nan
2.226249999999999840e+00 1.018736249999999899e+00 nan nan nan
2.228749999999999787e+00 1.010718250000000040e+00 nan nan nan
2.231250000000000178e+00 1.017929500000000154e+00 nan nan nan
2.233750000000000124e+00 1.008517249999999921e+00 nan nan nan
2.236250000000000071e+00 1.011196500000000054e+00 nan nan nan
2.238750000000000018e+00 1.013479999999999936e+00 nan nan nan
2.241249999999999964e+00 1.009094249999999970e+00 nan nan nan
2.243749999999999911e+00 1.013211249999999897e+00 nan nan nan
2.246249999999999858e+00 1.014107000000000092e+00 nan nan nan
2.248749999999999805e+00 1.002349500000000004e+00 nan nan nan
2.251250000000000195e+00 1.014324000000000003e+00 nan nan nan
2.253750000000000142e+00 1.014077499999999965e+00 nan nan nan
2.256250000000000089e+00 1.000142499999999934e+00 nan nan nan
2.258750000000000036e+00 9.976554999999999174e-01 nan nan nan
2.261249999999999982e+00 1.008381250000000007e+00 nan nan nan
2.263749999999999929e+00 1.013697749999999953e+00 nan nan nan
2.266249999999999876e+00 1.002921750000000056e+00 nan nan nan
2.268749999999999822e+00 1.009679499999999841e+00 nan nan nan
2.271250000000000213e+00 1.001764249999999912e+00 nan nan nan
2.273750000000000160e+00 9.936605000000000576e-01 nan nan nan
2.276250000000000107e+00 9.967055000000000220e-01 nan nan nan
2.278750000000000053e+00 1.008550249999999870e+00 nan nan nan
2.281250000000000000e+00 9.999640000000000750e-01 nan nan nan
2.283749999999999947e+00 9.993849999999999678e-01 nan nan nan
2.286249999999999893e+00 9.990252499999998648e-01 nan nan nan
2.288749999999999840e+00 1.004440999999999917e+00 nan nan nan
2.291249999999999787e+00 9.957354999999999956e-01 nan nan nan
2.293750000000000178e+00 1.006422499999999998e+00 nan nan nan
2.296250000000000124e+00 1.000952750000000169e+00 nan nan nan
2.298750000000000071e+00 9.992820000000000036e-01 nan nan nan
2.301250000000000018e+00 1.001217999999999941e+00 nan nan nan
2.303749999999999964e+00 9.966982500000000078e-01 nan nan nan
2.306249999999999911e+00 9.918369999999999687e-01 nan nan nan
2.308749999999999858e+00 9.967272500000000646e-01 nan nan nan
2.311249999999999805e+00 1.003497749999999966e+00 nan nan nan
2.313750000000000195e+00 1.000665249999999951e+00 nan nan nan
2.316250000000000142e+00 9.994307500000000344e-01 nan nan nan
2.318750000000000089e+00 9.896144999999999525e-01 nan nan nan
2.321250000000000036e+00 9.938317500000000138e-01 nan nan nan
2.323749999999999982e+00 9.908939999999999415e-01 nan nan nan
2.326249999999999929e+00 9.908097499999999336e-01 nan nan nan
2.328749999999999876e+00 9.956937499999999330e-01 nan nan nan
2.331249999999999822e+00 9.891609999999999570e-01 nan nan nan
2.333750000000000213e+00 9.870430000000000037e-01 nan nan nan
2.336250000000000160e+00 9.943895000000000373e-01 nan nan nan
2.338750000000000107e+00 9.955657499999999160e-01 nan nan nan
2.341250000000000053e+00 9.981262499999999926e-01 nan nan nan
2.343750000000000000e+00 9.922020000000000284e-01 nan nan nan
2.346249999999999947e+00 9.865317500000000406e-01 nan nan nan
2.348749999999999893e+00 9.937670000000000670e-01 nan nan nan
2.351249999999999840e+00 9.835359999999999658e-01 nan nan nan
2.353749999999999787e+00 9.918214999999999115e-01 nan nan nan
2.356250000000000178e+00 9.860537499999999511e-01 nan nan nan
2.358750000000000124e+00 9.869127500000000053e-01 nan nan nan
2.361250000000000071e+00 9.841400000000000148e-01 nan nan nan
2.363750000000000018e+00 9.862920000000000575e-01 nan nan nan
2.366249999999999964e+00 9.881604999999999972e-01 nan nan nan
2.368749999999999911e+00 9.874804999999999833e-01 nan nan nan
2.371249999999999858e+00 9.859424999999999439e-01 nan nan nan
2.373749999999999805e+00 9.882670000000000066e-01 nan nan nan
2.376250000000000195e+00 9.863684999999999814e-01 nan nan nan
2.378750000000000142e+00 9.796447499999999531e-01 nan nan nan
2.381250000000000089e+00 9.864907499999999718e-01 nan nan nan
2.383750000000000036e+00 9.907105000000000494e-01 nan nan nan
2.386249999999999982e+00 9.832767499999999217e-01 nan nan nan
2.388749999999999929e+00 9.842055000000000664e-01 nan nan nan
2.391249999999999876e+00 9.745217499999999644e-01 nan nan nan
2.393749999999999822e+00 9.751944999999999641e-01 nan nan nan
2.396250000000000213e+00 9.761279999999999957e-01 nan nan nan
2.398750000000000160e+00 9.869770000000001042e-01 nan nan nan
2.401250000000000107e+00 9.770065000000000000e-01 nan nan nan
2.403750000000000053e+00 9.885969999999999480e-01 nan nan nan
2.406250000000000000e+00 9.751465000000000272e-01 nan nan nan
2.408749999999999947e+00 9.828972499999999446e-01 nan nan nan
2.411249999999999893e+00 9.846215000000000384e-01 nan nan nan
2.413749999999999840e+00 9.827574999999999505e-01 nan nan nan
2.416249999999999787e+00 9.883690000000000531e-01 nan nan nan
2.418750000000000178e+00 9.830015000000000835e-01 nan nan nan
2.421250000000000124e+00 9.731867499999999893e-01 nan nan nan
2.423750000000000071e+00 9.732797499999999991e-01 nan nan nan
2.426250000000000018e+00 9.807784999999999975e-01 nan nan nan
2.428749999999999964e+00 9.816487500000000699e-01 nan nan nan
2.431249999999999911e+00 9.863207499999999683e-01 nan nan nan
2.433749999999999858e+00 9.836727499999999846e-01 nan nan nan
2.436249999999999805e+00 9.824264999999999803e-01 nan nan nan
2.438750000000000195e+00 9.744059999999999944e-01 nan nan nan
2.441250000000000142e+00 9.887322499999999792e-01 nan nan nan
2.443750000000000089e+00 9.775762500000000355e-01 nan nan nan
2.446250000000000036e+00 9.805725000000000691e-01 nan nan nan
2.448749999999999982e+00 9.753907499999999731e-01 nan nan nan
2.451249999999999929e+00 9.801527500000000170e-01 nan nan nan
2.453749999999999876e+00 9.759599999999999387e-01 nan nan nan
2.456249999999999822e+00 9.826362500000000999e-01 nan nan nan
2.458750000000000213e+00 9.815434999999999022e-01 nan nan nan
2.461250000000000160e+00 9.739882499999999999e-01 nan nan nan
2.463750000000000107e+00 9.852925000000001265e-01 nan nan nan
2.466250000000000053e+00 9.736802500000000249e-01 nan nan nan
2.468750000000000000e+00 9.749010000000000176e-01 nan nan nan
2.471249999999999947e+00 9.724090000000000789e-01 nan nan nan
2.473749999999999893e+00 9.852592500000001419e-01 nan nan nan
2.476249999999999840e+00 9.722807500000000269e-01 nan nan nan
2.478749999999999787e+00 9.754525000000000556e-01 nan nan nan
2.481250000000000178e+00 9.741694999999999105e-01 nan nan nan
2.483750000000000124e+00 9.727244999999999919e-01 nan nan nan
2.486250000000000071e+00 9.802312499999998874e-01 nan nan nan
2.488750000000000018e+00 9.764154999999999918e-01 nan nan nan
2.491249999999999964e+00 9.807670000000000554e-01 nan nan nan
2.493749999999999911e+00 9.734442500000000109e-01 nan nan nan
2.496249999999999858e+00 9.730465000000000364e-01 nan nan nan
2.498749999999999805e+00 9.744807500000000067e-01 nan nan nan
