1.250000000000000026e-03 0.000000000000000000e+00 nan nan nan
3.749999999999999861e-03 0.000000000000000000e+00 nan nan nan
6.250000000000000347e-03 0.000000000000000000e+00 nan nan nan
8.750000000000000833e-03 0.000000000000000000e+00 nan nan nan
1.124999999999999958e-02 0.000000000000000000e+00 nan nan nan
1.375000000000000007e-02 0.000000000000000000e+00 nan nan nan
1.625000000000000056e-02 0.000000000000000000e+00 nan nan nan
1.874999999999999931e-02 0.000000000000000000e+00 nan nan nan
2.125000000000000153e-02 0.000000000000000000e+00 nan nan nan
2.375000000000000028e-02 0.000000000000000000e+00 nan nan nan
2.624999999999999903e-02 0.000000000000000000e+00 nan nan nan
2.875000000000000125e-02 0.000000000000000000e+00 nan nan nan
3.125000000000000000e-02 0.000000000000000000e+00 nan nan nan
3.375000000000000222e-02 0.000000000000000000e+00 nan nan nan
3.624999999999999750e-02 0.000000000000000000e+00 nan nan nan
3.874999999999999972e-02 0.000000000000000000e+00 nan nan nan
4.125000000000000194e-02 0.000000000000000000e+00 nan nan nan
4.374999999999999722e-02 0.000000000000000000e+00 nan nan nan
4.624999999999999944e-02 0.000000000000000000e+00 nan nan nan
4.875000000000000167e-02 0.000000000000000000e+00 nan nan nan
5.124999999999999695e-02 0.000000000000000000e+00 nan nan nan
5.374999999999999917e-02 0.000000000000000000e+00 nan nan nan
5.625000000000000139e-02 0.000000000000000000e+00 nan nan nan
5.874999999999999667e-02 0.000000000000000000e+00 nan nan nan
6.124999999999999889e-02 0.000000000000000000e+00 nan nan nan
6.375000000000000111e-02 0.000000000000000000e+00 nan nan nan
6.625000000000000333e-02 0.000000000000000000e+00 nan nan nan
6.875000000000000555e-02 0.000000000000000000e+00 nan nan nan
7.124999999999999389e-02 0.000000000000000000e+00 nan nan nan
7.374999999999999611e-02 0.000000000000000000e+00 nan nan nan
7.624999999999999833e-02 0.000000000000000000e+00 nan nan nan
7.875000000000000056e-02 0.000000000000000000e+00 nan nan nan
8.125000000000000278e-02 0.000000000000000000e+00 nan nan nan
8.375000000000000500e-02 0.000000000000000000e+00 nan nan nan
8.624999999999999334e-02 0.000000000000000000e+00 nan nan nan
8.874999999999999556e-02 0.000000000000000000e+00 nan nan nan
9.124999999999999778e-02 0.000000000000000000e+00 nan nan nan
9.375000000000000000e-02 0.000000000000000000e+00 nan nan nan
9.625000000000000222e-02 0.000000000000000000e+00 nan nan nan
9.875000000000000444e-02 0.000000000000000000e+00 nan nan nan
1.012500000000000067e-01 0.000000000000000000e+00 nan nan nan
1.037499999999999950e-01 0.000000000000000000e+00 nan nan nan
1.062499999999999972e-01 0.000000000000000000e+00 nan nan nan
1.087499999999999994e-01 0.000000000000000000e+00 nan nan nan
1.112500000000000017e-01 0.000000000000000000e+00 nan nan nan
1.137500000000000039e-01 0.000000000000000000e+00 nan nan nan
1.162500000000000061e-01 0.000000000000000000e+00 nan nan nan
1.187499999999999944e-01 0.000000000000000000e+00 nan nan nan
1.212499999999999967e-01 0.000000000000000000e+00 nan nan nan
1.237499999999999989e-01 0.000000000000000000e+00 nan nan nan
1.262500000000000011e-01 0.000000000000000000e+00 nan nan nan
1.287500000000000033e-01 0.000000000000000000e+00 nan nan nan
1.312500000000000056e-01 0.000000000000000000e+00 nan nan nan
1.337500000000000078e-01 0.000000000000000000e+00 nan nan nan
1.362500000000000100e-01 0.000000000000000000e+00 nan nan nan
1.387500000000000122e-01 0.000000000000000000e+00 nan nan nan
1.412499999999999867e-01 0.000000000000000000e+00 nan nan nan
1.437499999999999889e-01 0.000000000000000000e+00 nan nan nan
1.462499999999999911e-01 0.000000000000000000e+00 nan nan nan
1.487499999999999933e-01 0.000000000000000000e+00 nan nan nan
1.512499999999999956e-01 0.000000000000000000e+00 nan nan nan
1.537499999999999978e-01 0.000000000000000000e+00 nan nan nan
1.562500000000000000e-01 0.000000000000000000e+00 nan nan nan
1.587500000000000022e-01 0.000000000000000000e+00 nan nan nan
1.612500000000000044e-01 0.000000000000000000e+00 nan nan nan
1.637500000000000067e-01 0.000000000000000000e+00 nan nan nan
1.662500000000000089e-01 0.000000000000000000e+00 nan nan nan
1.687500000000000111e-01 0.000000000000000000e+00 nan nan nan
1.712500000000000133e-01 0.000000000000000000e+00 nan nan nan
1.737499999999999878e-01 0.000000000000000000e+00 nan nan nan
1.762499999999999900e-01 0.000000000000000000e+00 nan nan nan
1.787499999999999922e-01 0.000000000000000000e+00 nan nan nan
1.812499999999999944e-01 0.000000000000000000e+00 nan nan nan
1.837499999999999967e-01 0.000000000000000000e+00 nan nan nan
1.862499999999999989e-01 0.000000000000000000e+00 nan nan nan
1.887500000000000011e-01 0.000000000000000000e+00 nan nan nan
1.912500000000000033e-01 0.000000000000000000e+00 nan nan nan
1.937500000000000056e-01 0.000000000000000000e+00 nan nan nan
1.962500000000000078e-01 0.000000000000000000e+00 nan nan nan
1.987500000000000100e-01 0.000000000000000000e+00 nan nan nan
2.012500000000000122e-01 0.000000000000000000e+00 nan nan nan
2.037499999999999867e-01 0.000000000000000000e+00 nan nan nan
2.062499999999999889e-01 0.000000000000000000e+00 nan nan nan
2.087499999999999911e-01 0.000000000000000000e+00 nan nan nan
2.112499999999999933e-01 0.000000000000000000e+00 nan nan nan
2.137499999999999956e-01 0.000000000000000000e+00 nan nan nan
2.162499999999999978e-01 0.000000000000000000e+00 nan nan nan
2.187500000000000000e-01 0.000000000000000000e+00 nan nan nan
2.212500000000000022e-01 0.000000000000000000e+00 nan nan nan
2.237500000000000044e-01 0.000000000000000000e+00 nan nan nan
2.262500000000000067e-01 0.000000000000000000e+00 nan nan nan
2.287500000000000089e-01 0.000000000000000000e+00 nan nan nan
2.312500000000000111e-01 0.000000000000000000e+00 nan nan nan
2.337500000000000133e-01 0.000000000000000000e+00 nan nan nan
2.362499999999999878e-01 0.000000000000000000e+00 nan nan nan
2.387499999999999900e-01 0.000000000000000000e+00 nan nan nan
2.412499999999999922e-01 0.000000000000000000e+00 nan nan nan
2.437499999999999944e-01 0.000000000000000000e+00 nan nan nan
2.462499999999999967e-01 0.000000000000000000e+00 nan nan nan
2.487499999999999989e-01 0.000000000000000000e+00 nan nan nan
2.512499999999999734e-01 0.000000000000000000e+00 nan nan nan
2.537499999999999756e-01 0.000000000000000000e+00 nan nan nan
2.562499999999999778e-01 0.000000000000000000e+00 nan nan nan
2.587499999999999800e-01 0.000000000000000000e+00 nan nan nan
2.612499999999999822e-01 0.000000000000000000e+00 nan nan nan
2.637499999999999845e-01 0.000000000000000000e+00 nan nan nan
2.662499999999999867e-01 0.000000000000000000e+00 nan nan nan
2.687499999999999889e-01 0.000000000000000000e+00 nan nan nan
2.712499999999999911e-01 0.000000000000000000e+00 nan nan nan
2.737499999999999933e-01 0.000000000000000000e+00 nan nan nan
2.762499999999999956e-01 0.000000000000000000e+00 nan nan nan
2.787499999999999978e-01 0.000000000000000000e+00 nan nan nan
2.812500000000000000e-01 0.000000000000000000e+00 nan nan nan
2.837500000000000022e-01 0.000000000000000000e+00 nan nan nan
2.862500000000000044e-01 0.000000000000000000e+00 nan nan nan
2.887500000000000067e-01 0.000000000000000000e+00 nan nan nan
2.912500000000000089e-01 0.000000000000000000e+00 nan nan nan
2.937500000000000111e-01 0.000000000000000000e+00 nan nan nan
2.962500000000000133e-01 0.000000000000000000e+00 nan nan nan
2.987500000000000155e-01 0.000000000000000000e+00 nan nan nan
3.012500000000000178e-01 0.000000000000000000e+00 nan nan nan
3.037500000000000200e-01 0.000000000000000000e+00 nan nan nan
3.062500000000000222e-01 0.000000000000000000e+00 nan nan nan
3.087500000000000244e-01 0.000000000000000000e+00 nan nan nan
3.112500000000000266e-01 0.000000000000000000e+00 nan nan nan
3.137499999999999734e-01 0.000000000000000000e+00 nan nan nan
3.162499999999999756e-01 0.000000000000000000e+00 nan nan nan
3.187499999999999778e-01 0.000000000000000000e+00 nan nan nan
3.212499999999999800e-01 0.000000000000000000e+00 nan nan nan
3.237499999999999822e-01 0.000000000000000000e+00 nan nan nan
3.262499999999999845e-01 0.000000000000000000e+00 nan nan nan
3.287499999999999867e-01 0.000000000000000000e+00 nan nan nan
3.312499999999999889e-01 0.000000000000000000e+00 nan nan nan
3.337499999999999911e-01 0.000000000000000000e+00 nan nan nan
3.362499999999999933e-01 0.000000000000000000e+00 nan nan nan
3.387499999999999956e-01 0.000000000000000000e+00 nan nan nan
3.412499999999999978e-01 0.000000000000000000e+00 nan nan nan
3.437500000000000000e-01 0.000000000000000000e+00 nan nan nan
3.462500000000000022e-01 0.000000000000000000e+00 nan nan nan
3.487500000000000044e-01 0.000000000000000000e+00 nan nan nan
3.512500000000000067e-01 0.000000000000000000e+00 nan nan nan
3.537500000000000089e-01 0.000000000000000000e+00 nan nan nan
3.562500000000000111e-01 0.000000000000000000e+00 nan nan nan
3.587500000000000133e-01 0.000000000000000000e+00 nan nan nan
3.612500000000000155e-01 0.000000000000000000e+00 nan nan nan
3.637500000000000178e-01 0.000000000000000000e+00 nan nan nan
3.662500000000000200e-01 0.000000000000000000e+00 nan nan nan
3.687500000000000222e-01 0.000000000000000000e+00 nan nan nan
3.712500000000000244e-01 0.000000000000000000e+00 nan nan nan
3.737500000000000266e-01 0.000000000000000000e+00 nan nan nan
3.762499999999999734e-01 0.000000000000000000e+00 nan nan nan
3.787499999999999756e-01 0.000000000000000000e+00 nan nan nan
3.812499999999999778e-01 0.000000000000000000e+00 nan nan nan
3.837499999999999800e-01 0.000000000000000000e+00 nan nan nan
3.862499999999999822e-01 0.000000000000000000e+00 nan nan nan
3.887499999999999845e-01 0.000000000000000000e+00 nan nan nan
3.912499999999999867e-01 0.000000000000000000e+00 nan nan nan
3.937499999999999889e-01 0.000000000000000000e+00 nan nan nan
3.962499999999999911e-01 0.000000000000000000e+00 nan nan nan
3.987499999999999933e-01 0.000000000000000000e+00 nan nan nan
4.012499999999999956e-01 0.000000000000000000e+00 nan nan nan
4.037499999999999978e-01 0.000000000000000000e+00 nan nan nan
4.062500000000000000e-01 0.000000000000000000e+00 nan nan nan
4.087500000000000022e-01 0.000000000000000000e+00 nan nan nan
4.112500000000000044e-01 0.000000000000000000e+00 nan nan nan
4.137500000000000067e-01 0.000000000000000000e+00 nan nan nan
4.162500000000000089e-01 0.000000000000000000e+00 nan nan nan
4.187500000000000111e-01 0.000000000000000000e+00 nan nan nan
4.212500000000000133e-01 0.000000000000000000e+00 nan nan nan
4.237500000000000155e-01 0.000000000000000000e+00 nan nan nan
4.262500000000000178e-01 0.000000000000000000e+00 nan nan nan
4.287500000000000200e-01 0.000000000000000000e+00 nan nan nan
4.312500000000000222e-01 0.000000000000000000e+00 nan nan nan
4.337500000000000244e-01 0.000000000000000000e+00 nan nan nan
4.362500000000000266e-01 0.000000000000000000e+00 nan nan nan
4.387499999999999734e-01 0.000000000000000000e+00 nan nan nan
4.412499999999999756e-01 0.000000000000000000e+00 nan nan nan
4.437499999999999778e-01 0.000000000000000000e+00 nan nan nan
4.462499999999999800e-01 0.000000000000000000e+00 nan nan nan
4.487499999999999822e-01 0.000000000000000000e+00 nan nan nan
4.512499999999999845e-01 0.000000000000000000e+00 nan nan nan
4.537499999999999867e-01 0.000000000000000000e+00 nan nan nan
4.562499999999999889e-01 0.000000000000000000e+00 nan nan nan
4.587499999999999911e-01 0.000000000000000000e+00 nan nan nan
4.612499999999999933e-01 0.000000000000000000e+00 nan nan nan
4.637499999999999956e-01 0.000000000000000000e+00 nan nan nan
4.662499999999999978e-01 0.000000000000000000e+00 nan nan nan
4.687500000000000000e-01 0.000000000000000000e+00 nan nan nan
4.712500000000000022e-01 0.000000000000000000e+00 nan nan nan
4.737500000000000044e-01 0.000000000000000000e+00 nan nan nan
4.762500000000000067e-01 0.000000000000000000e+00 nan nan nan
4.787500000000000089e-01 0.000000000000000000e+00 nan nan nan
4.812500000000000111e-01 0.000000000000000000e+00 nan nan nan
4.837500000000000133e-01 0.000000000000000000e+00 nan nan nan
4.862500000000000155e-01 0.000000000000000000e+00 nan nan nan
4.887500000000000178e-01 0.000000000000000000e+00 nan nan nan
4.912500000000000200e-01 0.000000000000000000e+00 nan nan nan
4.937500000000000222e-01 0.000000000000000000e+00 nan nan nan
4.962500000000000244e-01 0.000000000000000000e+00 nan nan nan
4.987500000000000266e-01 0.000000000000000000e+00 nan nan nan
5.012499999999999734e-01 0.000000000000000000e+00 nan nan nan
5.037500000000000311e-01 0.000000000000000000e+00 nan nan nan
5.062499999999999778e-01 0.000000000000000000e+00 nan nan nan
5.087500000000000355e-01 0.000000000000000000e+00 nan nan nan
5.112499999999999822e-01 0.000000000000000000e+00 nan nan nan
5.137500000000000400e-01 0.000000000000000000e+00 nan nan nan
5.162499999999999867e-01 0.000000000000000000e+00 nan nan nan
5.187500000000000444e-01 0.000000000000000000e+00 nan nan nan
5.212499999999999911e-01 0.000000000000000000e+00 nan nan nan
5.237500000000000488e-01 0.000000000000000000e+00 nan nan nan
5.262499999999999956e-01 0.000000000000000000e+00 nan nan nan
5.287500000000000533e-01 0.000000000000000000e+00 nan nan nan
5.312500000000000000e-01 0.000000000000000000e+00 nan nan nan
5.337499999999999467e-01 0.000000000000000000e+00 nan nan nan
5.362500000000000044e-01 0.000000000000000000e+00 nan nan nan
5.387499999999999512e-01 0.000000000000000000e+00 nan nan nan
5.412500000000000089e-01 0.000000000000000000e+00 nan nan nan
5.437499999999999556e-01 0.000000000000000000e+00 nan nan nan
5.462500000000000133e-01 0.000000000000000000e+00 nan nan nan
5.487499999999999600e-01 0.000000000000000000e+00 nan nan nan
5.512500000000000178e-01 0.000000000000000000e+00 nan nan nan
5.537499999999999645e-01 0.000000000000000000e+00 nan nan nan
5.562500000000000222e-01 0.000000000000000000e+00 nan nan nan
5.587499999999999689e-01 0.000000000000000000e+00 nan nan nan
5.612500000000000266e-01 0.000000000000000000e+00 nan nan nan
5.637499999999999734e-01 0.000000000000000000e+00 nan nan nan
5.662500000000000311e-01 0.000000000000000000e+00 nan nan nan
5.687499999999999778e-01 0.000000000000000000e+00 nan nan nan
5.712500000000000355e-01 0.000000000000000000e+00 nan nan nan
5.737499999999999822e-01 0.000000000000000000e+00 nan nan nan
5.762500000000000400e-01 0.000000000000000000e+00 nan nan nan
5.787499999999999867e-01 0.000000000000000000e+00 nan nan nan
5.812500000000000444e-01 0.000000000000000000e+00 nan nan nan
5.837499999999999911e-01 0.000000000000000000e+00 nan nan nan
5.862500000000000488e-01 0.000000000000000000e+00 nan nan nan
5.887499999999999956e-01 0.000000000000000000e+00 nan nan nan
5.912500000000000533e-01 0.000000000000000000e+00 nan nan nan
5.937500000000000000e-01 0.000000000000000000e+00 nan nan nan
5.962499999999999467e-01 0.000000000000000000e+00 nan nan nan
5.987500000000000044e-01 0.000000000000000000e+00 nan nan nan
6.012499999999999512e-01 0.000000000000000000e+00 nan nan nan
6.037500000000000089e-01 0.000000000000000000e+00 nan nan nan
6.062499999999999556e-01 0.000000000000000000e+00 nan nan nan
6.087500000000000133e-01 0.000000000000000000e+00 nan nan nan
6.112499999999999600e-01 0.000000000000000000e+00 nan nan nan
6.137500000000000178e-01 0.000000000000000000e+00 nan nan nan
6.162499999999999645e-01 0.000000000000000000e+00 nan nan nan
6.187500000000000222e-01 0.000000000000000000e+00 nan nan nan
6.212499999999999689e-01 0.000000000000000000e+00 nan nan nan
6.237500000000000266e-01 0.000000000000000000e+00 nan nan nan
6.262499999999999734e-01 0.000000000000000000e+00 nan nan nan
6.287500000000000311e-01 0.000000000000000000e+00 nan nan nan
6.312499999999999778e-01 0.000000000000000000e+00 nan nan nan
6.337500000000000355e-01 0.000000000000000000e+00 nan nan nan
6.362499999999999822e-01 0.000000000000000000e+00 nan nan nan
6.387500000000000400e-01 0.000000000000000000e+00 nan nan nan
6.412499999999999867e-01 0.000000000000000000e+00 nan nan nan
6.437500000000000444e-01 0.000000000000000000e+00 nan nan nan
6.462499999999999911e-01 0.000000000000000000e+00 nan nan nan
6.487500000000000488e-01 0.000000000000000000e+00 nan nan nan
6.512499999999999956e-01 0.000000000000000000e+00 nan nan nan
6.537500000000000533e-01 0.000000000000000000e+00 nan nan nan
6.562500000000000000e-01 0.000000000000000000e+00 nan nan nan
6.587499999999999467e-01 0.000000000000000000e+00 nan nan nan
6.612500000000000044e-01 0.000000000000000000e+00 nan nan nan
6.637499999999999512e-01 0.000000000000000000e+00 nan nan nan
6.662500000000000089e-01 0.000000000000000000e+00 nan nan nan
6.687499999999999556e-01 0.000000000000000000e+00 nan nan nan
6.712500000000000133e-01 0.000000000000000000e+00 nan nan nan
6.737499999999999600e-01 0.000000000000000000e+00 nan nan nan
6.762500000000000178e-01 0.000000000000000000e+00 nan nan nan
6.787499999999999645e-01 0.000000000000000000e+00 nan nan nan
6.812500000000000222e-01 0.000000000000000000e+00 nan nan nan
6.837499999999999689e-01 0.000000000000000000e+00 nan nan nan
6.862500000000000266e-01 0.000000000000000000e+00 nan nan nan
6.887499999999999734e-01 0.000000000000000000e+00 nan nan nan
6.912500000000000311e-01 0.000000000000000000e+00 nan nan nan
6.937499999999999778e-01 0.000000000000000000e+00 nan nan nan
6.962500000000000355e-01 0.000000000000000000e+00 nan nan nan
6.987499999999999822e-01 0.000000000000000000e+00 nan nan nan
7.012500000000000400e-01 0.000000000000000000e+00 nan nan nan
7.037499999999999867e-01 0.000000000000000000e+00 nan nan nan
7.062500000000000444e-01 0.000000000000000000e+00 nan nan nan
7.087499999999999911e-01 0.000000000000000000e+00 nan nan nan
7.112500000000000488e-01 0.000000000000000000e+00 nan nan nan
7.137499999999999956e-01 0.000000000000000000e+00 nan nan nan
7.162500000000000533e-01 0.000000000000000000e+00 nan nan nan
7.187500000000000000e-01 0.000000000000000000e+00 nan nan nan
7.212499999999999467e-01 0.000000000000000000e+00 nan nan nan
7.237500000000000044e-01 0.000000000000000000e+00 nan nan nan
7.262499999999999512e-01 0.000000000000000000e+00 nan nan nan
7.287500000000000089e-01 0.000000000000000000e+00 nan nan nan
7.312499999999999556e-01 0.000000000000000000e+00 nan nan nan
7.337500000000000133e-01 0.000000000000000000e+00 nan nan nan
7.362499999999999600e-01 0.000000000000000000e+00 nan nan nan
7.387500000000000178e-01 0.000000000000000000e+00 nan nan nan
7.412499999999999645e-01 0.000000000000000000e+00 nan nan nan
7.437500000000000222e-01 0.000000000000000000e+00 nan nan nan
7.462499999999999689e-01 0.000000000000000000e+00 nan nan nan
7.487500000000000266e-01 0.000000000000000000e+00 nan nan nan
7.512499999999999734e-01 0.000000000000000000e+00 nan nan nan
7.537500000000000311e-01 0.000000000000000000e+00 nan nan nan
7.562499999999999778e-01 0.000000000000000000e+00 nan nan nan
7.587500000000000355e-01 0.000000000000000000e+00 nan nan nan
7.612499999999999822e-01 0.000000000000000000e+00 nan nan nan
7.637500000000000400e-01 0.000000000000000000e+00 nan nan nan
7.662499999999999867e-01 0.000000000000000000e+00 nan nan nan
7.687500000000000444e-01 0.000000000000000000e+00 nan nan nan
7.712499999999999911e-01 0.000000000000000000e+00 nan nan nan
7.737500000000000488e-01 0.000000000000000000e+00 nan nan nan
7.762499999999999956e-01 0.000000000000000000e+00 nan nan nan
7.787500000000000533e-01 0.000000000000000000e+00 nan nan nan
7.812500000000000000e-01 0.000000000000000000e+00 nan nan nan
7.837499999999999467e-01 0.000000000000000000e+00 nan nan nan
7.862500000000000044e-01 0.000000000000000000e+00 nan nan nan
7.887499999999999512e-01 0.000000000000000000e+00 nan nan nan
7.912500000000000089e-01 0.000000000000000000e+00 nan nan nan
7.937499999999999556e-01 0.000000000000000000e+00 nan nan nan
7.962500000000000133e-01 0.000000000000000000e+00 nan nan nan
7.987499999999999600e-01 0.000000000000000000e+00 nan nan nan
8.012500000000000178e-01 0.000000000000000000e+00 nan nan nan
8.037499999999999645e-01 0.000000000000000000e+00 nan nan nan
8.062500000000000222e-01 0.000000000000000000e+00 nan nan nan
8.087499999999999689e-01 0.000000000000000000e+00 nan nan nan
8.112500000000000266e-01 0.000000000000000000e+00 nan nan nan
8.137499999999999734e-01 0.000000000000000000e+00 nan nan nan
8.162500000000000311e-01 0.000000000000000000e+00 nan nan nan
8.187499999999999778e-01 0.000000000000000000e+00 nan nan nan
8.212500000000000355e-01 0.000000000000000000e+00 nan nan nan
8.237499999999999822e-01 0.000000000000000000e+00 nan nan nan
8.262500000000000400e-01 0.000000000000000000e+00 nan nan nan
8.287499999999999867e-01 0.000000000000000000e+00 nan nan nan
8.312500000000000444e-01 0.000000000000000000e+00 nan nan nan
8.337499999999999911e-01 1.830000000000000029e-04 nan nan nan
8.362500000000000488e-01 1.817499999999999997e-04 nan nan nan
8.387499999999999956e-01 0.000000000000000000e+00 nan nan nan
8.412500000000000533e-01 0.000000000000000000e+00 nan nan nan
8.437500000000000000e-01 3.570000000000000040e-04 nan nan nan
8.462499999999999467e-01 7.102500000000000523e-04 nan nan nan
8.487500000000000044e-01 7.060000000000000303e-04 nan nan nan
8.512499999999999512e-01 1.930249999999999891e-03 nan nan nan
8.537500000000000089e-01 1.744499999999999957e-03 nan nan nan
8.562499999999999556e-01 3.121499999999999709e-03 nan nan nan
8.587500000000000133e-01 5.172500000000000014e-03 nan nan nan
8.612499999999999600e-01 7.371000000000000815e-03 nan nan nan
8.637500000000000178e-01 8.010250000000000009e-03 nan nan nan
8.662499999999999645e-01 9.149749999999999897e-03 nan nan nan
8.687500000000000222e-01 1.280374999999999916e-02 nan nan nan
8.712499999999999689e-01 1.725250000000000047e-02 nan nan nan
8.737500000000000266e-01 2.048499999999999974e-02 nan nan nan
8.762499999999999734e-01 2.715799999999999811e-02 nan nan nan
8.787500000000000311e-01 3.062600000000000044e-02 nan nan nan
8.812499999999999778e-01 3.716524999999999690e-02 nan nan nan
8.837500000000000355e-01 5.323500000000000454e-02 nan nan nan
8.862499999999999822e-01 6.264800000000000924e-02 nan nan nan
8.887500000000000400e-01 6.937899999999999623e-02 nan nan nan
8.912499999999999867e-01 8.355674999999999908e-02 nan nan nan
8.937500000000000444e-01 1.071254999999999985e-01 nan nan nan
8.962499999999999911e-01 1.172920000000000074e-01 nan nan nan
8.987500000000000488e-01 1.341129999999999822e-01 nan nan nan
9.012499999999999956e-01 1.653037500000000271e-01 nan nan nan
9.037500000000000533e-01 1.821369999999999933e-01 nan nan nan
9.062500000000000000e-01 2.090004999999999780e-01 nan nan nan
9.087499999999999467e-01 2.312547500000000089e-01 nan nan nan
9.112500000000000044e-01 2.563245000000000107e-01 nan nan nan
9.137499999999999512e-01 2.940605000000000024e-01 nan nan nan
9.162500000000000089e-01 3.316850000000000076e-01 nan nan nan
9.187499999999999556e-01 3.551880000000000037e-01 nan nan nan
9.212500000000000133e-01 4.253240000000000354e-01 nan nan nan
9.237499999999999600e-01 4.528257500000000269e-01 nan nan nan
9.262500000000000178e-01 5.087762499999999299e-01 nan nan nan
9.287499999999999645e-01 5.468720000000000248e-01 nan nan nan
9.312500000000000222e-01 5.871910000000000185e-01 nan nan nan
9.337499999999999689e-01 6.457370000000000054e-01 nan nan nan
9.362500000000000266e-01 6.936420000000000918e-01 nan nan nan
9.387499999999999734e-01 7.084200000000000497e-01 nan nan nan
9.412500000000000311e-01 7.741240000000000343e-01 nan nan nan
9.437499999999999778e-01 8.454034999999999744e-01 nan nan nan
9.462500000000000355e-01 9.027134999999999465e-01 nan nan nan
9.487499999999999822e-01 9.572897499999999393e-01 nan nan nan
9.512500000000000400e-01 1.006502999999999926e+00 nan nan nan
9.537499999999999867e-01 1.051973000000000047e+00 nan nan nan
9.562500000000000444e-01 1.120453749999999804e+00 nan nan nan
9.587499999999999911e-01 1.159296749999999987e+00 nan nan nan
9.612500000000000488e-01 1.214509000000000061e+00 nan nan nan
9.637499999999999956e-01 1.248462500000000031e+00 nan nan nan
9.662500000000000533e-01 1.344830500000000040e+00 nan nan nan
9.687500000000000000e-01 1.369601749999999729e+00 nan nan nan
9.712499999999999467e-01 1.410948250000000126e+00 nan nan nan
9.737500000000000044e-01 1.491009000000000029e+00 nan nan nan
9.762499999999999512e-01 1.521137249999999774e+00 nan nan nan
9.787500000000000089e-01 1.571909749999999883e+00 nan nan nan
9.812499999999999556e-01 1.616599750000000002e+00 nan nan nan
9.837500000000000133e-01 1.662523750000000078e+00 nan nan nan
9.862499999999999600e-01 1.684824750000000204e+00 nan nan nan
9.887500000000000178e-01 1.712601500000000110e+00 nan nan nan
9.912499999999999645e-01 1.762981499999999979e+00 nan nan nan
9.937500000000000222e-01 1.808455750000000029e+00 nan nan nan
9.962499999999999689e-01 1.854092250000000108e+00 nan nan nan
9.987500000000000266e-01 1.855656749999999855e+00 nan nan nan
1.001249999999999973e+00 1.916031500000000110e+00 nan nan nan
1.003749999999999920e+00 1.952056999999999931e+00 nan nan nan
1.006250000000000089e+00 1.990087500000000009e+00 nan nan nan
1.008750000000000036e+00 2.012598499999999735e+00 nan nan nan
1.011249999999999982e+00 2.031007750000000112e+00 nan nan nan
1.013749999999999929e+00 2.043025000000000091e+00 nan nan nan
1.016250000000000098e+00 2.034832499999999822e+00 nan nan nan
1.018750000000000044e+00 2.080478000000000272e+00 nan nan nan
1.021249999999999991e+00 2.091273000000000160e+00 nan nan nan
1.023749999999999938e+00 2.114676750000000105e+00 nan nan nan
1.026250000000000107e+00 2.122857500000000286e+00 nan nan nan
1.028750000000000053e+00 2.169619249999999777e+00 nan nan nan
1.031250000000000000e+00 2.143211500000000047e+00 nan nan nan
1.033749999999999947e+00 2.152965500000000088e+00 nan nan nan
1.036249999999999893e+00 2.164968749999999886e+00 nan nan nan
1.038750000000000062e+00 2.141597749999999856e+00 nan nan nan
1.041250000000000009e+00 2.135782999999999987e+00 nan nan nan
1.043749999999999956e+00 2.193957000000000157e+00 nan nan nan
1.046249999999999902e+00 2.153748999999999914e+00 nan nan nan
1.048750000000000071e+00 2.179677250000000122e+00 nan nan nan
1.051250000000000018e+00 2.142054499999999528e+00 nan nan nan
1.053749999999999964e+00 2.167628999999999806e+00 nan nan nan
1.056249999999999911e+00 2.186441499999999927e+00 nan nan nan
1.058750000000000080e+00 2.143347249999999704e+00 nan nan nan
1.061250000000000027e+00 2.173564500000000344e+00 nan nan nan
1.063749999999999973e+00 2.142909500000000023e+00 nan nan nan
1.066249999999999920e+00 2.116991749999999506e+00 nan nan nan
1.068750000000000089e+00 2.115782000000000274e+00 nan nan nan
1.071250000000000036e+00 2.151123000000000118e+00 nan nan nan
1.073749999999999982e+00 2.110349499999999878e+00 nan nan nan
1.076249999999999929e+00 2.076516749999999689e+00 nan nan nan
1.078750000000000098e+00 2.085150249999999872e+00 nan nan nan
1.081250000000000044e+00 2.076606500000000022e+00 nan nan nan
1.083749999999999991e+00 2.066495499999999819e+00 nan nan nan
1.086249999999999938e+00 2.037814000000000014e+00 nan nan nan
1.088750000000000107e+00 2.052492500000000053e+00 nan nan nan
1.091250000000000053e+00 2.036479499999999998e+00 nan nan nan
1.093750000000000000e+00 2.034407749999999737e+00 nan nan nan
1.096249999999999947e+00 2.010327250000000010e+00 nan nan nan
1.098749999999999893e+00 1.974016749999999876e+00 nan nan nan
1.101250000000000062e+00 1.986871499999999902e+00 nan nan nan
1.103750000000000009e+00 1.939474000000000142e+00 nan nan nan
1.106249999999999956e+00 1.950042749999999936e+00 nan nan nan
1.108749999999999902e+00 1.923054999999999959e+00 nan nan nan
1.111250000000000071e+00 1.912662250000000119e+00 nan nan nan
1.113750000000000018e+00 1.897421999999999720e+00 nan nan nan
1.116249999999999964e+00 1.853829500000000241e+00 nan nan nan
1.118749999999999911e+00 1.864246000000000070e+00 nan nan nan
1.121250000000000080e+00 1.842895250000000207e+00 nan nan nan
1.123750000000000027e+00 1.817789499999999947e+00 nan nan nan
1.126249999999999973e+00 1.795594499999999982e+00 nan nan nan
1.128749999999999920e+00 1.799026000000000014e+00 nan nan nan
1.131250000000000089e+00 1.784426499999999916e+00 nan nan nan
1.133750000000000036e+00 1.757375249999999944e+00 nan nan nan
1.136249999999999982e+00 1.737832749999999926e+00 nan nan nan
1.138749999999999929e+00 1.732171749999999788e+00 nan nan nan
1.141250000000000098e+00 1.708971999999999936e+00 nan nan nan
1.143750000000000044e+00 1.693247500000000016e+00 nan nan nan
1.146249999999999991e+00 1.680256500000000042e+00 nan nan nan
1.148749999999999938e+00 1.680177750000000136e+00 nan nan nan
1.151250000000000107e+00 1.638640249999999909e+00 nan nan nan
1.153750000000000053e+00 1.637086500000000111e+00 nan nan nan
1.156250000000000000e+00 1.622121000000000146e+00 nan nan nan
1.158749999999999947e+00 1.630186000000000135e+00 nan nan nan
1.161249999999999893e+00 1.604976500000000028e+00 nan nan nan
1.163750000000000062e+00 1.612264750000000024e+00 nan nan nan
1.166250000000000009e+00 1.567873750000000177e+00 nan nan nan
1.168749999999999956e+00 1.565641499999999908e+00 nan nan nan
1.171249999999999902e+00 1.542096250000000168e+00 nan nan nan
1.173750000000000071e+00 1.543379000000000056e+00 nan nan nan
1.176250000000000018e+00 1.520467250000000048e+00 nan nan nan
1.178749999999999964e+00 1.510180999999999996e+00 nan nan nan
1.181249999999999911e+00 1.512087750000000064e+00 nan nan nan
1.183750000000000080e+00 1.514599749999999911e+00 nan nan nan
1.186250000000000027e+00 1.460063000000000111e+00 nan nan nan
1.188749999999999973e+00 1.466525000000000079e+00 nan nan nan
1.191249999999999920e+00 1.456164999999999932e+00 nan nan nan
1.193750000000000089e+00 1.444807750000000057e+00 nan nan nan
1.196250000000000036e+00 1.458678249999999954e+00 nan nan nan
1.198749999999999982e+00 1.418446250000000131e+00 nan nan nan
1.201249999999999929e+00 1.401446250000000004e+00 nan nan nan
1.203750000000000098e+00 1.405897500000000022e+00 nan nan nan
1.206250000000000044e+00 1.390114250000000329e+00 nan nan nan
1.208749999999999991e+00 1.374971500000000013e+00 nan nan nan
1.211249999999999938e+00 1.348588750000000003e+00 nan nan nan
1.213750000000000107e+00 1.356675499999999923e+00 nan nan nan
1.216250000000000053e+00 1.344141750000000135e+00 nan nan nan
1.218750000000000000e+00 1.341372000000000009e+00 nan nan nan
1.221249999999999947e+00 1.335118749999999910e+00 nan nan nan
1.223749999999999893e+00 1.308698499999999987e+00 nan nan nan
1.226250000000000062e+00 1.300661749999999950e+00 nan nan nan
1.228750000000000009e+00 1.277941999999999911e+00 nan nan nan
1.231249999999999956e+00 1.288945250000000042e+00 nan nan nan
1.233749999999999902e+00 1.298428499999999985e+00 nan nan nan
1.236250000000000071e+00 1.266226999999999991e+00 nan nan nan
1.238750000000000018e+00 1.253581249999999869e+00 nan nan nan
1.241249999999999964e+00 1.256953999999999905e+00 nan nan nan
1.243749999999999911e+00 1.233576999999999924e+00 nan nan nan
1.246250000000000080e+00 1.224375750000000096e+00 nan nan nan
1.248750000000000027e+00 1.224859750000000025e+00 nan nan nan
1.251249999999999973e+00 1.218102249999999831e+00 nan nan nan
1.253749999999999920e+00 1.209770999999999930e+00 nan nan nan
1.256250000000000089e+00 1.220188000000000050e+00 nan nan nan
1.258750000000000036e+00 1.207000249999999886e+00 nan nan nan
1.261249999999999982e+00 1.185354999999999936e+00 nan nan nan
1.263749999999999929e+00 1.202324500000000018e+00 nan nan nan
1.266250000000000098e+00 1.181245749999999983e+00 nan nan nan
1.268750000000000044e+00 1.179754749999999852e+00 nan nan nan
1.271249999999999991e+00 1.155056749999999965e+00 nan nan nan
1.273749999999999938e+00 1.140966249999999960e+00 nan nan nan
1.276250000000000107e+00 1.137202999999999964e+00 nan nan nan
1.278750000000000053e+00 1.134004749999999895e+00 nan nan nan
1.281250000000000000e+00 1.129816249999999966e+00 nan nan nan
1.283749999999999947e+00 1.122797000000000045e+00 nan nan nan
1.286249999999999893e+00 1.113287500000000207e+00 nan nan nan
1.288750000000000062e+00 1.117393249999999894e+00 nan nan nan
1.291250000000000009e+00 1.101098249999999945e+00 nan nan nan
1.293749999999999956e+00 1.092289000000000065e+00 nan nan nan
1.296249999999999902e+00 1.072188499999999989e+00 nan nan nan
1.298750000000000071e+00 1.098518749999999988e+00 nan nan nan
1.301250000000000018e+00 1.081686499999999995e+00 nan nan nan
1.303749999999999964e+00 1.064077249999999975e+00 nan nan nan
1.306249999999999911e+00 1.055984249999999847e+00 nan nan nan
1.308750000000000080e+00 1.061752499999999877e+00 nan nan nan
1.311250000000000027e+00 1.045358250000000044e+00 nan nan nan
1.313749999999999973e+00 1.053833499999999868e+00 nan nan nan
1.316249999999999920e+00 1.047485999999999917e+00 nan nan nan
1.318750000000000089e+00 1.048489250000000039e+00 nan nan nan
1.321250000000000036e+00 1.035348500000000005e+00 nan nan nan
1.323749999999999982e+00 1.021790750000000081e+00 nan nan nan
1.326249999999999929e+00 1.033628750000000096e+00 nan nan nan
1.328750000000000098e+00 1.017356249999999962e+00 nan nan nan
1.331250000000000044e+00 1.016480249999999863e+00 nan nan nan
1.333749999999999991e+00 1.007812500000000000e+00 nan nan nan
1.336249999999999938e+00 1.008531500000000136e+00 nan nan nan
1.338750000000000107e+00 1.010089000000000015e+00 nan nan nan
1.341250000000000053e+00 9.987645000000000550e-01 nan nan nan
1.343750000000000000e+00 9.884322500000000122e-01 nan nan nan
1.346249999999999947e+00 9.845542500000000752e-01 nan nan nan
1.348749999999999893e+00 9.724504999999999955e-01 nan nan nan
1.351250000000000062e+00 9.849415000000001363e-01 nan nan nan
1.353750000000000009e+00 9.715937500000000338e-01 nan nan nan
1.356249999999999956e+00 9.591672500000000268e-01 nan nan nan
1.358749999999999902e+00 9.635612500000000358e-01 nan nan nan
1.361250000000000071e+00 9.565942499999999793e-01 nan nan nan
1.363750000000000018e+00 9.529535000000000089e-01 nan nan nan
1.366249999999999964e+00 9.439517499999999783e-01 nan nan nan
1.368749999999999911e+00 9.339235000000000175e-01 nan nan nan
1.371250000000000080e+00 9.386357499999999909e-01 nan nan nan
1.373750000000000027e+00 9.398714999999999709e-01 nan nan nan
1.376249999999999973e+00 9.278675000000000672e-01 nan nan nan
1.378749999999999920e+00 9.388860000000001094e-01 nan nan nan
1.381250000000000089e+00 9.209617500000000234e-01 nan nan nan
1.383750000000000036e+00 9.107309999999999572e-01 nan nan nan
1.386249999999999982e+00 9.186309999999999754e-01 nan nan nan
1.388749999999999929e+00 9.107777499999999415e-01 nan nan nan
1.391250000000000098e+00 9.083614999999999329e-01 nan nan nan
1.393750000000000044e+00 9.185237499999999722e-01 nan nan nan
1.396249999999999991e+00 9.040850000000000275e-01 nan nan nan
1.398749999999999938e+00 8.930575000000000596e-01 nan nan nan
1.401250000000000107e+00 8.964787499999999909e-01 nan nan nan
1.403750000000000053e+00 8.885780000000000900e-01 nan nan nan
1.406250000000000000e+00 8.846500000000000474e-01 nan nan nan
1.408749999999999947e+00 8.934294999999999876e-01 nan nan nan
1.411249999999999893e+00 8.721997499999999404e-01 nan nan nan
1.413750000000000062e+00 8.768152499999999350e-01 nan nan nan
1.416250000000000009e+00 8.753072499999999811e-01 nan nan nan
1.418749999999999956e+00 8.615500000000000380e-01 nan nan nan
1.421249999999999902e+00 8.665787500000000643e-01 nan nan nan
1.423750000000000071e+00 8.673014999999999475e-01 nan nan nan
1.426250000000000018e+00 8.701389999999999958e-01 nan nan nan
1.428749999999999964e+00 8.765020000000000033e-01 nan nan nan
1.431249999999999911e+00 8.571182499999999704e-01 nan nan nan
1.433750000000000080e+00 8.580287500000000067e-01 nan nan nan
1.436250000000000027e+00 8.558457500000000717e-01 nan nan nan
1.438749999999999973e+00 8.522597499999999826e-01 nan nan nan
1.441249999999999920e+00 8.468572500000000058e-01 nan nan nan
1.443750000000000089e+00 8.473429999999999573e-01 nan nan nan
1.446250000000000036e+00 8.501300000000000523e-01 nan nan nan
1.448749999999999982e+00 8.454420000000000268e-01 nan nan nan
1.451249999999999929e+00 8.425920000000000076e-01 nan nan nan
1.453750000000000098e+00 8.315745000000001053e-01 nan nan nan
1.456250000000000044e+00 8.368759999999999533e-01 nan nan nan
1.458749999999999991e+00 8.468562499999998661e-01 nan nan nan
1.461249999999999938e+00 8.466997499999999732e-01 nan nan nan
1.463750000000000107e+00 8.437510000000000288e-01 nan nan nan
1.466250000000000053e+00 8.317092499999999555e-01 nan nan nan
1.468750000000000000e+00 8.215127500000000138e-01 nan nan nan
1.471249999999999947e+00 8.291790000000001104e-01 nan nan nan
1.473749999999999893e+00 8.244365000000000165e-01 nan nan nan
1.476250000000000062e+00 8.168039999999999745e-01 nan nan nan
1.478750000000000009e+00 8.227662500000000323e-01 nan nan nan
1.481249999999999956e+00 8.109512500000000124e-01 nan nan nan
1.483749999999999902e+00 8.112240000000000562e-01 nan nan nan
1.486250000000000071e+00 8.170162499999999994e-01 nan nan nan
1.488750000000000018e+00 8.134712500000000901e-01 nan nan nan
1.491249999999999964e+00 8.166922500000000085e-01 nan nan nan
1.493749999999999911e+00 8.109410000000000229e-01 nan nan nan
1.496250000000000080e+00 8.107889999999999819e-01 nan nan nan
1.498750000000000027e+00 8.092752500000000015e-01 nan nan nan
1.501249999999999973e+00 8.064127500000000115e-01 nan nan nan
1.503749999999999920e+00 8.157105000000000050e-01 nan nan nan
1.506250000000000089e+00 8.097544999999999327e-01 nan nan nan
1.508750000000000036e+00 8.003145000000000397e-01 nan nan nan
1.511249999999999982e+00 8.046277499999999749e-01 nan nan nan
1.513749999999999929e+00 7.944255000000000067e-01 nan nan nan
1.516250000000000098e+00 8.061875000000000568e-01 nan nan nan
1.518750000000000044e+00 7.994565000000000143e-01 nan nan nan
1.521249999999999991e+00 8.000177500000000830e-01 nan nan nan
1.523749999999999938e+00 8.018307499999999255e-01 nan nan nan
1.526250000000000107e+00 7.928742500000001137e-01 nan nan nan
1.528750000000000053e+00 7.848427500000000334e-01 nan nan nan
1.531250000000000000e+00 7.926934999999999398e-01 nan nan nan
1.533749999999999947e+00 7.946514999999999551e-01 nan nan nan
1.536249999999999893e+00 7.962157499999999999e-01 nan nan nan
1.538750000000000062e+00 7.878312499999999829e-01 nan nan nan
1.541250000000000009e+00 7.856522500000000520e-01 nan nan nan
1.543749999999999956e+00 7.914327500000000182e-01 nan nan nan
1.546249999999999902e+00 7.850464999999999804e-01 nan nan nan
1.548750000000000071e+00 7.889282500000001086e-01 nan nan nan
1.551250000000000018e+00 7.993325000000001124e-01 nan nan nan
1.553749999999999964e+00 7.906530000000000502e-01 nan nan nan
1.556249999999999911e+00 7.870650000000000146e-01 nan nan nan
1.558750000000000080e+00 7.976772500000000043e-01 nan nan nan
1.561250000000000027e+00 7.813535000000000341e-01 nan nan nan
1.563749999999999973e+00 7.908679999999999044e-01 nan nan nan
1.566249999999999920e+00 7.770464999999999733e-01 nan nan nan
1.568750000000000089e+00 7.839232499999999604e-01 nan nan nan
1.571250000000000036e+00 7.894134999999999902e-01 nan nan nan
1.573749999999999982e+00 7.862400000000000500e-01 nan nan nan
1.576249999999999929e+00 7.850274999999999892e-01 nan nan nan
1.578750000000000098e+00 7.950414999999999566e-01 nan nan nan
1.581250000000000044e+00 7.934955000000000203e-01 nan nan nan
1.583749999999999991e+00 7.882042499999999396e-01 nan nan nan
1.586249999999999938e+00 7.959795000000000620e-01 nan nan nan
1.588750000000000107e+00 7.873312500000000380e-01 nan nan nan
1.591250000000000053e+00 7.911362500000000963e-01 nan nan nan
1.593750000000000000e+00 7.886562500000000586e-01 nan nan nan
1.596249999999999947e+00 7.800502500000000561e-01 nan nan nan
1.598749999999999893e+00 7.945254999999999956e-01 nan nan nan
1.601250000000000062e+00 7.915505000000000457e-01 nan nan nan
1.603750000000000009e+00 7.940282499999999910e-01 nan nan nan
1.606249999999999956e+00 7.681002500000000399e-01 nan nan nan
1.608749999999999902e+00 7.900827499999999448e-01 nan nan nan
1.611250000000000071e+00 7.918450000000000211e-01 nan nan nan
1.613750000000000018e+00 7.907604999999999773e-01 nan nan nan
1.616249999999999964e+00 7.906037500000000495e-01 nan nan nan
1.618749999999999911e+00 7.947139999999999205e-01 nan nan nan
1.621250000000000080e+00 7.940550000000000663e-01 nan nan nan
1.623750000000000027e+00 7.919489999999999030e-01 nan nan nan
1.626249999999999973e+00 7.944679999999999520e-01 nan nan nan
1.628749999999999920e+00 7.868545000000000122e-01 nan nan nan
1.631250000000000089e+00 7.943835000000000202e-01 nan nan nan
1.633750000000000036e+00 7.904297500000000420e-01 nan nan nan
1.636249999999999982e+00 7.940477500000000521e-01 nan nan nan
1.638749999999999929e+00 7.967874999999999819e-01 nan nan nan
1.641250000000000098e+00 7.936539999999999706e-01 nan nan nan
1.643750000000000044e+00 8.158062500000000661e-01 nan nan nan
1.646249999999999991e+00 7.967220000000000413e-01 nan nan nan
1.648749999999999938e+00 7.954772499999999136e-01 nan nan nan
1.651250000000000107e+00 8.058475000000000499e-01 nan nan nan
1.653750000000000053e+00 8.059700000000000752e-01 nan nan nan
1.656250000000000000e+00 7.989035000000000997e-01 nan nan nan
1.658749999999999947e+00 8.016267499999999435e-01 nan nan nan
1.661249999999999893e+00 8.115169999999999328e-01 nan nan nan
1.663750000000000062e+00 8.080235000000000056e-01 nan nan nan
1.666250000000000009e+00 8.041810000000000347e-01 nan nan nan
1.668749999999999956e+00 8.102202499999999752e-01 nan nan nan
1.671249999999999902e+00 8.116674999999999862e-01 nan nan nan
1.673750000000000071e+00 8.135110000000000952e-01 nan nan nan
1.676250000000000018e+00 8.196839999999999682e-01 nan nan nan
1.678749999999999964e+00 8.007767500000000371e-01 nan nan nan
1.681249999999999911e+00 8.184595000000000065e-01 nan nan nan
1.683750000000000080e+00 8.086307499999999537e-01 nan nan nan
1.686250000000000027e+00 8.293082499999999690e-01 nan nan nan
1.688749999999999973e+00 8.263645000000000573e-01 nan nan nan
1.691249999999999920e+00 8.170772499999999772e-01 nan nan nan
1.693750000000000089e+00 8.333707499999999380e-01 nan nan nan
1.696250000000000036e+00 8.178797500000000165e-01 nan nan nan
1.698749999999999982e+00 8.268860000000000099e-01 nan nan nan
1.701249999999999929e+00 8.267857499999999860e-01 nan nan nan
1.703750000000000098e+00 8.301867499999999733e-01 nan nan nan
1.706250000000000044e+00 8.316867500000000302e-01 nan nan nan
1.708749999999999991e+00 8.381817499999999477e-01 nan nan nan
1.711249999999999938e+00 8.363424999999999887e-01 nan nan nan
1.713750000000000107e+00 8.486667500000000253e-01 nan nan nan
1.716250000000000053e+00 8.417070000000000940e-01 nan nan nan
1.718750000000000000e+00 8.400779999999999914e-01 nan nan nan
1.721249999999999947e+00 8.473384999999999945e-01 nan nan nan
1.723749999999999893e+00 8.400894999999999335e-01 nan nan nan
1.726250000000000062e+00 8.519092499999999513e-01 nan nan nan
1.728750000000000009e+00 8.586792500000000050e-01 nan nan nan
1.731249999999999956e+00 8.434322499999999945e-01 nan nan nan
1.733749999999999902e+00 8.526337500000000791e-01 nan nan nan
1.736250000000000071e+00 8.520780000000000021e-01 nan nan nan
1.738750000000000018e+00 8.499242500000000478e-01 nan nan nan
1.741249999999999964e+00 8.622469999999999857e-01 nan nan nan
1.743749999999999911e+00 8.571000000000000840e-01 nan nan nan
1.746250000000000080e+00 8.630284999999999762e-01 nan nan nan
1.748750000000000027e+00 8.586920000000000108e-01 nan nan nan
1.751249999999999973e+00 8.685967500000000285e-01 nan nan nan
1.753749999999999920e+00 8.825755000000000683e-01 nan nan nan
1.756250000000000089e+00 8.801470000000000127e-01 nan nan nan
1.758750000000000036e+00 8.684800000000000297e-01 nan nan nan
1.761249999999999982e+00 8.749520000000000630e-01 nan nan nan
1.763749999999999929e+00 8.984274999999999345e-01 nan nan nan
1.766250000000000098e+00 8.855334999999999734e-01 nan nan nan
1.768750000000000044e+00 8.827067499999999844e-01 nan nan nan
1.771249999999999991e+00 8.926589999999999803e-01 nan nan nan
1.773749999999999938e+00 8.862647499999999345e-01 nan nan nan
1.776250000000000107e+00 8.970304999999999529e-01 nan nan nan
1.778750000000000053e+00 8.952742500000000492e-01 nan nan nan
1.781250000000000000e+00 9.059872500000000217e-01 nan nan nan
1.783749999999999947e+00 8.987737500000000379e-01 nan nan nan
1.786249999999999893e+00 8.990495000000000569e-01 nan nan nan
1.788750000000000062e+00 9.133869999999999489e-01 nan nan nan
1.791250000000000009e+00 9.192402499999999810e-01 nan nan nan
1.793749999999999956e+00 9.171934999999999949e-01 nan nan nan
1.796249999999999902e+00 9.132629999999999360e-01 nan nan nan
1.798750000000000071e+00 9.159527499999999822e-01 nan nan nan
1.801250000000000018e+00 9.248157499999999365e-01 nan nan nan
1.803749999999999964e+00 9.253022499999999928e-01 nan nan nan
1.806249999999999911e+00 9.279652499999999637e-01 nan nan nan
1.808750000000000080e+00 9.369055000000000577e-01 nan nan nan
1.811250000000000027e+00 9.324605000000000254e-01 nan nan nan
1.813749999999999973e+00 9.385877499999999429e-01 nan nan nan
1.816249999999999920e+00 9.490724999999999856e-01 nan nan nan
1.818750000000000089e+00 9.431597499999999634e-01 nan nan nan
1.821250000000000036e+00 9.407634999999999748e-01 nan nan nan
1.823749999999999982e+00 9.440350000000000685e-01 nan nan nan
1.826249999999999929e+00 9.490385000000000071e-01 nan nan nan
1.828750000000000098e+00 9.563684999999999548e-01 nan nan nan
1.831250000000000044e+00 9.481095000000000494e-01 nan nan nan
1.833749999999999991e+00 9.473035000000000760e-01 nan nan nan
1.836249999999999938e+00 9.587535000000000363e-01 nan nan nan
1.838750000000000107e+00 9.694987500000000757e-01 nan nan nan
1.841250000000000053e+00 9.482277500000000359e-01 nan nan nan
1.843750000000000000e+00 9.691847500000000393e-01 nan nan nan
1.846249999999999947e+00 9.634657500000000097e-01 nan nan nan
1.848749999999999893e+00 9.776392499999999597e-01 nan nan nan
1.851250000000000062e+00 9.642042500000000960e-01 nan nan nan
1.853750000000000009e+00 9.852859999999999951e-01 nan nan nan
1.856249999999999956e+00 9.759915000000000118e-01 nan nan nan
1.858749999999999902e+00 9.834880000000001399e-01 nan nan nan
1.861250000000000071e+00 9.810682499999999751e-01 nan nan nan
1.863750000000000018e+00 9.958252499999999952e-01 nan nan nan
1.866249999999999964e+00 9.862957499999999156e-01 nan nan nan
1.868749999999999911e+00 9.957097499999999490e-01 nan nan nan
1.871250000000000080e+00 9.978805000000000591e-01 nan nan nan
1.873750000000000027e+00 1.000688000000000022e+00 nan nan nan
1.876249999999999973e+00 1.000334999999999974e+00 nan nan nan
1.878749999999999920e+00 1.006067250000000080e+00 nan nan nan
1.881250000000000089e+00 1.018161249999999907e+00 nan nan nan
1.883750000000000036e+00 1.001450249999999986e+00 nan nan nan
1.886249999999999982e+00 1.019489000000000090e+00 nan nan nan
1.888749999999999929e+00 1.024062749999999911e+00 nan nan nan
1.891250000000000098e+00 1.013109999999999955e+00 nan nan nan
1.893750000000000044e+00 1.024937749999999870e+00 nan nan nan
1.896249999999999991e+00 1.030829499999999843e+00 nan nan nan
1.898749999999999938e+00 1.024343250000000038e+00 nan nan nan
1.901250000000000107e+00 1.040680750000000154e+00 nan nan nan
1.903750000000000053e+00 1.040054250000000069e+00 nan nan nan
1.906250000000000000e+00 1.038202749999999952e+00 nan nan nan
1.908749999999999947e+00 1.036148000000000069e+00 nan nan nan
1.911249999999999893e+00 1.044368500000000033e+00 nan nan nan
1.913750000000000062e+00 1.048168500000000058e+00 nan nan nan
1.916250000000000009e+00 1.042111250000000044e+00 nan nan nan
1.918749999999999956e+00 1.046339249999999943e+00 nan nan nan
1.921249999999999902e+00 1.047131499999999882e+00 nan nan nan
1.923750000000000071e+00 1.049805749999999982e+00 nan nan nan
1.926250000000000018e+00 1.058150750000000029e+00 nan nan nan
1.928749999999999964e+00 1.062894500000000075e+00 nan nan nan
1.931249999999999911e+00 1.075042250000000088e+00 nan nan nan
1.933750000000000080e+00 1.060261499999999968e+00 nan nan nan
1.936250000000000027e+00 1.075160749999999998e+00 nan nan nan
1.938749999999999973e+00 1.071578249999999954e+00 nan nan nan
1.941249999999999920e+00 1.071991499999999986e+00 nan nan nan
1.943750000000000089e+00 1.074317500000000036e+00 nan nan nan
1.946250000000000036e+00 1.086798500000000001e+00 nan nan nan
1.948749999999999982e+00 1.072527749999999891e+00 nan nan nan
1.951249999999999929e+00 1.078130000000000033e+00 nan nan nan
1.953750000000000098e+00 1.080768749999999834e+00 nan nan nan
1.956250000000000044e+00 1.078971500000000194e+00 nan nan nan
1.958749999999999991e+00 1.083709000000000033e+00 nan nan nan
1.961249999999999938e+00 1.087625499999999912e+00 nan nan nan
1.963750000000000107e+00 1.096925000000000150e+00 nan nan nan
1.966250000000000053e+00 1.086376249999999821e+00 nan nan nan
1.968750000000000000e+00 1.079879249999999846e+00 nan nan nan
1.971249999999999947e+00 1.097036250000000157e+00 nan nan nan
1.973749999999999893e+00 1.100525250000000010e+00 nan nan nan
1.976250000000000062e+00 1.090124749999999976e+00 nan nan nan
1.978750000000000009e+00 1.104387999999999925e+00 nan nan nan
1.981249999999999956e+00 1.101958999999999911e+00 nan nan nan
1.983749999999999902e+00 1.092075249999999942e+00 nan nan nan
1.986250000000000071e+00 1.100059750000000003e+00 nan nan nan
1.988750000000000018e+00 1.090802000000000049e+00 nan nan nan
1.991249999999999964e+00 1.104451250000000107e+00 nan nan nan
1.993749999999999911e+00 1.111375000000000224e+00 nan nan nan
1.996250000000000080e+00 1.105497750000000057e+00 nan nan nan
1.998750000000000027e+00 1.111709499999999906e+00 nan nan nan
2.001250000000000195e+00 1.112997250000000049e+00 nan nan nan
2.003750000000000142e+00 1.118803750000000097e+00 nan nan nan
2.006250000000000089e+00 1.111721249999999994e+00 nan nan nan
2.008750000000000036e+00 1.113587749999999987e+00 nan nan nan
2.011249999999999982e+00 1.121413750000000098e+00 nan nan nan
2.013749999999999929e+00 1.108911250000000015e+00 nan nan nan
2.016249999999999876e+00 1.113950749999999879e+00 nan nan nan
2.018749999999999822e+00 1.115530249999999945e+00 nan nan nan
2.021250000000000213e+00 1.106890499999999999e+00 nan nan nan
2.023750000000000160e+00 1.110428500000000041e+00 nan nan nan
2.026250000000000107e+00 1.119644249999999897e+00 nan nan nan
2.028750000000000053e+00 1.120593749999999833e+00 nan nan nan
2.031250000000000000e+00 1.109485499999999902e+00 nan nan nan
2.033749999999999947e+00 1.105960000000000054e+00 nan nan nan
2.036249999999999893e+00 1.125662500000000010e+00 nan nan nan
2.038749999999999840e+00 1.112839249999999947e+00 nan nan nan
2.041249999999999787e+00 1.113624500000000017e+00 nan nan nan
2.043750000000000178e+00 1.126122000000000067e+00 nan nan nan
2.046250000000000124e+00 1.121488999999999958e+00 nan nan nan
2.048750000000000071e+00 1.119753500000000068e+00 nan nan nan
2.051250000000000018e+00 1.126030749999999969e+00 nan nan nan
2.053749999999999964e+00 1.119854750000000010e+00 nan nan nan
2.056249999999999911e+00 1.121373249999999988e+00 nan nan nan
2.058749999999999858e+00 1.123751249999999979e+00 nan nan nan
2.061249999999999805e+00 1.137546249999999981e+00 nan nan nan
2.063750000000000195e+00 1.120402499999999968e+00 nan nan nan
2.066250000000000142e+00 1.118169500000000038e+00 nan nan nan
2.068750000000000089e+00 1.123638249999999950e+00 nan nan nan
2.071250000000000036e+00 1.122676250000000042e+00 nan nan nan
2.073749999999999982e+00 1.118995500000000032e+00 nan nan nan
2.076249999999999929e+00 1.128513249999999912e+00 nan nan nan
2.078749999999999876e+00 1.118739000000000150e+00 nan nan nan
2.081249999999999822e+00 1.121248500000000092e+00 nan nan nan
2.083750000000000213e+00 1.124416250000000117e+00 nan nan nan
2.086250000000000160e+00 1.122073750000000203e+00 nan nan nan
2.088750000000000107e+00 1.113006749999999823e+00 nan nan nan
2.091250000000000053e+00 1.125814249999999905e+00 nan nan nan
2.093750000000000000e+00 1.123127500000000056e+00 nan nan nan
2.096249999999999947e+00 1.111769500000000077e+00 nan nan nan
2.098749999999999893e+00 1.121852500000000141e+00 nan nan nan
2.101249999999999840e+00 1.121315500000000132e+00 nan nan nan
2.103749999999999787e+00 1.117215499999999917e+00 nan nan nan
2.106250000000000178e+00 1.114507750000000019e+00 nan nan nan
2.108750000000000124e+00 1.102087999999999957e+00 nan nan nan
2.111250000000000071e+00 1.115140000000000020e+00 nan nan nan
2.113750000000000018e+00 1.106015250000000005e+00 nan nan nan
2.116249999999999964e+00 1.104567749999999959e+00 nan nan nan
2.118749999999999911e+00 1.110799500000000162e+00 nan nan nan
2.121249999999999858e+00 1.108917250000000188e+00 nan nan nan
2.123749999999999805e+00 1.107943249999999935e+00 nan nan nan
2.126250000000000195e+00 1.094624249999999854e+00 nan nan nan
2.128750000000000142e+00 1.102211500000000122e+00 nan nan nan
2.131250000000000089e+00 1.103546249999999951e+00 nan nan nan
2.133750000000000036e+00 1.095739500000000088e+00 nan nan nan
2.136249999999999982e+00 1.107413500000000051e+00 nan nan nan
2.138749999999999929e+00 1.099433749999999987e+00 nan nan nan
2.141249999999999876e+00 1.101554499999999992e+00 nan nan nan
2.143749999999999822e+00 1.100979249999999965e+00 nan nan nan
2.146250000000000213e+00 1.100678749999999928e+00 nan nan nan
2.148750000000000160e+00 1.099193250000000122e+00 nan nan nan
2.151250000000000107e+00 1.099991500000000011e+00 nan nan nan
2.153750000000000053e+00 1.093958500000000056e+00 nan nan nan
2.156250000000000000e+00 1.087430250000000154e+00 nan nan nan
2.158749999999999947e+00 1.091188749999999930e+00 nan nan nan
2.161249999999999893e+00 1.090326000000000128e+00 nan nan nan
2.163749999999999840e+00 1.084087500000000093e+00 nan nan nan
2.166249999999999787e+00 1.082073999999999980e+00 nan nan nan
2.168750000000000178e+00 1.075120499999999923e+00 nan nan nan
2.171250000000000124e+00 1.085484249999999928e+00 nan nan nan
2.173750000000000071e+00 1.090550249999999943e+00 nan nan nan
2.176250000000000018e+00 1.083857999999999988e+00 nan nan nan
2.178749999999999964e+00 1.085389750000000042e+00 nan nan nan
2.181249999999999911e+00 1.077825499999999881e+00 nan nan nan
2.183749999999999858e+00 1.078025499999999859e+00 nan nan nan
2.186249999999999805e+00 1.073486500000000010e+00 nan nan nan
2.188750000000000195e+00 1.079767750000000026e+00 nan nan nan
2.191250000000000142e+00 1.071929750000000015e+00 nan nan nan
2.193750000000000089e+00 1.066291249999999913e+00 nan nan nan
2.196250000000000036e+00 1.067317999999999989e+00 nan nan nan
2.198749999999999982e+00 1.062814750000000030e+00 nan nan nan
2.201249999999999929e+00 1.074702999999999964e+00 nan nan nan
2.203749999999999876e+00 1.075067250000000030e+00 nan nan nan
2.206249999999999822e+00 1.056959499999999830e+00 nan nan nan
2.208750000000000213e+00 1.065383999999999887e+00 nan nan nan
2.211250000000000160e+00 1.056761499999999909e+00 nan nan nan
2.213750000000000107e+00 1.072200250000000077e+00 nan nan nan
2.216250000000000053e+00 1.058185500000000001e+00 nan nan nan
2.218750000000000000e+00 1.050972499999999865e+00 nan nan nan
2.221249999999999947e+00 1.056983000000000006e+00 nan nan nan
2.223749999999999893e+00 1.053554000000000102e+00 nan nan nan
2.226249999999999840e+00 1.054934499999999886e+00 nan nan nan
2.228749999999999787e+00 1.055410500000000029e+00 nan nan nan
2.231250000000000178e+00 1.041374999999999940e+00 nan nan nan
2.233750000000000124e+00 1.050053750000000008e+00 nan nan nan
2.236250000000000071e+00 1.038858999999999977e+00 nan nan nan
2.238750000000000018e+00 1.047423499999999841e+00 nan nan nan
2.241249999999999964e+00 1.044429749999999935e+00 nan nan nan
2.243749999999999911e+00 1.043669749999999841e+00 nan nan nan
2.246249999999999858e+00 1.034418000000000060e+00 nan nan nan
2.248749999999999805e+00 1.039260000000000073e+00 nan nan nan
2.251250000000000195e+00 1.033039500000000110e+00 nan nan nan
2.253750000000000142e+00 1.026743999999999879e+00 nan nan nan
2.256250000000000089e+00 1.044700750000000067e+00 nan nan nan
2.258750000000000036e+00 1.034140499999999907e+00 nan nan nan
2.261249999999999982e+00 1.035784000000000038e+00 nan nan nan
2.263749999999999929e+00 1.031239749999999900e+00 nan nan nan
2.266249999999999876e+00 1.031490999999999936e+00 nan nan nan
2.268749999999999822e+00 1.025859500000000146e+00 nan nan nan
2.271250000000000213e+00 1.025771500000000058e+00 nan nan nan
2.273750000000000160e+00 1.027353750000000066e+00 nan nan nan
2.276250000000000107e+00 1.008460249999999947e+00 nan nan nan
2.278750000000000053e+00 1.021992999999999929e+00 nan nan nan
2.281250000000000000e+00 1.015307750000000064e+00 nan nan nan
2.283749999999999947e+00 1.023397999999999808e+00 nan nan nan
2.286249999999999893e+00 1.028653499999999887e+00 nan nan nan
2.288749999999999840e+00 1.025460750000000143e+00 nan nan nan
2.291249999999999787e+00 1.024169249999999920e+00 nan nan nan
2.293750000000000178e+00 1.016354999999999897e+00 nan nan nan
2.296250000000000124e+00 1.005124499999999976e+00 nan nan nan
2.298750000000000071e+00 1.012467999999999924e+00 nan nan nan
2.301250000000000018e+00 1.015287250000000085e+00 nan nan nan
2.303749999999999964e+00 1.017397250000000142e+00 nan nan nan
2.306249999999999911e+00 1.011965500000000073e+00 nan nan nan
2.308749999999999858e+00 1.013925749999999848e+00 nan nan nan
2.311249999999999805e+00 1.009353249999999980e+00 nan nan nan
2.313750000000000195e+00 1.012849500000000180e+00 nan nan nan
2.316250000000000142e+00 9.985775000000000068e-01 nan nan nan
2.318750000000000089e+00 1.006759750000000064e+00 nan nan nan
2.321250000000000036e+00 1.000462750000000067e+00 nan nan nan
2.323749999999999982e+00 1.004904499999999867e+00 nan nan nan
2.326249999999999929e+00 1.014000499999999860e+00 nan nan nan
2.328749999999999876e+00 1.001672499999999966e+00 nan nan nan
2.331249999999999822e+00 1.002402750000000120e+00 nan nan nan
2.333750000000000213e+00 9.883737500000000509e-01 nan nan nan
2.336250000000000160e+00 9.968587499999999046e-01 nan nan nan
2.338750000000000107e+00 9.968207499999999222e-01 nan nan nan
2.341250000000000053e+00 9.941830000000000389e-01 nan nan nan
2.343750000000000000e+00 9.897482499999998851e-01 nan nan nan
2.346249999999999947e+00 9.899037500000000822e-01 nan nan nan
2.348749999999999893e+00 9.852622500000000061e-01 nan nan nan
2.351249999999999840e+00 9.865262500000000490e-01 nan nan nan
2.353749999999999787e+00 9.918447499999999417e-01 nan nan nan
2.356250000000000178e+00 9.898327499999999279e-01 nan nan nan
2.358750000000000124e+00 9.826162500000000799e-01 nan nan nan
2.361250000000000071e+00 9.851207499999998785e-01 nan nan nan
2.363750000000000018e+00 9.845167500000000516e-01 nan nan nan
2.366249999999999964e+00 9.893642499999999451e-01 nan nan nan
2.368749999999999911e+00 9.817702499999999555e-01 nan nan nan
2.371249999999999858e+00 9.848114999999999508e-01 nan nan nan
2.373749999999999805e+00 9.803237500000000493e-01 nan nan nan
2.376250000000000195e+00 9.840719999999999468e-01 nan nan nan
2.378750000000000142e+00 9.833524999999999627e-01 nan nan nan
2.381250000000000089e+00 9.848990000000000800e-01 nan nan nan
2.383750000000000036e+00 9.787392500000000606e-01 nan nan nan
2.386249999999999982e+00 9.794135000000000479e-01 nan nan nan
2.388749999999999929e+00 9.693877499999999925e-01 nan nan nan
2.391249999999999876e+00 9.815707499999999364e-01 nan nan nan
2.393749999999999822e+00 9.749949999999999450e-01 nan nan nan
2.396250000000000213e+00 9.671819999999999862e-01 nan nan nan
2.398750000000000160e+00 9.751107500000000261e-01 nan nan nan
2.401250000000000107e+00 9.694647499999999862e-01 nan nan nan
2.403750000000000053e+00 9.766697500000000032e-01 nan nan nan
2.406250000000000000e+00 9.721157500000000562e-01 nan nan nan
2.408749999999999947e+00 9.774185000000000789e-01 nan nan nan
2.411249999999999893e+00 9.712160000000000792e-01 nan nan nan
2.413749999999999840e+00 9.738970000000000127e-01 nan nan nan
2.416249999999999787e+00 9.654147499999999882e-01 nan nan nan
2.418750000000000178e+00 9.691577500000000400e-01 nan nan nan
2.421250000000000124e+00 9.704754999999999354e-01 nan nan nan
2.423750000000000071e+00 9.677820000000000311e-01 nan nan nan
2.426250000000000018e+00 9.678837500000000427e-01 nan nan nan
2.428749999999999964e+00 9.723157499999999231e-01 nan nan nan
2.431249999999999911e+00 9.691555000000000586e-01 nan nan nan
2.433749999999999858e+00 9.586217499999999392e-01 nan nan nan
2.436249999999999805e+00 9.615612499999999230e-01 nan nan nan
2.438750000000000195e+00 9.642725000000000879e-01 nan nan nan
2.441250000000000142e+00 9.628959999999999742e-01 nan nan nan
2.443750000000000089e+00 9.678252499999999703e-01 nan nan nan
2.446250000000000036e+00 9.614072499999999355e-01 nan nan nan
2.448749999999999982e+00 9.668240000000001277e-01 nan nan nan
2.451249999999999929e+00 9.641547499999999493e-01 nan nan nan
2.453749999999999876e+00 9.661615000000001174e-01 nan nan nan
2.456249999999999822e+00 9.539952499999999613e-01 nan nan nan
2.458750000000000213e+00 9.573564999999999436e-01 nan nan nan
2.461250000000000160e+00 9.548249999999999238e-01 nan nan nan
2.463750000000000107e+00 9.604497499999999910e-01 nan nan nan
2.466250000000000053e+00 9.608032499999999976e-01 nan nan nan
2.468750000000000000e+00 9.507012499999999422e-01 nan nan nan
2.471249999999999947e+00 9.545247500000000329e-01 nan nan nan
2.473749999999999893e+00 9.590377500000000222e-01 nan nan nan
2.476249999999999840e+00 9.599635000000000806e-01 nan nan nan
2.478749999999999787e+00 9.539307500000000495e-01 nan nan nan
2.481250000000000178e+00 9.628312499999999163e-01 nan nan nan
2.483750000000000124e+00 9.512895000000000101e-01 nan nan nan
2.486250000000000071e+00 9.561237499999999390e-01 nan nan nan
2.488750000000000018e+00 9.544300000000000006e-01 nan nan nan
2.491249999999999964e+00 9.502005000000000035e-01 nan nan nan
2.493749999999999911e+00 9.485415000000000374e-01 nan nan nan
2.496249999999999858e+00 9.506009999999999183e-01 nan nan nan
2.498749999999999805e+00 9.558879999999999599e-01 nan nan nan
