1.250000000000000026e-03 0.000000000000000000e+00 nan nan nan
3.749999999999999861e-03 0.000000000000000000e+00 nan nan nan
6.250000000000000347e-03 0.000000000000000000e+00 nan nan nan
8.750000000000000833e-03 0.000000000000000000e+00 nan nan nan
1.124999999999999958e-02 0.000000000000000000e+00 nan nan nan
1.375000000000000007e-02 0.000000000000000000e+00 nan nan nan
1.625000000000000056e-02 0.000000000000000000e+00 nan nan nan
1.874999999999999931e-02 0.000000000000000000e+00 nan nan nan
2.125000000000000153e-02 0.000000000000000000e+00 nan nan nan
2.375000000000000028e-02 0.000000000000000000e+00 nan nan nan
2.624999999999999903e-02 0.000000000000000000e+00 nan nan nan
2.875000000000000125e-02 0.000000000000000000e+00 nan nan nan
3.125000000000000000e-02 0.000000000000000000e+00 nan nan nan
3.375000000000000222e-02 0.000000000000000000e+00 nan nan nan
3.624999999999999750e-02 0.000000000000000000e+00 nan nan nan
3.874999999999999972e-02 0.000000000000000000e+00 nan nan nan
4.125000000000000194e-02 0.000000000000000000e+00 nan nan nan
4.374999999999999722e-02 0.000000000000000000e+00 nan nan nan
4.624999999999999944e-02 0.000000000000000000e+00 nan nan nan
4.875000000000000167e-02 0.000000000000000000e+00 nan nan nan
5.124999999999999695e-02 0.000000000000000000e+00 nan nan nan
5.374999999999999917e-02 0.000000000000000000e+00 nan nan nan
5.625000000000000139e-02 0.000000000000000000e+00 nan nan nan
5.874999999999999667e-02 0.000000000000000000e+00 nan nan nan
6.124999999999999889e-02 0.000000000000000000e+00 nan nan nan
6.375000000000000111e-02 0.000000000000000000e+00 nan nan nan
6.625000000000000333e-02 0.000000000000000000e+00 nan nan nan
6.875000000000000555e-02 0.000000000000000000e+00 nan nan nan
7.124999999999999389e-02 0.000000000000000000e+00 nan nan nan
7.374999999999999611e-02 0.000000000000000000e+00 nan nan nan
7.624999999999999833e-02 0.000000000000000000e+00 nan nan nan
7.875000000000000056e-02 0.000000000000000000e+00 nan nan nan
8.125000000000000278e-02 0.000000000000000000e+00 nan nan nan
8.375000000000000500e-02 0.000000000000000000e+00 nan nan nan
8.624999999999999334e-02 0.000000000000000000e+00 nan nan nan
8.874999999999999556e-02 0.000000000000000000e+00 nan nan nan
9.124999999999999778e-02 0.000000000000000000e+00 nan nan nan
9.375000000000000000e-02 0.000000000000000000e+00 nan nan nan
9.625000000000000222e-02 0.000000000000000000e+00 nan nan nan
9.875000000000000444e-02 0.000000000000000000e+00 nan nan nan
1.012500000000000067e-01 0.000000000000000000e+00 nan nan nan
1.037499999999999950e-01 0.000000000000000000e+00 nan nan nan
1.062499999999999972e-01 0.000000000000000000e+00 nan nan nan
1.087499999999999994e-01 0.000000000000000000e+00 nan nan nan
1.112500000000000017e-01 0.000000000000000000e+00 nan nan nan
1.137500000000000039e-01 0.000000000000000000e+00 nan nan nan
1.162500000000000061e-01 0.000000000000000000e+00 nan nan nan
1.187499999999999944e-01 0.000000000000000000e+00 nan nan nan
1.212499999999999967e-01 0.000000000000000000e+00 nan nan nan
1.237499999999999989e-01 0.000000000000000000e+00 nan nan nan
1.262500000000000011e-01 0.000000000000000000e+00 nan nan nan
1.287500000000000033e-01 0.000000000000000000e+00 nan nan nan
1.312500000000000056e-01 0.000000000000000000e+00 nan nan nan
1.337500000000000078e-01 0.000000000000000000e+00 nan nan nan
1.362500000000000100e-01 0.000000000000000000e+00 nan nan nan
1.387500000000000122e-01 0.000000000000000000e+00 nan nan nan
1.412499999999999867e-01 0.000000000000000000e+00 nan nan nan
1.437499999999999889e-01 0.000000000000000000e+00 nan nan nan
1.462499999999999911e-01 0.000000000000000000e+00 nan nan nan
1.487499999999999933e-01 0.000000000000000000e+00 nan nan nan
1.512499999999999956e-01 0.000000000000000000e+00 nan nan nan
1.537499999999999978e-01 0.000000000000000000e+00 nan nan nan
1.562500000000000000e-01 0.000000000000000000e+00 nan nan nan
1.587500000000000022e-01 0.000000000000000000e+00 nan nan nan
1.612500000000000044e-01 0.000000000000000000e+00 nan nan nan
1.637500000000000067e-01 0.000000000000000000e+00 nan nan nan
1.662500000000000089e-01 0.000000000000000000e+00 nan nan nan
1.687500000000000111e-01 0.000000000000000000e+00 nan nan nan
1.712500000000000133e-01 0.000000000000000000e+00 nan nan nan
1.737499999999999878e-01 0.000000000000000000e+00 nan nan nan
1.762499999999999900e-01 0.000000000000000000e+00 nan nan nan
1.787499999999999922e-01 0.000000000000000000e+00 nan nan nan
1.812499999999999944e-01 0.000000000000000000e+00 nan nan nan
1.837499999999999967e-01 0.000000000000000000e+00 nan nan nan
1.862499999999999989e-01 0.000000000000000000e+00 nan nan nan
1.887500000000000011e-01 0.000000000000000000e+00 nan nan nan
1.912500000000000033e-01 0.000000000000000000e+00 nan nan nan
1.937500000000000056e-01 0.000000000000000000e+00 nan nan nan
1.962500000000000078e-01 0.000000000000000000e+00 nan nan nan
1.987500000000000100e-01 0.000000000000000000e+00 nan nan nan
2.012500000000000122e-01 0.000000000000000000e+00 nan nan nan
2.037499999999999867e-01 0.000000000000000000e+00 nan nan nan
2.062499999999999889e-01 0.000000000000000000e+00 nan nan nan
2.087499999999999911e-01 0.000000000000000000e+00 nan nan nan
2.112499999999999933e-01 0.000000000000000000e+00 nan nan nan
2.137499999999999956e-01 0.000000000000000000e+00 nan nan nan
2.162499999999999978e-01 0.000000000000000000e+00 nan nan nan
2.187500000000000000e-01 0.000000000000000000e+00 nan nan nan
2.212500000000000022e-01 0.000000000000000000e+00 nan nan nan
2.237500000000000044e-01 0.000000000000000000e+00 nan nan nan
2.262500000000000067e-01 0.000000000000000000e+00 nan nan nan
2.287500000000000089e-01 0.000000000000000000e+00 nan nan nan
2.312500000000000111e-01 0.000000000000000000e+00 nan nan nan
2.337500000000000133e-01 0.000000000000000000e+00 nan nan nan
2.362499999999999878e-01 0.000000000000000000e+00 nan nan nan
2.387499999999999900e-01 0.000000000000000000e+00 nan nan nan
2.412499999999999922e-01 0.000000000000000000e+00 nan nan nan
2.437499999999999944e-01 0.000000000000000000e+00 nan nan nan
2.462499999999999967e-01 0.000000000000000000e+00 nan nan nan
2.487499999999999989e-01 0.000000000000000000e+00 nan nan nan
2.512499999999999734e-01 0.000000000000000000e+00 nan nan nan
2.537499999999999756e-01 0.000000000000000000e+00 nan nan nan
2.562499999999999778e-01 0.000000000000000000e+00 nan nan nan
2.587499999999999800e-01 0.000000000000000000e+00 nan nan nan
2.612499999999999822e-01 0.000000000000000000e+00 nan nan nan
2.637499999999999845e-01 0.000000000000000000e+00 nan nan nan
2.662499999999999867e-01 0.000000000000000000e+00 nan nan nan
2.687499999999999889e-01 0.000000000000000000e+00 nan nan nan
2.712499999999999911e-01 0.000000000000000000e+00 nan nan nan
2.737499999999999933e-01 0.000000000000000000e+00 nan nan nan
2.762499999999999956e-01 0.000000000000000000e+00 nan nan nan
2.787499999999999978e-01 0.000000000000000000e+00 nan nan nan
2.812500000000000000e-01 0.000000000000000000e+00 nan nan nan
2.837500000000000022e-01 0.000000000000000000e+00 nan nan nan
2.862500000000000044e-01 0.000000000000000000e+00 nan nan nan
2.887500000000000067e-01 0.000000000000000000e+00 nan nan nan
2.912500000000000089e-01 0.000000000000000000e+00 nan nan nan
2.937500000000000111e-01 0.000000000000000000e+00 nan nan nan
2.962500000000000133e-01 0.000000000000000000e+00 nan nan nan
2.987500000000000155e-01 0.000000000000000000e+00 nan nan nan
3.012500000000000178e-01 0.000000000000000000e+00 nan nan nan
3.037500000000000200e-01 0.000000000000000000e+00 nan nan nan
3.062500000000000222e-01 0.000000000000000000e+00 nan nan nan
3.087500000000000244e-01 0.000000000000000000e+00 nan nan nan
3.112500000000000266e-01 0.000000000000000000e+00 nan nan nan
3.137499999999999734e-01 0.000000000000000000e+00 nan nan nan
3.162499999999999756e-01 0.000000000000000000e+00 nan nan nan
3.187499999999999778e-01 0.000000000000000000e+00 nan nan nan
3.212499999999999800e-01 0.000000000000000000e+00 nan nan nan
3.237499999999999822e-01 0.000000000000000000e+00 nan nan nan
3.262499999999999845e-01 0.000000000000000000e+00 nan nan nan
3.287499999999999867e-01 0.000000000000000000e+00 nan nan nan
3.312499999999999889e-01 0.000000000000000000e+00 nan nan nan
3.337499999999999911e-01 0.000000000000000000e+00 nan nan nan
3.362499999999999933e-01 0.000000000000000000e+00 nan nan nan
3.387499999999999956e-01 0.000000000000000000e+00 nan nan nan
3.412499999999999978e-01 0.000000000000000000e+00 nan nan nan
3.437500000000000000e-01 0.000000000000000000e+00 nan nan nan
3.462500000000000022e-01 0.000000000000000000e+00 nan nan nan
3.487500000000000044e-01 0.000000000000000000e+00 nan nan nan
3.512500000000000067e-01 0.000000000000000000e+00 nan nan nan
3.537500000000000089e-01 0.000000000000000000e+00 nan nan nan
3.562500000000000111e-01 0.000000000000000000e+00 nan nan nan
3.587500000000000133e-01 0.000000000000000000e+00 nan nan nan
3.612500000000000155e-01 0.000000000000000000e+00 nan nan nan
3.637500000000000178e-01 0.000000000000000000e+00 nan nan nan
3.662500000000000200e-01 0.000000000000000000e+00 nan nan nan
3.687500000000000222e-01 0.000000000000000000e+00 nan nan nan
3.712500000000000244e-01 0.000000000000000000e+00 nan nan nan
3.737500000000000266e-01 0.000000000000000000e+00 nan nan nan
3.762499999999999734e-01 0.000000000000000000e+00 nan nan nan
3.787499999999999756e-01 0.000000000000000000e+00 nan nan nan
3.812499999999999778e-01 0.000000000000000000e+00 nan nan nan
3.837499999999999800e-01 0.000000000000000000e+00 nan nan nan
3.862499999999999822e-01 0.000000000000000000e+00 nan nan nan
3.887499999999999845e-01 0.000000000000000000e+00 nan nan nan
3.912499999999999867e-01 0.000000000000000000e+00 nan nan nan
3.937499999999999889e-01 0.000000000000000000e+00 nan nan nan
3.962499999999999911e-01 0.000000000000000000e+00 nan nan nan
3.987499999999999933e-01 0.000000000000000000e+00 nan nan nan
4.012499999999999956e-01 0.000000000000000000e+00 nan nan nan
4.037499999999999978e-01 0.000000000000000000e+00 nan nan nan
4.062500000000000000e-01 0.000000000000000000e+00 nan nan nan
4.087500000000000022e-01 0.000000000000000000e+00 nan nan nan
4.112500000000000044e-01 0.000000000000000000e+00 nan nan nan
4.137500000000000067e-01 0.000000000000000000e+00 nan nan nan
4.162500000000000089e-01 0.000000000000000000e+00 nan nan nan
4.187500000000000111e-01 0.000000000000000000e+00 nan nan nan
4.212500000000000133e-01 0.000000000000000000e+00 nan nan nan
4.237500000000000155e-01 0.000000000000000000e+00 nan nan nan
4.262500000000000178e-01 0.000000000000000000e+00 nan nan nan
4.287500000000000200e-01 0.000000000000000000e+00 nan nan nan
4.312500000000000222e-01 0.000000000000000000e+00 nan nan nan
4.337500000000000244e-01 0.000000000000000000e+00 nan nan nan
4.362500000000000266e-01 0.000000000000000000e+00 nan nan nan
4.387499999999999734e-01 0.000000000000000000e+00 nan nan nan
4.412499999999999756e-01 0.000000000000000000e+00 nan nan nan
4.437499999999999778e-01 0.000000000000000000e+00 nan nan nan
4.462499999999999800e-01 0.000000000000000000e+00 nan nan nan
4.487499999999999822e-01 0.000000000000000000e+00 nan nan nan
4.512499999999999845e-01 0.000000000000000000e+00 nan nan nan
4.537499999999999867e-01 0.000000000000000000e+00 nan nan nan
4.562499999999999889e-01 0.000000000000000000e+00 nan nan nan
4.587499999999999911e-01 0.000000000000000000e+00 nan nan nan
4.612499999999999933e-01 0.000000000000000000e+00 nan nan nan
4.637499999999999956e-01 0.000000000000000000e+00 nan nan nan
4.662499999999999978e-01 0.000000000000000000e+00 nan nan nan
4.687500000000000000e-01 0.000000000000000000e+00 nan nan nan
4.712500000000000022e-01 0.000000000000000000e+00 nan nan nan
4.737500000000000044e-01 0.000000000000000000e+00 nan nan nan
4.762500000000000067e-01 0.000000000000000000e+00 nan nan nan
4.787500000000000089e-01 0.000000000000000000e+00 nan nan nan
4.812500000000000111e-01 0.000000000000000000e+00 nan nan nan
4.837500000000000133e-01 0.000000000000000000e+00 nan nan nan
4.862500000000000155e-01 0.000000000000000000e+00 nan nan nan
4.887500000000000178e-01 0.000000000000000000e+00 nan nan nan
4.912500000000000200e-01 0.000000000000000000e+00 nan nan nan
4.937500000000000222e-01 0.000000000000000000e+00 nan nan nan
4.962500000000000244e-01 0.000000000000000000e+00 nan nan nan
4.987500000000000266e-01 0.000000000000000000e+00 nan nan nan
5.012499999999999734e-01 0.000000000000000000e+00 nan nan nan
5.037500000000000311e-01 0.000000000000000000e+00 nan nan nan
5.062499999999999778e-01 0.000000000000000000e+00 nan nan nan
5.087500000000000355e-01 0.000000000000000000e+00 nan nan nan
5.112499999999999822e-01 0.000000000000000000e+00 nan nan nan
5.137500000000000400e-01 0.000000000000000000e+00 nan nan nan
5.162499999999999867e-01 0.000000000000000000e+00 nan nan nan
5.187500000000000444e-01 0.000000000000000000e+00 nan nan nan
5.212499999999999911e-01 0.000000000000000000e+00 nan nan nan
5.237500000000000488e-01 0.000000000000000000e+00 nan nan nan
5.262499999999999956e-01 0.000000000000000000e+00 nan nan nan
5.287500000000000533e-01 0.000000000000000000e+00 nan nan nan
5.312500000000000000e-01 0.000000000000000000e+00 nan nan nan
5.337499999999999467e-01 0.000000000000000000e+00 nan nan nan
5.362500000000000044e-01 0.000000000000000000e+00 nan nan nan
5.387499999999999512e-01 0.000000000000000000e+00 nan nan nan
5.412500000000000089e-01 0.000000000000000000e+00 nan nan nan
5.437499999999999556e-01 0.000000000000000000e+00 nan nan nan
5.462500000000000133e-01 0.000000000000000000e+00 nan nan nan
5.487499999999999600e-01 0.000000000000000000e+00 nan nan nan
5.512500000000000178e-01 0.000000000000000000e+00 nan nan nan
5.537499999999999645e-01 0.000000000000000000e+00 nan nan nan
5.562500000000000222e-01 0.000000000000000000e+00 nan nan nan
5.587499999999999689e-01 0.000000000000000000e+00 nan nan nan
5.612500000000000266e-01 0.000000000000000000e+00 nan nan nan
5.637499999999999734e-01 0.000000000000000000e+00 nan nan nan
5.662500000000000311e-01 0.000000000000000000e+00 nan nan nan
5.687499999999999778e-01 0.000000000000000000e+00 nan nan nan
5.712500000000000355e-01 0.000000000000000000e+00 nan nan nan
5.737499999999999822e-01 0.000000000000000000e+00 nan nan nan
5.762500000000000400e-01 0.000000000000000000e+00 nan nan nan
5.787499999999999867e-01 0.000000000000000000e+00 nan nan nan
5.812500000000000444e-01 0.000000000000000000e+00 nan nan nan
5.837499999999999911e-01 0.000000000000000000e+00 nan nan nan
5.862500000000000488e-01 0.000000000000000000e+00 nan nan nan
5.887499999999999956e-01 0.000000000000000000e+00 nan nan nan
5.912500000000000533e-01 0.000000000000000000e+00 nan nan nan
5.937500000000000000e-01 0.000000000000000000e+00 nan nan nan
5.962499999999999467e-01 0.000000000000000000e+00 nan nan nan
5.987500000000000044e-01 0.000000000000000000e+00 nan nan nan
6.012499999999999512e-01 0.000000000000000000e+00 nan nan nan
6.037500000000000089e-01 0.000000000000000000e+00 nan nan nan
6.062499999999999556e-01 0.000000000000000000e+00 nan nan nan
6.087500000000000133e-01 0.000000000000000000e+00 nan nan nan
6.112499999999999600e-01 0.000000000000000000e+00 nan nan nan
6.137500000000000178e-01 0.000000000000000000e+00 nan nan nan
6.162499999999999645e-01 0.000000000000000000e+00 nan nan nan
6.187500000000000222e-01 0.000000000000000000e+00 nan nan nan
6.212499999999999689e-01 0.000000000000000000e+00 nan nan nan
6.237500000000000266e-01 0.000000000000000000e+00 nan nan nan
6.262499999999999734e-01 0.000000000000000000e+00 nan nan nan
6.287500000000000311e-01 0.000000000000000000e+00 nan nan nan
6.312499999999999778e-01 0.000000000000000000e+00 nan nan nan
6.337500000000000355e-01 0.000000000000000000e+00 nan nan nan
6.362499999999999822e-01 0.000000000000000000e+00 nan nan nan
6.387500000000000400e-01 0.000000000000000000e+00 nan nan nan
6.412499999999999867e-01 0.000000000000000000e+00 nan nan nan
6.437500000000000444e-01 0.000000000000000000e+00 nan nan nan
6.462499999999999911e-01 0.000000000000000000e+00 nan nan nan
6.487500000000000488e-01 0.000000000000000000e+00 nan nan nan
6.512499999999999956e-01 0.000000000000000000e+00 nan nan nan
6.537500000000000533e-01 0.000000000000000000e+00 nan nan nan
6.562500000000000000e-01 0.000000000000000000e+00 nan nan nan
6.587499999999999467e-01 0.000000000000000000e+00 nan nan nan
6.612500000000000044e-01 0.000000000000000000e+00 nan nan nan
6.637499999999999512e-01 0.000000000000000000e+00 nan nan nan
6.662500000000000089e-01 0.000000000000000000e+00 nan nan nan
6.687499999999999556e-01 0.000000000000000000e+00 nan nan nan
6.712500000000000133e-01 0.000000000000000000e+00 nan nan nan
6.737499999999999600e-01 0.000000000000000000e+00 nan nan nan
6.762500000000000178e-01 0.000000000000000000e+00 nan nan nan
6.787499999999999645e-01 0.000000000000000000e+00 nan nan nan
6.812500000000000222e-01 0.000000000000000000e+00 nan nan nan
6.837499999999999689e-01 0.000000000000000000e+00 nan nan nan
6.862500000000000266e-01 0.000000000000000000e+00 nan nan nan
6.887499999999999734e-01 0.000000000000000000e+00 nan nan nan
6.912500000000000311e-01 0.000000000000000000e+00 nan nan nan
6.937499999999999778e-01 0.000000000000000000e+00 nan nan nan
6.962500000000000355e-01 0.000000000000000000e+00 nan nan nan
6.987499999999999822e-01 0.000000000000000000e+00 nan nan nan
7.012500000000000400e-01 0.000000000000000000e+00 nan nan nan
7.037499999999999867e-01 0.000000000000000000e+00 nan nan nan
7.062500000000000444e-01 0.000000000000000000e+00 nan nan nan
7.087499999999999911e-01 0.000000000000000000e+00 nan nan nan
7.112500000000000488e-01 0.000000000000000000e+00 nan nan nan
7.137499999999999956e-01 0.000000000000000000e+00 nan nan nan
7.162500000000000533e-01 0.000000000000000000e+00 nan nan nan
7.187500000000000000e-01 0.000000000000000000e+00 nan nan nan
7.212499999999999467e-01 0.000000000000000000e+00 nan nan nan
7.237500000000000044e-01 0.000000000000000000e+00 nan nan nan
7.262499999999999512e-01 0.000000000000000000e+00 nan nan nan
7.287500000000000089e-01 0.000000000000000000e+00 nan nan nan
7.312499999999999556e-01 0.000000000000000000e+00 nan nan nan
7.337500000000000133e-01 0.000000000000000000e+00 nan nan nan
7.362499999999999600e-01 0.000000000000000000e+00 nan nan nan
7.387500000000000178e-01 0.000000000000000000e+00 nan nan nan
7.412499999999999645e-01 0.000000000000000000e+00 nan nan nan
7.437500000000000222e-01 0.000000000000000000e+00 nan nan nan
7.462499999999999689e-01 0.000000000000000000e+00 nan nan nan
7.487500000000000266e-01 0.000000000000000000e+00 nan nan nan
7.512499999999999734e-01 0.000000000000000000e+00 nan nan nan
7.537500000000000311e-01 0.000000000000000000e+00 nan nan nan
7.562499999999999778e-01 0.000000000000000000e+00 nan nan nan
7.587500000000000355e-01 0.000000000000000000e+00 nan nan nan
7.612499999999999822e-01 0.000000000000000000e+00 nan nan nan
7.637500000000000400e-01 0.000000000000000000e+00 nan nan nan
7.662499999999999867e-01 0.000000000000000000e+00 nan nan nan
7.687500000000000444e-01 0.000000000000000000e+00 nan nan nan
7.712499999999999911e-01 0.000000000000000000e+00 nan nan nan
7.737500000000000488e-01 0.000000000000000000e+00 nan nan nan
7.762499999999999956e-01 0.000000000000000000e+00 nan nan nan
7.787500000000000533e-01 0.000000000000000000e+00 nan nan nan
7.812500000000000000e-01 0.000000000000000000e+00 nan nan nan
7.837499999999999467e-01 0.000000000000000000e+00 nan nan nan
7.862500000000000044e-01 0.000000000000000000e+00 nan nan nan
7.887499999999999512e-01 0.000000000000000000e+00 nan nan nan
7.912500000000000089e-01 0.000000000000000000e+00 nan nan nan
7.937499999999999556e-01 0.000000000000000000e+00 nan nan nan
7.962500000000000133e-01 0.000000000000000000e+00 nan nan nan
7.987499999999999600e-01 0.000000000000000000e+00 nan nan nan
8.012500000000000178e-01 1.979999999999999881e-04 nan nan nan
8.037499999999999645e-01 3.937500000000000028e-04 nan nan nan
8.062500000000000222e-01 3.912499999999999962e-04 nan nan nan
8.087499999999999689e-01 7.780000000000000457e-04 nan nan nan
8.112500000000000266e-01 1.739000000000000094e-03 nan nan nan
8.137499999999999734e-01 1.152000000000000029e-03 nan nan nan
8.162500000000000311e-01 2.099000000000000171e-03 nan nan nan
8.187499999999999778e-01 9.485000000000000158e-04 nan nan nan
8.212500000000000355e-01 3.016000000000000018e-03 nan nan nan
8.237499999999999822e-01 4.309749999999999345e-03 nan nan nan
8.262500000000000400e-01 5.960000000000000020e-03 nan nan nan
8.287499999999999867e-01 7.219500000000000223e-03 nan nan nan
8.312500000000000444e-01 9.752749999999999267e-03 nan nan nan
8.337499999999999911e-01 1.225499999999999853e-02 nan nan nan
8.362500000000000488e-01 1.709100000000000202e-02 nan nan nan
8.387499999999999956e-01 2.241100000000000037e-02 nan nan nan
8.412500000000000533e-01 2.209875000000000034e-02 nan nan nan
8.437500000000000000e-01 3.339824999999999738e-02 nan nan nan
8.462499999999999467e-01 3.888275000000000065e-02 nan nan nan
8.487500000000000044e-01 4.483175000000000354e-02 nan nan nan
8.512499999999999512e-01 5.228925000000000239e-02 nan nan nan
8.537500000000000089e-01 7.047399999999999498e-02 nan nan nan
8.562499999999999556e-01 7.370474999999999943e-02 nan nan nan
8.587500000000000133e-01 9.741450000000001497e-02 nan nan nan
8.612499999999999600e-01 9.890699999999999492e-02 nan nan nan
8.637500000000000178e-01 1.186157499999999920e-01 nan nan nan
8.662499999999999645e-01 1.408069999999999877e-01 nan nan nan
8.687500000000000222e-01 1.709960000000000091e-01 nan nan nan
8.712499999999999689e-01 1.860964999999999980e-01 nan nan nan
8.737500000000000266e-01 1.998557499999999987e-01 nan nan nan
8.762499999999999734e-01 2.407787499999999858e-01 nan nan nan
8.787500000000000311e-01 2.634502499999999969e-01 nan nan nan
8.812499999999999778e-01 2.920829999999999815e-01 nan nan nan
8.837500000000000355e-01 3.189224999999999977e-01 nan nan nan
8.862499999999999822e-01 3.750789999999999957e-01 nan nan nan
8.887500000000000400e-01 3.967960000000000376e-01 nan nan nan
8.912499999999999867e-01 4.182635000000000103e-01 nan nan nan
8.937500000000000444e-01 4.675000000000000266e-01 nan nan nan
8.962499999999999911e-01 4.880052500000000015e-01 nan nan nan
8.987500000000000488e-01 5.474710000000000409e-01 nan nan nan
9.012499999999999956e-01 5.837289999999999424e-01 nan nan nan
9.037500000000000533e-01 6.357675000000000409e-01 nan nan nan
9.062500000000000000e-01 6.619895000000000085e-01 nan nan nan
9.087499999999999467e-01 7.230172499999999447e-01 nan nan nan
9.112500000000000044e-01 7.672887500000000749e-01 nan nan nan
9.137499999999999512e-01 7.915732500000000060e-01 nan nan nan
9.162500000000000089e-01 8.711649999999999672e-01 nan nan nan
9.187499999999999556e-01 9.007742499999999986e-01 nan nan nan
9.212500000000000133e-01 9.505744999999998779e-01 nan nan nan
9.237499999999999600e-01 9.975877500000001064e-01 nan nan nan
9.262500000000000178e-01 1.041116500000000000e+00 nan nan nan
9.287499999999999645e-01 1.076792500000000041e+00 nan nan nan
9.312500000000000222e-01 1.092277999999999860e+00 nan nan nan
9.337499999999999689e-01 1.176414500000000141e+00 nan nan nan
9.362500000000000266e-01 1.214961500000000028e+00 nan nan nan
9.387499999999999734e-01 1.227687999999999890e+00 nan nan nan
9.412500000000000311e-01 1.286331499999999961e+00 nan nan nan
9.437499999999999778e-01 1.323780249999999992e+00 nan nan nan
9.462500000000000355e-01 1.353288999999999964e+00 nan nan nan
9.487499999999999822e-01 1.415946999999999845e+00 nan nan nan
9.512500000000000400e-01 1.419614750000000036e+00 nan nan nan
9.537499999999999867e-01 1.465157999999999960e+00 nan nan nan
9.562500000000000444e-01 1.507147500000000084e+00 nan nan nan
9.587499999999999911e-01 1.549371499999999902e+00 nan nan nan
9.612500000000000488e-01 1.573797749999999995e+00 nan nan nan
9.637499999999999956e-01 1.597676249999999909e+00 nan nan nan
9.662500000000000533e-01 1.644711000000000034e+00 nan nan nan
9.687500000000000000e-01 1.677148750000000188e+00 nan nan nan
9.712499999999999467e-01 1.698044499999999957e+00 nan nan nan
9.737500000000000044e-01 1.677535999999999916e+00 nan nan nan
9.762499999999999512e-01 1.741663749999999844e+00 nan nan nan
9.787500000000000089e-01 1.763438249999999874e+00 nan nan nan
9.812499999999999556e-01 1.797116999999999853e+00 nan nan nan
9.837500000000000133e-01 1.793250250000000046e+00 nan nan nan
9.862499999999999600e-01 1.805477499999999846e+00 nan nan nan
9.887500000000000178e-01 1.854234500000000008e+00 nan nan nan
9.912499999999999645e-01 1.820953749999999927e+00 nan nan nan
9.937500000000000222e-01 1.893947249999999860e+00 nan nan nan
9.962499999999999689e-01 1.878176499999999916e+00 nan nan nan
9.987500000000000266e-01 1.897848250000000014e+00 nan nan nan
1.001249999999999973e+00 1.884704500000000005e+00 nan nan nan
1.003749999999999920e+00 1.911546999999999885e+00 nan nan nan
1.006250000000000089e+00 1.936593499999999857e+00 nan nan nan
1.008750000000000036e+00 1.913636499999999963e+00 nan nan nan
1.011249999999999982e+00 1.926566500000000071e+00 nan nan nan
1.013749999999999929e+00 1.933778500000000067e+00 nan nan nan
1.016250000000000098e+00 1.953823500000000157e+00 nan nan nan
1.018750000000000044e+00 1.971198499999999854e+00 nan nan nan
1.021249999999999991e+00 1.931690750000000012e+00 nan nan nan
1.023749999999999938e+00 1.935370000000000035e+00 nan nan nan
1.026250000000000107e+00 1.950822000000000056e+00 nan nan nan
1.028750000000000053e+00 1.942313249999999991e+00 nan nan nan
1.031250000000000000e+00 1.928842250000000202e+00 nan nan nan
1.033749999999999947e+00 1.917501750000000005e+00 nan nan nan
1.036249999999999893e+00 1.918798750000000108e+00 nan nan nan
1.038750000000000062e+00 1.926660500000000109e+00 nan nan nan
1.041250000000000009e+00 1.902526249999999974e+00 nan nan nan
1.043749999999999956e+00 1.902176499999999937e+00 nan nan nan
1.046249999999999902e+00 1.888683499999999960e+00 nan nan nan
1.048750000000000071e+00 1.900960249999999796e+00 nan nan nan
1.051250000000000018e+00 1.867883500000000030e+00 nan nan nan
1.053749999999999964e+00 1.902773000000000270e+00 nan nan nan
1.056249999999999911e+00 1.885342749999999956e+00 nan nan nan
1.058750000000000080e+00 1.870778250000000087e+00 nan nan nan
1.061250000000000027e+00 1.847072500000000117e+00 nan nan nan
1.063749999999999973e+00 1.860424499999999703e+00 nan nan nan
1.066249999999999920e+00 1.855736499999999900e+00 nan nan nan
1.068750000000000089e+00 1.837158000000000069e+00 nan nan nan
1.071250000000000036e+00 1.832027499999999920e+00 nan nan nan
1.073749999999999982e+00 1.832991250000000072e+00 nan nan nan
1.076249999999999929e+00 1.814605750000000128e+00 nan nan nan
1.078750000000000098e+00 1.797901250000000006e+00 nan nan nan
1.081250000000000044e+00 1.770782000000000078e+00 nan nan nan
1.083749999999999991e+00 1.797696249999999996e+00 nan nan nan
1.086249999999999938e+00 1.791263249999999863e+00 nan nan nan
1.088750000000000107e+00 1.763095250000000114e+00 nan nan nan
1.091250000000000053e+00 1.755987000000000187e+00 nan nan nan
1.093750000000000000e+00 1.747331249999999780e+00 nan nan nan
1.096249999999999947e+00 1.721490500000000035e+00 nan nan nan
1.098749999999999893e+00 1.716087750000000023e+00 nan nan nan
1.101250000000000062e+00 1.698973999999999984e+00 nan nan nan
1.103750000000000009e+00 1.686381000000000130e+00 nan nan nan
1.106249999999999956e+00 1.659338500000000050e+00 nan nan nan
1.108749999999999902e+00 1.665310250000000103e+00 nan nan nan
1.111250000000000071e+00 1.654427749999999975e+00 nan nan nan
1.113750000000000018e+00 1.632556249999999931e+00 nan nan nan
1.116249999999999964e+00 1.633108750000000331e+00 nan nan nan
1.118749999999999911e+00 1.619316500000000048e+00 nan nan nan
1.121250000000000080e+00 1.609878499999999990e+00 nan nan nan
1.123750000000000027e+00 1.593460499999999946e+00 nan nan nan
1.126249999999999973e+00 1.563940249999999921e+00 nan nan nan
1.128749999999999920e+00 1.583566250000000064e+00 nan nan nan
1.131250000000000089e+00 1.559584749999999964e+00 nan nan nan
1.133750000000000036e+00 1.547373000000000109e+00 nan nan nan
1.136249999999999982e+00 1.562533000000000172e+00 nan nan nan
1.138749999999999929e+00 1.518321999999999949e+00 nan nan nan
1.141250000000000098e+00 1.515192250000000129e+00 nan nan nan
1.143750000000000044e+00 1.492926750000000080e+00 nan nan nan
1.146249999999999991e+00 1.496679499999999940e+00 nan nan nan
1.148749999999999938e+00 1.491425250000000036e+00 nan nan nan
1.151250000000000107e+00 1.494356000000000018e+00 nan nan nan
1.153750000000000053e+00 1.461332999999999993e+00 nan nan nan
1.156250000000000000e+00 1.456732499999999986e+00 nan nan nan
1.158749999999999947e+00 1.467025250000000058e+00 nan nan nan
1.161249999999999893e+00 1.416399750000000068e+00 nan nan nan
1.163750000000000062e+00 1.429942250000000081e+00 nan nan nan
1.166250000000000009e+00 1.416152999999999995e+00 nan nan nan
1.168749999999999956e+00 1.391577750000000169e+00 nan nan nan
1.171249999999999902e+00 1.411688250000000089e+00 nan nan nan
1.173750000000000071e+00 1.387130749999999857e+00 nan nan nan
1.176250000000000018e+00 1.377839999999999954e+00 nan nan nan
1.178749999999999964e+00 1.377035000000000009e+00 nan nan nan
1.181249999999999911e+00 1.360368750000000126e+00 nan nan nan
1.183750000000000080e+00 1.361615500000000090e+00 nan nan nan
1.186250000000000027e+00 1.334920000000000107e+00 nan nan nan
1.188749999999999973e+00 1.330840750000000128e+00 nan nan nan
1.191249999999999920e+00 1.328755000000000130e+00 nan nan nan
1.193750000000000089e+00 1.307670249999999923e+00 nan nan nan
1.196250000000000036e+00 1.318736750000000013e+00 nan nan nan
1.198749999999999982e+00 1.294041500000000067e+00 nan nan nan
1.201249999999999929e+00 1.273416999999999799e+00 nan nan nan
1.203750000000000098e+00 1.276996000000000020e+00 nan nan nan
1.206250000000000044e+00 1.254930249999999914e+00 nan nan nan
1.208749999999999991e+00 1.261057749999999977e+00 nan nan nan
1.211249999999999938e+00 1.277783499999999961e+00 nan nan nan
1.213750000000000107e+00 1.258456999999999937e+00 nan nan nan
1.216250000000000053e+00 1.258016250000000058e+00 nan nan nan
1.218750000000000000e+00 1.243615499999999985e+00 nan nan nan
1.221249999999999947e+00 1.220200249999999986e+00 nan nan nan
1.223749999999999893e+00 1.230587250000000132e+00 nan nan nan
1.226250000000000062e+00 1.221600749999999902e+00 nan nan nan
1.228750000000000009e+00 1.200044749999999993e+00 nan nan nan
1.231249999999999956e+00 1.202053750000000143e+00 nan nan nan
1.233749999999999902e+00 1.198356500000000047e+00 nan nan nan
1.236250000000000071e+00 1.189188500000000204e+00 nan nan nan
1.238750000000000018e+00 1.195993749999999967e+00 nan nan nan
1.241249999999999964e+00 1.190603499999999926e+00 nan nan nan
1.243749999999999911e+00 1.180644000000000027e+00 nan nan nan
1.246250000000000080e+00 1.170590250000000054e+00 nan nan nan
1.248750000000000027e+00 1.166886500000000160e+00 nan nan nan
1.251249999999999973e+00 1.148990749999999839e+00 nan nan nan
1.253749999999999920e+00 1.168032249999999994e+00 nan nan nan
1.256250000000000089e+00 1.143326749999999947e+00 nan nan nan
1.258750000000000036e+00 1.117123499999999936e+00 nan nan nan
1.261249999999999982e+00 1.138276250000000100e+00 nan nan nan
1.263749999999999929e+00 1.135767500000000041e+00 nan nan nan
1.266250000000000098e+00 1.109717999999999982e+00 nan nan nan
1.268750000000000044e+00 1.109772250000000016e+00 nan nan nan
1.271249999999999991e+00 1.106748749999999948e+00 nan nan nan
1.273749999999999938e+00 1.106327249999999873e+00 nan nan nan
1.276250000000000107e+00 1.101997250000000150e+00 nan nan nan
1.278750000000000053e+00 1.089216999999999880e+00 nan nan nan
1.281250000000000000e+00 1.100383749999999994e+00 nan nan nan
1.283749999999999947e+00 1.085069249999999874e+00 nan nan nan
1.286249999999999893e+00 1.085697249999999947e+00 nan nan nan
1.288750000000000062e+00 1.061738000000000071e+00 nan nan nan
1.291250000000000009e+00 1.077076750000000027e+00 nan nan nan
1.293749999999999956e+00 1.069044249999999918e+00 nan nan nan
1.296249999999999902e+00 1.065983750000000008e+00 nan nan nan
1.298750000000000071e+00 1.053742750000000061e+00 nan nan nan
1.301250000000000018e+00 1.042714500000000211e+00 nan nan nan
1.303749999999999964e+00 1.026077250000000163e+00 nan nan nan
1.306249999999999911e+00 1.032809750000000193e+00 nan nan nan
1.308750000000000080e+00 1.020256500000000122e+00 nan nan nan
1.311250000000000027e+00 1.033452250000000072e+00 nan nan nan
1.313749999999999973e+00 1.022303249999999997e+00 nan nan nan
1.316249999999999920e+00 1.016662249999999990e+00 nan nan nan
1.318750000000000089e+00 1.039057999999999815e+00 nan nan nan
1.321250000000000036e+00 1.004975999999999869e+00 nan nan nan
1.323749999999999982e+00 1.000821000000000183e+00 nan nan nan
1.326249999999999929e+00 1.001388500000000015e+00 nan nan nan
1.328750000000000098e+00 9.849495000000000333e-01 nan nan nan
1.331250000000000044e+00 9.910824999999999774e-01 nan nan nan
1.333749999999999991e+00 9.797227500000000866e-01 nan nan nan
1.336249999999999938e+00 1.000485000000000069e+00 nan nan nan
1.338750000000000107e+00 9.761072499999998708e-01 nan nan nan
1.341250000000000053e+00 9.822254999999999736e-01 nan nan nan
1.343750000000000000e+00 9.813202500000000050e-01 nan nan nan
1.346249999999999947e+00 9.669455000000000133e-01 nan nan nan
1.348749999999999893e+00 9.651812499999999906e-01 nan nan nan
1.351250000000000062e+00 9.628664999999999585e-01 nan nan nan
1.353750000000000009e+00 9.711082499999998952e-01 nan nan nan
1.356249999999999956e+00 9.457572499999999938e-01 nan nan nan
1.358749999999999902e+00 9.579827499999999940e-01 nan nan nan
1.361250000000000071e+00 9.476737500000000924e-01 nan nan nan
1.363750000000000018e+00 9.614992499999999165e-01 nan nan nan
1.366249999999999964e+00 9.489242500000000247e-01 nan nan nan
1.368749999999999911e+00 9.367739999999999956e-01 nan nan nan
1.371250000000000080e+00 9.531739999999999657e-01 nan nan nan
1.373750000000000027e+00 9.350874999999999604e-01 nan nan nan
1.376249999999999973e+00 9.376007499999999828e-01 nan nan nan
1.378749999999999920e+00 9.275822500000000526e-01 nan nan nan
1.381250000000000089e+00 9.374897500000001216e-01 nan nan nan
1.383750000000000036e+00 9.441322500000000062e-01 nan nan nan
1.386249999999999982e+00 9.231302500000000411e-01 nan nan nan
1.388749999999999929e+00 9.135464999999999280e-01 nan nan nan
1.391250000000000098e+00 9.209737499999999244e-01 nan nan nan
1.393750000000000044e+00 9.073962499999999043e-01 nan nan nan
1.396249999999999991e+00 9.168682500000000513e-01 nan nan nan
1.398749999999999938e+00 9.148930000000000673e-01 nan nan nan
1.401250000000000107e+00 9.174592500000000594e-01 nan nan nan
1.403750000000000053e+00 8.794155000000000166e-01 nan nan nan
1.406250000000000000e+00 9.063820000000000210e-01 nan nan nan
1.408749999999999947e+00 9.111762500000000209e-01 nan nan nan
1.411249999999999893e+00 9.106322500000000320e-01 nan nan nan
1.413750000000000062e+00 8.871212500000000833e-01 nan nan nan
1.416250000000000009e+00 9.025655000000000205e-01 nan nan nan
1.418749999999999956e+00 8.970502499999999380e-01 nan nan nan
1.421249999999999902e+00 8.901202500000000573e-01 nan nan nan
1.423750000000000071e+00 8.933952499999999741e-01 nan nan nan
1.426250000000000018e+00 8.883282499999999304e-01 nan nan nan
1.428749999999999964e+00 8.789314999999999767e-01 nan nan nan
1.431249999999999911e+00 8.689737500000001003e-01 nan nan nan
1.433750000000000080e+00 8.788732499999999392e-01 nan nan nan
1.436250000000000027e+00 8.842607499999999288e-01 nan nan nan
1.438749999999999973e+00 8.731440000000000312e-01 nan nan nan
1.441249999999999920e+00 8.709130000000000482e-01 nan nan nan
1.443750000000000089e+00 8.706445000000000434e-01 nan nan nan
1.446250000000000036e+00 8.573640000000000150e-01 nan nan nan
1.448749999999999982e+00 8.604049999999999754e-01 nan nan nan
1.451249999999999929e+00 8.722337500000000299e-01 nan nan nan
1.453750000000000098e+00 8.595500000000000362e-01 nan nan nan
1.456250000000000044e+00 8.558822499999999556e-01 nan nan nan
1.458749999999999991e+00 8.663949999999999152e-01 nan nan nan
1.461249999999999938e+00 8.531312500000000076e-01 nan nan nan
1.463750000000000107e+00 8.515252500000000113e-01 nan nan nan
1.466250000000000053e+00 8.583230000000000581e-01 nan nan nan
1.468750000000000000e+00 8.602957500000001367e-01 nan nan nan
1.471249999999999947e+00 8.563757499999999911e-01 nan nan nan
1.473749999999999893e+00 8.515994999999999537e-01 nan nan nan
1.476250000000000062e+00 8.411912500000000570e-01 nan nan nan
1.478750000000000009e+00 8.468970000000001219e-01 nan nan nan
1.481249999999999956e+00 8.475177499999999586e-01 nan nan nan
1.483749999999999902e+00 8.515947500000000669e-01 nan nan nan
1.486250000000000071e+00 8.469480000000000341e-01 nan nan nan
1.488750000000000018e+00 8.469165000000000720e-01 nan nan nan
1.491249999999999964e+00 8.482534999999999936e-01 nan nan nan
1.493749999999999911e+00 8.341902500000000220e-01 nan nan nan
1.496250000000000080e+00 8.407192500000000290e-01 nan nan nan
1.498750000000000027e+00 8.433512500000001078e-01 nan nan nan
1.501249999999999973e+00 8.395854999999998736e-01 nan nan nan
1.503749999999999920e+00 8.419127499999998765e-01 nan nan nan
1.506250000000000089e+00 8.461819999999999897e-01 nan nan nan
1.508750000000000036e+00 8.405310000000000281e-01 nan nan nan
1.511249999999999982e+00 8.546214999999999229e-01 nan nan nan
1.513749999999999929e+00 8.399260000000000614e-01 nan nan nan
1.516250000000000098e+00 8.485517500000000490e-01 nan nan nan
1.518750000000000044e+00 8.376019999999999577e-01 nan nan nan
1.521249999999999991e+00 8.413344999999999851e-01 nan nan nan
1.523749999999999938e+00 8.242832500000000229e-01 nan nan nan
1.526250000000000107e+00 8.345214999999999161e-01 nan nan nan
1.528750000000000053e+00 8.382134999999999447e-01 nan nan nan
1.531250000000000000e+00 8.329842499999999816e-01 nan nan nan
1.533749999999999947e+00 8.216769999999999907e-01 nan nan nan
1.536249999999999893e+00 8.302647499999999958e-01 nan nan nan
1.538750000000000062e+00 8.245087499999999014e-01 nan nan nan
1.541250000000000009e+00 8.311492500000000616e-01 nan nan nan
1.543749999999999956e+00 8.274457500000000909e-01 nan nan nan
1.546249999999999902e+00 8.237617499999999593e-01 nan nan nan
1.548750000000000071e+00 8.230657499999999294e-01 nan nan nan
1.551250000000000018e+00 8.297145000000000215e-01 nan nan nan
1.553749999999999964e+00 8.294692499999999358e-01 nan nan nan
1.556249999999999911e+00 8.305864999999998943e-01 nan nan nan
1.558750000000000080e+00 8.225864999999999982e-01 nan nan nan
1.561250000000000027e+00 8.233449999999999935e-01 nan nan nan
1.563749999999999973e+00 8.253942499999999960e-01 nan nan nan
1.566249999999999920e+00 8.309504999999999253e-01 nan nan nan
1.568750000000000089e+00 8.275804999999999412e-01 nan nan nan
1.571250000000000036e+00 8.286574999999999358e-01 nan nan nan
1.573749999999999982e+00 8.253085000000000004e-01 nan nan nan
1.576249999999999929e+00 8.279122500000000162e-01 nan nan nan
1.578750000000000098e+00 8.389637500000000081e-01 nan nan nan
1.581250000000000044e+00 8.325499999999999012e-01 nan nan nan
1.583749999999999991e+00 8.240432499999998939e-01 nan nan nan
1.586249999999999938e+00 8.193254999999999288e-01 nan nan nan
1.588750000000000107e+00 8.267229999999998746e-01 nan nan nan
1.591250000000000053e+00 8.334675000000000278e-01 nan nan nan
1.593750000000000000e+00 8.400149999999999562e-01 nan nan nan
1.596249999999999947e+00 8.385835000000000372e-01 nan nan nan
1.598749999999999893e+00 8.342217499999999841e-01 nan nan nan
1.601250000000000062e+00 8.207094999999999807e-01 nan nan nan
1.603750000000000009e+00 8.256665000000000809e-01 nan nan nan
1.606249999999999956e+00 8.236900000000000333e-01 nan nan nan
1.608749999999999902e+00 8.415202499999998587e-01 nan nan nan
1.611250000000000071e+00 8.276952499999999935e-01 nan nan nan
1.613750000000000018e+00 8.343117500000000186e-01 nan nan nan
1.616249999999999964e+00 8.437065000000000259e-01 nan nan nan
1.618749999999999911e+00 8.471189999999999554e-01 nan nan nan
1.621250000000000080e+00 8.290777500000000577e-01 nan nan nan
1.623750000000000027e+00 8.328439999999999177e-01 nan nan nan
1.626249999999999973e+00 8.489872499999999711e-01 nan nan nan
1.628749999999999920e+00 8.431237499999999496e-01 nan nan nan
1.631250000000000089e+00 8.371967500000000451e-01 nan nan nan
1.633750000000000036e+00 8.386377499999999596e-01 nan nan nan
1.636249999999999982e+00 8.553585000000000216e-01 nan nan nan
1.638749999999999929e+00 8.415770000000000195e-01 nan nan nan
1.641250000000000098e+00 8.547802500000000192e-01 nan nan nan
1.643750000000000044e+00 8.459237500000000853e-01 nan nan nan
1.646249999999999991e+00 8.426525000000000265e-01 nan nan nan
1.648749999999999938e+00 8.421572499999999684e-01 nan nan nan
1.651250000000000107e+00 8.412412499999999405e-01 nan nan nan
1.653750000000000053e+00 8.514844999999999775e-01 nan nan nan
1.656250000000000000e+00 8.573519999999998920e-01 nan nan nan
1.658749999999999947e+00 8.620710000000000317e-01 nan nan nan
1.661249999999999893e+00 8.569444999999999979e-01 nan nan nan
1.663750000000000062e+00 8.610772499999999052e-01 nan nan nan
1.666250000000000009e+00 8.612887500000000474e-01 nan nan nan
1.668749999999999956e+00 8.504459999999999242e-01 nan nan nan
1.671249999999999902e+00 8.610594999999999777e-01 nan nan nan
1.673750000000000071e+00 8.586707500000000381e-01 nan nan nan
1.676250000000000018e+00 8.660214999999999996e-01 nan nan nan
1.678749999999999964e+00 8.654742499999998895e-01 nan nan nan
1.681249999999999911e+00 8.679855000000000764e-01 nan nan nan
1.683750000000000080e+00 8.733927500000000510e-01 nan nan nan
1.686250000000000027e+00 8.686585000000000001e-01 nan nan nan
1.688749999999999973e+00 8.724195000000000144e-01 nan nan nan
1.691249999999999920e+00 8.757097499999999535e-01 nan nan nan
1.693750000000000089e+00 8.818582499999998436e-01 nan nan nan
1.696250000000000036e+00 8.724992500000000595e-01 nan nan nan
1.698749999999999982e+00 8.690959999999999797e-01 nan nan nan
1.701249999999999929e+00 8.766040000000000498e-01 nan nan nan
1.703750000000000098e+00 8.773182499999999662e-01 nan nan nan
1.706250000000000044e+00 8.759287500000000337e-01 nan nan nan
1.708749999999999991e+00 8.782444999999999835e-01 nan nan nan
1.711249999999999938e+00 8.874037500000000467e-01 nan nan nan
1.713750000000000107e+00 8.837339999999999085e-01 nan nan nan
1.716250000000000053e+00 8.827582499999999666e-01 nan nan nan
1.718750000000000000e+00 8.885422500000000889e-01 nan nan nan
1.721249999999999947e+00 8.996534999999999949e-01 nan nan nan
1.723749999999999893e+00 8.879734999999999712e-01 nan nan nan
1.726250000000000062e+00 8.966682499999998335e-01 nan nan nan
1.728750000000000009e+00 9.059040000000000425e-01 nan nan nan
1.731249999999999956e+00 8.911145000000000316e-01 nan nan nan
1.733749999999999902e+00 8.956950000000001300e-01 nan nan nan
1.736250000000000071e+00 8.997392499999999904e-01 nan nan nan
1.738750000000000018e+00 9.080044999999999922e-01 nan nan nan
1.741249999999999964e+00 9.040572500000000344e-01 nan nan nan
1.743749999999999911e+00 9.117117500000000430e-01 nan nan nan
1.746250000000000080e+00 9.001379999999998827e-01 nan nan nan
1.748750000000000027e+00 9.042189999999999950e-01 nan nan nan
1.751249999999999973e+00 9.056187500000000279e-01 nan nan nan
1.753749999999999920e+00 9.204020000000000534e-01 nan nan nan
1.756250000000000089e+00 9.048807500000000115e-01 nan nan nan
1.758750000000000036e+00 9.142305000000000570e-01 nan nan nan
1.761249999999999982e+00 9.122514999999999930e-01 nan nan nan
1.763749999999999929e+00 9.234007499999999924e-01 nan nan nan
1.766250000000000098e+00 9.326487499999999153e-01 nan nan nan
1.768750000000000044e+00 9.245685000000000153e-01 nan nan nan
1.771249999999999991e+00 9.285665000000000724e-01 nan nan nan
1.773749999999999938e+00 9.317702500000000221e-01 nan nan nan
1.776250000000000107e+00 9.347509999999999986e-01 nan nan nan
1.778750000000000053e+00 9.327682500000000765e-01 nan nan nan
1.781250000000000000e+00 9.439770000000000660e-01 nan nan nan
1.783749999999999947e+00 9.396545000000000591e-01 nan nan nan
1.786249999999999893e+00 9.322837499999999666e-01 nan nan nan
1.788750000000000062e+00 9.432304999999999717e-01 nan nan nan
1.791250000000000009e+00 9.531220000000000248e-01 nan nan nan
1.793749999999999956e+00 9.460805000000001019e-01 nan nan nan
1.796249999999999902e+00 9.469559999999999089e-01 nan nan nan
1.798750000000000071e+00 9.562327499999999647e-01 nan nan nan
1.801250000000000018e+00 9.563234999999998820e-01 nan nan nan
1.803749999999999964e+00 9.596537499999999721e-01 nan nan nan
1.806249999999999911e+00 9.693922500000000664e-01 nan nan nan
1.808750000000000080e+00 9.638384999999999314e-01 nan nan nan
1.811250000000000027e+00 9.554047499999999138e-01 nan nan nan
1.813749999999999973e+00 9.668027500000000440e-01 nan nan nan
1.816249999999999920e+00 9.655307499999999932e-01 nan nan nan
1.818750000000000089e+00 9.790607499999999241e-01 nan nan nan
1.821250000000000036e+00 9.739982500000000654e-01 nan nan nan
1.823749999999999982e+00 9.812305000000001165e-01 nan nan nan
1.826249999999999929e+00 9.761064999999999880e-01 nan nan nan
1.828750000000000098e+00 9.932092500000000435e-01 nan nan nan
1.831250000000000044e+00 9.770010000000000083e-01 nan nan nan
1.833749999999999991e+00 9.856070000000000109e-01 nan nan nan
1.836249999999999938e+00 9.940872499999999778e-01 nan nan nan
1.838750000000000107e+00 9.921752499999999531e-01 nan nan nan
1.841250000000000053e+00 9.867452500000000182e-01 nan nan nan
1.843750000000000000e+00 1.005503000000000036e+00 nan nan nan
1.846249999999999947e+00 9.999092499999999717e-01 nan nan nan
1.848749999999999893e+00 9.966487499999999722e-01 nan nan nan
1.851250000000000062e+00 1.006091000000000069e+00 nan nan nan
1.853750000000000009e+00 1.011481999999999992e+00 nan nan nan
1.856249999999999956e+00 1.011969750000000001e+00 nan nan nan
1.858749999999999902e+00 1.003360999999999947e+00 nan nan nan
1.861250000000000071e+00 1.018541750000000023e+00 nan nan nan
1.863750000000000018e+00 1.009441999999999950e+00 nan nan nan
1.866249999999999964e+00 1.019735749999999941e+00 nan nan nan
1.868749999999999911e+00 1.013586749999999981e+00 nan nan nan
1.871250000000000080e+00 1.009718000000000115e+00 nan nan nan
1.873750000000000027e+00 1.018433000000000144e+00 nan nan nan
1.876249999999999973e+00 1.020669249999999861e+00 nan nan nan
1.878749999999999920e+00 1.024006500000000042e+00 nan nan nan
1.881250000000000089e+00 1.038818999999999937e+00 nan nan nan
1.883750000000000036e+00 1.029864499999999961e+00 nan nan nan
1.886249999999999982e+00 1.027886999999999995e+00 nan nan nan
1.888749999999999929e+00 1.031013000000000179e+00 nan nan nan
1.891250000000000098e+00 1.041263749999999932e+00 nan nan nan
1.893750000000000044e+00 1.033730250000000073e+00 nan nan nan
1.896249999999999991e+00 1.034931000000000045e+00 nan nan nan
1.898749999999999938e+00 1.035240750000000043e+00 nan nan nan
1.901250000000000107e+00 1.038956999999999908e+00 nan nan nan
1.903750000000000053e+00 1.045035750000000041e+00 nan nan nan
1.906250000000000000e+00 1.051918999999999826e+00 nan nan nan
1.908749999999999947e+00 1.049793250000000011e+00 nan nan nan
1.911249999999999893e+00 1.049102250000000014e+00 nan nan nan
1.913750000000000062e+00 1.054487249999999987e+00 nan nan nan
1.916250000000000009e+00 1.059874499999999831e+00 nan nan nan
1.918749999999999956e+00 1.049620250000000032e+00 nan nan nan
1.921249999999999902e+00 1.055639750000000099e+00 nan nan nan
1.923750000000000071e+00 1.051626750000000055e+00 nan nan nan
1.926250000000000018e+00 1.053970249999999886e+00 nan nan nan
1.928749999999999964e+00 1.066586249999999847e+00 nan nan nan
1.931249999999999911e+00 1.060178499999999913e+00 nan nan nan
1.933750000000000080e+00 1.069918250000000182e+00 nan nan nan
1.936250000000000027e+00 1.065291750000000093e+00 nan nan nan
1.938749999999999973e+00 1.060483000000000064e+00 nan nan nan
1.941249999999999920e+00 1.058124000000000065e+00 nan nan nan
1.943750000000000089e+00 1.064995499999999984e+00 nan nan nan
1.946250000000000036e+00 1.066691999999999974e+00 nan nan nan
1.948749999999999982e+00 1.065664500000000015e+00 nan nan nan
1.951249999999999929e+00 1.072519750000000105e+00 nan nan nan
1.953750000000000098e+00 1.068777249999999901e+00 nan nan nan
1.956250000000000044e+00 1.074652749999999823e+00 nan nan nan
1.958749999999999991e+00 1.066277249999999954e+00 nan nan nan
1.961249999999999938e+00 1.078766499999999962e+00 nan nan nan
1.963750000000000107e+00 1.066459749999999929e+00 nan nan nan
1.966250000000000053e+00 1.076213999999999782e+00 nan nan nan
1.968750000000000000e+00 1.069348999999999883e+00 nan nan nan
1.971249999999999947e+00 1.083130000000000148e+00 nan nan nan
1.973749999999999893e+00 1.073957999999999968e+00 nan nan nan
1.976250000000000062e+00 1.077688500000000049e+00 nan nan nan
1.978750000000000009e+00 1.092470499999999900e+00 nan nan nan
1.981249999999999956e+00 1.082070749999999970e+00 nan nan nan
1.983749999999999902e+00 1.080702249999999864e+00 nan nan nan
1.986250000000000071e+00 1.077112999999999987e+00 nan nan nan
1.988750000000000018e+00 1.077525249999999879e+00 nan nan nan
1.991249999999999964e+00 1.084281000000000050e+00 nan nan nan
1.993749999999999911e+00 1.090551749999999931e+00 nan nan nan
1.996250000000000080e+00 1.082397750000000158e+00 nan nan nan
1.998750000000000027e+00 1.088444250000000002e+00 nan nan nan
2.001250000000000195e+00 1.085440750000000065e+00 nan nan nan
2.003750000000000142e+00 1.074025000000000007e+00 nan nan nan
2.006250000000000089e+00 1.085186250000000019e+00 nan nan nan
2.008750000000000036e+00 1.078547750000000027e+00 nan nan nan
2.011249999999999982e+00 1.077503000000000100e+00 nan nan nan
2.013749999999999929e+00 1.093516249999999967e+00 nan nan nan
2.016249999999999876e+00 1.092025749999999906e+00 nan nan nan
2.018749999999999822e+00 1.094065250000000100e+00 nan nan nan
2.021250000000000213e+00 1.090924499999999853e+00 nan nan nan
2.023750000000000160e+00 1.082829250000000076e+00 nan nan nan
2.026250000000000107e+00 1.080871249999999950e+00 nan nan nan
2.028750000000000053e+00 1.089793500000000082e+00 nan nan nan
2.031250000000000000e+00 1.081627249999999929e+00 nan nan nan
2.033749999999999947e+00 1.089083500000000093e+00 nan nan nan
2.036249999999999893e+00 1.078775000000000039e+00 nan nan nan
2.038749999999999840e+00 1.083166749999999956e+00 nan nan nan
2.041249999999999787e+00 1.087716750000000010e+00 nan nan nan
2.043750000000000178e+00 1.089593000000000034e+00 nan nan nan
2.046250000000000124e+00 1.084260249999999814e+00 nan nan nan
2.048750000000000071e+00 1.086371499999999823e+00 nan nan nan
2.051250000000000018e+00 1.086172750000000020e+00 nan nan nan
2.053749999999999964e+00 1.090674000000000143e+00 nan nan nan
2.056249999999999911e+00 1.092233999999999927e+00 nan nan nan
2.058749999999999858e+00 1.076263250000000005e+00 nan nan nan
2.061249999999999805e+00 1.079998500000000083e+00 nan nan nan
2.063750000000000195e+00 1.089235499999999801e+00 nan nan nan
2.066250000000000142e+00 1.082282750000000071e+00 nan nan nan
2.068750000000000089e+00 1.079163749999999755e+00 nan nan nan
2.071250000000000036e+00 1.084325250000000018e+00 nan nan nan
2.073749999999999982e+00 1.074616500000000086e+00 nan nan nan
2.076249999999999929e+00 1.074183249999999923e+00 nan nan nan
2.078749999999999876e+00 1.084665750000000095e+00 nan nan nan
2.081249999999999822e+00 1.068206250000000024e+00 nan nan nan
2.083750000000000213e+00 1.079613000000000156e+00 nan nan nan
2.086250000000000160e+00 1.065341749999999976e+00 nan nan nan
2.088750000000000107e+00 1.074392000000000014e+00 nan nan nan
2.091250000000000053e+00 1.080081500000000139e+00 nan nan nan
2.093750000000000000e+00 1.085363999999999995e+00 nan nan nan
2.096249999999999947e+00 1.075050999999999979e+00 nan nan nan
2.098749999999999893e+00 1.070441749999999859e+00 nan nan nan
2.101249999999999840e+00 1.083216500000000027e+00 nan nan nan
2.103749999999999787e+00 1.080442499999999972e+00 nan nan nan
2.106250000000000178e+00 1.074611749999999866e+00 nan nan nan
2.108750000000000124e+00 1.070435500000000095e+00 nan nan nan
2.111250000000000071e+00 1.069641999999999982e+00 nan nan nan
2.113750000000000018e+00 1.060738999999999876e+00 nan nan nan
2.116249999999999964e+00 1.082139249999999997e+00 nan nan nan
2.118749999999999911e+00 1.072874000000000105e+00 nan nan nan
2.121249999999999858e+00 1.062660749999999821e+00 nan nan nan
2.123749999999999805e+00 1.074058249999999992e+00 nan nan nan
2.126250000000000195e+00 1.055925000000000002e+00 nan nan nan
2.128750000000000142e+00 1.071880500000000014e+00 nan nan nan
2.131250000000000089e+00 1.068107750000000022e+00 nan nan nan
2.133750000000000036e+00 1.057619249999999900e+00 nan nan nan
2.136249999999999982e+00 1.062250249999999951e+00 nan nan nan
2.138749999999999929e+00 1.056988750000000143e+00 nan nan nan
2.141249999999999876e+00 1.054410749999999952e+00 nan nan nan
2.143749999999999822e+00 1.051676250000000090e+00 nan nan nan
2.146250000000000213e+00 1.056846249999999987e+00 nan nan nan
2.148750000000000160e+00 1.062126499999999973e+00 nan nan nan
2.151250000000000107e+00 1.062351999999999963e+00 nan nan nan
2.153750000000000053e+00 1.062847500000000167e+00 nan nan nan
2.156250000000000000e+00 1.050074249999999987e+00 nan nan nan
2.158749999999999947e+00 1.052800500000000028e+00 nan nan nan
2.161249999999999893e+00 1.050583750000000149e+00 nan nan nan
2.163749999999999840e+00 1.047804500000000028e+00 nan nan nan
2.166249999999999787e+00 1.048611750000000065e+00 nan nan nan
2.168750000000000178e+00 1.041059500000000027e+00 nan nan nan
2.171250000000000124e+00 1.048237749999999968e+00 nan nan nan
2.173750000000000071e+00 1.054438749999999869e+00 nan nan nan
2.176250000000000018e+00 1.050729000000000024e+00 nan nan nan
2.178749999999999964e+00 1.041997999999999980e+00 nan nan nan
2.181249999999999911e+00 1.043832749999999976e+00 nan nan nan
2.183749999999999858e+00 1.041150999999999938e+00 nan nan nan
2.186249999999999805e+00 1.040021749999999967e+00 nan nan nan
2.188750000000000195e+00 1.048024499999999914e+00 nan nan nan
2.191250000000000142e+00 1.055432499999999996e+00 nan nan nan
2.193750000000000089e+00 1.033265749999999983e+00 nan nan nan
2.196250000000000036e+00 1.035659749999999990e+00 nan nan nan
2.198749999999999982e+00 1.037540499999999977e+00 nan nan nan
2.201249999999999929e+00 1.034424000000000010e+00 nan nan nan
2.203749999999999876e+00 1.027549000000000046e+00 nan nan nan
2.206249999999999822e+00 1.037681749999999958e+00 nan nan nan
2.208750000000000213e+00 1.030460249999999967e+00 nan nan nan
2.211250000000000160e+00 1.032526250000000090e+00 nan nan nan
2.213750000000000107e+00 1.032971499999999931e+00 nan nan nan
2.216250000000000053e+00 1.029425750000000139e+00 nan nan nan
2.218750000000000000e+00 1.029638499999999901e+00 nan nan nan
2.221249999999999947e+00 1.028919750000000022e+00 nan nan nan
2.223749999999999893e+00 1.019819249999999844e+00 nan nan nan
2.226249999999999840e+00 1.032717749999999768e+00 nan nan nan
2.228749999999999787e+00 1.022339000000000109e+00 nan nan nan
2.231250000000000178e+00 1.032283249999999875e+00 nan nan nan
2.233750000000000124e+00 1.025157249999999909e+00 nan nan nan
2.236250000000000071e+00 1.023171500000000123e+00 nan nan nan
2.238750000000000018e+00 1.025835000000000052e+00 nan nan nan
2.241249999999999964e+00 1.022155250000000182e+00 nan nan nan
2.243749999999999911e+00 1.015357749999999948e+00 nan nan nan
2.246249999999999858e+00 1.018441500000000000e+00 nan nan nan
2.248749999999999805e+00 1.020050250000000158e+00 nan nan nan
2.251250000000000195e+00 1.019994000000000067e+00 nan nan nan
2.253750000000000142e+00 1.010723250000000073e+00 nan nan nan
2.256250000000000089e+00 1.020248500000000114e+00 nan nan nan
2.258750000000000036e+00 1.009044499999999900e+00 nan nan nan
2.261249999999999982e+00 1.019770250000000100e+00 nan nan nan
2.263749999999999929e+00 1.016923750000000126e+00 nan nan nan
2.266249999999999876e+00 1.020499000000000045e+00 nan nan nan
2.268749999999999822e+00 1.022895249999999923e+00 nan nan nan
2.271250000000000213e+00 1.011179999999999968e+00 nan nan nan
2.273750000000000160e+00 1.009079999999999977e+00 nan nan nan
2.276250000000000107e+00 1.005270000000000108e+00 nan nan nan
2.278750000000000053e+00 1.008305500000000077e+00 nan nan nan
2.281250000000000000e+00 1.006805249999999985e+00 nan nan nan
2.283749999999999947e+00 1.010477499999999917e+00 nan nan nan
2.286249999999999893e+00 1.007733750000000095e+00 nan nan nan
2.288749999999999840e+00 1.009344250000000054e+00 nan nan nan
2.291249999999999787e+00 1.009274000000000004e+00 nan nan nan
2.293750000000000178e+00 9.982785000000000686e-01 nan nan nan
2.296250000000000124e+00 1.012165749999999864e+00 nan nan nan
2.298750000000000071e+00 9.994747500000000784e-01 nan nan nan
2.301250000000000018e+00 1.001937999999999995e+00 nan nan nan
2.303749999999999964e+00 1.002663249999999895e+00 nan nan nan
2.306249999999999911e+00 9.996304999999998664e-01 nan nan nan
2.308749999999999858e+00 9.967985000000000317e-01 nan nan nan
2.311249999999999805e+00 1.003164750000000049e+00 nan nan nan
2.313750000000000195e+00 9.985275000000000123e-01 nan nan nan
2.316250000000000142e+00 1.001492500000000119e+00 nan nan nan
2.318750000000000089e+00 9.943205000000000515e-01 nan nan nan
2.321250000000000036e+00 9.994244999999999379e-01 nan nan nan
2.323749999999999982e+00 9.964040000000000674e-01 nan nan nan
2.326249999999999929e+00 9.970594999999999875e-01 nan nan nan
2.328749999999999876e+00 9.889882500000000132e-01 nan nan nan
2.331249999999999822e+00 9.998760000000000980e-01 nan nan nan
2.333750000000000213e+00 9.922022500000000633e-01 nan nan nan
2.336250000000000160e+00 9.940399999999999237e-01 nan nan nan
2.338750000000000107e+00 9.826175000000000326e-01 nan nan nan
2.341250000000000053e+00 9.937422500000000491e-01 nan nan nan
2.343750000000000000e+00 9.878735000000000710e-01 nan nan nan
2.346249999999999947e+00 9.920522499999999688e-01 nan nan nan
2.348749999999999893e+00 9.957262500000000349e-01 nan nan nan
2.351249999999999840e+00 9.796264999999999556e-01 nan nan nan
2.353749999999999787e+00 9.923494999999999955e-01 nan nan nan
2.356250000000000178e+00 9.827789999999999582e-01 nan nan nan
2.358750000000000124e+00 9.822965000000001279e-01 nan nan nan
2.361250000000000071e+00 9.759757499999999197e-01 nan nan nan
2.363750000000000018e+00 9.921404999999998697e-01 nan nan nan
2.366249999999999964e+00 9.850492499999999874e-01 nan nan nan
2.368749999999999911e+00 9.911517499999999981e-01 nan nan nan
2.371249999999999858e+00 9.830704999999999583e-01 nan nan nan
2.373749999999999805e+00 9.852655000000000163e-01 nan nan nan
2.376250000000000195e+00 9.831484999999999808e-01 nan nan nan
2.378750000000000142e+00 9.909252499999999797e-01 nan nan nan
2.381250000000000089e+00 9.825445000000000428e-01 nan nan nan
2.383750000000000036e+00 9.803504999999999026e-01 nan nan nan
2.386249999999999982e+00 9.917394999999999960e-01 nan nan nan
2.388749999999999929e+00 9.773202500000000015e-01 nan nan nan
2.391249999999999876e+00 9.765007500000000285e-01 nan nan nan
2.393749999999999822e+00 9.747727499999999656e-01 nan nan nan
2.396250000000000213e+00 9.828595000000001081e-01 nan nan nan
2.398750000000000160e+00 9.797732500000000400e-01 nan nan nan
2.401250000000000107e+00 9.686049999999999383e-01 nan nan nan
2.403750000000000053e+00 9.832935000000000425e-01 nan nan nan
2.406250000000000000e+00 9.691515000000000546e-01 nan nan nan
2.408749999999999947e+00 9.667900000000000382e-01 nan nan nan
2.411249999999999893e+00 9.839434999999999709e-01 nan nan nan
2.413749999999999840e+00 9.752502499999999852e-01 nan nan nan
2.416249999999999787e+00 9.719265000000000265e-01 nan nan nan
2.418750000000000178e+00 9.778292499999999832e-01 nan nan nan
2.421250000000000124e+00 9.703455000000000830e-01 nan nan nan
2.423750000000000071e+00 9.759850000000001025e-01 nan nan nan
2.426250000000000018e+00 9.685967500000000063e-01 nan nan nan
2.428749999999999964e+00 9.761092499999999283e-01 nan nan nan
2.431249999999999911e+00 9.723177499999999807e-01 nan nan nan
2.433749999999999858e+00 9.769972500000000393e-01 nan nan nan
2.436249999999999805e+00 9.695517499999999345e-01 nan nan nan
2.438750000000000195e+00 9.850525000000001086e-01 nan nan nan
2.441250000000000142e+00 9.766779999999999351e-01 nan nan nan
2.443750000000000089e+00 9.722962499999999730e-01 nan nan nan
2.446250000000000036e+00 9.798712499999999714e-01 nan nan nan
2.448749999999999982e+00 9.801619999999999777e-01 nan nan nan
2.451249999999999929e+00 9.707147499999999596e-01 nan nan nan
2.453749999999999876e+00 9.765724999999999545e-01 nan nan nan
2.456249999999999822e+00 9.616032500000000205e-01 nan nan nan
2.458750000000000213e+00 9.814382500000000675e-01 nan nan nan
2.461250000000000160e+00 9.741769999999999596e-01 nan nan nan
2.463750000000000107e+00 9.687030000000000918e-01 nan nan nan
2.466250000000000053e+00 9.739309999999999912e-01 nan nan nan
2.468750000000000000e+00 9.720845000000000180e-01 nan nan nan
2.471249999999999947e+00 9.774682500000000385e-01 nan nan nan
2.473749999999999893e+00 9.646684999999999288e-01 nan nan nan
2.476249999999999840e+00 9.725500000000000256e-01 nan nan nan
2.478749999999999787e+00 9.626429999999999154e-01 nan nan nan
2.481250000000000178e+00 9.711334999999999829e-01 nan nan nan
2.483750000000000124e+00 9.723330000000000028e-01 nan nan nan
2.486250000000000071e+00 9.713039999999999452e-01 nan nan nan
2.488750000000000018e+00 9.567904999999999882e-01 nan nan nan
2.491249999999999964e+00 9.706665000000000987e-01 nan nan nan
2.493749999999999911e+00 9.716247500000000370e-01 nan nan nan
2.496249999999999858e+00 9.696185000000000498e-01 nan nan nan
2.498749999999999805e+00 9.791644999999999932e-01 nan nan nan
