1.250000000000000026e-03 0.000000000000000000e+00 nan nan nan
3.749999999999999861e-03 0.000000000000000000e+00 nan nan nan
6.250000000000000347e-03 0.000000000000000000e+00 nan nan nan
8.750000000000000833e-03 0.000000000000000000e+00 nan nan nan
1.124999999999999958e-02 0.000000000000000000e+00 nan nan nan
1.375000000000000007e-02 0.000000000000000000e+00 nan nan nan
1.625000000000000056e-02 0.000000000000000000e+00 nan nan nan
1.874999999999999931e-02 0.000000000000000000e+00 nan nan nan
2.125000000000000153e-02 0.000000000000000000e+00 nan nan nan
2.375000000000000028e-02 0.000000000000000000e+00 nan nan nan
2.624999999999999903e-02 0.000000000000000000e+00 nan nan nan
2.875000000000000125e-02 0.000000000000000000e+00 nan nan nan
3.125000000000000000e-02 0.000000000000000000e+00 nan nan nan
3.375000000000000222e-02 0.000000000000000000e+00 nan nan nan
3.624999999999999750e-02 0.000000000000000000e+00 nan nan nan
3.874999999999999972e-02 0.000000000000000000e+00 nan nan nan
4.125000000000000194e-02 0.000000000000000000e+00 nan nan nan
4.374999999999999722e-02 0.000000000000000000e+00 nan nan nan
4.624999999999999944e-02 0.000000000000000000e+00 nan nan nan
4.875000000000000167e-02 0.000000000000000000e+00 nan nan nan
5.124999999999999695e-02 0.000000000000000000e+00 nan nan nan
5.374999999999999917e-02 0.000000000000000000e+00 nan nan nan
5.625000000000000139e-02 0.000000000000000000e+00 nan nan nan
5.874999999999999667e-02 0.000000000000000000e+00 nan nan nan
6.124999999999999889e-02 0.000000000000000000e+00 nan nan nan
6.375000000000000111e-02 0.000000000000000000e+00 nan nan nan
6.625000000000000333e-02 0.000000000000000000e+00 nan nan nan
6.875000000000000555e-02 0.000000000000000000e+00 nan nan nan
7.124999999999999389e-02 0.000000000000000000e+00 nan nan nan
7.374999999999999611e-02 0.000000000000000000e+00 nan nan nan
7.624999999999999833e-02 0.000000000000000000e+00 nan nan nan
7.875000000000000056e-02 0.000000000000000000e+00 nan nan nan
8.125000000000000278e-02 0.000000000000000000e+00 nan nan nan
8.375000000000000500e-02 0.000000000000000000e+00 nan nan nan
8.624999999999999334e-02 0.000000000000000000e+00 nan nan nan
8.874999999999999556e-02 0.000000000000000000e+00 nan nan nan
9.124999999999999778e-02 0.000000000000000000e+00 nan nan nan
9.375000000000000000e-02 0.000000000000000000e+00 nan nan nan
9.625000000000000222e-02 0.000000000000000000e+00 nan nan nan
9.875000000000000444e-02 0.000000000000000000e+00 nan nan nan
1.012500000000000067e-01 0.000000000000000000e+00 nan nan nan
1.037499999999999950e-01 0.000000000000000000e+00 nan nan nan
1.062499999999999972e-01 0.000000000000000000e+00 nan nan nan
1.087499999999999994e-01 0.000000000000000000e+00 nan nan nan
1.112500000000000017e-01 0.000000000000000000e+00 nan nan nan
1.137500000000000039e-01 0.000000000000000000e+00 nan nan nan
1.162500000000000061e-01 0.000000000000000000e+00 nan nan nan
1.187499999999999944e-01 0.000000000000000000e+00 nan nan nan
1.212499999999999967e-01 0.000000000000000000e+00 nan nan nan
1.237499999999999989e-01 0.000000000000000000e+00 nan nan nan
1.262500000000000011e-01 0.000000000000000000e+00 nan nan nan
1.287500000000000033e-01 0.000000000000000000e+00 nan nan nan
1.312500000000000056e-01 0.000000000000000000e+00 nan nan nan
1.337500000000000078e-01 0.000000000000000000e+00 nan nan nan
1.362500000000000100e-01 0.000000000000000000e+00 nan nan nan
1.387500000000000122e-01 0.000000000000000000e+00 nan nan nan
1.412499999999999867e-01 0.000000000000000000e+00 nan nan nan
1.437499999999999889e-01 0.000000000000000000e+00 nan nan nan
1.462499999999999911e-01 0.000000000000000000e+00 nan nan nan
1.487499999999999933e-01 0.000000000000000000e+00 nan nan nan
1.512499999999999956e-01 0.000000000000000000e+00 nan nan nan
1.537499999999999978e-01 0.000000000000000000e+00 nan nan nan
1.562500000000000000e-01 0.000000000000000000e+00 nan nan nan
1.587500000000000022e-01 0.000000000000000000e+00 nan nan nan
1.612500000000000044e-01 0.000000000000000000e+00 nan nan nan
1.637500000000000067e-01 0.000000000000000000e+00 nan nan nan
1.662500000000000089e-01 0.000000000000000000e+00 nan nan nan
1.687500000000000111e-01 0.000000000000000000e+00 nan nan nan
1.712500000000000133e-01 0.000000000000000000e+00 nan nan nan
1.737499999999999878e-01 0.000000000000000000e+00 nan nan nan
1.762499999999999900e-01 0.000000000000000000e+00 nan nan nan
1.787499999999999922e-01 0.000000000000000000e+00 nan nan nan
1.812499999999999944e-01 0.000000000000000000e+00 nan nan nan
1.837499999999999967e-01 0.000000000000000000e+00 nan nan nan
1.862499999999999989e-01 0.000000000000000000e+00 nan nan nan
1.887500000000000011e-01 0.000000000000000000e+00 nan nan nan
1.912500000000000033e-01 0.000000000000000000e+00 nan nan nan
1.937500000000000056e-01 0.000000000000000000e+00 nan nan nan
1.962500000000000078e-01 0.000000000000000000e+00 nan nan nan
1.987500000000000100e-01 0.000000000000000000e+00 nan nan nan
2.012500000000000122e-01 0.000000000000000000e+00 nan nan nan
2.037499999999999867e-01 0.000000000000000000e+00 nan nan nan
2.062499999999999889e-01 0.000000000000000000e+00 nan nan nan
2.087499999999999911e-01 0.000000000000000000e+00 nan nan nan
2.112499999999999933e-01 0.000000000000000000e+00 nan nan nan
2.137499999999999956e-01 0.000000000000000000e+00 nan nan nan
2.162499999999999978e-01 0.000000000000000000e+00 nan nan nan
2.187500000000000000e-01 0.000000000000000000e+00 nan nan nan
2.212500000000000022e-01 0.000000000000000000e+00 nan nan nan
2.237500000000000044e-01 0.000000000000000000e+00 nan nan nan
2.262500000000000067e-01 0.000000000000000000e+00 nan nan nan
2.287500000000000089e-01 0.000000000000000000e+00 nan nan nan
2.312500000000000111e-01 0.000000000000000000e+00 nan nan nan
2.337500000000000133e-01 0.000000000000000000e+00 nan nan nan
2.362499999999999878e-01 0.000000000000000000e+00 nan nan nan
2.387499999999999900e-01 0.000000000000000000e+00 nan nan nan
2.412499999999999922e-01 0.000000000000000000e+00 nan nan nan
2.437499999999999944e-01 0.000000000000000000e+00 nan nan nan
2.462499999999999967e-01 0.000000000000000000e+00 nan nan nan
2.487499999999999989e-01 0.000000000000000000e+00 nan nan nan
2.512499999999999734e-01 0.000000000000000000e+00 nan nan nan
2.537499999999999756e-01 0.000000000000000000e+00 nan nan nan
2.562499999999999778e-01 0.000000000000000000e+00 nan nan nan
2.587499999999999800e-01 0.000000000000000000e+00 nan nan nan
2.612499999999999822e-01 0.000000000000000000e+00 nan nan nan
2.637499999999999845e-01 0.000000000000000000e+00 nan nan nan
2.662499999999999867e-01 0.000000000000000000e+00 nan nan nan
2.687499999999999889e-01 0.000000000000000000e+00 nan nan nan
2.712499999999999911e-01 0.000000000000000000e+00 nan nan nan
2.737499999999999933e-01 0.000000000000000000e+00 nan nan nan
2.762499999999999956e-01 0.000000000000000000e+00 nan nan nan
2.787499999999999978e-01 0.000000000000000000e+00 nan nan nan
2.812500000000000000e-01 0.000000000000000000e+00 nan nan nan
2.837500000000000022e-01 0.000000000000000000e+00 nan nan nan
2.862500000000000044e-01 0.000000000000000000e+00 nan nan nan
2.887500000000000067e-01 0.000000000000000000e+00 nan nan nan
2.912500000000000089e-01 0.000000000000000000e+00 nan nan nan
2.937500000000000111e-01 0.000000000000000000e+00 nan nan nan
2.962500000000000133e-01 0.000000000000000000e+00 nan nan nan
2.987500000000000155e-01 0.000000000000000000e+00 nan nan nan
3.012500000000000178e-01 0.000000000000000000e+00 nan nan nan
3.037500000000000200e-01 0.000000000000000000e+00 nan nan nan
3.062500000000000222e-01 0.000000000000000000e+00 nan nan nan
3.087500000000000244e-01 0.000000000000000000e+00 nan nan nan
3.112500000000000266e-01 0.000000000000000000e+00 nan nan nan
3.137499999999999734e-01 0.000000000000000000e+00 nan nan nan
3.162499999999999756e-01 0.000000000000000000e+00 nan nan nan
3.187499999999999778e-01 0.000000000000000000e+00 nan nan nan
3.212499999999999800e-01 0.000000000000000000e+00 nan nan nan
3.237499999999999822e-01 0.000000000000000000e+00 nan nan nan
3.262499999999999845e-01 0.000000000000000000e+00 nan nan nan
3.287499999999999867e-01 0.000000000000000000e+00 nan nan nan
3.312499999999999889e-01 0.000000000000000000e+00 nan nan nan
3.337499999999999911e-01 0.000000000000000000e+00 nan nan nan
3.362499999999999933e-01 0.000000000000000000e+00 nan nan nan
3.387499999999999956e-01 0.000000000000000000e+00 nan nan nan
3.412499999999999978e-01 0.000000000000000000e+00 nan nan nan
3.437500000000000000e-01 0.000000000000000000e+00 nan nan nan
3.462500000000000022e-01 0.000000000000000000e+00 nan nan nan
3.487500000000000044e-01 0.000000000000000000e+00 nan nan nan
3.512500000000000067e-01 0.000000000000000000e+00 nan nan nan
3.537500000000000089e-01 0.000000000000000000e+00 nan nan nan
3.562500000000000111e-01 0.000000000000000000e+00 nan nan nan
3.587500000000000133e-01 0.000000000000000000e+00 nan nan nan
3.612500000000000155e-01 0.000000000000000000e+00 nan nan nan
3.637500000000000178e-01 0.000000000000000000e+00 nan nan nan
3.662500000000000200e-01 0.000000000000000000e+00 nan nan nan
3.687500000000000222e-01 0.000000000000000000e+00 nan nan nan
3.712500000000000244e-01 0.000000000000000000e+00 nan nan nan
3.737500000000000266e-01 0.000000000000000000e+00 nan nan nan
3.762499999999999734e-01 0.000000000000000000e+00 nan nan nan
3.787499999999999756e-01 0.000000000000000000e+00 nan nan nan
3.812499999999999778e-01 0.000000000000000000e+00 nan nan nan
3.837499999999999800e-01 0.000000000000000000e+00 nan nan nan
3.862499999999999822e-01 0.000000000000000000e+00 nan nan nan
3.887499999999999845e-01 0.000000000000000000e+00 nan nan nan
3.912499999999999867e-01 0.000000000000000000e+00 nan nan nan
3.937499999999999889e-01 0.000000000000000000e+00 nan nan nan
3.962499999999999911e-01 0.000000000000000000e+00 nan nan nan
3.987499999999999933e-01 0.000000000000000000e+00 nan nan nan
4.012499999999999956e-01 0.000000000000000000e+00 nan nan nan
4.037499999999999978e-01 0.000000000000000000e+00 nan nan nan
4.062500000000000000e-01 0.000000000000000000e+00 nan nan nan
4.087500000000000022e-01 0.000000000000000000e+00 nan nan nan
4.112500000000000044e-01 0.000000000000000000e+00 nan nan nan
4.137500000000000067e-01 0.000000000000000000e+00 nan nan nan
4.162500000000000089e-01 0.000000000000000000e+00 nan nan nan
4.187500000000000111e-01 0.000000000000000000e+00 nan nan nan
4.212500000000000133e-01 0.000000000000000000e+00 nan nan nan
4.237500000000000155e-01 0.000000000000000000e+00 nan nan nan
4.262500000000000178e-01 0.000000000000000000e+00 nan nan nan
4.287500000000000200e-01 0.000000000000000000e+00 nan nan nan
4.312500000000000222e-01 0.000000000000000000e+00 nan nan nan
4.337500000000000244e-01 0.000000000000000000e+00 nan nan nan
4.362500000000000266e-01 0.000000000000000000e+00 nan nan nan
4.387499999999999734e-01 0.000000000000000000e+00 nan nan nan
4.412499999999999756e-01 0.000000000000000000e+00 nan nan nan
4.437499999999999778e-01 0.000000000000000000e+00 nan nan nan
4.462499999999999800e-01 0.000000000000000000e+00 nan nan nan
4.487499999999999822e-01 0.000000000000000000e+00 nan nan nan
4.512499999999999845e-01 0.000000000000000000e+00 nan nan nan
4.537499999999999867e-01 0.000000000000000000e+00 nan nan nan
4.562499999999999889e-01 0.000000000000000000e+00 nan nan nan
4.587499999999999911e-01 0.000000000000000000e+00 nan nan nan
4.612499999999999933e-01 0.000000000000000000e+00 nan nan nan
4.637499999999999956e-01 0.000000000000000000e+00 nan nan nan
4.662499999999999978e-01 0.000000000000000000e+00 nan nan nan
4.687500000000000000e-01 0.000000000000000000e+00 nan nan nan
4.712500000000000022e-01 0.000000000000000000e+00 nan nan nan
4.737500000000000044e-01 0.000000000000000000e+00 nan nan nan
4.762500000000000067e-01 0.000000000000000000e+00 nan nan nan
4.787500000000000089e-01 0.000000000000000000e+00 nan nan nan
4.812500000000000111e-01 0.000000000000000000e+00 nan nan nan
4.837500000000000133e-01 0.000000000000000000e+00 nan nan nan
4.862500000000000155e-01 0.000000000000000000e+00 nan nan nan
4.887500000000000178e-01 0.000000000000000000e+00 nan nan nan
4.912500000000000200e-01 0.000000000000000000e+00 nan nan nan
4.937500000000000222e-01 0.000000000000000000e+00 nan nan nan
4.962500000000000244e-01 0.000000000000000000e+00 nan nan nan
4.987500000000000266e-01 0.000000000000000000e+00 nan nan nan
5.012499999999999734e-01 0.000000000000000000e+00 nan nan nan
5.037500000000000311e-01 0.000000000000000000e+00 nan nan nan
5.062499999999999778e-01 0.000000000000000000e+00 nan nan nan
5.087500000000000355e-01 0.000000000000000000e+00 nan nan nan
5.112499999999999822e-01 0.000000000000000000e+00 nan nan nan
5.137500000000000400e-01 0.000000000000000000e+00 nan nan nan
5.162499999999999867e-01 0.000000000000000000e+00 nan nan nan
5.187500000000000444e-01 0.000000000000000000e+00 nan nan nan
5.212499999999999911e-01 0.000000000000000000e+00 nan nan nan
5.237500000000000488e-01 0.000000000000000000e+00 nan nan nan
5.262499999999999956e-01 0.000000000000000000e+00 nan nan nan
5.287500000000000533e-01 0.000000000000000000e+00 nan nan nan
5.312500000000000000e-01 0.000000000000000000e+00 nan nan nan
5.337499999999999467e-01 0.000000000000000000e+00 nan nan nan
5.362500000000000044e-01 0.000000000000000000e+00 nan nan nan
5.387499999999999512e-01 0.000000000000000000e+00 nan nan nan
5.412500000000000089e-01 0.000000000000000000e+00 nan nan nan
5.437499999999999556e-01 0.000000000000000000e+00 nan nan nan
5.462500000000000133e-01 0.000000000000000000e+00 nan nan nan
5.487499999999999600e-01 0.000000000000000000e+00 nan nan nan
5.512500000000000178e-01 0.000000000000000000e+00 nan nan nan
5.537499999999999645e-01 0.000000000000000000e+00 nan nan nan
5.562500000000000222e-01 0.000000000000000000e+00 nan nan nan
5.587499999999999689e-01 0.000000000000000000e+00 nan nan nan
5.612500000000000266e-01 0.000000000000000000e+00 nan nan nan
5.637499999999999734e-01 0.000000000000000000e+00 nan nan nan
5.662500000000000311e-01 0.000000000000000000e+00 nan nan nan
5.687499999999999778e-01 0.000000000000000000e+00 nan nan nan
5.712500000000000355e-01 0.000000000000000000e+00 nan nan nan
5.737499999999999822e-01 0.000000000000000000e+00 nan nan nan
5.762500000000000400e-01 0.000000000000000000e+00 nan nan nan
5.787499999999999867e-01 0.000000000000000000e+00 nan nan nan
5.812500000000000444e-01 0.000000000000000000e+00 nan nan nan
5.837499999999999911e-01 0.000000000000000000e+00 nan nan nan
5.862500000000000488e-01 0.000000000000000000e+00 nan nan nan
5.887499999999999956e-01 0.000000000000000000e+00 nan nan nan
5.912500000000000533e-01 0.000000000000000000e+00 nan nan nan
5.937500000000000000e-01 0.000000000000000000e+00 nan nan nan
5.962499999999999467e-01 0.000000000000000000e+00 nan nan nan
5.987500000000000044e-01 0.000000000000000000e+00 nan nan nan
6.012499999999999512e-01 0.000000000000000000e+00 nan nan nan
6.037500000000000089e-01 0.000000000000000000e+00 nan nan nan
6.062499999999999556e-01 0.000000000000000000e+00 nan nan nan
6.087500000000000133e-01 0.000000000000000000e+00 nan nan nan
6.112499999999999600e-01 0.000000000000000000e+00 nan nan nan
6.137500000000000178e-01 0.000000000000000000e+00 nan nan nan
6.162499999999999645e-01 0.000000000000000000e+00 nan nan nan
6.187500000000000222e-01 0.000000000000000000e+00 nan nan nan
6.212499999999999689e-01 0.000000000000000000e+00 nan nan nan
6.237500000000000266e-01 0.000000000000000000e+00 nan nan nan
6.262499999999999734e-01 0.000000000000000000e+00 nan nan nan
6.287500000000000311e-01 0.000000000000000000e+00 nan nan nan
6.312499999999999778e-01 0.000000000000000000e+00 nan nan nan
6.337500000000000355e-01 0.000000000000000000e+00 nan nan nan
6.362499999999999822e-01 0.000000000000000000e+00 nan nan nan
6.387500000000000400e-01 0.000000000000000000e+00 nan nan nan
6.412499999999999867e-01 0.000000000000000000e+00 nan nan nan
6.437500000000000444e-01 0.000000000000000000e+00 nan nan nan
6.462499999999999911e-01 0.000000000000000000e+00 nan nan nan
6.487500000000000488e-01 0.000000000000000000e+00 nan nan nan
6.512499999999999956e-01 0.000000000000000000e+00 nan nan nan
6.537500000000000533e-01 0.000000000000000000e+00 nan nan nan
6.562500000000000000e-01 0.000000000000000000e+00 nan nan nan
6.587499999999999467e-01 0.000000000000000000e+00 nan nan nan
6.612500000000000044e-01 0.000000000000000000e+00 nan nan nan
6.637499999999999512e-01 0.000000000000000000e+00 nan nan nan
6.662500000000000089e-01 0.000000000000000000e+00 nan nan nan
6.687499999999999556e-01 0.000000000000000000e+00 nan nan nan
6.712500000000000133e-01 0.000000000000000000e+00 nan nan nan
6.737499999999999600e-01 0.000000000000000000e+00 nan nan nan
6.762500000000000178e-01 0.000000000000000000e+00 nan nan nan
6.787499999999999645e-01 0.000000000000000000e+00 nan nan nan
6.812500000000000222e-01 0.000000000000000000e+00 nan nan nan
6.837499999999999689e-01 0.000000000000000000e+00 nan nan nan
6.862500000000000266e-01 0.000000000000000000e+00 nan nan nan
6.887499999999999734e-01 0.000000000000000000e+00 nan nan nan
6.912500000000000311e-01 0.000000000000000000e+00 nan nan nan
6.937499999999999778e-01 0.000000000000000000e+00 nan nan nan
6.962500000000000355e-01 0.000000000000000000e+00 nan nan nan
6.987499999999999822e-01 0.000000000000000000e+00 nan nan nan
7.012500000000000400e-01 0.000000000000000000e+00 nan nan nan
7.037499999999999867e-01 0.000000000000000000e+00 nan nan nan
7.062500000000000444e-01 0.000000000000000000e+00 nan nan nan
7.087499999999999911e-01 0.000000000000000000e+00 nan nan nan
7.112500000000000488e-01 0.000000000000000000e+00 nan nan nan
7.137499999999999956e-01 0.000000000000000000e+00 nan nan nan
7.162500000000000533e-01 0.000000000000000000e+00 nan nan nan
7.187500000000000000e-01 0.000000000000000000e+00 nan nan nan
7.212499999999999467e-01 0.000000000000000000e+00 nan nan nan
7.237500000000000044e-01 0.000000000000000000e+00 nan nan nan
7.262499999999999512e-01 0.000000000000000000e+00 nan nan nan
7.287500000000000089e-01 0.000000000000000000e+00 nan nan nan
7.312499999999999556e-01 0.000000000000000000e+00 nan nan nan
7.337500000000000133e-01 0.000000000000000000e+00 nan nan nan
7.362499999999999600e-01 0.000000000000000000e+00 nan nan nan
7.387500000000000178e-01 0.000000000000000000e+00 nan nan nan
7.412499999999999645e-01 0.000000000000000000e+00 nan nan nan
7.437500000000000222e-01 0.000000000000000000e+00 nan nan nan
7.462499999999999689e-01 0.000000000000000000e+00 nan nan nan
7.487500000000000266e-01 2.267500000000000093e-04 nan nan nan
7.512499999999999734e-01 0.000000000000000000e+00 nan nan nan
7.537500000000000311e-01 4.474999999999999811e-04 nan nan nan
7.562499999999999778e-01 0.000000000000000000e+00 nan nan nan
7.587500000000000355e-01 0.000000000000000000e+00 nan nan nan
7.612499999999999822e-01 4.389999999999999914e-04 nan nan nan
7.637500000000000400e-01 4.360000000000000269e-04 nan nan nan
7.662499999999999867e-01 1.082500000000000129e-03 nan nan nan
7.687500000000000444e-01 6.455000000000000234e-04 nan nan nan
7.712499999999999911e-01 1.496249999999999967e-03 nan nan nan
7.737500000000000488e-01 1.699250000000000023e-03 nan nan nan
7.762499999999999956e-01 2.531999999999999963e-03 nan nan nan
7.787500000000000533e-01 1.677249999999999922e-03 nan nan nan
7.812500000000000000e-01 3.333249999999999841e-03 nan nan nan
7.837499999999999467e-01 4.139999999999999583e-03 nan nan nan
7.862500000000000044e-01 7.610249999999999827e-03 nan nan nan
7.887499999999999512e-01 1.103649999999999944e-02 nan nan nan
7.912500000000000089e-01 1.320074999999999894e-02 nan nan nan
7.937499999999999556e-01 1.392499999999999988e-02 nan nan nan
7.962500000000000133e-01 1.664525000000000032e-02 nan nan nan
7.987499999999999600e-01 2.451300000000000007e-02 nan nan nan
8.012500000000000178e-01 2.772700000000000164e-02 nan nan nan
8.037499999999999645e-01 3.700200000000000017e-02 nan nan nan
8.062500000000000222e-01 3.657724999999999865e-02 nan nan nan
8.087499999999999689e-01 4.879250000000000254e-02 nan nan nan
8.112500000000000266e-01 6.143650000000000500e-02 nan nan nan
8.137499999999999734e-01 7.142824999999999869e-02 nan nan nan
8.162500000000000311e-01 7.538100000000000356e-02 nan nan nan
8.187499999999999778e-01 9.578525000000000234e-02 nan nan nan
8.212500000000000355e-01 1.168825000000000003e-01 nan nan nan
8.237499999999999822e-01 1.214207499999999940e-01 nan nan nan
8.262500000000000400e-01 1.426642500000000202e-01 nan nan nan
8.287499999999999867e-01 1.536529999999999840e-01 nan nan nan
8.312500000000000444e-01 1.939485000000000237e-01 nan nan nan
8.337499999999999911e-01 2.032132500000000119e-01 nan nan nan
8.362500000000000488e-01 2.339997500000000064e-01 nan nan nan
8.387499999999999956e-01 2.519457500000000238e-01 nan nan nan
8.412500000000000533e-01 2.874612500000000015e-01 nan nan nan
8.437500000000000000e-01 3.032629999999999493e-01 nan nan nan
8.462499999999999467e-01 3.305912500000000032e-01 nan nan nan
8.487500000000000044e-01 3.683595000000000064e-01 nan nan nan
8.512499999999999512e-01 3.907647499999999940e-01 nan nan nan
8.537500000000000089e-01 4.129012499999999974e-01 nan nan nan
8.562499999999999556e-01 4.859330000000000038e-01 nan nan nan
8.587500000000000133e-01 5.058664999999999967e-01 nan nan nan
8.612499999999999600e-01 5.279607499999999787e-01 nan nan nan
8.637500000000000178e-01 5.688787499999999886e-01 nan nan nan
8.662499999999999645e-01 5.998272499999999230e-01 nan nan nan
8.687500000000000222e-01 6.359702499999999592e-01 nan nan nan
8.712499999999999689e-01 6.810689999999999245e-01 nan nan nan
8.737500000000000266e-01 7.046574999999999367e-01 nan nan nan
8.762499999999999734e-01 7.547927500000000123e-01 nan nan nan
8.787500000000000311e-01 8.058287499999999826e-01 nan nan nan
8.812499999999999778e-01 8.402292500000000386e-01 nan nan nan
8.837500000000000355e-01 8.631577500000000569e-01 nan nan nan
8.862499999999999822e-01 9.202957499999999680e-01 nan nan nan
8.887500000000000400e-01 9.545637499999999331e-01 nan nan nan
8.912499999999999867e-01 9.807500000000000107e-01 nan nan nan
8.937500000000000444e-01 1.003285500000000052e+00 nan nan nan
8.962499999999999911e-01 1.027613249999999923e+00 nan nan nan
8.987500000000000488e-01 1.097145999999999955e+00 nan nan nan
9.012499999999999956e-01 1.134272000000000169e+00 nan nan nan
9.037500000000000533e-01 1.135321749999999907e+00 nan nan nan
9.062500000000000000e-01 1.197804499999999939e+00 nan nan nan
9.087499999999999467e-01 1.221708500000000086e+00 nan nan nan
9.112500000000000044e-01 1.240126000000000062e+00 nan nan nan
9.137499999999999512e-01 1.282688999999999968e+00 nan nan nan
9.162500000000000089e-01 1.325830749999999947e+00 nan nan nan
9.187499999999999556e-01 1.335194500000000062e+00 nan nan nan
9.212500000000000133e-01 1.339043750000000088e+00 nan nan nan
9.237499999999999600e-01 1.409735249999999995e+00 nan nan nan
9.262500000000000178e-01 1.429997750000000067e+00 nan nan nan
9.287499999999999645e-01 1.437934249999999858e+00 nan nan nan
9.312500000000000222e-01 1.465851750000000120e+00 nan nan nan
9.337499999999999689e-01 1.494470749999999848e+00 nan nan nan
9.362500000000000266e-01 1.476201249999999909e+00 nan nan nan
9.387499999999999734e-01 1.527792999999999957e+00 nan nan nan
9.412500000000000311e-01 1.544372749999999961e+00 nan nan nan
9.437499999999999778e-01 1.523924499999999904e+00 nan nan nan
9.462500000000000355e-01 1.547833250000000049e+00 nan nan nan
9.487499999999999822e-01 1.569209250000000111e+00 nan nan nan
9.512500000000000400e-01 1.603547750000000160e+00 nan nan nan
9.537499999999999867e-01 1.604238000000000053e+00 nan nan nan
9.562500000000000444e-01 1.638270500000000185e+00 nan nan nan
9.587499999999999911e-01 1.624343000000000092e+00 nan nan nan
9.612500000000000488e-01 1.636958499999999983e+00 nan nan nan
9.637499999999999956e-01 1.647915999999999936e+00 nan nan nan
9.662500000000000533e-01 1.706402499999999822e+00 nan nan nan
9.687500000000000000e-01 1.699503500000000056e+00 nan nan nan
9.712499999999999467e-01 1.703166249999999771e+00 nan nan nan
9.737500000000000044e-01 1.706366499999999897e+00 nan nan nan
9.762499999999999512e-01 1.669488749999999966e+00 nan nan nan
9.787500000000000089e-01 1.660440499999999986e+00 nan nan nan
9.812499999999999556e-01 1.681966500000000142e+00 nan nan nan
9.837500000000000133e-01 1.737411999999999956e+00 nan nan nan
9.862499999999999600e-01 1.720510500000000054e+00 nan nan nan
9.887500000000000178e-01 1.699985999999999997e+00 nan nan nan
9.912499999999999645e-01 1.729207750000000043e+00 nan nan nan
9.937500000000000222e-01 1.738671749999999960e+00 nan nan nan
9.962499999999999689e-01 1.721629749999999959e+00 nan nan nan
9.987500000000000266e-01 1.724239000000000077e+00 nan nan nan
1.001249999999999973e+00 1.717921999999999949e+00 nan nan nan
1.003749999999999920e+00 1.713539750000000028e+00 nan nan nan
1.006250000000000089e+00 1.707170749999999959e+00 nan nan nan
1.008750000000000036e+00 1.708590749999999936e+00 nan nan nan
1.011249999999999982e+00 1.695801249999999927e+00 nan nan nan
1.013749999999999929e+00 1.707119249999999866e+00 nan nan nan
1.016250000000000098e+00 1.688881249999999890e+00 nan nan nan
1.018750000000000044e+00 1.696284000000000125e+00 nan nan nan
1.021249999999999991e+00 1.697498500000000021e+00 nan nan nan
1.023749999999999938e+00 1.705474249999999969e+00 nan nan nan
1.026250000000000107e+00 1.713111249999999863e+00 nan nan nan
1.028750000000000053e+00 1.645084999999999908e+00 nan nan nan
1.031250000000000000e+00 1.667247750000000028e+00 nan nan nan
1.033749999999999947e+00 1.682513750000000030e+00 nan nan nan
1.036249999999999893e+00 1.664103749999999993e+00 nan nan nan
1.038750000000000062e+00 1.649975500000000039e+00 nan nan nan
1.041250000000000009e+00 1.641358750000000200e+00 nan nan nan
1.043749999999999956e+00 1.667001500000000025e+00 nan nan nan
1.046249999999999902e+00 1.656604750000000070e+00 nan nan nan
1.048750000000000071e+00 1.621550000000000047e+00 nan nan nan
1.051250000000000018e+00 1.659177499999999972e+00 nan nan nan
1.053749999999999964e+00 1.619366499999999931e+00 nan nan nan
1.056249999999999911e+00 1.642252749999999928e+00 nan nan nan
1.058750000000000080e+00 1.590836499999999987e+00 nan nan nan
1.061250000000000027e+00 1.618686249999999882e+00 nan nan nan
1.063749999999999973e+00 1.596367249999999904e+00 nan nan nan
1.066249999999999920e+00 1.591350249999999855e+00 nan nan nan
1.068750000000000089e+00 1.574007000000000156e+00 nan nan nan
1.071250000000000036e+00 1.572208999999999968e+00 nan nan nan
1.073749999999999982e+00 1.569969500000000018e+00 nan nan nan
1.076249999999999929e+00 1.552145999999999804e+00 nan nan nan
1.078750000000000098e+00 1.550751250000000026e+00 nan nan nan
1.081250000000000044e+00 1.557509250000000067e+00 nan nan nan
1.083749999999999991e+00 1.540588749999999951e+00 nan nan nan
1.086249999999999938e+00 1.503872250000000133e+00 nan nan nan
1.088750000000000107e+00 1.511990500000000015e+00 nan nan nan
1.091250000000000053e+00 1.508594250000000025e+00 nan nan nan
1.093750000000000000e+00 1.501492999999999967e+00 nan nan nan
1.096249999999999947e+00 1.497826499999999950e+00 nan nan nan
1.098749999999999893e+00 1.506921750000000060e+00 nan nan nan
1.101250000000000062e+00 1.457521749999999949e+00 nan nan nan
1.103750000000000009e+00 1.460319499999999771e+00 nan nan nan
1.106249999999999956e+00 1.476168499999999995e+00 nan nan nan
1.108749999999999902e+00 1.463106249999999831e+00 nan nan nan
1.111250000000000071e+00 1.424406000000000061e+00 nan nan nan
1.113750000000000018e+00 1.446924249999999912e+00 nan nan nan
1.116249999999999964e+00 1.428102999999999900e+00 nan nan nan
1.118749999999999911e+00 1.392774749999999839e+00 nan nan nan
1.121250000000000080e+00 1.428642999999999885e+00 nan nan nan
1.123750000000000027e+00 1.389469999999999983e+00 nan nan nan
1.126249999999999973e+00 1.400750249999999975e+00 nan nan nan
1.128749999999999920e+00 1.392755750000000070e+00 nan nan nan
1.131250000000000089e+00 1.376671250000000013e+00 nan nan nan
1.133750000000000036e+00 1.384949750000000090e+00 nan nan nan
1.136249999999999982e+00 1.360544250000000011e+00 nan nan nan
1.138749999999999929e+00 1.343889499999999959e+00 nan nan nan
1.141250000000000098e+00 1.330198499999999839e+00 nan nan nan
1.143750000000000044e+00 1.334983500000000101e+00 nan nan nan
1.146249999999999991e+00 1.330715249999999905e+00 nan nan nan
1.148749999999999938e+00 1.332445000000000102e+00 nan nan nan
1.151250000000000107e+00 1.317070999999999881e+00 nan nan nan
1.153750000000000053e+00 1.328180499999999986e+00 nan nan nan
1.156250000000000000e+00 1.316546999999999912e+00 nan nan nan
1.158749999999999947e+00 1.275834750000000017e+00 nan nan nan
1.161249999999999893e+00 1.298539250000000145e+00 nan nan nan
1.163750000000000062e+00 1.276442499999999924e+00 nan nan nan
1.166250000000000009e+00 1.280885250000000086e+00 nan nan nan
1.168749999999999956e+00 1.265916999999999959e+00 nan nan nan
1.171249999999999902e+00 1.266172500000000145e+00 nan nan nan
1.173750000000000071e+00 1.261153750000000073e+00 nan nan nan
1.176250000000000018e+00 1.270410500000000109e+00 nan nan nan
1.178749999999999964e+00 1.265850749999999802e+00 nan nan nan
1.181249999999999911e+00 1.238355499999999942e+00 nan nan nan
1.183750000000000080e+00 1.230317499999999953e+00 nan nan nan
1.186250000000000027e+00 1.225499000000000116e+00 nan nan nan
1.188749999999999973e+00 1.222778750000000025e+00 nan nan nan
1.191249999999999920e+00 1.212634500000000060e+00 nan nan nan
1.193750000000000089e+00 1.237629250000000125e+00 nan nan nan
1.196250000000000036e+00 1.214957999999999982e+00 nan nan nan
1.198749999999999982e+00 1.192553499999999822e+00 nan nan nan
1.201249999999999929e+00 1.192000499999999796e+00 nan nan nan
1.203750000000000098e+00 1.193810999999999956e+00 nan nan nan
1.206250000000000044e+00 1.189042500000000002e+00 nan nan nan
1.208749999999999991e+00 1.175339499999999759e+00 nan nan nan
1.211249999999999938e+00 1.167113000000000067e+00 nan nan nan
1.213750000000000107e+00 1.175946750000000041e+00 nan nan nan
1.216250000000000053e+00 1.175500750000000094e+00 nan nan nan
1.218750000000000000e+00 1.169741500000000212e+00 nan nan nan
1.221249999999999947e+00 1.177489250000000043e+00 nan nan nan
1.223749999999999893e+00 1.148400749999999970e+00 nan nan nan
1.226250000000000062e+00 1.122414749999999906e+00 nan nan nan
1.228750000000000009e+00 1.134778999999999982e+00 nan nan nan
1.231249999999999956e+00 1.143007749999999989e+00 nan nan nan
1.233749999999999902e+00 1.139716750000000056e+00 nan nan nan
1.236250000000000071e+00 1.117640749999999850e+00 nan nan nan
1.238750000000000018e+00 1.093910999999999856e+00 nan nan nan
1.241249999999999964e+00 1.125160249999999973e+00 nan nan nan
1.243749999999999911e+00 1.105106499999999992e+00 nan nan nan
1.246250000000000080e+00 1.098958499999999949e+00 nan nan nan
1.248750000000000027e+00 1.109891500000000031e+00 nan nan nan
1.251249999999999973e+00 1.098882750000000019e+00 nan nan nan
1.253749999999999920e+00 1.078488499999999961e+00 nan nan nan
1.256250000000000089e+00 1.098128750000000098e+00 nan nan nan
1.258750000000000036e+00 1.095937999999999857e+00 nan nan nan
1.261249999999999982e+00 1.073613250000000185e+00 nan nan nan
1.263749999999999929e+00 1.070006750000000117e+00 nan nan nan
1.266250000000000098e+00 1.066023750000000048e+00 nan nan nan
1.268750000000000044e+00 1.058272749999999984e+00 nan nan nan
1.271249999999999991e+00 1.067017250000000139e+00 nan nan nan
1.273749999999999938e+00 1.078506250000000000e+00 nan nan nan
1.276250000000000107e+00 1.048446750000000094e+00 nan nan nan
1.278750000000000053e+00 1.046917249999999910e+00 nan nan nan
1.281250000000000000e+00 1.057861999999999858e+00 nan nan nan
1.283749999999999947e+00 1.054825999999999819e+00 nan nan nan
1.286249999999999893e+00 1.032899500000000081e+00 nan nan nan
1.288750000000000062e+00 1.027134999999999909e+00 nan nan nan
1.291250000000000009e+00 1.025754749999999937e+00 nan nan nan
1.293749999999999956e+00 1.035543749999999985e+00 nan nan nan
1.296249999999999902e+00 1.023002250000000002e+00 nan nan nan
1.298750000000000071e+00 1.017409499999999856e+00 nan nan nan
1.301250000000000018e+00 1.019886500000000140e+00 nan nan nan
1.303749999999999964e+00 1.017025750000000173e+00 nan nan nan
1.306249999999999911e+00 1.021482750000000106e+00 nan nan nan
1.308750000000000080e+00 1.016470500000000055e+00 nan nan nan
1.311250000000000027e+00 1.004464000000000024e+00 nan nan nan
1.313749999999999973e+00 1.006169499999999939e+00 nan nan nan
1.316249999999999920e+00 1.011891749999999979e+00 nan nan nan
1.318750000000000089e+00 1.001551999999999998e+00 nan nan nan
1.321250000000000036e+00 1.007525500000000074e+00 nan nan nan
1.323749999999999982e+00 9.973382499999999817e-01 nan nan nan
1.326249999999999929e+00 9.810039999999999871e-01 nan nan nan
1.328750000000000098e+00 9.920067500000000482e-01 nan nan nan
1.331250000000000044e+00 9.869212499999999721e-01 nan nan nan
1.333749999999999991e+00 9.870132500000000642e-01 nan nan nan
1.336249999999999938e+00 9.781250000000000222e-01 nan nan nan
1.338750000000000107e+00 9.617057499999999148e-01 nan nan nan
1.341250000000000053e+00 9.602439999999999864e-01 nan nan nan
1.343750000000000000e+00 9.656877499999999559e-01 nan nan nan
1.346249999999999947e+00 9.616837500000000594e-01 nan nan nan
1.348749999999999893e+00 9.703534999999999799e-01 nan nan nan
1.351250000000000062e+00 9.645380000000001175e-01 nan nan nan
1.353750000000000009e+00 9.608400000000000274e-01 nan nan nan
1.356249999999999956e+00 9.435457499999999609e-01 nan nan nan
1.358749999999999902e+00 9.540570000000000439e-01 nan nan nan
1.361250000000000071e+00 9.443117500000000053e-01 nan nan nan
1.363750000000000018e+00 9.443394999999999984e-01 nan nan nan
1.366249999999999964e+00 9.479024999999999812e-01 nan nan nan
1.368749999999999911e+00 9.466149999999999842e-01 nan nan nan
1.371250000000000080e+00 9.359307499999999225e-01 nan nan nan
1.373750000000000027e+00 9.337402500000000494e-01 nan nan nan
1.376249999999999973e+00 9.465295000000000236e-01 nan nan nan
1.378749999999999920e+00 9.448387499999999495e-01 nan nan nan
1.381250000000000089e+00 9.368900000000000006e-01 nan nan nan
1.383750000000000036e+00 9.286600000000000410e-01 nan nan nan
1.386249999999999982e+00 9.334517499999999135e-01 nan nan nan
1.388749999999999929e+00 9.333902499999999769e-01 nan nan nan
1.391250000000000098e+00 9.266232500000000094e-01 nan nan nan
1.393750000000000044e+00 9.176072499999999854e-01 nan nan nan
1.396249999999999991e+00 9.166070000000000606e-01 nan nan nan
1.398749999999999938e+00 9.219767500000000116e-01 nan nan nan
1.401250000000000107e+00 9.157760000000000344e-01 nan nan nan
1.403750000000000053e+00 9.070325000000000193e-01 nan nan nan
1.406250000000000000e+00 9.131329999999999725e-01 nan nan nan
1.408749999999999947e+00 9.096387499999999404e-01 nan nan nan
1.411249999999999893e+00 9.162502499999999328e-01 nan nan nan
1.413750000000000062e+00 9.049335000000000573e-01 nan nan nan
1.416250000000000009e+00 9.051012499999999683e-01 nan nan nan
1.418749999999999956e+00 8.930707500000000243e-01 nan nan nan
1.421249999999999902e+00 9.045349999999999779e-01 nan nan nan
1.423750000000000071e+00 9.061909999999999688e-01 nan nan nan
1.426250000000000018e+00 9.058297499999999891e-01 nan nan nan
1.428749999999999964e+00 8.836652500000000687e-01 nan nan nan
1.431249999999999911e+00 9.170157500000000184e-01 nan nan nan
1.433750000000000080e+00 8.934089999999998977e-01 nan nan nan
1.436250000000000027e+00 9.068819999999999659e-01 nan nan nan
1.438749999999999973e+00 9.059442500000000065e-01 nan nan nan
1.441249999999999920e+00 8.925817500000000626e-01 nan nan nan
1.443750000000000089e+00 8.944339999999999513e-01 nan nan nan
1.446250000000000036e+00 8.868464999999999820e-01 nan nan nan
1.448749999999999982e+00 8.975397499999999695e-01 nan nan nan
1.451249999999999929e+00 8.846095000000000486e-01 nan nan nan
1.453750000000000098e+00 8.768167500000000336e-01 nan nan nan
1.456250000000000044e+00 8.920360000000000511e-01 nan nan nan
1.458749999999999991e+00 8.839019999999999655e-01 nan nan nan
1.461249999999999938e+00 8.908840000000000092e-01 nan nan nan
1.463750000000000107e+00 8.801879999999999704e-01 nan nan nan
1.466250000000000053e+00 8.684362500000000207e-01 nan nan nan
1.468750000000000000e+00 8.854042500000001148e-01 nan nan nan
1.471249999999999947e+00 8.933234999999999371e-01 nan nan nan
1.473749999999999893e+00 8.716207500000000552e-01 nan nan nan
1.476250000000000062e+00 8.886830000000000007e-01 nan nan nan
1.478750000000000009e+00 8.801565000000000083e-01 nan nan nan
1.481249999999999956e+00 8.773617499999999403e-01 nan nan nan
1.483749999999999902e+00 8.647052500000000919e-01 nan nan nan
1.486250000000000071e+00 8.740590000000000304e-01 nan nan nan
1.488750000000000018e+00 8.749119999999999120e-01 nan nan nan
1.491249999999999964e+00 8.791849999999999943e-01 nan nan nan
1.493749999999999911e+00 8.655885000000000939e-01 nan nan nan
1.496250000000000080e+00 8.817812499999999609e-01 nan nan nan
1.498750000000000027e+00 8.796909999999998897e-01 nan nan nan
1.501249999999999973e+00 8.632237499999999564e-01 nan nan nan
1.503749999999999920e+00 8.815542499999999837e-01 nan nan nan
1.506250000000000089e+00 8.604164999999999175e-01 nan nan nan
1.508750000000000036e+00 8.658344999999999514e-01 nan nan nan
1.511249999999999982e+00 8.685392499999999849e-01 nan nan nan
1.513749999999999929e+00 8.746064999999999534e-01 nan nan nan
1.516250000000000098e+00 8.691804999999999115e-01 nan nan nan
1.518750000000000044e+00 8.788344999999999629e-01 nan nan nan
1.521249999999999991e+00 8.740252500000000868e-01 nan nan nan
1.523749999999999938e+00 8.805787499999999657e-01 nan nan nan
1.526250000000000107e+00 8.582102500000000633e-01 nan nan nan
1.528750000000000053e+00 8.727607499999999741e-01 nan nan nan
1.531250000000000000e+00 8.685032500000000599e-01 nan nan nan
1.533749999999999947e+00 8.751329999999999387e-01 nan nan nan
1.536249999999999893e+00 8.618894999999999751e-01 nan nan nan
1.538750000000000062e+00 8.682737500000000663e-01 nan nan nan
1.541250000000000009e+00 8.762179999999999414e-01 nan nan nan
1.543749999999999956e+00 8.636719999999999953e-01 nan nan nan
1.546249999999999902e+00 8.714642499999999403e-01 nan nan nan
1.548750000000000071e+00 8.693422500000000941e-01 nan nan nan
1.551250000000000018e+00 8.891572500000000101e-01 nan nan nan
1.553749999999999964e+00 8.755015000000000436e-01 nan nan nan
1.556249999999999911e+00 8.732155000000001444e-01 nan nan nan
1.558750000000000080e+00 8.592180000000000373e-01 nan nan nan
1.561250000000000027e+00 8.739434999999999842e-01 nan nan nan
1.563749999999999973e+00 8.713589999999999947e-01 nan nan nan
1.566249999999999920e+00 8.725705000000000267e-01 nan nan nan
1.568750000000000089e+00 8.692234999999999268e-01 nan nan nan
1.571250000000000036e+00 8.829917500000000752e-01 nan nan nan
1.573749999999999982e+00 8.725902499999999007e-01 nan nan nan
1.576249999999999929e+00 8.692104999999999970e-01 nan nan nan
1.578750000000000098e+00 8.756935000000000136e-01 nan nan nan
1.581250000000000044e+00 8.681465000000000432e-01 nan nan nan
1.583749999999999991e+00 8.806152500000000716e-01 nan nan nan
1.586249999999999938e+00 8.681897499999999823e-01 nan nan nan
1.588750000000000107e+00 8.665177499999999755e-01 nan nan nan
1.591250000000000053e+00 8.730367500000000280e-01 nan nan nan
1.593750000000000000e+00 8.836154999999999982e-01 nan nan nan
1.596249999999999947e+00 8.695220000000000171e-01 nan nan nan
1.598749999999999893e+00 8.690432500000000449e-01 nan nan nan
1.601250000000000062e+00 8.780847499999999695e-01 nan nan nan
1.603750000000000009e+00 8.762389999999999901e-01 nan nan nan
1.606249999999999956e+00 8.827784999999999105e-01 nan nan nan
1.608749999999999902e+00 8.748782499999999684e-01 nan nan nan
1.611250000000000071e+00 8.862707500000001071e-01 nan nan nan
1.613750000000000018e+00 8.804997500000000255e-01 nan nan nan
1.616249999999999964e+00 8.838622499999999604e-01 nan nan nan
1.618749999999999911e+00 8.789017499999999261e-01 nan nan nan
1.621250000000000080e+00 8.824339999999999407e-01 nan nan nan
1.623750000000000027e+00 8.864217500000000083e-01 nan nan nan
1.626249999999999973e+00 8.854292500000000565e-01 nan nan nan
1.628749999999999920e+00 8.924909999999999233e-01 nan nan nan
1.631250000000000089e+00 8.875592499999999108e-01 nan nan nan
1.633750000000000036e+00 9.015177500000000066e-01 nan nan nan
1.636249999999999982e+00 8.971029999999999838e-01 nan nan nan
1.638749999999999929e+00 8.972084999999999644e-01 nan nan nan
1.641250000000000098e+00 8.923060000000000436e-01 nan nan nan
1.643750000000000044e+00 9.005117500000000552e-01 nan nan nan
1.646249999999999991e+00 8.927585000000000104e-01 nan nan nan
1.648749999999999938e+00 8.920177499999999426e-01 nan nan nan
1.651250000000000107e+00 8.922567499999999319e-01 nan nan nan
1.653750000000000053e+00 9.019277500000000281e-01 nan nan nan
1.656250000000000000e+00 9.042587500000000000e-01 nan nan nan
1.658749999999999947e+00 9.100384999999999724e-01 nan nan nan
1.661249999999999893e+00 9.018190000000000373e-01 nan nan nan
1.663750000000000062e+00 9.098135000000000527e-01 nan nan nan
1.666250000000000009e+00 9.022765000000000368e-01 nan nan nan
1.668749999999999956e+00 9.072912499999999936e-01 nan nan nan
1.671249999999999902e+00 9.079022500000000218e-01 nan nan nan
1.673750000000000071e+00 9.041935000000000944e-01 nan nan nan
1.676250000000000018e+00 9.129922499999999497e-01 nan nan nan
1.678749999999999964e+00 9.086959999999999482e-01 nan nan nan
1.681249999999999911e+00 8.964145000000000030e-01 nan nan nan
1.683750000000000080e+00 9.094067500000000415e-01 nan nan nan
1.686250000000000027e+00 9.161920000000001174e-01 nan nan nan
1.688749999999999973e+00 9.189652500000000668e-01 nan nan nan
1.691249999999999920e+00 9.130942499999999962e-01 nan nan nan
1.693750000000000089e+00 9.222344999999999571e-01 nan nan nan
1.696250000000000036e+00 9.112105000000000343e-01 nan nan nan
1.698749999999999982e+00 9.221890000000000365e-01 nan nan nan
1.701249999999999929e+00 9.264217500000000438e-01 nan nan nan
1.703750000000000098e+00 9.323342500000000310e-01 nan nan nan
1.706250000000000044e+00 9.272017499999999357e-01 nan nan nan
1.708749999999999991e+00 9.197005000000000319e-01 nan nan nan
1.711249999999999938e+00 9.389852499999999935e-01 nan nan nan
1.713750000000000107e+00 9.366377500000000467e-01 nan nan nan
1.716250000000000053e+00 9.230327499999999574e-01 nan nan nan
1.718750000000000000e+00 9.372647499999999798e-01 nan nan nan
1.721249999999999947e+00 9.261752500000000055e-01 nan nan nan
1.723749999999999893e+00 9.348307499999999326e-01 nan nan nan
1.726250000000000062e+00 9.462482500000000130e-01 nan nan nan
1.728750000000000009e+00 9.406202499999999356e-01 nan nan nan
1.731249999999999956e+00 9.377784999999999593e-01 nan nan nan
1.733749999999999902e+00 9.385022499999999823e-01 nan nan nan
1.736250000000000071e+00 9.449119999999999742e-01 nan nan nan
1.738750000000000018e+00 9.521222499999999478e-01 nan nan nan
1.741249999999999964e+00 9.509414999999999951e-01 nan nan nan
1.743749999999999911e+00 9.589217500000000172e-01 nan nan nan
1.746250000000000080e+00 9.493814999999999893e-01 nan nan nan
1.748750000000000027e+00 9.678729999999999833e-01 nan nan nan
1.751249999999999973e+00 9.612977499999999509e-01 nan nan nan
1.753749999999999920e+00 9.506630000000000358e-01 nan nan nan
1.756250000000000089e+00 9.531522500000000342e-01 nan nan nan
1.758750000000000036e+00 9.561172499999999186e-01 nan nan nan
1.761249999999999982e+00 9.698005000000000653e-01 nan nan nan
1.763749999999999929e+00 9.620667500000000816e-01 nan nan nan
1.766250000000000098e+00 9.672520000000000007e-01 nan nan nan
1.768750000000000044e+00 9.668769999999999865e-01 nan nan nan
1.771249999999999991e+00 9.622039999999999482e-01 nan nan nan
1.773749999999999938e+00 9.552904999999999314e-01 nan nan nan
1.776250000000000107e+00 9.817402500000000920e-01 nan nan nan
1.778750000000000053e+00 9.792637499999999884e-01 nan nan nan
1.781250000000000000e+00 9.659774999999999334e-01 nan nan nan
1.783749999999999947e+00 9.820137500000000186e-01 nan nan nan
1.786249999999999893e+00 9.839692500000000175e-01 nan nan nan
1.788750000000000062e+00 9.813795000000000712e-01 nan nan nan
1.791250000000000009e+00 9.740452500000000846e-01 nan nan nan
1.793749999999999956e+00 9.869017500000000220e-01 nan nan nan
1.796249999999999902e+00 9.869940000000001490e-01 nan nan nan
1.798750000000000071e+00 9.891645000000001131e-01 nan nan nan
1.801250000000000018e+00 1.002683750000000096e+00 nan nan nan
1.803749999999999964e+00 9.968190000000000106e-01 nan nan nan
1.806249999999999911e+00 9.938664999999999861e-01 nan nan nan
1.808750000000000080e+00 9.988942499999999836e-01 nan nan nan
1.811250000000000027e+00 9.978830000000000755e-01 nan nan nan
1.813749999999999973e+00 9.926987499999999631e-01 nan nan nan
1.816249999999999920e+00 1.013749750000000116e+00 nan nan nan
1.818750000000000089e+00 9.992795000000000982e-01 nan nan nan
1.821250000000000036e+00 1.008229250000000077e+00 nan nan nan
1.823749999999999982e+00 1.008104749999999994e+00 nan nan nan
1.826249999999999929e+00 1.005270249999999921e+00 nan nan nan
1.828750000000000098e+00 1.017579250000000268e+00 nan nan nan
1.831250000000000044e+00 1.003921250000000098e+00 nan nan nan
1.833749999999999991e+00 1.021906500000000051e+00 nan nan nan
1.836249999999999938e+00 1.016637000000000013e+00 nan nan nan
1.838750000000000107e+00 1.007970000000000033e+00 nan nan nan
1.841250000000000053e+00 1.005122249999999884e+00 nan nan nan
1.843750000000000000e+00 1.008981249999999941e+00 nan nan nan
1.846249999999999947e+00 1.008526250000000068e+00 nan nan nan
1.848749999999999893e+00 1.033663750000000103e+00 nan nan nan
1.851250000000000062e+00 1.016219250000000018e+00 nan nan nan
1.853750000000000009e+00 1.021249999999999991e+00 nan nan nan
1.856249999999999956e+00 1.016951500000000008e+00 nan nan nan
1.858749999999999902e+00 1.025331749999999875e+00 nan nan nan
1.861250000000000071e+00 1.032855999999999996e+00 nan nan nan
1.863750000000000018e+00 1.019947500000000007e+00 nan nan nan
1.866249999999999964e+00 1.025248249999999972e+00 nan nan nan
1.868749999999999911e+00 1.020322249999999986e+00 nan nan nan
1.871250000000000080e+00 1.020866000000000051e+00 nan nan nan
1.873750000000000027e+00 1.033824499999999924e+00 nan nan nan
1.876249999999999973e+00 1.026267749999999923e+00 nan nan nan
1.878749999999999920e+00 1.031463249999999832e+00 nan nan nan
1.881250000000000089e+00 1.032495749999999823e+00 nan nan nan
1.883750000000000036e+00 1.036099000000000103e+00 nan nan nan
1.886249999999999982e+00 1.034819750000000038e+00 nan nan nan
1.888749999999999929e+00 1.028482249999999931e+00 nan nan nan
1.891250000000000098e+00 1.046667250000000049e+00 nan nan nan
1.893750000000000044e+00 1.035822000000000020e+00 nan nan nan
1.896249999999999991e+00 1.043559250000000160e+00 nan nan nan
1.898749999999999938e+00 1.034006500000000051e+00 nan nan nan
1.901250000000000107e+00 1.044444249999999963e+00 nan nan nan
1.903750000000000053e+00 1.048543999999999921e+00 nan nan nan
1.906250000000000000e+00 1.048314750000000073e+00 nan nan nan
1.908749999999999947e+00 1.055551750000000011e+00 nan nan nan
1.911249999999999893e+00 1.055367749999999827e+00 nan nan nan
1.913750000000000062e+00 1.052022000000000013e+00 nan nan nan
1.916250000000000009e+00 1.052395500000000039e+00 nan nan nan
1.918749999999999956e+00 1.046201249999999972e+00 nan nan nan
1.921249999999999902e+00 1.038072000000000106e+00 nan nan nan
1.923750000000000071e+00 1.044308499999999862e+00 nan nan nan
1.926250000000000018e+00 1.041188500000000072e+00 nan nan nan
1.928749999999999964e+00 1.052811750000000046e+00 nan nan nan
1.931249999999999911e+00 1.048724250000000024e+00 nan nan nan
1.933750000000000080e+00 1.042478250000000051e+00 nan nan nan
1.936250000000000027e+00 1.051691999999999849e+00 nan nan nan
1.938749999999999973e+00 1.056389499999999870e+00 nan nan nan
1.941249999999999920e+00 1.053198249999999891e+00 nan nan nan
1.943750000000000089e+00 1.047024250000000212e+00 nan nan nan
1.946250000000000036e+00 1.050143250000000084e+00 nan nan nan
1.948749999999999982e+00 1.049124500000000015e+00 nan nan nan
1.951249999999999929e+00 1.047740500000000186e+00 nan nan nan
1.953750000000000098e+00 1.051256500000000038e+00 nan nan nan
1.956250000000000044e+00 1.046844000000000108e+00 nan nan nan
1.958749999999999991e+00 1.053153999999999924e+00 nan nan nan
1.961249999999999938e+00 1.059362750000000020e+00 nan nan nan
1.963750000000000107e+00 1.050732500000000069e+00 nan nan nan
1.966250000000000053e+00 1.047042499999999876e+00 nan nan nan
1.968750000000000000e+00 1.054685500000000165e+00 nan nan nan
1.971249999999999947e+00 1.052273749999999897e+00 nan nan nan
1.973749999999999893e+00 1.054342499999999960e+00 nan nan nan
1.976250000000000062e+00 1.056364500000000151e+00 nan nan nan
1.978750000000000009e+00 1.054996249999999858e+00 nan nan nan
1.981249999999999956e+00 1.049646500000000149e+00 nan nan nan
1.983749999999999902e+00 1.047713499999999964e+00 nan nan nan
1.986250000000000071e+00 1.054746500000000031e+00 nan nan nan
1.988750000000000018e+00 1.038626499999999897e+00 nan nan nan
1.991249999999999964e+00 1.054458499999999965e+00 nan nan nan
1.993749999999999911e+00 1.045546499999999934e+00 nan nan nan
1.996250000000000080e+00 1.037824250000000115e+00 nan nan nan
1.998750000000000027e+00 1.059004250000000091e+00 nan nan nan
2.001250000000000195e+00 1.056645999999999974e+00 nan nan nan
2.003750000000000142e+00 1.043306999999999984e+00 nan nan nan
2.006250000000000089e+00 1.061684000000000072e+00 nan nan nan
2.008750000000000036e+00 1.066794250000000055e+00 nan nan nan
2.011249999999999982e+00 1.063169499999999879e+00 nan nan nan
2.013749999999999929e+00 1.053163000000000071e+00 nan nan nan
2.016249999999999876e+00 1.038417750000000028e+00 nan nan nan
2.018749999999999822e+00 1.048046250000000068e+00 nan nan nan
2.021250000000000213e+00 1.048287500000000039e+00 nan nan nan
2.023750000000000160e+00 1.051411499999999943e+00 nan nan nan
2.026250000000000107e+00 1.049964499999999967e+00 nan nan nan
2.028750000000000053e+00 1.060476500000000044e+00 nan nan nan
2.031250000000000000e+00 1.052659750000000116e+00 nan nan nan
2.033749999999999947e+00 1.054530500000000037e+00 nan nan nan
2.036249999999999893e+00 1.055592499999999934e+00 nan nan nan
2.038749999999999840e+00 1.051536750000000131e+00 nan nan nan
2.041249999999999787e+00 1.038221000000000060e+00 nan nan nan
2.043750000000000178e+00 1.037569999999999881e+00 nan nan nan
2.046250000000000124e+00 1.045209000000000277e+00 nan nan nan
2.048750000000000071e+00 1.044628749999999995e+00 nan nan nan
2.051250000000000018e+00 1.057042250000000072e+00 nan nan nan
2.053749999999999964e+00 1.042713750000000106e+00 nan nan nan
2.056249999999999911e+00 1.052569250000000123e+00 nan nan nan
2.058749999999999858e+00 1.044315000000000104e+00 nan nan nan
2.061249999999999805e+00 1.046631000000000089e+00 nan nan nan
2.063750000000000195e+00 1.048783749999999904e+00 nan nan nan
2.066250000000000142e+00 1.048332250000000077e+00 nan nan nan
2.068750000000000089e+00 1.052990000000000093e+00 nan nan nan
2.071250000000000036e+00 1.046951999999999883e+00 nan nan nan
2.073749999999999982e+00 1.045020749999999943e+00 nan nan nan
2.076249999999999929e+00 1.046900249999999977e+00 nan nan nan
2.078749999999999876e+00 1.044854750000000054e+00 nan nan nan
2.081249999999999822e+00 1.044283000000000072e+00 nan nan nan
2.083750000000000213e+00 1.049568250000000091e+00 nan nan nan
2.086250000000000160e+00 1.043636250000000043e+00 nan nan nan
2.088750000000000107e+00 1.028724500000000042e+00 nan nan nan
2.091250000000000053e+00 1.046763499999999958e+00 nan nan nan
2.093750000000000000e+00 1.040842500000000115e+00 nan nan nan
2.096249999999999947e+00 1.039837000000000122e+00 nan nan nan
2.098749999999999893e+00 1.042759499999999839e+00 nan nan nan
2.101249999999999840e+00 1.045318999999999887e+00 nan nan nan
2.103749999999999787e+00 1.038526500000000130e+00 nan nan nan
2.106250000000000178e+00 1.029270249999999942e+00 nan nan nan
2.108750000000000124e+00 1.030205250000000072e+00 nan nan nan
2.111250000000000071e+00 1.035041000000000100e+00 nan nan nan
2.113750000000000018e+00 1.032850250000000081e+00 nan nan nan
2.116249999999999964e+00 1.034726499999999882e+00 nan nan nan
2.118749999999999911e+00 1.037271000000000054e+00 nan nan nan
2.121249999999999858e+00 1.028497999999999912e+00 nan nan nan
2.123749999999999805e+00 1.037692750000000164e+00 nan nan nan
2.126250000000000195e+00 1.036069499999999977e+00 nan nan nan
2.128750000000000142e+00 1.034423000000000092e+00 nan nan nan
2.131250000000000089e+00 1.033872750000000007e+00 nan nan nan
2.133750000000000036e+00 1.039997500000000130e+00 nan nan nan
2.136249999999999982e+00 1.030989500000000003e+00 nan nan nan
2.138749999999999929e+00 1.027607750000000042e+00 nan nan nan
2.141249999999999876e+00 1.024017249999999990e+00 nan nan nan
2.143749999999999822e+00 1.029293749999999896e+00 nan nan nan
2.146250000000000213e+00 1.025848499999999941e+00 nan nan nan
2.148750000000000160e+00 1.030182249999999966e+00 nan nan nan
2.151250000000000107e+00 1.035536749999999895e+00 nan nan nan
2.153750000000000053e+00 1.026912000000000047e+00 nan nan nan
2.156250000000000000e+00 1.029017249999999883e+00 nan nan nan
2.158749999999999947e+00 1.024316000000000004e+00 nan nan nan
2.161249999999999893e+00 1.022383249999999855e+00 nan nan nan
2.163749999999999840e+00 1.025779250000000031e+00 nan nan nan
2.166249999999999787e+00 1.023521499999999973e+00 nan nan nan
2.168750000000000178e+00 1.028488999999999987e+00 nan nan nan
2.171250000000000124e+00 1.021833750000000096e+00 nan nan nan
2.173750000000000071e+00 1.028472000000000053e+00 nan nan nan
2.176250000000000018e+00 1.029090749999999943e+00 nan nan nan
2.178749999999999964e+00 1.027560499999999877e+00 nan nan nan
2.181249999999999911e+00 1.017643499999999923e+00 nan nan nan
2.183749999999999858e+00 1.014168249999999993e+00 nan nan nan
2.186249999999999805e+00 1.016239749999999997e+00 nan nan nan
2.188750000000000195e+00 1.015432500000000182e+00 nan nan nan
2.191250000000000142e+00 1.017141749999999956e+00 nan nan nan
2.193750000000000089e+00 1.014930249999999923e+00 nan nan nan
2.196250000000000036e+00 1.017418500000000225e+00 nan nan nan
2.198749999999999982e+00 1.022417749999999792e+00 nan nan nan
2.201249999999999929e+00 1.016134499999999941e+00 nan nan nan
2.203749999999999876e+00 1.019040500000000016e+00 nan nan nan
2.206249999999999822e+00 1.011272749999999832e+00 nan nan nan
2.208750000000000213e+00 1.020869000000000026e+00 nan nan nan
2.211250000000000160e+00 1.012789249999999974e+00 nan nan nan
2.213750000000000107e+00 1.013331250000000017e+00 nan nan nan
2.216250000000000053e+00 1.013013750000000046e+00 nan nan nan
2.218750000000000000e+00 1.005308250000000125e+00 nan nan nan
2.221249999999999947e+00 1.016215250000000125e+00 nan nan nan
2.223749999999999893e+00 1.019125250000000094e+00 nan nan nan
2.226249999999999840e+00 1.007627749999999933e+00 nan nan nan
2.228749999999999787e+00 1.018269249999999904e+00 nan nan nan
2.231250000000000178e+00 1.008429250000000055e+00 nan nan nan
2.233750000000000124e+00 1.010581249999999986e+00 nan nan nan
2.236250000000000071e+00 1.005882249999999978e+00 nan nan nan
2.238750000000000018e+00 1.002749499999999960e+00 nan nan nan
2.241249999999999964e+00 1.007043750000000015e+00 nan nan nan
2.243749999999999911e+00 1.007629749999999991e+00 nan nan nan
2.246249999999999858e+00 1.001305749999999994e+00 nan nan nan
2.248749999999999805e+00 1.010672000000000015e+00 nan nan nan
2.251250000000000195e+00 1.008804500000000104e+00 nan nan nan
2.253750000000000142e+00 1.006743249999999978e+00 nan nan nan
2.256250000000000089e+00 1.009858499999999992e+00 nan nan nan
2.258750000000000036e+00 9.988517500000000382e-01 nan nan nan
2.261249999999999982e+00 1.004925000000000068e+00 nan nan nan
2.263749999999999929e+00 1.007767999999999997e+00 nan nan nan
2.266249999999999876e+00 1.006486750000000097e+00 nan nan nan
2.268749999999999822e+00 9.963647499999999102e-01 nan nan nan
2.271250000000000213e+00 1.005166000000000004e+00 nan nan nan
2.273750000000000160e+00 1.002513999999999905e+00 nan nan nan
2.276250000000000107e+00 1.008631999999999973e+00 nan nan nan
2.278750000000000053e+00 1.000690249999999892e+00 nan nan nan
2.281250000000000000e+00 1.006707500000000088e+00 nan nan nan
2.283749999999999947e+00 9.968494999999999440e-01 nan nan nan
2.286249999999999893e+00 9.985142500000000476e-01 nan nan nan
2.288749999999999840e+00 9.943197500000000577e-01 nan nan nan
2.291249999999999787e+00 9.993682500000000690e-01 nan nan nan
2.293750000000000178e+00 9.781235000000000346e-01 nan nan nan
2.296250000000000124e+00 1.002592499999999998e+00 nan nan nan
2.298750000000000071e+00 9.992820000000000036e-01 nan nan nan
2.301250000000000018e+00 1.006428000000000100e+00 nan nan nan
2.303749999999999964e+00 9.993094999999999617e-01 nan nan nan
2.306249999999999911e+00 9.937975000000000003e-01 nan nan nan
2.308749999999999858e+00 9.910737499999999756e-01 nan nan nan
2.311249999999999805e+00 9.949292499999999873e-01 nan nan nan
2.313750000000000195e+00 9.907615000000000727e-01 nan nan nan
2.316250000000000142e+00 9.951410000000000533e-01 nan nan nan
2.318750000000000089e+00 9.943917500000000187e-01 nan nan nan
2.321250000000000036e+00 9.889472500000000554e-01 nan nan nan
2.323749999999999982e+00 9.942615000000000203e-01 nan nan nan
2.326249999999999929e+00 9.991275000000000572e-01 nan nan nan
2.328749999999999876e+00 9.865262500000000490e-01 nan nan nan
2.331249999999999822e+00 9.953142499999999560e-01 nan nan nan
2.333750000000000213e+00 9.960775000000000601e-01 nan nan nan
2.336250000000000160e+00 9.935275000000001189e-01 nan nan nan
2.338750000000000107e+00 9.931482499999999547e-01 nan nan nan
2.341250000000000053e+00 9.942989999999999329e-01 nan nan nan
2.343750000000000000e+00 9.899102499999999916e-01 nan nan nan
2.346249999999999947e+00 9.940847499999999615e-01 nan nan nan
2.348749999999999893e+00 9.921077500000000660e-01 nan nan nan
2.351249999999999840e+00 9.977037500000000003e-01 nan nan nan
2.353749999999999787e+00 9.879430000000000156e-01 nan nan nan
2.356250000000000178e+00 9.872677499999999995e-01 nan nan nan
2.358750000000000124e+00 9.881467500000000737e-01 nan nan nan
2.361250000000000071e+00 9.898412500000000058e-01 nan nan nan
2.363750000000000018e+00 9.858369999999999633e-01 nan nan nan
2.366249999999999964e+00 9.902495000000000047e-01 nan nan nan
2.368749999999999911e+00 9.848972500000000574e-01 nan nan nan
2.371249999999999858e+00 9.907587499999999103e-01 nan nan nan
2.373749999999999805e+00 9.898687499999999639e-01 nan nan nan
2.376250000000000195e+00 9.779470000000001217e-01 nan nan nan
2.378750000000000142e+00 9.878689999999999971e-01 nan nan nan
2.381250000000000089e+00 9.785532500000000411e-01 nan nan nan
2.383750000000000036e+00 9.928137500000000504e-01 nan nan nan
2.386249999999999982e+00 9.829639999999999489e-01 nan nan nan
2.388749999999999929e+00 9.832475000000000520e-01 nan nan nan
2.391249999999999876e+00 9.859512499999999458e-01 nan nan nan
2.393749999999999822e+00 9.888635000000001174e-01 nan nan nan
2.396250000000000213e+00 9.827265000000000583e-01 nan nan nan
2.398750000000000160e+00 9.860047499999999854e-01 nan nan nan
2.401250000000000107e+00 9.851654999999999163e-01 nan nan nan
2.403750000000000053e+00 9.851199999999999957e-01 nan nan nan
2.406250000000000000e+00 9.819539999999999935e-01 nan nan nan
2.408749999999999947e+00 9.816480000000000761e-01 nan nan nan
2.411249999999999893e+00 9.881642499999999663e-01 nan nan nan
2.413749999999999840e+00 9.827354999999999841e-01 nan nan nan
2.416249999999999787e+00 9.776540000000000230e-01 nan nan nan
2.418750000000000178e+00 9.819584999999999564e-01 nan nan nan
2.421250000000000124e+00 9.804742499999999916e-01 nan nan nan
2.423750000000000071e+00 9.862227500000000369e-01 nan nan nan
2.426250000000000018e+00 9.823337500000000055e-01 nan nan nan
2.428749999999999964e+00 9.778984999999998928e-01 nan nan nan
2.431249999999999911e+00 9.796095000000000219e-01 nan nan nan
2.433749999999999858e+00 9.709435000000000704e-01 nan nan nan
2.436249999999999805e+00 9.771347499999999409e-01 nan nan nan
2.438750000000000195e+00 9.824867499999999643e-01 nan nan nan
2.441250000000000142e+00 9.918472500000000691e-01 nan nan nan
2.443750000000000089e+00 9.852412499999999573e-01 nan nan nan
2.446250000000000036e+00 9.789999999999999813e-01 nan nan nan
2.448749999999999982e+00 9.800557500000000033e-01 nan nan nan
2.451249999999999929e+00 9.831997499999999279e-01 nan nan nan
2.453749999999999876e+00 9.824220000000000175e-01 nan nan nan
2.456249999999999822e+00 9.734894999999998966e-01 nan nan nan
2.458750000000000213e+00 9.889674999999999994e-01 nan nan nan
2.461250000000000160e+00 9.795502500000000667e-01 nan nan nan
2.463750000000000107e+00 9.752595000000000569e-01 nan nan nan
2.466250000000000053e+00 9.783837499999999965e-01 nan nan nan
2.468750000000000000e+00 9.780095000000000871e-01 nan nan nan
2.471249999999999947e+00 9.855669999999999709e-01 nan nan nan
2.473749999999999893e+00 9.862775000000000292e-01 nan nan nan
2.476249999999999840e+00 9.769255000000001132e-01 nan nan nan
2.478749999999999787e+00 9.748112499999999070e-01 nan nan nan
2.481250000000000178e+00 9.868295000000000261e-01 nan nan nan
2.483750000000000124e+00 9.906147499999999884e-01 nan nan nan
2.486250000000000071e+00 9.819590000000000263e-01 nan nan nan
2.488750000000000018e+00 9.769694999999999352e-01 nan nan nan
2.491249999999999964e+00 9.808282499999999571e-01 nan nan nan
2.493749999999999911e+00 9.932972499999999094e-01 nan nan nan
2.496249999999999858e+00 9.839630000000000321e-01 nan nan nan
2.498749999999999805e+00 9.852735000000000243e-01 nan nan nan
