1.250000000000000026e-03 0.000000000000000000e+00 nan nan nan
3.749999999999999861e-03 0.000000000000000000e+00 nan nan nan
6.250000000000000347e-03 0.000000000000000000e+00 nan nan nan
8.750000000000000833e-03 0.000000000000000000e+00 nan nan nan
1.124999999999999958e-02 0.000000000000000000e+00 nan nan nan
1.375000000000000007e-02 0.000000000000000000e+00 nan nan nan
1.625000000000000056e-02 0.000000000000000000e+00 nan nan nan
1.874999999999999931e-02 0.000000000000000000e+00 nan nan nan
2.125000000000000153e-02 0.000000000000000000e+00 nan nan nan
2.375000000000000028e-02 0.000000000000000000e+00 nan nan nan
2.624999999999999903e-02 0.000000000000000000e+00 nan nan nan
2.875000000000000125e-02 0.000000000000000000e+00 nan nan nan
3.125000000000000000e-02 0.000000000000000000e+00 nan nan nan
3.375000000000000222e-02 0.000000000000000000e+00 nan nan nan
3.624999999999999750e-02 0.000000000000000000e+00 nan nan nan
3.874999999999999972e-02 0.000000000000000000e+00 nan nan nan
4.125000000000000194e-02 0.000000000000000000e+00 nan nan nan
4.374999999999999722e-02 0.000000000000000000e+00 nan nan nan
4.624999999999999944e-02 0.000000000000000000e+00 nan nan nan
4.875000000000000167e-02 0.000000000000000000e+00 nan nan nan
5.124999999999999695e-02 0.000000000000000000e+00 nan nan nan
5.374999999999999917e-02 0.000000000000000000e+00 nan nan nan
5.625000000000000139e-02 0.000000000000000000e+00 nan nan nan
5.874999999999999667e-02 0.000000000000000000e+00 nan nan nan
6.124999999999999889e-02 0.000000000000000000e+00 nan nan nan
6.375000000000000111e-02 0.000000000000000000e+00 nan nan nan
6.625000000000000333e-02 0.000000000000000000e+00 nan nan nan
6.875000000000000555e-02 0.000000000000000000e+00 nan nan nan
7.124999999999999389e-02 0.000000000000000000e+00 nan nan nan
7.374999999999999611e-02 0.000000000000000000e+00 nan nan nan
7.624999999999999833e-02 0.000000000000000000e+00 nan nan nan
7.875000000000000056e-02 0.000000000000000000e+00 nan nan nan
8.125000000000000278e-02 0.000000000000000000e+00 nan nan nan
8.375000000000000500e-02 0.000000000000000000e+00 nan nan nan
8.624999999999999334e-02 0.000000000000000000e+00 nan nan nan
8.874999999999999556e-02 0.000000000000000000e+00 nan nan nan
9.124999999999999778e-02 0.000000000000000000e+00 nan nan nan
9.375000000000000000e-02 0.000000000000000000e+00 nan nan nan
9.625000000000000222e-02 0.000000000000000000e+00 nan nan nan
9.875000000000000444e-02 0.000000000000000000e+00 nan nan nan
1.012500000000000067e-01 0.000000000000000000e+00 nan nan nan
1.037499999999999950e-01 0.000000000000000000e+00 nan nan nan
1.062499999999999972e-01 0.000000000000000000e+00 nan nan nan
1.087499999999999994e-01 0.000000000000000000e+00 nan nan nan
1.112500000000000017e-01 0.000000000000000000e+00 nan nan nan
1.137500000000000039e-01 0.000000000000000000e+00 nan nan nan
1.162500000000000061e-01 0.000000000000000000e+00 nan nan nan
1.187499999999999944e-01 0.000000000000000000e+00 nan nan nan
1.212499999999999967e-01 0.000000000000000000e+00 nan nan nan
1.237499999999999989e-01 0.000000000000000000e+00 nan nan nan
1.262500000000000011e-01 0.000000000000000000e+00 nan nan nan
1.287500000000000033e-01 0.000000000000000000e+00 nan nan nan
1.312500000000000056e-01 0.000000000000000000e+00 nan nan nan
1.337500000000000078e-01 0.000000000000000000e+00 nan nan nan
1.362500000000000100e-01 0.000000000000000000e+00 nan nan nan
1.387500000000000122e-01 0.000000000000000000e+00 nan nan nan
1.412499999999999867e-01 0.000000000000000000e+00 nan nan nan
1.437499999999999889e-01 0.000000000000000000e+00 nan nan nan
1.462499999999999911e-01 0.000000000000000000e+00 nan nan nan
1.487499999999999933e-01 0.000000000000000000e+00 nan nan nan
1.512499999999999956e-01 0.000000000000000000e+00 nan nan nan
1.537499999999999978e-01 0.000000000000000000e+00 nan nan nan
1.562500000000000000e-01 0.000000000000000000e+00 nan nan nan
1.587500000000000022e-01 0.000000000000000000e+00 nan nan nan
1.612500000000000044e-01 0.000000000000000000e+00 nan nan nan
1.637500000000000067e-01 0.000000000000000000e+00 nan nan nan
1.662500000000000089e-01 0.000000000000000000e+00 nan nan nan
1.687500000000000111e-01 0.000000000000000000e+00 nan nan nan
1.712500000000000133e-01 0.000000000000000000e+00 nan nan nan
1.737499999999999878e-01 0.000000000000000000e+00 nan nan nan
1.762499999999999900e-01 0.000000000000000000e+00 nan nan nan
1.787499999999999922e-01 0.000000000000000000e+00 nan nan nan
1.812499999999999944e-01 0.000000000000000000e+00 nan nan nan
1.837499999999999967e-01 0.000000000000000000e+00 nan nan nan
1.862499999999999989e-01 0.000000000000000000e+00 nan nan nan
1.887500000000000011e-01 0.000000000000000000e+00 nan nan nan
1.912500000000000033e-01 0.000000000000000000e+00 nan nan nan
1.937500000000000056e-01 0.000000000000000000e+00 nan nan nan
1.962500000000000078e-01 0.000000000000000000e+00 nan nan nan
1.987500000000000100e-01 0.000000000000000000e+00 nan nan nan
2.012500000000000122e-01 0.000000000000000000e+00 nan nan nan
2.037499999999999867e-01 0.000000000000000000e+00 nan nan nan
2.062499999999999889e-01 0.000000000000000000e+00 nan nan nan
2.087499999999999911e-01 0.000000000000000000e+00 nan nan nan
2.112499999999999933e-01 0.000000000000000000e+00 nan nan nan
2.137499999999999956e-01 0.000000000000000000e+00 nan nan nan
2.162499999999999978e-01 0.000000000000000000e+00 nan nan nan
2.187500000000000000e-01 0.000000000000000000e+00 nan nan nan
2.212500000000000022e-01 0.000000000000000000e+00 nan nan nan
2.237500000000000044e-01 0.000000000000000000e+00 nan nan nan
2.262500000000000067e-01 0.000000000000000000e+00 nan nan nan
2.287500000000000089e-01 0.000000000000000000e+00 nan nan nan
2.312500000000000111e-01 0.000000000000000000e+00 nan nan nan
2.337500000000000133e-01 0.000000000000000000e+00 nan nan nan
2.362499999999999878e-01 0.000000000000000000e+00 nan nan nan
2.387499999999999900e-01 0.000000000000000000e+00 nan nan nan
2.412499999999999922e-01 0.000000000000000000e+00 nan nan nan
2.437499999999999944e-01 0.000000000000000000e+00 nan nan nan
2.462499999999999967e-01 0.000000000000000000e+00 nan nan nan
2.487499999999999989e-01 0.000000000000000000e+00 nan nan nan
2.512499999999999734e-01 0.000000000000000000e+00 nan nan nan
2.537499999999999756e-01 0.000000000000000000e+00 nan nan nan
2.562499999999999778e-01 0.000000000000000000e+00 nan nan nan
2.587499999999999800e-01 0.000000000000000000e+00 nan nan nan
2.612499999999999822e-01 0.000000000000000000e+00 nan nan nan
2.637499999999999845e-01 0.000000000000000000e+00 nan nan nan
2.662499999999999867e-01 0.000000000000000000e+00 nan nan nan
2.687499999999999889e-01 0.000000000000000000e+00 nan nan nan
2.712499999999999911e-01 0.000000000000000000e+00 nan nan nan
2.737499999999999933e-01 0.000000000000000000e+00 nan nan nan
2.762499999999999956e-01 0.000000000000000000e+00 nan nan nan
2.787499999999999978e-01 0.000000000000000000e+00 nan nan nan
2.812500000000000000e-01 0.000000000000000000e+00 nan nan nan
2.837500000000000022e-01 0.000000000000000000e+00 nan nan nan
2.862500000000000044e-01 0.000000000000000000e+00 nan nan nan
2.887500000000000067e-01 0.000000000000000000e+00 nan nan nan
2.912500000000000089e-01 0.000000000000000000e+00 nan nan nan
2.937500000000000111e-01 0.000000000000000000e+00 nan nan nan
2.962500000000000133e-01 0.000000000000000000e+00 nan nan nan
2.987500000000000155e-01 0.000000000000000000e+00 nan nan nan
3.012500000000000178e-01 0.000000000000000000e+00 nan nan nan
3.037500000000000200e-01 0.000000000000000000e+00 nan nan nan
3.062500000000000222e-01 0.000000000000000000e+00 nan nan nan
3.087500000000000244e-01 0.000000000000000000e+00 nan nan nan
3.112500000000000266e-01 0.000000000000000000e+00 nan nan nan
3.137499999999999734e-01 0.000000000000000000e+00 nan nan nan
3.162499999999999756e-01 0.000000000000000000e+00 nan nan nan
3.187499999999999778e-01 0.000000000000000000e+00 nan nan nan
3.212499999999999800e-01 0.000000000000000000e+00 nan nan nan
3.237499999999999822e-01 0.000000000000000000e+00 nan nan nan
3.262499999999999845e-01 0.000000000000000000e+00 nan nan nan
3.287499999999999867e-01 0.000000000000000000e+00 nan nan nan
3.312499999999999889e-01 0.000000000000000000e+00 nan nan nan
3.337499999999999911e-01 0.000000000000000000e+00 nan nan nan
3.362499999999999933e-01 0.000000000000000000e+00 nan nan nan
3.387499999999999956e-01 0.000000000000000000e+00 nan nan nan
3.412499999999999978e-01 0.000000000000000000e+00 nan nan nan
3.437500000000000000e-01 0.000000000000000000e+00 nan nan nan
3.462500000000000022e-01 0.000000000000000000e+00 nan nan nan
3.487500000000000044e-01 0.000000000000000000e+00 nan nan nan
3.512500000000000067e-01 0.000000000000000000e+00 nan nan nan
3.537500000000000089e-01 0.000000000000000000e+00 nan nan nan
3.562500000000000111e-01 0.000000000000000000e+00 nan nan nan
3.587500000000000133e-01 0.000000000000000000e+00 nan nan nan
3.612500000000000155e-01 0.000000000000000000e+00 nan nan nan
3.637500000000000178e-01 0.000000000000000000e+00 nan nan nan
3.662500000000000200e-01 0.000000000000000000e+00 nan nan nan
3.687500000000000222e-01 0.000000000000000000e+00 nan nan nan
3.712500000000000244e-01 0.000000000000000000e+00 nan nan nan
3.737500000000000266e-01 0.000000000000000000e+00 nan nan nan
3.762499999999999734e-01 0.000000000000000000e+00 nan nan nan
3.787499999999999756e-01 0.000000000000000000e+00 nan nan nan
3.812499999999999778e-01 0.000000000000000000e+00 nan nan nan
3.837499999999999800e-01 0.000000000000000000e+00 nan nan nan
3.862499999999999822e-01 0.000000000000000000e+00 nan nan nan
3.887499999999999845e-01 0.000000000000000000e+00 nan nan nan
3.912499999999999867e-01 0.000000000000000000e+00 nan nan nan
3.937499999999999889e-01 0.000000000000000000e+00 nan nan nan
3.962499999999999911e-01 0.000000000000000000e+00 nan nan nan
3.987499999999999933e-01 0.000000000000000000e+00 nan nan nan
4.012499999999999956e-01 0.000000000000000000e+00 nan nan nan
4.037499999999999978e-01 0.000000000000000000e+00 nan nan nan
4.062500000000000000e-01 0.000000000000000000e+00 nan nan nan
4.087500000000000022e-01 0.000000000000000000e+00 nan nan nan
4.112500000000000044e-01 0.000000000000000000e+00 nan nan nan
4.137500000000000067e-01 0.000000000000000000e+00 nan nan nan
4.162500000000000089e-01 0.000000000000000000e+00 nan nan nan
4.187500000000000111e-01 0.000000000000000000e+00 nan nan nan
4.212500000000000133e-01 0.000000000000000000e+00 nan nan nan
4.237500000000000155e-01 0.000000000000000000e+00 nan nan nan
4.262500000000000178e-01 0.000000000000000000e+00 nan nan nan
4.287500000000000200e-01 0.000000000000000000e+00 nan nan nan
4.312500000000000222e-01 0.000000000000000000e+00 nan nan nan
4.337500000000000244e-01 0.000000000000000000e+00 nan nan nan
4.362500000000000266e-01 0.000000000000000000e+00 nan nan nan
4.387499999999999734e-01 0.000000000000000000e+00 nan nan nan
4.412499999999999756e-01 0.000000000000000000e+00 nan nan nan
4.437499999999999778e-01 0.000000000000000000e+00 nan nan nan
4.462499999999999800e-01 0.000000000000000000e+00 nan nan nan
4.487499999999999822e-01 0.000000000000000000e+00 nan nan nan
4.512499999999999845e-01 0.000000000000000000e+00 nan nan nan
4.537499999999999867e-01 0.000000000000000000e+00 nan nan nan
4.562499999999999889e-01 0.000000000000000000e+00 nan nan nan
4.587499999999999911e-01 0.000000000000000000e+00 nan nan nan
4.612499999999999933e-01 0.000000000000000000e+00 nan nan nan
4.637499999999999956e-01 0.000000000000000000e+00 nan nan nan
4.662499999999999978e-01 0.000000000000000000e+00 nan nan nan
4.687500000000000000e-01 0.000000000000000000e+00 nan nan nan
4.712500000000000022e-01 0.000000000000000000e+00 nan nan nan
4.737500000000000044e-01 0.000000000000000000e+00 nan nan nan
4.762500000000000067e-01 0.000000000000000000e+00 nan nan nan
4.787500000000000089e-01 0.000000000000000000e+00 nan nan nan
4.812500000000000111e-01 0.000000000000000000e+00 nan nan nan
4.837500000000000133e-01 0.000000000000000000e+00 nan nan nan
4.862500000000000155e-01 0.000000000000000000e+00 nan nan nan
4.887500000000000178e-01 0.000000000000000000e+00 nan nan nan
4.912500000000000200e-01 0.000000000000000000e+00 nan nan nan
4.937500000000000222e-01 0.000000000000000000e+00 nan nan nan
4.962500000000000244e-01 0.000000000000000000e+00 nan nan nan
4.987500000000000266e-01 0.000000000000000000e+00 nan nan nan
5.012499999999999734e-01 0.000000000000000000e+00 nan nan nan
5.037500000000000311e-01 0.000000000000000000e+00 nan nan nan
5.062499999999999778e-01 0.000000000000000000e+00 nan nan nan
5.087500000000000355e-01 0.000000000000000000e+00 nan nan nan
5.112499999999999822e-01 0.000000000000000000e+00 nan nan nan
5.137500000000000400e-01 0.000000000000000000e+00 nan nan nan
5.162499999999999867e-01 0.000000000000000000e+00 nan nan nan
5.187500000000000444e-01 0.000000000000000000e+00 nan nan nan
5.212499999999999911e-01 0.000000000000000000e+00 nan nan nan
5.237500000000000488e-01 0.000000000000000000e+00 nan nan nan
5.262499999999999956e-01 0.000000000000000000e+00 nan nan nan
5.287500000000000533e-01 0.000000000000000000e+00 nan nan nan
5.312500000000000000e-01 0.000000000000000000e+00 nan nan nan
5.337499999999999467e-01 0.000000000000000000e+00 nan nan nan
5.362500000000000044e-01 0.000000000000000000e+00 nan nan nan
5.387499999999999512e-01 0.000000000000000000e+00 nan nan nan
5.412500000000000089e-01 0.000000000000000000e+00 nan nan nan
5.437499999999999556e-01 0.000000000000000000e+00 nan nan nan
5.462500000000000133e-01 0.000000000000000000e+00 nan nan nan
5.487499999999999600e-01 0.000000000000000000e+00 nan nan nan
5.512500000000000178e-01 0.000000000000000000e+00 nan nan nan
5.537499999999999645e-01 0.000000000000000000e+00 nan nan nan
5.562500000000000222e-01 0.000000000000000000e+00 nan nan nan
5.587499999999999689e-01 0.000000000000000000e+00 nan nan nan
5.612500000000000266e-01 0.000000000000000000e+00 nan nan nan
5.637499999999999734e-01 0.000000000000000000e+00 nan nan nan
5.662500000000000311e-01 0.000000000000000000e+00 nan nan nan
5.687499999999999778e-01 0.000000000000000000e+00 nan nan nan
5.712500000000000355e-01 0.000000000000000000e+00 nan nan nan
5.737499999999999822e-01 0.000000000000000000e+00 nan nan nan
5.762500000000000400e-01 0.000000000000000000e+00 nan nan nan
5.787499999999999867e-01 0.000000000000000000e+00 nan nan nan
5.812500000000000444e-01 0.000000000000000000e+00 nan nan nan
5.837499999999999911e-01 0.000000000000000000e+00 nan nan nan
5.862500000000000488e-01 0.000000000000000000e+00 nan nan nan
5.887499999999999956e-01 0.000000000000000000e+00 nan nan nan
5.912500000000000533e-01 0.000000000000000000e+00 nan nan nan
5.937500000000000000e-01 0.000000000000000000e+00 nan nan nan
5.962499999999999467e-01 0.000000000000000000e+00 nan nan nan
5.987500000000000044e-01 0.000000000000000000e+00 nan nan nan
6.012499999999999512e-01 0.000000000000000000e+00 nan nan nan
6.037500000000000089e-01 0.000000000000000000e+00 nan nan nan
6.062499999999999556e-01 0.000000000000000000e+00 nan nan nan
6.087500000000000133e-01 0.000000000000000000e+00 nan nan nan
6.112499999999999600e-01 0.000000000000000000e+00 nan nan nan
6.137500000000000178e-01 0.000000000000000000e+00 nan nan nan
6.162499999999999645e-01 0.000000000000000000e+00 nan nan nan
6.187500000000000222e-01 0.000000000000000000e+00 nan nan nan
6.212499999999999689e-01 0.000000000000000000e+00 nan nan nan
6.237500000000000266e-01 0.000000000000000000e+00 nan nan nan
6.262499999999999734e-01 0.000000000000000000e+00 nan nan nan
6.287500000000000311e-01 0.000000000000000000e+00 nan nan nan
6.312499999999999778e-01 0.000000000000000000e+00 nan nan nan
6.337500000000000355e-01 0.000000000000000000e+00 nan nan nan
6.362499999999999822e-01 0.000000000000000000e+00 nan nan nan
6.387500000000000400e-01 0.000000000000000000e+00 nan nan nan
6.412499999999999867e-01 0.000000000000000000e+00 nan nan nan
6.437500000000000444e-01 0.000000000000000000e+00 nan nan nan
6.462499999999999911e-01 0.000000000000000000e+00 nan nan nan
6.487500000000000488e-01 0.000000000000000000e+00 nan nan nan
6.512499999999999956e-01 0.000000000000000000e+00 nan nan nan
6.537500000000000533e-01 0.000000000000000000e+00 nan nan nan
6.562500000000000000e-01 0.000000000000000000e+00 nan nan nan
6.587499999999999467e-01 0.000000000000000000e+00 nan nan nan
6.612500000000000044e-01 0.000000000000000000e+00 nan nan nan
6.637499999999999512e-01 0.000000000000000000e+00 nan nan nan
6.662500000000000089e-01 0.000000000000000000e+00 nan nan nan
6.687499999999999556e-01 0.000000000000000000e+00 nan nan nan
6.712500000000000133e-01 0.000000000000000000e+00 nan nan nan
6.737499999999999600e-01 0.000000000000000000e+00 nan nan nan
6.762500000000000178e-01 0.000000000000000000e+00 nan nan nan
6.787499999999999645e-01 0.000000000000000000e+00 nan nan nan
6.812500000000000222e-01 0.000000000000000000e+00 nan nan nan
6.837499999999999689e-01 0.000000000000000000e+00 nan nan nan
6.862500000000000266e-01 0.000000000000000000e+00 nan nan nan
6.887499999999999734e-01 0.000000000000000000e+00 nan nan nan
6.912500000000000311e-01 0.000000000000000000e+00 nan nan nan
6.937499999999999778e-01 0.000000000000000000e+00 nan nan nan
6.962500000000000355e-01 0.000000000000000000e+00 nan nan nan
6.987499999999999822e-01 0.000000000000000000e+00 nan nan nan
7.012500000000000400e-01 0.000000000000000000e+00 nan nan nan
7.037499999999999867e-01 0.000000000000000000e+00 nan nan nan
7.062500000000000444e-01 0.000000000000000000e+00 nan nan nan
7.087499999999999911e-01 0.000000000000000000e+00 nan nan nan
7.112500000000000488e-01 0.000000000000000000e+00 nan nan nan
7.137499999999999956e-01 0.000000000000000000e+00 nan nan nan
7.162500000000000533e-01 0.000000000000000000e+00 nan nan nan
7.187500000000000000e-01 0.000000000000000000e+00 nan nan nan
7.212499999999999467e-01 0.000000000000000000e+00 nan nan nan
7.237500000000000044e-01 0.000000000000000000e+00 nan nan nan
7.262499999999999512e-01 0.000000000000000000e+00 nan nan nan
7.287500000000000089e-01 0.000000000000000000e+00 nan nan nan
7.312499999999999556e-01 0.000000000000000000e+00 nan nan nan
7.337500000000000133e-01 0.000000000000000000e+00 nan nan nan
7.362499999999999600e-01 0.000000000000000000e+00 nan nan nan
7.387500000000000178e-01 0.000000000000000000e+00 nan nan nan
7.412499999999999645e-01 0.000000000000000000e+00 nan nan nan
7.437500000000000222e-01 0.000000000000000000e+00 nan nan nan
7.462499999999999689e-01 0.000000000000000000e+00 nan nan nan
7.487500000000000266e-01 0.000000000000000000e+00 nan nan nan
7.512499999999999734e-01 0.000000000000000000e+00 nan nan nan
7.537500000000000311e-01 0.000000000000000000e+00 nan nan nan
7.562499999999999778e-01 0.000000000000000000e+00 nan nan nan
7.587500000000000355e-01 0.000000000000000000e+00 nan nan nan
7.612499999999999822e-01 0.000000000000000000e+00 nan nan nan
7.637500000000000400e-01 0.000000000000000000e+00 nan nan nan
7.662499999999999867e-01 0.000000000000000000e+00 nan nan nan
7.687500000000000444e-01 0.000000000000000000e+00 nan nan nan
7.712499999999999911e-01 0.000000000000000000e+00 nan nan nan
7.737500000000000488e-01 0.000000000000000000e+00 nan nan nan
7.762499999999999956e-01 0.000000000000000000e+00 nan nan nan
7.787500000000000533e-01 2.097500000000000026e-04 nan nan nan
7.812500000000000000e-01 2.082499999999999933e-04 nan nan nan
7.837499999999999467e-01 0.000000000000000000e+00 nan nan nan
7.862500000000000044e-01 0.000000000000000000e+00 nan nan nan
7.887499999999999512e-01 2.045000000000000105e-04 nan nan nan
7.912500000000000089e-01 2.030000000000000012e-04 nan nan nan
7.937499999999999556e-01 0.000000000000000000e+00 nan nan nan
7.962500000000000133e-01 2.004999999999999946e-04 nan nan nan
7.987499999999999600e-01 7.969999999999999654e-04 nan nan nan
8.012500000000000178e-01 3.959999999999999762e-04 nan nan nan
8.037499999999999645e-01 1.968249999999999948e-03 nan nan nan
8.062500000000000222e-01 1.956250000000000090e-03 nan nan nan
8.087499999999999689e-01 2.527249999999999983e-03 nan nan nan
8.112500000000000266e-01 3.284500000000000093e-03 nan nan nan
8.137499999999999734e-01 5.568000000000000033e-03 nan nan nan
8.162500000000000311e-01 8.205999999999999753e-03 nan nan nan
8.187499999999999778e-01 6.258999999999999807e-03 nan nan nan
8.212500000000000355e-01 1.187675000000000015e-02 nan nan nan
8.237499999999999822e-01 1.573975000000000027e-02 nan nan nan
8.262500000000000400e-01 1.992850000000000177e-02 nan nan nan
8.287499999999999867e-01 2.054850000000000079e-02 nan nan nan
8.312500000000000444e-01 2.189725000000000005e-02 nan nan nan
8.337499999999999911e-01 3.054625000000000049e-02 nan nan nan
8.362500000000000488e-01 4.145450000000000523e-02 nan nan nan
8.387499999999999956e-01 4.699124999999999830e-02 nan nan nan
8.412500000000000533e-01 5.551599999999999591e-02 nan nan nan
8.437500000000000000e-01 6.822525000000000117e-02 nan nan nan
8.462499999999999467e-01 8.042874999999999330e-02 nan nan nan
8.487500000000000044e-01 8.542700000000000293e-02 nan nan nan
8.512499999999999512e-01 1.040520000000000056e-01 nan nan nan
8.537500000000000089e-01 1.266440000000000066e-01 nan nan nan
8.562499999999999556e-01 1.437680000000000069e-01 nan nan nan
8.587500000000000133e-01 1.767257500000000148e-01 nan nan nan
8.612499999999999600e-01 1.909569999999999879e-01 nan nan nan
8.637500000000000178e-01 2.104749999999999954e-01 nan nan nan
8.662499999999999645e-01 2.467087500000000322e-01 nan nan nan
8.687500000000000222e-01 2.511872499999999730e-01 nan nan nan
8.712499999999999689e-01 2.860959999999999614e-01 nan nan nan
8.737500000000000266e-01 3.192692500000000044e-01 nan nan nan
8.762499999999999734e-01 3.686194999999999888e-01 nan nan nan
8.787500000000000311e-01 3.815089999999999870e-01 nan nan nan
8.812499999999999778e-01 4.140570000000000084e-01 nan nan nan
8.837500000000000355e-01 4.629992499999999733e-01 nan nan nan
8.862499999999999822e-01 5.108975000000000044e-01 nan nan nan
8.887500000000000400e-01 5.302417500000000672e-01 nan nan nan
8.912499999999999867e-01 5.743320000000000647e-01 nan nan nan
8.937500000000000444e-01 5.937259999999999760e-01 nan nan nan
8.962499999999999911e-01 6.448699999999999433e-01 nan nan nan
8.987500000000000488e-01 6.982697500000000224e-01 nan nan nan
9.012499999999999956e-01 7.562335000000000029e-01 nan nan nan
9.037500000000000533e-01 7.775859999999999994e-01 nan nan nan
9.062500000000000000e-01 7.994652500000001272e-01 nan nan nan
9.087499999999999467e-01 8.712847500000000522e-01 nan nan nan
9.112500000000000044e-01 9.103035000000000432e-01 nan nan nan
9.137499999999999512e-01 9.290852499999999736e-01 nan nan nan
9.162500000000000089e-01 9.776372500000001242e-01 nan nan nan
9.187499999999999556e-01 1.027153499999999831e+00 nan nan nan
9.212500000000000133e-01 1.064133999999999913e+00 nan nan nan
9.237499999999999600e-01 1.140632499999999938e+00 nan nan nan
9.262500000000000178e-01 1.165013249999999889e+00 nan nan nan
9.287499999999999645e-01 1.187935749999999846e+00 nan nan nan
9.312500000000000222e-01 1.237279999999999935e+00 nan nan nan
9.337499999999999689e-01 1.285058000000000034e+00 nan nan nan
9.362500000000000266e-01 1.316353249999999919e+00 nan nan nan
9.387499999999999734e-01 1.341525999999999996e+00 nan nan nan
9.412500000000000311e-01 1.383204250000000135e+00 nan nan nan
9.437499999999999778e-01 1.410290250000000079e+00 nan nan nan
9.462500000000000355e-01 1.456525500000000140e+00 nan nan nan
9.487499999999999822e-01 1.492507500000000098e+00 nan nan nan
9.512500000000000400e-01 1.528232249999999848e+00 nan nan nan
9.537499999999999867e-01 1.544552499999999995e+00 nan nan nan
9.562500000000000444e-01 1.559986250000000130e+00 nan nan nan
9.587499999999999911e-01 1.589623750000000113e+00 nan nan nan
9.612500000000000488e-01 1.601318749999999902e+00 nan nan nan
9.637499999999999956e-01 1.639976249999999913e+00 nan nan nan
9.662500000000000533e-01 1.653835249999999757e+00 nan nan nan
9.687500000000000000e-01 1.670916749999999951e+00 nan nan nan
9.712499999999999467e-01 1.692383500000000041e+00 nan nan nan
9.737500000000000044e-01 1.730906000000000056e+00 nan nan nan
9.762499999999999512e-01 1.731790999999999858e+00 nan nan nan
9.787500000000000089e-01 1.751890749999999830e+00 nan nan nan
9.812499999999999556e-01 1.776648749999999888e+00 nan nan nan
9.837500000000000133e-01 1.805600249999999907e+00 nan nan nan
9.862499999999999600e-01 1.804823749999999949e+00 nan nan nan
9.887500000000000178e-01 1.811965999999999966e+00 nan nan nan
9.912499999999999645e-01 1.809436999999999962e+00 nan nan nan
9.937500000000000222e-01 1.858797749999999915e+00 nan nan nan
9.962499999999999689e-01 1.847943499999999961e+00 nan nan nan
9.987500000000000266e-01 1.854509499999999811e+00 nan nan nan
1.001249999999999973e+00 1.868470000000000075e+00 nan nan nan
1.003749999999999920e+00 1.885676000000000130e+00 nan nan nan
1.006250000000000089e+00 1.873430249999999964e+00 nan nan nan
1.008750000000000036e+00 1.875276249999999978e+00 nan nan nan
1.011249999999999982e+00 1.862782750000000043e+00 nan nan nan
1.013749999999999929e+00 1.892579000000000011e+00 nan nan nan
1.016250000000000098e+00 1.871459749999999866e+00 nan nan nan
1.018750000000000044e+00 1.882133000000000056e+00 nan nan nan
1.021249999999999991e+00 1.873538750000000030e+00 nan nan nan
1.023749999999999938e+00 1.881383999999999945e+00 nan nan nan
1.026250000000000107e+00 1.867399999999999949e+00 nan nan nan
1.028750000000000053e+00 1.875755000000000061e+00 nan nan nan
1.031250000000000000e+00 1.859258999999999995e+00 nan nan nan
1.033749999999999947e+00 1.833857749999999953e+00 nan nan nan
1.036249999999999893e+00 1.829519250000000152e+00 nan nan nan
1.038750000000000062e+00 1.861142249999999887e+00 nan nan nan
1.041250000000000009e+00 1.855382250000000122e+00 nan nan nan
1.043749999999999956e+00 1.839385500000000118e+00 nan nan nan
1.046249999999999902e+00 1.852443000000000062e+00 nan nan nan
1.048750000000000071e+00 1.834835999999999911e+00 nan nan nan
1.051250000000000018e+00 1.803453750000000078e+00 nan nan nan
1.053749999999999964e+00 1.820671000000000150e+00 nan nan nan
1.056249999999999911e+00 1.812404499999999974e+00 nan nan nan
1.058750000000000080e+00 1.776405750000000117e+00 nan nan nan
1.061250000000000027e+00 1.809139999999999970e+00 nan nan nan
1.063749999999999973e+00 1.771319000000000088e+00 nan nan nan
1.066249999999999920e+00 1.789081000000000143e+00 nan nan nan
1.068750000000000089e+00 1.752780500000000075e+00 nan nan nan
1.071250000000000036e+00 1.762114750000000063e+00 nan nan nan
1.073749999999999982e+00 1.753919000000000006e+00 nan nan nan
1.076249999999999929e+00 1.744462749999999840e+00 nan nan nan
1.078750000000000098e+00 1.739992500000000053e+00 nan nan nan
1.081250000000000044e+00 1.722167250000000038e+00 nan nan nan
1.083749999999999991e+00 1.720509999999999984e+00 nan nan nan
1.086249999999999938e+00 1.709905750000000113e+00 nan nan nan
1.088750000000000107e+00 1.691228499999999801e+00 nan nan nan
1.091250000000000053e+00 1.662453750000000063e+00 nan nan nan
1.093750000000000000e+00 1.657413999999999943e+00 nan nan nan
1.096249999999999947e+00 1.684354249999999942e+00 nan nan nan
1.098749999999999893e+00 1.642152999999999974e+00 nan nan nan
1.101250000000000062e+00 1.653681750000000061e+00 nan nan nan
1.103750000000000009e+00 1.586813749999999912e+00 nan nan nan
1.106249999999999956e+00 1.609052750000000032e+00 nan nan nan
1.108749999999999902e+00 1.611630499999999966e+00 nan nan nan
1.111250000000000071e+00 1.589972500000000011e+00 nan nan nan
1.113750000000000018e+00 1.595040000000000013e+00 nan nan nan
1.116249999999999964e+00 1.568617249999999963e+00 nan nan nan
1.118749999999999911e+00 1.562833499999999987e+00 nan nan nan
1.121250000000000080e+00 1.550107249999999937e+00 nan nan nan
1.123750000000000027e+00 1.533350749999999874e+00 nan nan nan
1.126249999999999973e+00 1.538780250000000072e+00 nan nan nan
1.128749999999999920e+00 1.512710750000000104e+00 nan nan nan
1.131250000000000089e+00 1.515669750000000038e+00 nan nan nan
1.133750000000000036e+00 1.507014499999999924e+00 nan nan nan
1.136249999999999982e+00 1.494776749999999987e+00 nan nan nan
1.138749999999999929e+00 1.500084750000000078e+00 nan nan nan
1.141250000000000098e+00 1.460524000000000155e+00 nan nan nan
1.143750000000000044e+00 1.478250250000000099e+00 nan nan nan
1.146249999999999991e+00 1.452357999999999816e+00 nan nan nan
1.148749999999999938e+00 1.453558750000000011e+00 nan nan nan
1.151250000000000107e+00 1.441784750000000059e+00 nan nan nan
1.153750000000000053e+00 1.452544999999999975e+00 nan nan nan
1.156250000000000000e+00 1.415551500000000074e+00 nan nan nan
1.158749999999999947e+00 1.403105499999999894e+00 nan nan nan
1.161249999999999893e+00 1.388678749999999962e+00 nan nan nan
1.163750000000000062e+00 1.388821499999999931e+00 nan nan nan
1.166250000000000009e+00 1.389043249999999841e+00 nan nan nan
1.168749999999999956e+00 1.369889999999999830e+00 nan nan nan
1.171249999999999902e+00 1.369145749999999939e+00 nan nan nan
1.173750000000000071e+00 1.363134999999999764e+00 nan nan nan
1.176250000000000018e+00 1.357714499999999935e+00 nan nan nan
1.178749999999999964e+00 1.345006499999999994e+00 nan nan nan
1.181249999999999911e+00 1.335309999999999997e+00 nan nan nan
1.183750000000000080e+00 1.306537500000000129e+00 nan nan nan
1.186250000000000027e+00 1.328775749999999922e+00 nan nan nan
1.188749999999999973e+00 1.302318000000000087e+00 nan nan nan
1.191249999999999920e+00 1.296857750000000031e+00 nan nan nan
1.193750000000000089e+00 1.302495000000000180e+00 nan nan nan
1.196250000000000036e+00 1.291814749999999901e+00 nan nan nan
1.198749999999999982e+00 1.285900999999999961e+00 nan nan nan
1.201249999999999929e+00 1.263989000000000029e+00 nan nan nan
1.203750000000000098e+00 1.257164999999999866e+00 nan nan nan
1.206250000000000044e+00 1.248638750000000019e+00 nan nan nan
1.208749999999999991e+00 1.237213249999999931e+00 nan nan nan
1.211249999999999938e+00 1.241211250000000099e+00 nan nan nan
1.213750000000000107e+00 1.225746500000000072e+00 nan nan nan
1.216250000000000053e+00 1.222603499999999954e+00 nan nan nan
1.218750000000000000e+00 1.218448750000000080e+00 nan nan nan
1.221249999999999947e+00 1.217727999999999922e+00 nan nan nan
1.223749999999999893e+00 1.214115999999999973e+00 nan nan nan
1.226250000000000062e+00 1.200123000000000051e+00 nan nan nan
1.228750000000000009e+00 1.191454499999999861e+00 nan nan nan
1.231249999999999956e+00 1.183182500000000026e+00 nan nan nan
1.233749999999999902e+00 1.183487500000000026e+00 nan nan nan
1.236250000000000071e+00 1.175461499999999937e+00 nan nan nan
1.238750000000000018e+00 1.165916000000000174e+00 nan nan nan
1.241249999999999964e+00 1.174675750000000019e+00 nan nan nan
1.243749999999999911e+00 1.159272999999999998e+00 nan nan nan
1.246250000000000080e+00 1.155690500000000176e+00 nan nan nan
1.248750000000000027e+00 1.138348249999999950e+00 nan nan nan
1.251249999999999973e+00 1.134453500000000004e+00 nan nan nan
1.253749999999999920e+00 1.151045749999999979e+00 nan nan nan
1.256250000000000089e+00 1.120768249999999799e+00 nan nan nan
1.258750000000000036e+00 1.128277750000000079e+00 nan nan nan
1.261249999999999982e+00 1.093116250000000012e+00 nan nan nan
1.263749999999999929e+00 1.108539500000000011e+00 nan nan nan
1.266250000000000098e+00 1.106625250000000005e+00 nan nan nan
1.268750000000000044e+00 1.098003000000000062e+00 nan nan nan
1.271249999999999991e+00 1.097858749999999883e+00 nan nan nan
1.273749999999999938e+00 1.081484499999999960e+00 nan nan nan
1.276250000000000107e+00 1.077095499999999983e+00 nan nan nan
1.278750000000000053e+00 1.064957000000000154e+00 nan nan nan
1.281250000000000000e+00 1.068395500000000053e+00 nan nan nan
1.283749999999999947e+00 1.072802250000000068e+00 nan nan nan
1.286249999999999893e+00 1.058414750000000071e+00 nan nan nan
1.288750000000000062e+00 1.065718749999999826e+00 nan nan nan
1.291250000000000009e+00 1.049395000000000078e+00 nan nan nan
1.293749999999999956e+00 1.060839500000000157e+00 nan nan nan
1.296249999999999902e+00 1.048805999999999905e+00 nan nan nan
1.298750000000000071e+00 1.037837499999999968e+00 nan nan nan
1.301250000000000018e+00 1.048345749999999965e+00 nan nan nan
1.303749999999999964e+00 1.034380250000000112e+00 nan nan nan
1.306249999999999911e+00 1.034672249999999849e+00 nan nan nan
1.308750000000000080e+00 1.022854500000000000e+00 nan nan nan
1.311250000000000027e+00 1.026574999999999793e+00 nan nan nan
1.313749999999999973e+00 1.021492999999999984e+00 nan nan nan
1.316249999999999920e+00 1.024441249999999970e+00 nan nan nan
1.318750000000000089e+00 1.037961249999999946e+00 nan nan nan
1.321250000000000036e+00 9.892440000000000122e-01 nan nan nan
1.323749999999999982e+00 1.016131249999999930e+00 nan nan nan
1.326249999999999929e+00 1.006665499999999991e+00 nan nan nan
1.328750000000000098e+00 1.000360750000000021e+00 nan nan nan
1.331250000000000044e+00 1.004570500000000033e+00 nan nan nan
1.333749999999999991e+00 9.848689999999999944e-01 nan nan nan
1.336249999999999938e+00 9.848899999999999322e-01 nan nan nan
1.338750000000000107e+00 9.905087500000000489e-01 nan nan nan
1.341250000000000053e+00 9.752990000000000270e-01 nan nan nan
1.343750000000000000e+00 9.723775000000000057e-01 nan nan nan
1.346249999999999947e+00 9.842732499999999884e-01 nan nan nan
1.348749999999999893e+00 9.589607499999999174e-01 nan nan nan
1.351250000000000062e+00 9.589670000000000138e-01 nan nan nan
1.353750000000000009e+00 9.659739999999999993e-01 nan nan nan
1.356249999999999956e+00 9.627617499999999717e-01 nan nan nan
1.358749999999999902e+00 9.483405000000000307e-01 nan nan nan
1.361250000000000071e+00 9.395769999999999955e-01 nan nan nan
1.363750000000000018e+00 9.497402500000000636e-01 nan nan nan
1.366249999999999964e+00 9.505590000000000428e-01 nan nan nan
1.368749999999999911e+00 9.441037500000000193e-01 nan nan nan
1.371250000000000080e+00 9.458709999999999063e-01 nan nan nan
1.373750000000000027e+00 9.317189999999999639e-01 nan nan nan
1.376249999999999973e+00 9.369297500000000056e-01 nan nan nan
1.378749999999999920e+00 9.394209999999999505e-01 nan nan nan
1.381250000000000089e+00 9.361570000000000169e-01 nan nan nan
1.383750000000000036e+00 9.171057500000000529e-01 nan nan nan
1.386249999999999982e+00 9.192924999999999569e-01 nan nan nan
1.388749999999999929e+00 9.302259999999999973e-01 nan nan nan
1.391250000000000098e+00 9.184772500000000228e-01 nan nan nan
1.393750000000000044e+00 9.166254999999999820e-01 nan nan nan
1.396249999999999991e+00 9.199984999999999413e-01 nan nan nan
1.398749999999999938e+00 9.120987499999999581e-01 nan nan nan
1.401250000000000107e+00 8.977737499999999260e-01 nan nan nan
1.403750000000000053e+00 9.055479999999999086e-01 nan nan nan
1.406250000000000000e+00 9.043245000000000866e-01 nan nan nan
1.408749999999999947e+00 9.047692499999999693e-01 nan nan nan
1.411249999999999893e+00 8.886709999999999887e-01 nan nan nan
1.413750000000000062e+00 8.875664999999999250e-01 nan nan nan
1.416250000000000009e+00 8.952122499999999317e-01 nan nan nan
1.418749999999999956e+00 8.946499999999999453e-01 nan nan nan
1.421249999999999902e+00 8.968557499999999516e-01 nan nan nan
1.423750000000000071e+00 8.911372499999999919e-01 nan nan nan
1.426250000000000018e+00 8.828905000000000225e-01 nan nan nan
1.428749999999999964e+00 8.779972499999999513e-01 nan nan nan
1.431249999999999911e+00 8.823187500000000405e-01 nan nan nan
1.433750000000000080e+00 8.872849999999999904e-01 nan nan nan
1.436250000000000027e+00 8.840757500000000491e-01 nan nan nan
1.438749999999999973e+00 8.882542499999999119e-01 nan nan nan
1.441249999999999920e+00 8.807070000000000176e-01 nan nan nan
1.443750000000000089e+00 8.700955000000000217e-01 nan nan nan
1.446250000000000036e+00 8.622877500000000195e-01 nan nan nan
1.448749999999999982e+00 8.888162499999998634e-01 nan nan nan
1.451249999999999929e+00 8.695772499999999683e-01 nan nan nan
1.453750000000000098e+00 8.700787500000000119e-01 nan nan nan
1.456250000000000044e+00 8.696720000000000006e-01 nan nan nan
1.458749999999999991e+00 8.699202499999999505e-01 nan nan nan
1.461249999999999938e+00 8.581927499999999487e-01 nan nan nan
1.463750000000000107e+00 8.638687500000000741e-01 nan nan nan
1.466250000000000053e+00 8.770710000000000450e-01 nan nan nan
1.468750000000000000e+00 8.710814999999999531e-01 nan nan nan
1.471249999999999947e+00 8.603112499999998608e-01 nan nan nan
1.473749999999999893e+00 8.602637499999998827e-01 nan nan nan
1.476250000000000062e+00 8.455087500000000311e-01 nan nan nan
1.478750000000000009e+00 8.574797499999999850e-01 nan nan nan
1.481249999999999956e+00 8.529070000000000817e-01 nan nan nan
1.483749999999999902e+00 8.664957500000000090e-01 nan nan nan
1.486250000000000071e+00 8.624892499999999851e-01 nan nan nan
1.488750000000000018e+00 8.466300000000001047e-01 nan nan nan
1.491249999999999964e+00 8.519697499999999701e-01 nan nan nan
1.493749999999999911e+00 8.431937499999999641e-01 nan nan nan
1.496250000000000080e+00 8.438997499999999485e-01 nan nan nan
1.498750000000000027e+00 8.452187499999999076e-01 nan nan nan
1.501249999999999973e+00 8.566795000000000382e-01 nan nan nan
1.503749999999999920e+00 8.585002499999999648e-01 nan nan nan
1.506250000000000089e+00 8.544760000000000133e-01 nan nan nan
1.508750000000000036e+00 8.365092499999999820e-01 nan nan nan
1.511249999999999982e+00 8.318512500000000420e-01 nan nan nan
1.513749999999999929e+00 8.407585000000000752e-01 nan nan nan
1.516250000000000098e+00 8.483857500000000496e-01 nan nan nan
1.518750000000000044e+00 8.468627500000001085e-01 nan nan nan
1.521249999999999991e+00 8.413895000000000124e-01 nan nan nan
1.523749999999999938e+00 8.455857499999999138e-01 nan nan nan
1.526250000000000107e+00 8.438547499999999868e-01 nan nan nan
1.528750000000000053e+00 8.447967499999999852e-01 nan nan nan
1.531250000000000000e+00 8.359669999999999046e-01 nan nan nan
1.533749999999999947e+00 8.440542500000000059e-01 nan nan nan
1.536249999999999893e+00 8.378612500000000018e-01 nan nan nan
1.538750000000000062e+00 8.356780000000000319e-01 nan nan nan
1.541250000000000009e+00 8.354312500000000696e-01 nan nan nan
1.543749999999999956e+00 8.248849999999999794e-01 nan nan nan
1.546249999999999902e+00 8.384927500000001199e-01 nan nan nan
1.548750000000000071e+00 8.344097499999999501e-01 nan nan nan
1.551250000000000018e+00 8.536500000000000199e-01 nan nan nan
1.553749999999999964e+00 8.314179999999999904e-01 nan nan nan
1.556249999999999911e+00 8.299039999999999750e-01 nan nan nan
1.558750000000000080e+00 8.436234999999999706e-01 nan nan nan
1.561250000000000027e+00 8.389940000000000175e-01 nan nan nan
1.563749999999999973e+00 8.410969999999999835e-01 nan nan nan
1.566249999999999920e+00 8.400730000000000697e-01 nan nan nan
1.568750000000000089e+00 8.475237500000000201e-01 nan nan nan
1.571250000000000036e+00 8.410695000000001365e-01 nan nan nan
1.573749999999999982e+00 8.459972500000000339e-01 nan nan nan
1.576249999999999929e+00 8.398870000000000502e-01 nan nan nan
1.578750000000000098e+00 8.349334999999999951e-01 nan nan nan
1.581250000000000044e+00 8.375842500000000301e-01 nan nan nan
1.583749999999999991e+00 8.482232499999999842e-01 nan nan nan
1.586249999999999938e+00 8.349397499999999805e-01 nan nan nan
1.588750000000000107e+00 8.350847500000000423e-01 nan nan nan
1.591250000000000053e+00 8.454687499999999911e-01 nan nan nan
1.593750000000000000e+00 8.437194999999999556e-01 nan nan nan
1.596249999999999947e+00 8.400805000000000078e-01 nan nan nan
1.598749999999999893e+00 8.384002500000000691e-01 nan nan nan
1.601250000000000062e+00 8.527937500000000171e-01 nan nan nan
1.603750000000000009e+00 8.428207500000000074e-01 nan nan nan
1.606249999999999956e+00 8.427617499999999762e-01 nan nan nan
1.608749999999999902e+00 8.396042500000000519e-01 nan nan nan
1.611250000000000071e+00 8.432207499999999634e-01 nan nan nan
1.613750000000000018e+00 8.427585000000000770e-01 nan nan nan
1.616249999999999964e+00 8.439982499999999499e-01 nan nan nan
1.618749999999999911e+00 8.429947499999999039e-01 nan nan nan
1.621250000000000080e+00 8.391392500000000032e-01 nan nan nan
1.623750000000000027e+00 8.376664999999999806e-01 nan nan nan
1.626249999999999973e+00 8.486024999999999263e-01 nan nan nan
1.628749999999999920e+00 8.512717500000001047e-01 nan nan nan
1.631250000000000089e+00 8.430260000000000531e-01 nan nan nan
1.633750000000000036e+00 8.629324999999999912e-01 nan nan nan
1.636249999999999982e+00 8.488522499999999749e-01 nan nan nan
1.638749999999999929e+00 8.568697500000000966e-01 nan nan nan
1.641250000000000098e+00 8.606335000000000512e-01 nan nan nan
1.643750000000000044e+00 8.655470000000000663e-01 nan nan nan
1.646249999999999991e+00 8.629669999999999286e-01 nan nan nan
1.648749999999999938e+00 8.692392499999999078e-01 nan nan nan
1.651250000000000107e+00 8.649767499999999609e-01 nan nan nan
1.653750000000000053e+00 8.738470000000000404e-01 nan nan nan
1.656250000000000000e+00 8.705622499999999819e-01 nan nan nan
1.658749999999999947e+00 8.579120000000000079e-01 nan nan nan
1.661249999999999893e+00 8.574512499999999982e-01 nan nan nan
1.663750000000000062e+00 8.646144999999999525e-01 nan nan nan
1.666250000000000009e+00 8.787829999999999808e-01 nan nan nan
1.668749999999999956e+00 8.766542500000000793e-01 nan nan nan
1.671249999999999902e+00 8.630625000000000657e-01 nan nan nan
1.673750000000000071e+00 8.637084999999999901e-01 nan nan nan
1.676250000000000018e+00 8.648447499999999399e-01 nan nan nan
1.678749999999999964e+00 8.689482499999999776e-01 nan nan nan
1.681249999999999911e+00 8.663659999999999695e-01 nan nan nan
1.683750000000000080e+00 8.829007500000000119e-01 nan nan nan
1.686250000000000027e+00 8.811345000000000427e-01 nan nan nan
1.688749999999999973e+00 8.908327499999999510e-01 nan nan nan
1.691249999999999920e+00 8.939799999999999969e-01 nan nan nan
1.693750000000000089e+00 8.888605000000000533e-01 nan nan nan
1.696250000000000036e+00 8.832819999999999006e-01 nan nan nan
1.698749999999999982e+00 8.864994999999999958e-01 nan nan nan
1.701249999999999929e+00 8.838522499999998949e-01 nan nan nan
1.703750000000000098e+00 8.887507500000000338e-01 nan nan nan
1.706250000000000044e+00 8.910835000000000283e-01 nan nan nan
1.708749999999999991e+00 8.755447499999999827e-01 nan nan nan
1.711249999999999938e+00 8.971729999999999983e-01 nan nan nan
1.713750000000000107e+00 8.914834999999999843e-01 nan nan nan
1.716250000000000053e+00 9.001974999999999838e-01 nan nan nan
1.718750000000000000e+00 8.981405000000000083e-01 nan nan nan
1.721249999999999947e+00 9.076357499999999634e-01 nan nan nan
1.723749999999999893e+00 8.986715000000000675e-01 nan nan nan
1.726250000000000062e+00 9.141192499999999388e-01 nan nan nan
1.728750000000000009e+00 9.090095000000000258e-01 nan nan nan
1.731249999999999956e+00 9.088889999999999469e-01 nan nan nan
1.733749999999999902e+00 9.118957500000000049e-01 nan nan nan
1.736250000000000071e+00 9.079217499999999719e-01 nan nan nan
1.738750000000000018e+00 9.106542500000001095e-01 nan nan nan
1.741249999999999964e+00 9.214602499999999807e-01 nan nan nan
1.743749999999999911e+00 9.212874999999999259e-01 nan nan nan
1.746250000000000080e+00 9.089362500000000011e-01 nan nan nan
1.748750000000000027e+00 9.223464999999999581e-01 nan nan nan
1.751249999999999973e+00 9.194245000000000889e-01 nan nan nan
1.753749999999999920e+00 9.230890000000000484e-01 nan nan nan
1.756250000000000089e+00 9.334892500000000481e-01 nan nan nan
1.758750000000000036e+00 9.347834999999999894e-01 nan nan nan
1.761249999999999982e+00 9.318035000000001178e-01 nan nan nan
1.763749999999999929e+00 9.455949999999999633e-01 nan nan nan
1.766250000000000098e+00 9.326489999999999503e-01 nan nan nan
1.768750000000000044e+00 9.407845000000000235e-01 nan nan nan
1.771249999999999991e+00 9.445340000000000957e-01 nan nan nan
1.773749999999999938e+00 9.450660000000000727e-01 nan nan nan
1.776250000000000107e+00 9.382165000000000088e-01 nan nan nan
1.778750000000000053e+00 9.436587500000001016e-01 nan nan nan
1.781250000000000000e+00 9.444177499999999448e-01 nan nan nan
1.783749999999999947e+00 9.551597500000000851e-01 nan nan nan
1.786249999999999893e+00 9.535239999999999272e-01 nan nan nan
1.788750000000000062e+00 9.555495000000000516e-01 nan nan nan
1.791250000000000009e+00 9.557769999999999877e-01 nan nan nan
1.793749999999999956e+00 9.585284999999998945e-01 nan nan nan
1.796249999999999902e+00 9.614580000000000348e-01 nan nan nan
1.798750000000000071e+00 9.627172499999999689e-01 nan nan nan
1.801250000000000018e+00 9.752910000000000190e-01 nan nan nan
1.803749999999999964e+00 9.595757499999999496e-01 nan nan nan
1.806249999999999911e+00 9.686907500000000448e-01 nan nan nan
1.808750000000000080e+00 9.688517499999999005e-01 nan nan nan
1.811250000000000027e+00 9.750159999999999938e-01 nan nan nan
1.813749999999999973e+00 9.831907500000000022e-01 nan nan nan
1.816249999999999920e+00 9.845329999999999915e-01 nan nan nan
1.818750000000000089e+00 9.825972499999999776e-01 nan nan nan
1.821250000000000036e+00 9.827377499999999655e-01 nan nan nan
1.823749999999999982e+00 9.918964999999999588e-01 nan nan nan
1.826249999999999929e+00 9.869712500000000777e-01 nan nan nan
1.828750000000000098e+00 9.835905000000000342e-01 nan nan nan
1.831250000000000044e+00 9.962622499999999048e-01 nan nan nan
1.833749999999999991e+00 9.870820000000000149e-01 nan nan nan
1.836249999999999938e+00 9.854894999999999072e-01 nan nan nan
1.838750000000000107e+00 9.925137499999999724e-01 nan nan nan
1.841250000000000053e+00 1.000734250000000047e+00 nan nan nan
1.843750000000000000e+00 9.991442499999999560e-01 nan nan nan
1.846249999999999947e+00 1.003117499999999884e+00 nan nan nan
1.848749999999999893e+00 1.021387499999999893e+00 nan nan nan
1.851250000000000062e+00 1.004718000000000000e+00 nan nan nan
1.853750000000000009e+00 1.006746000000000141e+00 nan nan nan
1.856249999999999956e+00 1.002264749999999927e+00 nan nan nan
1.858749999999999902e+00 1.017640000000000100e+00 nan nan nan
1.861250000000000071e+00 1.014650999999999970e+00 nan nan nan
1.863750000000000018e+00 1.023937249999999910e+00 nan nan nan
1.866249999999999964e+00 1.023495749999999926e+00 nan nan nan
1.868749999999999911e+00 1.020650000000000057e+00 nan nan nan
1.871250000000000080e+00 1.029363000000000028e+00 nan nan nan
1.873750000000000027e+00 1.027812750000000053e+00 nan nan nan
1.876249999999999973e+00 1.034647250000000129e+00 nan nan nan
1.878749999999999920e+00 1.019792000000000032e+00 nan nan nan
1.881250000000000089e+00 1.037561500000000025e+00 nan nan nan
1.883750000000000036e+00 1.035597500000000171e+00 nan nan nan
1.886249999999999982e+00 1.036785000000000068e+00 nan nan nan
1.888749999999999929e+00 1.037891750000000002e+00 nan nan nan
1.891250000000000098e+00 1.037780249999999960e+00 nan nan nan
1.893750000000000044e+00 1.048017999999999894e+00 nan nan nan
1.896249999999999991e+00 1.044584750000000062e+00 nan nan nan
1.898749999999999938e+00 1.052662999999999904e+00 nan nan nan
1.901250000000000107e+00 1.043529750000000034e+00 nan nan nan
1.903750000000000053e+00 1.056086749999999963e+00 nan nan nan
1.906250000000000000e+00 1.038482750000000010e+00 nan nan nan
1.908749999999999947e+00 1.049025749999999979e+00 nan nan nan
1.911249999999999893e+00 1.043498500000000107e+00 nan nan nan
1.913750000000000062e+00 1.074519000000000002e+00 nan nan nan
1.916250000000000009e+00 1.052880000000000038e+00 nan nan nan
1.918749999999999956e+00 1.061535000000000117e+00 nan nan nan
1.921249999999999902e+00 1.054158499999999998e+00 nan nan nan
1.923750000000000071e+00 1.064097999999999988e+00 nan nan nan
1.926250000000000018e+00 1.046465750000000083e+00 nan nan nan
1.928749999999999964e+00 1.064467000000000052e+00 nan nan nan
1.931249999999999911e+00 1.060656000000000043e+00 nan nan nan
1.933750000000000080e+00 1.061043500000000028e+00 nan nan nan
1.936250000000000027e+00 1.055015499999999884e+00 nan nan nan
1.938749999999999973e+00 1.066030250000000068e+00 nan nan nan
1.941249999999999920e+00 1.061531750000000107e+00 nan nan nan
1.943750000000000089e+00 1.072432749999999935e+00 nan nan nan
1.946250000000000036e+00 1.060951999999999895e+00 nan nan nan
1.948749999999999982e+00 1.059872249999999960e+00 nan nan nan
1.951249999999999929e+00 1.074189499999999908e+00 nan nan nan
1.953750000000000098e+00 1.061682499999999862e+00 nan nan nan
1.956250000000000044e+00 1.069668999999999981e+00 nan nan nan
1.958749999999999991e+00 1.064289249999999853e+00 nan nan nan
1.961249999999999938e+00 1.069510749999999843e+00 nan nan nan
1.963750000000000107e+00 1.079615250000000026e+00 nan nan nan
1.966250000000000053e+00 1.075687749999999943e+00 nan nan nan
1.968750000000000000e+00 1.073613249999999963e+00 nan nan nan
1.971249999999999947e+00 1.069386999999999865e+00 nan nan nan
1.973749999999999893e+00 1.063579000000000052e+00 nan nan nan
1.976250000000000062e+00 1.068898499999999974e+00 nan nan nan
1.978750000000000009e+00 1.072304250000000181e+00 nan nan nan
1.981249999999999956e+00 1.075268250000000148e+00 nan nan nan
1.983749999999999902e+00 1.076566249999999947e+00 nan nan nan
1.986250000000000071e+00 1.075340500000000032e+00 nan nan nan
1.988750000000000018e+00 1.071513500000000008e+00 nan nan nan
1.991249999999999964e+00 1.066675999999999958e+00 nan nan nan
1.993749999999999911e+00 1.084634250000000133e+00 nan nan nan
1.996250000000000080e+00 1.070081750000000165e+00 nan nan nan
1.998750000000000027e+00 1.082237749999999998e+00 nan nan nan
2.001250000000000195e+00 1.067312999999999956e+00 nan nan nan
2.003750000000000142e+00 1.070003250000000072e+00 nan nan nan
2.006250000000000089e+00 1.078584250000000022e+00 nan nan nan
2.008750000000000036e+00 1.072592250000000025e+00 nan nan nan
2.011249999999999982e+00 1.074799250000000095e+00 nan nan nan
2.013749999999999929e+00 1.085113250000000029e+00 nan nan nan
2.016249999999999876e+00 1.075199250000000051e+00 nan nan nan
2.018749999999999822e+00 1.081991249999999960e+00 nan nan nan
2.021250000000000213e+00 1.071846749999999959e+00 nan nan nan
2.023750000000000160e+00 1.077738000000000085e+00 nan nan nan
2.026250000000000107e+00 1.086662500000000087e+00 nan nan nan
2.028750000000000053e+00 1.081792500000000157e+00 nan nan nan
2.031250000000000000e+00 1.078206749999999881e+00 nan nan nan
2.033749999999999947e+00 1.076694999999999958e+00 nan nan nan
2.036249999999999893e+00 1.078437749999999973e+00 nan nan nan
2.038749999999999840e+00 1.077936000000000005e+00 nan nan nan
2.041249999999999787e+00 1.071452499999999919e+00 nan nan nan
2.043750000000000178e+00 1.076168749999999896e+00 nan nan nan
2.046250000000000124e+00 1.076911500000000022e+00 nan nan nan
2.048750000000000071e+00 1.074678749999999905e+00 nan nan nan
2.051250000000000018e+00 1.070338000000000012e+00 nan nan nan
2.053749999999999964e+00 1.067764249999999970e+00 nan nan nan
2.056249999999999911e+00 1.079483500000000040e+00 nan nan nan
2.058749999999999858e+00 1.079953249999999976e+00 nan nan nan
2.061249999999999805e+00 1.064856000000000025e+00 nan nan nan
2.063750000000000195e+00 1.073860750000000142e+00 nan nan nan
2.066250000000000142e+00 1.078173000000000048e+00 nan nan nan
2.068750000000000089e+00 1.073311249999999939e+00 nan nan nan
2.071250000000000036e+00 1.063371249999999879e+00 nan nan nan
2.073749999999999982e+00 1.071984999999999966e+00 nan nan nan
2.076249999999999929e+00 1.073564000000000185e+00 nan nan nan
2.078749999999999876e+00 1.068982499999999947e+00 nan nan nan
2.081249999999999822e+00 1.062775750000000130e+00 nan nan nan
2.083750000000000213e+00 1.059671000000000030e+00 nan nan nan
2.086250000000000160e+00 1.073083250000000044e+00 nan nan nan
2.088750000000000107e+00 1.058509249999999957e+00 nan nan nan
2.091250000000000053e+00 1.071475749999999838e+00 nan nan nan
2.093750000000000000e+00 1.063407750000000096e+00 nan nan nan
2.096249999999999947e+00 1.072099499999999983e+00 nan nan nan
2.098749999999999893e+00 1.060078999999999994e+00 nan nan nan
2.101249999999999840e+00 1.066600499999999840e+00 nan nan nan
2.103749999999999787e+00 1.073978249999999912e+00 nan nan nan
2.106250000000000178e+00 1.060969500000000121e+00 nan nan nan
2.108750000000000124e+00 1.057311249999999925e+00 nan nan nan
2.111250000000000071e+00 1.060571249999999965e+00 nan nan nan
2.113750000000000018e+00 1.055759000000000114e+00 nan nan nan
2.116249999999999964e+00 1.065246499999999985e+00 nan nan nan
2.118749999999999911e+00 1.046901249999999894e+00 nan nan nan
2.121249999999999858e+00 1.063988750000000039e+00 nan nan nan
2.123749999999999805e+00 1.054578749999999898e+00 nan nan nan
2.126250000000000195e+00 1.058175249999999901e+00 nan nan nan
2.128750000000000142e+00 1.045534249999999998e+00 nan nan nan
2.131250000000000089e+00 1.057974250000000005e+00 nan nan nan
2.133750000000000036e+00 1.060272499999999951e+00 nan nan nan
2.136249999999999982e+00 1.059268749999999981e+00 nan nan nan
2.138749999999999929e+00 1.044646999999999881e+00 nan nan nan
2.141249999999999876e+00 1.044982249999999890e+00 nan nan nan
2.143749999999999822e+00 1.053640750000000015e+00 nan nan nan
2.146250000000000213e+00 1.048399499999999929e+00 nan nan nan
2.148750000000000160e+00 1.041417500000000107e+00 nan nan nan
2.151250000000000107e+00 1.042515499999999928e+00 nan nan nan
2.153750000000000053e+00 1.045277250000000047e+00 nan nan nan
2.156250000000000000e+00 1.053082499999999921e+00 nan nan nan
2.158749999999999947e+00 1.046197499999999891e+00 nan nan nan
2.161249999999999893e+00 1.048079749999999866e+00 nan nan nan
2.163749999999999840e+00 1.051633749999999923e+00 nan nan nan
2.166249999999999787e+00 1.041296250000000034e+00 nan nan nan
2.168750000000000178e+00 1.043735499999999927e+00 nan nan nan
2.171250000000000124e+00 1.044354000000000005e+00 nan nan nan
2.173750000000000071e+00 1.045962749999999941e+00 nan nan nan
2.176250000000000018e+00 1.043077500000000102e+00 nan nan nan
2.178749999999999964e+00 1.036854999999999860e+00 nan nan nan
2.181249999999999911e+00 1.034078500000000123e+00 nan nan nan
2.183749999999999858e+00 1.040217750000000052e+00 nan nan nan
2.186249999999999805e+00 1.029381000000000101e+00 nan nan nan
2.188750000000000195e+00 1.034886500000000042e+00 nan nan nan
2.191250000000000142e+00 1.033082999999999974e+00 nan nan nan
2.193750000000000089e+00 1.031997499999999901e+00 nan nan nan
2.196250000000000036e+00 1.035581000000000085e+00 nan nan nan
2.198749999999999982e+00 1.032070000000000043e+00 nan nan nan
2.201249999999999929e+00 1.031799750000000016e+00 nan nan nan
2.203749999999999876e+00 1.035665000000000058e+00 nan nan nan
2.206249999999999822e+00 1.031386249999999949e+00 nan nan nan
2.208750000000000213e+00 1.025352250000000076e+00 nan nan nan
2.211250000000000160e+00 1.026285250000000149e+00 nan nan nan
2.213750000000000107e+00 1.029417250000000061e+00 nan nan nan
2.216250000000000053e+00 1.017207500000000042e+00 nan nan nan
2.218750000000000000e+00 1.029095749999999976e+00 nan nan nan
2.221249999999999947e+00 1.019384749999999951e+00 nan nan nan
2.223749999999999893e+00 1.026041750000000086e+00 nan nan nan
2.226249999999999840e+00 1.024764999999999926e+00 nan nan nan
2.228749999999999787e+00 1.030453500000000133e+00 nan nan nan
2.231250000000000178e+00 1.023854749999999925e+00 nan nan nan
2.233750000000000124e+00 1.021946500000000091e+00 nan nan nan
2.236250000000000071e+00 1.012188000000000088e+00 nan nan nan
2.238750000000000018e+00 1.024921749999999854e+00 nan nan nan
2.241249999999999964e+00 1.013346749999999963e+00 nan nan nan
2.243749999999999911e+00 1.026571499999999970e+00 nan nan nan
2.246249999999999858e+00 1.008386750000000109e+00 nan nan nan
2.248749999999999805e+00 1.010646999999999851e+00 nan nan nan
2.251250000000000195e+00 1.012868749999999984e+00 nan nan nan
2.253750000000000142e+00 1.013502000000000125e+00 nan nan nan
2.256250000000000089e+00 1.008284750000000063e+00 nan nan nan
2.258750000000000036e+00 1.019362000000000101e+00 nan nan nan
2.261249999999999982e+00 1.012136249999999960e+00 nan nan nan
2.263749999999999929e+00 1.015385500000000052e+00 nan nan nan
2.266249999999999876e+00 1.005322999999999967e+00 nan nan nan
2.268749999999999822e+00 1.026674749999999969e+00 nan nan nan
2.271250000000000213e+00 1.000334749999999939e+00 nan nan nan
2.273750000000000160e+00 1.001603999999999939e+00 nan nan nan
2.276250000000000107e+00 1.006914000000000087e+00 nan nan nan
2.278750000000000053e+00 1.002844999999999986e+00 nan nan nan
2.281250000000000000e+00 1.011789500000000119e+00 nan nan nan
2.283749999999999947e+00 1.006162499999999849e+00 nan nan nan
2.286249999999999893e+00 1.003500999999999976e+00 nan nan nan
2.288749999999999840e+00 1.003810000000000091e+00 nan nan nan
2.291249999999999787e+00 1.009152749999999932e+00 nan nan nan
2.293750000000000178e+00 9.947014999999999052e-01 nan nan nan
2.296250000000000124e+00 1.000398249999999933e+00 nan nan nan
2.298750000000000071e+00 1.003420999999999896e+00 nan nan nan
2.301250000000000018e+00 1.001145750000000056e+00 nan nan nan
2.303749999999999964e+00 9.938712499999999839e-01 nan nan nan
2.306249999999999911e+00 1.001351499999999950e+00 nan nan nan
2.308749999999999858e+00 9.965837499999999904e-01 nan nan nan
2.311249999999999805e+00 9.929059999999999553e-01 nan nan nan
2.313750000000000195e+00 9.987892499999999618e-01 nan nan nan
2.316250000000000142e+00 9.935534999999999783e-01 nan nan nan
2.318750000000000089e+00 9.977969999999999340e-01 nan nan nan
2.321250000000000036e+00 9.926992500000000330e-01 nan nan nan
2.323749999999999982e+00 9.919769999999999976e-01 nan nan nan
2.326249999999999929e+00 9.996914999999999552e-01 nan nan nan
2.328749999999999876e+00 9.882377500000000259e-01 nan nan nan
2.331249999999999822e+00 9.849729999999999874e-01 nan nan nan
2.333750000000000213e+00 9.933929999999999705e-01 nan nan nan
2.336250000000000160e+00 1.005338250000000100e+00 nan nan nan
2.338750000000000107e+00 9.909862499999999574e-01 nan nan nan
2.341250000000000053e+00 9.923272499999999940e-01 nan nan nan
2.343750000000000000e+00 9.887067499999999676e-01 nan nan nan
2.346249999999999947e+00 9.832750000000000101e-01 nan nan nan
2.348749999999999893e+00 9.891807499999999420e-01 nan nan nan
2.351249999999999840e+00 9.888949999999999685e-01 nan nan nan
2.353749999999999787e+00 9.898710000000000564e-01 nan nan nan
2.356250000000000178e+00 9.863287499999999763e-01 nan nan nan
2.358750000000000124e+00 9.842617499999999353e-01 nan nan nan
2.361250000000000071e+00 9.856449999999998823e-01 nan nan nan
2.363750000000000018e+00 9.880897500000000999e-01 nan nan nan
2.366249999999999964e+00 9.782820000000000960e-01 nan nan nan
2.368749999999999911e+00 9.829940000000000344e-01 nan nan nan
2.371249999999999858e+00 9.905777499999999236e-01 nan nan nan
2.373749999999999805e+00 9.869127500000000053e-01 nan nan nan
2.376250000000000195e+00 9.851749999999999119e-01 nan nan nan
2.378750000000000142e+00 9.831502500000000033e-01 nan nan nan
2.381250000000000089e+00 9.854147499999998949e-01 nan nan nan
2.383750000000000036e+00 9.801937499999999748e-01 nan nan nan
2.386249999999999982e+00 9.810217500000000257e-01 nan nan nan
2.388749999999999929e+00 9.765627500000000349e-01 nan nan nan
2.391249999999999876e+00 9.854842500000000616e-01 nan nan nan
2.393749999999999822e+00 9.838485000000001257e-01 nan nan nan
2.396250000000000213e+00 9.767040000000000166e-01 nan nan nan
2.398750000000000160e+00 9.812094999999999567e-01 nan nan nan
2.401250000000000107e+00 9.819240000000000190e-01 nan nan nan
2.403750000000000053e+00 9.774620000000000530e-01 nan nan nan
2.406250000000000000e+00 9.830077500000000690e-01 nan nan nan
2.408749999999999947e+00 9.777474999999999916e-01 nan nan nan
2.411249999999999893e+00 9.753930000000000655e-01 nan nan nan
2.413749999999999840e+00 9.782397499999999635e-01 nan nan nan
2.416249999999999787e+00 9.730807500000000498e-01 nan nan nan
2.418750000000000178e+00 9.780897499999999800e-01 nan nan nan
2.421250000000000124e+00 9.779797500000000365e-01 nan nan nan
2.423750000000000071e+00 9.771539999999999671e-01 nan nan nan
2.426250000000000018e+00 9.742124999999999257e-01 nan nan nan
2.428749999999999964e+00 9.846019999999999772e-01 nan nan nan
2.431249999999999911e+00 9.763827500000000770e-01 nan nan nan
2.433749999999999858e+00 9.778985000000000039e-01 nan nan nan
2.436249999999999805e+00 9.750355000000000549e-01 nan nan nan
2.438750000000000195e+00 9.778264999999999318e-01 nan nan nan
2.441250000000000142e+00 9.793235000000000134e-01 nan nan nan
2.443750000000000089e+00 9.732545000000000224e-01 nan nan nan
2.446250000000000036e+00 9.665702500000000752e-01 nan nan nan
2.448749999999999982e+00 9.682447499999999874e-01 nan nan nan
2.451249999999999929e+00 9.735927500000001178e-01 nan nan nan
2.453749999999999876e+00 9.639017500000000016e-01 nan nan nan
2.456249999999999822e+00 9.747752500000000930e-01 nan nan nan
2.458750000000000213e+00 9.712377500000000108e-01 nan nan nan
2.461250000000000160e+00 9.792355000000000365e-01 nan nan nan
2.463750000000000107e+00 9.723264999999999825e-01 nan nan nan
2.466250000000000053e+00 9.734292500000000237e-01 nan nan nan
2.468750000000000000e+00 9.737329999999999597e-01 nan nan nan
2.471249999999999947e+00 9.716804999999999470e-01 nan nan nan
2.473749999999999893e+00 9.748910000000000631e-01 nan nan nan
2.476249999999999840e+00 9.692950000000000177e-01 nan nan nan
2.478749999999999787e+00 9.659750000000000281e-01 nan nan nan
2.481250000000000178e+00 9.728682499999999900e-01 nan nan nan
2.483750000000000124e+00 9.730955000000000021e-01 nan nan nan
2.486250000000000071e+00 9.768990000000000729e-01 nan nan nan
2.488750000000000018e+00 9.706057500000000449e-01 nan nan nan
2.491249999999999964e+00 9.737602499999999939e-01 nan nan nan
2.493749999999999911e+00 9.746302500000000313e-01 nan nan nan
2.496249999999999858e+00 9.719242500000000451e-01 nan nan nan
2.498749999999999805e+00 9.781869999999999177e-01 nan nan nan
