1.250000000000000026e-03 0.000000000000000000e+00 nan nan nan
3.749999999999999861e-03 0.000000000000000000e+00 nan nan nan
6.250000000000000347e-03 0.000000000000000000e+00 nan nan nan
8.750000000000000833e-03 0.000000000000000000e+00 nan nan nan
1.124999999999999958e-02 0.000000000000000000e+00 nan nan nan
1.375000000000000007e-02 0.000000000000000000e+00 nan nan nan
1.625000000000000056e-02 0.000000000000000000e+00 nan nan nan
1.874999999999999931e-02 0.000000000000000000e+00 nan nan nan
2.125000000000000153e-02 0.000000000000000000e+00 nan nan nan
2.375000000000000028e-02 0.000000000000000000e+00 nan nan nan
2.624999999999999903e-02 0.000000000000000000e+00 nan nan nan
2.875000000000000125e-02 0.000000000000000000e+00 nan nan nan
3.125000000000000000e-02 0.000000000000000000e+00 nan nan nan
3.375000000000000222e-02 0.000000000000000000e+00 nan nan nan
3.624999999999999750e-02 0.000000000000000000e+00 nan nan nan
3.874999999999999972e-02 0.000000000000000000e+00 nan nan nan
4.125000000000000194e-02 0.000000000000000000e+00 nan nan nan
4.374999999999999722e-02 0.000000000000000000e+00 nan nan nan
4.624999999999999944e-02 0.000000000000000000e+00 nan nan nan
4.875000000000000167e-02 0.000000000000000000e+00 nan nan nan
5.124999999999999695e-02 0.000000000000000000e+00 nan nan nan
5.374999999999999917e-02 0.000000000000000000e+00 nan nan nan
5.625000000000000139e-02 0.000000000000000000e+00 nan nan nan
5.874999999999999667e-02 0.000000000000000000e+00 nan nan nan
6.124999999999999889e-02 0.000000000000000000e+00 nan nan nan
6.375000000000000111e-02 0.000000000000000000e+00 nan nan nan
6.625000000000000333e-02 0.000000000000000000e+00 nan nan nan
6.875000000000000555e-02 0.000000000000000000e+00 nan nan nan
7.124999999999999389e-02 0.000000000000000000e+00 nan nan nan
7.374999999999999611e-02 0.000000000000000000e+00 nan nan nan
7.624999999999999833e-02 0.000000000000000000e+00 nan nan nan
7.875000000000000056e-02 0.000000000000000000e+00 nan nan nan
8.125000000000000278e-02 0.000000000000000000e+00 nan nan nan
8.375000000000000500e-02 0.000000000000000000e+00 nan nan nan
8.624999999999999334e-02 0.000000000000000000e+00 nan nan nan
8.874999999999999556e-02 0.000000000000000000e+00 nan nan nan
9.124999999999999778e-02 0.000000000000000000e+00 nan nan nan
9.375000000000000000e-02 0.000000000000000000e+00 nan nan nan
9.625000000000000222e-02 0.000000000000000000e+00 nan nan nan
9.875000000000000444e-02 0.000000000000000000e+00 nan nan nan
1.012500000000000067e-01 0.000000000000000000e+00 nan nan nan
1.037499999999999950e-01 0.000000000000000000e+00 nan nan nan
1.062499999999999972e-01 0.000000000000000000e+00 nan nan nan
1.087499999999999994e-01 0.000000000000000000e+00 nan nan nan
1.112500000000000017e-01 0.000000000000000000e+00 nan nan nan
1.137500000000000039e-01 0.000000000000000000e+00 nan nan nan
1.162500000000000061e-01 0.000000000000000000e+00 nan nan nan
1.187499999999999944e-01 0.000000000000000000e+00 nan nan nan
1.212499999999999967e-01 0.000000000000000000e+00 nan nan nan
1.237499999999999989e-01 0.000000000000000000e+00 nan nan nan
1.262500000000000011e-01 0.000000000000000000e+00 nan nan nan
1.287500000000000033e-01 0.000000000000000000e+00 nan nan nan
1.312500000000000056e-01 0.000000000000000000e+00 nan nan nan
1.337500000000000078e-01 0.000000000000000000e+00 nan nan nan
1.362500000000000100e-01 0.000000000000000000e+00 nan nan nan
1.387500000000000122e-01 0.000000000000000000e+00 nan nan nan
1.412499999999999867e-01 0.000000000000000000e+00 nan nan nan
1.437499999999999889e-01 0.000000000000000000e+00 nan nan nan
1.462499999999999911e-01 0.000000000000000000e+00 nan nan nan
1.487499999999999933e-01 0.000000000000000000e+00 nan nan nan
1.512499999999999956e-01 0.000000000000000000e+00 nan nan nan
1.537499999999999978e-01 0.000000000000000000e+00 nan nan nan
1.562500000000000000e-01 0.000000000000000000e+00 nan nan nan
1.587500000000000022e-01 0.000000000000000000e+00 nan nan nan
1.612500000000000044e-01 0.000000000000000000e+00 nan nan nan
1.637500000000000067e-01 0.000000000000000000e+00 nan nan nan
1.662500000000000089e-01 0.000000000000000000e+00 nan nan nan
1.687500000000000111e-01 0.000000000000000000e+00 nan nan nan
1.712500000000000133e-01 0.000000000000000000e+00 nan nan nan
1.737499999999999878e-01 0.000000000000000000e+00 nan nan nan
1.762499999999999900e-01 0.000000000000000000e+00 nan nan nan
1.787499999999999922e-01 0.000000000000000000e+00 nan nan nan
1.812499999999999944e-01 0.000000000000000000e+00 nan nan nan
1.837499999999999967e-01 0.000000000000000000e+00 nan nan nan
1.862499999999999989e-01 0.000000000000000000e+00 nan nan nan
1.887500000000000011e-01 0.000000000000000000e+00 nan nan nan
1.912500000000000033e-01 0.000000000000000000e+00 nan nan nan
1.937500000000000056e-01 0.000000000000000000e+00 nan nan nan
1.962500000000000078e-01 0.000000000000000000e+00 nan nan nan
1.987500000000000100e-01 0.000000000000000000e+00 nan nan nan
2.012500000000000122e-01 0.000000000000000000e+00 nan nan nan
2.037499999999999867e-01 0.000000000000000000e+00 nan nan nan
2.062499999999999889e-01 0.000000000000000000e+00 nan nan nan
2.087499999999999911e-01 0.000000000000000000e+00 nan nan nan
2.112499999999999933e-01 0.000000000000000000e+00 nan nan nan
2.137499999999999956e-01 0.000000000000000000e+00 nan nan nan
2.162499999999999978e-01 0.000000000000000000e+00 nan nan nan
2.187500000000000000e-01 0.000000000000000000e+00 nan nan nan
2.212500000000000022e-01 0.000000000000000000e+00 nan nan nan
2.237500000000000044e-01 0.000000000000000000e+00 nan nan nan
2.262500000000000067e-01 0.000000000000000000e+00 nan nan nan
2.287500000000000089e-01 0.000000000000000000e+00 nan nan nan
2.312500000000000111e-01 0.000000000000000000e+00 nan nan nan
2.337500000000000133e-01 0.000000000000000000e+00 nan nan nan
2.362499999999999878e-01 0.000000000000000000e+00 nan nan nan
2.387499999999999900e-01 0.000000000000000000e+00 nan nan nan
2.412499999999999922e-01 0.000000000000000000e+00 nan nan nan
2.437499999999999944e-01 0.000000000000000000e+00 nan nan nan
2.462499999999999967e-01 0.000000000000000000e+00 nan nan nan
2.487499999999999989e-01 0.000000000000000000e+00 nan nan nan
2.512499999999999734e-01 0.000000000000000000e+00 nan nan nan
2.537499999999999756e-01 0.000000000000000000e+00 nan nan nan
2.562499999999999778e-01 0.000000000000000000e+00 nan nan nan
2.587499999999999800e-01 0.000000000000000000e+00 nan nan nan
2.612499999999999822e-01 0.000000000000000000e+00 nan nan nan
2.637499999999999845e-01 0.000000000000000000e+00 nan nan nan
2.662499999999999867e-01 0.000000000000000000e+00 nan nan nan
2.687499999999999889e-01 0.000000000000000000e+00 nan nan nan
2.712499999999999911e-01 0.000000000000000000e+00 nan nan nan
2.737499999999999933e-01 0.000000000000000000e+00 nan nan nan
2.762499999999999956e-01 0.000000000000000000e+00 nan nan nan
2.787499999999999978e-01 0.000000000000000000e+00 nan nan nan
2.812500000000000000e-01 0.000000000000000000e+00 nan nan nan
2.837500000000000022e-01 0.000000000000000000e+00 nan nan nan
2.862500000000000044e-01 0.000000000000000000e+00 nan nan nan
2.887500000000000067e-01 0.000000000000000000e+00 nan nan nan
2.912500000000000089e-01 0.000000000000000000e+00 nan nan nan
2.937500000000000111e-01 0.000000000000000000e+00 nan nan nan
2.962500000000000133e-01 0.000000000000000000e+00 nan nan nan
2.987500000000000155e-01 0.000000000000000000e+00 nan nan nan
3.012500000000000178e-01 0.000000000000000000e+00 nan nan nan
3.037500000000000200e-01 0.000000000000000000e+00 nan nan nan
3.062500000000000222e-01 0.000000000000000000e+00 nan nan nan
3.087500000000000244e-01 0.000000000000000000e+00 nan nan nan
3.112500000000000266e-01 0.000000000000000000e+00 nan nan nan
3.137499999999999734e-01 0.000000000000000000e+00 nan nan nan
3.162499999999999756e-01 0.000000000000000000e+00 nan nan nan
3.187499999999999778e-01 0.000000000000000000e+00 nan nan nan
3.212499999999999800e-01 0.000000000000000000e+00 nan nan nan
3.237499999999999822e-01 0.000000000000000000e+00 nan nan nan
3.262499999999999845e-01 0.000000000000000000e+00 nan nan nan
3.287499999999999867e-01 0.000000000000000000e+00 nan nan nan
3.312499999999999889e-01 0.000000000000000000e+00 nan nan nan
3.337499999999999911e-01 0.000000000000000000e+00 nan nan nan
3.362499999999999933e-01 0.000000000000000000e+00 nan nan nan
3.387499999999999956e-01 0.000000000000000000e+00 nan nan nan
3.412499999999999978e-01 0.000000000000000000e+00 nan nan nan
3.437500000000000000e-01 0.000000000000000000e+00 nan nan nan
3.462500000000000022e-01 0.000000000000000000e+00 nan nan nan
3.487500000000000044e-01 0.000000000000000000e+00 nan nan nan
3.512500000000000067e-01 0.000000000000000000e+00 nan nan nan
3.537500000000000089e-01 0.000000000000000000e+00 nan nan nan
3.562500000000000111e-01 0.000000000000000000e+00 nan nan nan
3.587500000000000133e-01 0.000000000000000000e+00 nan nan nan
3.612500000000000155e-01 0.000000000000000000e+00 nan nan nan
3.637500000000000178e-01 0.000000000000000000e+00 nan nan nan
3.662500000000000200e-01 0.000000000000000000e+00 nan nan nan
3.687500000000000222e-01 0.000000000000000000e+00 nan nan nan
3.712500000000000244e-01 0.000000000000000000e+00 nan nan nan
3.737500000000000266e-01 0.000000000000000000e+00 nan nan nan
3.762499999999999734e-01 0.000000000000000000e+00 nan nan nan
3.787499999999999756e-01 0.000000000000000000e+00 nan nan nan
3.812499999999999778e-01 0.000000000000000000e+00 nan nan nan
3.837499999999999800e-01 0.000000000000000000e+00 nan nan nan
3.862499999999999822e-01 0.000000000000000000e+00 nan nan nan
3.887499999999999845e-01 0.000000000000000000e+00 nan nan nan
3.912499999999999867e-01 0.000000000000000000e+00 nan nan nan
3.937499999999999889e-01 0.000000000000000000e+00 nan nan nan
3.962499999999999911e-01 0.000000000000000000e+00 nan nan nan
3.987499999999999933e-01 0.000000000000000000e+00 nan nan nan
4.012499999999999956e-01 0.000000000000000000e+00 nan nan nan
4.037499999999999978e-01 0.000000000000000000e+00 nan nan nan
4.062500000000000000e-01 0.000000000000000000e+00 nan nan nan
4.087500000000000022e-01 0.000000000000000000e+00 nan nan nan
4.112500000000000044e-01 0.000000000000000000e+00 nan nan nan
4.137500000000000067e-01 0.000000000000000000e+00 nan nan nan
4.162500000000000089e-01 0.000000000000000000e+00 nan nan nan
4.187500000000000111e-01 0.000000000000000000e+00 nan nan nan
4.212500000000000133e-01 0.000000000000000000e+00 nan nan nan
4.237500000000000155e-01 0.000000000000000000e+00 nan nan nan
4.262500000000000178e-01 0.000000000000000000e+00 nan nan nan
4.287500000000000200e-01 0.000000000000000000e+00 nan nan nan
4.312500000000000222e-01 0.000000000000000000e+00 nan nan nan
4.337500000000000244e-01 0.000000000000000000e+00 nan nan nan
4.362500000000000266e-01 0.000000000000000000e+00 nan nan nan
4.387499999999999734e-01 0.000000000000000000e+00 nan nan nan
4.412499999999999756e-01 0.000000000000000000e+00 nan nan nan
4.437499999999999778e-01 0.000000000000000000e+00 nan nan nan
4.462499999999999800e-01 0.000000000000000000e+00 nan nan nan
4.487499999999999822e-01 0.000000000000000000e+00 nan nan nan
4.512499999999999845e-01 0.000000000000000000e+00 nan nan nan
4.537499999999999867e-01 0.000000000000000000e+00 nan nan nan
4.562499999999999889e-01 0.000000000000000000e+00 nan nan nan
4.587499999999999911e-01 0.000000000000000000e+00 nan nan nan
4.612499999999999933e-01 0.000000000000000000e+00 nan nan nan
4.637499999999999956e-01 0.000000000000000000e+00 nan nan nan
4.662499999999999978e-01 0.000000000000000000e+00 nan nan nan
4.687500000000000000e-01 0.000000000000000000e+00 nan nan nan
4.712500000000000022e-01 0.000000000000000000e+00 nan nan nan
4.737500000000000044e-01 0.000000000000000000e+00 nan nan nan
4.762500000000000067e-01 0.000000000000000000e+00 nan nan nan
4.787500000000000089e-01 0.000000000000000000e+00 nan nan nan
4.812500000000000111e-01 0.000000000000000000e+00 nan nan nan
4.837500000000000133e-01 0.000000000000000000e+00 nan nan nan
4.862500000000000155e-01 0.000000000000000000e+00 nan nan nan
4.887500000000000178e-01 0.000000000000000000e+00 nan nan nan
4.912500000000000200e-01 0.000000000000000000e+00 nan nan nan
4.937500000000000222e-01 0.000000000000000000e+00 nan nan nan
4.962500000000000244e-01 0.000000000000000000e+00 nan nan nan
4.987500000000000266e-01 0.000000000000000000e+00 nan nan nan
5.012499999999999734e-01 0.000000000000000000e+00 nan nan nan
5.037500000000000311e-01 0.000000000000000000e+00 nan nan nan
5.062499999999999778e-01 0.000000000000000000e+00 nan nan nan
5.087500000000000355e-01 0.000000000000000000e+00 nan nan nan
5.112499999999999822e-01 0.000000000000000000e+00 nan nan nan
5.137500000000000400e-01 0.000000000000000000e+00 nan nan nan
5.162499999999999867e-01 0.000000000000000000e+00 nan nan nan
5.187500000000000444e-01 0.000000000000000000e+00 nan nan nan
5.212499999999999911e-01 0.000000000000000000e+00 nan nan nan
5.237500000000000488e-01 0.000000000000000000e+00 nan nan nan
5.262499999999999956e-01 0.000000000000000000e+00 nan nan nan
5.287500000000000533e-01 0.000000000000000000e+00 nan nan nan
5.312500000000000000e-01 0.000000000000000000e+00 nan nan nan
5.337499999999999467e-01 0.000000000000000000e+00 nan nan nan
5.362500000000000044e-01 0.000000000000000000e+00 nan nan nan
5.387499999999999512e-01 0.000000000000000000e+00 nan nan nan
5.412500000000000089e-01 0.000000000000000000e+00 nan nan nan
5.437499999999999556e-01 0.000000000000000000e+00 nan nan nan
5.462500000000000133e-01 0.000000000000000000e+00 nan nan nan
5.487499999999999600e-01 0.000000000000000000e+00 nan nan nan
5.512500000000000178e-01 0.000000000000000000e+00 nan nan nan
5.537499999999999645e-01 0.000000000000000000e+00 nan nan nan
5.562500000000000222e-01 0.000000000000000000e+00 nan nan nan
5.587499999999999689e-01 0.000000000000000000e+00 nan nan nan
5.612500000000000266e-01 0.000000000000000000e+00 nan nan nan
5.637499999999999734e-01 0.000000000000000000e+00 nan nan nan
5.662500000000000311e-01 0.000000000000000000e+00 nan nan nan
5.687499999999999778e-01 0.000000000000000000e+00 nan nan nan
5.712500000000000355e-01 0.000000000000000000e+00 nan nan nan
5.737499999999999822e-01 0.000000000000000000e+00 nan nan nan
5.762500000000000400e-01 0.000000000000000000e+00 nan nan nan
5.787499999999999867e-01 0.000000000000000000e+00 nan nan nan
5.812500000000000444e-01 0.000000000000000000e+00 nan nan nan
5.837499999999999911e-01 0.000000000000000000e+00 nan nan nan
5.862500000000000488e-01 0.000000000000000000e+00 nan nan nan
5.887499999999999956e-01 0.000000000000000000e+00 nan nan nan
5.912500000000000533e-01 0.000000000000000000e+00 nan nan nan
5.937500000000000000e-01 0.000000000000000000e+00 nan nan nan
5.962499999999999467e-01 0.000000000000000000e+00 nan nan nan
5.987500000000000044e-01 0.000000000000000000e+00 nan nan nan
6.012499999999999512e-01 0.000000000000000000e+00 nan nan nan
6.037500000000000089e-01 0.000000000000000000e+00 nan nan nan
6.062499999999999556e-01 0.000000000000000000e+00 nan nan nan
6.087500000000000133e-01 0.000000000000000000e+00 nan nan nan
6.112499999999999600e-01 0.000000000000000000e+00 nan nan nan
6.137500000000000178e-01 0.000000000000000000e+00 nan nan nan
6.162499999999999645e-01 0.000000000000000000e+00 nan nan nan
6.187500000000000222e-01 0.000000000000000000e+00 nan nan nan
6.212499999999999689e-01 0.000000000000000000e+00 nan nan nan
6.237500000000000266e-01 0.000000000000000000e+00 nan nan nan
6.262499999999999734e-01 0.000000000000000000e+00 nan nan nan
6.287500000000000311e-01 0.000000000000000000e+00 nan nan nan
6.312499999999999778e-01 0.000000000000000000e+00 nan nan nan
6.337500000000000355e-01 0.000000000000000000e+00 nan nan nan
6.362499999999999822e-01 0.000000000000000000e+00 nan nan nan
6.387500000000000400e-01 0.000000000000000000e+00 nan nan nan
6.412499999999999867e-01 0.000000000000000000e+00 nan nan nan
6.437500000000000444e-01 0.000000000000000000e+00 nan nan nan
6.462499999999999911e-01 0.000000000000000000e+00 nan nan nan
6.487500000000000488e-01 0.000000000000000000e+00 nan nan nan
6.512499999999999956e-01 0.000000000000000000e+00 nan nan nan
6.537500000000000533e-01 0.000000000000000000e+00 nan nan nan
6.562500000000000000e-01 0.000000000000000000e+00 nan nan nan
6.587499999999999467e-01 0.000000000000000000e+00 nan nan nan
6.612500000000000044e-01 0.000000000000000000e+00 nan nan nan
6.637499999999999512e-01 0.000000000000000000e+00 nan nan nan
6.662500000000000089e-01 0.000000000000000000e+00 nan nan nan
6.687499999999999556e-01 0.000000000000000000e+00 nan nan nan
6.712500000000000133e-01 0.000000000000000000e+00 nan nan nan
6.737499999999999600e-01 0.000000000000000000e+00 nan nan nan
6.762500000000000178e-01 0.000000000000000000e+00 nan nan nan
6.787499999999999645e-01 0.000000000000000000e+00 nan nan nan
6.812500000000000222e-01 0.000000000000000000e+00 nan nan nan
6.837499999999999689e-01 0.000000000000000000e+00 nan nan nan
6.862500000000000266e-01 0.000000000000000000e+00 nan nan nan
6.887499999999999734e-01 0.000000000000000000e+00 nan nan nan
6.912500000000000311e-01 0.000000000000000000e+00 nan nan nan
6.937499999999999778e-01 0.000000000000000000e+00 nan nan nan
6.962500000000000355e-01 0.000000000000000000e+00 nan nan nan
6.987499999999999822e-01 0.000000000000000000e+00 nan nan nan
7.012500000000000400e-01 0.000000000000000000e+00 nan nan nan
7.037499999999999867e-01 0.000000000000000000e+00 nan nan nan
7.062500000000000444e-01 0.000000000000000000e+00 nan nan nan
7.087499999999999911e-01 0.000000000000000000e+00 nan nan nan
7.112500000000000488e-01 0.000000000000000000e+00 nan nan nan
7.137499999999999956e-01 0.000000000000000000e+00 nan nan nan
7.162500000000000533e-01 0.000000000000000000e+00 nan nan nan
7.187500000000000000e-01 0.000000000000000000e+00 nan nan nan
7.212499999999999467e-01 0.000000000000000000e+00 nan nan nan
7.237500000000000044e-01 0.000000000000000000e+00 nan nan nan
7.262499999999999512e-01 0.000000000000000000e+00 nan nan nan
7.287500000000000089e-01 0.000000000000000000e+00 nan nan nan
7.312499999999999556e-01 0.000000000000000000e+00 nan nan nan
7.337500000000000133e-01 0.000000000000000000e+00 nan nan nan
7.362499999999999600e-01 0.000000000000000000e+00 nan nan nan
7.387500000000000178e-01 0.000000000000000000e+00 nan nan nan
7.412499999999999645e-01 0.000000000000000000e+00 nan nan nan
7.437500000000000222e-01 0.000000000000000000e+00 nan nan nan
7.462499999999999689e-01 0.000000000000000000e+00 nan nan nan
7.487500000000000266e-01 0.000000000000000000e+00 nan nan nan
7.512499999999999734e-01 0.000000000000000000e+00 nan nan nan
7.537500000000000311e-01 0.000000000000000000e+00 nan nan nan
7.562499999999999778e-01 0.000000000000000000e+00 nan nan nan
7.587500000000000355e-01 0.000000000000000000e+00 nan nan nan
7.612499999999999822e-01 0.000000000000000000e+00 nan nan nan
7.637500000000000400e-01 0.000000000000000000e+00 nan nan nan
7.662499999999999867e-01 0.000000000000000000e+00 nan nan nan
7.687500000000000444e-01 0.000000000000000000e+00 nan nan nan
7.712499999999999911e-01 0.000000000000000000e+00 nan nan nan
7.737500000000000488e-01 0.000000000000000000e+00 nan nan nan
7.762499999999999956e-01 0.000000000000000000e+00 nan nan nan
7.787500000000000533e-01 0.000000000000000000e+00 nan nan nan
7.812500000000000000e-01 0.000000000000000000e+00 nan nan nan
7.837499999999999467e-01 0.000000000000000000e+00 nan nan nan
7.862500000000000044e-01 0.000000000000000000e+00 nan nan nan
7.887499999999999512e-01 0.000000000000000000e+00 nan nan nan
7.912500000000000089e-01 0.000000000000000000e+00 nan nan nan
7.937499999999999556e-01 0.000000000000000000e+00 nan nan nan
7.962500000000000133e-01 0.000000000000000000e+00 nan nan nan
7.987499999999999600e-01 0.000000000000000000e+00 nan nan nan
8.012500000000000178e-01 0.000000000000000000e+00 nan nan nan
8.037499999999999645e-01 0.000000000000000000e+00 nan nan nan
8.062500000000000222e-01 0.000000000000000000e+00 nan nan nan
8.087499999999999689e-01 0.000000000000000000e+00 nan nan nan
8.112500000000000266e-01 0.000000000000000000e+00 nan nan nan
8.137499999999999734e-01 0.000000000000000000e+00 nan nan nan
8.162500000000000311e-01 0.000000000000000000e+00 nan nan nan
8.187499999999999778e-01 0.000000000000000000e+00 nan nan nan
8.212500000000000355e-01 0.000000000000000000e+00 nan nan nan
8.237499999999999822e-01 0.000000000000000000e+00 nan nan nan
8.262500000000000400e-01 0.000000000000000000e+00 nan nan nan
8.287499999999999867e-01 0.000000000000000000e+00 nan nan nan
8.312500000000000444e-01 0.000000000000000000e+00 nan nan nan
8.337499999999999911e-01 0.000000000000000000e+00 nan nan nan
8.362500000000000488e-01 0.000000000000000000e+00 nan nan nan
8.387499999999999956e-01 0.000000000000000000e+00 nan nan nan
8.412500000000000533e-01 0.000000000000000000e+00 nan nan nan
8.437500000000000000e-01 0.000000000000000000e+00 nan nan nan
8.462499999999999467e-01 0.000000000000000000e+00 nan nan nan
8.487500000000000044e-01 0.000000000000000000e+00 nan nan nan
8.512499999999999512e-01 0.000000000000000000e+00 nan nan nan
8.537500000000000089e-01 0.000000000000000000e+00 nan nan nan
8.562499999999999556e-01 0.000000000000000000e+00 nan nan nan
8.587500000000000133e-01 0.000000000000000000e+00 nan nan nan
8.612499999999999600e-01 0.000000000000000000e+00 nan nan nan
8.637500000000000178e-01 0.000000000000000000e+00 nan nan nan
8.662499999999999645e-01 0.000000000000000000e+00 nan nan nan
8.687500000000000222e-01 0.000000000000000000e+00 nan nan nan
8.712499999999999689e-01 0.000000000000000000e+00 nan nan nan
8.737500000000000266e-01 0.000000000000000000e+00 nan nan nan
8.762499999999999734e-01 0.000000000000000000e+00 nan nan nan
8.787500000000000311e-01 0.000000000000000000e+00 nan nan nan
8.812499999999999778e-01 0.000000000000000000e+00 nan nan nan
8.837500000000000355e-01 0.000000000000000000e+00 nan nan nan
8.862499999999999822e-01 0.000000000000000000e+00 nan nan nan
8.887500000000000400e-01 0.000000000000000000e+00 nan nan nan
8.912499999999999867e-01 0.000000000000000000e+00 nan nan nan
8.937500000000000444e-01 0.000000000000000000e+00 nan nan nan
8.962499999999999911e-01 0.000000000000000000e+00 nan nan nan
8.987500000000000488e-01 0.000000000000000000e+00 nan nan nan
9.012499999999999956e-01 0.000000000000000000e+00 nan nan nan
9.037500000000000533e-01 0.000000000000000000e+00 nan nan nan
9.062500000000000000e-01 0.000000000000000000e+00 nan nan nan
9.087499999999999467e-01 0.000000000000000000e+00 nan nan nan
9.112500000000000044e-01 0.000000000000000000e+00 nan nan nan
9.137499999999999512e-01 0.000000000000000000e+00 nan nan nan
9.162500000000000089e-01 0.000000000000000000e+00 nan nan nan
9.187499999999999556e-01 0.000000000000000000e+00 nan nan nan
9.212500000000000133e-01 0.000000000000000000e+00 nan nan nan
9.237499999999999600e-01 0.000000000000000000e+00 nan nan nan
9.262500000000000178e-01 0.000000000000000000e+00 nan nan nan
9.287499999999999645e-01 0.000000000000000000e+00 nan nan nan
9.312500000000000222e-01 0.000000000000000000e+00 nan nan nan
9.337499999999999689e-01 0.000000000000000000e+00 nan nan nan
9.362500000000000266e-01 0.000000000000000000e+00 nan nan nan
9.387499999999999734e-01 0.000000000000000000e+00 nan nan nan
9.412500000000000311e-01 0.000000000000000000e+00 nan nan nan
9.437499999999999778e-01 0.000000000000000000e+00 nan nan nan
9.462500000000000355e-01 0.000000000000000000e+00 nan nan nan
9.487499999999999822e-01 0.000000000000000000e+00 nan nan nan
9.512500000000000400e-01 0.000000000000000000e+00 nan nan nan
9.537499999999999867e-01 0.000000000000000000e+00 nan nan nan
9.562500000000000444e-01 0.000000000000000000e+00 nan nan nan
9.587499999999999911e-01 0.000000000000000000e+00 nan nan nan
9.612500000000000488e-01 0.000000000000000000e+00 nan nan nan
9.637499999999999956e-01 0.000000000000000000e+00 nan nan nan
9.662500000000000533e-01 0.000000000000000000e+00 nan nan nan
9.687500000000000000e-01 0.000000000000000000e+00 nan nan nan
9.712499999999999467e-01 0.000000000000000000e+00 nan nan nan
9.737500000000000044e-01 0.000000000000000000e+00 nan nan nan
9.762499999999999512e-01 0.000000000000000000e+00 nan nan nan
9.787500000000000089e-01 0.000000000000000000e+00 nan nan nan
9.812499999999999556e-01 0.000000000000000000e+00 nan nan nan
9.837500000000000133e-01 1.314999999999999980e-04 nan nan nan
9.862499999999999600e-01 0.000000000000000000e+00 nan nan nan
9.887500000000000178e-01 0.000000000000000000e+00 nan nan nan
9.912499999999999645e-01 0.000000000000000000e+00 nan nan nan
9.937500000000000222e-01 0.000000000000000000e+00 nan nan nan
9.962499999999999689e-01 5.119999999999999768e-04 nan nan nan
9.987500000000000266e-01 2.550000000000000183e-04 nan nan nan
1.001249999999999973e+00 7.609999999999999577e-04 nan nan nan
1.003749999999999920e+00 1.009499999999999981e-03 nan nan nan
1.006250000000000089e+00 8.790000000000000070e-04 nan nan nan
1.008750000000000036e+00 3.123749999999999791e-03 nan nan nan
1.011249999999999982e+00 4.351749999999999716e-03 nan nan nan
1.013749999999999929e+00 9.774000000000001437e-03 nan nan nan
1.016250000000000098e+00 1.415825000000000070e-02 nan nan nan
1.018750000000000044e+00 2.009175000000000197e-02 nan nan nan
1.021249999999999991e+00 3.413524999999999893e-02 nan nan nan
1.023749999999999938e+00 4.088399999999999673e-02 nan nan nan
1.026250000000000107e+00 5.589624999999999455e-02 nan nan nan
1.028750000000000053e+00 8.517974999999999852e-02 nan nan nan
1.031250000000000000e+00 1.162112499999999882e-01 nan nan nan
1.033749999999999947e+00 1.433725000000000138e-01 nan nan nan
1.036249999999999893e+00 1.948995000000000033e-01 nan nan nan
1.038750000000000062e+00 2.550025000000000208e-01 nan nan nan
1.041250000000000009e+00 3.221499999999999919e-01 nan nan nan
1.043749999999999956e+00 3.979887500000000022e-01 nan nan nan
1.046249999999999902e+00 5.125927500000000414e-01 nan nan nan
1.048750000000000071e+00 6.024024999999999519e-01 nan nan nan
1.051250000000000018e+00 7.113717500000000804e-01 nan nan nan
1.053749999999999964e+00 8.593794999999999629e-01 nan nan nan
1.056249999999999911e+00 1.034927000000000152e+00 nan nan nan
1.058750000000000080e+00 1.197919750000000061e+00 nan nan nan
1.061250000000000027e+00 1.383300500000000044e+00 nan nan nan
1.063749999999999973e+00 1.576028749999999867e+00 nan nan nan
1.066249999999999920e+00 1.764700249999999970e+00 nan nan nan
1.068750000000000089e+00 1.941460999999999881e+00 nan nan nan
1.071250000000000036e+00 2.191896500000000358e+00 nan nan nan
1.073749999999999982e+00 2.396199250000000003e+00 nan nan nan
1.076249999999999929e+00 2.571798250000000063e+00 nan nan nan
1.078750000000000098e+00 2.821027500000000465e+00 nan nan nan
1.081250000000000044e+00 3.024641499999999983e+00 nan nan nan
1.083749999999999991e+00 3.208919250000000112e+00 nan nan nan
1.086249999999999938e+00 3.424660750000000142e+00 nan nan nan
1.088750000000000107e+00 3.600631250000000172e+00 nan nan nan
1.091250000000000053e+00 3.704165249999999965e+00 nan nan nan
1.093750000000000000e+00 3.848061249999999767e+00 nan nan nan
1.096249999999999947e+00 4.000446750000000051e+00 nan nan nan
1.098749999999999893e+00 4.094955249999999936e+00 nan nan nan
1.101250000000000062e+00 4.146419250000001000e+00 nan nan nan
1.103750000000000009e+00 4.191739250000000361e+00 nan nan nan
1.106249999999999956e+00 4.248140250000000506e+00 nan nan nan
1.108749999999999902e+00 4.289199500000000498e+00 nan nan nan
1.111250000000000071e+00 4.280013499999999915e+00 nan nan nan
1.113750000000000018e+00 4.266970750000000479e+00 nan nan nan
1.116249999999999964e+00 4.169713250000000038e+00 nan nan nan
1.118749999999999911e+00 4.151810000000000223e+00 nan nan nan
1.121250000000000080e+00 4.087400500000000214e+00 nan nan nan
1.123750000000000027e+00 3.977509250000000218e+00 nan nan nan
1.126249999999999973e+00 3.932103999999999822e+00 nan nan nan
1.128749999999999920e+00 3.869597999999999871e+00 nan nan nan
1.131250000000000089e+00 3.771836749999999849e+00 nan nan nan
1.133750000000000036e+00 3.704673749999999988e+00 nan nan nan
1.136249999999999982e+00 3.645647749999999743e+00 nan nan nan
1.138749999999999929e+00 3.561512250000000268e+00 nan nan nan
1.141250000000000098e+00 3.507072749999999850e+00 nan nan nan
1.143750000000000044e+00 3.437231000000000147e+00 nan nan nan
1.146249999999999991e+00 3.375609749999999742e+00 nan nan nan
1.148749999999999938e+00 3.333762250000000371e+00 nan nan nan
1.151250000000000107e+00 3.261835000000000040e+00 nan nan nan
1.153750000000000053e+00 3.197376750000000101e+00 nan nan nan
1.156250000000000000e+00 3.141433000000000142e+00 nan nan nan
1.158749999999999947e+00 3.082154250000000317e+00 nan nan nan
1.161249999999999893e+00 3.022885000000000044e+00 nan nan nan
1.163750000000000062e+00 2.947759999999999714e+00 nan nan nan
1.166250000000000009e+00 2.884749499999999856e+00 nan nan nan
1.168749999999999956e+00 2.847754499999999744e+00 nan nan nan
1.171249999999999902e+00 2.788433999999999635e+00 nan nan nan
1.173750000000000071e+00 2.761894500000000363e+00 nan nan nan
1.176250000000000018e+00 2.738403499999999990e+00 nan nan nan
1.178749999999999964e+00 2.649291499999999910e+00 nan nan nan
1.181249999999999911e+00 2.595170749999999860e+00 nan nan nan
1.183750000000000080e+00 2.541392250000000352e+00 nan nan nan
1.186250000000000027e+00 2.520300749999999645e+00 nan nan nan
1.188749999999999973e+00 2.432151750000000057e+00 nan nan nan
1.191249999999999920e+00 2.424283500000000036e+00 nan nan nan
1.193750000000000089e+00 2.377022750000000073e+00 nan nan nan
1.196250000000000036e+00 2.341064250000000069e+00 nan nan nan
1.198749999999999982e+00 2.289458000000000215e+00 nan nan nan
1.201249999999999929e+00 2.263461249999999758e+00 nan nan nan
1.203750000000000098e+00 2.223094249999999938e+00 nan nan nan
1.206250000000000044e+00 2.174041750000000217e+00 nan nan nan
1.208749999999999991e+00 2.155833250000000145e+00 nan nan nan
1.211249999999999938e+00 2.116870750000000356e+00 nan nan nan
1.213750000000000107e+00 2.082439500000000443e+00 nan nan nan
1.216250000000000053e+00 2.062283499999999936e+00 nan nan nan
1.218750000000000000e+00 2.020960749999999972e+00 nan nan nan
1.221249999999999947e+00 2.003999750000000191e+00 nan nan nan
1.223749999999999893e+00 1.941651499999999864e+00 nan nan nan
1.226250000000000062e+00 1.891633000000000120e+00 nan nan nan
1.228750000000000009e+00 1.897754749999999824e+00 nan nan nan
1.231249999999999956e+00 1.861958749999999885e+00 nan nan nan
1.233749999999999902e+00 1.828024499999999941e+00 nan nan nan
1.236250000000000071e+00 1.804998000000000102e+00 nan nan nan
1.238750000000000018e+00 1.758112499999999967e+00 nan nan nan
1.241249999999999964e+00 1.733624499999999902e+00 nan nan nan
1.243749999999999911e+00 1.713264750000000003e+00 nan nan nan
1.246250000000000080e+00 1.671359499999999887e+00 nan nan nan
1.248750000000000027e+00 1.680410750000000064e+00 nan nan nan
1.251249999999999973e+00 1.635289250000000028e+00 nan nan nan
1.253749999999999920e+00 1.606610500000000163e+00 nan nan nan
1.256250000000000089e+00 1.603928749999999903e+00 nan nan nan
1.258750000000000036e+00 1.555514500000000133e+00 nan nan nan
1.261249999999999982e+00 1.560304250000000170e+00 nan nan nan
1.263749999999999929e+00 1.527227749999999995e+00 nan nan nan
1.266250000000000098e+00 1.505819249999999832e+00 nan nan nan
1.268750000000000044e+00 1.503840000000000066e+00 nan nan nan
1.271249999999999991e+00 1.446161500000000100e+00 nan nan nan
1.273749999999999938e+00 1.437277250000000173e+00 nan nan nan
1.276250000000000107e+00 1.429388000000000103e+00 nan nan nan
1.278750000000000053e+00 1.394568000000000030e+00 nan nan nan
1.281250000000000000e+00 1.373872499999999830e+00 nan nan nan
1.283749999999999947e+00 1.366212250000000017e+00 nan nan nan
1.286249999999999893e+00 1.332163750000000091e+00 nan nan nan
1.288750000000000062e+00 1.334043249999999903e+00 nan nan nan
1.291250000000000009e+00 1.319808000000000092e+00 nan nan nan
1.293749999999999956e+00 1.297771999999999926e+00 nan nan nan
1.296249999999999902e+00 1.269842750000000020e+00 nan nan nan
1.298750000000000071e+00 1.265938499999999856e+00 nan nan nan
1.301250000000000018e+00 1.230441750000000001e+00 nan nan nan
1.303749999999999964e+00 1.219967500000000094e+00 nan nan nan
1.306249999999999911e+00 1.227299499999999988e+00 nan nan nan
1.308750000000000080e+00 1.189433249999999997e+00 nan nan nan
1.311250000000000027e+00 1.184532249999999953e+00 nan nan nan
1.313749999999999973e+00 1.165220750000000027e+00 nan nan nan
1.316249999999999920e+00 1.140983749999999963e+00 nan nan nan
1.318750000000000089e+00 1.138123750000000101e+00 nan nan nan
1.321250000000000036e+00 1.128139999999999921e+00 nan nan nan
1.323749999999999982e+00 1.110967000000000038e+00 nan nan nan
1.326249999999999929e+00 1.108083750000000034e+00 nan nan nan
1.328750000000000098e+00 1.081665500000000169e+00 nan nan nan
1.331250000000000044e+00 1.060746749999999849e+00 nan nan nan
1.333749999999999991e+00 1.065493749999999906e+00 nan nan nan
1.336249999999999938e+00 1.048906749999999999e+00 nan nan nan
1.338750000000000107e+00 1.030874999999999986e+00 nan nan nan
1.341250000000000053e+00 1.039616499999999943e+00 nan nan nan
1.343750000000000000e+00 1.009557249999999851e+00 nan nan nan
1.346249999999999947e+00 1.002584249999999955e+00 nan nan nan
1.348749999999999893e+00 9.860102500000000880e-01 nan nan nan
1.351250000000000062e+00 9.834097499999999714e-01 nan nan nan
1.353750000000000009e+00 9.803359999999999852e-01 nan nan nan
1.356249999999999956e+00 9.611027499999998946e-01 nan nan nan
1.358749999999999902e+00 9.431754999999999445e-01 nan nan nan
1.361250000000000071e+00 9.500755000000000727e-01 nan nan nan
1.363750000000000018e+00 9.259489999999999110e-01 nan nan nan
1.366249999999999964e+00 9.240620000000000500e-01 nan nan nan
1.368749999999999911e+00 9.169567499999998761e-01 nan nan nan
1.371250000000000080e+00 8.867710000000000869e-01 nan nan nan
1.373750000000000027e+00 9.062512499999999527e-01 nan nan nan
1.376249999999999973e+00 8.804064999999999808e-01 nan nan nan
1.378749999999999920e+00 8.806947499999999707e-01 nan nan nan
1.381250000000000089e+00 8.674459999999999393e-01 nan nan nan
1.383750000000000036e+00 8.623224999999999918e-01 nan nan nan
1.386249999999999982e+00 8.532600000000000184e-01 nan nan nan
1.388749999999999929e+00 8.524322500000001135e-01 nan nan nan
1.391250000000000098e+00 8.531162500000000204e-01 nan nan nan
1.393750000000000044e+00 8.354620000000000379e-01 nan nan nan
1.396249999999999991e+00 8.200807500000000250e-01 nan nan nan
1.398749999999999938e+00 8.064290000000000624e-01 nan nan nan
1.401250000000000107e+00 7.944234999999999491e-01 nan nan nan
1.403750000000000053e+00 8.003075000000000605e-01 nan nan nan
1.406250000000000000e+00 7.957927499999999377e-01 nan nan nan
1.408749999999999947e+00 7.897032500000000788e-01 nan nan nan
1.411249999999999893e+00 7.940580000000000416e-01 nan nan nan
1.413750000000000062e+00 7.775114999999999110e-01 nan nan nan
1.416250000000000009e+00 7.579064999999999275e-01 nan nan nan
1.418749999999999956e+00 7.633235000000000436e-01 nan nan nan
1.421249999999999902e+00 7.500654999999999406e-01 nan nan nan
1.423750000000000071e+00 7.537687500000000984e-01 nan nan nan
1.426250000000000018e+00 7.329397500000000010e-01 nan nan nan
1.428749999999999964e+00 7.268889999999998963e-01 nan nan nan
1.431249999999999911e+00 7.387517500000000403e-01 nan nan nan
1.433750000000000080e+00 7.225699999999999346e-01 nan nan nan
1.436250000000000027e+00 7.371302500000000979e-01 nan nan nan
1.438749999999999973e+00 7.249892500000000295e-01 nan nan nan
1.441249999999999920e+00 7.102340000000000320e-01 nan nan nan
1.443750000000000089e+00 7.014320000000000555e-01 nan nan nan
1.446250000000000036e+00 7.016232500000000316e-01 nan nan nan
1.448749999999999982e+00 6.866640000000000521e-01 nan nan nan
1.451249999999999929e+00 7.003587500000001409e-01 nan nan nan
1.453750000000000098e+00 6.832719999999999905e-01 nan nan nan
1.456250000000000044e+00 6.740332499999999172e-01 nan nan nan
1.458749999999999991e+00 6.882759999999999989e-01 nan nan nan
1.461249999999999938e+00 6.684160000000000101e-01 nan nan nan
1.463750000000000107e+00 6.809707499999999580e-01 nan nan nan
1.466250000000000053e+00 6.724997499999999517e-01 nan nan nan
1.468750000000000000e+00 6.665582500000000188e-01 nan nan nan
1.471249999999999947e+00 6.631197500000000078e-01 nan nan nan
1.473749999999999893e+00 6.496322500000000222e-01 nan nan nan
1.476250000000000062e+00 6.667454999999999909e-01 nan nan nan
1.478750000000000009e+00 6.542592499999999589e-01 nan nan nan
1.481249999999999956e+00 6.481120000000000214e-01 nan nan nan
1.483749999999999902e+00 6.296427500000000288e-01 nan nan nan
1.486250000000000071e+00 6.269510000000000360e-01 nan nan nan
1.488750000000000018e+00 6.424587499999999674e-01 nan nan nan
1.491249999999999964e+00 6.285855000000000192e-01 nan nan nan
1.493749999999999911e+00 6.284777500000000572e-01 nan nan nan
1.496250000000000080e+00 6.298440000000000705e-01 nan nan nan
1.498750000000000027e+00 6.308009999999999451e-01 nan nan nan
1.501249999999999973e+00 6.182647500000000296e-01 nan nan nan
1.503749999999999920e+00 6.105879999999999086e-01 nan nan nan
1.506250000000000089e+00 6.216764999999999652e-01 nan nan nan
1.508750000000000036e+00 6.117422500000000429e-01 nan nan nan
1.511249999999999982e+00 6.147305000000000685e-01 nan nan nan
1.513749999999999929e+00 6.147547500000000165e-01 nan nan nan
1.516250000000000098e+00 6.077520000000000699e-01 nan nan nan
1.518750000000000044e+00 6.085087500000000427e-01 nan nan nan
1.521249999999999991e+00 6.014007499999999284e-01 nan nan nan
1.523749999999999938e+00 6.010170000000000234e-01 nan nan nan
1.526250000000000107e+00 5.875327500000000480e-01 nan nan nan
1.528750000000000053e+00 5.926852499999999413e-01 nan nan nan
1.531250000000000000e+00 5.912937500000000624e-01 nan nan nan
1.533749999999999947e+00 5.920702499999999091e-01 nan nan nan
1.536249999999999893e+00 6.023207499999999603e-01 nan nan nan
1.538750000000000062e+00 5.895175000000000276e-01 nan nan nan
1.541250000000000009e+00 5.869642500000000762e-01 nan nan nan
1.543749999999999956e+00 5.854384999999999728e-01 nan nan nan
1.546249999999999902e+00 5.893964999999999899e-01 nan nan nan
1.548750000000000071e+00 5.871242500000000142e-01 nan nan nan
1.551250000000000018e+00 5.811120000000000729e-01 nan nan nan
1.553749999999999964e+00 5.787167500000000020e-01 nan nan nan
1.556249999999999911e+00 5.845762500000000195e-01 nan nan nan
1.558750000000000080e+00 5.827024999999999011e-01 nan nan nan
1.561250000000000027e+00 5.806814999999999616e-01 nan nan nan
1.563749999999999973e+00 5.785664999999999836e-01 nan nan nan
1.566249999999999920e+00 5.697754999999999903e-01 nan nan nan
1.568750000000000089e+00 5.810319999999999929e-01 nan nan nan
1.571250000000000036e+00 5.743437499999999307e-01 nan nan nan
1.573749999999999982e+00 5.654869999999999619e-01 nan nan nan
1.576249999999999929e+00 5.636947500000000222e-01 nan nan nan
1.578750000000000098e+00 5.805820000000000425e-01 nan nan nan
1.581250000000000044e+00 5.741195000000000048e-01 nan nan nan
1.583749999999999991e+00 5.656174999999999953e-01 nan nan nan
1.586249999999999938e+00 5.748520000000000296e-01 nan nan nan
1.588750000000000107e+00 5.646822499999999412e-01 nan nan nan
1.591250000000000053e+00 5.771199999999999664e-01 nan nan nan
1.593750000000000000e+00 5.620457500000000106e-01 nan nan nan
1.596249999999999947e+00 5.720134999999999525e-01 nan nan nan
1.598749999999999893e+00 5.660469999999999668e-01 nan nan nan
1.601250000000000062e+00 5.730089999999999906e-01 nan nan nan
1.603750000000000009e+00 5.641545000000000032e-01 nan nan nan
1.606249999999999956e+00 5.719604999999999828e-01 nan nan nan
1.608749999999999902e+00 5.668922500000000975e-01 nan nan nan
1.611250000000000071e+00 5.664572500000000232e-01 nan nan nan
1.613750000000000018e+00 5.671444999999999403e-01 nan nan nan
1.616249999999999964e+00 5.782897500000000468e-01 nan nan nan
1.618749999999999911e+00 5.762140000000000040e-01 nan nan nan
1.621250000000000080e+00 5.678110000000000657e-01 nan nan nan
1.623750000000000027e+00 5.716582499999999234e-01 nan nan nan
1.626249999999999973e+00 5.685552499999999565e-01 nan nan nan
1.628749999999999920e+00 5.711730000000000418e-01 nan nan nan
1.631250000000000089e+00 5.615872499999999823e-01 nan nan nan
1.633750000000000036e+00 5.780195000000000194e-01 nan nan nan
1.636249999999999982e+00 5.639070000000000471e-01 nan nan nan
1.638749999999999929e+00 5.751129999999999853e-01 nan nan nan
1.641250000000000098e+00 5.733152500000000540e-01 nan nan nan
1.643750000000000044e+00 5.671490000000000142e-01 nan nan nan
1.646249999999999991e+00 5.813792500000000141e-01 nan nan nan
1.648749999999999938e+00 5.752207499999999474e-01 nan nan nan
1.651250000000000107e+00 5.801487499999999908e-01 nan nan nan
1.653750000000000053e+00 5.772337499999999899e-01 nan nan nan
1.656250000000000000e+00 5.706717500000000332e-01 nan nan nan
1.658749999999999947e+00 5.804592500000000932e-01 nan nan nan
1.661249999999999893e+00 5.809254999999999836e-01 nan nan nan
1.663750000000000062e+00 5.829475000000000628e-01 nan nan nan
1.666250000000000009e+00 5.795507500000000034e-01 nan nan nan
1.668749999999999956e+00 5.862625000000000197e-01 nan nan nan
1.671249999999999902e+00 5.866949999999999665e-01 nan nan nan
1.673750000000000071e+00 5.998757500000000409e-01 nan nan nan
1.676250000000000018e+00 5.926577499999999832e-01 nan nan nan
1.678749999999999964e+00 5.873297499999999838e-01 nan nan nan
1.681249999999999911e+00 5.800062500000000565e-01 nan nan nan
1.683750000000000080e+00 5.890490000000000448e-01 nan nan nan
1.686250000000000027e+00 5.912832500000000380e-01 nan nan nan
1.688749999999999973e+00 6.022852499999999942e-01 nan nan nan
1.691249999999999920e+00 5.911262499999999642e-01 nan nan nan
1.693750000000000089e+00 5.942577499999999180e-01 nan nan nan
1.696250000000000036e+00 5.997550000000000381e-01 nan nan nan
1.698749999999999982e+00 6.063624999999999154e-01 nan nan nan
1.701249999999999929e+00 6.071294999999999886e-01 nan nan nan
1.703750000000000098e+00 6.017135000000000122e-01 nan nan nan
1.706250000000000044e+00 6.091670000000000140e-01 nan nan nan
1.708749999999999991e+00 6.219737499999999919e-01 nan nan nan
1.711249999999999938e+00 6.193759999999999266e-01 nan nan nan
1.713750000000000107e+00 6.232417500000000388e-01 nan nan nan
1.716250000000000053e+00 6.163767499999999178e-01 nan nan nan
1.718750000000000000e+00 6.216439999999999744e-01 nan nan nan
1.721249999999999947e+00 6.255472499999999991e-01 nan nan nan
1.723749999999999893e+00 6.343892499999999046e-01 nan nan nan
1.726250000000000062e+00 6.368200000000000527e-01 nan nan nan
1.728750000000000009e+00 6.328947499999999504e-01 nan nan nan
1.731249999999999956e+00 6.499460000000000237e-01 nan nan nan
1.733749999999999902e+00 6.417279999999999651e-01 nan nan nan
1.736250000000000071e+00 6.459970000000000434e-01 nan nan nan
1.738750000000000018e+00 6.509117499999999001e-01 nan nan nan
1.741249999999999964e+00 6.514342499999999925e-01 nan nan nan
1.743749999999999911e+00 6.539584999999999981e-01 nan nan nan
1.746250000000000080e+00 6.571740000000001469e-01 nan nan nan
1.748750000000000027e+00 6.619074999999999820e-01 nan nan nan
1.751249999999999973e+00 6.580289999999999750e-01 nan nan nan
1.753749999999999920e+00 6.678947500000000925e-01 nan nan nan
1.756250000000000089e+00 6.704470000000000152e-01 nan nan nan
1.758750000000000036e+00 6.753654999999999520e-01 nan nan nan
1.761249999999999982e+00 6.823444999999999094e-01 nan nan nan
1.763749999999999929e+00 6.831089999999999662e-01 nan nan nan
1.766250000000000098e+00 6.849669999999999925e-01 nan nan nan
1.768750000000000044e+00 6.851455000000000739e-01 nan nan nan
1.771249999999999991e+00 6.897782499999999262e-01 nan nan nan
1.773749999999999938e+00 7.021010000000000861e-01 nan nan nan
1.776250000000000107e+00 6.972647499999999887e-01 nan nan nan
1.778750000000000053e+00 7.115015000000000089e-01 nan nan nan
1.781250000000000000e+00 7.145950000000000912e-01 nan nan nan
1.783749999999999947e+00 7.189472499999999267e-01 nan nan nan
1.786249999999999893e+00 7.192074999999999996e-01 nan nan nan
1.788750000000000062e+00 7.154102499999999143e-01 nan nan nan
1.791250000000000009e+00 7.186057499999999321e-01 nan nan nan
1.793749999999999956e+00 7.363627500000000659e-01 nan nan nan
1.796249999999999902e+00 7.371517499999999945e-01 nan nan nan
1.798750000000000071e+00 7.529452499999998993e-01 nan nan nan
1.801250000000000018e+00 7.456055000000000321e-01 nan nan nan
1.803749999999999964e+00 7.526850000000000485e-01 nan nan nan
1.806249999999999911e+00 7.426132500000000025e-01 nan nan nan
1.808750000000000080e+00 7.573127500000000900e-01 nan nan nan
1.811250000000000027e+00 7.661532500000000079e-01 nan nan nan
1.813749999999999973e+00 7.738597499999999574e-01 nan nan nan
1.816249999999999920e+00 7.780137499999999484e-01 nan nan nan
1.818750000000000089e+00 7.870619999999999283e-01 nan nan nan
1.821250000000000036e+00 7.937570000000000459e-01 nan nan nan
1.823749999999999982e+00 7.949467500000000353e-01 nan nan nan
1.826249999999999929e+00 7.867865000000000553e-01 nan nan nan
1.828750000000000098e+00 7.982095000000000162e-01 nan nan nan
1.831250000000000044e+00 8.093394999999999895e-01 nan nan nan
1.833749999999999991e+00 8.111425000000000995e-01 nan nan nan
1.836249999999999938e+00 8.266589999999999216e-01 nan nan nan
1.838750000000000107e+00 8.149352499999999999e-01 nan nan nan
1.841250000000000053e+00 8.313635000000000330e-01 nan nan nan
1.843750000000000000e+00 8.310182500000000694e-01 nan nan nan
1.846249999999999947e+00 8.469349999999999934e-01 nan nan nan
1.848749999999999893e+00 8.449809999999999821e-01 nan nan nan
1.851250000000000062e+00 8.508992500000001069e-01 nan nan nan
1.853750000000000009e+00 8.485319999999999530e-01 nan nan nan
1.856249999999999956e+00 8.586094999999999144e-01 nan nan nan
1.858749999999999902e+00 8.663114999999999011e-01 nan nan nan
1.861250000000000071e+00 8.837319999999999620e-01 nan nan nan
1.863750000000000018e+00 8.824245000000000561e-01 nan nan nan
1.866249999999999964e+00 8.894442499999999363e-01 nan nan nan
1.868749999999999911e+00 8.943112500000000020e-01 nan nan nan
1.871250000000000080e+00 8.937025000000000663e-01 nan nan nan
1.873750000000000027e+00 9.127220000000000333e-01 nan nan nan
1.876249999999999973e+00 9.215242499999999337e-01 nan nan nan
1.878749999999999920e+00 9.152192500000000397e-01 nan nan nan
1.881250000000000089e+00 9.206562499999999538e-01 nan nan nan
1.883750000000000036e+00 9.308265000000000011e-01 nan nan nan
1.886249999999999982e+00 9.432987500000000747e-01 nan nan nan
1.888749999999999929e+00 9.539907499999999985e-01 nan nan nan
1.891250000000000098e+00 9.516480000000000494e-01 nan nan nan
1.893750000000000044e+00 9.458397499999999791e-01 nan nan nan
1.896249999999999991e+00 9.656599999999999628e-01 nan nan nan
1.898749999999999938e+00 9.707367500000000371e-01 nan nan nan
1.901250000000000107e+00 9.701200000000000934e-01 nan nan nan
1.903750000000000053e+00 9.863429999999999698e-01 nan nan nan
1.906250000000000000e+00 9.885162499999999852e-01 nan nan nan
1.908749999999999947e+00 9.861727499999999313e-01 nan nan nan
1.911249999999999893e+00 1.002146999999999899e+00 nan nan nan
1.913750000000000062e+00 1.003384000000000054e+00 nan nan nan
1.916250000000000009e+00 1.020920249999999863e+00 nan nan nan
1.918749999999999956e+00 1.016327250000000015e+00 nan nan nan
1.921249999999999902e+00 1.026016000000000039e+00 nan nan nan
1.923750000000000071e+00 1.025000250000000168e+00 nan nan nan
1.926250000000000018e+00 1.027618250000000177e+00 nan nan nan
1.928749999999999964e+00 1.040302250000000095e+00 nan nan nan
1.931249999999999911e+00 1.048417249999999967e+00 nan nan nan
1.933750000000000080e+00 1.053256750000000075e+00 nan nan nan
1.936250000000000027e+00 1.057322000000000095e+00 nan nan nan
1.938749999999999973e+00 1.073742999999999892e+00 nan nan nan
1.941249999999999920e+00 1.064939749999999963e+00 nan nan nan
1.943750000000000089e+00 1.072836750000000006e+00 nan nan nan
1.946250000000000036e+00 1.081427750000000021e+00 nan nan nan
1.948749999999999982e+00 1.085585500000000092e+00 nan nan nan
1.951249999999999929e+00 1.092289749999999948e+00 nan nan nan
1.953750000000000098e+00 1.096824250000000056e+00 nan nan nan
1.956250000000000044e+00 1.098574500000000009e+00 nan nan nan
1.958749999999999991e+00 1.107934499999999822e+00 nan nan nan
1.961249999999999938e+00 1.108516250000000092e+00 nan nan nan
1.963750000000000107e+00 1.125148750000000142e+00 nan nan nan
1.966250000000000053e+00 1.121993500000000088e+00 nan nan nan
1.968750000000000000e+00 1.120621499999999937e+00 nan nan nan
1.971249999999999947e+00 1.119450000000000056e+00 nan nan nan
1.973749999999999893e+00 1.138352999999999948e+00 nan nan nan
1.976250000000000062e+00 1.128214749999999933e+00 nan nan nan
1.978750000000000009e+00 1.141115499999999949e+00 nan nan nan
1.981249999999999956e+00 1.145039750000000023e+00 nan nan nan
1.983749999999999902e+00 1.147195750000000070e+00 nan nan nan
1.986250000000000071e+00 1.149724250000000003e+00 nan nan nan
1.988750000000000018e+00 1.151078749999999928e+00 nan nan nan
1.991249999999999964e+00 1.165634999999999977e+00 nan nan nan
1.993749999999999911e+00 1.164792499999999897e+00 nan nan nan
1.996250000000000080e+00 1.169534500000000143e+00 nan nan nan
1.998750000000000027e+00 1.169156749999999967e+00 nan nan nan
2.001250000000000195e+00 1.166745499999999769e+00 nan nan nan
2.003750000000000142e+00 1.172671499999999867e+00 nan nan nan
2.006250000000000089e+00 1.184755500000000072e+00 nan nan nan
2.008750000000000036e+00 1.182312500000000099e+00 nan nan nan
2.011249999999999982e+00 1.181323999999999819e+00 nan nan nan
2.013749999999999929e+00 1.189021749999999766e+00 nan nan nan
2.016249999999999876e+00 1.193925250000000160e+00 nan nan nan
2.018749999999999822e+00 1.199955499999999953e+00 nan nan nan
2.021250000000000213e+00 1.201502000000000070e+00 nan nan nan
2.023750000000000160e+00 1.206017000000000117e+00 nan nan nan
2.026250000000000107e+00 1.202361500000000083e+00 nan nan nan
2.028750000000000053e+00 1.205578500000000108e+00 nan nan nan
2.031250000000000000e+00 1.203537249999999892e+00 nan nan nan
2.033749999999999947e+00 1.210817000000000032e+00 nan nan nan
2.036249999999999893e+00 1.218639999999999946e+00 nan nan nan
2.038749999999999840e+00 1.215652500000000025e+00 nan nan nan
2.041249999999999787e+00 1.223845999999999989e+00 nan nan nan
2.043750000000000178e+00 1.225480249999999938e+00 nan nan nan
2.046250000000000124e+00 1.221485500000000002e+00 nan nan nan
2.048750000000000071e+00 1.228502750000000088e+00 nan nan nan
2.051250000000000018e+00 1.230072999999999972e+00 nan nan nan
2.053749999999999964e+00 1.223131250000000003e+00 nan nan nan
2.056249999999999911e+00 1.243344000000000005e+00 nan nan nan
2.058749999999999858e+00 1.243476000000000026e+00 nan nan nan
2.061249999999999805e+00 1.234715749999999890e+00 nan nan nan
2.063750000000000195e+00 1.242921500000000012e+00 nan nan nan
2.066250000000000142e+00 1.238099000000000061e+00 nan nan nan
2.068750000000000089e+00 1.249517250000000024e+00 nan nan nan
2.071250000000000036e+00 1.248607000000000244e+00 nan nan nan
2.073749999999999982e+00 1.240128499999999967e+00 nan nan nan
2.076249999999999929e+00 1.234607500000000080e+00 nan nan nan
2.078749999999999876e+00 1.261505250000000133e+00 nan nan nan
2.081249999999999822e+00 1.254718999999999918e+00 nan nan nan
2.083750000000000213e+00 1.265854000000000035e+00 nan nan nan
2.086250000000000160e+00 1.258702750000000092e+00 nan nan nan
2.088750000000000107e+00 1.262540250000000031e+00 nan nan nan
2.091250000000000053e+00 1.270222249999999997e+00 nan nan nan
2.093750000000000000e+00 1.271512749999999858e+00 nan nan nan
2.096249999999999947e+00 1.281473499999999932e+00 nan nan nan
2.098749999999999893e+00 1.273889999999999967e+00 nan nan nan
2.101249999999999840e+00 1.274575750000000118e+00 nan nan nan
2.103749999999999787e+00 1.277782500000000043e+00 nan nan nan
2.106250000000000178e+00 1.287333000000000061e+00 nan nan nan
2.108750000000000124e+00 1.280880000000000019e+00 nan nan nan
2.111250000000000071e+00 1.273997499999999894e+00 nan nan nan
2.113750000000000018e+00 1.277217999999999964e+00 nan nan nan
2.116249999999999964e+00 1.293706500000000092e+00 nan nan nan
2.118749999999999911e+00 1.290683750000000130e+00 nan nan nan
2.121249999999999858e+00 1.306716500000000059e+00 nan nan nan
2.123749999999999805e+00 1.295156250000000009e+00 nan nan nan
2.126250000000000195e+00 1.288765999999999856e+00 nan nan nan
2.128750000000000142e+00 1.301256749999999851e+00 nan nan nan
2.131250000000000089e+00 1.305455749999999915e+00 nan nan nan
2.133750000000000036e+00 1.309380250000000023e+00 nan nan nan
2.136249999999999982e+00 1.300856499999999860e+00 nan nan nan
2.138749999999999929e+00 1.319915250000000206e+00 nan nan nan
2.141249999999999876e+00 1.307683499999999999e+00 nan nan nan
2.143749999999999822e+00 1.318192000000000252e+00 nan nan nan
2.146250000000000213e+00 1.306483500000000131e+00 nan nan nan
2.148750000000000160e+00 1.318811750000000060e+00 nan nan nan
2.151250000000000107e+00 1.317314000000000096e+00 nan nan nan
2.153750000000000053e+00 1.329964250000000181e+00 nan nan nan
2.156250000000000000e+00 1.331147999999999998e+00 nan nan nan
2.158749999999999947e+00 1.326784249999999998e+00 nan nan nan
2.161249999999999893e+00 1.328752500000000003e+00 nan nan nan
2.163749999999999840e+00 1.325792249999999894e+00 nan nan nan
2.166249999999999787e+00 1.333111500000000227e+00 nan nan nan
2.168750000000000178e+00 1.342204500000000023e+00 nan nan nan
2.171250000000000124e+00 1.333883000000000152e+00 nan nan nan
2.173750000000000071e+00 1.326296249999999954e+00 nan nan nan
2.176250000000000018e+00 1.333559750000000044e+00 nan nan nan
2.178749999999999964e+00 1.327688750000000084e+00 nan nan nan
2.181249999999999911e+00 1.329697749999999790e+00 nan nan nan
2.183749999999999858e+00 1.330441250000000242e+00 nan nan nan
2.186249999999999805e+00 1.329155749999999969e+00 nan nan nan
2.188750000000000195e+00 1.319751249999999931e+00 nan nan nan
2.191250000000000142e+00 1.339806250000000087e+00 nan nan nan
2.193750000000000089e+00 1.320664500000000130e+00 nan nan nan
2.196250000000000036e+00 1.329521750000000058e+00 nan nan nan
2.198749999999999982e+00 1.332286250000000116e+00 nan nan nan
2.201249999999999929e+00 1.320208499999999896e+00 nan nan nan
2.203749999999999876e+00 1.327477750000000123e+00 nan nan nan
2.206249999999999822e+00 1.314597250000000050e+00 nan nan nan
2.208750000000000213e+00 1.315089000000000174e+00 nan nan nan
2.211250000000000160e+00 1.309516750000000007e+00 nan nan nan
2.213750000000000107e+00 1.310530500000000043e+00 nan nan nan
2.216250000000000053e+00 1.323366000000000042e+00 nan nan nan
2.218750000000000000e+00 1.300859500000000057e+00 nan nan nan
2.221249999999999947e+00 1.288372250000000108e+00 nan nan nan
2.223749999999999893e+00 1.302909749999999978e+00 nan nan nan
2.226249999999999840e+00 1.285439250000000033e+00 nan nan nan
2.228749999999999787e+00 1.291209000000000051e+00 nan nan nan
2.231250000000000178e+00 1.281932000000000071e+00 nan nan nan
2.233750000000000124e+00 1.285001750000000165e+00 nan nan nan
2.236250000000000071e+00 1.265908749999999916e+00 nan nan nan
2.238750000000000018e+00 1.269957750000000107e+00 nan nan nan
2.241249999999999964e+00 1.275935000000000041e+00 nan nan nan
2.243749999999999911e+00 1.261551250000000124e+00 nan nan nan
2.246249999999999858e+00 1.256199500000000135e+00 nan nan nan
2.248749999999999805e+00 1.250038999999999900e+00 nan nan nan
2.251250000000000195e+00 1.258603750000000021e+00 nan nan nan
2.253750000000000142e+00 1.255187250000000088e+00 nan nan nan
2.256250000000000089e+00 1.246812250000000066e+00 nan nan nan
2.258750000000000036e+00 1.229525000000000201e+00 nan nan nan
2.261249999999999982e+00 1.242348999999999926e+00 nan nan nan
2.263749999999999929e+00 1.222040250000000050e+00 nan nan nan
2.266249999999999876e+00 1.221300999999999970e+00 nan nan nan
2.268749999999999822e+00 1.207939499999999944e+00 nan nan nan
2.271250000000000213e+00 1.218542749999999897e+00 nan nan nan
2.273750000000000160e+00 1.201821499999999876e+00 nan nan nan
2.276250000000000107e+00 1.211551250000000080e+00 nan nan nan
2.278750000000000053e+00 1.199344250000000001e+00 nan nan nan
2.281250000000000000e+00 1.175216749999999921e+00 nan nan nan
2.283749999999999947e+00 1.179324999999999957e+00 nan nan nan
2.286249999999999893e+00 1.183461250000000131e+00 nan nan nan
2.288749999999999840e+00 1.176872249999999953e+00 nan nan nan
2.291249999999999787e+00 1.160645750000000032e+00 nan nan nan
2.293750000000000178e+00 1.165367000000000042e+00 nan nan nan
2.296250000000000124e+00 1.151810999999999918e+00 nan nan nan
2.298750000000000071e+00 1.163262500000000088e+00 nan nan nan
2.301250000000000018e+00 1.150676499999999880e+00 nan nan nan
2.303749999999999964e+00 1.149426499999999907e+00 nan nan nan
2.306249999999999911e+00 1.137851500000000016e+00 nan nan nan
2.308749999999999858e+00 1.141829250000000018e+00 nan nan nan
2.311249999999999805e+00 1.122841750000000083e+00 nan nan nan
2.313750000000000195e+00 1.132552999999999921e+00 nan nan nan
2.316250000000000142e+00 1.125014500000000028e+00 nan nan nan
2.318750000000000089e+00 1.113437750000000115e+00 nan nan nan
2.321250000000000036e+00 1.112291499999999989e+00 nan nan nan
2.323749999999999982e+00 1.103070749999999878e+00 nan nan nan
2.326249999999999929e+00 1.106622250000000030e+00 nan nan nan
2.328749999999999876e+00 1.094259749999999976e+00 nan nan nan
2.331249999999999822e+00 1.087047500000000166e+00 nan nan nan
2.333750000000000213e+00 1.083459249999999985e+00 nan nan nan
2.336250000000000160e+00 1.077624250000000172e+00 nan nan nan
2.338750000000000107e+00 1.078622250000000005e+00 nan nan nan
2.341250000000000053e+00 1.067250249999999845e+00 nan nan nan
2.343750000000000000e+00 1.068632000000000026e+00 nan nan nan
2.346249999999999947e+00 1.060119750000000138e+00 nan nan nan
2.348749999999999893e+00 1.051825500000000080e+00 nan nan nan
2.351249999999999840e+00 1.053913999999999795e+00 nan nan nan
2.353749999999999787e+00 1.045272750000000084e+00 nan nan nan
2.356250000000000178e+00 1.044338750000000093e+00 nan nan nan
2.358750000000000124e+00 1.030905249999999995e+00 nan nan nan
2.361250000000000071e+00 1.027879500000000057e+00 nan nan nan
2.363750000000000018e+00 1.030166499999999985e+00 nan nan nan
2.366249999999999964e+00 1.026333249999999975e+00 nan nan nan
2.368749999999999911e+00 1.020859499999999809e+00 nan nan nan
2.371249999999999858e+00 1.018798499999999940e+00 nan nan nan
2.373749999999999805e+00 1.007537750000000010e+00 nan nan nan
2.376250000000000195e+00 9.999467499999999953e-01 nan nan nan
2.378750000000000142e+00 1.004497250000000008e+00 nan nan nan
2.381250000000000089e+00 1.002905000000000157e+00 nan nan nan
2.383750000000000036e+00 9.893232500000000984e-01 nan nan nan
2.386249999999999982e+00 9.877427500000000027e-01 nan nan nan
2.388749999999999929e+00 9.855872500000000258e-01 nan nan nan
2.391249999999999876e+00 9.785687499999999872e-01 nan nan nan
2.393749999999999822e+00 9.743514999999999260e-01 nan nan nan
2.396250000000000213e+00 9.684882500000000505e-01 nan nan nan
2.398750000000000160e+00 9.761712500000000459e-01 nan nan nan
2.401250000000000107e+00 9.650767500000000387e-01 nan nan nan
2.403750000000000053e+00 9.655132499999999895e-01 nan nan nan
2.406250000000000000e+00 9.550529999999999298e-01 nan nan nan
2.408749999999999947e+00 9.548030000000000683e-01 nan nan nan
2.411249999999999893e+00 9.561699999999999644e-01 nan nan nan
2.413749999999999840e+00 9.434530000000000971e-01 nan nan nan
2.416249999999999787e+00 9.361224999999999685e-01 nan nan nan
2.418750000000000178e+00 9.357532499999999809e-01 nan nan nan
2.421250000000000124e+00 9.318049999999999944e-01 nan nan nan
2.423750000000000071e+00 9.238235000000000197e-01 nan nan nan
2.426250000000000018e+00 9.247502499999999959e-01 nan nan nan
2.428749999999999964e+00 9.277832499999999483e-01 nan nan nan
2.431249999999999911e+00 9.175302499999999917e-01 nan nan nan
2.433749999999999858e+00 9.175352500000000244e-01 nan nan nan
2.436249999999999805e+00 9.143035000000000467e-01 nan nan nan
2.438750000000000195e+00 9.136910000000000309e-01 nan nan nan
2.441250000000000142e+00 9.086845000000000061e-01 nan nan nan
2.443750000000000089e+00 9.028452499999999326e-01 nan nan nan
2.446250000000000036e+00 8.998744999999999106e-01 nan nan nan
2.448749999999999982e+00 8.967020000000001101e-01 nan nan nan
2.451249999999999929e+00 8.987042499999999823e-01 nan nan nan
2.453749999999999876e+00 8.990700000000000358e-01 nan nan nan
2.456249999999999822e+00 8.950279999999999347e-01 nan nan nan
2.458750000000000213e+00 8.896965000000000012e-01 nan nan nan
2.461250000000000160e+00 8.900939999999999408e-01 nan nan nan
2.463750000000000107e+00 8.850417499999999604e-01 nan nan nan
2.466250000000000053e+00 8.819937500000000208e-01 nan nan nan
2.468750000000000000e+00 8.761820000000000164e-01 nan nan nan
2.471249999999999947e+00 8.686847500000000055e-01 nan nan nan
2.473749999999999893e+00 8.759267499999999762e-01 nan nan nan
2.476249999999999840e+00 8.724585000000000257e-01 nan nan nan
2.478749999999999787e+00 8.689197500000001018e-01 nan nan nan
2.481250000000000178e+00 8.662402499999999339e-01 nan nan nan
2.483750000000000124e+00 8.653425000000000145e-01 nan nan nan
2.486250000000000071e+00 8.603735000000000133e-01 nan nan nan
2.488750000000000018e+00 8.585229999999999251e-01 nan nan nan
2.491249999999999964e+00 8.574357500000000520e-01 nan nan nan
2.493749999999999911e+00 8.533049999999999802e-01 nan nan nan
2.496249999999999858e+00 8.532292500000000501e-01 nan nan nan
2.498749999999999805e+00 8.466962500000000391e-01 nan nan nan
