1.250000000000000026e-03 0.000000000000000000e+00 nan nan nan
3.749999999999999861e-03 0.000000000000000000e+00 nan nan nan
6.250000000000000347e-03 0.000000000000000000e+00 nan nan nan
8.750000000000000833e-03 0.000000000000000000e+00 nan nan nan
1.124999999999999958e-02 0.000000000000000000e+00 nan nan nan
1.375000000000000007e-02 0.000000000000000000e+00 nan nan nan
1.625000000000000056e-02 0.000000000000000000e+00 nan nan nan
1.874999999999999931e-02 0.000000000000000000e+00 nan nan nan
2.125000000000000153e-02 0.000000000000000000e+00 nan nan nan
2.375000000000000028e-02 0.000000000000000000e+00 nan nan nan
2.624999999999999903e-02 0.000000000000000000e+00 nan nan nan
2.875000000000000125e-02 0.000000000000000000e+00 nan nan nan
3.125000000000000000e-02 0.000000000000000000e+00 nan nan nan
3.375000000000000222e-02 0.000000000000000000e+00 nan nan nan
3.624999999999999750e-02 0.000000000000000000e+00 nan nan nan
3.874999999999999972e-02 0.000000000000000000e+00 nan nan nan
4.125000000000000194e-02 0.000000000000000000e+00 nan nan nan
4.374999999999999722e-02 0.000000000000000000e+00 nan nan nan
4.624999999999999944e-02 0.000000000000000000e+00 nan nan nan
4.875000000000000167e-02 0.000000000000000000e+00 nan nan nan
5.124999999999999695e-02 0.000000000000000000e+00 nan nan nan
5.374999999999999917e-02 0.000000000000000000e+00 nan nan nan
5.625000000000000139e-02 0.000000000000000000e+00 nan nan nan
5.874999999999999667e-02 0.000000000000000000e+00 nan nan nan
6.124999999999999889e-02 0.000000000000000000e+00 nan nan nan
6.375000000000000111e-02 0.000000000000000000e+00 nan nan nan
6.625000000000000333e-02 0.000000000000000000e+00 nan nan nan
6.875000000000000555e-02 0.000000000000000000e+00 nan nan nan
7.124999999999999389e-02 0.000000000000000000e+00 nan nan nan
7.374999999999999611e-02 0.000000000000000000e+00 nan nan nan
7.624999999999999833e-02 0.000000000000000000e+00 nan nan nan
7.875000000000000056e-02 0.000000000000000000e+00 nan nan nan
8.125000000000000278e-02 0.000000000000000000e+00 nan nan nan
8.375000000000000500e-02 0.000000000000000000e+00 nan nan nan
8.624999999999999334e-02 0.000000000000000000e+00 nan nan nan
8.874999999999999556e-02 0.000000000000000000e+00 nan nan nan
9.124999999999999778e-02 0.000000000000000000e+00 nan nan nan
9.375000000000000000e-02 0.000000000000000000e+00 nan nan nan
9.625000000000000222e-02 0.000000000000000000e+00 nan nan nan
9.875000000000000444e-02 0.000000000000000000e+00 nan nan nan
1.012500000000000067e-01 0.000000000000000000e+00 nan nan nan
1.037499999999999950e-01 0.000000000000000000e+00 nan nan nan
1.062499999999999972e-01 0.000000000000000000e+00 nan nan nan
1.087499999999999994e-01 0.000000000000000000e+00 nan nan nan
1.112500000000000017e-01 0.000000000000000000e+00 nan nan nan
1.137500000000000039e-01 0.000000000000000000e+00 nan nan nan
1.162500000000000061e-01 0.000000000000000000e+00 nan nan nan
1.187499999999999944e-01 0.000000000000000000e+00 nan nan nan
1.212499999999999967e-01 0.000000000000000000e+00 nan nan nan
1.237499999999999989e-01 0.000000000000000000e+00 nan nan nan
1.262500000000000011e-01 0.000000000000000000e+00 nan nan nan
1.287500000000000033e-01 0.000000000000000000e+00 nan nan nan
1.312500000000000056e-01 0.000000000000000000e+00 nan nan nan
1.337500000000000078e-01 0.000000000000000000e+00 nan nan nan
1.362500000000000100e-01 0.000000000000000000e+00 nan nan nan
1.387500000000000122e-01 0.000000000000000000e+00 nan nan nan
1.412499999999999867e-01 0.000000000000000000e+00 nan nan nan
1.437499999999999889e-01 0.000000000000000000e+00 nan nan nan
1.462499999999999911e-01 0.000000000000000000e+00 nan nan nan
1.487499999999999933e-01 0.000000000000000000e+00 nan nan nan
1.512499999999999956e-01 0.000000000000000000e+00 nan nan nan
1.537499999999999978e-01 0.000000000000000000e+00 nan nan nan
1.562500000000000000e-01 0.000000000000000000e+00 nan nan nan
1.587500000000000022e-01 0.000000000000000000e+00 nan nan nan
1.612500000000000044e-01 0.000000000000000000e+00 nan nan nan
1.637500000000000067e-01 0.000000000000000000e+00 nan nan nan
1.662500000000000089e-01 0.000000000000000000e+00 nan nan nan
1.687500000000000111e-01 0.000000000000000000e+00 nan nan nan
1.712500000000000133e-01 0.000000000000000000e+00 nan nan nan
1.737499999999999878e-01 0.000000000000000000e+00 nan nan nan
1.762499999999999900e-01 0.000000000000000000e+00 nan nan nan
1.787499999999999922e-01 0.000000000000000000e+00 nan nan nan
1.812499999999999944e-01 0.000000000000000000e+00 nan nan nan
1.837499999999999967e-01 0.000000000000000000e+00 nan nan nan
1.862499999999999989e-01 0.000000000000000000e+00 nan nan nan
1.887500000000000011e-01 0.000000000000000000e+00 nan nan nan
1.912500000000000033e-01 0.000000000000000000e+00 nan nan nan
1.937500000000000056e-01 0.000000000000000000e+00 nan nan nan
1.962500000000000078e-01 0.000000000000000000e+00 nan nan nan
1.987500000000000100e-01 0.000000000000000000e+00 nan nan nan
2.012500000000000122e-01 0.000000000000000000e+00 nan nan nan
2.037499999999999867e-01 0.000000000000000000e+00 nan nan nan
2.062499999999999889e-01 0.000000000000000000e+00 nan nan nan
2.087499999999999911e-01 0.000000000000000000e+00 nan nan nan
2.112499999999999933e-01 0.000000000000000000e+00 nan nan nan
2.137499999999999956e-01 0.000000000000000000e+00 nan nan nan
2.162499999999999978e-01 0.000000000000000000e+00 nan nan nan
2.187500000000000000e-01 0.000000000000000000e+00 nan nan nan
2.212500000000000022e-01 0.000000000000000000e+00 nan nan nan
2.237500000000000044e-01 0.000000000000000000e+00 nan nan nan
2.262500000000000067e-01 0.000000000000000000e+00 nan nan nan
2.287500000000000089e-01 0.000000000000000000e+00 nan nan nan
2.312500000000000111e-01 0.000000000000000000e+00 nan nan nan
2.337500000000000133e-01 0.000000000000000000e+00 nan nan nan
2.362499999999999878e-01 0.000000000000000000e+00 nan nan nan
2.387499999999999900e-01 0.000000000000000000e+00 nan nan nan
2.412499999999999922e-01 0.000000000000000000e+00 nan nan nan
2.437499999999999944e-01 0.000000000000000000e+00 nan nan nan
2.462499999999999967e-01 0.000000000000000000e+00 nan nan nan
2.487499999999999989e-01 0.000000000000000000e+00 nan nan nan
2.512499999999999734e-01 0.000000000000000000e+00 nan nan nan
2.537499999999999756e-01 0.000000000000000000e+00 nan nan nan
2.562499999999999778e-01 0.000000000000000000e+00 nan nan nan
2.587499999999999800e-01 0.000000000000000000e+00 nan nan nan
2.612499999999999822e-01 0.000000000000000000e+00 nan nan nan
2.637499999999999845e-01 0.000000000000000000e+00 nan nan nan
2.662499999999999867e-01 0.000000000000000000e+00 nan nan nan
2.687499999999999889e-01 0.000000000000000000e+00 nan nan nan
2.712499999999999911e-01 0.000000000000000000e+00 nan nan nan
2.737499999999999933e-01 0.000000000000000000e+00 nan nan nan
2.762499999999999956e-01 0.000000000000000000e+00 nan nan nan
2.787499999999999978e-01 0.000000000000000000e+00 nan nan nan
2.812500000000000000e-01 0.000000000000000000e+00 nan nan nan
2.837500000000000022e-01 0.000000000000000000e+00 nan nan nan
2.862500000000000044e-01 0.000000000000000000e+00 nan nan nan
2.887500000000000067e-01 0.000000000000000000e+00 nan nan nan
2.912500000000000089e-01 0.000000000000000000e+00 nan nan nan
2.937500000000000111e-01 0.000000000000000000e+00 nan nan nan
2.962500000000000133e-01 0.000000000000000000e+00 nan nan nan
2.987500000000000155e-01 0.000000000000000000e+00 nan nan nan
3.012500000000000178e-01 0.000000000000000000e+00 nan nan nan
3.037500000000000200e-01 0.000000000000000000e+00 nan nan nan
3.062500000000000222e-01 0.000000000000000000e+00 nan nan nan
3.087500000000000244e-01 0.000000000000000000e+00 nan nan nan
3.112500000000000266e-01 0.000000000000000000e+00 nan nan nan
3.137499999999999734e-01 0.000000000000000000e+00 nan nan nan
3.162499999999999756e-01 0.000000000000000000e+00 nan nan nan
3.187499999999999778e-01 0.000000000000000000e+00 nan nan nan
3.212499999999999800e-01 0.000000000000000000e+00 nan nan nan
3.237499999999999822e-01 0.000000000000000000e+00 nan nan nan
3.262499999999999845e-01 0.000000000000000000e+00 nan nan nan
3.287499999999999867e-01 0.000000000000000000e+00 nan nan nan
3.312499999999999889e-01 0.000000000000000000e+00 nan nan nan
3.337499999999999911e-01 0.000000000000000000e+00 nan nan nan
3.362499999999999933e-01 0.000000000000000000e+00 nan nan nan
3.387499999999999956e-01 0.000000000000000000e+00 nan nan nan
3.412499999999999978e-01 0.000000000000000000e+00 nan nan nan
3.437500000000000000e-01 0.000000000000000000e+00 nan nan nan
3.462500000000000022e-01 0.000000000000000000e+00 nan nan nan
3.487500000000000044e-01 0.000000000000000000e+00 nan nan nan
3.512500000000000067e-01 0.000000000000000000e+00 nan nan nan
3.537500000000000089e-01 0.000000000000000000e+00 nan nan nan
3.562500000000000111e-01 0.000000000000000000e+00 nan nan nan
3.587500000000000133e-01 0.000000000000000000e+00 nan nan nan
3.612500000000000155e-01 0.000000000000000000e+00 nan nan nan
3.637500000000000178e-01 0.000000000000000000e+00 nan nan nan
3.662500000000000200e-01 0.000000000000000000e+00 nan nan nan
3.687500000000000222e-01 0.000000000000000000e+00 nan nan nan
3.712500000000000244e-01 0.000000000000000000e+00 nan nan nan
3.737500000000000266e-01 0.000000000000000000e+00 nan nan nan
3.762499999999999734e-01 0.000000000000000000e+00 nan nan nan
3.787499999999999756e-01 0.000000000000000000e+00 nan nan nan
3.812499999999999778e-01 0.000000000000000000e+00 nan nan nan
3.837499999999999800e-01 0.000000000000000000e+00 nan nan nan
3.862499999999999822e-01 0.000000000000000000e+00 nan nan nan
3.887499999999999845e-01 0.000000000000000000e+00 nan nan nan
3.912499999999999867e-01 0.000000000000000000e+00 nan nan nan
3.937499999999999889e-01 0.000000000000000000e+00 nan nan nan
3.962499999999999911e-01 0.000000000000000000e+00 nan nan nan
3.987499999999999933e-01 0.000000000000000000e+00 nan nan nan
4.012499999999999956e-01 0.000000000000000000e+00 nan nan nan
4.037499999999999978e-01 0.000000000000000000e+00 nan nan nan
4.062500000000000000e-01 0.000000000000000000e+00 nan nan nan
4.087500000000000022e-01 0.000000000000000000e+00 nan nan nan
4.112500000000000044e-01 0.000000000000000000e+00 nan nan nan
4.137500000000000067e-01 0.000000000000000000e+00 nan nan nan
4.162500000000000089e-01 0.000000000000000000e+00 nan nan nan
4.187500000000000111e-01 0.000000000000000000e+00 nan nan nan
4.212500000000000133e-01 0.000000000000000000e+00 nan nan nan
4.237500000000000155e-01 0.000000000000000000e+00 nan nan nan
4.262500000000000178e-01 0.000000000000000000e+00 nan nan nan
4.287500000000000200e-01 0.000000000000000000e+00 nan nan nan
4.312500000000000222e-01 0.000000000000000000e+00 nan nan nan
4.337500000000000244e-01 0.000000000000000000e+00 nan nan nan
4.362500000000000266e-01 0.000000000000000000e+00 nan nan nan
4.387499999999999734e-01 0.000000000000000000e+00 nan nan nan
4.412499999999999756e-01 0.000000000000000000e+00 nan nan nan
4.437499999999999778e-01 0.000000000000000000e+00 nan nan nan
4.462499999999999800e-01 0.000000000000000000e+00 nan nan nan
4.487499999999999822e-01 0.000000000000000000e+00 nan nan nan
4.512499999999999845e-01 0.000000000000000000e+00 nan nan nan
4.537499999999999867e-01 0.000000000000000000e+00 nan nan nan
4.562499999999999889e-01 0.000000000000000000e+00 nan nan nan
4.587499999999999911e-01 0.000000000000000000e+00 nan nan nan
4.612499999999999933e-01 0.000000000000000000e+00 nan nan nan
4.637499999999999956e-01 0.000000000000000000e+00 nan nan nan
4.662499999999999978e-01 0.000000000000000000e+00 nan nan nan
4.687500000000000000e-01 0.000000000000000000e+00 nan nan nan
4.712500000000000022e-01 0.000000000000000000e+00 nan nan nan
4.737500000000000044e-01 0.000000000000000000e+00 nan nan nan
4.762500000000000067e-01 0.000000000000000000e+00 nan nan nan
4.787500000000000089e-01 0.000000000000000000e+00 nan nan nan
4.812500000000000111e-01 0.000000000000000000e+00 nan nan nan
4.837500000000000133e-01 0.000000000000000000e+00 nan nan nan
4.862500000000000155e-01 0.000000000000000000e+00 nan nan nan
4.887500000000000178e-01 0.000000000000000000e+00 nan nan nan
4.912500000000000200e-01 0.000000000000000000e+00 nan nan nan
4.937500000000000222e-01 0.000000000000000000e+00 nan nan nan
4.962500000000000244e-01 0.000000000000000000e+00 nan nan nan
4.987500000000000266e-01 0.000000000000000000e+00 nan nan nan
5.012499999999999734e-01 0.000000000000000000e+00 nan nan nan
5.037500000000000311e-01 0.000000000000000000e+00 nan nan nan
5.062499999999999778e-01 0.000000000000000000e+00 nan nan nan
5.087500000000000355e-01 0.000000000000000000e+00 nan nan nan
5.112499999999999822e-01 0.000000000000000000e+00 nan nan nan
5.137500000000000400e-01 0.000000000000000000e+00 nan nan nan
5.162499999999999867e-01 0.000000000000000000e+00 nan nan nan
5.187500000000000444e-01 0.000000000000000000e+00 nan nan nan
5.212499999999999911e-01 0.000000000000000000e+00 nan nan nan
5.237500000000000488e-01 0.000000000000000000e+00 nan nan nan
5.262499999999999956e-01 0.000000000000000000e+00 nan nan nan
5.287500000000000533e-01 0.000000000000000000e+00 nan nan nan
5.312500000000000000e-01 0.000000000000000000e+00 nan nan nan
5.337499999999999467e-01 0.000000000000000000e+00 nan nan nan
5.362500000000000044e-01 0.000000000000000000e+00 nan nan nan
5.387499999999999512e-01 0.000000000000000000e+00 nan nan nan
5.412500000000000089e-01 0.000000000000000000e+00 nan nan nan
5.437499999999999556e-01 0.000000000000000000e+00 nan nan nan
5.462500000000000133e-01 0.000000000000000000e+00 nan nan nan
5.487499999999999600e-01 0.000000000000000000e+00 nan nan nan
5.512500000000000178e-01 0.000000000000000000e+00 nan nan nan
5.537499999999999645e-01 0.000000000000000000e+00 nan nan nan
5.562500000000000222e-01 0.000000000000000000e+00 nan nan nan
5.587499999999999689e-01 0.000000000000000000e+00 nan nan nan
5.612500000000000266e-01 0.000000000000000000e+00 nan nan nan
5.637499999999999734e-01 0.000000000000000000e+00 nan nan nan
5.662500000000000311e-01 0.000000000000000000e+00 nan nan nan
5.687499999999999778e-01 0.000000000000000000e+00 nan nan nan
5.712500000000000355e-01 0.000000000000000000e+00 nan nan nan
5.737499999999999822e-01 0.000000000000000000e+00 nan nan nan
5.762500000000000400e-01 0.000000000000000000e+00 nan nan nan
5.787499999999999867e-01 0.000000000000000000e+00 nan nan nan
5.812500000000000444e-01 0.000000000000000000e+00 nan nan nan
5.837499999999999911e-01 0.000000000000000000e+00 nan nan nan
5.862500000000000488e-01 0.000000000000000000e+00 nan nan nan
5.887499999999999956e-01 0.000000000000000000e+00 nan nan nan
5.912500000000000533e-01 0.000000000000000000e+00 nan nan nan
5.937500000000000000e-01 0.000000000000000000e+00 nan nan nan
5.962499999999999467e-01 0.000000000000000000e+00 nan nan nan
5.987500000000000044e-01 0.000000000000000000e+00 nan nan nan
6.012499999999999512e-01 0.000000000000000000e+00 nan nan nan
6.037500000000000089e-01 0.000000000000000000e+00 nan nan nan
6.062499999999999556e-01 0.000000000000000000e+00 nan nan nan
6.087500000000000133e-01 0.000000000000000000e+00 nan nan nan
6.112499999999999600e-01 0.000000000000000000e+00 nan nan nan
6.137500000000000178e-01 0.000000000000000000e+00 nan nan nan
6.162499999999999645e-01 0.000000000000000000e+00 nan nan nan
6.187500000000000222e-01 0.000000000000000000e+00 nan nan nan
6.212499999999999689e-01 0.000000000000000000e+00 nan nan nan
6.237500000000000266e-01 0.000000000000000000e+00 nan nan nan
6.262499999999999734e-01 0.000000000000000000e+00 nan nan nan
6.287500000000000311e-01 0.000000000000000000e+00 nan nan nan
6.312499999999999778e-01 0.000000000000000000e+00 nan nan nan
6.337500000000000355e-01 0.000000000000000000e+00 nan nan nan
6.362499999999999822e-01 0.000000000000000000e+00 nan nan nan
6.387500000000000400e-01 0.000000000000000000e+00 nan nan nan
6.412499999999999867e-01 0.000000000000000000e+00 nan nan nan
6.437500000000000444e-01 0.000000000000000000e+00 nan nan nan
6.462499999999999911e-01 0.000000000000000000e+00 nan nan nan
6.487500000000000488e-01 0.000000000000000000e+00 nan nan nan
6.512499999999999956e-01 0.000000000000000000e+00 nan nan nan
6.537500000000000533e-01 0.000000000000000000e+00 nan nan nan
6.562500000000000000e-01 0.000000000000000000e+00 nan nan nan
6.587499999999999467e-01 0.000000000000000000e+00 nan nan nan
6.612500000000000044e-01 0.000000000000000000e+00 nan nan nan
6.637499999999999512e-01 0.000000000000000000e+00 nan nan nan
6.662500000000000089e-01 0.000000000000000000e+00 nan nan nan
6.687499999999999556e-01 0.000000000000000000e+00 nan nan nan
6.712500000000000133e-01 0.000000000000000000e+00 nan nan nan
6.737499999999999600e-01 0.000000000000000000e+00 nan nan nan
6.762500000000000178e-01 0.000000000000000000e+00 nan nan nan
6.787499999999999645e-01 0.000000000000000000e+00 nan nan nan
6.812500000000000222e-01 0.000000000000000000e+00 nan nan nan
6.837499999999999689e-01 0.000000000000000000e+00 nan nan nan
6.862500000000000266e-01 0.000000000000000000e+00 nan nan nan
6.887499999999999734e-01 0.000000000000000000e+00 nan nan nan
6.912500000000000311e-01 0.000000000000000000e+00 nan nan nan
6.937499999999999778e-01 0.000000000000000000e+00 nan nan nan
6.962500000000000355e-01 0.000000000000000000e+00 nan nan nan
6.987499999999999822e-01 0.000000000000000000e+00 nan nan nan
7.012500000000000400e-01 0.000000000000000000e+00 nan nan nan
7.037499999999999867e-01 0.000000000000000000e+00 nan nan nan
7.062500000000000444e-01 0.000000000000000000e+00 nan nan nan
7.087499999999999911e-01 0.000000000000000000e+00 nan nan nan
7.112500000000000488e-01 0.000000000000000000e+00 nan nan nan
7.137499999999999956e-01 0.000000000000000000e+00 nan nan nan
7.162500000000000533e-01 0.000000000000000000e+00 nan nan nan
7.187500000000000000e-01 0.000000000000000000e+00 nan nan nan
7.212499999999999467e-01 0.000000000000000000e+00 nan nan nan
7.237500000000000044e-01 0.000000000000000000e+00 nan nan nan
7.262499999999999512e-01 0.000000000000000000e+00 nan nan nan
7.287500000000000089e-01 0.000000000000000000e+00 nan nan nan
7.312499999999999556e-01 0.000000000000000000e+00 nan nan nan
7.337500000000000133e-01 0.000000000000000000e+00 nan nan nan
7.362499999999999600e-01 0.000000000000000000e+00 nan nan nan
7.387500000000000178e-01 0.000000000000000000e+00 nan nan nan
7.412499999999999645e-01 0.000000000000000000e+00 nan nan nan
7.437500000000000222e-01 0.000000000000000000e+00 nan nan nan
7.462499999999999689e-01 0.000000000000000000e+00 nan nan nan
7.487500000000000266e-01 0.000000000000000000e+00 nan nan nan
7.512499999999999734e-01 0.000000000000000000e+00 nan nan nan
7.537500000000000311e-01 0.000000000000000000e+00 nan nan nan
7.562499999999999778e-01 0.000000000000000000e+00 nan nan nan
7.587500000000000355e-01 2.207499999999999990e-04 nan nan nan
7.612499999999999822e-01 0.000000000000000000e+00 nan nan nan
7.637500000000000400e-01 0.000000000000000000e+00 nan nan nan
7.662499999999999867e-01 4.330000000000000081e-04 nan nan nan
7.687500000000000444e-01 4.305000000000000016e-04 nan nan nan
7.712499999999999911e-01 6.412500000000000014e-04 nan nan nan
7.737500000000000488e-01 2.336249999999999785e-03 nan nan nan
7.762499999999999956e-01 8.440000000000000236e-04 nan nan nan
7.787500000000000533e-01 2.515999999999999574e-03 nan nan nan
7.812500000000000000e-01 3.541250000000000127e-03 nan nan nan
7.837499999999999467e-01 4.553999999999999888e-03 nan nan nan
7.862500000000000044e-01 4.319500000000000423e-03 nan nan nan
7.887499999999999512e-01 7.357749999999999707e-03 nan nan nan
7.912500000000000089e-01 9.748249999999999971e-03 nan nan nan
7.937499999999999556e-01 1.291599999999999866e-02 nan nan nan
7.962500000000000133e-01 1.624400000000000149e-02 nan nan nan
7.987499999999999600e-01 1.733849999999999975e-02 nan nan nan
8.012500000000000178e-01 2.455825000000000369e-02 nan nan nan
8.037499999999999645e-01 2.735775000000000012e-02 nan nan nan
8.062500000000000222e-01 3.853349999999999831e-02 nan nan nan
8.087499999999999689e-01 4.412750000000000006e-02 nan nan nan
8.112500000000000266e-01 4.965149999999999425e-02 nan nan nan
8.137499999999999734e-01 6.201974999999999849e-02 nan nan nan
8.162500000000000311e-01 6.221274999999999722e-02 nan nan nan
8.187499999999999778e-01 7.890400000000000191e-02 nan nan nan
8.212500000000000355e-01 9.821900000000000075e-02 nan nan nan
8.237499999999999822e-01 1.090539999999999982e-01 nan nan nan
8.262500000000000400e-01 1.143547499999999911e-01 nan nan nan
8.287499999999999867e-01 1.419900000000000051e-01 nan nan nan
8.312500000000000444e-01 1.584344999999999781e-01 nan nan nan
8.337499999999999911e-01 1.816297499999999787e-01 nan nan nan
8.362500000000000488e-01 1.960000000000000075e-01 nan nan nan
8.387499999999999956e-01 2.174250000000000071e-01 nan nan nan
8.412500000000000533e-01 2.606915000000000204e-01 nan nan nan
8.437500000000000000e-01 2.832600000000000118e-01 nan nan nan
8.462499999999999467e-01 2.911762499999999698e-01 nan nan nan
8.487500000000000044e-01 3.468267499999999615e-01 nan nan nan
8.512499999999999512e-01 3.651462500000000055e-01 nan nan nan
8.537500000000000089e-01 4.015624999999999889e-01 nan nan nan
8.562499999999999556e-01 4.307845000000000146e-01 nan nan nan
8.587500000000000133e-01 4.548317499999999791e-01 nan nan nan
8.612499999999999600e-01 5.051624999999999588e-01 nan nan nan
8.637500000000000178e-01 5.550739999999999563e-01 nan nan nan
8.662499999999999645e-01 5.693274999999999864e-01 nan nan nan
8.687500000000000222e-01 5.763322499999999904e-01 nan nan nan
8.712499999999999689e-01 6.410357500000000153e-01 nan nan nan
8.737500000000000266e-01 6.835062499999999819e-01 nan nan nan
8.762499999999999734e-01 7.253165000000000306e-01 nan nan nan
8.787500000000000311e-01 7.661462500000000286e-01 nan nan nan
8.812499999999999778e-01 7.916032499999999805e-01 nan nan nan
8.837500000000000355e-01 8.485062500000000174e-01 nan nan nan
8.862499999999999822e-01 9.044314999999999438e-01 nan nan nan
8.887500000000000400e-01 8.946822500000000122e-01 nan nan nan
8.912499999999999867e-01 9.607409999999999561e-01 nan nan nan
8.937500000000000444e-01 9.595124999999999904e-01 nan nan nan
8.962499999999999911e-01 1.007352249999999838e+00 nan nan nan
8.987500000000000488e-01 1.060154749999999924e+00 nan nan nan
9.012499999999999956e-01 1.084180250000000179e+00 nan nan nan
9.037500000000000533e-01 1.138746749999999919e+00 nan nan nan
9.062500000000000000e-01 1.144083750000000066e+00 nan nan nan
9.087499999999999467e-01 1.172901750000000076e+00 nan nan nan
9.112500000000000044e-01 1.211339249999999979e+00 nan nan nan
9.137499999999999512e-01 1.241572499999999746e+00 nan nan nan
9.162500000000000089e-01 1.258736499999999925e+00 nan nan nan
9.187499999999999556e-01 1.316968000000000139e+00 nan nan nan
9.212500000000000133e-01 1.344137750000000020e+00 nan nan nan
9.237499999999999600e-01 1.340596999999999817e+00 nan nan nan
9.262500000000000178e-01 1.376941500000000040e+00 nan nan nan
9.287499999999999645e-01 1.439408500000000091e+00 nan nan nan
9.312500000000000222e-01 1.455002249999999941e+00 nan nan nan
9.337499999999999689e-01 1.437596499999999944e+00 nan nan nan
9.362500000000000266e-01 1.484614249999999913e+00 nan nan nan
9.387499999999999734e-01 1.500668249999999926e+00 nan nan nan
9.412500000000000311e-01 1.535762000000000072e+00 nan nan nan
9.437499999999999778e-01 1.554902500000000076e+00 nan nan nan
9.462500000000000355e-01 1.557915500000000009e+00 nan nan nan
9.487499999999999822e-01 1.579944499999999863e+00 nan nan nan
9.512500000000000400e-01 1.597506000000000093e+00 nan nan nan
9.537499999999999867e-01 1.623806749999999965e+00 nan nan nan
9.562500000000000444e-01 1.635350250000000116e+00 nan nan nan
9.587499999999999911e-01 1.681194499999999925e+00 nan nan nan
9.612500000000000488e-01 1.637233750000000043e+00 nan nan nan
9.637499999999999956e-01 1.661331499999999961e+00 nan nan nan
9.662500000000000533e-01 1.668816000000000077e+00 nan nan nan
9.687500000000000000e-01 1.675251999999999963e+00 nan nan nan
9.712499999999999467e-01 1.682948499999999958e+00 nan nan nan
9.737500000000000044e-01 1.704355000000000064e+00 nan nan nan
9.762499999999999512e-01 1.694303249999999927e+00 nan nan nan
9.787500000000000089e-01 1.736891999999999880e+00 nan nan nan
9.812499999999999556e-01 1.714847499999999858e+00 nan nan nan
9.837500000000000133e-01 1.730448750000000091e+00 nan nan nan
9.862499999999999600e-01 1.755281499999999939e+00 nan nan nan
9.887500000000000178e-01 1.738353249999999850e+00 nan nan nan
9.912499999999999645e-01 1.721960750000000040e+00 nan nan nan
9.937500000000000222e-01 1.733779249999999994e+00 nan nan nan
9.962499999999999689e-01 1.726625999999999994e+00 nan nan nan
9.987500000000000266e-01 1.742721250000000000e+00 nan nan nan
1.001249999999999973e+00 1.740117499999999984e+00 nan nan nan
1.003749999999999920e+00 1.715306499999999845e+00 nan nan nan
1.006250000000000089e+00 1.740196249999999889e+00 nan nan nan
1.008750000000000036e+00 1.718461500000000086e+00 nan nan nan
1.011249999999999982e+00 1.723527999999999949e+00 nan nan nan
1.013749999999999929e+00 1.727286250000000134e+00 nan nan nan
1.016250000000000098e+00 1.712273249999999969e+00 nan nan nan
1.018750000000000044e+00 1.712700749999999772e+00 nan nan nan
1.021249999999999991e+00 1.692865499999999912e+00 nan nan nan
1.023749999999999938e+00 1.701349500000000070e+00 nan nan nan
1.026250000000000107e+00 1.681601249999999936e+00 nan nan nan
1.028750000000000053e+00 1.702392499999999975e+00 nan nan nan
1.031250000000000000e+00 1.682790250000000043e+00 nan nan nan
1.033749999999999947e+00 1.690842249999999991e+00 nan nan nan
1.036249999999999893e+00 1.673220999999999847e+00 nan nan nan
1.038750000000000062e+00 1.669065000000000021e+00 nan nan nan
1.041250000000000009e+00 1.673842999999999970e+00 nan nan nan
1.043749999999999956e+00 1.673770750000000085e+00 nan nan nan
1.046249999999999902e+00 1.651262000000000008e+00 nan nan nan
1.048750000000000071e+00 1.647213750000000143e+00 nan nan nan
1.051250000000000018e+00 1.679196500000000203e+00 nan nan nan
1.053749999999999964e+00 1.632992999999999917e+00 nan nan nan
1.056249999999999911e+00 1.636896499999999977e+00 nan nan nan
1.058750000000000080e+00 1.631216999999999917e+00 nan nan nan
1.061250000000000027e+00 1.599155249999999917e+00 nan nan nan
1.063749999999999973e+00 1.605356000000000005e+00 nan nan nan
1.066249999999999920e+00 1.623559749999999857e+00 nan nan nan
1.068750000000000089e+00 1.588923499999999933e+00 nan nan nan
1.071250000000000036e+00 1.586612249999999724e+00 nan nan nan
1.073749999999999982e+00 1.583313500000000040e+00 nan nan nan
1.076249999999999929e+00 1.538314999999999877e+00 nan nan nan
1.078750000000000098e+00 1.572494499999999906e+00 nan nan nan
1.081250000000000044e+00 1.585133750000000008e+00 nan nan nan
1.083749999999999991e+00 1.526082500000000008e+00 nan nan nan
1.086249999999999938e+00 1.544712749999999968e+00 nan nan nan
1.088750000000000107e+00 1.548674749999999989e+00 nan nan nan
1.091250000000000053e+00 1.515961499999999962e+00 nan nan nan
1.093750000000000000e+00 1.523388249999999777e+00 nan nan nan
1.096249999999999947e+00 1.518669500000000117e+00 nan nan nan
1.098749999999999893e+00 1.503235499999999947e+00 nan nan nan
1.101250000000000062e+00 1.510571999999999804e+00 nan nan nan
1.103750000000000009e+00 1.472008499999999831e+00 nan nan nan
1.106249999999999956e+00 1.465882500000000199e+00 nan nan nan
1.108749999999999902e+00 1.458865750000000183e+00 nan nan nan
1.111250000000000071e+00 1.431613750000000129e+00 nan nan nan
1.113750000000000018e+00 1.451331499999999997e+00 nan nan nan
1.116249999999999964e+00 1.434123500000000107e+00 nan nan nan
1.118749999999999911e+00 1.429244750000000064e+00 nan nan nan
1.121250000000000080e+00 1.418934250000000175e+00 nan nan nan
1.123750000000000027e+00 1.426824500000000162e+00 nan nan nan
1.126249999999999973e+00 1.392630999999999952e+00 nan nan nan
1.128749999999999920e+00 1.404332249999999949e+00 nan nan nan
1.131250000000000089e+00 1.392866499999999785e+00 nan nan nan
1.133750000000000036e+00 1.402754750000000161e+00 nan nan nan
1.136249999999999982e+00 1.375021000000000049e+00 nan nan nan
1.138749999999999929e+00 1.361734750000000105e+00 nan nan nan
1.141250000000000098e+00 1.372175750000000027e+00 nan nan nan
1.143750000000000044e+00 1.354034249999999995e+00 nan nan nan
1.146249999999999991e+00 1.354424499999999920e+00 nan nan nan
1.148749999999999938e+00 1.330517749999999833e+00 nan nan nan
1.151250000000000107e+00 1.329925999999999942e+00 nan nan nan
1.153750000000000053e+00 1.338305500000000148e+00 nan nan nan
1.156250000000000000e+00 1.327959249999999924e+00 nan nan nan
1.158749999999999947e+00 1.307368250000000121e+00 nan nan nan
1.161249999999999893e+00 1.295522250000000097e+00 nan nan nan
1.163750000000000062e+00 1.283202249999999989e+00 nan nan nan
1.166250000000000009e+00 1.283315750000000088e+00 nan nan nan
1.168749999999999956e+00 1.282113250000000093e+00 nan nan nan
1.171249999999999902e+00 1.273309000000000024e+00 nan nan nan
1.173750000000000071e+00 1.283118749999999864e+00 nan nan nan
1.176250000000000018e+00 1.269215750000000087e+00 nan nan nan
1.178749999999999964e+00 1.258804500000000104e+00 nan nan nan
1.181249999999999911e+00 1.250475000000000003e+00 nan nan nan
1.183750000000000080e+00 1.233584250000000049e+00 nan nan nan
1.186250000000000027e+00 1.224504749999999920e+00 nan nan nan
1.188749999999999973e+00 1.235105750000000002e+00 nan nan nan
1.191249999999999920e+00 1.205556000000000072e+00 nan nan nan
1.193750000000000089e+00 1.220320000000000071e+00 nan nan nan
1.196250000000000036e+00 1.209893499999999955e+00 nan nan nan
1.198749999999999982e+00 1.219628500000000004e+00 nan nan nan
1.201249999999999929e+00 1.194467500000000015e+00 nan nan nan
1.203750000000000098e+00 1.170469750000000086e+00 nan nan nan
1.206250000000000044e+00 1.209840000000000027e+00 nan nan nan
1.208749999999999991e+00 1.193440250000000091e+00 nan nan nan
1.211249999999999938e+00 1.204292249999999953e+00 nan nan nan
1.213750000000000107e+00 1.159893250000000098e+00 nan nan nan
1.216250000000000053e+00 1.164756499999999972e+00 nan nan nan
1.218750000000000000e+00 1.152535749999999970e+00 nan nan nan
1.221249999999999947e+00 1.171351000000000031e+00 nan nan nan
1.223749999999999893e+00 1.168693000000000204e+00 nan nan nan
1.226250000000000062e+00 1.145245249999999881e+00 nan nan nan
1.228750000000000009e+00 1.142695000000000016e+00 nan nan nan
1.231249999999999956e+00 1.136214250000000092e+00 nan nan nan
1.233749999999999902e+00 1.127103500000000036e+00 nan nan nan
1.236250000000000071e+00 1.136942249999999932e+00 nan nan nan
1.238750000000000018e+00 1.137328999999999812e+00 nan nan nan
1.241249999999999964e+00 1.113028750000000011e+00 nan nan nan
1.243749999999999911e+00 1.130093749999999897e+00 nan nan nan
1.246250000000000080e+00 1.111237999999999948e+00 nan nan nan
1.248750000000000027e+00 1.113723749999999901e+00 nan nan nan
1.251249999999999973e+00 1.104161500000000018e+00 nan nan nan
1.253749999999999920e+00 1.085444749999999958e+00 nan nan nan
1.256250000000000089e+00 1.117303750000000040e+00 nan nan nan
1.258750000000000036e+00 1.079246750000000032e+00 nan nan nan
1.261249999999999982e+00 1.073133749999999997e+00 nan nan nan
1.263749999999999929e+00 1.069131000000000054e+00 nan nan nan
1.266250000000000098e+00 1.069037250000000050e+00 nan nan nan
1.268750000000000044e+00 1.063011499999999998e+00 nan nan nan
1.271249999999999991e+00 1.083696749999999875e+00 nan nan nan
1.273749999999999938e+00 1.051939499999999805e+00 nan nan nan
1.276250000000000107e+00 1.067259749999999840e+00 nan nan nan
1.278750000000000053e+00 1.020402000000000031e+00 nan nan nan
1.281250000000000000e+00 1.050891000000000020e+00 nan nan nan
1.283749999999999947e+00 1.052048249999999907e+00 nan nan nan
1.286249999999999893e+00 1.062334000000000112e+00 nan nan nan
1.288750000000000062e+00 1.039231250000000051e+00 nan nan nan
1.291250000000000009e+00 1.035973500000000103e+00 nan nan nan
1.293749999999999956e+00 1.029314499999999910e+00 nan nan nan
1.296249999999999902e+00 1.030493499999999951e+00 nan nan nan
1.298750000000000071e+00 1.022610499999999867e+00 nan nan nan
1.301250000000000018e+00 1.023190500000000114e+00 nan nan nan
1.303749999999999964e+00 1.003711249999999833e+00 nan nan nan
1.306249999999999911e+00 1.011795500000000070e+00 nan nan nan
1.308750000000000080e+00 1.007414249999999845e+00 nan nan nan
1.311250000000000027e+00 9.921139999999999404e-01 nan nan nan
1.313749999999999973e+00 9.987292500000000128e-01 nan nan nan
1.316249999999999920e+00 9.935442500000000177e-01 nan nan nan
1.318750000000000089e+00 9.974577500000001429e-01 nan nan nan
1.321250000000000036e+00 9.942694999999999173e-01 nan nan nan
1.323749999999999982e+00 9.743364999999999387e-01 nan nan nan
1.326249999999999929e+00 9.844735000000000014e-01 nan nan nan
1.328750000000000098e+00 9.847332500000000044e-01 nan nan nan
1.331250000000000044e+00 9.822577500000000406e-01 nan nan nan
1.333749999999999991e+00 9.728610000000000868e-01 nan nan nan
1.336249999999999938e+00 9.722859999999999836e-01 nan nan nan
1.338750000000000107e+00 9.643307500000000143e-01 nan nan nan
1.341250000000000053e+00 9.632832499999999243e-01 nan nan nan
1.343750000000000000e+00 9.642794999999999561e-01 nan nan nan
1.346249999999999947e+00 9.661735000000000184e-01 nan nan nan
1.348749999999999893e+00 9.532992499999999314e-01 nan nan nan
1.351250000000000062e+00 9.680895000000000472e-01 nan nan nan
1.353750000000000009e+00 9.552895000000000136e-01 nan nan nan
1.356249999999999956e+00 9.671857500000000663e-01 nan nan nan
1.358749999999999902e+00 9.414540000000001241e-01 nan nan nan
1.361250000000000071e+00 9.567315000000000680e-01 nan nan nan
1.363750000000000018e+00 9.414000000000000146e-01 nan nan nan
1.366249999999999964e+00 9.541010000000000879e-01 nan nan nan
1.368749999999999911e+00 9.379277500000000600e-01 nan nan nan
1.371250000000000080e+00 9.413405000000000244e-01 nan nan nan
1.373750000000000027e+00 9.455305000000000515e-01 nan nan nan
1.376249999999999973e+00 9.296127499999999877e-01 nan nan nan
1.378749999999999920e+00 9.199570000000000247e-01 nan nan nan
1.381250000000000089e+00 9.400220000000000242e-01 nan nan nan
1.383750000000000036e+00 9.202932500000000626e-01 nan nan nan
1.386249999999999982e+00 9.343120000000000314e-01 nan nan nan
1.388749999999999929e+00 9.267977499999999758e-01 nan nan nan
1.391250000000000098e+00 9.383159999999999279e-01 nan nan nan
1.393750000000000044e+00 9.203562499999999869e-01 nan nan nan
1.396249999999999991e+00 9.177157499999999413e-01 nan nan nan
1.398749999999999938e+00 9.141784999999998940e-01 nan nan nan
1.401250000000000107e+00 9.326772500000000132e-01 nan nan nan
1.403750000000000053e+00 9.194212500000000787e-01 nan nan nan
1.406250000000000000e+00 9.057390000000000718e-01 nan nan nan
1.408749999999999947e+00 9.153407500000000363e-01 nan nan nan
1.411249999999999893e+00 9.133134999999998893e-01 nan nan nan
1.413750000000000062e+00 8.982537499999999620e-01 nan nan nan
1.416250000000000009e+00 8.985714999999999675e-01 nan nan nan
1.418749999999999956e+00 9.087992500000000584e-01 nan nan nan
1.421249999999999902e+00 9.049760000000000026e-01 nan nan nan
1.423750000000000071e+00 8.934577500000000505e-01 nan nan nan
1.426250000000000018e+00 8.995792500000000524e-01 nan nan nan
1.428749999999999964e+00 9.049672500000000008e-01 nan nan nan
1.431249999999999911e+00 8.971535000000000482e-01 nan nan nan
1.433750000000000080e+00 9.019445000000000379e-01 nan nan nan
1.436250000000000027e+00 9.035537499999999334e-01 nan nan nan
1.438749999999999973e+00 8.935367499999999907e-01 nan nan nan
1.441249999999999920e+00 8.965607499999999064e-01 nan nan nan
1.443750000000000089e+00 8.916889999999999539e-01 nan nan nan
1.446250000000000036e+00 8.876367499999999744e-01 nan nan nan
1.448749999999999982e+00 8.759737500000001065e-01 nan nan nan
1.451249999999999929e+00 8.897410000000000041e-01 nan nan nan
1.453750000000000098e+00 8.889697499999998920e-01 nan nan nan
1.456250000000000044e+00 8.859204999999999997e-01 nan nan nan
1.458749999999999991e+00 8.836030000000000273e-01 nan nan nan
1.461249999999999938e+00 8.989229999999999166e-01 nan nan nan
1.463750000000000107e+00 8.811377499999999419e-01 nan nan nan
1.466250000000000053e+00 8.830442499999999750e-01 nan nan nan
1.468750000000000000e+00 8.831644999999999079e-01 nan nan nan
1.471249999999999947e+00 8.841015000000000956e-01 nan nan nan
1.473749999999999893e+00 8.820407500000000400e-01 nan nan nan
1.476250000000000062e+00 8.836070000000000313e-01 nan nan nan
1.478750000000000009e+00 8.744585000000000274e-01 nan nan nan
1.481249999999999956e+00 8.697124999999999995e-01 nan nan nan
1.483749999999999902e+00 8.789130000000000553e-01 nan nan nan
1.486250000000000071e+00 8.671515000000000750e-01 nan nan nan
1.488750000000000018e+00 8.831727499999999509e-01 nan nan nan
1.491249999999999964e+00 8.798139999999999850e-01 nan nan nan
1.493749999999999911e+00 8.809175000000000200e-01 nan nan nan
1.496250000000000080e+00 8.682645000000001057e-01 nan nan nan
1.498750000000000027e+00 8.644077500000000303e-01 nan nan nan
1.501249999999999973e+00 8.724757499999999943e-01 nan nan nan
1.503749999999999920e+00 8.645169999999999799e-01 nan nan nan
1.506250000000000089e+00 8.708404999999999063e-01 nan nan nan
1.508750000000000036e+00 8.652755000000000862e-01 nan nan nan
1.511249999999999982e+00 8.781147499999999440e-01 nan nan nan
1.513749999999999929e+00 8.599574999999999303e-01 nan nan nan
1.516250000000000098e+00 8.739367500000000399e-01 nan nan nan
1.518750000000000044e+00 8.888119999999999354e-01 nan nan nan
1.521249999999999991e+00 8.721022500000000788e-01 nan nan nan
1.523749999999999938e+00 8.649169999999999359e-01 nan nan nan
1.526250000000000107e+00 8.737665000000000015e-01 nan nan nan
1.528750000000000053e+00 8.837504999999999944e-01 nan nan nan
1.531250000000000000e+00 8.736549999999999594e-01 nan nan nan
1.533749999999999947e+00 8.694577499999999182e-01 nan nan nan
1.536249999999999893e+00 8.582259999999999334e-01 nan nan nan
1.538750000000000062e+00 8.688645000000000396e-01 nan nan nan
1.541250000000000009e+00 8.684564999999999646e-01 nan nan nan
1.543749999999999956e+00 8.634054999999999369e-01 nan nan nan
1.546249999999999902e+00 8.644445000000000601e-01 nan nan nan
1.548750000000000071e+00 8.673812499999999925e-01 nan nan nan
1.551250000000000018e+00 8.689202499999999496e-01 nan nan nan
1.553749999999999964e+00 8.752377499999999255e-01 nan nan nan
1.556249999999999911e+00 8.691732500000000083e-01 nan nan nan
1.558750000000000080e+00 8.888894999999999991e-01 nan nan nan
1.561250000000000027e+00 8.702917500000000306e-01 nan nan nan
1.563749999999999973e+00 8.606997499999999857e-01 nan nan nan
1.566249999999999920e+00 8.770799999999999708e-01 nan nan nan
1.568750000000000089e+00 8.629717500000000374e-01 nan nan nan
1.571250000000000036e+00 8.702710000000000168e-01 nan nan nan
1.573749999999999982e+00 8.771594999999999809e-01 nan nan nan
1.576249999999999929e+00 8.653724999999999890e-01 nan nan nan
1.578750000000000098e+00 8.646234999999999893e-01 nan nan nan
1.581250000000000044e+00 8.719602500000001033e-01 nan nan nan
1.583749999999999991e+00 8.788917499999999716e-01 nan nan nan
1.586249999999999938e+00 8.735970000000000679e-01 nan nan nan
1.588750000000000107e+00 8.703967499999999413e-01 nan nan nan
1.591250000000000053e+00 8.494355000000000100e-01 nan nan nan
1.593750000000000000e+00 8.784592499999999138e-01 nan nan nan
1.596249999999999947e+00 8.754604999999999748e-01 nan nan nan
1.598749999999999893e+00 8.620295000000000041e-01 nan nan nan
1.601250000000000062e+00 8.590422499999998962e-01 nan nan nan
1.603750000000000009e+00 8.808362499999999873e-01 nan nan nan
1.606249999999999956e+00 8.801174999999998860e-01 nan nan nan
1.608749999999999902e+00 8.694739999999999691e-01 nan nan nan
1.611250000000000071e+00 8.954292500000000654e-01 nan nan nan
1.613750000000000018e+00 8.658035000000000592e-01 nan nan nan
1.616249999999999964e+00 8.836187500000000083e-01 nan nan nan
1.618749999999999911e+00 8.777857499999999202e-01 nan nan nan
1.621250000000000080e+00 8.726137499999999658e-01 nan nan nan
1.623750000000000027e+00 8.809722500000000123e-01 nan nan nan
1.626249999999999973e+00 8.909100000000000907e-01 nan nan nan
1.628749999999999920e+00 8.872664999999999580e-01 nan nan nan
1.631250000000000089e+00 8.936755000000000670e-01 nan nan nan
1.633750000000000036e+00 8.836064999999999614e-01 nan nan nan
1.636249999999999982e+00 8.970082499999999515e-01 nan nan nan
1.638749999999999929e+00 8.894912499999999556e-01 nan nan nan
1.641250000000000098e+00 8.839512499999999662e-01 nan nan nan
1.643750000000000044e+00 8.880882500000000235e-01 nan nan nan
1.646249999999999991e+00 8.871755000000000058e-01 nan nan nan
1.648749999999999938e+00 8.803712500000000496e-01 nan nan nan
1.651250000000000107e+00 8.921632500000000743e-01 nan nan nan
1.653750000000000053e+00 8.972784999999999789e-01 nan nan nan
1.656250000000000000e+00 9.069940000000000779e-01 nan nan nan
1.658749999999999947e+00 9.034297500000001424e-01 nan nan nan
1.661249999999999893e+00 8.983632499999999466e-01 nan nan nan
1.663750000000000062e+00 9.010857500000000186e-01 nan nan nan
1.666250000000000009e+00 9.049785000000000190e-01 nan nan nan
1.668749999999999956e+00 9.040952500000000169e-01 nan nan nan
1.671249999999999902e+00 9.147762499999999575e-01 nan nan nan
1.673750000000000071e+00 9.074612499999999971e-01 nan nan nan
1.676250000000000018e+00 8.977879999999999194e-01 nan nan nan
1.678749999999999964e+00 9.080642500000000172e-01 nan nan nan
1.681249999999999911e+00 9.119334999999999525e-01 nan nan nan
1.683750000000000080e+00 9.042490000000000805e-01 nan nan nan
1.686250000000000027e+00 9.278182499999999555e-01 nan nan nan
1.688749999999999973e+00 9.172264999999999446e-01 nan nan nan
1.691249999999999920e+00 9.065152499999999947e-01 nan nan nan
1.693750000000000089e+00 9.221457500000000973e-01 nan nan nan
1.696250000000000036e+00 9.257930000000000881e-01 nan nan nan
1.698749999999999982e+00 9.324107500000000659e-01 nan nan nan
1.701249999999999929e+00 9.134182499999999871e-01 nan nan nan
1.703750000000000098e+00 9.141997499999999777e-01 nan nan nan
1.706250000000000044e+00 9.176372499999999599e-01 nan nan nan
1.708749999999999991e+00 9.312842499999999246e-01 nan nan nan
1.711249999999999938e+00 9.273492500000000138e-01 nan nan nan
1.713750000000000107e+00 9.251650000000000151e-01 nan nan nan
1.716250000000000053e+00 9.337379999999999569e-01 nan nan nan
1.718750000000000000e+00 9.364040000000000141e-01 nan nan nan
1.721249999999999947e+00 9.236005000000000464e-01 nan nan nan
1.723749999999999893e+00 9.293105000000000393e-01 nan nan nan
1.726250000000000062e+00 9.366904999999999815e-01 nan nan nan
1.728750000000000009e+00 9.305797499999999278e-01 nan nan nan
1.731249999999999956e+00 9.502080000000000526e-01 nan nan nan
1.733749999999999902e+00 9.441702499999999887e-01 nan nan nan
1.736250000000000071e+00 9.484550000000000480e-01 nan nan nan
1.738750000000000018e+00 9.311777500000000263e-01 nan nan nan
1.741249999999999964e+00 9.524092499999999850e-01 nan nan nan
1.743749999999999911e+00 9.542802500000000521e-01 nan nan nan
1.746250000000000080e+00 9.522167499999999452e-01 nan nan nan
1.748750000000000027e+00 9.544437500000000352e-01 nan nan nan
1.751249999999999973e+00 9.477409999999999446e-01 nan nan nan
1.753749999999999920e+00 9.432630000000000736e-01 nan nan nan
1.756250000000000089e+00 9.515860000000000429e-01 nan nan nan
1.758750000000000036e+00 9.585837500000000677e-01 nan nan nan
1.761249999999999982e+00 9.600859999999999950e-01 nan nan nan
1.763749999999999929e+00 9.686470000000000358e-01 nan nan nan
1.766250000000000098e+00 9.650917500000000260e-01 nan nan nan
1.768750000000000044e+00 9.650479999999999059e-01 nan nan nan
1.771249999999999991e+00 9.641494999999999926e-01 nan nan nan
1.773749999999999938e+00 9.722239999999999771e-01 nan nan nan
1.776250000000000107e+00 9.784355000000000135e-01 nan nan nan
1.778750000000000053e+00 9.610192499999998805e-01 nan nan nan
1.781250000000000000e+00 9.768377499999999491e-01 nan nan nan
1.783749999999999947e+00 9.662687500000000096e-01 nan nan nan
1.786249999999999893e+00 9.836102500000000193e-01 nan nan nan
1.788750000000000062e+00 9.900822499999999415e-01 nan nan nan
1.791250000000000009e+00 9.807422500000000376e-01 nan nan nan
1.793749999999999956e+00 9.961487499999999162e-01 nan nan nan
1.796249999999999902e+00 9.889642499999999892e-01 nan nan nan
1.798750000000000071e+00 9.945479999999999876e-01 nan nan nan
1.801250000000000018e+00 9.893987500000001045e-01 nan nan nan
1.803749999999999964e+00 9.885337499999999888e-01 nan nan nan
1.806249999999999911e+00 9.840847499999999526e-01 nan nan nan
1.808750000000000080e+00 9.809777499999999817e-01 nan nan nan
1.811250000000000027e+00 9.931929999999999925e-01 nan nan nan
1.813749999999999973e+00 9.956747500000000528e-01 nan nan nan
1.816249999999999920e+00 1.006040749999999928e+00 nan nan nan
1.818750000000000089e+00 9.983567500000000150e-01 nan nan nan
1.821250000000000036e+00 1.000677749999999921e+00 nan nan nan
1.823749999999999982e+00 1.007302249999999955e+00 nan nan nan
1.826249999999999929e+00 1.005422749999999921e+00 nan nan nan
1.828750000000000098e+00 1.003093750000000117e+00 nan nan nan
1.831250000000000044e+00 1.006385250000000120e+00 nan nan nan
1.833749999999999991e+00 1.006894999999999873e+00 nan nan nan
1.836249999999999938e+00 1.009774000000000171e+00 nan nan nan
1.838750000000000107e+00 1.015002750000000065e+00 nan nan nan
1.841250000000000053e+00 1.021361750000000068e+00 nan nan nan
1.843750000000000000e+00 1.006737249999999806e+00 nan nan nan
1.846249999999999947e+00 1.014046750000000108e+00 nan nan nan
1.848749999999999893e+00 1.021648249999999924e+00 nan nan nan
1.851250000000000062e+00 1.014364000000000043e+00 nan nan nan
1.853750000000000009e+00 1.018919249999999943e+00 nan nan nan
1.856249999999999956e+00 1.013076499999999935e+00 nan nan nan
1.858749999999999902e+00 1.026251750000000129e+00 nan nan nan
1.861250000000000071e+00 1.022432250000000042e+00 nan nan nan
1.863750000000000018e+00 1.029464500000000005e+00 nan nan nan
1.866249999999999964e+00 1.025540249999999931e+00 nan nan nan
1.868749999999999911e+00 1.027749749999999906e+00 nan nan nan
1.871250000000000080e+00 1.034918499999999852e+00 nan nan nan
1.873750000000000027e+00 1.022742999999999958e+00 nan nan nan
1.876249999999999973e+00 1.032010499999999942e+00 nan nan nan
1.878749999999999920e+00 1.033444250000000064e+00 nan nan nan
1.881250000000000089e+00 1.030771249999999917e+00 nan nan nan
1.883750000000000036e+00 1.043050500000000103e+00 nan nan nan
1.886249999999999982e+00 1.042860249999999933e+00 nan nan nan
1.888749999999999929e+00 1.041028249999999877e+00 nan nan nan
1.891250000000000098e+00 1.050079750000000089e+00 nan nan nan
1.893750000000000044e+00 1.039509249999999829e+00 nan nan nan
1.896249999999999991e+00 1.047766999999999893e+00 nan nan nan
1.898749999999999938e+00 1.034253499999999937e+00 nan nan nan
1.901250000000000107e+00 1.040082500000000021e+00 nan nan nan
1.903750000000000053e+00 1.042158999999999835e+00 nan nan nan
1.906250000000000000e+00 1.043066000000000049e+00 nan nan nan
1.908749999999999947e+00 1.044139750000000033e+00 nan nan nan
1.911249999999999893e+00 1.040191749999999971e+00 nan nan nan
1.913750000000000062e+00 1.049557250000000108e+00 nan nan nan
1.916250000000000009e+00 1.042907749999999911e+00 nan nan nan
1.918749999999999956e+00 1.045303249999999906e+00 nan nan nan
1.921249999999999902e+00 1.038037499999999946e+00 nan nan nan
1.923750000000000071e+00 1.046507250000000111e+00 nan nan nan
1.926250000000000018e+00 1.044957499999999984e+00 nan nan nan
1.928749999999999964e+00 1.061869249999999987e+00 nan nan nan
1.931249999999999911e+00 1.053531250000000030e+00 nan nan nan
1.933750000000000080e+00 1.069000249999999985e+00 nan nan nan
1.936250000000000027e+00 1.046570750000000105e+00 nan nan nan
1.938749999999999973e+00 1.050977249999999863e+00 nan nan nan
1.941249999999999920e+00 1.051916249999999886e+00 nan nan nan
1.943750000000000089e+00 1.047764750000000022e+00 nan nan nan
1.946250000000000036e+00 1.053298499999999915e+00 nan nan nan
1.948749999999999982e+00 1.054012999999999867e+00 nan nan nan
1.951249999999999929e+00 1.048475000000000046e+00 nan nan nan
1.953750000000000098e+00 1.061516000000000126e+00 nan nan nan
1.956250000000000044e+00 1.051262750000000024e+00 nan nan nan
1.958749999999999991e+00 1.058887000000000134e+00 nan nan nan
1.961249999999999938e+00 1.045115500000000086e+00 nan nan nan
1.963750000000000107e+00 1.050930249999999955e+00 nan nan nan
1.966250000000000053e+00 1.051844000000000001e+00 nan nan nan
1.968750000000000000e+00 1.050158499999999995e+00 nan nan nan
1.971249999999999947e+00 1.055906000000000011e+00 nan nan nan
1.973749999999999893e+00 1.053787749999999912e+00 nan nan nan
1.976250000000000062e+00 1.049853499999999995e+00 nan nan nan
1.978750000000000009e+00 1.058178499999999911e+00 nan nan nan
1.981249999999999956e+00 1.053404000000000007e+00 nan nan nan
1.983749999999999902e+00 1.049652249999999842e+00 nan nan nan
1.986250000000000071e+00 1.058098250000000018e+00 nan nan nan
1.988750000000000018e+00 1.050746249999999993e+00 nan nan nan
1.991249999999999964e+00 1.064303499999999847e+00 nan nan nan
1.993749999999999911e+00 1.050536249999999949e+00 nan nan nan
1.996250000000000080e+00 1.059520999999999935e+00 nan nan nan
1.998750000000000027e+00 1.056553999999999993e+00 nan nan nan
2.001250000000000195e+00 1.057661750000000067e+00 nan nan nan
2.003750000000000142e+00 1.050780749999999930e+00 nan nan nan
2.006250000000000089e+00 1.055050000000000043e+00 nan nan nan
2.008750000000000036e+00 1.054063750000000077e+00 nan nan nan
2.011249999999999982e+00 1.059303499999999953e+00 nan nan nan
2.013749999999999929e+00 1.049996249999999964e+00 nan nan nan
2.016249999999999876e+00 1.043327999999999811e+00 nan nan nan
2.018749999999999822e+00 1.053786749999999994e+00 nan nan nan
2.021250000000000213e+00 1.055600999999999789e+00 nan nan nan
2.023750000000000160e+00 1.061252750000000189e+00 nan nan nan
2.026250000000000107e+00 1.051295999999999786e+00 nan nan nan
2.028750000000000053e+00 1.061341749999999973e+00 nan nan nan
2.031250000000000000e+00 1.045571999999999946e+00 nan nan nan
2.033749999999999947e+00 1.053209000000000062e+00 nan nan nan
2.036249999999999893e+00 1.059241499999999947e+00 nan nan nan
2.038749999999999840e+00 1.060346500000000081e+00 nan nan nan
2.041249999999999787e+00 1.050823999999999980e+00 nan nan nan
2.043750000000000178e+00 1.049137500000000056e+00 nan nan nan
2.046250000000000124e+00 1.047881499999999910e+00 nan nan nan
2.048750000000000071e+00 1.052777499999999922e+00 nan nan nan
2.051250000000000018e+00 1.053113750000000071e+00 nan nan nan
2.053749999999999964e+00 1.053385000000000016e+00 nan nan nan
2.056249999999999911e+00 1.052900249999999982e+00 nan nan nan
2.058749999999999858e+00 1.045004749999999927e+00 nan nan nan
2.061249999999999805e+00 1.037623249999999997e+00 nan nan nan
2.063750000000000195e+00 1.047142000000000017e+00 nan nan nan
2.066250000000000142e+00 1.048600250000000011e+00 nan nan nan
2.068750000000000089e+00 1.063090750000000195e+00 nan nan nan
2.071250000000000036e+00 1.045825999999999922e+00 nan nan nan
2.073749999999999982e+00 1.037303749999999969e+00 nan nan nan
2.076249999999999929e+00 1.042475999999999958e+00 nan nan nan
2.078749999999999876e+00 1.035144749999999947e+00 nan nan nan
2.081249999999999822e+00 1.047864499999999977e+00 nan nan nan
2.083750000000000213e+00 1.044765750000000049e+00 nan nan nan
2.086250000000000160e+00 1.045914999999999928e+00 nan nan nan
2.088750000000000107e+00 1.041606000000000032e+00 nan nan nan
2.091250000000000053e+00 1.044001249999999992e+00 nan nan nan
2.093750000000000000e+00 1.035361250000000011e+00 nan nan nan
2.096249999999999947e+00 1.044264249999999894e+00 nan nan nan
2.098749999999999893e+00 1.041402500000000009e+00 nan nan nan
2.101249999999999840e+00 1.042036000000000184e+00 nan nan nan
2.103749999999999787e+00 1.043554250000000128e+00 nan nan nan
2.106250000000000178e+00 1.036664999999999948e+00 nan nan nan
2.108750000000000124e+00 1.034036500000000025e+00 nan nan nan
2.111250000000000071e+00 1.046165999999999929e+00 nan nan nan
2.113750000000000018e+00 1.029520250000000026e+00 nan nan nan
2.116249999999999964e+00 1.048694750000000120e+00 nan nan nan
2.118749999999999911e+00 1.035174999999999956e+00 nan nan nan
2.121249999999999858e+00 1.032397500000000079e+00 nan nan nan
2.123749999999999805e+00 1.033520499999999842e+00 nan nan nan
2.126250000000000195e+00 1.030135250000000058e+00 nan nan nan
2.128750000000000142e+00 1.037733750000000121e+00 nan nan nan
2.131250000000000089e+00 1.035692500000000127e+00 nan nan nan
2.133750000000000036e+00 1.028770750000000067e+00 nan nan nan
2.136249999999999982e+00 1.036923750000000144e+00 nan nan nan
2.138749999999999929e+00 1.029553500000000010e+00 nan nan nan
2.141249999999999876e+00 1.033473749999999969e+00 nan nan nan
2.143749999999999822e+00 1.038313250000000076e+00 nan nan nan
2.146250000000000213e+00 1.014531250000000107e+00 nan nan nan
2.148750000000000160e+00 1.036626249999999860e+00 nan nan nan
2.151250000000000107e+00 1.029877000000000153e+00 nan nan nan
2.153750000000000053e+00 1.026638000000000162e+00 nan nan nan
2.156250000000000000e+00 1.035498250000000064e+00 nan nan nan
2.158749999999999947e+00 1.023469999999999880e+00 nan nan nan
2.161249999999999893e+00 1.019279999999999964e+00 nan nan nan
2.163749999999999840e+00 1.027653249999999963e+00 nan nan nan
2.166249999999999787e+00 1.027477499999999822e+00 nan nan nan
2.168750000000000178e+00 1.025866999999999862e+00 nan nan nan
2.171250000000000124e+00 1.033538999999999985e+00 nan nan nan
2.173750000000000071e+00 1.027718999999999827e+00 nan nan nan
2.176250000000000018e+00 1.017921999999999993e+00 nan nan nan
2.178749999999999964e+00 1.020275250000000078e+00 nan nan nan
2.181249999999999911e+00 1.023923750000000021e+00 nan nan nan
2.183749999999999858e+00 1.030832500000000040e+00 nan nan nan
2.186249999999999805e+00 1.019751000000000074e+00 nan nan nan
2.188750000000000195e+00 1.027429000000000148e+00 nan nan nan
2.191250000000000142e+00 1.013725750000000092e+00 nan nan nan
2.193750000000000089e+00 1.015696249999999967e+00 nan nan nan
2.196250000000000036e+00 1.025063000000000057e+00 nan nan nan
2.198749999999999982e+00 1.012555250000000129e+00 nan nan nan
2.201249999999999929e+00 1.007921499999999915e+00 nan nan nan
2.203749999999999876e+00 1.010164999999999980e+00 nan nan nan
2.206249999999999822e+00 1.015870250000000086e+00 nan nan nan
2.208750000000000213e+00 1.016907750000000110e+00 nan nan nan
2.211250000000000160e+00 1.023268499999999914e+00 nan nan nan
2.213750000000000107e+00 1.011125749999999934e+00 nan nan nan
2.216250000000000053e+00 1.008199000000000067e+00 nan nan nan
2.218750000000000000e+00 1.007658749999999825e+00 nan nan nan
2.221249999999999947e+00 1.007195499999999910e+00 nan nan nan
2.223749999999999893e+00 1.021259499999999987e+00 nan nan nan
2.226249999999999840e+00 1.014657249999999955e+00 nan nan nan
2.228749999999999787e+00 1.007851250000000087e+00 nan nan nan
2.231250000000000178e+00 1.003448750000000000e+00 nan nan nan
2.233750000000000124e+00 1.009613250000000129e+00 nan nan nan
2.236250000000000071e+00 1.010637000000000008e+00 nan nan nan
2.238750000000000018e+00 1.013328000000000007e+00 nan nan nan
2.241249999999999964e+00 1.009929499999999924e+00 nan nan nan
2.243749999999999911e+00 1.009044249999999865e+00 nan nan nan
2.246249999999999858e+00 1.010302250000000068e+00 nan nan nan
2.248749999999999805e+00 1.011451249999999913e+00 nan nan nan
2.251250000000000195e+00 1.006621999999999906e+00 nan nan nan
2.253750000000000142e+00 1.007593999999999879e+00 nan nan nan
2.256250000000000089e+00 1.009408749999999966e+00 nan nan nan
2.258750000000000036e+00 1.006054000000000226e+00 nan nan nan
2.261249999999999982e+00 1.012086500000000111e+00 nan nan nan
2.263749999999999929e+00 1.002954499999999971e+00 nan nan nan
2.266249999999999876e+00 9.997774999999999856e-01 nan nan nan
2.268749999999999822e+00 1.002911249999999921e+00 nan nan nan
2.271250000000000213e+00 9.963667500000000787e-01 nan nan nan
2.273750000000000160e+00 9.995872500000000382e-01 nan nan nan
2.276250000000000107e+00 9.958712499999998746e-01 nan nan nan
2.278750000000000053e+00 1.002110749999999939e+00 nan nan nan
2.281250000000000000e+00 1.005094999999999850e+00 nan nan nan
2.283749999999999947e+00 1.000579499999999955e+00 nan nan nan
2.286249999999999893e+00 9.954737500000000461e-01 nan nan nan
2.288749999999999840e+00 9.958972499999999561e-01 nan nan nan
2.291249999999999787e+00 9.953237500000000626e-01 nan nan nan
2.293750000000000178e+00 9.929857500000000003e-01 nan nan nan
2.296250000000000124e+00 1.003243749999999990e+00 nan nan nan
2.298750000000000071e+00 1.002313749999999892e+00 nan nan nan
2.301250000000000018e+00 9.969682500000000003e-01 nan nan nan
2.303749999999999964e+00 9.942544999999999300e-01 nan nan nan
2.306249999999999911e+00 9.967139999999998778e-01 nan nan nan
2.308749999999999858e+00 1.002213499999999868e+00 nan nan nan
2.311249999999999805e+00 9.962382499999999919e-01 nan nan nan
2.313750000000000195e+00 9.885527499999999801e-01 nan nan nan
2.316250000000000142e+00 9.903775000000001327e-01 nan nan nan
2.318750000000000089e+00 9.958104999999999318e-01 nan nan nan
2.321250000000000036e+00 9.947757500000000697e-01 nan nan nan
2.323749999999999982e+00 1.000948750000000054e+00 nan nan nan
2.326249999999999929e+00 9.978350000000000275e-01 nan nan nan
2.328749999999999876e+00 9.964439999999999964e-01 nan nan nan
2.331249999999999822e+00 9.888569999999999860e-01 nan nan nan
2.333750000000000213e+00 9.931594999999999729e-01 nan nan nan
2.336250000000000160e+00 9.881695000000000340e-01 nan nan nan
2.338750000000000107e+00 9.859885000000000455e-01 nan nan nan
2.341250000000000053e+00 9.859482499999998595e-01 nan nan nan
2.343750000000000000e+00 9.945395000000000207e-01 nan nan nan
2.346249999999999947e+00 9.904580000000000606e-01 nan nan nan
2.348749999999999893e+00 9.926380000000000203e-01 nan nan nan
2.351249999999999840e+00 9.909649999999999848e-01 nan nan nan
2.353749999999999787e+00 9.874610000000000332e-01 nan nan nan
2.356250000000000178e+00 9.931532499999999875e-01 nan nan nan
2.358750000000000124e+00 1.000053250000000116e+00 nan nan nan
2.361250000000000071e+00 9.902517499999999862e-01 nan nan nan
2.363750000000000018e+00 9.853817499999999452e-01 nan nan nan
2.366249999999999964e+00 9.876607499999999762e-01 nan nan nan
2.368749999999999911e+00 9.791639999999999233e-01 nan nan nan
2.371249999999999858e+00 9.829117499999999730e-01 nan nan nan
2.373749999999999805e+00 9.840469999999998940e-01 nan nan nan
2.376250000000000195e+00 9.872917500000000235e-01 nan nan nan
2.378750000000000142e+00 9.879812499999999220e-01 nan nan nan
2.381250000000000089e+00 9.846297499999999703e-01 nan nan nan
2.383750000000000036e+00 9.894577499999999137e-01 nan nan nan
2.386249999999999982e+00 9.933472500000000149e-01 nan nan nan
2.388749999999999929e+00 9.925172500000000175e-01 nan nan nan
2.391249999999999876e+00 9.868185000000000429e-01 nan nan nan
2.393749999999999822e+00 9.812745000000000495e-01 nan nan nan
2.396250000000000213e+00 9.859817499999999901e-01 nan nan nan
2.398750000000000160e+00 9.879272499999999235e-01 nan nan nan
2.401250000000000107e+00 9.790794999999999915e-01 nan nan nan
2.403750000000000053e+00 9.872984999999999678e-01 nan nan nan
2.406250000000000000e+00 9.816030000000000033e-01 nan nan nan
2.408749999999999947e+00 9.865129999999999733e-01 nan nan nan
2.411249999999999893e+00 9.827405000000000168e-01 nan nan nan
2.413749999999999840e+00 9.921632500000000521e-01 nan nan nan
2.416249999999999787e+00 9.898937500000000167e-01 nan nan nan
2.418750000000000178e+00 9.812847500000000389e-01 nan nan nan
2.421250000000000124e+00 9.832284999999999497e-01 nan nan nan
2.423750000000000071e+00 9.892962499999999881e-01 nan nan nan
2.426250000000000018e+00 9.894399999999999862e-01 nan nan nan
2.428749999999999964e+00 9.841059999999999253e-01 nan nan nan
2.431249999999999911e+00 9.830942499999999473e-01 nan nan nan
2.433749999999999858e+00 9.810327499999998979e-01 nan nan nan
2.436249999999999805e+00 9.727649999999998798e-01 nan nan nan
2.438750000000000195e+00 9.853300000000000392e-01 nan nan nan
2.441250000000000142e+00 9.839744999999999742e-01 nan nan nan
2.443750000000000089e+00 9.895844999999999780e-01 nan nan nan
2.446250000000000036e+00 9.843117500000000408e-01 nan nan nan
2.448749999999999982e+00 9.823457500000000175e-01 nan nan nan
2.451249999999999929e+00 9.774015000000000342e-01 nan nan nan
2.453749999999999876e+00 9.784732499999999611e-01 nan nan nan
2.456249999999999822e+00 9.916985000000000383e-01 nan nan nan
2.458750000000000213e+00 9.765587500000000309e-01 nan nan nan
2.461250000000000160e+00 9.781232499999999996e-01 nan nan nan
2.463750000000000107e+00 9.760550000000000059e-01 nan nan nan
2.466250000000000053e+00 9.826482500000000009e-01 nan nan nan
2.468750000000000000e+00 9.800329999999999320e-01 nan nan nan
2.471249999999999947e+00 9.767810000000000104e-01 nan nan nan
2.473749999999999893e+00 9.841784999999999561e-01 nan nan nan
2.476249999999999840e+00 9.858627500000000099e-01 nan nan nan
2.478749999999999787e+00 9.859649999999999803e-01 nan nan nan
2.481250000000000178e+00 9.829467499999999802e-01 nan nan nan
2.483750000000000124e+00 9.815459999999999186e-01 nan nan nan
2.486250000000000071e+00 9.777219999999999800e-01 nan nan nan
2.488750000000000018e+00 9.823072499999999652e-01 nan nan nan
2.491249999999999964e+00 9.759727499999999445e-01 nan nan nan
2.493749999999999911e+00 9.858550000000000368e-01 nan nan nan
2.496249999999999858e+00 9.822490000000000387e-01 nan nan nan
2.498749999999999805e+00 9.833187500000000192e-01 nan nan nan
