1.250000000000000026e-03 0.000000000000000000e+00 nan nan nan
3.749999999999999861e-03 0.000000000000000000e+00 nan nan nan
6.250000000000000347e-03 0.000000000000000000e+00 nan nan nan
8.750000000000000833e-03 0.000000000000000000e+00 nan nan nan
1.124999999999999958e-02 0.000000000000000000e+00 nan nan nan
1.375000000000000007e-02 0.000000000000000000e+00 nan nan nan
1.625000000000000056e-02 0.000000000000000000e+00 nan nan nan
1.874999999999999931e-02 0.000000000000000000e+00 nan nan nan
2.125000000000000153e-02 0.000000000000000000e+00 nan nan nan
2.375000000000000028e-02 0.000000000000000000e+00 nan nan nan
2.624999999999999903e-02 0.000000000000000000e+00 nan nan nan
2.875000000000000125e-02 0.000000000000000000e+00 nan nan nan
3.125000000000000000e-02 0.000000000000000000e+00 nan nan nan
3.375000000000000222e-02 0.000000000000000000e+00 nan nan nan
3.624999999999999750e-02 0.000000000000000000e+00 nan nan nan
3.874999999999999972e-02 0.000000000000000000e+00 nan nan nan
4.125000000000000194e-02 0.000000000000000000e+00 nan nan nan
4.374999999999999722e-02 0.000000000000000000e+00 nan nan nan
4.624999999999999944e-02 0.000000000000000000e+00 nan nan nan
4.875000000000000167e-02 0.000000000000000000e+00 nan nan nan
5.124999999999999695e-02 0.000000000000000000e+00 nan nan nan
5.374999999999999917e-02 0.000000000000000000e+00 nan nan nan
5.625000000000000139e-02 0.000000000000000000e+00 nan nan nan
5.874999999999999667e-02 0.000000000000000000e+00 nan nan nan
6.124999999999999889e-02 0.000000000000000000e+00 nan nan nan
6.375000000000000111e-02 0.000000000000000000e+00 nan nan nan
6.625000000000000333e-02 0.000000000000000000e+00 nan nan nan
6.875000000000000555e-02 0.000000000000000000e+00 nan nan nan
7.124999999999999389e-02 0.000000000000000000e+00 nan nan nan
7.374999999999999611e-02 0.000000000000000000e+00 nan nan nan
7.624999999999999833e-02 0.000000000000000000e+00 nan nan nan
7.875000000000000056e-02 0.000000000000000000e+00 nan nan nan
8.125000000000000278e-02 0.000000000000000000e+00 nan nan nan
8.375000000000000500e-02 0.000000000000000000e+00 nan nan nan
8.624999999999999334e-02 0.000000000000000000e+00 nan nan nan
8.874999999999999556e-02 0.000000000000000000e+00 nan nan nan
9.124999999999999778e-02 0.000000000000000000e+00 nan nan nan
9.375000000000000000e-02 0.000000000000000000e+00 nan nan nan
9.625000000000000222e-02 0.000000000000000000e+00 nan nan nan
9.875000000000000444e-02 0.000000000000000000e+00 nan nan nan
1.012500000000000067e-01 0.000000000000000000e+00 nan nan nan
1.037499999999999950e-01 0.000000000000000000e+00 nan nan nan
1.062499999999999972e-01 0.000000000000000000e+00 nan nan nan
1.087499999999999994e-01 0.000000000000000000e+00 nan nan nan
1.112500000000000017e-01 0.000000000000000000e+00 nan nan nan
1.137500000000000039e-01 0.000000000000000000e+00 nan nan nan
1.162500000000000061e-01 0.000000000000000000e+00 nan nan nan
1.187499999999999944e-01 0.000000000000000000e+00 nan nan nan
1.212499999999999967e-01 0.000000000000000000e+00 nan nan nan
1.237499999999999989e-01 0.000000000000000000e+00 nan nan nan
1.262500000000000011e-01 0.000000000000000000e+00 nan nan nan
1.287500000000000033e-01 0.000000000000000000e+00 nan nan nan
1.312500000000000056e-01 0.000000000000000000e+00 nan nan nan
1.337500000000000078e-01 0.000000000000000000e+00 nan nan nan
1.362500000000000100e-01 0.000000000000000000e+00 nan nan nan
1.387500000000000122e-01 0.000000000000000000e+00 nan nan nan
1.412499999999999867e-01 0.000000000000000000e+00 nan nan nan
1.437499999999999889e-01 0.000000000000000000e+00 nan nan nan
1.462499999999999911e-01 0.000000000000000000e+00 nan nan nan
1.487499999999999933e-01 0.000000000000000000e+00 nan nan nan
1.512499999999999956e-01 0.000000000000000000e+00 nan nan nan
1.537499999999999978e-01 0.000000000000000000e+00 nan nan nan
1.562500000000000000e-01 0.000000000000000000e+00 nan nan nan
1.587500000000000022e-01 0.000000000000000000e+00 nan nan nan
1.612500000000000044e-01 0.000000000000000000e+00 nan nan nan
1.637500000000000067e-01 0.000000000000000000e+00 nan nan nan
1.662500000000000089e-01 0.000000000000000000e+00 nan nan nan
1.687500000000000111e-01 0.000000000000000000e+00 nan nan nan
1.712500000000000133e-01 0.000000000000000000e+00 nan nan nan
1.737499999999999878e-01 0.000000000000000000e+00 nan nan nan
1.762499999999999900e-01 0.000000000000000000e+00 nan nan nan
1.787499999999999922e-01 0.000000000000000000e+00 nan nan nan
1.812499999999999944e-01 0.000000000000000000e+00 nan nan nan
1.837499999999999967e-01 0.000000000000000000e+00 nan nan nan
1.862499999999999989e-01 0.000000000000000000e+00 nan nan nan
1.887500000000000011e-01 0.000000000000000000e+00 nan nan nan
1.912500000000000033e-01 0.000000000000000000e+00 nan nan nan
1.937500000000000056e-01 0.000000000000000000e+00 nan nan nan
1.962500000000000078e-01 0.000000000000000000e+00 nan nan nan
1.987500000000000100e-01 0.000000000000000000e+00 nan nan nan
2.012500000000000122e-01 0.000000000000000000e+00 nan nan nan
2.037499999999999867e-01 0.000000000000000000e+00 nan nan nan
2.062499999999999889e-01 0.000000000000000000e+00 nan nan nan
2.087499999999999911e-01 0.000000000000000000e+00 nan nan nan
2.112499999999999933e-01 0.000000000000000000e+00 nan nan nan
2.137499999999999956e-01 0.000000000000000000e+00 nan nan nan
2.162499999999999978e-01 0.000000000000000000e+00 nan nan nan
2.187500000000000000e-01 0.000000000000000000e+00 nan nan nan
2.212500000000000022e-01 0.000000000000000000e+00 nan nan nan
2.237500000000000044e-01 0.000000000000000000e+00 nan nan nan
2.262500000000000067e-01 0.000000000000000000e+00 nan nan nan
2.287500000000000089e-01 0.000000000000000000e+00 nan nan nan
2.312500000000000111e-01 0.000000000000000000e+00 nan nan nan
2.337500000000000133e-01 0.000000000000000000e+00 nan nan nan
2.362499999999999878e-01 0.000000000000000000e+00 nan nan nan
2.387499999999999900e-01 0.000000000000000000e+00 nan nan nan
2.412499999999999922e-01 0.000000000000000000e+00 nan nan nan
2.437499999999999944e-01 0.000000000000000000e+00 nan nan nan
2.462499999999999967e-01 0.000000000000000000e+00 nan nan nan
2.487499999999999989e-01 0.000000000000000000e+00 nan nan nan
2.512499999999999734e-01 0.000000000000000000e+00 nan nan nan
2.537499999999999756e-01 0.000000000000000000e+00 nan nan nan
2.562499999999999778e-01 0.000000000000000000e+00 nan nan nan
2.587499999999999800e-01 0.000000000000000000e+00 nan nan nan
2.612499999999999822e-01 0.000000000000000000e+00 nan nan nan
2.637499999999999845e-01 0.000000000000000000e+00 nan nan nan
2.662499999999999867e-01 0.000000000000000000e+00 nan nan nan
2.687499999999999889e-01 0.000000000000000000e+00 nan nan nan
2.712499999999999911e-01 0.000000000000000000e+00 nan nan nan
2.737499999999999933e-01 0.000000000000000000e+00 nan nan nan
2.762499999999999956e-01 0.000000000000000000e+00 nan nan nan
2.787499999999999978e-01 0.000000000000000000e+00 nan nan nan
2.812500000000000000e-01 0.000000000000000000e+00 nan nan nan
2.837500000000000022e-01 0.000000000000000000e+00 nan nan nan
2.862500000000000044e-01 0.000000000000000000e+00 nan nan nan
2.887500000000000067e-01 0.000000000000000000e+00 nan nan nan
2.912500000000000089e-01 0.000000000000000000e+00 nan nan nan
2.937500000000000111e-01 0.000000000000000000e+00 nan nan nan
2.962500000000000133e-01 0.000000000000000000e+00 nan nan nan
2.987500000000000155e-01 0.000000000000000000e+00 nan nan nan
3.012500000000000178e-01 0.000000000000000000e+00 nan nan nan
3.037500000000000200e-01 0.000000000000000000e+00 nan nan nan
3.062500000000000222e-01 0.000000000000000000e+00 nan nan nan
3.087500000000000244e-01 0.000000000000000000e+00 nan nan nan
3.112500000000000266e-01 0.000000000000000000e+00 nan nan nan
3.137499999999999734e-01 0.000000000000000000e+00 nan nan nan
3.162499999999999756e-01 0.000000000000000000e+00 nan nan nan
3.187499999999999778e-01 0.000000000000000000e+00 nan nan nan
3.212499999999999800e-01 0.000000000000000000e+00 nan nan nan
3.237499999999999822e-01 0.000000000000000000e+00 nan nan nan
3.262499999999999845e-01 0.000000000000000000e+00 nan nan nan
3.287499999999999867e-01 0.000000000000000000e+00 nan nan nan
3.312499999999999889e-01 0.000000000000000000e+00 nan nan nan
3.337499999999999911e-01 0.000000000000000000e+00 nan nan nan
3.362499999999999933e-01 0.000000000000000000e+00 nan nan nan
3.387499999999999956e-01 0.000000000000000000e+00 nan nan nan
3.412499999999999978e-01 0.000000000000000000e+00 nan nan nan
3.437500000000000000e-01 0.000000000000000000e+00 nan nan nan
3.462500000000000022e-01 0.000000000000000000e+00 nan nan nan
3.487500000000000044e-01 0.000000000000000000e+00 nan nan nan
3.512500000000000067e-01 0.000000000000000000e+00 nan nan nan
3.537500000000000089e-01 0.000000000000000000e+00 nan nan nan
3.562500000000000111e-01 0.000000000000000000e+00 nan nan nan
3.587500000000000133e-01 0.000000000000000000e+00 nan nan nan
3.612500000000000155e-01 0.000000000000000000e+00 nan nan nan
3.637500000000000178e-01 0.000000000000000000e+00 nan nan nan
3.662500000000000200e-01 0.000000000000000000e+00 nan nan nan
3.687500000000000222e-01 0.000000000000000000e+00 nan nan nan
3.712500000000000244e-01 0.000000000000000000e+00 nan nan nan
3.737500000000000266e-01 0.000000000000000000e+00 nan nan nan
3.762499999999999734e-01 0.000000000000000000e+00 nan nan nan
3.787499999999999756e-01 0.000000000000000000e+00 nan nan nan
3.812499999999999778e-01 0.000000000000000000e+00 nan nan nan
3.837499999999999800e-01 0.000000000000000000e+00 nan nan nan
3.862499999999999822e-01 0.000000000000000000e+00 nan nan nan
3.887499999999999845e-01 0.000000000000000000e+00 nan nan nan
3.912499999999999867e-01 0.000000000000000000e+00 nan nan nan
3.937499999999999889e-01 0.000000000000000000e+00 nan nan nan
3.962499999999999911e-01 0.000000000000000000e+00 nan nan nan
3.987499999999999933e-01 0.000000000000000000e+00 nan nan nan
4.012499999999999956e-01 0.000000000000000000e+00 nan nan nan
4.037499999999999978e-01 0.000000000000000000e+00 nan nan nan
4.062500000000000000e-01 0.000000000000000000e+00 nan nan nan
4.087500000000000022e-01 0.000000000000000000e+00 nan nan nan
4.112500000000000044e-01 0.000000000000000000e+00 nan nan nan
4.137500000000000067e-01 0.000000000000000000e+00 nan nan nan
4.162500000000000089e-01 0.000000000000000000e+00 nan nan nan
4.187500000000000111e-01 0.000000000000000000e+00 nan nan nan
4.212500000000000133e-01 0.000000000000000000e+00 nan nan nan
4.237500000000000155e-01 0.000000000000000000e+00 nan nan nan
4.262500000000000178e-01 0.000000000000000000e+00 nan nan nan
4.287500000000000200e-01 0.000000000000000000e+00 nan nan nan
4.312500000000000222e-01 0.000000000000000000e+00 nan nan nan
4.337500000000000244e-01 0.000000000000000000e+00 nan nan nan
4.362500000000000266e-01 0.000000000000000000e+00 nan nan nan
4.387499999999999734e-01 0.000000000000000000e+00 nan nan nan
4.412499999999999756e-01 0.000000000000000000e+00 nan nan nan
4.437499999999999778e-01 0.000000000000000000e+00 nan nan nan
4.462499999999999800e-01 0.000000000000000000e+00 nan nan nan
4.487499999999999822e-01 0.000000000000000000e+00 nan nan nan
4.512499999999999845e-01 0.000000000000000000e+00 nan nan nan
4.537499999999999867e-01 0.000000000000000000e+00 nan nan nan
4.562499999999999889e-01 0.000000000000000000e+00 nan nan nan
4.587499999999999911e-01 0.000000000000000000e+00 nan nan nan
4.612499999999999933e-01 0.000000000000000000e+00 nan nan nan
4.637499999999999956e-01 0.000000000000000000e+00 nan nan nan
4.662499999999999978e-01 0.000000000000000000e+00 nan nan nan
4.687500000000000000e-01 0.000000000000000000e+00 nan nan nan
4.712500000000000022e-01 0.000000000000000000e+00 nan nan nan
4.737500000000000044e-01 0.000000000000000000e+00 nan nan nan
4.762500000000000067e-01 0.000000000000000000e+00 nan nan nan
4.787500000000000089e-01 0.000000000000000000e+00 nan nan nan
4.812500000000000111e-01 0.000000000000000000e+00 nan nan nan
4.837500000000000133e-01 0.000000000000000000e+00 nan nan nan
4.862500000000000155e-01 0.000000000000000000e+00 nan nan nan
4.887500000000000178e-01 0.000000000000000000e+00 nan nan nan
4.912500000000000200e-01 0.000000000000000000e+00 nan nan nan
4.937500000000000222e-01 0.000000000000000000e+00 nan nan nan
4.962500000000000244e-01 0.000000000000000000e+00 nan nan nan
4.987500000000000266e-01 0.000000000000000000e+00 nan nan nan
5.012499999999999734e-01 0.000000000000000000e+00 nan nan nan
5.037500000000000311e-01 0.000000000000000000e+00 nan nan nan
5.062499999999999778e-01 0.000000000000000000e+00 nan nan nan
5.087500000000000355e-01 0.000000000000000000e+00 nan nan nan
5.112499999999999822e-01 0.000000000000000000e+00 nan nan nan
5.137500000000000400e-01 0.000000000000000000e+00 nan nan nan
5.162499999999999867e-01 0.000000000000000000e+00 nan nan nan
5.187500000000000444e-01 0.000000000000000000e+00 nan nan nan
5.212499999999999911e-01 0.000000000000000000e+00 nan nan nan
5.237500000000000488e-01 0.000000000000000000e+00 nan nan nan
5.262499999999999956e-01 0.000000000000000000e+00 nan nan nan
5.287500000000000533e-01 0.000000000000000000e+00 nan nan nan
5.312500000000000000e-01 0.000000000000000000e+00 nan nan nan
5.337499999999999467e-01 0.000000000000000000e+00 nan nan nan
5.362500000000000044e-01 0.000000000000000000e+00 nan nan nan
5.387499999999999512e-01 0.000000000000000000e+00 nan nan nan
5.412500000000000089e-01 0.000000000000000000e+00 nan nan nan
5.437499999999999556e-01 0.000000000000000000e+00 nan nan nan
5.462500000000000133e-01 0.000000000000000000e+00 nan nan nan
5.487499999999999600e-01 0.000000000000000000e+00 nan nan nan
5.512500000000000178e-01 0.000000000000000000e+00 nan nan nan
5.537499999999999645e-01 0.000000000000000000e+00 nan nan nan
5.562500000000000222e-01 0.000000000000000000e+00 nan nan nan
5.587499999999999689e-01 0.000000000000000000e+00 nan nan nan
5.612500000000000266e-01 0.000000000000000000e+00 nan nan nan
5.637499999999999734e-01 0.000000000000000000e+00 nan nan nan
5.662500000000000311e-01 0.000000000000000000e+00 nan nan nan
5.687499999999999778e-01 0.000000000000000000e+00 nan nan nan
5.712500000000000355e-01 0.000000000000000000e+00 nan nan nan
5.737499999999999822e-01 0.000000000000000000e+00 nan nan nan
5.762500000000000400e-01 0.000000000000000000e+00 nan nan nan
5.787499999999999867e-01 0.000000000000000000e+00 nan nan nan
5.812500000000000444e-01 0.000000000000000000e+00 nan nan nan
5.837499999999999911e-01 0.000000000000000000e+00 nan nan nan
5.862500000000000488e-01 0.000000000000000000e+00 nan nan nan
5.887499999999999956e-01 0.000000000000000000e+00 nan nan nan
5.912500000000000533e-01 0.000000000000000000e+00 nan nan nan
5.937500000000000000e-01 0.000000000000000000e+00 nan nan nan
5.962499999999999467e-01 0.000000000000000000e+00 nan nan nan
5.987500000000000044e-01 0.000000000000000000e+00 nan nan nan
6.012499999999999512e-01 0.000000000000000000e+00 nan nan nan
6.037500000000000089e-01 0.000000000000000000e+00 nan nan nan
6.062499999999999556e-01 0.000000000000000000e+00 nan nan nan
6.087500000000000133e-01 0.000000000000000000e+00 nan nan nan
6.112499999999999600e-01 0.000000000000000000e+00 nan nan nan
6.137500000000000178e-01 0.000000000000000000e+00 nan nan nan
6.162499999999999645e-01 0.000000000000000000e+00 nan nan nan
6.187500000000000222e-01 0.000000000000000000e+00 nan nan nan
6.212499999999999689e-01 0.000000000000000000e+00 nan nan nan
6.237500000000000266e-01 0.000000000000000000e+00 nan nan nan
6.262499999999999734e-01 0.000000000000000000e+00 nan nan nan
6.287500000000000311e-01 0.000000000000000000e+00 nan nan nan
6.312499999999999778e-01 0.000000000000000000e+00 nan nan nan
6.337500000000000355e-01 0.000000000000000000e+00 nan nan nan
6.362499999999999822e-01 0.000000000000000000e+00 nan nan nan
6.387500000000000400e-01 0.000000000000000000e+00 nan nan nan
6.412499999999999867e-01 0.000000000000000000e+00 nan nan nan
6.437500000000000444e-01 0.000000000000000000e+00 nan nan nan
6.462499999999999911e-01 0.000000000000000000e+00 nan nan nan
6.487500000000000488e-01 0.000000000000000000e+00 nan nan nan
6.512499999999999956e-01 0.000000000000000000e+00 nan nan nan
6.537500000000000533e-01 0.000000000000000000e+00 nan nan nan
6.562500000000000000e-01 0.000000000000000000e+00 nan nan nan
6.587499999999999467e-01 0.000000000000000000e+00 nan nan nan
6.612500000000000044e-01 0.000000000000000000e+00 nan nan nan
6.637499999999999512e-01 0.000000000000000000e+00 nan nan nan
6.662500000000000089e-01 0.000000000000000000e+00 nan nan nan
6.687499999999999556e-01 0.000000000000000000e+00 nan nan nan
6.712500000000000133e-01 0.000000000000000000e+00 nan nan nan
6.737499999999999600e-01 0.000000000000000000e+00 nan nan nan
6.762500000000000178e-01 0.000000000000000000e+00 nan nan nan
6.787499999999999645e-01 0.000000000000000000e+00 nan nan nan
6.812500000000000222e-01 0.000000000000000000e+00 nan nan nan
6.837499999999999689e-01 0.000000000000000000e+00 nan nan nan
6.862500000000000266e-01 0.000000000000000000e+00 nan nan nan
6.887499999999999734e-01 0.000000000000000000e+00 nan nan nan
6.912500000000000311e-01 0.000000000000000000e+00 nan nan nan
6.937499999999999778e-01 0.000000000000000000e+00 nan nan nan
6.962500000000000355e-01 0.000000000000000000e+00 nan nan nan
6.987499999999999822e-01 0.000000000000000000e+00 nan nan nan
7.012500000000000400e-01 0.000000000000000000e+00 nan nan nan
7.037499999999999867e-01 0.000000000000000000e+00 nan nan nan
7.062500000000000444e-01 0.000000000000000000e+00 nan nan nan
7.087499999999999911e-01 0.000000000000000000e+00 nan nan nan
7.112500000000000488e-01 0.000000000000000000e+00 nan nan nan
7.137499999999999956e-01 0.000000000000000000e+00 nan nan nan
7.162500000000000533e-01 0.000000000000000000e+00 nan nan nan
7.187500000000000000e-01 0.000000000000000000e+00 nan nan nan
7.212499999999999467e-01 0.000000000000000000e+00 nan nan nan
7.237500000000000044e-01 0.000000000000000000e+00 nan nan nan
7.262499999999999512e-01 0.000000000000000000e+00 nan nan nan
7.287500000000000089e-01 0.000000000000000000e+00 nan nan nan
7.312499999999999556e-01 0.000000000000000000e+00 nan nan nan
7.337500000000000133e-01 0.000000000000000000e+00 nan nan nan
7.362499999999999600e-01 0.000000000000000000e+00 nan nan nan
7.387500000000000178e-01 0.000000000000000000e+00 nan nan nan
7.412499999999999645e-01 0.000000000000000000e+00 nan nan nan
7.437500000000000222e-01 0.000000000000000000e+00 nan nan nan
7.462499999999999689e-01 0.000000000000000000e+00 nan nan nan
7.487500000000000266e-01 0.000000000000000000e+00 nan nan nan
7.512499999999999734e-01 0.000000000000000000e+00 nan nan nan
7.537500000000000311e-01 0.000000000000000000e+00 nan nan nan
7.562499999999999778e-01 0.000000000000000000e+00 nan nan nan
7.587500000000000355e-01 0.000000000000000000e+00 nan nan nan
7.612499999999999822e-01 0.000000000000000000e+00 nan nan nan
7.637500000000000400e-01 0.000000000000000000e+00 nan nan nan
7.662499999999999867e-01 0.000000000000000000e+00 nan nan nan
7.687500000000000444e-01 0.000000000000000000e+00 nan nan nan
7.712499999999999911e-01 0.000000000000000000e+00 nan nan nan
7.737500000000000488e-01 0.000000000000000000e+00 nan nan nan
7.762499999999999956e-01 0.000000000000000000e+00 nan nan nan
7.787500000000000533e-01 0.000000000000000000e+00 nan nan nan
7.812500000000000000e-01 0.000000000000000000e+00 nan nan nan
7.837499999999999467e-01 0.000000000000000000e+00 nan nan nan
7.862500000000000044e-01 0.000000000000000000e+00 nan nan nan
7.887499999999999512e-01 0.000000000000000000e+00 nan nan nan
7.912500000000000089e-01 0.000000000000000000e+00 nan nan nan
7.937499999999999556e-01 0.000000000000000000e+00 nan nan nan
7.962500000000000133e-01 0.000000000000000000e+00 nan nan nan
7.987499999999999600e-01 0.000000000000000000e+00 nan nan nan
8.012500000000000178e-01 0.000000000000000000e+00 nan nan nan
8.037499999999999645e-01 0.000000000000000000e+00 nan nan nan
8.062500000000000222e-01 0.000000000000000000e+00 nan nan nan
8.087499999999999689e-01 0.000000000000000000e+00 nan nan nan
8.112500000000000266e-01 0.000000000000000000e+00 nan nan nan
8.137499999999999734e-01 0.000000000000000000e+00 nan nan nan
8.162500000000000311e-01 0.000000000000000000e+00 nan nan nan
8.187499999999999778e-01 0.000000000000000000e+00 nan nan nan
8.212500000000000355e-01 0.000000000000000000e+00 nan nan nan
8.237499999999999822e-01 0.000000000000000000e+00 nan nan nan
8.262500000000000400e-01 0.000000000000000000e+00 nan nan nan
8.287499999999999867e-01 0.000000000000000000e+00 nan nan nan
8.312500000000000444e-01 0.000000000000000000e+00 nan nan nan
8.337499999999999911e-01 0.000000000000000000e+00 nan nan nan
8.362500000000000488e-01 0.000000000000000000e+00 nan nan nan
8.387499999999999956e-01 0.000000000000000000e+00 nan nan nan
8.412500000000000533e-01 0.000000000000000000e+00 nan nan nan
8.437500000000000000e-01 0.000000000000000000e+00 nan nan nan
8.462499999999999467e-01 0.000000000000000000e+00 nan nan nan
8.487500000000000044e-01 0.000000000000000000e+00 nan nan nan
8.512499999999999512e-01 0.000000000000000000e+00 nan nan nan
8.537500000000000089e-01 0.000000000000000000e+00 nan nan nan
8.562499999999999556e-01 0.000000000000000000e+00 nan nan nan
8.587500000000000133e-01 0.000000000000000000e+00 nan nan nan
8.612499999999999600e-01 0.000000000000000000e+00 nan nan nan
8.637500000000000178e-01 0.000000000000000000e+00 nan nan nan
8.662499999999999645e-01 0.000000000000000000e+00 nan nan nan
8.687500000000000222e-01 0.000000000000000000e+00 nan nan nan
8.712499999999999689e-01 0.000000000000000000e+00 nan nan nan
8.737500000000000266e-01 0.000000000000000000e+00 nan nan nan
8.762499999999999734e-01 0.000000000000000000e+00 nan nan nan
8.787500000000000311e-01 0.000000000000000000e+00 nan nan nan
8.812499999999999778e-01 0.000000000000000000e+00 nan nan nan
8.837500000000000355e-01 0.000000000000000000e+00 nan nan nan
8.862499999999999822e-01 0.000000000000000000e+00 nan nan nan
8.887500000000000400e-01 1.610000000000000103e-04 nan nan nan
8.912499999999999867e-01 3.200000000000000262e-04 nan nan nan
8.937500000000000444e-01 7.959999999999999411e-04 nan nan nan
8.962499999999999911e-01 7.912500000000000696e-04 nan nan nan
8.987500000000000488e-01 1.259249999999999953e-03 nan nan nan
9.012499999999999956e-01 2.035249999999999733e-03 nan nan nan
9.037500000000000533e-01 2.957749999999999876e-03 nan nan nan
9.062500000000000000e-01 3.096250000000000044e-03 nan nan nan
9.087499999999999467e-01 5.388499999999999193e-03 nan nan nan
9.112500000000000044e-01 6.736999999999999066e-03 nan nan nan
9.137499999999999512e-01 8.984749999999999681e-03 nan nan nan
9.162500000000000089e-01 1.120775000000000070e-02 nan nan nan
9.187499999999999556e-01 1.415950000000000021e-02 nan nan nan
9.212500000000000133e-01 1.737849999999999812e-02 nan nan nan
9.237499999999999600e-01 2.518199999999999952e-02 nan nan nan
9.262500000000000178e-01 3.245624999999999899e-02 nan nan nan
9.287499999999999645e-01 4.495824999999999821e-02 nan nan nan
9.312500000000000222e-01 5.322099999999999748e-02 nan nan nan
9.337499999999999689e-01 6.256124999999999881e-02 nan nan nan
9.362500000000000266e-01 7.310649999999999094e-02 nan nan nan
9.387499999999999734e-01 9.003150000000000042e-02 nan nan nan
9.412500000000000311e-01 1.138082500000000136e-01 nan nan nan
9.437499999999999778e-01 1.337627500000000136e-01 nan nan nan
9.462500000000000355e-01 1.510912500000000103e-01 nan nan nan
9.487499999999999822e-01 1.808072500000000027e-01 nan nan nan
9.512500000000000400e-01 2.142842499999999817e-01 nan nan nan
9.537499999999999867e-01 2.436340000000000172e-01 nan nan nan
9.562500000000000444e-01 2.780972499999999625e-01 nan nan nan
9.587499999999999911e-01 3.196674999999999933e-01 nan nan nan
9.612500000000000488e-01 3.748382499999999840e-01 nan nan nan
9.637499999999999956e-01 4.145114999999999772e-01 nan nan nan
9.662500000000000533e-01 4.619407500000000111e-01 nan nan nan
9.687500000000000000e-01 5.254047500000000870e-01 nan nan nan
9.712499999999999467e-01 5.926579999999999071e-01 nan nan nan
9.737500000000000044e-01 6.390995000000000426e-01 nan nan nan
9.762499999999999512e-01 6.881272499999999681e-01 nan nan nan
9.787500000000000089e-01 7.715537500000000382e-01 nan nan nan
9.812499999999999556e-01 8.512172500000000364e-01 nan nan nan
9.837500000000000133e-01 9.054934999999999512e-01 nan nan nan
9.862499999999999600e-01 9.735877500000000850e-01 nan nan nan
9.887500000000000178e-01 1.056200000000000028e+00 nan nan nan
9.912499999999999645e-01 1.128649500000000083e+00 nan nan nan
9.937500000000000222e-01 1.208727249999999920e+00 nan nan nan
9.962499999999999689e-01 1.273639500000000035e+00 nan nan nan
9.987500000000000266e-01 1.353056250000000071e+00 nan nan nan
1.001249999999999973e+00 1.421265000000000001e+00 nan nan nan
1.003749999999999920e+00 1.515658750000000055e+00 nan nan nan
1.006250000000000089e+00 1.585992249999999881e+00 nan nan nan
1.008750000000000036e+00 1.638492750000000164e+00 nan nan nan
1.011249999999999982e+00 1.707488750000000000e+00 nan nan nan
1.013749999999999929e+00 1.777269749999999870e+00 nan nan nan
1.016250000000000098e+00 1.871583000000000219e+00 nan nan nan
1.018750000000000044e+00 1.932240000000000180e+00 nan nan nan
1.021249999999999991e+00 2.013981250000000056e+00 nan nan nan
1.023749999999999938e+00 2.047103000000000339e+00 nan nan nan
1.026250000000000107e+00 2.119960250000000102e+00 nan nan nan
1.028750000000000053e+00 2.191003999999999952e+00 nan nan nan
1.031250000000000000e+00 2.208012000000000086e+00 nan nan nan
1.033749999999999947e+00 2.252076750000000072e+00 nan nan nan
1.036249999999999893e+00 2.275443500000000174e+00 nan nan nan
1.038750000000000062e+00 2.357006750000000039e+00 nan nan nan
1.041250000000000009e+00 2.393550000000000288e+00 nan nan nan
1.043749999999999956e+00 2.455509750000000047e+00 nan nan nan
1.046249999999999902e+00 2.452035750000000291e+00 nan nan nan
1.048750000000000071e+00 2.486022500000000246e+00 nan nan nan
1.051250000000000018e+00 2.512869999999999937e+00 nan nan nan
1.053749999999999964e+00 2.518594999999999473e+00 nan nan nan
1.056249999999999911e+00 2.553298749999999728e+00 nan nan nan
1.058750000000000080e+00 2.586966750000000204e+00 nan nan nan
1.061250000000000027e+00 2.620176249999999651e+00 nan nan nan
1.063749999999999973e+00 2.598998250000000176e+00 nan nan nan
1.066249999999999920e+00 2.627199000000000062e+00 nan nan nan
1.068750000000000089e+00 2.597445750000000331e+00 nan nan nan
1.071250000000000036e+00 2.621677749999999918e+00 nan nan nan
1.073749999999999982e+00 2.652052749999999737e+00 nan nan nan
1.076249999999999929e+00 2.618231250000000010e+00 nan nan nan
1.078750000000000098e+00 2.560001250000000006e+00 nan nan nan
1.081250000000000044e+00 2.621588250000000286e+00 nan nan nan
1.083749999999999991e+00 2.586556500000000369e+00 nan nan nan
1.086249999999999938e+00 2.595353999999999939e+00 nan nan nan
1.088750000000000107e+00 2.560815749999999724e+00 nan nan nan
1.091250000000000053e+00 2.571304750000000361e+00 nan nan nan
1.093750000000000000e+00 2.533205249999999964e+00 nan nan nan
1.096249999999999947e+00 2.549383999999999872e+00 nan nan nan
1.098749999999999893e+00 2.507042499999999841e+00 nan nan nan
1.101250000000000062e+00 2.487180500000000016e+00 nan nan nan
1.103750000000000009e+00 2.457139999999999880e+00 nan nan nan
1.106249999999999956e+00 2.433579500000000007e+00 nan nan nan
1.108749999999999902e+00 2.403482750000000223e+00 nan nan nan
1.111250000000000071e+00 2.401638750000000044e+00 nan nan nan
1.113750000000000018e+00 2.365243250000000241e+00 nan nan nan
1.116249999999999964e+00 2.370987500000000026e+00 nan nan nan
1.118749999999999911e+00 2.319462999999999830e+00 nan nan nan
1.121250000000000080e+00 2.282127749999999899e+00 nan nan nan
1.123750000000000027e+00 2.250035500000000077e+00 nan nan nan
1.126249999999999973e+00 2.262310750000000148e+00 nan nan nan
1.128749999999999920e+00 2.224158249999999892e+00 nan nan nan
1.131250000000000089e+00 2.180656749999999811e+00 nan nan nan
1.133750000000000036e+00 2.160861750000000026e+00 nan nan nan
1.136249999999999982e+00 2.124773000000000245e+00 nan nan nan
1.138749999999999929e+00 2.091823250000000023e+00 nan nan nan
1.141250000000000098e+00 2.096336250000000234e+00 nan nan nan
1.143750000000000044e+00 2.072796750000000188e+00 nan nan nan
1.146249999999999991e+00 2.025443250000000361e+00 nan nan nan
1.148749999999999938e+00 2.037834249999999958e+00 nan nan nan
1.151250000000000107e+00 2.010094500000000117e+00 nan nan nan
1.153750000000000053e+00 1.966337499999999849e+00 nan nan nan
1.156250000000000000e+00 1.943862999999999897e+00 nan nan nan
1.158749999999999947e+00 1.932927750000000167e+00 nan nan nan
1.161249999999999893e+00 1.914336749999999920e+00 nan nan nan
1.163750000000000062e+00 1.879082249999999954e+00 nan nan nan
1.166250000000000009e+00 1.865893000000000024e+00 nan nan nan
1.168749999999999956e+00 1.863597250000000205e+00 nan nan nan
1.171249999999999902e+00 1.792160750000000080e+00 nan nan nan
1.173750000000000071e+00 1.794594250000000057e+00 nan nan nan
1.176250000000000018e+00 1.779805999999999999e+00 nan nan nan
1.178749999999999964e+00 1.769336250000000055e+00 nan nan nan
1.181249999999999911e+00 1.720484750000000007e+00 nan nan nan
1.183750000000000080e+00 1.715403499999999859e+00 nan nan nan
1.186250000000000027e+00 1.710982000000000003e+00 nan nan nan
1.188749999999999973e+00 1.691195999999999922e+00 nan nan nan
1.191249999999999920e+00 1.666991749999999994e+00 nan nan nan
1.193750000000000089e+00 1.658767499999999950e+00 nan nan nan
1.196250000000000036e+00 1.629628750000000181e+00 nan nan nan
1.198749999999999982e+00 1.612220999999999904e+00 nan nan nan
1.201249999999999929e+00 1.584546250000000045e+00 nan nan nan
1.203750000000000098e+00 1.600435000000000052e+00 nan nan nan
1.206250000000000044e+00 1.580263250000000008e+00 nan nan nan
1.208749999999999991e+00 1.554239749999999809e+00 nan nan nan
1.211249999999999938e+00 1.546270749999999916e+00 nan nan nan
1.213750000000000107e+00 1.534470000000000223e+00 nan nan nan
1.216250000000000053e+00 1.514329499999999884e+00 nan nan nan
1.218750000000000000e+00 1.508893749999999923e+00 nan nan nan
1.221249999999999947e+00 1.486609999999999987e+00 nan nan nan
1.223749999999999893e+00 1.492089249999999812e+00 nan nan nan
1.226250000000000062e+00 1.454133250000000155e+00 nan nan nan
1.228750000000000009e+00 1.444348250000000000e+00 nan nan nan
1.231249999999999956e+00 1.435385750000000016e+00 nan nan nan
1.233749999999999902e+00 1.398834749999999794e+00 nan nan nan
1.236250000000000071e+00 1.416727000000000070e+00 nan nan nan
1.238750000000000018e+00 1.387896250000000054e+00 nan nan nan
1.241249999999999964e+00 1.387262999999999913e+00 nan nan nan
1.243749999999999911e+00 1.364841750000000076e+00 nan nan nan
1.246250000000000080e+00 1.358798249999999985e+00 nan nan nan
1.248750000000000027e+00 1.367876999999999788e+00 nan nan nan
1.251249999999999973e+00 1.314095000000000013e+00 nan nan nan
1.253749999999999920e+00 1.305704750000000081e+00 nan nan nan
1.256250000000000089e+00 1.317835249999999903e+00 nan nan nan
1.258750000000000036e+00 1.296636499999999970e+00 nan nan nan
1.261249999999999982e+00 1.291821000000000108e+00 nan nan nan
1.263749999999999929e+00 1.284883999999999915e+00 nan nan nan
1.266250000000000098e+00 1.259911000000000003e+00 nan nan nan
1.268750000000000044e+00 1.254713999999999885e+00 nan nan nan
1.271249999999999991e+00 1.238375499999999851e+00 nan nan nan
1.273749999999999938e+00 1.221136749999999882e+00 nan nan nan
1.276250000000000107e+00 1.225100749999999961e+00 nan nan nan
1.278750000000000053e+00 1.228090499999999974e+00 nan nan nan
1.281250000000000000e+00 1.209825750000000033e+00 nan nan nan
1.283749999999999947e+00 1.211290500000000048e+00 nan nan nan
1.286249999999999893e+00 1.202129000000000003e+00 nan nan nan
1.288750000000000062e+00 1.183842999999999979e+00 nan nan nan
1.291250000000000009e+00 1.148607249999999969e+00 nan nan nan
1.293749999999999956e+00 1.141513749999999883e+00 nan nan nan
1.296249999999999902e+00 1.131817749999999956e+00 nan nan nan
1.298750000000000071e+00 1.137415000000000065e+00 nan nan nan
1.301250000000000018e+00 1.126440499999999734e+00 nan nan nan
1.303749999999999964e+00 1.131624999999999881e+00 nan nan nan
1.306249999999999911e+00 1.119622250000000152e+00 nan nan nan
1.308750000000000080e+00 1.107925500000000119e+00 nan nan nan
1.311250000000000027e+00 1.100450750000000033e+00 nan nan nan
1.313749999999999973e+00 1.071956000000000131e+00 nan nan nan
1.316249999999999920e+00 1.071557249999999906e+00 nan nan nan
1.318750000000000089e+00 1.082705750000000133e+00 nan nan nan
1.321250000000000036e+00 1.068488249999999917e+00 nan nan nan
1.323749999999999982e+00 1.068519500000000066e+00 nan nan nan
1.326249999999999929e+00 1.037026000000000003e+00 nan nan nan
1.328750000000000098e+00 1.030823000000000045e+00 nan nan nan
1.331250000000000044e+00 1.046397499999999869e+00 nan nan nan
1.333749999999999991e+00 1.016890249999999885e+00 nan nan nan
1.336249999999999938e+00 1.028612499999999930e+00 nan nan nan
1.338750000000000107e+00 1.009592250000000080e+00 nan nan nan
1.341250000000000053e+00 9.979869999999999575e-01 nan nan nan
1.343750000000000000e+00 9.908265000000000544e-01 nan nan nan
1.346249999999999947e+00 9.969714999999998994e-01 nan nan nan
1.348749999999999893e+00 9.933490000000000375e-01 nan nan nan
1.351250000000000062e+00 9.906517500000000531e-01 nan nan nan
1.353750000000000009e+00 9.878287499999999222e-01 nan nan nan
1.356249999999999956e+00 9.657339999999999813e-01 nan nan nan
1.358749999999999902e+00 9.600484999999999713e-01 nan nan nan
1.361250000000000071e+00 9.583094999999999253e-01 nan nan nan
1.363750000000000018e+00 9.617042499999999272e-01 nan nan nan
1.366249999999999964e+00 9.502865000000000339e-01 nan nan nan
1.368749999999999911e+00 9.354167500000001301e-01 nan nan nan
1.371250000000000080e+00 9.392442500000000027e-01 nan nan nan
1.373750000000000027e+00 9.304392499999999400e-01 nan nan nan
1.376249999999999973e+00 9.270617500000000177e-01 nan nan nan
1.378749999999999920e+00 9.161445000000001393e-01 nan nan nan
1.381250000000000089e+00 9.088327500000000780e-01 nan nan nan
1.383750000000000036e+00 9.039577500000000043e-01 nan nan nan
1.386249999999999982e+00 9.098972500000001018e-01 nan nan nan
1.388749999999999929e+00 8.783417499999999212e-01 nan nan nan
1.391250000000000098e+00 8.828734999999999777e-01 nan nan nan
1.393750000000000044e+00 8.904437499999999783e-01 nan nan nan
1.396249999999999991e+00 8.884322499999999234e-01 nan nan nan
1.398749999999999938e+00 8.793452500000000782e-01 nan nan nan
1.401250000000000107e+00 8.712239999999999984e-01 nan nan nan
1.403750000000000053e+00 8.759954999999999270e-01 nan nan nan
1.406250000000000000e+00 8.588027500000000591e-01 nan nan nan
1.408749999999999947e+00 8.557574999999999488e-01 nan nan nan
1.411249999999999893e+00 8.491530000000000467e-01 nan nan nan
1.413750000000000062e+00 8.448802500000001103e-01 nan nan nan
1.416250000000000009e+00 8.509014999999999773e-01 nan nan nan
1.418749999999999956e+00 8.592757500000000048e-01 nan nan nan
1.421249999999999902e+00 8.481982500000000424e-01 nan nan nan
1.423750000000000071e+00 8.245857500000000062e-01 nan nan nan
1.426250000000000018e+00 8.406990000000000851e-01 nan nan nan
1.428749999999999964e+00 8.383827500000000654e-01 nan nan nan
1.431249999999999911e+00 8.280697500000000488e-01 nan nan nan
1.433750000000000080e+00 8.189994999999999914e-01 nan nan nan
1.436250000000000027e+00 8.223759999999999959e-01 nan nan nan
1.438749999999999973e+00 8.171249999999999902e-01 nan nan nan
1.441249999999999920e+00 8.215770000000000017e-01 nan nan nan
1.443750000000000089e+00 8.108039999999999692e-01 nan nan nan
1.446250000000000036e+00 8.018029999999999324e-01 nan nan nan
1.448749999999999982e+00 8.167877500000000346e-01 nan nan nan
1.451249999999999929e+00 8.046787499999998872e-01 nan nan nan
1.453750000000000098e+00 8.062457499999999833e-01 nan nan nan
1.456250000000000044e+00 7.904692499999999011e-01 nan nan nan
1.458749999999999991e+00 7.920045000000000002e-01 nan nan nan
1.461249999999999938e+00 7.954299999999999704e-01 nan nan nan
1.463750000000000107e+00 7.877897500000000663e-01 nan nan nan
1.466250000000000053e+00 7.878852499999999814e-01 nan nan nan
1.468750000000000000e+00 7.863255000000000106e-01 nan nan nan
1.471249999999999947e+00 7.722597500000000226e-01 nan nan nan
1.473749999999999893e+00 7.684122499999999079e-01 nan nan nan
1.476250000000000062e+00 7.739802499999999252e-01 nan nan nan
1.478750000000000009e+00 7.683417500000000455e-01 nan nan nan
1.481249999999999956e+00 7.565942500000000237e-01 nan nan nan
1.483749999999999902e+00 7.623057500000000042e-01 nan nan nan
1.486250000000000071e+00 7.679745000000000044e-01 nan nan nan
1.488750000000000018e+00 7.612672499999999509e-01 nan nan nan
1.491249999999999964e+00 7.608892499999999615e-01 nan nan nan
1.493749999999999911e+00 7.555525000000000713e-01 nan nan nan
1.496250000000000080e+00 7.627979999999999761e-01 nan nan nan
1.498750000000000027e+00 7.699347500000000011e-01 nan nan nan
1.501249999999999973e+00 7.559199999999999253e-01 nan nan nan
1.503749999999999920e+00 7.455367500000000813e-01 nan nan nan
1.506250000000000089e+00 7.535439999999999916e-01 nan nan nan
1.508750000000000036e+00 7.401569999999999538e-01 nan nan nan
1.511249999999999982e+00 7.389902500000000707e-01 nan nan nan
1.513749999999999929e+00 7.499795000000000211e-01 nan nan nan
1.516250000000000098e+00 7.427522500000001138e-01 nan nan nan
1.518750000000000044e+00 7.500107499999999483e-01 nan nan nan
1.521249999999999991e+00 7.435914999999999608e-01 nan nan nan
1.523749999999999938e+00 7.394015000000000448e-01 nan nan nan
1.526250000000000107e+00 7.494804999999999939e-01 nan nan nan
1.528750000000000053e+00 7.322332499999999467e-01 nan nan nan
1.531250000000000000e+00 7.404187500000000144e-01 nan nan nan
1.533749999999999947e+00 7.392500000000000737e-01 nan nan nan
1.536249999999999893e+00 7.407247500000000429e-01 nan nan nan
1.538750000000000062e+00 7.269892500000000313e-01 nan nan nan
1.541250000000000009e+00 7.292359999999999953e-01 nan nan nan
1.543749999999999956e+00 7.295435000000001224e-01 nan nan nan
1.546249999999999902e+00 7.322917500000000190e-01 nan nan nan
1.548750000000000071e+00 7.362374999999999892e-01 nan nan nan
1.551250000000000018e+00 7.352929999999999744e-01 nan nan nan
1.553749999999999964e+00 7.199197499999999694e-01 nan nan nan
1.556249999999999911e+00 7.209160000000000013e-01 nan nan nan
1.558750000000000080e+00 7.268212499999999743e-01 nan nan nan
1.561250000000000027e+00 7.296595000000000164e-01 nan nan nan
1.563749999999999973e+00 7.192167499999999603e-01 nan nan nan
1.566249999999999920e+00 7.243864999999999332e-01 nan nan nan
1.568750000000000089e+00 7.232162500000000049e-01 nan nan nan
1.571250000000000036e+00 7.225132500000001068e-01 nan nan nan
1.573749999999999982e+00 7.163177500000000864e-01 nan nan nan
1.576249999999999929e+00 7.324705000000000243e-01 nan nan nan
1.578750000000000098e+00 7.283669999999999867e-01 nan nan nan
1.581250000000000044e+00 7.309984999999999955e-01 nan nan nan
1.583749999999999991e+00 7.136875000000000302e-01 nan nan nan
1.586249999999999938e+00 7.209400000000000253e-01 nan nan nan
1.588750000000000107e+00 7.166580000000000172e-01 nan nan nan
1.591250000000000053e+00 7.281664999999999388e-01 nan nan nan
1.593750000000000000e+00 7.252332499999999404e-01 nan nan nan
1.596249999999999947e+00 7.160269999999999690e-01 nan nan nan
1.598749999999999893e+00 7.233902500000000124e-01 nan nan nan
1.601250000000000062e+00 7.161245000000000527e-01 nan nan nan
1.603750000000000009e+00 7.139925000000000299e-01 nan nan nan
1.606249999999999956e+00 7.255212500000001175e-01 nan nan nan
1.608749999999999902e+00 7.195345000000000768e-01 nan nan nan
1.611250000000000071e+00 7.201440000000001174e-01 nan nan nan
1.613750000000000018e+00 7.323662500000001074e-01 nan nan nan
1.616249999999999964e+00 7.212927499999999270e-01 nan nan nan
1.618749999999999911e+00 7.312939999999999996e-01 nan nan nan
1.621250000000000080e+00 7.246384999999999632e-01 nan nan nan
1.623750000000000027e+00 7.213479999999999892e-01 nan nan nan
1.626249999999999973e+00 7.328817499999998875e-01 nan nan nan
1.628749999999999920e+00 7.244510000000000671e-01 nan nan nan
1.631250000000000089e+00 7.239520000000000399e-01 nan nan nan
1.633750000000000036e+00 7.286932500000000701e-01 nan nan nan
1.636249999999999982e+00 7.227637500000000381e-01 nan nan nan
1.638749999999999929e+00 7.189505000000000479e-01 nan nan nan
1.641250000000000098e+00 7.347460000000000102e-01 nan nan nan
1.643750000000000044e+00 7.325127499999999348e-01 nan nan nan
1.646249999999999991e+00 7.276625000000001009e-01 nan nan nan
1.648749999999999938e+00 7.411730000000000818e-01 nan nan nan
1.651250000000000107e+00 7.353397499999999587e-01 nan nan nan
1.653750000000000053e+00 7.348382500000000261e-01 nan nan nan
1.656250000000000000e+00 7.412429999999999852e-01 nan nan nan
1.658749999999999947e+00 7.397497500000000947e-01 nan nan nan
1.661249999999999893e+00 7.414869999999998962e-01 nan nan nan
1.663750000000000062e+00 7.272719999999999185e-01 nan nan nan
1.666250000000000009e+00 7.451039999999999885e-01 nan nan nan
1.668749999999999956e+00 7.357047500000000184e-01 nan nan nan
1.671249999999999902e+00 7.501207500000000028e-01 nan nan nan
1.673750000000000071e+00 7.471557499999998964e-01 nan nan nan
1.676250000000000018e+00 7.533457499999999252e-01 nan nan nan
1.678749999999999964e+00 7.381550000000000056e-01 nan nan nan
1.681249999999999911e+00 7.514352499999999990e-01 nan nan nan
1.683750000000000080e+00 7.493400000000000061e-01 nan nan nan
1.686250000000000027e+00 7.532904999999999740e-01 nan nan nan
1.688749999999999973e+00 7.495460000000000456e-01 nan nan nan
1.691249999999999920e+00 7.633342499999999919e-01 nan nan nan
1.693750000000000089e+00 7.612602499999998606e-01 nan nan nan
1.696250000000000036e+00 7.677235000000000031e-01 nan nan nan
1.698749999999999982e+00 7.534367499999999884e-01 nan nan nan
1.701249999999999929e+00 7.704659999999999842e-01 nan nan nan
1.703750000000000098e+00 7.718857499999999261e-01 nan nan nan
1.706250000000000044e+00 7.621137499999999232e-01 nan nan nan
1.708749999999999991e+00 7.615397500000000708e-01 nan nan nan
1.711249999999999938e+00 7.768145000000000744e-01 nan nan nan
1.713750000000000107e+00 7.624279999999999946e-01 nan nan nan
1.716250000000000053e+00 7.717767500000000114e-01 nan nan nan
1.718750000000000000e+00 7.862334999999999186e-01 nan nan nan
1.721249999999999947e+00 7.722352500000000397e-01 nan nan nan
1.723749999999999893e+00 7.853590000000000293e-01 nan nan nan
1.726250000000000062e+00 7.861577499999998775e-01 nan nan nan
1.728750000000000009e+00 7.766532499999999617e-01 nan nan nan
1.731249999999999956e+00 7.991859999999999520e-01 nan nan nan
1.733749999999999902e+00 7.952757500000000590e-01 nan nan nan
1.736250000000000071e+00 7.956442500000000528e-01 nan nan nan
1.738750000000000018e+00 7.923904999999999976e-01 nan nan nan
1.741249999999999964e+00 7.972460000000000102e-01 nan nan nan
1.743749999999999911e+00 8.116882500000000000e-01 nan nan nan
1.746250000000000080e+00 8.058214999999999684e-01 nan nan nan
1.748750000000000027e+00 8.156179999999999541e-01 nan nan nan
1.751249999999999973e+00 8.064087500000001185e-01 nan nan nan
1.753749999999999920e+00 8.135367499999999197e-01 nan nan nan
1.756250000000000089e+00 8.218992499999999701e-01 nan nan nan
1.758750000000000036e+00 8.111375000000000668e-01 nan nan nan
1.761249999999999982e+00 8.235925000000000606e-01 nan nan nan
1.763749999999999929e+00 8.191342499999999527e-01 nan nan nan
1.766250000000000098e+00 8.276175000000000059e-01 nan nan nan
1.768750000000000044e+00 8.243447499999999595e-01 nan nan nan
1.771249999999999991e+00 8.276529999999999720e-01 nan nan nan
1.773749999999999938e+00 8.312217499999999815e-01 nan nan nan
1.776250000000000107e+00 8.472197499999999382e-01 nan nan nan
1.778750000000000053e+00 8.443579999999999419e-01 nan nan nan
1.781250000000000000e+00 8.447544999999999638e-01 nan nan nan
1.783749999999999947e+00 8.493414999999999715e-01 nan nan nan
1.786249999999999893e+00 8.482012500000000177e-01 nan nan nan
1.788750000000000062e+00 8.563225000000000975e-01 nan nan nan
1.791250000000000009e+00 8.469597500000000112e-01 nan nan nan
1.793749999999999956e+00 8.499744999999999662e-01 nan nan nan
1.796249999999999902e+00 8.644770000000000509e-01 nan nan nan
1.798750000000000071e+00 8.626650000000000151e-01 nan nan nan
1.801250000000000018e+00 8.677567499999999656e-01 nan nan nan
1.803749999999999964e+00 8.645327499999999610e-01 nan nan nan
1.806249999999999911e+00 8.602705000000000490e-01 nan nan nan
1.808750000000000080e+00 8.761990000000000611e-01 nan nan nan
1.811250000000000027e+00 8.816885000000000971e-01 nan nan nan
1.813749999999999973e+00 8.758582500000000604e-01 nan nan nan
1.816249999999999920e+00 8.777659999999999352e-01 nan nan nan
1.818750000000000089e+00 8.867322499999999996e-01 nan nan nan
1.821250000000000036e+00 8.878262500000000390e-01 nan nan nan
1.823749999999999982e+00 8.895987499999999937e-01 nan nan nan
1.826249999999999929e+00 9.018802499999999389e-01 nan nan nan
1.828750000000000098e+00 9.110880000000000090e-01 nan nan nan
1.831250000000000044e+00 9.057964999999998934e-01 nan nan nan
1.833749999999999991e+00 8.967110000000000358e-01 nan nan nan
1.836249999999999938e+00 9.075444999999999762e-01 nan nan nan
1.838750000000000107e+00 9.191057500000000546e-01 nan nan nan
1.841250000000000053e+00 9.250127500000000502e-01 nan nan nan
1.843750000000000000e+00 9.208974999999999245e-01 nan nan nan
1.846249999999999947e+00 9.151972499999999622e-01 nan nan nan
1.848749999999999893e+00 9.342632499999999895e-01 nan nan nan
1.851250000000000062e+00 9.373064999999999314e-01 nan nan nan
1.853750000000000009e+00 9.382950000000001012e-01 nan nan nan
1.856249999999999956e+00 9.356587499999999835e-01 nan nan nan
1.858749999999999902e+00 9.403200000000000447e-01 nan nan nan
1.861250000000000071e+00 9.537980000000000347e-01 nan nan nan
1.863750000000000018e+00 9.504722500000000185e-01 nan nan nan
1.866249999999999964e+00 9.520892499999999981e-01 nan nan nan
1.868749999999999911e+00 9.532572500000000559e-01 nan nan nan
1.871250000000000080e+00 9.598987499999999118e-01 nan nan nan
1.873750000000000027e+00 9.639659999999999895e-01 nan nan nan
1.876249999999999973e+00 9.667807500000000775e-01 nan nan nan
1.878749999999999920e+00 9.692524999999999613e-01 nan nan nan
1.881250000000000089e+00 9.694804999999999673e-01 nan nan nan
1.883750000000000036e+00 9.845737500000000253e-01 nan nan nan
1.886249999999999982e+00 9.841100000000000403e-01 nan nan nan
1.888749999999999929e+00 1.003747000000000167e+00 nan nan nan
1.891250000000000098e+00 9.817569999999999908e-01 nan nan nan
1.893750000000000044e+00 9.941637500000000127e-01 nan nan nan
1.896249999999999991e+00 9.862397499999999706e-01 nan nan nan
1.898749999999999938e+00 9.981747499999999995e-01 nan nan nan
1.901250000000000107e+00 9.955162500000001025e-01 nan nan nan
1.903750000000000053e+00 1.007076499999999930e+00 nan nan nan
1.906250000000000000e+00 1.016858500000000110e+00 nan nan nan
1.908749999999999947e+00 1.016604499999999911e+00 nan nan nan
1.911249999999999893e+00 1.026407750000000174e+00 nan nan nan
1.913750000000000062e+00 1.020152249999999983e+00 nan nan nan
1.916250000000000009e+00 1.028156999999999988e+00 nan nan nan
1.918749999999999956e+00 1.028173000000000004e+00 nan nan nan
1.921249999999999902e+00 1.032147500000000218e+00 nan nan nan
1.923750000000000071e+00 1.032112000000000140e+00 nan nan nan
1.926250000000000018e+00 1.048007499999999981e+00 nan nan nan
1.928749999999999964e+00 1.035790750000000093e+00 nan nan nan
1.931249999999999911e+00 1.045826499999999992e+00 nan nan nan
1.933750000000000080e+00 1.051897000000000082e+00 nan nan nan
1.936250000000000027e+00 1.045519249999999900e+00 nan nan nan
1.938749999999999973e+00 1.045361999999999902e+00 nan nan nan
1.941249999999999920e+00 1.058562999999999921e+00 nan nan nan
1.943750000000000089e+00 1.074788500000000147e+00 nan nan nan
1.946250000000000036e+00 1.063234500000000082e+00 nan nan nan
1.948749999999999982e+00 1.078520750000000028e+00 nan nan nan
1.951249999999999929e+00 1.080233999999999916e+00 nan nan nan
1.953750000000000098e+00 1.069809999999999928e+00 nan nan nan
1.956250000000000044e+00 1.081031749999999958e+00 nan nan nan
1.958749999999999991e+00 1.088083499999999981e+00 nan nan nan
1.961249999999999938e+00 1.087327750000000037e+00 nan nan nan
1.963750000000000107e+00 1.090759500000000104e+00 nan nan nan
1.966250000000000053e+00 1.096966000000000108e+00 nan nan nan
1.968750000000000000e+00 1.090441999999999911e+00 nan nan nan
1.971249999999999947e+00 1.107604999999999951e+00 nan nan nan
1.973749999999999893e+00 1.109011500000000039e+00 nan nan nan
1.976250000000000062e+00 1.103960999999999970e+00 nan nan nan
1.978750000000000009e+00 1.105134749999999944e+00 nan nan nan
1.981249999999999956e+00 1.120551499999999923e+00 nan nan nan
1.983749999999999902e+00 1.123545000000000016e+00 nan nan nan
1.986250000000000071e+00 1.119590499999999933e+00 nan nan nan
1.988750000000000018e+00 1.115202000000000027e+00 nan nan nan
1.991249999999999964e+00 1.118753000000000108e+00 nan nan nan
1.993749999999999911e+00 1.122441999999999940e+00 nan nan nan
1.996250000000000080e+00 1.128119499999999942e+00 nan nan nan
1.998750000000000027e+00 1.132365249999999879e+00 nan nan nan
2.001250000000000195e+00 1.126045500000000033e+00 nan nan nan
2.003750000000000142e+00 1.145246750000000091e+00 nan nan nan
2.006250000000000089e+00 1.138193000000000232e+00 nan nan nan
2.008750000000000036e+00 1.147493499999999944e+00 nan nan nan
2.011249999999999982e+00 1.153569249999999879e+00 nan nan nan
2.013749999999999929e+00 1.146943999999999964e+00 nan nan nan
2.016249999999999876e+00 1.153734750000000142e+00 nan nan nan
2.018749999999999822e+00 1.155527500000000041e+00 nan nan nan
2.021250000000000213e+00 1.155565500000000023e+00 nan nan nan
2.023750000000000160e+00 1.152680999999999845e+00 nan nan nan
2.026250000000000107e+00 1.160368000000000066e+00 nan nan nan
2.028750000000000053e+00 1.161525750000000023e+00 nan nan nan
2.031250000000000000e+00 1.173213999999999979e+00 nan nan nan
2.033749999999999947e+00 1.163967999999999892e+00 nan nan nan
2.036249999999999893e+00 1.171599250000000092e+00 nan nan nan
2.038749999999999840e+00 1.174998500000000057e+00 nan nan nan
2.041249999999999787e+00 1.172884999999999955e+00 nan nan nan
2.043750000000000178e+00 1.172482999999999942e+00 nan nan nan
2.046250000000000124e+00 1.174660999999999955e+00 nan nan nan
2.048750000000000071e+00 1.177612000000000103e+00 nan nan nan
2.051250000000000018e+00 1.173080999999999818e+00 nan nan nan
2.053749999999999964e+00 1.178215500000000082e+00 nan nan nan
2.056249999999999911e+00 1.172615500000000033e+00 nan nan nan
2.058749999999999858e+00 1.193618249999999881e+00 nan nan nan
2.061249999999999805e+00 1.176808999999999994e+00 nan nan nan
2.063750000000000195e+00 1.185870999999999897e+00 nan nan nan
2.066250000000000142e+00 1.187321499999999919e+00 nan nan nan
2.068750000000000089e+00 1.176967000000000096e+00 nan nan nan
2.071250000000000036e+00 1.177920999999999996e+00 nan nan nan
2.073749999999999982e+00 1.193177500000000002e+00 nan nan nan
2.076249999999999929e+00 1.187149750000000115e+00 nan nan nan
2.078749999999999876e+00 1.181000249999999863e+00 nan nan nan
2.081249999999999822e+00 1.185767250000000050e+00 nan nan nan
2.083750000000000213e+00 1.194344250000000107e+00 nan nan nan
2.086250000000000160e+00 1.183625249999999962e+00 nan nan nan
2.088750000000000107e+00 1.180123249999999846e+00 nan nan nan
2.091250000000000053e+00 1.187740749999999901e+00 nan nan nan
2.093750000000000000e+00 1.194013750000000096e+00 nan nan nan
2.096249999999999947e+00 1.184628000000000014e+00 nan nan nan
2.098749999999999893e+00 1.186945499999999987e+00 nan nan nan
2.101249999999999840e+00 1.183546750000000092e+00 nan nan nan
2.103749999999999787e+00 1.188894499999999965e+00 nan nan nan
2.106250000000000178e+00 1.186417749999999938e+00 nan nan nan
2.108750000000000124e+00 1.184607250000000001e+00 nan nan nan
2.111250000000000071e+00 1.183315499999999965e+00 nan nan nan
2.113750000000000018e+00 1.178895749999999909e+00 nan nan nan
2.116249999999999964e+00 1.186957500000000110e+00 nan nan nan
2.118749999999999911e+00 1.188632999999999829e+00 nan nan nan
2.121249999999999858e+00 1.176366999999999940e+00 nan nan nan
2.123749999999999805e+00 1.182055999999999996e+00 nan nan nan
2.126250000000000195e+00 1.166818999999999829e+00 nan nan nan
2.128750000000000142e+00 1.175275500000000140e+00 nan nan nan
2.131250000000000089e+00 1.177642249999999891e+00 nan nan nan
2.133750000000000036e+00 1.181112249999999975e+00 nan nan nan
2.136249999999999982e+00 1.175535250000000032e+00 nan nan nan
2.138749999999999929e+00 1.168730249999999860e+00 nan nan nan
2.141249999999999876e+00 1.168110500000000052e+00 nan nan nan
2.143749999999999822e+00 1.174185749999999917e+00 nan nan nan
2.146250000000000213e+00 1.173080499999999970e+00 nan nan nan
2.148750000000000160e+00 1.163082249999999984e+00 nan nan nan
2.151250000000000107e+00 1.177414999999999878e+00 nan nan nan
2.153750000000000053e+00 1.163937750000000104e+00 nan nan nan
2.156250000000000000e+00 1.160966750000000047e+00 nan nan nan
2.158749999999999947e+00 1.160435000000000105e+00 nan nan nan
2.161249999999999893e+00 1.157071249999999996e+00 nan nan nan
2.163749999999999840e+00 1.156137250000000005e+00 nan nan nan
2.166249999999999787e+00 1.153443499999999844e+00 nan nan nan
2.168750000000000178e+00 1.151569250000000100e+00 nan nan nan
2.171250000000000124e+00 1.146194750000000262e+00 nan nan nan
2.173750000000000071e+00 1.146627749999999946e+00 nan nan nan
2.176250000000000018e+00 1.148209750000000140e+00 nan nan nan
2.178749999999999964e+00 1.152111749999999990e+00 nan nan nan
2.181249999999999911e+00 1.139103500000000047e+00 nan nan nan
2.183749999999999858e+00 1.147215249999999909e+00 nan nan nan
2.186249999999999805e+00 1.141241500000000020e+00 nan nan nan
2.188750000000000195e+00 1.133008999999999933e+00 nan nan nan
2.191250000000000142e+00 1.135509499999999949e+00 nan nan nan
2.193750000000000089e+00 1.128933249999999999e+00 nan nan nan
2.196250000000000036e+00 1.132058499999999857e+00 nan nan nan
2.198749999999999982e+00 1.136218249999999985e+00 nan nan nan
2.201249999999999929e+00 1.128286249999999935e+00 nan nan nan
2.203749999999999876e+00 1.122192749999999961e+00 nan nan nan
2.206249999999999822e+00 1.117012749999999999e+00 nan nan nan
2.208750000000000213e+00 1.123477249999999872e+00 nan nan nan
2.211250000000000160e+00 1.115087500000000009e+00 nan nan nan
2.213750000000000107e+00 1.117500249999999973e+00 nan nan nan
2.216250000000000053e+00 1.115938249999999909e+00 nan nan nan
2.218750000000000000e+00 1.111978499999999981e+00 nan nan nan
2.221249999999999947e+00 1.107079999999999842e+00 nan nan nan
2.223749999999999893e+00 1.105544000000000082e+00 nan nan nan
2.226249999999999840e+00 1.110425000000000217e+00 nan nan nan
2.228749999999999787e+00 1.111262749999999855e+00 nan nan nan
2.231250000000000178e+00 1.098737000000000075e+00 nan nan nan
2.233750000000000124e+00 1.095412250000000087e+00 nan nan nan
2.236250000000000071e+00 1.090269500000000003e+00 nan nan nan
2.238750000000000018e+00 1.098465250000000060e+00 nan nan nan
2.241249999999999964e+00 1.100420500000000024e+00 nan nan nan
2.243749999999999911e+00 1.095721999999999863e+00 nan nan nan
2.246249999999999858e+00 1.093007000000000062e+00 nan nan nan
2.248749999999999805e+00 1.086907000000000068e+00 nan nan nan
2.251250000000000195e+00 1.091544250000000105e+00 nan nan nan
2.253750000000000142e+00 1.074730249999999998e+00 nan nan nan
2.256250000000000089e+00 1.076770999999999923e+00 nan nan nan
2.258750000000000036e+00 1.083634750000000091e+00 nan nan nan
2.261249999999999982e+00 1.082085249999999998e+00 nan nan nan
2.263749999999999929e+00 1.080242499999999994e+00 nan nan nan
2.266249999999999876e+00 1.072017499999999846e+00 nan nan nan
2.268749999999999822e+00 1.070743250000000035e+00 nan nan nan
2.271250000000000213e+00 1.069348750000000070e+00 nan nan nan
2.273750000000000160e+00 1.060259999999999980e+00 nan nan nan
2.276250000000000107e+00 1.055330749999999984e+00 nan nan nan
2.278750000000000053e+00 1.054559250000000059e+00 nan nan nan
2.281250000000000000e+00 1.051907499999999995e+00 nan nan nan
2.283749999999999947e+00 1.052189499999999889e+00 nan nan nan
2.286249999999999893e+00 1.052687499999999998e+00 nan nan nan
2.288749999999999840e+00 1.050049000000000010e+00 nan nan nan
2.291249999999999787e+00 1.051294749999999834e+00 nan nan nan
2.293750000000000178e+00 1.029404999999999903e+00 nan nan nan
2.296250000000000124e+00 1.039294249999999975e+00 nan nan nan
2.298750000000000071e+00 1.044614249999999966e+00 nan nan nan
2.301250000000000018e+00 1.035935499999999898e+00 nan nan nan
2.303749999999999964e+00 1.031723750000000051e+00 nan nan nan
2.306249999999999911e+00 1.033743250000000113e+00 nan nan nan
2.308749999999999858e+00 1.025041499999999939e+00 nan nan nan
2.311249999999999805e+00 1.024396249999999897e+00 nan nan nan
2.313750000000000195e+00 1.028453749999999944e+00 nan nan nan
2.316250000000000142e+00 1.018864499999999840e+00 nan nan nan
2.318750000000000089e+00 1.022604250000000103e+00 nan nan nan
2.321250000000000036e+00 1.031352250000000081e+00 nan nan nan
2.323749999999999982e+00 1.019291750000000052e+00 nan nan nan
2.326249999999999929e+00 1.015997749999999922e+00 nan nan nan
2.328749999999999876e+00 1.025962250000000076e+00 nan nan nan
2.331249999999999822e+00 1.014638249999999964e+00 nan nan nan
2.333750000000000213e+00 1.018138999999999905e+00 nan nan nan
2.336250000000000160e+00 9.993047500000000749e-01 nan nan nan
2.338750000000000107e+00 1.011651749999999961e+00 nan nan nan
2.341250000000000053e+00 9.981032499999999974e-01 nan nan nan
2.343750000000000000e+00 1.003451249999999906e+00 nan nan nan
2.346249999999999947e+00 1.001914499999999819e+00 nan nan nan
2.348749999999999893e+00 1.000958250000000049e+00 nan nan nan
2.351249999999999840e+00 9.965539999999999399e-01 nan nan nan
2.353749999999999787e+00 9.906055000000000277e-01 nan nan nan
2.356250000000000178e+00 9.916190000000000282e-01 nan nan nan
2.358750000000000124e+00 9.925344999999999862e-01 nan nan nan
2.361250000000000071e+00 9.899552499999999533e-01 nan nan nan
2.363750000000000018e+00 9.872707500000000858e-01 nan nan nan
2.366249999999999964e+00 9.926337499999999814e-01 nan nan nan
2.368749999999999911e+00 9.878660000000000219e-01 nan nan nan
2.371249999999999858e+00 9.856935000000000002e-01 nan nan nan
2.373749999999999805e+00 9.783382499999999649e-01 nan nan nan
2.376250000000000195e+00 9.743889999999999496e-01 nan nan nan
2.378750000000000142e+00 9.826560000000000850e-01 nan nan nan
2.381250000000000089e+00 9.764677500000000787e-01 nan nan nan
2.383750000000000036e+00 9.764794999999999447e-01 nan nan nan
2.386249999999999982e+00 9.720007500000000800e-01 nan nan nan
2.388749999999999929e+00 9.728859999999999175e-01 nan nan nan
2.391249999999999876e+00 9.731429999999999803e-01 nan nan nan
2.393749999999999822e+00 9.680050000000000043e-01 nan nan nan
2.396250000000000213e+00 9.660972500000000185e-01 nan nan nan
2.398750000000000160e+00 9.711997500000000283e-01 nan nan nan
2.401250000000000107e+00 9.697737499999999899e-01 nan nan nan
2.403750000000000053e+00 9.618602499999999722e-01 nan nan nan
2.406250000000000000e+00 9.621242499999999032e-01 nan nan nan
2.408749999999999947e+00 9.645549999999999402e-01 nan nan nan
2.411249999999999893e+00 9.500684999999999825e-01 nan nan nan
2.413749999999999840e+00 9.491490000000000204e-01 nan nan nan
2.416249999999999787e+00 9.627797500000000452e-01 nan nan nan
2.418750000000000178e+00 9.551830000000000043e-01 nan nan nan
2.421250000000000124e+00 9.468134999999999746e-01 nan nan nan
2.423750000000000071e+00 9.486487499999999295e-01 nan nan nan
2.426250000000000018e+00 9.516627500000001127e-01 nan nan nan
2.428749999999999964e+00 9.498340000000000671e-01 nan nan nan
2.431249999999999911e+00 9.569589999999998930e-01 nan nan nan
2.433749999999999858e+00 9.456342500000000095e-01 nan nan nan
2.436249999999999805e+00 9.522637500000000754e-01 nan nan nan
2.438750000000000195e+00 9.529632500000000395e-01 nan nan nan
2.441250000000000142e+00 9.464895000000000946e-01 nan nan nan
2.443750000000000089e+00 9.401257499999999823e-01 nan nan nan
2.446250000000000036e+00 9.405632500000000729e-01 nan nan nan
2.448749999999999982e+00 9.462774999999999936e-01 nan nan nan
2.451249999999999929e+00 9.411739999999999551e-01 nan nan nan
2.453749999999999876e+00 9.358360000000001122e-01 nan nan nan
2.456249999999999822e+00 9.358919999999999462e-01 nan nan nan
2.458750000000000213e+00 9.334219999999999740e-01 nan nan nan
2.461250000000000160e+00 9.393347499999999961e-01 nan nan nan
2.463750000000000107e+00 9.338474999999999415e-01 nan nan nan
2.466250000000000053e+00 9.361990000000000034e-01 nan nan nan
2.468750000000000000e+00 9.328017499999999851e-01 nan nan nan
2.471249999999999947e+00 9.300407499999999716e-01 nan nan nan
2.473749999999999893e+00 9.334394999999999776e-01 nan nan nan
2.476249999999999840e+00 9.318254999999999733e-01 nan nan nan
2.478749999999999787e+00 9.308775000000000244e-01 nan nan nan
2.481250000000000178e+00 9.307997500000000368e-01 nan nan nan
2.483750000000000124e+00 9.278342499999999715e-01 nan nan nan
2.486250000000000071e+00 9.259282500000001193e-01 nan nan nan
2.488750000000000018e+00 9.332857500000000250e-01 nan nan nan
2.491249999999999964e+00 9.308605000000000906e-01 nan nan nan
2.493749999999999911e+00 9.275842499999998880e-01 nan nan nan
2.496249999999999858e+00 9.264622499999999317e-01 nan nan nan
2.498749999999999805e+00 9.285597500000000171e-01 nan nan nan
