1.250000000000000026e-03 0.000000000000000000e+00 nan nan nan
3.749999999999999861e-03 0.000000000000000000e+00 nan nan nan
6.250000000000000347e-03 0.000000000000000000e+00 nan nan nan
8.750000000000000833e-03 0.000000000000000000e+00 nan nan nan
1.124999999999999958e-02 0.000000000000000000e+00 nan nan nan
1.375000000000000007e-02 0.000000000000000000e+00 nan nan nan
1.625000000000000056e-02 0.000000000000000000e+00 nan nan nan
1.874999999999999931e-02 0.000000000000000000e+00 nan nan nan
2.125000000000000153e-02 0.000000000000000000e+00 nan nan nan
2.375000000000000028e-02 0.000000000000000000e+00 nan nan nan
2.624999999999999903e-02 0.000000000000000000e+00 nan nan nan
2.875000000000000125e-02 0.000000000000000000e+00 nan nan nan
3.125000000000000000e-02 0.000000000000000000e+00 nan nan nan
3.375000000000000222e-02 0.000000000000000000e+00 nan nan nan
3.624999999999999750e-02 0.000000000000000000e+00 nan nan nan
3.874999999999999972e-02 0.000000000000000000e+00 nan nan nan
4.125000000000000194e-02 0.000000000000000000e+00 nan nan nan
4.374999999999999722e-02 0.000000000000000000e+00 nan nan nan
4.624999999999999944e-02 0.000000000000000000e+00 nan nan nan
4.875000000000000167e-02 0.000000000000000000e+00 nan nan nan
5.124999999999999695e-02 0.000000000000000000e+00 nan nan nan
5.374999999999999917e-02 0.000000000000000000e+00 nan nan nan
5.625000000000000139e-02 0.000000000000000000e+00 nan nan nan
5.874999999999999667e-02 0.000000000000000000e+00 nan nan nan
6.124999999999999889e-02 0.000000000000000000e+00 nan nan nan
6.375000000000000111e-02 0.000000000000000000e+00 nan nan nan
6.625000000000000333e-02 0.000000000000000000e+00 nan nan nan
6.875000000000000555e-02 0.000000000000000000e+00 nan nan nan
7.124999999999999389e-02 0.000000000000000000e+00 nan nan nan
7.374999999999999611e-02 0.000000000000000000e+00 nan nan nan
7.624999999999999833e-02 0.000000000000000000e+00 nan nan nan
7.875000000000000056e-02 0.000000000000000000e+00 nan nan nan
8.125000000000000278e-02 0.000000000000000000e+00 nan nan nan
8.375000000000000500e-02 0.000000000000000000e+00 nan nan nan
8.624999999999999334e-02 0.000000000000000000e+00 nan nan nan
8.874999999999999556e-02 0.000000000000000000e+00 nan nan nan
9.124999999999999778e-02 0.000000000000000000e+00 nan nan nan
9.375000000000000000e-02 0.000000000000000000e+00 nan nan nan
9.625000000000000222e-02 0.000000000000000000e+00 nan nan nan
9.875000000000000444e-02 0.000000000000000000e+00 nan nan nan
1.012500000000000067e-01 0.000000000000000000e+00 nan nan nan
1.037499999999999950e-01 0.000000000000000000e+00 nan nan nan
1.062499999999999972e-01 0.000000000000000000e+00 nan nan nan
1.087499999999999994e-01 0.000000000000000000e+00 nan nan nan
1.112500000000000017e-01 0.000000000000000000e+00 nan nan nan
1.137500000000000039e-01 0.000000000000000000e+00 nan nan nan
1.162500000000000061e-01 0.000000000000000000e+00 nan nan nan
1.187499999999999944e-01 0.000000000000000000e+00 nan nan nan
1.212499999999999967e-01 0.000000000000000000e+00 nan nan nan
1.237499999999999989e-01 0.000000000000000000e+00 nan nan nan
1.262500000000000011e-01 0.000000000000000000e+00 nan nan nan
1.287500000000000033e-01 0.000000000000000000e+00 nan nan nan
1.312500000000000056e-01 0.000000000000000000e+00 nan nan nan
1.337500000000000078e-01 0.000000000000000000e+00 nan nan nan
1.362500000000000100e-01 0.000000000000000000e+00 nan nan nan
1.387500000000000122e-01 0.000000000000000000e+00 nan nan nan
1.412499999999999867e-01 0.000000000000000000e+00 nan nan nan
1.437499999999999889e-01 0.000000000000000000e+00 nan nan nan
1.462499999999999911e-01 0.000000000000000000e+00 nan nan nan
1.487499999999999933e-01 0.000000000000000000e+00 nan nan nan
1.512499999999999956e-01 0.000000000000000000e+00 nan nan nan
1.537499999999999978e-01 0.000000000000000000e+00 nan nan nan
1.562500000000000000e-01 0.000000000000000000e+00 nan nan nan
1.587500000000000022e-01 0.000000000000000000e+00 nan nan nan
1.612500000000000044e-01 0.000000000000000000e+00 nan nan nan
1.637500000000000067e-01 0.000000000000000000e+00 nan nan nan
1.662500000000000089e-01 0.000000000000000000e+00 nan nan nan
1.687500000000000111e-01 0.000000000000000000e+00 nan nan nan
1.712500000000000133e-01 0.000000000000000000e+00 nan nan nan
1.737499999999999878e-01 0.000000000000000000e+00 nan nan nan
1.762499999999999900e-01 0.000000000000000000e+00 nan nan nan
1.787499999999999922e-01 0.000000000000000000e+00 nan nan nan
1.812499999999999944e-01 0.000000000000000000e+00 nan nan nan
1.837499999999999967e-01 0.000000000000000000e+00 nan nan nan
1.862499999999999989e-01 0.000000000000000000e+00 nan nan nan
1.887500000000000011e-01 0.000000000000000000e+00 nan nan nan
1.912500000000000033e-01 0.000000000000000000e+00 nan nan nan
1.937500000000000056e-01 0.000000000000000000e+00 nan nan nan
1.962500000000000078e-01 0.000000000000000000e+00 nan nan nan
1.987500000000000100e-01 0.000000000000000000e+00 nan nan nan
2.012500000000000122e-01 0.000000000000000000e+00 nan nan nan
2.037499999999999867e-01 0.000000000000000000e+00 nan nan nan
2.062499999999999889e-01 0.000000000000000000e+00 nan nan nan
2.087499999999999911e-01 0.000000000000000000e+00 nan nan nan
2.112499999999999933e-01 0.000000000000000000e+00 nan nan nan
2.137499999999999956e-01 0.000000000000000000e+00 nan nan nan
2.162499999999999978e-01 0.000000000000000000e+00 nan nan nan
2.187500000000000000e-01 0.000000000000000000e+00 nan nan nan
2.212500000000000022e-01 0.000000000000000000e+00 nan nan nan
2.237500000000000044e-01 0.000000000000000000e+00 nan nan nan
2.262500000000000067e-01 0.000000000000000000e+00 nan nan nan
2.287500000000000089e-01 0.000000000000000000e+00 nan nan nan
2.312500000000000111e-01 0.000000000000000000e+00 nan nan nan
2.337500000000000133e-01 0.000000000000000000e+00 nan nan nan
2.362499999999999878e-01 0.000000000000000000e+00 nan nan nan
2.387499999999999900e-01 0.000000000000000000e+00 nan nan nan
2.412499999999999922e-01 0.000000000000000000e+00 nan nan nan
2.437499999999999944e-01 0.000000000000000000e+00 nan nan nan
2.462499999999999967e-01 0.000000000000000000e+00 nan nan nan
2.487499999999999989e-01 0.000000000000000000e+00 nan nan nan
2.512499999999999734e-01 0.000000000000000000e+00 nan nan nan
2.537499999999999756e-01 0.000000000000000000e+00 nan nan nan
2.562499999999999778e-01 0.000000000000000000e+00 nan nan nan
2.587499999999999800e-01 0.000000000000000000e+00 nan nan nan
2.612499999999999822e-01 0.000000000000000000e+00 nan nan nan
2.637499999999999845e-01 0.000000000000000000e+00 nan nan nan
2.662499999999999867e-01 0.000000000000000000e+00 nan nan nan
2.687499999999999889e-01 0.000000000000000000e+00 nan nan nan
2.712499999999999911e-01 0.000000000000000000e+00 nan nan nan
2.737499999999999933e-01 0.000000000000000000e+00 nan nan nan
2.762499999999999956e-01 0.000000000000000000e+00 nan nan nan
2.787499999999999978e-01 0.000000000000000000e+00 nan nan nan
2.812500000000000000e-01 0.000000000000000000e+00 nan nan nan
2.837500000000000022e-01 0.000000000000000000e+00 nan nan nan
2.862500000000000044e-01 0.000000000000000000e+00 nan nan nan
2.887500000000000067e-01 0.000000000000000000e+00 nan nan nan
2.912500000000000089e-01 0.000000000000000000e+00 nan nan nan
2.937500000000000111e-01 0.000000000000000000e+00 nan nan nan
2.962500000000000133e-01 0.000000000000000000e+00 nan nan nan
2.987500000000000155e-01 0.000000000000000000e+00 nan nan nan
3.012500000000000178e-01 0.000000000000000000e+00 nan nan nan
3.037500000000000200e-01 0.000000000000000000e+00 nan nan nan
3.062500000000000222e-01 0.000000000000000000e+00 nan nan nan
3.087500000000000244e-01 0.000000000000000000e+00 nan nan nan
3.112500000000000266e-01 0.000000000000000000e+00 nan nan nan
3.137499999999999734e-01 0.000000000000000000e+00 nan nan nan
3.162499999999999756e-01 0.000000000000000000e+00 nan nan nan
3.187499999999999778e-01 0.000000000000000000e+00 nan nan nan
3.212499999999999800e-01 0.000000000000000000e+00 nan nan nan
3.237499999999999822e-01 0.000000000000000000e+00 nan nan nan
3.262499999999999845e-01 0.000000000000000000e+00 nan nan nan
3.287499999999999867e-01 0.000000000000000000e+00 nan nan nan
3.312499999999999889e-01 0.000000000000000000e+00 nan nan nan
3.337499999999999911e-01 0.000000000000000000e+00 nan nan nan
3.362499999999999933e-01 0.000000000000000000e+00 nan nan nan
3.387499999999999956e-01 0.000000000000000000e+00 nan nan nan
3.412499999999999978e-01 0.000000000000000000e+00 nan nan nan
3.437500000000000000e-01 0.000000000000000000e+00 nan nan nan
3.462500000000000022e-01 0.000000000000000000e+00 nan nan nan
3.487500000000000044e-01 0.000000000000000000e+00 nan nan nan
3.512500000000000067e-01 0.000000000000000000e+00 nan nan nan
3.537500000000000089e-01 0.000000000000000000e+00 nan nan nan
3.562500000000000111e-01 0.000000000000000000e+00 nan nan nan
3.587500000000000133e-01 0.000000000000000000e+00 nan nan nan
3.612500000000000155e-01 0.000000000000000000e+00 nan nan nan
3.637500000000000178e-01 0.000000000000000000e+00 nan nan nan
3.662500000000000200e-01 0.000000000000000000e+00 nan nan nan
3.687500000000000222e-01 0.000000000000000000e+00 nan nan nan
3.712500000000000244e-01 0.000000000000000000e+00 nan nan nan
3.737500000000000266e-01 0.000000000000000000e+00 nan nan nan
3.762499999999999734e-01 0.000000000000000000e+00 nan nan nan
3.787499999999999756e-01 0.000000000000000000e+00 nan nan nan
3.812499999999999778e-01 0.000000000000000000e+00 nan nan nan
3.837499999999999800e-01 0.000000000000000000e+00 nan nan nan
3.862499999999999822e-01 0.000000000000000000e+00 nan nan nan
3.887499999999999845e-01 0.000000000000000000e+00 nan nan nan
3.912499999999999867e-01 0.000000000000000000e+00 nan nan nan
3.937499999999999889e-01 0.000000000000000000e+00 nan nan nan
3.962499999999999911e-01 0.000000000000000000e+00 nan nan nan
3.987499999999999933e-01 0.000000000000000000e+00 nan nan nan
4.012499999999999956e-01 0.000000000000000000e+00 nan nan nan
4.037499999999999978e-01 0.000000000000000000e+00 nan nan nan
4.062500000000000000e-01 0.000000000000000000e+00 nan nan nan
4.087500000000000022e-01 0.000000000000000000e+00 nan nan nan
4.112500000000000044e-01 0.000000000000000000e+00 nan nan nan
4.137500000000000067e-01 0.000000000000000000e+00 nan nan nan
4.162500000000000089e-01 0.000000000000000000e+00 nan nan nan
4.187500000000000111e-01 0.000000000000000000e+00 nan nan nan
4.212500000000000133e-01 0.000000000000000000e+00 nan nan nan
4.237500000000000155e-01 0.000000000000000000e+00 nan nan nan
4.262500000000000178e-01 0.000000000000000000e+00 nan nan nan
4.287500000000000200e-01 0.000000000000000000e+00 nan nan nan
4.312500000000000222e-01 0.000000000000000000e+00 nan nan nan
4.337500000000000244e-01 0.000000000000000000e+00 nan nan nan
4.362500000000000266e-01 0.000000000000000000e+00 nan nan nan
4.387499999999999734e-01 0.000000000000000000e+00 nan nan nan
4.412499999999999756e-01 0.000000000000000000e+00 nan nan nan
4.437499999999999778e-01 0.000000000000000000e+00 nan nan nan
4.462499999999999800e-01 0.000000000000000000e+00 nan nan nan
4.487499999999999822e-01 0.000000000000000000e+00 nan nan nan
4.512499999999999845e-01 0.000000000000000000e+00 nan nan nan
4.537499999999999867e-01 0.000000000000000000e+00 nan nan nan
4.562499999999999889e-01 0.000000000000000000e+00 nan nan nan
4.587499999999999911e-01 0.000000000000000000e+00 nan nan nan
4.612499999999999933e-01 0.000000000000000000e+00 nan nan nan
4.637499999999999956e-01 0.000000000000000000e+00 nan nan nan
4.662499999999999978e-01 0.000000000000000000e+00 nan nan nan
4.687500000000000000e-01 0.000000000000000000e+00 nan nan nan
4.712500000000000022e-01 0.000000000000000000e+00 nan nan nan
4.737500000000000044e-01 0.000000000000000000e+00 nan nan nan
4.762500000000000067e-01 0.000000000000000000e+00 nan nan nan
4.787500000000000089e-01 0.000000000000000000e+00 nan nan nan
4.812500000000000111e-01 0.000000000000000000e+00 nan nan nan
4.837500000000000133e-01 0.000000000000000000e+00 nan nan nan
4.862500000000000155e-01 0.000000000000000000e+00 nan nan nan
4.887500000000000178e-01 0.000000000000000000e+00 nan nan nan
4.912500000000000200e-01 0.000000000000000000e+00 nan nan nan
4.937500000000000222e-01 0.000000000000000000e+00 nan nan nan
4.962500000000000244e-01 0.000000000000000000e+00 nan nan nan
4.987500000000000266e-01 0.000000000000000000e+00 nan nan nan
5.012499999999999734e-01 0.000000000000000000e+00 nan nan nan
5.037500000000000311e-01 0.000000000000000000e+00 nan nan nan
5.062499999999999778e-01 0.000000000000000000e+00 nan nan nan
5.087500000000000355e-01 0.000000000000000000e+00 nan nan nan
5.112499999999999822e-01 0.000000000000000000e+00 nan nan nan
5.137500000000000400e-01 0.000000000000000000e+00 nan nan nan
5.162499999999999867e-01 0.000000000000000000e+00 nan nan nan
5.187500000000000444e-01 0.000000000000000000e+00 nan nan nan
5.212499999999999911e-01 0.000000000000000000e+00 nan nan nan
5.237500000000000488e-01 0.000000000000000000e+00 nan nan nan
5.262499999999999956e-01 0.000000000000000000e+00 nan nan nan
5.287500000000000533e-01 0.000000000000000000e+00 nan nan nan
5.312500000000000000e-01 0.000000000000000000e+00 nan nan nan
5.337499999999999467e-01 0.000000000000000000e+00 nan nan nan
5.362500000000000044e-01 0.000000000000000000e+00 nan nan nan
5.387499999999999512e-01 0.000000000000000000e+00 nan nan nan
5.412500000000000089e-01 0.000000000000000000e+00 nan nan nan
5.437499999999999556e-01 0.000000000000000000e+00 nan nan nan
5.462500000000000133e-01 0.000000000000000000e+00 nan nan nan
5.487499999999999600e-01 0.000000000000000000e+00 nan nan nan
5.512500000000000178e-01 0.000000000000000000e+00 nan nan nan
5.537499999999999645e-01 0.000000000000000000e+00 nan nan nan
5.562500000000000222e-01 0.000000000000000000e+00 nan nan nan
5.587499999999999689e-01 0.000000000000000000e+00 nan nan nan
5.612500000000000266e-01 0.000000000000000000e+00 nan nan nan
5.637499999999999734e-01 0.000000000000000000e+00 nan nan nan
5.662500000000000311e-01 0.000000000000000000e+00 nan nan nan
5.687499999999999778e-01 0.000000000000000000e+00 nan nan nan
5.712500000000000355e-01 0.000000000000000000e+00 nan nan nan
5.737499999999999822e-01 0.000000000000000000e+00 nan nan nan
5.762500000000000400e-01 0.000000000000000000e+00 nan nan nan
5.787499999999999867e-01 0.000000000000000000e+00 nan nan nan
5.812500000000000444e-01 0.000000000000000000e+00 nan nan nan
5.837499999999999911e-01 0.000000000000000000e+00 nan nan nan
5.862500000000000488e-01 0.000000000000000000e+00 nan nan nan
5.887499999999999956e-01 0.000000000000000000e+00 nan nan nan
5.912500000000000533e-01 0.000000000000000000e+00 nan nan nan
5.937500000000000000e-01 0.000000000000000000e+00 nan nan nan
5.962499999999999467e-01 0.000000000000000000e+00 nan nan nan
5.987500000000000044e-01 0.000000000000000000e+00 nan nan nan
6.012499999999999512e-01 0.000000000000000000e+00 nan nan nan
6.037500000000000089e-01 0.000000000000000000e+00 nan nan nan
6.062499999999999556e-01 0.000000000000000000e+00 nan nan nan
6.087500000000000133e-01 0.000000000000000000e+00 nan nan nan
6.112499999999999600e-01 0.000000000000000000e+00 nan nan nan
6.137500000000000178e-01 0.000000000000000000e+00 nan nan nan
6.162499999999999645e-01 0.000000000000000000e+00 nan nan nan
6.187500000000000222e-01 0.000000000000000000e+00 nan nan nan
6.212499999999999689e-01 0.000000000000000000e+00 nan nan nan
6.237500000000000266e-01 0.000000000000000000e+00 nan nan nan
6.262499999999999734e-01 0.000000000000000000e+00 nan nan nan
6.287500000000000311e-01 0.000000000000000000e+00 nan nan nan
6.312499999999999778e-01 0.000000000000000000e+00 nan nan nan
6.337500000000000355e-01 0.000000000000000000e+00 nan nan nan
6.362499999999999822e-01 0.000000000000000000e+00 nan nan nan
6.387500000000000400e-01 0.000000000000000000e+00 nan nan nan
6.412499999999999867e-01 0.000000000000000000e+00 nan nan nan
6.437500000000000444e-01 0.000000000000000000e+00 nan nan nan
6.462499999999999911e-01 0.000000000000000000e+00 nan nan nan
6.487500000000000488e-01 0.000000000000000000e+00 nan nan nan
6.512499999999999956e-01 0.000000000000000000e+00 nan nan nan
6.537500000000000533e-01 0.000000000000000000e+00 nan nan nan
6.562500000000000000e-01 0.000000000000000000e+00 nan nan nan
6.587499999999999467e-01 0.000000000000000000e+00 nan nan nan
6.612500000000000044e-01 0.000000000000000000e+00 nan nan nan
6.637499999999999512e-01 0.000000000000000000e+00 nan nan nan
6.662500000000000089e-01 0.000000000000000000e+00 nan nan nan
6.687499999999999556e-01 0.000000000000000000e+00 nan nan nan
6.712500000000000133e-01 0.000000000000000000e+00 nan nan nan
6.737499999999999600e-01 0.000000000000000000e+00 nan nan nan
6.762500000000000178e-01 0.000000000000000000e+00 nan nan nan
6.787499999999999645e-01 0.000000000000000000e+00 nan nan nan
6.812500000000000222e-01 0.000000000000000000e+00 nan nan nan
6.837499999999999689e-01 0.000000000000000000e+00 nan nan nan
6.862500000000000266e-01 0.000000000000000000e+00 nan nan nan
6.887499999999999734e-01 0.000000000000000000e+00 nan nan nan
6.912500000000000311e-01 0.000000000000000000e+00 nan nan nan
6.937499999999999778e-01 0.000000000000000000e+00 nan nan nan
6.962500000000000355e-01 0.000000000000000000e+00 nan nan nan
6.987499999999999822e-01 0.000000000000000000e+00 nan nan nan
7.012500000000000400e-01 0.000000000000000000e+00 nan nan nan
7.037499999999999867e-01 0.000000000000000000e+00 nan nan nan
7.062500000000000444e-01 0.000000000000000000e+00 nan nan nan
7.087499999999999911e-01 0.000000000000000000e+00 nan nan nan
7.112500000000000488e-01 0.000000000000000000e+00 nan nan nan
7.137499999999999956e-01 0.000000000000000000e+00 nan nan nan
7.162500000000000533e-01 0.000000000000000000e+00 nan nan nan
7.187500000000000000e-01 0.000000000000000000e+00 nan nan nan
7.212499999999999467e-01 0.000000000000000000e+00 nan nan nan
7.237500000000000044e-01 0.000000000000000000e+00 nan nan nan
7.262499999999999512e-01 0.000000000000000000e+00 nan nan nan
7.287500000000000089e-01 0.000000000000000000e+00 nan nan nan
7.312499999999999556e-01 0.000000000000000000e+00 nan nan nan
7.337500000000000133e-01 0.000000000000000000e+00 nan nan nan
7.362499999999999600e-01 0.000000000000000000e+00 nan nan nan
7.387500000000000178e-01 0.000000000000000000e+00 nan nan nan
7.412499999999999645e-01 0.000000000000000000e+00 nan nan nan
7.437500000000000222e-01 0.000000000000000000e+00 nan nan nan
7.462499999999999689e-01 0.000000000000000000e+00 nan nan nan
7.487500000000000266e-01 0.000000000000000000e+00 nan nan nan
7.512499999999999734e-01 0.000000000000000000e+00 nan nan nan
7.537500000000000311e-01 0.000000000000000000e+00 nan nan nan
7.562499999999999778e-01 0.000000000000000000e+00 nan nan nan
7.587500000000000355e-01 0.000000000000000000e+00 nan nan nan
7.612499999999999822e-01 0.000000000000000000e+00 nan nan nan
7.637500000000000400e-01 0.000000000000000000e+00 nan nan nan
7.662499999999999867e-01 0.000000000000000000e+00 nan nan nan
7.687500000000000444e-01 0.000000000000000000e+00 nan nan nan
7.712499999999999911e-01 0.000000000000000000e+00 nan nan nan
7.737500000000000488e-01 0.000000000000000000e+00 nan nan nan
7.762499999999999956e-01 0.000000000000000000e+00 nan nan nan
7.787500000000000533e-01 0.000000000000000000e+00 nan nan nan
7.812500000000000000e-01 0.000000000000000000e+00 nan nan nan
7.837499999999999467e-01 0.000000000000000000e+00 nan nan nan
7.862500000000000044e-01 0.000000000000000000e+00 nan nan nan
7.887499999999999512e-01 0.000000000000000000e+00 nan nan nan
7.912500000000000089e-01 0.000000000000000000e+00 nan nan nan
7.937499999999999556e-01 0.000000000000000000e+00 nan nan nan
7.962500000000000133e-01 0.000000000000000000e+00 nan nan nan
7.987499999999999600e-01 0.000000000000000000e+00 nan nan nan
8.012500000000000178e-01 0.000000000000000000e+00 nan nan nan
8.037499999999999645e-01 0.000000000000000000e+00 nan nan nan
8.062500000000000222e-01 0.000000000000000000e+00 nan nan nan
8.087499999999999689e-01 0.000000000000000000e+00 nan nan nan
8.112500000000000266e-01 0.000000000000000000e+00 nan nan nan
8.137499999999999734e-01 0.000000000000000000e+00 nan nan nan
8.162500000000000311e-01 0.000000000000000000e+00 nan nan nan
8.187499999999999778e-01 0.000000000000000000e+00 nan nan nan
8.212500000000000355e-01 0.000000000000000000e+00 nan nan nan
8.237499999999999822e-01 0.000000000000000000e+00 nan nan nan
8.262500000000000400e-01 0.000000000000000000e+00 nan nan nan
8.287499999999999867e-01 0.000000000000000000e+00 nan nan nan
8.312500000000000444e-01 0.000000000000000000e+00 nan nan nan
8.337499999999999911e-01 0.000000000000000000e+00 nan nan nan
8.362500000000000488e-01 0.000000000000000000e+00 nan nan nan
8.387499999999999956e-01 0.000000000000000000e+00 nan nan nan
8.412500000000000533e-01 0.000000000000000000e+00 nan nan nan
8.437500000000000000e-01 0.000000000000000000e+00 nan nan nan
8.462499999999999467e-01 0.000000000000000000e+00 nan nan nan
8.487500000000000044e-01 0.000000000000000000e+00 nan nan nan
8.512499999999999512e-01 0.000000000000000000e+00 nan nan nan
8.537500000000000089e-01 0.000000000000000000e+00 nan nan nan
8.562499999999999556e-01 0.000000000000000000e+00 nan nan nan
8.587500000000000133e-01 0.000000000000000000e+00 nan nan nan
8.612499999999999600e-01 0.000000000000000000e+00 nan nan nan
8.637500000000000178e-01 0.000000000000000000e+00 nan nan nan
8.662499999999999645e-01 0.000000000000000000e+00 nan nan nan
8.687500000000000222e-01 0.000000000000000000e+00 nan nan nan
8.712499999999999689e-01 0.000000000000000000e+00 nan nan nan
8.737500000000000266e-01 0.000000000000000000e+00 nan nan nan
8.762499999999999734e-01 0.000000000000000000e+00 nan nan nan
8.787500000000000311e-01 0.000000000000000000e+00 nan nan nan
8.812499999999999778e-01 0.000000000000000000e+00 nan nan nan
8.837500000000000355e-01 0.000000000000000000e+00 nan nan nan
8.862499999999999822e-01 0.000000000000000000e+00 nan nan nan
8.887500000000000400e-01 0.000000000000000000e+00 nan nan nan
8.912499999999999867e-01 0.000000000000000000e+00 nan nan nan
8.937500000000000444e-01 0.000000000000000000e+00 nan nan nan
8.962499999999999911e-01 0.000000000000000000e+00 nan nan nan
8.987500000000000488e-01 0.000000000000000000e+00 nan nan nan
9.012499999999999956e-01 0.000000000000000000e+00 nan nan nan
9.037500000000000533e-01 0.000000000000000000e+00 nan nan nan
9.062500000000000000e-01 0.000000000000000000e+00 nan nan nan
9.087499999999999467e-01 0.000000000000000000e+00 nan nan nan
9.112500000000000044e-01 0.000000000000000000e+00 nan nan nan
9.137499999999999512e-01 0.000000000000000000e+00 nan nan nan
9.162500000000000089e-01 0.000000000000000000e+00 nan nan nan
9.187499999999999556e-01 0.000000000000000000e+00 nan nan nan
9.212500000000000133e-01 0.000000000000000000e+00 nan nan nan
9.237499999999999600e-01 0.000000000000000000e+00 nan nan nan
9.262500000000000178e-01 0.000000000000000000e+00 nan nan nan
9.287499999999999645e-01 1.475000000000000074e-04 nan nan nan
9.312500000000000222e-01 2.932499999999999994e-04 nan nan nan
9.337499999999999689e-01 0.000000000000000000e+00 nan nan nan
9.362500000000000266e-01 4.350000000000000026e-04 nan nan nan
9.387499999999999734e-01 5.770000000000000389e-04 nan nan nan
9.412500000000000311e-01 1.434999999999999861e-03 nan nan nan
9.437499999999999778e-01 2.283999999999999572e-03 nan nan nan
9.462500000000000355e-01 2.840000000000000076e-03 nan nan nan
9.487499999999999822e-01 2.825000000000000254e-03 nan nan nan
9.512500000000000400e-01 4.215250000000000247e-03 nan nan nan
9.537499999999999867e-01 6.290000000000000452e-03 nan nan nan
9.562500000000000444e-01 9.733499999999999097e-03 nan nan nan
9.587499999999999911e-01 1.355600000000000034e-02 nan nan nan
9.612500000000000488e-01 1.609975000000000295e-02 nan nan nan
9.637499999999999956e-01 2.258749999999999994e-02 nan nan nan
9.662500000000000533e-01 2.737324999999999828e-02 nan nan nan
9.687500000000000000e-01 4.105124999999999746e-02 nan nan nan
9.712499999999999467e-01 5.472325000000000106e-02 nan nan nan
9.737500000000000044e-01 6.450025000000000897e-02 nan nan nan
9.762499999999999512e-01 8.644925000000000526e-02 nan nan nan
9.787500000000000089e-01 1.003430000000000016e-01 nan nan nan
9.812499999999999556e-01 1.298087500000000005e-01 nan nan nan
9.837500000000000133e-01 1.562147500000000133e-01 nan nan nan
9.862499999999999600e-01 1.875802500000000039e-01 nan nan nan
9.887500000000000178e-01 2.315030000000000143e-01 nan nan nan
9.912499999999999645e-01 2.729102499999999654e-01 nan nan nan
9.937500000000000222e-01 3.220097499999999835e-01 nan nan nan
9.962499999999999689e-01 3.729195000000000149e-01 nan nan nan
9.987500000000000266e-01 4.248457500000000220e-01 nan nan nan
1.001249999999999973e+00 5.150595000000000034e-01 nan nan nan
1.003749999999999920e+00 5.637342499999999923e-01 nan nan nan
1.006250000000000089e+00 6.502189999999999914e-01 nan nan nan
1.008750000000000036e+00 7.210965000000000291e-01 nan nan nan
1.011249999999999982e+00 8.120299999999999185e-01 nan nan nan
1.013749999999999929e+00 8.933982499999999494e-01 nan nan nan
1.016250000000000098e+00 9.879917499999999464e-01 nan nan nan
1.018750000000000044e+00 1.072337000000000096e+00 nan nan nan
1.021249999999999991e+00 1.216434749999999898e+00 nan nan nan
1.023749999999999938e+00 1.309253250000000035e+00 nan nan nan
1.026250000000000107e+00 1.420469750000000086e+00 nan nan nan
1.028750000000000053e+00 1.516895250000000139e+00 nan nan nan
1.031250000000000000e+00 1.620620000000000172e+00 nan nan nan
1.033749999999999947e+00 1.742480249999999842e+00 nan nan nan
1.036249999999999893e+00 1.834610999999999992e+00 nan nan nan
1.038750000000000062e+00 1.963308250000000088e+00 nan nan nan
1.041250000000000009e+00 2.054629750000000143e+00 nan nan nan
1.043749999999999956e+00 2.146105499999999555e+00 nan nan nan
1.046249999999999902e+00 2.216356999999999911e+00 nan nan nan
1.048750000000000071e+00 2.324410750000000192e+00 nan nan nan
1.051250000000000018e+00 2.438430749999999758e+00 nan nan nan
1.053749999999999964e+00 2.578024249999999906e+00 nan nan nan
1.056249999999999911e+00 2.608572500000000183e+00 nan nan nan
1.058750000000000080e+00 2.680091749999999884e+00 nan nan nan
1.061250000000000027e+00 2.773600749999999948e+00 nan nan nan
1.063749999999999973e+00 2.824626750000000186e+00 nan nan nan
1.066249999999999920e+00 2.876822750000000095e+00 nan nan nan
1.068750000000000089e+00 2.968684249999999913e+00 nan nan nan
1.071250000000000036e+00 2.972128249999999916e+00 nan nan nan
1.073749999999999982e+00 3.031752500000000072e+00 nan nan nan
1.076249999999999929e+00 3.059067000000000203e+00 nan nan nan
1.078750000000000098e+00 3.110789750000000353e+00 nan nan nan
1.081250000000000044e+00 3.115453249999999841e+00 nan nan nan
1.083749999999999991e+00 3.145589750000000073e+00 nan nan nan
1.086249999999999938e+00 3.146752500000000285e+00 nan nan nan
1.088750000000000107e+00 3.148407000000000178e+00 nan nan nan
1.091250000000000053e+00 3.139550250000000098e+00 nan nan nan
1.093750000000000000e+00 3.106827000000000005e+00 nan nan nan
1.096249999999999947e+00 3.134146750000000203e+00 nan nan nan
1.098749999999999893e+00 3.152233999999999980e+00 nan nan nan
1.101250000000000062e+00 3.123155750000000008e+00 nan nan nan
1.103750000000000009e+00 3.116851249999999851e+00 nan nan nan
1.106249999999999956e+00 3.043143249999999966e+00 nan nan nan
1.108749999999999902e+00 3.020022500000000054e+00 nan nan nan
1.111250000000000071e+00 3.013143000000000349e+00 nan nan nan
1.113750000000000018e+00 2.992353249999999854e+00 nan nan nan
1.116249999999999964e+00 2.927432500000000104e+00 nan nan nan
1.118749999999999911e+00 2.939760500000000221e+00 nan nan nan
1.121250000000000080e+00 2.835947250000000253e+00 nan nan nan
1.123750000000000027e+00 2.811361250000000034e+00 nan nan nan
1.126249999999999973e+00 2.778344999999999843e+00 nan nan nan
1.128749999999999920e+00 2.707969750000000175e+00 nan nan nan
1.131250000000000089e+00 2.692933999999999717e+00 nan nan nan
1.133750000000000036e+00 2.650999999999999801e+00 nan nan nan
1.136249999999999982e+00 2.672831750000000284e+00 nan nan nan
1.138749999999999929e+00 2.586884249999999774e+00 nan nan nan
1.141250000000000098e+00 2.517965749999999669e+00 nan nan nan
1.143750000000000044e+00 2.505415499999999795e+00 nan nan nan
1.146249999999999991e+00 2.467595750000000088e+00 nan nan nan
1.148749999999999938e+00 2.432297249999999966e+00 nan nan nan
1.151250000000000107e+00 2.413590999999999820e+00 nan nan nan
1.153750000000000053e+00 2.383370250000000024e+00 nan nan nan
1.156250000000000000e+00 2.340358499999999786e+00 nan nan nan
1.158749999999999947e+00 2.311520999999999937e+00 nan nan nan
1.161249999999999893e+00 2.249060249999999872e+00 nan nan nan
1.163750000000000062e+00 2.250861249999999814e+00 nan nan nan
1.166250000000000009e+00 2.221310250000000153e+00 nan nan nan
1.168749999999999956e+00 2.186220000000000052e+00 nan nan nan
1.171249999999999902e+00 2.158174749999999698e+00 nan nan nan
1.173750000000000071e+00 2.107367749999999873e+00 nan nan nan
1.176250000000000018e+00 2.119740000000000180e+00 nan nan nan
1.178749999999999964e+00 2.079187250000000375e+00 nan nan nan
1.181249999999999911e+00 2.021098249999999652e+00 nan nan nan
1.183750000000000080e+00 1.989886000000000044e+00 nan nan nan
1.186250000000000027e+00 1.987019499999999939e+00 nan nan nan
1.188749999999999973e+00 1.935032000000000085e+00 nan nan nan
1.191249999999999920e+00 1.932115750000000132e+00 nan nan nan
1.193750000000000089e+00 1.897174750000000021e+00 nan nan nan
1.196250000000000036e+00 1.865707500000000074e+00 nan nan nan
1.198749999999999982e+00 1.835459499999999800e+00 nan nan nan
1.201249999999999929e+00 1.823246000000000144e+00 nan nan nan
1.203750000000000098e+00 1.820068000000000019e+00 nan nan nan
1.206250000000000044e+00 1.799948250000000138e+00 nan nan nan
1.208749999999999991e+00 1.766577249999999877e+00 nan nan nan
1.211249999999999938e+00 1.770298750000000032e+00 nan nan nan
1.213750000000000107e+00 1.712091999999999947e+00 nan nan nan
1.216250000000000053e+00 1.714171500000000181e+00 nan nan nan
1.218750000000000000e+00 1.682664750000000042e+00 nan nan nan
1.221249999999999947e+00 1.674418750000000067e+00 nan nan nan
1.223749999999999893e+00 1.611463000000000090e+00 nan nan nan
1.226250000000000062e+00 1.618935749999999896e+00 nan nan nan
1.228750000000000009e+00 1.586332749999999958e+00 nan nan nan
1.231249999999999956e+00 1.575200500000000003e+00 nan nan nan
1.233749999999999902e+00 1.556042249999999960e+00 nan nan nan
1.236250000000000071e+00 1.551918750000000014e+00 nan nan nan
1.238750000000000018e+00 1.549472249999999995e+00 nan nan nan
1.241249999999999964e+00 1.501231250000000017e+00 nan nan nan
1.243749999999999911e+00 1.489530999999999938e+00 nan nan nan
1.246250000000000080e+00 1.461211500000000107e+00 nan nan nan
1.248750000000000027e+00 1.452431250000000063e+00 nan nan nan
1.251249999999999973e+00 1.439161499999999982e+00 nan nan nan
1.253749999999999920e+00 1.410455999999999932e+00 nan nan nan
1.256250000000000089e+00 1.405653250000000076e+00 nan nan nan
1.258750000000000036e+00 1.389803500000000192e+00 nan nan nan
1.261249999999999982e+00 1.399086250000000087e+00 nan nan nan
1.263749999999999929e+00 1.364975250000000084e+00 nan nan nan
1.266250000000000098e+00 1.346982249999999937e+00 nan nan nan
1.268750000000000044e+00 1.318061750000000032e+00 nan nan nan
1.271249999999999991e+00 1.298248500000000138e+00 nan nan nan
1.273749999999999938e+00 1.316276000000000002e+00 nan nan nan
1.276250000000000107e+00 1.310031500000000015e+00 nan nan nan
1.278750000000000053e+00 1.269223750000000095e+00 nan nan nan
1.281250000000000000e+00 1.279146749999999999e+00 nan nan nan
1.283749999999999947e+00 1.248709250000000104e+00 nan nan nan
1.286249999999999893e+00 1.233177500000000038e+00 nan nan nan
1.288750000000000062e+00 1.224646249999999936e+00 nan nan nan
1.291250000000000009e+00 1.223951000000000011e+00 nan nan nan
1.293749999999999956e+00 1.197271500000000044e+00 nan nan nan
1.296249999999999902e+00 1.195533249999999992e+00 nan nan nan
1.298750000000000071e+00 1.176688249999999991e+00 nan nan nan
1.301250000000000018e+00 1.155500750000000076e+00 nan nan nan
1.303749999999999964e+00 1.137758499999999895e+00 nan nan nan
1.306249999999999911e+00 1.138400500000000148e+00 nan nan nan
1.308750000000000080e+00 1.149273250000000024e+00 nan nan nan
1.311250000000000027e+00 1.131140000000000034e+00 nan nan nan
1.313749999999999973e+00 1.113726250000000029e+00 nan nan nan
1.316249999999999920e+00 1.103775249999999986e+00 nan nan nan
1.318750000000000089e+00 1.093379749999999984e+00 nan nan nan
1.321250000000000036e+00 1.081962499999999938e+00 nan nan nan
1.323749999999999982e+00 1.064383250000000114e+00 nan nan nan
1.326249999999999929e+00 1.074325749999999857e+00 nan nan nan
1.328750000000000098e+00 1.062005750000000193e+00 nan nan nan
1.331250000000000044e+00 1.032909999999999995e+00 nan nan nan
1.333749999999999991e+00 1.036974999999999980e+00 nan nan nan
1.336249999999999938e+00 1.054746249999999996e+00 nan nan nan
1.338750000000000107e+00 1.012217249999999957e+00 nan nan nan
1.341250000000000053e+00 1.021452249999999840e+00 nan nan nan
1.343750000000000000e+00 9.992764999999999009e-01 nan nan nan
1.346249999999999947e+00 9.875007500000000382e-01 nan nan nan
1.348749999999999893e+00 9.943277499999999547e-01 nan nan nan
1.351250000000000062e+00 9.868215000000000181e-01 nan nan nan
1.353750000000000009e+00 9.545955000000000412e-01 nan nan nan
1.356249999999999956e+00 9.626235000000000763e-01 nan nan nan
1.358749999999999902e+00 9.524042499999999523e-01 nan nan nan
1.361250000000000071e+00 9.659259999999999513e-01 nan nan nan
1.363750000000000018e+00 9.342897500000000299e-01 nan nan nan
1.366249999999999964e+00 9.360505000000000075e-01 nan nan nan
1.368749999999999911e+00 9.284265000000000434e-01 nan nan nan
1.371250000000000080e+00 9.215277499999999788e-01 nan nan nan
1.373750000000000027e+00 9.245772499999999061e-01 nan nan nan
1.376249999999999973e+00 9.124944999999999862e-01 nan nan nan
1.378749999999999920e+00 9.111282500000000839e-01 nan nan nan
1.381250000000000089e+00 8.878395000000000037e-01 nan nan nan
1.383750000000000036e+00 8.864932499999998994e-01 nan nan nan
1.386249999999999982e+00 8.832327500000000109e-01 nan nan nan
1.388749999999999929e+00 8.764294999999999725e-01 nan nan nan
1.391250000000000098e+00 8.617215000000000291e-01 nan nan nan
1.393750000000000044e+00 8.727709999999999635e-01 nan nan nan
1.396249999999999991e+00 8.681484999999999896e-01 nan nan nan
1.398749999999999938e+00 8.651774999999999327e-01 nan nan nan
1.401250000000000107e+00 8.645539999999999337e-01 nan nan nan
1.403750000000000053e+00 8.490885000000000238e-01 nan nan nan
1.406250000000000000e+00 8.458792500000000825e-01 nan nan nan
1.408749999999999947e+00 8.317959999999999798e-01 nan nan nan
1.411249999999999893e+00 8.218927499999999498e-01 nan nan nan
1.413750000000000062e+00 8.185432500000000555e-01 nan nan nan
1.416250000000000009e+00 8.219315000000000371e-01 nan nan nan
1.418749999999999956e+00 8.185319999999999263e-01 nan nan nan
1.421249999999999902e+00 8.218870000000000342e-01 nan nan nan
1.423750000000000071e+00 7.955437499999999940e-01 nan nan nan
1.426250000000000018e+00 8.002579999999999139e-01 nan nan nan
1.428749999999999964e+00 7.957160000000000899e-01 nan nan nan
1.431249999999999911e+00 7.818282500000000024e-01 nan nan nan
1.433750000000000080e+00 7.886912499999999548e-01 nan nan nan
1.436250000000000027e+00 7.844069999999999654e-01 nan nan nan
1.438749999999999973e+00 7.765237500000000681e-01 nan nan nan
1.441249999999999920e+00 7.809935000000000072e-01 nan nan nan
1.443750000000000089e+00 7.772544999999999593e-01 nan nan nan
1.446250000000000036e+00 7.535977500000000662e-01 nan nan nan
1.448749999999999982e+00 7.686275000000000190e-01 nan nan nan
1.451249999999999929e+00 7.601255000000000095e-01 nan nan nan
1.453750000000000098e+00 7.649135000000000240e-01 nan nan nan
1.456250000000000044e+00 7.631289999999999463e-01 nan nan nan
1.458749999999999991e+00 7.431874999999998899e-01 nan nan nan
1.461249999999999938e+00 7.545212499999999212e-01 nan nan nan
1.463750000000000107e+00 7.364574999999999871e-01 nan nan nan
1.466250000000000053e+00 7.400395000000000723e-01 nan nan nan
1.468750000000000000e+00 7.271487500000000104e-01 nan nan nan
1.471249999999999947e+00 7.272644999999999804e-01 nan nan nan
1.473749999999999893e+00 7.321170000000000178e-01 nan nan nan
1.476250000000000062e+00 7.299895000000000689e-01 nan nan nan
1.478750000000000009e+00 7.246740000000000403e-01 nan nan nan
1.481249999999999956e+00 7.182895000000000252e-01 nan nan nan
1.483749999999999902e+00 7.285190000000000277e-01 nan nan nan
1.486250000000000071e+00 7.196240000000000414e-01 nan nan nan
1.488750000000000018e+00 7.205359999999999543e-01 nan nan nan
1.491249999999999964e+00 7.212094999999999478e-01 nan nan nan
1.493749999999999911e+00 7.178287500000000154e-01 nan nan nan
1.496250000000000080e+00 7.107752499999999696e-01 nan nan nan
1.498750000000000027e+00 7.055757499999999460e-01 nan nan nan
1.501249999999999973e+00 6.910417500000000102e-01 nan nan nan
1.503749999999999920e+00 7.152860000000000884e-01 nan nan nan
1.506250000000000089e+00 6.959324999999999539e-01 nan nan nan
1.508750000000000036e+00 6.953040000000000331e-01 nan nan nan
1.511249999999999982e+00 6.912794999999999357e-01 nan nan nan
1.513749999999999929e+00 6.947132499999999489e-01 nan nan nan
1.516250000000000098e+00 6.888297500000000184e-01 nan nan nan
1.518750000000000044e+00 6.836969999999998882e-01 nan nan nan
1.521249999999999991e+00 6.862867500000000565e-01 nan nan nan
1.523749999999999938e+00 6.850772499999999710e-01 nan nan nan
1.526250000000000107e+00 6.890572500000000655e-01 nan nan nan
1.528750000000000053e+00 6.887640000000000429e-01 nan nan nan
1.531250000000000000e+00 6.821782499999999860e-01 nan nan nan
1.533749999999999947e+00 6.798485000000000777e-01 nan nan nan
1.536249999999999893e+00 6.883047500000001317e-01 nan nan nan
1.538750000000000062e+00 6.642680000000000806e-01 nan nan nan
1.541250000000000009e+00 6.695547499999999763e-01 nan nan nan
1.543749999999999956e+00 6.753907500000000397e-01 nan nan nan
1.546249999999999902e+00 6.731552500000000938e-01 nan nan nan
1.548750000000000071e+00 6.698705000000000354e-01 nan nan nan
1.551250000000000018e+00 6.713590000000000391e-01 nan nan nan
1.553749999999999964e+00 6.754679999999999573e-01 nan nan nan
1.556249999999999911e+00 6.838517500000000915e-01 nan nan nan
1.558750000000000080e+00 6.722402499999999836e-01 nan nan nan
1.561250000000000027e+00 6.574657500000000709e-01 nan nan nan
1.563749999999999973e+00 6.647244999999999404e-01 nan nan nan
1.566249999999999920e+00 6.631227500000000941e-01 nan nan nan
1.568750000000000089e+00 6.579625000000000057e-01 nan nan nan
1.571250000000000036e+00 6.667884999999998952e-01 nan nan nan
1.573749999999999982e+00 6.689842499999999470e-01 nan nan nan
1.576249999999999929e+00 6.652260000000000950e-01 nan nan nan
1.578750000000000098e+00 6.670492499999999270e-01 nan nan nan
1.581250000000000044e+00 6.678402500000000241e-01 nan nan nan
1.583749999999999991e+00 6.604105000000000114e-01 nan nan nan
1.586249999999999938e+00 6.707110000000000571e-01 nan nan nan
1.588750000000000107e+00 6.609452500000000397e-01 nan nan nan
1.591250000000000053e+00 6.603262500000000035e-01 nan nan nan
1.593750000000000000e+00 6.500467500000000065e-01 nan nan nan
1.596249999999999947e+00 6.694697500000000856e-01 nan nan nan
1.598749999999999893e+00 6.607615000000000016e-01 nan nan nan
1.601250000000000062e+00 6.601380000000000026e-01 nan nan nan
1.603750000000000009e+00 6.605529999999999458e-01 nan nan nan
1.606249999999999956e+00 6.706707499999999822e-01 nan nan nan
1.608749999999999902e+00 6.605802499999999799e-01 nan nan nan
1.611250000000000071e+00 6.674457500000000598e-01 nan nan nan
1.613750000000000018e+00 6.610827500000000523e-01 nan nan nan
1.616249999999999964e+00 6.584064999999998946e-01 nan nan nan
1.618749999999999911e+00 6.581212499999999910e-01 nan nan nan
1.621250000000000080e+00 6.653804999999999303e-01 nan nan nan
1.623750000000000027e+00 6.710977500000000484e-01 nan nan nan
1.626249999999999973e+00 6.607187500000000213e-01 nan nan nan
1.628749999999999920e+00 6.547617500000000312e-01 nan nan nan
1.631250000000000089e+00 6.682857500000001227e-01 nan nan nan
1.633750000000000036e+00 6.702909999999999702e-01 nan nan nan
1.636249999999999982e+00 6.646822500000000300e-01 nan nan nan
1.638749999999999929e+00 6.681479999999999642e-01 nan nan nan
1.641250000000000098e+00 6.688992499999999453e-01 nan nan nan
1.643750000000000044e+00 6.760897500000000448e-01 nan nan nan
1.646249999999999991e+00 6.581332500000000030e-01 nan nan nan
1.648749999999999938e+00 6.687207499999999749e-01 nan nan nan
1.651250000000000107e+00 6.719669999999999810e-01 nan nan nan
1.653750000000000053e+00 6.696579999999999755e-01 nan nan nan
1.656250000000000000e+00 6.680085000000000051e-01 nan nan nan
1.658749999999999947e+00 6.799524999999999597e-01 nan nan nan
1.661249999999999893e+00 6.853249999999999620e-01 nan nan nan
1.663750000000000062e+00 6.775255000000000027e-01 nan nan nan
1.666250000000000009e+00 6.845615000000000450e-01 nan nan nan
1.668749999999999956e+00 6.763934999999999809e-01 nan nan nan
1.671249999999999902e+00 6.851602500000000262e-01 nan nan nan
1.673750000000000071e+00 6.752630000000000576e-01 nan nan nan
1.676250000000000018e+00 6.780922500000000630e-01 nan nan nan
1.678749999999999964e+00 6.849622499999999947e-01 nan nan nan
1.681249999999999911e+00 6.938572499999999810e-01 nan nan nan
1.683750000000000080e+00 6.877172500000000577e-01 nan nan nan
1.686250000000000027e+00 6.866632500000000583e-01 nan nan nan
1.688749999999999973e+00 6.854342499999999117e-01 nan nan nan
1.691249999999999920e+00 6.926999999999999824e-01 nan nan nan
1.693750000000000089e+00 6.958419999999999606e-01 nan nan nan
1.696250000000000036e+00 7.114245000000000152e-01 nan nan nan
1.698749999999999982e+00 7.011367499999999753e-01 nan nan nan
1.701249999999999929e+00 7.081275000000000208e-01 nan nan nan
1.703750000000000098e+00 7.080660000000000842e-01 nan nan nan
1.706250000000000044e+00 7.003584999999998839e-01 nan nan nan
1.708749999999999991e+00 7.169050000000000145e-01 nan nan nan
1.711249999999999938e+00 7.071697499999999303e-01 nan nan nan
1.713750000000000107e+00 7.061037499999999190e-01 nan nan nan
1.716250000000000053e+00 7.048684999999998979e-01 nan nan nan
1.718750000000000000e+00 7.265352500000000768e-01 nan nan nan
1.721249999999999947e+00 7.188472500000000487e-01 nan nan nan
1.723749999999999893e+00 7.296867500000000506e-01 nan nan nan
1.726250000000000062e+00 7.239480000000000359e-01 nan nan nan
1.728750000000000009e+00 7.155587500000000212e-01 nan nan nan
1.731249999999999956e+00 7.250752500000000600e-01 nan nan nan
1.733749999999999902e+00 7.273425000000000029e-01 nan nan nan
1.736250000000000071e+00 7.327147499999999702e-01 nan nan nan
1.738750000000000018e+00 7.316607499999999709e-01 nan nan nan
1.741249999999999964e+00 7.501519999999999300e-01 nan nan nan
1.743749999999999911e+00 7.462042499999999023e-01 nan nan nan
1.746250000000000080e+00 7.552022500000000749e-01 nan nan nan
1.748750000000000027e+00 7.482627500000000875e-01 nan nan nan
1.751249999999999973e+00 7.625872500000000498e-01 nan nan nan
1.753749999999999920e+00 7.479709999999999415e-01 nan nan nan
1.756250000000000089e+00 7.611782499999999452e-01 nan nan nan
1.758750000000000036e+00 7.650169999999999471e-01 nan nan nan
1.761249999999999982e+00 7.646912499999999335e-01 nan nan nan
1.763749999999999929e+00 7.682474999999999721e-01 nan nan nan
1.766250000000000098e+00 7.623242500000000366e-01 nan nan nan
1.768750000000000044e+00 7.897989999999999178e-01 nan nan nan
1.771249999999999991e+00 7.806815000000000282e-01 nan nan nan
1.773749999999999938e+00 7.879389999999999450e-01 nan nan nan
1.776250000000000107e+00 7.854407500000000208e-01 nan nan nan
1.778750000000000053e+00 7.850827499999999404e-01 nan nan nan
1.781250000000000000e+00 7.932197500000000012e-01 nan nan nan
1.783749999999999947e+00 8.012280000000000513e-01 nan nan nan
1.786249999999999893e+00 8.015769999999999840e-01 nan nan nan
1.788750000000000062e+00 7.996954999999998925e-01 nan nan nan
1.791250000000000009e+00 8.121272500000000782e-01 nan nan nan
1.793749999999999956e+00 8.044115000000000570e-01 nan nan nan
1.796249999999999902e+00 8.180944999999999467e-01 nan nan nan
1.798750000000000071e+00 8.206554999999999822e-01 nan nan nan
1.801250000000000018e+00 8.252369999999999983e-01 nan nan nan
1.803749999999999964e+00 8.251005000000000145e-01 nan nan nan
1.806249999999999911e+00 8.347047499999999953e-01 nan nan nan
1.808750000000000080e+00 8.444080000000000474e-01 nan nan nan
1.811250000000000027e+00 8.460317500000000823e-01 nan nan nan
1.813749999999999973e+00 8.357390000000000096e-01 nan nan nan
1.816249999999999920e+00 8.525192499999999507e-01 nan nan nan
1.818750000000000089e+00 8.559814999999999507e-01 nan nan nan
1.821250000000000036e+00 8.458514999999999784e-01 nan nan nan
1.823749999999999982e+00 8.492684999999999818e-01 nan nan nan
1.826249999999999929e+00 8.590299999999999603e-01 nan nan nan
1.828750000000000098e+00 8.638682500000000042e-01 nan nan nan
1.831250000000000044e+00 8.662505000000000344e-01 nan nan nan
1.833749999999999991e+00 8.740995000000000292e-01 nan nan nan
1.836249999999999938e+00 8.758687499999999737e-01 nan nan nan
1.838750000000000107e+00 8.863502499999998951e-01 nan nan nan
1.841250000000000053e+00 8.818449999999999900e-01 nan nan nan
1.843750000000000000e+00 8.931445000000000078e-01 nan nan nan
1.846249999999999947e+00 8.989337499999999759e-01 nan nan nan
1.848749999999999893e+00 8.986990000000000256e-01 nan nan nan
1.851250000000000062e+00 9.023577499999999585e-01 nan nan nan
1.853750000000000009e+00 9.211269999999999181e-01 nan nan nan
1.856249999999999956e+00 9.083892499999999259e-01 nan nan nan
1.858749999999999902e+00 9.167300000000000448e-01 nan nan nan
1.861250000000000071e+00 9.317394999999999428e-01 nan nan nan
1.863750000000000018e+00 9.047897499999999482e-01 nan nan nan
1.866249999999999964e+00 9.121147499999999742e-01 nan nan nan
1.868749999999999911e+00 9.381472499999999881e-01 nan nan nan
1.871250000000000080e+00 9.312124999999999986e-01 nan nan nan
1.873750000000000027e+00 9.441202499999999942e-01 nan nan nan
1.876249999999999973e+00 9.423285000000000133e-01 nan nan nan
1.878749999999999920e+00 9.482154999999999889e-01 nan nan nan
1.881250000000000089e+00 9.480682499999999457e-01 nan nan nan
1.883750000000000036e+00 9.511430000000000717e-01 nan nan nan
1.886249999999999982e+00 9.553062500000000234e-01 nan nan nan
1.888749999999999929e+00 9.689247500000000013e-01 nan nan nan
1.891250000000000098e+00 9.660094999999999654e-01 nan nan nan
1.893750000000000044e+00 9.703032500000000615e-01 nan nan nan
1.896249999999999991e+00 9.868057500000000370e-01 nan nan nan
1.898749999999999938e+00 9.822687500000000238e-01 nan nan nan
1.901250000000000107e+00 9.847174999999999123e-01 nan nan nan
1.903750000000000053e+00 9.917454999999999465e-01 nan nan nan
1.906250000000000000e+00 1.002686999999999884e+00 nan nan nan
1.908749999999999947e+00 1.003587250000000042e+00 nan nan nan
1.911249999999999893e+00 9.984922499999999701e-01 nan nan nan
1.913750000000000062e+00 1.024699999999999944e+00 nan nan nan
1.916250000000000009e+00 1.013129249999999981e+00 nan nan nan
1.918749999999999956e+00 1.041884250000000067e+00 nan nan nan
1.921249999999999902e+00 1.019023250000000047e+00 nan nan nan
1.923750000000000071e+00 1.035581750000000190e+00 nan nan nan
1.926250000000000018e+00 1.028303500000000037e+00 nan nan nan
1.928749999999999964e+00 1.018120249999999949e+00 nan nan nan
1.931249999999999911e+00 1.035190500000000124e+00 nan nan nan
1.933750000000000080e+00 1.037310249999999989e+00 nan nan nan
1.936250000000000027e+00 1.050708250000000010e+00 nan nan nan
1.938749999999999973e+00 1.051484749999999968e+00 nan nan nan
1.941249999999999920e+00 1.052961749999999919e+00 nan nan nan
1.943750000000000089e+00 1.052139500000000005e+00 nan nan nan
1.946250000000000036e+00 1.060213749999999955e+00 nan nan nan
1.948749999999999982e+00 1.063521249999999974e+00 nan nan nan
1.951249999999999929e+00 1.069213500000000039e+00 nan nan nan
1.953750000000000098e+00 1.076072249999999952e+00 nan nan nan
1.956250000000000044e+00 1.081463750000000168e+00 nan nan nan
1.958749999999999991e+00 1.084006999999999943e+00 nan nan nan
1.961249999999999938e+00 1.092583499999999930e+00 nan nan nan
1.963750000000000107e+00 1.081692499999999946e+00 nan nan nan
1.966250000000000053e+00 1.099333749999999998e+00 nan nan nan
1.968750000000000000e+00 1.100808000000000009e+00 nan nan nan
1.971249999999999947e+00 1.103711249999999922e+00 nan nan nan
1.973749999999999893e+00 1.105682249999999867e+00 nan nan nan
1.976250000000000062e+00 1.106272249999999957e+00 nan nan nan
1.978750000000000009e+00 1.116824999999999957e+00 nan nan nan
1.981249999999999956e+00 1.116178749999999997e+00 nan nan nan
1.983749999999999902e+00 1.115531999999999968e+00 nan nan nan
1.986250000000000071e+00 1.111887999999999987e+00 nan nan nan
1.988750000000000018e+00 1.127321999999999935e+00 nan nan nan
1.991249999999999964e+00 1.120708999999999955e+00 nan nan nan
1.993749999999999911e+00 1.123050000000000104e+00 nan nan nan
1.996250000000000080e+00 1.129842749999999896e+00 nan nan nan
1.998750000000000027e+00 1.131632999999999889e+00 nan nan nan
2.001250000000000195e+00 1.131442749999999942e+00 nan nan nan
2.003750000000000142e+00 1.148096999999999923e+00 nan nan nan
2.006250000000000089e+00 1.147290499999999991e+00 nan nan nan
2.008750000000000036e+00 1.164099250000000030e+00 nan nan nan
2.011249999999999982e+00 1.157875250000000023e+00 nan nan nan
2.013749999999999929e+00 1.148072999999999899e+00 nan nan nan
2.016249999999999876e+00 1.171907000000000032e+00 nan nan nan
2.018749999999999822e+00 1.153905249999999993e+00 nan nan nan
2.021250000000000213e+00 1.164217249999999870e+00 nan nan nan
2.023750000000000160e+00 1.157524250000000032e+00 nan nan nan
2.026250000000000107e+00 1.171454750000000100e+00 nan nan nan
2.028750000000000053e+00 1.171010000000000106e+00 nan nan nan
2.031250000000000000e+00 1.175432749999999915e+00 nan nan nan
2.033749999999999947e+00 1.186808250000000120e+00 nan nan nan
2.036249999999999893e+00 1.179234749999999998e+00 nan nan nan
2.038749999999999840e+00 1.198155499999999929e+00 nan nan nan
2.041249999999999787e+00 1.198731500000000061e+00 nan nan nan
2.043750000000000178e+00 1.186638250000000117e+00 nan nan nan
2.046250000000000124e+00 1.199166500000000024e+00 nan nan nan
2.048750000000000071e+00 1.199512750000000239e+00 nan nan nan
2.051250000000000018e+00 1.195321749999999961e+00 nan nan nan
2.053749999999999964e+00 1.198864750000000035e+00 nan nan nan
2.056249999999999911e+00 1.207348500000000158e+00 nan nan nan
2.058749999999999858e+00 1.209787249999999981e+00 nan nan nan
2.061249999999999805e+00 1.219962250000000026e+00 nan nan nan
2.063750000000000195e+00 1.210679499999999909e+00 nan nan nan
2.066250000000000142e+00 1.210789249999999928e+00 nan nan nan
2.068750000000000089e+00 1.210806000000000049e+00 nan nan nan
2.071250000000000036e+00 1.224215249999999866e+00 nan nan nan
2.073749999999999982e+00 1.221117500000000078e+00 nan nan nan
2.076249999999999929e+00 1.226289749999999845e+00 nan nan nan
2.078749999999999876e+00 1.227049499999999904e+00 nan nan nan
2.081249999999999822e+00 1.223310500000000189e+00 nan nan nan
2.083750000000000213e+00 1.231856000000000062e+00 nan nan nan
2.086250000000000160e+00 1.239977499999999955e+00 nan nan nan
2.088750000000000107e+00 1.225907499999999928e+00 nan nan nan
2.091250000000000053e+00 1.238300000000000178e+00 nan nan nan
2.093750000000000000e+00 1.238099749999999943e+00 nan nan nan
2.096249999999999947e+00 1.246056749999999935e+00 nan nan nan
2.098749999999999893e+00 1.233881750000000110e+00 nan nan nan
2.101249999999999840e+00 1.232099499999999903e+00 nan nan nan
2.103749999999999787e+00 1.243997000000000019e+00 nan nan nan
2.106250000000000178e+00 1.247924250000000068e+00 nan nan nan
2.108750000000000124e+00 1.251915249999999924e+00 nan nan nan
2.111250000000000071e+00 1.252032749999999917e+00 nan nan nan
2.113750000000000018e+00 1.253967500000000124e+00 nan nan nan
2.116249999999999964e+00 1.252909000000000050e+00 nan nan nan
2.118749999999999911e+00 1.254287249999999965e+00 nan nan nan
2.121249999999999858e+00 1.245794249999999881e+00 nan nan nan
2.123749999999999805e+00 1.232037999999999967e+00 nan nan nan
2.126250000000000195e+00 1.256760499999999947e+00 nan nan nan
2.128750000000000142e+00 1.241660999999999904e+00 nan nan nan
2.131250000000000089e+00 1.251150249999999797e+00 nan nan nan
2.133750000000000036e+00 1.243779999999999886e+00 nan nan nan
2.136249999999999982e+00 1.243628999999999873e+00 nan nan nan
2.138749999999999929e+00 1.249201250000000041e+00 nan nan nan
2.141249999999999876e+00 1.241737749999999973e+00 nan nan nan
2.143749999999999822e+00 1.243214499999999889e+00 nan nan nan
2.146250000000000213e+00 1.239160750000000144e+00 nan nan nan
2.148750000000000160e+00 1.238702500000000040e+00 nan nan nan
2.151250000000000107e+00 1.240550999999999959e+00 nan nan nan
2.153750000000000053e+00 1.250582749999999965e+00 nan nan nan
2.156250000000000000e+00 1.231276499999999885e+00 nan nan nan
2.158749999999999947e+00 1.231945749999999951e+00 nan nan nan
2.161249999999999893e+00 1.233262499999999928e+00 nan nan nan
2.163749999999999840e+00 1.223081250000000120e+00 nan nan nan
2.166249999999999787e+00 1.227386000000000088e+00 nan nan nan
2.168750000000000178e+00 1.236722499999999947e+00 nan nan nan
2.171250000000000124e+00 1.232743499999999770e+00 nan nan nan
2.173750000000000071e+00 1.225011999999999990e+00 nan nan nan
2.176250000000000018e+00 1.236321000000000003e+00 nan nan nan
2.178749999999999964e+00 1.216021250000000054e+00 nan nan nan
2.181249999999999911e+00 1.226677749999999900e+00 nan nan nan
2.183749999999999858e+00 1.215658250000000162e+00 nan nan nan
2.186249999999999805e+00 1.214981250000000124e+00 nan nan nan
2.188750000000000195e+00 1.219983749999999922e+00 nan nan nan
2.191250000000000142e+00 1.207933500000000215e+00 nan nan nan
2.193750000000000089e+00 1.208669250000000028e+00 nan nan nan
2.196250000000000036e+00 1.211850249999999907e+00 nan nan nan
2.198749999999999982e+00 1.206781749999999986e+00 nan nan nan
2.201249999999999929e+00 1.195881500000000042e+00 nan nan nan
2.203749999999999876e+00 1.206704999999999917e+00 nan nan nan
2.206249999999999822e+00 1.204964499999999994e+00 nan nan nan
2.208750000000000213e+00 1.194445750000000084e+00 nan nan nan
2.211250000000000160e+00 1.185947500000000154e+00 nan nan nan
2.213750000000000107e+00 1.177381250000000046e+00 nan nan nan
2.216250000000000053e+00 1.177263249999999983e+00 nan nan nan
2.218750000000000000e+00 1.177891749999999904e+00 nan nan nan
2.221249999999999947e+00 1.174571999999999949e+00 nan nan nan
2.223749999999999893e+00 1.175480499999999928e+00 nan nan nan
2.226249999999999840e+00 1.165479249999999967e+00 nan nan nan
2.228749999999999787e+00 1.165911999999999837e+00 nan nan nan
2.231250000000000178e+00 1.165931500000000121e+00 nan nan nan
2.233750000000000124e+00 1.169388000000000094e+00 nan nan nan
2.236250000000000071e+00 1.165681500000000037e+00 nan nan nan
2.238750000000000018e+00 1.151105249999999858e+00 nan nan nan
2.241249999999999964e+00 1.154968250000000030e+00 nan nan nan
2.243749999999999911e+00 1.146208000000000116e+00 nan nan nan
2.246249999999999858e+00 1.132772000000000112e+00 nan nan nan
2.248749999999999805e+00 1.138853749999999998e+00 nan nan nan
2.251250000000000195e+00 1.150224499999999983e+00 nan nan nan
2.253750000000000142e+00 1.123367749999999887e+00 nan nan nan
2.256250000000000089e+00 1.130920499999999995e+00 nan nan nan
2.258750000000000036e+00 1.131010249999999884e+00 nan nan nan
2.261249999999999982e+00 1.128386250000000146e+00 nan nan nan
2.263749999999999929e+00 1.128624999999999989e+00 nan nan nan
2.266249999999999876e+00 1.114302250000000161e+00 nan nan nan
2.268749999999999822e+00 1.111526749999999897e+00 nan nan nan
2.271250000000000213e+00 1.115021250000000075e+00 nan nan nan
2.273750000000000160e+00 1.103717000000000059e+00 nan nan nan
2.276250000000000107e+00 1.107379749999999774e+00 nan nan nan
2.278750000000000053e+00 1.107546999999999837e+00 nan nan nan
2.281250000000000000e+00 1.102506500000000056e+00 nan nan nan
2.283749999999999947e+00 1.093536250000000098e+00 nan nan nan
2.286249999999999893e+00 1.088761749999999973e+00 nan nan nan
2.288749999999999840e+00 1.076457250000000032e+00 nan nan nan
2.291249999999999787e+00 1.089198000000000111e+00 nan nan nan
2.293750000000000178e+00 1.087308249999999976e+00 nan nan nan
2.296250000000000124e+00 1.076671249999999969e+00 nan nan nan
2.298750000000000071e+00 1.067713499999999982e+00 nan nan nan
2.301250000000000018e+00 1.074974749999999979e+00 nan nan nan
2.303749999999999964e+00 1.059394500000000017e+00 nan nan nan
2.306249999999999911e+00 1.062358249999999948e+00 nan nan nan
2.308749999999999858e+00 1.066498999999999864e+00 nan nan nan
2.311249999999999805e+00 1.049079000000000095e+00 nan nan nan
2.313750000000000195e+00 1.060968499999999981e+00 nan nan nan
2.316250000000000142e+00 1.044293750000000021e+00 nan nan nan
2.318750000000000089e+00 1.044360750000000060e+00 nan nan nan
2.321250000000000036e+00 1.043339249999999829e+00 nan nan nan
2.323749999999999982e+00 1.042343749999999902e+00 nan nan nan
2.326249999999999929e+00 1.029719249999999864e+00 nan nan nan
2.328749999999999876e+00 1.036934749999999905e+00 nan nan nan
2.331249999999999822e+00 1.033659499999999953e+00 nan nan nan
2.333750000000000213e+00 1.033290000000000042e+00 nan nan nan
2.336250000000000160e+00 1.019012499999999877e+00 nan nan nan
2.338750000000000107e+00 1.027156500000000028e+00 nan nan nan
2.341250000000000053e+00 1.021600499999999911e+00 nan nan nan
2.343750000000000000e+00 1.025671749999999882e+00 nan nan nan
2.346249999999999947e+00 1.017990499999999798e+00 nan nan nan
2.348749999999999893e+00 1.025227749999999993e+00 nan nan nan
2.351249999999999840e+00 1.009801249999999984e+00 nan nan nan
2.353749999999999787e+00 1.004995250000000118e+00 nan nan nan
2.356250000000000178e+00 1.000642250000000066e+00 nan nan nan
2.358750000000000124e+00 1.001858750000000020e+00 nan nan nan
2.361250000000000071e+00 9.953140000000000320e-01 nan nan nan
2.363750000000000018e+00 9.948487500000000594e-01 nan nan nan
2.366249999999999964e+00 9.897952500000000153e-01 nan nan nan
2.368749999999999911e+00 9.892479999999999052e-01 nan nan nan
2.371249999999999858e+00 9.912562499999999499e-01 nan nan nan
2.373749999999999805e+00 9.870704999999999618e-01 nan nan nan
2.376250000000000195e+00 9.842067500000000191e-01 nan nan nan
2.378750000000000142e+00 9.791054999999999620e-01 nan nan nan
2.381250000000000089e+00 9.729924999999999269e-01 nan nan nan
2.383750000000000036e+00 9.817825000000000024e-01 nan nan nan
2.386249999999999982e+00 9.709284999999999721e-01 nan nan nan
2.388749999999999929e+00 9.700337500000000279e-01 nan nan nan
2.391249999999999876e+00 9.762117500000000447e-01 nan nan nan
2.393749999999999822e+00 9.652532499999999516e-01 nan nan nan
2.396250000000000213e+00 9.611590000000000966e-01 nan nan nan
2.398750000000000160e+00 9.596204999999998764e-01 nan nan nan
2.401250000000000107e+00 9.654514999999999070e-01 nan nan nan
2.403750000000000053e+00 9.597917499999999436e-01 nan nan nan
2.406250000000000000e+00 9.528569999999999540e-01 nan nan nan
2.408749999999999947e+00 9.575642499999998947e-01 nan nan nan
2.411249999999999893e+00 9.565637500000000459e-01 nan nan nan
2.413749999999999840e+00 9.511135000000000561e-01 nan nan nan
2.416249999999999787e+00 9.481662500000000993e-01 nan nan nan
2.418750000000000178e+00 9.425994999999999235e-01 nan nan nan
2.421250000000000124e+00 9.383547500000000152e-01 nan nan nan
2.423750000000000071e+00 9.435627499999998946e-01 nan nan nan
2.426250000000000018e+00 9.453125000000000000e-01 nan nan nan
2.428749999999999964e+00 9.399617499999999293e-01 nan nan nan
2.431249999999999911e+00 9.308454999999999924e-01 nan nan nan
2.433749999999999858e+00 9.281612499999999377e-01 nan nan nan
2.436249999999999805e+00 9.376322500000000559e-01 nan nan nan
2.438750000000000195e+00 9.294899999999999274e-01 nan nan nan
2.441250000000000142e+00 9.270537500000000097e-01 nan nan nan
2.443750000000000089e+00 9.262224999999999486e-01 nan nan nan
2.446250000000000036e+00 9.164687499999999432e-01 nan nan nan
2.448749999999999982e+00 9.201115000000000821e-01 nan nan nan
2.451249999999999929e+00 9.272925000000000750e-01 nan nan nan
2.453749999999999876e+00 9.159222499999999378e-01 nan nan nan
2.456249999999999822e+00 9.192849999999999078e-01 nan nan nan
2.458750000000000213e+00 9.106235000000000301e-01 nan nan nan
2.461250000000000160e+00 9.201084999999999958e-01 nan nan nan
2.463750000000000107e+00 9.197502499999999914e-01 nan nan nan
2.466250000000000053e+00 9.175312499999999094e-01 nan nan nan
2.468750000000000000e+00 9.106877499999999070e-01 nan nan nan
2.471249999999999947e+00 9.198392500000001082e-01 nan nan nan
2.473749999999999893e+00 9.114150000000000862e-01 nan nan nan
2.476249999999999840e+00 9.108820000000000805e-01 nan nan nan
2.478749999999999787e+00 9.090662499999999646e-01 nan nan nan
2.481250000000000178e+00 9.074210000000000331e-01 nan nan nan
2.483750000000000124e+00 9.014527499999999138e-01 nan nan nan
2.486250000000000071e+00 9.084445000000000991e-01 nan nan nan
2.488750000000000018e+00 9.069487500000000813e-01 nan nan nan
2.491249999999999964e+00 9.059897499999999271e-01 nan nan nan
2.493749999999999911e+00 8.954847500000000515e-01 nan nan nan
2.496249999999999858e+00 9.041799999999999837e-01 nan nan nan
2.498749999999999805e+00 9.009257500000000807e-01 nan nan nan
