1.250000000000000026e-03 0.000000000000000000e+00 nan nan nan
3.749999999999999861e-03 0.000000000000000000e+00 nan nan nan
6.250000000000000347e-03 0.000000000000000000e+00 nan nan nan
8.750000000000000833e-03 0.000000000000000000e+00 nan nan nan
1.124999999999999958e-02 0.000000000000000000e+00 nan nan nan
1.375000000000000007e-02 0.000000000000000000e+00 nan nan nan
1.625000000000000056e-02 0.000000000000000000e+00 nan nan nan
1.874999999999999931e-02 0.000000000000000000e+00 nan nan nan
2.125000000000000153e-02 0.000000000000000000e+00 nan nan nan
2.375000000000000028e-02 0.000000000000000000e+00 nan nan nan
2.624999999999999903e-02 0.000000000000000000e+00 nan nan nan
2.875000000000000125e-02 0.000000000000000000e+00 nan nan nan
3.125000000000000000e-02 0.000000000000000000e+00 nan nan nan
3.375000000000000222e-02 0.000000000000000000e+00 nan nan nan
3.624999999999999750e-02 0.000000000000000000e+00 nan nan nan
3.874999999999999972e-02 0.000000000000000000e+00 nan nan nan
4.125000000000000194e-02 0.000000000000000000e+00 nan nan nan
4.374999999999999722e-02 0.000000000000000000e+00 nan nan nan
4.624999999999999944e-02 0.000000000000000000e+00 nan nan nan
4.875000000000000167e-02 0.000000000000000000e+00 nan nan nan
5.124999999999999695e-02 0.000000000000000000e+00 nan nan nan
5.374999999999999917e-02 0.000000000000000000e+00 nan nan nan
5.625000000000000139e-02 0.000000000000000000e+00 nan nan nan
5.874999999999999667e-02 0.000000000000000000e+00 nan nan nan
6.124999999999999889e-02 0.000000000000000000e+00 nan nan nan
6.375000000000000111e-02 0.000000000000000000e+00 nan nan nan
6.625000000000000333e-02 0.000000000000000000e+00 nan nan nan
6.875000000000000555e-02 0.000000000000000000e+00 nan nan nan
7.124999999999999389e-02 0.000000000000000000e+00 nan nan nan
7.374999999999999611e-02 0.000000000000000000e+00 nan nan nan
7.624999999999999833e-02 0.000000000000000000e+00 nan nan nan
7.875000000000000056e-02 0.000000000000000000e+00 nan nan nan
8.125000000000000278e-02 0.000000000000000000e+00 nan nan nan
8.375000000000000500e-02 0.000000000000000000e+00 nan nan nan
8.624999999999999334e-02 0.000000000000000000e+00 nan nan nan
8.874999999999999556e-02 0.000000000000000000e+00 nan nan nan
9.124999999999999778e-02 0.000000000000000000e+00 nan nan nan
9.375000000000000000e-02 0.000000000000000000e+00 nan nan nan
9.625000000000000222e-02 0.000000000000000000e+00 nan nan nan
9.875000000000000444e-02 0.000000000000000000e+00 nan nan nan
1.012500000000000067e-01 0.000000000000000000e+00 nan nan nan
1.037499999999999950e-01 0.000000000000000000e+00 nan nan nan
1.062499999999999972e-01 0.000000000000000000e+00 nan nan nan
1.087499999999999994e-01 0.000000000000000000e+00 nan nan nan
1.112500000000000017e-01 0.000000000000000000e+00 nan nan nan
1.137500000000000039e-01 0.000000000000000000e+00 nan nan nan
1.162500000000000061e-01 0.000000000000000000e+00 nan nan nan
1.187499999999999944e-01 0.000000000000000000e+00 nan nan nan
1.212499999999999967e-01 0.000000000000000000e+00 nan nan nan
1.237499999999999989e-01 0.000000000000000000e+00 nan nan nan
1.262500000000000011e-01 0.000000000000000000e+00 nan nan nan
1.287500000000000033e-01 0.000000000000000000e+00 nan nan nan
1.312500000000000056e-01 0.000000000000000000e+00 nan nan nan
1.337500000000000078e-01 0.000000000000000000e+00 nan nan nan
1.362500000000000100e-01 0.000000000000000000e+00 nan nan nan
1.387500000000000122e-01 0.000000000000000000e+00 nan nan nan
1.412499999999999867e-01 0.000000000000000000e+00 nan nan nan
1.437499999999999889e-01 0.000000000000000000e+00 nan nan nan
1.462499999999999911e-01 0.000000000000000000e+00 nan nan nan
1.487499999999999933e-01 0.000000000000000000e+00 nan nan nan
1.512499999999999956e-01 0.000000000000000000e+00 nan nan nan
1.537499999999999978e-01 0.000000000000000000e+00 nan nan nan
1.562500000000000000e-01 0.000000000000000000e+00 nan nan nan
1.587500000000000022e-01 0.000000000000000000e+00 nan nan nan
1.612500000000000044e-01 0.000000000000000000e+00 nan nan nan
1.637500000000000067e-01 0.000000000000000000e+00 nan nan nan
1.662500000000000089e-01 0.000000000000000000e+00 nan nan nan
1.687500000000000111e-01 0.000000000000000000e+00 nan nan nan
1.712500000000000133e-01 0.000000000000000000e+00 nan nan nan
1.737499999999999878e-01 0.000000000000000000e+00 nan nan nan
1.762499999999999900e-01 0.000000000000000000e+00 nan nan nan
1.787499999999999922e-01 0.000000000000000000e+00 nan nan nan
1.812499999999999944e-01 0.000000000000000000e+00 nan nan nan
1.837499999999999967e-01 0.000000000000000000e+00 nan nan nan
1.862499999999999989e-01 0.000000000000000000e+00 nan nan nan
1.887500000000000011e-01 0.000000000000000000e+00 nan nan nan
1.912500000000000033e-01 0.000000000000000000e+00 nan nan nan
1.937500000000000056e-01 0.000000000000000000e+00 nan nan nan
1.962500000000000078e-01 0.000000000000000000e+00 nan nan nan
1.987500000000000100e-01 0.000000000000000000e+00 nan nan nan
2.012500000000000122e-01 0.000000000000000000e+00 nan nan nan
2.037499999999999867e-01 0.000000000000000000e+00 nan nan nan
2.062499999999999889e-01 0.000000000000000000e+00 nan nan nan
2.087499999999999911e-01 0.000000000000000000e+00 nan nan nan
2.112499999999999933e-01 0.000000000000000000e+00 nan nan nan
2.137499999999999956e-01 0.000000000000000000e+00 nan nan nan
2.162499999999999978e-01 0.000000000000000000e+00 nan nan nan
2.187500000000000000e-01 0.000000000000000000e+00 nan nan nan
2.212500000000000022e-01 0.000000000000000000e+00 nan nan nan
2.237500000000000044e-01 0.000000000000000000e+00 nan nan nan
2.262500000000000067e-01 0.000000000000000000e+00 nan nan nan
2.287500000000000089e-01 0.000000000000000000e+00 nan nan nan
2.312500000000000111e-01 0.000000000000000000e+00 nan nan nan
2.337500000000000133e-01 0.000000000000000000e+00 nan nan nan
2.362499999999999878e-01 0.000000000000000000e+00 nan nan nan
2.387499999999999900e-01 0.000000000000000000e+00 nan nan nan
2.412499999999999922e-01 0.000000000000000000e+00 nan nan nan
2.437499999999999944e-01 0.000000000000000000e+00 nan nan nan
2.462499999999999967e-01 0.000000000000000000e+00 nan nan nan
2.487499999999999989e-01 0.000000000000000000e+00 nan nan nan
2.512499999999999734e-01 0.000000000000000000e+00 nan nan nan
2.537499999999999756e-01 0.000000000000000000e+00 nan nan nan
2.562499999999999778e-01 0.000000000000000000e+00 nan nan nan
2.587499999999999800e-01 0.000000000000000000e+00 nan nan nan
2.612499999999999822e-01 0.000000000000000000e+00 nan nan nan
2.637499999999999845e-01 0.000000000000000000e+00 nan nan nan
2.662499999999999867e-01 0.000000000000000000e+00 nan nan nan
2.687499999999999889e-01 0.000000000000000000e+00 nan nan nan
2.712499999999999911e-01 0.000000000000000000e+00 nan nan nan
2.737499999999999933e-01 0.000000000000000000e+00 nan nan nan
2.762499999999999956e-01 0.000000000000000000e+00 nan nan nan
2.787499999999999978e-01 0.000000000000000000e+00 nan nan nan
2.812500000000000000e-01 0.000000000000000000e+00 nan nan nan
2.837500000000000022e-01 0.000000000000000000e+00 nan nan nan
2.862500000000000044e-01 0.000000000000000000e+00 nan nan nan
2.887500000000000067e-01 0.000000000000000000e+00 nan nan nan
2.912500000000000089e-01 0.000000000000000000e+00 nan nan nan
2.937500000000000111e-01 0.000000000000000000e+00 nan nan nan
2.962500000000000133e-01 0.000000000000000000e+00 nan nan nan
2.987500000000000155e-01 0.000000000000000000e+00 nan nan nan
3.012500000000000178e-01 0.000000000000000000e+00 nan nan nan
3.037500000000000200e-01 0.000000000000000000e+00 nan nan nan
3.062500000000000222e-01 0.000000000000000000e+00 nan nan nan
3.087500000000000244e-01 0.000000000000000000e+00 nan nan nan
3.112500000000000266e-01 0.000000000000000000e+00 nan nan nan
3.137499999999999734e-01 0.000000000000000000e+00 nan nan nan
3.162499999999999756e-01 0.000000000000000000e+00 nan nan nan
3.187499999999999778e-01 0.000000000000000000e+00 nan nan nan
3.212499999999999800e-01 0.000000000000000000e+00 nan nan nan
3.237499999999999822e-01 0.000000000000000000e+00 nan nan nan
3.262499999999999845e-01 0.000000000000000000e+00 nan nan nan
3.287499999999999867e-01 0.000000000000000000e+00 nan nan nan
3.312499999999999889e-01 0.000000000000000000e+00 nan nan nan
3.337499999999999911e-01 0.000000000000000000e+00 nan nan nan
3.362499999999999933e-01 0.000000000000000000e+00 nan nan nan
3.387499999999999956e-01 0.000000000000000000e+00 nan nan nan
3.412499999999999978e-01 0.000000000000000000e+00 nan nan nan
3.437500000000000000e-01 0.000000000000000000e+00 nan nan nan
3.462500000000000022e-01 0.000000000000000000e+00 nan nan nan
3.487500000000000044e-01 0.000000000000000000e+00 nan nan nan
3.512500000000000067e-01 0.000000000000000000e+00 nan nan nan
3.537500000000000089e-01 0.000000000000000000e+00 nan nan nan
3.562500000000000111e-01 0.000000000000000000e+00 nan nan nan
3.587500000000000133e-01 0.000000000000000000e+00 nan nan nan
3.612500000000000155e-01 0.000000000000000000e+00 nan nan nan
3.637500000000000178e-01 0.000000000000000000e+00 nan nan nan
3.662500000000000200e-01 0.000000000000000000e+00 nan nan nan
3.687500000000000222e-01 0.000000000000000000e+00 nan nan nan
3.712500000000000244e-01 0.000000000000000000e+00 nan nan nan
3.737500000000000266e-01 0.000000000000000000e+00 nan nan nan
3.762499999999999734e-01 0.000000000000000000e+00 nan nan nan
3.787499999999999756e-01 0.000000000000000000e+00 nan nan nan
3.812499999999999778e-01 0.000000000000000000e+00 nan nan nan
3.837499999999999800e-01 0.000000000000000000e+00 nan nan nan
3.862499999999999822e-01 0.000000000000000000e+00 nan nan nan
3.887499999999999845e-01 0.000000000000000000e+00 nan nan nan
3.912499999999999867e-01 0.000000000000000000e+00 nan nan nan
3.937499999999999889e-01 0.000000000000000000e+00 nan nan nan
3.962499999999999911e-01 0.000000000000000000e+00 nan nan nan
3.987499999999999933e-01 0.000000000000000000e+00 nan nan nan
4.012499999999999956e-01 0.000000000000000000e+00 nan nan nan
4.037499999999999978e-01 0.000000000000000000e+00 nan nan nan
4.062500000000000000e-01 0.000000000000000000e+00 nan nan nan
4.087500000000000022e-01 0.000000000000000000e+00 nan nan nan
4.112500000000000044e-01 0.000000000000000000e+00 nan nan nan
4.137500000000000067e-01 0.000000000000000000e+00 nan nan nan
4.162500000000000089e-01 0.000000000000000000e+00 nan nan nan
4.187500000000000111e-01 0.000000000000000000e+00 nan nan nan
4.212500000000000133e-01 0.000000000000000000e+00 nan nan nan
4.237500000000000155e-01 0.000000000000000000e+00 nan nan nan
4.262500000000000178e-01 0.000000000000000000e+00 nan nan nan
4.287500000000000200e-01 0.000000000000000000e+00 nan nan nan
4.312500000000000222e-01 0.000000000000000000e+00 nan nan nan
4.337500000000000244e-01 0.000000000000000000e+00 nan nan nan
4.362500000000000266e-01 0.000000000000000000e+00 nan nan nan
4.387499999999999734e-01 0.000000000000000000e+00 nan nan nan
4.412499999999999756e-01 0.000000000000000000e+00 nan nan nan
4.437499999999999778e-01 0.000000000000000000e+00 nan nan nan
4.462499999999999800e-01 0.000000000000000000e+00 nan nan nan
4.487499999999999822e-01 0.000000000000000000e+00 nan nan nan
4.512499999999999845e-01 0.000000000000000000e+00 nan nan nan
4.537499999999999867e-01 0.000000000000000000e+00 nan nan nan
4.562499999999999889e-01 0.000000000000000000e+00 nan nan nan
4.587499999999999911e-01 0.000000000000000000e+00 nan nan nan
4.612499999999999933e-01 0.000000000000000000e+00 nan nan nan
4.637499999999999956e-01 0.000000000000000000e+00 nan nan nan
4.662499999999999978e-01 0.000000000000000000e+00 nan nan nan
4.687500000000000000e-01 0.000000000000000000e+00 nan nan nan
4.712500000000000022e-01 0.000000000000000000e+00 nan nan nan
4.737500000000000044e-01 0.000000000000000000e+00 nan nan nan
4.762500000000000067e-01 0.000000000000000000e+00 nan nan nan
4.787500000000000089e-01 0.000000000000000000e+00 nan nan nan
4.812500000000000111e-01 0.000000000000000000e+00 nan nan nan
4.837500000000000133e-01 0.000000000000000000e+00 nan nan nan
4.862500000000000155e-01 0.000000000000000000e+00 nan nan nan
4.887500000000000178e-01 0.000000000000000000e+00 nan nan nan
4.912500000000000200e-01 0.000000000000000000e+00 nan nan nan
4.937500000000000222e-01 0.000000000000000000e+00 nan nan nan
4.962500000000000244e-01 0.000000000000000000e+00 nan nan nan
4.987500000000000266e-01 0.000000000000000000e+00 nan nan nan
5.012499999999999734e-01 0.000000000000000000e+00 nan nan nan
5.037500000000000311e-01 0.000000000000000000e+00 nan nan nan
5.062499999999999778e-01 0.000000000000000000e+00 nan nan nan
5.087500000000000355e-01 0.000000000000000000e+00 nan nan nan
5.112499999999999822e-01 0.000000000000000000e+00 nan nan nan
5.137500000000000400e-01 0.000000000000000000e+00 nan nan nan
5.162499999999999867e-01 0.000000000000000000e+00 nan nan nan
5.187500000000000444e-01 0.000000000000000000e+00 nan nan nan
5.212499999999999911e-01 0.000000000000000000e+00 nan nan nan
5.237500000000000488e-01 0.000000000000000000e+00 nan nan nan
5.262499999999999956e-01 0.000000000000000000e+00 nan nan nan
5.287500000000000533e-01 0.000000000000000000e+00 nan nan nan
5.312500000000000000e-01 0.000000000000000000e+00 nan nan nan
5.337499999999999467e-01 0.000000000000000000e+00 nan nan nan
5.362500000000000044e-01 0.000000000000000000e+00 nan nan nan
5.387499999999999512e-01 0.000000000000000000e+00 nan nan nan
5.412500000000000089e-01 0.000000000000000000e+00 nan nan nan
5.437499999999999556e-01 0.000000000000000000e+00 nan nan nan
5.462500000000000133e-01 0.000000000000000000e+00 nan nan nan
5.487499999999999600e-01 0.000000000000000000e+00 nan nan nan
5.512500000000000178e-01 0.000000000000000000e+00 nan nan nan
5.537499999999999645e-01 0.000000000000000000e+00 nan nan nan
5.562500000000000222e-01 0.000000000000000000e+00 nan nan nan
5.587499999999999689e-01 0.000000000000000000e+00 nan nan nan
5.612500000000000266e-01 0.000000000000000000e+00 nan nan nan
5.637499999999999734e-01 0.000000000000000000e+00 nan nan nan
5.662500000000000311e-01 0.000000000000000000e+00 nan nan nan
5.687499999999999778e-01 0.000000000000000000e+00 nan nan nan
5.712500000000000355e-01 0.000000000000000000e+00 nan nan nan
5.737499999999999822e-01 0.000000000000000000e+00 nan nan nan
5.762500000000000400e-01 0.000000000000000000e+00 nan nan nan
5.787499999999999867e-01 0.000000000000000000e+00 nan nan nan
5.812500000000000444e-01 0.000000000000000000e+00 nan nan nan
5.837499999999999911e-01 0.000000000000000000e+00 nan nan nan
5.862500000000000488e-01 0.000000000000000000e+00 nan nan nan
5.887499999999999956e-01 0.000000000000000000e+00 nan nan nan
5.912500000000000533e-01 0.000000000000000000e+00 nan nan nan
5.937500000000000000e-01 0.000000000000000000e+00 nan nan nan
5.962499999999999467e-01 0.000000000000000000e+00 nan nan nan
5.987500000000000044e-01 0.000000000000000000e+00 nan nan nan
6.012499999999999512e-01 0.000000000000000000e+00 nan nan nan
6.037500000000000089e-01 0.000000000000000000e+00 nan nan nan
6.062499999999999556e-01 0.000000000000000000e+00 nan nan nan
6.087500000000000133e-01 0.000000000000000000e+00 nan nan nan
6.112499999999999600e-01 0.000000000000000000e+00 nan nan nan
6.137500000000000178e-01 0.000000000000000000e+00 nan nan nan
6.162499999999999645e-01 0.000000000000000000e+00 nan nan nan
6.187500000000000222e-01 0.000000000000000000e+00 nan nan nan
6.212499999999999689e-01 0.000000000000000000e+00 nan nan nan
6.237500000000000266e-01 0.000000000000000000e+00 nan nan nan
6.262499999999999734e-01 0.000000000000000000e+00 nan nan nan
6.287500000000000311e-01 0.000000000000000000e+00 nan nan nan
6.312499999999999778e-01 0.000000000000000000e+00 nan nan nan
6.337500000000000355e-01 0.000000000000000000e+00 nan nan nan
6.362499999999999822e-01 0.000000000000000000e+00 nan nan nan
6.387500000000000400e-01 0.000000000000000000e+00 nan nan nan
6.412499999999999867e-01 0.000000000000000000e+00 nan nan nan
6.437500000000000444e-01 0.000000000000000000e+00 nan nan nan
6.462499999999999911e-01 0.000000000000000000e+00 nan nan nan
6.487500000000000488e-01 0.000000000000000000e+00 nan nan nan
6.512499999999999956e-01 0.000000000000000000e+00 nan nan nan
6.537500000000000533e-01 0.000000000000000000e+00 nan nan nan
6.562500000000000000e-01 0.000000000000000000e+00 nan nan nan
6.587499999999999467e-01 0.000000000000000000e+00 nan nan nan
6.612500000000000044e-01 0.000000000000000000e+00 nan nan nan
6.637499999999999512e-01 0.000000000000000000e+00 nan nan nan
6.662500000000000089e-01 0.000000000000000000e+00 nan nan nan
6.687499999999999556e-01 0.000000000000000000e+00 nan nan nan
6.712500000000000133e-01 0.000000000000000000e+00 nan nan nan
6.737499999999999600e-01 0.000000000000000000e+00 nan nan nan
6.762500000000000178e-01 0.000000000000000000e+00 nan nan nan
6.787499999999999645e-01 0.000000000000000000e+00 nan nan nan
6.812500000000000222e-01 0.000000000000000000e+00 nan nan nan
6.837499999999999689e-01 0.000000000000000000e+00 nan nan nan
6.862500000000000266e-01 0.000000000000000000e+00 nan nan nan
6.887499999999999734e-01 0.000000000000000000e+00 nan nan nan
6.912500000000000311e-01 0.000000000000000000e+00 nan nan nan
6.937499999999999778e-01 0.000000000000000000e+00 nan nan nan
6.962500000000000355e-01 0.000000000000000000e+00 nan nan nan
6.987499999999999822e-01 0.000000000000000000e+00 nan nan nan
7.012500000000000400e-01 0.000000000000000000e+00 nan nan nan
7.037499999999999867e-01 0.000000000000000000e+00 nan nan nan
7.062500000000000444e-01 0.000000000000000000e+00 nan nan nan
7.087499999999999911e-01 0.000000000000000000e+00 nan nan nan
7.112500000000000488e-01 0.000000000000000000e+00 nan nan nan
7.137499999999999956e-01 0.000000000000000000e+00 nan nan nan
7.162500000000000533e-01 0.000000000000000000e+00 nan nan nan
7.187500000000000000e-01 0.000000000000000000e+00 nan nan nan
7.212499999999999467e-01 0.000000000000000000e+00 nan nan nan
7.237500000000000044e-01 0.000000000000000000e+00 nan nan nan
7.262499999999999512e-01 0.000000000000000000e+00 nan nan nan
7.287500000000000089e-01 0.000000000000000000e+00 nan nan nan
7.312499999999999556e-01 0.000000000000000000e+00 nan nan nan
7.337500000000000133e-01 0.000000000000000000e+00 nan nan nan
7.362499999999999600e-01 0.000000000000000000e+00 nan nan nan
7.387500000000000178e-01 0.000000000000000000e+00 nan nan nan
7.412499999999999645e-01 0.000000000000000000e+00 nan nan nan
7.437500000000000222e-01 0.000000000000000000e+00 nan nan nan
7.462499999999999689e-01 0.000000000000000000e+00 nan nan nan
7.487500000000000266e-01 0.000000000000000000e+00 nan nan nan
7.512499999999999734e-01 0.000000000000000000e+00 nan nan nan
7.537500000000000311e-01 0.000000000000000000e+00 nan nan nan
7.562499999999999778e-01 0.000000000000000000e+00 nan nan nan
7.587500000000000355e-01 0.000000000000000000e+00 nan nan nan
7.612499999999999822e-01 0.000000000000000000e+00 nan nan nan
7.637500000000000400e-01 0.000000000000000000e+00 nan nan nan
7.662499999999999867e-01 0.000000000000000000e+00 nan nan nan
7.687500000000000444e-01 4.302500000000000226e-04 nan nan nan
7.712499999999999911e-01 0.000000000000000000e+00 nan nan nan
7.737500000000000488e-01 0.000000000000000000e+00 nan nan nan
7.762499999999999956e-01 0.000000000000000000e+00 nan nan nan
7.787500000000000533e-01 4.195000000000000053e-04 nan nan nan
7.812500000000000000e-01 2.082499999999999933e-04 nan nan nan
7.837499999999999467e-01 4.139999999999999800e-04 nan nan nan
7.862500000000000044e-01 1.234000000000000071e-03 nan nan nan
7.887499999999999512e-01 8.177500000000000090e-04 nan nan nan
7.912500000000000089e-01 1.624749999999999892e-03 nan nan nan
7.937499999999999556e-01 3.229000000000000099e-03 nan nan nan
7.962500000000000133e-01 3.409249999999999954e-03 nan nan nan
7.987499999999999600e-01 4.384499999999999509e-03 nan nan nan
8.012500000000000178e-01 6.931750000000000411e-03 nan nan nan
8.037499999999999645e-01 8.857000000000000289e-03 nan nan nan
8.062500000000000222e-01 1.310525000000000058e-02 nan nan nan
8.087499999999999689e-01 1.321874999999999960e-02 nan nan nan
8.112500000000000266e-01 1.410349999999999972e-02 nan nan nan
8.137499999999999734e-01 1.920099999999999932e-02 nan nan nan
8.162500000000000311e-01 2.709899999999999809e-02 nan nan nan
8.187499999999999778e-01 3.015799999999999731e-02 nan nan nan
8.212500000000000355e-01 3.977775000000000061e-02 nan nan nan
8.237499999999999822e-01 4.459600000000000369e-02 nan nan nan
8.262500000000000400e-01 5.475649999999999962e-02 nan nan nan
8.287499999999999867e-01 6.794075000000000808e-02 nan nan nan
8.312500000000000444e-01 8.059725000000000916e-02 nan nan nan
8.337499999999999911e-01 9.017499999999997740e-02 nan nan nan
8.362500000000000488e-01 1.056362500000000010e-01 nan nan nan
8.387499999999999956e-01 1.122369999999999896e-01 nan nan nan
8.412500000000000533e-01 1.361850000000000005e-01 nan nan nan
8.437500000000000000e-01 1.557395000000000029e-01 nan nan nan
8.462499999999999467e-01 1.773690000000000266e-01 nan nan nan
8.487500000000000044e-01 1.879745000000000166e-01 nan nan nan
8.512499999999999512e-01 2.312652499999999778e-01 nan nan nan
8.537500000000000089e-01 2.433450000000000057e-01 nan nan nan
8.562499999999999556e-01 2.805995000000000017e-01 nan nan nan
8.587500000000000133e-01 2.958647500000000097e-01 nan nan nan
8.612499999999999600e-01 3.284325000000000161e-01 nan nan nan
8.637500000000000178e-01 3.728899999999999992e-01 nan nan nan
8.662499999999999645e-01 3.942932500000000395e-01 nan nan nan
8.687500000000000222e-01 4.321227499999999999e-01 nan nan nan
8.712499999999999689e-01 4.643197500000000311e-01 nan nan nan
8.737500000000000266e-01 5.011377500000000484e-01 nan nan nan
8.762499999999999734e-01 5.363697499999999785e-01 nan nan nan
8.787500000000000311e-01 5.693822500000000897e-01 nan nan nan
8.812499999999999778e-01 6.123262499999999608e-01 nan nan nan
8.837500000000000355e-01 6.607992499999999492e-01 nan nan nan
8.862499999999999822e-01 6.779595000000000482e-01 nan nan nan
8.887500000000000400e-01 7.343542499999999862e-01 nan nan nan
8.912499999999999867e-01 7.747392499999999904e-01 nan nan nan
8.937500000000000444e-01 8.098872500000000585e-01 nan nan nan
8.962499999999999911e-01 8.439974999999999561e-01 nan nan nan
8.987500000000000488e-01 8.797632499999999967e-01 nan nan nan
9.012499999999999956e-01 9.324950000000000738e-01 nan nan nan
9.037500000000000533e-01 9.727994999999999282e-01 nan nan nan
9.062500000000000000e-01 1.021160749999999950e+00 nan nan nan
9.087499999999999467e-01 1.038029000000000091e+00 nan nan nan
9.112500000000000044e-01 1.095579999999999998e+00 nan nan nan
9.137499999999999512e-01 1.130405249999999917e+00 nan nan nan
9.162500000000000089e-01 1.143328249999999935e+00 nan nan nan
9.187499999999999556e-01 1.194203750000000008e+00 nan nan nan
9.212500000000000133e-01 1.263387250000000073e+00 nan nan nan
9.237499999999999600e-01 1.261922499999999836e+00 nan nan nan
9.262500000000000178e-01 1.320180249999999944e+00 nan nan nan
9.287499999999999645e-01 1.324284999999999934e+00 nan nan nan
9.312500000000000222e-01 1.357796750000000108e+00 nan nan nan
9.337499999999999689e-01 1.373869000000000007e+00 nan nan nan
9.362500000000000266e-01 1.422821749999999996e+00 nan nan nan
9.387499999999999734e-01 1.437905999999999906e+00 nan nan nan
9.412500000000000311e-01 1.476920499999999858e+00 nan nan nan
9.437499999999999778e-01 1.481240500000000182e+00 nan nan nan
9.462500000000000355e-01 1.528236750000000033e+00 nan nan nan
9.487499999999999822e-01 1.548162249999999851e+00 nan nan nan
9.512500000000000400e-01 1.573196750000000144e+00 nan nan nan
9.537499999999999867e-01 1.579776499999999917e+00 nan nan nan
9.562500000000000444e-01 1.603925499999999893e+00 nan nan nan
9.587499999999999911e-01 1.629737749999999874e+00 nan nan nan
9.612500000000000488e-01 1.677002000000000104e+00 nan nan nan
9.637499999999999956e-01 1.677895500000000206e+00 nan nan nan
9.662500000000000533e-01 1.669087999999999905e+00 nan nan nan
9.687500000000000000e-01 1.705058500000000254e+00 nan nan nan
9.712499999999999467e-01 1.719475499999999935e+00 nan nan nan
9.737500000000000044e-01 1.716557749999999993e+00 nan nan nan
9.762499999999999512e-01 1.711513000000000062e+00 nan nan nan
9.787500000000000089e-01 1.755474250000000014e+00 nan nan nan
9.812499999999999556e-01 1.765556249999999938e+00 nan nan nan
9.837500000000000133e-01 1.743849999999999900e+00 nan nan nan
9.862499999999999600e-01 1.757634499999999989e+00 nan nan nan
9.887500000000000178e-01 1.763714500000000074e+00 nan nan nan
9.912499999999999645e-01 1.797402500000000014e+00 nan nan nan
9.937500000000000222e-01 1.797125499999999931e+00 nan nan nan
9.962499999999999689e-01 1.794266750000000243e+00 nan nan nan
9.987500000000000266e-01 1.774460499999999996e+00 nan nan nan
1.001249999999999973e+00 1.793766500000000041e+00 nan nan nan
1.003749999999999920e+00 1.807432499999999997e+00 nan nan nan
1.006250000000000089e+00 1.772217750000000036e+00 nan nan nan
1.008750000000000036e+00 1.827169500000000113e+00 nan nan nan
1.011249999999999982e+00 1.797009499999999926e+00 nan nan nan
1.013749999999999929e+00 1.808200499999999877e+00 nan nan nan
1.016250000000000098e+00 1.831817000000000029e+00 nan nan nan
1.018750000000000044e+00 1.813649499999999914e+00 nan nan nan
1.021249999999999991e+00 1.768207249999999897e+00 nan nan nan
1.023749999999999938e+00 1.777294250000000186e+00 nan nan nan
1.026250000000000107e+00 1.789048499999999819e+00 nan nan nan
1.028750000000000053e+00 1.763423500000000033e+00 nan nan nan
1.031250000000000000e+00 1.785849999999999937e+00 nan nan nan
1.033749999999999947e+00 1.781862999999999975e+00 nan nan nan
1.036249999999999893e+00 1.749830750000000101e+00 nan nan nan
1.038750000000000062e+00 1.774531000000000081e+00 nan nan nan
1.041250000000000009e+00 1.753236999999999934e+00 nan nan nan
1.043749999999999956e+00 1.737378749999999972e+00 nan nan nan
1.046249999999999902e+00 1.732454500000000008e+00 nan nan nan
1.048750000000000071e+00 1.714147250000000122e+00 nan nan nan
1.051250000000000018e+00 1.705658750000000001e+00 nan nan nan
1.053749999999999964e+00 1.698262249999999973e+00 nan nan nan
1.056249999999999911e+00 1.699463999999999864e+00 nan nan nan
1.058750000000000080e+00 1.717989999999999906e+00 nan nan nan
1.061250000000000027e+00 1.688681249999999912e+00 nan nan nan
1.063749999999999973e+00 1.688618500000000022e+00 nan nan nan
1.066249999999999920e+00 1.685294750000000175e+00 nan nan nan
1.068750000000000089e+00 1.673078500000000135e+00 nan nan nan
1.071250000000000036e+00 1.677576500000000026e+00 nan nan nan
1.073749999999999982e+00 1.645733000000000112e+00 nan nan nan
1.076249999999999929e+00 1.647206750000000053e+00 nan nan nan
1.078750000000000098e+00 1.623410499999999868e+00 nan nan nan
1.081250000000000044e+00 1.659849499999999978e+00 nan nan nan
1.083749999999999991e+00 1.615176999999999863e+00 nan nan nan
1.086249999999999938e+00 1.611414499999999972e+00 nan nan nan
1.088750000000000107e+00 1.617108999999999908e+00 nan nan nan
1.091250000000000053e+00 1.576502000000000070e+00 nan nan nan
1.093750000000000000e+00 1.588434499999999971e+00 nan nan nan
1.096249999999999947e+00 1.566068250000000051e+00 nan nan nan
1.098749999999999893e+00 1.576853999999999978e+00 nan nan nan
1.101250000000000062e+00 1.568130499999999872e+00 nan nan nan
1.103750000000000009e+00 1.539744000000000002e+00 nan nan nan
1.106249999999999956e+00 1.543805249999999685e+00 nan nan nan
1.108749999999999902e+00 1.550400500000000070e+00 nan nan nan
1.111250000000000071e+00 1.528090750000000053e+00 nan nan nan
1.113750000000000018e+00 1.502993000000000023e+00 nan nan nan
1.116249999999999964e+00 1.496982749999999918e+00 nan nan nan
1.118749999999999911e+00 1.478921499999999778e+00 nan nan nan
1.121250000000000080e+00 1.477592999999999934e+00 nan nan nan
1.123750000000000027e+00 1.468307499999999877e+00 nan nan nan
1.126249999999999973e+00 1.476932249999999947e+00 nan nan nan
1.128749999999999920e+00 1.457224250000000110e+00 nan nan nan
1.131250000000000089e+00 1.443736500000000200e+00 nan nan nan
1.133750000000000036e+00 1.442619000000000096e+00 nan nan nan
1.136249999999999982e+00 1.419141749999999869e+00 nan nan nan
1.138749999999999929e+00 1.416643500000000166e+00 nan nan nan
1.141250000000000098e+00 1.389845249999999810e+00 nan nan nan
1.143750000000000044e+00 1.407200000000000006e+00 nan nan nan
1.146249999999999991e+00 1.406681499999999918e+00 nan nan nan
1.148749999999999938e+00 1.399023750000000010e+00 nan nan nan
1.151250000000000107e+00 1.380387249999999844e+00 nan nan nan
1.153750000000000053e+00 1.357122249999999974e+00 nan nan nan
1.156250000000000000e+00 1.366286750000000216e+00 nan nan nan
1.158749999999999947e+00 1.352822250000000004e+00 nan nan nan
1.161249999999999893e+00 1.361995500000000137e+00 nan nan nan
1.163750000000000062e+00 1.359248000000000012e+00 nan nan nan
1.166250000000000009e+00 1.335478499999999791e+00 nan nan nan
1.168749999999999956e+00 1.329305750000000064e+00 nan nan nan
1.171249999999999902e+00 1.315017749999999985e+00 nan nan nan
1.173750000000000071e+00 1.303976500000000094e+00 nan nan nan
1.176250000000000018e+00 1.299909749999999864e+00 nan nan nan
1.178749999999999964e+00 1.307029999999999914e+00 nan nan nan
1.181249999999999911e+00 1.285648250000000159e+00 nan nan nan
1.183750000000000080e+00 1.260261499999999923e+00 nan nan nan
1.186250000000000027e+00 1.268327499999999830e+00 nan nan nan
1.188749999999999973e+00 1.260569000000000051e+00 nan nan nan
1.191249999999999920e+00 1.256448499999999857e+00 nan nan nan
1.193750000000000089e+00 1.239503000000000021e+00 nan nan nan
1.196250000000000036e+00 1.269512999999999892e+00 nan nan nan
1.198749999999999982e+00 1.229626999999999803e+00 nan nan nan
1.201249999999999929e+00 1.250331499999999929e+00 nan nan nan
1.203750000000000098e+00 1.221451250000000099e+00 nan nan nan
1.206250000000000044e+00 1.224607749999999884e+00 nan nan nan
1.208749999999999991e+00 1.227118500000000001e+00 nan nan nan
1.211249999999999938e+00 1.214778750000000018e+00 nan nan nan
1.213750000000000107e+00 1.192949249999999850e+00 nan nan nan
1.216250000000000053e+00 1.195958000000000077e+00 nan nan nan
1.218750000000000000e+00 1.182581750000000209e+00 nan nan nan
1.221249999999999947e+00 1.188912999999999887e+00 nan nan nan
1.223749999999999893e+00 1.167843750000000069e+00 nan nan nan
1.226250000000000062e+00 1.184056750000000102e+00 nan nan nan
1.228750000000000009e+00 1.169643499999999836e+00 nan nan nan
1.231249999999999956e+00 1.157266249999999941e+00 nan nan nan
1.233749999999999902e+00 1.142974500000000004e+00 nan nan nan
1.236250000000000071e+00 1.166892250000000075e+00 nan nan nan
1.238750000000000018e+00 1.142963749999999834e+00 nan nan nan
1.241249999999999964e+00 1.143976250000000139e+00 nan nan nan
1.243749999999999911e+00 1.132395499999999888e+00 nan nan nan
1.246250000000000080e+00 1.128593249999999992e+00 nan nan nan
1.248750000000000027e+00 1.133210999999999968e+00 nan nan nan
1.251249999999999973e+00 1.115043749999999889e+00 nan nan nan
1.253749999999999920e+00 1.109792499999999960e+00 nan nan nan
1.256250000000000089e+00 1.094019999999999992e+00 nan nan nan
1.258750000000000036e+00 1.094814500000000024e+00 nan nan nan
1.261249999999999982e+00 1.100150000000000183e+00 nan nan nan
1.263749999999999929e+00 1.104001750000000115e+00 nan nan nan
1.266250000000000098e+00 1.086245250000000162e+00 nan nan nan
1.268750000000000044e+00 1.109693249999999853e+00 nan nan nan
1.271249999999999991e+00 1.085585000000000022e+00 nan nan nan
1.273749999999999938e+00 1.081484250000000147e+00 nan nan nan
1.276250000000000107e+00 1.071787250000000080e+00 nan nan nan
1.278750000000000053e+00 1.074209750000000074e+00 nan nan nan
1.281250000000000000e+00 1.071881000000000084e+00 nan nan nan
1.283749999999999947e+00 1.050813499999999845e+00 nan nan nan
1.286249999999999893e+00 1.051881999999999984e+00 nan nan nan
1.288750000000000062e+00 1.053393499999999872e+00 nan nan nan
1.291250000000000009e+00 1.046039500000000011e+00 nan nan nan
1.293749999999999956e+00 1.037442750000000080e+00 nan nan nan
1.296249999999999902e+00 1.048957750000000022e+00 nan nan nan
1.298750000000000071e+00 1.031429999999999847e+00 nan nan nan
1.301250000000000018e+00 1.028972250000000033e+00 nan nan nan
1.303749999999999964e+00 1.032510749999999922e+00 nan nan nan
1.306249999999999911e+00 1.019619749999999936e+00 nan nan nan
1.308750000000000080e+00 1.012610250000000045e+00 nan nan nan
1.311250000000000027e+00 1.018884249999999936e+00 nan nan nan
1.313749999999999973e+00 1.022303249999999997e+00 nan nan nan
1.316249999999999920e+00 1.012699000000000016e+00 nan nan nan
1.318750000000000089e+00 1.005426749999999814e+00 nan nan nan
1.321250000000000036e+00 9.978385000000000726e-01 nan nan nan
1.323749999999999982e+00 1.007424000000000097e+00 nan nan nan
1.326249999999999929e+00 1.004569500000000115e+00 nan nan nan
1.328750000000000098e+00 9.977677499999999533e-01 nan nan nan
1.331250000000000044e+00 9.884280000000000843e-01 nan nan nan
1.333749999999999991e+00 9.866557499999999425e-01 nan nan nan
1.336249999999999938e+00 9.771282499999999205e-01 nan nan nan
1.338750000000000107e+00 9.816409999999999858e-01 nan nan nan
1.341250000000000053e+00 9.649794999999999900e-01 nan nan nan
1.343750000000000000e+00 9.647022499999999834e-01 nan nan nan
1.346249999999999947e+00 9.728382500000000155e-01 nan nan nan
1.348749999999999893e+00 9.500142499999999490e-01 nan nan nan
1.351250000000000062e+00 9.533960000000000212e-01 nan nan nan
1.353750000000000009e+00 9.541102500000000486e-01 nan nan nan
1.356249999999999956e+00 9.401582500000000842e-01 nan nan nan
1.358749999999999902e+00 9.468947500000000073e-01 nan nan nan
1.361250000000000071e+00 9.550159999999998650e-01 nan nan nan
1.363750000000000018e+00 9.425617500000000870e-01 nan nan nan
1.366249999999999964e+00 9.464719999999999800e-01 nan nan nan
1.368749999999999911e+00 9.467507500000000853e-01 nan nan nan
1.371250000000000080e+00 9.316709999999999159e-01 nan nan nan
1.373750000000000027e+00 9.520662500000000028e-01 nan nan nan
1.376249999999999973e+00 9.259202500000000002e-01 nan nan nan
1.378749999999999920e+00 9.358090000000000019e-01 nan nan nan
1.381250000000000089e+00 9.246939999999999049e-01 nan nan nan
1.383750000000000036e+00 9.289257499999999945e-01 nan nan nan
1.386249999999999982e+00 9.400682499999999386e-01 nan nan nan
1.388749999999999929e+00 9.336542500000000189e-01 nan nan nan
1.391250000000000098e+00 9.105292499999999567e-01 nan nan nan
1.393750000000000044e+00 9.225820000000000132e-01 nan nan nan
1.396249999999999991e+00 9.334340000000000970e-01 nan nan nan
1.398749999999999938e+00 9.231464999999999810e-01 nan nan nan
1.401250000000000107e+00 9.171360000000000623e-01 nan nan nan
1.403750000000000053e+00 8.978049999999999642e-01 nan nan nan
1.406250000000000000e+00 9.131974999999999953e-01 nan nan nan
1.408749999999999947e+00 9.045130000000000114e-01 nan nan nan
1.411249999999999893e+00 8.982470000000000176e-01 nan nan nan
1.413750000000000062e+00 9.019435000000000091e-01 nan nan nan
1.416250000000000009e+00 8.888095000000000301e-01 nan nan nan
1.418749999999999956e+00 9.046305000000000041e-01 nan nan nan
1.421249999999999902e+00 8.908127500000000420e-01 nan nan nan
1.423750000000000071e+00 8.977859999999999729e-01 nan nan nan
1.426250000000000018e+00 8.855779999999999763e-01 nan nan nan
1.428749999999999964e+00 8.915134999999999588e-01 nan nan nan
1.431249999999999911e+00 8.861672500000000730e-01 nan nan nan
1.433750000000000080e+00 8.763374999999998805e-01 nan nan nan
1.436250000000000027e+00 8.808089999999999531e-01 nan nan nan
1.438749999999999973e+00 8.901585000000000747e-01 nan nan nan
1.441249999999999920e+00 8.813802499999999762e-01 nan nan nan
1.443750000000000089e+00 8.841254999999998976e-01 nan nan nan
1.446250000000000036e+00 8.785792499999999228e-01 nan nan nan
1.448749999999999982e+00 8.921482499999999760e-01 nan nan nan
1.451249999999999929e+00 8.784520000000000106e-01 nan nan nan
1.453750000000000098e+00 8.825925000000000020e-01 nan nan nan
1.456250000000000044e+00 8.804039999999999644e-01 nan nan nan
1.458749999999999991e+00 8.807949999999999946e-01 nan nan nan
1.461249999999999938e+00 8.787364999999999204e-01 nan nan nan
1.463750000000000107e+00 8.676667500000000421e-01 nan nan nan
1.466250000000000053e+00 8.709199999999999164e-01 nan nan nan
1.468750000000000000e+00 8.771527500000000366e-01 nan nan nan
1.471249999999999947e+00 8.670664999999999623e-01 nan nan nan
1.473749999999999893e+00 8.696887499999998994e-01 nan nan nan
1.476250000000000062e+00 8.764890000000000736e-01 nan nan nan
1.478750000000000009e+00 8.812615000000000309e-01 nan nan nan
1.481249999999999956e+00 8.750439999999999330e-01 nan nan nan
1.483749999999999902e+00 8.621637500000000065e-01 nan nan nan
1.486250000000000071e+00 8.634677500000000894e-01 nan nan nan
1.488750000000000018e+00 8.670527499999999277e-01 nan nan nan
1.491249999999999964e+00 8.718095000000000150e-01 nan nan nan
1.493749999999999911e+00 8.699195000000000677e-01 nan nan nan
1.496250000000000080e+00 8.636072499999999375e-01 nan nan nan
1.498750000000000027e+00 8.614077499999999166e-01 nan nan nan
1.501249999999999973e+00 8.642392500000000144e-01 nan nan nan
1.503749999999999920e+00 8.649664999999999715e-01 nan nan nan
1.506250000000000089e+00 8.615935000000000121e-01 nan nan nan
1.508750000000000036e+00 8.600250000000000394e-01 nan nan nan
1.511249999999999982e+00 8.660897499999999916e-01 nan nan nan
1.513749999999999929e+00 8.540204999999999602e-01 nan nan nan
1.516250000000000098e+00 8.667472500000000801e-01 nan nan nan
1.518750000000000044e+00 8.521547499999999609e-01 nan nan nan
1.521249999999999991e+00 8.496857500000000174e-01 nan nan nan
1.523749999999999938e+00 8.467354999999999743e-01 nan nan nan
1.526250000000000107e+00 8.498592499999999550e-01 nan nan nan
1.528750000000000053e+00 8.662864999999999593e-01 nan nan nan
1.531250000000000000e+00 8.609657499999999741e-01 nan nan nan
1.533749999999999947e+00 8.572424999999999073e-01 nan nan nan
1.536249999999999893e+00 8.653912499999999453e-01 nan nan nan
1.538750000000000062e+00 8.583929999999999616e-01 nan nan nan
1.541250000000000009e+00 8.311492499999999506e-01 nan nan nan
1.543749999999999956e+00 8.605245000000000255e-01 nan nan nan
1.546249999999999902e+00 8.616262500000000379e-01 nan nan nan
1.548750000000000071e+00 8.480327500000000018e-01 nan nan nan
1.551250000000000018e+00 8.523294999999999622e-01 nan nan nan
1.553749999999999964e+00 8.433737500000000331e-01 nan nan nan
1.556249999999999911e+00 8.543157500000000404e-01 nan nan nan
1.558750000000000080e+00 8.621484999999999843e-01 nan nan nan
1.561250000000000027e+00 8.439495000000000191e-01 nan nan nan
1.563749999999999973e+00 8.546162499999999662e-01 nan nan nan
1.566249999999999920e+00 8.603385000000000060e-01 nan nan nan
1.568750000000000089e+00 8.584254999999999525e-01 nan nan nan
1.571250000000000036e+00 8.589919999999999778e-01 nan nan nan
1.573749999999999982e+00 8.457919999999998772e-01 nan nan nan
1.576249999999999929e+00 8.451072499999999765e-01 nan nan nan
1.578750000000000098e+00 8.637562500000000032e-01 nan nan nan
1.581250000000000044e+00 8.592982500000000412e-01 nan nan nan
1.583749999999999991e+00 8.482232499999999842e-01 nan nan nan
1.586249999999999938e+00 8.707167499999999283e-01 nan nan nan
1.588750000000000107e+00 8.666687499999999877e-01 nan nan nan
1.591250000000000053e+00 8.580725000000000158e-01 nan nan nan
1.593750000000000000e+00 8.670460000000000944e-01 nan nan nan
1.596249999999999947e+00 8.677254999999999274e-01 nan nan nan
1.598749999999999893e+00 8.689437500000000147e-01 nan nan nan
1.601250000000000062e+00 8.442642500000000494e-01 nan nan nan
1.603750000000000009e+00 8.619519999999999404e-01 nan nan nan
1.606249999999999956e+00 8.644950000000000134e-01 nan nan nan
1.608749999999999902e+00 8.594030000000000280e-01 nan nan nan
1.611250000000000071e+00 8.607052499999999773e-01 nan nan nan
1.613750000000000018e+00 8.541344999999999077e-01 nan nan nan
1.616249999999999964e+00 8.550474999999999604e-01 nan nan nan
1.618749999999999911e+00 8.777375000000000593e-01 nan nan nan
1.621250000000000080e+00 8.704369999999999052e-01 nan nan nan
1.623750000000000027e+00 8.704112499999999697e-01 nan nan nan
1.626249999999999973e+00 8.700447499999999224e-01 nan nan nan
1.628749999999999920e+00 8.754280000000000950e-01 nan nan nan
1.631250000000000089e+00 8.565964999999999829e-01 nan nan nan
1.633750000000000036e+00 8.691250000000000364e-01 nan nan nan
1.636249999999999982e+00 8.639067500000000566e-01 nan nan nan
1.638749999999999929e+00 8.802115000000000355e-01 nan nan nan
1.641250000000000098e+00 8.580847499999999517e-01 nan nan nan
1.643750000000000044e+00 8.740177499999999267e-01 nan nan nan
1.646249999999999991e+00 8.830472499999999503e-01 nan nan nan
1.648749999999999938e+00 8.673215000000000785e-01 nan nan nan
1.651250000000000107e+00 8.734637499999999832e-01 nan nan nan
1.653750000000000053e+00 8.874222499999999680e-01 nan nan nan
1.656250000000000000e+00 8.696347500000000119e-01 nan nan nan
1.658749999999999947e+00 8.809249999999999581e-01 nan nan nan
1.661249999999999893e+00 8.743597499999999911e-01 nan nan nan
1.663750000000000062e+00 8.877187500000001119e-01 nan nan nan
1.666250000000000009e+00 8.789204999999999934e-01 nan nan nan
1.668749999999999956e+00 8.892562500000000814e-01 nan nan nan
1.671249999999999902e+00 8.856872499999999260e-01 nan nan nan
1.673750000000000071e+00 8.882172500000000692e-01 nan nan nan
1.676250000000000018e+00 8.863392500000000229e-01 nan nan nan
1.678749999999999964e+00 9.037332499999999325e-01 nan nan nan
1.681249999999999911e+00 8.928604999999999459e-01 nan nan nan
1.683750000000000080e+00 8.833044999999999369e-01 nan nan nan
1.686250000000000027e+00 8.950857500000000133e-01 nan nan nan
1.688749999999999973e+00 8.987687500000000052e-01 nan nan nan
1.691249999999999920e+00 8.947799999999999088e-01 nan nan nan
1.693750000000000089e+00 9.007384999999999975e-01 nan nan nan
1.696250000000000036e+00 9.109895000000000076e-01 nan nan nan
1.698749999999999982e+00 9.172102499999998937e-01 nan nan nan
1.701249999999999929e+00 8.992284999999999862e-01 nan nan nan
1.703750000000000098e+00 8.991755000000000164e-01 nan nan nan
1.706250000000000044e+00 9.083347499999999686e-01 nan nan nan
1.708749999999999991e+00 9.026305000000001133e-01 nan nan nan
1.711249999999999938e+00 9.157127499999999642e-01 nan nan nan
1.713750000000000107e+00 9.088007500000001571e-01 nan nan nan
1.716250000000000053e+00 9.096512500000000223e-01 nan nan nan
1.718750000000000000e+00 9.308087499999999626e-01 nan nan nan
1.721249999999999947e+00 9.161332500000000101e-01 nan nan nan
1.723749999999999893e+00 9.228490000000000304e-01 nan nan nan
1.726250000000000062e+00 9.376720000000000610e-01 nan nan nan
1.728750000000000009e+00 9.304522500000000917e-01 nan nan nan
1.731249999999999956e+00 9.138527499999999915e-01 nan nan nan
1.733749999999999902e+00 9.300844999999999807e-01 nan nan nan
1.736250000000000071e+00 9.253832500000001016e-01 nan nan nan
1.738750000000000018e+00 9.196124999999999439e-01 nan nan nan
1.741249999999999964e+00 9.305607499999999366e-01 nan nan nan
1.743749999999999911e+00 9.316992499999999788e-01 nan nan nan
1.746250000000000080e+00 9.314104999999999190e-01 nan nan nan
1.748750000000000027e+00 9.449227500000000335e-01 nan nan nan
1.751249999999999973e+00 9.449629999999999974e-01 nan nan nan
1.753749999999999920e+00 9.381782499999999914e-01 nan nan nan
1.756250000000000089e+00 9.514210000000000722e-01 nan nan nan
1.758750000000000036e+00 9.476495000000000335e-01 nan nan nan
1.761249999999999982e+00 9.473382499999999373e-01 nan nan nan
1.763749999999999929e+00 9.552817499999999296e-01 nan nan nan
1.766250000000000098e+00 9.529052500000000370e-01 nan nan nan
1.768750000000000044e+00 9.552940000000000875e-01 nan nan nan
1.771249999999999991e+00 9.478574999999999084e-01 nan nan nan
1.773749999999999938e+00 9.503197500000000186e-01 nan nan nan
1.776250000000000107e+00 9.570767499999999206e-01 nan nan nan
1.778750000000000053e+00 9.652789999999999981e-01 nan nan nan
1.781250000000000000e+00 9.537550000000000194e-01 nan nan nan
1.783749999999999947e+00 9.629519999999999191e-01 nan nan nan
1.786249999999999893e+00 9.738074999999999370e-01 nan nan nan
1.788750000000000062e+00 9.659212499999999535e-01 nan nan nan
1.791250000000000009e+00 9.713109999999999244e-01 nan nan nan
1.793749999999999956e+00 9.608995000000000175e-01 nan nan nan
1.796249999999999902e+00 9.680784999999999529e-01 nan nan nan
1.798750000000000071e+00 9.854312499999999808e-01 nan nan nan
1.801250000000000018e+00 9.790922499999999973e-01 nan nan nan
1.803749999999999964e+00 9.768492499999998913e-01 nan nan nan
1.806249999999999911e+00 9.910217500000000346e-01 nan nan nan
1.808750000000000080e+00 9.903052500000000258e-01 nan nan nan
1.811250000000000027e+00 9.883097499999999869e-01 nan nan nan
1.813749999999999973e+00 9.866692500000000532e-01 nan nan nan
1.816249999999999920e+00 9.894667499999999505e-01 nan nan nan
1.818750000000000089e+00 9.862487500000000074e-01 nan nan nan
1.821250000000000036e+00 9.887945000000000206e-01 nan nan nan
1.823749999999999982e+00 9.891052499999999359e-01 nan nan nan
1.826249999999999929e+00 1.003402249999999940e+00 nan nan nan
1.828750000000000098e+00 9.983797500000000102e-01 nan nan nan
1.831250000000000044e+00 1.005096250000000024e+00 nan nan nan
1.833749999999999991e+00 9.965347500000000247e-01 nan nan nan
1.836249999999999938e+00 1.007021500000000014e+00 nan nan nan
1.838750000000000107e+00 1.014288000000000078e+00 nan nan nan
1.841250000000000053e+00 1.013148500000000007e+00 nan nan nan
1.843750000000000000e+00 1.012758999999999965e+00 nan nan nan
1.846249999999999947e+00 1.017814250000000031e+00 nan nan nan
1.848749999999999893e+00 1.003233250000000076e+00 nan nan nan
1.851250000000000062e+00 1.015736750000000077e+00 nan nan nan
1.853750000000000009e+00 1.025949000000000000e+00 nan nan nan
1.856249999999999956e+00 1.013076749999999970e+00 nan nan nan
1.858749999999999902e+00 1.014070250000000062e+00 nan nan nan
1.861250000000000071e+00 1.011274750000000111e+00 nan nan nan
1.863750000000000018e+00 1.024742749999999925e+00 nan nan nan
1.866249999999999964e+00 1.032367000000000035e+00 nan nan nan
1.868749999999999911e+00 1.033975749999999971e+00 nan nan nan
1.871250000000000080e+00 1.030197999999999947e+00 nan nan nan
1.873750000000000027e+00 1.030710000000000015e+00 nan nan nan
1.876249999999999973e+00 1.037428250000000052e+00 nan nan nan
1.878749999999999920e+00 1.033300500000000177e+00 nan nan nan
1.881250000000000089e+00 1.035908999999999969e+00 nan nan nan
1.883750000000000036e+00 1.033340000000000147e+00 nan nan nan
1.886249999999999982e+00 1.031174499999999883e+00 nan nan nan
1.888749999999999929e+00 1.036359249999999843e+00 nan nan nan
1.891250000000000098e+00 1.034723000000000059e+00 nan nan nan
1.893750000000000044e+00 1.039509000000000016e+00 nan nan nan
1.896249999999999991e+00 1.048085500000000003e+00 nan nan nan
1.898749999999999938e+00 1.043986999999999998e+00 nan nan nan
1.901250000000000107e+00 1.047715500000000022e+00 nan nan nan
1.903750000000000053e+00 1.049280750000000095e+00 nan nan nan
1.906250000000000000e+00 1.045305750000000033e+00 nan nan nan
1.908749999999999947e+00 1.042638750000000059e+00 nan nan nan
1.911249999999999893e+00 1.043672500000000003e+00 nan nan nan
1.913750000000000062e+00 1.048619749999999851e+00 nan nan nan
1.916250000000000009e+00 1.060082250000000004e+00 nan nan nan
1.918749999999999956e+00 1.049240500000000020e+00 nan nan nan
1.921249999999999902e+00 1.048681500000000044e+00 nan nan nan
1.923750000000000071e+00 1.045030000000000125e+00 nan nan nan
1.926250000000000018e+00 1.058767749999999896e+00 nan nan nan
1.928749999999999964e+00 1.064262000000000041e+00 nan nan nan
1.931249999999999911e+00 1.054383500000000140e+00 nan nan nan
1.933750000000000080e+00 1.051114999999999799e+00 nan nan nan
1.936250000000000027e+00 1.053862500000000146e+00 nan nan nan
1.938749999999999973e+00 1.053987999999999925e+00 nan nan nan
1.941249999999999920e+00 1.054749999999999854e+00 nan nan nan
1.943750000000000089e+00 1.055404000000000009e+00 nan nan nan
1.946250000000000036e+00 1.062831749999999964e+00 nan nan nan
1.948749999999999982e+00 1.063688999999999885e+00 nan nan nan
1.951249999999999929e+00 1.056690249999999942e+00 nan nan nan
1.953750000000000098e+00 1.070376250000000029e+00 nan nan nan
1.956250000000000044e+00 1.048936499999999938e+00 nan nan nan
1.958749999999999991e+00 1.064355249999999975e+00 nan nan nan
1.961249999999999938e+00 1.052156499999999939e+00 nan nan nan
1.963750000000000107e+00 1.050402749999999941e+00 nan nan nan
1.966250000000000053e+00 1.053718749999999815e+00 nan nan nan
1.968750000000000000e+00 1.063903499999999891e+00 nan nan nan
1.971249999999999947e+00 1.056658499999999945e+00 nan nan nan
1.973749999999999893e+00 1.062567250000000074e+00 nan nan nan
1.976250000000000062e+00 1.062257250000000042e+00 nan nan nan
1.978750000000000009e+00 1.052690499999999973e+00 nan nan nan
1.981249999999999956e+00 1.060043999999999986e+00 nan nan nan
1.983749999999999902e+00 1.066097749999999955e+00 nan nan nan
1.986250000000000071e+00 1.061675249999999959e+00 nan nan nan
1.988750000000000018e+00 1.066755500000000190e+00 nan nan nan
1.991249999999999964e+00 1.064944249999999926e+00 nan nan nan
1.993749999999999911e+00 1.065378249999999971e+00 nan nan nan
1.996250000000000080e+00 1.057701999999999920e+00 nan nan nan
1.998750000000000027e+00 1.067725000000000035e+00 nan nan nan
2.001250000000000195e+00 1.061915750000000047e+00 nan nan nan
2.003750000000000142e+00 1.069180000000000019e+00 nan nan nan
2.006250000000000089e+00 1.074666750000000004e+00 nan nan nan
2.008750000000000036e+00 1.069945249999999959e+00 nan nan nan
2.011249999999999982e+00 1.052419749999999876e+00 nan nan nan
2.013749999999999929e+00 1.057552749999999930e+00 nan nan nan
2.016249999999999876e+00 1.068818499999999894e+00 nan nan nan
2.018749999999999822e+00 1.067327499999999985e+00 nan nan nan
2.021250000000000213e+00 1.060082750000000074e+00 nan nan nan
2.023750000000000160e+00 1.063394750000000055e+00 nan nan nan
2.026250000000000107e+00 1.059874250000000018e+00 nan nan nan
2.028750000000000053e+00 1.060569500000000165e+00 nan nan nan
2.031250000000000000e+00 1.068067999999999795e+00 nan nan nan
2.033749999999999947e+00 1.065996999999999861e+00 nan nan nan
2.036249999999999893e+00 1.057524249999999943e+00 nan nan nan
2.038749999999999840e+00 1.063161000000000023e+00 nan nan nan
2.041249999999999787e+00 1.063914999999999944e+00 nan nan nan
2.043750000000000178e+00 1.068193500000000018e+00 nan nan nan
2.046250000000000124e+00 1.060119000000000034e+00 nan nan nan
2.048750000000000071e+00 1.056533750000000049e+00 nan nan nan
2.051250000000000018e+00 1.075445250000000019e+00 nan nan nan
2.053749999999999964e+00 1.063845249999999965e+00 nan nan nan
2.056249999999999911e+00 1.066793249999999915e+00 nan nan nan
2.058749999999999858e+00 1.062134250000000169e+00 nan nan nan
2.061249999999999805e+00 1.058002749999999992e+00 nan nan nan
2.063750000000000195e+00 1.057142999999999944e+00 nan nan nan
2.066250000000000142e+00 1.053752499999999870e+00 nan nan nan
2.068750000000000089e+00 1.055039749999999943e+00 nan nan nan
2.071250000000000036e+00 1.070039749999999845e+00 nan nan nan
2.073749999999999982e+00 1.053446999999999800e+00 nan nan nan
2.076249999999999929e+00 1.058374000000000148e+00 nan nan nan
2.078749999999999876e+00 1.052298750000000060e+00 nan nan nan
2.081249999999999822e+00 1.057844500000000076e+00 nan nan nan
2.083750000000000213e+00 1.056742749999999953e+00 nan nan nan
2.086250000000000160e+00 1.055613750000000017e+00 nan nan nan
2.088750000000000107e+00 1.051368999999999776e+00 nan nan nan
2.091250000000000053e+00 1.065719500000000153e+00 nan nan nan
2.093750000000000000e+00 1.052589250000000032e+00 nan nan nan
2.096249999999999947e+00 1.048807249999999858e+00 nan nan nan
2.098749999999999893e+00 1.057769749999999842e+00 nan nan nan
2.101249999999999840e+00 1.049955250000000007e+00 nan nan nan
2.103749999999999787e+00 1.063205249999999991e+00 nan nan nan
2.106250000000000178e+00 1.062688749999999960e+00 nan nan nan
2.108750000000000124e+00 1.053022250000000160e+00 nan nan nan
2.111250000000000071e+00 1.041915750000000029e+00 nan nan nan
2.113750000000000018e+00 1.040391499999999914e+00 nan nan nan
2.116249999999999964e+00 1.049291250000000009e+00 nan nan nan
2.118749999999999911e+00 1.043728749999999872e+00 nan nan nan
2.121249999999999858e+00 1.041863750000000088e+00 nan nan nan
2.123749999999999805e+00 1.050744750000000005e+00 nan nan nan
2.126250000000000195e+00 1.046869000000000050e+00 nan nan nan
2.128750000000000142e+00 1.054260250000000010e+00 nan nan nan
2.131250000000000089e+00 1.044734000000000052e+00 nan nan nan
2.133750000000000036e+00 1.038992250000000173e+00 nan nan nan
2.136249999999999982e+00 1.048040749999999965e+00 nan nan nan
2.138749999999999929e+00 1.045981500000000119e+00 nan nan nan
2.141249999999999876e+00 1.040988749999999907e+00 nan nan nan
2.143749999999999822e+00 1.042574000000000112e+00 nan nan nan
2.146250000000000213e+00 1.030181749999999896e+00 nan nan nan
2.148750000000000160e+00 1.044034000000000129e+00 nan nan nan
2.151250000000000107e+00 1.035454749999999979e+00 nan nan nan
2.153750000000000053e+00 1.043906250000000036e+00 nan nan nan
2.156250000000000000e+00 1.026965750000000011e+00 nan nan nan
2.158749999999999947e+00 1.037384749999999967e+00 nan nan nan
2.161249999999999893e+00 1.027582500000000065e+00 nan nan nan
2.163749999999999840e+00 1.045224500000000001e+00 nan nan nan
2.166249999999999787e+00 1.029834750000000021e+00 nan nan nan
2.168750000000000178e+00 1.037463999999999942e+00 nan nan nan
2.171250000000000124e+00 1.022885250000000079e+00 nan nan nan
2.173750000000000071e+00 1.034069249999999940e+00 nan nan nan
2.176250000000000018e+00 1.032097499999999890e+00 nan nan nan
2.178749999999999964e+00 1.031846250000000076e+00 nan nan nan
2.181249999999999911e+00 1.022507500000000125e+00 nan nan nan
2.183749999999999858e+00 1.022033999999999887e+00 nan nan nan
2.186249999999999805e+00 1.022118250000000117e+00 nan nan nan
2.188750000000000195e+00 1.025491750000000035e+00 nan nan nan
2.191250000000000142e+00 1.021034250000000032e+00 nan nan nan
2.193750000000000089e+00 1.022169249999999918e+00 nan nan nan
2.196250000000000036e+00 1.024772999999999934e+00 nan nan nan
2.198749999999999982e+00 1.031307250000000009e+00 nan nan nan
2.201249999999999929e+00 1.016449249999999971e+00 nan nan nan
2.203749999999999876e+00 1.031973500000000099e+00 nan nan nan
2.206249999999999822e+00 1.027886000000000077e+00 nan nan nan
2.208750000000000213e+00 1.020764999999999922e+00 nan nan nan
2.211250000000000160e+00 1.023918749999999989e+00 nan nan nan
2.213750000000000107e+00 1.022022999999999904e+00 nan nan nan
2.216250000000000053e+00 1.025749999999999940e+00 nan nan nan
2.218750000000000000e+00 1.022948749999999851e+00 nan nan nan
2.221249999999999947e+00 1.018663499999999944e+00 nan nan nan
2.223749999999999893e+00 1.020513750000000108e+00 nan nan nan
2.226249999999999840e+00 1.011091500000000032e+00 nan nan nan
2.228749999999999787e+00 1.017732000000000081e+00 nan nan nan
2.231250000000000178e+00 1.013945499999999944e+00 nan nan nan
2.233750000000000124e+00 1.013767000000000085e+00 nan nan nan
2.236250000000000071e+00 1.017832249999999883e+00 nan nan nan
2.238750000000000018e+00 1.010841749999999983e+00 nan nan nan
2.241249999999999964e+00 1.009524499999999936e+00 nan nan nan
2.243749999999999911e+00 1.017782500000000034e+00 nan nan nan
2.246249999999999858e+00 1.009797749999999938e+00 nan nan nan
2.248749999999999805e+00 1.004586750000000084e+00 nan nan nan
2.251250000000000195e+00 1.010987249999999893e+00 nan nan nan
2.253750000000000142e+00 1.009046000000000110e+00 nan nan nan
2.256250000000000089e+00 1.004188499999999928e+00 nan nan nan
2.258750000000000036e+00 1.016919750000000011e+00 nan nan nan
2.261249999999999982e+00 9.983847500000000430e-01 nan nan nan
2.263749999999999929e+00 1.007867499999999916e+00 nan nan nan
2.266249999999999876e+00 9.997032500000000432e-01 nan nan nan
2.268749999999999822e+00 1.008271500000000209e+00 nan nan nan
2.271250000000000213e+00 1.004352499999999981e+00 nan nan nan
2.273750000000000160e+00 1.001112250000000037e+00 nan nan nan
2.276250000000000107e+00 1.009294249999999948e+00 nan nan nan
2.278750000000000053e+00 1.006738249999999946e+00 nan nan nan
2.281250000000000000e+00 1.004532999999999898e+00 nan nan nan
2.283749999999999947e+00 9.987270000000000314e-01 nan nan nan
2.286249999999999893e+00 1.006760749999999982e+00 nan nan nan
2.288749999999999840e+00 1.001819750000000120e+00 nan nan nan
2.291249999999999787e+00 9.985932499999999878e-01 nan nan nan
2.293750000000000178e+00 1.001420250000000012e+00 nan nan nan
2.296250000000000124e+00 1.001363000000000003e+00 nan nan nan
2.298750000000000071e+00 9.996432500000000942e-01 nan nan nan
2.301250000000000018e+00 9.941592500000000499e-01 nan nan nan
2.303749999999999964e+00 9.936077500000000118e-01 nan nan nan
2.306249999999999911e+00 9.935825000000000351e-01 nan nan nan
2.308749999999999858e+00 9.899050000000000349e-01 nan nan nan
2.311249999999999805e+00 9.977137499999999548e-01 nan nan nan
2.313750000000000195e+00 9.908562499999999940e-01 nan nan nan
2.316250000000000142e+00 9.937192500000000539e-01 nan nan nan
2.318750000000000089e+00 1.005554000000000059e+00 nan nan nan
2.321250000000000036e+00 9.989764999999999340e-01 nan nan nan
2.323749999999999982e+00 9.987114999999999743e-01 nan nan nan
2.326249999999999929e+00 9.921960000000000779e-01 nan nan nan
2.328749999999999876e+00 9.967019999999999769e-01 nan nan nan
2.331249999999999822e+00 9.972792499999999505e-01 nan nan nan
2.333750000000000213e+00 9.844282499999998937e-01 nan nan nan
2.336250000000000160e+00 9.939004999999999646e-01 nan nan nan
2.338750000000000107e+00 9.864997500000000086e-01 nan nan nan
2.341250000000000053e+00 9.910282500000000550e-01 nan nan nan
2.343750000000000000e+00 9.792170000000000041e-01 nan nan nan
2.346249999999999947e+00 9.902967499999999479e-01 nan nan nan
2.348749999999999893e+00 9.883277499999999494e-01 nan nan nan
2.351249999999999840e+00 9.937020000000000852e-01 nan nan nan
2.353749999999999787e+00 9.927624999999999922e-01 nan nan nan
2.356250000000000178e+00 9.905652499999999527e-01 nan nan nan
2.358750000000000124e+00 9.909350000000000103e-01 nan nan nan
2.361250000000000071e+00 9.891797500000000243e-01 nan nan nan
2.363750000000000018e+00 9.847900000000000542e-01 nan nan nan
2.366249999999999964e+00 9.922024999999999872e-01 nan nan nan
2.368749999999999911e+00 9.811130000000000129e-01 nan nan nan
2.371249999999999858e+00 9.898764999999999370e-01 nan nan nan
2.373749999999999805e+00 9.829187500000000632e-01 nan nan nan
2.376250000000000195e+00 9.906467500000000204e-01 nan nan nan
2.378750000000000142e+00 9.837795000000000289e-01 nan nan nan
2.381250000000000089e+00 9.828137500000000415e-01 nan nan nan
2.383750000000000036e+00 9.896142500000000286e-01 nan nan nan
2.386249999999999982e+00 9.888147499999999646e-01 nan nan nan
2.388749999999999929e+00 9.759610000000000785e-01 nan nan nan
2.391249999999999876e+00 9.936669999999999670e-01 nan nan nan
2.393749999999999822e+00 9.760377500000000373e-01 nan nan nan
2.396250000000000213e+00 9.868894999999999751e-01 nan nan nan
2.398750000000000160e+00 9.822039999999999660e-01 nan nan nan
2.401250000000000107e+00 9.813284999999999370e-01 nan nan nan
2.403750000000000053e+00 9.871002500000000124e-01 nan nan nan
2.406250000000000000e+00 9.800655000000000339e-01 nan nan nan
2.408749999999999947e+00 9.770897499999999791e-01 nan nan nan
2.411249999999999893e+00 9.837905000000000122e-01 nan nan nan
2.413749999999999840e+00 9.837832500000001090e-01 nan nan nan
2.416249999999999787e+00 9.778282499999999544e-01 nan nan nan
2.418750000000000178e+00 9.834144999999998582e-01 nan nan nan
2.421250000000000124e+00 9.801054999999999628e-01 nan nan nan
2.423750000000000071e+00 9.787124999999999853e-01 nan nan nan
2.426250000000000018e+00 9.720957499999999252e-01 nan nan nan
2.428749999999999964e+00 9.746650000000000036e-01 nan nan nan
2.431249999999999911e+00 9.813517499999999671e-01 nan nan nan
2.433749999999999858e+00 9.714154999999999873e-01 nan nan nan
2.436249999999999805e+00 9.837115000000000720e-01 nan nan nan
2.438750000000000195e+00 9.851377500000000342e-01 nan nan nan
2.441250000000000142e+00 9.816920000000000091e-01 nan nan nan
2.443750000000000089e+00 9.792159999999999753e-01 nan nan nan
2.446250000000000036e+00 9.773642499999999345e-01 nan nan nan
2.448749999999999982e+00 9.727190000000000003e-01 nan nan nan
2.451249999999999929e+00 9.834957499999998909e-01 nan nan nan
2.453749999999999876e+00 9.769947500000000229e-01 nan nan nan
2.456249999999999822e+00 9.789902500000000618e-01 nan nan nan
2.458750000000000213e+00 9.748972500000000485e-01 nan nan nan
2.461250000000000160e+00 9.788997500000000684e-01 nan nan nan
2.463750000000000107e+00 9.811239999999998851e-01 nan nan nan
2.466250000000000053e+00 9.768995000000000317e-01 nan nan nan
2.468750000000000000e+00 9.839342500000000102e-01 nan nan nan
2.471249999999999947e+00 9.754487500000000866e-01 nan nan nan
2.473749999999999893e+00 9.732704999999999274e-01 nan nan nan
2.476249999999999840e+00 9.827729999999998967e-01 nan nan nan
2.478749999999999787e+00 9.813914999999999722e-01 nan nan nan
2.481250000000000178e+00 9.836282499999999818e-01 nan nan nan
2.483750000000000124e+00 9.784545000000000048e-01 nan nan nan
2.486250000000000071e+00 9.753770000000000495e-01 nan nan nan
2.488750000000000018e+00 9.747732499999999245e-01 nan nan nan
2.491249999999999964e+00 9.798244999999999871e-01 nan nan nan
2.493749999999999911e+00 9.766135000000000232e-01 nan nan nan
2.496249999999999858e+00 9.725770000000000248e-01 nan nan nan
2.498749999999999805e+00 9.825445000000000428e-01 nan nan nan
