1.250000000000000026e-03 0.000000000000000000e+00 nan nan nan
3.749999999999999861e-03 0.000000000000000000e+00 nan nan nan
6.250000000000000347e-03 0.000000000000000000e+00 nan nan nan
8.750000000000000833e-03 0.000000000000000000e+00 nan nan nan
1.124999999999999958e-02 0.000000000000000000e+00 nan nan nan
1.375000000000000007e-02 0.000000000000000000e+00 nan nan nan
1.625000000000000056e-02 0.000000000000000000e+00 nan nan nan
1.874999999999999931e-02 0.000000000000000000e+00 nan nan nan
2.125000000000000153e-02 0.000000000000000000e+00 nan nan nan
2.375000000000000028e-02 0.000000000000000000e+00 nan nan nan
2.624999999999999903e-02 0.000000000000000000e+00 nan nan nan
2.875000000000000125e-02 0.000000000000000000e+00 nan nan nan
3.125000000000000000e-02 0.000000000000000000e+00 nan nan nan
3.375000000000000222e-02 0.000000000000000000e+00 nan nan nan
3.624999999999999750e-02 0.000000000000000000e+00 nan nan nan
3.874999999999999972e-02 0.000000000000000000e+00 nan nan nan
4.125000000000000194e-02 0.000000000000000000e+00 nan nan nan
4.374999999999999722e-02 0.000000000000000000e+00 nan nan nan
4.624999999999999944e-02 0.000000000000000000e+00 nan nan nan
4.875000000000000167e-02 0.000000000000000000e+00 nan nan nan
5.124999999999999695e-02 0.000000000000000000e+00 nan nan nan
5.374999999999999917e-02 0.000000000000000000e+00 nan nan nan
5.625000000000000139e-02 0.000000000000000000e+00 nan nan nan
5.874999999999999667e-02 0.000000000000000000e+00 nan nan nan
6.124999999999999889e-02 0.000000000000000000e+00 nan nan nan
6.375000000000000111e-02 0.000000000000000000e+00 nan nan nan
6.625000000000000333e-02 0.000000000000000000e+00 nan nan nan
6.875000000000000555e-02 0.000000000000000000e+00 nan nan nan
7.124999999999999389e-02 0.000000000000000000e+00 nan nan nan
7.374999999999999611e-02 0.000000000000000000e+00 nan nan nan
7.624999999999999833e-02 0.000000000000000000e+00 nan nan nan
7.875000000000000056e-02 0.000000000000000000e+00 nan nan nan
8.125000000000000278e-02 0.000000000000000000e+00 nan nan nan
8.375000000000000500e-02 0.000000000000000000e+00 nan nan nan
8.624999999999999334e-02 0.000000000000000000e+00 nan nan nan
8.874999999999999556e-02 0.000000000000000000e+00 nan nan nan
9.124999999999999778e-02 0.000000000000000000e+00 nan nan nan
9.375000000000000000e-02 0.000000000000000000e+00 nan nan nan
9.625000000000000222e-02 0.000000000000000000e+00 nan nan nan
9.875000000000000444e-02 0.000000000000000000e+00 nan nan nan
1.012500000000000067e-01 0.000000000000000000e+00 nan nan nan
1.037499999999999950e-01 0.000000000000000000e+00 nan nan nan
1.062499999999999972e-01 0.000000000000000000e+00 nan nan nan
1.087499999999999994e-01 0.000000000000000000e+00 nan nan nan
1.112500000000000017e-01 0.000000000000000000e+00 nan nan nan
1.137500000000000039e-01 0.000000000000000000e+00 nan nan nan
1.162500000000000061e-01 0.000000000000000000e+00 nan nan nan
1.187499999999999944e-01 0.000000000000000000e+00 nan nan nan
1.212499999999999967e-01 0.000000000000000000e+00 nan nan nan
1.237499999999999989e-01 0.000000000000000000e+00 nan nan nan
1.262500000000000011e-01 0.000000000000000000e+00 nan nan nan
1.287500000000000033e-01 0.000000000000000000e+00 nan nan nan
1.312500000000000056e-01 0.000000000000000000e+00 nan nan nan
1.337500000000000078e-01 0.000000000000000000e+00 nan nan nan
1.362500000000000100e-01 0.000000000000000000e+00 nan nan nan
1.387500000000000122e-01 0.000000000000000000e+00 nan nan nan
1.412499999999999867e-01 0.000000000000000000e+00 nan nan nan
1.437499999999999889e-01 0.000000000000000000e+00 nan nan nan
1.462499999999999911e-01 0.000000000000000000e+00 nan nan nan
1.487499999999999933e-01 0.000000000000000000e+00 nan nan nan
1.512499999999999956e-01 0.000000000000000000e+00 nan nan nan
1.537499999999999978e-01 0.000000000000000000e+00 nan nan nan
1.562500000000000000e-01 0.000000000000000000e+00 nan nan nan
1.587500000000000022e-01 0.000000000000000000e+00 nan nan nan
1.612500000000000044e-01 0.000000000000000000e+00 nan nan nan
1.637500000000000067e-01 0.000000000000000000e+00 nan nan nan
1.662500000000000089e-01 0.000000000000000000e+00 nan nan nan
1.687500000000000111e-01 0.000000000000000000e+00 nan nan nan
1.712500000000000133e-01 0.000000000000000000e+00 nan nan nan
1.737499999999999878e-01 0.000000000000000000e+00 nan nan nan
1.762499999999999900e-01 0.000000000000000000e+00 nan nan nan
1.787499999999999922e-01 0.000000000000000000e+00 nan nan nan
1.812499999999999944e-01 0.000000000000000000e+00 nan nan nan
1.837499999999999967e-01 0.000000000000000000e+00 nan nan nan
1.862499999999999989e-01 0.000000000000000000e+00 nan nan nan
1.887500000000000011e-01 0.000000000000000000e+00 nan nan nan
1.912500000000000033e-01 0.000000000000000000e+00 nan nan nan
1.937500000000000056e-01 0.000000000000000000e+00 nan nan nan
1.962500000000000078e-01 0.000000000000000000e+00 nan nan nan
1.987500000000000100e-01 0.000000000000000000e+00 nan nan nan
2.012500000000000122e-01 0.000000000000000000e+00 nan nan nan
2.037499999999999867e-01 0.000000000000000000e+00 nan nan nan
2.062499999999999889e-01 0.000000000000000000e+00 nan nan nan
2.087499999999999911e-01 0.000000000000000000e+00 nan nan nan
2.112499999999999933e-01 0.000000000000000000e+00 nan nan nan
2.137499999999999956e-01 0.000000000000000000e+00 nan nan nan
2.162499999999999978e-01 0.000000000000000000e+00 nan nan nan
2.187500000000000000e-01 0.000000000000000000e+00 nan nan nan
2.212500000000000022e-01 0.000000000000000000e+00 nan nan nan
2.237500000000000044e-01 0.000000000000000000e+00 nan nan nan
2.262500000000000067e-01 0.000000000000000000e+00 nan nan nan
2.287500000000000089e-01 0.000000000000000000e+00 nan nan nan
2.312500000000000111e-01 0.000000000000000000e+00 nan nan nan
2.337500000000000133e-01 0.000000000000000000e+00 nan nan nan
2.362499999999999878e-01 0.000000000000000000e+00 nan nan nan
2.387499999999999900e-01 0.000000000000000000e+00 nan nan nan
2.412499999999999922e-01 0.000000000000000000e+00 nan nan nan
2.437499999999999944e-01 0.000000000000000000e+00 nan nan nan
2.462499999999999967e-01 0.000000000000000000e+00 nan nan nan
2.487499999999999989e-01 0.000000000000000000e+00 nan nan nan
2.512499999999999734e-01 0.000000000000000000e+00 nan nan nan
2.537499999999999756e-01 0.000000000000000000e+00 nan nan nan
2.562499999999999778e-01 0.000000000000000000e+00 nan nan nan
2.587499999999999800e-01 0.000000000000000000e+00 nan nan nan
2.612499999999999822e-01 0.000000000000000000e+00 nan nan nan
2.637499999999999845e-01 0.000000000000000000e+00 nan nan nan
2.662499999999999867e-01 0.000000000000000000e+00 nan nan nan
2.687499999999999889e-01 0.000000000000000000e+00 nan nan nan
2.712499999999999911e-01 0.000000000000000000e+00 nan nan nan
2.737499999999999933e-01 0.000000000000000000e+00 nan nan nan
2.762499999999999956e-01 0.000000000000000000e+00 nan nan nan
2.787499999999999978e-01 0.000000000000000000e+00 nan nan nan
2.812500000000000000e-01 0.000000000000000000e+00 nan nan nan
2.837500000000000022e-01 0.000000000000000000e+00 nan nan nan
2.862500000000000044e-01 0.000000000000000000e+00 nan nan nan
2.887500000000000067e-01 0.000000000000000000e+00 nan nan nan
2.912500000000000089e-01 0.000000000000000000e+00 nan nan nan
2.937500000000000111e-01 0.000000000000000000e+00 nan nan nan
2.962500000000000133e-01 0.000000000000000000e+00 nan nan nan
2.987500000000000155e-01 0.000000000000000000e+00 nan nan nan
3.012500000000000178e-01 0.000000000000000000e+00 nan nan nan
3.037500000000000200e-01 0.000000000000000000e+00 nan nan nan
3.062500000000000222e-01 0.000000000000000000e+00 nan nan nan
3.087500000000000244e-01 0.000000000000000000e+00 nan nan nan
3.112500000000000266e-01 0.000000000000000000e+00 nan nan nan
3.137499999999999734e-01 0.000000000000000000e+00 nan nan nan
3.162499999999999756e-01 0.000000000000000000e+00 nan nan nan
3.187499999999999778e-01 0.000000000000000000e+00 nan nan nan
3.212499999999999800e-01 0.000000000000000000e+00 nan nan nan
3.237499999999999822e-01 0.000000000000000000e+00 nan nan nan
3.262499999999999845e-01 0.000000000000000000e+00 nan nan nan
3.287499999999999867e-01 0.000000000000000000e+00 nan nan nan
3.312499999999999889e-01 0.000000000000000000e+00 nan nan nan
3.337499999999999911e-01 0.000000000000000000e+00 nan nan nan
3.362499999999999933e-01 0.000000000000000000e+00 nan nan nan
3.387499999999999956e-01 0.000000000000000000e+00 nan nan nan
3.412499999999999978e-01 0.000000000000000000e+00 nan nan nan
3.437500000000000000e-01 0.000000000000000000e+00 nan nan nan
3.462500000000000022e-01 0.000000000000000000e+00 nan nan nan
3.487500000000000044e-01 0.000000000000000000e+00 nan nan nan
3.512500000000000067e-01 0.000000000000000000e+00 nan nan nan
3.537500000000000089e-01 0.000000000000000000e+00 nan nan nan
3.562500000000000111e-01 0.000000000000000000e+00 nan nan nan
3.587500000000000133e-01 0.000000000000000000e+00 nan nan nan
3.612500000000000155e-01 0.000000000000000000e+00 nan nan nan
3.637500000000000178e-01 0.000000000000000000e+00 nan nan nan
3.662500000000000200e-01 0.000000000000000000e+00 nan nan nan
3.687500000000000222e-01 0.000000000000000000e+00 nan nan nan
3.712500000000000244e-01 0.000000000000000000e+00 nan nan nan
3.737500000000000266e-01 0.000000000000000000e+00 nan nan nan
3.762499999999999734e-01 0.000000000000000000e+00 nan nan nan
3.787499999999999756e-01 0.000000000000000000e+00 nan nan nan
3.812499999999999778e-01 0.000000000000000000e+00 nan nan nan
3.837499999999999800e-01 0.000000000000000000e+00 nan nan nan
3.862499999999999822e-01 0.000000000000000000e+00 nan nan nan
3.887499999999999845e-01 0.000000000000000000e+00 nan nan nan
3.912499999999999867e-01 0.000000000000000000e+00 nan nan nan
3.937499999999999889e-01 0.000000000000000000e+00 nan nan nan
3.962499999999999911e-01 0.000000000000000000e+00 nan nan nan
3.987499999999999933e-01 0.000000000000000000e+00 nan nan nan
4.012499999999999956e-01 0.000000000000000000e+00 nan nan nan
4.037499999999999978e-01 0.000000000000000000e+00 nan nan nan
4.062500000000000000e-01 0.000000000000000000e+00 nan nan nan
4.087500000000000022e-01 0.000000000000000000e+00 nan nan nan
4.112500000000000044e-01 0.000000000000000000e+00 nan nan nan
4.137500000000000067e-01 0.000000000000000000e+00 nan nan nan
4.162500000000000089e-01 0.000000000000000000e+00 nan nan nan
4.187500000000000111e-01 0.000000000000000000e+00 nan nan nan
4.212500000000000133e-01 0.000000000000000000e+00 nan nan nan
4.237500000000000155e-01 0.000000000000000000e+00 nan nan nan
4.262500000000000178e-01 0.000000000000000000e+00 nan nan nan
4.287500000000000200e-01 0.000000000000000000e+00 nan nan nan
4.312500000000000222e-01 0.000000000000000000e+00 nan nan nan
4.337500000000000244e-01 0.000000000000000000e+00 nan nan nan
4.362500000000000266e-01 0.000000000000000000e+00 nan nan nan
4.387499999999999734e-01 0.000000000000000000e+00 nan nan nan
4.412499999999999756e-01 0.000000000000000000e+00 nan nan nan
4.437499999999999778e-01 0.000000000000000000e+00 nan nan nan
4.462499999999999800e-01 0.000000000000000000e+00 nan nan nan
4.487499999999999822e-01 0.000000000000000000e+00 nan nan nan
4.512499999999999845e-01 0.000000000000000000e+00 nan nan nan
4.537499999999999867e-01 0.000000000000000000e+00 nan nan nan
4.562499999999999889e-01 0.000000000000000000e+00 nan nan nan
4.587499999999999911e-01 0.000000000000000000e+00 nan nan nan
4.612499999999999933e-01 0.000000000000000000e+00 nan nan nan
4.637499999999999956e-01 0.000000000000000000e+00 nan nan nan
4.662499999999999978e-01 0.000000000000000000e+00 nan nan nan
4.687500000000000000e-01 0.000000000000000000e+00 nan nan nan
4.712500000000000022e-01 0.000000000000000000e+00 nan nan nan
4.737500000000000044e-01 0.000000000000000000e+00 nan nan nan
4.762500000000000067e-01 0.000000000000000000e+00 nan nan nan
4.787500000000000089e-01 0.000000000000000000e+00 nan nan nan
4.812500000000000111e-01 0.000000000000000000e+00 nan nan nan
4.837500000000000133e-01 0.000000000000000000e+00 nan nan nan
4.862500000000000155e-01 0.000000000000000000e+00 nan nan nan
4.887500000000000178e-01 0.000000000000000000e+00 nan nan nan
4.912500000000000200e-01 0.000000000000000000e+00 nan nan nan
4.937500000000000222e-01 0.000000000000000000e+00 nan nan nan
4.962500000000000244e-01 0.000000000000000000e+00 nan nan nan
4.987500000000000266e-01 0.000000000000000000e+00 nan nan nan
5.012499999999999734e-01 0.000000000000000000e+00 nan nan nan
5.037500000000000311e-01 0.000000000000000000e+00 nan nan nan
5.062499999999999778e-01 0.000000000000000000e+00 nan nan nan
5.087500000000000355e-01 0.000000000000000000e+00 nan nan nan
5.112499999999999822e-01 0.000000000000000000e+00 nan nan nan
5.137500000000000400e-01 0.000000000000000000e+00 nan nan nan
5.162499999999999867e-01 0.000000000000000000e+00 nan nan nan
5.187500000000000444e-01 0.000000000000000000e+00 nan nan nan
5.212499999999999911e-01 0.000000000000000000e+00 nan nan nan
5.237500000000000488e-01 0.000000000000000000e+00 nan nan nan
5.262499999999999956e-01 0.000000000000000000e+00 nan nan nan
5.287500000000000533e-01 0.000000000000000000e+00 nan nan nan
5.312500000000000000e-01 0.000000000000000000e+00 nan nan nan
5.337499999999999467e-01 0.000000000000000000e+00 nan nan nan
5.362500000000000044e-01 0.000000000000000000e+00 nan nan nan
5.387499999999999512e-01 0.000000000000000000e+00 nan nan nan
5.412500000000000089e-01 0.000000000000000000e+00 nan nan nan
5.437499999999999556e-01 0.000000000000000000e+00 nan nan nan
5.462500000000000133e-01 0.000000000000000000e+00 nan nan nan
5.487499999999999600e-01 0.000000000000000000e+00 nan nan nan
5.512500000000000178e-01 0.000000000000000000e+00 nan nan nan
5.537499999999999645e-01 0.000000000000000000e+00 nan nan nan
5.562500000000000222e-01 0.000000000000000000e+00 nan nan nan
5.587499999999999689e-01 0.000000000000000000e+00 nan nan nan
5.612500000000000266e-01 0.000000000000000000e+00 nan nan nan
5.637499999999999734e-01 0.000000000000000000e+00 nan nan nan
5.662500000000000311e-01 0.000000000000000000e+00 nan nan nan
5.687499999999999778e-01 0.000000000000000000e+00 nan nan nan
5.712500000000000355e-01 0.000000000000000000e+00 nan nan nan
5.737499999999999822e-01 0.000000000000000000e+00 nan nan nan
5.762500000000000400e-01 0.000000000000000000e+00 nan nan nan
5.787499999999999867e-01 0.000000000000000000e+00 nan nan nan
5.812500000000000444e-01 0.000000000000000000e+00 nan nan nan
5.837499999999999911e-01 0.000000000000000000e+00 nan nan nan
5.862500000000000488e-01 0.000000000000000000e+00 nan nan nan
5.887499999999999956e-01 0.000000000000000000e+00 nan nan nan
5.912500000000000533e-01 0.000000000000000000e+00 nan nan nan
5.937500000000000000e-01 0.000000000000000000e+00 nan nan nan
5.962499999999999467e-01 0.000000000000000000e+00 nan nan nan
5.987500000000000044e-01 0.000000000000000000e+00 nan nan nan
6.012499999999999512e-01 0.000000000000000000e+00 nan nan nan
6.037500000000000089e-01 0.000000000000000000e+00 nan nan nan
6.062499999999999556e-01 0.000000000000000000e+00 nan nan nan
6.087500000000000133e-01 0.000000000000000000e+00 nan nan nan
6.112499999999999600e-01 0.000000000000000000e+00 nan nan nan
6.137500000000000178e-01 0.000000000000000000e+00 nan nan nan
6.162499999999999645e-01 0.000000000000000000e+00 nan nan nan
6.187500000000000222e-01 0.000000000000000000e+00 nan nan nan
6.212499999999999689e-01 0.000000000000000000e+00 nan nan nan
6.237500000000000266e-01 0.000000000000000000e+00 nan nan nan
6.262499999999999734e-01 0.000000000000000000e+00 nan nan nan
6.287500000000000311e-01 0.000000000000000000e+00 nan nan nan
6.312499999999999778e-01 0.000000000000000000e+00 nan nan nan
6.337500000000000355e-01 0.000000000000000000e+00 nan nan nan
6.362499999999999822e-01 0.000000000000000000e+00 nan nan nan
6.387500000000000400e-01 0.000000000000000000e+00 nan nan nan
6.412499999999999867e-01 0.000000000000000000e+00 nan nan nan
6.437500000000000444e-01 0.000000000000000000e+00 nan nan nan
6.462499999999999911e-01 0.000000000000000000e+00 nan nan nan
6.487500000000000488e-01 0.000000000000000000e+00 nan nan nan
6.512499999999999956e-01 0.000000000000000000e+00 nan nan nan
6.537500000000000533e-01 0.000000000000000000e+00 nan nan nan
6.562500000000000000e-01 0.000000000000000000e+00 nan nan nan
6.587499999999999467e-01 0.000000000000000000e+00 nan nan nan
6.612500000000000044e-01 0.000000000000000000e+00 nan nan nan
6.637499999999999512e-01 0.000000000000000000e+00 nan nan nan
6.662500000000000089e-01 0.000000000000000000e+00 nan nan nan
6.687499999999999556e-01 0.000000000000000000e+00 nan nan nan
6.712500000000000133e-01 0.000000000000000000e+00 nan nan nan
6.737499999999999600e-01 0.000000000000000000e+00 nan nan nan
6.762500000000000178e-01 0.000000000000000000e+00 nan nan nan
6.787499999999999645e-01 0.000000000000000000e+00 nan nan nan
6.812500000000000222e-01 0.000000000000000000e+00 nan nan nan
6.837499999999999689e-01 0.000000000000000000e+00 nan nan nan
6.862500000000000266e-01 0.000000000000000000e+00 nan nan nan
6.887499999999999734e-01 0.000000000000000000e+00 nan nan nan
6.912500000000000311e-01 0.000000000000000000e+00 nan nan nan
6.937499999999999778e-01 0.000000000000000000e+00 nan nan nan
6.962500000000000355e-01 0.000000000000000000e+00 nan nan nan
6.987499999999999822e-01 0.000000000000000000e+00 nan nan nan
7.012500000000000400e-01 0.000000000000000000e+00 nan nan nan
7.037499999999999867e-01 0.000000000000000000e+00 nan nan nan
7.062500000000000444e-01 0.000000000000000000e+00 nan nan nan
7.087499999999999911e-01 0.000000000000000000e+00 nan nan nan
7.112500000000000488e-01 0.000000000000000000e+00 nan nan nan
7.137499999999999956e-01 0.000000000000000000e+00 nan nan nan
7.162500000000000533e-01 0.000000000000000000e+00 nan nan nan
7.187500000000000000e-01 0.000000000000000000e+00 nan nan nan
7.212499999999999467e-01 0.000000000000000000e+00 nan nan nan
7.237500000000000044e-01 0.000000000000000000e+00 nan nan nan
7.262499999999999512e-01 0.000000000000000000e+00 nan nan nan
7.287500000000000089e-01 0.000000000000000000e+00 nan nan nan
7.312499999999999556e-01 0.000000000000000000e+00 nan nan nan
7.337500000000000133e-01 0.000000000000000000e+00 nan nan nan
7.362499999999999600e-01 0.000000000000000000e+00 nan nan nan
7.387500000000000178e-01 0.000000000000000000e+00 nan nan nan
7.412499999999999645e-01 0.000000000000000000e+00 nan nan nan
7.437500000000000222e-01 0.000000000000000000e+00 nan nan nan
7.462499999999999689e-01 0.000000000000000000e+00 nan nan nan
7.487500000000000266e-01 0.000000000000000000e+00 nan nan nan
7.512499999999999734e-01 0.000000000000000000e+00 nan nan nan
7.537500000000000311e-01 0.000000000000000000e+00 nan nan nan
7.562499999999999778e-01 0.000000000000000000e+00 nan nan nan
7.587500000000000355e-01 0.000000000000000000e+00 nan nan nan
7.612499999999999822e-01 8.777499999999999495e-04 nan nan nan
7.637500000000000400e-01 2.180000000000000134e-04 nan nan nan
7.662499999999999867e-01 1.082749999999999945e-03 nan nan nan
7.687500000000000444e-01 8.607499999999999700e-04 nan nan nan
7.712499999999999911e-01 2.992500000000000368e-03 nan nan nan
7.737500000000000488e-01 3.185750000000000214e-03 nan nan nan
7.762499999999999956e-01 1.899000000000000080e-03 nan nan nan
7.787500000000000533e-01 4.402500000000000163e-03 nan nan nan
7.812500000000000000e-01 6.458000000000000199e-03 nan nan nan
7.837499999999999467e-01 6.416999999999999961e-03 nan nan nan
7.862500000000000044e-01 6.581750000000000794e-03 nan nan nan
7.887499999999999512e-01 8.583999999999999617e-03 nan nan nan
7.912500000000000089e-01 1.685624999999999971e-02 nan nan nan
7.937499999999999556e-01 1.755750000000000019e-02 nan nan nan
7.962500000000000133e-01 2.466724999999999821e-02 nan nan nan
7.987499999999999600e-01 2.451274999999999982e-02 nan nan nan
8.012500000000000178e-01 3.287624999999999575e-02 nan nan nan
8.037499999999999645e-01 4.015099999999999919e-02 nan nan nan
8.062500000000000222e-01 5.183425000000000532e-02 nan nan nan
8.087499999999999689e-01 5.579075000000000006e-02 nan nan nan
8.112500000000000266e-01 6.723250000000000060e-02 nan nan nan
8.137499999999999734e-01 8.275699999999999723e-02 nan nan nan
8.162500000000000311e-01 9.427350000000001007e-02 nan nan nan
8.187499999999999778e-01 1.018547500000000078e-01 nan nan nan
8.212500000000000355e-01 1.142432499999999906e-01 nan nan nan
8.237499999999999822e-01 1.416574999999999918e-01 nan nan nan
8.262500000000000400e-01 1.530939999999999801e-01 nan nan nan
8.287499999999999867e-01 1.729054999999999898e-01 nan nan nan
8.312500000000000444e-01 1.871399999999999730e-01 nan nan nan
8.337499999999999911e-01 2.110785000000000022e-01 nan nan nan
8.362500000000000488e-01 2.534545000000000270e-01 nan nan nan
8.387499999999999956e-01 2.738147499999999956e-01 nan nan nan
8.412500000000000533e-01 3.070442500000000186e-01 nan nan nan
8.437500000000000000e-01 3.277312499999999740e-01 nan nan nan
8.462499999999999467e-01 3.632602500000000068e-01 nan nan nan
8.487500000000000044e-01 3.770082499999999892e-01 nan nan nan
8.512499999999999512e-01 4.114697500000000230e-01 nan nan nan
8.537500000000000089e-01 4.511034999999999906e-01 nan nan nan
8.562499999999999556e-01 5.046627500000000488e-01 nan nan nan
8.587500000000000133e-01 5.275910000000000322e-01 nan nan nan
8.612499999999999600e-01 5.644719999999999738e-01 nan nan nan
8.637500000000000178e-01 5.852392499999999886e-01 nan nan nan
8.662499999999999645e-01 6.269377499999999603e-01 nan nan nan
8.687500000000000222e-01 6.703377499999999545e-01 nan nan nan
8.712499999999999689e-01 6.922919999999999074e-01 nan nan nan
8.737500000000000266e-01 7.474597499999999783e-01 nan nan nan
8.762499999999999734e-01 7.743330000000000490e-01 nan nan nan
8.787500000000000311e-01 7.921620000000000328e-01 nan nan nan
8.812499999999999778e-01 8.320429999999999771e-01 nan nan nan
8.837500000000000355e-01 8.779724999999999335e-01 nan nan nan
8.862499999999999822e-01 9.178674999999999473e-01 nan nan nan
8.887500000000000400e-01 9.745239999999999458e-01 nan nan nan
8.912499999999999867e-01 9.989977500000000177e-01 nan nan nan
8.937500000000000444e-01 1.031141749999999968e+00 nan nan nan
8.962499999999999911e-01 1.060853750000000151e+00 nan nan nan
8.987500000000000488e-01 1.089118000000000031e+00 nan nan nan
9.012499999999999956e-01 1.142098999999999975e+00 nan nan nan
9.037500000000000533e-01 1.174084249999999940e+00 nan nan nan
9.062500000000000000e-01 1.185264749999999978e+00 nan nan nan
9.087499999999999467e-01 1.181985749999999946e+00 nan nan nan
9.112500000000000044e-01 1.258959999999999857e+00 nan nan nan
9.137499999999999512e-01 1.267003749999999762e+00 nan nan nan
9.162500000000000089e-01 1.318408999999999942e+00 nan nan nan
9.187499999999999556e-01 1.339261250000000070e+00 nan nan nan
9.212500000000000133e-01 1.353875249999999975e+00 nan nan nan
9.237499999999999600e-01 1.409735249999999995e+00 nan nan nan
9.262500000000000178e-01 1.438593250000000046e+00 nan nan nan
9.287499999999999645e-01 1.424815249999999756e+00 nan nan nan
9.312500000000000222e-01 1.448844499999999869e+00 nan nan nan
9.337499999999999689e-01 1.502491249999999834e+00 nan nan nan
9.362500000000000266e-01 1.511158749999999884e+00 nan nan nan
9.387499999999999734e-01 1.510479249999999940e+00 nan nan nan
9.412500000000000311e-01 1.542937499999999851e+00 nan nan nan
9.437499999999999778e-01 1.566465749999999879e+00 nan nan nan
9.462500000000000355e-01 1.564021499999999953e+00 nan nan nan
9.487499999999999822e-01 1.591669250000000035e+00 nan nan nan
9.512500000000000400e-01 1.588231500000000018e+00 nan nan nan
9.537499999999999867e-01 1.617796499999999860e+00 nan nan nan
9.562500000000000444e-01 1.601005499999999859e+00 nan nan nan
9.587499999999999911e-01 1.647028500000000006e+00 nan nan nan
9.612500000000000488e-01 1.642050000000000010e+00 nan nan nan
9.637499999999999956e-01 1.662973750000000139e+00 nan nan nan
9.662500000000000533e-01 1.670722250000000075e+00 nan nan nan
9.687500000000000000e-01 1.672542500000000043e+00 nan nan nan
9.712499999999999467e-01 1.655182249999999966e+00 nan nan nan
9.737500000000000044e-01 1.677535749999999881e+00 nan nan nan
9.762499999999999512e-01 1.704442249999999826e+00 nan nan nan
9.787500000000000089e-01 1.710346499999999992e+00 nan nan nan
9.812499999999999556e-01 1.711149999999999949e+00 nan nan nan
9.837500000000000133e-01 1.701807250000000327e+00 nan nan nan
9.862499999999999600e-01 1.710706750000000165e+00 nan nan nan
9.887500000000000178e-01 1.709219749999999927e+00 nan nan nan
9.912499999999999645e-01 1.713549749999999872e+00 nan nan nan
9.937500000000000222e-01 1.715110249999999947e+00 nan nan nan
9.962499999999999689e-01 1.704976000000000047e+00 nan nan nan
9.987500000000000266e-01 1.713021499999999975e+00 nan nan nan
1.001249999999999973e+00 1.696234000000000020e+00 nan nan nan
1.003749999999999920e+00 1.700415249999999823e+00 nan nan nan
1.006250000000000089e+00 1.703905999999999921e+00 nan nan nan
1.008750000000000036e+00 1.714713249999999967e+00 nan nan nan
1.011249999999999982e+00 1.683492250000000023e+00 nan nan nan
1.013749999999999929e+00 1.686086750000000078e+00 nan nan nan
1.016250000000000098e+00 1.675831499999999918e+00 nan nan nan
1.018750000000000044e+00 1.685870749999999862e+00 nan nan nan
1.021249999999999991e+00 1.700789999999999802e+00 nan nan nan
1.023749999999999938e+00 1.649062250000000063e+00 nan nan nan
1.026250000000000107e+00 1.676410249999999991e+00 nan nan nan
1.028750000000000053e+00 1.678604499999999833e+00 nan nan nan
1.031250000000000000e+00 1.662943499999999908e+00 nan nan nan
1.033749999999999947e+00 1.667759999999999909e+00 nan nan nan
1.036249999999999893e+00 1.661617249999999935e+00 nan nan nan
1.038750000000000062e+00 1.633949499999999944e+00 nan nan nan
1.041250000000000009e+00 1.635612000000000066e+00 nan nan nan
1.043749999999999956e+00 1.655213499999999893e+00 nan nan nan
1.046249999999999902e+00 1.645918749999999875e+00 nan nan nan
1.048750000000000071e+00 1.621434499999999890e+00 nan nan nan
1.051250000000000018e+00 1.606138500000000136e+00 nan nan nan
1.053749999999999964e+00 1.627725749999999971e+00 nan nan nan
1.056249999999999911e+00 1.602592749999999899e+00 nan nan nan
1.058750000000000080e+00 1.602860000000000174e+00 nan nan nan
1.061250000000000027e+00 1.599155250000000139e+00 nan nan nan
1.063749999999999973e+00 1.613558999999999966e+00 nan nan nan
1.066249999999999920e+00 1.586094000000000115e+00 nan nan nan
1.068750000000000089e+00 1.575676999999999772e+00 nan nan nan
1.071250000000000036e+00 1.568109250000000010e+00 nan nan nan
1.073749999999999982e+00 1.579784499999999925e+00 nan nan nan
1.076249999999999929e+00 1.545450250000000025e+00 nan nan nan
1.078750000000000098e+00 1.552171750000000072e+00 nan nan nan
1.081250000000000044e+00 1.524990999999999985e+00 nan nan nan
1.083749999999999991e+00 1.512658749999999941e+00 nan nan nan
1.086249999999999938e+00 1.514540500000000067e+00 nan nan nan
1.088750000000000107e+00 1.489465249999999852e+00 nan nan nan
1.091250000000000053e+00 1.506138500000000047e+00 nan nan nan
1.093750000000000000e+00 1.491820999999999842e+00 nan nan nan
1.096249999999999947e+00 1.479734749999999766e+00 nan nan nan
1.098749999999999893e+00 1.449416999999999955e+00 nan nan nan
1.101250000000000062e+00 1.472723499999999852e+00 nan nan nan
1.103750000000000009e+00 1.453848500000000099e+00 nan nan nan
1.106249999999999956e+00 1.461830500000000033e+00 nan nan nan
1.108749999999999902e+00 1.446143999999999874e+00 nan nan nan
1.111250000000000071e+00 1.414006749999999979e+00 nan nan nan
1.113750000000000018e+00 1.424681249999999899e+00 nan nan nan
1.116249999999999964e+00 1.409428499999999973e+00 nan nan nan
1.118749999999999911e+00 1.443975500000000078e+00 nan nan nan
1.121250000000000080e+00 1.424092249999999948e+00 nan nan nan
1.123750000000000027e+00 1.368527250000000084e+00 nan nan nan
1.126249999999999973e+00 1.400349250000000101e+00 nan nan nan
1.128749999999999920e+00 1.367806999999999995e+00 nan nan nan
1.131250000000000089e+00 1.367232500000000073e+00 nan nan nan
1.133750000000000036e+00 1.378619000000000039e+00 nan nan nan
1.136249999999999982e+00 1.361922999999999995e+00 nan nan nan
1.138749999999999929e+00 1.359871499999999900e+00 nan nan nan
1.141250000000000098e+00 1.358508750000000154e+00 nan nan nan
1.143750000000000044e+00 1.332456499999999933e+00 nan nan nan
1.146249999999999991e+00 1.321909000000000001e+00 nan nan nan
1.148749999999999938e+00 1.301323250000000042e+00 nan nan nan
1.151250000000000107e+00 1.328679000000000165e+00 nan nan nan
1.153750000000000053e+00 1.325410500000000047e+00 nan nan nan
1.156250000000000000e+00 1.302661499999999917e+00 nan nan nan
1.158749999999999947e+00 1.296383500000000133e+00 nan nan nan
1.161249999999999893e+00 1.290336499999999997e+00 nan nan nan
1.163750000000000062e+00 1.297754499999999922e+00 nan nan nan
1.166250000000000009e+00 1.275369750000000080e+00 nan nan nan
1.168749999999999956e+00 1.272246749999999871e+00 nan nan nan
1.171249999999999902e+00 1.255884250000000035e+00 nan nan nan
1.173750000000000071e+00 1.247863750000000049e+00 nan nan nan
1.176250000000000018e+00 1.250927750000000005e+00 nan nan nan
1.178749999999999964e+00 1.248555499999999929e+00 nan nan nan
1.181249999999999911e+00 1.245189749999999984e+00 nan nan nan
1.183750000000000080e+00 1.220245499999999872e+00 nan nan nan
1.186250000000000027e+00 1.247816749999999919e+00 nan nan nan
1.188749999999999973e+00 1.215490999999999877e+00 nan nan nan
1.191249999999999920e+00 1.220250250000000092e+00 nan nan nan
1.193750000000000089e+00 1.202207250000000061e+00 nan nan nan
1.196250000000000036e+00 1.203140499999999946e+00 nan nan nan
1.198749999999999982e+00 1.192199000000000009e+00 nan nan nan
1.201249999999999929e+00 1.189356750000000185e+00 nan nan nan
1.203750000000000098e+00 1.213553999999999800e+00 nan nan nan
1.206250000000000044e+00 1.179167999999999772e+00 nan nan nan
1.208749999999999991e+00 1.170988249999999953e+00 nan nan nan
1.211249999999999938e+00 1.175086250000000110e+00 nan nan nan
1.213750000000000107e+00 1.179398750000000051e+00 nan nan nan
1.216250000000000053e+00 1.155473750000000077e+00 nan nan nan
1.218750000000000000e+00 1.165803999999999840e+00 nan nan nan
1.221249999999999947e+00 1.151914000000000105e+00 nan nan nan
1.223749999999999893e+00 1.144835249999999860e+00 nan nan nan
1.226250000000000062e+00 1.155477000000000087e+00 nan nan nan
1.228750000000000009e+00 1.121473249999999977e+00 nan nan nan
1.231249999999999956e+00 1.135962750000000021e+00 nan nan nan
1.233749999999999902e+00 1.121506749999999997e+00 nan nan nan
1.236250000000000071e+00 1.117890500000000120e+00 nan nan nan
1.238750000000000018e+00 1.124486250000000132e+00 nan nan nan
1.241249999999999964e+00 1.104115999999999875e+00 nan nan nan
1.243749999999999911e+00 1.109873749999999992e+00 nan nan nan
1.246250000000000080e+00 1.103051249999999817e+00 nan nan nan
1.248750000000000027e+00 1.103287250000000164e+00 nan nan nan
1.251249999999999973e+00 1.092304500000000012e+00 nan nan nan
1.253749999999999920e+00 1.079216750000000058e+00 nan nan nan
1.256250000000000089e+00 1.084915749999999957e+00 nan nan nan
1.258750000000000036e+00 1.083098249999999929e+00 nan nan nan
1.261249999999999982e+00 1.084963249999999935e+00 nan nan nan
1.263749999999999929e+00 1.068335000000000035e+00 nan nan nan
1.266250000000000098e+00 1.081249500000000197e+00 nan nan nan
1.268750000000000044e+00 1.062221749999999965e+00 nan nan nan
1.271249999999999991e+00 1.065836999999999923e+00 nan nan nan
1.273749999999999938e+00 1.063381000000000132e+00 nan nan nan
1.276250000000000107e+00 1.064215249999999946e+00 nan nan nan
1.278750000000000053e+00 1.041318749999999849e+00 nan nan nan
1.281250000000000000e+00 1.055847999999999898e+00 nan nan nan
1.283749999999999947e+00 1.053514250000000096e+00 nan nan nan
1.286249999999999893e+00 1.031285749999999890e+00 nan nan nan
1.288750000000000062e+00 1.031881750000000153e+00 nan nan nan
1.291250000000000009e+00 1.017290000000000028e+00 nan nan nan
1.293749999999999956e+00 1.022857750000000010e+00 nan nan nan
1.296249999999999902e+00 1.033747750000000076e+00 nan nan nan
1.298750000000000071e+00 1.041455749999999902e+00 nan nan nan
1.301250000000000018e+00 1.024992750000000008e+00 nan nan nan
1.303749999999999964e+00 1.016053749999999978e+00 nan nan nan
1.306249999999999911e+00 1.017831750000000035e+00 nan nan nan
1.308750000000000080e+00 1.003405499999999950e+00 nan nan nan
1.311250000000000027e+00 1.017405000000000115e+00 nan nan nan
1.313749999999999973e+00 1.008232249999999830e+00 nan nan nan
1.316249999999999920e+00 9.984614999999998908e-01 nan nan nan
1.318750000000000089e+00 1.007912750000000024e+00 nan nan nan
1.321250000000000036e+00 9.960902499999999549e-01 nan nan nan
1.323749999999999982e+00 9.678060000000000551e-01 nan nan nan
1.326249999999999929e+00 9.853407499999999875e-01 nan nan nan
1.328750000000000098e+00 9.894142500000000506e-01 nan nan nan
1.331250000000000044e+00 9.674785000000000190e-01 nan nan nan
1.333749999999999991e+00 9.706452499999999040e-01 nan nan nan
1.336249999999999938e+00 9.740662499999999113e-01 nan nan nan
1.338750000000000107e+00 9.586552500000000698e-01 nan nan nan
1.341250000000000053e+00 9.707754999999999024e-01 nan nan nan
1.343750000000000000e+00 9.679410000000000514e-01 nan nan nan
1.346249999999999947e+00 9.705230000000000246e-01 nan nan nan
1.348749999999999893e+00 9.813967500000000399e-01 nan nan nan
1.351250000000000062e+00 9.545104999999999285e-01 nan nan nan
1.353750000000000009e+00 9.504332500000001183e-01 nan nan nan
1.356249999999999956e+00 9.454810000000000159e-01 nan nan nan
1.358749999999999902e+00 9.592222499999999430e-01 nan nan nan
1.361250000000000071e+00 9.514479999999999604e-01 nan nan nan
1.363750000000000018e+00 9.401007499999999295e-01 nan nan nan
1.366249999999999964e+00 9.543057499999999527e-01 nan nan nan
1.368749999999999911e+00 9.548947500000000144e-01 nan nan nan
1.371250000000000080e+00 9.424225000000000518e-01 nan nan nan
1.373750000000000027e+00 9.431727500000000042e-01 nan nan nan
1.376249999999999973e+00 9.253834999999999145e-01 nan nan nan
1.378749999999999920e+00 9.282510000000000483e-01 nan nan nan
1.381250000000000089e+00 9.326244999999999674e-01 nan nan nan
1.383750000000000036e+00 9.457925000000000360e-01 nan nan nan
1.386249999999999982e+00 9.405974999999999753e-01 nan nan nan
1.388749999999999929e+00 9.374782499999999574e-01 nan nan nan
1.391250000000000098e+00 9.262289999999999690e-01 nan nan nan
1.393750000000000044e+00 9.316802499999999876e-01 nan nan nan
1.396249999999999991e+00 9.118457500000000104e-01 nan nan nan
1.398749999999999938e+00 9.134632499999999489e-01 nan nan nan
1.401250000000000107e+00 9.284680000000000710e-01 nan nan nan
1.403750000000000053e+00 9.259382499999999627e-01 nan nan nan
1.406250000000000000e+00 9.168622499999999897e-01 nan nan nan
1.408749999999999947e+00 9.104717500000000241e-01 nan nan nan
1.411249999999999893e+00 9.195699999999999985e-01 nan nan nan
1.413750000000000062e+00 9.052515000000000978e-01 nan nan nan
1.416250000000000009e+00 9.089045000000000041e-01 nan nan nan
1.418749999999999956e+00 9.192222500000000185e-01 nan nan nan
1.421249999999999902e+00 9.270067499999999905e-01 nan nan nan
1.423750000000000071e+00 8.992912499999998754e-01 nan nan nan
1.426250000000000018e+00 8.958915000000000628e-01 nan nan nan
1.428749999999999964e+00 9.077702500000000008e-01 nan nan nan
1.431249999999999911e+00 8.972774999999999501e-01 nan nan nan
1.433750000000000080e+00 8.994082500000000202e-01 nan nan nan
1.436250000000000027e+00 8.755697499999999245e-01 nan nan nan
1.438749999999999973e+00 8.865345000000000031e-01 nan nan nan
1.441249999999999920e+00 9.006005000000000260e-01 nan nan nan
1.443750000000000089e+00 8.934580000000000854e-01 nan nan nan
1.446250000000000036e+00 8.963900000000001311e-01 nan nan nan
1.448749999999999982e+00 8.952985000000001081e-01 nan nan nan
1.451249999999999929e+00 8.996420000000000528e-01 nan nan nan
1.453750000000000098e+00 8.946250000000000036e-01 nan nan nan
1.456250000000000044e+00 8.862802499999999917e-01 nan nan nan
1.458749999999999991e+00 8.865307500000001451e-01 nan nan nan
1.461249999999999938e+00 8.847507500000000302e-01 nan nan nan
1.463750000000000107e+00 8.768650000000000055e-01 nan nan nan
1.466250000000000053e+00 8.825120000000000742e-01 nan nan nan
1.468750000000000000e+00 8.925950000000000273e-01 nan nan nan
1.471249999999999947e+00 8.853934999999999444e-01 nan nan nan
1.473749999999999893e+00 8.848507500000000192e-01 nan nan nan
1.476250000000000062e+00 8.890329999999999622e-01 nan nan nan
1.478750000000000009e+00 8.804472500000000146e-01 nan nan nan
1.481249999999999956e+00 8.839102500000000084e-01 nan nan nan
1.483749999999999902e+00 8.776422499999999571e-01 nan nan nan
1.486250000000000071e+00 8.780307499999999710e-01 nan nan nan
1.488750000000000018e+00 8.671102499999999713e-01 nan nan nan
1.491249999999999964e+00 8.788990000000000968e-01 nan nan nan
1.493749999999999911e+00 8.768144999999999412e-01 nan nan nan
1.496250000000000080e+00 8.801909999999999457e-01 nan nan nan
1.498750000000000027e+00 8.760682499999999928e-01 nan nan nan
1.501249999999999973e+00 8.742815000000000447e-01 nan nan nan
1.503749999999999920e+00 8.743007499999999599e-01 nan nan nan
1.506250000000000089e+00 8.811522499999999702e-01 nan nan nan
1.508750000000000036e+00 8.785697500000000382e-01 nan nan nan
1.511249999999999982e+00 8.779477499999999157e-01 nan nan nan
1.513749999999999929e+00 8.714990000000000236e-01 nan nan nan
1.516250000000000098e+00 8.658069999999999933e-01 nan nan nan
1.518750000000000044e+00 8.763537499999999314e-01 nan nan nan
1.521249999999999991e+00 8.684209999999998875e-01 nan nan nan
1.523749999999999938e+00 8.722002499999998992e-01 nan nan nan
1.526250000000000107e+00 8.714192499999999786e-01 nan nan nan
1.528750000000000053e+00 8.658514999999999961e-01 nan nan nan
1.531250000000000000e+00 8.715399999999999814e-01 nan nan nan
1.533749999999999947e+00 8.894025000000000958e-01 nan nan nan
1.536249999999999893e+00 8.714252499999999291e-01 nan nan nan
1.538750000000000062e+00 8.717102500000000198e-01 nan nan nan
1.541250000000000009e+00 8.588755000000001250e-01 nan nan nan
1.543749999999999956e+00 8.809052499999999730e-01 nan nan nan
1.546249999999999902e+00 8.558292499999999858e-01 nan nan nan
1.548750000000000071e+00 8.796792500000000237e-01 nan nan nan
1.551250000000000018e+00 8.697654999999999692e-01 nan nan nan
1.553749999999999964e+00 8.797147499999999898e-01 nan nan nan
1.556249999999999911e+00 8.699080000000000146e-01 nan nan nan
1.558750000000000080e+00 8.671200000000000019e-01 nan nan nan
1.561250000000000027e+00 8.630932500000000340e-01 nan nan nan
1.563749999999999973e+00 8.673035000000000050e-01 nan nan nan
1.566249999999999920e+00 8.685277499999999318e-01 nan nan nan
1.568750000000000089e+00 8.710317499999999935e-01 nan nan nan
1.571250000000000036e+00 8.657384999999999664e-01 nan nan nan
1.573749999999999982e+00 8.733092500000000369e-01 nan nan nan
1.576249999999999929e+00 8.719742500000000618e-01 nan nan nan
1.578750000000000098e+00 8.813557499999999933e-01 nan nan nan
1.581250000000000044e+00 8.751640000000000530e-01 nan nan nan
1.583749999999999991e+00 8.809192499999999315e-01 nan nan nan
1.586249999999999938e+00 8.604080000000000616e-01 nan nan nan
1.588750000000000107e+00 8.799675000000000136e-01 nan nan nan
1.591250000000000053e+00 8.743925000000001280e-01 nan nan nan
1.593750000000000000e+00 8.813127499999999781e-01 nan nan nan
1.596249999999999947e+00 8.718675000000000175e-01 nan nan nan
1.598749999999999893e+00 8.678989999999999760e-01 nan nan nan
1.601250000000000062e+00 8.768449999999999855e-01 nan nan nan
1.603750000000000009e+00 8.864719999999999267e-01 nan nan nan
1.606249999999999956e+00 8.818912500000000154e-01 nan nan nan
1.608749999999999902e+00 8.685897499999999383e-01 nan nan nan
1.611250000000000071e+00 8.860257499999999453e-01 nan nan nan
1.613750000000000018e+00 8.801577499999999610e-01 nan nan nan
1.616249999999999964e+00 8.887782500000001029e-01 nan nan nan
1.618749999999999911e+00 8.970495000000000552e-01 nan nan nan
1.621250000000000080e+00 8.879479999999999595e-01 nan nan nan
1.623750000000000027e+00 8.988639999999999963e-01 nan nan nan
1.626249999999999973e+00 8.875925000000000065e-01 nan nan nan
1.628749999999999920e+00 8.825215000000000698e-01 nan nan nan
1.631250000000000089e+00 8.819209999999999550e-01 nan nan nan
1.633750000000000036e+00 8.937055000000000415e-01 nan nan nan
1.636249999999999982e+00 8.869875000000000398e-01 nan nan nan
1.638749999999999929e+00 8.937997499999998929e-01 nan nan nan
1.641250000000000098e+00 8.937692500000000706e-01 nan nan nan
1.643750000000000044e+00 8.939232499999999471e-01 nan nan nan
1.646249999999999991e+00 8.940255000000000285e-01 nan nan nan
1.648749999999999938e+00 8.890242499999999604e-01 nan nan nan
1.651250000000000107e+00 8.968264999999999709e-01 nan nan nan
1.653750000000000053e+00 8.990452499999999070e-01 nan nan nan
1.656250000000000000e+00 9.035172499999999385e-01 nan nan nan
1.658749999999999947e+00 8.950194999999999679e-01 nan nan nan
1.661249999999999893e+00 9.031547499999998951e-01 nan nan nan
1.663750000000000062e+00 9.157387500000000458e-01 nan nan nan
1.666250000000000009e+00 8.979257499999999670e-01 nan nan nan
1.668749999999999956e+00 9.087982500000000297e-01 nan nan nan
1.671249999999999902e+00 9.131825000000000081e-01 nan nan nan
1.673750000000000071e+00 9.166750000000000176e-01 nan nan nan
1.676250000000000018e+00 9.138067500000000010e-01 nan nan nan
1.678749999999999964e+00 9.176290000000000280e-01 nan nan nan
1.681249999999999911e+00 9.130577500000000013e-01 nan nan nan
1.683750000000000080e+00 9.098549999999999693e-01 nan nan nan
1.686250000000000027e+00 9.188749999999999973e-01 nan nan nan
1.688749999999999973e+00 9.157997500000000235e-01 nan nan nan
1.691249999999999920e+00 9.229625000000000190e-01 nan nan nan
1.693750000000000089e+00 9.186447500000000099e-01 nan nan nan
1.696250000000000036e+00 9.206227499999999342e-01 nan nan nan
1.698749999999999982e+00 9.229379999999999251e-01 nan nan nan
1.701249999999999929e+00 9.234342499999999010e-01 nan nan nan
1.703750000000000098e+00 9.304945000000000022e-01 nan nan nan
1.706250000000000044e+00 9.159340000000000259e-01 nan nan nan
1.708749999999999991e+00 9.212682500000000108e-01 nan nan nan
1.711249999999999938e+00 9.459762499999999630e-01 nan nan nan
1.713750000000000107e+00 9.379362500000000269e-01 nan nan nan
1.716250000000000053e+00 9.314934999999999743e-01 nan nan nan
1.718750000000000000e+00 9.409662500000000041e-01 nan nan nan
1.721249999999999947e+00 9.300379999999999203e-01 nan nan nan
1.723749999999999893e+00 9.416777499999999801e-01 nan nan nan
1.726250000000000062e+00 9.414692500000000353e-01 nan nan nan
1.728750000000000009e+00 9.503629999999999578e-01 nan nan nan
1.731249999999999956e+00 9.468992499999999701e-01 nan nan nan
1.733749999999999902e+00 9.590599999999999126e-01 nan nan nan
1.736250000000000071e+00 9.591679999999999096e-01 nan nan nan
1.738750000000000018e+00 9.457295000000000007e-01 nan nan nan
1.741249999999999964e+00 9.523254999999999360e-01 nan nan nan
1.743749999999999911e+00 9.581692499999999724e-01 nan nan nan
1.746250000000000080e+00 9.573454999999999604e-01 nan nan nan
1.748750000000000027e+00 9.537372500000000919e-01 nan nan nan
1.751249999999999973e+00 9.499379999999999491e-01 nan nan nan
1.753749999999999920e+00 9.708372499999999850e-01 nan nan nan
1.756250000000000089e+00 9.577692500000000164e-01 nan nan nan
1.758750000000000036e+00 9.582135000000000513e-01 nan nan nan
1.761249999999999982e+00 9.675047500000000245e-01 nan nan nan
1.763749999999999929e+00 9.710589999999998945e-01 nan nan nan
1.766250000000000098e+00 9.609347500000000597e-01 nan nan nan
1.768750000000000044e+00 9.793132500000001350e-01 nan nan nan
1.771249999999999991e+00 9.667837499999999418e-01 nan nan nan
1.773749999999999938e+00 9.712945000000000606e-01 nan nan nan
1.776250000000000107e+00 9.913315000000000321e-01 nan nan nan
1.778750000000000053e+00 9.721107499999999124e-01 nan nan nan
1.781250000000000000e+00 9.731510000000000993e-01 nan nan nan
1.783749999999999947e+00 9.847310000000000230e-01 nan nan nan
1.786249999999999893e+00 9.788284999999999902e-01 nan nan nan
1.788750000000000062e+00 9.814192500000000763e-01 nan nan nan
1.791250000000000009e+00 9.661589999999999900e-01 nan nan nan
1.793749999999999956e+00 9.879687500000000622e-01 nan nan nan
1.796249999999999902e+00 9.889645000000001351e-01 nan nan nan
1.798750000000000071e+00 9.880642500000000883e-01 nan nan nan
1.801250000000000018e+00 9.869692499999999091e-01 nan nan nan
1.803749999999999964e+00 9.952557499999999946e-01 nan nan nan
1.806249999999999911e+00 9.895407499999999690e-01 nan nan nan
1.808750000000000080e+00 9.875457500000000000e-01 nan nan nan
1.811250000000000027e+00 9.924562500000000398e-01 nan nan nan
1.813749999999999973e+00 1.006960750000000182e+00 nan nan nan
1.816249999999999920e+00 1.008854499999999987e+00 nan nan nan
1.818750000000000089e+00 9.967807500000001042e-01 nan nan nan
1.821250000000000036e+00 1.000486500000000056e+00 nan nan nan
1.823749999999999982e+00 1.002829500000000040e+00 nan nan nan
1.826249999999999929e+00 1.008129499999999901e+00 nan nan nan
1.828750000000000098e+00 1.006097250000000054e+00 nan nan nan
1.831250000000000044e+00 1.012982499999999897e+00 nan nan nan
1.833749999999999991e+00 1.008067749999999929e+00 nan nan nan
1.836249999999999938e+00 1.010490499999999958e+00 nan nan nan
1.838750000000000107e+00 1.004171750000000030e+00 nan nan nan
1.841250000000000053e+00 1.019973999999999936e+00 nan nan nan
1.843750000000000000e+00 1.012646750000000040e+00 nan nan nan
1.846249999999999947e+00 1.013972250000000130e+00 nan nan nan
1.848749999999999893e+00 1.027711749999999924e+00 nan nan nan
1.851250000000000062e+00 1.023528250000000028e+00 nan nan nan
1.853750000000000009e+00 1.019770000000000065e+00 nan nan nan
1.856249999999999956e+00 1.029202250000000207e+00 nan nan nan
1.858749999999999902e+00 1.031661500000000009e+00 nan nan nan
1.861250000000000071e+00 1.024083749999999959e+00 nan nan nan
1.863750000000000018e+00 1.032649499999999998e+00 nan nan nan
1.866249999999999964e+00 1.014222999999999875e+00 nan nan nan
1.868749999999999911e+00 1.025310249999999979e+00 nan nan nan
1.871250000000000080e+00 1.031360000000000054e+00 nan nan nan
1.873750000000000027e+00 1.029768500000000087e+00 nan nan nan
1.876249999999999973e+00 1.034249749999999857e+00 nan nan nan
1.878749999999999920e+00 1.035137250000000009e+00 nan nan nan
1.881250000000000089e+00 1.026424000000000003e+00 nan nan nan
1.883750000000000036e+00 1.030867750000000083e+00 nan nan nan
1.886249999999999982e+00 1.035927500000000112e+00 nan nan nan
1.888749999999999929e+00 1.054002000000000105e+00 nan nan nan
1.891250000000000098e+00 1.031843749999999948e+00 nan nan nan
1.893750000000000044e+00 1.040289250000000054e+00 nan nan nan
1.896249999999999991e+00 1.039280500000000051e+00 nan nan nan
1.898749999999999938e+00 1.036122499999999835e+00 nan nan nan
1.901250000000000107e+00 1.037584999999999980e+00 nan nan nan
1.903750000000000053e+00 1.042053750000000001e+00 nan nan nan
1.906250000000000000e+00 1.043346250000000142e+00 nan nan nan
1.908749999999999947e+00 1.043965250000000067e+00 nan nan nan
1.911249999999999893e+00 1.055193750000000152e+00 nan nan nan
1.913750000000000062e+00 1.047092249999999947e+00 nan nan nan
1.916250000000000009e+00 1.045054499999999997e+00 nan nan nan
1.918749999999999956e+00 1.045786499999999952e+00 nan nan nan
1.921249999999999902e+00 1.048475000000000046e+00 nan nan nan
1.923750000000000071e+00 1.043174750000000151e+00 nan nan nan
1.926250000000000018e+00 1.052188249999999936e+00 nan nan nan
1.928749999999999964e+00 1.044575000000000031e+00 nan nan nan
1.931249999999999911e+00 1.044667500000000082e+00 nan nan nan
1.933750000000000080e+00 1.047986500000000154e+00 nan nan nan
1.936250000000000027e+00 1.042467250000000067e+00 nan nan nan
1.938749999999999973e+00 1.048812249999999890e+00 nan nan nan
1.941249999999999920e+00 1.061599249999999994e+00 nan nan nan
1.943750000000000089e+00 1.053115750000000128e+00 nan nan nan
1.946250000000000036e+00 1.049841250000000059e+00 nan nan nan
1.948749999999999982e+00 1.044839249999999886e+00 nan nan nan
1.951249999999999929e+00 1.044701499999999950e+00 nan nan nan
1.953750000000000098e+00 1.047559249999999942e+00 nan nan nan
1.956250000000000044e+00 1.057010250000000040e+00 nan nan nan
1.958749999999999991e+00 1.055970999999999993e+00 nan nan nan
1.961249999999999938e+00 1.044521000000000033e+00 nan nan nan
1.963750000000000107e+00 1.053864750000000017e+00 nan nan nan
1.966250000000000053e+00 1.052962249999999766e+00 nan nan nan
1.968750000000000000e+00 1.044319749999999880e+00 nan nan nan
1.971249999999999947e+00 1.049034499999999870e+00 nan nan nan
1.973749999999999893e+00 1.050360500000000030e+00 nan nan nan
1.976250000000000062e+00 1.059163999999999994e+00 nan nan nan
1.978750000000000009e+00 1.057886000000000104e+00 nan nan nan
1.981249999999999956e+00 1.065000250000000204e+00 nan nan nan
1.983749999999999902e+00 1.054724999999999913e+00 nan nan nan
1.986250000000000071e+00 1.054649750000000052e+00 nan nan nan
1.988750000000000018e+00 1.047949250000000054e+00 nan nan nan
1.991249999999999964e+00 1.048301749999999810e+00 nan nan nan
1.993749999999999911e+00 1.058213000000000070e+00 nan nan nan
1.996250000000000080e+00 1.058754749999999856e+00 nan nan nan
1.998750000000000027e+00 1.055662499999999948e+00 nan nan nan
2.001250000000000195e+00 1.057439499999999866e+00 nan nan nan
2.003750000000000142e+00 1.050717500000000193e+00 nan nan nan
2.006250000000000089e+00 1.060988749999999925e+00 nan nan nan
2.008750000000000036e+00 1.062414249999999782e+00 nan nan nan
2.011249999999999982e+00 1.057888750000000044e+00 nan nan nan
2.013749999999999929e+00 1.057364749999999853e+00 nan nan nan
2.016249999999999876e+00 1.045392499999999947e+00 nan nan nan
2.018749999999999822e+00 1.057250250000000058e+00 nan nan nan
2.021250000000000213e+00 1.053266749999999918e+00 nan nan nan
2.023750000000000160e+00 1.053770500000000165e+00 nan nan nan
2.026250000000000107e+00 1.044235500000000094e+00 nan nan nan
2.028750000000000053e+00 1.057758250000000011e+00 nan nan nan
2.031250000000000000e+00 1.044770999999999894e+00 nan nan nan
2.033749999999999947e+00 1.053393499999999872e+00 nan nan nan
2.036249999999999893e+00 1.042314249999999998e+00 nan nan nan
2.038749999999999840e+00 1.053494249999999965e+00 nan nan nan
2.041249999999999787e+00 1.050274750000000035e+00 nan nan nan
2.043750000000000178e+00 1.041649250000000082e+00 nan nan nan
2.046250000000000124e+00 1.056687249999999967e+00 nan nan nan
2.048750000000000071e+00 1.041660000000000030e+00 nan nan nan
2.051250000000000018e+00 1.048610749999999925e+00 nan nan nan
2.053749999999999964e+00 1.039729250000000160e+00 nan nan nan
2.056249999999999911e+00 1.049952999999999914e+00 nan nan nan
2.058749999999999858e+00 1.053584499999999924e+00 nan nan nan
2.061249999999999805e+00 1.046152250000000006e+00 nan nan nan
2.063750000000000195e+00 1.035021500000000039e+00 nan nan nan
2.066250000000000142e+00 1.047557999999999989e+00 nan nan nan
2.068750000000000089e+00 1.037659499999999957e+00 nan nan nan
2.071250000000000036e+00 1.044017750000000078e+00 nan nan nan
2.073749999999999982e+00 1.052707750000000164e+00 nan nan nan
2.076249999999999929e+00 1.040735750000000071e+00 nan nan nan
2.078749999999999876e+00 1.039263999999999966e+00 nan nan nan
2.081249999999999822e+00 1.053323999999999927e+00 nan nan nan
2.083750000000000213e+00 1.041076499999999960e+00 nan nan nan
2.086250000000000160e+00 1.048543999999999921e+00 nan nan nan
2.088750000000000107e+00 1.030939499999999898e+00 nan nan nan
2.091250000000000053e+00 1.038739000000000079e+00 nan nan nan
2.093750000000000000e+00 1.037043000000000159e+00 nan nan nan
2.096249999999999947e+00 1.044900999999999858e+00 nan nan nan
2.098749999999999893e+00 1.041316000000000130e+00 nan nan nan
2.101249999999999840e+00 1.040452500000000002e+00 nan nan nan
2.103749999999999787e+00 1.031372999999999873e+00 nan nan nan
2.106250000000000178e+00 1.033368499999999912e+00 nan nan nan
2.108750000000000124e+00 1.029976499999999850e+00 nan nan nan
2.111250000000000071e+00 1.033585750000000081e+00 nan nan nan
2.113750000000000018e+00 1.033220250000000062e+00 nan nan nan
2.116249999999999964e+00 1.028140000000000054e+00 nan nan nan
2.118749999999999911e+00 1.031833250000000035e+00 nan nan nan
2.121249999999999858e+00 1.029882500000000034e+00 nan nan nan
2.123749999999999805e+00 1.028530750000000049e+00 nan nan nan
2.126250000000000195e+00 1.036069499999999977e+00 nan nan nan
2.128750000000000142e+00 1.027660999999999936e+00 nan nan nan
2.131250000000000089e+00 1.034628749999999986e+00 nan nan nan
2.133750000000000036e+00 1.032401500000000194e+00 nan nan nan
2.136249999999999982e+00 1.029205999999999843e+00 nan nan nan
2.138749999999999929e+00 1.027718750000000014e+00 nan nan nan
2.141249999999999876e+00 1.025403499999999912e+00 nan nan nan
2.143749999999999822e+00 1.024507499999999904e+00 nan nan nan
2.146250000000000213e+00 1.021790999999999894e+00 nan nan nan
2.148750000000000160e+00 1.025335249999999920e+00 nan nan nan
2.151250000000000107e+00 1.022596500000000130e+00 nan nan nan
2.153750000000000053e+00 1.024143749999999908e+00 nan nan nan
2.156250000000000000e+00 1.023875749999999973e+00 nan nan nan
2.158749999999999947e+00 1.022187999999999874e+00 nan nan nan
2.161249999999999893e+00 1.019171249999999862e+00 nan nan nan
2.163749999999999840e+00 1.023606749999999899e+00 nan nan nan
2.166249999999999787e+00 1.019890999999999881e+00 nan nan nan
2.168750000000000178e+00 1.018432999999999922e+00 nan nan nan
2.171250000000000124e+00 1.018839999999999968e+00 nan nan nan
2.173750000000000071e+00 1.031162999999999830e+00 nan nan nan
2.176250000000000018e+00 1.019559750000000209e+00 nan nan nan
2.178749999999999964e+00 1.027747999999999884e+00 nan nan nan
2.181249999999999911e+00 1.028653749999999922e+00 nan nan nan
2.183749999999999858e+00 1.018327750000000087e+00 nan nan nan
2.186249999999999805e+00 1.013659249999999901e+00 nan nan nan
2.188750000000000195e+00 1.011584000000000039e+00 nan nan nan
2.191250000000000142e+00 1.005993249999999950e+00 nan nan nan
2.193750000000000089e+00 1.023147000000000029e+00 nan nan nan
2.196250000000000036e+00 1.009616000000000069e+00 nan nan nan
2.198749999999999982e+00 1.021760500000000071e+00 nan nan nan
2.201249999999999929e+00 1.016528000000000098e+00 nan nan nan
2.203749999999999876e+00 1.014903499999999958e+00 nan nan nan
2.206249999999999822e+00 1.007119249999999910e+00 nan nan nan
2.208750000000000213e+00 1.012242500000000156e+00 nan nan nan
2.211250000000000160e+00 1.009382999999999919e+00 nan nan nan
2.213750000000000107e+00 1.011178249999999945e+00 nan nan nan
2.216250000000000053e+00 1.023083500000000035e+00 nan nan nan
2.218750000000000000e+00 1.011455500000000063e+00 nan nan nan
2.221249999999999947e+00 1.013019499999999962e+00 nan nan nan
2.223749999999999893e+00 1.013597500000000151e+00 nan nan nan
2.226249999999999840e+00 1.011244999999999949e+00 nan nan nan
2.228749999999999787e+00 1.001426499999999997e+00 nan nan nan
2.231250000000000178e+00 1.014379499999999990e+00 nan nan nan
2.233750000000000124e+00 1.007778250000000098e+00 nan nan nan
2.236250000000000071e+00 1.014730499999999980e+00 nan nan nan
2.238750000000000018e+00 1.002571499999999949e+00 nan nan nan
2.241249999999999964e+00 1.012536749999999985e+00 nan nan nan
2.243749999999999911e+00 1.008664999999999923e+00 nan nan nan
2.246249999999999858e+00 1.014183000000000057e+00 nan nan nan
2.248749999999999805e+00 1.003808000000000034e+00 nan nan nan
2.251250000000000195e+00 1.005116750000000003e+00 nan nan nan
2.253750000000000142e+00 1.007944500000000021e+00 nan nan nan
2.256250000000000089e+00 1.013405249999999924e+00 nan nan nan
2.258750000000000036e+00 1.004409499999999955e+00 nan nan nan
2.261249999999999982e+00 1.009773999999999949e+00 nan nan nan
2.263749999999999929e+00 1.004269499999999926e+00 nan nan nan
2.266249999999999876e+00 9.926972499999999755e-01 nan nan nan
2.268749999999999822e+00 1.001601750000000068e+00 nan nan nan
2.271250000000000213e+00 1.001788750000000006e+00 nan nan nan
2.273750000000000160e+00 9.988984999999999115e-01 nan nan nan
2.276250000000000107e+00 9.908652499999999197e-01 nan nan nan
2.278750000000000053e+00 1.000224999999999920e+00 nan nan nan
2.281250000000000000e+00 1.007391499999999995e+00 nan nan nan
2.283749999999999947e+00 1.000579749999999990e+00 nan nan nan
2.286249999999999893e+00 9.940139999999999532e-01 nan nan nan
2.288749999999999840e+00 1.003663999999999890e+00 nan nan nan
2.291249999999999787e+00 9.965102500000000418e-01 nan nan nan
2.293750000000000178e+00 1.007921000000000067e+00 nan nan nan
2.296250000000000124e+00 1.004593999999999987e+00 nan nan nan
2.298750000000000071e+00 9.994027500000000064e-01 nan nan nan
2.301250000000000018e+00 9.927664999999998852e-01 nan nan nan
2.303749999999999964e+00 9.984232499999999844e-01 nan nan nan
2.306249999999999911e+00 9.908807500000000879e-01 nan nan nan
2.308749999999999858e+00 9.889507500000001006e-01 nan nan nan
2.311249999999999805e+00 9.954767499999999103e-01 nan nan nan
2.313750000000000195e+00 9.915689999999999227e-01 nan nan nan
2.316250000000000142e+00 9.916810000000000347e-01 nan nan nan
2.318750000000000089e+00 9.975607499999999961e-01 nan nan nan
2.321250000000000036e+00 1.000580750000000130e+00 nan nan nan
2.323749999999999982e+00 9.861847500000000544e-01 nan nan nan
2.326249999999999929e+00 9.851702500000000251e-01 nan nan nan
2.328749999999999876e+00 9.907232500000000552e-01 nan nan nan
2.331249999999999822e+00 1.000647999999999982e+00 nan nan nan
2.333750000000000213e+00 9.891205000000000691e-01 nan nan nan
2.336250000000000160e+00 9.999570000000000958e-01 nan nan nan
2.338750000000000107e+00 9.949842499999999035e-01 nan nan nan
2.341250000000000053e+00 9.840692500000000065e-01 nan nan nan
2.343750000000000000e+00 9.913222499999999604e-01 nan nan nan
2.346249999999999947e+00 9.916592499999999921e-01 nan nan nan
2.348749999999999893e+00 9.929602499999999887e-01 nan nan nan
2.351249999999999840e+00 9.820639999999999370e-01 nan nan nan
2.353749999999999787e+00 9.853954999999999798e-01 nan nan nan
2.356250000000000178e+00 9.948939999999999451e-01 nan nan nan
2.358750000000000124e+00 9.864784999999999249e-01 nan nan nan
2.361250000000000071e+00 9.893849999999999589e-01 nan nan nan
2.363750000000000018e+00 9.844260000000000232e-01 nan nan nan
2.366249999999999964e+00 9.909532500000000077e-01 nan nan nan
2.368749999999999911e+00 9.889082499999999332e-01 nan nan nan
2.371249999999999858e+00 9.872310000000000807e-01 nan nan nan
2.373749999999999805e+00 9.806622500000000686e-01 nan nan nan
2.376250000000000195e+00 9.823155000000001191e-01 nan nan nan
2.378750000000000142e+00 9.933745000000000491e-01 nan nan nan
2.381250000000000089e+00 9.892267499999999325e-01 nan nan nan
2.383750000000000036e+00 9.876227500000001047e-01 nan nan nan
2.386249999999999982e+00 9.839020000000000543e-01 nan nan nan
2.388749999999999929e+00 9.769637499999999086e-01 nan nan nan
2.391249999999999876e+00 9.875522500000000203e-01 nan nan nan
2.393749999999999822e+00 9.823394999999999211e-01 nan nan nan
2.396250000000000213e+00 9.896355000000000013e-01 nan nan nan
2.398750000000000160e+00 9.807677500000000492e-01 nan nan nan
2.401250000000000107e+00 9.862459999999999560e-01 nan nan nan
2.403750000000000053e+00 9.841297500000001364e-01 nan nan nan
2.406250000000000000e+00 9.866534999999999611e-01 nan nan nan
2.408749999999999947e+00 9.835544999999999982e-01 nan nan nan
2.411249999999999893e+00 9.832655000000000145e-01 nan nan nan
2.413749999999999840e+00 9.814479999999999871e-01 nan nan nan
2.416249999999999787e+00 9.853202500000000086e-01 nan nan nan
2.418750000000000178e+00 9.873702500000001159e-01 nan nan nan
2.421250000000000124e+00 9.842042500000000027e-01 nan nan nan
2.423750000000000071e+00 9.879542500000000338e-01 nan nan nan
2.426250000000000018e+00 9.831330000000000346e-01 nan nan nan
2.428749999999999964e+00 9.792992499999999545e-01 nan nan nan
2.431249999999999911e+00 9.787922499999999193e-01 nan nan nan
2.433749999999999858e+00 9.848537499999999723e-01 nan nan nan
2.436249999999999805e+00 9.849542500000000311e-01 nan nan nan
2.438750000000000195e+00 9.845817500000000333e-01 nan nan nan
2.441250000000000142e+00 9.749500000000000943e-01 nan nan nan
2.443750000000000089e+00 9.867102500000000109e-01 nan nan nan
2.446250000000000036e+00 9.912812500000000027e-01 nan nan nan
2.448749999999999982e+00 9.853354999999999198e-01 nan nan nan
2.451249999999999929e+00 9.782480000000000064e-01 nan nan nan
2.453749999999999876e+00 9.898345000000000615e-01 nan nan nan
2.456249999999999822e+00 9.785055000000000280e-01 nan nan nan
2.458750000000000213e+00 9.857917499999999666e-01 nan nan nan
2.461250000000000160e+00 9.820897500000000946e-01 nan nan nan
2.463750000000000107e+00 9.817314999999999792e-01 nan nan nan
2.466250000000000053e+00 9.879785000000000927e-01 nan nan nan
2.468750000000000000e+00 9.852695000000000203e-01 nan nan nan
2.471249999999999947e+00 9.826939999999999564e-01 nan nan nan
2.473749999999999893e+00 9.820800000000000640e-01 nan nan nan
2.476249999999999840e+00 9.803262499999999546e-01 nan nan nan
2.478749999999999787e+00 9.823642500000000499e-01 nan nan nan
2.481250000000000178e+00 9.776187499999999808e-01 nan nan nan
2.483750000000000124e+00 9.859362499999999585e-01 nan nan nan
2.486250000000000071e+00 9.839750000000000441e-01 nan nan nan
2.488750000000000018e+00 9.849962500000000176e-01 nan nan nan
2.491249999999999964e+00 9.837167500000000286e-01 nan nan nan
2.493749999999999911e+00 9.837285000000000057e-01 nan nan nan
2.496249999999999858e+00 9.832285000000000608e-01 nan nan nan
2.498749999999999805e+00 9.820155000000000411e-01 nan nan nan
