1.250000000000000026e-03 0.000000000000000000e+00 nan nan nan
3.749999999999999861e-03 0.000000000000000000e+00 nan nan nan
6.250000000000000347e-03 0.000000000000000000e+00 nan nan nan
8.750000000000000833e-03 0.000000000000000000e+00 nan nan nan
1.124999999999999958e-02 0.000000000000000000e+00 nan nan nan
1.375000000000000007e-02 0.000000000000000000e+00 nan nan nan
1.625000000000000056e-02 0.000000000000000000e+00 nan nan nan
1.874999999999999931e-02 0.000000000000000000e+00 nan nan nan
2.125000000000000153e-02 0.000000000000000000e+00 nan nan nan
2.375000000000000028e-02 0.000000000000000000e+00 nan nan nan
2.624999999999999903e-02 0.000000000000000000e+00 nan nan nan
2.875000000000000125e-02 0.000000000000000000e+00 nan nan nan
3.125000000000000000e-02 0.000000000000000000e+00 nan nan nan
3.375000000000000222e-02 0.000000000000000000e+00 nan nan nan
3.624999999999999750e-02 0.000000000000000000e+00 nan nan nan
3.874999999999999972e-02 0.000000000000000000e+00 nan nan nan
4.125000000000000194e-02 0.000000000000000000e+00 nan nan nan
4.374999999999999722e-02 0.000000000000000000e+00 nan nan nan
4.624999999999999944e-02 0.000000000000000000e+00 nan nan nan
4.875000000000000167e-02 0.000000000000000000e+00 nan nan nan
5.124999999999999695e-02 0.000000000000000000e+00 nan nan nan
5.374999999999999917e-02 0.000000000000000000e+00 nan nan nan
5.625000000000000139e-02 0.000000000000000000e+00 nan nan nan
5.874999999999999667e-02 0.000000000000000000e+00 nan nan nan
6.124999999999999889e-02 0.000000000000000000e+00 nan nan nan
6.375000000000000111e-02 0.000000000000000000e+00 nan nan nan
6.625000000000000333e-02 0.000000000000000000e+00 nan nan nan
6.875000000000000555e-02 0.000000000000000000e+00 nan nan nan
7.124999999999999389e-02 0.000000000000000000e+00 nan nan nan
7.374999999999999611e-02 0.000000000000000000e+00 nan nan nan
7.624999999999999833e-02 0.000000000000000000e+00 nan nan nan
7.875000000000000056e-02 0.000000000000000000e+00 nan nan nan
8.125000000000000278e-02 0.000000000000000000e+00 nan nan nan
8.375000000000000500e-02 0.000000000000000000e+00 nan nan nan
8.624999999999999334e-02 0.000000000000000000e+00 nan nan nan
8.874999999999999556e-02 0.000000000000000000e+00 nan nan nan
9.124999999999999778e-02 0.000000000000000000e+00 nan nan nan
9.375000000000000000e-02 0.000000000000000000e+00 nan nan nan
9.625000000000000222e-02 0.000000000000000000e+00 nan nan nan
9.875000000000000444e-02 0.000000000000000000e+00 nan nan nan
1.012500000000000067e-01 0.000000000000000000e+00 nan nan nan
1.037499999999999950e-01 0.000000000000000000e+00 nan nan nan
1.062499999999999972e-01 0.000000000000000000e+00 nan nan nan
1.087499999999999994e-01 0.000000000000000000e+00 nan nan nan
1.112500000000000017e-01 0.000000000000000000e+00 nan nan nan
1.137500000000000039e-01 0.000000000000000000e+00 nan nan nan
1.162500000000000061e-01 0.000000000000000000e+00 nan nan nan
1.187499999999999944e-01 0.000000000000000000e+00 nan nan nan
1.212499999999999967e-01 0.000000000000000000e+00 nan nan nan
1.237499999999999989e-01 0.000000000000000000e+00 nan nan nan
1.262500000000000011e-01 0.000000000000000000e+00 nan nan nan
1.287500000000000033e-01 0.000000000000000000e+00 nan nan nan
1.312500000000000056e-01 0.000000000000000000e+00 nan nan nan
1.337500000000000078e-01 0.000000000000000000e+00 nan nan nan
1.362500000000000100e-01 0.000000000000000000e+00 nan nan nan
1.387500000000000122e-01 0.000000000000000000e+00 nan nan nan
1.412499999999999867e-01 0.000000000000000000e+00 nan nan nan
1.437499999999999889e-01 0.000000000000000000e+00 nan nan nan
1.462499999999999911e-01 0.000000000000000000e+00 nan nan nan
1.487499999999999933e-01 0.000000000000000000e+00 nan nan nan
1.512499999999999956e-01 0.000000000000000000e+00 nan nan nan
1.537499999999999978e-01 0.000000000000000000e+00 nan nan nan
1.562500000000000000e-01 0.000000000000000000e+00 nan nan nan
1.587500000000000022e-01 0.000000000000000000e+00 nan nan nan
1.612500000000000044e-01 0.000000000000000000e+00 nan nan nan
1.637500000000000067e-01 0.000000000000000000e+00 nan nan nan
1.662500000000000089e-01 0.000000000000000000e+00 nan nan nan
1.687500000000000111e-01 0.000000000000000000e+00 nan nan nan
1.712500000000000133e-01 0.000000000000000000e+00 nan nan nan
1.737499999999999878e-01 0.000000000000000000e+00 nan nan nan
1.762499999999999900e-01 0.000000000000000000e+00 nan nan nan
1.787499999999999922e-01 0.000000000000000000e+00 nan nan nan
1.812499999999999944e-01 0.000000000000000000e+00 nan nan nan
1.837499999999999967e-01 0.000000000000000000e+00 nan nan nan
1.862499999999999989e-01 0.000000000000000000e+00 nan nan nan
1.887500000000000011e-01 0.000000000000000000e+00 nan nan nan
1.912500000000000033e-01 0.000000000000000000e+00 nan nan nan
1.937500000000000056e-01 0.000000000000000000e+00 nan nan nan
1.962500000000000078e-01 0.000000000000000000e+00 nan nan nan
1.987500000000000100e-01 0.000000000000000000e+00 nan nan nan
2.012500000000000122e-01 0.000000000000000000e+00 nan nan nan
2.037499999999999867e-01 0.000000000000000000e+00 nan nan nan
2.062499999999999889e-01 0.000000000000000000e+00 nan nan nan
2.087499999999999911e-01 0.000000000000000000e+00 nan nan nan
2.112499999999999933e-01 0.000000000000000000e+00 nan nan nan
2.137499999999999956e-01 0.000000000000000000e+00 nan nan nan
2.162499999999999978e-01 0.000000000000000000e+00 nan nan nan
2.187500000000000000e-01 0.000000000000000000e+00 nan nan nan
2.212500000000000022e-01 0.000000000000000000e+00 nan nan nan
2.237500000000000044e-01 0.000000000000000000e+00 nan nan nan
2.262500000000000067e-01 0.000000000000000000e+00 nan nan nan
2.287500000000000089e-01 0.000000000000000000e+00 nan nan nan
2.312500000000000111e-01 0.000000000000000000e+00 nan nan nan
2.337500000000000133e-01 0.000000000000000000e+00 nan nan nan
2.362499999999999878e-01 0.000000000000000000e+00 nan nan nan
2.387499999999999900e-01 0.000000000000000000e+00 nan nan nan
2.412499999999999922e-01 0.000000000000000000e+00 nan nan nan
2.437499999999999944e-01 0.000000000000000000e+00 nan nan nan
2.462499999999999967e-01 0.000000000000000000e+00 nan nan nan
2.487499999999999989e-01 0.000000000000000000e+00 nan nan nan
2.512499999999999734e-01 0.000000000000000000e+00 nan nan nan
2.537499999999999756e-01 0.000000000000000000e+00 nan nan nan
2.562499999999999778e-01 0.000000000000000000e+00 nan nan nan
2.587499999999999800e-01 0.000000000000000000e+00 nan nan nan
2.612499999999999822e-01 0.000000000000000000e+00 nan nan nan
2.637499999999999845e-01 0.000000000000000000e+00 nan nan nan
2.662499999999999867e-01 0.000000000000000000e+00 nan nan nan
2.687499999999999889e-01 0.000000000000000000e+00 nan nan nan
2.712499999999999911e-01 0.000000000000000000e+00 nan nan nan
2.737499999999999933e-01 0.000000000000000000e+00 nan nan nan
2.762499999999999956e-01 0.000000000000000000e+00 nan nan nan
2.787499999999999978e-01 0.000000000000000000e+00 nan nan nan
2.812500000000000000e-01 0.000000000000000000e+00 nan nan nan
2.837500000000000022e-01 0.000000000000000000e+00 nan nan nan
2.862500000000000044e-01 0.000000000000000000e+00 nan nan nan
2.887500000000000067e-01 0.000000000000000000e+00 nan nan nan
2.912500000000000089e-01 0.000000000000000000e+00 nan nan nan
2.937500000000000111e-01 0.000000000000000000e+00 nan nan nan
2.962500000000000133e-01 0.000000000000000000e+00 nan nan nan
2.987500000000000155e-01 0.000000000000000000e+00 nan nan nan
3.012500000000000178e-01 0.000000000000000000e+00 nan nan nan
3.037500000000000200e-01 0.000000000000000000e+00 nan nan nan
3.062500000000000222e-01 0.000000000000000000e+00 nan nan nan
3.087500000000000244e-01 0.000000000000000000e+00 nan nan nan
3.112500000000000266e-01 0.000000000000000000e+00 nan nan nan
3.137499999999999734e-01 0.000000000000000000e+00 nan nan nan
3.162499999999999756e-01 0.000000000000000000e+00 nan nan nan
3.187499999999999778e-01 0.000000000000000000e+00 nan nan nan
3.212499999999999800e-01 0.000000000000000000e+00 nan nan nan
3.237499999999999822e-01 0.000000000000000000e+00 nan nan nan
3.262499999999999845e-01 0.000000000000000000e+00 nan nan nan
3.287499999999999867e-01 0.000000000000000000e+00 nan nan nan
3.312499999999999889e-01 0.000000000000000000e+00 nan nan nan
3.337499999999999911e-01 0.000000000000000000e+00 nan nan nan
3.362499999999999933e-01 0.000000000000000000e+00 nan nan nan
3.387499999999999956e-01 0.000000000000000000e+00 nan nan nan
3.412499999999999978e-01 0.000000000000000000e+00 nan nan nan
3.437500000000000000e-01 0.000000000000000000e+00 nan nan nan
3.462500000000000022e-01 0.000000000000000000e+00 nan nan nan
3.487500000000000044e-01 0.000000000000000000e+00 nan nan nan
3.512500000000000067e-01 0.000000000000000000e+00 nan nan nan
3.537500000000000089e-01 0.000000000000000000e+00 nan nan nan
3.562500000000000111e-01 0.000000000000000000e+00 nan nan nan
3.587500000000000133e-01 0.000000000000000000e+00 nan nan nan
3.612500000000000155e-01 0.000000000000000000e+00 nan nan nan
3.637500000000000178e-01 0.000000000000000000e+00 nan nan nan
3.662500000000000200e-01 0.000000000000000000e+00 nan nan nan
3.687500000000000222e-01 0.000000000000000000e+00 nan nan nan
3.712500000000000244e-01 0.000000000000000000e+00 nan nan nan
3.737500000000000266e-01 0.000000000000000000e+00 nan nan nan
3.762499999999999734e-01 0.000000000000000000e+00 nan nan nan
3.787499999999999756e-01 0.000000000000000000e+00 nan nan nan
3.812499999999999778e-01 0.000000000000000000e+00 nan nan nan
3.837499999999999800e-01 0.000000000000000000e+00 nan nan nan
3.862499999999999822e-01 0.000000000000000000e+00 nan nan nan
3.887499999999999845e-01 0.000000000000000000e+00 nan nan nan
3.912499999999999867e-01 0.000000000000000000e+00 nan nan nan
3.937499999999999889e-01 0.000000000000000000e+00 nan nan nan
3.962499999999999911e-01 0.000000000000000000e+00 nan nan nan
3.987499999999999933e-01 0.000000000000000000e+00 nan nan nan
4.012499999999999956e-01 0.000000000000000000e+00 nan nan nan
4.037499999999999978e-01 0.000000000000000000e+00 nan nan nan
4.062500000000000000e-01 0.000000000000000000e+00 nan nan nan
4.087500000000000022e-01 0.000000000000000000e+00 nan nan nan
4.112500000000000044e-01 0.000000000000000000e+00 nan nan nan
4.137500000000000067e-01 0.000000000000000000e+00 nan nan nan
4.162500000000000089e-01 0.000000000000000000e+00 nan nan nan
4.187500000000000111e-01 0.000000000000000000e+00 nan nan nan
4.212500000000000133e-01 0.000000000000000000e+00 nan nan nan
4.237500000000000155e-01 0.000000000000000000e+00 nan nan nan
4.262500000000000178e-01 0.000000000000000000e+00 nan nan nan
4.287500000000000200e-01 0.000000000000000000e+00 nan nan nan
4.312500000000000222e-01 0.000000000000000000e+00 nan nan nan
4.337500000000000244e-01 0.000000000000000000e+00 nan nan nan
4.362500000000000266e-01 0.000000000000000000e+00 nan nan nan
4.387499999999999734e-01 0.000000000000000000e+00 nan nan nan
4.412499999999999756e-01 0.000000000000000000e+00 nan nan nan
4.437499999999999778e-01 0.000000000000000000e+00 nan nan nan
4.462499999999999800e-01 0.000000000000000000e+00 nan nan nan
4.487499999999999822e-01 0.000000000000000000e+00 nan nan nan
4.512499999999999845e-01 0.000000000000000000e+00 nan nan nan
4.537499999999999867e-01 0.000000000000000000e+00 nan nan nan
4.562499999999999889e-01 0.000000000000000000e+00 nan nan nan
4.587499999999999911e-01 0.000000000000000000e+00 nan nan nan
4.612499999999999933e-01 0.000000000000000000e+00 nan nan nan
4.637499999999999956e-01 0.000000000000000000e+00 nan nan nan
4.662499999999999978e-01 0.000000000000000000e+00 nan nan nan
4.687500000000000000e-01 0.000000000000000000e+00 nan nan nan
4.712500000000000022e-01 0.000000000000000000e+00 nan nan nan
4.737500000000000044e-01 0.000000000000000000e+00 nan nan nan
4.762500000000000067e-01 0.000000000000000000e+00 nan nan nan
4.787500000000000089e-01 0.000000000000000000e+00 nan nan nan
4.812500000000000111e-01 0.000000000000000000e+00 nan nan nan
4.837500000000000133e-01 0.000000000000000000e+00 nan nan nan
4.862500000000000155e-01 0.000000000000000000e+00 nan nan nan
4.887500000000000178e-01 0.000000000000000000e+00 nan nan nan
4.912500000000000200e-01 0.000000000000000000e+00 nan nan nan
4.937500000000000222e-01 0.000000000000000000e+00 nan nan nan
4.962500000000000244e-01 0.000000000000000000e+00 nan nan nan
4.987500000000000266e-01 0.000000000000000000e+00 nan nan nan
5.012499999999999734e-01 0.000000000000000000e+00 nan nan nan
5.037500000000000311e-01 0.000000000000000000e+00 nan nan nan
5.062499999999999778e-01 0.000000000000000000e+00 nan nan nan
5.087500000000000355e-01 0.000000000000000000e+00 nan nan nan
5.112499999999999822e-01 0.000000000000000000e+00 nan nan nan
5.137500000000000400e-01 0.000000000000000000e+00 nan nan nan
5.162499999999999867e-01 0.000000000000000000e+00 nan nan nan
5.187500000000000444e-01 0.000000000000000000e+00 nan nan nan
5.212499999999999911e-01 0.000000000000000000e+00 nan nan nan
5.237500000000000488e-01 0.000000000000000000e+00 nan nan nan
5.262499999999999956e-01 0.000000000000000000e+00 nan nan nan
5.287500000000000533e-01 0.000000000000000000e+00 nan nan nan
5.312500000000000000e-01 0.000000000000000000e+00 nan nan nan
5.337499999999999467e-01 0.000000000000000000e+00 nan nan nan
5.362500000000000044e-01 0.000000000000000000e+00 nan nan nan
5.387499999999999512e-01 0.000000000000000000e+00 nan nan nan
5.412500000000000089e-01 0.000000000000000000e+00 nan nan nan
5.437499999999999556e-01 0.000000000000000000e+00 nan nan nan
5.462500000000000133e-01 0.000000000000000000e+00 nan nan nan
5.487499999999999600e-01 0.000000000000000000e+00 nan nan nan
5.512500000000000178e-01 0.000000000000000000e+00 nan nan nan
5.537499999999999645e-01 0.000000000000000000e+00 nan nan nan
5.562500000000000222e-01 0.000000000000000000e+00 nan nan nan
5.587499999999999689e-01 0.000000000000000000e+00 nan nan nan
5.612500000000000266e-01 0.000000000000000000e+00 nan nan nan
5.637499999999999734e-01 0.000000000000000000e+00 nan nan nan
5.662500000000000311e-01 0.000000000000000000e+00 nan nan nan
5.687499999999999778e-01 0.000000000000000000e+00 nan nan nan
5.712500000000000355e-01 0.000000000000000000e+00 nan nan nan
5.737499999999999822e-01 0.000000000000000000e+00 nan nan nan
5.762500000000000400e-01 0.000000000000000000e+00 nan nan nan
5.787499999999999867e-01 0.000000000000000000e+00 nan nan nan
5.812500000000000444e-01 0.000000000000000000e+00 nan nan nan
5.837499999999999911e-01 0.000000000000000000e+00 nan nan nan
5.862500000000000488e-01 0.000000000000000000e+00 nan nan nan
5.887499999999999956e-01 0.000000000000000000e+00 nan nan nan
5.912500000000000533e-01 0.000000000000000000e+00 nan nan nan
5.937500000000000000e-01 0.000000000000000000e+00 nan nan nan
5.962499999999999467e-01 0.000000000000000000e+00 nan nan nan
5.987500000000000044e-01 0.000000000000000000e+00 nan nan nan
6.012499999999999512e-01 0.000000000000000000e+00 nan nan nan
6.037500000000000089e-01 0.000000000000000000e+00 nan nan nan
6.062499999999999556e-01 0.000000000000000000e+00 nan nan nan
6.087500000000000133e-01 0.000000000000000000e+00 nan nan nan
6.112499999999999600e-01 0.000000000000000000e+00 nan nan nan
6.137500000000000178e-01 0.000000000000000000e+00 nan nan nan
6.162499999999999645e-01 0.000000000000000000e+00 nan nan nan
6.187500000000000222e-01 0.000000000000000000e+00 nan nan nan
6.212499999999999689e-01 0.000000000000000000e+00 nan nan nan
6.237500000000000266e-01 0.000000000000000000e+00 nan nan nan
6.262499999999999734e-01 0.000000000000000000e+00 nan nan nan
6.287500000000000311e-01 0.000000000000000000e+00 nan nan nan
6.312499999999999778e-01 0.000000000000000000e+00 nan nan nan
6.337500000000000355e-01 0.000000000000000000e+00 nan nan nan
6.362499999999999822e-01 0.000000000000000000e+00 nan nan nan
6.387500000000000400e-01 0.000000000000000000e+00 nan nan nan
6.412499999999999867e-01 0.000000000000000000e+00 nan nan nan
6.437500000000000444e-01 0.000000000000000000e+00 nan nan nan
6.462499999999999911e-01 0.000000000000000000e+00 nan nan nan
6.487500000000000488e-01 0.000000000000000000e+00 nan nan nan
6.512499999999999956e-01 0.000000000000000000e+00 nan nan nan
6.537500000000000533e-01 0.000000000000000000e+00 nan nan nan
6.562500000000000000e-01 0.000000000000000000e+00 nan nan nan
6.587499999999999467e-01 0.000000000000000000e+00 nan nan nan
6.612500000000000044e-01 0.000000000000000000e+00 nan nan nan
6.637499999999999512e-01 0.000000000000000000e+00 nan nan nan
6.662500000000000089e-01 0.000000000000000000e+00 nan nan nan
6.687499999999999556e-01 0.000000000000000000e+00 nan nan nan
6.712500000000000133e-01 0.000000000000000000e+00 nan nan nan
6.737499999999999600e-01 0.000000000000000000e+00 nan nan nan
6.762500000000000178e-01 0.000000000000000000e+00 nan nan nan
6.787499999999999645e-01 0.000000000000000000e+00 nan nan nan
6.812500000000000222e-01 0.000000000000000000e+00 nan nan nan
6.837499999999999689e-01 0.000000000000000000e+00 nan nan nan
6.862500000000000266e-01 0.000000000000000000e+00 nan nan nan
6.887499999999999734e-01 0.000000000000000000e+00 nan nan nan
6.912500000000000311e-01 0.000000000000000000e+00 nan nan nan
6.937499999999999778e-01 0.000000000000000000e+00 nan nan nan
6.962500000000000355e-01 0.000000000000000000e+00 nan nan nan
6.987499999999999822e-01 0.000000000000000000e+00 nan nan nan
7.012500000000000400e-01 0.000000000000000000e+00 nan nan nan
7.037499999999999867e-01 0.000000000000000000e+00 nan nan nan
7.062500000000000444e-01 0.000000000000000000e+00 nan nan nan
7.087499999999999911e-01 0.000000000000000000e+00 nan nan nan
7.112500000000000488e-01 0.000000000000000000e+00 nan nan nan
7.137499999999999956e-01 0.000000000000000000e+00 nan nan nan
7.162500000000000533e-01 0.000000000000000000e+00 nan nan nan
7.187500000000000000e-01 0.000000000000000000e+00 nan nan nan
7.212499999999999467e-01 0.000000000000000000e+00 nan nan nan
7.237500000000000044e-01 0.000000000000000000e+00 nan nan nan
7.262499999999999512e-01 0.000000000000000000e+00 nan nan nan
7.287500000000000089e-01 0.000000000000000000e+00 nan nan nan
7.312499999999999556e-01 0.000000000000000000e+00 nan nan nan
7.337500000000000133e-01 0.000000000000000000e+00 nan nan nan
7.362499999999999600e-01 0.000000000000000000e+00 nan nan nan
7.387500000000000178e-01 0.000000000000000000e+00 nan nan nan
7.412499999999999645e-01 0.000000000000000000e+00 nan nan nan
7.437500000000000222e-01 0.000000000000000000e+00 nan nan nan
7.462499999999999689e-01 5.700000000000000314e-05 nan nan nan
7.487500000000000266e-01 1.702499999999999912e-04 nan nan nan
7.512499999999999734e-01 2.817499999999999909e-04 nan nan nan
7.537500000000000311e-01 1.119999999999999983e-04 nan nan nan
7.562499999999999778e-01 2.779999999999999811e-04 nan nan nan
7.587500000000000355e-01 3.315000000000000347e-04 nan nan nan
7.612499999999999822e-01 9.870000000000000301e-04 nan nan nan
7.637500000000000400e-01 8.720000000000000537e-04 nan nan nan
7.662499999999999867e-01 1.136749999999999957e-03 nan nan nan
7.687500000000000444e-01 1.559749999999999939e-03 nan nan nan
7.712499999999999911e-01 1.816999999999999822e-03 nan nan nan
7.737500000000000488e-01 2.335999999999999969e-03 nan nan nan
7.762499999999999956e-01 5.011250000000000079e-03 nan nan nan
7.787500000000000533e-01 5.451000000000000116e-03 nan nan nan
7.812500000000000000e-01 8.540999999999999981e-03 nan nan nan
7.837499999999999467e-01 1.097100000000000158e-02 nan nan nan
7.862500000000000044e-01 1.311200000000000039e-02 nan nan nan
7.887499999999999512e-01 1.701425000000000159e-02 nan nan nan
7.912500000000000089e-01 1.914099999999999829e-02 nan nan nan
7.937499999999999556e-01 2.522624999999999867e-02 nan nan nan
7.962500000000000133e-01 3.163599999999999746e-02 nan nan nan
7.987499999999999600e-01 3.552349999999999952e-02 nan nan nan
8.012500000000000178e-01 4.470950000000000618e-02 nan nan nan
8.037499999999999645e-01 5.087749999999999911e-02 nan nan nan
8.062500000000000222e-01 6.063625000000000265e-02 nan nan nan
8.087499999999999689e-01 7.250850000000000350e-02 nan nan nan
8.112500000000000266e-01 8.722825000000000717e-02 nan nan nan
8.137499999999999734e-01 9.581375000000000308e-02 nan nan nan
8.162500000000000311e-01 1.113534999999999942e-01 nan nan nan
8.187499999999999778e-01 1.344785000000000008e-01 nan nan nan
8.212500000000000355e-01 1.483657500000000184e-01 nan nan nan
8.237499999999999822e-01 1.630657500000000093e-01 nan nan nan
8.262500000000000400e-01 1.891792499999999932e-01 nan nan nan
8.287499999999999867e-01 2.089584999999999915e-01 nan nan nan
8.312500000000000444e-01 2.286810000000000231e-01 nan nan nan
8.337499999999999911e-01 2.545195000000000096e-01 nan nan nan
8.362500000000000488e-01 2.769997499999999890e-01 nan nan nan
8.387499999999999956e-01 3.108657499999999407e-01 nan nan nan
8.412500000000000533e-01 3.354762499999999759e-01 nan nan nan
8.437500000000000000e-01 3.661750000000000282e-01 nan nan nan
8.462499999999999467e-01 3.910907499999999870e-01 nan nan nan
8.487500000000000044e-01 4.363130000000000064e-01 nan nan nan
8.512499999999999512e-01 4.621359999999999912e-01 nan nan nan
8.537500000000000089e-01 5.037412500000000293e-01 nan nan nan
8.562499999999999556e-01 5.367030000000000411e-01 nan nan nan
8.587500000000000133e-01 5.664274999999999727e-01 nan nan nan
8.612499999999999600e-01 6.041549999999999976e-01 nan nan nan
8.637500000000000178e-01 6.335549999999999793e-01 nan nan nan
8.662499999999999645e-01 6.637072500000000819e-01 nan nan nan
8.687500000000000222e-01 7.151927499999999327e-01 nan nan nan
8.712499999999999689e-01 7.605077500000000379e-01 nan nan nan
8.737500000000000266e-01 7.831842500000000262e-01 nan nan nan
8.762499999999999734e-01 8.211557500000000731e-01 nan nan nan
8.787500000000000311e-01 8.626764999999999572e-01 nan nan nan
8.812499999999999778e-01 8.909837499999999633e-01 nan nan nan
8.837500000000000355e-01 9.243699999999999140e-01 nan nan nan
8.862499999999999822e-01 9.516200000000000214e-01 nan nan nan
8.887500000000000400e-01 1.017745249999999935e+00 nan nan nan
8.912499999999999867e-01 1.042376500000000039e+00 nan nan nan
8.937500000000000444e-01 1.061743000000000103e+00 nan nan nan
8.962499999999999911e-01 1.100227999999999984e+00 nan nan nan
8.987500000000000488e-01 1.145864250000000029e+00 nan nan nan
9.012499999999999956e-01 1.159709500000000171e+00 nan nan nan
9.037500000000000533e-01 1.213469750000000014e+00 nan nan nan
9.062500000000000000e-01 1.234612000000000043e+00 nan nan nan
9.087499999999999467e-01 1.249883750000000182e+00 nan nan nan
9.112500000000000044e-01 1.287708250000000110e+00 nan nan nan
9.137499999999999512e-01 1.316496249999999923e+00 nan nan nan
9.162500000000000089e-01 1.347337000000000007e+00 nan nan nan
9.187499999999999556e-01 1.377747749999999938e+00 nan nan nan
9.212500000000000133e-01 1.391067249999999866e+00 nan nan nan
9.237499999999999600e-01 1.420165499999999970e+00 nan nan nan
9.262500000000000178e-01 1.431887249999999945e+00 nan nan nan
9.287499999999999645e-01 1.455659750000000141e+00 nan nan nan
9.312500000000000222e-01 1.477507500000000196e+00 nan nan nan
9.337499999999999689e-01 1.485684499999999852e+00 nan nan nan
9.362500000000000266e-01 1.517287500000000122e+00 nan nan nan
9.387499999999999734e-01 1.527721000000000107e+00 nan nan nan
9.412500000000000311e-01 1.549862250000000108e+00 nan nan nan
9.437499999999999778e-01 1.555188250000000050e+00 nan nan nan
9.462500000000000355e-01 1.586031999999999886e+00 nan nan nan
9.487499999999999822e-01 1.585206250000000150e+00 nan nan nan
9.512500000000000400e-01 1.601791250000000000e+00 nan nan nan
9.537499999999999867e-01 1.618005999999999833e+00 nan nan nan
9.562500000000000444e-01 1.637610249999999823e+00 nan nan nan
9.587499999999999911e-01 1.634682749999999851e+00 nan nan nan
9.612500000000000488e-01 1.651819999999999844e+00 nan nan nan
9.637499999999999956e-01 1.655102750000000178e+00 nan nan nan
9.662500000000000533e-01 1.664662000000000086e+00 nan nan nan
9.687500000000000000e-01 1.669257000000000213e+00 nan nan nan
9.712499999999999467e-01 1.684700749999999969e+00 nan nan nan
9.737500000000000044e-01 1.661679499999999976e+00 nan nan nan
9.762499999999999512e-01 1.677926750000000133e+00 nan nan nan
9.787500000000000089e-01 1.694750750000000084e+00 nan nan nan
9.812499999999999556e-01 1.685366750000000025e+00 nan nan nan
9.837500000000000133e-01 1.690803750000000161e+00 nan nan nan
9.862499999999999600e-01 1.694497750000000025e+00 nan nan nan
9.887500000000000178e-01 1.703985000000000083e+00 nan nan nan
9.912499999999999645e-01 1.674890750000000095e+00 nan nan nan
9.937500000000000222e-01 1.696827499999999933e+00 nan nan nan
9.962499999999999689e-01 1.697545750000000186e+00 nan nan nan
9.987500000000000266e-01 1.704066999999999998e+00 nan nan nan
1.001249999999999973e+00 1.701814500000000008e+00 nan nan nan
1.003749999999999920e+00 1.694988499999999787e+00 nan nan nan
1.006250000000000089e+00 1.684912749999999848e+00 nan nan nan
1.008750000000000036e+00 1.695845499999999895e+00 nan nan nan
1.011249999999999982e+00 1.701956000000000024e+00 nan nan nan
1.013749999999999929e+00 1.693324499999999899e+00 nan nan nan
1.016250000000000098e+00 1.688542999999999905e+00 nan nan nan
1.018750000000000044e+00 1.660174000000000039e+00 nan nan nan
1.021249999999999991e+00 1.682503000000000082e+00 nan nan nan
1.023749999999999938e+00 1.667745000000000033e+00 nan nan nan
1.026250000000000107e+00 1.651238999999999901e+00 nan nan nan
1.028750000000000053e+00 1.659712749999999959e+00 nan nan nan
1.031250000000000000e+00 1.648596500000000020e+00 nan nan nan
1.033749999999999947e+00 1.637985000000000024e+00 nan nan nan
1.036249999999999893e+00 1.646431250000000013e+00 nan nan nan
1.038750000000000062e+00 1.626555250000000008e+00 nan nan nan
1.041250000000000009e+00 1.628429000000000126e+00 nan nan nan
1.043749999999999956e+00 1.620316749999999972e+00 nan nan nan
1.046249999999999902e+00 1.613366499999999926e+00 nan nan nan
1.048750000000000071e+00 1.611492749999999807e+00 nan nan nan
1.051250000000000018e+00 1.601938500000000154e+00 nan nan nan
1.053749999999999964e+00 1.593774000000000024e+00 nan nan nan
1.056249999999999911e+00 1.600655249999999974e+00 nan nan nan
1.058750000000000080e+00 1.584796500000000163e+00 nan nan nan
1.061250000000000027e+00 1.573302500000000048e+00 nan nan nan
1.063749999999999973e+00 1.565101499999999923e+00 nan nan nan
1.066249999999999920e+00 1.560483000000000064e+00 nan nan nan
1.068750000000000089e+00 1.554081499999999894e+00 nan nan nan
1.071250000000000036e+00 1.542736750000000212e+00 nan nan nan
1.073749999999999982e+00 1.533658999999999883e+00 nan nan nan
1.076249999999999929e+00 1.528792750000000034e+00 nan nan nan
1.078750000000000098e+00 1.526795750000000007e+00 nan nan nan
1.081250000000000044e+00 1.517676999999999943e+00 nan nan nan
1.083749999999999991e+00 1.511955250000000195e+00 nan nan nan
1.086249999999999938e+00 1.510526499999999883e+00 nan nan nan
1.088750000000000107e+00 1.503811750000000114e+00 nan nan nan
1.091250000000000053e+00 1.488120750000000214e+00 nan nan nan
1.093750000000000000e+00 1.481856999999999980e+00 nan nan nan
1.096249999999999947e+00 1.473968249999999980e+00 nan nan nan
1.098749999999999893e+00 1.463293000000000177e+00 nan nan nan
1.101250000000000062e+00 1.456211000000000144e+00 nan nan nan
1.103750000000000009e+00 1.451970250000000018e+00 nan nan nan
1.106249999999999956e+00 1.433232750000000166e+00 nan nan nan
1.108749999999999902e+00 1.435671999999999837e+00 nan nan nan
1.111250000000000071e+00 1.430712250000000019e+00 nan nan nan
1.113750000000000018e+00 1.419248499999999913e+00 nan nan nan
1.116249999999999964e+00 1.407872999999999930e+00 nan nan nan
1.118749999999999911e+00 1.401993999999999962e+00 nan nan nan
1.121250000000000080e+00 1.386242250000000009e+00 nan nan nan
1.123750000000000027e+00 1.395712499999999912e+00 nan nan nan
1.126249999999999973e+00 1.387493499999999935e+00 nan nan nan
1.128749999999999920e+00 1.363739750000000139e+00 nan nan nan
1.131250000000000089e+00 1.358116500000000171e+00 nan nan nan
1.133750000000000036e+00 1.362668500000000060e+00 nan nan nan
1.136249999999999982e+00 1.351853250000000006e+00 nan nan nan
1.138749999999999929e+00 1.347811249999999905e+00 nan nan nan
1.141250000000000098e+00 1.335591750000000077e+00 nan nan nan
1.143750000000000044e+00 1.323563000000000045e+00 nan nan nan
1.146249999999999991e+00 1.328465499999999855e+00 nan nan nan
1.148749999999999938e+00 1.309079500000000174e+00 nan nan nan
1.151250000000000107e+00 1.301241749999999975e+00 nan nan nan
1.153750000000000053e+00 1.299573000000000089e+00 nan nan nan
1.156250000000000000e+00 1.287278000000000144e+00 nan nan nan
1.158749999999999947e+00 1.277468250000000083e+00 nan nan nan
1.161249999999999893e+00 1.280129499999999920e+00 nan nan nan
1.163750000000000062e+00 1.282639000000000085e+00 nan nan nan
1.166250000000000009e+00 1.265507500000000007e+00 nan nan nan
1.168749999999999956e+00 1.263659749999999971e+00 nan nan nan
1.171249999999999902e+00 1.252964749999999849e+00 nan nan nan
1.173750000000000071e+00 1.253608999999999973e+00 nan nan nan
1.176250000000000018e+00 1.244058250000000143e+00 nan nan nan
1.178749999999999964e+00 1.239061500000000038e+00 nan nan nan
1.181249999999999911e+00 1.231338999999999961e+00 nan nan nan
1.183750000000000080e+00 1.231406500000000070e+00 nan nan nan
1.186250000000000027e+00 1.214430249999999933e+00 nan nan nan
1.188749999999999973e+00 1.214388750000000128e+00 nan nan nan
1.191249999999999920e+00 1.212298749999999981e+00 nan nan nan
1.193750000000000089e+00 1.202162749999999836e+00 nan nan nan
1.196250000000000036e+00 1.199897750000000096e+00 nan nan nan
1.198749999999999982e+00 1.188505000000000145e+00 nan nan nan
1.201249999999999929e+00 1.195943500000000048e+00 nan nan nan
1.203750000000000098e+00 1.178169749999999905e+00 nan nan nan
1.206250000000000044e+00 1.187316250000000073e+00 nan nan nan
1.208749999999999991e+00 1.170726999999999851e+00 nan nan nan
1.211249999999999938e+00 1.179116250000000088e+00 nan nan nan
1.213750000000000107e+00 1.160821000000000103e+00 nan nan nan
1.216250000000000053e+00 1.150745999999999825e+00 nan nan nan
1.218750000000000000e+00 1.146672249999999948e+00 nan nan nan
1.221249999999999947e+00 1.149548500000000084e+00 nan nan nan
1.223749999999999893e+00 1.139889500000000222e+00 nan nan nan
1.226250000000000062e+00 1.139347499999999958e+00 nan nan nan
1.228750000000000009e+00 1.134231500000000059e+00 nan nan nan
1.231249999999999956e+00 1.124283500000000213e+00 nan nan nan
1.233749999999999902e+00 1.121507000000000032e+00 nan nan nan
1.236250000000000071e+00 1.111256000000000022e+00 nan nan nan
1.238750000000000018e+00 1.107893500000000087e+00 nan nan nan
1.241249999999999964e+00 1.107499750000000116e+00 nan nan nan
1.243749999999999911e+00 1.098859749999999913e+00 nan nan nan
1.246250000000000080e+00 1.105486999999999886e+00 nan nan nan
1.248750000000000027e+00 1.090628500000000001e+00 nan nan nan
1.251249999999999973e+00 1.098740250000000085e+00 nan nan nan
1.253749999999999920e+00 1.083807000000000187e+00 nan nan nan
1.256250000000000089e+00 1.076677749999999989e+00 nan nan nan
1.258750000000000036e+00 1.077520999999999951e+00 nan nan nan
1.261249999999999982e+00 1.075391750000000091e+00 nan nan nan
1.263749999999999929e+00 1.067200499999999996e+00 nan nan nan
1.266250000000000098e+00 1.071317250000000110e+00 nan nan nan
1.268750000000000044e+00 1.058212999999999848e+00 nan nan nan
1.271249999999999991e+00 1.066761499999999918e+00 nan nan nan
1.273749999999999938e+00 1.057013999999999898e+00 nan nan nan
1.276250000000000107e+00 1.055218749999999872e+00 nan nan nan
1.278750000000000053e+00 1.050747000000000098e+00 nan nan nan
1.281250000000000000e+00 1.052285249999999950e+00 nan nan nan
1.283749999999999947e+00 1.038912750000000162e+00 nan nan nan
1.286249999999999893e+00 1.029287249999999876e+00 nan nan nan
1.288750000000000062e+00 1.036857750000000022e+00 nan nan nan
1.291250000000000009e+00 1.033361500000000044e+00 nan nan nan
1.293749999999999956e+00 1.025668499999999872e+00 nan nan nan
1.296249999999999902e+00 1.020089000000000024e+00 nan nan nan
1.298750000000000071e+00 1.026417250000000170e+00 nan nan nan
1.301250000000000018e+00 1.018365999999999882e+00 nan nan nan
1.303749999999999964e+00 1.014445499999999889e+00 nan nan nan
1.306249999999999911e+00 1.008889249999999960e+00 nan nan nan
1.308750000000000080e+00 1.005484000000000044e+00 nan nan nan
1.311250000000000027e+00 1.007810250000000130e+00 nan nan nan
1.313749999999999973e+00 1.005727750000000142e+00 nan nan nan
1.316249999999999920e+00 1.002479750000000003e+00 nan nan nan
1.318750000000000089e+00 9.935644999999999616e-01 nan nan nan
1.321250000000000036e+00 9.892072499999999824e-01 nan nan nan
1.323749999999999982e+00 9.876692500000001651e-01 nan nan nan
1.326249999999999929e+00 9.809857500000001007e-01 nan nan nan
1.328750000000000098e+00 9.830587499999999812e-01 nan nan nan
1.331250000000000044e+00 9.821505000000000374e-01 nan nan nan
1.333749999999999991e+00 9.774355000000000127e-01 nan nan nan
1.336249999999999938e+00 9.750987500000000141e-01 nan nan nan
1.338750000000000107e+00 9.757347499999999840e-01 nan nan nan
1.341250000000000053e+00 9.641492499999999577e-01 nan nan nan
1.343750000000000000e+00 9.639097500000000096e-01 nan nan nan
1.346249999999999947e+00 9.707689999999999930e-01 nan nan nan
1.348749999999999893e+00 9.574405000000000276e-01 nan nan nan
1.351250000000000062e+00 9.614389999999999326e-01 nan nan nan
1.353750000000000009e+00 9.600597499999999895e-01 nan nan nan
1.356249999999999956e+00 9.560394999999999310e-01 nan nan nan
1.358749999999999902e+00 9.505445000000000144e-01 nan nan nan
1.361250000000000071e+00 9.539352500000000123e-01 nan nan nan
1.363750000000000018e+00 9.471594999999999320e-01 nan nan nan
1.366249999999999964e+00 9.394050000000000455e-01 nan nan nan
1.368749999999999911e+00 9.434757500000000574e-01 nan nan nan
1.371250000000000080e+00 9.386864999999999792e-01 nan nan nan
1.373750000000000027e+00 9.402420000000000222e-01 nan nan nan
1.376249999999999973e+00 9.407392499999999158e-01 nan nan nan
1.378749999999999920e+00 9.406919999999999726e-01 nan nan nan
1.381250000000000089e+00 9.357902499999999346e-01 nan nan nan
1.383750000000000036e+00 9.297230000000000771e-01 nan nan nan
1.386249999999999982e+00 9.320954999999999657e-01 nan nan nan
1.388749999999999929e+00 9.254792499999999755e-01 nan nan nan
1.391250000000000098e+00 9.243897500000000100e-01 nan nan nan
1.393750000000000044e+00 9.272945000000000215e-01 nan nan nan
1.396249999999999991e+00 9.171127500000000321e-01 nan nan nan
1.398749999999999938e+00 9.178339999999999277e-01 nan nan nan
1.401250000000000107e+00 9.192887499999999878e-01 nan nan nan
1.403750000000000053e+00 9.182599999999999651e-01 nan nan nan
1.406250000000000000e+00 9.148855000000000182e-01 nan nan nan
1.408749999999999947e+00 9.084694999999999299e-01 nan nan nan
1.411249999999999893e+00 9.150852499999999612e-01 nan nan nan
1.413750000000000062e+00 9.083527499999999311e-01 nan nan nan
1.416250000000000009e+00 9.122962500000000308e-01 nan nan nan
1.418749999999999956e+00 8.998297499999999838e-01 nan nan nan
1.421249999999999902e+00 9.031342500000000273e-01 nan nan nan
1.423750000000000071e+00 9.033839999999999648e-01 nan nan nan
1.426250000000000018e+00 8.986104999999999787e-01 nan nan nan
1.428749999999999964e+00 9.058392499999999847e-01 nan nan nan
1.431249999999999911e+00 9.023674999999999891e-01 nan nan nan
1.433750000000000080e+00 8.989599999999999813e-01 nan nan nan
1.436250000000000027e+00 9.002867500000000245e-01 nan nan nan
1.438749999999999973e+00 8.901737499999999859e-01 nan nan nan
1.441249999999999920e+00 8.963157499999999667e-01 nan nan nan
1.443750000000000089e+00 8.952269999999999950e-01 nan nan nan
1.446250000000000036e+00 8.980772500000000491e-01 nan nan nan
1.448749999999999982e+00 8.958130000000000814e-01 nan nan nan
1.451249999999999929e+00 8.887300000000000200e-01 nan nan nan
1.453750000000000098e+00 8.948357499999999298e-01 nan nan nan
1.456250000000000044e+00 8.893977499999999869e-01 nan nan nan
1.458749999999999991e+00 8.910272499999999374e-01 nan nan nan
1.461249999999999938e+00 8.920600000000000751e-01 nan nan nan
1.463750000000000107e+00 8.951724999999999266e-01 nan nan nan
1.466250000000000053e+00 8.831182500000001045e-01 nan nan nan
1.468750000000000000e+00 8.871284999999999865e-01 nan nan nan
1.471249999999999947e+00 8.836899999999999755e-01 nan nan nan
1.473749999999999893e+00 8.838995000000000601e-01 nan nan nan
1.476250000000000062e+00 8.870054999999998913e-01 nan nan nan
1.478750000000000009e+00 8.871922499999999046e-01 nan nan nan
1.481249999999999956e+00 8.825775000000000148e-01 nan nan nan
1.483749999999999902e+00 8.772957499999999298e-01 nan nan nan
1.486250000000000071e+00 8.804912499999999476e-01 nan nan nan
1.488750000000000018e+00 8.817675000000000374e-01 nan nan nan
1.491249999999999964e+00 8.832732500000000098e-01 nan nan nan
1.493749999999999911e+00 8.757887500000000047e-01 nan nan nan
1.496250000000000080e+00 8.842092500000000577e-01 nan nan nan
1.498750000000000027e+00 8.799460000000001170e-01 nan nan nan
1.501249999999999973e+00 8.804309999999999636e-01 nan nan nan
1.503749999999999920e+00 8.727262500000000367e-01 nan nan nan
1.506250000000000089e+00 8.770470000000000210e-01 nan nan nan
1.508750000000000036e+00 8.783600000000000296e-01 nan nan nan
1.511249999999999982e+00 8.768479999999999608e-01 nan nan nan
1.513749999999999929e+00 8.827907499999999574e-01 nan nan nan
1.516250000000000098e+00 8.705357499999999416e-01 nan nan nan
1.518750000000000044e+00 8.762297500000000294e-01 nan nan nan
1.521249999999999991e+00 8.744649999999999368e-01 nan nan nan
1.523749999999999938e+00 8.753077499999999400e-01 nan nan nan
1.526250000000000107e+00 8.735342499999999566e-01 nan nan nan
1.528750000000000053e+00 8.720399999999999263e-01 nan nan nan
1.531250000000000000e+00 8.768544999999999812e-01 nan nan nan
1.533749999999999947e+00 8.740520000000000511e-01 nan nan nan
1.536249999999999893e+00 8.791832499999999717e-01 nan nan nan
1.538750000000000062e+00 8.748385000000000744e-01 nan nan nan
1.541250000000000009e+00 8.790280000000000316e-01 nan nan nan
1.543749999999999956e+00 8.723952499999999555e-01 nan nan nan
1.546249999999999902e+00 8.670772500000000216e-01 nan nan nan
1.548750000000000071e+00 8.716482500000000133e-01 nan nan nan
1.551250000000000018e+00 8.779025000000000301e-01 nan nan nan
1.553749999999999964e+00 8.809392499999999515e-01 nan nan nan
1.556249999999999911e+00 8.758930000000000327e-01 nan nan nan
1.558750000000000080e+00 8.824134999999999618e-01 nan nan nan
1.561250000000000027e+00 8.837237500000000301e-01 nan nan nan
1.563749999999999973e+00 8.776120000000000587e-01 nan nan nan
1.566249999999999920e+00 8.777797499999999697e-01 nan nan nan
1.568750000000000089e+00 8.815587500000000576e-01 nan nan nan
1.571250000000000036e+00 8.805325000000000513e-01 nan nan nan
1.573749999999999982e+00 8.696255000000000512e-01 nan nan nan
1.576249999999999929e+00 8.772452499999999764e-01 nan nan nan
1.578750000000000098e+00 8.769560000000000688e-01 nan nan nan
1.581250000000000044e+00 8.816347499999999116e-01 nan nan nan
1.583749999999999991e+00 8.762810000000000876e-01 nan nan nan
1.586249999999999938e+00 8.805830000000001156e-01 nan nan nan
1.588750000000000107e+00 8.854957500000000259e-01 nan nan nan
1.591250000000000053e+00 8.832052499999999418e-01 nan nan nan
1.593750000000000000e+00 8.811997500000000594e-01 nan nan nan
1.596249999999999947e+00 8.800387499999999807e-01 nan nan nan
1.598749999999999893e+00 8.790170000000000483e-01 nan nan nan
1.601250000000000062e+00 8.816302500000000597e-01 nan nan nan
1.603750000000000009e+00 8.901672500000000765e-01 nan nan nan
1.606249999999999956e+00 8.856245000000000367e-01 nan nan nan
1.608749999999999902e+00 8.874554999999999527e-01 nan nan nan
1.611250000000000071e+00 8.965799999999999326e-01 nan nan nan
1.613750000000000018e+00 8.916562500000000391e-01 nan nan nan
1.616249999999999964e+00 8.863322500000000437e-01 nan nan nan
1.618749999999999911e+00 8.877452500000000413e-01 nan nan nan
1.621250000000000080e+00 8.985300000000000509e-01 nan nan nan
1.623750000000000027e+00 8.927030000000000243e-01 nan nan nan
1.626249999999999973e+00 8.918835000000000512e-01 nan nan nan
1.628749999999999920e+00 8.895672500000000316e-01 nan nan nan
1.631250000000000089e+00 8.958017499999999522e-01 nan nan nan
1.633750000000000036e+00 8.966350000000000708e-01 nan nan nan
1.636249999999999982e+00 8.988244999999999152e-01 nan nan nan
1.638749999999999929e+00 9.011974999999999847e-01 nan nan nan
1.641250000000000098e+00 8.992567500000000491e-01 nan nan nan
1.643750000000000044e+00 9.029115000000000890e-01 nan nan nan
1.646249999999999991e+00 8.934624999999999373e-01 nan nan nan
1.648749999999999938e+00 9.055352500000000138e-01 nan nan nan
1.651250000000000107e+00 9.038912500000000350e-01 nan nan nan
1.653750000000000053e+00 9.007884999999999920e-01 nan nan nan
1.656250000000000000e+00 9.120342500000000463e-01 nan nan nan
1.658749999999999947e+00 9.099342499999999445e-01 nan nan nan
1.661249999999999893e+00 9.146382499999999860e-01 nan nan nan
1.663750000000000062e+00 9.059199999999999475e-01 nan nan nan
1.666250000000000009e+00 9.110347500000000043e-01 nan nan nan
1.668749999999999956e+00 9.120515000000000150e-01 nan nan nan
1.671249999999999902e+00 9.107017500000000876e-01 nan nan nan
1.673750000000000071e+00 9.121475000000000000e-01 nan nan nan
1.676250000000000018e+00 9.149269999999999348e-01 nan nan nan
1.678749999999999964e+00 9.151477500000000376e-01 nan nan nan
1.681249999999999911e+00 9.153969999999999052e-01 nan nan nan
1.683750000000000080e+00 9.241957499999999825e-01 nan nan nan
1.686250000000000027e+00 9.235364999999999824e-01 nan nan nan
1.688749999999999973e+00 9.234012500000000623e-01 nan nan nan
1.691249999999999920e+00 9.243742500000000639e-01 nan nan nan
1.693750000000000089e+00 9.235862500000000530e-01 nan nan nan
1.696250000000000036e+00 9.311292499999999084e-01 nan nan nan
1.698749999999999982e+00 9.284014999999999906e-01 nan nan nan
1.701249999999999929e+00 9.291672500000000001e-01 nan nan nan
1.703750000000000098e+00 9.349404999999999522e-01 nan nan nan
1.706250000000000044e+00 9.353252499999999969e-01 nan nan nan
1.708749999999999991e+00 9.345934999999999659e-01 nan nan nan
1.711249999999999938e+00 9.389419999999999433e-01 nan nan nan
1.713750000000000107e+00 9.389430000000000831e-01 nan nan nan
1.716250000000000053e+00 9.416915000000000147e-01 nan nan nan
1.718750000000000000e+00 9.455504999999999605e-01 nan nan nan
1.721249999999999947e+00 9.451017499999999627e-01 nan nan nan
1.723749999999999893e+00 9.456252499999999728e-01 nan nan nan
1.726250000000000062e+00 9.440399999999999903e-01 nan nan nan
1.728750000000000009e+00 9.472997499999999960e-01 nan nan nan
1.731249999999999956e+00 9.536439999999999362e-01 nan nan nan
1.733749999999999902e+00 9.503564999999999374e-01 nan nan nan
1.736250000000000071e+00 9.544230000000000214e-01 nan nan nan
1.738750000000000018e+00 9.556967499999999838e-01 nan nan nan
1.741249999999999964e+00 9.620652499999999829e-01 nan nan nan
1.743749999999999911e+00 9.536212499999999759e-01 nan nan nan
1.746250000000000080e+00 9.598369999999999402e-01 nan nan nan
1.748750000000000027e+00 9.692037500000000305e-01 nan nan nan
1.751249999999999973e+00 9.689262499999999889e-01 nan nan nan
1.753749999999999920e+00 9.609877500000000294e-01 nan nan nan
1.756250000000000089e+00 9.724447499999999689e-01 nan nan nan
1.758750000000000036e+00 9.716242500000000781e-01 nan nan nan
1.761249999999999982e+00 9.697697499999999859e-01 nan nan nan
1.763749999999999929e+00 9.702104999999999757e-01 nan nan nan
1.766250000000000098e+00 9.758927499999999755e-01 nan nan nan
1.768750000000000044e+00 9.721297500000000147e-01 nan nan nan
1.771249999999999991e+00 9.736834999999999241e-01 nan nan nan
1.773749999999999938e+00 9.793065000000000797e-01 nan nan nan
1.776250000000000107e+00 9.754634999999999279e-01 nan nan nan
1.778750000000000053e+00 9.747127500000000166e-01 nan nan nan
1.781250000000000000e+00 9.856237499999999097e-01 nan nan nan
1.783749999999999947e+00 9.883274999999999144e-01 nan nan nan
1.786249999999999893e+00 9.894582499999999836e-01 nan nan nan
1.788750000000000062e+00 9.885522499999999102e-01 nan nan nan
1.791250000000000009e+00 9.857255000000000322e-01 nan nan nan
1.793749999999999956e+00 9.911795000000001021e-01 nan nan nan
1.796249999999999902e+00 9.954662499999999969e-01 nan nan nan
1.798750000000000071e+00 9.932220000000000493e-01 nan nan nan
1.801250000000000018e+00 9.952477500000000976e-01 nan nan nan
1.803749999999999964e+00 9.980797500000000433e-01 nan nan nan
1.806249999999999911e+00 9.954159999999999675e-01 nan nan nan
1.808750000000000080e+00 9.995645000000000779e-01 nan nan nan
1.811250000000000027e+00 1.005314499999999889e+00 nan nan nan
1.813749999999999973e+00 1.001597999999999988e+00 nan nan nan
1.816249999999999920e+00 1.003111500000000156e+00 nan nan nan
1.818750000000000089e+00 1.005429249999999941e+00 nan nan nan
1.821250000000000036e+00 1.008469000000000060e+00 nan nan nan
1.823749999999999982e+00 1.013246249999999904e+00 nan nan nan
1.826249999999999929e+00 1.013009499999999896e+00 nan nan nan
1.828750000000000098e+00 1.013187999999999978e+00 nan nan nan
1.831250000000000044e+00 1.017665250000000077e+00 nan nan nan
1.833749999999999991e+00 1.016669499999999893e+00 nan nan nan
1.836249999999999938e+00 1.015486749999999994e+00 nan nan nan
1.838750000000000107e+00 1.021734499999999990e+00 nan nan nan
1.841250000000000053e+00 1.016523999999999983e+00 nan nan nan
1.843750000000000000e+00 1.022586749999999878e+00 nan nan nan
1.846249999999999947e+00 1.019539500000000043e+00 nan nan nan
1.848749999999999893e+00 1.019638999999999962e+00 nan nan nan
1.851250000000000062e+00 1.027117249999999871e+00 nan nan nan
1.853750000000000009e+00 1.023349749999999947e+00 nan nan nan
1.856249999999999956e+00 1.025374000000000008e+00 nan nan nan
1.858749999999999902e+00 1.030281500000000072e+00 nan nan nan
1.861250000000000071e+00 1.029020499999999894e+00 nan nan nan
1.863750000000000018e+00 1.026270749999999898e+00 nan nan nan
1.866249999999999964e+00 1.027895000000000003e+00 nan nan nan
1.868749999999999911e+00 1.036297000000000024e+00 nan nan nan
1.871250000000000080e+00 1.032758000000000065e+00 nan nan nan
1.873750000000000027e+00 1.030402249999999853e+00 nan nan nan
1.876249999999999973e+00 1.032786999999999900e+00 nan nan nan
1.878749999999999920e+00 1.033192249999999923e+00 nan nan nan
1.881250000000000089e+00 1.040677999999999992e+00 nan nan nan
1.883750000000000036e+00 1.036806749999999999e+00 nan nan nan
1.886249999999999982e+00 1.038679499999999978e+00 nan nan nan
1.888749999999999929e+00 1.039736250000000028e+00 nan nan nan
1.891250000000000098e+00 1.041166249999999849e+00 nan nan nan
1.893750000000000044e+00 1.038011250000000052e+00 nan nan nan
1.896249999999999991e+00 1.039554499999999937e+00 nan nan nan
1.898749999999999938e+00 1.037048250000000005e+00 nan nan nan
1.901250000000000107e+00 1.044822499999999987e+00 nan nan nan
1.903750000000000053e+00 1.044325249999999983e+00 nan nan nan
1.906250000000000000e+00 1.047632499999999967e+00 nan nan nan
1.908749999999999947e+00 1.041827749999999941e+00 nan nan nan
1.911249999999999893e+00 1.042428249999999945e+00 nan nan nan
1.913750000000000062e+00 1.048966999999999983e+00 nan nan nan
1.916250000000000009e+00 1.046924250000000001e+00 nan nan nan
1.918749999999999956e+00 1.043533250000000079e+00 nan nan nan
1.921249999999999902e+00 1.048113000000000072e+00 nan nan nan
1.923750000000000071e+00 1.050088999999999828e+00 nan nan nan
1.926250000000000018e+00 1.053293499999999883e+00 nan nan nan
1.928749999999999964e+00 1.049445249999999996e+00 nan nan nan
1.931249999999999911e+00 1.045622000000000051e+00 nan nan nan
1.933750000000000080e+00 1.047553249999999991e+00 nan nan nan
1.936250000000000027e+00 1.052268750000000086e+00 nan nan nan
1.938749999999999973e+00 1.049624000000000112e+00 nan nan nan
1.941249999999999920e+00 1.054421250000000088e+00 nan nan nan
1.943750000000000089e+00 1.047386249999999963e+00 nan nan nan
1.946250000000000036e+00 1.050605000000000011e+00 nan nan nan
1.948749999999999982e+00 1.051041499999999962e+00 nan nan nan
1.951249999999999929e+00 1.049802750000000007e+00 nan nan nan
1.953750000000000098e+00 1.051298000000000066e+00 nan nan nan
1.956250000000000044e+00 1.054651250000000040e+00 nan nan nan
1.958749999999999991e+00 1.056401499999999993e+00 nan nan nan
1.961249999999999938e+00 1.048817749999999993e+00 nan nan nan
1.963750000000000107e+00 1.057038250000000179e+00 nan nan nan
1.966250000000000053e+00 1.049270750000000030e+00 nan nan nan
1.968750000000000000e+00 1.052134999999999820e+00 nan nan nan
1.971249999999999947e+00 1.050416750000000121e+00 nan nan nan
1.973749999999999893e+00 1.049511749999999966e+00 nan nan nan
1.976250000000000062e+00 1.046581750000000088e+00 nan nan nan
1.978750000000000009e+00 1.046504499999999949e+00 nan nan nan
1.981249999999999956e+00 1.059639499999999845e+00 nan nan nan
1.983749999999999902e+00 1.050758749999999964e+00 nan nan nan
1.986250000000000071e+00 1.053755500000000067e+00 nan nan nan
1.988750000000000018e+00 1.050842749999999937e+00 nan nan nan
1.991249999999999964e+00 1.053961750000000031e+00 nan nan nan
1.993749999999999911e+00 1.051839750000000073e+00 nan nan nan
1.996250000000000080e+00 1.056027000000000049e+00 nan nan nan
1.998750000000000027e+00 1.055773999999999990e+00 nan nan nan
2.001250000000000195e+00 1.052463250000000183e+00 nan nan nan
2.003750000000000142e+00 1.045594999999999830e+00 nan nan nan
2.006250000000000089e+00 1.048945499999999864e+00 nan nan nan
2.008750000000000036e+00 1.048376500000000044e+00 nan nan nan
2.011249999999999982e+00 1.047531999999999908e+00 nan nan nan
2.013749999999999929e+00 1.047997500000000137e+00 nan nan nan
2.016249999999999876e+00 1.048950000000000049e+00 nan nan nan
2.018749999999999822e+00 1.048989999999999867e+00 nan nan nan
2.021250000000000213e+00 1.049407999999999896e+00 nan nan nan
2.023750000000000160e+00 1.052591000000000054e+00 nan nan nan
2.026250000000000107e+00 1.049221249999999994e+00 nan nan nan
2.028750000000000053e+00 1.048760750000000019e+00 nan nan nan
2.031250000000000000e+00 1.041643000000000097e+00 nan nan nan
2.033749999999999947e+00 1.043825500000000073e+00 nan nan nan
2.036249999999999893e+00 1.048615999999999993e+00 nan nan nan
2.038749999999999840e+00 1.046198749999999844e+00 nan nan nan
2.041249999999999787e+00 1.051709000000000005e+00 nan nan nan
2.043750000000000178e+00 1.045811749999999929e+00 nan nan nan
2.046250000000000124e+00 1.043136500000000133e+00 nan nan nan
2.048750000000000071e+00 1.043129500000000043e+00 nan nan nan
2.051250000000000018e+00 1.051504500000000064e+00 nan nan nan
2.053749999999999964e+00 1.048802999999999930e+00 nan nan nan
2.056249999999999911e+00 1.042735749999999850e+00 nan nan nan
2.058749999999999858e+00 1.041479999999999961e+00 nan nan nan
2.061249999999999805e+00 1.051785750000000075e+00 nan nan nan
2.063750000000000195e+00 1.048246750000000116e+00 nan nan nan
2.066250000000000142e+00 1.039293499999999870e+00 nan nan nan
2.068750000000000089e+00 1.041655750000000102e+00 nan nan nan
2.071250000000000036e+00 1.038460750000000044e+00 nan nan nan
2.073749999999999982e+00 1.040349250000000003e+00 nan nan nan
2.076249999999999929e+00 1.042328499999999991e+00 nan nan nan
2.078749999999999876e+00 1.043464249999999982e+00 nan nan nan
2.081249999999999822e+00 1.041171499999999916e+00 nan nan nan
2.083750000000000213e+00 1.035937000000000108e+00 nan nan nan
2.086250000000000160e+00 1.040612750000000197e+00 nan nan nan
2.088750000000000107e+00 1.039238249999999919e+00 nan nan nan
2.091250000000000053e+00 1.034385249999999923e+00 nan nan nan
2.093750000000000000e+00 1.037361999999999895e+00 nan nan nan
2.096249999999999947e+00 1.039967249999999899e+00 nan nan nan
2.098749999999999893e+00 1.035860500000000073e+00 nan nan nan
2.101249999999999840e+00 1.033850249999999971e+00 nan nan nan
2.103749999999999787e+00 1.036702750000000117e+00 nan nan nan
2.106250000000000178e+00 1.040978249999999994e+00 nan nan nan
2.108750000000000124e+00 1.034923250000000072e+00 nan nan nan
2.111250000000000071e+00 1.030084500000000070e+00 nan nan nan
2.113750000000000018e+00 1.037403250000000110e+00 nan nan nan
2.116249999999999964e+00 1.032405749999999900e+00 nan nan nan
2.118749999999999911e+00 1.028944000000000081e+00 nan nan nan
2.121249999999999858e+00 1.031627500000000142e+00 nan nan nan
2.123749999999999805e+00 1.030842250000000071e+00 nan nan nan
2.126250000000000195e+00 1.033594249999999937e+00 nan nan nan
2.128750000000000142e+00 1.027583750000000018e+00 nan nan nan
2.131250000000000089e+00 1.028659499999999838e+00 nan nan nan
2.133750000000000036e+00 1.027032499999999793e+00 nan nan nan
2.136249999999999982e+00 1.031435250000000137e+00 nan nan nan
2.138749999999999929e+00 1.027948250000000119e+00 nan nan nan
2.141249999999999876e+00 1.030714249999999943e+00 nan nan nan
2.143749999999999822e+00 1.027342999999999895e+00 nan nan nan
2.146250000000000213e+00 1.026345250000000098e+00 nan nan nan
2.148750000000000160e+00 1.026113250000000088e+00 nan nan nan
2.151250000000000107e+00 1.024052750000000067e+00 nan nan nan
2.153750000000000053e+00 1.020812999999999970e+00 nan nan nan
2.156250000000000000e+00 1.023629500000000192e+00 nan nan nan
2.158749999999999947e+00 1.025359499999999979e+00 nan nan nan
2.161249999999999893e+00 1.019940000000000069e+00 nan nan nan
2.163749999999999840e+00 1.027035499999999990e+00 nan nan nan
2.166249999999999787e+00 1.026502250000000060e+00 nan nan nan
2.168750000000000178e+00 1.021987500000000049e+00 nan nan nan
2.171250000000000124e+00 1.021267249999999960e+00 nan nan nan
2.173750000000000071e+00 1.021428750000000107e+00 nan nan nan
2.176250000000000018e+00 1.022640749999999876e+00 nan nan nan
2.178749999999999964e+00 1.017724000000000073e+00 nan nan nan
2.181249999999999911e+00 1.018572499999999881e+00 nan nan nan
2.183749999999999858e+00 1.017507750000000044e+00 nan nan nan
2.186249999999999805e+00 1.014064999999999994e+00 nan nan nan
2.188750000000000195e+00 1.017144249999999861e+00 nan nan nan
2.191250000000000142e+00 1.015851000000000059e+00 nan nan nan
2.193750000000000089e+00 1.019725750000000097e+00 nan nan nan
2.196250000000000036e+00 1.015606500000000079e+00 nan nan nan
2.198749999999999982e+00 1.018479499999999982e+00 nan nan nan
2.201249999999999929e+00 1.015078250000000182e+00 nan nan nan
2.203749999999999876e+00 1.015067249999999976e+00 nan nan nan
2.206249999999999822e+00 1.014968749999999975e+00 nan nan nan
2.208750000000000213e+00 1.010697999999999874e+00 nan nan nan
2.211250000000000160e+00 1.010969000000000007e+00 nan nan nan
2.213750000000000107e+00 1.014492249999999984e+00 nan nan nan
2.216250000000000053e+00 1.010133499999999795e+00 nan nan nan
2.218750000000000000e+00 1.009576500000000099e+00 nan nan nan
2.221249999999999947e+00 1.012452750000000012e+00 nan nan nan
2.223749999999999893e+00 1.012279499999999999e+00 nan nan nan
2.226249999999999840e+00 1.010212499999999958e+00 nan nan nan
2.228749999999999787e+00 1.009732749999999957e+00 nan nan nan
2.231250000000000178e+00 1.008090499999999778e+00 nan nan nan
2.233750000000000124e+00 1.004414750000000023e+00 nan nan nan
2.236250000000000071e+00 1.009873999999999938e+00 nan nan nan
2.238750000000000018e+00 1.011260499999999896e+00 nan nan nan
2.241249999999999964e+00 1.005379500000000093e+00 nan nan nan
2.243749999999999911e+00 1.005426500000000001e+00 nan nan nan
2.246249999999999858e+00 1.010119749999999872e+00 nan nan nan
2.248749999999999805e+00 1.004970249999999954e+00 nan nan nan
2.251250000000000195e+00 1.000350249999999885e+00 nan nan nan
2.253750000000000142e+00 1.006342749999999953e+00 nan nan nan
2.256250000000000089e+00 1.004750999999999728e+00 nan nan nan
2.258750000000000036e+00 1.004372000000000043e+00 nan nan nan
2.261249999999999982e+00 1.000896500000000078e+00 nan nan nan
2.263749999999999929e+00 1.005634499999999765e+00 nan nan nan
2.266249999999999876e+00 1.001597249999999883e+00 nan nan nan
2.268749999999999822e+00 1.005411999999999972e+00 nan nan nan
2.271250000000000213e+00 1.002799750000000101e+00 nan nan nan
2.273750000000000160e+00 1.002317000000000125e+00 nan nan nan
2.276250000000000107e+00 1.003938500000000067e+00 nan nan nan
2.278750000000000053e+00 1.001333250000000064e+00 nan nan nan
2.281250000000000000e+00 1.004746750000000022e+00 nan nan nan
2.283749999999999947e+00 1.003279500000000102e+00 nan nan nan
2.286249999999999893e+00 1.003914500000000043e+00 nan nan nan
2.288749999999999840e+00 9.961032499999999956e-01 nan nan nan
2.291249999999999787e+00 9.968734999999999680e-01 nan nan nan
2.293750000000000178e+00 9.957227500000001008e-01 nan nan nan
2.296250000000000124e+00 9.963287499999999852e-01 nan nan nan
2.298750000000000071e+00 9.959014999999999951e-01 nan nan nan
2.301250000000000018e+00 9.986369999999999969e-01 nan nan nan
2.303749999999999964e+00 9.927390000000000381e-01 nan nan nan
2.306249999999999911e+00 9.953750000000000098e-01 nan nan nan
2.308749999999999858e+00 9.964467499999999367e-01 nan nan nan
2.311249999999999805e+00 9.950717500000000326e-01 nan nan nan
2.313750000000000195e+00 9.947219999999999951e-01 nan nan nan
2.316250000000000142e+00 9.947737500000000122e-01 nan nan nan
2.318750000000000089e+00 9.935344999999999871e-01 nan nan nan
2.321250000000000036e+00 9.927052500000000945e-01 nan nan nan
2.323749999999999982e+00 9.974400000000001043e-01 nan nan nan
2.326249999999999929e+00 9.974182499999999507e-01 nan nan nan
2.328749999999999876e+00 9.898029999999999884e-01 nan nan nan
2.331249999999999822e+00 9.953374999999999861e-01 nan nan nan
2.333750000000000213e+00 9.927332500000001225e-01 nan nan nan
2.336250000000000160e+00 9.947447499999999554e-01 nan nan nan
2.338750000000000107e+00 9.953387500000000498e-01 nan nan nan
2.341250000000000053e+00 9.897872500000000073e-01 nan nan nan
2.343750000000000000e+00 9.895342499999999486e-01 nan nan nan
2.346249999999999947e+00 9.894187500000000135e-01 nan nan nan
2.348749999999999893e+00 9.903677499999999911e-01 nan nan nan
2.351249999999999840e+00 9.889582500000000387e-01 nan nan nan
2.353749999999999787e+00 9.870422500000000099e-01 nan nan nan
2.356250000000000178e+00 9.896322500000001021e-01 nan nan nan
2.358750000000000124e+00 9.895119999999999472e-01 nan nan nan
2.361250000000000071e+00 9.869794999999998986e-01 nan nan nan
2.363750000000000018e+00 9.850234999999999408e-01 nan nan nan
2.366249999999999964e+00 9.881945000000000867e-01 nan nan nan
2.368749999999999911e+00 9.903922499999999740e-01 nan nan nan
2.371249999999999858e+00 9.839240000000001318e-01 nan nan nan
2.373749999999999805e+00 9.887854999999999839e-01 nan nan nan
2.376250000000000195e+00 9.872582500000000039e-01 nan nan nan
2.378750000000000142e+00 9.940259999999999652e-01 nan nan nan
2.381250000000000089e+00 9.854147500000000059e-01 nan nan nan
2.383750000000000036e+00 9.870857499999999840e-01 nan nan nan
2.386249999999999982e+00 9.869554999999999856e-01 nan nan nan
2.388749999999999929e+00 9.890354999999999563e-01 nan nan nan
2.391249999999999876e+00 9.841222499999999762e-01 nan nan nan
2.393749999999999822e+00 9.851134999999999753e-01 nan nan nan
2.396250000000000213e+00 9.858267499999999739e-01 nan nan nan
2.398750000000000160e+00 9.830767499999999437e-01 nan nan nan
2.401250000000000107e+00 9.866817500000000241e-01 nan nan nan
2.403750000000000053e+00 9.867262500000000269e-01 nan nan nan
2.406250000000000000e+00 9.901722500000000871e-01 nan nan nan
2.408749999999999947e+00 9.871754999999999836e-01 nan nan nan
2.411249999999999893e+00 9.873387500000000427e-01 nan nan nan
2.413749999999999840e+00 9.832594999999999530e-01 nan nan nan
2.416249999999999787e+00 9.848519999999999497e-01 nan nan nan
2.418750000000000178e+00 9.907227499999999853e-01 nan nan nan
2.421250000000000124e+00 9.843509999999999760e-01 nan nan nan
2.423750000000000071e+00 9.824027499999999913e-01 nan nan nan
2.426250000000000018e+00 9.840242499999999337e-01 nan nan nan
2.428749999999999964e+00 9.862132500000000412e-01 nan nan nan
2.431249999999999911e+00 9.854067499999999979e-01 nan nan nan
2.433749999999999858e+00 9.860342500000000010e-01 nan nan nan
2.436249999999999805e+00 9.881357499999999794e-01 nan nan nan
2.438750000000000195e+00 9.860999999999999766e-01 nan nan nan
2.441250000000000142e+00 9.794302499999999467e-01 nan nan nan
2.443750000000000089e+00 9.888554999999999984e-01 nan nan nan
2.446250000000000036e+00 9.833024999999999682e-01 nan nan nan
2.448749999999999982e+00 9.830082500000000278e-01 nan nan nan
2.451249999999999929e+00 9.822052500000000297e-01 nan nan nan
2.453749999999999876e+00 9.845444999999999336e-01 nan nan nan
2.456249999999999822e+00 9.823040000000000660e-01 nan nan nan
2.458750000000000213e+00 9.863804999999999934e-01 nan nan nan
2.461250000000000160e+00 9.868282500000000734e-01 nan nan nan
2.463750000000000107e+00 9.842189999999999550e-01 nan nan nan
2.466250000000000053e+00 9.849425000000000541e-01 nan nan nan
2.468750000000000000e+00 9.804399999999999782e-01 nan nan nan
2.471249999999999947e+00 9.807784999999999975e-01 nan nan nan
2.473749999999999893e+00 9.837890000000000246e-01 nan nan nan
2.476249999999999840e+00 9.817880000000001051e-01 nan nan nan
2.478749999999999787e+00 9.806985000000000285e-01 nan nan nan
2.481250000000000178e+00 9.840102500000000862e-01 nan nan nan
2.483750000000000124e+00 9.826639999999999819e-01 nan nan nan
2.486250000000000071e+00 9.876517499999999394e-01 nan nan nan
2.488750000000000018e+00 9.819579999999999975e-01 nan nan nan
2.491249999999999964e+00 9.805004999999999971e-01 nan nan nan
2.493749999999999911e+00 9.839277500000001009e-01 nan nan nan
2.496249999999999858e+00 9.857737500000000042e-01 nan nan nan
2.498749999999999805e+00 9.835679999999999978e-01 nan nan nan
