1.250000000000000026e-03 0.000000000000000000e+00 nan nan nan
3.749999999999999861e-03 0.000000000000000000e+00 nan nan nan
6.250000000000000347e-03 0.000000000000000000e+00 nan nan nan
8.750000000000000833e-03 0.000000000000000000e+00 nan nan nan
1.124999999999999958e-02 0.000000000000000000e+00 nan nan nan
1.375000000000000007e-02 0.000000000000000000e+00 nan nan nan
1.625000000000000056e-02 0.000000000000000000e+00 nan nan nan
1.874999999999999931e-02 0.000000000000000000e+00 nan nan nan
2.125000000000000153e-02 0.000000000000000000e+00 nan nan nan
2.375000000000000028e-02 0.000000000000000000e+00 nan nan nan
2.624999999999999903e-02 0.000000000000000000e+00 nan nan nan
2.875000000000000125e-02 0.000000000000000000e+00 nan nan nan
3.125000000000000000e-02 0.000000000000000000e+00 nan nan nan
3.375000000000000222e-02 0.000000000000000000e+00 nan nan nan
3.624999999999999750e-02 0.000000000000000000e+00 nan nan nan
3.874999999999999972e-02 0.000000000000000000e+00 nan nan nan
4.125000000000000194e-02 0.000000000000000000e+00 nan nan nan
4.374999999999999722e-02 0.000000000000000000e+00 nan nan nan
4.624999999999999944e-02 0.000000000000000000e+00 nan nan nan
4.875000000000000167e-02 0.000000000000000000e+00 nan nan nan
5.124999999999999695e-02 0.000000000000000000e+00 nan nan nan
5.374999999999999917e-02 0.000000000000000000e+00 nan nan nan
5.625000000000000139e-02 0.000000000000000000e+00 nan nan nan
5.874999999999999667e-02 0.000000000000000000e+00 nan nan nan
6.124999999999999889e-02 0.000000000000000000e+00 nan nan nan
6.375000000000000111e-02 0.000000000000000000e+00 nan nan nan
6.625000000000000333e-02 0.000000000000000000e+00 nan nan nan
6.875000000000000555e-02 0.000000000000000000e+00 nan nan nan
7.124999999999999389e-02 0.000000000000000000e+00 nan nan nan
7.374999999999999611e-02 0.000000000000000000e+00 nan nan nan
7.624999999999999833e-02 0.000000000000000000e+00 nan nan nan
7.875000000000000056e-02 0.000000000000000000e+00 nan nan nan
8.125000000000000278e-02 0.000000000000000000e+00 nan nan nan
8.375000000000000500e-02 0.000000000000000000e+00 nan nan nan
8.624999999999999334e-02 0.000000000000000000e+00 nan nan nan
8.874999999999999556e-02 0.000000000000000000e+00 nan nan nan
9.124999999999999778e-02 0.000000000000000000e+00 nan nan nan
9.375000000000000000e-02 0.000000000000000000e+00 nan nan nan
9.625000000000000222e-02 0.000000000000000000e+00 nan nan nan
9.875000000000000444e-02 0.000000000000000000e+00 nan nan nan
1.012500000000000067e-01 0.000000000000000000e+00 nan nan nan
1.037499999999999950e-01 0.000000000000000000e+00 nan nan nan
1.062499999999999972e-01 0.000000000000000000e+00 nan nan nan
1.087499999999999994e-01 0.000000000000000000e+00 nan nan nan
1.112500000000000017e-01 0.000000000000000000e+00 nan nan nan
1.137500000000000039e-01 0.000000000000000000e+00 nan nan nan
1.162500000000000061e-01 0.000000000000000000e+00 nan nan nan
1.187499999999999944e-01 0.000000000000000000e+00 nan nan nan
1.212499999999999967e-01 0.000000000000000000e+00 nan nan nan
1.237499999999999989e-01 0.000000000000000000e+00 nan nan nan
1.262500000000000011e-01 0.000000000000000000e+00 nan nan nan
1.287500000000000033e-01 0.000000000000000000e+00 nan nan nan
1.312500000000000056e-01 0.000000000000000000e+00 nan nan nan
1.337500000000000078e-01 0.000000000000000000e+00 nan nan nan
1.362500000000000100e-01 0.000000000000000000e+00 nan nan nan
1.387500000000000122e-01 0.000000000000000000e+00 nan nan nan
1.412499999999999867e-01 0.000000000000000000e+00 nan nan nan
1.437499999999999889e-01 0.000000000000000000e+00 nan nan nan
1.462499999999999911e-01 0.000000000000000000e+00 nan nan nan
1.487499999999999933e-01 0.000000000000000000e+00 nan nan nan
1.512499999999999956e-01 0.000000000000000000e+00 nan nan nan
1.537499999999999978e-01 0.000000000000000000e+00 nan nan nan
1.562500000000000000e-01 0.000000000000000000e+00 nan nan nan
1.587500000000000022e-01 0.000000000000000000e+00 nan nan nan
1.612500000000000044e-01 0.000000000000000000e+00 nan nan nan
1.637500000000000067e-01 0.000000000000000000e+00 nan nan nan
1.662500000000000089e-01 0.000000000000000000e+00 nan nan nan
1.687500000000000111e-01 0.000000000000000000e+00 nan nan nan
1.712500000000000133e-01 0.000000000000000000e+00 nan nan nan
1.737499999999999878e-01 0.000000000000000000e+00 nan nan nan
1.762499999999999900e-01 0.000000000000000000e+00 nan nan nan
1.787499999999999922e-01 0.000000000000000000e+00 nan nan nan
1.812499999999999944e-01 0.000000000000000000e+00 nan nan nan
1.837499999999999967e-01 0.000000000000000000e+00 nan nan nan
1.862499999999999989e-01 0.000000000000000000e+00 nan nan nan
1.887500000000000011e-01 0.000000000000000000e+00 nan nan nan
1.912500000000000033e-01 0.000000000000000000e+00 nan nan nan
1.937500000000000056e-01 0.000000000000000000e+00 nan nan nan
1.962500000000000078e-01 0.000000000000000000e+00 nan nan nan
1.987500000000000100e-01 0.000000000000000000e+00 nan nan nan
2.012500000000000122e-01 0.000000000000000000e+00 nan nan nan
2.037499999999999867e-01 0.000000000000000000e+00 nan nan nan
2.062499999999999889e-01 0.000000000000000000e+00 nan nan nan
2.087499999999999911e-01 0.000000000000000000e+00 nan nan nan
2.112499999999999933e-01 0.000000000000000000e+00 nan nan nan
2.137499999999999956e-01 0.000000000000000000e+00 nan nan nan
2.162499999999999978e-01 0.000000000000000000e+00 nan nan nan
2.187500000000000000e-01 0.000000000000000000e+00 nan nan nan
2.212500000000000022e-01 0.000000000000000000e+00 nan nan nan
2.237500000000000044e-01 0.000000000000000000e+00 nan nan nan
2.262500000000000067e-01 0.000000000000000000e+00 nan nan nan
2.287500000000000089e-01 0.000000000000000000e+00 nan nan nan
2.312500000000000111e-01 0.000000000000000000e+00 nan nan nan
2.337500000000000133e-01 0.000000000000000000e+00 nan nan nan
2.362499999999999878e-01 0.000000000000000000e+00 nan nan nan
2.387499999999999900e-01 0.000000000000000000e+00 nan nan nan
2.412499999999999922e-01 0.000000000000000000e+00 nan nan nan
2.437499999999999944e-01 0.000000000000000000e+00 nan nan nan
2.462499999999999967e-01 0.000000000000000000e+00 nan nan nan
2.487499999999999989e-01 0.000000000000000000e+00 nan nan nan
2.512499999999999734e-01 0.000000000000000000e+00 nan nan nan
2.537499999999999756e-01 0.000000000000000000e+00 nan nan nan
2.562499999999999778e-01 0.000000000000000000e+00 nan nan nan
2.587499999999999800e-01 0.000000000000000000e+00 nan nan nan
2.612499999999999822e-01 0.000000000000000000e+00 nan nan nan
2.637499999999999845e-01 0.000000000000000000e+00 nan nan nan
2.662499999999999867e-01 0.000000000000000000e+00 nan nan nan
2.687499999999999889e-01 0.000000000000000000e+00 nan nan nan
2.712499999999999911e-01 0.000000000000000000e+00 nan nan nan
2.737499999999999933e-01 0.000000000000000000e+00 nan nan nan
2.762499999999999956e-01 0.000000000000000000e+00 nan nan nan
2.787499999999999978e-01 0.000000000000000000e+00 nan nan nan
2.812500000000000000e-01 0.000000000000000000e+00 nan nan nan
2.837500000000000022e-01 0.000000000000000000e+00 nan nan nan
2.862500000000000044e-01 0.000000000000000000e+00 nan nan nan
2.887500000000000067e-01 0.000000000000000000e+00 nan nan nan
2.912500000000000089e-01 0.000000000000000000e+00 nan nan nan
2.937500000000000111e-01 0.000000000000000000e+00 nan nan nan
2.962500000000000133e-01 0.000000000000000000e+00 nan nan nan
2.987500000000000155e-01 0.000000000000000000e+00 nan nan nan
3.012500000000000178e-01 0.000000000000000000e+00 nan nan nan
3.037500000000000200e-01 0.000000000000000000e+00 nan nan nan
3.062500000000000222e-01 0.000000000000000000e+00 nan nan nan
3.087500000000000244e-01 0.000000000000000000e+00 nan nan nan
3.112500000000000266e-01 0.000000000000000000e+00 nan nan nan
3.137499999999999734e-01 0.000000000000000000e+00 nan nan nan
3.162499999999999756e-01 0.000000000000000000e+00 nan nan nan
3.187499999999999778e-01 0.000000000000000000e+00 nan nan nan
3.212499999999999800e-01 0.000000000000000000e+00 nan nan nan
3.237499999999999822e-01 0.000000000000000000e+00 nan nan nan
3.262499999999999845e-01 0.000000000000000000e+00 nan nan nan
3.287499999999999867e-01 0.000000000000000000e+00 nan nan nan
3.312499999999999889e-01 0.000000000000000000e+00 nan nan nan
3.337499999999999911e-01 0.000000000000000000e+00 nan nan nan
3.362499999999999933e-01 0.000000000000000000e+00 nan nan nan
3.387499999999999956e-01 0.000000000000000000e+00 nan nan nan
3.412499999999999978e-01 0.000000000000000000e+00 nan nan nan
3.437500000000000000e-01 0.000000000000000000e+00 nan nan nan
3.462500000000000022e-01 0.000000000000000000e+00 nan nan nan
3.487500000000000044e-01 0.000000000000000000e+00 nan nan nan
3.512500000000000067e-01 0.000000000000000000e+00 nan nan nan
3.537500000000000089e-01 0.000000000000000000e+00 nan nan nan
3.562500000000000111e-01 0.000000000000000000e+00 nan nan nan
3.587500000000000133e-01 0.000000000000000000e+00 nan nan nan
3.612500000000000155e-01 0.000000000000000000e+00 nan nan nan
3.637500000000000178e-01 0.000000000000000000e+00 nan nan nan
3.662500000000000200e-01 0.000000000000000000e+00 nan nan nan
3.687500000000000222e-01 0.000000000000000000e+00 nan nan nan
3.712500000000000244e-01 0.000000000000000000e+00 nan nan nan
3.737500000000000266e-01 0.000000000000000000e+00 nan nan nan
3.762499999999999734e-01 0.000000000000000000e+00 nan nan nan
3.787499999999999756e-01 0.000000000000000000e+00 nan nan nan
3.812499999999999778e-01 0.000000000000000000e+00 nan nan nan
3.837499999999999800e-01 0.000000000000000000e+00 nan nan nan
3.862499999999999822e-01 0.000000000000000000e+00 nan nan nan
3.887499999999999845e-01 0.000000000000000000e+00 nan nan nan
3.912499999999999867e-01 0.000000000000000000e+00 nan nan nan
3.937499999999999889e-01 0.000000000000000000e+00 nan nan nan
3.962499999999999911e-01 0.000000000000000000e+00 nan nan nan
3.987499999999999933e-01 0.000000000000000000e+00 nan nan nan
4.012499999999999956e-01 0.000000000000000000e+00 nan nan nan
4.037499999999999978e-01 0.000000000000000000e+00 nan nan nan
4.062500000000000000e-01 0.000000000000000000e+00 nan nan nan
4.087500000000000022e-01 0.000000000000000000e+00 nan nan nan
4.112500000000000044e-01 0.000000000000000000e+00 nan nan nan
4.137500000000000067e-01 0.000000000000000000e+00 nan nan nan
4.162500000000000089e-01 0.000000000000000000e+00 nan nan nan
4.187500000000000111e-01 0.000000000000000000e+00 nan nan nan
4.212500000000000133e-01 0.000000000000000000e+00 nan nan nan
4.237500000000000155e-01 0.000000000000000000e+00 nan nan nan
4.262500000000000178e-01 0.000000000000000000e+00 nan nan nan
4.287500000000000200e-01 0.000000000000000000e+00 nan nan nan
4.312500000000000222e-01 0.000000000000000000e+00 nan nan nan
4.337500000000000244e-01 0.000000000000000000e+00 nan nan nan
4.362500000000000266e-01 0.000000000000000000e+00 nan nan nan
4.387499999999999734e-01 0.000000000000000000e+00 nan nan nan
4.412499999999999756e-01 0.000000000000000000e+00 nan nan nan
4.437499999999999778e-01 0.000000000000000000e+00 nan nan nan
4.462499999999999800e-01 0.000000000000000000e+00 nan nan nan
4.487499999999999822e-01 0.000000000000000000e+00 nan nan nan
4.512499999999999845e-01 0.000000000000000000e+00 nan nan nan
4.537499999999999867e-01 0.000000000000000000e+00 nan nan nan
4.562499999999999889e-01 0.000000000000000000e+00 nan nan nan
4.587499999999999911e-01 0.000000000000000000e+00 nan nan nan
4.612499999999999933e-01 0.000000000000000000e+00 nan nan nan
4.637499999999999956e-01 0.000000000000000000e+00 nan nan nan
4.662499999999999978e-01 0.000000000000000000e+00 nan nan nan
4.687500000000000000e-01 0.000000000000000000e+00 nan nan nan
4.712500000000000022e-01 0.000000000000000000e+00 nan nan nan
4.737500000000000044e-01 0.000000000000000000e+00 nan nan nan
4.762500000000000067e-01 0.000000000000000000e+00 nan nan nan
4.787500000000000089e-01 0.000000000000000000e+00 nan nan nan
4.812500000000000111e-01 0.000000000000000000e+00 nan nan nan
4.837500000000000133e-01 0.000000000000000000e+00 nan nan nan
4.862500000000000155e-01 0.000000000000000000e+00 nan nan nan
4.887500000000000178e-01 0.000000000000000000e+00 nan nan nan
4.912500000000000200e-01 0.000000000000000000e+00 nan nan nan
4.937500000000000222e-01 0.000000000000000000e+00 nan nan nan
4.962500000000000244e-01 0.000000000000000000e+00 nan nan nan
4.987500000000000266e-01 0.000000000000000000e+00 nan nan nan
5.012499999999999734e-01 0.000000000000000000e+00 nan nan nan
5.037500000000000311e-01 0.000000000000000000e+00 nan nan nan
5.062499999999999778e-01 0.000000000000000000e+00 nan nan nan
5.087500000000000355e-01 0.000000000000000000e+00 nan nan nan
5.112499999999999822e-01 0.000000000000000000e+00 nan nan nan
5.137500000000000400e-01 0.000000000000000000e+00 nan nan nan
5.162499999999999867e-01 0.000000000000000000e+00 nan nan nan
5.187500000000000444e-01 0.000000000000000000e+00 nan nan nan
5.212499999999999911e-01 0.000000000000000000e+00 nan nan nan
5.237500000000000488e-01 0.000000000000000000e+00 nan nan nan
5.262499999999999956e-01 0.000000000000000000e+00 nan nan nan
5.287500000000000533e-01 0.000000000000000000e+00 nan nan nan
5.312500000000000000e-01 0.000000000000000000e+00 nan nan nan
5.337499999999999467e-01 0.000000000000000000e+00 nan nan nan
5.362500000000000044e-01 0.000000000000000000e+00 nan nan nan
5.387499999999999512e-01 0.000000000000000000e+00 nan nan nan
5.412500000000000089e-01 0.000000000000000000e+00 nan nan nan
5.437499999999999556e-01 0.000000000000000000e+00 nan nan nan
5.462500000000000133e-01 0.000000000000000000e+00 nan nan nan
5.487499999999999600e-01 0.000000000000000000e+00 nan nan nan
5.512500000000000178e-01 0.000000000000000000e+00 nan nan nan
5.537499999999999645e-01 0.000000000000000000e+00 nan nan nan
5.562500000000000222e-01 0.000000000000000000e+00 nan nan nan
5.587499999999999689e-01 0.000000000000000000e+00 nan nan nan
5.612500000000000266e-01 0.000000000000000000e+00 nan nan nan
5.637499999999999734e-01 0.000000000000000000e+00 nan nan nan
5.662500000000000311e-01 0.000000000000000000e+00 nan nan nan
5.687499999999999778e-01 0.000000000000000000e+00 nan nan nan
5.712500000000000355e-01 0.000000000000000000e+00 nan nan nan
5.737499999999999822e-01 0.000000000000000000e+00 nan nan nan
5.762500000000000400e-01 0.000000000000000000e+00 nan nan nan
5.787499999999999867e-01 0.000000000000000000e+00 nan nan nan
5.812500000000000444e-01 0.000000000000000000e+00 nan nan nan
5.837499999999999911e-01 0.000000000000000000e+00 nan nan nan
5.862500000000000488e-01 0.000000000000000000e+00 nan nan nan
5.887499999999999956e-01 0.000000000000000000e+00 nan nan nan
5.912500000000000533e-01 0.000000000000000000e+00 nan nan nan
5.937500000000000000e-01 0.000000000000000000e+00 nan nan nan
5.962499999999999467e-01 0.000000000000000000e+00 nan nan nan
5.987500000000000044e-01 0.000000000000000000e+00 nan nan nan
6.012499999999999512e-01 0.000000000000000000e+00 nan nan nan
6.037500000000000089e-01 0.000000000000000000e+00 nan nan nan
6.062499999999999556e-01 0.000000000000000000e+00 nan nan nan
6.087500000000000133e-01 0.000000000000000000e+00 nan nan nan
6.112499999999999600e-01 0.000000000000000000e+00 nan nan nan
6.137500000000000178e-01 0.000000000000000000e+00 nan nan nan
6.162499999999999645e-01 0.000000000000000000e+00 nan nan nan
6.187500000000000222e-01 0.000000000000000000e+00 nan nan nan
6.212499999999999689e-01 0.000000000000000000e+00 nan nan nan
6.237500000000000266e-01 0.000000000000000000e+00 nan nan nan
6.262499999999999734e-01 0.000000000000000000e+00 nan nan nan
6.287500000000000311e-01 0.000000000000000000e+00 nan nan nan
6.312499999999999778e-01 0.000000000000000000e+00 nan nan nan
6.337500000000000355e-01 0.000000000000000000e+00 nan nan nan
6.362499999999999822e-01 0.000000000000000000e+00 nan nan nan
6.387500000000000400e-01 0.000000000000000000e+00 nan nan nan
6.412499999999999867e-01 0.000000000000000000e+00 nan nan nan
6.437500000000000444e-01 0.000000000000000000e+00 nan nan nan
6.462499999999999911e-01 0.000000000000000000e+00 nan nan nan
6.487500000000000488e-01 0.000000000000000000e+00 nan nan nan
6.512499999999999956e-01 0.000000000000000000e+00 nan nan nan
6.537500000000000533e-01 0.000000000000000000e+00 nan nan nan
6.562500000000000000e-01 0.000000000000000000e+00 nan nan nan
6.587499999999999467e-01 0.000000000000000000e+00 nan nan nan
6.612500000000000044e-01 0.000000000000000000e+00 nan nan nan
6.637499999999999512e-01 0.000000000000000000e+00 nan nan nan
6.662500000000000089e-01 0.000000000000000000e+00 nan nan nan
6.687499999999999556e-01 0.000000000000000000e+00 nan nan nan
6.712500000000000133e-01 0.000000000000000000e+00 nan nan nan
6.737499999999999600e-01 0.000000000000000000e+00 nan nan nan
6.762500000000000178e-01 0.000000000000000000e+00 nan nan nan
6.787499999999999645e-01 0.000000000000000000e+00 nan nan nan
6.812500000000000222e-01 0.000000000000000000e+00 nan nan nan
6.837499999999999689e-01 0.000000000000000000e+00 nan nan nan
6.862500000000000266e-01 0.000000000000000000e+00 nan nan nan
6.887499999999999734e-01 0.000000000000000000e+00 nan nan nan
6.912500000000000311e-01 0.000000000000000000e+00 nan nan nan
6.937499999999999778e-01 0.000000000000000000e+00 nan nan nan
6.962500000000000355e-01 0.000000000000000000e+00 nan nan nan
6.987499999999999822e-01 0.000000000000000000e+00 nan nan nan
7.012500000000000400e-01 0.000000000000000000e+00 nan nan nan
7.037499999999999867e-01 0.000000000000000000e+00 nan nan nan
7.062500000000000444e-01 0.000000000000000000e+00 nan nan nan
7.087499999999999911e-01 0.000000000000000000e+00 nan nan nan
7.112500000000000488e-01 0.000000000000000000e+00 nan nan nan
7.137499999999999956e-01 0.000000000000000000e+00 nan nan nan
7.162500000000000533e-01 0.000000000000000000e+00 nan nan nan
7.187500000000000000e-01 0.000000000000000000e+00 nan nan nan
7.212499999999999467e-01 0.000000000000000000e+00 nan nan nan
7.237500000000000044e-01 0.000000000000000000e+00 nan nan nan
7.262499999999999512e-01 0.000000000000000000e+00 nan nan nan
7.287500000000000089e-01 0.000000000000000000e+00 nan nan nan
7.312499999999999556e-01 0.000000000000000000e+00 nan nan nan
7.337500000000000133e-01 0.000000000000000000e+00 nan nan nan
7.362499999999999600e-01 5.874999999999999824e-05 nan nan nan
7.387500000000000178e-01 0.000000000000000000e+00 nan nan nan
7.412499999999999645e-01 0.000000000000000000e+00 nan nan nan
7.437500000000000222e-01 0.000000000000000000e+00 nan nan nan
7.462499999999999689e-01 5.700000000000000314e-05 nan nan nan
7.487500000000000266e-01 1.702499999999999912e-04 nan nan nan
7.512499999999999734e-01 0.000000000000000000e+00 nan nan nan
7.537500000000000311e-01 1.679999999999999907e-04 nan nan nan
7.562499999999999778e-01 3.334999999999999748e-04 nan nan nan
7.587500000000000355e-01 4.970000000000000459e-04 nan nan nan
7.612499999999999822e-01 4.387499999999999582e-04 nan nan nan
7.637500000000000400e-01 1.198999999999999979e-03 nan nan nan
7.662499999999999867e-01 1.353249999999999852e-03 nan nan nan
7.687500000000000444e-01 1.667249999999999895e-03 nan nan nan
7.712499999999999911e-01 2.084250000000000165e-03 nan nan nan
7.737500000000000488e-01 3.344999999999999883e-03 nan nan nan
7.762499999999999956e-01 5.011249999999999212e-03 nan nan nan
7.787500000000000533e-01 6.446749999999999356e-03 nan nan nan
7.812500000000000000e-01 7.134749999999999599e-03 nan nan nan
7.837499999999999467e-01 9.004499999999998616e-03 nan nan nan
7.862500000000000044e-01 1.285475000000000159e-02 nan nan nan
7.887499999999999512e-01 1.543049999999999977e-02 nan nan nan
7.912500000000000089e-01 1.939499999999999905e-02 nan nan nan
7.937499999999999556e-01 2.401549999999999865e-02 nan nan nan
7.962500000000000133e-01 3.344074999999999825e-02 nan nan nan
7.987499999999999600e-01 3.432799999999999740e-02 nan nan nan
8.012500000000000178e-01 4.421474999999999711e-02 nan nan nan
8.037499999999999645e-01 5.107450000000000184e-02 nan nan nan
8.062500000000000222e-01 6.361899999999999500e-02 nan nan nan
8.087499999999999689e-01 7.187675000000000314e-02 nan nan nan
8.112500000000000266e-01 8.321950000000000180e-02 nan nan nan
8.137499999999999734e-01 1.017180000000000029e-01 nan nan nan
8.162500000000000311e-01 1.082047499999999884e-01 nan nan nan
8.187499999999999778e-01 1.261329999999999951e-01 nan nan nan
8.212500000000000355e-01 1.463862499999999955e-01 nan nan nan
8.237499999999999822e-01 1.643305000000000182e-01 nan nan nan
8.262500000000000400e-01 1.829865000000000241e-01 nan nan nan
8.287499999999999867e-01 2.076162500000000022e-01 nan nan nan
8.312500000000000444e-01 2.274387499999999951e-01 nan nan nan
8.337499999999999911e-01 2.598692499999999406e-01 nan nan nan
8.362500000000000488e-01 2.867272499999999891e-01 nan nan nan
8.387499999999999956e-01 3.090132500000000171e-01 nan nan nan
8.412500000000000533e-01 3.331407499999999855e-01 nan nan nan
8.437500000000000000e-01 3.583610000000000406e-01 nan nan nan
8.462499999999999467e-01 4.011217499999999436e-01 nan nan nan
8.487500000000000044e-01 4.232959999999999501e-01 nan nan nan
8.512499999999999512e-01 4.619165000000000076e-01 nan nan nan
8.537500000000000089e-01 4.997730000000000228e-01 nan nan nan
8.562499999999999556e-01 5.328439999999999843e-01 nan nan nan
8.587500000000000133e-01 5.678069999999999506e-01 nan nan nan
8.612499999999999600e-01 6.047549999999999315e-01 nan nan nan
8.637500000000000178e-01 6.331287500000000179e-01 nan nan nan
8.662499999999999645e-01 6.775592500000000573e-01 nan nan nan
8.687500000000000222e-01 7.071062500000000473e-01 nan nan nan
8.712499999999999689e-01 7.431707499999999911e-01 nan nan nan
8.737500000000000266e-01 7.865564999999998808e-01 nan nan nan
8.762499999999999734e-01 8.223565000000000458e-01 nan nan nan
8.787500000000000311e-01 8.490922499999999928e-01 nan nan nan
8.812499999999999778e-01 8.898785000000000167e-01 nan nan nan
8.837500000000000355e-01 9.277484999999999760e-01 nan nan nan
8.862499999999999822e-01 9.528340000000000698e-01 nan nan nan
8.887500000000000400e-01 9.955715000000000536e-01 nan nan nan
8.912499999999999867e-01 1.041096250000000056e+00 nan nan nan
8.937500000000000444e-01 1.075750500000000054e+00 nan nan nan
8.962499999999999911e-01 1.092392749999999912e+00 nan nan nan
8.987500000000000488e-01 1.139292500000000041e+00 nan nan nan
9.012499999999999956e-01 1.178024249999999995e+00 nan nan nan
9.037500000000000533e-01 1.185993499999999923e+00 nan nan nan
9.062500000000000000e-01 1.222846249999999912e+00 nan nan nan
9.087499999999999467e-01 1.248536500000000160e+00 nan nan nan
9.112500000000000044e-01 1.288626999999999967e+00 nan nan nan
9.137499999999999512e-01 1.312689250000000030e+00 nan nan nan
9.162500000000000089e-01 1.337871250000000067e+00 nan nan nan
9.187499999999999556e-01 1.367919250000000142e+00 nan nan nan
9.212500000000000133e-01 1.392864499999999950e+00 nan nan nan
9.237499999999999600e-01 1.406121999999999872e+00 nan nan nan
9.262500000000000178e-01 1.434776999999999969e+00 nan nan nan
9.287499999999999645e-01 1.454886249999999936e+00 nan nan nan
9.312500000000000222e-01 1.468564250000000015e+00 nan nan nan
9.337499999999999689e-01 1.488345749999999912e+00 nan nan nan
9.362500000000000266e-01 1.513697500000000140e+00 nan nan nan
9.387499999999999734e-01 1.528117499999999795e+00 nan nan nan
9.412500000000000311e-01 1.548642249999999887e+00 nan nan nan
9.437499999999999778e-01 1.574817000000000133e+00 nan nan nan
9.462500000000000355e-01 1.578718749999999948e+00 nan nan nan
9.487499999999999822e-01 1.601415749999999916e+00 nan nan nan
9.512500000000000400e-01 1.609449750000000012e+00 nan nan nan
9.537499999999999867e-01 1.615734249999999816e+00 nan nan nan
9.562500000000000444e-01 1.631526500000000102e+00 nan nan nan
9.587499999999999911e-01 1.642809500000000034e+00 nan nan nan
9.612500000000000488e-01 1.650100250000000157e+00 nan nan nan
9.637499999999999956e-01 1.665678000000000214e+00 nan nan nan
9.662500000000000533e-01 1.662891499999999967e+00 nan nan nan
9.687500000000000000e-01 1.665090500000000029e+00 nan nan nan
9.712499999999999467e-01 1.679174500000000014e+00 nan nan nan
9.737500000000000044e-01 1.686386250000000198e+00 nan nan nan
9.762499999999999512e-01 1.683263500000000024e+00 nan nan nan
9.787500000000000089e-01 1.694949750000000144e+00 nan nan nan
9.812499999999999556e-01 1.691540499999999891e+00 nan nan nan
9.837500000000000133e-01 1.697767000000000026e+00 nan nan nan
9.862499999999999600e-01 1.711948750000000130e+00 nan nan nan
9.887500000000000178e-01 1.708471999999999991e+00 nan nan nan
9.912499999999999645e-01 1.709796749999999976e+00 nan nan nan
9.937500000000000222e-01 1.696215749999999911e+00 nan nan nan
9.962499999999999689e-01 1.691748999999999947e+00 nan nan nan
9.987500000000000266e-01 1.690332750000000051e+00 nan nan nan
1.001249999999999973e+00 1.702321999999999891e+00 nan nan nan
1.003749999999999920e+00 1.686879999999999935e+00 nan nan nan
1.006250000000000089e+00 1.696120249999999885e+00 nan nan nan
1.008750000000000036e+00 1.695939250000000120e+00 nan nan nan
1.011249999999999982e+00 1.682124500000000022e+00 nan nan nan
1.013749999999999929e+00 1.681941750000000013e+00 nan nan nan
1.016250000000000098e+00 1.678078249999999993e+00 nan nan nan
1.018750000000000044e+00 1.693221499999999935e+00 nan nan nan
1.021249999999999991e+00 1.679607999999999990e+00 nan nan nan
1.023749999999999938e+00 1.664287500000000142e+00 nan nan nan
1.026250000000000107e+00 1.672879000000000005e+00 nan nan nan
1.028750000000000053e+00 1.675781250000000000e+00 nan nan nan
1.031250000000000000e+00 1.645308750000000098e+00 nan nan nan
1.033749999999999947e+00 1.652590000000000003e+00 nan nan nan
1.036249999999999893e+00 1.644151749999999801e+00 nan nan nan
1.038750000000000062e+00 1.643582749999999759e+00 nan nan nan
1.041250000000000009e+00 1.639100750000000106e+00 nan nan nan
1.043749999999999956e+00 1.627669249999999845e+00 nan nan nan
1.046249999999999902e+00 1.619697000000000164e+00 nan nan nan
1.048750000000000071e+00 1.613689499999999999e+00 nan nan nan
1.051250000000000018e+00 1.597882999999999942e+00 nan nan nan
1.053749999999999964e+00 1.583754499999999954e+00 nan nan nan
1.056249999999999911e+00 1.595725999999999978e+00 nan nan nan
1.058750000000000080e+00 1.583492000000000122e+00 nan nan nan
1.061250000000000027e+00 1.578128749999999858e+00 nan nan nan
1.063749999999999973e+00 1.571843749999999984e+00 nan nan nan
1.066249999999999920e+00 1.552598499999999992e+00 nan nan nan
1.068750000000000089e+00 1.555835000000000079e+00 nan nan nan
1.071250000000000036e+00 1.550076999999999927e+00 nan nan nan
1.073749999999999982e+00 1.538373500000000060e+00 nan nan nan
1.076249999999999929e+00 1.531838749999999916e+00 nan nan nan
1.078750000000000098e+00 1.531684999999999963e+00 nan nan nan
1.081250000000000044e+00 1.512375249999999838e+00 nan nan nan
1.083749999999999991e+00 1.507732999999999990e+00 nan nan nan
1.086249999999999938e+00 1.501501750000000079e+00 nan nan nan
1.088750000000000107e+00 1.503704499999999999e+00 nan nan nan
1.091250000000000053e+00 1.483556000000000097e+00 nan nan nan
1.093750000000000000e+00 1.477764999999999995e+00 nan nan nan
1.096249999999999947e+00 1.477407249999999950e+00 nan nan nan
1.098749999999999893e+00 1.465214749999999899e+00 nan nan nan
1.101250000000000062e+00 1.463707249999999904e+00 nan nan nan
1.103750000000000009e+00 1.448578250000000178e+00 nan nan nan
1.106249999999999956e+00 1.449519000000000002e+00 nan nan nan
1.108749999999999902e+00 1.434844249999999821e+00 nan nan nan
1.111250000000000071e+00 1.435629000000000044e+00 nan nan nan
1.113750000000000018e+00 1.420709249999999813e+00 nan nan nan
1.116249999999999964e+00 1.407540750000000118e+00 nan nan nan
1.118749999999999911e+00 1.411797500000000039e+00 nan nan nan
1.121250000000000080e+00 1.394611249999999858e+00 nan nan nan
1.123750000000000027e+00 1.396945999999999799e+00 nan nan nan
1.126249999999999973e+00 1.383935249999999950e+00 nan nan nan
1.128749999999999920e+00 1.365112249999999916e+00 nan nan nan
1.131250000000000089e+00 1.371182000000000123e+00 nan nan nan
1.133750000000000036e+00 1.355373500000000009e+00 nan nan nan
1.136249999999999982e+00 1.344146499999999911e+00 nan nan nan
1.138749999999999929e+00 1.336339249999999979e+00 nan nan nan
1.141250000000000098e+00 1.333053749999999926e+00 nan nan nan
1.143750000000000044e+00 1.325409999999999977e+00 nan nan nan
1.146249999999999991e+00 1.308070500000000136e+00 nan nan nan
1.148749999999999938e+00 1.308742500000000142e+00 nan nan nan
1.151250000000000107e+00 1.301529500000000006e+00 nan nan nan
1.153750000000000053e+00 1.293387999999999760e+00 nan nan nan
1.156250000000000000e+00 1.296027749999999923e+00 nan nan nan
1.158749999999999947e+00 1.281587500000000102e+00 nan nan nan
1.161249999999999893e+00 1.286116750000000142e+00 nan nan nan
1.163750000000000062e+00 1.271349499999999910e+00 nan nan nan
1.166250000000000009e+00 1.270275250000000078e+00 nan nan nan
1.168749999999999956e+00 1.254770500000000011e+00 nan nan nan
1.171249999999999902e+00 1.253126999999999880e+00 nan nan nan
1.173750000000000071e+00 1.247541000000000011e+00 nan nan nan
1.176250000000000018e+00 1.238360750000000232e+00 nan nan nan
1.178749999999999964e+00 1.231786500000000117e+00 nan nan nan
1.181249999999999911e+00 1.235052249999999852e+00 nan nan nan
1.183750000000000080e+00 1.218475999999999893e+00 nan nan nan
1.186250000000000027e+00 1.220393499999999909e+00 nan nan nan
1.188749999999999973e+00 1.213488750000000005e+00 nan nan nan
1.191249999999999920e+00 1.204391499999999837e+00 nan nan nan
1.193750000000000089e+00 1.203656999999999977e+00 nan nan nan
1.196250000000000036e+00 1.195410500000000154e+00 nan nan nan
1.198749999999999982e+00 1.195561499999999944e+00 nan nan nan
1.201249999999999929e+00 1.182241750000000202e+00 nan nan nan
1.203750000000000098e+00 1.185189499999999896e+00 nan nan nan
1.206250000000000044e+00 1.179451999999999945e+00 nan nan nan
1.208749999999999991e+00 1.175056749999999983e+00 nan nan nan
1.211249999999999938e+00 1.164946250000000072e+00 nan nan nan
1.213750000000000107e+00 1.161727500000000024e+00 nan nan nan
1.216250000000000053e+00 1.145481500000000041e+00 nan nan nan
1.218750000000000000e+00 1.152193250000000058e+00 nan nan nan
1.221249999999999947e+00 1.148397249999999925e+00 nan nan nan
1.223749999999999893e+00 1.143774000000000068e+00 nan nan nan
1.226250000000000062e+00 1.138459499999999958e+00 nan nan nan
1.228750000000000009e+00 1.137410749999999915e+00 nan nan nan
1.231249999999999956e+00 1.128938500000000067e+00 nan nan nan
1.233749999999999902e+00 1.125140250000000064e+00 nan nan nan
1.236250000000000071e+00 1.124442249999999976e+00 nan nan nan
1.238750000000000018e+00 1.111684250000000151e+00 nan nan nan
1.241249999999999964e+00 1.116206000000000031e+00 nan nan nan
1.243749999999999911e+00 1.105415000000000036e+00 nan nan nan
1.246250000000000080e+00 1.091303750000000017e+00 nan nan nan
1.248750000000000027e+00 1.090811749999999858e+00 nan nan nan
1.251249999999999973e+00 1.093887999999999971e+00 nan nan nan
1.253749999999999920e+00 1.091733999999999982e+00 nan nan nan
1.256250000000000089e+00 1.086003249999999865e+00 nan nan nan
1.258750000000000036e+00 1.079206249999999923e+00 nan nan nan
1.261249999999999982e+00 1.083884250000000105e+00 nan nan nan
1.263749999999999929e+00 1.073569500000000065e+00 nan nan nan
1.266250000000000098e+00 1.058589250000000037e+00 nan nan nan
1.268750000000000044e+00 1.061372500000000052e+00 nan nan nan
1.271249999999999991e+00 1.058342999999999812e+00 nan nan nan
1.273749999999999938e+00 1.059051250000000000e+00 nan nan nan
1.276250000000000107e+00 1.050105749999999949e+00 nan nan nan
1.278750000000000053e+00 1.045828499999999828e+00 nan nan nan
1.281250000000000000e+00 1.035187000000000079e+00 nan nan nan
1.283749999999999947e+00 1.039954750000000150e+00 nan nan nan
1.286249999999999893e+00 1.044619749999999847e+00 nan nan nan
1.288750000000000062e+00 1.030082749999999825e+00 nan nan nan
1.291250000000000009e+00 1.032274750000000019e+00 nan nan nan
1.293749999999999956e+00 1.030074249999999969e+00 nan nan nan
1.296249999999999902e+00 1.028015250000000158e+00 nan nan nan
1.298750000000000071e+00 1.017239749999999887e+00 nan nan nan
1.301250000000000018e+00 1.019398250000000061e+00 nan nan nan
1.303749999999999964e+00 1.015922750000000097e+00 nan nan nan
1.306249999999999911e+00 1.001884749999999880e+00 nan nan nan
1.308750000000000080e+00 1.006356249999999841e+00 nan nan nan
1.311250000000000027e+00 1.007902249999999889e+00 nan nan nan
1.313749999999999973e+00 1.005543250000000111e+00 nan nan nan
1.316249999999999920e+00 1.000626749999999898e+00 nan nan nan
1.318750000000000089e+00 9.901649999999999618e-01 nan nan nan
1.321250000000000036e+00 1.001006499999999910e+00 nan nan nan
1.323749999999999982e+00 9.866354999999999986e-01 nan nan nan
1.326249999999999929e+00 9.852867499999999890e-01 nan nan nan
1.328750000000000098e+00 9.772077500000000416e-01 nan nan nan
1.331250000000000044e+00 9.845895000000000064e-01 nan nan nan
1.333749999999999991e+00 9.772567500000000074e-01 nan nan nan
1.336249999999999938e+00 9.702920000000000433e-01 nan nan nan
1.338750000000000107e+00 9.701482499999999343e-01 nan nan nan
1.341250000000000053e+00 9.698212499999999681e-01 nan nan nan
1.343750000000000000e+00 9.625189999999999024e-01 nan nan nan
1.346249999999999947e+00 9.661560000000000148e-01 nan nan nan
1.348749999999999893e+00 9.688682499999999864e-01 nan nan nan
1.351250000000000062e+00 9.593152499999999527e-01 nan nan nan
1.353750000000000009e+00 9.623145000000000726e-01 nan nan nan
1.356249999999999956e+00 9.540005000000000290e-01 nan nan nan
1.358749999999999902e+00 9.595837499999999576e-01 nan nan nan
1.361250000000000071e+00 9.485487499999999406e-01 nan nan nan
1.363750000000000018e+00 9.523209999999999731e-01 nan nan nan
1.366249999999999964e+00 9.527727500000000571e-01 nan nan nan
1.368749999999999911e+00 9.395567499999999406e-01 nan nan nan
1.371250000000000080e+00 9.430987500000000967e-01 nan nan nan
1.373750000000000027e+00 9.439305000000000057e-01 nan nan nan
1.376249999999999973e+00 9.402192499999999509e-01 nan nan nan
1.378749999999999920e+00 9.283847499999999808e-01 nan nan nan
1.381250000000000089e+00 9.288927500000000448e-01 nan nan nan
1.383750000000000036e+00 9.307517499999999888e-01 nan nan nan
1.386249999999999982e+00 9.249662499999999898e-01 nan nan nan
1.388749999999999929e+00 9.287754999999999761e-01 nan nan nan
1.391250000000000098e+00 9.224517500000000148e-01 nan nan nan
1.393750000000000044e+00 9.208802500000000668e-01 nan nan nan
1.396249999999999991e+00 9.308575000000000044e-01 nan nan nan
1.398749999999999938e+00 9.170052499999998830e-01 nan nan nan
1.401250000000000107e+00 9.171359999999999513e-01 nan nan nan
1.403750000000000053e+00 9.077579999999999538e-01 nan nan nan
1.406250000000000000e+00 9.100629999999999553e-01 nan nan nan
1.408749999999999947e+00 9.093342500000000106e-01 nan nan nan
1.411249999999999893e+00 9.166654999999999109e-01 nan nan nan
1.413750000000000062e+00 9.175770000000000870e-01 nan nan nan
1.416250000000000009e+00 9.039917499999999828e-01 nan nan nan
1.418749999999999956e+00 9.129055000000000364e-01 nan nan nan
1.421249999999999902e+00 9.101215000000000277e-01 nan nan nan
1.423750000000000071e+00 9.043720000000000647e-01 nan nan nan
1.426250000000000018e+00 9.049232499999999568e-01 nan nan nan
1.428749999999999964e+00 9.035345000000000182e-01 nan nan nan
1.431249999999999911e+00 8.922965000000000479e-01 nan nan nan
1.433750000000000080e+00 9.041247499999999215e-01 nan nan nan
1.436250000000000027e+00 9.021049999999999347e-01 nan nan nan
1.438749999999999973e+00 8.983277499999999804e-01 nan nan nan
1.441249999999999920e+00 8.969584999999999919e-01 nan nan nan
1.443750000000000089e+00 8.948914999999999509e-01 nan nan nan
1.446250000000000036e+00 9.007975000000000287e-01 nan nan nan
1.448749999999999982e+00 8.911335000000000228e-01 nan nan nan
1.451249999999999929e+00 8.898922500000000513e-01 nan nan nan
1.453750000000000098e+00 8.891802500000000054e-01 nan nan nan
1.456250000000000044e+00 8.967872499999999247e-01 nan nan nan
1.458749999999999991e+00 8.890854999999999730e-01 nan nan nan
1.461249999999999938e+00 8.871325000000001015e-01 nan nan nan
1.463750000000000107e+00 8.882145000000000179e-01 nan nan nan
1.466250000000000053e+00 8.895502499999998758e-01 nan nan nan
1.468750000000000000e+00 8.908119999999999372e-01 nan nan nan
1.471249999999999947e+00 8.847034999999999760e-01 nan nan nan
1.473749999999999893e+00 8.894467500000000637e-01 nan nan nan
1.476250000000000062e+00 8.930147500000000793e-01 nan nan nan
1.478750000000000009e+00 8.849099999999999744e-01 nan nan nan
1.481249999999999956e+00 8.833597500000001101e-01 nan nan nan
1.483749999999999902e+00 8.824647500000000200e-01 nan nan nan
1.486250000000000071e+00 8.805347499999999217e-01 nan nan nan
1.488750000000000018e+00 8.764037499999999259e-01 nan nan nan
1.491249999999999964e+00 8.752115000000000311e-01 nan nan nan
1.493749999999999911e+00 8.807605000000000572e-01 nan nan nan
1.496250000000000080e+00 8.790834999999999066e-01 nan nan nan
1.498750000000000027e+00 8.793372500000000702e-01 nan nan nan
1.501249999999999973e+00 8.748454999999999426e-01 nan nan nan
1.503749999999999920e+00 8.764792499999999320e-01 nan nan nan
1.506250000000000089e+00 8.744272499999999892e-01 nan nan nan
1.508750000000000036e+00 8.762934999999999475e-01 nan nan nan
1.511249999999999982e+00 8.766255000000000575e-01 nan nan nan
1.513749999999999929e+00 8.755497500000000155e-01 nan nan nan
1.516250000000000098e+00 8.735637499999999722e-01 nan nan nan
1.518750000000000044e+00 8.807085000000000052e-01 nan nan nan
1.521249999999999991e+00 8.742177500000000157e-01 nan nan nan
1.523749999999999938e+00 8.784567500000000084e-01 nan nan nan
1.526250000000000107e+00 8.695905000000000440e-01 nan nan nan
1.528750000000000053e+00 8.809077499999999894e-01 nan nan nan
1.531250000000000000e+00 8.728004999999999791e-01 nan nan nan
1.533749999999999947e+00 8.720522499999999733e-01 nan nan nan
1.536249999999999893e+00 8.794389999999999707e-01 nan nan nan
1.538750000000000062e+00 8.789467499999999989e-01 nan nan nan
1.541250000000000009e+00 8.718822499999998588e-01 nan nan nan
1.543749999999999956e+00 8.728887499999999910e-01 nan nan nan
1.546249999999999902e+00 8.719295000000000240e-01 nan nan nan
1.548750000000000071e+00 8.776512499999999939e-01 nan nan nan
1.551250000000000018e+00 8.775990000000000180e-01 nan nan nan
1.553749999999999964e+00 8.755407499999999787e-01 nan nan nan
1.556249999999999911e+00 8.799357500000000165e-01 nan nan nan
1.558750000000000080e+00 8.779917499999999597e-01 nan nan nan
1.561250000000000027e+00 8.778687499999999755e-01 nan nan nan
1.563749999999999973e+00 8.767409999999999926e-01 nan nan nan
1.566249999999999920e+00 8.813299999999999468e-01 nan nan nan
1.568750000000000089e+00 8.782780000000000031e-01 nan nan nan
1.571250000000000036e+00 8.787427499999999059e-01 nan nan nan
1.573749999999999982e+00 8.805604999999999682e-01 nan nan nan
1.576249999999999929e+00 8.738802500000000251e-01 nan nan nan
1.578750000000000098e+00 8.765225000000000932e-01 nan nan nan
1.581250000000000044e+00 8.827789999999999804e-01 nan nan nan
1.583749999999999991e+00 8.759262500000000173e-01 nan nan nan
1.586249999999999938e+00 8.834632500000001443e-01 nan nan nan
1.588750000000000107e+00 8.826874999999999583e-01 nan nan nan
1.591250000000000053e+00 8.809960000000000013e-01 nan nan nan
1.593750000000000000e+00 8.780212499999999753e-01 nan nan nan
1.596249999999999947e+00 8.854404999999999637e-01 nan nan nan
1.598749999999999893e+00 8.849119999999999209e-01 nan nan nan
1.601250000000000062e+00 8.913247499999999990e-01 nan nan nan
1.603750000000000009e+00 8.836297499999999916e-01 nan nan nan
1.606249999999999956e+00 8.854764999999999997e-01 nan nan nan
1.608749999999999902e+00 8.846914999999999640e-01 nan nan nan
1.611250000000000071e+00 8.866625000000000201e-01 nan nan nan
1.613750000000000018e+00 8.876644999999999675e-01 nan nan nan
1.616249999999999964e+00 8.928670000000000773e-01 nan nan nan
1.618749999999999911e+00 8.867139999999998912e-01 nan nan nan
1.621250000000000080e+00 8.844412499999999566e-01 nan nan nan
1.623750000000000027e+00 8.972599999999999465e-01 nan nan nan
1.626249999999999973e+00 8.837224999999999664e-01 nan nan nan
1.628749999999999920e+00 8.944199999999999928e-01 nan nan nan
1.631250000000000089e+00 8.906412500000000509e-01 nan nan nan
1.633750000000000036e+00 8.941459999999999964e-01 nan nan nan
1.636249999999999982e+00 9.001897500000000107e-01 nan nan nan
1.638749999999999929e+00 8.962854999999999572e-01 nan nan nan
1.641250000000000098e+00 8.972149999999999848e-01 nan nan nan
1.643750000000000044e+00 9.045585000000000431e-01 nan nan nan
1.646249999999999991e+00 9.014852499999999047e-01 nan nan nan
1.648749999999999938e+00 9.054535000000000222e-01 nan nan nan
1.651250000000000107e+00 9.090907499999999475e-01 nan nan nan
1.653750000000000053e+00 9.110049999999999537e-01 nan nan nan
1.656250000000000000e+00 9.072255000000000180e-01 nan nan nan
1.658749999999999947e+00 9.080742499999999717e-01 nan nan nan
1.661249999999999893e+00 9.140972499999999723e-01 nan nan nan
1.663750000000000062e+00 9.102839999999999820e-01 nan nan nan
1.666250000000000009e+00 9.132332499999999964e-01 nan nan nan
1.668749999999999956e+00 9.118802499999999478e-01 nan nan nan
1.671249999999999902e+00 9.080389999999999295e-01 nan nan nan
1.673750000000000071e+00 9.179117500000000263e-01 nan nan nan
1.676250000000000018e+00 9.138522500000000326e-01 nan nan nan
1.678749999999999964e+00 9.152267499999999778e-01 nan nan nan
1.681249999999999911e+00 9.179384999999999906e-01 nan nan nan
1.683750000000000080e+00 9.134205000000000796e-01 nan nan nan
1.686250000000000027e+00 9.201047500000000268e-01 nan nan nan
1.688749999999999973e+00 9.194557500000000161e-01 nan nan nan
1.691249999999999920e+00 9.247407500000000002e-01 nan nan nan
1.693750000000000089e+00 9.298242500000000188e-01 nan nan nan
1.696250000000000036e+00 9.305102500000000942e-01 nan nan nan
1.698749999999999982e+00 9.284125000000000849e-01 nan nan nan
1.701249999999999929e+00 9.371410000000000018e-01 nan nan nan
1.703750000000000098e+00 9.341190000000000326e-01 nan nan nan
1.706250000000000044e+00 9.372142500000000265e-01 nan nan nan
1.708749999999999991e+00 9.385130000000000416e-01 nan nan nan
1.711249999999999938e+00 9.379434999999999301e-01 nan nan nan
1.713750000000000107e+00 9.368107500000000254e-01 nan nan nan
1.716250000000000053e+00 9.399542499999999912e-01 nan nan nan
1.718750000000000000e+00 9.457115000000000382e-01 nan nan nan
1.721249999999999947e+00 9.408207500000000945e-01 nan nan nan
1.723749999999999893e+00 9.451545000000000085e-01 nan nan nan
1.726250000000000062e+00 9.490107500000000140e-01 nan nan nan
1.728750000000000009e+00 9.528732500000000050e-01 nan nan nan
1.731249999999999956e+00 9.449265000000000025e-01 nan nan nan
1.733749999999999902e+00 9.516997499999999555e-01 nan nan nan
1.736250000000000071e+00 9.542647499999999949e-01 nan nan nan
1.738750000000000018e+00 9.550552500000000222e-01 nan nan nan
1.741249999999999964e+00 9.567917500000000519e-01 nan nan nan
1.743749999999999911e+00 9.598417500000000491e-01 nan nan nan
1.746250000000000080e+00 9.603164999999999063e-01 nan nan nan
1.748750000000000027e+00 9.663869999999999960e-01 nan nan nan
1.751249999999999973e+00 9.668114999999999348e-01 nan nan nan
1.753749999999999920e+00 9.698965000000000503e-01 nan nan nan
1.756250000000000089e+00 9.661377499999999063e-01 nan nan nan
1.758750000000000036e+00 9.706687499999999691e-01 nan nan nan
1.761249999999999982e+00 9.738379999999999814e-01 nan nan nan
1.763749999999999929e+00 9.724380000000000246e-01 nan nan nan
1.766250000000000098e+00 9.719495000000000218e-01 nan nan nan
1.768750000000000044e+00 9.754525000000000556e-01 nan nan nan
1.771249999999999991e+00 9.802085000000000381e-01 nan nan nan
1.773749999999999938e+00 9.781542500000000029e-01 nan nan nan
1.776250000000000107e+00 9.766830000000000789e-01 nan nan nan
1.778750000000000053e+00 9.820367500000000138e-01 nan nan nan
1.781250000000000000e+00 9.788012499999999561e-01 nan nan nan
1.783749999999999947e+00 9.851407500000000095e-01 nan nan nan
1.786249999999999893e+00 9.856927499999998954e-01 nan nan nan
1.788750000000000062e+00 9.922579999999999734e-01 nan nan nan
1.791250000000000009e+00 9.893020000000000147e-01 nan nan nan
1.793749999999999956e+00 9.901225000000000165e-01 nan nan nan
1.796249999999999902e+00 9.971212499999999590e-01 nan nan nan
1.798750000000000071e+00 9.930057499999999093e-01 nan nan nan
1.801250000000000018e+00 9.992939999999999046e-01 nan nan nan
1.803749999999999964e+00 9.951975000000000682e-01 nan nan nan
1.806249999999999911e+00 1.003950750000000003e+00 nan nan nan
1.808750000000000080e+00 1.002644749999999974e+00 nan nan nan
1.811250000000000027e+00 1.002029749999999941e+00 nan nan nan
1.813749999999999973e+00 1.002332250000000036e+00 nan nan nan
1.816249999999999920e+00 1.004749749999999775e+00 nan nan nan
1.818750000000000089e+00 1.001845000000000097e+00 nan nan nan
1.821250000000000036e+00 1.011075500000000016e+00 nan nan nan
1.823749999999999982e+00 1.010656499999999847e+00 nan nan nan
1.826249999999999929e+00 1.010645750000000120e+00 nan nan nan
1.828750000000000098e+00 1.011838500000000085e+00 nan nan nan
1.831250000000000044e+00 1.014186500000000102e+00 nan nan nan
1.833749999999999991e+00 1.006857249999999926e+00 nan nan nan
1.836249999999999938e+00 1.015590500000000063e+00 nan nan nan
1.838750000000000107e+00 1.017813749999999962e+00 nan nan nan
1.841250000000000053e+00 1.022233999999999865e+00 nan nan nan
1.843750000000000000e+00 1.020707000000000031e+00 nan nan nan
1.846249999999999947e+00 1.018290000000000139e+00 nan nan nan
1.848749999999999893e+00 1.020225000000000160e+00 nan nan nan
1.851250000000000062e+00 1.028685000000000072e+00 nan nan nan
1.853750000000000009e+00 1.025865999999999945e+00 nan nan nan
1.856249999999999956e+00 1.028353749999999955e+00 nan nan nan
1.858749999999999902e+00 1.037421249999999961e+00 nan nan nan
1.861250000000000071e+00 1.021716749999999951e+00 nan nan nan
1.863750000000000018e+00 1.027982249999999986e+00 nan nan nan
1.866249999999999964e+00 1.022838750000000019e+00 nan nan nan
1.868749999999999911e+00 1.025692749999999931e+00 nan nan nan
1.871250000000000080e+00 1.036406999999999856e+00 nan nan nan
1.873750000000000027e+00 1.035771249999999810e+00 nan nan nan
1.876249999999999973e+00 1.033644999999999925e+00 nan nan nan
1.878749999999999920e+00 1.038892750000000031e+00 nan nan nan
1.881250000000000089e+00 1.037292000000000103e+00 nan nan nan
1.883750000000000036e+00 1.039870249999999885e+00 nan nan nan
1.886249999999999982e+00 1.036856750000000105e+00 nan nan nan
1.888749999999999929e+00 1.034764000000000017e+00 nan nan nan
1.891250000000000098e+00 1.039655250000000031e+00 nan nan nan
1.893750000000000044e+00 1.040076250000000035e+00 nan nan nan
1.896249999999999991e+00 1.041013250000000001e+00 nan nan nan
1.898749999999999938e+00 1.038996749999999913e+00 nan nan nan
1.901250000000000107e+00 1.045376249999999896e+00 nan nan nan
1.903750000000000053e+00 1.046895499999999979e+00 nan nan nan
1.906250000000000000e+00 1.040345999999999993e+00 nan nan nan
1.908749999999999947e+00 1.043537750000000042e+00 nan nan nan
1.911249999999999893e+00 1.052444249999999970e+00 nan nan nan
1.913750000000000062e+00 1.044150249999999946e+00 nan nan nan
1.916250000000000009e+00 1.045046000000000141e+00 nan nan nan
1.918749999999999956e+00 1.048851749999999861e+00 nan nan nan
1.921249999999999902e+00 1.043652250000000059e+00 nan nan nan
1.923750000000000071e+00 1.049822749999999916e+00 nan nan nan
1.926250000000000018e+00 1.051708499999999935e+00 nan nan nan
1.928749999999999964e+00 1.052572749999999946e+00 nan nan nan
1.931249999999999911e+00 1.055780999999999858e+00 nan nan nan
1.933750000000000080e+00 1.053741500000000109e+00 nan nan nan
1.936250000000000027e+00 1.048758499999999927e+00 nan nan nan
1.938749999999999973e+00 1.048533000000000159e+00 nan nan nan
1.941249999999999920e+00 1.046365750000000094e+00 nan nan nan
1.943750000000000089e+00 1.050154000000000032e+00 nan nan nan
1.946250000000000036e+00 1.050470749999999898e+00 nan nan nan
1.948749999999999982e+00 1.053736499999999854e+00 nan nan nan
1.951249999999999929e+00 1.053000249999999971e+00 nan nan nan
1.953750000000000098e+00 1.056769250000000104e+00 nan nan nan
1.956250000000000044e+00 1.049617749999999905e+00 nan nan nan
1.958749999999999991e+00 1.054388499999999951e+00 nan nan nan
1.961249999999999938e+00 1.057271999999999990e+00 nan nan nan
1.963750000000000107e+00 1.050196499999999977e+00 nan nan nan
1.966250000000000053e+00 1.049582999999999933e+00 nan nan nan
1.968750000000000000e+00 1.049313500000000010e+00 nan nan nan
1.971249999999999947e+00 1.054466249999999938e+00 nan nan nan
1.973749999999999893e+00 1.050393249999999945e+00 nan nan nan
1.976250000000000062e+00 1.048461999999999783e+00 nan nan nan
1.978750000000000009e+00 1.053193749999999929e+00 nan nan nan
1.981249999999999956e+00 1.054043749999999946e+00 nan nan nan
1.983749999999999902e+00 1.051041499999999962e+00 nan nan nan
1.986250000000000071e+00 1.049775000000000125e+00 nan nan nan
1.988750000000000018e+00 1.050440749999999923e+00 nan nan nan
1.991249999999999964e+00 1.052614750000000043e+00 nan nan nan
1.993749999999999911e+00 1.050160750000000087e+00 nan nan nan
1.996250000000000080e+00 1.056098500000000051e+00 nan nan nan
1.998750000000000027e+00 1.052376250000000013e+00 nan nan nan
2.001250000000000195e+00 1.048089999999999966e+00 nan nan nan
2.003750000000000142e+00 1.052308750000000126e+00 nan nan nan
2.006250000000000089e+00 1.055089500000000013e+00 nan nan nan
2.008750000000000036e+00 1.044272000000000089e+00 nan nan nan
2.011249999999999982e+00 1.052356749999999952e+00 nan nan nan
2.013749999999999929e+00 1.048742000000000063e+00 nan nan nan
2.016249999999999876e+00 1.049067500000000042e+00 nan nan nan
2.018749999999999822e+00 1.048131750000000029e+00 nan nan nan
2.021250000000000213e+00 1.045097499999999791e+00 nan nan nan
2.023750000000000160e+00 1.047158000000000033e+00 nan nan nan
2.026250000000000107e+00 1.053967249999999911e+00 nan nan nan
2.028750000000000053e+00 1.050467250000000075e+00 nan nan nan
2.031250000000000000e+00 1.042952750000000206e+00 nan nan nan
2.033749999999999947e+00 1.049881250000000099e+00 nan nan nan
2.036249999999999893e+00 1.046354500000000076e+00 nan nan nan
2.038749999999999840e+00 1.045694000000000123e+00 nan nan nan
2.041249999999999787e+00 1.047726750000000040e+00 nan nan nan
2.043750000000000178e+00 1.048170999999999964e+00 nan nan nan
2.046250000000000124e+00 1.040995749999999997e+00 nan nan nan
2.048750000000000071e+00 1.042568750000000044e+00 nan nan nan
2.051250000000000018e+00 1.043005500000000030e+00 nan nan nan
2.053749999999999964e+00 1.047032249999999998e+00 nan nan nan
2.056249999999999911e+00 1.039420250000000046e+00 nan nan nan
2.058749999999999858e+00 1.039065000000000127e+00 nan nan nan
2.061249999999999805e+00 1.043436499999999878e+00 nan nan nan
2.063750000000000195e+00 1.043223750000000116e+00 nan nan nan
2.066250000000000142e+00 1.046590249999999944e+00 nan nan nan
2.068750000000000089e+00 1.044440999999999953e+00 nan nan nan
2.071250000000000036e+00 1.041906250000000034e+00 nan nan nan
2.073749999999999982e+00 1.045730000000000048e+00 nan nan nan
2.076249999999999929e+00 1.042195999999999900e+00 nan nan nan
2.078749999999999876e+00 1.045450250000000025e+00 nan nan nan
2.081249999999999822e+00 1.039660000000000029e+00 nan nan nan
2.083750000000000213e+00 1.039333500000000132e+00 nan nan nan
2.086250000000000160e+00 1.040503249999999991e+00 nan nan nan
2.088750000000000107e+00 1.038203500000000057e+00 nan nan nan
2.091250000000000053e+00 1.039225999999999761e+00 nan nan nan
2.093750000000000000e+00 1.039225749999999948e+00 nan nan nan
2.096249999999999947e+00 1.038846249999999971e+00 nan nan nan
2.098749999999999893e+00 1.034315749999999978e+00 nan nan nan
2.101249999999999840e+00 1.038652499999999979e+00 nan nan nan
2.103749999999999787e+00 1.037787250000000050e+00 nan nan nan
2.106250000000000178e+00 1.032731000000000066e+00 nan nan nan
2.108750000000000124e+00 1.033772250000000170e+00 nan nan nan
2.111250000000000071e+00 1.031739000000000184e+00 nan nan nan
2.113750000000000018e+00 1.038349499999999814e+00 nan nan nan
2.116249999999999964e+00 1.033832499999999932e+00 nan nan nan
2.118749999999999911e+00 1.036414249999999981e+00 nan nan nan
2.121249999999999858e+00 1.033647750000000087e+00 nan nan nan
2.123749999999999805e+00 1.034591750000000143e+00 nan nan nan
2.126250000000000195e+00 1.034972499999999851e+00 nan nan nan
2.128750000000000142e+00 1.027766249999999992e+00 nan nan nan
2.131250000000000089e+00 1.029120999999999952e+00 nan nan nan
2.133750000000000036e+00 1.025447749999999880e+00 nan nan nan
2.136249999999999982e+00 1.030418000000000056e+00 nan nan nan
2.138749999999999929e+00 1.030491749999999929e+00 nan nan nan
2.141249999999999876e+00 1.028440249999999834e+00 nan nan nan
2.143749999999999822e+00 1.026534000000000058e+00 nan nan nan
2.146250000000000213e+00 1.029609250000000031e+00 nan nan nan
2.148750000000000160e+00 1.021989749999999919e+00 nan nan nan
2.151250000000000107e+00 1.023036000000000056e+00 nan nan nan
2.153750000000000053e+00 1.030941499999999955e+00 nan nan nan
2.156250000000000000e+00 1.021469249999999995e+00 nan nan nan
2.158749999999999947e+00 1.025945999999999803e+00 nan nan nan
2.161249999999999893e+00 1.017966499999999996e+00 nan nan nan
2.163749999999999840e+00 1.020897999999999861e+00 nan nan nan
2.166249999999999787e+00 1.024212750000000005e+00 nan nan nan
2.168750000000000178e+00 1.021487750000000139e+00 nan nan nan
2.171250000000000124e+00 1.019561500000000009e+00 nan nan nan
2.173750000000000071e+00 1.016369999999999996e+00 nan nan nan
2.176250000000000018e+00 1.016579999999999817e+00 nan nan nan
2.178749999999999964e+00 1.019484999999999975e+00 nan nan nan
2.181249999999999911e+00 1.018979749999999962e+00 nan nan nan
2.183749999999999858e+00 1.019174250000000059e+00 nan nan nan
2.186249999999999805e+00 1.022171499999999789e+00 nan nan nan
2.188750000000000195e+00 1.017728250000000223e+00 nan nan nan
2.191250000000000142e+00 1.017055749999999925e+00 nan nan nan
2.193750000000000089e+00 1.013899749999999989e+00 nan nan nan
2.196250000000000036e+00 1.016232750000000129e+00 nan nan nan
2.198749999999999982e+00 1.013751749999999952e+00 nan nan nan
2.201249999999999929e+00 1.008504999999999985e+00 nan nan nan
2.203749999999999876e+00 1.012200500000000059e+00 nan nan nan
2.206249999999999822e+00 1.017757249999999836e+00 nan nan nan
2.208750000000000213e+00 1.016620999999999775e+00 nan nan nan
2.211250000000000160e+00 1.014934500000000073e+00 nan nan nan
2.213750000000000107e+00 1.018403249999999982e+00 nan nan nan
2.216250000000000053e+00 1.013026500000000052e+00 nan nan nan
2.218750000000000000e+00 1.016395000000000159e+00 nan nan nan
2.221249999999999947e+00 1.013316000000000106e+00 nan nan nan
2.223749999999999893e+00 1.007182000000000022e+00 nan nan nan
2.226249999999999840e+00 1.014137749999999949e+00 nan nan nan
2.228749999999999787e+00 1.010532749999999869e+00 nan nan nan
2.231250000000000178e+00 1.007988749999999989e+00 nan nan nan
2.233750000000000124e+00 1.008466499999999932e+00 nan nan nan
2.236250000000000071e+00 1.009607499999999991e+00 nan nan nan
2.238750000000000018e+00 1.004873999999999823e+00 nan nan nan
2.241249999999999964e+00 1.004069749999999983e+00 nan nan nan
2.243749999999999911e+00 1.006745749999999884e+00 nan nan nan
2.246249999999999858e+00 1.004858999999999947e+00 nan nan nan
2.248749999999999805e+00 1.008201499999999973e+00 nan nan nan
2.251250000000000195e+00 1.004006500000000024e+00 nan nan nan
2.253750000000000142e+00 1.001630250000000055e+00 nan nan nan
2.256250000000000089e+00 1.001903500000000058e+00 nan nan nan
2.258750000000000036e+00 1.009661499999999990e+00 nan nan nan
2.261249999999999982e+00 1.003463999999999912e+00 nan nan nan
2.263749999999999929e+00 1.003431999999999880e+00 nan nan nan
2.266249999999999876e+00 9.997654999999999736e-01 nan nan nan
2.268749999999999822e+00 1.002515750000000150e+00 nan nan nan
2.271250000000000213e+00 1.003354000000000079e+00 nan nan nan
2.273750000000000160e+00 1.000122249999999990e+00 nan nan nan
2.276250000000000107e+00 9.967487500000000722e-01 nan nan nan
2.278750000000000053e+00 9.985600000000000032e-01 nan nan nan
2.281250000000000000e+00 9.968612499999999210e-01 nan nan nan
2.283749999999999947e+00 1.001378250000000136e+00 nan nan nan
2.286249999999999893e+00 1.000259500000000079e+00 nan nan nan
2.288749999999999840e+00 9.974750000000001116e-01 nan nan nan
2.291249999999999787e+00 9.977092499999998809e-01 nan nan nan
2.293750000000000178e+00 9.995712500000000222e-01 nan nan nan
2.296250000000000124e+00 9.966242499999999893e-01 nan nan nan
2.298750000000000071e+00 9.968700000000000339e-01 nan nan nan
2.301250000000000018e+00 9.971482499999999582e-01 nan nan nan
2.303749999999999964e+00 9.986390000000000544e-01 nan nan nan
2.306249999999999911e+00 9.949092499999999673e-01 nan nan nan
2.308749999999999858e+00 9.919922500000000198e-01 nan nan nan
2.311249999999999805e+00 9.968155000000000765e-01 nan nan nan
2.313750000000000195e+00 9.929822499999999552e-01 nan nan nan
2.316250000000000142e+00 9.972267500000000506e-01 nan nan nan
2.318750000000000089e+00 9.963249999999999051e-01 nan nan nan
2.321250000000000036e+00 9.957314999999999916e-01 nan nan nan
2.323749999999999982e+00 9.957387499999998948e-01 nan nan nan
2.326249999999999929e+00 9.975469999999999615e-01 nan nan nan
2.328749999999999876e+00 9.920889999999999986e-01 nan nan nan
2.331249999999999822e+00 9.907402499999999890e-01 nan nan nan
2.333750000000000213e+00 9.922720000000000429e-01 nan nan nan
2.336250000000000160e+00 9.932362500000000427e-01 nan nan nan
2.338750000000000107e+00 9.934324999999999406e-01 nan nan nan
2.341250000000000053e+00 9.913530000000000397e-01 nan nan nan
2.343750000000000000e+00 9.895517499999999522e-01 nan nan nan
2.346249999999999947e+00 9.900137499999999147e-01 nan nan nan
2.348749999999999893e+00 9.863227500000000258e-01 nan nan nan
2.351249999999999840e+00 9.879634999999999945e-01 nan nan nan
2.353749999999999787e+00 9.877077499999999954e-01 nan nan nan
2.356250000000000178e+00 9.900045000000000650e-01 nan nan nan
2.358750000000000124e+00 9.869472499999999426e-01 nan nan nan
2.361250000000000071e+00 9.846984999999999211e-01 nan nan nan
2.363750000000000018e+00 9.866677499999999545e-01 nan nan nan
2.366249999999999964e+00 9.845212500000000144e-01 nan nan nan
2.368749999999999911e+00 9.886532500000000390e-01 nan nan nan
2.371249999999999858e+00 9.872875000000000956e-01 nan nan nan
2.373749999999999805e+00 9.909462499999999174e-01 nan nan nan
2.376250000000000195e+00 9.864245000000000374e-01 nan nan nan
2.378750000000000142e+00 9.876500000000000279e-01 nan nan nan
2.381250000000000089e+00 9.859137500000000331e-01 nan nan nan
2.383750000000000036e+00 9.914939999999999864e-01 nan nan nan
2.386249999999999982e+00 9.909915000000000251e-01 nan nan nan
2.388749999999999929e+00 9.856150000000000189e-01 nan nan nan
2.391249999999999876e+00 9.851509999999999989e-01 nan nan nan
2.393749999999999822e+00 9.842090000000001115e-01 nan nan nan
2.396250000000000213e+00 9.916282499999999889e-01 nan nan nan
2.398750000000000160e+00 9.861152499999999987e-01 nan nan nan
2.401250000000000107e+00 9.831477499999999869e-01 nan nan nan
2.403750000000000053e+00 9.853180000000000271e-01 nan nan nan
2.406250000000000000e+00 9.862577500000000441e-01 nan nan nan
2.408749999999999947e+00 9.884524999999999562e-01 nan nan nan
2.411249999999999893e+00 9.828557500000000280e-01 nan nan nan
2.413749999999999840e+00 9.846942499999999932e-01 nan nan nan
2.416249999999999787e+00 9.813724999999999810e-01 nan nan nan
2.418750000000000178e+00 9.845557499999999518e-01 nan nan nan
2.421250000000000124e+00 9.860590000000000188e-01 nan nan nan
2.423750000000000071e+00 9.859845000000000415e-01 nan nan nan
2.426250000000000018e+00 9.856007500000000254e-01 nan nan nan
2.428749999999999964e+00 9.843054999999999444e-01 nan nan nan
2.431249999999999911e+00 9.847559999999999647e-01 nan nan nan
2.433749999999999858e+00 9.834529999999999106e-01 nan nan nan
2.436249999999999805e+00 9.801447500000000090e-01 nan nan nan
2.438750000000000195e+00 9.865597499999999576e-01 nan nan nan
2.441250000000000142e+00 9.882039999999999713e-01 nan nan nan
2.443750000000000089e+00 9.854382500000000711e-01 nan nan nan
2.446250000000000036e+00 9.849762499999999976e-01 nan nan nan
2.448749999999999982e+00 9.836072500000000440e-01 nan nan nan
2.451249999999999929e+00 9.863999999999999435e-01 nan nan nan
2.453749999999999876e+00 9.853467500000000490e-01 nan nan nan
2.456249999999999822e+00 9.848752500000000909e-01 nan nan nan
2.458750000000000213e+00 9.843509999999999760e-01 nan nan nan
2.461250000000000160e+00 9.867917500000000786e-01 nan nan nan
2.463750000000000107e+00 9.907282500000000880e-01 nan nan nan
2.466250000000000053e+00 9.835154999999999870e-01 nan nan nan
2.468750000000000000e+00 9.837309999999999111e-01 nan nan nan
2.471249999999999947e+00 9.851299999999999502e-01 nan nan nan
2.473749999999999893e+00 9.846927499999998945e-01 nan nan nan
2.476249999999999840e+00 9.847482499999999916e-01 nan nan nan
2.478749999999999787e+00 9.858877499999999516e-01 nan nan nan
2.481250000000000178e+00 9.853217499999999962e-01 nan nan nan
2.483750000000000124e+00 9.855702500000000921e-01 nan nan nan
2.486250000000000071e+00 9.846897499999999193e-01 nan nan nan
2.488750000000000018e+00 9.827279999999999349e-01 nan nan nan
2.491249999999999964e+00 9.874350000000000627e-01 nan nan nan
2.493749999999999911e+00 9.843929999999999625e-01 nan nan nan
2.496249999999999858e+00 9.812847499999999279e-01 nan nan nan
2.498749999999999805e+00 9.814604999999999579e-01 nan nan nan
