1.250000000000000026e-03 0.000000000000000000e+00 nan nan nan
3.749999999999999861e-03 0.000000000000000000e+00 nan nan nan
6.250000000000000347e-03 0.000000000000000000e+00 nan nan nan
8.750000000000000833e-03 0.000000000000000000e+00 nan nan nan
1.124999999999999958e-02 0.000000000000000000e+00 nan nan nan
1.375000000000000007e-02 0.000000000000000000e+00 nan nan nan
1.625000000000000056e-02 0.000000000000000000e+00 nan nan nan
1.874999999999999931e-02 0.000000000000000000e+00 nan nan nan
2.125000000000000153e-02 0.000000000000000000e+00 nan nan nan
2.375000000000000028e-02 0.000000000000000000e+00 nan nan nan
2.624999999999999903e-02 0.000000000000000000e+00 nan nan nan
2.875000000000000125e-02 0.000000000000000000e+00 nan nan nan
3.125000000000000000e-02 0.000000000000000000e+00 nan nan nan
3.375000000000000222e-02 0.000000000000000000e+00 nan nan nan
3.624999999999999750e-02 0.000000000000000000e+00 nan nan nan
3.874999999999999972e-02 0.000000000000000000e+00 nan nan nan
4.125000000000000194e-02 0.000000000000000000e+00 nan nan nan
4.374999999999999722e-02 0.000000000000000000e+00 nan nan nan
4.624999999999999944e-02 0.000000000000000000e+00 nan nan nan
4.875000000000000167e-02 0.000000000000000000e+00 nan nan nan
5.124999999999999695e-02 0.000000000000000000e+00 nan nan nan
5.374999999999999917e-02 0.000000000000000000e+00 nan nan nan
5.625000000000000139e-02 0.000000000000000000e+00 nan nan nan
5.874999999999999667e-02 0.000000000000000000e+00 nan nan nan
6.124999999999999889e-02 0.000000000000000000e+00 nan nan nan
6.375000000000000111e-02 0.000000000000000000e+00 nan nan nan
6.625000000000000333e-02 0.000000000000000000e+00 nan nan nan
6.875000000000000555e-02 0.000000000000000000e+00 nan nan nan
7.124999999999999389e-02 0.000000000000000000e+00 nan nan nan
7.374999999999999611e-02 0.000000000000000000e+00 nan nan nan
7.624999999999999833e-02 0.000000000000000000e+00 nan nan nan
7.875000000000000056e-02 0.000000000000000000e+00 nan nan nan
8.125000000000000278e-02 0.000000000000000000e+00 nan nan nan
8.375000000000000500e-02 0.000000000000000000e+00 nan nan nan
8.624999999999999334e-02 0.000000000000000000e+00 nan nan nan
8.874999999999999556e-02 0.000000000000000000e+00 nan nan nan
9.124999999999999778e-02 0.000000000000000000e+00 nan nan nan
9.375000000000000000e-02 0.000000000000000000e+00 nan nan nan
9.625000000000000222e-02 0.000000000000000000e+00 nan nan nan
9.875000000000000444e-02 0.000000000000000000e+00 nan nan nan
1.012500000000000067e-01 0.000000000000000000e+00 nan nan nan
1.037499999999999950e-01 0.000000000000000000e+00 nan nan nan
1.062499999999999972e-01 0.000000000000000000e+00 nan nan nan
1.087499999999999994e-01 0.000000000000000000e+00 nan nan nan
1.112500000000000017e-01 0.000000000000000000e+00 nan nan nan
1.137500000000000039e-01 0.000000000000000000e+00 nan nan nan
1.162500000000000061e-01 0.000000000000000000e+00 nan nan nan
1.187499999999999944e-01 0.000000000000000000e+00 nan nan nan
1.212499999999999967e-01 0.000000000000000000e+00 nan nan nan
1.237499999999999989e-01 0.000000000000000000e+00 nan nan nan
1.262500000000000011e-01 0.000000000000000000e+00 nan nan nan
1.287500000000000033e-01 0.000000000000000000e+00 nan nan nan
1.312500000000000056e-01 0.000000000000000000e+00 nan nan nan
1.337500000000000078e-01 0.000000000000000000e+00 nan nan nan
1.362500000000000100e-01 0.000000000000000000e+00 nan nan nan
1.387500000000000122e-01 0.000000000000000000e+00 nan nan nan
1.412499999999999867e-01 0.000000000000000000e+00 nan nan nan
1.437499999999999889e-01 0.000000000000000000e+00 nan nan nan
1.462499999999999911e-01 0.000000000000000000e+00 nan nan nan
1.487499999999999933e-01 0.000000000000000000e+00 nan nan nan
1.512499999999999956e-01 0.000000000000000000e+00 nan nan nan
1.537499999999999978e-01 0.000000000000000000e+00 nan nan nan
1.562500000000000000e-01 0.000000000000000000e+00 nan nan nan
1.587500000000000022e-01 0.000000000000000000e+00 nan nan nan
1.612500000000000044e-01 0.000000000000000000e+00 nan nan nan
1.637500000000000067e-01 0.000000000000000000e+00 nan nan nan
1.662500000000000089e-01 0.000000000000000000e+00 nan nan nan
1.687500000000000111e-01 0.000000000000000000e+00 nan nan nan
1.712500000000000133e-01 0.000000000000000000e+00 nan nan nan
1.737499999999999878e-01 0.000000000000000000e+00 nan nan nan
1.762499999999999900e-01 0.000000000000000000e+00 nan nan nan
1.787499999999999922e-01 0.000000000000000000e+00 nan nan nan
1.812499999999999944e-01 0.000000000000000000e+00 nan nan nan
1.837499999999999967e-01 0.000000000000000000e+00 nan nan nan
1.862499999999999989e-01 0.000000000000000000e+00 nan nan nan
1.887500000000000011e-01 0.000000000000000000e+00 nan nan nan
1.912500000000000033e-01 0.000000000000000000e+00 nan nan nan
1.937500000000000056e-01 0.000000000000000000e+00 nan nan nan
1.962500000000000078e-01 0.000000000000000000e+00 nan nan nan
1.987500000000000100e-01 0.000000000000000000e+00 nan nan nan
2.012500000000000122e-01 0.000000000000000000e+00 nan nan nan
2.037499999999999867e-01 0.000000000000000000e+00 nan nan nan
2.062499999999999889e-01 0.000000000000000000e+00 nan nan nan
2.087499999999999911e-01 0.000000000000000000e+00 nan nan nan
2.112499999999999933e-01 0.000000000000000000e+00 nan nan nan
2.137499999999999956e-01 0.000000000000000000e+00 nan nan nan
2.162499999999999978e-01 0.000000000000000000e+00 nan nan nan
2.187500000000000000e-01 0.000000000000000000e+00 nan nan nan
2.212500000000000022e-01 0.000000000000000000e+00 nan nan nan
2.237500000000000044e-01 0.000000000000000000e+00 nan nan nan
2.262500000000000067e-01 0.000000000000000000e+00 nan nan nan
2.287500000000000089e-01 0.000000000000000000e+00 nan nan nan
2.312500000000000111e-01 0.000000000000000000e+00 nan nan nan
2.337500000000000133e-01 0.000000000000000000e+00 nan nan nan
2.362499999999999878e-01 0.000000000000000000e+00 nan nan nan
2.387499999999999900e-01 0.000000000000000000e+00 nan nan nan
2.412499999999999922e-01 0.000000000000000000e+00 nan nan nan
2.437499999999999944e-01 0.000000000000000000e+00 nan nan nan
2.462499999999999967e-01 0.000000000000000000e+00 nan nan nan
2.487499999999999989e-01 0.000000000000000000e+00 nan nan nan
2.512499999999999734e-01 0.000000000000000000e+00 nan nan nan
2.537499999999999756e-01 0.000000000000000000e+00 nan nan nan
2.562499999999999778e-01 0.000000000000000000e+00 nan nan nan
2.587499999999999800e-01 0.000000000000000000e+00 nan nan nan
2.612499999999999822e-01 0.000000000000000000e+00 nan nan nan
2.637499999999999845e-01 0.000000000000000000e+00 nan nan nan
2.662499999999999867e-01 0.000000000000000000e+00 nan nan nan
2.687499999999999889e-01 0.000000000000000000e+00 nan nan nan
2.712499999999999911e-01 0.000000000000000000e+00 nan nan nan
2.737499999999999933e-01 0.000000000000000000e+00 nan nan nan
2.762499999999999956e-01 0.000000000000000000e+00 nan nan nan
2.787499999999999978e-01 0.000000000000000000e+00 nan nan nan
2.812500000000000000e-01 0.000000000000000000e+00 nan nan nan
2.837500000000000022e-01 0.000000000000000000e+00 nan nan nan
2.862500000000000044e-01 0.000000000000000000e+00 nan nan nan
2.887500000000000067e-01 0.000000000000000000e+00 nan nan nan
2.912500000000000089e-01 0.000000000000000000e+00 nan nan nan
2.937500000000000111e-01 0.000000000000000000e+00 nan nan nan
2.962500000000000133e-01 0.000000000000000000e+00 nan nan nan
2.987500000000000155e-01 0.000000000000000000e+00 nan nan nan
3.012500000000000178e-01 0.000000000000000000e+00 nan nan nan
3.037500000000000200e-01 0.000000000000000000e+00 nan nan nan
3.062500000000000222e-01 0.000000000000000000e+00 nan nan nan
3.087500000000000244e-01 0.000000000000000000e+00 nan nan nan
3.112500000000000266e-01 0.000000000000000000e+00 nan nan nan
3.137499999999999734e-01 0.000000000000000000e+00 nan nan nan
3.162499999999999756e-01 0.000000000000000000e+00 nan nan nan
3.187499999999999778e-01 0.000000000000000000e+00 nan nan nan
3.212499999999999800e-01 0.000000000000000000e+00 nan nan nan
3.237499999999999822e-01 0.000000000000000000e+00 nan nan nan
3.262499999999999845e-01 0.000000000000000000e+00 nan nan nan
3.287499999999999867e-01 0.000000000000000000e+00 nan nan nan
3.312499999999999889e-01 0.000000000000000000e+00 nan nan nan
3.337499999999999911e-01 0.000000000000000000e+00 nan nan nan
3.362499999999999933e-01 0.000000000000000000e+00 nan nan nan
3.387499999999999956e-01 0.000000000000000000e+00 nan nan nan
3.412499999999999978e-01 0.000000000000000000e+00 nan nan nan
3.437500000000000000e-01 0.000000000000000000e+00 nan nan nan
3.462500000000000022e-01 0.000000000000000000e+00 nan nan nan
3.487500000000000044e-01 0.000000000000000000e+00 nan nan nan
3.512500000000000067e-01 0.000000000000000000e+00 nan nan nan
3.537500000000000089e-01 0.000000000000000000e+00 nan nan nan
3.562500000000000111e-01 0.000000000000000000e+00 nan nan nan
3.587500000000000133e-01 0.000000000000000000e+00 nan nan nan
3.612500000000000155e-01 0.000000000000000000e+00 nan nan nan
3.637500000000000178e-01 0.000000000000000000e+00 nan nan nan
3.662500000000000200e-01 0.000000000000000000e+00 nan nan nan
3.687500000000000222e-01 0.000000000000000000e+00 nan nan nan
3.712500000000000244e-01 0.000000000000000000e+00 nan nan nan
3.737500000000000266e-01 0.000000000000000000e+00 nan nan nan
3.762499999999999734e-01 0.000000000000000000e+00 nan nan nan
3.787499999999999756e-01 0.000000000000000000e+00 nan nan nan
3.812499999999999778e-01 0.000000000000000000e+00 nan nan nan
3.837499999999999800e-01 0.000000000000000000e+00 nan nan nan
3.862499999999999822e-01 0.000000000000000000e+00 nan nan nan
3.887499999999999845e-01 0.000000000000000000e+00 nan nan nan
3.912499999999999867e-01 0.000000000000000000e+00 nan nan nan
3.937499999999999889e-01 0.000000000000000000e+00 nan nan nan
3.962499999999999911e-01 0.000000000000000000e+00 nan nan nan
3.987499999999999933e-01 0.000000000000000000e+00 nan nan nan
4.012499999999999956e-01 0.000000000000000000e+00 nan nan nan
4.037499999999999978e-01 0.000000000000000000e+00 nan nan nan
4.062500000000000000e-01 0.000000000000000000e+00 nan nan nan
4.087500000000000022e-01 0.000000000000000000e+00 nan nan nan
4.112500000000000044e-01 0.000000000000000000e+00 nan nan nan
4.137500000000000067e-01 0.000000000000000000e+00 nan nan nan
4.162500000000000089e-01 0.000000000000000000e+00 nan nan nan
4.187500000000000111e-01 0.000000000000000000e+00 nan nan nan
4.212500000000000133e-01 0.000000000000000000e+00 nan nan nan
4.237500000000000155e-01 0.000000000000000000e+00 nan nan nan
4.262500000000000178e-01 0.000000000000000000e+00 nan nan nan
4.287500000000000200e-01 0.000000000000000000e+00 nan nan nan
4.312500000000000222e-01 0.000000000000000000e+00 nan nan nan
4.337500000000000244e-01 0.000000000000000000e+00 nan nan nan
4.362500000000000266e-01 0.000000000000000000e+00 nan nan nan
4.387499999999999734e-01 0.000000000000000000e+00 nan nan nan
4.412499999999999756e-01 0.000000000000000000e+00 nan nan nan
4.437499999999999778e-01 0.000000000000000000e+00 nan nan nan
4.462499999999999800e-01 0.000000000000000000e+00 nan nan nan
4.487499999999999822e-01 0.000000000000000000e+00 nan nan nan
4.512499999999999845e-01 0.000000000000000000e+00 nan nan nan
4.537499999999999867e-01 0.000000000000000000e+00 nan nan nan
4.562499999999999889e-01 0.000000000000000000e+00 nan nan nan
4.587499999999999911e-01 0.000000000000000000e+00 nan nan nan
4.612499999999999933e-01 0.000000000000000000e+00 nan nan nan
4.637499999999999956e-01 0.000000000000000000e+00 nan nan nan
4.662499999999999978e-01 0.000000000000000000e+00 nan nan nan
4.687500000000000000e-01 0.000000000000000000e+00 nan nan nan
4.712500000000000022e-01 0.000000000000000000e+00 nan nan nan
4.737500000000000044e-01 0.000000000000000000e+00 nan nan nan
4.762500000000000067e-01 0.000000000000000000e+00 nan nan nan
4.787500000000000089e-01 0.000000000000000000e+00 nan nan nan
4.812500000000000111e-01 0.000000000000000000e+00 nan nan nan
4.837500000000000133e-01 0.000000000000000000e+00 nan nan nan
4.862500000000000155e-01 0.000000000000000000e+00 nan nan nan
4.887500000000000178e-01 0.000000000000000000e+00 nan nan nan
4.912500000000000200e-01 0.000000000000000000e+00 nan nan nan
4.937500000000000222e-01 0.000000000000000000e+00 nan nan nan
4.962500000000000244e-01 0.000000000000000000e+00 nan nan nan
4.987500000000000266e-01 0.000000000000000000e+00 nan nan nan
5.012499999999999734e-01 0.000000000000000000e+00 nan nan nan
5.037500000000000311e-01 0.000000000000000000e+00 nan nan nan
5.062499999999999778e-01 0.000000000000000000e+00 nan nan nan
5.087500000000000355e-01 0.000000000000000000e+00 nan nan nan
5.112499999999999822e-01 0.000000000000000000e+00 nan nan nan
5.137500000000000400e-01 0.000000000000000000e+00 nan nan nan
5.162499999999999867e-01 0.000000000000000000e+00 nan nan nan
5.187500000000000444e-01 0.000000000000000000e+00 nan nan nan
5.212499999999999911e-01 0.000000000000000000e+00 nan nan nan
5.237500000000000488e-01 0.000000000000000000e+00 nan nan nan
5.262499999999999956e-01 0.000000000000000000e+00 nan nan nan
5.287500000000000533e-01 0.000000000000000000e+00 nan nan nan
5.312500000000000000e-01 0.000000000000000000e+00 nan nan nan
5.337499999999999467e-01 0.000000000000000000e+00 nan nan nan
5.362500000000000044e-01 0.000000000000000000e+00 nan nan nan
5.387499999999999512e-01 0.000000000000000000e+00 nan nan nan
5.412500000000000089e-01 0.000000000000000000e+00 nan nan nan
5.437499999999999556e-01 0.000000000000000000e+00 nan nan nan
5.462500000000000133e-01 0.000000000000000000e+00 nan nan nan
5.487499999999999600e-01 0.000000000000000000e+00 nan nan nan
5.512500000000000178e-01 0.000000000000000000e+00 nan nan nan
5.537499999999999645e-01 0.000000000000000000e+00 nan nan nan
5.562500000000000222e-01 0.000000000000000000e+00 nan nan nan
5.587499999999999689e-01 0.000000000000000000e+00 nan nan nan
5.612500000000000266e-01 0.000000000000000000e+00 nan nan nan
5.637499999999999734e-01 0.000000000000000000e+00 nan nan nan
5.662500000000000311e-01 0.000000000000000000e+00 nan nan nan
5.687499999999999778e-01 0.000000000000000000e+00 nan nan nan
5.712500000000000355e-01 0.000000000000000000e+00 nan nan nan
5.737499999999999822e-01 0.000000000000000000e+00 nan nan nan
5.762500000000000400e-01 0.000000000000000000e+00 nan nan nan
5.787499999999999867e-01 0.000000000000000000e+00 nan nan nan
5.812500000000000444e-01 0.000000000000000000e+00 nan nan nan
5.837499999999999911e-01 0.000000000000000000e+00 nan nan nan
5.862500000000000488e-01 0.000000000000000000e+00 nan nan nan
5.887499999999999956e-01 0.000000000000000000e+00 nan nan nan
5.912500000000000533e-01 0.000000000000000000e+00 nan nan nan
5.937500000000000000e-01 0.000000000000000000e+00 nan nan nan
5.962499999999999467e-01 0.000000000000000000e+00 nan nan nan
5.987500000000000044e-01 0.000000000000000000e+00 nan nan nan
6.012499999999999512e-01 0.000000000000000000e+00 nan nan nan
6.037500000000000089e-01 0.000000000000000000e+00 nan nan nan
6.062499999999999556e-01 0.000000000000000000e+00 nan nan nan
6.087500000000000133e-01 0.000000000000000000e+00 nan nan nan
6.112499999999999600e-01 0.000000000000000000e+00 nan nan nan
6.137500000000000178e-01 0.000000000000000000e+00 nan nan nan
6.162499999999999645e-01 0.000000000000000000e+00 nan nan nan
6.187500000000000222e-01 0.000000000000000000e+00 nan nan nan
6.212499999999999689e-01 0.000000000000000000e+00 nan nan nan
6.237500000000000266e-01 0.000000000000000000e+00 nan nan nan
6.262499999999999734e-01 0.000000000000000000e+00 nan nan nan
6.287500000000000311e-01 0.000000000000000000e+00 nan nan nan
6.312499999999999778e-01 0.000000000000000000e+00 nan nan nan
6.337500000000000355e-01 0.000000000000000000e+00 nan nan nan
6.362499999999999822e-01 0.000000000000000000e+00 nan nan nan
6.387500000000000400e-01 0.000000000000000000e+00 nan nan nan
6.412499999999999867e-01 0.000000000000000000e+00 nan nan nan
6.437500000000000444e-01 0.000000000000000000e+00 nan nan nan
6.462499999999999911e-01 0.000000000000000000e+00 nan nan nan
6.487500000000000488e-01 0.000000000000000000e+00 nan nan nan
6.512499999999999956e-01 0.000000000000000000e+00 nan nan nan
6.537500000000000533e-01 0.000000000000000000e+00 nan nan nan
6.562500000000000000e-01 0.000000000000000000e+00 nan nan nan
6.587499999999999467e-01 0.000000000000000000e+00 nan nan nan
6.612500000000000044e-01 0.000000000000000000e+00 nan nan nan
6.637499999999999512e-01 0.000000000000000000e+00 nan nan nan
6.662500000000000089e-01 0.000000000000000000e+00 nan nan nan
6.687499999999999556e-01 0.000000000000000000e+00 nan nan nan
6.712500000000000133e-01 0.000000000000000000e+00 nan nan nan
6.737499999999999600e-01 0.000000000000000000e+00 nan nan nan
6.762500000000000178e-01 0.000000000000000000e+00 nan nan nan
6.787499999999999645e-01 0.000000000000000000e+00 nan nan nan
6.812500000000000222e-01 0.000000000000000000e+00 nan nan nan
6.837499999999999689e-01 0.000000000000000000e+00 nan nan nan
6.862500000000000266e-01 0.000000000000000000e+00 nan nan nan
6.887499999999999734e-01 0.000000000000000000e+00 nan nan nan
6.912500000000000311e-01 0.000000000000000000e+00 nan nan nan
6.937499999999999778e-01 0.000000000000000000e+00 nan nan nan
6.962500000000000355e-01 0.000000000000000000e+00 nan nan nan
6.987499999999999822e-01 0.000000000000000000e+00 nan nan nan
7.012500000000000400e-01 0.000000000000000000e+00 nan nan nan
7.037499999999999867e-01 0.000000000000000000e+00 nan nan nan
7.062500000000000444e-01 0.000000000000000000e+00 nan nan nan
7.087499999999999911e-01 0.000000000000000000e+00 nan nan nan
7.112500000000000488e-01 0.000000000000000000e+00 nan nan nan
7.137499999999999956e-01 0.000000000000000000e+00 nan nan nan
7.162500000000000533e-01 0.000000000000000000e+00 nan nan nan
7.187500000000000000e-01 0.000000000000000000e+00 nan nan nan
7.212499999999999467e-01 0.000000000000000000e+00 nan nan nan
7.237500000000000044e-01 0.000000000000000000e+00 nan nan nan
7.262499999999999512e-01 0.000000000000000000e+00 nan nan nan
7.287500000000000089e-01 0.000000000000000000e+00 nan nan nan
7.312499999999999556e-01 0.000000000000000000e+00 nan nan nan
7.337500000000000133e-01 0.000000000000000000e+00 nan nan nan
7.362499999999999600e-01 0.000000000000000000e+00 nan nan nan
7.387500000000000178e-01 0.000000000000000000e+00 nan nan nan
7.412499999999999645e-01 0.000000000000000000e+00 nan nan nan
7.437500000000000222e-01 5.750000000000000174e-05 nan nan nan
7.462499999999999689e-01 5.700000000000000314e-05 nan nan nan
7.487500000000000266e-01 1.702499999999999912e-04 nan nan nan
7.512499999999999734e-01 1.687500000000000089e-04 nan nan nan
7.537500000000000311e-01 5.599999999999999916e-05 nan nan nan
7.562499999999999778e-01 3.892499999999999476e-04 nan nan nan
7.587500000000000355e-01 7.177499999999999635e-04 nan nan nan
7.612499999999999822e-01 9.325000000000000606e-04 nan nan nan
7.637500000000000400e-01 8.174999999999999758e-04 nan nan nan
7.662499999999999867e-01 1.028500000000000117e-03 nan nan nan
7.687500000000000444e-01 2.474249999999999887e-03 nan nan nan
7.712499999999999911e-01 2.992499999999999934e-03 nan nan nan
7.737500000000000488e-01 4.035250000000000642e-03 nan nan nan
7.762499999999999956e-01 5.063999999999999925e-03 nan nan nan
7.787500000000000533e-01 6.656749999999999473e-03 nan nan nan
7.812500000000000000e-01 8.176249999999999490e-03 nan nan nan
7.837499999999999467e-01 1.071224999999999955e-02 nan nan nan
7.862500000000000044e-01 1.357449999999999976e-02 nan nan nan
7.887499999999999512e-01 1.803649999999999698e-02 nan nan nan
7.912500000000000089e-01 2.167974999999999763e-02 nan nan nan
7.937499999999999556e-01 2.724425000000000111e-02 nan nan nan
7.962500000000000133e-01 3.374150000000000066e-02 nan nan nan
7.987499999999999600e-01 3.876224999999999810e-02 nan nan nan
8.012500000000000178e-01 4.357075000000000531e-02 nan nan nan
8.037499999999999645e-01 5.417450000000000043e-02 nan nan nan
8.062500000000000222e-01 6.498824999999999741e-02 nan nan nan
8.087499999999999689e-01 7.766024999999998624e-02 nan nan nan
8.112500000000000266e-01 9.152699999999999725e-02 nan nan nan
8.137499999999999734e-01 1.001339999999999869e-01 nan nan nan
8.162500000000000311e-01 1.176510000000000056e-01 nan nan nan
8.187499999999999778e-01 1.307800000000000074e-01 nan nan nan
8.212500000000000355e-01 1.507692499999999936e-01 nan nan nan
8.237499999999999822e-01 1.676094999999999946e-01 nan nan nan
8.262500000000000400e-01 1.927642499999999981e-01 nan nan nan
8.287499999999999867e-01 2.203897500000000231e-01 nan nan nan
8.312500000000000444e-01 2.414697500000000108e-01 nan nan nan
8.337499999999999911e-01 2.586804999999999799e-01 nan nan nan
8.362500000000000488e-01 2.902272500000000477e-01 nan nan nan
8.387499999999999956e-01 3.147967500000000141e-01 nan nan nan
8.412500000000000533e-01 3.412702499999999972e-01 nan nan nan
8.437500000000000000e-01 3.813562500000000077e-01 nan nan nan
8.462499999999999467e-01 4.091557500000000402e-01 nan nan nan
8.487500000000000044e-01 4.435937500000000089e-01 nan nan nan
8.512499999999999512e-01 4.813492500000000063e-01 nan nan nan
8.537500000000000089e-01 5.150365000000000082e-01 nan nan nan
8.562499999999999556e-01 5.466314999999999369e-01 nan nan nan
8.587500000000000133e-01 5.721172500000000216e-01 nan nan nan
8.612499999999999600e-01 6.116972499999999702e-01 nan nan nan
8.637500000000000178e-01 6.482967500000000882e-01 nan nan nan
8.662499999999999645e-01 6.860310000000000574e-01 nan nan nan
8.687500000000000222e-01 7.226894999999999847e-01 nan nan nan
8.712499999999999689e-01 7.563200000000001033e-01 nan nan nan
8.737500000000000266e-01 7.982982499999999870e-01 nan nan nan
8.762499999999999734e-01 8.358112500000000056e-01 nan nan nan
8.787500000000000311e-01 8.689335000000000253e-01 nan nan nan
8.812499999999999778e-01 9.065372499999999611e-01 nan nan nan
8.837500000000000355e-01 9.446384999999999366e-01 nan nan nan
8.862499999999999822e-01 9.700742499999999158e-01 nan nan nan
8.887500000000000400e-01 1.015893750000000040e+00 nan nan nan
8.912499999999999867e-01 1.046978750000000069e+00 nan nan nan
8.937500000000000444e-01 1.084187000000000012e+00 nan nan nan
8.962499999999999911e-01 1.098605749999999937e+00 nan nan nan
8.987500000000000488e-01 1.150546999999999986e+00 nan nan nan
9.012499999999999956e-01 1.165462250000000033e+00 nan nan nan
9.037500000000000533e-01 1.199148000000000103e+00 nan nan nan
9.062500000000000000e-01 1.228226000000000262e+00 nan nan nan
9.087499999999999467e-01 1.272516749999999863e+00 nan nan nan
9.112500000000000044e-01 1.303288250000000037e+00 nan nan nan
9.137499999999999512e-01 1.314173999999999953e+00 nan nan nan
9.162500000000000089e-01 1.342149750000000141e+00 nan nan nan
9.187499999999999556e-01 1.366864499999999927e+00 nan nan nan
9.212500000000000133e-01 1.405748999999999915e+00 nan nan nan
9.237499999999999600e-01 1.414242999999999917e+00 nan nan nan
9.262500000000000178e-01 1.436407250000000024e+00 nan nan nan
9.287499999999999645e-01 1.455328250000000212e+00 nan nan nan
9.312500000000000222e-01 1.485608000000000040e+00 nan nan nan
9.337499999999999689e-01 1.486558999999999742e+00 nan nan nan
9.362500000000000266e-01 1.525156500000000026e+00 nan nan nan
9.387499999999999734e-01 1.523789250000000095e+00 nan nan nan
9.412500000000000311e-01 1.543368249999999886e+00 nan nan nan
9.437499999999999778e-01 1.567643499999999968e+00 nan nan nan
9.462500000000000355e-01 1.573713249999999952e+00 nan nan nan
9.487499999999999822e-01 1.584111499999999895e+00 nan nan nan
9.512500000000000400e-01 1.599613249999999987e+00 nan nan nan
9.537499999999999867e-01 1.620557000000000025e+00 nan nan nan
9.562500000000000444e-01 1.631179249999999969e+00 nan nan nan
9.587499999999999911e-01 1.630187250000000088e+00 nan nan nan
9.612500000000000488e-01 1.633002499999999912e+00 nan nan nan
9.637499999999999956e-01 1.635869250000000052e+00 nan nan nan
9.662500000000000533e-01 1.669496499999999939e+00 nan nan nan
9.687500000000000000e-01 1.676877999999999869e+00 nan nan nan
9.712499999999999467e-01 1.675838249999999974e+00 nan nan nan
9.737500000000000044e-01 1.687526249999999894e+00 nan nan nan
9.762499999999999512e-01 1.667754749999999841e+00 nan nan nan
9.787500000000000089e-01 1.681677000000000088e+00 nan nan nan
9.812499999999999556e-01 1.688767000000000129e+00 nan nan nan
9.837500000000000133e-01 1.686698250000000066e+00 nan nan nan
9.862499999999999600e-01 1.679464999999999986e+00 nan nan nan
9.887500000000000178e-01 1.684996750000000043e+00 nan nan nan
9.912499999999999645e-01 1.680163499999999921e+00 nan nan nan
9.937500000000000222e-01 1.686978000000000089e+00 nan nan nan
9.962499999999999689e-01 1.703630749999999860e+00 nan nan nan
9.987500000000000266e-01 1.677363249999999972e+00 nan nan nan
1.001249999999999973e+00 1.687292499999999862e+00 nan nan nan
1.003749999999999920e+00 1.671262749999999908e+00 nan nan nan
1.006250000000000089e+00 1.694989999999999775e+00 nan nan nan
1.008750000000000036e+00 1.685161999999999827e+00 nan nan nan
1.011249999999999982e+00 1.671711499999999795e+00 nan nan nan
1.013749999999999929e+00 1.683921500000000071e+00 nan nan nan
1.016250000000000098e+00 1.689066000000000178e+00 nan nan nan
1.018750000000000044e+00 1.672272250000000016e+00 nan nan nan
1.021249999999999991e+00 1.668483250000000195e+00 nan nan nan
1.023749999999999938e+00 1.662134000000000000e+00 nan nan nan
1.026250000000000107e+00 1.659720249999999897e+00 nan nan nan
1.028750000000000053e+00 1.645596000000000059e+00 nan nan nan
1.031250000000000000e+00 1.655411250000000001e+00 nan nan nan
1.033749999999999947e+00 1.635872999999999911e+00 nan nan nan
1.036249999999999893e+00 1.642494000000000121e+00 nan nan nan
1.038750000000000062e+00 1.610470249999999881e+00 nan nan nan
1.041250000000000009e+00 1.623239749999999981e+00 nan nan nan
1.043749999999999956e+00 1.619791250000000016e+00 nan nan nan
1.046249999999999902e+00 1.607151999999999914e+00 nan nan nan
1.048750000000000071e+00 1.610452749999999877e+00 nan nan nan
1.051250000000000018e+00 1.591814500000000132e+00 nan nan nan
1.053749999999999964e+00 1.583268000000000120e+00 nan nan nan
1.056249999999999911e+00 1.589942500000000036e+00 nan nan nan
1.058750000000000080e+00 1.575636999999999954e+00 nan nan nan
1.061250000000000027e+00 1.566641750000000055e+00 nan nan nan
1.063749999999999973e+00 1.565326250000000030e+00 nan nan nan
1.066249999999999920e+00 1.558637749999999933e+00 nan nan nan
1.068750000000000089e+00 1.548543500000000073e+00 nan nan nan
1.071250000000000036e+00 1.535452250000000074e+00 nan nan nan
1.073749999999999982e+00 1.541130749999999994e+00 nan nan nan
1.076249999999999929e+00 1.521245999999999876e+00 nan nan nan
1.078750000000000098e+00 1.523244500000000112e+00 nan nan nan
1.081250000000000044e+00 1.511042750000000101e+00 nan nan nan
1.083749999999999991e+00 1.503240249999999945e+00 nan nan nan
1.086249999999999938e+00 1.485822750000000081e+00 nan nan nan
1.088750000000000107e+00 1.490188999999999986e+00 nan nan nan
1.091250000000000053e+00 1.486652499999999932e+00 nan nan nan
1.093750000000000000e+00 1.477791750000000182e+00 nan nan nan
1.096249999999999947e+00 1.464816750000000001e+00 nan nan nan
1.098749999999999893e+00 1.460685749999999894e+00 nan nan nan
1.101250000000000062e+00 1.453747249999999713e+00 nan nan nan
1.103750000000000009e+00 1.441272500000000178e+00 nan nan nan
1.106249999999999956e+00 1.441596749999999982e+00 nan nan nan
1.108749999999999902e+00 1.429518000000000066e+00 nan nan nan
1.111250000000000071e+00 1.418382499999999879e+00 nan nan nan
1.113750000000000018e+00 1.413585000000000091e+00 nan nan nan
1.116249999999999964e+00 1.400321499999999997e+00 nan nan nan
1.118749999999999911e+00 1.395898749999999966e+00 nan nan nan
1.121250000000000080e+00 1.389301500000000189e+00 nan nan nan
1.123750000000000027e+00 1.380357749999999939e+00 nan nan nan
1.126249999999999973e+00 1.371555249999999893e+00 nan nan nan
1.128749999999999920e+00 1.367607249999999830e+00 nan nan nan
1.131250000000000089e+00 1.363680500000000073e+00 nan nan nan
1.133750000000000036e+00 1.352034750000000063e+00 nan nan nan
1.136249999999999982e+00 1.348923000000000094e+00 nan nan nan
1.138749999999999929e+00 1.340898750000000028e+00 nan nan nan
1.141250000000000098e+00 1.339960250000000075e+00 nan nan nan
1.143750000000000044e+00 1.315739250000000027e+00 nan nan nan
1.146249999999999991e+00 1.303594750000000024e+00 nan nan nan
1.148749999999999938e+00 1.307778749999999990e+00 nan nan nan
1.151250000000000107e+00 1.296133500000000049e+00 nan nan nan
1.153750000000000053e+00 1.291095500000000174e+00 nan nan nan
1.156250000000000000e+00 1.282023249999999948e+00 nan nan nan
1.158749999999999947e+00 1.284948999999999897e+00 nan nan nan
1.161249999999999893e+00 1.281991499999999951e+00 nan nan nan
1.163750000000000062e+00 1.268744249999999907e+00 nan nan nan
1.166250000000000009e+00 1.256603000000000137e+00 nan nan nan
1.168749999999999956e+00 1.264660499999999965e+00 nan nan nan
1.171249999999999902e+00 1.250856250000000003e+00 nan nan nan
1.173750000000000071e+00 1.247540749999999976e+00 nan nan nan
1.176250000000000018e+00 1.237901249999999953e+00 nan nan nan
1.178749999999999964e+00 1.234623250000000061e+00 nan nan nan
1.181249999999999911e+00 1.224687249999999894e+00 nan nan nan
1.183750000000000080e+00 1.219519999999999937e+00 nan nan nan
1.186250000000000027e+00 1.222697750000000028e+00 nan nan nan
1.188749999999999973e+00 1.212274249999999887e+00 nan nan nan
1.191249999999999920e+00 1.195969000000000060e+00 nan nan nan
1.193750000000000089e+00 1.203813250000000057e+00 nan nan nan
1.196250000000000036e+00 1.196809999999999929e+00 nan nan nan
1.198749999999999982e+00 1.183705000000000007e+00 nan nan nan
1.201249999999999929e+00 1.181778750000000100e+00 nan nan nan
1.203750000000000098e+00 1.177006999999999914e+00 nan nan nan
1.206250000000000044e+00 1.178272250000000021e+00 nan nan nan
1.208749999999999991e+00 1.173229250000000112e+00 nan nan nan
1.211249999999999938e+00 1.163126249999999917e+00 nan nan nan
1.213750000000000107e+00 1.156397999999999815e+00 nan nan nan
1.216250000000000053e+00 1.155366000000000115e+00 nan nan nan
1.218750000000000000e+00 1.145516500000000049e+00 nan nan nan
1.221249999999999947e+00 1.139339749999999984e+00 nan nan nan
1.223749999999999893e+00 1.137321000000000026e+00 nan nan nan
1.226250000000000062e+00 1.132963249999999977e+00 nan nan nan
1.228750000000000009e+00 1.124442000000000164e+00 nan nan nan
1.231249999999999956e+00 1.128959249999999859e+00 nan nan nan
1.233749999999999902e+00 1.120233000000000034e+00 nan nan nan
1.236250000000000071e+00 1.121239249999999910e+00 nan nan nan
1.238750000000000018e+00 1.118188750000000065e+00 nan nan nan
1.241249999999999964e+00 1.106096500000000038e+00 nan nan nan
1.243749999999999911e+00 1.106750750000000005e+00 nan nan nan
1.246250000000000080e+00 1.101557499999999967e+00 nan nan nan
1.248750000000000027e+00 1.090098000000000011e+00 nan nan nan
1.251249999999999973e+00 1.082193750000000065e+00 nan nan nan
1.253749999999999920e+00 1.089772500000000033e+00 nan nan nan
1.256250000000000089e+00 1.084996250000000106e+00 nan nan nan
1.258750000000000036e+00 1.073207749999999905e+00 nan nan nan
1.261249999999999982e+00 1.079747999999999930e+00 nan nan nan
1.263749999999999929e+00 1.077590000000000048e+00 nan nan nan
1.266250000000000098e+00 1.061483500000000024e+00 nan nan nan
1.268750000000000044e+00 1.063031249999999872e+00 nan nan nan
1.271249999999999991e+00 1.061136250000000114e+00 nan nan nan
1.273749999999999938e+00 1.059795750000000147e+00 nan nan nan
1.276250000000000107e+00 1.053559750000000017e+00 nan nan nan
1.278750000000000053e+00 1.039413750000000025e+00 nan nan nan
1.281250000000000000e+00 1.046669500000000141e+00 nan nan nan
1.283749999999999947e+00 1.044410250000000095e+00 nan nan nan
1.286249999999999893e+00 1.041814500000000088e+00 nan nan nan
1.288750000000000062e+00 1.039154499999999981e+00 nan nan nan
1.291250000000000009e+00 1.032331749999999992e+00 nan nan nan
1.293749999999999956e+00 1.028783000000000003e+00 nan nan nan
1.296249999999999902e+00 1.019672750000000017e+00 nan nan nan
1.298750000000000071e+00 1.015166750000000118e+00 nan nan nan
1.301250000000000018e+00 1.022251999999999938e+00 nan nan nan
1.303749999999999964e+00 1.007226750000000060e+00 nan nan nan
1.306249999999999911e+00 1.014776249999999935e+00 nan nan nan
1.308750000000000080e+00 1.011478499999999947e+00 nan nan nan
1.311250000000000027e+00 1.008271999999999835e+00 nan nan nan
1.313749999999999973e+00 9.952482499999999455e-01 nan nan nan
1.316249999999999920e+00 9.984247499999998610e-01 nan nan nan
1.318750000000000089e+00 9.915537499999999005e-01 nan nan nan
1.321250000000000036e+00 9.931949999999999390e-01 nan nan nan
1.323749999999999982e+00 9.926942500000000003e-01 nan nan nan
1.326249999999999929e+00 9.779494999999999161e-01 nan nan nan
1.328750000000000098e+00 9.880642500000000883e-01 nan nan nan
1.331250000000000044e+00 9.821502500000000024e-01 nan nan nan
1.333749999999999991e+00 9.747907500000000391e-01 nan nan nan
1.336249999999999938e+00 9.786595000000000155e-01 nan nan nan
1.338750000000000107e+00 9.636390000000000233e-01 nan nan nan
1.341250000000000053e+00 9.723304999999999865e-01 nan nan nan
1.343750000000000000e+00 9.628357499999999902e-01 nan nan nan
1.346249999999999947e+00 9.637532500000001168e-01 nan nan nan
1.348749999999999893e+00 9.562349999999999461e-01 nan nan nan
1.351250000000000062e+00 9.598025000000000029e-01 nan nan nan
1.353750000000000009e+00 9.620367499999999961e-01 nan nan nan
1.356249999999999956e+00 9.653019999999999934e-01 nan nan nan
1.358749999999999902e+00 9.544702499999999645e-01 nan nan nan
1.361250000000000071e+00 9.447232500000000144e-01 nan nan nan
1.363750000000000018e+00 9.460997499999999061e-01 nan nan nan
1.366249999999999964e+00 9.550719999999999210e-01 nan nan nan
1.368749999999999911e+00 9.479549999999999921e-01 nan nan nan
1.371250000000000080e+00 9.337840000000000584e-01 nan nan nan
1.373750000000000027e+00 9.311799999999998967e-01 nan nan nan
1.376249999999999973e+00 9.413772499999999432e-01 nan nan nan
1.378749999999999920e+00 9.329497500000000221e-01 nan nan nan
1.381250000000000089e+00 9.348904999999999577e-01 nan nan nan
1.383750000000000036e+00 9.193802499999998989e-01 nan nan nan
1.386249999999999982e+00 9.285889999999999977e-01 nan nan nan
1.388749999999999929e+00 9.228257500000000002e-01 nan nan nan
1.391250000000000098e+00 9.225175000000001013e-01 nan nan nan
1.393750000000000044e+00 9.256750000000000256e-01 nan nan nan
1.396249999999999991e+00 9.224607499999999405e-01 nan nan nan
1.398749999999999938e+00 9.221232499999999499e-01 nan nan nan
1.401250000000000107e+00 9.208752500000000341e-01 nan nan nan
1.403750000000000053e+00 9.182917499999998512e-01 nan nan nan
1.406250000000000000e+00 9.155439999999999134e-01 nan nan nan
1.408749999999999947e+00 9.130342500000000472e-01 nan nan nan
1.411249999999999893e+00 9.106959999999999500e-01 nan nan nan
1.413750000000000062e+00 9.124082500000000318e-01 nan nan nan
1.416250000000000009e+00 9.067492500000000621e-01 nan nan nan
1.418749999999999956e+00 9.072677499999999284e-01 nan nan nan
1.421249999999999902e+00 9.102000000000000091e-01 nan nan nan
1.423750000000000071e+00 9.076494999999999980e-01 nan nan nan
1.426250000000000018e+00 9.083924999999999361e-01 nan nan nan
1.428749999999999964e+00 9.020397500000000290e-01 nan nan nan
1.431249999999999911e+00 9.030344999999999622e-01 nan nan nan
1.433750000000000080e+00 9.024392500000000261e-01 nan nan nan
1.436250000000000027e+00 9.007797500000001012e-01 nan nan nan
1.438749999999999973e+00 8.991725000000000412e-01 nan nan nan
1.441249999999999920e+00 8.959330000000000904e-01 nan nan nan
1.443750000000000089e+00 8.934427499999999522e-01 nan nan nan
1.446250000000000036e+00 8.910257500000000608e-01 nan nan nan
1.448749999999999982e+00 8.934959999999999569e-01 nan nan nan
1.451249999999999929e+00 8.939520000000000799e-01 nan nan nan
1.453750000000000098e+00 8.923087499999999839e-01 nan nan nan
1.456250000000000044e+00 8.926355000000000262e-01 nan nan nan
1.458749999999999991e+00 8.880394999999999817e-01 nan nan nan
1.461249999999999938e+00 8.942635000000001000e-01 nan nan nan
1.463750000000000107e+00 8.896237499999999354e-01 nan nan nan
1.466250000000000053e+00 8.838869999999999783e-01 nan nan nan
1.468750000000000000e+00 8.878207500000000474e-01 nan nan nan
1.471249999999999947e+00 8.832934999999999537e-01 nan nan nan
1.473749999999999893e+00 8.835632499999999112e-01 nan nan nan
1.476250000000000062e+00 8.846137499999999765e-01 nan nan nan
1.478750000000000009e+00 8.831075000000000452e-01 nan nan nan
1.481249999999999956e+00 8.783469999999999889e-01 nan nan nan
1.483749999999999902e+00 8.857422499999999532e-01 nan nan nan
1.486250000000000071e+00 8.800452500000000011e-01 nan nan nan
1.488750000000000018e+00 8.767477500000000479e-01 nan nan nan
1.491249999999999964e+00 8.814435000000000464e-01 nan nan nan
1.493749999999999911e+00 8.726832500000000215e-01 nan nan nan
1.496250000000000080e+00 8.779620000000000202e-01 nan nan nan
1.498750000000000027e+00 8.851677499999999199e-01 nan nan nan
1.501249999999999973e+00 8.807689999999999131e-01 nan nan nan
1.503749999999999920e+00 8.814277500000000654e-01 nan nan nan
1.506250000000000089e+00 8.743570000000000508e-01 nan nan nan
1.508750000000000036e+00 8.796589999999999687e-01 nan nan nan
1.511249999999999982e+00 8.717542499999999528e-01 nan nan nan
1.513749999999999929e+00 8.734690000000000509e-01 nan nan nan
1.516250000000000098e+00 8.697610000000001174e-01 nan nan nan
1.518750000000000044e+00 8.760229999999999961e-01 nan nan nan
1.521249999999999991e+00 8.741900000000000226e-01 nan nan nan
1.523749999999999938e+00 8.771560000000000468e-01 nan nan nan
1.526250000000000107e+00 8.757042499999999619e-01 nan nan nan
1.528750000000000053e+00 8.804589999999998806e-01 nan nan nan
1.531250000000000000e+00 8.680422500000000152e-01 nan nan nan
1.533749999999999947e+00 8.762274999999999370e-01 nan nan nan
1.536249999999999893e+00 8.749947499999999323e-01 nan nan nan
1.538750000000000062e+00 8.762482499999999508e-01 nan nan nan
1.541250000000000009e+00 8.738360000000000571e-01 nan nan nan
1.543749999999999956e+00 8.755962499999999649e-01 nan nan nan
1.546249999999999902e+00 8.822865000000000846e-01 nan nan nan
1.548750000000000071e+00 8.786982499999999030e-01 nan nan nan
1.551250000000000018e+00 8.744549999999999823e-01 nan nan nan
1.553749999999999964e+00 8.707479999999998554e-01 nan nan nan
1.556249999999999911e+00 8.788987499999999509e-01 nan nan nan
1.558750000000000080e+00 8.781355000000000688e-01 nan nan nan
1.561250000000000027e+00 8.819242500000000762e-01 nan nan nan
1.563749999999999973e+00 8.799257499999999510e-01 nan nan nan
1.566249999999999920e+00 8.753822499999999174e-01 nan nan nan
1.568750000000000089e+00 8.765212499999999185e-01 nan nan nan
1.571250000000000036e+00 8.823867499999999975e-01 nan nan nan
1.573749999999999982e+00 8.745794999999999542e-01 nan nan nan
1.576249999999999929e+00 8.834882500000000860e-01 nan nan nan
1.578750000000000098e+00 8.774022499999999392e-01 nan nan nan
1.581250000000000044e+00 8.864277500000000698e-01 nan nan nan
1.583749999999999991e+00 8.822119999999999962e-01 nan nan nan
1.586249999999999938e+00 8.855097499999999844e-01 nan nan nan
1.588750000000000107e+00 8.822719999999999452e-01 nan nan nan
1.591250000000000053e+00 8.847742499999999843e-01 nan nan nan
1.593750000000000000e+00 8.845414999999999806e-01 nan nan nan
1.596249999999999947e+00 8.868002500000000676e-01 nan nan nan
1.598749999999999893e+00 8.786067499999999919e-01 nan nan nan
1.601250000000000062e+00 8.852005000000000567e-01 nan nan nan
1.603750000000000009e+00 8.878562500000000135e-01 nan nan nan
1.606249999999999956e+00 8.911314999999999653e-01 nan nan nan
1.608749999999999902e+00 8.944069999999999521e-01 nan nan nan
1.611250000000000071e+00 8.843607499999999177e-01 nan nan nan
1.613750000000000018e+00 8.900077500000000974e-01 nan nan nan
1.616249999999999964e+00 8.863322499999999327e-01 nan nan nan
1.618749999999999911e+00 8.917364999999999320e-01 nan nan nan
1.621250000000000080e+00 8.948297500000000904e-01 nan nan nan
1.623750000000000027e+00 8.914612499999999828e-01 nan nan nan
1.626249999999999973e+00 8.963547499999999779e-01 nan nan nan
1.628749999999999920e+00 8.987097500000000849e-01 nan nan nan
1.631250000000000089e+00 8.957899999999999752e-01 nan nan nan
1.633750000000000036e+00 8.930622500000000574e-01 nan nan nan
1.636249999999999982e+00 8.966637499999999816e-01 nan nan nan
1.638749999999999929e+00 9.007240000000000801e-01 nan nan nan
1.641250000000000098e+00 8.992212499999999720e-01 nan nan nan
1.643750000000000044e+00 9.032764999999999267e-01 nan nan nan
1.646249999999999991e+00 9.060475000000000056e-01 nan nan nan
1.648749999999999938e+00 8.966837500000000016e-01 nan nan nan
1.651250000000000107e+00 9.031335000000000335e-01 nan nan nan
1.653750000000000053e+00 9.072392499999999416e-01 nan nan nan
1.656250000000000000e+00 9.048384999999998790e-01 nan nan nan
1.658749999999999947e+00 9.095300000000000606e-01 nan nan nan
1.661249999999999893e+00 9.112752499999999811e-01 nan nan nan
1.663750000000000062e+00 9.126497500000000374e-01 nan nan nan
1.666250000000000009e+00 9.152599999999999625e-01 nan nan nan
1.668749999999999956e+00 9.113209999999999367e-01 nan nan nan
1.671249999999999902e+00 9.178487499999999910e-01 nan nan nan
1.673750000000000071e+00 9.095717500000000122e-01 nan nan nan
1.676250000000000018e+00 9.143497499999999611e-01 nan nan nan
1.678749999999999964e+00 9.203702499999999453e-01 nan nan nan
1.681249999999999911e+00 9.251692499999999431e-01 nan nan nan
1.683750000000000080e+00 9.231979999999999631e-01 nan nan nan
1.686250000000000027e+00 9.242630000000000567e-01 nan nan nan
1.688749999999999973e+00 9.295759999999999579e-01 nan nan nan
1.691249999999999920e+00 9.327642499999999615e-01 nan nan nan
1.693750000000000089e+00 9.278415000000000967e-01 nan nan nan
1.696250000000000036e+00 9.283012500000000777e-01 nan nan nan
1.698749999999999982e+00 9.252730000000000121e-01 nan nan nan
1.701249999999999929e+00 9.310895000000001254e-01 nan nan nan
1.703750000000000098e+00 9.293332499999999996e-01 nan nan nan
1.706250000000000044e+00 9.387317499999999759e-01 nan nan nan
1.708749999999999991e+00 9.385562499999999808e-01 nan nan nan
1.711249999999999938e+00 9.377590000000000092e-01 nan nan nan
1.713750000000000107e+00 9.392024999999999402e-01 nan nan nan
1.716250000000000053e+00 9.423717500000000635e-01 nan nan nan
1.718750000000000000e+00 9.450122499999999981e-01 nan nan nan
1.721249999999999947e+00 9.431274999999998965e-01 nan nan nan
1.723749999999999893e+00 9.369809999999999528e-01 nan nan nan
1.726250000000000062e+00 9.500134999999999552e-01 nan nan nan
1.728750000000000009e+00 9.491294999999999593e-01 nan nan nan
1.731249999999999956e+00 9.526472500000000565e-01 nan nan nan
1.733749999999999902e+00 9.515937500000000160e-01 nan nan nan
1.736250000000000071e+00 9.619199999999999973e-01 nan nan nan
1.738750000000000018e+00 9.530367499999999881e-01 nan nan nan
1.741249999999999964e+00 9.522832500000000255e-01 nan nan nan
1.743749999999999911e+00 9.607195000000000595e-01 nan nan nan
1.746250000000000080e+00 9.622342500000000687e-01 nan nan nan
1.748750000000000027e+00 9.630295000000000938e-01 nan nan nan
1.751249999999999973e+00 9.672159999999999647e-01 nan nan nan
1.753749999999999920e+00 9.615869999999999695e-01 nan nan nan
1.756250000000000089e+00 9.683224999999999749e-01 nan nan nan
1.758750000000000036e+00 9.722614999999998897e-01 nan nan nan
1.761249999999999982e+00 9.712864999999999416e-01 nan nan nan
1.763749999999999929e+00 9.717537499999999717e-01 nan nan nan
1.766250000000000098e+00 9.723265000000000935e-01 nan nan nan
1.768750000000000044e+00 9.778607499999999453e-01 nan nan nan
1.771249999999999991e+00 9.704412499999999220e-01 nan nan nan
1.773749999999999938e+00 9.737697499999999895e-01 nan nan nan
1.776250000000000107e+00 9.775792500000000107e-01 nan nan nan
1.778750000000000053e+00 9.832624999999999282e-01 nan nan nan
1.781250000000000000e+00 9.834397500000000569e-01 nan nan nan
1.783749999999999947e+00 9.842414999999999914e-01 nan nan nan
1.786249999999999893e+00 9.847859999999999392e-01 nan nan nan
1.788750000000000062e+00 9.929435000000000899e-01 nan nan nan
1.791250000000000009e+00 9.851905000000000800e-01 nan nan nan
1.793749999999999956e+00 9.929675000000000029e-01 nan nan nan
1.796249999999999902e+00 9.903037500000000382e-01 nan nan nan
1.798750000000000071e+00 9.992542499999998995e-01 nan nan nan
1.801250000000000018e+00 9.948657499999999931e-01 nan nan nan
1.803749999999999964e+00 9.962915000000001076e-01 nan nan nan
1.806249999999999911e+00 1.000141000000000169e+00 nan nan nan
1.808750000000000080e+00 1.001012250000000048e+00 nan nan nan
1.811250000000000027e+00 9.942880000000000607e-01 nan nan nan
1.813749999999999973e+00 1.004245499999999902e+00 nan nan nan
1.816249999999999920e+00 1.002812749999999919e+00 nan nan nan
1.818750000000000089e+00 1.007187999999999972e+00 nan nan nan
1.821250000000000036e+00 1.008862000000000148e+00 nan nan nan
1.823749999999999982e+00 1.011028999999999956e+00 nan nan nan
1.826249999999999929e+00 1.012551999999999897e+00 nan nan nan
1.828750000000000098e+00 1.007599249999999946e+00 nan nan nan
1.831250000000000044e+00 1.013428250000000030e+00 nan nan nan
1.833749999999999991e+00 1.011848500000000151e+00 nan nan nan
1.836249999999999938e+00 1.021925750000000077e+00 nan nan nan
1.838750000000000107e+00 1.019421499999999980e+00 nan nan nan
1.841250000000000053e+00 1.016458000000000084e+00 nan nan nan
1.843750000000000000e+00 1.019771999999999901e+00 nan nan nan
1.846249999999999947e+00 1.017347750000000106e+00 nan nan nan
1.848749999999999893e+00 1.020066750000000022e+00 nan nan nan
1.851250000000000062e+00 1.025568500000000105e+00 nan nan nan
1.853750000000000009e+00 1.027752749999999882e+00 nan nan nan
1.856249999999999956e+00 1.027514250000000073e+00 nan nan nan
1.858749999999999902e+00 1.025065249999999928e+00 nan nan nan
1.861250000000000071e+00 1.028249750000000073e+00 nan nan nan
1.863750000000000018e+00 1.023553000000000157e+00 nan nan nan
1.866249999999999964e+00 1.025357500000000144e+00 nan nan nan
1.868749999999999911e+00 1.030871499999999941e+00 nan nan nan
1.871250000000000080e+00 1.025776999999999939e+00 nan nan nan
1.873750000000000027e+00 1.032013749999999952e+00 nan nan nan
1.876249999999999973e+00 1.031712249999999997e+00 nan nan nan
1.878749999999999920e+00 1.031976500000000074e+00 nan nan nan
1.881250000000000089e+00 1.032343250000000046e+00 nan nan nan
1.883750000000000036e+00 1.031432000000000127e+00 nan nan nan
1.886249999999999982e+00 1.034140749999999942e+00 nan nan nan
1.888749999999999929e+00 1.035806749999999887e+00 nan nan nan
1.891250000000000098e+00 1.038891000000000009e+00 nan nan nan
1.893750000000000044e+00 1.038277250000000151e+00 nan nan nan
1.896249999999999991e+00 1.033340000000000147e+00 nan nan nan
1.898749999999999938e+00 1.037727250000000101e+00 nan nan nan
1.901250000000000107e+00 1.039185750000000130e+00 nan nan nan
1.903750000000000053e+00 1.041852000000000000e+00 nan nan nan
1.906250000000000000e+00 1.043154000000000137e+00 nan nan nan
1.908749999999999947e+00 1.040501250000000155e+00 nan nan nan
1.911249999999999893e+00 1.044472999999999985e+00 nan nan nan
1.913750000000000062e+00 1.036313000000000040e+00 nan nan nan
1.916250000000000009e+00 1.041384249999999900e+00 nan nan nan
1.918749999999999956e+00 1.043843999999999994e+00 nan nan nan
1.921249999999999902e+00 1.049404749999999886e+00 nan nan nan
1.923750000000000071e+00 1.046250000000000124e+00 nan nan nan
1.926250000000000018e+00 1.049318250000000008e+00 nan nan nan
1.928749999999999964e+00 1.044096499999999983e+00 nan nan nan
1.931249999999999911e+00 1.047761249999999977e+00 nan nan nan
1.933750000000000080e+00 1.052262500000000101e+00 nan nan nan
1.936250000000000027e+00 1.045545000000000169e+00 nan nan nan
1.938749999999999973e+00 1.046765750000000050e+00 nan nan nan
1.941249999999999920e+00 1.048347750000000023e+00 nan nan nan
1.943750000000000089e+00 1.050036250000000004e+00 nan nan nan
1.946250000000000036e+00 1.049018999999999924e+00 nan nan nan
1.948749999999999982e+00 1.051627250000000124e+00 nan nan nan
1.951249999999999929e+00 1.047723750000000065e+00 nan nan nan
1.953750000000000098e+00 1.052955249999999898e+00 nan nan nan
1.956250000000000044e+00 1.048596250000000119e+00 nan nan nan
1.958749999999999991e+00 1.049135499999999777e+00 nan nan nan
1.961249999999999938e+00 1.043719250000000098e+00 nan nan nan
1.963750000000000107e+00 1.051713499999999968e+00 nan nan nan
1.966250000000000053e+00 1.044485499999999956e+00 nan nan nan
1.968750000000000000e+00 1.047369999999999912e+00 nan nan nan
1.971249999999999947e+00 1.056961250000000074e+00 nan nan nan
1.973749999999999893e+00 1.052637000000000045e+00 nan nan nan
1.976250000000000062e+00 1.054549500000000251e+00 nan nan nan
1.978750000000000009e+00 1.054744249999999939e+00 nan nan nan
1.981249999999999956e+00 1.050529000000000046e+00 nan nan nan
1.983749999999999902e+00 1.048925500000000177e+00 nan nan nan
1.986250000000000071e+00 1.049984750000000133e+00 nan nan nan
1.988750000000000018e+00 1.053285749999999910e+00 nan nan nan
1.991249999999999964e+00 1.051580500000000029e+00 nan nan nan
1.993749999999999911e+00 1.049625000000000030e+00 nan nan nan
1.996250000000000080e+00 1.055085499999999898e+00 nan nan nan
1.998750000000000027e+00 1.052464000000000066e+00 nan nan nan
2.001250000000000195e+00 1.042780249999999853e+00 nan nan nan
2.003750000000000142e+00 1.049545750000000055e+00 nan nan nan
2.006250000000000089e+00 1.045999499999999971e+00 nan nan nan
2.008750000000000036e+00 1.049203499999999956e+00 nan nan nan
2.011249999999999982e+00 1.045481000000000105e+00 nan nan nan
2.013749999999999929e+00 1.053774500000000058e+00 nan nan nan
2.016249999999999876e+00 1.052351499999999884e+00 nan nan nan
2.018749999999999822e+00 1.049707749999999828e+00 nan nan nan
2.021250000000000213e+00 1.045781999999999989e+00 nan nan nan
2.023750000000000160e+00 1.049866750000000071e+00 nan nan nan
2.026250000000000107e+00 1.046991499999999853e+00 nan nan nan
2.028750000000000053e+00 1.049656499999999992e+00 nan nan nan
2.031250000000000000e+00 1.047336249999999858e+00 nan nan nan
2.033749999999999947e+00 1.046691999999999956e+00 nan nan nan
2.036249999999999893e+00 1.047634500000000024e+00 nan nan nan
2.038749999999999840e+00 1.045762499999999928e+00 nan nan nan
2.041249999999999787e+00 1.045201500000000117e+00 nan nan nan
2.043750000000000178e+00 1.046047749999999832e+00 nan nan nan
2.046250000000000124e+00 1.041177999999999937e+00 nan nan nan
2.048750000000000071e+00 1.045968999999999927e+00 nan nan nan
2.051250000000000018e+00 1.045891499999999974e+00 nan nan nan
2.053749999999999964e+00 1.043286500000000006e+00 nan nan nan
2.056249999999999911e+00 1.044164250000000127e+00 nan nan nan
2.058749999999999858e+00 1.042882500000000157e+00 nan nan nan
2.061249999999999805e+00 1.042366999999999821e+00 nan nan nan
2.063750000000000195e+00 1.040424750000000120e+00 nan nan nan
2.066250000000000142e+00 1.037714999999999943e+00 nan nan nan
2.068750000000000089e+00 1.037317999999999962e+00 nan nan nan
2.071250000000000036e+00 1.038586749999999892e+00 nan nan nan
2.073749999999999982e+00 1.040815000000000046e+00 nan nan nan
2.076249999999999929e+00 1.040728250000000132e+00 nan nan nan
2.078749999999999876e+00 1.039307749999999864e+00 nan nan nan
2.081249999999999822e+00 1.037465749999999964e+00 nan nan nan
2.083750000000000213e+00 1.041508249999999913e+00 nan nan nan
2.086250000000000160e+00 1.039875250000000140e+00 nan nan nan
2.088750000000000107e+00 1.036950250000000073e+00 nan nan nan
2.091250000000000053e+00 1.034436249999999946e+00 nan nan nan
2.093750000000000000e+00 1.034200499999999856e+00 nan nan nan
2.096249999999999947e+00 1.031467750000000017e+00 nan nan nan
2.098749999999999893e+00 1.036300750000000104e+00 nan nan nan
2.101249999999999840e+00 1.038537499999999891e+00 nan nan nan
2.103749999999999787e+00 1.031279999999999974e+00 nan nan nan
2.106250000000000178e+00 1.035260000000000069e+00 nan nan nan
2.108750000000000124e+00 1.034551250000000033e+00 nan nan nan
2.111250000000000071e+00 1.031931750000000036e+00 nan nan nan
2.113750000000000018e+00 1.034294249999999860e+00 nan nan nan
2.116249999999999964e+00 1.033264249999999995e+00 nan nan nan
2.118749999999999911e+00 1.032661249999999864e+00 nan nan nan
2.121249999999999858e+00 1.024676249999999955e+00 nan nan nan
2.123749999999999805e+00 1.040765500000000010e+00 nan nan nan
2.126250000000000195e+00 1.029312500000000075e+00 nan nan nan
2.128750000000000142e+00 1.028643250000000009e+00 nan nan nan
2.131250000000000089e+00 1.026391999999999971e+00 nan nan nan
2.133750000000000036e+00 1.030746750000000045e+00 nan nan nan
2.136249999999999982e+00 1.032814249999999934e+00 nan nan nan
2.138749999999999929e+00 1.031679749999999895e+00 nan nan nan
2.141249999999999876e+00 1.028523499999999924e+00 nan nan nan
2.143749999999999822e+00 1.029764250000000159e+00 nan nan nan
2.146250000000000213e+00 1.029015499999999861e+00 nan nan nan
2.148750000000000160e+00 1.031201000000000034e+00 nan nan nan
2.151250000000000107e+00 1.029362000000000110e+00 nan nan nan
2.153750000000000053e+00 1.025418000000000163e+00 nan nan nan
2.156250000000000000e+00 1.030493749999999986e+00 nan nan nan
2.158749999999999947e+00 1.026000749999999906e+00 nan nan nan
2.161249999999999893e+00 1.020545749999999918e+00 nan nan nan
2.163749999999999840e+00 1.024238500000000052e+00 nan nan nan
2.166249999999999787e+00 1.018982999999999972e+00 nan nan nan
2.168750000000000178e+00 1.019852250000000016e+00 nan nan nan
2.171250000000000124e+00 1.021058000000000021e+00 nan nan nan
2.173750000000000071e+00 1.023130749999999978e+00 nan nan nan
2.176250000000000018e+00 1.022794749999999864e+00 nan nan nan
2.178749999999999964e+00 1.020830499999999974e+00 nan nan nan
2.181249999999999911e+00 1.015672749999999791e+00 nan nan nan
2.183749999999999858e+00 1.024340000000000028e+00 nan nan nan
2.186249999999999805e+00 1.017975499999999922e+00 nan nan nan
2.188750000000000195e+00 1.016414249999999964e+00 nan nan nan
2.191250000000000142e+00 1.019107750000000090e+00 nan nan nan
2.193750000000000089e+00 1.019203750000000186e+00 nan nan nan
2.196250000000000036e+00 1.016548749999999890e+00 nan nan nan
2.198749999999999982e+00 1.016302999999999956e+00 nan nan nan
2.201249999999999929e+00 1.017400749999999965e+00 nan nan nan
2.203749999999999876e+00 1.004882749999999936e+00 nan nan nan
2.206249999999999822e+00 1.015680750000000021e+00 nan nan nan
2.208750000000000213e+00 1.012992000000000115e+00 nan nan nan
2.211250000000000160e+00 1.010929999999999884e+00 nan nan nan
2.213750000000000107e+00 1.013383249999999958e+00 nan nan nan
2.216250000000000053e+00 1.017498749999999896e+00 nan nan nan
2.218750000000000000e+00 1.014431749999999965e+00 nan nan nan
2.221249999999999947e+00 1.007891250000000127e+00 nan nan nan
2.223749999999999893e+00 1.011848749999999963e+00 nan nan nan
2.226249999999999840e+00 1.007916500000000104e+00 nan nan nan
2.228749999999999787e+00 1.008536249999999912e+00 nan nan nan
2.231250000000000178e+00 1.006098500000000007e+00 nan nan nan
2.233750000000000124e+00 1.006045749999999961e+00 nan nan nan
2.236250000000000071e+00 1.012175000000000047e+00 nan nan nan
2.238750000000000018e+00 1.008425250000000162e+00 nan nan nan
2.241249999999999964e+00 1.002835750000000026e+00 nan nan nan
2.243749999999999911e+00 1.006587750000000003e+00 nan nan nan
2.246249999999999858e+00 1.009275000000000144e+00 nan nan nan
2.248749999999999805e+00 1.006975750000000058e+00 nan nan nan
2.251250000000000195e+00 1.005091750000000062e+00 nan nan nan
2.253750000000000142e+00 1.007556750000000001e+00 nan nan nan
2.256250000000000089e+00 1.006992499999999957e+00 nan nan nan
2.258750000000000036e+00 1.004982250000000077e+00 nan nan nan
2.261249999999999982e+00 1.005472000000000143e+00 nan nan nan
2.263749999999999929e+00 9.996482499999999050e-01 nan nan nan
2.266249999999999876e+00 1.003546749999999932e+00 nan nan nan
2.268749999999999822e+00 1.002058749999999998e+00 nan nan nan
2.271250000000000213e+00 9.990284999999999860e-01 nan nan nan
2.273750000000000160e+00 9.975827500000000736e-01 nan nan nan
2.276250000000000107e+00 9.954847500000000293e-01 nan nan nan
2.278750000000000053e+00 1.001969749999999992e+00 nan nan nan
2.281250000000000000e+00 9.995487499999999859e-01 nan nan nan
2.283749999999999947e+00 1.004327749999999853e+00 nan nan nan
2.286249999999999893e+00 9.956135000000000401e-01 nan nan nan
2.288749999999999840e+00 9.991920000000000801e-01 nan nan nan
2.291249999999999787e+00 9.992049999999998988e-01 nan nan nan
2.293750000000000178e+00 9.956682500000000324e-01 nan nan nan
2.296250000000000124e+00 9.932847499999999386e-01 nan nan nan
2.298750000000000071e+00 9.965572500000000611e-01 nan nan nan
2.301250000000000018e+00 9.983487500000000070e-01 nan nan nan
2.303749999999999964e+00 9.960514999999999786e-01 nan nan nan
2.306249999999999911e+00 1.000610500000000069e+00 nan nan nan
2.308749999999999858e+00 9.968820000000000459e-01 nan nan nan
2.311249999999999805e+00 9.965122500000000993e-01 nan nan nan
2.313750000000000195e+00 9.891344999999999166e-01 nan nan nan
2.316250000000000142e+00 9.892222499999999696e-01 nan nan nan
2.318750000000000089e+00 9.950417500000000581e-01 nan nan nan
2.321250000000000036e+00 9.937727499999999825e-01 nan nan nan
2.323749999999999982e+00 9.922422499999999923e-01 nan nan nan
2.326249999999999929e+00 9.952562499999999535e-01 nan nan nan
2.328749999999999876e+00 9.955357499999999416e-01 nan nan nan
2.331249999999999822e+00 9.927169999999999606e-01 nan nan nan
2.333750000000000213e+00 9.884027500000001076e-01 nan nan nan
2.336250000000000160e+00 9.940222499999999961e-01 nan nan nan
2.338750000000000107e+00 9.889347500000000846e-01 nan nan nan
2.341250000000000053e+00 9.944904999999999440e-01 nan nan nan
2.343750000000000000e+00 9.900204999999999700e-01 nan nan nan
2.346249999999999947e+00 9.923059999999999103e-01 nan nan nan
2.348749999999999893e+00 9.944355000000000278e-01 nan nan nan
2.351249999999999840e+00 9.886362499999999942e-01 nan nan nan
2.353749999999999787e+00 9.877192499999999376e-01 nan nan nan
2.356250000000000178e+00 9.896437499999999332e-01 nan nan nan
2.358750000000000124e+00 9.895864999999999245e-01 nan nan nan
2.361250000000000071e+00 9.855024999999999480e-01 nan nan nan
2.363750000000000018e+00 9.889204999999999801e-01 nan nan nan
2.366249999999999964e+00 9.875070000000000237e-01 nan nan nan
2.368749999999999911e+00 9.872369999999999202e-01 nan nan nan
2.371249999999999858e+00 9.893959999999999422e-01 nan nan nan
2.373749999999999805e+00 9.869805000000000383e-01 nan nan nan
2.376250000000000195e+00 9.890312500000000284e-01 nan nan nan
2.378750000000000142e+00 9.858130000000000503e-01 nan nan nan
2.381250000000000089e+00 9.849774999999999503e-01 nan nan nan
2.383750000000000036e+00 9.878185000000000437e-01 nan nan nan
2.386249999999999982e+00 9.877482499999999943e-01 nan nan nan
2.388749999999999929e+00 9.866899999999999560e-01 nan nan nan
2.391249999999999876e+00 9.878689999999999971e-01 nan nan nan
2.393749999999999822e+00 9.873767499999999142e-01 nan nan nan
2.396250000000000213e+00 9.850349999999999939e-01 nan nan nan
2.398750000000000160e+00 9.886397499999999283e-01 nan nan nan
2.401250000000000107e+00 9.872657500000000530e-01 nan nan nan
2.403750000000000053e+00 9.829247500000000137e-01 nan nan nan
2.406250000000000000e+00 9.855057499999999582e-01 nan nan nan
2.408749999999999947e+00 9.857567500000000704e-01 nan nan nan
2.411249999999999893e+00 9.846267499999998840e-01 nan nan nan
2.413749999999999840e+00 9.880222499999999908e-01 nan nan nan
2.416249999999999787e+00 9.830550000000000122e-01 nan nan nan
2.418750000000000178e+00 9.864737499999999271e-01 nan nan nan
2.421250000000000124e+00 9.865467500000000278e-01 nan nan nan
2.423750000000000071e+00 9.889387499999999775e-01 nan nan nan
2.426250000000000018e+00 9.848014999999999963e-01 nan nan nan
2.428749999999999964e+00 9.874795000000000655e-01 nan nan nan
2.431249999999999911e+00 9.891977499999999868e-01 nan nan nan
2.433749999999999858e+00 9.844405000000000516e-01 nan nan nan
2.436249999999999805e+00 9.820459999999999745e-01 nan nan nan
2.438750000000000195e+00 9.843095000000000594e-01 nan nan nan
2.441250000000000142e+00 9.825077500000001240e-01 nan nan nan
2.443750000000000089e+00 9.844107500000000011e-01 nan nan nan
2.446250000000000036e+00 9.824579999999999425e-01 nan nan nan
2.448749999999999982e+00 9.830030000000000712e-01 nan nan nan
2.451249999999999929e+00 9.817974999999999897e-01 nan nan nan
2.453749999999999876e+00 9.840217499999999173e-01 nan nan nan
2.456249999999999822e+00 9.846960000000000157e-01 nan nan nan
2.458750000000000213e+00 9.797819999999999308e-01 nan nan nan
2.461250000000000160e+00 9.836377500000000884e-01 nan nan nan
2.463750000000000107e+00 9.848947500000000410e-01 nan nan nan
2.466250000000000053e+00 9.864684999999999704e-01 nan nan nan
2.468750000000000000e+00 9.833187500000000192e-01 nan nan nan
2.471249999999999947e+00 9.823450000000000237e-01 nan nan nan
2.473749999999999893e+00 9.839449999999999585e-01 nan nan nan
2.476249999999999840e+00 9.900564999999998950e-01 nan nan nan
2.478749999999999787e+00 9.832905000000000673e-01 nan nan nan
2.481250000000000178e+00 9.844957499999998918e-01 nan nan nan
2.483750000000000124e+00 9.845757499999999718e-01 nan nan nan
2.486250000000000071e+00 9.824062499999999254e-01 nan nan nan
2.488750000000000018e+00 9.825072499999999431e-01 nan nan nan
2.491249999999999964e+00 9.839474999999999749e-01 nan nan nan
2.493749999999999911e+00 9.852262500000000811e-01 nan nan nan
2.496249999999999858e+00 9.809125000000000760e-01 nan nan nan
2.498749999999999805e+00 9.831864999999999633e-01 nan nan nan
