1.250000000000000026e-03 0.000000000000000000e+00 nan nan nan
3.749999999999999861e-03 0.000000000000000000e+00 nan nan nan
6.250000000000000347e-03 0.000000000000000000e+00 nan nan nan
8.750000000000000833e-03 0.000000000000000000e+00 nan nan nan
1.124999999999999958e-02 0.000000000000000000e+00 nan nan nan
1.375000000000000007e-02 0.000000000000000000e+00 nan nan nan
1.625000000000000056e-02 0.000000000000000000e+00 nan nan nan
1.874999999999999931e-02 0.000000000000000000e+00 nan nan nan
2.125000000000000153e-02 0.000000000000000000e+00 nan nan nan
2.375000000000000028e-02 0.000000000000000000e+00 nan nan nan
2.624999999999999903e-02 0.000000000000000000e+00 nan nan nan
2.875000000000000125e-02 0.000000000000000000e+00 nan nan nan
3.125000000000000000e-02 0.000000000000000000e+00 nan nan nan
3.375000000000000222e-02 0.000000000000000000e+00 nan nan nan
3.624999999999999750e-02 0.000000000000000000e+00 nan nan nan
3.874999999999999972e-02 0.000000000000000000e+00 nan nan nan
4.125000000000000194e-02 0.000000000000000000e+00 nan nan nan
4.374999999999999722e-02 0.000000000000000000e+00 nan nan nan
4.624999999999999944e-02 0.000000000000000000e+00 nan nan nan
4.875000000000000167e-02 0.000000000000000000e+00 nan nan nan
5.124999999999999695e-02 0.000000000000000000e+00 nan nan nan
5.374999999999999917e-02 0.000000000000000000e+00 nan nan nan
5.625000000000000139e-02 0.000000000000000000e+00 nan nan nan
5.874999999999999667e-02 0.000000000000000000e+00 nan nan nan
6.124999999999999889e-02 0.000000000000000000e+00 nan nan nan
6.375000000000000111e-02 0.000000000000000000e+00 nan nan nan
6.625000000000000333e-02 0.000000000000000000e+00 nan nan nan
6.875000000000000555e-02 0.000000000000000000e+00 nan nan nan
7.124999999999999389e-02 0.000000000000000000e+00 nan nan nan
7.374999999999999611e-02 0.000000000000000000e+00 nan nan nan
7.624999999999999833e-02 0.000000000000000000e+00 nan nan nan
7.875000000000000056e-02 0.000000000000000000e+00 nan nan nan
8.125000000000000278e-02 0.000000000000000000e+00 nan nan nan
8.375000000000000500e-02 0.000000000000000000e+00 nan nan nan
8.624999999999999334e-02 0.000000000000000000e+00 nan nan nan
8.874999999999999556e-02 0.000000000000000000e+00 nan nan nan
9.124999999999999778e-02 0.000000000000000000e+00 nan nan nan
9.375000000000000000e-02 0.000000000000000000e+00 nan nan nan
9.625000000000000222e-02 0.000000000000000000e+00 nan nan nan
9.875000000000000444e-02 0.000000000000000000e+00 nan nan nan
1.012500000000000067e-01 0.000000000000000000e+00 nan nan nan
1.037499999999999950e-01 0.000000000000000000e+00 nan nan nan
1.062499999999999972e-01 0.000000000000000000e+00 nan nan nan
1.087499999999999994e-01 0.000000000000000000e+00 nan nan nan
1.112500000000000017e-01 0.000000000000000000e+00 nan nan nan
1.137500000000000039e-01 0.000000000000000000e+00 nan nan nan
1.162500000000000061e-01 0.000000000000000000e+00 nan nan nan
1.187499999999999944e-01 0.000000000000000000e+00 nan nan nan
1.212499999999999967e-01 0.000000000000000000e+00 nan nan nan
1.237499999999999989e-01 0.000000000000000000e+00 nan nan nan
1.262500000000000011e-01 0.000000000000000000e+00 nan nan nan
1.287500000000000033e-01 0.000000000000000000e+00 nan nan nan
1.312500000000000056e-01 0.000000000000000000e+00 nan nan nan
1.337500000000000078e-01 0.000000000000000000e+00 nan nan nan
1.362500000000000100e-01 0.000000000000000000e+00 nan nan nan
1.387500000000000122e-01 0.000000000000000000e+00 nan nan nan
1.412499999999999867e-01 0.000000000000000000e+00 nan nan nan
1.437499999999999889e-01 0.000000000000000000e+00 nan nan nan
1.462499999999999911e-01 0.000000000000000000e+00 nan nan nan
1.487499999999999933e-01 0.000000000000000000e+00 nan nan nan
1.512499999999999956e-01 0.000000000000000000e+00 nan nan nan
1.537499999999999978e-01 0.000000000000000000e+00 nan nan nan
1.562500000000000000e-01 0.000000000000000000e+00 nan nan nan
1.587500000000000022e-01 0.000000000000000000e+00 nan nan nan
1.612500000000000044e-01 0.000000000000000000e+00 nan nan nan
1.637500000000000067e-01 0.000000000000000000e+00 nan nan nan
1.662500000000000089e-01 0.000000000000000000e+00 nan nan nan
1.687500000000000111e-01 0.000000000000000000e+00 nan nan nan
1.712500000000000133e-01 0.000000000000000000e+00 nan nan nan
1.737499999999999878e-01 0.000000000000000000e+00 nan nan nan
1.762499999999999900e-01 0.000000000000000000e+00 nan nan nan
1.787499999999999922e-01 0.000000000000000000e+00 nan nan nan
1.812499999999999944e-01 0.000000000000000000e+00 nan nan nan
1.837499999999999967e-01 0.000000000000000000e+00 nan nan nan
1.862499999999999989e-01 0.000000000000000000e+00 nan nan nan
1.887500000000000011e-01 0.000000000000000000e+00 nan nan nan
1.912500000000000033e-01 0.000000000000000000e+00 nan nan nan
1.937500000000000056e-01 0.000000000000000000e+00 nan nan nan
1.962500000000000078e-01 0.000000000000000000e+00 nan nan nan
1.987500000000000100e-01 0.000000000000000000e+00 nan nan nan
2.012500000000000122e-01 0.000000000000000000e+00 nan nan nan
2.037499999999999867e-01 0.000000000000000000e+00 nan nan nan
2.062499999999999889e-01 0.000000000000000000e+00 nan nan nan
2.087499999999999911e-01 0.000000000000000000e+00 nan nan nan
2.112499999999999933e-01 0.000000000000000000e+00 nan nan nan
2.137499999999999956e-01 0.000000000000000000e+00 nan nan nan
2.162499999999999978e-01 0.000000000000000000e+00 nan nan nan
2.187500000000000000e-01 0.000000000000000000e+00 nan nan nan
2.212500000000000022e-01 0.000000000000000000e+00 nan nan nan
2.237500000000000044e-01 0.000000000000000000e+00 nan nan nan
2.262500000000000067e-01 0.000000000000000000e+00 nan nan nan
2.287500000000000089e-01 0.000000000000000000e+00 nan nan nan
2.312500000000000111e-01 0.000000000000000000e+00 nan nan nan
2.337500000000000133e-01 0.000000000000000000e+00 nan nan nan
2.362499999999999878e-01 0.000000000000000000e+00 nan nan nan
2.387499999999999900e-01 0.000000000000000000e+00 nan nan nan
2.412499999999999922e-01 0.000000000000000000e+00 nan nan nan
2.437499999999999944e-01 0.000000000000000000e+00 nan nan nan
2.462499999999999967e-01 0.000000000000000000e+00 nan nan nan
2.487499999999999989e-01 0.000000000000000000e+00 nan nan nan
2.512499999999999734e-01 0.000000000000000000e+00 nan nan nan
2.537499999999999756e-01 0.000000000000000000e+00 nan nan nan
2.562499999999999778e-01 0.000000000000000000e+00 nan nan nan
2.587499999999999800e-01 0.000000000000000000e+00 nan nan nan
2.612499999999999822e-01 0.000000000000000000e+00 nan nan nan
2.637499999999999845e-01 0.000000000000000000e+00 nan nan nan
2.662499999999999867e-01 0.000000000000000000e+00 nan nan nan
2.687499999999999889e-01 0.000000000000000000e+00 nan nan nan
2.712499999999999911e-01 0.000000000000000000e+00 nan nan nan
2.737499999999999933e-01 0.000000000000000000e+00 nan nan nan
2.762499999999999956e-01 0.000000000000000000e+00 nan nan nan
2.787499999999999978e-01 0.000000000000000000e+00 nan nan nan
2.812500000000000000e-01 0.000000000000000000e+00 nan nan nan
2.837500000000000022e-01 0.000000000000000000e+00 nan nan nan
2.862500000000000044e-01 0.000000000000000000e+00 nan nan nan
2.887500000000000067e-01 0.000000000000000000e+00 nan nan nan
2.912500000000000089e-01 0.000000000000000000e+00 nan nan nan
2.937500000000000111e-01 0.000000000000000000e+00 nan nan nan
2.962500000000000133e-01 0.000000000000000000e+00 nan nan nan
2.987500000000000155e-01 0.000000000000000000e+00 nan nan nan
3.012500000000000178e-01 0.000000000000000000e+00 nan nan nan
3.037500000000000200e-01 0.000000000000000000e+00 nan nan nan
3.062500000000000222e-01 0.000000000000000000e+00 nan nan nan
3.087500000000000244e-01 0.000000000000000000e+00 nan nan nan
3.112500000000000266e-01 0.000000000000000000e+00 nan nan nan
3.137499999999999734e-01 0.000000000000000000e+00 nan nan nan
3.162499999999999756e-01 0.000000000000000000e+00 nan nan nan
3.187499999999999778e-01 0.000000000000000000e+00 nan nan nan
3.212499999999999800e-01 0.000000000000000000e+00 nan nan nan
3.237499999999999822e-01 0.000000000000000000e+00 nan nan nan
3.262499999999999845e-01 0.000000000000000000e+00 nan nan nan
3.287499999999999867e-01 0.000000000000000000e+00 nan nan nan
3.312499999999999889e-01 0.000000000000000000e+00 nan nan nan
3.337499999999999911e-01 0.000000000000000000e+00 nan nan nan
3.362499999999999933e-01 0.000000000000000000e+00 nan nan nan
3.387499999999999956e-01 0.000000000000000000e+00 nan nan nan
3.412499999999999978e-01 0.000000000000000000e+00 nan nan nan
3.437500000000000000e-01 0.000000000000000000e+00 nan nan nan
3.462500000000000022e-01 0.000000000000000000e+00 nan nan nan
3.487500000000000044e-01 0.000000000000000000e+00 nan nan nan
3.512500000000000067e-01 0.000000000000000000e+00 nan nan nan
3.537500000000000089e-01 0.000000000000000000e+00 nan nan nan
3.562500000000000111e-01 0.000000000000000000e+00 nan nan nan
3.587500000000000133e-01 0.000000000000000000e+00 nan nan nan
3.612500000000000155e-01 0.000000000000000000e+00 nan nan nan
3.637500000000000178e-01 0.000000000000000000e+00 nan nan nan
3.662500000000000200e-01 0.000000000000000000e+00 nan nan nan
3.687500000000000222e-01 0.000000000000000000e+00 nan nan nan
3.712500000000000244e-01 0.000000000000000000e+00 nan nan nan
3.737500000000000266e-01 0.000000000000000000e+00 nan nan nan
3.762499999999999734e-01 0.000000000000000000e+00 nan nan nan
3.787499999999999756e-01 0.000000000000000000e+00 nan nan nan
3.812499999999999778e-01 0.000000000000000000e+00 nan nan nan
3.837499999999999800e-01 0.000000000000000000e+00 nan nan nan
3.862499999999999822e-01 0.000000000000000000e+00 nan nan nan
3.887499999999999845e-01 0.000000000000000000e+00 nan nan nan
3.912499999999999867e-01 0.000000000000000000e+00 nan nan nan
3.937499999999999889e-01 0.000000000000000000e+00 nan nan nan
3.962499999999999911e-01 0.000000000000000000e+00 nan nan nan
3.987499999999999933e-01 0.000000000000000000e+00 nan nan nan
4.012499999999999956e-01 0.000000000000000000e+00 nan nan nan
4.037499999999999978e-01 0.000000000000000000e+00 nan nan nan
4.062500000000000000e-01 0.000000000000000000e+00 nan nan nan
4.087500000000000022e-01 0.000000000000000000e+00 nan nan nan
4.112500000000000044e-01 0.000000000000000000e+00 nan nan nan
4.137500000000000067e-01 0.000000000000000000e+00 nan nan nan
4.162500000000000089e-01 0.000000000000000000e+00 nan nan nan
4.187500000000000111e-01 0.000000000000000000e+00 nan nan nan
4.212500000000000133e-01 0.000000000000000000e+00 nan nan nan
4.237500000000000155e-01 0.000000000000000000e+00 nan nan nan
4.262500000000000178e-01 0.000000000000000000e+00 nan nan nan
4.287500000000000200e-01 0.000000000000000000e+00 nan nan nan
4.312500000000000222e-01 0.000000000000000000e+00 nan nan nan
4.337500000000000244e-01 0.000000000000000000e+00 nan nan nan
4.362500000000000266e-01 0.000000000000000000e+00 nan nan nan
4.387499999999999734e-01 0.000000000000000000e+00 nan nan nan
4.412499999999999756e-01 0.000000000000000000e+00 nan nan nan
4.437499999999999778e-01 0.000000000000000000e+00 nan nan nan
4.462499999999999800e-01 0.000000000000000000e+00 nan nan nan
4.487499999999999822e-01 0.000000000000000000e+00 nan nan nan
4.512499999999999845e-01 0.000000000000000000e+00 nan nan nan
4.537499999999999867e-01 0.000000000000000000e+00 nan nan nan
4.562499999999999889e-01 0.000000000000000000e+00 nan nan nan
4.587499999999999911e-01 0.000000000000000000e+00 nan nan nan
4.612499999999999933e-01 0.000000000000000000e+00 nan nan nan
4.637499999999999956e-01 0.000000000000000000e+00 nan nan nan
4.662499999999999978e-01 0.000000000000000000e+00 nan nan nan
4.687500000000000000e-01 0.000000000000000000e+00 nan nan nan
4.712500000000000022e-01 0.000000000000000000e+00 nan nan nan
4.737500000000000044e-01 0.000000000000000000e+00 nan nan nan
4.762500000000000067e-01 0.000000000000000000e+00 nan nan nan
4.787500000000000089e-01 0.000000000000000000e+00 nan nan nan
4.812500000000000111e-01 0.000000000000000000e+00 nan nan nan
4.837500000000000133e-01 0.000000000000000000e+00 nan nan nan
4.862500000000000155e-01 0.000000000000000000e+00 nan nan nan
4.887500000000000178e-01 0.000000000000000000e+00 nan nan nan
4.912500000000000200e-01 0.000000000000000000e+00 nan nan nan
4.937500000000000222e-01 0.000000000000000000e+00 nan nan nan
4.962500000000000244e-01 0.000000000000000000e+00 nan nan nan
4.987500000000000266e-01 0.000000000000000000e+00 nan nan nan
5.012499999999999734e-01 0.000000000000000000e+00 nan nan nan
5.037500000000000311e-01 0.000000000000000000e+00 nan nan nan
5.062499999999999778e-01 0.000000000000000000e+00 nan nan nan
5.087500000000000355e-01 0.000000000000000000e+00 nan nan nan
5.112499999999999822e-01 0.000000000000000000e+00 nan nan nan
5.137500000000000400e-01 0.000000000000000000e+00 nan nan nan
5.162499999999999867e-01 0.000000000000000000e+00 nan nan nan
5.187500000000000444e-01 0.000000000000000000e+00 nan nan nan
5.212499999999999911e-01 0.000000000000000000e+00 nan nan nan
5.237500000000000488e-01 0.000000000000000000e+00 nan nan nan
5.262499999999999956e-01 0.000000000000000000e+00 nan nan nan
5.287500000000000533e-01 0.000000000000000000e+00 nan nan nan
5.312500000000000000e-01 0.000000000000000000e+00 nan nan nan
5.337499999999999467e-01 0.000000000000000000e+00 nan nan nan
5.362500000000000044e-01 0.000000000000000000e+00 nan nan nan
5.387499999999999512e-01 0.000000000000000000e+00 nan nan nan
5.412500000000000089e-01 0.000000000000000000e+00 nan nan nan
5.437499999999999556e-01 0.000000000000000000e+00 nan nan nan
5.462500000000000133e-01 0.000000000000000000e+00 nan nan nan
5.487499999999999600e-01 0.000000000000000000e+00 nan nan nan
5.512500000000000178e-01 0.000000000000000000e+00 nan nan nan
5.537499999999999645e-01 0.000000000000000000e+00 nan nan nan
5.562500000000000222e-01 0.000000000000000000e+00 nan nan nan
5.587499999999999689e-01 0.000000000000000000e+00 nan nan nan
5.612500000000000266e-01 0.000000000000000000e+00 nan nan nan
5.637499999999999734e-01 0.000000000000000000e+00 nan nan nan
5.662500000000000311e-01 0.000000000000000000e+00 nan nan nan
5.687499999999999778e-01 0.000000000000000000e+00 nan nan nan
5.712500000000000355e-01 0.000000000000000000e+00 nan nan nan
5.737499999999999822e-01 0.000000000000000000e+00 nan nan nan
5.762500000000000400e-01 0.000000000000000000e+00 nan nan nan
5.787499999999999867e-01 0.000000000000000000e+00 nan nan nan
5.812500000000000444e-01 0.000000000000000000e+00 nan nan nan
5.837499999999999911e-01 0.000000000000000000e+00 nan nan nan
5.862500000000000488e-01 0.000000000000000000e+00 nan nan nan
5.887499999999999956e-01 0.000000000000000000e+00 nan nan nan
5.912500000000000533e-01 0.000000000000000000e+00 nan nan nan
5.937500000000000000e-01 0.000000000000000000e+00 nan nan nan
5.962499999999999467e-01 0.000000000000000000e+00 nan nan nan
5.987500000000000044e-01 0.000000000000000000e+00 nan nan nan
6.012499999999999512e-01 0.000000000000000000e+00 nan nan nan
6.037500000000000089e-01 0.000000000000000000e+00 nan nan nan
6.062499999999999556e-01 0.000000000000000000e+00 nan nan nan
6.087500000000000133e-01 0.000000000000000000e+00 nan nan nan
6.112499999999999600e-01 0.000000000000000000e+00 nan nan nan
6.137500000000000178e-01 0.000000000000000000e+00 nan nan nan
6.162499999999999645e-01 0.000000000000000000e+00 nan nan nan
6.187500000000000222e-01 0.000000000000000000e+00 nan nan nan
6.212499999999999689e-01 0.000000000000000000e+00 nan nan nan
6.237500000000000266e-01 0.000000000000000000e+00 nan nan nan
6.262499999999999734e-01 0.000000000000000000e+00 nan nan nan
6.287500000000000311e-01 0.000000000000000000e+00 nan nan nan
6.312499999999999778e-01 0.000000000000000000e+00 nan nan nan
6.337500000000000355e-01 0.000000000000000000e+00 nan nan nan
6.362499999999999822e-01 0.000000000000000000e+00 nan nan nan
6.387500000000000400e-01 0.000000000000000000e+00 nan nan nan
6.412499999999999867e-01 0.000000000000000000e+00 nan nan nan
6.437500000000000444e-01 0.000000000000000000e+00 nan nan nan
6.462499999999999911e-01 0.000000000000000000e+00 nan nan nan
6.487500000000000488e-01 0.000000000000000000e+00 nan nan nan
6.512499999999999956e-01 0.000000000000000000e+00 nan nan nan
6.537500000000000533e-01 0.000000000000000000e+00 nan nan nan
6.562500000000000000e-01 0.000000000000000000e+00 nan nan nan
6.587499999999999467e-01 0.000000000000000000e+00 nan nan nan
6.612500000000000044e-01 0.000000000000000000e+00 nan nan nan
6.637499999999999512e-01 0.000000000000000000e+00 nan nan nan
6.662500000000000089e-01 0.000000000000000000e+00 nan nan nan
6.687499999999999556e-01 0.000000000000000000e+00 nan nan nan
6.712500000000000133e-01 0.000000000000000000e+00 nan nan nan
6.737499999999999600e-01 0.000000000000000000e+00 nan nan nan
6.762500000000000178e-01 0.000000000000000000e+00 nan nan nan
6.787499999999999645e-01 0.000000000000000000e+00 nan nan nan
6.812500000000000222e-01 0.000000000000000000e+00 nan nan nan
6.837499999999999689e-01 0.000000000000000000e+00 nan nan nan
6.862500000000000266e-01 0.000000000000000000e+00 nan nan nan
6.887499999999999734e-01 0.000000000000000000e+00 nan nan nan
6.912500000000000311e-01 0.000000000000000000e+00 nan nan nan
6.937499999999999778e-01 0.000000000000000000e+00 nan nan nan
6.962500000000000355e-01 0.000000000000000000e+00 nan nan nan
6.987499999999999822e-01 0.000000000000000000e+00 nan nan nan
7.012500000000000400e-01 0.000000000000000000e+00 nan nan nan
7.037499999999999867e-01 0.000000000000000000e+00 nan nan nan
7.062500000000000444e-01 0.000000000000000000e+00 nan nan nan
7.087499999999999911e-01 0.000000000000000000e+00 nan nan nan
7.112500000000000488e-01 0.000000000000000000e+00 nan nan nan
7.137499999999999956e-01 0.000000000000000000e+00 nan nan nan
7.162500000000000533e-01 0.000000000000000000e+00 nan nan nan
7.187500000000000000e-01 0.000000000000000000e+00 nan nan nan
7.212499999999999467e-01 0.000000000000000000e+00 nan nan nan
7.237500000000000044e-01 0.000000000000000000e+00 nan nan nan
7.262499999999999512e-01 0.000000000000000000e+00 nan nan nan
7.287500000000000089e-01 0.000000000000000000e+00 nan nan nan
7.312499999999999556e-01 0.000000000000000000e+00 nan nan nan
7.337500000000000133e-01 0.000000000000000000e+00 nan nan nan
7.362499999999999600e-01 0.000000000000000000e+00 nan nan nan
7.387500000000000178e-01 0.000000000000000000e+00 nan nan nan
7.412499999999999645e-01 5.775000000000000104e-05 nan nan nan
7.437500000000000222e-01 0.000000000000000000e+00 nan nan nan
7.462499999999999689e-01 0.000000000000000000e+00 nan nan nan
7.487500000000000266e-01 0.000000000000000000e+00 nan nan nan
7.512499999999999734e-01 5.624999999999999846e-05 nan nan nan
7.537500000000000311e-01 5.599999999999999916e-05 nan nan nan
7.562499999999999778e-01 2.222499999999999812e-04 nan nan nan
7.587500000000000355e-01 1.105000000000000025e-04 nan nan nan
7.612499999999999822e-01 1.644999999999999869e-04 nan nan nan
7.637500000000000400e-01 3.815000000000000574e-04 nan nan nan
7.662499999999999867e-01 3.792499999999999756e-04 nan nan nan
7.687500000000000444e-01 8.604999999999999368e-04 nan nan nan
7.712499999999999911e-01 8.015000000000000206e-04 nan nan nan
7.737500000000000488e-01 1.062000000000000010e-03 nan nan nan
7.762499999999999956e-01 1.793499999999999955e-03 nan nan nan
7.787500000000000533e-01 2.201500000000000332e-03 nan nan nan
7.812500000000000000e-01 3.749500000000000229e-03 nan nan nan
7.837499999999999467e-01 3.984750000000000444e-03 nan nan nan
7.862500000000000044e-01 5.861750000000000640e-03 nan nan nan
7.887499999999999512e-01 6.335749999999999368e-03 nan nan nan
7.912500000000000089e-01 8.479000000000000425e-03 nan nan nan
7.937499999999999556e-01 1.079700000000000104e-02 nan nan nan
7.962500000000000133e-01 1.574274999999999980e-02 nan nan nan
7.987499999999999600e-01 1.494699999999999848e-02 nan nan nan
8.012500000000000178e-01 2.237974999999999687e-02 nan nan nan
8.037499999999999645e-01 2.627550000000000024e-02 nan nan nan
8.062500000000000222e-01 3.334974999999999745e-02 nan nan nan
8.087499999999999689e-01 3.722649999999999570e-02 nan nan nan
8.112500000000000266e-01 4.815424999999999567e-02 nan nan nan
8.137499999999999734e-01 5.366725000000000662e-02 nan nan nan
8.162500000000000311e-01 6.235575000000000145e-02 nan nan nan
8.187499999999999778e-01 7.790824999999999834e-02 nan nan nan
8.212500000000000355e-01 8.568249999999999478e-02 nan nan nan
8.237499999999999822e-01 1.000130000000000047e-01 nan nan nan
8.262500000000000400e-01 1.117009999999999947e-01 nan nan nan
8.287499999999999867e-01 1.342147499999999938e-01 nan nan nan
8.312500000000000444e-01 1.455534999999999746e-01 nan nan nan
8.337499999999999911e-01 1.609152500000000097e-01 nan nan nan
8.362500000000000488e-01 1.820907500000000234e-01 nan nan nan
8.387499999999999956e-01 2.035540000000000127e-01 nan nan nan
8.412500000000000533e-01 2.262857500000000077e-01 nan nan nan
8.437500000000000000e-01 2.532105000000000050e-01 nan nan nan
8.462499999999999467e-01 2.731554999999999955e-01 nan nan nan
8.487500000000000044e-01 3.044662499999999938e-01 nan nan nan
8.512499999999999512e-01 3.270704999999999862e-01 nan nan nan
8.537500000000000089e-01 3.604382499999999601e-01 nan nan nan
8.562499999999999556e-01 3.895962500000000328e-01 nan nan nan
8.587500000000000133e-01 4.211675000000000280e-01 nan nan nan
8.612499999999999600e-01 4.454242499999999660e-01 nan nan nan
8.637500000000000178e-01 4.790220000000000034e-01 nan nan nan
8.662499999999999645e-01 5.229850000000000332e-01 nan nan nan
8.687500000000000222e-01 5.568319999999999936e-01 nan nan nan
8.712499999999999689e-01 5.842102499999999310e-01 nan nan nan
8.737500000000000266e-01 6.275465000000000071e-01 nan nan nan
8.762499999999999734e-01 6.483137500000000220e-01 nan nan nan
8.787500000000000311e-01 6.963734999999999786e-01 nan nan nan
8.812499999999999778e-01 7.342179999999999263e-01 nan nan nan
8.837500000000000355e-01 7.684092499999999326e-01 nan nan nan
8.862499999999999822e-01 8.111067499999999875e-01 nan nan nan
8.887500000000000400e-01 8.418430000000001190e-01 nan nan nan
8.912499999999999867e-01 8.849077499999999930e-01 nan nan nan
8.937500000000000444e-01 9.186837500000000212e-01 nan nan nan
8.962499999999999911e-01 9.470437499999999620e-01 nan nan nan
8.987500000000000488e-01 9.853062500000000501e-01 nan nan nan
9.012499999999999956e-01 1.026418000000000053e+00 nan nan nan
9.037500000000000533e-01 1.056668249999999976e+00 nan nan nan
9.062500000000000000e-01 1.097523000000000026e+00 nan nan nan
9.087499999999999467e-01 1.136758500000000005e+00 nan nan nan
9.112500000000000044e-01 1.168350499999999847e+00 nan nan nan
9.137499999999999512e-01 1.216559999999999864e+00 nan nan nan
9.162500000000000089e-01 1.231057999999999986e+00 nan nan nan
9.187499999999999556e-01 1.258033500000000027e+00 nan nan nan
9.212500000000000133e-01 1.285185499999999870e+00 nan nan nan
9.237499999999999600e-01 1.309678499999999968e+00 nan nan nan
9.262500000000000178e-01 1.346115249999999985e+00 nan nan nan
9.287499999999999645e-01 1.369649249999999929e+00 nan nan nan
9.312500000000000222e-01 1.410211499999999951e+00 nan nan nan
9.337499999999999689e-01 1.426476999999999995e+00 nan nan nan
9.362500000000000266e-01 1.449402999999999997e+00 nan nan nan
9.387499999999999734e-01 1.476717750000000162e+00 nan nan nan
9.412500000000000311e-01 1.497012499999999857e+00 nan nan nan
9.437499999999999778e-01 1.532668249999999954e+00 nan nan nan
9.462500000000000355e-01 1.541798249999999815e+00 nan nan nan
9.487499999999999822e-01 1.541452500000000114e+00 nan nan nan
9.512500000000000400e-01 1.578817499999999985e+00 nan nan nan
9.537499999999999867e-01 1.597213999999999912e+00 nan nan nan
9.562500000000000444e-01 1.621653999999999929e+00 nan nan nan
9.587499999999999911e-01 1.636550249999999984e+00 nan nan nan
9.612500000000000488e-01 1.656154749999999787e+00 nan nan nan
9.637499999999999956e-01 1.667388999999999788e+00 nan nan nan
9.662500000000000533e-01 1.673581749999999868e+00 nan nan nan
9.687500000000000000e-01 1.684431000000000012e+00 nan nan nan
9.712499999999999467e-01 1.695011749999999928e+00 nan nan nan
9.737500000000000044e-01 1.701136750000000086e+00 nan nan nan
9.762499999999999512e-01 1.718350000000000044e+00 nan nan nan
9.787500000000000089e-01 1.710644750000000158e+00 nan nan nan
9.812499999999999556e-01 1.732212749999999968e+00 nan nan nan
9.837500000000000133e-01 1.745787999999999895e+00 nan nan nan
9.862499999999999600e-01 1.731164000000000147e+00 nan nan nan
9.887500000000000178e-01 1.741702000000000083e+00 nan nan nan
9.912499999999999645e-01 1.736841999999999775e+00 nan nan nan
9.937500000000000222e-01 1.756472249999999846e+00 nan nan nan
9.962499999999999689e-01 1.752183499999999894e+00 nan nan nan
9.987500000000000266e-01 1.748903499999999944e+00 nan nan nan
1.001249999999999973e+00 1.767068749999999966e+00 nan nan nan
1.003749999999999920e+00 1.771275999999999851e+00 nan nan nan
1.006250000000000089e+00 1.757054999999999811e+00 nan nan nan
1.008750000000000036e+00 1.766661999999999955e+00 nan nan nan
1.011249999999999982e+00 1.761605749999999970e+00 nan nan nan
1.013749999999999929e+00 1.750175000000000036e+00 nan nan nan
1.016250000000000098e+00 1.766197249999999830e+00 nan nan nan
1.018750000000000044e+00 1.761919499999999861e+00 nan nan nan
1.021249999999999991e+00 1.764641249999999939e+00 nan nan nan
1.023749999999999938e+00 1.742779249999999891e+00 nan nan nan
1.026250000000000107e+00 1.750808249999999955e+00 nan nan nan
1.028750000000000053e+00 1.733478999999999992e+00 nan nan nan
1.031250000000000000e+00 1.732795499999999933e+00 nan nan nan
1.033749999999999947e+00 1.738851250000000181e+00 nan nan nan
1.036249999999999893e+00 1.729139250000000239e+00 nan nan nan
1.038750000000000062e+00 1.715139999999999887e+00 nan nan nan
1.041250000000000009e+00 1.710842749999999857e+00 nan nan nan
1.043749999999999956e+00 1.707821749999999916e+00 nan nan nan
1.046249999999999902e+00 1.686689250000000140e+00 nan nan nan
1.048750000000000071e+00 1.705592500000000067e+00 nan nan nan
1.051250000000000018e+00 1.682878249999999909e+00 nan nan nan
1.053749999999999964e+00 1.693996999999999975e+00 nan nan nan
1.056249999999999911e+00 1.688950500000000021e+00 nan nan nan
1.058750000000000080e+00 1.669414249999999988e+00 nan nan nan
1.061250000000000027e+00 1.658340499999999773e+00 nan nan nan
1.063749999999999973e+00 1.655695499999999987e+00 nan nan nan
1.066249999999999920e+00 1.653057500000000068e+00 nan nan nan
1.068750000000000089e+00 1.644581249999999883e+00 nan nan nan
1.071250000000000036e+00 1.641789500000000235e+00 nan nan nan
1.073749999999999982e+00 1.621829500000000035e+00 nan nan nan
1.076249999999999929e+00 1.622508500000000131e+00 nan nan nan
1.078750000000000098e+00 1.614232250000000146e+00 nan nan nan
1.081250000000000044e+00 1.604845749999999960e+00 nan nan nan
1.083749999999999991e+00 1.585893749999999880e+00 nan nan nan
1.086249999999999938e+00 1.583128249999999904e+00 nan nan nan
1.088750000000000107e+00 1.573184499999999986e+00 nan nan nan
1.091250000000000053e+00 1.565103999999999829e+00 nan nan nan
1.093750000000000000e+00 1.552590000000000137e+00 nan nan nan
1.096249999999999947e+00 1.551600000000000090e+00 nan nan nan
1.098749999999999893e+00 1.554104999999999848e+00 nan nan nan
1.101250000000000062e+00 1.529312500000000075e+00 nan nan nan
1.103750000000000009e+00 1.525679999999999925e+00 nan nan nan
1.106249999999999956e+00 1.514324499999999851e+00 nan nan nan
1.108749999999999902e+00 1.508640999999999899e+00 nan nan nan
1.111250000000000071e+00 1.490148750000000133e+00 nan nan nan
1.113750000000000018e+00 1.481826249999999900e+00 nan nan nan
1.116249999999999964e+00 1.487722250000000024e+00 nan nan nan
1.118749999999999911e+00 1.462489499999999998e+00 nan nan nan
1.121250000000000080e+00 1.459742499999999943e+00 nan nan nan
1.123750000000000027e+00 1.448698750000000146e+00 nan nan nan
1.126249999999999973e+00 1.436886750000000212e+00 nan nan nan
1.128749999999999920e+00 1.428557749999999960e+00 nan nan nan
1.131250000000000089e+00 1.424734500000000015e+00 nan nan nan
1.133750000000000036e+00 1.416627999999999776e+00 nan nan nan
1.136249999999999982e+00 1.413897500000000029e+00 nan nan nan
1.138749999999999929e+00 1.398969500000000199e+00 nan nan nan
1.141250000000000098e+00 1.399998000000000076e+00 nan nan nan
1.143750000000000044e+00 1.388562999999999992e+00 nan nan nan
1.146249999999999991e+00 1.377383499999999872e+00 nan nan nan
1.148749999999999938e+00 1.369178999999999924e+00 nan nan nan
1.151250000000000107e+00 1.349112750000000194e+00 nan nan nan
1.153750000000000053e+00 1.348335000000000061e+00 nan nan nan
1.156250000000000000e+00 1.354850499999999958e+00 nan nan nan
1.158749999999999947e+00 1.336013500000000187e+00 nan nan nan
1.161249999999999893e+00 1.327344500000000149e+00 nan nan nan
1.163750000000000062e+00 1.327492000000000116e+00 nan nan nan
1.166250000000000009e+00 1.309560499999999905e+00 nan nan nan
1.168749999999999956e+00 1.314366249999999958e+00 nan nan nan
1.171249999999999902e+00 1.295808749999999954e+00 nan nan nan
1.173750000000000071e+00 1.291633000000000031e+00 nan nan nan
1.176250000000000018e+00 1.299840749999999989e+00 nan nan nan
1.178749999999999964e+00 1.285090749999999948e+00 nan nan nan
1.181249999999999911e+00 1.279019249999999941e+00 nan nan nan
1.183750000000000080e+00 1.260170250000000047e+00 nan nan nan
1.186250000000000027e+00 1.262996749999999890e+00 nan nan nan
1.188749999999999973e+00 1.252336249999999929e+00 nan nan nan
1.191249999999999920e+00 1.248877250000000050e+00 nan nan nan
1.193750000000000089e+00 1.240305999999999909e+00 nan nan nan
1.196250000000000036e+00 1.226642000000000010e+00 nan nan nan
1.198749999999999982e+00 1.236794249999999984e+00 nan nan nan
1.201249999999999929e+00 1.223787000000000180e+00 nan nan nan
1.203750000000000098e+00 1.214431249999999851e+00 nan nan nan
1.206250000000000044e+00 1.213357000000000019e+00 nan nan nan
1.208749999999999991e+00 1.197052000000000227e+00 nan nan nan
1.211249999999999938e+00 1.190685749999999876e+00 nan nan nan
1.213750000000000107e+00 1.186195749999999993e+00 nan nan nan
1.216250000000000053e+00 1.186631999999999909e+00 nan nan nan
1.218750000000000000e+00 1.173058750000000039e+00 nan nan nan
1.221249999999999947e+00 1.177020500000000025e+00 nan nan nan
1.223749999999999893e+00 1.163683500000000093e+00 nan nan nan
1.226250000000000062e+00 1.166151999999999855e+00 nan nan nan
1.228750000000000009e+00 1.150337500000000013e+00 nan nan nan
1.231249999999999956e+00 1.152192000000000105e+00 nan nan nan
1.233749999999999902e+00 1.144896000000000136e+00 nan nan nan
1.236250000000000071e+00 1.150440750000000012e+00 nan nan nan
1.238750000000000018e+00 1.138364750000000036e+00 nan nan nan
1.241249999999999964e+00 1.132876499999999842e+00 nan nan nan
1.243749999999999911e+00 1.126477249999999986e+00 nan nan nan
1.246250000000000080e+00 1.113223500000000143e+00 nan nan nan
1.248750000000000027e+00 1.100697999999999954e+00 nan nan nan
1.251249999999999973e+00 1.114820249999999957e+00 nan nan nan
1.253749999999999920e+00 1.106577249999999957e+00 nan nan nan
1.256250000000000089e+00 1.099075500000000094e+00 nan nan nan
1.258750000000000036e+00 1.098225249999999820e+00 nan nan nan
1.261249999999999982e+00 1.087560750000000187e+00 nan nan nan
1.263749999999999929e+00 1.089770750000000010e+00 nan nan nan
1.266250000000000098e+00 1.088881499999999836e+00 nan nan nan
1.268750000000000044e+00 1.083943499999999949e+00 nan nan nan
1.271249999999999991e+00 1.071855749999999885e+00 nan nan nan
1.273749999999999938e+00 1.066810000000000036e+00 nan nan nan
1.276250000000000107e+00 1.062575999999999965e+00 nan nan nan
1.278750000000000053e+00 1.062390750000000050e+00 nan nan nan
1.281250000000000000e+00 1.059410749999999846e+00 nan nan nan
1.283749999999999947e+00 1.054980000000000029e+00 nan nan nan
1.286249999999999893e+00 1.042083250000000127e+00 nan nan nan
1.288750000000000062e+00 1.042311999999999905e+00 nan nan nan
1.291250000000000009e+00 1.031912500000000232e+00 nan nan nan
1.293749999999999956e+00 1.032657250000000193e+00 nan nan nan
1.296249999999999902e+00 1.035828749999999854e+00 nan nan nan
1.298750000000000071e+00 1.022836750000000183e+00 nan nan nan
1.301250000000000018e+00 1.019698750000000098e+00 nan nan nan
1.303749999999999964e+00 1.017848749999999969e+00 nan nan nan
1.306249999999999911e+00 1.027090250000000093e+00 nan nan nan
1.308750000000000080e+00 1.013018750000000079e+00 nan nan nan
1.311250000000000027e+00 1.014890749999999953e+00 nan nan nan
1.313749999999999973e+00 1.000699749999999888e+00 nan nan nan
1.316249999999999920e+00 1.000498499999999957e+00 nan nan nan
1.318750000000000089e+00 1.000053000000000081e+00 nan nan nan
1.321250000000000036e+00 9.955987499999999768e-01 nan nan nan
1.323749999999999982e+00 9.906262500000000415e-01 nan nan nan
1.326249999999999929e+00 9.829917499999999420e-01 nan nan nan
1.328750000000000098e+00 9.872539999999999649e-01 nan nan nan
1.331250000000000044e+00 9.847152500000000419e-01 nan nan nan
1.333749999999999991e+00 9.754522500000000207e-01 nan nan nan
1.336249999999999938e+00 9.783744999999999248e-01 nan nan nan
1.338750000000000107e+00 9.725419999999999066e-01 nan nan nan
1.341250000000000053e+00 9.725247499999999379e-01 nan nan nan
1.343750000000000000e+00 9.582237499999999297e-01 nan nan nan
1.346249999999999947e+00 9.584740000000000482e-01 nan nan nan
1.348749999999999893e+00 9.615467500000000056e-01 nan nan nan
1.351250000000000062e+00 9.618050000000000210e-01 nan nan nan
1.353750000000000009e+00 9.514390000000000347e-01 nan nan nan
1.356249999999999956e+00 9.516674999999999995e-01 nan nan nan
1.358749999999999902e+00 9.438297500000000229e-01 nan nan nan
1.361250000000000071e+00 9.429910000000000236e-01 nan nan nan
1.363750000000000018e+00 9.520815000000000250e-01 nan nan nan
1.366249999999999964e+00 9.365272499999999223e-01 nan nan nan
1.368749999999999911e+00 9.360612500000000669e-01 nan nan nan
1.371250000000000080e+00 9.402080000000000437e-01 nan nan nan
1.373750000000000027e+00 9.349024999999999697e-01 nan nan nan
1.376249999999999973e+00 9.323649999999998883e-01 nan nan nan
1.378749999999999920e+00 9.259435000000000304e-01 nan nan nan
1.381250000000000089e+00 9.273597500000000382e-01 nan nan nan
1.383750000000000036e+00 9.264357500000000023e-01 nan nan nan
1.386249999999999982e+00 9.206655000000000255e-01 nan nan nan
1.388749999999999929e+00 9.260067499999999896e-01 nan nan nan
1.391250000000000098e+00 9.220084999999998976e-01 nan nan nan
1.393750000000000044e+00 9.234820000000000251e-01 nan nan nan
1.396249999999999991e+00 9.174875000000000114e-01 nan nan nan
1.398749999999999938e+00 9.117574999999999985e-01 nan nan nan
1.401250000000000107e+00 9.071307500000000967e-01 nan nan nan
1.403750000000000053e+00 9.133237499999999898e-01 nan nan nan
1.406250000000000000e+00 9.138402500000000206e-01 nan nan nan
1.408749999999999947e+00 9.040165000000000006e-01 nan nan nan
1.411249999999999893e+00 9.073762499999999953e-01 nan nan nan
1.413750000000000062e+00 8.997965000000001101e-01 nan nan nan
1.416250000000000009e+00 9.048475000000000268e-01 nan nan nan
1.418749999999999956e+00 9.052304999999999380e-01 nan nan nan
1.421249999999999902e+00 8.989957499999999824e-01 nan nan nan
1.423750000000000071e+00 8.911682499999999951e-01 nan nan nan
1.426250000000000018e+00 8.924535000000000107e-01 nan nan nan
1.428749999999999964e+00 8.913107500000000405e-01 nan nan nan
1.431249999999999911e+00 8.945465000000001332e-01 nan nan nan
1.433750000000000080e+00 8.870379999999999932e-01 nan nan nan
1.436250000000000027e+00 8.917037499999999062e-01 nan nan nan
1.438749999999999973e+00 8.891602499999999853e-01 nan nan nan
1.441249999999999920e+00 8.879145000000000509e-01 nan nan nan
1.443750000000000089e+00 8.814714999999999634e-01 nan nan nan
1.446250000000000036e+00 8.807827499999999477e-01 nan nan nan
1.448749999999999982e+00 8.830612500000000198e-01 nan nan nan
1.451249999999999929e+00 8.772447500000000176e-01 nan nan nan
1.453750000000000098e+00 8.760950000000000681e-01 nan nan nan
1.456250000000000044e+00 8.783060000000000311e-01 nan nan nan
1.458749999999999991e+00 8.739387499999999864e-01 nan nan nan
1.461249999999999938e+00 8.800762500000000044e-01 nan nan nan
1.463750000000000107e+00 8.659752499999999742e-01 nan nan nan
1.466250000000000053e+00 8.716447499999999682e-01 nan nan nan
1.468750000000000000e+00 8.647750000000000714e-01 nan nan nan
1.471249999999999947e+00 8.692840000000000567e-01 nan nan nan
1.473749999999999893e+00 8.691472499999999268e-01 nan nan nan
1.476250000000000062e+00 8.649227500000000735e-01 nan nan nan
1.478750000000000009e+00 8.676117500000000149e-01 nan nan nan
1.481249999999999956e+00 8.668582499999999413e-01 nan nan nan
1.483749999999999902e+00 8.733827500000000965e-01 nan nan nan
1.486250000000000071e+00 8.689934999999999743e-01 nan nan nan
1.488750000000000018e+00 8.660345000000000404e-01 nan nan nan
1.491249999999999964e+00 8.693794999999999717e-01 nan nan nan
1.493749999999999911e+00 8.617422499999999319e-01 nan nan nan
1.496250000000000080e+00 8.666597500000000620e-01 nan nan nan
1.498750000000000027e+00 8.684975000000000334e-01 nan nan nan
1.501249999999999973e+00 8.666935000000000056e-01 nan nan nan
1.503749999999999920e+00 8.631955000000000044e-01 nan nan nan
1.506250000000000089e+00 8.631767499999999371e-01 nan nan nan
1.508750000000000036e+00 8.641165000000000651e-01 nan nan nan
1.511249999999999982e+00 8.667437499999999240e-01 nan nan nan
1.513749999999999929e+00 8.635224999999999707e-01 nan nan nan
1.516250000000000098e+00 8.614517499999999606e-01 nan nan nan
1.518750000000000044e+00 8.604370000000000074e-01 nan nan nan
1.521249999999999991e+00 8.595205000000000206e-01 nan nan nan
1.523749999999999938e+00 8.618639999999999635e-01 nan nan nan
1.526250000000000107e+00 8.620992500000000947e-01 nan nan nan
1.528750000000000053e+00 8.569562499999999750e-01 nan nan nan
1.531250000000000000e+00 8.647885000000000710e-01 nan nan nan
1.533749999999999947e+00 8.530672499999999436e-01 nan nan nan
1.536249999999999893e+00 8.644757499999999872e-01 nan nan nan
1.538750000000000062e+00 8.619507500000000988e-01 nan nan nan
1.541250000000000009e+00 8.575775000000001036e-01 nan nan nan
1.543749999999999956e+00 8.614445000000000574e-01 nan nan nan
1.546249999999999902e+00 8.592460000000000653e-01 nan nan nan
1.548750000000000071e+00 8.646112500000000534e-01 nan nan nan
1.551250000000000018e+00 8.543237499999999374e-01 nan nan nan
1.553749999999999964e+00 8.656127500000000419e-01 nan nan nan
1.556249999999999911e+00 8.605110000000000259e-01 nan nan nan
1.558750000000000080e+00 8.604214999999999502e-01 nan nan nan
1.561250000000000027e+00 8.651667499999999844e-01 nan nan nan
1.563749999999999973e+00 8.657307499999999933e-01 nan nan nan
1.566249999999999920e+00 8.627617499999999939e-01 nan nan nan
1.568750000000000089e+00 8.693912500000000598e-01 nan nan nan
1.571250000000000036e+00 8.600477499999999997e-01 nan nan nan
1.573749999999999982e+00 8.597304999999999531e-01 nan nan nan
1.576249999999999929e+00 8.589114999999999389e-01 nan nan nan
1.578750000000000098e+00 8.595732500000000664e-01 nan nan nan
1.581250000000000044e+00 8.653750000000000053e-01 nan nan nan
1.583749999999999991e+00 8.634560000000000013e-01 nan nan nan
1.586249999999999938e+00 8.675710000000000921e-01 nan nan nan
1.588750000000000107e+00 8.617319999999999425e-01 nan nan nan
1.591250000000000053e+00 8.735135000000000538e-01 nan nan nan
1.593750000000000000e+00 8.687982499999999941e-01 nan nan nan
1.596249999999999947e+00 8.634092499999999060e-01 nan nan nan
1.598749999999999893e+00 8.692050000000000054e-01 nan nan nan
1.601250000000000062e+00 8.691462500000000091e-01 nan nan nan
1.603750000000000009e+00 8.676247500000000556e-01 nan nan nan
1.606249999999999956e+00 8.761499999999999844e-01 nan nan nan
1.608749999999999902e+00 8.718200000000000394e-01 nan nan nan
1.611250000000000071e+00 8.747000000000000330e-01 nan nan nan
1.613750000000000018e+00 8.765692499999999665e-01 nan nan nan
1.616249999999999964e+00 8.721075000000000355e-01 nan nan nan
1.618749999999999911e+00 8.766092500000000065e-01 nan nan nan
1.621250000000000080e+00 8.747059999999999835e-01 nan nan nan
1.623750000000000027e+00 8.796462499999999629e-01 nan nan nan
1.626249999999999973e+00 8.777132500000001114e-01 nan nan nan
1.628749999999999920e+00 8.779325000000000045e-01 nan nan nan
1.631250000000000089e+00 8.791257500000000391e-01 nan nan nan
1.633750000000000036e+00 8.813794999999999824e-01 nan nan nan
1.636249999999999982e+00 8.826302499999999496e-01 nan nan nan
1.638749999999999929e+00 8.829929999999999168e-01 nan nan nan
1.641250000000000098e+00 8.835032499999999622e-01 nan nan nan
1.643750000000000044e+00 8.822999999999999732e-01 nan nan nan
1.646249999999999991e+00 8.911167499999999020e-01 nan nan nan
1.648749999999999938e+00 8.870947499999999319e-01 nan nan nan
1.651250000000000107e+00 8.927114999999998801e-01 nan nan nan
1.653750000000000053e+00 8.853997500000000409e-01 nan nan nan
1.656250000000000000e+00 8.949540000000000273e-01 nan nan nan
1.658749999999999947e+00 8.907680000000000042e-01 nan nan nan
1.661249999999999893e+00 9.020952500000000152e-01 nan nan nan
1.663750000000000062e+00 8.952980000000000382e-01 nan nan nan
1.666250000000000009e+00 8.977424999999999988e-01 nan nan nan
1.668749999999999956e+00 8.956482500000000346e-01 nan nan nan
1.671249999999999902e+00 9.002885000000000471e-01 nan nan nan
1.673750000000000071e+00 8.984750000000001346e-01 nan nan nan
1.676250000000000018e+00 9.064082500000000264e-01 nan nan nan
1.678749999999999964e+00 8.984882499999999883e-01 nan nan nan
1.681249999999999911e+00 9.031057499999999294e-01 nan nan nan
1.683750000000000080e+00 9.120079999999999298e-01 nan nan nan
1.686250000000000027e+00 9.054379999999999651e-01 nan nan nan
1.688749999999999973e+00 9.077524999999999622e-01 nan nan nan
1.691249999999999920e+00 9.119827499999999532e-01 nan nan nan
1.693750000000000089e+00 9.119520000000000959e-01 nan nan nan
1.696250000000000036e+00 9.093759999999999621e-01 nan nan nan
1.698749999999999982e+00 9.125947500000000101e-01 nan nan nan
1.701249999999999929e+00 9.200410000000001087e-01 nan nan nan
1.703750000000000098e+00 9.178905000000000536e-01 nan nan nan
1.706250000000000044e+00 9.245377499999999360e-01 nan nan nan
1.708749999999999991e+00 9.201472500000000831e-01 nan nan nan
1.711249999999999938e+00 9.209990000000000121e-01 nan nan nan
1.713750000000000107e+00 9.224485000000000046e-01 nan nan nan
1.716250000000000053e+00 9.292057499999999415e-01 nan nan nan
1.718750000000000000e+00 9.244817499999999910e-01 nan nan nan
1.721249999999999947e+00 9.303277500000000089e-01 nan nan nan
1.723749999999999893e+00 9.312365000000000226e-01 nan nan nan
1.726250000000000062e+00 9.340985000000000538e-01 nan nan nan
1.728750000000000009e+00 9.366317500000000962e-01 nan nan nan
1.731249999999999956e+00 9.378845000000000098e-01 nan nan nan
1.733749999999999902e+00 9.430177499999999879e-01 nan nan nan
1.736250000000000071e+00 9.385007499999999947e-01 nan nan nan
1.738750000000000018e+00 9.442260000000000097e-01 nan nan nan
1.741249999999999964e+00 9.442317500000000363e-01 nan nan nan
1.743749999999999911e+00 9.480285000000000517e-01 nan nan nan
1.746250000000000080e+00 9.455454999999999277e-01 nan nan nan
1.748750000000000027e+00 9.501197500000000407e-01 nan nan nan
1.751249999999999973e+00 9.574835000000000429e-01 nan nan nan
1.753749999999999920e+00 9.544352500000000683e-01 nan nan nan
1.756250000000000089e+00 9.564400000000000679e-01 nan nan nan
1.758750000000000036e+00 9.517189999999999817e-01 nan nan nan
1.761249999999999982e+00 9.647795000000000121e-01 nan nan nan
1.763749999999999929e+00 9.598902499999999449e-01 nan nan nan
1.766250000000000098e+00 9.587947500000000289e-01 nan nan nan
1.768750000000000044e+00 9.682992500000000557e-01 nan nan nan
1.771249999999999991e+00 9.658112500000000100e-01 nan nan nan
1.773749999999999938e+00 9.726582500000000575e-01 nan nan nan
1.776250000000000107e+00 9.721690000000000609e-01 nan nan nan
1.778750000000000053e+00 9.694585000000000008e-01 nan nan nan
1.781250000000000000e+00 9.709969999999999990e-01 nan nan nan
1.783749999999999947e+00 9.741910000000000291e-01 nan nan nan
1.786249999999999893e+00 9.705200000000000493e-01 nan nan nan
1.788750000000000062e+00 9.801079999999999792e-01 nan nan nan
1.791250000000000009e+00 9.799002500000000282e-01 nan nan nan
1.793749999999999956e+00 9.815867499999999524e-01 nan nan nan
1.796249999999999902e+00 9.843732499999999774e-01 nan nan nan
1.798750000000000071e+00 9.819042499999999229e-01 nan nan nan
1.801250000000000018e+00 9.881152499999998895e-01 nan nan nan
1.803749999999999964e+00 9.880652500000000060e-01 nan nan nan
1.806249999999999911e+00 9.970137500000000319e-01 nan nan nan
1.808750000000000080e+00 9.948427499999999979e-01 nan nan nan
1.811250000000000027e+00 9.960802500000001114e-01 nan nan nan
1.813749999999999973e+00 9.937617499999999993e-01 nan nan nan
1.816249999999999920e+00 9.989002499999999340e-01 nan nan nan
1.818750000000000089e+00 1.000759249999999989e+00 nan nan nan
1.821250000000000036e+00 9.976972499999999799e-01 nan nan nan
1.823749999999999982e+00 1.005552999999999919e+00 nan nan nan
1.826249999999999929e+00 1.005899249999999912e+00 nan nan nan
1.828750000000000098e+00 1.008549750000000023e+00 nan nan nan
1.831250000000000044e+00 1.003835499999999881e+00 nan nan nan
1.833749999999999991e+00 1.012217249999999957e+00 nan nan nan
1.836249999999999938e+00 1.017523249999999990e+00 nan nan nan
1.838750000000000107e+00 1.013930499999999846e+00 nan nan nan
1.841250000000000053e+00 1.017658249999999986e+00 nan nan nan
1.843750000000000000e+00 1.014124499999999873e+00 nan nan nan
1.846249999999999947e+00 1.025200249999999924e+00 nan nan nan
1.848749999999999893e+00 1.019936749999999837e+00 nan nan nan
1.851250000000000062e+00 1.023806500000000064e+00 nan nan nan
1.853750000000000009e+00 1.023164749999999845e+00 nan nan nan
1.856249999999999956e+00 1.023639500000000035e+00 nan nan nan
1.858749999999999902e+00 1.026205749999999917e+00 nan nan nan
1.861250000000000071e+00 1.030690249999999919e+00 nan nan nan
1.863750000000000018e+00 1.027314000000000060e+00 nan nan nan
1.866249999999999964e+00 1.037231250000000049e+00 nan nan nan
1.868749999999999911e+00 1.025155500000000108e+00 nan nan nan
1.871250000000000080e+00 1.032749000000000139e+00 nan nan nan
1.873750000000000027e+00 1.032384999999999886e+00 nan nan nan
1.876249999999999973e+00 1.032326500000000147e+00 nan nan nan
1.878749999999999920e+00 1.042476750000000063e+00 nan nan nan
1.881250000000000089e+00 1.035333999999999977e+00 nan nan nan
1.883750000000000036e+00 1.036574000000000106e+00 nan nan nan
1.886249999999999982e+00 1.036294000000000048e+00 nan nan nan
1.888749999999999929e+00 1.034559250000000041e+00 nan nan nan
1.891250000000000098e+00 1.043503499999999917e+00 nan nan nan
1.893750000000000044e+00 1.043931999999999860e+00 nan nan nan
1.896249999999999991e+00 1.038131499999999985e+00 nan nan nan
1.898749999999999938e+00 1.046985000000000054e+00 nan nan nan
1.901250000000000107e+00 1.047038249999999948e+00 nan nan nan
1.903750000000000053e+00 1.046614500000000003e+00 nan nan nan
1.906250000000000000e+00 1.048752499999999976e+00 nan nan nan
1.908749999999999947e+00 1.048458499999999960e+00 nan nan nan
1.911249999999999893e+00 1.043272250000000012e+00 nan nan nan
1.913750000000000062e+00 1.051423500000000066e+00 nan nan nan
1.916250000000000009e+00 1.045980750000000015e+00 nan nan nan
1.918749999999999956e+00 1.051709500000000075e+00 nan nan nan
1.921249999999999902e+00 1.053684999999999983e+00 nan nan nan
1.923750000000000071e+00 1.055706499999999881e+00 nan nan nan
1.926250000000000018e+00 1.053550500000000056e+00 nan nan nan
1.928749999999999964e+00 1.052461500000000161e+00 nan nan nan
1.931249999999999911e+00 1.056019750000000146e+00 nan nan nan
1.933750000000000080e+00 1.054744750000000009e+00 nan nan nan
1.936250000000000027e+00 1.059127500000000000e+00 nan nan nan
1.938749999999999973e+00 1.058782749999999995e+00 nan nan nan
1.941249999999999920e+00 1.053450999999999915e+00 nan nan nan
1.943750000000000089e+00 1.052560249999999975e+00 nan nan nan
1.946250000000000036e+00 1.059474999999999945e+00 nan nan nan
1.948749999999999982e+00 1.059880500000000003e+00 nan nan nan
1.951249999999999929e+00 1.059136749999999960e+00 nan nan nan
1.953750000000000098e+00 1.060533249999999983e+00 nan nan nan
1.956250000000000044e+00 1.061861249999999979e+00 nan nan nan
1.958749999999999991e+00 1.062839499999999937e+00 nan nan nan
1.961249999999999938e+00 1.064114500000000074e+00 nan nan nan
1.963750000000000107e+00 1.054729999999999945e+00 nan nan nan
1.966250000000000053e+00 1.066470749999999912e+00 nan nan nan
1.968750000000000000e+00 1.061664500000000011e+00 nan nan nan
1.971249999999999947e+00 1.060961249999999856e+00 nan nan nan
1.973749999999999893e+00 1.060518999999999989e+00 nan nan nan
1.976250000000000062e+00 1.062688499999999925e+00 nan nan nan
1.978750000000000009e+00 1.065403499999999948e+00 nan nan nan
1.981249999999999956e+00 1.067793999999999910e+00 nan nan nan
1.983749999999999902e+00 1.063795999999999964e+00 nan nan nan
1.986250000000000071e+00 1.064624499999999863e+00 nan nan nan
1.988750000000000018e+00 1.064794500000000088e+00 nan nan nan
1.991249999999999964e+00 1.062114250000000037e+00 nan nan nan
1.993749999999999911e+00 1.061403749999999979e+00 nan nan nan
1.996250000000000080e+00 1.055803749999999930e+00 nan nan nan
1.998750000000000027e+00 1.058837250000000063e+00 nan nan nan
2.001250000000000195e+00 1.061201250000000096e+00 nan nan nan
2.003750000000000142e+00 1.059924499999999936e+00 nan nan nan
2.006250000000000089e+00 1.059314499999999937e+00 nan nan nan
2.008750000000000036e+00 1.060657750000000066e+00 nan nan nan
2.011249999999999982e+00 1.059319249999999935e+00 nan nan nan
2.013749999999999929e+00 1.061809000000000003e+00 nan nan nan
2.016249999999999876e+00 1.062055000000000193e+00 nan nan nan
2.018749999999999822e+00 1.059122249999999932e+00 nan nan nan
2.021250000000000213e+00 1.062432250000000078e+00 nan nan nan
2.023750000000000160e+00 1.062929249999999826e+00 nan nan nan
2.026250000000000107e+00 1.056181500000000106e+00 nan nan nan
2.028750000000000053e+00 1.058777499999999927e+00 nan nan nan
2.031250000000000000e+00 1.062397750000000141e+00 nan nan nan
2.033749999999999947e+00 1.057259249999999984e+00 nan nan nan
2.036249999999999893e+00 1.059310500000000044e+00 nan nan nan
2.038749999999999840e+00 1.060270250000000081e+00 nan nan nan
2.041249999999999787e+00 1.060199749999999774e+00 nan nan nan
2.043750000000000178e+00 1.056481000000000225e+00 nan nan nan
2.046250000000000124e+00 1.058592999999999895e+00 nan nan nan
2.048750000000000071e+00 1.054685749999999977e+00 nan nan nan
2.051250000000000018e+00 1.057397249999999955e+00 nan nan nan
2.053749999999999964e+00 1.055759000000000114e+00 nan nan nan
2.056249999999999911e+00 1.053734500000000018e+00 nan nan nan
2.058749999999999858e+00 1.055654249999999905e+00 nan nan nan
2.061249999999999805e+00 1.047401750000000131e+00 nan nan nan
2.063750000000000195e+00 1.052702249999999840e+00 nan nan nan
2.066250000000000142e+00 1.052516250000000042e+00 nan nan nan
2.068750000000000089e+00 1.047285500000000091e+00 nan nan nan
2.071250000000000036e+00 1.049434500000000048e+00 nan nan nan
2.073749999999999982e+00 1.049943250000000106e+00 nan nan nan
2.076249999999999929e+00 1.049414749999999952e+00 nan nan nan
2.078749999999999876e+00 1.054159999999999986e+00 nan nan nan
2.081249999999999822e+00 1.045347000000000026e+00 nan nan nan
2.083750000000000213e+00 1.044597250000000033e+00 nan nan nan
2.086250000000000160e+00 1.047872000000000137e+00 nan nan nan
2.088750000000000107e+00 1.051594999999999835e+00 nan nan nan
2.091250000000000053e+00 1.049169249999999831e+00 nan nan nan
2.093750000000000000e+00 1.044497249999999822e+00 nan nan nan
2.096249999999999947e+00 1.044119499999999867e+00 nan nan nan
2.098749999999999893e+00 1.043957250000000059e+00 nan nan nan
2.101249999999999840e+00 1.048918749999999900e+00 nan nan nan
2.103749999999999787e+00 1.043770000000000087e+00 nan nan nan
2.106250000000000178e+00 1.044381500000000074e+00 nan nan nan
2.108750000000000124e+00 1.046017250000000010e+00 nan nan nan
2.111250000000000071e+00 1.046857750000000031e+00 nan nan nan
2.113750000000000018e+00 1.039957250000000055e+00 nan nan nan
2.116249999999999964e+00 1.041469250000000013e+00 nan nan nan
2.118749999999999911e+00 1.041590499999999864e+00 nan nan nan
2.121249999999999858e+00 1.039278249999999959e+00 nan nan nan
2.123749999999999805e+00 1.039348750000000043e+00 nan nan nan
2.126250000000000195e+00 1.042207499999999953e+00 nan nan nan
2.128750000000000142e+00 1.039887250000000041e+00 nan nan nan
2.131250000000000089e+00 1.039555749999999890e+00 nan nan nan
2.133750000000000036e+00 1.035361500000000046e+00 nan nan nan
2.136249999999999982e+00 1.038400750000000095e+00 nan nan nan
2.138749999999999929e+00 1.035598999999999936e+00 nan nan nan
2.141249999999999876e+00 1.032336499999999990e+00 nan nan nan
2.143749999999999822e+00 1.040354000000000223e+00 nan nan nan
2.146250000000000213e+00 1.030451250000000041e+00 nan nan nan
2.148750000000000160e+00 1.032509249999999934e+00 nan nan nan
2.151250000000000107e+00 1.029286499999999993e+00 nan nan nan
2.153750000000000053e+00 1.032195500000000044e+00 nan nan nan
2.156250000000000000e+00 1.026740250000000021e+00 nan nan nan
2.158749999999999947e+00 1.029670499999999933e+00 nan nan nan
2.161249999999999893e+00 1.034496250000000117e+00 nan nan nan
2.163749999999999840e+00 1.029934499999999975e+00 nan nan nan
2.166249999999999787e+00 1.028161749999999763e+00 nan nan nan
2.168750000000000178e+00 1.030456000000000039e+00 nan nan nan
2.171250000000000124e+00 1.024450000000000083e+00 nan nan nan
2.173750000000000071e+00 1.026823999999999959e+00 nan nan nan
2.176250000000000018e+00 1.028896000000000033e+00 nan nan nan
2.178749999999999964e+00 1.020657000000000147e+00 nan nan nan
2.181249999999999911e+00 1.022166750000000013e+00 nan nan nan
2.183749999999999858e+00 1.022313999999999945e+00 nan nan nan
2.186249999999999805e+00 1.022657499999999997e+00 nan nan nan
2.188750000000000195e+00 1.029047750000000150e+00 nan nan nan
2.191250000000000142e+00 1.022007499999999958e+00 nan nan nan
2.193750000000000089e+00 1.025557999999999970e+00 nan nan nan
2.196250000000000036e+00 1.021622999999999948e+00 nan nan nan
2.198749999999999982e+00 1.015829749999999976e+00 nan nan nan
2.201249999999999929e+00 1.020398499999999986e+00 nan nan nan
2.203749999999999876e+00 1.012115249999999911e+00 nan nan nan
2.206249999999999822e+00 1.019847249999999761e+00 nan nan nan
2.208750000000000213e+00 1.018328499999999970e+00 nan nan nan
2.211250000000000160e+00 1.017171250000000082e+00 nan nan nan
2.213750000000000107e+00 1.014836250000000106e+00 nan nan nan
2.216250000000000053e+00 1.011603000000000030e+00 nan nan nan
2.218750000000000000e+00 1.017001999999999962e+00 nan nan nan
2.221249999999999947e+00 1.013058500000000084e+00 nan nan nan
2.223749999999999893e+00 1.012722750000000005e+00 nan nan nan
2.226249999999999840e+00 1.010731750000000151e+00 nan nan nan
2.228749999999999787e+00 1.012439749999999972e+00 nan nan nan
2.231250000000000178e+00 1.007950249999999937e+00 nan nan nan
2.233750000000000124e+00 1.008389750000000085e+00 nan nan nan
2.236250000000000071e+00 1.013700749999999928e+00 nan nan nan
2.238750000000000018e+00 1.010182250000000170e+00 nan nan nan
2.241249999999999964e+00 1.012150499999999953e+00 nan nan nan
2.243749999999999911e+00 1.009984999999999911e+00 nan nan nan
2.246249999999999858e+00 1.010308499999999832e+00 nan nan nan
2.248749999999999805e+00 1.006554500000000019e+00 nan nan nan
2.251250000000000195e+00 1.004891250000000014e+00 nan nan nan
2.253750000000000142e+00 1.002831999999999946e+00 nan nan nan
2.256250000000000089e+00 1.004001249999999956e+00 nan nan nan
2.258750000000000036e+00 1.003643000000000063e+00 nan nan nan
2.261249999999999982e+00 1.003022500000000150e+00 nan nan nan
2.263749999999999929e+00 9.991767499999999469e-01 nan nan nan
2.266249999999999876e+00 1.001510499999999970e+00 nan nan nan
2.268749999999999822e+00 1.002664250000000035e+00 nan nan nan
2.271250000000000213e+00 1.008548750000000105e+00 nan nan nan
2.273750000000000160e+00 1.002698250000000124e+00 nan nan nan
2.276250000000000107e+00 9.981167499999999970e-01 nan nan nan
2.278750000000000053e+00 1.003071500000000116e+00 nan nan nan
2.281250000000000000e+00 1.000532250000000012e+00 nan nan nan
2.283749999999999947e+00 1.003078750000000019e+00 nan nan nan
2.286249999999999893e+00 9.998340000000001115e-01 nan nan nan
2.288749999999999840e+00 9.988217500000000637e-01 nan nan nan
2.291249999999999787e+00 1.001402499999999973e+00 nan nan nan
2.293750000000000178e+00 9.949977499999999031e-01 nan nan nan
2.296250000000000124e+00 9.950449999999999573e-01 nan nan nan
2.298750000000000071e+00 9.942234999999999268e-01 nan nan nan
2.301250000000000018e+00 9.940089999999999204e-01 nan nan nan
2.303749999999999964e+00 9.930147500000000571e-01 nan nan nan
2.306249999999999911e+00 9.951717500000000216e-01 nan nan nan
2.308749999999999858e+00 9.948304999999999509e-01 nan nan nan
2.311249999999999805e+00 9.902459999999999596e-01 nan nan nan
2.313750000000000195e+00 9.905297500000000976e-01 nan nan nan
2.316250000000000142e+00 9.921312499999999091e-01 nan nan nan
2.318750000000000089e+00 9.913292499999999396e-01 nan nan nan
2.321250000000000036e+00 9.953184999999999949e-01 nan nan nan
2.323749999999999982e+00 9.895635000000000403e-01 nan nan nan
2.326249999999999929e+00 9.960080000000000044e-01 nan nan nan
2.328749999999999876e+00 9.917137499999999495e-01 nan nan nan
2.331249999999999822e+00 9.894357499999999472e-01 nan nan nan
2.333750000000000213e+00 9.890737499999999738e-01 nan nan nan
2.336250000000000160e+00 9.831670000000000131e-01 nan nan nan
2.338750000000000107e+00 9.885684999999999611e-01 nan nan nan
2.341250000000000053e+00 9.878157499999999924e-01 nan nan nan
2.343750000000000000e+00 9.898065000000000335e-01 nan nan nan
2.346249999999999947e+00 9.913994999999999891e-01 nan nan nan
2.348749999999999893e+00 9.895205000000000251e-01 nan nan nan
2.351249999999999840e+00 9.906947499999999573e-01 nan nan nan
2.353749999999999787e+00 9.884595000000000464e-01 nan nan nan
2.356250000000000178e+00 9.873877500000000085e-01 nan nan nan
2.358750000000000124e+00 9.876612499999999351e-01 nan nan nan
2.361250000000000071e+00 9.889232500000000314e-01 nan nan nan
2.363750000000000018e+00 9.895122499999999821e-01 nan nan nan
2.366249999999999964e+00 9.850037499999999557e-01 nan nan nan
2.368749999999999911e+00 9.839679999999999538e-01 nan nan nan
2.371249999999999858e+00 9.861117499999999536e-01 nan nan nan
2.373749999999999805e+00 9.852997500000000297e-01 nan nan nan
2.376250000000000195e+00 9.858729999999998883e-01 nan nan nan
2.378750000000000142e+00 9.841222499999999762e-01 nan nan nan
2.381250000000000089e+00 9.873655000000001181e-01 nan nan nan
2.383750000000000036e+00 9.810552499999999343e-01 nan nan nan
2.386249999999999982e+00 9.846000000000000307e-01 nan nan nan
2.388749999999999929e+00 9.830744999999999623e-01 nan nan nan
2.391249999999999876e+00 9.824325000000000419e-01 nan nan nan
2.393749999999999822e+00 9.849469999999999059e-01 nan nan nan
2.396250000000000213e+00 9.877197499999998964e-01 nan nan nan
2.398750000000000160e+00 9.824804999999999788e-01 nan nan nan
2.401250000000000107e+00 9.799062499999999787e-01 nan nan nan
2.403750000000000053e+00 9.864732499999999682e-01 nan nan nan
2.406250000000000000e+00 9.820637500000000131e-01 nan nan nan
2.408749999999999947e+00 9.821247499999999908e-01 nan nan nan
2.411249999999999893e+00 9.803732499999999739e-01 nan nan nan
2.413749999999999840e+00 9.785835000000000505e-01 nan nan nan
2.416249999999999787e+00 9.806102500000000166e-01 nan nan nan
2.418750000000000178e+00 9.803285000000000471e-01 nan nan nan
2.421250000000000124e+00 9.837002499999999428e-01 nan nan nan
2.423750000000000071e+00 9.818560000000000620e-01 nan nan nan
2.426250000000000018e+00 9.787212499999999871e-01 nan nan nan
2.428749999999999964e+00 9.770415000000000072e-01 nan nan nan
2.431249999999999911e+00 9.844282500000000047e-01 nan nan nan
2.433749999999999858e+00 9.794815000000000049e-01 nan nan nan
2.436249999999999805e+00 9.752175000000000704e-01 nan nan nan
2.438750000000000195e+00 9.779920000000000835e-01 nan nan nan
2.441250000000000142e+00 9.803102500000000497e-01 nan nan nan
2.443750000000000089e+00 9.827449999999999797e-01 nan nan nan
2.446250000000000036e+00 9.822507500000000613e-01 nan nan nan
2.448749999999999982e+00 9.780677500000000135e-01 nan nan nan
2.451249999999999929e+00 9.807129999999999459e-01 nan nan nan
2.453749999999999876e+00 9.797664999999999846e-01 nan nan nan
2.456249999999999822e+00 9.770777499999999671e-01 nan nan nan
2.458750000000000213e+00 9.780732500000000051e-01 nan nan nan
2.461250000000000160e+00 9.798492500000000049e-01 nan nan nan
2.463750000000000107e+00 9.825852500000000767e-01 nan nan nan
2.466250000000000053e+00 9.825227500000000003e-01 nan nan nan
2.468750000000000000e+00 9.775035000000000807e-01 nan nan nan
2.471249999999999947e+00 9.775205000000000144e-01 nan nan nan
2.473749999999999893e+00 9.770622500000000210e-01 nan nan nan
2.476249999999999840e+00 9.798492500000000049e-01 nan nan nan
2.478749999999999787e+00 9.803414999999999768e-01 nan nan nan
2.481250000000000178e+00 9.765960000000000196e-01 nan nan nan
2.483750000000000124e+00 9.810412499999999758e-01 nan nan nan
2.486250000000000071e+00 9.807405000000000150e-01 nan nan nan
2.488750000000000018e+00 9.805364999999999220e-01 nan nan nan
2.491249999999999964e+00 9.824362499999998999e-01 nan nan nan
2.493749999999999911e+00 9.785454999999999570e-01 nan nan nan
2.496249999999999858e+00 9.818157499999999871e-01 nan nan nan
2.498749999999999805e+00 9.815774999999999917e-01 nan nan nan
