1.250000000000000026e-03 0.000000000000000000e+00 nan nan nan
3.749999999999999861e-03 0.000000000000000000e+00 nan nan nan
6.250000000000000347e-03 0.000000000000000000e+00 nan nan nan
8.750000000000000833e-03 0.000000000000000000e+00 nan nan nan
1.124999999999999958e-02 0.000000000000000000e+00 nan nan nan
1.375000000000000007e-02 0.000000000000000000e+00 nan nan nan
1.625000000000000056e-02 0.000000000000000000e+00 nan nan nan
1.874999999999999931e-02 0.000000000000000000e+00 nan nan nan
2.125000000000000153e-02 0.000000000000000000e+00 nan nan nan
2.375000000000000028e-02 0.000000000000000000e+00 nan nan nan
2.624999999999999903e-02 0.000000000000000000e+00 nan nan nan
2.875000000000000125e-02 0.000000000000000000e+00 nan nan nan
3.125000000000000000e-02 0.000000000000000000e+00 nan nan nan
3.375000000000000222e-02 0.000000000000000000e+00 nan nan nan
3.624999999999999750e-02 0.000000000000000000e+00 nan nan nan
3.874999999999999972e-02 0.000000000000000000e+00 nan nan nan
4.125000000000000194e-02 0.000000000000000000e+00 nan nan nan
4.374999999999999722e-02 0.000000000000000000e+00 nan nan nan
4.624999999999999944e-02 0.000000000000000000e+00 nan nan nan
4.875000000000000167e-02 0.000000000000000000e+00 nan nan nan
5.124999999999999695e-02 0.000000000000000000e+00 nan nan nan
5.374999999999999917e-02 0.000000000000000000e+00 nan nan nan
5.625000000000000139e-02 0.000000000000000000e+00 nan nan nan
5.874999999999999667e-02 0.000000000000000000e+00 nan nan nan
6.124999999999999889e-02 0.000000000000000000e+00 nan nan nan
6.375000000000000111e-02 0.000000000000000000e+00 nan nan nan
6.625000000000000333e-02 0.000000000000000000e+00 nan nan nan
6.875000000000000555e-02 0.000000000000000000e+00 nan nan nan
7.124999999999999389e-02 0.000000000000000000e+00 nan nan nan
7.374999999999999611e-02 0.000000000000000000e+00 nan nan nan
7.624999999999999833e-02 0.000000000000000000e+00 nan nan nan
7.875000000000000056e-02 0.000000000000000000e+00 nan nan nan
8.125000000000000278e-02 0.000000000000000000e+00 nan nan nan
8.375000000000000500e-02 0.000000000000000000e+00 nan nan nan
8.624999999999999334e-02 0.000000000000000000e+00 nan nan nan
8.874999999999999556e-02 0.000000000000000000e+00 nan nan nan
9.124999999999999778e-02 0.000000000000000000e+00 nan nan nan
9.375000000000000000e-02 0.000000000000000000e+00 nan nan nan
9.625000000000000222e-02 0.000000000000000000e+00 nan nan nan
9.875000000000000444e-02 0.000000000000000000e+00 nan nan nan
1.012500000000000067e-01 0.000000000000000000e+00 nan nan nan
1.037499999999999950e-01 0.000000000000000000e+00 nan nan nan
1.062499999999999972e-01 0.000000000000000000e+00 nan nan nan
1.087499999999999994e-01 0.000000000000000000e+00 nan nan nan
1.112500000000000017e-01 0.000000000000000000e+00 nan nan nan
1.137500000000000039e-01 0.000000000000000000e+00 nan nan nan
1.162500000000000061e-01 0.000000000000000000e+00 nan nan nan
1.187499999999999944e-01 0.000000000000000000e+00 nan nan nan
1.212499999999999967e-01 0.000000000000000000e+00 nan nan nan
1.237499999999999989e-01 0.000000000000000000e+00 nan nan nan
1.262500000000000011e-01 0.000000000000000000e+00 nan nan nan
1.287500000000000033e-01 0.000000000000000000e+00 nan nan nan
1.312500000000000056e-01 0.000000000000000000e+00 nan nan nan
1.337500000000000078e-01 0.000000000000000000e+00 nan nan nan
1.362500000000000100e-01 0.000000000000000000e+00 nan nan nan
1.387500000000000122e-01 0.000000000000000000e+00 nan nan nan
1.412499999999999867e-01 0.000000000000000000e+00 nan nan nan
1.437499999999999889e-01 0.000000000000000000e+00 nan nan nan
1.462499999999999911e-01 0.000000000000000000e+00 nan nan nan
1.487499999999999933e-01 0.000000000000000000e+00 nan nan nan
1.512499999999999956e-01 0.000000000000000000e+00 nan nan nan
1.537499999999999978e-01 0.000000000000000000e+00 nan nan nan
1.562500000000000000e-01 0.000000000000000000e+00 nan nan nan
1.587500000000000022e-01 0.000000000000000000e+00 nan nan nan
1.612500000000000044e-01 0.000000000000000000e+00 nan nan nan
1.637500000000000067e-01 0.000000000000000000e+00 nan nan nan
1.662500000000000089e-01 0.000000000000000000e+00 nan nan nan
1.687500000000000111e-01 0.000000000000000000e+00 nan nan nan
1.712500000000000133e-01 0.000000000000000000e+00 nan nan nan
1.737499999999999878e-01 0.000000000000000000e+00 nan nan nan
1.762499999999999900e-01 0.000000000000000000e+00 nan nan nan
1.787499999999999922e-01 0.000000000000000000e+00 nan nan nan
1.812499999999999944e-01 0.000000000000000000e+00 nan nan nan
1.837499999999999967e-01 0.000000000000000000e+00 nan nan nan
1.862499999999999989e-01 0.000000000000000000e+00 nan nan nan
1.887500000000000011e-01 0.000000000000000000e+00 nan nan nan
1.912500000000000033e-01 0.000000000000000000e+00 nan nan nan
1.937500000000000056e-01 0.000000000000000000e+00 nan nan nan
1.962500000000000078e-01 0.000000000000000000e+00 nan nan nan
1.987500000000000100e-01 0.000000000000000000e+00 nan nan nan
2.012500000000000122e-01 0.000000000000000000e+00 nan nan nan
2.037499999999999867e-01 0.000000000000000000e+00 nan nan nan
2.062499999999999889e-01 0.000000000000000000e+00 nan nan nan
2.087499999999999911e-01 0.000000000000000000e+00 nan nan nan
2.112499999999999933e-01 0.000000000000000000e+00 nan nan nan
2.137499999999999956e-01 0.000000000000000000e+00 nan nan nan
2.162499999999999978e-01 0.000000000000000000e+00 nan nan nan
2.187500000000000000e-01 0.000000000000000000e+00 nan nan nan
2.212500000000000022e-01 0.000000000000000000e+00 nan nan nan
2.237500000000000044e-01 0.000000000000000000e+00 nan nan nan
2.262500000000000067e-01 0.000000000000000000e+00 nan nan nan
2.287500000000000089e-01 0.000000000000000000e+00 nan nan nan
2.312500000000000111e-01 0.000000000000000000e+00 nan nan nan
2.337500000000000133e-01 0.000000000000000000e+00 nan nan nan
2.362499999999999878e-01 0.000000000000000000e+00 nan nan nan
2.387499999999999900e-01 0.000000000000000000e+00 nan nan nan
2.412499999999999922e-01 0.000000000000000000e+00 nan nan nan
2.437499999999999944e-01 0.000000000000000000e+00 nan nan nan
2.462499999999999967e-01 0.000000000000000000e+00 nan nan nan
2.487499999999999989e-01 0.000000000000000000e+00 nan nan nan
2.512499999999999734e-01 0.000000000000000000e+00 nan nan nan
2.537499999999999756e-01 0.000000000000000000e+00 nan nan nan
2.562499999999999778e-01 0.000000000000000000e+00 nan nan nan
2.587499999999999800e-01 0.000000000000000000e+00 nan nan nan
2.612499999999999822e-01 0.000000000000000000e+00 nan nan nan
2.637499999999999845e-01 0.000000000000000000e+00 nan nan nan
2.662499999999999867e-01 0.000000000000000000e+00 nan nan nan
2.687499999999999889e-01 0.000000000000000000e+00 nan nan nan
2.712499999999999911e-01 0.000000000000000000e+00 nan nan nan
2.737499999999999933e-01 0.000000000000000000e+00 nan nan nan
2.762499999999999956e-01 0.000000000000000000e+00 nan nan nan
2.787499999999999978e-01 0.000000000000000000e+00 nan nan nan
2.812500000000000000e-01 0.000000000000000000e+00 nan nan nan
2.837500000000000022e-01 0.000000000000000000e+00 nan nan nan
2.862500000000000044e-01 0.000000000000000000e+00 nan nan nan
2.887500000000000067e-01 0.000000000000000000e+00 nan nan nan
2.912500000000000089e-01 0.000000000000000000e+00 nan nan nan
2.937500000000000111e-01 0.000000000000000000e+00 nan nan nan
2.962500000000000133e-01 0.000000000000000000e+00 nan nan nan
2.987500000000000155e-01 0.000000000000000000e+00 nan nan nan
3.012500000000000178e-01 0.000000000000000000e+00 nan nan nan
3.037500000000000200e-01 0.000000000000000000e+00 nan nan nan
3.062500000000000222e-01 0.000000000000000000e+00 nan nan nan
3.087500000000000244e-01 0.000000000000000000e+00 nan nan nan
3.112500000000000266e-01 0.000000000000000000e+00 nan nan nan
3.137499999999999734e-01 0.000000000000000000e+00 nan nan nan
3.162499999999999756e-01 0.000000000000000000e+00 nan nan nan
3.187499999999999778e-01 0.000000000000000000e+00 nan nan nan
3.212499999999999800e-01 0.000000000000000000e+00 nan nan nan
3.237499999999999822e-01 0.000000000000000000e+00 nan nan nan
3.262499999999999845e-01 0.000000000000000000e+00 nan nan nan
3.287499999999999867e-01 0.000000000000000000e+00 nan nan nan
3.312499999999999889e-01 0.000000000000000000e+00 nan nan nan
3.337499999999999911e-01 0.000000000000000000e+00 nan nan nan
3.362499999999999933e-01 0.000000000000000000e+00 nan nan nan
3.387499999999999956e-01 0.000000000000000000e+00 nan nan nan
3.412499999999999978e-01 0.000000000000000000e+00 nan nan nan
3.437500000000000000e-01 0.000000000000000000e+00 nan nan nan
3.462500000000000022e-01 0.000000000000000000e+00 nan nan nan
3.487500000000000044e-01 0.000000000000000000e+00 nan nan nan
3.512500000000000067e-01 0.000000000000000000e+00 nan nan nan
3.537500000000000089e-01 0.000000000000000000e+00 nan nan nan
3.562500000000000111e-01 0.000000000000000000e+00 nan nan nan
3.587500000000000133e-01 0.000000000000000000e+00 nan nan nan
3.612500000000000155e-01 0.000000000000000000e+00 nan nan nan
3.637500000000000178e-01 0.000000000000000000e+00 nan nan nan
3.662500000000000200e-01 0.000000000000000000e+00 nan nan nan
3.687500000000000222e-01 0.000000000000000000e+00 nan nan nan
3.712500000000000244e-01 0.000000000000000000e+00 nan nan nan
3.737500000000000266e-01 0.000000000000000000e+00 nan nan nan
3.762499999999999734e-01 0.000000000000000000e+00 nan nan nan
3.787499999999999756e-01 0.000000000000000000e+00 nan nan nan
3.812499999999999778e-01 0.000000000000000000e+00 nan nan nan
3.837499999999999800e-01 0.000000000000000000e+00 nan nan nan
3.862499999999999822e-01 0.000000000000000000e+00 nan nan nan
3.887499999999999845e-01 0.000000000000000000e+00 nan nan nan
3.912499999999999867e-01 0.000000000000000000e+00 nan nan nan
3.937499999999999889e-01 0.000000000000000000e+00 nan nan nan
3.962499999999999911e-01 0.000000000000000000e+00 nan nan nan
3.987499999999999933e-01 0.000000000000000000e+00 nan nan nan
4.012499999999999956e-01 0.000000000000000000e+00 nan nan nan
4.037499999999999978e-01 0.000000000000000000e+00 nan nan nan
4.062500000000000000e-01 0.000000000000000000e+00 nan nan nan
4.087500000000000022e-01 0.000000000000000000e+00 nan nan nan
4.112500000000000044e-01 0.000000000000000000e+00 nan nan nan
4.137500000000000067e-01 0.000000000000000000e+00 nan nan nan
4.162500000000000089e-01 0.000000000000000000e+00 nan nan nan
4.187500000000000111e-01 0.000000000000000000e+00 nan nan nan
4.212500000000000133e-01 0.000000000000000000e+00 nan nan nan
4.237500000000000155e-01 0.000000000000000000e+00 nan nan nan
4.262500000000000178e-01 0.000000000000000000e+00 nan nan nan
4.287500000000000200e-01 0.000000000000000000e+00 nan nan nan
4.312500000000000222e-01 0.000000000000000000e+00 nan nan nan
4.337500000000000244e-01 0.000000000000000000e+00 nan nan nan
4.362500000000000266e-01 0.000000000000000000e+00 nan nan nan
4.387499999999999734e-01 0.000000000000000000e+00 nan nan nan
4.412499999999999756e-01 0.000000000000000000e+00 nan nan nan
4.437499999999999778e-01 0.000000000000000000e+00 nan nan nan
4.462499999999999800e-01 0.000000000000000000e+00 nan nan nan
4.487499999999999822e-01 0.000000000000000000e+00 nan nan nan
4.512499999999999845e-01 0.000000000000000000e+00 nan nan nan
4.537499999999999867e-01 0.000000000000000000e+00 nan nan nan
4.562499999999999889e-01 0.000000000000000000e+00 nan nan nan
4.587499999999999911e-01 0.000000000000000000e+00 nan nan nan
4.612499999999999933e-01 0.000000000000000000e+00 nan nan nan
4.637499999999999956e-01 0.000000000000000000e+00 nan nan nan
4.662499999999999978e-01 0.000000000000000000e+00 nan nan nan
4.687500000000000000e-01 0.000000000000000000e+00 nan nan nan
4.712500000000000022e-01 0.000000000000000000e+00 nan nan nan
4.737500000000000044e-01 0.000000000000000000e+00 nan nan nan
4.762500000000000067e-01 0.000000000000000000e+00 nan nan nan
4.787500000000000089e-01 0.000000000000000000e+00 nan nan nan
4.812500000000000111e-01 0.000000000000000000e+00 nan nan nan
4.837500000000000133e-01 0.000000000000000000e+00 nan nan nan
4.862500000000000155e-01 0.000000000000000000e+00 nan nan nan
4.887500000000000178e-01 0.000000000000000000e+00 nan nan nan
4.912500000000000200e-01 0.000000000000000000e+00 nan nan nan
4.937500000000000222e-01 0.000000000000000000e+00 nan nan nan
4.962500000000000244e-01 0.000000000000000000e+00 nan nan nan
4.987500000000000266e-01 0.000000000000000000e+00 nan nan nan
5.012499999999999734e-01 0.000000000000000000e+00 nan nan nan
5.037500000000000311e-01 0.000000000000000000e+00 nan nan nan
5.062499999999999778e-01 0.000000000000000000e+00 nan nan nan
5.087500000000000355e-01 0.000000000000000000e+00 nan nan nan
5.112499999999999822e-01 0.000000000000000000e+00 nan nan nan
5.137500000000000400e-01 0.000000000000000000e+00 nan nan nan
5.162499999999999867e-01 0.000000000000000000e+00 nan nan nan
5.187500000000000444e-01 0.000000000000000000e+00 nan nan nan
5.212499999999999911e-01 0.000000000000000000e+00 nan nan nan
5.237500000000000488e-01 0.000000000000000000e+00 nan nan nan
5.262499999999999956e-01 0.000000000000000000e+00 nan nan nan
5.287500000000000533e-01 0.000000000000000000e+00 nan nan nan
5.312500000000000000e-01 0.000000000000000000e+00 nan nan nan
5.337499999999999467e-01 0.000000000000000000e+00 nan nan nan
5.362500000000000044e-01 0.000000000000000000e+00 nan nan nan
5.387499999999999512e-01 0.000000000000000000e+00 nan nan nan
5.412500000000000089e-01 0.000000000000000000e+00 nan nan nan
5.437499999999999556e-01 0.000000000000000000e+00 nan nan nan
5.462500000000000133e-01 0.000000000000000000e+00 nan nan nan
5.487499999999999600e-01 0.000000000000000000e+00 nan nan nan
5.512500000000000178e-01 0.000000000000000000e+00 nan nan nan
5.537499999999999645e-01 0.000000000000000000e+00 nan nan nan
5.562500000000000222e-01 0.000000000000000000e+00 nan nan nan
5.587499999999999689e-01 0.000000000000000000e+00 nan nan nan
5.612500000000000266e-01 0.000000000000000000e+00 nan nan nan
5.637499999999999734e-01 0.000000000000000000e+00 nan nan nan
5.662500000000000311e-01 0.000000000000000000e+00 nan nan nan
5.687499999999999778e-01 0.000000000000000000e+00 nan nan nan
5.712500000000000355e-01 0.000000000000000000e+00 nan nan nan
5.737499999999999822e-01 0.000000000000000000e+00 nan nan nan
5.762500000000000400e-01 0.000000000000000000e+00 nan nan nan
5.787499999999999867e-01 0.000000000000000000e+00 nan nan nan
5.812500000000000444e-01 0.000000000000000000e+00 nan nan nan
5.837499999999999911e-01 0.000000000000000000e+00 nan nan nan
5.862500000000000488e-01 0.000000000000000000e+00 nan nan nan
5.887499999999999956e-01 0.000000000000000000e+00 nan nan nan
5.912500000000000533e-01 0.000000000000000000e+00 nan nan nan
5.937500000000000000e-01 0.000000000000000000e+00 nan nan nan
5.962499999999999467e-01 0.000000000000000000e+00 nan nan nan
5.987500000000000044e-01 0.000000000000000000e+00 nan nan nan
6.012499999999999512e-01 0.000000000000000000e+00 nan nan nan
6.037500000000000089e-01 0.000000000000000000e+00 nan nan nan
6.062499999999999556e-01 0.000000000000000000e+00 nan nan nan
6.087500000000000133e-01 0.000000000000000000e+00 nan nan nan
6.112499999999999600e-01 0.000000000000000000e+00 nan nan nan
6.137500000000000178e-01 0.000000000000000000e+00 nan nan nan
6.162499999999999645e-01 0.000000000000000000e+00 nan nan nan
6.187500000000000222e-01 0.000000000000000000e+00 nan nan nan
6.212499999999999689e-01 0.000000000000000000e+00 nan nan nan
6.237500000000000266e-01 0.000000000000000000e+00 nan nan nan
6.262499999999999734e-01 0.000000000000000000e+00 nan nan nan
6.287500000000000311e-01 0.000000000000000000e+00 nan nan nan
6.312499999999999778e-01 0.000000000000000000e+00 nan nan nan
6.337500000000000355e-01 0.000000000000000000e+00 nan nan nan
6.362499999999999822e-01 0.000000000000000000e+00 nan nan nan
6.387500000000000400e-01 0.000000000000000000e+00 nan nan nan
6.412499999999999867e-01 0.000000000000000000e+00 nan nan nan
6.437500000000000444e-01 0.000000000000000000e+00 nan nan nan
6.462499999999999911e-01 0.000000000000000000e+00 nan nan nan
6.487500000000000488e-01 0.000000000000000000e+00 nan nan nan
6.512499999999999956e-01 0.000000000000000000e+00 nan nan nan
6.537500000000000533e-01 0.000000000000000000e+00 nan nan nan
6.562500000000000000e-01 0.000000000000000000e+00 nan nan nan
6.587499999999999467e-01 0.000000000000000000e+00 nan nan nan
6.612500000000000044e-01 0.000000000000000000e+00 nan nan nan
6.637499999999999512e-01 0.000000000000000000e+00 nan nan nan
6.662500000000000089e-01 0.000000000000000000e+00 nan nan nan
6.687499999999999556e-01 0.000000000000000000e+00 nan nan nan
6.712500000000000133e-01 0.000000000000000000e+00 nan nan nan
6.737499999999999600e-01 0.000000000000000000e+00 nan nan nan
6.762500000000000178e-01 0.000000000000000000e+00 nan nan nan
6.787499999999999645e-01 0.000000000000000000e+00 nan nan nan
6.812500000000000222e-01 0.000000000000000000e+00 nan nan nan
6.837499999999999689e-01 0.000000000000000000e+00 nan nan nan
6.862500000000000266e-01 0.000000000000000000e+00 nan nan nan
6.887499999999999734e-01 0.000000000000000000e+00 nan nan nan
6.912500000000000311e-01 0.000000000000000000e+00 nan nan nan
6.937499999999999778e-01 0.000000000000000000e+00 nan nan nan
6.962500000000000355e-01 0.000000000000000000e+00 nan nan nan
6.987499999999999822e-01 0.000000000000000000e+00 nan nan nan
7.012500000000000400e-01 0.000000000000000000e+00 nan nan nan
7.037499999999999867e-01 0.000000000000000000e+00 nan nan nan
7.062500000000000444e-01 0.000000000000000000e+00 nan nan nan
7.087499999999999911e-01 0.000000000000000000e+00 nan nan nan
7.112500000000000488e-01 0.000000000000000000e+00 nan nan nan
7.137499999999999956e-01 0.000000000000000000e+00 nan nan nan
7.162500000000000533e-01 0.000000000000000000e+00 nan nan nan
7.187500000000000000e-01 0.000000000000000000e+00 nan nan nan
7.212499999999999467e-01 0.000000000000000000e+00 nan nan nan
7.237500000000000044e-01 0.000000000000000000e+00 nan nan nan
7.262499999999999512e-01 0.000000000000000000e+00 nan nan nan
7.287500000000000089e-01 0.000000000000000000e+00 nan nan nan
7.312499999999999556e-01 0.000000000000000000e+00 nan nan nan
7.337500000000000133e-01 0.000000000000000000e+00 nan nan nan
7.362499999999999600e-01 0.000000000000000000e+00 nan nan nan
7.387500000000000178e-01 5.824999999999999964e-05 nan nan nan
7.412499999999999645e-01 0.000000000000000000e+00 nan nan nan
7.437500000000000222e-01 0.000000000000000000e+00 nan nan nan
7.462499999999999689e-01 0.000000000000000000e+00 nan nan nan
7.487500000000000266e-01 0.000000000000000000e+00 nan nan nan
7.512499999999999734e-01 5.624999999999999846e-05 nan nan nan
7.537500000000000311e-01 3.359999999999999814e-04 nan nan nan
7.562499999999999778e-01 3.332499999999999959e-04 nan nan nan
7.587500000000000355e-01 4.417499999999999769e-04 nan nan nan
7.612499999999999822e-01 5.484999999999999425e-04 nan nan nan
7.637500000000000400e-01 1.144500000000000118e-03 nan nan nan
7.662499999999999867e-01 1.948749999999999961e-03 nan nan nan
7.687500000000000444e-01 1.828999999999999897e-03 nan nan nan
7.712499999999999911e-01 2.083999999999999915e-03 nan nan nan
7.737500000000000488e-01 3.610499999999999994e-03 nan nan nan
7.762499999999999956e-01 5.116750000000000638e-03 nan nan nan
7.787500000000000533e-01 7.023500000000000229e-03 nan nan nan
7.812500000000000000e-01 8.280499999999999666e-03 nan nan nan
7.837499999999999467e-01 1.066049999999999984e-02 nan nan nan
7.862500000000000044e-01 1.331749999999999948e-02 nan nan nan
7.887499999999999512e-01 1.660549999999999873e-02 nan nan nan
7.912500000000000089e-01 1.975025000000000044e-02 nan nan nan
7.937499999999999556e-01 2.678999999999999784e-02 nan nan nan
7.962500000000000133e-01 3.103449999999999959e-02 nan nan nan
7.987499999999999600e-01 3.980825000000000335e-02 nan nan nan
8.012500000000000178e-01 4.396674999999999889e-02 nan nan nan
8.037499999999999645e-01 5.673299999999999871e-02 nan nan nan
8.062500000000000222e-01 5.985374999999999723e-02 nan nan nan
8.087499999999999689e-01 7.474400000000000488e-02 nan nan nan
8.112500000000000266e-01 8.577925000000000133e-02 nan nan nan
8.137499999999999734e-01 9.854999999999998483e-02 nan nan nan
8.162500000000000311e-01 1.184620000000000117e-01 nan nan nan
8.187499999999999778e-01 1.376554999999999862e-01 nan nan nan
8.212500000000000355e-01 1.472342500000000109e-01 nan nan nan
8.237499999999999822e-01 1.734182499999999960e-01 nan nan nan
8.262500000000000400e-01 1.869907499999999834e-01 nan nan nan
8.287499999999999867e-01 2.105785000000000018e-01 nan nan nan
8.312500000000000444e-01 2.311652500000000166e-01 nan nan nan
8.337499999999999911e-01 2.615612499999999674e-01 nan nan nan
8.362500000000000488e-01 2.933182500000000026e-01 nan nan nan
8.387499999999999956e-01 3.175077500000000330e-01 nan nan nan
8.412500000000000533e-01 3.347574999999999856e-01 nan nan nan
8.437500000000000000e-01 3.674250000000000016e-01 nan nan nan
8.462499999999999467e-01 3.931322500000000164e-01 nan nan nan
8.487500000000000044e-01 4.352542499999999537e-01 nan nan nan
8.512499999999999512e-01 4.635835000000000372e-01 nan nan nan
8.537500000000000089e-01 5.054859999999999909e-01 nan nan nan
8.562499999999999556e-01 5.382202499999999556e-01 nan nan nan
8.587500000000000133e-01 5.725052500000000766e-01 nan nan nan
8.612499999999999600e-01 6.094260000000000232e-01 nan nan nan
8.637500000000000178e-01 6.511512499999999593e-01 nan nan nan
8.662499999999999645e-01 6.883185000000000553e-01 nan nan nan
8.687500000000000222e-01 7.251324999999999577e-01 nan nan nan
8.712499999999999689e-01 7.575344999999999995e-01 nan nan nan
8.737500000000000266e-01 7.924689999999998680e-01 nan nan nan
8.762499999999999734e-01 8.321682500000000537e-01 nan nan nan
8.787500000000000311e-01 8.741612500000001118e-01 nan nan nan
8.812499999999999778e-01 9.042452500000000004e-01 nan nan nan
8.837500000000000355e-01 9.410164999999999225e-01 nan nan nan
8.862499999999999822e-01 9.734332500000000277e-01 nan nan nan
8.887500000000000400e-01 1.004907999999999912e+00 nan nan nan
8.912499999999999867e-01 1.041136500000000131e+00 nan nan nan
8.937500000000000444e-01 1.063971500000000070e+00 nan nan nan
8.962499999999999911e-01 1.109606749999999975e+00 nan nan nan
8.987500000000000488e-01 1.139371249999999947e+00 nan nan nan
9.012499999999999956e-01 1.174463250000000070e+00 nan nan nan
9.037500000000000533e-01 1.217283499999999963e+00 nan nan nan
9.062500000000000000e-01 1.237746750000000118e+00 nan nan nan
9.087499999999999467e-01 1.262893749999999926e+00 nan nan nan
9.112500000000000044e-01 1.288971249999999902e+00 nan nan nan
9.137499999999999512e-01 1.317409999999999970e+00 nan nan nan
9.162500000000000089e-01 1.329995499999999886e+00 nan nan nan
9.187499999999999556e-01 1.370517500000000055e+00 nan nan nan
9.212500000000000133e-01 1.394925000000000193e+00 nan nan nan
9.237499999999999600e-01 1.426200499999999982e+00 nan nan nan
9.262500000000000178e-01 1.436963250000000025e+00 nan nan nan
9.287499999999999645e-01 1.462182499999999941e+00 nan nan nan
9.312500000000000222e-01 1.468747249999999838e+00 nan nan nan
9.337499999999999689e-01 1.507559000000000093e+00 nan nan nan
9.362500000000000266e-01 1.513552499999999856e+00 nan nan nan
9.387499999999999734e-01 1.537495749999999939e+00 nan nan nan
9.412500000000000311e-01 1.550005749999999960e+00 nan nan nan
9.437499999999999778e-01 1.562361499999999959e+00 nan nan nan
9.462500000000000355e-01 1.575453000000000214e+00 nan nan nan
9.487499999999999822e-01 1.601698000000000066e+00 nan nan nan
9.512500000000000400e-01 1.605866250000000051e+00 nan nan nan
9.537499999999999867e-01 1.613288499999999903e+00 nan nan nan
9.562500000000000444e-01 1.618212749999999867e+00 nan nan nan
9.587499999999999911e-01 1.625103749999999847e+00 nan nan nan
9.612500000000000488e-01 1.635788999999999938e+00 nan nan nan
9.637499999999999956e-01 1.651304249999999918e+00 nan nan nan
9.662500000000000533e-01 1.662619250000000104e+00 nan nan nan
9.687500000000000000e-01 1.672000500000000001e+00 nan nan nan
9.712499999999999467e-01 1.666201000000000043e+00 nan nan nan
9.737500000000000044e-01 1.666707750000000043e+00 nan nan nan
9.762499999999999512e-01 1.682162750000000040e+00 nan nan nan
9.787500000000000089e-01 1.686255999999999977e+00 nan nan nan
9.812499999999999556e-01 1.686324249999999969e+00 nan nan nan
9.837500000000000133e-01 1.693070249999999888e+00 nan nan nan
9.862499999999999600e-01 1.698418999999999901e+00 nan nan nan
9.887500000000000178e-01 1.698067500000000063e+00 nan nan nan
9.912499999999999645e-01 1.690386249999999979e+00 nan nan nan
9.937500000000000222e-01 1.697761000000000076e+00 nan nan nan
9.962499999999999689e-01 1.698058000000000067e+00 nan nan nan
9.987500000000000266e-01 1.695335500000000106e+00 nan nan nan
1.001249999999999973e+00 1.700387749999999976e+00 nan nan nan
1.003749999999999920e+00 1.687384749999999878e+00 nan nan nan
1.006250000000000089e+00 1.676185250000000071e+00 nan nan nan
1.008750000000000036e+00 1.676852749999999892e+00 nan nan nan
1.011249999999999982e+00 1.672830499999999887e+00 nan nan nan
1.013749999999999929e+00 1.691840000000000233e+00 nan nan nan
1.016250000000000098e+00 1.676785500000000040e+00 nan nan nan
1.018750000000000044e+00 1.663573999999999886e+00 nan nan nan
1.021249999999999991e+00 1.667691250000000069e+00 nan nan nan
1.023749999999999938e+00 1.673143749999999930e+00 nan nan nan
1.026250000000000107e+00 1.650725999999999916e+00 nan nan nan
1.028750000000000053e+00 1.658600999999999770e+00 nan nan nan
1.031250000000000000e+00 1.646414499999999892e+00 nan nan nan
1.033749999999999947e+00 1.662465249999999894e+00 nan nan nan
1.036249999999999893e+00 1.628285500000000052e+00 nan nan nan
1.038750000000000062e+00 1.632506000000000235e+00 nan nan nan
1.041250000000000009e+00 1.624617499999999826e+00 nan nan nan
1.043749999999999956e+00 1.611854750000000003e+00 nan nan nan
1.046249999999999902e+00 1.617867249999999979e+00 nan nan nan
1.048750000000000071e+00 1.599615000000000009e+00 nan nan nan
1.051250000000000018e+00 1.595380750000000125e+00 nan nan nan
1.053749999999999964e+00 1.592943749999999881e+00 nan nan nan
1.056249999999999911e+00 1.584243999999999986e+00 nan nan nan
1.058750000000000080e+00 1.572858249999999902e+00 nan nan nan
1.061250000000000027e+00 1.572681749999999878e+00 nan nan nan
1.063749999999999973e+00 1.566365499999999855e+00 nan nan nan
1.066249999999999920e+00 1.559672250000000204e+00 nan nan nan
1.068750000000000089e+00 1.548098250000000009e+00 nan nan nan
1.071250000000000036e+00 1.537723249999999986e+00 nan nan nan
1.073749999999999982e+00 1.532335750000000107e+00 nan nan nan
1.076249999999999929e+00 1.534829749999999882e+00 nan nan nan
1.078750000000000098e+00 1.525293250000000267e+00 nan nan nan
1.081250000000000044e+00 1.517976249999999805e+00 nan nan nan
1.083749999999999991e+00 1.510602000000000000e+00 nan nan nan
1.086249999999999938e+00 1.494497249999999777e+00 nan nan nan
1.088750000000000107e+00 1.492146750000000077e+00 nan nan nan
1.091250000000000053e+00 1.490576750000000006e+00 nan nan nan
1.093750000000000000e+00 1.469661000000000106e+00 nan nan nan
1.096249999999999947e+00 1.458944500000000088e+00 nan nan nan
1.098749999999999893e+00 1.463819500000000051e+00 nan nan nan
1.101250000000000062e+00 1.465987499999999999e+00 nan nan nan
1.103750000000000009e+00 1.444716749999999994e+00 nan nan nan
1.106249999999999956e+00 1.427206749999999857e+00 nan nan nan
1.108749999999999902e+00 1.424630750000000168e+00 nan nan nan
1.111250000000000071e+00 1.423093249999999976e+00 nan nan nan
1.113750000000000018e+00 1.411688999999999972e+00 nan nan nan
1.116249999999999964e+00 1.406954500000000108e+00 nan nan nan
1.118749999999999911e+00 1.401206500000000243e+00 nan nan nan
1.121250000000000080e+00 1.387860499999999941e+00 nan nan nan
1.123750000000000027e+00 1.393799500000000080e+00 nan nan nan
1.126249999999999973e+00 1.374061250000000012e+00 nan nan nan
1.128749999999999920e+00 1.357702500000000034e+00 nan nan nan
1.131250000000000089e+00 1.368946500000000066e+00 nan nan nan
1.133750000000000036e+00 1.341994499999999979e+00 nan nan nan
1.136249999999999982e+00 1.336637499999999923e+00 nan nan nan
1.138749999999999929e+00 1.335849000000000064e+00 nan nan nan
1.141250000000000098e+00 1.333273249999999965e+00 nan nan nan
1.143750000000000044e+00 1.323587499999999917e+00 nan nan nan
1.146249999999999991e+00 1.313538000000000094e+00 nan nan nan
1.148749999999999938e+00 1.315004999999999979e+00 nan nan nan
1.151250000000000107e+00 1.301577750000000089e+00 nan nan nan
1.153750000000000053e+00 1.304563750000000022e+00 nan nan nan
1.156250000000000000e+00 1.295028999999999986e+00 nan nan nan
1.158749999999999947e+00 1.280214249999999998e+00 nan nan nan
1.161249999999999893e+00 1.271242999999999901e+00 nan nan nan
1.163750000000000062e+00 1.275903000000000009e+00 nan nan nan
1.166250000000000009e+00 1.269293500000000074e+00 nan nan nan
1.168749999999999956e+00 1.255282250000000044e+00 nan nan nan
1.171249999999999902e+00 1.252802500000000041e+00 nan nan nan
1.173750000000000071e+00 1.240918999999999883e+00 nan nan nan
1.176250000000000018e+00 1.228619249999999941e+00 nan nan nan
1.178749999999999964e+00 1.232243999999999895e+00 nan nan nan
1.181249999999999911e+00 1.220381750000000043e+00 nan nan nan
1.183750000000000080e+00 1.217840750000000138e+00 nan nan nan
1.186250000000000027e+00 1.225476249999999823e+00 nan nan nan
1.188749999999999973e+00 1.220417000000000085e+00 nan nan nan
1.191249999999999920e+00 1.206878000000000117e+00 nan nan nan
1.193750000000000089e+00 1.198682750000000130e+00 nan nan nan
1.196250000000000036e+00 1.197232249999999887e+00 nan nan nan
1.198749999999999982e+00 1.191513749999999927e+00 nan nan nan
1.201249999999999929e+00 1.185017500000000057e+00 nan nan nan
1.203750000000000098e+00 1.182184249999999937e+00 nan nan nan
1.206250000000000044e+00 1.175825499999999746e+00 nan nan nan
1.208749999999999991e+00 1.165701750000000203e+00 nan nan nan
1.211249999999999938e+00 1.161436249999999948e+00 nan nan nan
1.213750000000000107e+00 1.164187249999999896e+00 nan nan nan
1.216250000000000053e+00 1.157321749999999927e+00 nan nan nan
1.218750000000000000e+00 1.151850999999999958e+00 nan nan nan
1.221249999999999947e+00 1.150209000000000037e+00 nan nan nan
1.223749999999999893e+00 1.135962499999999986e+00 nan nan nan
1.226250000000000062e+00 1.131885000000000030e+00 nan nan nan
1.228750000000000009e+00 1.128084250000000122e+00 nan nan nan
1.231249999999999956e+00 1.120802749999999959e+00 nan nan nan
1.233749999999999902e+00 1.116390250000000028e+00 nan nan nan
1.236250000000000071e+00 1.120885499999999979e+00 nan nan nan
1.238750000000000018e+00 1.114397749999999965e+00 nan nan nan
1.241249999999999964e+00 1.106365000000000043e+00 nan nan nan
1.243749999999999911e+00 1.114086249999999945e+00 nan nan nan
1.246250000000000080e+00 1.101413999999999893e+00 nan nan nan
1.248750000000000027e+00 1.090240999999999794e+00 nan nan nan
1.251249999999999973e+00 1.095004750000000193e+00 nan nan nan
1.253749999999999920e+00 1.084413499999999919e+00 nan nan nan
1.256250000000000089e+00 1.077705249999999948e+00 nan nan nan
1.258750000000000036e+00 1.088815749999999971e+00 nan nan nan
1.261249999999999982e+00 1.079908000000000090e+00 nan nan nan
1.263749999999999929e+00 1.072036999999999907e+00 nan nan nan
1.266250000000000098e+00 1.069730499999999918e+00 nan nan nan
1.268750000000000044e+00 1.058607999999999993e+00 nan nan nan
1.271249999999999991e+00 1.056946500000000011e+00 nan nan nan
1.273749999999999938e+00 1.056269499999999972e+00 nan nan nan
1.276250000000000107e+00 1.045422000000000073e+00 nan nan nan
1.278750000000000053e+00 1.050338749999999877e+00 nan nan nan
1.281250000000000000e+00 1.043494249999999957e+00 nan nan nan
1.283749999999999947e+00 1.034688999999999970e+00 nan nan nan
1.286249999999999893e+00 1.027942499999999981e+00 nan nan nan
1.288750000000000062e+00 1.033546500000000146e+00 nan nan nan
1.291250000000000009e+00 1.034714750000000016e+00 nan nan nan
1.293749999999999956e+00 1.033549500000000121e+00 nan nan nan
1.296249999999999902e+00 1.026766750000000172e+00 nan nan nan
1.298750000000000071e+00 1.023496249999999996e+00 nan nan nan
1.301250000000000018e+00 1.016601250000000123e+00 nan nan nan
1.303749999999999964e+00 1.014445500000000111e+00 nan nan nan
1.306249999999999911e+00 1.009336500000000081e+00 nan nan nan
1.308750000000000080e+00 1.008805999999999869e+00 nan nan nan
1.311250000000000027e+00 1.008771249999999897e+00 nan nan nan
1.313749999999999973e+00 9.986924999999999830e-01 nan nan nan
1.316249999999999920e+00 1.003562249999999878e+00 nan nan nan
1.318750000000000089e+00 9.962697499999999540e-01 nan nan nan
1.321250000000000036e+00 9.937049999999999494e-01 nan nan nan
1.323749999999999982e+00 9.960864999999999858e-01 nan nan nan
1.326249999999999929e+00 9.827927499999999927e-01 nan nan nan
1.328750000000000098e+00 9.831847500000000517e-01 nan nan nan
1.331250000000000044e+00 9.857555000000000067e-01 nan nan nan
1.333749999999999991e+00 9.813487499999999919e-01 nan nan nan
1.336249999999999938e+00 9.750452499999999745e-01 nan nan nan
1.338750000000000107e+00 9.710525000000000961e-01 nan nan nan
1.341250000000000053e+00 9.700865000000000737e-01 nan nan nan
1.343750000000000000e+00 9.647197499999999870e-01 nan nan nan
1.346249999999999947e+00 9.628587500000000965e-01 nan nan nan
1.348749999999999893e+00 9.609524999999999872e-01 nan nan nan
1.351250000000000062e+00 9.627274999999999583e-01 nan nan nan
1.353750000000000009e+00 9.546130000000000448e-01 nan nan nan
1.356249999999999956e+00 9.563852499999999646e-01 nan nan nan
1.358749999999999902e+00 9.464642500000000069e-01 nan nan nan
1.361250000000000071e+00 9.501445000000000585e-01 nan nan nan
1.363750000000000018e+00 9.516715000000000035e-01 nan nan nan
1.366249999999999964e+00 9.473405000000000298e-01 nan nan nan
1.368749999999999911e+00 9.450877500000000042e-01 nan nan nan
1.371250000000000080e+00 9.385850000000000026e-01 nan nan nan
1.373750000000000027e+00 9.430209999999999981e-01 nan nan nan
1.376249999999999973e+00 9.330867499999999648e-01 nan nan nan
1.378749999999999920e+00 9.361099999999999977e-01 nan nan nan
1.381250000000000089e+00 9.320252500000000273e-01 nan nan nan
1.383750000000000036e+00 9.315652500000000114e-01 nan nan nan
1.386249999999999982e+00 9.195242499999999319e-01 nan nan nan
1.388749999999999929e+00 9.325332500000000913e-01 nan nan nan
1.391250000000000098e+00 9.227799999999999336e-01 nan nan nan
1.393750000000000044e+00 9.268365000000000631e-01 nan nan nan
1.396249999999999991e+00 9.212212499999999915e-01 nan nan nan
1.398749999999999938e+00 9.154292500000000832e-01 nan nan nan
1.401250000000000107e+00 9.220407500000000756e-01 nan nan nan
1.403750000000000053e+00 9.204855000000000675e-01 nan nan nan
1.406250000000000000e+00 9.167337500000001249e-01 nan nan nan
1.408749999999999947e+00 9.139472499999999888e-01 nan nan nan
1.411249999999999893e+00 9.125794999999999879e-01 nan nan nan
1.413750000000000062e+00 9.154302500000000009e-01 nan nan nan
1.416250000000000009e+00 9.094119999999999981e-01 nan nan nan
1.418749999999999956e+00 9.053885000000000405e-01 nan nan nan
1.421249999999999902e+00 9.098697500000000327e-01 nan nan nan
1.423750000000000071e+00 9.073984999999999967e-01 nan nan nan
1.426250000000000018e+00 9.023295000000000066e-01 nan nan nan
1.428749999999999964e+00 9.033012499999999445e-01 nan nan nan
1.431249999999999911e+00 9.023827499999999002e-01 nan nan nan
1.433750000000000080e+00 9.037690000000000445e-01 nan nan nan
1.436250000000000027e+00 9.006407499999999899e-01 nan nan nan
1.438749999999999973e+00 8.946577499999999183e-01 nan nan nan
1.441249999999999920e+00 8.981520000000000614e-01 nan nan nan
1.443750000000000089e+00 8.990242500000000803e-01 nan nan nan
1.446250000000000036e+00 8.914512500000000284e-01 nan nan nan
1.448749999999999982e+00 8.911182500000000006e-01 nan nan nan
1.451249999999999929e+00 8.918089999999999629e-01 nan nan nan
1.453750000000000098e+00 8.813745000000000607e-01 nan nan nan
1.456250000000000044e+00 8.870892500000000513e-01 nan nan nan
1.458749999999999991e+00 8.873974999999999502e-01 nan nan nan
1.461249999999999938e+00 8.882342500000000030e-01 nan nan nan
1.463750000000000107e+00 8.922942499999999555e-01 nan nan nan
1.466250000000000053e+00 8.882784999999999709e-01 nan nan nan
1.468750000000000000e+00 8.915927499999999339e-01 nan nan nan
1.471249999999999947e+00 8.839397499999999130e-01 nan nan nan
1.473749999999999893e+00 8.865194999999999048e-01 nan nan nan
1.476250000000000062e+00 8.807042499999999663e-01 nan nan nan
1.478750000000000009e+00 8.877010000000000733e-01 nan nan nan
1.481249999999999956e+00 8.830120000000000191e-01 nan nan nan
1.483749999999999902e+00 8.823922500000001001e-01 nan nan nan
1.486250000000000071e+00 8.811820000000000208e-01 nan nan nan
1.488750000000000018e+00 8.781390000000000029e-01 nan nan nan
1.491249999999999964e+00 8.816295000000000659e-01 nan nan nan
1.493749999999999911e+00 8.810169999999999391e-01 nan nan nan
1.496250000000000080e+00 8.805174999999999530e-01 nan nan nan
1.498750000000000027e+00 8.772570000000000645e-01 nan nan nan
1.501249999999999973e+00 8.812770000000000881e-01 nan nan nan
1.503749999999999920e+00 8.709267499999999718e-01 nan nan nan
1.506250000000000089e+00 8.793870000000000298e-01 nan nan nan
1.508750000000000036e+00 8.728024999999999256e-01 nan nan nan
1.511249999999999982e+00 8.763195000000000290e-01 nan nan nan
1.513749999999999929e+00 8.765484999999999527e-01 nan nan nan
1.516250000000000098e+00 8.740059999999999496e-01 nan nan nan
1.518750000000000044e+00 8.753067500000000223e-01 nan nan nan
1.521249999999999991e+00 8.751927500000000748e-01 nan nan nan
1.523749999999999938e+00 8.769097499999999323e-01 nan nan nan
1.526250000000000107e+00 8.735892499999999838e-01 nan nan nan
1.528750000000000053e+00 8.828252500000000058e-01 nan nan nan
1.531250000000000000e+00 8.762305000000000232e-01 nan nan nan
1.533749999999999947e+00 8.738632499999998693e-01 nan nan nan
1.536249999999999893e+00 8.804759999999999254e-01 nan nan nan
1.538750000000000062e+00 8.771877500000000438e-01 nan nan nan
1.541250000000000009e+00 8.726315000000000044e-01 nan nan nan
1.543749999999999956e+00 8.734622499999999956e-01 nan nan nan
1.546249999999999902e+00 8.743892499999998957e-01 nan nan nan
1.548750000000000071e+00 8.778504999999999781e-01 nan nan nan
1.551250000000000018e+00 8.791972500000000412e-01 nan nan nan
1.553749999999999964e+00 8.767257499999999704e-01 nan nan nan
1.556249999999999911e+00 8.775862500000000122e-01 nan nan nan
1.558750000000000080e+00 8.778344999999999620e-01 nan nan nan
1.561250000000000027e+00 8.805939999999999879e-01 nan nan nan
1.563749999999999973e+00 8.719439999999999413e-01 nan nan nan
1.566249999999999920e+00 8.741514999999999702e-01 nan nan nan
1.568750000000000089e+00 8.717162499999999703e-01 nan nan nan
1.571250000000000036e+00 8.822319999999999052e-01 nan nan nan
1.573749999999999982e+00 8.764280000000000959e-01 nan nan nan
1.576249999999999929e+00 8.759144999999999293e-01 nan nan nan
1.578750000000000098e+00 8.747494999999999576e-01 nan nan nan
1.581250000000000044e+00 8.798422500000000479e-01 nan nan nan
1.583749999999999991e+00 8.740759999999999641e-01 nan nan nan
1.586249999999999938e+00 8.823894999999999378e-01 nan nan nan
1.588750000000000107e+00 8.804712499999999276e-01 nan nan nan
1.591250000000000053e+00 8.801674999999999915e-01 nan nan nan
1.593750000000000000e+00 8.860179999999999723e-01 nan nan nan
1.596249999999999947e+00 8.826834999999999543e-01 nan nan nan
1.598749999999999893e+00 8.810567499999999441e-01 nan nan nan
1.601250000000000062e+00 8.884362499999999274e-01 nan nan nan
1.603750000000000009e+00 8.862862499999999422e-01 nan nan nan
1.606249999999999956e+00 8.889507500000000118e-01 nan nan nan
1.608749999999999902e+00 8.849495000000000555e-01 nan nan nan
1.611250000000000071e+00 8.841767500000000668e-01 nan nan nan
1.613750000000000018e+00 8.892879999999999674e-01 nan nan nan
1.616249999999999964e+00 8.982815000000000660e-01 nan nan nan
1.618749999999999911e+00 8.918697500000000167e-01 nan nan nan
1.621250000000000080e+00 8.887585000000000068e-01 nan nan nan
1.623750000000000027e+00 8.943912500000000820e-01 nan nan nan
1.626249999999999973e+00 8.970400000000000595e-01 nan nan nan
1.628749999999999920e+00 8.938569999999999016e-01 nan nan nan
1.631250000000000089e+00 8.991464999999999597e-01 nan nan nan
1.633750000000000036e+00 8.988860000000000738e-01 nan nan nan
1.636249999999999982e+00 8.993704999999999616e-01 nan nan nan
1.638749999999999929e+00 8.968177500000000801e-01 nan nan nan
1.641250000000000098e+00 9.013100000000000556e-01 nan nan nan
1.643750000000000044e+00 9.041112500000000329e-01 nan nan nan
1.646249999999999991e+00 9.048745000000000260e-01 nan nan nan
1.648749999999999938e+00 9.005657500000000537e-01 nan nan nan
1.651250000000000107e+00 9.084027499999999256e-01 nan nan nan
1.653750000000000053e+00 9.076577500000000409e-01 nan nan nan
1.656250000000000000e+00 9.148155000000000037e-01 nan nan nan
1.658749999999999947e+00 9.083514999999999784e-01 nan nan nan
1.661249999999999893e+00 9.084529999999999550e-01 nan nan nan
1.663750000000000062e+00 9.138095000000000523e-01 nan nan nan
1.666250000000000009e+00 9.097987499999999894e-01 nan nan nan
1.668749999999999956e+00 9.100767499999999899e-01 nan nan nan
1.671249999999999902e+00 9.134219999999999562e-01 nan nan nan
1.673750000000000071e+00 9.151089999999999502e-01 nan nan nan
1.676250000000000018e+00 9.203570000000000917e-01 nan nan nan
1.678749999999999964e+00 9.200882500000000519e-01 nan nan nan
1.681249999999999911e+00 9.181184999999999485e-01 nan nan nan
1.683750000000000080e+00 9.246777499999999650e-01 nan nan nan
1.686250000000000027e+00 9.150179999999999980e-01 nan nan nan
1.688749999999999973e+00 9.256195000000000395e-01 nan nan nan
1.691249999999999920e+00 9.206622500000000153e-01 nan nan nan
1.693750000000000089e+00 9.299904999999999422e-01 nan nan nan
1.696250000000000036e+00 9.245447499999999152e-01 nan nan nan
1.698749999999999982e+00 9.277404999999999680e-01 nan nan nan
1.701249999999999929e+00 9.288052499999999156e-01 nan nan nan
1.703750000000000098e+00 9.378094999999999626e-01 nan nan nan
1.706250000000000044e+00 9.340590000000000837e-01 nan nan nan
1.708749999999999991e+00 9.356497500000000578e-01 nan nan nan
1.711249999999999938e+00 9.409937499999999622e-01 nan nan nan
1.713750000000000107e+00 9.395167500000000116e-01 nan nan nan
1.716250000000000053e+00 9.411842500000000555e-01 nan nan nan
1.718750000000000000e+00 9.402025000000000521e-01 nan nan nan
1.721249999999999947e+00 9.428269999999999706e-01 nan nan nan
1.723749999999999893e+00 9.443412500000000209e-01 nan nan nan
1.726250000000000062e+00 9.467814999999999426e-01 nan nan nan
1.728750000000000009e+00 9.505442499999999795e-01 nan nan nan
1.731249999999999956e+00 9.456795000000000062e-01 nan nan nan
1.733749999999999902e+00 9.546289999999999498e-01 nan nan nan
1.736250000000000071e+00 9.532842500000000552e-01 nan nan nan
1.738750000000000018e+00 9.549082500000000140e-01 nan nan nan
1.741249999999999964e+00 9.554917499999999730e-01 nan nan nan
1.743749999999999911e+00 9.623297500000000948e-01 nan nan nan
1.746250000000000080e+00 9.664977500000000443e-01 nan nan nan
1.748750000000000027e+00 9.626554999999999973e-01 nan nan nan
1.751249999999999973e+00 9.688327499999999093e-01 nan nan nan
1.753749999999999920e+00 9.694420000000000259e-01 nan nan nan
1.756250000000000089e+00 9.656532499999999075e-01 nan nan nan
1.758750000000000036e+00 9.672159999999999647e-01 nan nan nan
1.761249999999999982e+00 9.728847500000000759e-01 nan nan nan
1.763749999999999929e+00 9.690560000000000285e-01 nan nan nan
1.766250000000000098e+00 9.705532499999999230e-01 nan nan nan
1.768750000000000044e+00 9.735217499999999635e-01 nan nan nan
1.771249999999999991e+00 9.797322499999999712e-01 nan nan nan
1.773749999999999938e+00 9.798722500000000002e-01 nan nan nan
1.776250000000000107e+00 9.766725000000000545e-01 nan nan nan
1.778750000000000053e+00 9.821070000000000633e-01 nan nan nan
1.781250000000000000e+00 9.773085000000001354e-01 nan nan nan
1.783749999999999947e+00 9.849409999999999554e-01 nan nan nan
1.786249999999999893e+00 9.889802500000000052e-01 nan nan nan
1.788750000000000062e+00 9.912245000000000639e-01 nan nan nan
1.791250000000000009e+00 9.898270000000000124e-01 nan nan nan
1.793749999999999956e+00 9.895199999999999552e-01 nan nan nan
1.796249999999999902e+00 9.936045000000000016e-01 nan nan nan
1.798750000000000071e+00 9.952852500000000102e-01 nan nan nan
1.801250000000000018e+00 9.969915000000000305e-01 nan nan nan
1.803749999999999964e+00 9.982062499999999616e-01 nan nan nan
1.806249999999999911e+00 9.967510000000000536e-01 nan nan nan
1.808750000000000080e+00 1.002508500000000025e+00 nan nan nan
1.811250000000000027e+00 1.002145999999999981e+00 nan nan nan
1.813749999999999973e+00 1.006835249999999959e+00 nan nan nan
1.816249999999999920e+00 9.966745000000000188e-01 nan nan nan
1.818750000000000089e+00 1.004035999999999929e+00 nan nan nan
1.821250000000000036e+00 1.009858249999999957e+00 nan nan nan
1.823749999999999982e+00 1.011057749999999977e+00 nan nan nan
1.826249999999999929e+00 1.007719749999999914e+00 nan nan nan
1.828750000000000098e+00 1.012864750000000091e+00 nan nan nan
1.831250000000000044e+00 1.010565500000000005e+00 nan nan nan
1.833749999999999991e+00 1.013228500000000087e+00 nan nan nan
1.836249999999999938e+00 1.012479499999999977e+00 nan nan nan
1.838750000000000107e+00 1.014964999999999895e+00 nan nan nan
1.841250000000000053e+00 1.017330250000000103e+00 nan nan nan
1.843750000000000000e+00 1.018154249999999816e+00 nan nan nan
1.846249999999999947e+00 1.020872999999999919e+00 nan nan nan
1.848749999999999893e+00 1.020020499999999997e+00 nan nan nan
1.851250000000000062e+00 1.023509500000000072e+00 nan nan nan
1.853750000000000009e+00 1.025560500000000097e+00 nan nan nan
1.856249999999999956e+00 1.025715249999999967e+00 nan nan nan
1.858749999999999902e+00 1.021660749999999895e+00 nan nan nan
1.861250000000000071e+00 1.024138749999999876e+00 nan nan nan
1.863750000000000018e+00 1.027643499999999932e+00 nan nan nan
1.866249999999999964e+00 1.029090249999999873e+00 nan nan nan
1.868749999999999911e+00 1.025100999999999818e+00 nan nan nan
1.871250000000000080e+00 1.029036000000000062e+00 nan nan nan
1.873750000000000027e+00 1.034231999999999818e+00 nan nan nan
1.876249999999999973e+00 1.032471249999999952e+00 nan nan nan
1.878749999999999920e+00 1.033516249999999914e+00 nan nan nan
1.881250000000000089e+00 1.034498750000000022e+00 nan nan nan
1.883750000000000036e+00 1.033259499999999997e+00 nan nan nan
1.886249999999999982e+00 1.031460749999999926e+00 nan nan nan
1.888749999999999929e+00 1.036724499999999827e+00 nan nan nan
1.891250000000000098e+00 1.042828000000000088e+00 nan nan nan
1.893750000000000044e+00 1.039278750000000029e+00 nan nan nan
1.896249999999999991e+00 1.036168749999999861e+00 nan nan nan
1.898749999999999938e+00 1.042655749999999992e+00 nan nan nan
1.901250000000000107e+00 1.044488250000000118e+00 nan nan nan
1.903750000000000053e+00 1.040036500000000030e+00 nan nan nan
1.906250000000000000e+00 1.039847250000000001e+00 nan nan nan
1.908749999999999947e+00 1.037456750000000039e+00 nan nan nan
1.911249999999999893e+00 1.044803750000000031e+00 nan nan nan
1.913750000000000062e+00 1.042900249999999973e+00 nan nan nan
1.916250000000000009e+00 1.043080500000000077e+00 nan nan nan
1.918749999999999956e+00 1.041288500000000061e+00 nan nan nan
1.921249999999999902e+00 1.051230749999999992e+00 nan nan nan
1.923750000000000071e+00 1.046051999999999982e+00 nan nan nan
1.926250000000000018e+00 1.046800000000000175e+00 nan nan nan
1.928749999999999964e+00 1.049334249999999802e+00 nan nan nan
1.931249999999999911e+00 1.047565249999999892e+00 nan nan nan
1.933750000000000080e+00 1.043923249999999969e+00 nan nan nan
1.936250000000000027e+00 1.049962250000000097e+00 nan nan nan
1.938749999999999973e+00 1.047611500000000140e+00 nan nan nan
1.941249999999999920e+00 1.049571000000000254e+00 nan nan nan
1.943750000000000089e+00 1.053056499999999840e+00 nan nan nan
1.946250000000000036e+00 1.050890250000000137e+00 nan nan nan
1.948749999999999982e+00 1.048128500000000018e+00 nan nan nan
1.951249999999999929e+00 1.049343750000000020e+00 nan nan nan
1.953750000000000098e+00 1.046084999999999932e+00 nan nan nan
1.956250000000000044e+00 1.050472999999999768e+00 nan nan nan
1.958749999999999991e+00 1.049500249999999912e+00 nan nan nan
1.961249999999999938e+00 1.053231000000000028e+00 nan nan nan
1.963750000000000107e+00 1.049363999999999963e+00 nan nan nan
1.966250000000000053e+00 1.049739250000000013e+00 nan nan nan
1.968750000000000000e+00 1.055464750000000063e+00 nan nan nan
1.971249999999999947e+00 1.056363750000000046e+00 nan nan nan
1.973749999999999893e+00 1.051176499999999958e+00 nan nan nan
1.976250000000000062e+00 1.050781500000000035e+00 nan nan nan
1.978750000000000009e+00 1.045481250000000140e+00 nan nan nan
1.981249999999999956e+00 1.053922250000000060e+00 nan nan nan
1.983749999999999902e+00 1.052430500000000047e+00 nan nan nan
1.986250000000000071e+00 1.053852250000000046e+00 nan nan nan
1.988750000000000018e+00 1.053751749999999987e+00 nan nan nan
1.991249999999999964e+00 1.055597000000000119e+00 nan nan nan
1.993749999999999911e+00 1.051072000000000006e+00 nan nan nan
1.996250000000000080e+00 1.050499250000000107e+00 nan nan nan
1.998750000000000027e+00 1.053928250000000011e+00 nan nan nan
2.001250000000000195e+00 1.050201250000000197e+00 nan nan nan
2.003750000000000142e+00 1.057217249999999886e+00 nan nan nan
2.006250000000000089e+00 1.050564249999999866e+00 nan nan nan
2.008750000000000036e+00 1.054339750000000020e+00 nan nan nan
2.011249999999999982e+00 1.049575250000000182e+00 nan nan nan
2.013749999999999929e+00 1.047025500000000164e+00 nan nan nan
2.016249999999999876e+00 1.049356750000000060e+00 nan nan nan
2.018749999999999822e+00 1.052538999999999891e+00 nan nan nan
2.021250000000000213e+00 1.055040749999999861e+00 nan nan nan
2.023750000000000160e+00 1.051411499999999943e+00 nan nan nan
2.026250000000000107e+00 1.047502500000000003e+00 nan nan nan
2.028750000000000053e+00 1.051062249999999976e+00 nan nan nan
2.031250000000000000e+00 1.049632249999999933e+00 nan nan nan
2.033749999999999947e+00 1.043887000000000009e+00 nan nan nan
2.036249999999999893e+00 1.046254500000000087e+00 nan nan nan
2.038749999999999840e+00 1.044562250000000025e+00 nan nan nan
2.041249999999999787e+00 1.048398249999999976e+00 nan nan nan
2.043750000000000178e+00 1.045126999999999917e+00 nan nan nan
2.046250000000000124e+00 1.047479000000000049e+00 nan nan nan
2.048750000000000071e+00 1.045378499999999988e+00 nan nan nan
2.051250000000000018e+00 1.047832999999999792e+00 nan nan nan
2.053749999999999964e+00 1.045004749999999927e+00 nan nan nan
2.056249999999999911e+00 1.039668499999999884e+00 nan nan nan
2.058749999999999858e+00 1.046467250000000071e+00 nan nan nan
2.061249999999999805e+00 1.043361500000000053e+00 nan nan nan
2.063750000000000195e+00 1.042164000000000090e+00 nan nan nan
2.066250000000000142e+00 1.043283999999999878e+00 nan nan nan
2.068750000000000089e+00 1.045993000000000173e+00 nan nan nan
2.071250000000000036e+00 1.041061500000000084e+00 nan nan nan
2.073749999999999982e+00 1.032092500000000079e+00 nan nan nan
2.076249999999999929e+00 1.038169750000000002e+00 nan nan nan
2.078749999999999876e+00 1.040646750000000065e+00 nan nan nan
2.081249999999999822e+00 1.041538499999999923e+00 nan nan nan
2.083750000000000213e+00 1.040256499999999917e+00 nan nan nan
2.086250000000000160e+00 1.041335750000000004e+00 nan nan nan
2.088750000000000107e+00 1.040338250000000020e+00 nan nan nan
2.091250000000000053e+00 1.042518750000000161e+00 nan nan nan
2.093750000000000000e+00 1.038283249999999880e+00 nan nan nan
2.096249999999999947e+00 1.035518499999999786e+00 nan nan nan
2.098749999999999893e+00 1.035535749999999977e+00 nan nan nan
2.101249999999999840e+00 1.038904500000000120e+00 nan nan nan
2.103749999999999787e+00 1.034181500000000087e+00 nan nan nan
2.106250000000000178e+00 1.036349750000000070e+00 nan nan nan
2.108750000000000124e+00 1.032156749999999956e+00 nan nan nan
2.111250000000000071e+00 1.034877000000000047e+00 nan nan nan
2.113750000000000018e+00 1.031789999999999985e+00 nan nan nan
2.116249999999999964e+00 1.029651749999999977e+00 nan nan nan
2.118749999999999911e+00 1.032378250000000053e+00 nan nan nan
2.121249999999999858e+00 1.034382499999999983e+00 nan nan nan
2.123749999999999805e+00 1.029940000000000078e+00 nan nan nan
2.126250000000000195e+00 1.028229999999999755e+00 nan nan nan
2.128750000000000142e+00 1.032143250000000068e+00 nan nan nan
2.131250000000000089e+00 1.027721749999999989e+00 nan nan nan
2.133750000000000036e+00 1.030048250000000110e+00 nan nan nan
2.136249999999999982e+00 1.028377249999999909e+00 nan nan nan
2.138749999999999929e+00 1.033090499999999912e+00 nan nan nan
2.141249999999999876e+00 1.025618750000000023e+00 nan nan nan
2.143749999999999822e+00 1.030621999999999927e+00 nan nan nan
2.146250000000000213e+00 1.027421749999999800e+00 nan nan nan
2.148750000000000160e+00 1.024502500000000094e+00 nan nan nan
2.151250000000000107e+00 1.024512500000000159e+00 nan nan nan
2.153750000000000053e+00 1.022341249999999979e+00 nan nan nan
2.156250000000000000e+00 1.026193249999999946e+00 nan nan nan
2.158749999999999947e+00 1.026280250000000116e+00 nan nan nan
2.161249999999999893e+00 1.022206249999999983e+00 nan nan nan
2.163749999999999840e+00 1.025270249999999939e+00 nan nan nan
2.166249999999999787e+00 1.020351500000000078e+00 nan nan nan
2.168750000000000178e+00 1.020014500000000046e+00 nan nan nan
2.171250000000000124e+00 1.023641000000000023e+00 nan nan nan
2.173750000000000071e+00 1.022094749999999941e+00 nan nan nan
2.176250000000000018e+00 1.027251499999999984e+00 nan nan nan
2.178749999999999964e+00 1.020348749999999916e+00 nan nan nan
2.181249999999999911e+00 1.027751999999999999e+00 nan nan nan
2.183749999999999858e+00 1.019541250000000066e+00 nan nan nan
2.186249999999999805e+00 1.019784250000000059e+00 nan nan nan
2.188750000000000195e+00 1.017854000000000037e+00 nan nan nan
2.191250000000000142e+00 1.017631249999999987e+00 nan nan nan
2.193750000000000089e+00 1.022142999999999802e+00 nan nan nan
2.196250000000000036e+00 1.020766499999999910e+00 nan nan nan
2.198749999999999982e+00 1.020044249999999986e+00 nan nan nan
2.201249999999999929e+00 1.013890999999999876e+00 nan nan nan
2.203749999999999876e+00 1.014491250000000067e+00 nan nan nan
2.206249999999999822e+00 1.010900499999999980e+00 nan nan nan
2.208750000000000213e+00 1.012529249999999825e+00 nan nan nan
2.211250000000000160e+00 1.007959000000000049e+00 nan nan nan
2.213750000000000107e+00 1.015555749999999868e+00 nan nan nan
2.216250000000000053e+00 1.013142999999999905e+00 nan nan nan
2.218750000000000000e+00 1.012649750000000015e+00 nan nan nan
2.221249999999999947e+00 1.011898749999999847e+00 nan nan nan
2.223749999999999893e+00 1.010357499999999797e+00 nan nan nan
2.226249999999999840e+00 1.007653250000000167e+00 nan nan nan
2.228749999999999787e+00 1.010564750000000123e+00 nan nan nan
2.231250000000000178e+00 1.008633249999999926e+00 nan nan nan
2.233750000000000124e+00 1.003388999999999864e+00 nan nan nan
2.236250000000000071e+00 1.003314500000000109e+00 nan nan nan
2.238750000000000018e+00 1.007886499999999907e+00 nan nan nan
2.241249999999999964e+00 1.004259750000000118e+00 nan nan nan
2.243749999999999911e+00 1.005754500000000107e+00 nan nan nan
2.246249999999999858e+00 1.007662499999999905e+00 nan nan nan
2.248749999999999805e+00 1.005517250000000029e+00 nan nan nan
2.251250000000000195e+00 1.002275500000000097e+00 nan nan nan
2.253750000000000142e+00 1.007331250000000011e+00 nan nan nan
2.256250000000000089e+00 1.005831000000000142e+00 nan nan nan
2.258750000000000036e+00 1.004440500000000069e+00 nan nan nan
2.261249999999999982e+00 1.001393999999999895e+00 nan nan nan
2.263749999999999929e+00 1.007538499999999893e+00 nan nan nan
2.266249999999999876e+00 9.991645000000001220e-01 nan nan nan
2.268749999999999822e+00 1.002175999999999956e+00 nan nan nan
2.271250000000000213e+00 9.976052499999999990e-01 nan nan nan
2.273750000000000160e+00 9.966975000000000140e-01 nan nan nan
2.276250000000000107e+00 9.986137499999999667e-01 nan nan nan
2.278750000000000053e+00 9.985355000000000203e-01 nan nan nan
2.281250000000000000e+00 9.961282500000000484e-01 nan nan nan
2.283749999999999947e+00 9.973737500000000589e-01 nan nan nan
2.286249999999999893e+00 9.980580000000001117e-01 nan nan nan
2.288749999999999840e+00 1.001898500000000025e+00 nan nan nan
2.291249999999999787e+00 1.001227249999999902e+00 nan nan nan
2.293750000000000178e+00 1.001377750000000066e+00 nan nan nan
2.296250000000000124e+00 9.960637499999999145e-01 nan nan nan
2.298750000000000071e+00 9.977844999999999631e-01 nan nan nan
2.301250000000000018e+00 9.985587500000000505e-01 nan nan nan
2.303749999999999964e+00 9.950269999999999948e-01 nan nan nan
2.306249999999999911e+00 9.985245000000000370e-01 nan nan nan
2.308749999999999858e+00 9.954330000000000123e-01 nan nan nan
2.311249999999999805e+00 9.927690000000000126e-01 nan nan nan
2.313750000000000195e+00 9.916519999999999779e-01 nan nan nan
2.316250000000000142e+00 9.967827499999999397e-01 nan nan nan
2.318750000000000089e+00 9.944450000000000234e-01 nan nan nan
2.321250000000000036e+00 9.924572500000000685e-01 nan nan nan
2.323749999999999982e+00 9.951735000000000442e-01 nan nan nan
2.326249999999999929e+00 9.904280000000000861e-01 nan nan nan
2.328749999999999876e+00 9.921769999999998646e-01 nan nan nan
2.331249999999999822e+00 9.885117500000000224e-01 nan nan nan
2.333750000000000213e+00 9.905502499999999655e-01 nan nan nan
2.336250000000000160e+00 9.877442499999999903e-01 nan nan nan
2.338750000000000107e+00 9.953039999999999665e-01 nan nan nan
2.341250000000000053e+00 9.947162499999999685e-01 nan nan nan
2.343750000000000000e+00 9.905352499999999782e-01 nan nan nan
2.346249999999999947e+00 9.914802499999999519e-01 nan nan nan
2.348749999999999893e+00 9.921595000000000830e-01 nan nan nan
2.351249999999999840e+00 9.909419999999999895e-01 nan nan nan
2.353749999999999787e+00 9.892627499999999685e-01 nan nan nan
2.356250000000000178e+00 9.876857500000000289e-01 nan nan nan
2.358750000000000124e+00 9.914950000000000152e-01 nan nan nan
2.361250000000000071e+00 9.856049999999999534e-01 nan nan nan
2.363750000000000018e+00 9.904110000000000413e-01 nan nan nan
2.366249999999999964e+00 9.862527500000000114e-01 nan nan nan
2.368749999999999911e+00 9.880075000000000385e-01 nan nan nan
2.371249999999999858e+00 9.895490000000000119e-01 nan nan nan
2.373749999999999805e+00 9.890735000000000499e-01 nan nan nan
2.376250000000000195e+00 9.850794999999999968e-01 nan nan nan
2.378750000000000142e+00 9.845602500000000257e-01 nan nan nan
2.381250000000000089e+00 9.908077500000000981e-01 nan nan nan
2.383750000000000036e+00 9.866099999999999870e-01 nan nan nan
2.386249999999999982e+00 9.886807500000001081e-01 nan nan nan
2.388749999999999929e+00 9.886064999999999436e-01 nan nan nan
2.391249999999999876e+00 9.832330000000000236e-01 nan nan nan
2.393749999999999822e+00 9.867609999999999992e-01 nan nan nan
2.396250000000000213e+00 9.875482500000000163e-01 nan nan nan
2.398750000000000160e+00 9.865075000000000927e-01 nan nan nan
2.401250000000000107e+00 9.824975000000000236e-01 nan nan nan
2.403750000000000053e+00 9.850155000000000438e-01 nan nan nan
2.406250000000000000e+00 9.888164999999999871e-01 nan nan nan
2.408749999999999947e+00 9.892630000000000035e-01 nan nan nan
2.411249999999999893e+00 9.789792500000000786e-01 nan nan nan
2.413749999999999840e+00 9.866802500000000364e-01 nan nan nan
2.416249999999999787e+00 9.847375000000000433e-01 nan nan nan
2.418750000000000178e+00 9.817085000000000949e-01 nan nan nan
2.421250000000000124e+00 9.859507499999999869e-01 nan nan nan
2.423750000000000071e+00 9.863525000000000764e-01 nan nan nan
2.426250000000000018e+00 9.826307499999999973e-01 nan nan nan
2.428749999999999964e+00 9.855932500000000873e-01 nan nan nan
2.431249999999999911e+00 9.844654999999999934e-01 nan nan nan
2.433749999999999858e+00 9.900860000000000216e-01 nan nan nan
2.436249999999999805e+00 9.822764999999999969e-01 nan nan nan
2.438750000000000195e+00 9.819525000000000059e-01 nan nan nan
2.441250000000000142e+00 9.827154999999999641e-01 nan nan nan
2.443750000000000089e+00 9.842352500000000060e-01 nan nan nan
2.446250000000000036e+00 9.872972500000000151e-01 nan nan nan
2.448749999999999982e+00 9.847099999999999742e-01 nan nan nan
2.451249999999999929e+00 9.836969999999999326e-01 nan nan nan
2.453749999999999876e+00 9.839900000000000313e-01 nan nan nan
2.456249999999999822e+00 9.832732499999999876e-01 nan nan nan
2.458750000000000213e+00 9.853499999999999481e-01 nan nan nan
2.461250000000000160e+00 9.869700000000000140e-01 nan nan nan
2.463750000000000107e+00 9.821404999999999719e-01 nan nan nan
2.466250000000000053e+00 9.843987499999999891e-01 nan nan nan
2.468750000000000000e+00 9.839605000000000157e-01 nan nan nan
2.471249999999999947e+00 9.884767500000000151e-01 nan nan nan
2.473749999999999893e+00 9.822047499999999598e-01 nan nan nan
2.476249999999999840e+00 9.858417499999999611e-01 nan nan nan
2.478749999999999787e+00 9.832544999999999202e-01 nan nan nan
2.481250000000000178e+00 9.836232500000000600e-01 nan nan nan
2.483750000000000124e+00 9.832359999999999989e-01 nan nan nan
2.486250000000000071e+00 9.844840000000000257e-01 nan nan nan
2.488750000000000018e+00 9.844159999999999577e-01 nan nan nan
2.491249999999999964e+00 9.836652500000000465e-01 nan nan nan
2.493749999999999911e+00 9.841579999999999773e-01 nan nan nan
2.496249999999999858e+00 9.824119999999999520e-01 nan nan nan
2.498749999999999805e+00 9.841079999999999828e-01 nan nan nan
