1.250000000000000026e-03 0.000000000000000000e+00 nan nan nan
3.749999999999999861e-03 0.000000000000000000e+00 nan nan nan
6.250000000000000347e-03 0.000000000000000000e+00 nan nan nan
8.750000000000000833e-03 0.000000000000000000e+00 nan nan nan
1.124999999999999958e-02 0.000000000000000000e+00 nan nan nan
1.375000000000000007e-02 0.000000000000000000e+00 nan nan nan
1.625000000000000056e-02 0.000000000000000000e+00 nan nan nan
1.874999999999999931e-02 0.000000000000000000e+00 nan nan nan
2.125000000000000153e-02 0.000000000000000000e+00 nan nan nan
2.375000000000000028e-02 0.000000000000000000e+00 nan nan nan
2.624999999999999903e-02 0.000000000000000000e+00 nan nan nan
2.875000000000000125e-02 0.000000000000000000e+00 nan nan nan
3.125000000000000000e-02 0.000000000000000000e+00 nan nan nan
3.375000000000000222e-02 0.000000000000000000e+00 nan nan nan
3.624999999999999750e-02 0.000000000000000000e+00 nan nan nan
3.874999999999999972e-02 0.000000000000000000e+00 nan nan nan
4.125000000000000194e-02 0.000000000000000000e+00 nan nan nan
4.374999999999999722e-02 0.000000000000000000e+00 nan nan nan
4.624999999999999944e-02 0.000000000000000000e+00 nan nan nan
4.875000000000000167e-02 0.000000000000000000e+00 nan nan nan
5.124999999999999695e-02 0.000000000000000000e+00 nan nan nan
5.374999999999999917e-02 0.000000000000000000e+00 nan nan nan
5.625000000000000139e-02 0.000000000000000000e+00 nan nan nan
5.874999999999999667e-02 0.000000000000000000e+00 nan nan nan
6.124999999999999889e-02 0.000000000000000000e+00 nan nan nan
6.375000000000000111e-02 0.000000000000000000e+00 nan nan nan
6.625000000000000333e-02 0.000000000000000000e+00 nan nan nan
6.875000000000000555e-02 0.000000000000000000e+00 nan nan nan
7.124999999999999389e-02 0.000000000000000000e+00 nan nan nan
7.374999999999999611e-02 0.000000000000000000e+00 nan nan nan
7.624999999999999833e-02 0.000000000000000000e+00 nan nan nan
7.875000000000000056e-02 0.000000000000000000e+00 nan nan nan
8.125000000000000278e-02 0.000000000000000000e+00 nan nan nan
8.375000000000000500e-02 0.000000000000000000e+00 nan nan nan
8.624999999999999334e-02 0.000000000000000000e+00 nan nan nan
8.874999999999999556e-02 0.000000000000000000e+00 nan nan nan
9.124999999999999778e-02 0.000000000000000000e+00 nan nan nan
9.375000000000000000e-02 0.000000000000000000e+00 nan nan nan
9.625000000000000222e-02 0.000000000000000000e+00 nan nan nan
9.875000000000000444e-02 0.000000000000000000e+00 nan nan nan
1.012500000000000067e-01 0.000000000000000000e+00 nan nan nan
1.037499999999999950e-01 0.000000000000000000e+00 nan nan nan
1.062499999999999972e-01 0.000000000000000000e+00 nan nan nan
1.087499999999999994e-01 0.000000000000000000e+00 nan nan nan
1.112500000000000017e-01 0.000000000000000000e+00 nan nan nan
1.137500000000000039e-01 0.000000000000000000e+00 nan nan nan
1.162500000000000061e-01 0.000000000000000000e+00 nan nan nan
1.187499999999999944e-01 0.000000000000000000e+00 nan nan nan
1.212499999999999967e-01 0.000000000000000000e+00 nan nan nan
1.237499999999999989e-01 0.000000000000000000e+00 nan nan nan
1.262500000000000011e-01 0.000000000000000000e+00 nan nan nan
1.287500000000000033e-01 0.000000000000000000e+00 nan nan nan
1.312500000000000056e-01 0.000000000000000000e+00 nan nan nan
1.337500000000000078e-01 0.000000000000000000e+00 nan nan nan
1.362500000000000100e-01 0.000000000000000000e+00 nan nan nan
1.387500000000000122e-01 0.000000000000000000e+00 nan nan nan
1.412499999999999867e-01 0.000000000000000000e+00 nan nan nan
1.437499999999999889e-01 0.000000000000000000e+00 nan nan nan
1.462499999999999911e-01 0.000000000000000000e+00 nan nan nan
1.487499999999999933e-01 0.000000000000000000e+00 nan nan nan
1.512499999999999956e-01 0.000000000000000000e+00 nan nan nan
1.537499999999999978e-01 0.000000000000000000e+00 nan nan nan
1.562500000000000000e-01 0.000000000000000000e+00 nan nan nan
1.587500000000000022e-01 0.000000000000000000e+00 nan nan nan
1.612500000000000044e-01 0.000000000000000000e+00 nan nan nan
1.637500000000000067e-01 0.000000000000000000e+00 nan nan nan
1.662500000000000089e-01 0.000000000000000000e+00 nan nan nan
1.687500000000000111e-01 0.000000000000000000e+00 nan nan nan
1.712500000000000133e-01 0.000000000000000000e+00 nan nan nan
1.737499999999999878e-01 0.000000000000000000e+00 nan nan nan
1.762499999999999900e-01 0.000000000000000000e+00 nan nan nan
1.787499999999999922e-01 0.000000000000000000e+00 nan nan nan
1.812499999999999944e-01 0.000000000000000000e+00 nan nan nan
1.837499999999999967e-01 0.000000000000000000e+00 nan nan nan
1.862499999999999989e-01 0.000000000000000000e+00 nan nan nan
1.887500000000000011e-01 0.000000000000000000e+00 nan nan nan
1.912500000000000033e-01 0.000000000000000000e+00 nan nan nan
1.937500000000000056e-01 0.000000000000000000e+00 nan nan nan
1.962500000000000078e-01 0.000000000000000000e+00 nan nan nan
1.987500000000000100e-01 0.000000000000000000e+00 nan nan nan
2.012500000000000122e-01 0.000000000000000000e+00 nan nan nan
2.037499999999999867e-01 0.000000000000000000e+00 nan nan nan
2.062499999999999889e-01 0.000000000000000000e+00 nan nan nan
2.087499999999999911e-01 0.000000000000000000e+00 nan nan nan
2.112499999999999933e-01 0.000000000000000000e+00 nan nan nan
2.137499999999999956e-01 0.000000000000000000e+00 nan nan nan
2.162499999999999978e-01 0.000000000000000000e+00 nan nan nan
2.187500000000000000e-01 0.000000000000000000e+00 nan nan nan
2.212500000000000022e-01 0.000000000000000000e+00 nan nan nan
2.237500000000000044e-01 0.000000000000000000e+00 nan nan nan
2.262500000000000067e-01 0.000000000000000000e+00 nan nan nan
2.287500000000000089e-01 0.000000000000000000e+00 nan nan nan
2.312500000000000111e-01 0.000000000000000000e+00 nan nan nan
2.337500000000000133e-01 0.000000000000000000e+00 nan nan nan
2.362499999999999878e-01 0.000000000000000000e+00 nan nan nan
2.387499999999999900e-01 0.000000000000000000e+00 nan nan nan
2.412499999999999922e-01 0.000000000000000000e+00 nan nan nan
2.437499999999999944e-01 0.000000000000000000e+00 nan nan nan
2.462499999999999967e-01 0.000000000000000000e+00 nan nan nan
2.487499999999999989e-01 0.000000000000000000e+00 nan nan nan
2.512499999999999734e-01 0.000000000000000000e+00 nan nan nan
2.537499999999999756e-01 0.000000000000000000e+00 nan nan nan
2.562499999999999778e-01 0.000000000000000000e+00 nan nan nan
2.587499999999999800e-01 0.000000000000000000e+00 nan nan nan
2.612499999999999822e-01 0.000000000000000000e+00 nan nan nan
2.637499999999999845e-01 0.000000000000000000e+00 nan nan nan
2.662499999999999867e-01 0.000000000000000000e+00 nan nan nan
2.687499999999999889e-01 0.000000000000000000e+00 nan nan nan
2.712499999999999911e-01 0.000000000000000000e+00 nan nan nan
2.737499999999999933e-01 0.000000000000000000e+00 nan nan nan
2.762499999999999956e-01 0.000000000000000000e+00 nan nan nan
2.787499999999999978e-01 0.000000000000000000e+00 nan nan nan
2.812500000000000000e-01 0.000000000000000000e+00 nan nan nan
2.837500000000000022e-01 0.000000000000000000e+00 nan nan nan
2.862500000000000044e-01 0.000000000000000000e+00 nan nan nan
2.887500000000000067e-01 0.000000000000000000e+00 nan nan nan
2.912500000000000089e-01 0.000000000000000000e+00 nan nan nan
2.937500000000000111e-01 0.000000000000000000e+00 nan nan nan
2.962500000000000133e-01 0.000000000000000000e+00 nan nan nan
2.987500000000000155e-01 0.000000000000000000e+00 nan nan nan
3.012500000000000178e-01 0.000000000000000000e+00 nan nan nan
3.037500000000000200e-01 0.000000000000000000e+00 nan nan nan
3.062500000000000222e-01 0.000000000000000000e+00 nan nan nan
3.087500000000000244e-01 0.000000000000000000e+00 nan nan nan
3.112500000000000266e-01 0.000000000000000000e+00 nan nan nan
3.137499999999999734e-01 0.000000000000000000e+00 nan nan nan
3.162499999999999756e-01 0.000000000000000000e+00 nan nan nan
3.187499999999999778e-01 0.000000000000000000e+00 nan nan nan
3.212499999999999800e-01 0.000000000000000000e+00 nan nan nan
3.237499999999999822e-01 0.000000000000000000e+00 nan nan nan
3.262499999999999845e-01 0.000000000000000000e+00 nan nan nan
3.287499999999999867e-01 0.000000000000000000e+00 nan nan nan
3.312499999999999889e-01 0.000000000000000000e+00 nan nan nan
3.337499999999999911e-01 0.000000000000000000e+00 nan nan nan
3.362499999999999933e-01 0.000000000000000000e+00 nan nan nan
3.387499999999999956e-01 0.000000000000000000e+00 nan nan nan
3.412499999999999978e-01 0.000000000000000000e+00 nan nan nan
3.437500000000000000e-01 0.000000000000000000e+00 nan nan nan
3.462500000000000022e-01 0.000000000000000000e+00 nan nan nan
3.487500000000000044e-01 0.000000000000000000e+00 nan nan nan
3.512500000000000067e-01 0.000000000000000000e+00 nan nan nan
3.537500000000000089e-01 0.000000000000000000e+00 nan nan nan
3.562500000000000111e-01 0.000000000000000000e+00 nan nan nan
3.587500000000000133e-01 0.000000000000000000e+00 nan nan nan
3.612500000000000155e-01 0.000000000000000000e+00 nan nan nan
3.637500000000000178e-01 0.000000000000000000e+00 nan nan nan
3.662500000000000200e-01 0.000000000000000000e+00 nan nan nan
3.687500000000000222e-01 0.000000000000000000e+00 nan nan nan
3.712500000000000244e-01 0.000000000000000000e+00 nan nan nan
3.737500000000000266e-01 0.000000000000000000e+00 nan nan nan
3.762499999999999734e-01 0.000000000000000000e+00 nan nan nan
3.787499999999999756e-01 0.000000000000000000e+00 nan nan nan
3.812499999999999778e-01 0.000000000000000000e+00 nan nan nan
3.837499999999999800e-01 0.000000000000000000e+00 nan nan nan
3.862499999999999822e-01 0.000000000000000000e+00 nan nan nan
3.887499999999999845e-01 0.000000000000000000e+00 nan nan nan
3.912499999999999867e-01 0.000000000000000000e+00 nan nan nan
3.937499999999999889e-01 0.000000000000000000e+00 nan nan nan
3.962499999999999911e-01 0.000000000000000000e+00 nan nan nan
3.987499999999999933e-01 0.000000000000000000e+00 nan nan nan
4.012499999999999956e-01 0.000000000000000000e+00 nan nan nan
4.037499999999999978e-01 0.000000000000000000e+00 nan nan nan
4.062500000000000000e-01 0.000000000000000000e+00 nan nan nan
4.087500000000000022e-01 0.000000000000000000e+00 nan nan nan
4.112500000000000044e-01 0.000000000000000000e+00 nan nan nan
4.137500000000000067e-01 0.000000000000000000e+00 nan nan nan
4.162500000000000089e-01 0.000000000000000000e+00 nan nan nan
4.187500000000000111e-01 0.000000000000000000e+00 nan nan nan
4.212500000000000133e-01 0.000000000000000000e+00 nan nan nan
4.237500000000000155e-01 0.000000000000000000e+00 nan nan nan
4.262500000000000178e-01 0.000000000000000000e+00 nan nan nan
4.287500000000000200e-01 0.000000000000000000e+00 nan nan nan
4.312500000000000222e-01 0.000000000000000000e+00 nan nan nan
4.337500000000000244e-01 0.000000000000000000e+00 nan nan nan
4.362500000000000266e-01 0.000000000000000000e+00 nan nan nan
4.387499999999999734e-01 0.000000000000000000e+00 nan nan nan
4.412499999999999756e-01 0.000000000000000000e+00 nan nan nan
4.437499999999999778e-01 0.000000000000000000e+00 nan nan nan
4.462499999999999800e-01 0.000000000000000000e+00 nan nan nan
4.487499999999999822e-01 0.000000000000000000e+00 nan nan nan
4.512499999999999845e-01 0.000000000000000000e+00 nan nan nan
4.537499999999999867e-01 0.000000000000000000e+00 nan nan nan
4.562499999999999889e-01 0.000000000000000000e+00 nan nan nan
4.587499999999999911e-01 0.000000000000000000e+00 nan nan nan
4.612499999999999933e-01 0.000000000000000000e+00 nan nan nan
4.637499999999999956e-01 0.000000000000000000e+00 nan nan nan
4.662499999999999978e-01 0.000000000000000000e+00 nan nan nan
4.687500000000000000e-01 0.000000000000000000e+00 nan nan nan
4.712500000000000022e-01 0.000000000000000000e+00 nan nan nan
4.737500000000000044e-01 0.000000000000000000e+00 nan nan nan
4.762500000000000067e-01 0.000000000000000000e+00 nan nan nan
4.787500000000000089e-01 0.000000000000000000e+00 nan nan nan
4.812500000000000111e-01 0.000000000000000000e+00 nan nan nan
4.837500000000000133e-01 0.000000000000000000e+00 nan nan nan
4.862500000000000155e-01 0.000000000000000000e+00 nan nan nan
4.887500000000000178e-01 0.000000000000000000e+00 nan nan nan
4.912500000000000200e-01 0.000000000000000000e+00 nan nan nan
4.937500000000000222e-01 0.000000000000000000e+00 nan nan nan
4.962500000000000244e-01 0.000000000000000000e+00 nan nan nan
4.987500000000000266e-01 0.000000000000000000e+00 nan nan nan
5.012499999999999734e-01 0.000000000000000000e+00 nan nan nan
5.037500000000000311e-01 0.000000000000000000e+00 nan nan nan
5.062499999999999778e-01 0.000000000000000000e+00 nan nan nan
5.087500000000000355e-01 0.000000000000000000e+00 nan nan nan
5.112499999999999822e-01 0.000000000000000000e+00 nan nan nan
5.137500000000000400e-01 0.000000000000000000e+00 nan nan nan
5.162499999999999867e-01 0.000000000000000000e+00 nan nan nan
5.187500000000000444e-01 0.000000000000000000e+00 nan nan nan
5.212499999999999911e-01 0.000000000000000000e+00 nan nan nan
5.237500000000000488e-01 0.000000000000000000e+00 nan nan nan
5.262499999999999956e-01 0.000000000000000000e+00 nan nan nan
5.287500000000000533e-01 0.000000000000000000e+00 nan nan nan
5.312500000000000000e-01 0.000000000000000000e+00 nan nan nan
5.337499999999999467e-01 0.000000000000000000e+00 nan nan nan
5.362500000000000044e-01 0.000000000000000000e+00 nan nan nan
5.387499999999999512e-01 0.000000000000000000e+00 nan nan nan
5.412500000000000089e-01 0.000000000000000000e+00 nan nan nan
5.437499999999999556e-01 0.000000000000000000e+00 nan nan nan
5.462500000000000133e-01 0.000000000000000000e+00 nan nan nan
5.487499999999999600e-01 0.000000000000000000e+00 nan nan nan
5.512500000000000178e-01 0.000000000000000000e+00 nan nan nan
5.537499999999999645e-01 0.000000000000000000e+00 nan nan nan
5.562500000000000222e-01 0.000000000000000000e+00 nan nan nan
5.587499999999999689e-01 0.000000000000000000e+00 nan nan nan
5.612500000000000266e-01 0.000000000000000000e+00 nan nan nan
5.637499999999999734e-01 0.000000000000000000e+00 nan nan nan
5.662500000000000311e-01 0.000000000000000000e+00 nan nan nan
5.687499999999999778e-01 0.000000000000000000e+00 nan nan nan
5.712500000000000355e-01 0.000000000000000000e+00 nan nan nan
5.737499999999999822e-01 0.000000000000000000e+00 nan nan nan
5.762500000000000400e-01 0.000000000000000000e+00 nan nan nan
5.787499999999999867e-01 0.000000000000000000e+00 nan nan nan
5.812500000000000444e-01 0.000000000000000000e+00 nan nan nan
5.837499999999999911e-01 0.000000000000000000e+00 nan nan nan
5.862500000000000488e-01 0.000000000000000000e+00 nan nan nan
5.887499999999999956e-01 0.000000000000000000e+00 nan nan nan
5.912500000000000533e-01 0.000000000000000000e+00 nan nan nan
5.937500000000000000e-01 0.000000000000000000e+00 nan nan nan
5.962499999999999467e-01 0.000000000000000000e+00 nan nan nan
5.987500000000000044e-01 0.000000000000000000e+00 nan nan nan
6.012499999999999512e-01 0.000000000000000000e+00 nan nan nan
6.037500000000000089e-01 0.000000000000000000e+00 nan nan nan
6.062499999999999556e-01 0.000000000000000000e+00 nan nan nan
6.087500000000000133e-01 0.000000000000000000e+00 nan nan nan
6.112499999999999600e-01 0.000000000000000000e+00 nan nan nan
6.137500000000000178e-01 0.000000000000000000e+00 nan nan nan
6.162499999999999645e-01 0.000000000000000000e+00 nan nan nan
6.187500000000000222e-01 0.000000000000000000e+00 nan nan nan
6.212499999999999689e-01 0.000000000000000000e+00 nan nan nan
6.237500000000000266e-01 0.000000000000000000e+00 nan nan nan
6.262499999999999734e-01 0.000000000000000000e+00 nan nan nan
6.287500000000000311e-01 0.000000000000000000e+00 nan nan nan
6.312499999999999778e-01 0.000000000000000000e+00 nan nan nan
6.337500000000000355e-01 0.000000000000000000e+00 nan nan nan
6.362499999999999822e-01 0.000000000000000000e+00 nan nan nan
6.387500000000000400e-01 0.000000000000000000e+00 nan nan nan
6.412499999999999867e-01 0.000000000000000000e+00 nan nan nan
6.437500000000000444e-01 0.000000000000000000e+00 nan nan nan
6.462499999999999911e-01 0.000000000000000000e+00 nan nan nan
6.487500000000000488e-01 0.000000000000000000e+00 nan nan nan
6.512499999999999956e-01 0.000000000000000000e+00 nan nan nan
6.537500000000000533e-01 0.000000000000000000e+00 nan nan nan
6.562500000000000000e-01 0.000000000000000000e+00 nan nan nan
6.587499999999999467e-01 0.000000000000000000e+00 nan nan nan
6.612500000000000044e-01 0.000000000000000000e+00 nan nan nan
6.637499999999999512e-01 0.000000000000000000e+00 nan nan nan
6.662500000000000089e-01 0.000000000000000000e+00 nan nan nan
6.687499999999999556e-01 0.000000000000000000e+00 nan nan nan
6.712500000000000133e-01 0.000000000000000000e+00 nan nan nan
6.737499999999999600e-01 0.000000000000000000e+00 nan nan nan
6.762500000000000178e-01 0.000000000000000000e+00 nan nan nan
6.787499999999999645e-01 0.000000000000000000e+00 nan nan nan
6.812500000000000222e-01 0.000000000000000000e+00 nan nan nan
6.837499999999999689e-01 0.000000000000000000e+00 nan nan nan
6.862500000000000266e-01 0.000000000000000000e+00 nan nan nan
6.887499999999999734e-01 0.000000000000000000e+00 nan nan nan
6.912500000000000311e-01 0.000000000000000000e+00 nan nan nan
6.937499999999999778e-01 0.000000000000000000e+00 nan nan nan
6.962500000000000355e-01 0.000000000000000000e+00 nan nan nan
6.987499999999999822e-01 0.000000000000000000e+00 nan nan nan
7.012500000000000400e-01 0.000000000000000000e+00 nan nan nan
7.037499999999999867e-01 0.000000000000000000e+00 nan nan nan
7.062500000000000444e-01 0.000000000000000000e+00 nan nan nan
7.087499999999999911e-01 0.000000000000000000e+00 nan nan nan
7.112500000000000488e-01 0.000000000000000000e+00 nan nan nan
7.137499999999999956e-01 0.000000000000000000e+00 nan nan nan
7.162500000000000533e-01 0.000000000000000000e+00 nan nan nan
7.187500000000000000e-01 0.000000000000000000e+00 nan nan nan
7.212499999999999467e-01 0.000000000000000000e+00 nan nan nan
7.237500000000000044e-01 0.000000000000000000e+00 nan nan nan
7.262499999999999512e-01 0.000000000000000000e+00 nan nan nan
7.287500000000000089e-01 0.000000000000000000e+00 nan nan nan
7.312499999999999556e-01 0.000000000000000000e+00 nan nan nan
7.337500000000000133e-01 0.000000000000000000e+00 nan nan nan
7.362499999999999600e-01 0.000000000000000000e+00 nan nan nan
7.387500000000000178e-01 0.000000000000000000e+00 nan nan nan
7.412499999999999645e-01 0.000000000000000000e+00 nan nan nan
7.437500000000000222e-01 0.000000000000000000e+00 nan nan nan
7.462499999999999689e-01 0.000000000000000000e+00 nan nan nan
7.487500000000000266e-01 5.674999999999999706e-05 nan nan nan
7.512499999999999734e-01 1.124999999999999969e-04 nan nan nan
7.537500000000000311e-01 2.239999999999999966e-04 nan nan nan
7.562499999999999778e-01 3.334999999999999748e-04 nan nan nan
7.587500000000000355e-01 4.420000000000000101e-04 nan nan nan
7.612499999999999822e-01 9.325000000000000606e-04 nan nan nan
7.637500000000000400e-01 1.198999999999999979e-03 nan nan nan
7.662499999999999867e-01 1.299249999999999841e-03 nan nan nan
7.687500000000000444e-01 1.989750000000000199e-03 nan nan nan
7.712499999999999911e-01 2.725499999999999624e-03 nan nan nan
7.737500000000000488e-01 3.026250000000000294e-03 nan nan nan
7.762499999999999956e-01 3.956250000000000565e-03 nan nan nan
7.787500000000000533e-01 6.184750000000001011e-03 nan nan nan
7.812500000000000000e-01 7.343499999999999334e-03 nan nan nan
7.837499999999999467e-01 8.745750000000000052e-03 nan nan nan
7.862500000000000044e-01 1.069525000000000163e-02 nan nan nan
7.887499999999999512e-01 1.221124999999999988e-02 nan nan nan
7.912500000000000089e-01 1.787175000000000222e-02 nan nan nan
7.937499999999999556e-01 2.134149999999999936e-02 nan nan nan
7.962500000000000133e-01 2.692300000000000249e-02 nan nan nan
7.987499999999999600e-01 2.775124999999999814e-02 nan nan nan
8.012500000000000178e-01 4.045150000000000134e-02 nan nan nan
8.037499999999999645e-01 4.580950000000000299e-02 nan nan nan
8.062500000000000222e-01 5.437700000000000172e-02 nan nan nan
8.087499999999999689e-01 6.507299999999999196e-02 nan nan nan
8.112500000000000266e-01 7.887275000000000535e-02 nan nan nan
8.137499999999999734e-01 8.688499999999999002e-02 nan nan nan
8.162500000000000311e-01 1.021932499999999855e-01 nan nan nan
8.187499999999999778e-01 1.182615000000000055e-01 nan nan nan
8.212500000000000355e-01 1.312574999999999992e-01 nan nan nan
8.237499999999999822e-01 1.499492499999999784e-01 nan nan nan
8.262500000000000400e-01 1.639892500000000031e-01 nan nan nan
8.287499999999999867e-01 1.888727500000000059e-01 nan nan nan
8.312500000000000444e-01 2.073355000000000059e-01 nan nan nan
8.337499999999999911e-01 2.264427499999999982e-01 nan nan nan
8.362500000000000488e-01 2.507272500000000126e-01 nan nan nan
8.387499999999999956e-01 2.716462499999999780e-01 nan nan nan
8.412500000000000533e-01 3.107727499999999865e-01 nan nan nan
8.437500000000000000e-01 3.263467499999999633e-01 nan nan nan
8.462499999999999467e-01 3.646805000000000185e-01 nan nan nan
8.487500000000000044e-01 3.823477500000000417e-01 nan nan nan
8.512499999999999512e-01 4.259899999999999798e-01 nan nan nan
8.537500000000000089e-01 4.573400000000000243e-01 nan nan nan
8.562499999999999556e-01 4.829415000000000235e-01 nan nan nan
8.587500000000000133e-01 5.214272500000000088e-01 nan nan nan
8.612499999999999600e-01 5.529872499999999302e-01 nan nan nan
8.637500000000000178e-01 5.872420000000000417e-01 nan nan nan
8.662499999999999645e-01 6.284205000000000485e-01 nan nan nan
8.687500000000000222e-01 6.521010000000000417e-01 nan nan nan
8.712499999999999689e-01 6.945110000000001005e-01 nan nan nan
8.737500000000000266e-01 7.310552499999999343e-01 nan nan nan
8.762499999999999734e-01 7.754095000000000848e-01 nan nan nan
8.787500000000000311e-01 8.035647500000000498e-01 nan nan nan
8.812499999999999778e-01 8.376504999999998535e-01 nan nan nan
8.837500000000000355e-01 8.761002499999999138e-01 nan nan nan
8.862499999999999822e-01 9.088424999999999976e-01 nan nan nan
8.887500000000000400e-01 9.470382499999999704e-01 nan nan nan
8.912499999999999867e-01 9.824705000000000243e-01 nan nan nan
8.937500000000000444e-01 1.011642500000000000e+00 nan nan nan
8.962499999999999911e-01 1.050090250000000003e+00 nan nan nan
8.987500000000000488e-01 1.089551000000000158e+00 nan nan nan
9.012499999999999956e-01 1.108795750000000080e+00 nan nan nan
9.037500000000000533e-01 1.140303500000000136e+00 nan nan nan
9.062500000000000000e-01 1.166919250000000075e+00 nan nan nan
9.087499999999999467e-01 1.214240999999999904e+00 nan nan nan
9.112500000000000044e-01 1.241810249999999893e+00 nan nan nan
9.137499999999999512e-01 1.270430500000000018e+00 nan nan nan
9.162500000000000089e-01 1.305800749999999955e+00 nan nan nan
9.187499999999999556e-01 1.313390499999999905e+00 nan nan nan
9.212500000000000133e-01 1.340579500000000035e+00 nan nan nan
9.237499999999999600e-01 1.378518750000000015e+00 nan nan nan
9.262500000000000178e-01 1.394095749999999967e+00 nan nan nan
9.287499999999999645e-01 1.419914249999999933e+00 nan nan nan
9.312500000000000222e-01 1.448734749999999849e+00 nan nan nan
9.337499999999999689e-01 1.456226249999999833e+00 nan nan nan
9.362500000000000266e-01 1.480081250000000015e+00 nan nan nan
9.387499999999999734e-01 1.498070999999999930e+00 nan nan nan
9.412500000000000311e-01 1.507489250000000114e+00 nan nan nan
9.437499999999999778e-01 1.532240000000000046e+00 nan nan nan
9.462500000000000355e-01 1.545561499999999810e+00 nan nan nan
9.487499999999999822e-01 1.562181750000000147e+00 nan nan nan
9.512500000000000400e-01 1.580538500000000068e+00 nan nan nan
9.537499999999999867e-01 1.596095499999999889e+00 nan nan nan
9.562500000000000444e-01 1.608652999999999889e+00 nan nan nan
9.587499999999999911e-01 1.625104250000000139e+00 nan nan nan
9.612500000000000488e-01 1.643357249999999992e+00 nan nan nan
9.637499999999999956e-01 1.632139000000000006e+00 nan nan nan
9.662500000000000533e-01 1.658431250000000023e+00 nan nan nan
9.687500000000000000e-01 1.670205750000000045e+00 nan nan nan
9.712499999999999467e-01 1.657001499999999794e+00 nan nan nan
9.737500000000000044e-01 1.667680000000000051e+00 nan nan nan
9.762499999999999512e-01 1.685731250000000125e+00 nan nan nan
9.787500000000000089e-01 1.706198499999999951e+00 nan nan nan
9.812499999999999556e-01 1.698473249999999934e+00 nan nan nan
9.837500000000000133e-01 1.696354750000000022e+00 nan nan nan
9.862499999999999600e-01 1.706817749999999911e+00 nan nan nan
9.887500000000000178e-01 1.694685750000000102e+00 nan nan nan
9.912499999999999645e-01 1.708147000000000082e+00 nan nan nan
9.937500000000000222e-01 1.721515999999999824e+00 nan nan nan
9.962499999999999689e-01 1.703918750000000149e+00 nan nan nan
9.987500000000000266e-01 1.714073249999999993e+00 nan nan nan
1.001249999999999973e+00 1.716146249999999984e+00 nan nan nan
1.003749999999999920e+00 1.708365499999999981e+00 nan nan nan
1.006250000000000089e+00 1.716180500000000109e+00 nan nan nan
1.008750000000000036e+00 1.700312499999999893e+00 nan nan nan
1.011249999999999982e+00 1.712959499999999968e+00 nan nan nan
1.013749999999999929e+00 1.697592749999999873e+00 nan nan nan
1.016250000000000098e+00 1.708426000000000000e+00 nan nan nan
1.018750000000000044e+00 1.706973249999999886e+00 nan nan nan
1.021249999999999991e+00 1.687470999999999943e+00 nan nan nan
1.023749999999999938e+00 1.695466000000000140e+00 nan nan nan
1.026250000000000107e+00 1.696903500000000120e+00 nan nan nan
1.028750000000000053e+00 1.686834249999999757e+00 nan nan nan
1.031250000000000000e+00 1.685121500000000161e+00 nan nan nan
1.033749999999999947e+00 1.664309250000000073e+00 nan nan nan
1.036249999999999893e+00 1.677779750000000014e+00 nan nan nan
1.038750000000000062e+00 1.654630249999999858e+00 nan nan nan
1.041250000000000009e+00 1.663552249999999955e+00 nan nan nan
1.043749999999999956e+00 1.656263999999999958e+00 nan nan nan
1.046249999999999902e+00 1.658144499999999910e+00 nan nan nan
1.048750000000000071e+00 1.645711249999999959e+00 nan nan nan
1.051250000000000018e+00 1.635131499999999960e+00 nan nan nan
1.053749999999999964e+00 1.624376249999999855e+00 nan nan nan
1.056249999999999911e+00 1.625898750000000170e+00 nan nan nan
1.058750000000000080e+00 1.613748999999999878e+00 nan nan nan
1.061250000000000027e+00 1.603332500000000049e+00 nan nan nan
1.063749999999999973e+00 1.595159250000000029e+00 nan nan nan
1.066249999999999920e+00 1.593307750000000134e+00 nan nan nan
1.068750000000000089e+00 1.587114499999999984e+00 nan nan nan
1.071250000000000036e+00 1.578662750000000115e+00 nan nan nan
1.073749999999999982e+00 1.573277749999999919e+00 nan nan nan
1.076249999999999929e+00 1.572206500000000062e+00 nan nan nan
1.078750000000000098e+00 1.554684750000000060e+00 nan nan nan
1.081250000000000044e+00 1.551418750000000069e+00 nan nan nan
1.083749999999999991e+00 1.538017999999999885e+00 nan nan nan
1.086249999999999938e+00 1.540698499999999971e+00 nan nan nan
1.088750000000000107e+00 1.534676999999999847e+00 nan nan nan
1.091250000000000053e+00 1.513826249999999929e+00 nan nan nan
1.093750000000000000e+00 1.498782500000000129e+00 nan nan nan
1.096249999999999947e+00 1.505787999999999904e+00 nan nan nan
1.098749999999999893e+00 1.503525000000000222e+00 nan nan nan
1.101250000000000062e+00 1.484964249999999986e+00 nan nan nan
1.103750000000000009e+00 1.472347999999999990e+00 nan nan nan
1.106249999999999956e+00 1.467441250000000030e+00 nan nan nan
1.108749999999999902e+00 1.469933000000000156e+00 nan nan nan
1.111250000000000071e+00 1.441086249999999902e+00 nan nan nan
1.113750000000000018e+00 1.434239500000000112e+00 nan nan nan
1.116249999999999964e+00 1.434684999999999988e+00 nan nan nan
1.118749999999999911e+00 1.433207250000000155e+00 nan nan nan
1.121250000000000080e+00 1.417518250000000091e+00 nan nan nan
1.123750000000000027e+00 1.414691999999999839e+00 nan nan nan
1.126249999999999973e+00 1.404483999999999844e+00 nan nan nan
1.128749999999999920e+00 1.394277500000000058e+00 nan nan nan
1.131250000000000089e+00 1.383700750000000035e+00 nan nan nan
1.133750000000000036e+00 1.383441249999999956e+00 nan nan nan
1.136249999999999982e+00 1.365788250000000037e+00 nan nan nan
1.138749999999999929e+00 1.356684999999999919e+00 nan nan nan
1.141250000000000098e+00 1.356190000000000007e+00 nan nan nan
1.143750000000000044e+00 1.348494000000000081e+00 nan nan nan
1.146249999999999991e+00 1.344311750000000139e+00 nan nan nan
1.148749999999999938e+00 1.337238499999999997e+00 nan nan nan
1.151250000000000107e+00 1.331533000000000078e+00 nan nan nan
1.153750000000000053e+00 1.327177749999999934e+00 nan nan nan
1.156250000000000000e+00 1.313646000000000091e+00 nan nan nan
1.158749999999999947e+00 1.306539750000000000e+00 nan nan nan
1.161249999999999893e+00 1.308086250000000117e+00 nan nan nan
1.163750000000000062e+00 1.296322749999999857e+00 nan nan nan
1.166250000000000009e+00 1.297361250000000021e+00 nan nan nan
1.168749999999999956e+00 1.277086750000000048e+00 nan nan nan
1.171249999999999902e+00 1.272173749999999881e+00 nan nan nan
1.173750000000000071e+00 1.270820999999999978e+00 nan nan nan
1.176250000000000018e+00 1.272110249999999887e+00 nan nan nan
1.178749999999999964e+00 1.252582000000000084e+00 nan nan nan
1.181249999999999911e+00 1.259541500000000092e+00 nan nan nan
1.183750000000000080e+00 1.249916999999999945e+00 nan nan nan
1.186250000000000027e+00 1.243727999999999945e+00 nan nan nan
1.188749999999999973e+00 1.234340999999999910e+00 nan nan nan
1.191249999999999920e+00 1.223789749999999898e+00 nan nan nan
1.193750000000000089e+00 1.226632249999999980e+00 nan nan nan
1.196250000000000036e+00 1.222865749999999974e+00 nan nan nan
1.198749999999999982e+00 1.213921250000000063e+00 nan nan nan
1.201249999999999929e+00 1.203741250000000207e+00 nan nan nan
1.203750000000000098e+00 1.202015249999999869e+00 nan nan nan
1.206250000000000044e+00 1.192996249999999980e+00 nan nan nan
1.208749999999999991e+00 1.191569499999999948e+00 nan nan nan
1.211249999999999938e+00 1.180134250000000051e+00 nan nan nan
1.213750000000000107e+00 1.174177499999999874e+00 nan nan nan
1.216250000000000053e+00 1.172470750000000006e+00 nan nan nan
1.218750000000000000e+00 1.169655749999999994e+00 nan nan nan
1.221249999999999947e+00 1.159288000000000096e+00 nan nan nan
1.223749999999999893e+00 1.152200249999999926e+00 nan nan nan
1.226250000000000062e+00 1.158203749999999976e+00 nan nan nan
1.228750000000000009e+00 1.154148000000000174e+00 nan nan nan
1.231249999999999956e+00 1.136906250000000007e+00 nan nan nan
1.233749999999999902e+00 1.135978750000000037e+00 nan nan nan
1.236250000000000071e+00 1.127374749999999981e+00 nan nan nan
1.238750000000000018e+00 1.124858750000000018e+00 nan nan nan
1.241249999999999964e+00 1.130627749999999931e+00 nan nan nan
1.243749999999999911e+00 1.120292000000000066e+00 nan nan nan
1.246250000000000080e+00 1.116477499999999790e+00 nan nan nan
1.248750000000000027e+00 1.112480250000000170e+00 nan nan nan
1.251249999999999973e+00 1.103877500000000067e+00 nan nan nan
1.253749999999999920e+00 1.104171000000000014e+00 nan nan nan
1.256250000000000089e+00 1.089568500000000162e+00 nan nan nan
1.258750000000000036e+00 1.090019750000000176e+00 nan nan nan
1.261249999999999982e+00 1.089119750000000053e+00 nan nan nan
1.263749999999999929e+00 1.077311499999999977e+00 nan nan nan
1.266250000000000098e+00 1.074805999999999928e+00 nan nan nan
1.268750000000000044e+00 1.077209750000000188e+00 nan nan nan
1.271249999999999991e+00 1.062296750000000012e+00 nan nan nan
1.273749999999999938e+00 1.060265999999999931e+00 nan nan nan
1.276250000000000107e+00 1.067845249999999968e+00 nan nan nan
1.278750000000000053e+00 1.065539999999999932e+00 nan nan nan
1.281250000000000000e+00 1.047347749999999911e+00 nan nan nan
1.283749999999999947e+00 1.043291500000000038e+00 nan nan nan
1.286249999999999893e+00 1.043486250000000171e+00 nan nan nan
1.288750000000000062e+00 1.038043999999999967e+00 nan nan nan
1.291250000000000009e+00 1.041712250000000006e+00 nan nan nan
1.293749999999999956e+00 1.028877749999999924e+00 nan nan nan
1.296249999999999902e+00 1.031175000000000175e+00 nan nan nan
1.298750000000000071e+00 1.027472500000000011e+00 nan nan nan
1.301250000000000018e+00 1.030211500000000058e+00 nan nan nan
1.303749999999999964e+00 1.017194500000000001e+00 nan nan nan
1.306249999999999911e+00 1.012577999999999978e+00 nan nan nan
1.308750000000000080e+00 1.016618999999999939e+00 nan nan nan
1.311250000000000027e+00 1.007624999999999993e+00 nan nan nan
1.313749999999999973e+00 1.007919250000000044e+00 nan nan nan
1.316249999999999920e+00 1.003011749999999980e+00 nan nan nan
1.318750000000000089e+00 9.976039999999999353e-01 nan nan nan
1.321250000000000036e+00 9.932680000000000398e-01 nan nan nan
1.323749999999999982e+00 9.906805000000000749e-01 nan nan nan
1.326249999999999929e+00 9.827025000000000343e-01 nan nan nan
1.328750000000000098e+00 9.906024999999999414e-01 nan nan nan
1.331250000000000044e+00 9.788859999999999228e-01 nan nan nan
1.333749999999999991e+00 9.860482500000000705e-01 nan nan nan
1.336249999999999938e+00 9.830029999999999601e-01 nan nan nan
1.338750000000000107e+00 9.822260000000000435e-01 nan nan nan
1.341250000000000053e+00 9.759705000000000741e-01 nan nan nan
1.343750000000000000e+00 9.755814999999999904e-01 nan nan nan
1.346249999999999947e+00 9.633672500000000083e-01 nan nan nan
1.348749999999999893e+00 9.627875000000000183e-01 nan nan nan
1.351250000000000062e+00 9.671840000000000437e-01 nan nan nan
1.353750000000000009e+00 9.618284999999999751e-01 nan nan nan
1.356249999999999956e+00 9.528077499999999533e-01 nan nan nan
1.358749999999999902e+00 9.552622500000000905e-01 nan nan nan
1.361250000000000071e+00 9.509505000000000319e-01 nan nan nan
1.363750000000000018e+00 9.540642499999999471e-01 nan nan nan
1.366249999999999964e+00 9.452119999999999411e-01 nan nan nan
1.368749999999999911e+00 9.424750000000000627e-01 nan nan nan
1.371250000000000080e+00 9.493534999999999613e-01 nan nan nan
1.373750000000000027e+00 9.421620000000000550e-01 nan nan nan
1.376249999999999973e+00 9.313074999999999548e-01 nan nan nan
1.378749999999999920e+00 9.281505000000001004e-01 nan nan nan
1.381250000000000089e+00 9.267100000000000337e-01 nan nan nan
1.383750000000000036e+00 9.334744999999999848e-01 nan nan nan
1.386249999999999982e+00 9.300940000000000873e-01 nan nan nan
1.388749999999999929e+00 9.251165000000000083e-01 nan nan nan
1.391250000000000098e+00 9.309914999999999718e-01 nan nan nan
1.393750000000000044e+00 9.211582500000000673e-01 nan nan nan
1.396249999999999991e+00 9.132970000000000255e-01 nan nan nan
1.398749999999999938e+00 9.229514999999999247e-01 nan nan nan
1.401250000000000107e+00 9.162132499999999791e-01 nan nan nan
1.403750000000000053e+00 9.211632499999999890e-01 nan nan nan
1.406250000000000000e+00 9.113327500000000247e-01 nan nan nan
1.408749999999999947e+00 9.102794999999999082e-01 nan nan nan
1.411249999999999893e+00 9.103930000000000078e-01 nan nan nan
1.413750000000000062e+00 9.054262499999998770e-01 nan nan nan
1.416250000000000009e+00 9.119947500000000762e-01 nan nan nan
1.418749999999999956e+00 9.075360000000000094e-01 nan nan nan
1.421249999999999902e+00 9.102474999999999872e-01 nan nan nan
1.423750000000000071e+00 9.043720000000000647e-01 nan nan nan
1.426250000000000018e+00 8.979852500000000681e-01 nan nan nan
1.428749999999999964e+00 8.993767500000000581e-01 nan nan nan
1.431249999999999911e+00 8.991085000000000882e-01 nan nan nan
1.433750000000000080e+00 8.949240000000000528e-01 nan nan nan
1.436250000000000027e+00 8.965885000000000105e-01 nan nan nan
1.438749999999999973e+00 8.938287499999999497e-01 nan nan nan
1.441249999999999920e+00 8.949235000000000939e-01 nan nan nan
1.443750000000000089e+00 8.965689999999999493e-01 nan nan nan
1.446250000000000036e+00 8.916032500000000693e-01 nan nan nan
1.448749999999999982e+00 8.817590000000000705e-01 nan nan nan
1.451249999999999929e+00 8.898770000000000291e-01 nan nan nan
1.453750000000000098e+00 8.817654999999999799e-01 nan nan nan
1.456250000000000044e+00 8.869397500000000267e-01 nan nan nan
1.458749999999999991e+00 8.830059999999999576e-01 nan nan nan
1.461249999999999938e+00 8.836342500000000655e-01 nan nan nan
1.463750000000000107e+00 8.811377499999999419e-01 nan nan nan
1.466250000000000053e+00 8.829702499999999565e-01 nan nan nan
1.468750000000000000e+00 8.841222499999999984e-01 nan nan nan
1.471249999999999947e+00 8.748642500000000100e-01 nan nan nan
1.473749999999999893e+00 8.776067499999999910e-01 nan nan nan
1.476250000000000062e+00 8.773495000000000044e-01 nan nan nan
1.478750000000000009e+00 8.781794999999998907e-01 nan nan nan
1.481249999999999956e+00 8.733487499999998960e-01 nan nan nan
1.483749999999999902e+00 8.760107499999999492e-01 nan nan nan
1.486250000000000071e+00 8.831680000000000641e-01 nan nan nan
1.488750000000000018e+00 8.797025000000000539e-01 nan nan nan
1.491249999999999964e+00 8.761977499999999974e-01 nan nan nan
1.493749999999999911e+00 8.757032500000000441e-01 nan nan nan
1.496250000000000080e+00 8.728647499999999670e-01 nan nan nan
1.498750000000000027e+00 8.709317500000000045e-01 nan nan nan
1.501249999999999973e+00 8.711787500000000017e-01 nan nan nan
1.503749999999999920e+00 8.715737500000000360e-01 nan nan nan
1.506250000000000089e+00 8.748194999999999721e-01 nan nan nan
1.508750000000000036e+00 8.661555000000000781e-01 nan nan nan
1.511249999999999982e+00 8.661452499999999777e-01 nan nan nan
1.513749999999999929e+00 8.678092499999999765e-01 nan nan nan
1.516250000000000098e+00 8.707979999999999610e-01 nan nan nan
1.518750000000000044e+00 8.654117500000000351e-01 nan nan nan
1.521249999999999991e+00 8.707012499999999822e-01 nan nan nan
1.523749999999999938e+00 8.731587499999999835e-01 nan nan nan
1.526250000000000107e+00 8.680897499999999933e-01 nan nan nan
1.528750000000000053e+00 8.661912499999999682e-01 nan nan nan
1.531250000000000000e+00 8.672967499999999497e-01 nan nan nan
1.533749999999999947e+00 8.684172500000000294e-01 nan nan nan
1.536249999999999893e+00 8.673307500000000392e-01 nan nan nan
1.538750000000000062e+00 8.638164999999999871e-01 nan nan nan
1.541250000000000009e+00 8.693532499999999663e-01 nan nan nan
1.543749999999999956e+00 8.643255000000000798e-01 nan nan nan
1.546249999999999902e+00 8.685265000000000901e-01 nan nan nan
1.548750000000000071e+00 8.691967499999999625e-01 nan nan nan
1.551250000000000018e+00 8.728965000000000751e-01 nan nan nan
1.553749999999999964e+00 8.713007500000000682e-01 nan nan nan
1.556249999999999911e+00 8.682807500000000456e-01 nan nan nan
1.558750000000000080e+00 8.732035000000000213e-01 nan nan nan
1.561250000000000027e+00 8.664577500000000265e-01 nan nan nan
1.563749999999999973e+00 8.694089999999999874e-01 nan nan nan
1.566249999999999920e+00 8.724539999999999518e-01 nan nan nan
1.568750000000000089e+00 8.728657499999999958e-01 nan nan nan
1.571250000000000036e+00 8.720729999999999871e-01 nan nan nan
1.573749999999999982e+00 8.760942499999999633e-01 nan nan nan
1.576249999999999929e+00 8.760424999999999462e-01 nan nan nan
1.578750000000000098e+00 8.719567500000000582e-01 nan nan nan
1.581250000000000044e+00 8.720109999999999806e-01 nan nan nan
1.583749999999999991e+00 8.751657499999999645e-01 nan nan nan
1.586249999999999938e+00 8.701354999999999507e-01 nan nan nan
1.588750000000000107e+00 8.762647500000000367e-01 nan nan nan
1.591250000000000053e+00 8.768027500000000751e-01 nan nan nan
1.593750000000000000e+00 8.806367500000000792e-01 nan nan nan
1.596249999999999947e+00 8.766579999999999373e-01 nan nan nan
1.598749999999999893e+00 8.748635000000000161e-01 nan nan nan
1.601250000000000062e+00 8.741795000000001092e-01 nan nan nan
1.603750000000000009e+00 8.791060000000000541e-01 nan nan nan
1.606249999999999956e+00 8.793779999999999930e-01 nan nan nan
1.608749999999999902e+00 8.774084999999999246e-01 nan nan nan
1.611250000000000071e+00 8.840177499999999355e-01 nan nan nan
1.613750000000000018e+00 8.857237500000000319e-01 nan nan nan
1.616249999999999964e+00 8.885467500000000518e-01 nan nan nan
1.618749999999999911e+00 8.864717500000000028e-01 nan nan nan
1.621250000000000080e+00 8.821922500000000111e-01 nan nan nan
1.623750000000000027e+00 8.818162499999999682e-01 nan nan nan
1.626249999999999973e+00 8.852729999999999766e-01 nan nan nan
1.628749999999999920e+00 8.895910000000000206e-01 nan nan nan
1.631250000000000089e+00 8.918239999999999501e-01 nan nan nan
1.633750000000000036e+00 8.850834999999999120e-01 nan nan nan
1.636249999999999982e+00 8.783914999999999917e-01 nan nan nan
1.638749999999999929e+00 8.912784999999998625e-01 nan nan nan
1.641250000000000098e+00 8.937812499999999716e-01 nan nan nan
1.643750000000000044e+00 8.942997500000000599e-01 nan nan nan
1.646249999999999991e+00 8.906942500000000207e-01 nan nan nan
1.648749999999999938e+00 8.958300000000000152e-01 nan nan nan
1.651250000000000107e+00 8.995192499999999924e-01 nan nan nan
1.653750000000000053e+00 9.073204999999999742e-01 nan nan nan
1.656250000000000000e+00 9.005159999999998721e-01 nan nan nan
1.658749999999999947e+00 8.956664999999999210e-01 nan nan nan
1.661249999999999893e+00 9.023139999999999494e-01 nan nan nan
1.663750000000000062e+00 8.968942500000001150e-01 nan nan nan
1.666250000000000009e+00 9.066960000000000575e-01 nan nan nan
1.668749999999999956e+00 9.021775000000000766e-01 nan nan nan
1.671249999999999902e+00 9.089490000000001180e-01 nan nan nan
1.673750000000000071e+00 9.060542499999999499e-01 nan nan nan
1.676250000000000018e+00 9.074830000000000396e-01 nan nan nan
1.678749999999999964e+00 9.066882499999999734e-01 nan nan nan
1.681249999999999911e+00 9.164765000000001383e-01 nan nan nan
1.683750000000000080e+00 9.173227499999999646e-01 nan nan nan
1.686250000000000027e+00 9.165942499999999438e-01 nan nan nan
1.688749999999999973e+00 9.168697500000000389e-01 nan nan nan
1.691249999999999920e+00 9.180285000000000251e-01 nan nan nan
1.693750000000000089e+00 9.214807500000000706e-01 nan nan nan
1.696250000000000036e+00 9.183137500000000397e-01 nan nan nan
1.698749999999999982e+00 9.223432499999999479e-01 nan nan nan
1.701249999999999929e+00 9.237090000000000023e-01 nan nan nan
1.703750000000000098e+00 9.278552500000001313e-01 nan nan nan
1.706250000000000044e+00 9.293747500000000272e-01 nan nan nan
1.708749999999999991e+00 9.279310000000000613e-01 nan nan nan
1.711249999999999938e+00 9.349802499999999572e-01 nan nan nan
1.713750000000000107e+00 9.350682500000000452e-01 nan nan nan
1.716250000000000053e+00 9.311374999999999513e-01 nan nan nan
1.718750000000000000e+00 9.353065000000000406e-01 nan nan nan
1.721249999999999947e+00 9.373017500000000446e-01 nan nan nan
1.723749999999999893e+00 9.424264999999999448e-01 nan nan nan
1.726250000000000062e+00 9.430587500000000567e-01 nan nan nan
1.728750000000000009e+00 9.501399999999999846e-01 nan nan nan
1.731249999999999956e+00 9.452447500000000780e-01 nan nan nan
1.733749999999999902e+00 9.452702499999999786e-01 nan nan nan
1.736250000000000071e+00 9.462087499999999318e-01 nan nan nan
1.738750000000000018e+00 9.548662500000000275e-01 nan nan nan
1.741249999999999964e+00 9.529647499999999161e-01 nan nan nan
1.743749999999999911e+00 9.551267500000000243e-01 nan nan nan
1.746250000000000080e+00 9.576062499999999922e-01 nan nan nan
1.748750000000000027e+00 9.610132499999999300e-01 nan nan nan
1.751249999999999973e+00 9.526742500000000557e-01 nan nan nan
1.753749999999999920e+00 9.588069999999999649e-01 nan nan nan
1.756250000000000089e+00 9.608610000000000761e-01 nan nan nan
1.758750000000000036e+00 9.594160000000000466e-01 nan nan nan
1.761249999999999982e+00 9.656812500000000465e-01 nan nan nan
1.763749999999999929e+00 9.662457500000000143e-01 nan nan nan
1.766250000000000098e+00 9.647557500000000230e-01 nan nan nan
1.768750000000000044e+00 9.692950000000000177e-01 nan nan nan
1.771249999999999991e+00 9.744232500000000741e-01 nan nan nan
1.773749999999999938e+00 9.755377499999999813e-01 nan nan nan
1.776250000000000107e+00 9.753830000000000000e-01 nan nan nan
1.778750000000000053e+00 9.750847500000000556e-01 nan nan nan
1.781250000000000000e+00 9.763064999999999660e-01 nan nan nan
1.783749999999999947e+00 9.797262500000000207e-01 nan nan nan
1.786249999999999893e+00 9.880835000000000035e-01 nan nan nan
1.788750000000000062e+00 9.828299999999999814e-01 nan nan nan
1.791250000000000009e+00 9.866072499999999357e-01 nan nan nan
1.793749999999999956e+00 9.894902500000000156e-01 nan nan nan
1.796249999999999902e+00 9.892400000000001192e-01 nan nan nan
1.798750000000000071e+00 9.874057499999999710e-01 nan nan nan
1.801250000000000018e+00 9.904962499999999670e-01 nan nan nan
1.803749999999999964e+00 9.941520000000000357e-01 nan nan nan
1.806249999999999911e+00 9.943147500000000250e-01 nan nan nan
1.808750000000000080e+00 1.001138499999999931e+00 nan nan nan
1.811250000000000027e+00 1.004151499999999864e+00 nan nan nan
1.813749999999999973e+00 1.000564000000000231e+00 nan nan nan
1.816249999999999920e+00 1.003169250000000012e+00 nan nan nan
1.818750000000000089e+00 1.001681749999999926e+00 nan nan nan
1.821250000000000036e+00 1.005325500000000094e+00 nan nan nan
1.823749999999999982e+00 1.006049749999999854e+00 nan nan nan
1.826249999999999929e+00 1.008920749999999922e+00 nan nan nan
1.828750000000000098e+00 1.010488749999999936e+00 nan nan nan
1.831250000000000044e+00 1.013248249999999961e+00 nan nan nan
1.833749999999999991e+00 1.017160749999999947e+00 nan nan nan
1.836249999999999938e+00 1.016062000000000021e+00 nan nan nan
1.838750000000000107e+00 1.016337749999999929e+00 nan nan nan
1.841250000000000053e+00 1.022177249999999926e+00 nan nan nan
1.843750000000000000e+00 1.016920250000000081e+00 nan nan nan
1.846249999999999947e+00 1.018364500000000117e+00 nan nan nan
1.848749999999999893e+00 1.017509249999999810e+00 nan nan nan
1.851250000000000062e+00 1.021069999999999922e+00 nan nan nan
1.853750000000000009e+00 1.021703249999999841e+00 nan nan nan
1.856249999999999956e+00 1.018916249999999968e+00 nan nan nan
1.858749999999999902e+00 1.023592749999999940e+00 nan nan nan
1.861250000000000071e+00 1.029956249999999907e+00 nan nan nan
1.863750000000000018e+00 1.026417499999999983e+00 nan nan nan
1.866249999999999964e+00 1.027265249999999908e+00 nan nan nan
1.868749999999999911e+00 1.030625999999999820e+00 nan nan nan
1.871250000000000080e+00 1.031505249999999929e+00 nan nan nan
1.873750000000000027e+00 1.032928249999999881e+00 nan nan nan
1.876249999999999973e+00 1.038240999999999969e+00 nan nan nan
1.878749999999999920e+00 1.041882499999999823e+00 nan nan nan
1.881250000000000089e+00 1.030097750000000145e+00 nan nan nan
1.883750000000000036e+00 1.039798750000000105e+00 nan nan nan
1.886249999999999982e+00 1.039340500000000223e+00 nan nan nan
1.888749999999999929e+00 1.038265749999999876e+00 nan nan nan
1.891250000000000098e+00 1.039966500000000016e+00 nan nan nan
1.893750000000000044e+00 1.044853749999999915e+00 nan nan nan
1.896249999999999991e+00 1.038281750000000114e+00 nan nan nan
1.898749999999999938e+00 1.043096750000000128e+00 nan nan nan
1.901250000000000107e+00 1.040926750000000123e+00 nan nan nan
1.903750000000000053e+00 1.043158999999999947e+00 nan nan nan
1.906250000000000000e+00 1.042742500000000128e+00 nan nan nan
1.908749999999999947e+00 1.041487500000000122e+00 nan nan nan
1.911249999999999893e+00 1.049441749999999951e+00 nan nan nan
1.913750000000000062e+00 1.044297499999999879e+00 nan nan nan
1.916250000000000009e+00 1.045184250000000148e+00 nan nan nan
1.918749999999999956e+00 1.048566749999999992e+00 nan nan nan
1.921249999999999902e+00 1.052582249999999942e+00 nan nan nan
1.923750000000000071e+00 1.052597000000000005e+00 nan nan nan
1.926250000000000018e+00 1.045686000000000115e+00 nan nan nan
1.928749999999999964e+00 1.043916999999999984e+00 nan nan nan
1.931249999999999911e+00 1.051187249999999906e+00 nan nan nan
1.933750000000000080e+00 1.052797999999999901e+00 nan nan nan
1.936250000000000027e+00 1.047367750000000042e+00 nan nan nan
1.938749999999999973e+00 1.052609499999999976e+00 nan nan nan
1.941249999999999920e+00 1.054750000000000076e+00 nan nan nan
1.943750000000000089e+00 1.055437750000000063e+00 nan nan nan
1.946250000000000036e+00 1.051117000000000079e+00 nan nan nan
1.948749999999999982e+00 1.055586499999999983e+00 nan nan nan
1.951249999999999929e+00 1.058251499999999901e+00 nan nan nan
1.953750000000000098e+00 1.058992500000000003e+00 nan nan nan
1.956250000000000044e+00 1.053820749999999862e+00 nan nan nan
1.958749999999999991e+00 1.056128249999999991e+00 nan nan nan
1.961249999999999938e+00 1.051404250000000040e+00 nan nan nan
1.963750000000000107e+00 1.057483249999999986e+00 nan nan nan
1.966250000000000053e+00 1.057286999999999866e+00 nan nan nan
1.968750000000000000e+00 1.053881749999999951e+00 nan nan nan
1.971249999999999947e+00 1.054801499999999947e+00 nan nan nan
1.973749999999999893e+00 1.052155500000000021e+00 nan nan nan
1.976250000000000062e+00 1.062004750000000053e+00 nan nan nan
1.978750000000000009e+00 1.055288250000000039e+00 nan nan nan
1.981249999999999956e+00 1.058368250000000010e+00 nan nan nan
1.983749999999999902e+00 1.056695749999999823e+00 nan nan nan
1.986250000000000071e+00 1.057437500000000030e+00 nan nan nan
1.988750000000000018e+00 1.054105499999999918e+00 nan nan nan
1.991249999999999964e+00 1.060711500000000029e+00 nan nan nan
1.993749999999999911e+00 1.056301750000000039e+00 nan nan nan
1.996250000000000080e+00 1.054064749999999773e+00 nan nan nan
1.998750000000000027e+00 1.049336999999999964e+00 nan nan nan
2.001250000000000195e+00 1.048097749999999939e+00 nan nan nan
2.003750000000000142e+00 1.052451500000000095e+00 nan nan nan
2.006250000000000089e+00 1.051740999999999815e+00 nan nan nan
2.008750000000000036e+00 1.056048999999999793e+00 nan nan nan
2.011249999999999982e+00 1.057825999999999933e+00 nan nan nan
2.013749999999999929e+00 1.052207000000000114e+00 nan nan nan
2.016249999999999876e+00 1.052202749999999964e+00 nan nan nan
2.018749999999999822e+00 1.053030249999999945e+00 nan nan nan
2.021250000000000213e+00 1.051905500000000160e+00 nan nan nan
2.023750000000000160e+00 1.052591000000000054e+00 nan nan nan
2.026250000000000107e+00 1.053796999999999873e+00 nan nan nan
2.028750000000000053e+00 1.051525499999999891e+00 nan nan nan
2.031250000000000000e+00 1.059015500000000110e+00 nan nan nan
2.033749999999999947e+00 1.053716500000000167e+00 nan nan nan
2.036249999999999893e+00 1.050486499999999879e+00 nan nan nan
2.038749999999999840e+00 1.053287999999999780e+00 nan nan nan
2.041249999999999787e+00 1.054683999999999955e+00 nan nan nan
2.043750000000000178e+00 1.057036749999999969e+00 nan nan nan
2.046250000000000124e+00 1.051540499999999989e+00 nan nan nan
2.048750000000000071e+00 1.049452749999999934e+00 nan nan nan
2.051250000000000018e+00 1.053045750000000114e+00 nan nan nan
2.053749999999999964e+00 1.044846249999999976e+00 nan nan nan
2.056249999999999911e+00 1.052689749999999869e+00 nan nan nan
2.058749999999999858e+00 1.048289999999999944e+00 nan nan nan
2.061249999999999805e+00 1.051838000000000051e+00 nan nan nan
2.063750000000000195e+00 1.049508000000000107e+00 nan nan nan
2.066250000000000142e+00 1.046798499999999965e+00 nan nan nan
2.068750000000000089e+00 1.050642999999999994e+00 nan nan nan
2.071250000000000036e+00 1.045870250000000112e+00 nan nan nan
2.073749999999999982e+00 1.047844250000000033e+00 nan nan nan
2.076249999999999929e+00 1.046421000000000046e+00 nan nan nan
2.078749999999999876e+00 1.045347250000000061e+00 nan nan nan
2.081249999999999822e+00 1.043080000000000007e+00 nan nan nan
2.083750000000000213e+00 1.046757249999999972e+00 nan nan nan
2.086250000000000160e+00 1.044308250000000049e+00 nan nan nan
2.088750000000000107e+00 1.043543749999999992e+00 nan nan nan
2.091250000000000053e+00 1.042264250000000114e+00 nan nan nan
2.093750000000000000e+00 1.046817249999999921e+00 nan nan nan
2.096249999999999947e+00 1.040697999999999901e+00 nan nan nan
2.098749999999999893e+00 1.043986250000000116e+00 nan nan nan
2.101249999999999840e+00 1.041957000000000022e+00 nan nan nan
2.103749999999999787e+00 1.042900500000000008e+00 nan nan nan
2.106250000000000178e+00 1.042174750000000039e+00 nan nan nan
2.108750000000000124e+00 1.037425000000000042e+00 nan nan nan
2.111250000000000071e+00 1.039184249999999921e+00 nan nan nan
2.113750000000000018e+00 1.037929749999999984e+00 nan nan nan
2.116249999999999964e+00 1.032951999999999870e+00 nan nan nan
2.118749999999999911e+00 1.037703000000000042e+00 nan nan nan
2.121249999999999858e+00 1.033146250000000155e+00 nan nan nan
2.123749999999999805e+00 1.037509500000000084e+00 nan nan nan
2.126250000000000195e+00 1.038206750000000067e+00 nan nan nan
2.128750000000000142e+00 1.033455250000000047e+00 nan nan nan
2.131250000000000089e+00 1.033228999999999953e+00 nan nan nan
2.133750000000000036e+00 1.032191749999999963e+00 nan nan nan
2.136249999999999982e+00 1.037460500000000119e+00 nan nan nan
2.138749999999999929e+00 1.032979499999999939e+00 nan nan nan
2.141249999999999876e+00 1.032135249999999838e+00 nan nan nan
2.143749999999999822e+00 1.034868750000000004e+00 nan nan nan
2.146250000000000213e+00 1.028801749999999959e+00 nan nan nan
2.148750000000000160e+00 1.030133999999999883e+00 nan nan nan
2.151250000000000107e+00 1.031477499999999825e+00 nan nan nan
2.153750000000000053e+00 1.025801749999999846e+00 nan nan nan
2.156250000000000000e+00 1.029447750000000106e+00 nan nan nan
2.158749999999999947e+00 1.027289999999999814e+00 nan nan nan
2.161249999999999893e+00 1.025091749999999857e+00 nan nan nan
2.163749999999999840e+00 1.023932750000000169e+00 nan nan nan
2.166249999999999787e+00 1.026346250000000015e+00 nan nan nan
2.168750000000000178e+00 1.029320499999999861e+00 nan nan nan
2.171250000000000124e+00 1.018131750000000002e+00 nan nan nan
2.173750000000000071e+00 1.024368500000000015e+00 nan nan nan
2.176250000000000018e+00 1.022828749999999953e+00 nan nan nan
2.178749999999999964e+00 1.027835250000000089e+00 nan nan nan
2.181249999999999911e+00 1.023536000000000001e+00 nan nan nan
2.183749999999999858e+00 1.023820249999999987e+00 nan nan nan
2.186249999999999805e+00 1.024219999999999908e+00 nan nan nan
2.188750000000000195e+00 1.023607249999999969e+00 nan nan nan
2.191250000000000142e+00 1.023285249999999813e+00 nan nan nan
2.193750000000000089e+00 1.020214249999999989e+00 nan nan nan
2.196250000000000036e+00 1.019975500000000146e+00 nan nan nan
2.198749999999999982e+00 1.017986000000000057e+00 nan nan nan
2.201249999999999929e+00 1.016954249999999949e+00 nan nan nan
2.203749999999999876e+00 1.015178499999999984e+00 nan nan nan
2.206249999999999822e+00 1.015928750000000047e+00 nan nan nan
2.208750000000000213e+00 1.018126250000000121e+00 nan nan nan
2.211250000000000160e+00 1.016585999999999990e+00 nan nan nan
2.213750000000000107e+00 1.014680499999999874e+00 nan nan nan
2.216250000000000053e+00 1.008146749999999869e+00 nan nan nan
2.218750000000000000e+00 1.013437750000000026e+00 nan nan nan
2.221249999999999947e+00 1.008954249999999941e+00 nan nan nan
2.223749999999999893e+00 1.015165500000000165e+00 nan nan nan
2.226249999999999840e+00 1.011405249999999922e+00 nan nan nan
2.228749999999999787e+00 1.009284999999999988e+00 nan nan nan
2.231250000000000178e+00 1.007758500000000002e+00 nan nan nan
2.233750000000000124e+00 1.008294250000000059e+00 nan nan nan
2.236250000000000071e+00 1.006714999999999804e+00 nan nan nan
2.238750000000000018e+00 1.008406499999999983e+00 nan nan nan
2.241249999999999964e+00 1.008594500000000060e+00 nan nan nan
2.243749999999999911e+00 1.007623249999999970e+00 nan nan nan
2.246249999999999858e+00 1.008998000000000062e+00 nan nan nan
2.248749999999999805e+00 1.003864000000000090e+00 nan nan nan
2.251250000000000195e+00 1.006533999999999818e+00 nan nan nan
2.253750000000000142e+00 1.003770749999999934e+00 nan nan nan
2.256250000000000089e+00 1.002458999999999989e+00 nan nan nan
2.258750000000000036e+00 1.001754999999999951e+00 nan nan nan
2.261249999999999982e+00 1.000181500000000057e+00 nan nan nan
2.263749999999999929e+00 1.006254750000000087e+00 nan nan nan
2.266249999999999876e+00 1.003094750000000035e+00 nan nan nan
2.268749999999999822e+00 1.003867999999999983e+00 nan nan nan
2.271250000000000213e+00 1.002928499999999890e+00 nan nan nan
2.273750000000000160e+00 1.001056999999999864e+00 nan nan nan
2.276250000000000107e+00 1.002656500000000062e+00 nan nan nan
2.278750000000000053e+00 1.000702499999999828e+00 nan nan nan
2.281250000000000000e+00 1.002731249999999852e+00 nan nan nan
2.283749999999999947e+00 9.969777499999998849e-01 nan nan nan
2.286249999999999893e+00 1.000229000000000035e+00 nan nan nan
2.288749999999999840e+00 1.003991999999999996e+00 nan nan nan
2.291249999999999787e+00 1.001117999999999952e+00 nan nan nan
2.293750000000000178e+00 9.973600000000000243e-01 nan nan nan
2.296250000000000124e+00 1.000965000000000105e+00 nan nan nan
2.298750000000000071e+00 1.002187750000000044e+00 nan nan nan
2.301250000000000018e+00 9.913677499999999920e-01 nan nan nan
2.303749999999999964e+00 9.959434999999999816e-01 nan nan nan
2.306249999999999911e+00 9.951777500000000831e-01 nan nan nan
2.308749999999999858e+00 9.945684999999999665e-01 nan nan nan
2.311249999999999805e+00 9.959287500000000293e-01 nan nan nan
2.313750000000000195e+00 9.956362500000000004e-01 nan nan nan
2.316250000000000142e+00 9.955617500000000231e-01 nan nan nan
2.318750000000000089e+00 9.919025000000000203e-01 nan nan nan
2.321250000000000036e+00 9.940735000000000543e-01 nan nan nan
2.323749999999999982e+00 9.940907500000000230e-01 nan nan nan
2.326249999999999929e+00 9.909447500000000408e-01 nan nan nan
2.328749999999999876e+00 9.928330000000000766e-01 nan nan nan
2.331249999999999822e+00 9.929627500000000051e-01 nan nan nan
2.333750000000000213e+00 9.907140000000000946e-01 nan nan nan
2.336250000000000160e+00 9.913840000000000430e-01 nan nan nan
2.338750000000000107e+00 9.888360000000000483e-01 nan nan nan
2.341250000000000053e+00 9.895612499999999478e-01 nan nan nan
2.343750000000000000e+00 9.910330000000000528e-01 nan nan nan
2.346249999999999947e+00 9.870225000000000248e-01 nan nan nan
2.348749999999999893e+00 9.881029999999999536e-01 nan nan nan
2.351249999999999840e+00 9.915802500000000519e-01 nan nan nan
2.353749999999999787e+00 9.887232500000000535e-01 nan nan nan
2.356250000000000178e+00 9.894777500000000447e-01 nan nan nan
2.358750000000000124e+00 9.927177500000000654e-01 nan nan nan
2.361250000000000071e+00 9.891512499999999264e-01 nan nan nan
2.363750000000000018e+00 9.885960000000000303e-01 nan nan nan
2.366249999999999964e+00 9.860312499999999147e-01 nan nan nan
2.368749999999999911e+00 9.871407500000000113e-01 nan nan nan
2.371249999999999858e+00 9.861907500000000049e-01 nan nan nan
2.373749999999999805e+00 9.867322499999999774e-01 nan nan nan
2.376250000000000195e+00 9.851865000000000760e-01 nan nan nan
2.378750000000000142e+00 9.871220000000000550e-01 nan nan nan
2.381250000000000089e+00 9.811769999999999659e-01 nan nan nan
2.383750000000000036e+00 9.880200000000001204e-01 nan nan nan
2.386249999999999982e+00 9.879940000000000389e-01 nan nan nan
2.388749999999999929e+00 9.842392500000000100e-01 nan nan nan
2.391249999999999876e+00 9.865739999999999510e-01 nan nan nan
2.393749999999999822e+00 9.859620000000000051e-01 nan nan nan
2.396250000000000213e+00 9.869007499999999933e-01 nan nan nan
2.398750000000000160e+00 9.813365000000000560e-01 nan nan nan
2.401250000000000107e+00 9.868747499999999118e-01 nan nan nan
2.403750000000000053e+00 9.850427500000000780e-01 nan nan nan
2.406250000000000000e+00 9.819867500000000193e-01 nan nan nan
2.408749999999999947e+00 9.830944999999999823e-01 nan nan nan
2.411249999999999893e+00 9.808214999999999018e-01 nan nan nan
2.413749999999999840e+00 9.877277500000000154e-01 nan nan nan
2.416249999999999787e+00 9.847157500000001118e-01 nan nan nan
2.418750000000000178e+00 9.849090000000000344e-01 nan nan nan
2.421250000000000124e+00 9.851369999999999294e-01 nan nan nan
2.423750000000000071e+00 9.820400000000000240e-01 nan nan nan
2.426250000000000018e+00 9.791587499999999666e-01 nan nan nan
2.428749999999999964e+00 9.835995000000000710e-01 nan nan nan
2.431249999999999911e+00 9.793464999999998977e-01 nan nan nan
2.433749999999999858e+00 9.860179999999999501e-01 nan nan nan
2.436249999999999805e+00 9.818637500000000351e-01 nan nan nan
2.438750000000000195e+00 9.809317499999999912e-01 nan nan nan
2.441250000000000142e+00 9.809237499999999832e-01 nan nan nan
2.443750000000000089e+00 9.821487499999999038e-01 nan nan nan
2.446250000000000036e+00 9.820387500000000713e-01 nan nan nan
2.448749999999999982e+00 9.820754999999998791e-01 nan nan nan
2.451249999999999929e+00 9.785390000000000477e-01 nan nan nan
2.453749999999999876e+00 9.799512500000000514e-01 nan nan nan
2.456249999999999822e+00 9.842327499999999896e-01 nan nan nan
2.458750000000000213e+00 9.783935000000000271e-01 nan nan nan
2.461250000000000160e+00 9.807205000000001061e-01 nan nan nan
2.463750000000000107e+00 9.817422499999999275e-01 nan nan nan
2.466250000000000053e+00 9.796534999999999549e-01 nan nan nan
2.468750000000000000e+00 9.793707500000000676e-01 nan nan nan
2.471249999999999947e+00 9.817934999999999857e-01 nan nan nan
2.473749999999999893e+00 9.805687499999999890e-01 nan nan nan
2.476249999999999840e+00 9.826177499999999565e-01 nan nan nan
2.478749999999999787e+00 9.830782499999999313e-01 nan nan nan
2.481250000000000178e+00 9.796734999999999749e-01 nan nan nan
2.483750000000000124e+00 9.820352500000000262e-01 nan nan nan
2.486250000000000071e+00 9.824990000000000112e-01 nan nan nan
2.488750000000000018e+00 9.824815000000000076e-01 nan nan nan
2.491249999999999964e+00 9.810944999999999805e-01 nan nan nan
2.493749999999999911e+00 9.826399999999999579e-01 nan nan nan
2.496249999999999858e+00 9.838964999999999517e-01 nan nan nan
2.498749999999999805e+00 9.817860000000000475e-01 nan nan nan
