1.250000000000000026e-03 0.000000000000000000e+00 nan nan nan
3.749999999999999861e-03 0.000000000000000000e+00 nan nan nan
6.250000000000000347e-03 0.000000000000000000e+00 nan nan nan
8.750000000000000833e-03 0.000000000000000000e+00 nan nan nan
1.124999999999999958e-02 0.000000000000000000e+00 nan nan nan
1.375000000000000007e-02 0.000000000000000000e+00 nan nan nan
1.625000000000000056e-02 0.000000000000000000e+00 nan nan nan
1.874999999999999931e-02 0.000000000000000000e+00 nan nan nan
2.125000000000000153e-02 0.000000000000000000e+00 nan nan nan
2.375000000000000028e-02 0.000000000000000000e+00 nan nan nan
2.624999999999999903e-02 0.000000000000000000e+00 nan nan nan
2.875000000000000125e-02 0.000000000000000000e+00 nan nan nan
3.125000000000000000e-02 0.000000000000000000e+00 nan nan nan
3.375000000000000222e-02 0.000000000000000000e+00 nan nan nan
3.624999999999999750e-02 0.000000000000000000e+00 nan nan nan
3.874999999999999972e-02 0.000000000000000000e+00 nan nan nan
4.125000000000000194e-02 0.000000000000000000e+00 nan nan nan
4.374999999999999722e-02 0.000000000000000000e+00 nan nan nan
4.624999999999999944e-02 0.000000000000000000e+00 nan nan nan
4.875000000000000167e-02 0.000000000000000000e+00 nan nan nan
5.124999999999999695e-02 0.000000000000000000e+00 nan nan nan
5.374999999999999917e-02 0.000000000000000000e+00 nan nan nan
5.625000000000000139e-02 0.000000000000000000e+00 nan nan nan
5.874999999999999667e-02 0.000000000000000000e+00 nan nan nan
6.124999999999999889e-02 0.000000000000000000e+00 nan nan nan
6.375000000000000111e-02 0.000000000000000000e+00 nan nan nan
6.625000000000000333e-02 0.000000000000000000e+00 nan nan nan
6.875000000000000555e-02 0.000000000000000000e+00 nan nan nan
7.124999999999999389e-02 0.000000000000000000e+00 nan nan nan
7.374999999999999611e-02 0.000000000000000000e+00 nan nan nan
7.624999999999999833e-02 0.000000000000000000e+00 nan nan nan
7.875000000000000056e-02 0.000000000000000000e+00 nan nan nan
8.125000000000000278e-02 0.000000000000000000e+00 nan nan nan
8.375000000000000500e-02 0.000000000000000000e+00 nan nan nan
8.624999999999999334e-02 0.000000000000000000e+00 nan nan nan
8.874999999999999556e-02 0.000000000000000000e+00 nan nan nan
9.124999999999999778e-02 0.000000000000000000e+00 nan nan nan
9.375000000000000000e-02 0.000000000000000000e+00 nan nan nan
9.625000000000000222e-02 0.000000000000000000e+00 nan nan nan
9.875000000000000444e-02 0.000000000000000000e+00 nan nan nan
1.012500000000000067e-01 0.000000000000000000e+00 nan nan nan
1.037499999999999950e-01 0.000000000000000000e+00 nan nan nan
1.062499999999999972e-01 0.000000000000000000e+00 nan nan nan
1.087499999999999994e-01 0.000000000000000000e+00 nan nan nan
1.112500000000000017e-01 0.000000000000000000e+00 nan nan nan
1.137500000000000039e-01 0.000000000000000000e+00 nan nan nan
1.162500000000000061e-01 0.000000000000000000e+00 nan nan nan
1.187499999999999944e-01 0.000000000000000000e+00 nan nan nan
1.212499999999999967e-01 0.000000000000000000e+00 nan nan nan
1.237499999999999989e-01 0.000000000000000000e+00 nan nan nan
1.262500000000000011e-01 0.000000000000000000e+00 nan nan nan
1.287500000000000033e-01 0.000000000000000000e+00 nan nan nan
1.312500000000000056e-01 0.000000000000000000e+00 nan nan nan
1.337500000000000078e-01 0.000000000000000000e+00 nan nan nan
1.362500000000000100e-01 0.000000000000000000e+00 nan nan nan
1.387500000000000122e-01 0.000000000000000000e+00 nan nan nan
1.412499999999999867e-01 0.000000000000000000e+00 nan nan nan
1.437499999999999889e-01 0.000000000000000000e+00 nan nan nan
1.462499999999999911e-01 0.000000000000000000e+00 nan nan nan
1.487499999999999933e-01 0.000000000000000000e+00 nan nan nan
1.512499999999999956e-01 0.000000000000000000e+00 nan nan nan
1.537499999999999978e-01 0.000000000000000000e+00 nan nan nan
1.562500000000000000e-01 0.000000000000000000e+00 nan nan nan
1.587500000000000022e-01 0.000000000000000000e+00 nan nan nan
1.612500000000000044e-01 0.000000000000000000e+00 nan nan nan
1.637500000000000067e-01 0.000000000000000000e+00 nan nan nan
1.662500000000000089e-01 0.000000000000000000e+00 nan nan nan
1.687500000000000111e-01 0.000000000000000000e+00 nan nan nan
1.712500000000000133e-01 0.000000000000000000e+00 nan nan nan
1.737499999999999878e-01 0.000000000000000000e+00 nan nan nan
1.762499999999999900e-01 0.000000000000000000e+00 nan nan nan
1.787499999999999922e-01 0.000000000000000000e+00 nan nan nan
1.812499999999999944e-01 0.000000000000000000e+00 nan nan nan
1.837499999999999967e-01 0.000000000000000000e+00 nan nan nan
1.862499999999999989e-01 0.000000000000000000e+00 nan nan nan
1.887500000000000011e-01 0.000000000000000000e+00 nan nan nan
1.912500000000000033e-01 0.000000000000000000e+00 nan nan nan
1.937500000000000056e-01 0.000000000000000000e+00 nan nan nan
1.962500000000000078e-01 0.000000000000000000e+00 nan nan nan
1.987500000000000100e-01 0.000000000000000000e+00 nan nan nan
2.012500000000000122e-01 0.000000000000000000e+00 nan nan nan
2.037499999999999867e-01 0.000000000000000000e+00 nan nan nan
2.062499999999999889e-01 0.000000000000000000e+00 nan nan nan
2.087499999999999911e-01 0.000000000000000000e+00 nan nan nan
2.112499999999999933e-01 0.000000000000000000e+00 nan nan nan
2.137499999999999956e-01 0.000000000000000000e+00 nan nan nan
2.162499999999999978e-01 0.000000000000000000e+00 nan nan nan
2.187500000000000000e-01 0.000000000000000000e+00 nan nan nan
2.212500000000000022e-01 0.000000000000000000e+00 nan nan nan
2.237500000000000044e-01 0.000000000000000000e+00 nan nan nan
2.262500000000000067e-01 0.000000000000000000e+00 nan nan nan
2.287500000000000089e-01 0.000000000000000000e+00 nan nan nan
2.312500000000000111e-01 0.000000000000000000e+00 nan nan nan
2.337500000000000133e-01 0.000000000000000000e+00 nan nan nan
2.362499999999999878e-01 0.000000000000000000e+00 nan nan nan
2.387499999999999900e-01 0.000000000000000000e+00 nan nan nan
2.412499999999999922e-01 0.000000000000000000e+00 nan nan nan
2.437499999999999944e-01 0.000000000000000000e+00 nan nan nan
2.462499999999999967e-01 0.000000000000000000e+00 nan nan nan
2.487499999999999989e-01 0.000000000000000000e+00 nan nan nan
2.512499999999999734e-01 0.000000000000000000e+00 nan nan nan
2.537499999999999756e-01 0.000000000000000000e+00 nan nan nan
2.562499999999999778e-01 0.000000000000000000e+00 nan nan nan
2.587499999999999800e-01 0.000000000000000000e+00 nan nan nan
2.612499999999999822e-01 0.000000000000000000e+00 nan nan nan
2.637499999999999845e-01 0.000000000000000000e+00 nan nan nan
2.662499999999999867e-01 0.000000000000000000e+00 nan nan nan
2.687499999999999889e-01 0.000000000000000000e+00 nan nan nan
2.712499999999999911e-01 0.000000000000000000e+00 nan nan nan
2.737499999999999933e-01 0.000000000000000000e+00 nan nan nan
2.762499999999999956e-01 0.000000000000000000e+00 nan nan nan
2.787499999999999978e-01 0.000000000000000000e+00 nan nan nan
2.812500000000000000e-01 0.000000000000000000e+00 nan nan nan
2.837500000000000022e-01 0.000000000000000000e+00 nan nan nan
2.862500000000000044e-01 0.000000000000000000e+00 nan nan nan
2.887500000000000067e-01 0.000000000000000000e+00 nan nan nan
2.912500000000000089e-01 0.000000000000000000e+00 nan nan nan
2.937500000000000111e-01 0.000000000000000000e+00 nan nan nan
2.962500000000000133e-01 0.000000000000000000e+00 nan nan nan
2.987500000000000155e-01 0.000000000000000000e+00 nan nan nan
3.012500000000000178e-01 0.000000000000000000e+00 nan nan nan
3.037500000000000200e-01 0.000000000000000000e+00 nan nan nan
3.062500000000000222e-01 0.000000000000000000e+00 nan nan nan
3.087500000000000244e-01 0.000000000000000000e+00 nan nan nan
3.112500000000000266e-01 0.000000000000000000e+00 nan nan nan
3.137499999999999734e-01 0.000000000000000000e+00 nan nan nan
3.162499999999999756e-01 0.000000000000000000e+00 nan nan nan
3.187499999999999778e-01 0.000000000000000000e+00 nan nan nan
3.212499999999999800e-01 0.000000000000000000e+00 nan nan nan
3.237499999999999822e-01 0.000000000000000000e+00 nan nan nan
3.262499999999999845e-01 0.000000000000000000e+00 nan nan nan
3.287499999999999867e-01 0.000000000000000000e+00 nan nan nan
3.312499999999999889e-01 0.000000000000000000e+00 nan nan nan
3.337499999999999911e-01 0.000000000000000000e+00 nan nan nan
3.362499999999999933e-01 0.000000000000000000e+00 nan nan nan
3.387499999999999956e-01 0.000000000000000000e+00 nan nan nan
3.412499999999999978e-01 0.000000000000000000e+00 nan nan nan
3.437500000000000000e-01 0.000000000000000000e+00 nan nan nan
3.462500000000000022e-01 0.000000000000000000e+00 nan nan nan
3.487500000000000044e-01 0.000000000000000000e+00 nan nan nan
3.512500000000000067e-01 0.000000000000000000e+00 nan nan nan
3.537500000000000089e-01 0.000000000000000000e+00 nan nan nan
3.562500000000000111e-01 0.000000000000000000e+00 nan nan nan
3.587500000000000133e-01 0.000000000000000000e+00 nan nan nan
3.612500000000000155e-01 0.000000000000000000e+00 nan nan nan
3.637500000000000178e-01 0.000000000000000000e+00 nan nan nan
3.662500000000000200e-01 0.000000000000000000e+00 nan nan nan
3.687500000000000222e-01 0.000000000000000000e+00 nan nan nan
3.712500000000000244e-01 0.000000000000000000e+00 nan nan nan
3.737500000000000266e-01 0.000000000000000000e+00 nan nan nan
3.762499999999999734e-01 0.000000000000000000e+00 nan nan nan
3.787499999999999756e-01 0.000000000000000000e+00 nan nan nan
3.812499999999999778e-01 0.000000000000000000e+00 nan nan nan
3.837499999999999800e-01 0.000000000000000000e+00 nan nan nan
3.862499999999999822e-01 0.000000000000000000e+00 nan nan nan
3.887499999999999845e-01 0.000000000000000000e+00 nan nan nan
3.912499999999999867e-01 0.000000000000000000e+00 nan nan nan
3.937499999999999889e-01 0.000000000000000000e+00 nan nan nan
3.962499999999999911e-01 0.000000000000000000e+00 nan nan nan
3.987499999999999933e-01 0.000000000000000000e+00 nan nan nan
4.012499999999999956e-01 0.000000000000000000e+00 nan nan nan
4.037499999999999978e-01 0.000000000000000000e+00 nan nan nan
4.062500000000000000e-01 0.000000000000000000e+00 nan nan nan
4.087500000000000022e-01 0.000000000000000000e+00 nan nan nan
4.112500000000000044e-01 0.000000000000000000e+00 nan nan nan
4.137500000000000067e-01 0.000000000000000000e+00 nan nan nan
4.162500000000000089e-01 0.000000000000000000e+00 nan nan nan
4.187500000000000111e-01 0.000000000000000000e+00 nan nan nan
4.212500000000000133e-01 0.000000000000000000e+00 nan nan nan
4.237500000000000155e-01 0.000000000000000000e+00 nan nan nan
4.262500000000000178e-01 0.000000000000000000e+00 nan nan nan
4.287500000000000200e-01 0.000000000000000000e+00 nan nan nan
4.312500000000000222e-01 0.000000000000000000e+00 nan nan nan
4.337500000000000244e-01 0.000000000000000000e+00 nan nan nan
4.362500000000000266e-01 0.000000000000000000e+00 nan nan nan
4.387499999999999734e-01 0.000000000000000000e+00 nan nan nan
4.412499999999999756e-01 0.000000000000000000e+00 nan nan nan
4.437499999999999778e-01 0.000000000000000000e+00 nan nan nan
4.462499999999999800e-01 0.000000000000000000e+00 nan nan nan
4.487499999999999822e-01 0.000000000000000000e+00 nan nan nan
4.512499999999999845e-01 0.000000000000000000e+00 nan nan nan
4.537499999999999867e-01 0.000000000000000000e+00 nan nan nan
4.562499999999999889e-01 0.000000000000000000e+00 nan nan nan
4.587499999999999911e-01 0.000000000000000000e+00 nan nan nan
4.612499999999999933e-01 0.000000000000000000e+00 nan nan nan
4.637499999999999956e-01 0.000000000000000000e+00 nan nan nan
4.662499999999999978e-01 0.000000000000000000e+00 nan nan nan
4.687500000000000000e-01 0.000000000000000000e+00 nan nan nan
4.712500000000000022e-01 0.000000000000000000e+00 nan nan nan
4.737500000000000044e-01 0.000000000000000000e+00 nan nan nan
4.762500000000000067e-01 0.000000000000000000e+00 nan nan nan
4.787500000000000089e-01 0.000000000000000000e+00 nan nan nan
4.812500000000000111e-01 0.000000000000000000e+00 nan nan nan
4.837500000000000133e-01 0.000000000000000000e+00 nan nan nan
4.862500000000000155e-01 0.000000000000000000e+00 nan nan nan
4.887500000000000178e-01 0.000000000000000000e+00 nan nan nan
4.912500000000000200e-01 0.000000000000000000e+00 nan nan nan
4.937500000000000222e-01 0.000000000000000000e+00 nan nan nan
4.962500000000000244e-01 0.000000000000000000e+00 nan nan nan
4.987500000000000266e-01 0.000000000000000000e+00 nan nan nan
5.012499999999999734e-01 0.000000000000000000e+00 nan nan nan
5.037500000000000311e-01 0.000000000000000000e+00 nan nan nan
5.062499999999999778e-01 0.000000000000000000e+00 nan nan nan
5.087500000000000355e-01 0.000000000000000000e+00 nan nan nan
5.112499999999999822e-01 0.000000000000000000e+00 nan nan nan
5.137500000000000400e-01 0.000000000000000000e+00 nan nan nan
5.162499999999999867e-01 0.000000000000000000e+00 nan nan nan
5.187500000000000444e-01 0.000000000000000000e+00 nan nan nan
5.212499999999999911e-01 0.000000000000000000e+00 nan nan nan
5.237500000000000488e-01 0.000000000000000000e+00 nan nan nan
5.262499999999999956e-01 0.000000000000000000e+00 nan nan nan
5.287500000000000533e-01 0.000000000000000000e+00 nan nan nan
5.312500000000000000e-01 0.000000000000000000e+00 nan nan nan
5.337499999999999467e-01 0.000000000000000000e+00 nan nan nan
5.362500000000000044e-01 0.000000000000000000e+00 nan nan nan
5.387499999999999512e-01 0.000000000000000000e+00 nan nan nan
5.412500000000000089e-01 0.000000000000000000e+00 nan nan nan
5.437499999999999556e-01 0.000000000000000000e+00 nan nan nan
5.462500000000000133e-01 0.000000000000000000e+00 nan nan nan
5.487499999999999600e-01 0.000000000000000000e+00 nan nan nan
5.512500000000000178e-01 0.000000000000000000e+00 nan nan nan
5.537499999999999645e-01 0.000000000000000000e+00 nan nan nan
5.562500000000000222e-01 0.000000000000000000e+00 nan nan nan
5.587499999999999689e-01 0.000000000000000000e+00 nan nan nan
5.612500000000000266e-01 0.000000000000000000e+00 nan nan nan
5.637499999999999734e-01 0.000000000000000000e+00 nan nan nan
5.662500000000000311e-01 0.000000000000000000e+00 nan nan nan
5.687499999999999778e-01 0.000000000000000000e+00 nan nan nan
5.712500000000000355e-01 0.000000000000000000e+00 nan nan nan
5.737499999999999822e-01 0.000000000000000000e+00 nan nan nan
5.762500000000000400e-01 0.000000000000000000e+00 nan nan nan
5.787499999999999867e-01 0.000000000000000000e+00 nan nan nan
5.812500000000000444e-01 0.000000000000000000e+00 nan nan nan
5.837499999999999911e-01 0.000000000000000000e+00 nan nan nan
5.862500000000000488e-01 0.000000000000000000e+00 nan nan nan
5.887499999999999956e-01 0.000000000000000000e+00 nan nan nan
5.912500000000000533e-01 0.000000000000000000e+00 nan nan nan
5.937500000000000000e-01 0.000000000000000000e+00 nan nan nan
5.962499999999999467e-01 0.000000000000000000e+00 nan nan nan
5.987500000000000044e-01 0.000000000000000000e+00 nan nan nan
6.012499999999999512e-01 0.000000000000000000e+00 nan nan nan
6.037500000000000089e-01 0.000000000000000000e+00 nan nan nan
6.062499999999999556e-01 0.000000000000000000e+00 nan nan nan
6.087500000000000133e-01 0.000000000000000000e+00 nan nan nan
6.112499999999999600e-01 0.000000000000000000e+00 nan nan nan
6.137500000000000178e-01 0.000000000000000000e+00 nan nan nan
6.162499999999999645e-01 0.000000000000000000e+00 nan nan nan
6.187500000000000222e-01 0.000000000000000000e+00 nan nan nan
6.212499999999999689e-01 0.000000000000000000e+00 nan nan nan
6.237500000000000266e-01 0.000000000000000000e+00 nan nan nan
6.262499999999999734e-01 0.000000000000000000e+00 nan nan nan
6.287500000000000311e-01 0.000000000000000000e+00 nan nan nan
6.312499999999999778e-01 0.000000000000000000e+00 nan nan nan
6.337500000000000355e-01 0.000000000000000000e+00 nan nan nan
6.362499999999999822e-01 0.000000000000000000e+00 nan nan nan
6.387500000000000400e-01 0.000000000000000000e+00 nan nan nan
6.412499999999999867e-01 0.000000000000000000e+00 nan nan nan
6.437500000000000444e-01 0.000000000000000000e+00 nan nan nan
6.462499999999999911e-01 0.000000000000000000e+00 nan nan nan
6.487500000000000488e-01 0.000000000000000000e+00 nan nan nan
6.512499999999999956e-01 0.000000000000000000e+00 nan nan nan
6.537500000000000533e-01 0.000000000000000000e+00 nan nan nan
6.562500000000000000e-01 0.000000000000000000e+00 nan nan nan
6.587499999999999467e-01 0.000000000000000000e+00 nan nan nan
6.612500000000000044e-01 0.000000000000000000e+00 nan nan nan
6.637499999999999512e-01 0.000000000000000000e+00 nan nan nan
6.662500000000000089e-01 0.000000000000000000e+00 nan nan nan
6.687499999999999556e-01 0.000000000000000000e+00 nan nan nan
6.712500000000000133e-01 0.000000000000000000e+00 nan nan nan
6.737499999999999600e-01 0.000000000000000000e+00 nan nan nan
6.762500000000000178e-01 0.000000000000000000e+00 nan nan nan
6.787499999999999645e-01 0.000000000000000000e+00 nan nan nan
6.812500000000000222e-01 0.000000000000000000e+00 nan nan nan
6.837499999999999689e-01 0.000000000000000000e+00 nan nan nan
6.862500000000000266e-01 0.000000000000000000e+00 nan nan nan
6.887499999999999734e-01 0.000000000000000000e+00 nan nan nan
6.912500000000000311e-01 0.000000000000000000e+00 nan nan nan
6.937499999999999778e-01 0.000000000000000000e+00 nan nan nan
6.962500000000000355e-01 0.000000000000000000e+00 nan nan nan
6.987499999999999822e-01 0.000000000000000000e+00 nan nan nan
7.012500000000000400e-01 0.000000000000000000e+00 nan nan nan
7.037499999999999867e-01 0.000000000000000000e+00 nan nan nan
7.062500000000000444e-01 0.000000000000000000e+00 nan nan nan
7.087499999999999911e-01 0.000000000000000000e+00 nan nan nan
7.112500000000000488e-01 0.000000000000000000e+00 nan nan nan
7.137499999999999956e-01 0.000000000000000000e+00 nan nan nan
7.162500000000000533e-01 0.000000000000000000e+00 nan nan nan
7.187500000000000000e-01 0.000000000000000000e+00 nan nan nan
7.212499999999999467e-01 0.000000000000000000e+00 nan nan nan
7.237500000000000044e-01 0.000000000000000000e+00 nan nan nan
7.262499999999999512e-01 0.000000000000000000e+00 nan nan nan
7.287500000000000089e-01 0.000000000000000000e+00 nan nan nan
7.312499999999999556e-01 0.000000000000000000e+00 nan nan nan
7.337500000000000133e-01 0.000000000000000000e+00 nan nan nan
7.362499999999999600e-01 0.000000000000000000e+00 nan nan nan
7.387500000000000178e-01 0.000000000000000000e+00 nan nan nan
7.412499999999999645e-01 0.000000000000000000e+00 nan nan nan
7.437500000000000222e-01 0.000000000000000000e+00 nan nan nan
7.462499999999999689e-01 0.000000000000000000e+00 nan nan nan
7.487500000000000266e-01 0.000000000000000000e+00 nan nan nan
7.512499999999999734e-01 3.944999999999999939e-04 nan nan nan
7.537500000000000311e-01 5.599999999999999916e-05 nan nan nan
7.562499999999999778e-01 6.112500000000000312e-04 nan nan nan
7.587500000000000355e-01 4.970000000000000459e-04 nan nan nan
7.612499999999999822e-01 6.034999999999999783e-04 nan nan nan
7.637500000000000400e-01 1.253500000000000057e-03 nan nan nan
7.662499999999999867e-01 1.082999999999999978e-03 nan nan nan
7.687500000000000444e-01 1.882750000000000092e-03 nan nan nan
7.712499999999999911e-01 2.458249999999999932e-03 nan nan nan
7.737500000000000488e-01 4.035250000000000642e-03 nan nan nan
7.762499999999999956e-01 4.853000000000000543e-03 nan nan nan
7.787500000000000533e-01 5.870750000000000968e-03 nan nan nan
7.812500000000000000e-01 9.218250000000000749e-03 nan nan nan
7.837499999999999467e-01 1.112624999999999899e-02 nan nan nan
7.862500000000000044e-01 1.326625000000000026e-02 nan nan nan
7.887499999999999512e-01 1.849599999999999855e-02 nan nan nan
7.912500000000000089e-01 1.990275000000000030e-02 nan nan nan
7.937499999999999556e-01 2.451974999999999988e-02 nan nan nan
7.962500000000000133e-01 2.993100000000000274e-02 nan nan nan
7.987499999999999600e-01 3.816424999999999679e-02 nan nan nan
8.012500000000000178e-01 4.792799999999999838e-02 nan nan nan
8.037499999999999645e-01 5.210774999999999435e-02 nan nan nan
8.062500000000000222e-01 6.205449999999999855e-02 nan nan nan
8.087499999999999689e-01 7.318900000000000405e-02 nan nan nan
8.112500000000000266e-01 8.510324999999999140e-02 nan nan nan
8.137499999999999734e-01 9.778174999999998673e-02 nan nan nan
8.162500000000000311e-01 1.144069999999999948e-01 nan nan nan
8.187499999999999778e-01 1.359012499999999735e-01 nan nan nan
8.212500000000000355e-01 1.501092499999999996e-01 nan nan nan
8.237499999999999822e-01 1.704202499999999953e-01 nan nan nan
8.262500000000000400e-01 1.875497500000000151e-01 nan nan nan
8.287499999999999867e-01 2.115039999999999976e-01 nan nan nan
8.312500000000000444e-01 2.337869999999999948e-01 nan nan nan
8.337499999999999911e-01 2.611955000000000249e-01 nan nan nan
8.362500000000000488e-01 2.876360000000000028e-01 nan nan nan
8.387499999999999956e-01 3.095102499999999868e-01 nan nan nan
8.412500000000000533e-01 3.451779999999999848e-01 nan nan nan
8.437500000000000000e-01 3.809097500000000469e-01 nan nan nan
8.462499999999999467e-01 3.972602499999999814e-01 nan nan nan
8.487500000000000044e-01 4.287679999999999825e-01 nan nan nan
8.512499999999999512e-01 4.674880000000000146e-01 nan nan nan
8.537500000000000089e-01 5.005580000000000584e-01 nan nan nan
8.562499999999999556e-01 5.320202500000000834e-01 nan nan nan
8.587500000000000133e-01 5.735827499999999191e-01 nan nan nan
8.612499999999999600e-01 6.085262499999999353e-01 nan nan nan
8.637500000000000178e-01 6.420335000000000347e-01 nan nan nan
8.662499999999999645e-01 6.816257499999999192e-01 nan nan nan
8.687500000000000222e-01 7.249219999999999553e-01 nan nan nan
8.712499999999999689e-01 7.489079999999999071e-01 nan nan nan
8.737500000000000266e-01 7.973402499999999726e-01 nan nan nan
8.762499999999999734e-01 8.105989999999999585e-01 nan nan nan
8.787500000000000311e-01 8.653932500000001138e-01 nan nan nan
8.812499999999999778e-01 8.971642499999999965e-01 nan nan nan
8.837500000000000355e-01 9.415047500000000014e-01 nan nan nan
8.862499999999999822e-01 9.644082499999999669e-01 nan nan nan
8.887500000000000400e-01 1.001487250000000051e+00 nan nan nan
8.912499999999999867e-01 1.038455250000000163e+00 nan nan nan
8.937500000000000444e-01 1.071452749999999954e+00 nan nan nan
8.962499999999999911e-01 1.106401250000000225e+00 nan nan nan
8.987500000000000488e-01 1.139961250000000037e+00 nan nan nan
9.012499999999999956e-01 1.182759749999999999e+00 nan nan nan
9.037500000000000533e-01 1.203506500000000035e+00 nan nan nan
9.062500000000000000e-01 1.251254749999999971e+00 nan nan nan
9.087499999999999467e-01 1.260353499999999904e+00 nan nan nan
9.112500000000000044e-01 1.290273000000000003e+00 nan nan nan
9.137499999999999512e-01 1.315811250000000099e+00 nan nan nan
9.162500000000000089e-01 1.344307999999999836e+00 nan nan nan
9.187499999999999556e-01 1.371345999999999954e+00 nan nan nan
9.212500000000000133e-01 1.387696250000000076e+00 nan nan nan
9.237499999999999600e-01 1.416142500000000082e+00 nan nan nan
9.262500000000000178e-01 1.441853749999999934e+00 nan nan nan
9.287499999999999645e-01 1.459050500000000028e+00 nan nan nan
9.312500000000000222e-01 1.484435000000000171e+00 nan nan nan
9.337499999999999689e-01 1.507923249999999937e+00 nan nan nan
9.362500000000000266e-01 1.520659999999999901e+00 nan nan nan
9.387499999999999734e-01 1.535007000000000010e+00 nan nan nan
9.412500000000000311e-01 1.542614750000000035e+00 nan nan nan
9.437499999999999778e-01 1.565716249999999921e+00 nan nan nan
9.462500000000000355e-01 1.578932000000000002e+00 nan nan nan
9.487499999999999822e-01 1.592233749999999892e+00 nan nan nan
9.512500000000000400e-01 1.589285750000000164e+00 nan nan nan
9.537499999999999867e-01 1.598017499999999869e+00 nan nan nan
9.562500000000000444e-01 1.627667999999999893e+00 nan nan nan
9.587499999999999911e-01 1.618878999999999957e+00 nan nan nan
9.612500000000000488e-01 1.651854750000000038e+00 nan nan nan
9.637499999999999956e-01 1.654692000000000052e+00 nan nan nan
9.662500000000000533e-01 1.648660250000000049e+00 nan nan nan
9.687500000000000000e-01 1.660077999999999943e+00 nan nan nan
9.712499999999999467e-01 1.672232750000000046e+00 nan nan nan
9.737500000000000044e-01 1.680754250000000116e+00 nan nan nan
9.762499999999999512e-01 1.675058750000000041e+00 nan nan nan
9.787500000000000089e-01 1.682572750000000061e+00 nan nan nan
9.812499999999999556e-01 1.703985999999999779e+00 nan nan nan
9.837500000000000133e-01 1.686304250000000060e+00 nan nan nan
9.862499999999999600e-01 1.702013749999999881e+00 nan nan nan
9.887500000000000178e-01 1.691402000000000072e+00 nan nan nan
9.912499999999999645e-01 1.702324249999999761e+00 nan nan nan
9.937500000000000222e-01 1.705421750000000181e+00 nan nan nan
9.962499999999999689e-01 1.700011750000000044e+00 nan nan nan
9.987500000000000266e-01 1.696737999999999857e+00 nan nan nan
1.001249999999999973e+00 1.684090000000000087e+00 nan nan nan
1.003749999999999920e+00 1.687006250000000041e+00 nan nan nan
1.006250000000000089e+00 1.692792499999999922e+00 nan nan nan
1.008750000000000036e+00 1.672729250000000167e+00 nan nan nan
1.011249999999999982e+00 1.691294000000000075e+00 nan nan nan
1.013749999999999929e+00 1.681137749999999986e+00 nan nan nan
1.016250000000000098e+00 1.681217750000000066e+00 nan nan nan
1.018750000000000044e+00 1.663910749999999883e+00 nan nan nan
1.021249999999999991e+00 1.680979500000000071e+00 nan nan nan
1.023749999999999938e+00 1.673052499999999831e+00 nan nan nan
1.026250000000000107e+00 1.656430250000000104e+00 nan nan nan
1.028750000000000053e+00 1.658090500000000134e+00 nan nan nan
1.031250000000000000e+00 1.653767250000000022e+00 nan nan nan
1.033749999999999947e+00 1.651816249999999986e+00 nan nan nan
1.036249999999999893e+00 1.628196500000000047e+00 nan nan nan
1.038750000000000062e+00 1.633477999999999764e+00 nan nan nan
1.041250000000000009e+00 1.626112750000000107e+00 nan nan nan
1.043749999999999956e+00 1.618507249999999953e+00 nan nan nan
1.046249999999999902e+00 1.622339250000000010e+00 nan nan nan
1.048750000000000071e+00 1.606146499999999921e+00 nan nan nan
1.051250000000000018e+00 1.596272499999999983e+00 nan nan nan
1.053749999999999964e+00 1.600243750000000187e+00 nan nan nan
1.056249999999999911e+00 1.590141750000000131e+00 nan nan nan
1.058750000000000080e+00 1.569880500000000012e+00 nan nan nan
1.061250000000000027e+00 1.589079499999999756e+00 nan nan nan
1.063749999999999973e+00 1.571365750000000006e+00 nan nan nan
1.066249999999999920e+00 1.557155999999999985e+00 nan nan nan
1.068750000000000089e+00 1.542393499999999973e+00 nan nan nan
1.071250000000000036e+00 1.544371500000000008e+00 nan nan nan
1.073749999999999982e+00 1.542343499999999867e+00 nan nan nan
1.076249999999999929e+00 1.527228250000000065e+00 nan nan nan
1.078750000000000098e+00 1.526604499999999920e+00 nan nan nan
1.081250000000000044e+00 1.521456249999999955e+00 nan nan nan
1.083749999999999991e+00 1.506136000000000141e+00 nan nan nan
1.086249999999999938e+00 1.504276249999999981e+00 nan nan nan
1.088750000000000107e+00 1.490054999999999907e+00 nan nan nan
1.091250000000000053e+00 1.491777750000000013e+00 nan nan nan
1.093750000000000000e+00 1.495700500000000099e+00 nan nan nan
1.096249999999999947e+00 1.454051250000000017e+00 nan nan nan
1.098749999999999893e+00 1.464820000000000011e+00 nan nan nan
1.101250000000000062e+00 1.448242749999999912e+00 nan nan nan
1.103750000000000009e+00 1.438115250000000067e+00 nan nan nan
1.106249999999999956e+00 1.437882499999999952e+00 nan nan nan
1.108749999999999902e+00 1.426260000000000083e+00 nan nan nan
1.111250000000000071e+00 1.430944250000000029e+00 nan nan nan
1.113750000000000018e+00 1.418710499999999985e+00 nan nan nan
1.116249999999999964e+00 1.415245499999999934e+00 nan nan nan
1.118749999999999911e+00 1.399378000000000011e+00 nan nan nan
1.121250000000000080e+00 1.390236999999999945e+00 nan nan nan
1.123750000000000027e+00 1.379980250000000019e+00 nan nan nan
1.126249999999999973e+00 1.383508999999999878e+00 nan nan nan
1.128749999999999920e+00 1.363215999999999983e+00 nan nan nan
1.131250000000000089e+00 1.354986749999999907e+00 nan nan nan
1.133750000000000036e+00 1.345209500000000169e+00 nan nan nan
1.136249999999999982e+00 1.341783249999999983e+00 nan nan nan
1.138749999999999929e+00 1.339182999999999790e+00 nan nan nan
1.141250000000000098e+00 1.333737499999999798e+00 nan nan nan
1.143750000000000044e+00 1.325336999999999987e+00 nan nan nan
1.146249999999999991e+00 1.318110499999999963e+00 nan nan nan
1.148749999999999938e+00 1.309609500000000093e+00 nan nan nan
1.151250000000000107e+00 1.309324249999999967e+00 nan nan nan
1.153750000000000053e+00 1.293626750000000047e+00 nan nan nan
1.156250000000000000e+00 1.292556499999999886e+00 nan nan nan
1.158749999999999947e+00 1.293613750000000007e+00 nan nan nan
1.161249999999999893e+00 1.284348749999999928e+00 nan nan nan
1.163750000000000062e+00 1.269542249999999761e+00 nan nan nan
1.166250000000000009e+00 1.262352499999999988e+00 nan nan nan
1.168749999999999956e+00 1.263683250000000147e+00 nan nan nan
1.171249999999999902e+00 1.252455000000000096e+00 nan nan nan
1.173750000000000071e+00 1.253678249999999883e+00 nan nan nan
1.176250000000000018e+00 1.242335250000000002e+00 nan nan nan
1.178749999999999964e+00 1.235012250000000034e+00 nan nan nan
1.181249999999999911e+00 1.234323499999999907e+00 nan nan nan
1.183750000000000080e+00 1.229773000000000005e+00 nan nan nan
1.186250000000000027e+00 1.214000749999999851e+00 nan nan nan
1.188749999999999973e+00 1.209237750000000000e+00 nan nan nan
1.191249999999999920e+00 1.203316250000000087e+00 nan nan nan
1.193750000000000089e+00 1.203010499999999983e+00 nan nan nan
1.196250000000000036e+00 1.193100499999999897e+00 nan nan nan
1.198749999999999982e+00 1.186735499999999943e+00 nan nan nan
1.201249999999999929e+00 1.183894000000000002e+00 nan nan nan
1.203750000000000098e+00 1.183785749999999970e+00 nan nan nan
1.206250000000000044e+00 1.170888499999999999e+00 nan nan nan
1.208749999999999991e+00 1.172358749999999894e+00 nan nan nan
1.211249999999999938e+00 1.164880999999999833e+00 nan nan nan
1.213750000000000107e+00 1.153506249999999955e+00 nan nan nan
1.216250000000000053e+00 1.157128500000000226e+00 nan nan nan
1.218750000000000000e+00 1.149646750000000051e+00 nan nan nan
1.221249999999999947e+00 1.150975999999999999e+00 nan nan nan
1.223749999999999893e+00 1.151861000000000024e+00 nan nan nan
1.226250000000000062e+00 1.138459499999999958e+00 nan nan nan
1.228750000000000009e+00 1.127178750000000118e+00 nan nan nan
1.231249999999999956e+00 1.121809250000000091e+00 nan nan nan
1.233749999999999902e+00 1.121798999999999991e+00 nan nan nan
1.236250000000000071e+00 1.117141750000000044e+00 nan nan nan
1.238750000000000018e+00 1.111663749999999951e+00 nan nan nan
1.241249999999999964e+00 1.106901499999999983e+00 nan nan nan
1.243749999999999911e+00 1.099332500000000046e+00 nan nan nan
1.246250000000000080e+00 1.100779750000000057e+00 nan nan nan
1.248750000000000027e+00 1.082861749999999956e+00 nan nan nan
1.251249999999999973e+00 1.092243749999999958e+00 nan nan nan
1.253749999999999920e+00 1.090156499999999973e+00 nan nan nan
1.256250000000000089e+00 1.088259250000000122e+00 nan nan nan
1.258750000000000036e+00 1.076056499999999971e+00 nan nan nan
1.261249999999999982e+00 1.078149250000000059e+00 nan nan nan
1.263749999999999929e+00 1.065807250000000206e+00 nan nan nan
1.266250000000000098e+00 1.062574000000000130e+00 nan nan nan
1.268750000000000044e+00 1.063406500000000143e+00 nan nan nan
1.271249999999999991e+00 1.051655499999999854e+00 nan nan nan
1.273749999999999938e+00 1.050156499999999937e+00 nan nan nan
1.276250000000000107e+00 1.057541000000000064e+00 nan nan nan
1.278750000000000053e+00 1.043146000000000129e+00 nan nan nan
1.281250000000000000e+00 1.037627249999999890e+00 nan nan nan
1.283749999999999947e+00 1.036945499999999853e+00 nan nan nan
1.286249999999999893e+00 1.033956250000000132e+00 nan nan nan
1.288750000000000062e+00 1.033508499999999941e+00 nan nan nan
1.291250000000000009e+00 1.031112000000000029e+00 nan nan nan
1.293749999999999956e+00 1.022440000000000015e+00 nan nan nan
1.296249999999999902e+00 1.023342999999999892e+00 nan nan nan
1.298750000000000071e+00 1.009908999999999946e+00 nan nan nan
1.301250000000000018e+00 1.010105999999999948e+00 nan nan nan
1.303749999999999964e+00 1.010929750000000071e+00 nan nan nan
1.306249999999999911e+00 1.011944750000000059e+00 nan nan nan
1.308750000000000080e+00 1.002867500000000023e+00 nan nan nan
1.311250000000000027e+00 1.010065500000000061e+00 nan nan nan
1.313749999999999973e+00 9.965924999999999923e-01 nan nan nan
1.316249999999999920e+00 9.939479999999999427e-01 nan nan nan
1.318750000000000089e+00 9.962329999999999242e-01 nan nan nan
1.321250000000000036e+00 9.971647499999999331e-01 nan nan nan
1.323749999999999982e+00 9.880139999999999478e-01 nan nan nan
1.326249999999999929e+00 9.860459999999999781e-01 nan nan nan
1.328750000000000098e+00 9.847692500000000404e-01 nan nan nan
1.331250000000000044e+00 9.820784999999999654e-01 nan nan nan
1.333749999999999991e+00 9.786150000000000126e-01 nan nan nan
1.336249999999999938e+00 9.756150000000000100e-01 nan nan nan
1.338750000000000107e+00 9.711942500000000367e-01 nan nan nan
1.341250000000000053e+00 9.600677499999999975e-01 nan nan nan
1.343750000000000000e+00 9.677122500000000516e-01 nan nan nan
1.346249999999999947e+00 9.575270000000000170e-01 nan nan nan
1.348749999999999893e+00 9.704760000000000053e-01 nan nan nan
1.351250000000000062e+00 9.587232500000000268e-01 nan nan nan
1.353750000000000009e+00 9.552377499999999966e-01 nan nan nan
1.356249999999999956e+00 9.494035000000000668e-01 nan nan nan
1.358749999999999902e+00 9.506824999999999859e-01 nan nan nan
1.361250000000000071e+00 9.512935000000000141e-01 nan nan nan
1.363750000000000018e+00 9.524580000000000268e-01 nan nan nan
1.366249999999999964e+00 9.412612500000000493e-01 nan nan nan
1.368749999999999911e+00 9.415080000000000116e-01 nan nan nan
1.371250000000000080e+00 9.410195000000000087e-01 nan nan nan
1.373750000000000027e+00 9.385404999999999998e-01 nan nan nan
1.376249999999999973e+00 9.450022499999999326e-01 nan nan nan
1.378749999999999920e+00 9.346722499999999823e-01 nan nan nan
1.381250000000000089e+00 9.363902499999999796e-01 nan nan nan
1.383750000000000036e+00 9.313994999999999358e-01 nan nan nan
1.386249999999999982e+00 9.256939999999999058e-01 nan nan nan
1.388749999999999929e+00 9.283140000000000835e-01 nan nan nan
1.391250000000000098e+00 9.276742500000000335e-01 nan nan nan
1.393750000000000044e+00 9.270982500000000126e-01 nan nan nan
1.396249999999999991e+00 9.222157500000000008e-01 nan nan nan
1.398749999999999938e+00 9.208069999999999311e-01 nan nan nan
1.401250000000000107e+00 9.192402500000000920e-01 nan nan nan
1.403750000000000053e+00 9.226634999999999698e-01 nan nan nan
1.406250000000000000e+00 9.203502500000000364e-01 nan nan nan
1.408749999999999947e+00 9.157572500000000781e-01 nan nan nan
1.411249999999999893e+00 9.149734999999999951e-01 nan nan nan
1.413750000000000062e+00 9.162727499999999692e-01 nan nan nan
1.416250000000000009e+00 9.129142500000000382e-01 nan nan nan
1.418749999999999956e+00 9.062412499999999982e-01 nan nan nan
1.421249999999999902e+00 9.104992499999999822e-01 nan nan nan
1.423750000000000071e+00 9.126520000000000188e-01 nan nan nan
1.426250000000000018e+00 9.088614999999999888e-01 nan nan nan
1.428749999999999964e+00 9.059637500000000676e-01 nan nan nan
1.431249999999999911e+00 8.984102500000000768e-01 nan nan nan
1.433750000000000080e+00 9.008620000000000516e-01 nan nan nan
1.436250000000000027e+00 9.004867500000000025e-01 nan nan nan
1.438749999999999973e+00 8.958862499999999951e-01 nan nan nan
1.441249999999999920e+00 8.892152499999999016e-01 nan nan nan
1.443750000000000089e+00 9.042092500000000754e-01 nan nan nan
1.446250000000000036e+00 8.970587500000000158e-01 nan nan nan
1.448749999999999982e+00 8.924055000000000737e-01 nan nan nan
1.451249999999999929e+00 8.913259999999999517e-01 nan nan nan
1.453750000000000098e+00 8.907147499999999996e-01 nan nan nan
1.456250000000000044e+00 8.924554999999998461e-01 nan nan nan
1.458749999999999991e+00 8.890405000000000113e-01 nan nan nan
1.461249999999999938e+00 8.870879999999998766e-01 nan nan nan
1.463750000000000107e+00 8.981694999999999540e-01 nan nan nan
1.466250000000000053e+00 8.871544999999999570e-01 nan nan nan
1.468750000000000000e+00 8.850802500000000128e-01 nan nan nan
1.471249999999999947e+00 8.906510000000000815e-01 nan nan nan
1.473749999999999893e+00 8.879097500000000531e-01 nan nan nan
1.476250000000000062e+00 8.867720000000000047e-01 nan nan nan
1.478750000000000009e+00 8.822642499999999721e-01 nan nan nan
1.481249999999999956e+00 8.858372500000000205e-01 nan nan nan
1.483749999999999902e+00 8.808907500000000557e-01 nan nan nan
1.486250000000000071e+00 8.836714999999999431e-01 nan nan nan
1.488750000000000018e+00 8.836605000000000709e-01 nan nan nan
1.491249999999999964e+00 8.811144999999999117e-01 nan nan nan
1.493749999999999911e+00 8.709734999999999561e-01 nan nan nan
1.496250000000000080e+00 8.769397500000000178e-01 nan nan nan
1.498750000000000027e+00 8.763514999999999500e-01 nan nan nan
1.501249999999999973e+00 8.823487499999999040e-01 nan nan nan
1.503749999999999920e+00 8.759877500000000650e-01 nan nan nan
1.506250000000000089e+00 8.783640000000000336e-01 nan nan nan
1.508750000000000036e+00 8.793094999999999661e-01 nan nan nan
1.511249999999999982e+00 8.749554999999999971e-01 nan nan nan
1.513749999999999929e+00 8.735934999999999118e-01 nan nan nan
1.516250000000000098e+00 8.824815000000000298e-01 nan nan nan
1.518750000000000044e+00 8.789449999999999763e-01 nan nan nan
1.521249999999999991e+00 8.748219999999999885e-01 nan nan nan
1.523749999999999938e+00 8.771149999999999780e-01 nan nan nan
1.526250000000000107e+00 8.793750000000000178e-01 nan nan nan
1.528750000000000053e+00 8.763650000000000606e-01 nan nan nan
1.531250000000000000e+00 8.762577500000000574e-01 nan nan nan
1.533749999999999947e+00 8.737819999999998366e-01 nan nan nan
1.536249999999999893e+00 8.717217499999999619e-01 nan nan nan
1.538750000000000062e+00 8.714824999999999378e-01 nan nan nan
1.541250000000000009e+00 8.759102500000000013e-01 nan nan nan
1.543749999999999956e+00 8.758097499999999425e-01 nan nan nan
1.546249999999999902e+00 8.838552499999998702e-01 nan nan nan
1.548750000000000071e+00 8.741925000000000390e-01 nan nan nan
1.551250000000000018e+00 8.761062499999999753e-01 nan nan nan
1.553749999999999964e+00 8.734077500000000382e-01 nan nan nan
1.556249999999999911e+00 8.749875000000000291e-01 nan nan nan
1.558750000000000080e+00 8.756890000000000507e-01 nan nan nan
1.561250000000000027e+00 8.823677500000000062e-01 nan nan nan
1.563749999999999973e+00 8.765847500000000236e-01 nan nan nan
1.566249999999999920e+00 8.724282500000000162e-01 nan nan nan
1.568750000000000089e+00 8.827599999999999891e-01 nan nan nan
1.571250000000000036e+00 8.817555000000000254e-01 nan nan nan
1.573749999999999982e+00 8.784045000000000325e-01 nan nan nan
1.576249999999999929e+00 8.755692499999999656e-01 nan nan nan
1.578750000000000098e+00 8.795574999999999921e-01 nan nan nan
1.581250000000000044e+00 8.802240000000000064e-01 nan nan nan
1.583749999999999991e+00 8.807547499999999197e-01 nan nan nan
1.586249999999999938e+00 8.817832500000000184e-01 nan nan nan
1.588750000000000107e+00 8.806722499999999343e-01 nan nan nan
1.591250000000000053e+00 8.823139999999999317e-01 nan nan nan
1.593750000000000000e+00 8.807869999999999866e-01 nan nan nan
1.596249999999999947e+00 8.786785000000000290e-01 nan nan nan
1.598749999999999893e+00 8.797634999999999206e-01 nan nan nan
1.601250000000000062e+00 8.878537499999999971e-01 nan nan nan
1.603750000000000009e+00 8.881280000000000285e-01 nan nan nan
1.606249999999999956e+00 8.841829999999999412e-01 nan nan nan
1.608749999999999902e+00 8.869272500000000559e-01 nan nan nan
1.611250000000000071e+00 8.892949999999999466e-01 nan nan nan
1.613750000000000018e+00 8.831485000000000030e-01 nan nan nan
1.616249999999999964e+00 8.901897500000000019e-01 nan nan nan
1.618749999999999911e+00 8.974622499999999059e-01 nan nan nan
1.621250000000000080e+00 8.902339999999999698e-01 nan nan nan
1.623750000000000027e+00 8.955002499999999976e-01 nan nan nan
1.626249999999999973e+00 8.861142499999999922e-01 nan nan nan
1.628749999999999920e+00 8.973794999999999966e-01 nan nan nan
1.631250000000000089e+00 9.006515000000000493e-01 nan nan nan
1.633750000000000036e+00 8.975282500000000274e-01 nan nan nan
1.636249999999999982e+00 8.998929999999999430e-01 nan nan nan
1.638749999999999929e+00 9.029022500000001283e-01 nan nan nan
1.641250000000000098e+00 8.989972500000000810e-01 nan nan nan
1.643750000000000044e+00 9.006527500000000019e-01 nan nan nan
1.646249999999999991e+00 9.012622500000000425e-01 nan nan nan
1.648749999999999938e+00 9.008929999999999438e-01 nan nan nan
1.651250000000000107e+00 8.992862499999999537e-01 nan nan nan
1.653750000000000053e+00 9.054607500000000364e-01 nan nan nan
1.656250000000000000e+00 9.050937500000000302e-01 nan nan nan
1.658749999999999947e+00 9.136424999999999130e-01 nan nan nan
1.661249999999999893e+00 9.056425000000000169e-01 nan nan nan
1.663750000000000062e+00 9.061040000000000205e-01 nan nan nan
1.666250000000000009e+00 9.181104999999999405e-01 nan nan nan
1.668749999999999956e+00 9.157497499999999180e-01 nan nan nan
1.671249999999999902e+00 9.123862500000000653e-01 nan nan nan
1.673750000000000071e+00 9.165274999999999395e-01 nan nan nan
1.676250000000000018e+00 9.108882500000000659e-01 nan nan nan
1.678749999999999964e+00 9.237877500000000186e-01 nan nan nan
1.681249999999999911e+00 9.175784999999999636e-01 nan nan nan
1.683750000000000080e+00 9.268864999999999466e-01 nan nan nan
1.686250000000000027e+00 9.233802499999999025e-01 nan nan nan
1.688749999999999973e+00 9.269457500000000127e-01 nan nan nan
1.691249999999999920e+00 9.222400000000000597e-01 nan nan nan
1.693750000000000089e+00 9.261347500000000066e-01 nan nan nan
1.696250000000000036e+00 9.322892499999999583e-01 nan nan nan
1.698749999999999982e+00 9.301417499999999894e-01 nan nan nan
1.701249999999999929e+00 9.340547500000000447e-01 nan nan nan
1.703750000000000098e+00 9.356632500000000574e-01 nan nan nan
1.706250000000000044e+00 9.350742499999999957e-01 nan nan nan
1.708749999999999991e+00 9.396340000000000803e-01 nan nan nan
1.711249999999999938e+00 9.427957499999999325e-01 nan nan nan
1.713750000000000107e+00 9.372114999999999752e-01 nan nan nan
1.716250000000000053e+00 9.408717500000000067e-01 nan nan nan
1.718750000000000000e+00 9.429032499999999706e-01 nan nan nan
1.721249999999999947e+00 9.484490000000000975e-01 nan nan nan
1.723749999999999893e+00 9.408430000000000959e-01 nan nan nan
1.726250000000000062e+00 9.486694999999999434e-01 nan nan nan
1.728750000000000009e+00 9.455447500000000449e-01 nan nan nan
1.731249999999999956e+00 9.472490000000000077e-01 nan nan nan
1.733749999999999902e+00 9.536242500000000621e-01 nan nan nan
1.736250000000000071e+00 9.536535000000000428e-01 nan nan nan
1.738750000000000018e+00 9.590825000000000600e-01 nan nan nan
1.741249999999999964e+00 9.663637499999999658e-01 nan nan nan
1.743749999999999911e+00 9.555137500000000506e-01 nan nan nan
1.746250000000000080e+00 9.618694999999999329e-01 nan nan nan
1.748750000000000027e+00 9.586014999999998842e-01 nan nan nan
1.751249999999999973e+00 9.669564999999999966e-01 nan nan nan
1.753749999999999920e+00 9.618247500000001171e-01 nan nan nan
1.756250000000000089e+00 9.705172499999998870e-01 nan nan nan
1.758750000000000036e+00 9.686647500000000743e-01 nan nan nan
1.761249999999999982e+00 9.743604999999999627e-01 nan nan nan
1.763749999999999929e+00 9.756162500000000737e-01 nan nan nan
1.766250000000000098e+00 9.785417499999999880e-01 nan nan nan
1.768750000000000044e+00 9.772102499999999470e-01 nan nan nan
1.771249999999999991e+00 9.788712499999999705e-01 nan nan nan
1.773749999999999938e+00 9.805794999999999373e-01 nan nan nan
1.776250000000000107e+00 9.836644999999999417e-01 nan nan nan
1.778750000000000053e+00 9.769830000000000458e-01 nan nan nan
1.781250000000000000e+00 9.818567499999999448e-01 nan nan nan
1.783749999999999947e+00 9.858999999999999986e-01 nan nan nan
1.786249999999999893e+00 9.840087499999999876e-01 nan nan nan
1.788750000000000062e+00 9.888502500000000417e-01 nan nan nan
1.791250000000000009e+00 9.979407500000000431e-01 nan nan nan
1.793749999999999956e+00 9.929082499999999367e-01 nan nan nan
1.796249999999999902e+00 9.897525000000000350e-01 nan nan nan
1.798750000000000071e+00 9.932812500000001155e-01 nan nan nan
1.801250000000000018e+00 9.927002499999999507e-01 nan nan nan
1.803749999999999964e+00 9.941714999999999858e-01 nan nan nan
1.806249999999999911e+00 9.978517500000000373e-01 nan nan nan
1.808750000000000080e+00 9.988359999999999461e-01 nan nan nan
1.811250000000000027e+00 9.970105000000000217e-01 nan nan nan
1.813749999999999973e+00 1.003685249999999973e+00 nan nan nan
1.816249999999999920e+00 1.003496750000000048e+00 nan nan nan
1.818750000000000089e+00 1.009629000000000110e+00 nan nan nan
1.821250000000000036e+00 1.007002750000000058e+00 nan nan nan
1.823749999999999982e+00 1.008181250000000029e+00 nan nan nan
1.826249999999999929e+00 1.008815750000000122e+00 nan nan nan
1.828750000000000098e+00 1.009062750000000008e+00 nan nan nan
1.831250000000000044e+00 1.011580000000000146e+00 nan nan nan
1.833749999999999991e+00 1.012595249999999947e+00 nan nan nan
1.836249999999999938e+00 1.017673999999999968e+00 nan nan nan
1.838750000000000107e+00 1.016977000000000242e+00 nan nan nan
1.841250000000000053e+00 1.012379499999999988e+00 nan nan nan
1.843750000000000000e+00 1.020080749999999981e+00 nan nan nan
1.846249999999999947e+00 1.019064000000000192e+00 nan nan nan
1.848749999999999893e+00 1.021517500000000078e+00 nan nan nan
1.851250000000000062e+00 1.021580249999999968e+00 nan nan nan
1.853750000000000009e+00 1.024432000000000009e+00 nan nan nan
1.856249999999999956e+00 1.026803749999999793e+00 nan nan nan
1.858749999999999902e+00 1.024724500000000038e+00 nan nan nan
1.861250000000000071e+00 1.031534750000000056e+00 nan nan nan
1.863750000000000018e+00 1.028805749999999852e+00 nan nan nan
1.866249999999999964e+00 1.024782749999999965e+00 nan nan nan
1.868749999999999911e+00 1.031063000000000063e+00 nan nan nan
1.871250000000000080e+00 1.032340250000000070e+00 nan nan nan
1.873750000000000027e+00 1.037255999999999956e+00 nan nan nan
1.876249999999999973e+00 1.036263249999999969e+00 nan nan nan
1.878749999999999920e+00 1.033768499999999868e+00 nan nan nan
1.881250000000000089e+00 1.033339999999999925e+00 nan nan nan
1.883750000000000036e+00 1.036591999999999958e+00 nan nan nan
1.886249999999999982e+00 1.032157500000000061e+00 nan nan nan
1.888749999999999929e+00 1.035851249999999890e+00 nan nan nan
1.891250000000000098e+00 1.037567000000000128e+00 nan nan nan
1.893750000000000044e+00 1.042451999999999934e+00 nan nan nan
1.896249999999999991e+00 1.041482000000000019e+00 nan nan nan
1.898749999999999938e+00 1.038414750000000053e+00 nan nan nan
1.901250000000000107e+00 1.041735999999999773e+00 nan nan nan
1.903750000000000053e+00 1.041957250000000057e+00 nan nan nan
1.906250000000000000e+00 1.037931749999999820e+00 nan nan nan
1.908749999999999947e+00 1.043371749999999931e+00 nan nan nan
1.911249999999999893e+00 1.039791249999999945e+00 nan nan nan
1.913750000000000062e+00 1.042258250000000164e+00 nan nan nan
1.916250000000000009e+00 1.040630999999999862e+00 nan nan nan
1.918749999999999956e+00 1.042022250000000039e+00 nan nan nan
1.921249999999999902e+00 1.047269249999999818e+00 nan nan nan
1.923750000000000071e+00 1.051729750000000019e+00 nan nan nan
1.926250000000000018e+00 1.046131499999999992e+00 nan nan nan
1.928749999999999964e+00 1.046847749999999966e+00 nan nan nan
1.931249999999999911e+00 1.049261250000000034e+00 nan nan nan
1.933750000000000080e+00 1.050434749999999973e+00 nan nan nan
1.936250000000000027e+00 1.045341500000000146e+00 nan nan nan
1.938749999999999973e+00 1.052533249999999976e+00 nan nan nan
1.941249999999999920e+00 1.044653499999999902e+00 nan nan nan
1.943750000000000089e+00 1.050423249999999920e+00 nan nan nan
1.946250000000000036e+00 1.049581000000000097e+00 nan nan nan
1.948749999999999982e+00 1.054272250000000133e+00 nan nan nan
1.951249999999999929e+00 1.052516250000000042e+00 nan nan nan
1.953750000000000098e+00 1.047176000000000107e+00 nan nan nan
1.956250000000000044e+00 1.054767749999999893e+00 nan nan nan
1.958749999999999991e+00 1.053137499999999838e+00 nan nan nan
1.961249999999999938e+00 1.051487250000000095e+00 nan nan nan
1.963750000000000107e+00 1.050485000000000113e+00 nan nan nan
1.966250000000000053e+00 1.053110500000000060e+00 nan nan nan
1.968750000000000000e+00 1.047296499999999853e+00 nan nan nan
1.971249999999999947e+00 1.056478250000000063e+00 nan nan nan
1.973749999999999893e+00 1.051976250000000057e+00 nan nan nan
1.976250000000000062e+00 1.056730749999999830e+00 nan nan nan
1.978750000000000009e+00 1.050100500000000103e+00 nan nan nan
1.981249999999999956e+00 1.050909749999999976e+00 nan nan nan
1.983749999999999902e+00 1.052850999999999981e+00 nan nan nan
1.986250000000000071e+00 1.051144749999999961e+00 nan nan nan
1.988750000000000018e+00 1.050738249999999985e+00 nan nan nan
1.991249999999999964e+00 1.053392249999999919e+00 nan nan nan
1.993749999999999911e+00 1.054222750000000097e+00 nan nan nan
1.996250000000000080e+00 1.055293250000000072e+00 nan nan nan
1.998750000000000027e+00 1.051270249999999962e+00 nan nan nan
2.001250000000000195e+00 1.054280749999999989e+00 nan nan nan
2.003750000000000142e+00 1.050582750000000010e+00 nan nan nan
2.006250000000000089e+00 1.047863250000000024e+00 nan nan nan
2.008750000000000036e+00 1.050393000000000132e+00 nan nan nan
2.011249999999999982e+00 1.045457499999999929e+00 nan nan nan
2.013749999999999929e+00 1.047127249999999954e+00 nan nan nan
2.016249999999999876e+00 1.050505999999999940e+00 nan nan nan
2.018749999999999822e+00 1.053716749999999980e+00 nan nan nan
2.021250000000000213e+00 1.046839999999999993e+00 nan nan nan
2.023750000000000160e+00 1.050425500000000234e+00 nan nan nan
2.026250000000000107e+00 1.048501249999999940e+00 nan nan nan
2.028750000000000053e+00 1.045871999999999913e+00 nan nan nan
2.031250000000000000e+00 1.044878500000000043e+00 nan nan nan
2.033749999999999947e+00 1.047491249999999985e+00 nan nan nan
2.036249999999999893e+00 1.046062999999999965e+00 nan nan nan
2.038749999999999840e+00 1.050045499999999965e+00 nan nan nan
2.041249999999999787e+00 1.041875500000000176e+00 nan nan nan
2.043750000000000178e+00 1.045613999999999821e+00 nan nan nan
2.046250000000000124e+00 1.046597999999999917e+00 nan nan nan
2.048750000000000071e+00 1.043477499999999836e+00 nan nan nan
2.051250000000000018e+00 1.041660749999999913e+00 nan nan nan
2.053749999999999964e+00 1.041101250000000089e+00 nan nan nan
2.056249999999999911e+00 1.047126250000000036e+00 nan nan nan
2.058749999999999858e+00 1.040610000000000035e+00 nan nan nan
2.061249999999999805e+00 1.044596249999999893e+00 nan nan nan
2.063750000000000195e+00 1.049619749999999962e+00 nan nan nan
2.066250000000000142e+00 1.041959000000000080e+00 nan nan nan
2.068750000000000089e+00 1.041239499999999873e+00 nan nan nan
2.071250000000000036e+00 1.045462749999999996e+00 nan nan nan
2.073749999999999982e+00 1.037163250000000092e+00 nan nan nan
2.076249999999999929e+00 1.045617500000000089e+00 nan nan nan
2.078749999999999876e+00 1.043442250000000016e+00 nan nan nan
2.081249999999999822e+00 1.040276249999999791e+00 nan nan nan
2.083750000000000213e+00 1.040329499999999907e+00 nan nan nan
2.086250000000000160e+00 1.041007000000000016e+00 nan nan nan
2.088750000000000107e+00 1.034968749999999993e+00 nan nan nan
2.091250000000000053e+00 1.040301750000000025e+00 nan nan nan
2.093750000000000000e+00 1.035897250000000103e+00 nan nan nan
2.096249999999999947e+00 1.036249250000000011e+00 nan nan nan
2.098749999999999893e+00 1.038349999999999884e+00 nan nan nan
2.101249999999999840e+00 1.034261000000000097e+00 nan nan nan
2.103749999999999787e+00 1.036824500000000260e+00 nan nan nan
2.106250000000000178e+00 1.037331250000000038e+00 nan nan nan
2.108750000000000124e+00 1.032692750000000048e+00 nan nan nan
2.111250000000000071e+00 1.033172500000000049e+00 nan nan nan
2.113750000000000018e+00 1.035062499999999996e+00 nan nan nan
2.116249999999999964e+00 1.036189000000000027e+00 nan nan nan
2.118749999999999911e+00 1.033787250000000046e+00 nan nan nan
2.121249999999999858e+00 1.033986999999999989e+00 nan nan nan
2.123749999999999805e+00 1.034140749999999942e+00 nan nan nan
2.126250000000000195e+00 1.030346250000000019e+00 nan nan nan
2.128750000000000142e+00 1.029821499999999945e+00 nan nan nan
2.131250000000000089e+00 1.029401250000000045e+00 nan nan nan
2.133750000000000036e+00 1.022166000000000130e+00 nan nan nan
2.136249999999999982e+00 1.033817250000000021e+00 nan nan nan
2.138749999999999929e+00 1.027899750000000001e+00 nan nan nan
2.141249999999999876e+00 1.020939000000000041e+00 nan nan nan
2.143749999999999822e+00 1.028014250000000018e+00 nan nan nan
2.146250000000000213e+00 1.026200250000000036e+00 nan nan nan
2.148750000000000160e+00 1.027683000000000124e+00 nan nan nan
2.151250000000000107e+00 1.024897500000000017e+00 nan nan nan
2.153750000000000053e+00 1.022828000000000070e+00 nan nan nan
2.156250000000000000e+00 1.022693250000000109e+00 nan nan nan
2.158749999999999947e+00 1.023210999999999871e+00 nan nan nan
2.161249999999999893e+00 1.021512250000000011e+00 nan nan nan
2.163749999999999840e+00 1.020313999999999943e+00 nan nan nan
2.166249999999999787e+00 1.023473749999999960e+00 nan nan nan
2.168750000000000178e+00 1.020041250000000232e+00 nan nan nan
2.171250000000000124e+00 1.018186000000000035e+00 nan nan nan
2.173750000000000071e+00 1.014749000000000123e+00 nan nan nan
2.176250000000000018e+00 1.019593250000000006e+00 nan nan nan
2.178749999999999964e+00 1.024774999999999991e+00 nan nan nan
2.181249999999999911e+00 1.020656749999999890e+00 nan nan nan
2.183749999999999858e+00 1.020054000000000016e+00 nan nan nan
2.186249999999999805e+00 1.016851500000000019e+00 nan nan nan
2.188750000000000195e+00 1.015193500000000082e+00 nan nan nan
2.191250000000000142e+00 1.016280999999999990e+00 nan nan nan
2.193750000000000089e+00 1.014355750000000000e+00 nan nan nan
2.196250000000000036e+00 1.015876500000000071e+00 nan nan nan
2.198749999999999982e+00 1.017591499999999982e+00 nan nan nan
2.201249999999999929e+00 1.015727749999999929e+00 nan nan nan
2.203749999999999876e+00 1.014484750000000046e+00 nan nan nan
2.206249999999999822e+00 1.017515750000000052e+00 nan nan nan
2.208750000000000213e+00 1.013435000000000086e+00 nan nan nan
2.211250000000000160e+00 1.014148249999999862e+00 nan nan nan
2.213750000000000107e+00 1.010165999999999897e+00 nan nan nan
2.216250000000000053e+00 1.014101000000000141e+00 nan nan nan
2.218750000000000000e+00 1.012004249999999939e+00 nan nan nan
2.221249999999999947e+00 1.010159250000000064e+00 nan nan nan
2.223749999999999893e+00 1.010550499999999907e+00 nan nan nan
2.226249999999999840e+00 1.014060750000000066e+00 nan nan nan
2.228749999999999787e+00 1.009681499999999899e+00 nan nan nan
2.231250000000000178e+00 1.011442500000000022e+00 nan nan nan
2.233750000000000124e+00 1.007733750000000095e+00 nan nan nan
2.236250000000000071e+00 1.004420249999999903e+00 nan nan nan
2.238750000000000018e+00 1.006173999999999902e+00 nan nan nan
2.241249999999999964e+00 1.008505749999999868e+00 nan nan nan
2.243749999999999911e+00 1.005962749999999906e+00 nan nan nan
2.246249999999999858e+00 1.007555250000000013e+00 nan nan nan
2.248749999999999805e+00 1.006919249999999932e+00 nan nan nan
2.251250000000000195e+00 1.009237250000000197e+00 nan nan nan
2.253750000000000142e+00 1.004465249999999976e+00 nan nan nan
2.256250000000000089e+00 1.004213500000000092e+00 nan nan nan
2.258750000000000036e+00 1.006708249999999971e+00 nan nan nan
2.261249999999999982e+00 1.001145249999999987e+00 nan nan nan
2.263749999999999929e+00 1.002254000000000200e+00 nan nan nan
2.266249999999999876e+00 1.003317499999999862e+00 nan nan nan
2.268749999999999822e+00 1.000595249999999936e+00 nan nan nan
2.271250000000000213e+00 9.978329999999999700e-01 nan nan nan
2.273750000000000160e+00 9.993597499999999911e-01 nan nan nan
2.276250000000000107e+00 1.000190249999999947e+00 nan nan nan
2.278750000000000053e+00 1.001620750000000060e+00 nan nan nan
2.281250000000000000e+00 1.001692750000000132e+00 nan nan nan
2.283749999999999947e+00 9.950759999999999605e-01 nan nan nan
2.286249999999999893e+00 9.964282500000000153e-01 nan nan nan
2.288749999999999840e+00 1.001055000000000028e+00 nan nan nan
2.291249999999999787e+00 9.988960000000000061e-01 nan nan nan
2.293750000000000178e+00 1.002561999999999953e+00 nan nan nan
2.296250000000000124e+00 1.003074999999999939e+00 nan nan nan
2.298750000000000071e+00 9.975255000000000649e-01 nan nan nan
2.301250000000000018e+00 9.945672500000000138e-01 nan nan nan
2.303749999999999964e+00 9.968179999999999819e-01 nan nan nan
2.306249999999999911e+00 9.934925000000000006e-01 nan nan nan
2.308749999999999858e+00 9.959279999999999244e-01 nan nan nan
2.311249999999999805e+00 9.985409999999999009e-01 nan nan nan
2.313750000000000195e+00 9.984029999999999294e-01 nan nan nan
2.316250000000000142e+00 9.982815000000000438e-01 nan nan nan
2.318750000000000089e+00 9.917252500000000026e-01 nan nan nan
2.321250000000000036e+00 9.931712499999999499e-01 nan nan nan
2.323749999999999982e+00 9.943140000000000311e-01 nan nan nan
2.326249999999999929e+00 9.901105000000001155e-01 nan nan nan
2.328749999999999876e+00 9.932557499999999928e-01 nan nan nan
2.331249999999999822e+00 9.919567499999999427e-01 nan nan nan
2.333750000000000213e+00 9.888462500000000377e-01 nan nan nan
2.336250000000000160e+00 9.967540000000000289e-01 nan nan nan
2.338750000000000107e+00 9.903525000000000800e-01 nan nan nan
2.341250000000000053e+00 9.897292500000000048e-01 nan nan nan
2.343750000000000000e+00 9.902982500000000465e-01 nan nan nan
2.346249999999999947e+00 9.923984999999999612e-01 nan nan nan
2.348749999999999893e+00 9.869622500000000409e-01 nan nan nan
2.351249999999999840e+00 9.917240000000000499e-01 nan nan nan
2.353749999999999787e+00 9.927107499999999751e-01 nan nan nan
2.356250000000000178e+00 9.907145000000000534e-01 nan nan nan
2.358750000000000124e+00 9.888837499999999503e-01 nan nan nan
2.361250000000000071e+00 9.882675000000000765e-01 nan nan nan
2.363750000000000018e+00 9.901434999999999542e-01 nan nan nan
2.366249999999999964e+00 9.879502500000000298e-01 nan nan nan
2.368749999999999911e+00 9.874410000000000132e-01 nan nan nan
2.371249999999999858e+00 9.881582500000000158e-01 nan nan nan
2.373749999999999805e+00 9.884585000000000177e-01 nan nan nan
2.376250000000000195e+00 9.868582500000000479e-01 nan nan nan
2.378750000000000142e+00 9.895037500000000152e-01 nan nan nan
2.381250000000000089e+00 9.875897500000000440e-01 nan nan nan
2.383750000000000036e+00 9.899725000000000330e-01 nan nan nan
2.386249999999999982e+00 9.883067500000000116e-01 nan nan nan
2.388749999999999929e+00 9.885287500000000671e-01 nan nan nan
2.391249999999999876e+00 9.869740000000000180e-01 nan nan nan
2.393749999999999822e+00 9.856844999999999635e-01 nan nan nan
2.396250000000000213e+00 9.864522500000000305e-01 nan nan nan
2.398750000000000160e+00 9.825245000000000228e-01 nan nan nan
2.401250000000000107e+00 9.830044999999999478e-01 nan nan nan
2.403750000000000053e+00 9.817202500000000720e-01 nan nan nan
2.406250000000000000e+00 9.863460000000000560e-01 nan nan nan
2.408749999999999947e+00 9.882165000000000532e-01 nan nan nan
2.411249999999999893e+00 9.901105000000000045e-01 nan nan nan
2.413749999999999840e+00 9.821847499999999398e-01 nan nan nan
2.416249999999999787e+00 9.868987500000000468e-01 nan nan nan
2.418750000000000178e+00 9.876472499999999766e-01 nan nan nan
2.421250000000000124e+00 9.903965000000000130e-01 nan nan nan
2.423750000000000071e+00 9.845884999999999776e-01 nan nan nan
2.426250000000000018e+00 9.851794999999999858e-01 nan nan nan
2.428749999999999964e+00 9.846397500000000358e-01 nan nan nan
2.431249999999999911e+00 9.824539999999999385e-01 nan nan nan
2.433749999999999858e+00 9.885889999999999400e-01 nan nan nan
2.436249999999999805e+00 9.849755000000000038e-01 nan nan nan
2.438750000000000195e+00 9.888630000000000475e-01 nan nan nan
2.441250000000000142e+00 9.837399999999999478e-01 nan nan nan
2.443750000000000089e+00 9.836017500000000524e-01 nan nan nan
2.446250000000000036e+00 9.824477500000000640e-01 nan nan nan
2.448749999999999982e+00 9.855632500000000018e-01 nan nan nan
2.451249999999999929e+00 9.838027499999999481e-01 nan nan nan
2.453749999999999876e+00 9.870782500000000459e-01 nan nan nan
2.456249999999999822e+00 9.832102499999999523e-01 nan nan nan
2.458750000000000213e+00 9.843880000000000408e-01 nan nan nan
2.461250000000000160e+00 9.864924999999999944e-01 nan nan nan
2.463750000000000107e+00 9.865125000000000144e-01 nan nan nan
2.466250000000000053e+00 9.788069999999999826e-01 nan nan nan
2.468750000000000000e+00 9.798974999999999769e-01 nan nan nan
2.471249999999999947e+00 9.926719999999999988e-01 nan nan nan
2.473749999999999893e+00 9.822307500000000413e-01 nan nan nan
2.476249999999999840e+00 9.868059999999999610e-01 nan nan nan
2.478749999999999787e+00 9.815315000000000012e-01 nan nan nan
2.481250000000000178e+00 9.835922500000000568e-01 nan nan nan
2.483750000000000124e+00 9.868842500000000184e-01 nan nan nan
2.486250000000000071e+00 9.851782500000000331e-01 nan nan nan
2.488750000000000018e+00 9.876647499999999802e-01 nan nan nan
2.491249999999999964e+00 9.855602500000000266e-01 nan nan nan
2.493749999999999911e+00 9.888555000000001094e-01 nan nan nan
2.496249999999999858e+00 9.820857499999999796e-01 nan nan nan
2.498749999999999805e+00 9.860984999999999889e-01 nan nan nan
