1.250000000000000026e-03 0.000000000000000000e+00 nan nan nan
3.749999999999999861e-03 0.000000000000000000e+00 nan nan nan
6.250000000000000347e-03 0.000000000000000000e+00 nan nan nan
8.750000000000000833e-03 0.000000000000000000e+00 nan nan nan
1.124999999999999958e-02 0.000000000000000000e+00 nan nan nan
1.375000000000000007e-02 0.000000000000000000e+00 nan nan nan
1.625000000000000056e-02 0.000000000000000000e+00 nan nan nan
1.874999999999999931e-02 0.000000000000000000e+00 nan nan nan
2.125000000000000153e-02 0.000000000000000000e+00 nan nan nan
2.375000000000000028e-02 0.000000000000000000e+00 nan nan nan
2.624999999999999903e-02 0.000000000000000000e+00 nan nan nan
2.875000000000000125e-02 0.000000000000000000e+00 nan nan nan
3.125000000000000000e-02 0.000000000000000000e+00 nan nan nan
3.375000000000000222e-02 0.000000000000000000e+00 nan nan nan
3.624999999999999750e-02 0.000000000000000000e+00 nan nan nan
3.874999999999999972e-02 0.000000000000000000e+00 nan nan nan
4.125000000000000194e-02 0.000000000000000000e+00 nan nan nan
4.374999999999999722e-02 0.000000000000000000e+00 nan nan nan
4.624999999999999944e-02 0.000000000000000000e+00 nan nan nan
4.875000000000000167e-02 0.000000000000000000e+00 nan nan nan
5.124999999999999695e-02 0.000000000000000000e+00 nan nan nan
5.374999999999999917e-02 0.000000000000000000e+00 nan nan nan
5.625000000000000139e-02 0.000000000000000000e+00 nan nan nan
5.874999999999999667e-02 0.000000000000000000e+00 nan nan nan
6.124999999999999889e-02 0.000000000000000000e+00 nan nan nan
6.375000000000000111e-02 0.000000000000000000e+00 nan nan nan
6.625000000000000333e-02 0.000000000000000000e+00 nan nan nan
6.875000000000000555e-02 0.000000000000000000e+00 nan nan nan
7.124999999999999389e-02 0.000000000000000000e+00 nan nan nan
7.374999999999999611e-02 0.000000000000000000e+00 nan nan nan
7.624999999999999833e-02 0.000000000000000000e+00 nan nan nan
7.875000000000000056e-02 0.000000000000000000e+00 nan nan nan
8.125000000000000278e-02 0.000000000000000000e+00 nan nan nan
8.375000000000000500e-02 0.000000000000000000e+00 nan nan nan
8.624999999999999334e-02 0.000000000000000000e+00 nan nan nan
8.874999999999999556e-02 0.000000000000000000e+00 nan nan nan
9.124999999999999778e-02 0.000000000000000000e+00 nan nan nan
9.375000000000000000e-02 0.000000000000000000e+00 nan nan nan
9.625000000000000222e-02 0.000000000000000000e+00 nan nan nan
9.875000000000000444e-02 0.000000000000000000e+00 nan nan nan
1.012500000000000067e-01 0.000000000000000000e+00 nan nan nan
1.037499999999999950e-01 0.000000000000000000e+00 nan nan nan
1.062499999999999972e-01 0.000000000000000000e+00 nan nan nan
1.087499999999999994e-01 0.000000000000000000e+00 nan nan nan
1.112500000000000017e-01 0.000000000000000000e+00 nan nan nan
1.137500000000000039e-01 0.000000000000000000e+00 nan nan nan
1.162500000000000061e-01 0.000000000000000000e+00 nan nan nan
1.187499999999999944e-01 0.000000000000000000e+00 nan nan nan
1.212499999999999967e-01 0.000000000000000000e+00 nan nan nan
1.237499999999999989e-01 0.000000000000000000e+00 nan nan nan
1.262500000000000011e-01 0.000000000000000000e+00 nan nan nan
1.287500000000000033e-01 0.000000000000000000e+00 nan nan nan
1.312500000000000056e-01 0.000000000000000000e+00 nan nan nan
1.337500000000000078e-01 0.000000000000000000e+00 nan nan nan
1.362500000000000100e-01 0.000000000000000000e+00 nan nan nan
1.387500000000000122e-01 0.000000000000000000e+00 nan nan nan
1.412499999999999867e-01 0.000000000000000000e+00 nan nan nan
1.437499999999999889e-01 0.000000000000000000e+00 nan nan nan
1.462499999999999911e-01 0.000000000000000000e+00 nan nan nan
1.487499999999999933e-01 0.000000000000000000e+00 nan nan nan
1.512499999999999956e-01 0.000000000000000000e+00 nan nan nan
1.537499999999999978e-01 0.000000000000000000e+00 nan nan nan
1.562500000000000000e-01 0.000000000000000000e+00 nan nan nan
1.587500000000000022e-01 0.000000000000000000e+00 nan nan nan
1.612500000000000044e-01 0.000000000000000000e+00 nan nan nan
1.637500000000000067e-01 0.000000000000000000e+00 nan nan nan
1.662500000000000089e-01 0.000000000000000000e+00 nan nan nan
1.687500000000000111e-01 0.000000000000000000e+00 nan nan nan
1.712500000000000133e-01 0.000000000000000000e+00 nan nan nan
1.737499999999999878e-01 0.000000000000000000e+00 nan nan nan
1.762499999999999900e-01 0.000000000000000000e+00 nan nan nan
1.787499999999999922e-01 0.000000000000000000e+00 nan nan nan
1.812499999999999944e-01 0.000000000000000000e+00 nan nan nan
1.837499999999999967e-01 0.000000000000000000e+00 nan nan nan
1.862499999999999989e-01 0.000000000000000000e+00 nan nan nan
1.887500000000000011e-01 0.000000000000000000e+00 nan nan nan
1.912500000000000033e-01 0.000000000000000000e+00 nan nan nan
1.937500000000000056e-01 0.000000000000000000e+00 nan nan nan
1.962500000000000078e-01 0.000000000000000000e+00 nan nan nan
1.987500000000000100e-01 0.000000000000000000e+00 nan nan nan
2.012500000000000122e-01 0.000000000000000000e+00 nan nan nan
2.037499999999999867e-01 0.000000000000000000e+00 nan nan nan
2.062499999999999889e-01 0.000000000000000000e+00 nan nan nan
2.087499999999999911e-01 0.000000000000000000e+00 nan nan nan
2.112499999999999933e-01 0.000000000000000000e+00 nan nan nan
2.137499999999999956e-01 0.000000000000000000e+00 nan nan nan
2.162499999999999978e-01 0.000000000000000000e+00 nan nan nan
2.187500000000000000e-01 0.000000000000000000e+00 nan nan nan
2.212500000000000022e-01 0.000000000000000000e+00 nan nan nan
2.237500000000000044e-01 0.000000000000000000e+00 nan nan nan
2.262500000000000067e-01 0.000000000000000000e+00 nan nan nan
2.287500000000000089e-01 0.000000000000000000e+00 nan nan nan
2.312500000000000111e-01 0.000000000000000000e+00 nan nan nan
2.337500000000000133e-01 0.000000000000000000e+00 nan nan nan
2.362499999999999878e-01 0.000000000000000000e+00 nan nan nan
2.387499999999999900e-01 0.000000000000000000e+00 nan nan nan
2.412499999999999922e-01 0.000000000000000000e+00 nan nan nan
2.437499999999999944e-01 0.000000000000000000e+00 nan nan nan
2.462499999999999967e-01 0.000000000000000000e+00 nan nan nan
2.487499999999999989e-01 0.000000000000000000e+00 nan nan nan
2.512499999999999734e-01 0.000000000000000000e+00 nan nan nan
2.537499999999999756e-01 0.000000000000000000e+00 nan nan nan
2.562499999999999778e-01 0.000000000000000000e+00 nan nan nan
2.587499999999999800e-01 0.000000000000000000e+00 nan nan nan
2.612499999999999822e-01 0.000000000000000000e+00 nan nan nan
2.637499999999999845e-01 0.000000000000000000e+00 nan nan nan
2.662499999999999867e-01 0.000000000000000000e+00 nan nan nan
2.687499999999999889e-01 0.000000000000000000e+00 nan nan nan
2.712499999999999911e-01 0.000000000000000000e+00 nan nan nan
2.737499999999999933e-01 0.000000000000000000e+00 nan nan nan
2.762499999999999956e-01 0.000000000000000000e+00 nan nan nan
2.787499999999999978e-01 0.000000000000000000e+00 nan nan nan
2.812500000000000000e-01 0.000000000000000000e+00 nan nan nan
2.837500000000000022e-01 0.000000000000000000e+00 nan nan nan
2.862500000000000044e-01 0.000000000000000000e+00 nan nan nan
2.887500000000000067e-01 0.000000000000000000e+00 nan nan nan
2.912500000000000089e-01 0.000000000000000000e+00 nan nan nan
2.937500000000000111e-01 0.000000000000000000e+00 nan nan nan
2.962500000000000133e-01 0.000000000000000000e+00 nan nan nan
2.987500000000000155e-01 0.000000000000000000e+00 nan nan nan
3.012500000000000178e-01 0.000000000000000000e+00 nan nan nan
3.037500000000000200e-01 0.000000000000000000e+00 nan nan nan
3.062500000000000222e-01 0.000000000000000000e+00 nan nan nan
3.087500000000000244e-01 0.000000000000000000e+00 nan nan nan
3.112500000000000266e-01 0.000000000000000000e+00 nan nan nan
3.137499999999999734e-01 0.000000000000000000e+00 nan nan nan
3.162499999999999756e-01 0.000000000000000000e+00 nan nan nan
3.187499999999999778e-01 0.000000000000000000e+00 nan nan nan
3.212499999999999800e-01 0.000000000000000000e+00 nan nan nan
3.237499999999999822e-01 0.000000000000000000e+00 nan nan nan
3.262499999999999845e-01 0.000000000000000000e+00 nan nan nan
3.287499999999999867e-01 0.000000000000000000e+00 nan nan nan
3.312499999999999889e-01 0.000000000000000000e+00 nan nan nan
3.337499999999999911e-01 0.000000000000000000e+00 nan nan nan
3.362499999999999933e-01 0.000000000000000000e+00 nan nan nan
3.387499999999999956e-01 0.000000000000000000e+00 nan nan nan
3.412499999999999978e-01 0.000000000000000000e+00 nan nan nan
3.437500000000000000e-01 0.000000000000000000e+00 nan nan nan
3.462500000000000022e-01 0.000000000000000000e+00 nan nan nan
3.487500000000000044e-01 0.000000000000000000e+00 nan nan nan
3.512500000000000067e-01 0.000000000000000000e+00 nan nan nan
3.537500000000000089e-01 0.000000000000000000e+00 nan nan nan
3.562500000000000111e-01 0.000000000000000000e+00 nan nan nan
3.587500000000000133e-01 0.000000000000000000e+00 nan nan nan
3.612500000000000155e-01 0.000000000000000000e+00 nan nan nan
3.637500000000000178e-01 0.000000000000000000e+00 nan nan nan
3.662500000000000200e-01 0.000000000000000000e+00 nan nan nan
3.687500000000000222e-01 0.000000000000000000e+00 nan nan nan
3.712500000000000244e-01 0.000000000000000000e+00 nan nan nan
3.737500000000000266e-01 0.000000000000000000e+00 nan nan nan
3.762499999999999734e-01 0.000000000000000000e+00 nan nan nan
3.787499999999999756e-01 0.000000000000000000e+00 nan nan nan
3.812499999999999778e-01 0.000000000000000000e+00 nan nan nan
3.837499999999999800e-01 0.000000000000000000e+00 nan nan nan
3.862499999999999822e-01 0.000000000000000000e+00 nan nan nan
3.887499999999999845e-01 0.000000000000000000e+00 nan nan nan
3.912499999999999867e-01 0.000000000000000000e+00 nan nan nan
3.937499999999999889e-01 0.000000000000000000e+00 nan nan nan
3.962499999999999911e-01 0.000000000000000000e+00 nan nan nan
3.987499999999999933e-01 0.000000000000000000e+00 nan nan nan
4.012499999999999956e-01 0.000000000000000000e+00 nan nan nan
4.037499999999999978e-01 0.000000000000000000e+00 nan nan nan
4.062500000000000000e-01 0.000000000000000000e+00 nan nan nan
4.087500000000000022e-01 0.000000000000000000e+00 nan nan nan
4.112500000000000044e-01 0.000000000000000000e+00 nan nan nan
4.137500000000000067e-01 0.000000000000000000e+00 nan nan nan
4.162500000000000089e-01 0.000000000000000000e+00 nan nan nan
4.187500000000000111e-01 0.000000000000000000e+00 nan nan nan
4.212500000000000133e-01 0.000000000000000000e+00 nan nan nan
4.237500000000000155e-01 0.000000000000000000e+00 nan nan nan
4.262500000000000178e-01 0.000000000000000000e+00 nan nan nan
4.287500000000000200e-01 0.000000000000000000e+00 nan nan nan
4.312500000000000222e-01 0.000000000000000000e+00 nan nan nan
4.337500000000000244e-01 0.000000000000000000e+00 nan nan nan
4.362500000000000266e-01 0.000000000000000000e+00 nan nan nan
4.387499999999999734e-01 0.000000000000000000e+00 nan nan nan
4.412499999999999756e-01 0.000000000000000000e+00 nan nan nan
4.437499999999999778e-01 0.000000000000000000e+00 nan nan nan
4.462499999999999800e-01 0.000000000000000000e+00 nan nan nan
4.487499999999999822e-01 0.000000000000000000e+00 nan nan nan
4.512499999999999845e-01 0.000000000000000000e+00 nan nan nan
4.537499999999999867e-01 0.000000000000000000e+00 nan nan nan
4.562499999999999889e-01 0.000000000000000000e+00 nan nan nan
4.587499999999999911e-01 0.000000000000000000e+00 nan nan nan
4.612499999999999933e-01 0.000000000000000000e+00 nan nan nan
4.637499999999999956e-01 0.000000000000000000e+00 nan nan nan
4.662499999999999978e-01 0.000000000000000000e+00 nan nan nan
4.687500000000000000e-01 0.000000000000000000e+00 nan nan nan
4.712500000000000022e-01 0.000000000000000000e+00 nan nan nan
4.737500000000000044e-01 0.000000000000000000e+00 nan nan nan
4.762500000000000067e-01 0.000000000000000000e+00 nan nan nan
4.787500000000000089e-01 0.000000000000000000e+00 nan nan nan
4.812500000000000111e-01 0.000000000000000000e+00 nan nan nan
4.837500000000000133e-01 0.000000000000000000e+00 nan nan nan
4.862500000000000155e-01 0.000000000000000000e+00 nan nan nan
4.887500000000000178e-01 0.000000000000000000e+00 nan nan nan
4.912500000000000200e-01 0.000000000000000000e+00 nan nan nan
4.937500000000000222e-01 0.000000000000000000e+00 nan nan nan
4.962500000000000244e-01 0.000000000000000000e+00 nan nan nan
4.987500000000000266e-01 0.000000000000000000e+00 nan nan nan
5.012499999999999734e-01 0.000000000000000000e+00 nan nan nan
5.037500000000000311e-01 0.000000000000000000e+00 nan nan nan
5.062499999999999778e-01 0.000000000000000000e+00 nan nan nan
5.087500000000000355e-01 0.000000000000000000e+00 nan nan nan
5.112499999999999822e-01 0.000000000000000000e+00 nan nan nan
5.137500000000000400e-01 0.000000000000000000e+00 nan nan nan
5.162499999999999867e-01 0.000000000000000000e+00 nan nan nan
5.187500000000000444e-01 0.000000000000000000e+00 nan nan nan
5.212499999999999911e-01 0.000000000000000000e+00 nan nan nan
5.237500000000000488e-01 0.000000000000000000e+00 nan nan nan
5.262499999999999956e-01 0.000000000000000000e+00 nan nan nan
5.287500000000000533e-01 0.000000000000000000e+00 nan nan nan
5.312500000000000000e-01 0.000000000000000000e+00 nan nan nan
5.337499999999999467e-01 0.000000000000000000e+00 nan nan nan
5.362500000000000044e-01 0.000000000000000000e+00 nan nan nan
5.387499999999999512e-01 0.000000000000000000e+00 nan nan nan
5.412500000000000089e-01 0.000000000000000000e+00 nan nan nan
5.437499999999999556e-01 0.000000000000000000e+00 nan nan nan
5.462500000000000133e-01 0.000000000000000000e+00 nan nan nan
5.487499999999999600e-01 0.000000000000000000e+00 nan nan nan
5.512500000000000178e-01 0.000000000000000000e+00 nan nan nan
5.537499999999999645e-01 0.000000000000000000e+00 nan nan nan
5.562500000000000222e-01 0.000000000000000000e+00 nan nan nan
5.587499999999999689e-01 0.000000000000000000e+00 nan nan nan
5.612500000000000266e-01 0.000000000000000000e+00 nan nan nan
5.637499999999999734e-01 0.000000000000000000e+00 nan nan nan
5.662500000000000311e-01 0.000000000000000000e+00 nan nan nan
5.687499999999999778e-01 0.000000000000000000e+00 nan nan nan
5.712500000000000355e-01 0.000000000000000000e+00 nan nan nan
5.737499999999999822e-01 0.000000000000000000e+00 nan nan nan
5.762500000000000400e-01 0.000000000000000000e+00 nan nan nan
5.787499999999999867e-01 0.000000000000000000e+00 nan nan nan
5.812500000000000444e-01 0.000000000000000000e+00 nan nan nan
5.837499999999999911e-01 0.000000000000000000e+00 nan nan nan
5.862500000000000488e-01 0.000000000000000000e+00 nan nan nan
5.887499999999999956e-01 0.000000000000000000e+00 nan nan nan
5.912500000000000533e-01 0.000000000000000000e+00 nan nan nan
5.937500000000000000e-01 0.000000000000000000e+00 nan nan nan
5.962499999999999467e-01 0.000000000000000000e+00 nan nan nan
5.987500000000000044e-01 0.000000000000000000e+00 nan nan nan
6.012499999999999512e-01 0.000000000000000000e+00 nan nan nan
6.037500000000000089e-01 0.000000000000000000e+00 nan nan nan
6.062499999999999556e-01 0.000000000000000000e+00 nan nan nan
6.087500000000000133e-01 0.000000000000000000e+00 nan nan nan
6.112499999999999600e-01 0.000000000000000000e+00 nan nan nan
6.137500000000000178e-01 0.000000000000000000e+00 nan nan nan
6.162499999999999645e-01 0.000000000000000000e+00 nan nan nan
6.187500000000000222e-01 0.000000000000000000e+00 nan nan nan
6.212499999999999689e-01 0.000000000000000000e+00 nan nan nan
6.237500000000000266e-01 0.000000000000000000e+00 nan nan nan
6.262499999999999734e-01 0.000000000000000000e+00 nan nan nan
6.287500000000000311e-01 0.000000000000000000e+00 nan nan nan
6.312499999999999778e-01 0.000000000000000000e+00 nan nan nan
6.337500000000000355e-01 0.000000000000000000e+00 nan nan nan
6.362499999999999822e-01 0.000000000000000000e+00 nan nan nan
6.387500000000000400e-01 0.000000000000000000e+00 nan nan nan
6.412499999999999867e-01 0.000000000000000000e+00 nan nan nan
6.437500000000000444e-01 0.000000000000000000e+00 nan nan nan
6.462499999999999911e-01 0.000000000000000000e+00 nan nan nan
6.487500000000000488e-01 0.000000000000000000e+00 nan nan nan
6.512499999999999956e-01 0.000000000000000000e+00 nan nan nan
6.537500000000000533e-01 0.000000000000000000e+00 nan nan nan
6.562500000000000000e-01 0.000000000000000000e+00 nan nan nan
6.587499999999999467e-01 0.000000000000000000e+00 nan nan nan
6.612500000000000044e-01 0.000000000000000000e+00 nan nan nan
6.637499999999999512e-01 0.000000000000000000e+00 nan nan nan
6.662500000000000089e-01 0.000000000000000000e+00 nan nan nan
6.687499999999999556e-01 0.000000000000000000e+00 nan nan nan
6.712500000000000133e-01 0.000000000000000000e+00 nan nan nan
6.737499999999999600e-01 0.000000000000000000e+00 nan nan nan
6.762500000000000178e-01 0.000000000000000000e+00 nan nan nan
6.787499999999999645e-01 0.000000000000000000e+00 nan nan nan
6.812500000000000222e-01 0.000000000000000000e+00 nan nan nan
6.837499999999999689e-01 0.000000000000000000e+00 nan nan nan
6.862500000000000266e-01 0.000000000000000000e+00 nan nan nan
6.887499999999999734e-01 0.000000000000000000e+00 nan nan nan
6.912500000000000311e-01 0.000000000000000000e+00 nan nan nan
6.937499999999999778e-01 0.000000000000000000e+00 nan nan nan
6.962500000000000355e-01 0.000000000000000000e+00 nan nan nan
6.987499999999999822e-01 0.000000000000000000e+00 nan nan nan
7.012500000000000400e-01 0.000000000000000000e+00 nan nan nan
7.037499999999999867e-01 0.000000000000000000e+00 nan nan nan
7.062500000000000444e-01 0.000000000000000000e+00 nan nan nan
7.087499999999999911e-01 0.000000000000000000e+00 nan nan nan
7.112500000000000488e-01 0.000000000000000000e+00 nan nan nan
7.137499999999999956e-01 0.000000000000000000e+00 nan nan nan
7.162500000000000533e-01 0.000000000000000000e+00 nan nan nan
7.187500000000000000e-01 0.000000000000000000e+00 nan nan nan
7.212499999999999467e-01 0.000000000000000000e+00 nan nan nan
7.237500000000000044e-01 0.000000000000000000e+00 nan nan nan
7.262499999999999512e-01 0.000000000000000000e+00 nan nan nan
7.287500000000000089e-01 0.000000000000000000e+00 nan nan nan
7.312499999999999556e-01 0.000000000000000000e+00 nan nan nan
7.337500000000000133e-01 0.000000000000000000e+00 nan nan nan
7.362499999999999600e-01 0.000000000000000000e+00 nan nan nan
7.387500000000000178e-01 5.824999999999999964e-05 nan nan nan
7.412499999999999645e-01 0.000000000000000000e+00 nan nan nan
7.437500000000000222e-01 0.000000000000000000e+00 nan nan nan
7.462499999999999689e-01 0.000000000000000000e+00 nan nan nan
7.487500000000000266e-01 1.702499999999999912e-04 nan nan nan
7.512499999999999734e-01 0.000000000000000000e+00 nan nan nan
7.537500000000000311e-01 2.799999999999999755e-04 nan nan nan
7.562499999999999778e-01 2.224999999999999873e-04 nan nan nan
7.587500000000000355e-01 4.420000000000000101e-04 nan nan nan
7.612499999999999822e-01 6.032499999999999451e-04 nan nan nan
7.637500000000000400e-01 6.539999999999999590e-04 nan nan nan
7.662499999999999867e-01 1.245250000000000046e-03 nan nan nan
7.687500000000000444e-01 1.775000000000000102e-03 nan nan nan
7.712499999999999911e-01 2.992499999999999934e-03 nan nan nan
7.737500000000000488e-01 4.566249999999999996e-03 nan nan nan
7.762499999999999956e-01 4.958500000000000234e-03 nan nan nan
7.787500000000000533e-01 6.446999999999999606e-03 nan nan nan
7.812500000000000000e-01 7.447500000000000127e-03 nan nan nan
7.837499999999999467e-01 1.014299999999999924e-02 nan nan nan
7.862500000000000044e-01 1.357449999999999976e-02 nan nan nan
7.887499999999999512e-01 1.624775000000000177e-02 nan nan nan
7.912500000000000089e-01 1.990250000000000005e-02 nan nan nan
7.937499999999999556e-01 2.532724999999999907e-02 nan nan nan
7.962500000000000133e-01 3.088374999999999801e-02 nan nan nan
7.987499999999999600e-01 3.751650000000000124e-02 nan nan nan
8.012500000000000178e-01 4.634324999999999556e-02 nan nan nan
8.037499999999999645e-01 5.250150000000000650e-02 nan nan nan
8.062500000000000222e-01 6.537950000000000705e-02 nan nan nan
8.087499999999999689e-01 7.663949999999999929e-02 nan nan nan
8.112500000000000266e-01 9.027150000000000452e-02 nan nan nan
8.137499999999999734e-01 1.057019999999999904e-01 nan nan nan
8.162500000000000311e-01 1.133569999999999994e-01 nan nan nan
8.187499999999999778e-01 1.295945000000000014e-01 nan nan nan
8.212500000000000355e-01 1.480827499999999852e-01 nan nan nan
8.237499999999999822e-01 1.757137500000000019e-01 nan nan nan
8.262500000000000400e-01 1.895517500000000188e-01 nan nan nan
8.287499999999999867e-01 2.119667500000000093e-01 nan nan nan
8.312500000000000444e-01 2.308429999999999926e-01 nan nan nan
8.337499999999999911e-01 2.675514999999999977e-01 nan nan nan
8.362500000000000488e-01 2.834545000000000536e-01 nan nan nan
8.387499999999999956e-01 3.146157499999999718e-01 nan nan nan
8.412500000000000533e-01 3.447290000000000076e-01 nan nan nan
8.437500000000000000e-01 3.765337500000000004e-01 nan nan nan
8.462499999999999467e-01 4.040954999999999964e-01 nan nan nan
8.487500000000000044e-01 4.360045000000000170e-01 nan nan nan
8.512499999999999512e-01 4.699002499999999638e-01 nan nan nan
8.537500000000000089e-01 5.098467500000000152e-01 nan nan nan
8.562499999999999556e-01 5.380464999999999831e-01 nan nan nan
8.587500000000000133e-01 5.780222500000000707e-01 nan nan nan
8.612499999999999600e-01 6.059980000000000366e-01 nan nan nan
8.637500000000000178e-01 6.488077500000000164e-01 nan nan nan
8.662499999999999645e-01 6.773894999999999778e-01 nan nan nan
8.687500000000000222e-01 7.167932499999999374e-01 nan nan nan
8.712499999999999689e-01 7.592932500000000307e-01 nan nan nan
8.737500000000000266e-01 7.907619999999999649e-01 nan nan nan
8.762499999999999734e-01 8.257097500000000201e-01 nan nan nan
8.787500000000000311e-01 8.675749999999999851e-01 nan nan nan
8.812499999999999778e-01 9.164017500000000149e-01 nan nan nan
8.837500000000000355e-01 9.351557499999999523e-01 nan nan nan
8.862499999999999822e-01 9.809607499999999369e-01 nan nan nan
8.887500000000000400e-01 1.001406500000000088e+00 nan nan nan
8.912499999999999867e-01 1.049700000000000077e+00 nan nan nan
8.937500000000000444e-01 1.066956250000000050e+00 nan nan nan
8.962499999999999911e-01 1.120845250000000126e+00 nan nan nan
8.987500000000000488e-01 1.148146749999999994e+00 nan nan nan
9.012499999999999956e-01 1.168162499999999993e+00 nan nan nan
9.037500000000000533e-01 1.207593000000000139e+00 nan nan nan
9.062500000000000000e-01 1.243862000000000023e+00 nan nan nan
9.087499999999999467e-01 1.258890749999999947e+00 nan nan nan
9.112500000000000044e-01 1.289851749999999964e+00 nan nan nan
9.137499999999999512e-01 1.322207250000000167e+00 nan nan nan
9.162500000000000089e-01 1.345633249999999892e+00 nan nan nan
9.187499999999999556e-01 1.367429750000000110e+00 nan nan nan
9.212500000000000133e-01 1.390430499999999903e+00 nan nan nan
9.237499999999999600e-01 1.414503750000000171e+00 nan nan nan
9.262500000000000178e-01 1.443557750000000084e+00 nan nan nan
9.287499999999999645e-01 1.464393499999999904e+00 nan nan nan
9.312500000000000222e-01 1.467537749999999974e+00 nan nan nan
9.337499999999999689e-01 1.500631750000000153e+00 nan nan nan
9.362500000000000266e-01 1.509998999999999869e+00 nan nan nan
9.387499999999999734e-01 1.527107750000000097e+00 nan nan nan
9.412500000000000311e-01 1.555531250000000032e+00 nan nan nan
9.437499999999999778e-01 1.565644999999999953e+00 nan nan nan
9.462500000000000355e-01 1.586706500000000020e+00 nan nan nan
9.487499999999999822e-01 1.582416499999999893e+00 nan nan nan
9.512500000000000400e-01 1.615807500000000063e+00 nan nan nan
9.537499999999999867e-01 1.615385249999999884e+00 nan nan nan
9.562500000000000444e-01 1.619012249999999931e+00 nan nan nan
9.587499999999999911e-01 1.630671250000000017e+00 nan nan nan
9.612500000000000488e-01 1.641981499999999983e+00 nan nan nan
9.637499999999999956e-01 1.642987999999999893e+00 nan nan nan
9.662500000000000533e-01 1.663708750000000069e+00 nan nan nan
9.687500000000000000e-01 1.664921249999999908e+00 nan nan nan
9.712499999999999467e-01 1.684599249999999993e+00 nan nan nan
9.737500000000000044e-01 1.676798500000000081e+00 nan nan nan
9.762499999999999512e-01 1.681429000000000062e+00 nan nan nan
9.787500000000000089e-01 1.686056999999999917e+00 nan nan nan
9.812499999999999556e-01 1.677344249999999981e+00 nan nan nan
9.837500000000000133e-01 1.679275000000000073e+00 nan nan nan
9.862499999999999600e-01 1.696393250000000075e+00 nan nan nan
9.887500000000000178e-01 1.685094500000000162e+00 nan nan nan
9.912499999999999645e-01 1.701386000000000065e+00 nan nan nan
9.937500000000000222e-01 1.703522500000000051e+00 nan nan nan
9.962499999999999689e-01 1.704047250000000124e+00 nan nan nan
9.987500000000000266e-01 1.695048750000000215e+00 nan nan nan
1.001249999999999973e+00 1.697819750000000072e+00 nan nan nan
1.003749999999999920e+00 1.685807249999999868e+00 nan nan nan
1.006250000000000089e+00 1.681333749999999849e+00 nan nan nan
1.008750000000000036e+00 1.689878999999999909e+00 nan nan nan
1.011249999999999982e+00 1.672892500000000116e+00 nan nan nan
1.013749999999999929e+00 1.670961750000000023e+00 nan nan nan
1.016250000000000098e+00 1.674661750000000060e+00 nan nan nan
1.018750000000000044e+00 1.659928999999999988e+00 nan nan nan
1.021249999999999991e+00 1.669001750000000062e+00 nan nan nan
1.023749999999999938e+00 1.666501499999999858e+00 nan nan nan
1.026250000000000107e+00 1.655373749999999866e+00 nan nan nan
1.028750000000000053e+00 1.646376999999999979e+00 nan nan nan
1.031250000000000000e+00 1.646743249999999881e+00 nan nan nan
1.033749999999999947e+00 1.648633750000000120e+00 nan nan nan
1.036249999999999893e+00 1.636928999999999856e+00 nan nan nan
1.038750000000000062e+00 1.635128000000000137e+00 nan nan nan
1.041250000000000009e+00 1.630862499999999882e+00 nan nan nan
1.043749999999999956e+00 1.613605750000000061e+00 nan nan nan
1.046249999999999902e+00 1.608197000000000099e+00 nan nan nan
1.048750000000000071e+00 1.602389249999999876e+00 nan nan nan
1.051250000000000018e+00 1.602916749999999890e+00 nan nan nan
1.053749999999999964e+00 1.587361750000000127e+00 nan nan nan
1.056249999999999911e+00 1.593760499999999913e+00 nan nan nan
1.058750000000000080e+00 1.572375999999999996e+00 nan nan nan
1.061250000000000027e+00 1.582051749999999979e+00 nan nan nan
1.063749999999999973e+00 1.563949749999999916e+00 nan nan nan
1.066249999999999920e+00 1.556177249999999956e+00 nan nan nan
1.068750000000000089e+00 1.558283749999999968e+00 nan nan nan
1.071250000000000036e+00 1.544066500000000008e+00 nan nan nan
1.073749999999999982e+00 1.533079999999999776e+00 nan nan nan
1.076249999999999929e+00 1.532332750000000132e+00 nan nan nan
1.078750000000000098e+00 1.518355000000000121e+00 nan nan nan
1.081250000000000044e+00 1.518791750000000107e+00 nan nan nan
1.083749999999999991e+00 1.508734250000000054e+00 nan nan nan
1.086249999999999938e+00 1.501339749999999862e+00 nan nan nan
1.088750000000000107e+00 1.478309499999999943e+00 nan nan nan
1.091250000000000053e+00 1.484837249999999997e+00 nan nan nan
1.093750000000000000e+00 1.471281499999999909e+00 nan nan nan
1.096249999999999947e+00 1.457516249999999847e+00 nan nan nan
1.098749999999999893e+00 1.457579249999999771e+00 nan nan nan
1.101250000000000062e+00 1.450549250000000123e+00 nan nan nan
1.103750000000000009e+00 1.440489499999999978e+00 nan nan nan
1.106249999999999956e+00 1.424194000000000182e+00 nan nan nan
1.108749999999999902e+00 1.432103249999999939e+00 nan nan nan
1.111250000000000071e+00 1.398896750000000022e+00 nan nan nan
1.113750000000000018e+00 1.414533500000000110e+00 nan nan nan
1.116249999999999964e+00 1.407413500000000095e+00 nan nan nan
1.118749999999999911e+00 1.403416249999999810e+00 nan nan nan
1.121250000000000080e+00 1.386090500000000114e+00 nan nan nan
1.123750000000000027e+00 1.388664750000000003e+00 nan nan nan
1.126249999999999973e+00 1.378096000000000210e+00 nan nan nan
1.128749999999999920e+00 1.367582249999999888e+00 nan nan nan
1.131250000000000089e+00 1.363059250000000056e+00 nan nan nan
1.133750000000000036e+00 1.348795250000000001e+00 nan nan nan
1.136249999999999982e+00 1.353158000000000083e+00 nan nan nan
1.138749999999999929e+00 1.339354249999999968e+00 nan nan nan
1.141250000000000098e+00 1.326049250000000068e+00 nan nan nan
1.143750000000000044e+00 1.324850999999999779e+00 nan nan nan
1.146249999999999991e+00 1.316997750000000078e+00 nan nan nan
1.148749999999999938e+00 1.308597999999999928e+00 nan nan nan
1.151250000000000107e+00 1.296301249999999960e+00 nan nan nan
1.153750000000000053e+00 1.292480749999999956e+00 nan nan nan
1.156250000000000000e+00 1.287063749999999951e+00 nan nan nan
1.158749999999999947e+00 1.283575750000000015e+00 nan nan nan
1.161249999999999893e+00 1.282510250000000074e+00 nan nan nan
1.163750000000000062e+00 1.276207749999999974e+00 nan nan nan
1.166250000000000009e+00 1.267073000000000116e+00 nan nan nan
1.168749999999999956e+00 1.264148499999999897e+00 nan nan nan
1.171249999999999902e+00 1.251273499999999927e+00 nan nan nan
1.173750000000000071e+00 1.243803250000000027e+00 nan nan nan
1.176250000000000018e+00 1.236913499999999999e+00 nan nan nan
1.178749999999999964e+00 1.236841999999999997e+00 nan nan nan
1.181249999999999911e+00 1.230609999999999982e+00 nan nan nan
1.183750000000000080e+00 1.231905499999999876e+00 nan nan nan
1.186250000000000027e+00 1.209031500000000037e+00 nan nan nan
1.188749999999999973e+00 1.215423499999999990e+00 nan nan nan
1.191249999999999920e+00 1.200874250000000032e+00 nan nan nan
1.193750000000000089e+00 1.205040249999999924e+00 nan nan nan
1.196250000000000036e+00 1.197676249999999998e+00 nan nan nan
1.198749999999999982e+00 1.194477500000000081e+00 nan nan nan
1.201249999999999929e+00 1.186272750000000098e+00 nan nan nan
1.203750000000000098e+00 1.172795250000000067e+00 nan nan nan
1.206250000000000044e+00 1.173968499999999970e+00 nan nan nan
1.208749999999999991e+00 1.170139999999999958e+00 nan nan nan
1.211249999999999938e+00 1.165704749999999956e+00 nan nan nan
1.213750000000000107e+00 1.158620250000000240e+00 nan nan nan
1.216250000000000053e+00 1.158181249999999940e+00 nan nan nan
1.218750000000000000e+00 1.150074749999999923e+00 nan nan nan
1.221249999999999947e+00 1.137485000000000079e+00 nan nan nan
1.223749999999999893e+00 1.143731000000000053e+00 nan nan nan
1.226250000000000062e+00 1.135901749999999932e+00 nan nan nan
1.228750000000000009e+00 1.139094999999999969e+00 nan nan nan
1.231249999999999956e+00 1.125667250000000008e+00 nan nan nan
1.233749999999999902e+00 1.118624749999999946e+00 nan nan nan
1.236250000000000071e+00 1.111401249999999896e+00 nan nan nan
1.238750000000000018e+00 1.101534000000000013e+00 nan nan nan
1.241249999999999964e+00 1.116061250000000005e+00 nan nan nan
1.243749999999999911e+00 1.101695499999999939e+00 nan nan nan
1.246250000000000080e+00 1.099899750000000065e+00 nan nan nan
1.248750000000000027e+00 1.092483000000000093e+00 nan nan nan
1.251249999999999973e+00 1.088568750000000085e+00 nan nan nan
1.253749999999999920e+00 1.085809000000000024e+00 nan nan nan
1.256250000000000089e+00 1.078590999999999855e+00 nan nan nan
1.258750000000000036e+00 1.076618249999999888e+00 nan nan nan
1.261249999999999982e+00 1.065360749999999967e+00 nan nan nan
1.263749999999999929e+00 1.067180500000000087e+00 nan nan nan
1.266250000000000098e+00 1.075559500000000002e+00 nan nan nan
1.268750000000000044e+00 1.063604250000000029e+00 nan nan nan
1.271249999999999991e+00 1.061961999999999851e+00 nan nan nan
1.273749999999999938e+00 1.058600749999999868e+00 nan nan nan
1.276250000000000107e+00 1.051842499999999792e+00 nan nan nan
1.278750000000000053e+00 1.048647249999999920e+00 nan nan nan
1.281250000000000000e+00 1.052594999999999947e+00 nan nan nan
1.283749999999999947e+00 1.037447250000000043e+00 nan nan nan
1.286249999999999893e+00 1.030670750000000080e+00 nan nan nan
1.288750000000000062e+00 1.035977499999999996e+00 nan nan nan
1.291250000000000009e+00 1.020683500000000077e+00 nan nan nan
1.293749999999999956e+00 1.019667000000000101e+00 nan nan nan
1.296249999999999902e+00 1.026785999999999976e+00 nan nan nan
1.298750000000000071e+00 1.026850999999999958e+00 nan nan nan
1.301250000000000018e+00 1.015399500000000010e+00 nan nan nan
1.303749999999999964e+00 1.011341000000000045e+00 nan nan nan
1.306249999999999911e+00 1.003617499999999829e+00 nan nan nan
1.308750000000000080e+00 1.011348499999999984e+00 nan nan nan
1.311250000000000027e+00 1.002152750000000037e+00 nan nan nan
1.313749999999999973e+00 1.002928250000000077e+00 nan nan nan
1.316249999999999920e+00 1.000002750000000162e+00 nan nan nan
1.318750000000000089e+00 9.987557499999999422e-01 nan nan nan
1.321250000000000036e+00 9.844002499999999767e-01 nan nan nan
1.323749999999999982e+00 9.891207499999999930e-01 nan nan nan
1.326249999999999929e+00 9.812207500000000859e-01 nan nan nan
1.328750000000000098e+00 9.836350000000000371e-01 nan nan nan
1.331250000000000044e+00 9.736484999999999168e-01 nan nan nan
1.333749999999999991e+00 9.811162500000000231e-01 nan nan nan
1.336249999999999938e+00 9.737637500000000390e-01 nan nan nan
1.338750000000000107e+00 9.767457499999999682e-01 nan nan nan
1.341250000000000053e+00 9.767125000000000945e-01 nan nan nan
1.343750000000000000e+00 9.663570000000000215e-01 nan nan nan
1.346249999999999947e+00 9.655422500000001573e-01 nan nan nan
1.348749999999999893e+00 9.575105000000000421e-01 nan nan nan
1.351250000000000062e+00 9.564254999999999285e-01 nan nan nan
1.353750000000000009e+00 9.640314999999999301e-01 nan nan nan
1.356249999999999956e+00 9.547952499999998732e-01 nan nan nan
1.358749999999999902e+00 9.505619999999999070e-01 nan nan nan
1.361250000000000071e+00 9.557192500000000202e-01 nan nan nan
1.363750000000000018e+00 9.497572499999999973e-01 nan nan nan
1.366249999999999964e+00 9.511042499999999844e-01 nan nan nan
1.368749999999999911e+00 9.470897499999999525e-01 nan nan nan
1.371250000000000080e+00 9.473924999999999708e-01 nan nan nan
1.373750000000000027e+00 9.343129999999999491e-01 nan nan nan
1.376249999999999973e+00 9.376012499999999417e-01 nan nan nan
1.378749999999999920e+00 9.330165000000000264e-01 nan nan nan
1.381250000000000089e+00 9.360234999999998973e-01 nan nan nan
1.383750000000000036e+00 9.328432499999999017e-01 nan nan nan
1.386249999999999982e+00 9.285062499999999774e-01 nan nan nan
1.388749999999999929e+00 9.251002499999999573e-01 nan nan nan
1.391250000000000098e+00 9.247837500000000155e-01 nan nan nan
1.393750000000000044e+00 9.271639999999999882e-01 nan nan nan
1.396249999999999991e+00 9.230804999999999705e-01 nan nan nan
1.398749999999999938e+00 9.258760000000000323e-01 nan nan nan
1.401250000000000107e+00 9.168279999999999763e-01 nan nan nan
1.403750000000000053e+00 9.208892499999999925e-01 nan nan nan
1.406250000000000000e+00 9.159782499999999938e-01 nan nan nan
1.408749999999999947e+00 9.205140000000000544e-01 nan nan nan
1.411249999999999893e+00 9.089562500000000211e-01 nan nan nan
1.413750000000000062e+00 9.066667499999998547e-01 nan nan nan
1.416250000000000009e+00 9.112497499999999695e-01 nan nan nan
1.418749999999999956e+00 9.079627500000000406e-01 nan nan nan
1.421249999999999902e+00 9.044564999999999966e-01 nan nan nan
1.423750000000000071e+00 9.080259999999999998e-01 nan nan nan
1.426250000000000018e+00 9.028919999999999169e-01 nan nan nan
1.428749999999999964e+00 9.027717500000000950e-01 nan nan nan
1.431249999999999911e+00 9.064947500000000158e-01 nan nan nan
1.433750000000000080e+00 8.946922499999999667e-01 nan nan nan
1.436250000000000027e+00 9.003019999999999357e-01 nan nan nan
1.438749999999999973e+00 8.970225000000000559e-01 nan nan nan
1.441249999999999920e+00 8.988405000000000422e-01 nan nan nan
1.443750000000000089e+00 8.895692499999999781e-01 nan nan nan
1.446250000000000036e+00 8.953570000000000695e-01 nan nan nan
1.448749999999999982e+00 8.954649999999999554e-01 nan nan nan
1.451249999999999929e+00 8.882925000000000404e-01 nan nan nan
1.453750000000000098e+00 8.929405000000000259e-01 nan nan nan
1.456250000000000044e+00 8.918112499999999443e-01 nan nan nan
1.458749999999999991e+00 8.861427500000000901e-01 nan nan nan
1.461249999999999938e+00 8.825624999999999165e-01 nan nan nan
1.463750000000000107e+00 8.880365000000001174e-01 nan nan nan
1.466250000000000053e+00 8.807522500000000143e-01 nan nan nan
1.468750000000000000e+00 8.863767499999999355e-01 nan nan nan
1.471249999999999947e+00 8.818544999999999856e-01 nan nan nan
1.473749999999999893e+00 8.831387499999999724e-01 nan nan nan
1.476250000000000062e+00 8.861447500000000366e-01 nan nan nan
1.478750000000000009e+00 8.805635000000000545e-01 nan nan nan
1.481249999999999956e+00 8.859529999999999905e-01 nan nan nan
1.483749999999999902e+00 8.812082499999999152e-01 nan nan nan
1.486250000000000071e+00 8.833405000000000840e-01 nan nan nan
1.488750000000000018e+00 8.798170000000000712e-01 nan nan nan
1.491249999999999964e+00 8.761265000000000303e-01 nan nan nan
1.493749999999999911e+00 8.786662499999999820e-01 nan nan nan
1.496250000000000080e+00 8.856149999999999300e-01 nan nan nan
1.498750000000000027e+00 8.868092499999999934e-01 nan nan nan
1.501249999999999973e+00 8.755085000000000228e-01 nan nan nan
1.503749999999999920e+00 8.797407499999998493e-01 nan nan nan
1.506250000000000089e+00 8.752260000000000595e-01 nan nan nan
1.508750000000000036e+00 8.695209999999999884e-01 nan nan nan
1.511249999999999982e+00 8.803972499999999091e-01 nan nan nan
1.513749999999999929e+00 8.751334999999998976e-01 nan nan nan
1.516250000000000098e+00 8.812229999999999785e-01 nan nan nan
1.518750000000000044e+00 8.755409999999999027e-01 nan nan nan
1.521249999999999991e+00 8.757285000000000208e-01 nan nan nan
1.523749999999999938e+00 8.781420000000000892e-01 nan nan nan
1.526250000000000107e+00 8.772595000000000809e-01 nan nan nan
1.528750000000000053e+00 8.733999999999999542e-01 nan nan nan
1.531250000000000000e+00 8.733972500000000139e-01 nan nan nan
1.533749999999999947e+00 8.775787500000000740e-01 nan nan nan
1.536249999999999893e+00 8.761660000000000004e-01 nan nan nan
1.538750000000000062e+00 8.715090000000000892e-01 nan nan nan
1.541250000000000009e+00 8.701027500000000359e-01 nan nan nan
1.543749999999999956e+00 8.734622499999999956e-01 nan nan nan
1.546249999999999902e+00 8.753997499999999210e-01 nan nan nan
1.548750000000000071e+00 8.819449999999999790e-01 nan nan nan
1.551250000000000018e+00 8.744812499999998767e-01 nan nan nan
1.553749999999999964e+00 8.770812500000000345e-01 nan nan nan
1.556249999999999911e+00 8.774287499999999795e-01 nan nan nan
1.558750000000000080e+00 8.760817499999999924e-01 nan nan nan
1.561250000000000027e+00 8.797337499999999810e-01 nan nan nan
1.563749999999999973e+00 8.791454999999999131e-01 nan nan nan
1.566249999999999920e+00 8.815890000000000670e-01 nan nan nan
1.568750000000000089e+00 8.813132499999999370e-01 nan nan nan
1.571250000000000036e+00 8.821417499999999468e-01 nan nan nan
1.573749999999999982e+00 8.773647500000000266e-01 nan nan nan
1.576249999999999929e+00 8.767972499999999725e-01 nan nan nan
1.578750000000000098e+00 8.782439999999999136e-01 nan nan nan
1.581250000000000044e+00 8.838597499999999441e-01 nan nan nan
1.583749999999999991e+00 8.795252499999999252e-01 nan nan nan
1.586249999999999938e+00 8.823767500000000430e-01 nan nan nan
1.588750000000000107e+00 8.813524999999999832e-01 nan nan nan
1.591250000000000053e+00 8.791754999999999987e-01 nan nan nan
1.593750000000000000e+00 8.824262499999999676e-01 nan nan nan
1.596249999999999947e+00 8.867007499999999265e-01 nan nan nan
1.598749999999999893e+00 8.861927499999999736e-01 nan nan nan
1.601250000000000062e+00 8.832047499999999829e-01 nan nan nan
1.603750000000000009e+00 8.864227500000000370e-01 nan nan nan
1.606249999999999956e+00 8.856242500000000017e-01 nan nan nan
1.608749999999999902e+00 8.833162500000000250e-01 nan nan nan
1.611250000000000071e+00 8.900539999999999008e-01 nan nan nan
1.613750000000000018e+00 8.936580000000000634e-01 nan nan nan
1.616249999999999964e+00 8.904207499999999831e-01 nan nan nan
1.618749999999999911e+00 8.880972499999999492e-01 nan nan nan
1.621250000000000080e+00 8.911287499999999140e-01 nan nan nan
1.623750000000000027e+00 8.923172500000000618e-01 nan nan nan
1.626249999999999973e+00 9.019314999999999971e-01 nan nan nan
1.628749999999999920e+00 8.961932500000000523e-01 nan nan nan
1.631250000000000089e+00 8.979280000000000594e-01 nan nan nan
1.633750000000000036e+00 9.005292500000000588e-01 nan nan nan
1.636249999999999982e+00 8.912257500000000388e-01 nan nan nan
1.638749999999999929e+00 9.004754999999999843e-01 nan nan nan
1.641250000000000098e+00 9.024665000000000603e-01 nan nan nan
1.643750000000000044e+00 9.014174999999999827e-01 nan nan nan
1.646249999999999991e+00 9.034787499999999971e-01 nan nan nan
1.648749999999999938e+00 9.050795000000000368e-01 nan nan nan
1.651250000000000107e+00 9.045554999999999568e-01 nan nan nan
1.653750000000000053e+00 9.023459999999999814e-01 nan nan nan
1.656250000000000000e+00 9.061362500000000875e-01 nan nan nan
1.658749999999999947e+00 9.042732500000000284e-01 nan nan nan
1.661249999999999893e+00 9.060112499999999347e-01 nan nan nan
1.663750000000000062e+00 9.124082500000000318e-01 nan nan nan
1.666250000000000009e+00 9.177097499999999908e-01 nan nan nan
1.668749999999999956e+00 9.071887499999999882e-01 nan nan nan
1.671249999999999902e+00 9.126707499999999751e-01 nan nan nan
1.673750000000000071e+00 9.164367500000000222e-01 nan nan nan
1.676250000000000018e+00 9.205835000000001100e-01 nan nan nan
1.678749999999999964e+00 9.160840000000000094e-01 nan nan nan
1.681249999999999911e+00 9.188604999999999690e-01 nan nan nan
1.683750000000000080e+00 9.225474999999999648e-01 nan nan nan
1.686250000000000027e+00 9.236820000000000030e-01 nan nan nan
1.688749999999999973e+00 9.247834999999999805e-01 nan nan nan
1.691249999999999920e+00 9.217402500000000387e-01 nan nan nan
1.693750000000000089e+00 9.305892500000000345e-01 nan nan nan
1.696250000000000036e+00 9.259257499999999919e-01 nan nan nan
1.698749999999999982e+00 9.262092499999998729e-01 nan nan nan
1.701249999999999929e+00 9.296287500000000037e-01 nan nan nan
1.703750000000000098e+00 9.320824999999999250e-01 nan nan nan
1.706250000000000044e+00 9.345827500000000176e-01 nan nan nan
1.708749999999999991e+00 9.390027499999999971e-01 nan nan nan
1.711249999999999938e+00 9.351537500000000058e-01 nan nan nan
1.713750000000000107e+00 9.422117500000000145e-01 nan nan nan
1.716250000000000053e+00 9.399005000000000276e-01 nan nan nan
1.718750000000000000e+00 9.416227499999999528e-01 nan nan nan
1.721249999999999947e+00 9.430095000000000560e-01 nan nan nan
1.723749999999999893e+00 9.437957500000000444e-01 nan nan nan
1.726250000000000062e+00 9.455869999999999553e-01 nan nan nan
1.728750000000000009e+00 9.492145000000000721e-01 nan nan nan
1.731249999999999956e+00 9.498687500000000394e-01 nan nan nan
1.733749999999999902e+00 9.530849999999999600e-01 nan nan nan
1.736250000000000071e+00 9.543702499999999755e-01 nan nan nan
1.738750000000000018e+00 9.605332500000000051e-01 nan nan nan
1.741249999999999964e+00 9.541597500000000842e-01 nan nan nan
1.743749999999999911e+00 9.568307499999999521e-01 nan nan nan
1.746250000000000080e+00 9.541870000000000074e-01 nan nan nan
1.748750000000000027e+00 9.590692499999999843e-01 nan nan nan
1.751249999999999973e+00 9.599607500000000293e-01 nan nan nan
1.753749999999999920e+00 9.658452499999999885e-01 nan nan nan
1.756250000000000089e+00 9.759692499999998994e-01 nan nan nan
1.758750000000000036e+00 9.690860000000001140e-01 nan nan nan
1.761249999999999982e+00 9.756722500000000187e-01 nan nan nan
1.763749999999999929e+00 9.701494999999999980e-01 nan nan nan
1.766250000000000098e+00 9.735694999999999766e-01 nan nan nan
1.768750000000000044e+00 9.713374999999999648e-01 nan nan nan
1.771249999999999991e+00 9.748689999999999856e-01 nan nan nan
1.773749999999999938e+00 9.775484999999999314e-01 nan nan nan
1.776250000000000107e+00 9.840675000000000949e-01 nan nan nan
1.778750000000000053e+00 9.834735000000000005e-01 nan nan nan
1.781250000000000000e+00 9.842512500000000220e-01 nan nan nan
1.783749999999999947e+00 9.892665000000000486e-01 nan nan nan
1.786249999999999893e+00 9.892692499999999889e-01 nan nan nan
1.788750000000000062e+00 9.848664999999999781e-01 nan nan nan
1.791250000000000009e+00 9.870330000000000492e-01 nan nan nan
1.793749999999999956e+00 9.918709999999999471e-01 nan nan nan
1.796249999999999902e+00 9.927572500000001465e-01 nan nan nan
1.798750000000000071e+00 9.976527500000000881e-01 nan nan nan
1.801250000000000018e+00 9.946210000000000884e-01 nan nan nan
1.803749999999999964e+00 9.955585000000000129e-01 nan nan nan
1.806249999999999911e+00 9.954454999999999831e-01 nan nan nan
1.808750000000000080e+00 1.004082499999999989e+00 nan nan nan
1.811250000000000027e+00 1.002475500000000075e+00 nan nan nan
1.813749999999999973e+00 1.005637000000000114e+00 nan nan nan
1.816249999999999920e+00 1.000595999999999819e+00 nan nan nan
1.818750000000000089e+00 1.003094249999999965e+00 nan nan nan
1.821250000000000036e+00 1.008468750000000025e+00 nan nan nan
1.823749999999999982e+00 1.010857249999999929e+00 nan nan nan
1.826249999999999929e+00 1.014391250000000078e+00 nan nan nan
1.828750000000000098e+00 1.009528749999999864e+00 nan nan nan
1.831250000000000044e+00 1.010803000000000118e+00 nan nan nan
1.833749999999999991e+00 1.016622250000000172e+00 nan nan nan
1.836249999999999938e+00 1.013073499999999960e+00 nan nan nan
1.838750000000000107e+00 1.012360750000000031e+00 nan nan nan
1.841250000000000053e+00 1.021108750000000009e+00 nan nan nan
1.843750000000000000e+00 1.010935499999999987e+00 nan nan nan
1.846249999999999947e+00 1.017450500000000035e+00 nan nan nan
1.848749999999999893e+00 1.023015000000000008e+00 nan nan nan
1.851250000000000062e+00 1.022572999999999954e+00 nan nan nan
1.853750000000000009e+00 1.023497749999999762e+00 nan nan nan
1.856249999999999956e+00 1.029026999999999914e+00 nan nan nan
1.858749999999999902e+00 1.021117749999999935e+00 nan nan nan
1.861250000000000071e+00 1.032846750000000036e+00 nan nan nan
1.863750000000000018e+00 1.033838999999999952e+00 nan nan nan
1.866249999999999964e+00 1.031189500000000203e+00 nan nan nan
1.868749999999999911e+00 1.025656249999999936e+00 nan nan nan
1.871250000000000080e+00 1.026884499999999978e+00 nan nan nan
1.873750000000000027e+00 1.034621250000000048e+00 nan nan nan
1.876249999999999973e+00 1.033789500000000139e+00 nan nan nan
1.878749999999999920e+00 1.027041749999999976e+00 nan nan nan
1.881250000000000089e+00 1.033295250000000109e+00 nan nan nan
1.883750000000000036e+00 1.036162000000000027e+00 nan nan nan
1.886249999999999982e+00 1.044361250000000130e+00 nan nan nan
1.888749999999999929e+00 1.036162999999999945e+00 nan nan nan
1.891250000000000098e+00 1.036358250000000147e+00 nan nan nan
1.893750000000000044e+00 1.039482500000000087e+00 nan nan nan
1.896249999999999991e+00 1.036875999999999909e+00 nan nan nan
1.898749999999999938e+00 1.036386750000000134e+00 nan nan nan
1.901250000000000107e+00 1.045649000000000051e+00 nan nan nan
1.903750000000000053e+00 1.049438749999999976e+00 nan nan nan
1.906250000000000000e+00 1.041518000000000166e+00 nan nan nan
1.908749999999999947e+00 1.038756499999999861e+00 nan nan nan
1.911249999999999893e+00 1.039921749999999978e+00 nan nan nan
1.913750000000000062e+00 1.040973750000000031e+00 nan nan nan
1.916250000000000009e+00 1.048205500000000123e+00 nan nan nan
1.918749999999999956e+00 1.036254749999999891e+00 nan nan nan
1.921249999999999902e+00 1.042481250000000026e+00 nan nan nan
1.923750000000000071e+00 1.050192250000000049e+00 nan nan nan
1.926250000000000018e+00 1.050483499999999903e+00 nan nan nan
1.928749999999999964e+00 1.042054000000000036e+00 nan nan nan
1.931249999999999911e+00 1.047488750000000080e+00 nan nan nan
1.933750000000000080e+00 1.048955750000000187e+00 nan nan nan
1.936250000000000027e+00 1.048156499999999935e+00 nan nan nan
1.938749999999999973e+00 1.048330250000000019e+00 nan nan nan
1.941249999999999920e+00 1.045437749999999832e+00 nan nan nan
1.943750000000000089e+00 1.046098999999999890e+00 nan nan nan
1.946250000000000036e+00 1.045443999999999818e+00 nan nan nan
1.948749999999999982e+00 1.050589250000000030e+00 nan nan nan
1.951249999999999929e+00 1.047039000000000053e+00 nan nan nan
1.953750000000000098e+00 1.050148999999999999e+00 nan nan nan
1.956250000000000044e+00 1.052134750000000007e+00 nan nan nan
1.958749999999999991e+00 1.053460249999999876e+00 nan nan nan
1.961249999999999938e+00 1.053544750000000141e+00 nan nan nan
1.963750000000000107e+00 1.050328249999999963e+00 nan nan nan
1.966250000000000053e+00 1.051474000000000020e+00 nan nan nan
1.968750000000000000e+00 1.050732749999999882e+00 nan nan nan
1.971249999999999947e+00 1.050842250000000089e+00 nan nan nan
1.973749999999999893e+00 1.052041500000000074e+00 nan nan nan
1.976250000000000062e+00 1.045572249999999981e+00 nan nan nan
1.978750000000000009e+00 1.052138499999999866e+00 nan nan nan
1.981249999999999956e+00 1.054885999999999768e+00 nan nan nan
1.983749999999999902e+00 1.046049499999999854e+00 nan nan nan
1.986250000000000071e+00 1.049743000000000093e+00 nan nan nan
1.988750000000000018e+00 1.048287000000000191e+00 nan nan nan
1.991249999999999964e+00 1.054482499999999989e+00 nan nan nan
1.993749999999999911e+00 1.054502750000000155e+00 nan nan nan
1.996250000000000080e+00 1.050387249999999995e+00 nan nan nan
1.998750000000000027e+00 1.052718750000000147e+00 nan nan nan
2.001250000000000195e+00 1.046216750000000140e+00 nan nan nan
2.003750000000000142e+00 1.049917750000000094e+00 nan nan nan
2.006250000000000089e+00 1.050832750000000093e+00 nan nan nan
2.008750000000000036e+00 1.046603750000000055e+00 nan nan nan
2.011249999999999982e+00 1.049221500000000029e+00 nan nan nan
2.013749999999999929e+00 1.052151999999999976e+00 nan nan nan
2.016249999999999876e+00 1.045087249999999912e+00 nan nan nan
2.018749999999999822e+00 1.051174250000000088e+00 nan nan nan
2.021250000000000213e+00 1.044770750000000081e+00 nan nan nan
2.023750000000000160e+00 1.051985500000000018e+00 nan nan nan
2.026250000000000107e+00 1.047703499999999899e+00 nan nan nan
2.028750000000000053e+00 1.050722249999999969e+00 nan nan nan
2.031250000000000000e+00 1.051057499999999978e+00 nan nan nan
2.033749999999999947e+00 1.048513500000000098e+00 nan nan nan
2.036249999999999893e+00 1.045871250000000252e+00 nan nan nan
2.038749999999999840e+00 1.048454499999999845e+00 nan nan nan
2.041249999999999787e+00 1.048794749999999887e+00 nan nan nan
2.043750000000000178e+00 1.049541000000000057e+00 nan nan nan
2.046250000000000124e+00 1.040798499999999960e+00 nan nan nan
2.048750000000000071e+00 1.048816500000000040e+00 nan nan nan
2.051250000000000018e+00 1.041962999999999973e+00 nan nan nan
2.053749999999999964e+00 1.044115750000000009e+00 nan nan nan
2.056249999999999911e+00 1.046299249999999903e+00 nan nan nan
2.058749999999999858e+00 1.043167249999999990e+00 nan nan nan
2.061249999999999805e+00 1.045980249999999945e+00 nan nan nan
2.063750000000000195e+00 1.043970000000000065e+00 nan nan nan
2.066250000000000142e+00 1.044140749999999951e+00 nan nan nan
2.068750000000000089e+00 1.040095749999999875e+00 nan nan nan
2.071250000000000036e+00 1.041261749999999875e+00 nan nan nan
2.073749999999999982e+00 1.046565750000000072e+00 nan nan nan
2.076249999999999929e+00 1.038368750000000063e+00 nan nan nan
2.078749999999999876e+00 1.038844749999999983e+00 nan nan nan
2.081249999999999822e+00 1.035183750000000069e+00 nan nan nan
2.083750000000000213e+00 1.040556500000000106e+00 nan nan nan
2.086250000000000160e+00 1.042460750000000047e+00 nan nan nan
2.088750000000000107e+00 1.046778750000000091e+00 nan nan nan
2.091250000000000053e+00 1.040018250000000144e+00 nan nan nan
2.093750000000000000e+00 1.037238499999999952e+00 nan nan nan
2.096249999999999947e+00 1.038925750000000203e+00 nan nan nan
2.098749999999999893e+00 1.038025250000000010e+00 nan nan nan
2.101249999999999840e+00 1.039891000000000121e+00 nan nan nan
2.103749999999999787e+00 1.031459499999999974e+00 nan nan nan
2.106250000000000178e+00 1.026432750000000116e+00 nan nan nan
2.108750000000000124e+00 1.036845749999999899e+00 nan nan nan
2.111250000000000071e+00 1.033963750000000070e+00 nan nan nan
2.113750000000000018e+00 1.033447750000000109e+00 nan nan nan
2.116249999999999964e+00 1.035095749999999981e+00 nan nan nan
2.118749999999999911e+00 1.035281250000000153e+00 nan nan nan
2.121249999999999858e+00 1.032256250000000097e+00 nan nan nan
2.123749999999999805e+00 1.028347500000000192e+00 nan nan nan
2.126250000000000195e+00 1.035795250000000056e+00 nan nan nan
2.128750000000000142e+00 1.035166499999999878e+00 nan nan nan
2.131250000000000089e+00 1.030262249999999824e+00 nan nan nan
2.133750000000000036e+00 1.031724250000000120e+00 nan nan nan
2.136249999999999982e+00 1.029046000000000127e+00 nan nan nan
2.138749999999999929e+00 1.023340750000000021e+00 nan nan nan
2.141249999999999876e+00 1.024231749999999996e+00 nan nan nan
2.143749999999999822e+00 1.029999000000000109e+00 nan nan nan
2.146250000000000213e+00 1.026786999999999894e+00 nan nan nan
2.148750000000000160e+00 1.029259750000000029e+00 nan nan nan
2.151250000000000107e+00 1.023915249999999943e+00 nan nan nan
2.153750000000000053e+00 1.024335250000000030e+00 nan nan nan
2.156250000000000000e+00 1.028264999999999985e+00 nan nan nan
2.158749999999999947e+00 1.023756499999999958e+00 nan nan nan
2.161249999999999893e+00 1.026425250000000178e+00 nan nan nan
2.163749999999999840e+00 1.022099499999999939e+00 nan nan nan
2.166249999999999787e+00 1.018590499999999954e+00 nan nan nan
2.168750000000000178e+00 1.024704500000000129e+00 nan nan nan
2.171250000000000124e+00 1.024443250000000027e+00 nan nan nan
2.173750000000000071e+00 1.016820999999999975e+00 nan nan nan
2.176250000000000018e+00 1.021358749999999871e+00 nan nan nan
2.178749999999999964e+00 1.018272749999999949e+00 nan nan nan
2.181249999999999911e+00 1.020162249999999826e+00 nan nan nan
2.183749999999999858e+00 1.021107250000000022e+00 nan nan nan
2.186249999999999805e+00 1.020535749999999853e+00 nan nan nan
2.188750000000000195e+00 1.015817250000000005e+00 nan nan nan
2.191250000000000142e+00 1.014155750000000022e+00 nan nan nan
2.193750000000000089e+00 1.017327749999999975e+00 nan nan nan
2.196250000000000036e+00 1.020628000000000091e+00 nan nan nan
2.198749999999999982e+00 1.017019249999999930e+00 nan nan nan
2.201249999999999929e+00 1.017269250000000014e+00 nan nan nan
2.203749999999999876e+00 1.018398750000000019e+00 nan nan nan
2.206249999999999822e+00 1.018162000000000011e+00 nan nan nan
2.208750000000000213e+00 1.013832500000000136e+00 nan nan nan
2.211250000000000160e+00 1.015162249999999933e+00 nan nan nan
2.213750000000000107e+00 1.015925500000000037e+00 nan nan nan
2.216250000000000053e+00 1.009810250000000131e+00 nan nan nan
2.218750000000000000e+00 1.011868750000000095e+00 nan nan nan
2.221249999999999947e+00 1.013271000000000033e+00 nan nan nan
2.223749999999999893e+00 1.013275750000000031e+00 nan nan nan
2.226249999999999840e+00 1.011052750000000167e+00 nan nan nan
2.228749999999999787e+00 1.010129499999999902e+00 nan nan nan
2.231250000000000178e+00 1.009827250000000065e+00 nan nan nan
2.233750000000000124e+00 1.002414499999999986e+00 nan nan nan
2.236250000000000071e+00 1.012887249999999906e+00 nan nan nan
2.238750000000000018e+00 1.006662249999999981e+00 nan nan nan
2.241249999999999964e+00 1.002753500000000075e+00 nan nan nan
2.243749999999999911e+00 1.006701499999999916e+00 nan nan nan
2.246249999999999858e+00 1.009338000000000068e+00 nan nan nan
2.248749999999999805e+00 1.000620749999999948e+00 nan nan nan
2.251250000000000195e+00 1.000381749999999847e+00 nan nan nan
2.253750000000000142e+00 1.002756750000000086e+00 nan nan nan
2.256250000000000089e+00 1.006680000000000019e+00 nan nan nan
2.258750000000000036e+00 1.001418499999999767e+00 nan nan nan
2.261249999999999982e+00 1.001058500000000073e+00 nan nan nan
2.263749999999999929e+00 9.998412500000000147e-01 nan nan nan
2.266249999999999876e+00 9.998207500000000358e-01 nan nan nan
2.268749999999999822e+00 1.002157499999999812e+00 nan nan nan
2.271250000000000213e+00 9.991395000000000692e-01 nan nan nan
2.273750000000000160e+00 9.990462499999999135e-01 nan nan nan
2.276250000000000107e+00 9.997242499999999810e-01 nan nan nan
2.278750000000000053e+00 1.000977999999999923e+00 nan nan nan
2.281250000000000000e+00 9.962077499999999475e-01 nan nan nan
2.283749999999999947e+00 9.949784999999999879e-01 nan nan nan
2.286249999999999893e+00 1.001044250000000080e+00 nan nan nan
2.288749999999999840e+00 1.000066249999999934e+00 nan nan nan
2.291249999999999787e+00 9.993987500000001134e-01 nan nan nan
2.293750000000000178e+00 9.949612500000000193e-01 nan nan nan
2.296250000000000124e+00 9.943575000000000053e-01 nan nan nan
2.298750000000000071e+00 9.981449999999998379e-01 nan nan nan
2.301250000000000018e+00 9.995130000000000958e-01 nan nan nan
2.303749999999999964e+00 9.954402500000000265e-01 nan nan nan
2.306249999999999911e+00 9.943409999999999194e-01 nan nan nan
2.308749999999999858e+00 9.914377500000000065e-01 nan nan nan
2.311249999999999805e+00 9.955064999999999609e-01 nan nan nan
2.313750000000000195e+00 9.919847500000000817e-01 nan nan nan
2.316250000000000142e+00 9.938967499999999955e-01 nan nan nan
2.318750000000000089e+00 9.956979999999999720e-01 nan nan nan
2.321250000000000036e+00 9.944632499999999098e-01 nan nan nan
2.323749999999999982e+00 9.887219999999998787e-01 nan nan nan
2.326249999999999929e+00 9.910327500000000178e-01 nan nan nan
2.328749999999999876e+00 9.937945000000000251e-01 nan nan nan
2.331249999999999822e+00 9.947989999999999888e-01 nan nan nan
2.333750000000000213e+00 9.948050000000000503e-01 nan nan nan
2.336250000000000160e+00 9.935857500000000453e-01 nan nan nan
2.338750000000000107e+00 9.897892500000000648e-01 nan nan nan
2.341250000000000053e+00 9.896654999999999758e-01 nan nan nan
2.343750000000000000e+00 9.896497499999999947e-01 nan nan nan
2.346249999999999947e+00 9.918612500000001386e-01 nan nan nan
2.348749999999999893e+00 9.904712499999999142e-01 nan nan nan
2.351249999999999840e+00 9.929487500000000466e-01 nan nan nan
2.353749999999999787e+00 9.933994999999999909e-01 nan nan nan
2.356250000000000178e+00 9.934167500000000706e-01 nan nan nan
2.358750000000000124e+00 9.865987499999999688e-01 nan nan nan
2.361250000000000071e+00 9.901147499999999324e-01 nan nan nan
2.363750000000000018e+00 9.890057499999999058e-01 nan nan nan
2.366249999999999964e+00 9.912600000000000300e-01 nan nan nan
2.368749999999999911e+00 9.856222500000000331e-01 nan nan nan
2.371249999999999858e+00 9.920590000000000241e-01 nan nan nan
2.373749999999999805e+00 9.893667500000000725e-01 nan nan nan
2.376250000000000195e+00 9.878599999999999604e-01 nan nan nan
2.378750000000000142e+00 9.857457499999999762e-01 nan nan nan
2.381250000000000089e+00 9.869732500000000242e-01 nan nan nan
2.383750000000000036e+00 9.880702500000000388e-01 nan nan nan
2.386249999999999982e+00 9.883064999999999767e-01 nan nan nan
2.388749999999999929e+00 9.878212500000000951e-01 nan nan nan
2.391249999999999876e+00 9.858120000000000216e-01 nan nan nan
2.393749999999999822e+00 9.881257500000000249e-01 nan nan nan
2.396250000000000213e+00 9.907702499999999635e-01 nan nan nan
2.398750000000000160e+00 9.896009999999999529e-01 nan nan nan
2.401250000000000107e+00 9.890244999999999731e-01 nan nan nan
2.403750000000000053e+00 9.867757499999999515e-01 nan nan nan
2.406250000000000000e+00 9.881849999999999801e-01 nan nan nan
2.408749999999999947e+00 9.806620000000000337e-01 nan nan nan
2.411249999999999893e+00 9.883992500000000625e-01 nan nan nan
2.413749999999999840e+00 9.844215000000000604e-01 nan nan nan
2.416249999999999787e+00 9.881025000000001057e-01 nan nan nan
2.418750000000000178e+00 9.850450000000000594e-01 nan nan nan
2.421250000000000124e+00 9.854134999999999422e-01 nan nan nan
2.423750000000000071e+00 9.835224999999999662e-01 nan nan nan
2.426250000000000018e+00 9.873232499999999856e-01 nan nan nan
2.428749999999999964e+00 9.870430000000000037e-01 nan nan nan
2.431249999999999911e+00 9.836964999999999737e-01 nan nan nan
2.433749999999999858e+00 9.893885000000000041e-01 nan nan nan
2.436249999999999805e+00 9.829992499999999911e-01 nan nan nan
2.438750000000000195e+00 9.846302500000000402e-01 nan nan nan
2.441250000000000142e+00 9.842945000000000721e-01 nan nan nan
2.443750000000000089e+00 9.869922500000000154e-01 nan nan nan
2.446250000000000036e+00 9.883754999999999624e-01 nan nan nan
2.448749999999999982e+00 9.813757499999999911e-01 nan nan nan
2.451249999999999929e+00 9.838027499999999481e-01 nan nan nan
2.453749999999999876e+00 9.845390000000000530e-01 nan nan nan
2.456249999999999822e+00 9.857762500000000205e-01 nan nan nan
2.458750000000000213e+00 9.798240000000000283e-01 nan nan nan
2.461250000000000160e+00 9.816439999999999610e-01 nan nan nan
2.463750000000000107e+00 9.825277500000000330e-01 nan nan nan
2.466250000000000053e+00 9.830034999999999190e-01 nan nan nan
2.468750000000000000e+00 9.819157499999999761e-01 nan nan nan
2.471249999999999947e+00 9.851612499999999883e-01 nan nan nan
2.473749999999999893e+00 9.858254999999999102e-01 nan nan nan
2.476249999999999840e+00 9.826432499999999681e-01 nan nan nan
2.478749999999999787e+00 9.824472500000001052e-01 nan nan nan
2.481250000000000178e+00 9.824047500000000488e-01 nan nan nan
2.483750000000000124e+00 9.795004999999998851e-01 nan nan nan
2.486250000000000071e+00 9.822625000000000384e-01 nan nan nan
2.488750000000000018e+00 9.883422499999999777e-01 nan nan nan
2.491249999999999964e+00 9.862880000000000535e-01 nan nan nan
2.493749999999999911e+00 9.857424999999999660e-01 nan nan nan
2.496249999999999858e+00 9.833864999999999412e-01 nan nan nan
2.498749999999999805e+00 9.829367499999999147e-01 nan nan nan
