1.250000000000000026e-03 0.000000000000000000e+00 nan nan nan
3.749999999999999861e-03 0.000000000000000000e+00 nan nan nan
6.250000000000000347e-03 0.000000000000000000e+00 nan nan nan
8.750000000000000833e-03 0.000000000000000000e+00 nan nan nan
1.124999999999999958e-02 0.000000000000000000e+00 nan nan nan
1.375000000000000007e-02 0.000000000000000000e+00 nan nan nan
1.625000000000000056e-02 0.000000000000000000e+00 nan nan nan
1.874999999999999931e-02 0.000000000000000000e+00 nan nan nan
2.125000000000000153e-02 0.000000000000000000e+00 nan nan nan
2.375000000000000028e-02 0.000000000000000000e+00 nan nan nan
2.624999999999999903e-02 0.000000000000000000e+00 nan nan nan
2.875000000000000125e-02 0.000000000000000000e+00 nan nan nan
3.125000000000000000e-02 0.000000000000000000e+00 nan nan nan
3.375000000000000222e-02 0.000000000000000000e+00 nan nan nan
3.624999999999999750e-02 0.000000000000000000e+00 nan nan nan
3.874999999999999972e-02 0.000000000000000000e+00 nan nan nan
4.125000000000000194e-02 0.000000000000000000e+00 nan nan nan
4.374999999999999722e-02 0.000000000000000000e+00 nan nan nan
4.624999999999999944e-02 0.000000000000000000e+00 nan nan nan
4.875000000000000167e-02 0.000000000000000000e+00 nan nan nan
5.124999999999999695e-02 0.000000000000000000e+00 nan nan nan
5.374999999999999917e-02 0.000000000000000000e+00 nan nan nan
5.625000000000000139e-02 0.000000000000000000e+00 nan nan nan
5.874999999999999667e-02 0.000000000000000000e+00 nan nan nan
6.124999999999999889e-02 0.000000000000000000e+00 nan nan nan
6.375000000000000111e-02 0.000000000000000000e+00 nan nan nan
6.625000000000000333e-02 0.000000000000000000e+00 nan nan nan
6.875000000000000555e-02 0.000000000000000000e+00 nan nan nan
7.124999999999999389e-02 0.000000000000000000e+00 nan nan nan
7.374999999999999611e-02 0.000000000000000000e+00 nan nan nan
7.624999999999999833e-02 0.000000000000000000e+00 nan nan nan
7.875000000000000056e-02 0.000000000000000000e+00 nan nan nan
8.125000000000000278e-02 0.000000000000000000e+00 nan nan nan
8.375000000000000500e-02 0.000000000000000000e+00 nan nan nan
8.624999999999999334e-02 0.000000000000000000e+00 nan nan nan
8.874999999999999556e-02 0.000000000000000000e+00 nan nan nan
9.124999999999999778e-02 0.000000000000000000e+00 nan nan nan
9.375000000000000000e-02 0.000000000000000000e+00 nan nan nan
9.625000000000000222e-02 0.000000000000000000e+00 nan nan nan
9.875000000000000444e-02 0.000000000000000000e+00 nan nan nan
1.012500000000000067e-01 0.000000000000000000e+00 nan nan nan
1.037499999999999950e-01 0.000000000000000000e+00 nan nan nan
1.062499999999999972e-01 0.000000000000000000e+00 nan nan nan
1.087499999999999994e-01 0.000000000000000000e+00 nan nan nan
1.112500000000000017e-01 0.000000000000000000e+00 nan nan nan
1.137500000000000039e-01 0.000000000000000000e+00 nan nan nan
1.162500000000000061e-01 0.000000000000000000e+00 nan nan nan
1.187499999999999944e-01 0.000000000000000000e+00 nan nan nan
1.212499999999999967e-01 0.000000000000000000e+00 nan nan nan
1.237499999999999989e-01 0.000000000000000000e+00 nan nan nan
1.262500000000000011e-01 0.000000000000000000e+00 nan nan nan
1.287500000000000033e-01 0.000000000000000000e+00 nan nan nan
1.312500000000000056e-01 0.000000000000000000e+00 nan nan nan
1.337500000000000078e-01 0.000000000000000000e+00 nan nan nan
1.362500000000000100e-01 0.000000000000000000e+00 nan nan nan
1.387500000000000122e-01 0.000000000000000000e+00 nan nan nan
1.412499999999999867e-01 0.000000000000000000e+00 nan nan nan
1.437499999999999889e-01 0.000000000000000000e+00 nan nan nan
1.462499999999999911e-01 0.000000000000000000e+00 nan nan nan
1.487499999999999933e-01 0.000000000000000000e+00 nan nan nan
1.512499999999999956e-01 0.000000000000000000e+00 nan nan nan
1.537499999999999978e-01 0.000000000000000000e+00 nan nan nan
1.562500000000000000e-01 0.000000000000000000e+00 nan nan nan
1.587500000000000022e-01 0.000000000000000000e+00 nan nan nan
1.612500000000000044e-01 0.000000000000000000e+00 nan nan nan
1.637500000000000067e-01 0.000000000000000000e+00 nan nan nan
1.662500000000000089e-01 0.000000000000000000e+00 nan nan nan
1.687500000000000111e-01 0.000000000000000000e+00 nan nan nan
1.712500000000000133e-01 0.000000000000000000e+00 nan nan nan
1.737499999999999878e-01 0.000000000000000000e+00 nan nan nan
1.762499999999999900e-01 0.000000000000000000e+00 nan nan nan
1.787499999999999922e-01 0.000000000000000000e+00 nan nan nan
1.812499999999999944e-01 0.000000000000000000e+00 nan nan nan
1.837499999999999967e-01 0.000000000000000000e+00 nan nan nan
1.862499999999999989e-01 0.000000000000000000e+00 nan nan nan
1.887500000000000011e-01 0.000000000000000000e+00 nan nan nan
1.912500000000000033e-01 0.000000000000000000e+00 nan nan nan
1.937500000000000056e-01 0.000000000000000000e+00 nan nan nan
1.962500000000000078e-01 0.000000000000000000e+00 nan nan nan
1.987500000000000100e-01 0.000000000000000000e+00 nan nan nan
2.012500000000000122e-01 0.000000000000000000e+00 nan nan nan
2.037499999999999867e-01 0.000000000000000000e+00 nan nan nan
2.062499999999999889e-01 0.000000000000000000e+00 nan nan nan
2.087499999999999911e-01 0.000000000000000000e+00 nan nan nan
2.112499999999999933e-01 0.000000000000000000e+00 nan nan nan
2.137499999999999956e-01 0.000000000000000000e+00 nan nan nan
2.162499999999999978e-01 0.000000000000000000e+00 nan nan nan
2.187500000000000000e-01 0.000000000000000000e+00 nan nan nan
2.212500000000000022e-01 0.000000000000000000e+00 nan nan nan
2.237500000000000044e-01 0.000000000000000000e+00 nan nan nan
2.262500000000000067e-01 0.000000000000000000e+00 nan nan nan
2.287500000000000089e-01 0.000000000000000000e+00 nan nan nan
2.312500000000000111e-01 0.000000000000000000e+00 nan nan nan
2.337500000000000133e-01 0.000000000000000000e+00 nan nan nan
2.362499999999999878e-01 0.000000000000000000e+00 nan nan nan
2.387499999999999900e-01 0.000000000000000000e+00 nan nan nan
2.412499999999999922e-01 0.000000000000000000e+00 nan nan nan
2.437499999999999944e-01 0.000000000000000000e+00 nan nan nan
2.462499999999999967e-01 0.000000000000000000e+00 nan nan nan
2.487499999999999989e-01 0.000000000000000000e+00 nan nan nan
2.512499999999999734e-01 0.000000000000000000e+00 nan nan nan
2.537499999999999756e-01 0.000000000000000000e+00 nan nan nan
2.562499999999999778e-01 0.000000000000000000e+00 nan nan nan
2.587499999999999800e-01 0.000000000000000000e+00 nan nan nan
2.612499999999999822e-01 0.000000000000000000e+00 nan nan nan
2.637499999999999845e-01 0.000000000000000000e+00 nan nan nan
2.662499999999999867e-01 0.000000000000000000e+00 nan nan nan
2.687499999999999889e-01 0.000000000000000000e+00 nan nan nan
2.712499999999999911e-01 0.000000000000000000e+00 nan nan nan
2.737499999999999933e-01 0.000000000000000000e+00 nan nan nan
2.762499999999999956e-01 0.000000000000000000e+00 nan nan nan
2.787499999999999978e-01 0.000000000000000000e+00 nan nan nan
2.812500000000000000e-01 0.000000000000000000e+00 nan nan nan
2.837500000000000022e-01 0.000000000000000000e+00 nan nan nan
2.862500000000000044e-01 0.000000000000000000e+00 nan nan nan
2.887500000000000067e-01 0.000000000000000000e+00 nan nan nan
2.912500000000000089e-01 0.000000000000000000e+00 nan nan nan
2.937500000000000111e-01 0.000000000000000000e+00 nan nan nan
2.962500000000000133e-01 0.000000000000000000e+00 nan nan nan
2.987500000000000155e-01 0.000000000000000000e+00 nan nan nan
3.012500000000000178e-01 0.000000000000000000e+00 nan nan nan
3.037500000000000200e-01 0.000000000000000000e+00 nan nan nan
3.062500000000000222e-01 0.000000000000000000e+00 nan nan nan
3.087500000000000244e-01 0.000000000000000000e+00 nan nan nan
3.112500000000000266e-01 0.000000000000000000e+00 nan nan nan
3.137499999999999734e-01 0.000000000000000000e+00 nan nan nan
3.162499999999999756e-01 0.000000000000000000e+00 nan nan nan
3.187499999999999778e-01 0.000000000000000000e+00 nan nan nan
3.212499999999999800e-01 0.000000000000000000e+00 nan nan nan
3.237499999999999822e-01 0.000000000000000000e+00 nan nan nan
3.262499999999999845e-01 0.000000000000000000e+00 nan nan nan
3.287499999999999867e-01 0.000000000000000000e+00 nan nan nan
3.312499999999999889e-01 0.000000000000000000e+00 nan nan nan
3.337499999999999911e-01 0.000000000000000000e+00 nan nan nan
3.362499999999999933e-01 0.000000000000000000e+00 nan nan nan
3.387499999999999956e-01 0.000000000000000000e+00 nan nan nan
3.412499999999999978e-01 0.000000000000000000e+00 nan nan nan
3.437500000000000000e-01 0.000000000000000000e+00 nan nan nan
3.462500000000000022e-01 0.000000000000000000e+00 nan nan nan
3.487500000000000044e-01 0.000000000000000000e+00 nan nan nan
3.512500000000000067e-01 0.000000000000000000e+00 nan nan nan
3.537500000000000089e-01 0.000000000000000000e+00 nan nan nan
3.562500000000000111e-01 0.000000000000000000e+00 nan nan nan
3.587500000000000133e-01 0.000000000000000000e+00 nan nan nan
3.612500000000000155e-01 0.000000000000000000e+00 nan nan nan
3.637500000000000178e-01 0.000000000000000000e+00 nan nan nan
3.662500000000000200e-01 0.000000000000000000e+00 nan nan nan
3.687500000000000222e-01 0.000000000000000000e+00 nan nan nan
3.712500000000000244e-01 0.000000000000000000e+00 nan nan nan
3.737500000000000266e-01 0.000000000000000000e+00 nan nan nan
3.762499999999999734e-01 0.000000000000000000e+00 nan nan nan
3.787499999999999756e-01 0.000000000000000000e+00 nan nan nan
3.812499999999999778e-01 0.000000000000000000e+00 nan nan nan
3.837499999999999800e-01 0.000000000000000000e+00 nan nan nan
3.862499999999999822e-01 0.000000000000000000e+00 nan nan nan
3.887499999999999845e-01 0.000000000000000000e+00 nan nan nan
3.912499999999999867e-01 0.000000000000000000e+00 nan nan nan
3.937499999999999889e-01 0.000000000000000000e+00 nan nan nan
3.962499999999999911e-01 0.000000000000000000e+00 nan nan nan
3.987499999999999933e-01 0.000000000000000000e+00 nan nan nan
4.012499999999999956e-01 0.000000000000000000e+00 nan nan nan
4.037499999999999978e-01 0.000000000000000000e+00 nan nan nan
4.062500000000000000e-01 0.000000000000000000e+00 nan nan nan
4.087500000000000022e-01 0.000000000000000000e+00 nan nan nan
4.112500000000000044e-01 0.000000000000000000e+00 nan nan nan
4.137500000000000067e-01 0.000000000000000000e+00 nan nan nan
4.162500000000000089e-01 0.000000000000000000e+00 nan nan nan
4.187500000000000111e-01 0.000000000000000000e+00 nan nan nan
4.212500000000000133e-01 0.000000000000000000e+00 nan nan nan
4.237500000000000155e-01 0.000000000000000000e+00 nan nan nan
4.262500000000000178e-01 0.000000000000000000e+00 nan nan nan
4.287500000000000200e-01 0.000000000000000000e+00 nan nan nan
4.312500000000000222e-01 0.000000000000000000e+00 nan nan nan
4.337500000000000244e-01 0.000000000000000000e+00 nan nan nan
4.362500000000000266e-01 0.000000000000000000e+00 nan nan nan
4.387499999999999734e-01 0.000000000000000000e+00 nan nan nan
4.412499999999999756e-01 0.000000000000000000e+00 nan nan nan
4.437499999999999778e-01 0.000000000000000000e+00 nan nan nan
4.462499999999999800e-01 0.000000000000000000e+00 nan nan nan
4.487499999999999822e-01 0.000000000000000000e+00 nan nan nan
4.512499999999999845e-01 0.000000000000000000e+00 nan nan nan
4.537499999999999867e-01 0.000000000000000000e+00 nan nan nan
4.562499999999999889e-01 0.000000000000000000e+00 nan nan nan
4.587499999999999911e-01 0.000000000000000000e+00 nan nan nan
4.612499999999999933e-01 0.000000000000000000e+00 nan nan nan
4.637499999999999956e-01 0.000000000000000000e+00 nan nan nan
4.662499999999999978e-01 0.000000000000000000e+00 nan nan nan
4.687500000000000000e-01 0.000000000000000000e+00 nan nan nan
4.712500000000000022e-01 0.000000000000000000e+00 nan nan nan
4.737500000000000044e-01 0.000000000000000000e+00 nan nan nan
4.762500000000000067e-01 0.000000000000000000e+00 nan nan nan
4.787500000000000089e-01 0.000000000000000000e+00 nan nan nan
4.812500000000000111e-01 0.000000000000000000e+00 nan nan nan
4.837500000000000133e-01 0.000000000000000000e+00 nan nan nan
4.862500000000000155e-01 0.000000000000000000e+00 nan nan nan
4.887500000000000178e-01 0.000000000000000000e+00 nan nan nan
4.912500000000000200e-01 0.000000000000000000e+00 nan nan nan
4.937500000000000222e-01 0.000000000000000000e+00 nan nan nan
4.962500000000000244e-01 0.000000000000000000e+00 nan nan nan
4.987500000000000266e-01 0.000000000000000000e+00 nan nan nan
5.012499999999999734e-01 0.000000000000000000e+00 nan nan nan
5.037500000000000311e-01 0.000000000000000000e+00 nan nan nan
5.062499999999999778e-01 0.000000000000000000e+00 nan nan nan
5.087500000000000355e-01 0.000000000000000000e+00 nan nan nan
5.112499999999999822e-01 0.000000000000000000e+00 nan nan nan
5.137500000000000400e-01 0.000000000000000000e+00 nan nan nan
5.162499999999999867e-01 0.000000000000000000e+00 nan nan nan
5.187500000000000444e-01 0.000000000000000000e+00 nan nan nan
5.212499999999999911e-01 0.000000000000000000e+00 nan nan nan
5.237500000000000488e-01 0.000000000000000000e+00 nan nan nan
5.262499999999999956e-01 0.000000000000000000e+00 nan nan nan
5.287500000000000533e-01 0.000000000000000000e+00 nan nan nan
5.312500000000000000e-01 0.000000000000000000e+00 nan nan nan
5.337499999999999467e-01 0.000000000000000000e+00 nan nan nan
5.362500000000000044e-01 0.000000000000000000e+00 nan nan nan
5.387499999999999512e-01 0.000000000000000000e+00 nan nan nan
5.412500000000000089e-01 0.000000000000000000e+00 nan nan nan
5.437499999999999556e-01 0.000000000000000000e+00 nan nan nan
5.462500000000000133e-01 0.000000000000000000e+00 nan nan nan
5.487499999999999600e-01 0.000000000000000000e+00 nan nan nan
5.512500000000000178e-01 0.000000000000000000e+00 nan nan nan
5.537499999999999645e-01 0.000000000000000000e+00 nan nan nan
5.562500000000000222e-01 0.000000000000000000e+00 nan nan nan
5.587499999999999689e-01 0.000000000000000000e+00 nan nan nan
5.612500000000000266e-01 0.000000000000000000e+00 nan nan nan
5.637499999999999734e-01 0.000000000000000000e+00 nan nan nan
5.662500000000000311e-01 0.000000000000000000e+00 nan nan nan
5.687499999999999778e-01 0.000000000000000000e+00 nan nan nan
5.712500000000000355e-01 0.000000000000000000e+00 nan nan nan
5.737499999999999822e-01 0.000000000000000000e+00 nan nan nan
5.762500000000000400e-01 0.000000000000000000e+00 nan nan nan
5.787499999999999867e-01 0.000000000000000000e+00 nan nan nan
5.812500000000000444e-01 0.000000000000000000e+00 nan nan nan
5.837499999999999911e-01 0.000000000000000000e+00 nan nan nan
5.862500000000000488e-01 0.000000000000000000e+00 nan nan nan
5.887499999999999956e-01 0.000000000000000000e+00 nan nan nan
5.912500000000000533e-01 0.000000000000000000e+00 nan nan nan
5.937500000000000000e-01 0.000000000000000000e+00 nan nan nan
5.962499999999999467e-01 0.000000000000000000e+00 nan nan nan
5.987500000000000044e-01 0.000000000000000000e+00 nan nan nan
6.012499999999999512e-01 0.000000000000000000e+00 nan nan nan
6.037500000000000089e-01 0.000000000000000000e+00 nan nan nan
6.062499999999999556e-01 0.000000000000000000e+00 nan nan nan
6.087500000000000133e-01 0.000000000000000000e+00 nan nan nan
6.112499999999999600e-01 0.000000000000000000e+00 nan nan nan
6.137500000000000178e-01 0.000000000000000000e+00 nan nan nan
6.162499999999999645e-01 0.000000000000000000e+00 nan nan nan
6.187500000000000222e-01 0.000000000000000000e+00 nan nan nan
6.212499999999999689e-01 0.000000000000000000e+00 nan nan nan
6.237500000000000266e-01 0.000000000000000000e+00 nan nan nan
6.262499999999999734e-01 0.000000000000000000e+00 nan nan nan
6.287500000000000311e-01 0.000000000000000000e+00 nan nan nan
6.312499999999999778e-01 0.000000000000000000e+00 nan nan nan
6.337500000000000355e-01 0.000000000000000000e+00 nan nan nan
6.362499999999999822e-01 0.000000000000000000e+00 nan nan nan
6.387500000000000400e-01 0.000000000000000000e+00 nan nan nan
6.412499999999999867e-01 0.000000000000000000e+00 nan nan nan
6.437500000000000444e-01 0.000000000000000000e+00 nan nan nan
6.462499999999999911e-01 0.000000000000000000e+00 nan nan nan
6.487500000000000488e-01 0.000000000000000000e+00 nan nan nan
6.512499999999999956e-01 0.000000000000000000e+00 nan nan nan
6.537500000000000533e-01 0.000000000000000000e+00 nan nan nan
6.562500000000000000e-01 0.000000000000000000e+00 nan nan nan
6.587499999999999467e-01 0.000000000000000000e+00 nan nan nan
6.612500000000000044e-01 0.000000000000000000e+00 nan nan nan
6.637499999999999512e-01 0.000000000000000000e+00 nan nan nan
6.662500000000000089e-01 0.000000000000000000e+00 nan nan nan
6.687499999999999556e-01 0.000000000000000000e+00 nan nan nan
6.712500000000000133e-01 0.000000000000000000e+00 nan nan nan
6.737499999999999600e-01 0.000000000000000000e+00 nan nan nan
6.762500000000000178e-01 0.000000000000000000e+00 nan nan nan
6.787499999999999645e-01 0.000000000000000000e+00 nan nan nan
6.812500000000000222e-01 0.000000000000000000e+00 nan nan nan
6.837499999999999689e-01 0.000000000000000000e+00 nan nan nan
6.862500000000000266e-01 0.000000000000000000e+00 nan nan nan
6.887499999999999734e-01 0.000000000000000000e+00 nan nan nan
6.912500000000000311e-01 0.000000000000000000e+00 nan nan nan
6.937499999999999778e-01 0.000000000000000000e+00 nan nan nan
6.962500000000000355e-01 0.000000000000000000e+00 nan nan nan
6.987499999999999822e-01 0.000000000000000000e+00 nan nan nan
7.012500000000000400e-01 0.000000000000000000e+00 nan nan nan
7.037499999999999867e-01 0.000000000000000000e+00 nan nan nan
7.062500000000000444e-01 0.000000000000000000e+00 nan nan nan
7.087499999999999911e-01 0.000000000000000000e+00 nan nan nan
7.112500000000000488e-01 0.000000000000000000e+00 nan nan nan
7.137499999999999956e-01 0.000000000000000000e+00 nan nan nan
7.162500000000000533e-01 0.000000000000000000e+00 nan nan nan
7.187500000000000000e-01 0.000000000000000000e+00 nan nan nan
7.212499999999999467e-01 0.000000000000000000e+00 nan nan nan
7.237500000000000044e-01 0.000000000000000000e+00 nan nan nan
7.262499999999999512e-01 0.000000000000000000e+00 nan nan nan
7.287500000000000089e-01 0.000000000000000000e+00 nan nan nan
7.312499999999999556e-01 0.000000000000000000e+00 nan nan nan
7.337500000000000133e-01 0.000000000000000000e+00 nan nan nan
7.362499999999999600e-01 0.000000000000000000e+00 nan nan nan
7.387500000000000178e-01 0.000000000000000000e+00 nan nan nan
7.412499999999999645e-01 0.000000000000000000e+00 nan nan nan
7.437500000000000222e-01 0.000000000000000000e+00 nan nan nan
7.462499999999999689e-01 0.000000000000000000e+00 nan nan nan
7.487500000000000266e-01 0.000000000000000000e+00 nan nan nan
7.512499999999999734e-01 0.000000000000000000e+00 nan nan nan
7.537500000000000311e-01 0.000000000000000000e+00 nan nan nan
7.562499999999999778e-01 0.000000000000000000e+00 nan nan nan
7.587500000000000355e-01 0.000000000000000000e+00 nan nan nan
7.612499999999999822e-01 0.000000000000000000e+00 nan nan nan
7.637500000000000400e-01 5.450000000000000336e-05 nan nan nan
7.662499999999999867e-01 0.000000000000000000e+00 nan nan nan
7.687500000000000444e-01 1.612499999999999893e-04 nan nan nan
7.712499999999999911e-01 5.349999999999999938e-05 nan nan nan
7.737500000000000488e-01 1.592499999999999949e-04 nan nan nan
7.762499999999999956e-01 1.055000000000000030e-04 nan nan nan
7.787500000000000533e-01 3.142499999999999677e-04 nan nan nan
7.812500000000000000e-01 1.562500000000000033e-04 nan nan nan
7.837499999999999467e-01 5.175000000000000563e-04 nan nan nan
7.862500000000000044e-01 4.629999999999999784e-04 nan nan nan
7.887499999999999512e-01 3.575000000000000161e-04 nan nan nan
7.912500000000000089e-01 1.269500000000000012e-03 nan nan nan
7.937499999999999556e-01 8.577500000000000055e-04 nan nan nan
7.962500000000000133e-01 2.255999999999999759e-03 nan nan nan
7.987499999999999600e-01 3.238500000000000059e-03 nan nan nan
8.012500000000000178e-01 4.010500000000000176e-03 nan nan nan
8.037499999999999645e-01 4.625250000000000021e-03 nan nan nan
8.062500000000000222e-01 6.259249999999999189e-03 nan nan nan
8.087499999999999689e-01 7.824750000000000108e-03 nan nan nan
8.112500000000000266e-01 1.077099999999999932e-02 nan nan nan
8.137499999999999734e-01 1.228900000000000131e-02 nan nan nan
8.162500000000000311e-01 1.645975000000000216e-02 nan nan nan
8.187499999999999778e-01 1.929900000000000018e-02 nan nan nan
8.212500000000000355e-01 2.474350000000000160e-02 nan nan nan
8.237499999999999822e-01 2.899700000000000194e-02 nan nan nan
8.262500000000000400e-01 3.534024999999999667e-02 nan nan nan
8.287499999999999867e-01 4.091250000000000442e-02 nan nan nan
8.312500000000000444e-01 4.692299999999999249e-02 nan nan nan
8.337499999999999911e-01 5.816525000000000167e-02 nan nan nan
8.362500000000000488e-01 6.731799999999998896e-02 nan nan nan
8.387499999999999956e-01 8.101500000000000368e-02 nan nan nan
8.412500000000000533e-01 9.059525000000000217e-02 nan nan nan
8.437500000000000000e-01 1.047042499999999987e-01 nan nan nan
8.462499999999999467e-01 1.209089999999999887e-01 nan nan nan
8.487500000000000044e-01 1.331269999999999953e-01 nan nan nan
8.512499999999999512e-01 1.571307499999999857e-01 nan nan nan
8.537500000000000089e-01 1.784527500000000211e-01 nan nan nan
8.562499999999999556e-01 1.986132499999999912e-01 nan nan nan
8.587500000000000133e-01 2.172002499999999836e-01 nan nan nan
8.612499999999999600e-01 2.380535000000000012e-01 nan nan nan
8.637500000000000178e-01 2.669707500000000344e-01 nan nan nan
8.662499999999999645e-01 2.903399999999999870e-01 nan nan nan
8.687500000000000222e-01 3.128890000000000282e-01 nan nan nan
8.712499999999999689e-01 3.545630000000000170e-01 nan nan nan
8.737500000000000266e-01 3.815577500000000288e-01 nan nan nan
8.762499999999999734e-01 4.199959999999999805e-01 nan nan nan
8.787500000000000311e-01 4.494710000000000094e-01 nan nan nan
8.812499999999999778e-01 4.874459999999999904e-01 nan nan nan
8.837500000000000355e-01 5.221357500000000096e-01 nan nan nan
8.862499999999999822e-01 5.666655000000000442e-01 nan nan nan
8.887500000000000400e-01 5.915717499999999518e-01 nan nan nan
8.912499999999999867e-01 6.488842499999999403e-01 nan nan nan
8.937500000000000444e-01 6.708465000000000122e-01 nan nan nan
8.962499999999999911e-01 7.226292500000000008e-01 nan nan nan
8.987500000000000488e-01 7.606434999999999169e-01 nan nan nan
9.012499999999999956e-01 8.061297499999999783e-01 nan nan nan
9.037500000000000533e-01 8.298527500000000279e-01 nan nan nan
9.062500000000000000e-01 8.834140000000000326e-01 nan nan nan
9.087499999999999467e-01 9.195145000000000124e-01 nan nan nan
9.112500000000000044e-01 9.722407500000000979e-01 nan nan nan
9.137499999999999512e-01 1.005684250000000057e+00 nan nan nan
9.162500000000000089e-01 1.045677750000000072e+00 nan nan nan
9.187499999999999556e-01 1.084205250000000120e+00 nan nan nan
9.212500000000000133e-01 1.124172000000000171e+00 nan nan nan
9.237499999999999600e-01 1.167602249999999842e+00 nan nan nan
9.262500000000000178e-01 1.211437500000000167e+00 nan nan nan
9.287499999999999645e-01 1.247524250000000112e+00 nan nan nan
9.312500000000000222e-01 1.276609000000000105e+00 nan nan nan
9.337499999999999689e-01 1.324432000000000054e+00 nan nan nan
9.362500000000000266e-01 1.353595499999999952e+00 nan nan nan
9.387499999999999734e-01 1.388165250000000128e+00 nan nan nan
9.412500000000000311e-01 1.411513000000000018e+00 nan nan nan
9.437499999999999778e-01 1.442696250000000013e+00 nan nan nan
9.462500000000000355e-01 1.485068000000000055e+00 nan nan nan
9.487499999999999822e-01 1.510517499999999735e+00 nan nan nan
9.512500000000000400e-01 1.550292999999999921e+00 nan nan nan
9.537499999999999867e-01 1.569887250000000067e+00 nan nan nan
9.562500000000000444e-01 1.612198749999999903e+00 nan nan nan
9.587499999999999911e-01 1.624412249999999780e+00 nan nan nan
9.612500000000000488e-01 1.637956250000000002e+00 nan nan nan
9.637499999999999956e-01 1.678135249999999967e+00 nan nan nan
9.662500000000000533e-01 1.701057499999999889e+00 nan nan nan
9.687500000000000000e-01 1.711595750000000082e+00 nan nan nan
9.712499999999999467e-01 1.725877999999999801e+00 nan nan nan
9.737500000000000044e-01 1.756786750000000064e+00 nan nan nan
9.762499999999999512e-01 1.753337000000000145e+00 nan nan nan
9.787500000000000089e-01 1.786698499999999967e+00 nan nan nan
9.812499999999999556e-01 1.792528249999999934e+00 nan nan nan
9.837500000000000133e-01 1.811512500000000081e+00 nan nan nan
9.862499999999999600e-01 1.811751499999999959e+00 nan nan nan
9.887500000000000178e-01 1.838952749999999803e+00 nan nan nan
9.912499999999999645e-01 1.841366999999999976e+00 nan nan nan
9.937500000000000222e-01 1.856995499999999799e+00 nan nan nan
9.962499999999999689e-01 1.851049750000000049e+00 nan nan nan
9.987500000000000266e-01 1.855306249999999935e+00 nan nan nan
1.001249999999999973e+00 1.874082250000000061e+00 nan nan nan
1.003749999999999920e+00 1.880281499999999939e+00 nan nan nan
1.006250000000000089e+00 1.894652000000000003e+00 nan nan nan
1.008750000000000036e+00 1.866685750000000033e+00 nan nan nan
1.011249999999999982e+00 1.864368000000000025e+00 nan nan nan
1.013749999999999929e+00 1.879804749999999913e+00 nan nan nan
1.016250000000000098e+00 1.887464749999999913e+00 nan nan nan
1.018750000000000044e+00 1.883664750000000110e+00 nan nan nan
1.021249999999999991e+00 1.895787749999999772e+00 nan nan nan
1.023749999999999938e+00 1.885235999999999912e+00 nan nan nan
1.026250000000000107e+00 1.872349499999999889e+00 nan nan nan
1.028750000000000053e+00 1.861578750000000060e+00 nan nan nan
1.031250000000000000e+00 1.886368999999999962e+00 nan nan nan
1.033749999999999947e+00 1.861372250000000061e+00 nan nan nan
1.036249999999999893e+00 1.850980999999999987e+00 nan nan nan
1.038750000000000062e+00 1.859521999999999897e+00 nan nan nan
1.041250000000000009e+00 1.848727249999999822e+00 nan nan nan
1.043749999999999956e+00 1.842799250000000111e+00 nan nan nan
1.046249999999999902e+00 1.841843499999999967e+00 nan nan nan
1.048750000000000071e+00 1.822553500000000160e+00 nan nan nan
1.051250000000000018e+00 1.812888000000000055e+00 nan nan nan
1.053749999999999964e+00 1.832522500000000054e+00 nan nan nan
1.056249999999999911e+00 1.809954000000000285e+00 nan nan nan
1.058750000000000080e+00 1.818119000000000041e+00 nan nan nan
1.061250000000000027e+00 1.803608249999999913e+00 nan nan nan
1.063749999999999973e+00 1.767330249999999880e+00 nan nan nan
1.066249999999999920e+00 1.780329499999999898e+00 nan nan nan
1.068750000000000089e+00 1.769422000000000050e+00 nan nan nan
1.071250000000000036e+00 1.759815750000000012e+00 nan nan nan
1.073749999999999982e+00 1.749480499999999772e+00 nan nan nan
1.076249999999999929e+00 1.738892000000000104e+00 nan nan nan
1.078750000000000098e+00 1.735840249999999862e+00 nan nan nan
1.081250000000000044e+00 1.716865249999999898e+00 nan nan nan
1.083749999999999991e+00 1.707330000000000014e+00 nan nan nan
1.086249999999999938e+00 1.687384250000000030e+00 nan nan nan
1.088750000000000107e+00 1.673529999999999962e+00 nan nan nan
1.091250000000000053e+00 1.668513499999999983e+00 nan nan nan
1.093750000000000000e+00 1.660708499999999921e+00 nan nan nan
1.096249999999999947e+00 1.654147749999999917e+00 nan nan nan
1.098749999999999893e+00 1.639151500000000095e+00 nan nan nan
1.101250000000000062e+00 1.635544250000000144e+00 nan nan nan
1.103750000000000009e+00 1.615332250000000025e+00 nan nan nan
1.106249999999999956e+00 1.596844999999999848e+00 nan nan nan
1.108749999999999902e+00 1.593297500000000033e+00 nan nan nan
1.111250000000000071e+00 1.592546250000000052e+00 nan nan nan
1.113750000000000018e+00 1.580203000000000024e+00 nan nan nan
1.116249999999999964e+00 1.555376750000000197e+00 nan nan nan
1.118749999999999911e+00 1.562096999999999847e+00 nan nan nan
1.121250000000000080e+00 1.535088749999999891e+00 nan nan nan
1.123750000000000027e+00 1.526604749999999955e+00 nan nan nan
1.126249999999999973e+00 1.512517499999999959e+00 nan nan nan
1.128749999999999920e+00 1.505450749999999838e+00 nan nan nan
1.131250000000000089e+00 1.485092749999999961e+00 nan nan nan
1.133750000000000036e+00 1.482854000000000116e+00 nan nan nan
1.136249999999999982e+00 1.481653749999999992e+00 nan nan nan
1.138749999999999929e+00 1.473046999999999995e+00 nan nan nan
1.141250000000000098e+00 1.447808250000000019e+00 nan nan nan
1.143750000000000044e+00 1.449382999999999866e+00 nan nan nan
1.146249999999999991e+00 1.438325749999999958e+00 nan nan nan
1.148749999999999938e+00 1.421810999999999714e+00 nan nan nan
1.151250000000000107e+00 1.416242500000000071e+00 nan nan nan
1.153750000000000053e+00 1.398649500000000101e+00 nan nan nan
1.156250000000000000e+00 1.403924999999999867e+00 nan nan nan
1.158749999999999947e+00 1.383053750000000193e+00 nan nan nan
1.161249999999999893e+00 1.376586750000000192e+00 nan nan nan
1.163750000000000062e+00 1.369716000000000156e+00 nan nan nan
1.166250000000000009e+00 1.370463999999999904e+00 nan nan nan
1.168749999999999956e+00 1.345129749999999902e+00 nan nan nan
1.171249999999999902e+00 1.329916749999999981e+00 nan nan nan
1.173750000000000071e+00 1.329125499999999960e+00 nan nan nan
1.176250000000000018e+00 1.320541250000000000e+00 nan nan nan
1.178749999999999964e+00 1.313939500000000038e+00 nan nan nan
1.181249999999999911e+00 1.301639999999999908e+00 nan nan nan
1.183750000000000080e+00 1.295784999999999965e+00 nan nan nan
1.186250000000000027e+00 1.287392749999999975e+00 nan nan nan
1.188749999999999973e+00 1.275572750000000033e+00 nan nan nan
1.191249999999999920e+00 1.267334500000000030e+00 nan nan nan
1.193750000000000089e+00 1.266738499999999989e+00 nan nan nan
1.196250000000000036e+00 1.252297749999999876e+00 nan nan nan
1.198749999999999982e+00 1.254932500000000006e+00 nan nan nan
1.201249999999999929e+00 1.243194499999999980e+00 nan nan nan
1.203750000000000098e+00 1.234635499999999997e+00 nan nan nan
1.206250000000000044e+00 1.236994499999999997e+00 nan nan nan
1.208749999999999991e+00 1.224442499999999878e+00 nan nan nan
1.211249999999999938e+00 1.224831500000000073e+00 nan nan nan
1.213750000000000107e+00 1.200867750000000012e+00 nan nan nan
1.216250000000000053e+00 1.204811000000000076e+00 nan nan nan
1.218750000000000000e+00 1.189644250000000181e+00 nan nan nan
1.221249999999999947e+00 1.189126000000000127e+00 nan nan nan
1.223749999999999893e+00 1.184336000000000055e+00 nan nan nan
1.226250000000000062e+00 1.179955999999999783e+00 nan nan nan
1.228750000000000009e+00 1.179475250000000086e+00 nan nan nan
1.231249999999999956e+00 1.164436999999999944e+00 nan nan nan
1.233749999999999902e+00 1.165486749999999905e+00 nan nan nan
1.236250000000000071e+00 1.155848250000000021e+00 nan nan nan
1.238750000000000018e+00 1.149778750000000072e+00 nan nan nan
1.241249999999999964e+00 1.145440999999999931e+00 nan nan nan
1.243749999999999911e+00 1.141518999999999950e+00 nan nan nan
1.246250000000000080e+00 1.129841749999999978e+00 nan nan nan
1.248750000000000027e+00 1.128277999999999892e+00 nan nan nan
1.251249999999999973e+00 1.117601999999999984e+00 nan nan nan
1.253749999999999920e+00 1.119478749999999856e+00 nan nan nan
1.256250000000000089e+00 1.110254000000000074e+00 nan nan nan
1.258750000000000036e+00 1.103400750000000041e+00 nan nan nan
1.261249999999999982e+00 1.102488000000000135e+00 nan nan nan
1.263749999999999929e+00 1.095542999999999934e+00 nan nan nan
1.266250000000000098e+00 1.083509250000000090e+00 nan nan nan
1.268750000000000044e+00 1.098713999999999968e+00 nan nan nan
1.271249999999999991e+00 1.083047499999999941e+00 nan nan nan
1.273749999999999938e+00 1.074195749999999894e+00 nan nan nan
1.276250000000000107e+00 1.070831249999999901e+00 nan nan nan
1.278750000000000053e+00 1.064354250000000057e+00 nan nan nan
1.281250000000000000e+00 1.061172999999999922e+00 nan nan nan
1.283749999999999947e+00 1.060168500000000069e+00 nan nan nan
1.286249999999999893e+00 1.050652249999999954e+00 nan nan nan
1.288750000000000062e+00 1.051383750000000283e+00 nan nan nan
1.291250000000000009e+00 1.046725750000000232e+00 nan nan nan
1.293749999999999956e+00 1.043501000000000012e+00 nan nan nan
1.296249999999999902e+00 1.041863250000000019e+00 nan nan nan
1.298750000000000071e+00 1.031448750000000025e+00 nan nan nan
1.301250000000000018e+00 1.031826000000000132e+00 nan nan nan
1.303749999999999964e+00 1.022523999999999988e+00 nan nan nan
1.306249999999999911e+00 1.019880499999999968e+00 nan nan nan
1.308750000000000080e+00 1.013130000000000086e+00 nan nan nan
1.311250000000000027e+00 1.017090749999999932e+00 nan nan nan
1.313749999999999973e+00 1.003904499999999977e+00 nan nan nan
1.316249999999999920e+00 1.000442999999999971e+00 nan nan nan
1.318750000000000089e+00 9.996692499999999537e-01 nan nan nan
1.321250000000000036e+00 9.991857499999999837e-01 nan nan nan
1.323749999999999982e+00 1.001528250000000009e+00 nan nan nan
1.326249999999999929e+00 9.908889999999999088e-01 nan nan nan
1.328750000000000098e+00 9.932670000000000110e-01 nan nan nan
1.331250000000000044e+00 9.834594999999999310e-01 nan nan nan
1.333749999999999991e+00 9.772387500000000449e-01 nan nan nan
1.336249999999999938e+00 9.827892500000000586e-01 nan nan nan
1.338750000000000107e+00 9.816940000000000666e-01 nan nan nan
1.341250000000000053e+00 9.743447499999999817e-01 nan nan nan
1.343750000000000000e+00 9.699127499999999902e-01 nan nan nan
1.346249999999999947e+00 9.681907499999999889e-01 nan nan nan
1.348749999999999893e+00 9.644825000000000204e-01 nan nan nan
1.351250000000000062e+00 9.565124999999999877e-01 nan nan nan
1.353750000000000009e+00 9.567987500000000312e-01 nan nan nan
1.356249999999999956e+00 9.627272499999999233e-01 nan nan nan
1.358749999999999902e+00 9.562435000000000240e-01 nan nan nan
1.361250000000000071e+00 9.478625000000000522e-01 nan nan nan
1.363750000000000018e+00 9.408870000000000289e-01 nan nan nan
1.366249999999999964e+00 9.452629999999999644e-01 nan nan nan
1.368749999999999911e+00 9.458682500000000770e-01 nan nan nan
1.371250000000000080e+00 9.378919999999999479e-01 nan nan nan
1.373750000000000027e+00 9.347674999999999734e-01 nan nan nan
1.376249999999999973e+00 9.352514999999999024e-01 nan nan nan
1.378749999999999920e+00 9.343879999999999963e-01 nan nan nan
1.381250000000000089e+00 9.318585000000000340e-01 nan nan nan
1.383750000000000036e+00 9.287432499999999092e-01 nan nan nan
1.386249999999999982e+00 9.253300000000000969e-01 nan nan nan
1.388749999999999929e+00 9.257265000000001187e-01 nan nan nan
1.391250000000000098e+00 9.245540000000000980e-01 nan nan nan
1.393750000000000044e+00 9.259857500000000519e-01 nan nan nan
1.396249999999999991e+00 9.182865000000000055e-01 nan nan nan
1.398749999999999938e+00 9.158355000000000246e-01 nan nan nan
1.401250000000000107e+00 9.055767500000000414e-01 nan nan nan
1.403750000000000053e+00 9.149205000000000254e-01 nan nan nan
1.406250000000000000e+00 9.084234999999999394e-01 nan nan nan
1.408749999999999947e+00 9.101032499999999192e-01 nan nan nan
1.411249999999999893e+00 9.041204999999999936e-01 nan nan nan
1.413750000000000062e+00 9.003532499999999938e-01 nan nan nan
1.416250000000000009e+00 8.935482500000000439e-01 nan nan nan
1.418749999999999956e+00 9.016457500000000236e-01 nan nan nan
1.421249999999999902e+00 8.958642500000000286e-01 nan nan nan
1.423750000000000071e+00 8.967982499999999080e-01 nan nan nan
1.426250000000000018e+00 8.887657500000000210e-01 nan nan nan
1.428749999999999964e+00 8.861722499999999947e-01 nan nan nan
1.431249999999999911e+00 8.896272499999999805e-01 nan nan nan
1.433750000000000080e+00 8.851360000000000339e-01 nan nan nan
1.436250000000000027e+00 8.907479999999999842e-01 nan nan nan
1.438749999999999973e+00 8.857202499999999867e-01 nan nan nan
1.441249999999999920e+00 8.823899999999998967e-01 nan nan nan
1.443750000000000089e+00 8.766527499999999806e-01 nan nan nan
1.446250000000000036e+00 8.825152499999999733e-01 nan nan nan
1.448749999999999982e+00 8.829402499999999820e-01 nan nan nan
1.451249999999999929e+00 8.755694999999998895e-01 nan nan nan
1.453750000000000098e+00 8.742902499999999355e-01 nan nan nan
1.456250000000000044e+00 8.751729999999999787e-01 nan nan nan
1.458749999999999991e+00 8.691734999999999323e-01 nan nan nan
1.461249999999999938e+00 8.708467500000000028e-01 nan nan nan
1.463750000000000107e+00 8.701589999999999048e-01 nan nan nan
1.466250000000000053e+00 8.687765000000000626e-01 nan nan nan
1.468750000000000000e+00 8.671029999999999571e-01 nan nan nan
1.471249999999999947e+00 8.680797499999999278e-01 nan nan nan
1.473749999999999893e+00 8.643762499999999571e-01 nan nan nan
1.476250000000000062e+00 8.598027499999999490e-01 nan nan nan
1.478750000000000009e+00 8.669720000000000759e-01 nan nan nan
1.481249999999999956e+00 8.614982500000000210e-01 nan nan nan
1.483749999999999902e+00 8.611387499999999529e-01 nan nan nan
1.486250000000000071e+00 8.588052500000000755e-01 nan nan nan
1.488750000000000018e+00 8.577162499999999579e-01 nan nan nan
1.491249999999999964e+00 8.609605000000000175e-01 nan nan nan
1.493749999999999911e+00 8.543200000000000793e-01 nan nan nan
1.496250000000000080e+00 8.605404999999999305e-01 nan nan nan
1.498750000000000027e+00 8.603892499999999943e-01 nan nan nan
1.501249999999999973e+00 8.615592499999999987e-01 nan nan nan
1.503749999999999920e+00 8.566309999999999203e-01 nan nan nan
1.506250000000000089e+00 8.539857500000000989e-01 nan nan nan
1.508750000000000036e+00 8.502782500000000132e-01 nan nan nan
1.511249999999999982e+00 8.516707500000000319e-01 nan nan nan
1.513749999999999929e+00 8.478332499999998717e-01 nan nan nan
1.516250000000000098e+00 8.560180000000000566e-01 nan nan nan
1.518750000000000044e+00 8.534365000000000423e-01 nan nan nan
1.521249999999999991e+00 8.526937500000000281e-01 nan nan nan
1.523749999999999938e+00 8.529375000000000151e-01 nan nan nan
1.526250000000000107e+00 8.509780000000000122e-01 nan nan nan
1.528750000000000053e+00 8.486185000000001644e-01 nan nan nan
1.531250000000000000e+00 8.428132499999999583e-01 nan nan nan
1.533749999999999947e+00 8.524049999999999683e-01 nan nan nan
1.536249999999999893e+00 8.438685000000000214e-01 nan nan nan
1.538750000000000062e+00 8.428737500000000882e-01 nan nan nan
1.541250000000000009e+00 8.550885000000000291e-01 nan nan nan
1.543749999999999956e+00 8.506539999999999102e-01 nan nan nan
1.546249999999999902e+00 8.407660000000000133e-01 nan nan nan
1.548750000000000071e+00 8.507362500000000827e-01 nan nan nan
1.551250000000000018e+00 8.451300000000000479e-01 nan nan nan
1.553749999999999964e+00 8.420440000000000147e-01 nan nan nan
1.556249999999999911e+00 8.443542499999999729e-01 nan nan nan
1.558750000000000080e+00 8.465409999999999879e-01 nan nan nan
1.561250000000000027e+00 8.448625000000000718e-01 nan nan nan
1.563749999999999973e+00 8.452307500000000307e-01 nan nan nan
1.566249999999999920e+00 8.480677500000000091e-01 nan nan nan
1.568750000000000089e+00 8.437655000000000571e-01 nan nan nan
1.571250000000000036e+00 8.428977499999998901e-01 nan nan nan
1.573749999999999982e+00 8.450604999999999922e-01 nan nan nan
1.576249999999999929e+00 8.471670000000000034e-01 nan nan nan
1.578750000000000098e+00 8.468835000000001223e-01 nan nan nan
1.581250000000000044e+00 8.459877499999999273e-01 nan nan nan
1.583749999999999991e+00 8.496427499999998911e-01 nan nan nan
1.586249999999999938e+00 8.483307500000000223e-01 nan nan nan
1.588750000000000107e+00 8.520607500000000334e-01 nan nan nan
1.591250000000000053e+00 8.500882499999999897e-01 nan nan nan
1.593750000000000000e+00 8.464724999999999611e-01 nan nan nan
1.596249999999999947e+00 8.461935000000000429e-01 nan nan nan
1.598749999999999893e+00 8.509235000000000548e-01 nan nan nan
1.601250000000000062e+00 8.529797499999999255e-01 nan nan nan
1.603750000000000009e+00 8.481225000000000014e-01 nan nan nan
1.606249999999999956e+00 8.495627500000000332e-01 nan nan nan
1.608749999999999902e+00 8.495524999999999327e-01 nan nan nan
1.611250000000000071e+00 8.582810000000000716e-01 nan nan nan
1.613750000000000018e+00 8.544884999999999842e-01 nan nan nan
1.616249999999999964e+00 8.568972500000000547e-01 nan nan nan
1.618749999999999911e+00 8.534635000000000415e-01 nan nan nan
1.621250000000000080e+00 8.559367499999999129e-01 nan nan nan
1.623750000000000027e+00 8.565707500000000474e-01 nan nan nan
1.626249999999999973e+00 8.575330000000001007e-01 nan nan nan
1.628749999999999920e+00 8.591202500000000297e-01 nan nan nan
1.631250000000000089e+00 8.557719999999999771e-01 nan nan nan
1.633750000000000036e+00 8.536550000000000527e-01 nan nan nan
1.636249999999999982e+00 8.567832499999999962e-01 nan nan nan
1.638749999999999929e+00 8.562779999999999836e-01 nan nan nan
1.641250000000000098e+00 8.662977499999999775e-01 nan nan nan
1.643750000000000044e+00 8.614884999999999904e-01 nan nan nan
1.646249999999999991e+00 8.635064999999999547e-01 nan nan nan
1.648749999999999938e+00 8.632754999999999734e-01 nan nan nan
1.651250000000000107e+00 8.699667499999998999e-01 nan nan nan
1.653750000000000053e+00 8.637580000000000258e-01 nan nan nan
1.656250000000000000e+00 8.718482499999999913e-01 nan nan nan
1.658749999999999947e+00 8.698577499999999851e-01 nan nan nan
1.661249999999999893e+00 8.697522499999998935e-01 nan nan nan
1.663750000000000062e+00 8.726985000000000436e-01 nan nan nan
1.666250000000000009e+00 8.669220000000000814e-01 nan nan nan
1.668749999999999956e+00 8.702734999999999221e-01 nan nan nan
1.671249999999999902e+00 8.696975000000000122e-01 nan nan nan
1.673750000000000071e+00 8.728879999999999972e-01 nan nan nan
1.676250000000000018e+00 8.762594999999999690e-01 nan nan nan
1.678749999999999964e+00 8.741142500000000926e-01 nan nan nan
1.681249999999999911e+00 8.787249999999999783e-01 nan nan nan
1.683750000000000080e+00 8.772832499999999589e-01 nan nan nan
1.686250000000000027e+00 8.790552499999999547e-01 nan nan nan
1.688749999999999973e+00 8.816482500000000222e-01 nan nan nan
1.691249999999999920e+00 8.843450000000000477e-01 nan nan nan
1.693750000000000089e+00 8.830767499999999659e-01 nan nan nan
1.696250000000000036e+00 8.882202499999999334e-01 nan nan nan
1.698749999999999982e+00 8.835147500000000154e-01 nan nan nan
1.701249999999999929e+00 8.887177499999999730e-01 nan nan nan
1.703750000000000098e+00 8.901084999999999692e-01 nan nan nan
1.706250000000000044e+00 8.923720000000000541e-01 nan nan nan
1.708749999999999991e+00 8.910252499999999909e-01 nan nan nan
1.711249999999999938e+00 8.949584999999999901e-01 nan nan nan
1.713750000000000107e+00 8.980965000000000753e-01 nan nan nan
1.716250000000000053e+00 9.023562499999999709e-01 nan nan nan
1.718750000000000000e+00 9.017129999999999868e-01 nan nan nan
1.721249999999999947e+00 9.035587499999999661e-01 nan nan nan
1.723749999999999893e+00 9.022557500000000230e-01 nan nan nan
1.726250000000000062e+00 9.003162500000000401e-01 nan nan nan
1.728750000000000009e+00 9.071057499999999330e-01 nan nan nan
1.731249999999999956e+00 9.121025000000000382e-01 nan nan nan
1.733749999999999902e+00 9.078032499999999505e-01 nan nan nan
1.736250000000000071e+00 9.146282500000000315e-01 nan nan nan
1.738750000000000018e+00 9.162372500000000031e-01 nan nan nan
1.741249999999999964e+00 9.202654999999999585e-01 nan nan nan
1.743749999999999911e+00 9.163220000000000809e-01 nan nan nan
1.746250000000000080e+00 9.183594999999999953e-01 nan nan nan
1.748750000000000027e+00 9.228869999999999019e-01 nan nan nan
1.751249999999999973e+00 9.214454999999999174e-01 nan nan nan
1.753749999999999920e+00 9.188099999999999046e-01 nan nan nan
1.756250000000000089e+00 9.335919999999999774e-01 nan nan nan
1.758750000000000036e+00 9.285045000000000659e-01 nan nan nan
1.761249999999999982e+00 9.372144999999999504e-01 nan nan nan
1.763749999999999929e+00 9.349475000000000424e-01 nan nan nan
1.766250000000000098e+00 9.335252499999999731e-01 nan nan nan
1.768750000000000044e+00 9.382345000000000823e-01 nan nan nan
1.771249999999999991e+00 9.420417500000000111e-01 nan nan nan
1.773749999999999938e+00 9.412369999999999903e-01 nan nan nan
1.776250000000000107e+00 9.380252500000000326e-01 nan nan nan
1.778750000000000053e+00 9.469940000000000024e-01 nan nan nan
1.781250000000000000e+00 9.429049999999999931e-01 nan nan nan
1.783749999999999947e+00 9.471072500000000671e-01 nan nan nan
1.786249999999999893e+00 9.524580000000000268e-01 nan nan nan
1.788750000000000062e+00 9.498569999999999514e-01 nan nan nan
1.791250000000000009e+00 9.578280000000000127e-01 nan nan nan
1.793749999999999956e+00 9.571257500000001084e-01 nan nan nan
1.796249999999999902e+00 9.573497499999998883e-01 nan nan nan
1.798750000000000071e+00 9.625989999999999824e-01 nan nan nan
1.801250000000000018e+00 9.650920000000000609e-01 nan nan nan
1.803749999999999964e+00 9.655547500000000172e-01 nan nan nan
1.806249999999999911e+00 9.647252499999999786e-01 nan nan nan
1.808750000000000080e+00 9.754977500000000523e-01 nan nan nan
1.811250000000000027e+00 9.682624999999999149e-01 nan nan nan
1.813749999999999973e+00 9.749582500000000262e-01 nan nan nan
1.816249999999999920e+00 9.721797500000000092e-01 nan nan nan
1.818750000000000089e+00 9.728049999999999198e-01 nan nan nan
1.821250000000000036e+00 9.770550000000000068e-01 nan nan nan
1.823749999999999982e+00 9.864390000000000658e-01 nan nan nan
1.826249999999999929e+00 9.854367500000000835e-01 nan nan nan
1.828750000000000098e+00 9.858810000000000073e-01 nan nan nan
1.831250000000000044e+00 9.842337500000000183e-01 nan nan nan
1.833749999999999991e+00 9.901539999999999786e-01 nan nan nan
1.836249999999999938e+00 9.946242500000000986e-01 nan nan nan
1.838750000000000107e+00 9.924950000000000161e-01 nan nan nan
1.841250000000000053e+00 9.959244999999999903e-01 nan nan nan
1.843750000000000000e+00 9.996215000000000517e-01 nan nan nan
1.846249999999999947e+00 9.948642500000000055e-01 nan nan nan
1.848749999999999893e+00 1.005493750000000075e+00 nan nan nan
1.851250000000000062e+00 1.006666000000000061e+00 nan nan nan
1.853750000000000009e+00 1.001639999999999864e+00 nan nan nan
1.856249999999999956e+00 1.005226000000000175e+00 nan nan nan
1.858749999999999902e+00 1.014061249999999914e+00 nan nan nan
1.861250000000000071e+00 1.010155499999999984e+00 nan nan nan
1.863750000000000018e+00 1.008911499999999961e+00 nan nan nan
1.866249999999999964e+00 1.014278000000000013e+00 nan nan nan
1.868749999999999911e+00 1.018929750000000078e+00 nan nan nan
1.871250000000000080e+00 1.019876500000000075e+00 nan nan nan
1.873750000000000027e+00 1.021964249999999907e+00 nan nan nan
1.876249999999999973e+00 1.023251499999999981e+00 nan nan nan
1.878749999999999920e+00 1.021808999999999967e+00 nan nan nan
1.881250000000000089e+00 1.024753749999999908e+00 nan nan nan
1.883750000000000036e+00 1.020226000000000077e+00 nan nan nan
1.886249999999999982e+00 1.026823999999999959e+00 nan nan nan
1.888749999999999929e+00 1.032108750000000130e+00 nan nan nan
1.891250000000000098e+00 1.032163500000000012e+00 nan nan nan
1.893750000000000044e+00 1.031204250000000044e+00 nan nan nan
1.896249999999999991e+00 1.029079250000000112e+00 nan nan nan
1.898749999999999938e+00 1.030329749999999933e+00 nan nan nan
1.901250000000000107e+00 1.039282249999999852e+00 nan nan nan
1.903750000000000053e+00 1.030783750000000110e+00 nan nan nan
1.906250000000000000e+00 1.036444249999999956e+00 nan nan nan
1.908749999999999947e+00 1.043790999999999913e+00 nan nan nan
1.911249999999999893e+00 1.041740499999999958e+00 nan nan nan
1.913750000000000062e+00 1.043004499999999890e+00 nan nan nan
1.916250000000000009e+00 1.045781749999999954e+00 nan nan nan
1.918749999999999956e+00 1.037282250000000072e+00 nan nan nan
1.921249999999999902e+00 1.048190500000000025e+00 nan nan nan
1.923750000000000071e+00 1.044128249999999980e+00 nan nan nan
1.926250000000000018e+00 1.051494250000000186e+00 nan nan nan
1.928749999999999964e+00 1.052700999999999887e+00 nan nan nan
1.931249999999999911e+00 1.043934499999999987e+00 nan nan nan
1.933750000000000080e+00 1.050188250000000156e+00 nan nan nan
1.936250000000000027e+00 1.049199250000000028e+00 nan nan nan
1.938749999999999973e+00 1.051890500000000062e+00 nan nan nan
1.941249999999999920e+00 1.052413749999999926e+00 nan nan nan
1.943750000000000089e+00 1.052484500000000045e+00 nan nan nan
1.946250000000000036e+00 1.052853749999999922e+00 nan nan nan
1.948749999999999982e+00 1.057746249999999888e+00 nan nan nan
1.951249999999999929e+00 1.058460499999999804e+00 nan nan nan
1.953750000000000098e+00 1.059509000000000034e+00 nan nan nan
1.956250000000000044e+00 1.060158500000000004e+00 nan nan nan
1.958749999999999991e+00 1.061364250000000009e+00 nan nan nan
1.961249999999999938e+00 1.058123000000000147e+00 nan nan nan
1.963750000000000107e+00 1.056609499999999979e+00 nan nan nan
1.966250000000000053e+00 1.059399999999999897e+00 nan nan nan
1.968750000000000000e+00 1.057670749999999993e+00 nan nan nan
1.971249999999999947e+00 1.059014249999999935e+00 nan nan nan
1.973749999999999893e+00 1.064966000000000079e+00 nan nan nan
1.976250000000000062e+00 1.062460750000000065e+00 nan nan nan
1.978750000000000009e+00 1.059631500000000059e+00 nan nan nan
1.981249999999999956e+00 1.070263999999999882e+00 nan nan nan
1.983749999999999902e+00 1.063157499999999978e+00 nan nan nan
1.986250000000000071e+00 1.064350499999999977e+00 nan nan nan
1.988750000000000018e+00 1.065670750000000000e+00 nan nan nan
1.991249999999999964e+00 1.058627250000000020e+00 nan nan nan
1.993749999999999911e+00 1.066457500000000058e+00 nan nan nan
1.996250000000000080e+00 1.068550499999999959e+00 nan nan nan
1.998750000000000027e+00 1.067725000000000035e+00 nan nan nan
2.001250000000000195e+00 1.065042749999999927e+00 nan nan nan
2.003750000000000142e+00 1.067628250000000056e+00 nan nan nan
2.006250000000000089e+00 1.066500999999999921e+00 nan nan nan
2.008750000000000036e+00 1.068425249999999993e+00 nan nan nan
2.011249999999999982e+00 1.064733249999999964e+00 nan nan nan
2.013749999999999929e+00 1.066418000000000088e+00 nan nan nan
2.016249999999999876e+00 1.068717000000000139e+00 nan nan nan
2.018749999999999822e+00 1.067405250000000194e+00 nan nan nan
2.021250000000000213e+00 1.071068749999999792e+00 nan nan nan
2.023750000000000160e+00 1.068276749999999886e+00 nan nan nan
2.026250000000000107e+00 1.068111999999999950e+00 nan nan nan
2.028750000000000053e+00 1.066686000000000023e+00 nan nan nan
2.031250000000000000e+00 1.068060750000000114e+00 nan nan nan
2.033749999999999947e+00 1.060924999999999896e+00 nan nan nan
2.036249999999999893e+00 1.064033000000000007e+00 nan nan nan
2.038749999999999840e+00 1.068575500000000122e+00 nan nan nan
2.041249999999999787e+00 1.064281250000000068e+00 nan nan nan
2.043750000000000178e+00 1.066481000000000012e+00 nan nan nan
2.046250000000000124e+00 1.064385499999999984e+00 nan nan nan
2.048750000000000071e+00 1.066424000000000039e+00 nan nan nan
2.051250000000000018e+00 1.067565500000000167e+00 nan nan nan
2.053749999999999964e+00 1.062307749999999995e+00 nan nan nan
2.056249999999999911e+00 1.064988999999999963e+00 nan nan nan
2.058749999999999858e+00 1.064271499999999815e+00 nan nan nan
2.061249999999999805e+00 1.060943250000000004e+00 nan nan nan
2.063750000000000195e+00 1.062621000000000038e+00 nan nan nan
2.066250000000000142e+00 1.059708749999999977e+00 nan nan nan
2.068750000000000089e+00 1.065177999999999958e+00 nan nan nan
2.071250000000000036e+00 1.066624250000000051e+00 nan nan nan
2.073749999999999982e+00 1.061806750000000132e+00 nan nan nan
2.076249999999999929e+00 1.061522499999999924e+00 nan nan nan
2.078749999999999876e+00 1.065481249999999935e+00 nan nan nan
2.081249999999999822e+00 1.062570500000000084e+00 nan nan nan
2.083750000000000213e+00 1.059554000000000107e+00 nan nan nan
2.086250000000000160e+00 1.060755249999999927e+00 nan nan nan
2.088750000000000107e+00 1.061204749999999919e+00 nan nan nan
2.091250000000000053e+00 1.059701000000000004e+00 nan nan nan
2.093750000000000000e+00 1.057846499999999912e+00 nan nan nan
2.096249999999999947e+00 1.064186000000000076e+00 nan nan nan
2.098749999999999893e+00 1.057805499999999954e+00 nan nan nan
2.101249999999999840e+00 1.058141500000000068e+00 nan nan nan
2.103749999999999787e+00 1.062458499999999972e+00 nan nan nan
2.106250000000000178e+00 1.054979249999999924e+00 nan nan nan
2.108750000000000124e+00 1.060235000000000039e+00 nan nan nan
2.111250000000000071e+00 1.061597750000000007e+00 nan nan nan
2.113750000000000018e+00 1.052699499999999899e+00 nan nan nan
2.116249999999999964e+00 1.054188249999999938e+00 nan nan nan
2.118749999999999911e+00 1.058846749999999837e+00 nan nan nan
2.121249999999999858e+00 1.053837750000000018e+00 nan nan nan
2.123749999999999805e+00 1.057785250000000010e+00 nan nan nan
2.126250000000000195e+00 1.054547249999999936e+00 nan nan nan
2.128750000000000142e+00 1.053355499999999889e+00 nan nan nan
2.131250000000000089e+00 1.056567999999999952e+00 nan nan nan
2.133750000000000036e+00 1.049967500000000165e+00 nan nan nan
2.136249999999999982e+00 1.052665750000000067e+00 nan nan nan
2.138749999999999929e+00 1.053701499999999847e+00 nan nan nan
2.141249999999999876e+00 1.053301750000000148e+00 nan nan nan
2.143749999999999822e+00 1.050998250000000134e+00 nan nan nan
2.146250000000000213e+00 1.053098749999999972e+00 nan nan nan
2.148750000000000160e+00 1.044784249999999970e+00 nan nan nan
2.151250000000000107e+00 1.047131000000000034e+00 nan nan nan
2.153750000000000053e+00 1.048977499999999896e+00 nan nan nan
2.156250000000000000e+00 1.045233750000000184e+00 nan nan nan
2.158749999999999947e+00 1.048891750000000123e+00 nan nan nan
2.161249999999999893e+00 1.043894250000000135e+00 nan nan nan
2.163749999999999840e+00 1.055863750000000101e+00 nan nan nan
2.166249999999999787e+00 1.042101999999999862e+00 nan nan nan
2.168750000000000178e+00 1.045627749999999967e+00 nan nan nan
2.171250000000000124e+00 1.045918499999999973e+00 nan nan nan
2.173750000000000071e+00 1.040547249999999924e+00 nan nan nan
2.176250000000000018e+00 1.043003750000000007e+00 nan nan nan
2.178749999999999964e+00 1.043873000000000051e+00 nan nan nan
2.181249999999999911e+00 1.041468000000000060e+00 nan nan nan
2.183749999999999858e+00 1.043944000000000205e+00 nan nan nan
2.186249999999999805e+00 1.042734999999999967e+00 nan nan nan
2.188750000000000195e+00 1.040029000000000092e+00 nan nan nan
2.191250000000000142e+00 1.042212249999999951e+00 nan nan nan
2.193750000000000089e+00 1.035960499999999840e+00 nan nan nan
2.196250000000000036e+00 1.043040499999999815e+00 nan nan nan
2.198749999999999982e+00 1.038237249999999889e+00 nan nan nan
2.201249999999999929e+00 1.039179999999999993e+00 nan nan nan
2.203749999999999876e+00 1.039893249999999991e+00 nan nan nan
2.206249999999999822e+00 1.036845749999999899e+00 nan nan nan
2.208750000000000213e+00 1.038513500000000089e+00 nan nan nan
2.211250000000000160e+00 1.034931500000000115e+00 nan nan nan
2.213750000000000107e+00 1.035358500000000070e+00 nan nan nan
2.216250000000000053e+00 1.036266250000000166e+00 nan nan nan
2.218750000000000000e+00 1.029063749999999944e+00 nan nan nan
2.221249999999999947e+00 1.031077999999999939e+00 nan nan nan
2.223749999999999893e+00 1.031788499999999997e+00 nan nan nan
2.226249999999999840e+00 1.032204750000000004e+00 nan nan nan
2.228749999999999787e+00 1.030722249999999951e+00 nan nan nan
2.231250000000000178e+00 1.026229999999999976e+00 nan nan nan
2.233750000000000124e+00 1.027572250000000187e+00 nan nan nan
2.236250000000000071e+00 1.027125250000000101e+00 nan nan nan
2.238750000000000018e+00 1.029735250000000102e+00 nan nan nan
2.241249999999999964e+00 1.027838000000000029e+00 nan nan nan
2.243749999999999911e+00 1.026742000000000044e+00 nan nan nan
2.246249999999999858e+00 1.022076250000000019e+00 nan nan nan
2.248749999999999805e+00 1.025028999999999968e+00 nan nan nan
2.251250000000000195e+00 1.022464999999999957e+00 nan nan nan
2.253750000000000142e+00 1.024140499999999898e+00 nan nan nan
2.256250000000000089e+00 1.020960499999999938e+00 nan nan nan
2.258750000000000036e+00 1.019511500000000126e+00 nan nan nan
2.261249999999999982e+00 1.019919250000000055e+00 nan nan nan
2.263749999999999929e+00 1.025849249999999824e+00 nan nan nan
2.266249999999999876e+00 1.021228999999999942e+00 nan nan nan
2.268749999999999822e+00 1.017701500000000037e+00 nan nan nan
2.271250000000000213e+00 1.016941000000000095e+00 nan nan nan
2.273750000000000160e+00 1.018143250000000055e+00 nan nan nan
2.276250000000000107e+00 1.019865000000000022e+00 nan nan nan
2.278750000000000053e+00 1.016636749999999978e+00 nan nan nan
2.281250000000000000e+00 1.017011999999999805e+00 nan nan nan
2.283749999999999947e+00 1.021198000000000050e+00 nan nan nan
2.286249999999999893e+00 1.016940750000000060e+00 nan nan nan
2.288749999999999840e+00 1.013852749999999858e+00 nan nan nan
2.291249999999999787e+00 1.018156499999999909e+00 nan nan nan
2.293750000000000178e+00 1.011491499999999988e+00 nan nan nan
2.296250000000000124e+00 1.011050999999999922e+00 nan nan nan
2.298750000000000071e+00 1.013388500000000025e+00 nan nan nan
2.301250000000000018e+00 1.012244250000000179e+00 nan nan nan
2.303749999999999964e+00 1.015708250000000090e+00 nan nan nan
2.306249999999999911e+00 1.010154749999999879e+00 nan nan nan
2.308749999999999858e+00 1.014903499999999958e+00 nan nan nan
2.311249999999999805e+00 1.004967750000000049e+00 nan nan nan
2.313750000000000195e+00 1.011953000000000102e+00 nan nan nan
2.316250000000000142e+00 1.004419500000000021e+00 nan nan nan
2.318750000000000089e+00 1.011288749999999848e+00 nan nan nan
2.321250000000000036e+00 1.009099500000000038e+00 nan nan nan
2.323749999999999982e+00 1.007518249999999949e+00 nan nan nan
2.326249999999999929e+00 1.004596250000000079e+00 nan nan nan
2.328749999999999876e+00 1.002633749999999990e+00 nan nan nan
2.331249999999999822e+00 1.005988249999999917e+00 nan nan nan
2.333750000000000213e+00 1.006221000000000032e+00 nan nan nan
2.336250000000000160e+00 1.004884000000000110e+00 nan nan nan
2.338750000000000107e+00 1.000848250000000217e+00 nan nan nan
2.341250000000000053e+00 1.003217749999999908e+00 nan nan nan
2.343750000000000000e+00 9.998692499999999317e-01 nan nan nan
2.346249999999999947e+00 1.004420500000000160e+00 nan nan nan
2.348749999999999893e+00 1.000606749999999989e+00 nan nan nan
2.351249999999999840e+00 1.000584499999999988e+00 nan nan nan
2.353749999999999787e+00 1.001570000000000071e+00 nan nan nan
2.356250000000000178e+00 9.983462499999999906e-01 nan nan nan
2.358750000000000124e+00 9.990419999999999856e-01 nan nan nan
2.361250000000000071e+00 9.985414999999999708e-01 nan nan nan
2.363750000000000018e+00 9.999745000000000994e-01 nan nan nan
2.366249999999999964e+00 9.945300000000000251e-01 nan nan nan
2.368749999999999911e+00 9.934632500000001309e-01 nan nan nan
2.371249999999999858e+00 9.934834999999999638e-01 nan nan nan
2.373749999999999805e+00 9.956117500000000176e-01 nan nan nan
2.376250000000000195e+00 9.963494999999999990e-01 nan nan nan
2.378750000000000142e+00 9.957785000000000108e-01 nan nan nan
2.381250000000000089e+00 9.922315000000000440e-01 nan nan nan
2.383750000000000036e+00 9.927190000000000181e-01 nan nan nan
2.386249999999999982e+00 9.902495000000000047e-01 nan nan nan
2.388749999999999929e+00 9.898545000000000815e-01 nan nan nan
2.391249999999999876e+00 9.902482499999999410e-01 nan nan nan
2.393749999999999822e+00 9.917205000000000048e-01 nan nan nan
2.396250000000000213e+00 9.895412500000000389e-01 nan nan nan
2.398750000000000160e+00 9.914407499999999818e-01 nan nan nan
2.401250000000000107e+00 9.862789999999999058e-01 nan nan nan
2.403750000000000053e+00 9.875624999999998987e-01 nan nan nan
2.406250000000000000e+00 9.886297499999998628e-01 nan nan nan
2.408749999999999947e+00 9.863047500000000634e-01 nan nan nan
2.411249999999999893e+00 9.864037500000000236e-01 nan nan nan
2.413749999999999840e+00 9.892502499999999976e-01 nan nan nan
2.416249999999999787e+00 9.873782500000000129e-01 nan nan nan
2.418750000000000178e+00 9.858649999999999913e-01 nan nan nan
2.421250000000000124e+00 9.867364999999999053e-01 nan nan nan
2.423750000000000071e+00 9.820022499999999654e-01 nan nan nan
2.426250000000000018e+00 9.873450000000000282e-01 nan nan nan
2.428749999999999964e+00 9.832814999999999195e-01 nan nan nan
2.431249999999999911e+00 9.853367499999998724e-01 nan nan nan
2.433749999999999858e+00 9.793047499999999461e-01 nan nan nan
2.436249999999999805e+00 9.867055000000000131e-01 nan nan nan
2.438750000000000195e+00 9.815570000000000128e-01 nan nan nan
2.441250000000000142e+00 9.859692500000000193e-01 nan nan nan
2.443750000000000089e+00 9.789550000000000196e-01 nan nan nan
2.446250000000000036e+00 9.797757499999999453e-01 nan nan nan
2.448749999999999982e+00 9.806865000000000165e-01 nan nan nan
2.451249999999999929e+00 9.795812500000000700e-01 nan nan nan
2.453749999999999876e+00 9.807010000000000449e-01 nan nan nan
2.456249999999999822e+00 9.749332500000000845e-01 nan nan nan
2.458750000000000213e+00 9.795714999999999284e-01 nan nan nan
2.461250000000000160e+00 9.811557499999999932e-01 nan nan nan
2.463750000000000107e+00 9.817895000000000927e-01 nan nan nan
2.466250000000000053e+00 9.752324999999999466e-01 nan nan nan
2.468750000000000000e+00 9.772062500000000540e-01 nan nan nan
2.471249999999999947e+00 9.822512499999999092e-01 nan nan nan
2.473749999999999893e+00 9.762882499999999686e-01 nan nan nan
2.476249999999999840e+00 9.799375000000001279e-01 nan nan nan
2.478749999999999787e+00 9.767869999999999608e-01 nan nan nan
2.481250000000000178e+00 9.767305000000000570e-01 nan nan nan
2.483750000000000124e+00 9.736622500000000624e-01 nan nan nan
2.486250000000000071e+00 9.743382500000000723e-01 nan nan nan
2.488750000000000018e+00 9.743522500000000308e-01 nan nan nan
2.491249999999999964e+00 9.759780000000000122e-01 nan nan nan
2.493749999999999911e+00 9.744412500000000366e-01 nan nan nan
2.496249999999999858e+00 9.784537500000000110e-01 nan nan nan
2.498749999999999805e+00 9.723627500000000534e-01 nan nan nan
