1.250000000000000026e-03 0.000000000000000000e+00 nan nan nan
3.749999999999999861e-03 0.000000000000000000e+00 nan nan nan
6.250000000000000347e-03 0.000000000000000000e+00 nan nan nan
8.750000000000000833e-03 0.000000000000000000e+00 nan nan nan
1.124999999999999958e-02 0.000000000000000000e+00 nan nan nan
1.375000000000000007e-02 0.000000000000000000e+00 nan nan nan
1.625000000000000056e-02 0.000000000000000000e+00 nan nan nan
1.874999999999999931e-02 0.000000000000000000e+00 nan nan nan
2.125000000000000153e-02 0.000000000000000000e+00 nan nan nan
2.375000000000000028e-02 0.000000000000000000e+00 nan nan nan
2.624999999999999903e-02 0.000000000000000000e+00 nan nan nan
2.875000000000000125e-02 0.000000000000000000e+00 nan nan nan
3.125000000000000000e-02 0.000000000000000000e+00 nan nan nan
3.375000000000000222e-02 0.000000000000000000e+00 nan nan nan
3.624999999999999750e-02 0.000000000000000000e+00 nan nan nan
3.874999999999999972e-02 0.000000000000000000e+00 nan nan nan
4.125000000000000194e-02 0.000000000000000000e+00 nan nan nan
4.374999999999999722e-02 0.000000000000000000e+00 nan nan nan
4.624999999999999944e-02 0.000000000000000000e+00 nan nan nan
4.875000000000000167e-02 0.000000000000000000e+00 nan nan nan
5.124999999999999695e-02 0.000000000000000000e+00 nan nan nan
5.374999999999999917e-02 0.000000000000000000e+00 nan nan nan
5.625000000000000139e-02 0.000000000000000000e+00 nan nan nan
5.874999999999999667e-02 0.000000000000000000e+00 nan nan nan
6.124999999999999889e-02 0.000000000000000000e+00 nan nan nan
6.375000000000000111e-02 0.000000000000000000e+00 nan nan nan
6.625000000000000333e-02 0.000000000000000000e+00 nan nan nan
6.875000000000000555e-02 0.000000000000000000e+00 nan nan nan
7.124999999999999389e-02 0.000000000000000000e+00 nan nan nan
7.374999999999999611e-02 0.000000000000000000e+00 nan nan nan
7.624999999999999833e-02 0.000000000000000000e+00 nan nan nan
7.875000000000000056e-02 0.000000000000000000e+00 nan nan nan
8.125000000000000278e-02 0.000000000000000000e+00 nan nan nan
8.375000000000000500e-02 0.000000000000000000e+00 nan nan nan
8.624999999999999334e-02 0.000000000000000000e+00 nan nan nan
8.874999999999999556e-02 0.000000000000000000e+00 nan nan nan
9.124999999999999778e-02 0.000000000000000000e+00 nan nan nan
9.375000000000000000e-02 0.000000000000000000e+00 nan nan nan
9.625000000000000222e-02 0.000000000000000000e+00 nan nan nan
9.875000000000000444e-02 0.000000000000000000e+00 nan nan nan
1.012500000000000067e-01 0.000000000000000000e+00 nan nan nan
1.037499999999999950e-01 0.000000000000000000e+00 nan nan nan
1.062499999999999972e-01 0.000000000000000000e+00 nan nan nan
1.087499999999999994e-01 0.000000000000000000e+00 nan nan nan
1.112500000000000017e-01 0.000000000000000000e+00 nan nan nan
1.137500000000000039e-01 0.000000000000000000e+00 nan nan nan
1.162500000000000061e-01 0.000000000000000000e+00 nan nan nan
1.187499999999999944e-01 0.000000000000000000e+00 nan nan nan
1.212499999999999967e-01 0.000000000000000000e+00 nan nan nan
1.237499999999999989e-01 0.000000000000000000e+00 nan nan nan
1.262500000000000011e-01 0.000000000000000000e+00 nan nan nan
1.287500000000000033e-01 0.000000000000000000e+00 nan nan nan
1.312500000000000056e-01 0.000000000000000000e+00 nan nan nan
1.337500000000000078e-01 0.000000000000000000e+00 nan nan nan
1.362500000000000100e-01 0.000000000000000000e+00 nan nan nan
1.387500000000000122e-01 0.000000000000000000e+00 nan nan nan
1.412499999999999867e-01 0.000000000000000000e+00 nan nan nan
1.437499999999999889e-01 0.000000000000000000e+00 nan nan nan
1.462499999999999911e-01 0.000000000000000000e+00 nan nan nan
1.487499999999999933e-01 0.000000000000000000e+00 nan nan nan
1.512499999999999956e-01 0.000000000000000000e+00 nan nan nan
1.537499999999999978e-01 0.000000000000000000e+00 nan nan nan
1.562500000000000000e-01 0.000000000000000000e+00 nan nan nan
1.587500000000000022e-01 0.000000000000000000e+00 nan nan nan
1.612500000000000044e-01 0.000000000000000000e+00 nan nan nan
1.637500000000000067e-01 0.000000000000000000e+00 nan nan nan
1.662500000000000089e-01 0.000000000000000000e+00 nan nan nan
1.687500000000000111e-01 0.000000000000000000e+00 nan nan nan
1.712500000000000133e-01 0.000000000000000000e+00 nan nan nan
1.737499999999999878e-01 0.000000000000000000e+00 nan nan nan
1.762499999999999900e-01 0.000000000000000000e+00 nan nan nan
1.787499999999999922e-01 0.000000000000000000e+00 nan nan nan
1.812499999999999944e-01 0.000000000000000000e+00 nan nan nan
1.837499999999999967e-01 0.000000000000000000e+00 nan nan nan
1.862499999999999989e-01 0.000000000000000000e+00 nan nan nan
1.887500000000000011e-01 0.000000000000000000e+00 nan nan nan
1.912500000000000033e-01 0.000000000000000000e+00 nan nan nan
1.937500000000000056e-01 0.000000000000000000e+00 nan nan nan
1.962500000000000078e-01 0.000000000000000000e+00 nan nan nan
1.987500000000000100e-01 0.000000000000000000e+00 nan nan nan
2.012500000000000122e-01 0.000000000000000000e+00 nan nan nan
2.037499999999999867e-01 0.000000000000000000e+00 nan nan nan
2.062499999999999889e-01 0.000000000000000000e+00 nan nan nan
2.087499999999999911e-01 0.000000000000000000e+00 nan nan nan
2.112499999999999933e-01 0.000000000000000000e+00 nan nan nan
2.137499999999999956e-01 0.000000000000000000e+00 nan nan nan
2.162499999999999978e-01 0.000000000000000000e+00 nan nan nan
2.187500000000000000e-01 0.000000000000000000e+00 nan nan nan
2.212500000000000022e-01 0.000000000000000000e+00 nan nan nan
2.237500000000000044e-01 0.000000000000000000e+00 nan nan nan
2.262500000000000067e-01 0.000000000000000000e+00 nan nan nan
2.287500000000000089e-01 0.000000000000000000e+00 nan nan nan
2.312500000000000111e-01 0.000000000000000000e+00 nan nan nan
2.337500000000000133e-01 0.000000000000000000e+00 nan nan nan
2.362499999999999878e-01 0.000000000000000000e+00 nan nan nan
2.387499999999999900e-01 0.000000000000000000e+00 nan nan nan
2.412499999999999922e-01 0.000000000000000000e+00 nan nan nan
2.437499999999999944e-01 0.000000000000000000e+00 nan nan nan
2.462499999999999967e-01 0.000000000000000000e+00 nan nan nan
2.487499999999999989e-01 0.000000000000000000e+00 nan nan nan
2.512499999999999734e-01 0.000000000000000000e+00 nan nan nan
2.537499999999999756e-01 0.000000000000000000e+00 nan nan nan
2.562499999999999778e-01 0.000000000000000000e+00 nan nan nan
2.587499999999999800e-01 0.000000000000000000e+00 nan nan nan
2.612499999999999822e-01 0.000000000000000000e+00 nan nan nan
2.637499999999999845e-01 0.000000000000000000e+00 nan nan nan
2.662499999999999867e-01 0.000000000000000000e+00 nan nan nan
2.687499999999999889e-01 0.000000000000000000e+00 nan nan nan
2.712499999999999911e-01 0.000000000000000000e+00 nan nan nan
2.737499999999999933e-01 0.000000000000000000e+00 nan nan nan
2.762499999999999956e-01 0.000000000000000000e+00 nan nan nan
2.787499999999999978e-01 0.000000000000000000e+00 nan nan nan
2.812500000000000000e-01 0.000000000000000000e+00 nan nan nan
2.837500000000000022e-01 0.000000000000000000e+00 nan nan nan
2.862500000000000044e-01 0.000000000000000000e+00 nan nan nan
2.887500000000000067e-01 0.000000000000000000e+00 nan nan nan
2.912500000000000089e-01 0.000000000000000000e+00 nan nan nan
2.937500000000000111e-01 0.000000000000000000e+00 nan nan nan
2.962500000000000133e-01 0.000000000000000000e+00 nan nan nan
2.987500000000000155e-01 0.000000000000000000e+00 nan nan nan
3.012500000000000178e-01 0.000000000000000000e+00 nan nan nan
3.037500000000000200e-01 0.000000000000000000e+00 nan nan nan
3.062500000000000222e-01 0.000000000000000000e+00 nan nan nan
3.087500000000000244e-01 0.000000000000000000e+00 nan nan nan
3.112500000000000266e-01 0.000000000000000000e+00 nan nan nan
3.137499999999999734e-01 0.000000000000000000e+00 nan nan nan
3.162499999999999756e-01 0.000000000000000000e+00 nan nan nan
3.187499999999999778e-01 0.000000000000000000e+00 nan nan nan
3.212499999999999800e-01 0.000000000000000000e+00 nan nan nan
3.237499999999999822e-01 0.000000000000000000e+00 nan nan nan
3.262499999999999845e-01 0.000000000000000000e+00 nan nan nan
3.287499999999999867e-01 0.000000000000000000e+00 nan nan nan
3.312499999999999889e-01 0.000000000000000000e+00 nan nan nan
3.337499999999999911e-01 0.000000000000000000e+00 nan nan nan
3.362499999999999933e-01 0.000000000000000000e+00 nan nan nan
3.387499999999999956e-01 0.000000000000000000e+00 nan nan nan
3.412499999999999978e-01 0.000000000000000000e+00 nan nan nan
3.437500000000000000e-01 0.000000000000000000e+00 nan nan nan
3.462500000000000022e-01 0.000000000000000000e+00 nan nan nan
3.487500000000000044e-01 0.000000000000000000e+00 nan nan nan
3.512500000000000067e-01 0.000000000000000000e+00 nan nan nan
3.537500000000000089e-01 0.000000000000000000e+00 nan nan nan
3.562500000000000111e-01 0.000000000000000000e+00 nan nan nan
3.587500000000000133e-01 0.000000000000000000e+00 nan nan nan
3.612500000000000155e-01 0.000000000000000000e+00 nan nan nan
3.637500000000000178e-01 0.000000000000000000e+00 nan nan nan
3.662500000000000200e-01 0.000000000000000000e+00 nan nan nan
3.687500000000000222e-01 0.000000000000000000e+00 nan nan nan
3.712500000000000244e-01 0.000000000000000000e+00 nan nan nan
3.737500000000000266e-01 0.000000000000000000e+00 nan nan nan
3.762499999999999734e-01 0.000000000000000000e+00 nan nan nan
3.787499999999999756e-01 0.000000000000000000e+00 nan nan nan
3.812499999999999778e-01 0.000000000000000000e+00 nan nan nan
3.837499999999999800e-01 0.000000000000000000e+00 nan nan nan
3.862499999999999822e-01 0.000000000000000000e+00 nan nan nan
3.887499999999999845e-01 0.000000000000000000e+00 nan nan nan
3.912499999999999867e-01 0.000000000000000000e+00 nan nan nan
3.937499999999999889e-01 0.000000000000000000e+00 nan nan nan
3.962499999999999911e-01 0.000000000000000000e+00 nan nan nan
3.987499999999999933e-01 0.000000000000000000e+00 nan nan nan
4.012499999999999956e-01 0.000000000000000000e+00 nan nan nan
4.037499999999999978e-01 0.000000000000000000e+00 nan nan nan
4.062500000000000000e-01 0.000000000000000000e+00 nan nan nan
4.087500000000000022e-01 0.000000000000000000e+00 nan nan nan
4.112500000000000044e-01 0.000000000000000000e+00 nan nan nan
4.137500000000000067e-01 0.000000000000000000e+00 nan nan nan
4.162500000000000089e-01 0.000000000000000000e+00 nan nan nan
4.187500000000000111e-01 0.000000000000000000e+00 nan nan nan
4.212500000000000133e-01 0.000000000000000000e+00 nan nan nan
4.237500000000000155e-01 0.000000000000000000e+00 nan nan nan
4.262500000000000178e-01 0.000000000000000000e+00 nan nan nan
4.287500000000000200e-01 0.000000000000000000e+00 nan nan nan
4.312500000000000222e-01 0.000000000000000000e+00 nan nan nan
4.337500000000000244e-01 0.000000000000000000e+00 nan nan nan
4.362500000000000266e-01 0.000000000000000000e+00 nan nan nan
4.387499999999999734e-01 0.000000000000000000e+00 nan nan nan
4.412499999999999756e-01 0.000000000000000000e+00 nan nan nan
4.437499999999999778e-01 0.000000000000000000e+00 nan nan nan
4.462499999999999800e-01 0.000000000000000000e+00 nan nan nan
4.487499999999999822e-01 0.000000000000000000e+00 nan nan nan
4.512499999999999845e-01 0.000000000000000000e+00 nan nan nan
4.537499999999999867e-01 0.000000000000000000e+00 nan nan nan
4.562499999999999889e-01 0.000000000000000000e+00 nan nan nan
4.587499999999999911e-01 0.000000000000000000e+00 nan nan nan
4.612499999999999933e-01 0.000000000000000000e+00 nan nan nan
4.637499999999999956e-01 0.000000000000000000e+00 nan nan nan
4.662499999999999978e-01 0.000000000000000000e+00 nan nan nan
4.687500000000000000e-01 0.000000000000000000e+00 nan nan nan
4.712500000000000022e-01 0.000000000000000000e+00 nan nan nan
4.737500000000000044e-01 0.000000000000000000e+00 nan nan nan
4.762500000000000067e-01 0.000000000000000000e+00 nan nan nan
4.787500000000000089e-01 0.000000000000000000e+00 nan nan nan
4.812500000000000111e-01 0.000000000000000000e+00 nan nan nan
4.837500000000000133e-01 0.000000000000000000e+00 nan nan nan
4.862500000000000155e-01 0.000000000000000000e+00 nan nan nan
4.887500000000000178e-01 0.000000000000000000e+00 nan nan nan
4.912500000000000200e-01 0.000000000000000000e+00 nan nan nan
4.937500000000000222e-01 0.000000000000000000e+00 nan nan nan
4.962500000000000244e-01 0.000000000000000000e+00 nan nan nan
4.987500000000000266e-01 0.000000000000000000e+00 nan nan nan
5.012499999999999734e-01 0.000000000000000000e+00 nan nan nan
5.037500000000000311e-01 0.000000000000000000e+00 nan nan nan
5.062499999999999778e-01 0.000000000000000000e+00 nan nan nan
5.087500000000000355e-01 0.000000000000000000e+00 nan nan nan
5.112499999999999822e-01 0.000000000000000000e+00 nan nan nan
5.137500000000000400e-01 0.000000000000000000e+00 nan nan nan
5.162499999999999867e-01 0.000000000000000000e+00 nan nan nan
5.187500000000000444e-01 0.000000000000000000e+00 nan nan nan
5.212499999999999911e-01 0.000000000000000000e+00 nan nan nan
5.237500000000000488e-01 0.000000000000000000e+00 nan nan nan
5.262499999999999956e-01 0.000000000000000000e+00 nan nan nan
5.287500000000000533e-01 0.000000000000000000e+00 nan nan nan
5.312500000000000000e-01 0.000000000000000000e+00 nan nan nan
5.337499999999999467e-01 0.000000000000000000e+00 nan nan nan
5.362500000000000044e-01 0.000000000000000000e+00 nan nan nan
5.387499999999999512e-01 0.000000000000000000e+00 nan nan nan
5.412500000000000089e-01 0.000000000000000000e+00 nan nan nan
5.437499999999999556e-01 0.000000000000000000e+00 nan nan nan
5.462500000000000133e-01 0.000000000000000000e+00 nan nan nan
5.487499999999999600e-01 0.000000000000000000e+00 nan nan nan
5.512500000000000178e-01 0.000000000000000000e+00 nan nan nan
5.537499999999999645e-01 0.000000000000000000e+00 nan nan nan
5.562500000000000222e-01 0.000000000000000000e+00 nan nan nan
5.587499999999999689e-01 0.000000000000000000e+00 nan nan nan
5.612500000000000266e-01 0.000000000000000000e+00 nan nan nan
5.637499999999999734e-01 0.000000000000000000e+00 nan nan nan
5.662500000000000311e-01 0.000000000000000000e+00 nan nan nan
5.687499999999999778e-01 0.000000000000000000e+00 nan nan nan
5.712500000000000355e-01 0.000000000000000000e+00 nan nan nan
5.737499999999999822e-01 0.000000000000000000e+00 nan nan nan
5.762500000000000400e-01 0.000000000000000000e+00 nan nan nan
5.787499999999999867e-01 0.000000000000000000e+00 nan nan nan
5.812500000000000444e-01 0.000000000000000000e+00 nan nan nan
5.837499999999999911e-01 0.000000000000000000e+00 nan nan nan
5.862500000000000488e-01 0.000000000000000000e+00 nan nan nan
5.887499999999999956e-01 0.000000000000000000e+00 nan nan nan
5.912500000000000533e-01 0.000000000000000000e+00 nan nan nan
5.937500000000000000e-01 0.000000000000000000e+00 nan nan nan
5.962499999999999467e-01 0.000000000000000000e+00 nan nan nan
5.987500000000000044e-01 0.000000000000000000e+00 nan nan nan
6.012499999999999512e-01 0.000000000000000000e+00 nan nan nan
6.037500000000000089e-01 0.000000000000000000e+00 nan nan nan
6.062499999999999556e-01 0.000000000000000000e+00 nan nan nan
6.087500000000000133e-01 0.000000000000000000e+00 nan nan nan
6.112499999999999600e-01 0.000000000000000000e+00 nan nan nan
6.137500000000000178e-01 0.000000000000000000e+00 nan nan nan
6.162499999999999645e-01 0.000000000000000000e+00 nan nan nan
6.187500000000000222e-01 0.000000000000000000e+00 nan nan nan
6.212499999999999689e-01 0.000000000000000000e+00 nan nan nan
6.237500000000000266e-01 0.000000000000000000e+00 nan nan nan
6.262499999999999734e-01 0.000000000000000000e+00 nan nan nan
6.287500000000000311e-01 0.000000000000000000e+00 nan nan nan
6.312499999999999778e-01 0.000000000000000000e+00 nan nan nan
6.337500000000000355e-01 0.000000000000000000e+00 nan nan nan
6.362499999999999822e-01 0.000000000000000000e+00 nan nan nan
6.387500000000000400e-01 0.000000000000000000e+00 nan nan nan
6.412499999999999867e-01 0.000000000000000000e+00 nan nan nan
6.437500000000000444e-01 0.000000000000000000e+00 nan nan nan
6.462499999999999911e-01 0.000000000000000000e+00 nan nan nan
6.487500000000000488e-01 0.000000000000000000e+00 nan nan nan
6.512499999999999956e-01 0.000000000000000000e+00 nan nan nan
6.537500000000000533e-01 0.000000000000000000e+00 nan nan nan
6.562500000000000000e-01 0.000000000000000000e+00 nan nan nan
6.587499999999999467e-01 0.000000000000000000e+00 nan nan nan
6.612500000000000044e-01 0.000000000000000000e+00 nan nan nan
6.637499999999999512e-01 0.000000000000000000e+00 nan nan nan
6.662500000000000089e-01 0.000000000000000000e+00 nan nan nan
6.687499999999999556e-01 0.000000000000000000e+00 nan nan nan
6.712500000000000133e-01 0.000000000000000000e+00 nan nan nan
6.737499999999999600e-01 0.000000000000000000e+00 nan nan nan
6.762500000000000178e-01 0.000000000000000000e+00 nan nan nan
6.787499999999999645e-01 0.000000000000000000e+00 nan nan nan
6.812500000000000222e-01 0.000000000000000000e+00 nan nan nan
6.837499999999999689e-01 0.000000000000000000e+00 nan nan nan
6.862500000000000266e-01 0.000000000000000000e+00 nan nan nan
6.887499999999999734e-01 0.000000000000000000e+00 nan nan nan
6.912500000000000311e-01 0.000000000000000000e+00 nan nan nan
6.937499999999999778e-01 0.000000000000000000e+00 nan nan nan
6.962500000000000355e-01 0.000000000000000000e+00 nan nan nan
6.987499999999999822e-01 0.000000000000000000e+00 nan nan nan
7.012500000000000400e-01 0.000000000000000000e+00 nan nan nan
7.037499999999999867e-01 0.000000000000000000e+00 nan nan nan
7.062500000000000444e-01 0.000000000000000000e+00 nan nan nan
7.087499999999999911e-01 0.000000000000000000e+00 nan nan nan
7.112500000000000488e-01 0.000000000000000000e+00 nan nan nan
7.137499999999999956e-01 0.000000000000000000e+00 nan nan nan
7.162500000000000533e-01 0.000000000000000000e+00 nan nan nan
7.187500000000000000e-01 0.000000000000000000e+00 nan nan nan
7.212499999999999467e-01 0.000000000000000000e+00 nan nan nan
7.237500000000000044e-01 0.000000000000000000e+00 nan nan nan
7.262499999999999512e-01 0.000000000000000000e+00 nan nan nan
7.287500000000000089e-01 0.000000000000000000e+00 nan nan nan
7.312499999999999556e-01 0.000000000000000000e+00 nan nan nan
7.337500000000000133e-01 0.000000000000000000e+00 nan nan nan
7.362499999999999600e-01 0.000000000000000000e+00 nan nan nan
7.387500000000000178e-01 0.000000000000000000e+00 nan nan nan
7.412499999999999645e-01 0.000000000000000000e+00 nan nan nan
7.437500000000000222e-01 5.750000000000000174e-05 nan nan nan
7.462499999999999689e-01 0.000000000000000000e+00 nan nan nan
7.487500000000000266e-01 0.000000000000000000e+00 nan nan nan
7.512499999999999734e-01 1.687500000000000089e-04 nan nan nan
7.537500000000000311e-01 1.119999999999999983e-04 nan nan nan
7.562499999999999778e-01 3.892499999999999476e-04 nan nan nan
7.587500000000000355e-01 2.762500000000000198e-04 nan nan nan
7.612499999999999822e-01 9.325000000000001690e-04 nan nan nan
7.637500000000000400e-01 8.719999999999999453e-04 nan nan nan
7.662499999999999867e-01 1.137250000000000023e-03 nan nan nan
7.687500000000000444e-01 1.344750000000000025e-03 nan nan nan
7.712499999999999911e-01 2.404749999999999770e-03 nan nan nan
7.737500000000000488e-01 3.344999999999999883e-03 nan nan nan
7.762499999999999956e-01 4.958500000000000234e-03 nan nan nan
7.787500000000000533e-01 6.184999999999999526e-03 nan nan nan
7.812500000000000000e-01 7.707999999999999574e-03 nan nan nan
7.837499999999999467e-01 9.004500000000000351e-03 nan nan nan
7.862500000000000044e-01 1.208374999999999901e-02 nan nan nan
7.887499999999999512e-01 1.558375000000000038e-02 nan nan nan
7.912500000000000089e-01 2.091799999999999909e-02 nan nan nan
7.937499999999999556e-01 2.441924999999999998e-02 nan nan nan
7.962500000000000133e-01 2.957999999999999866e-02 nan nan nan
7.987499999999999600e-01 3.617150000000000226e-02 nan nan nan
8.012500000000000178e-01 4.500674999999999815e-02 nan nan nan
8.037499999999999645e-01 5.348549999999999832e-02 nan nan nan
8.062500000000000222e-01 6.180975000000000358e-02 nan nan nan
8.087499999999999689e-01 7.299475000000001101e-02 nan nan nan
8.112500000000000266e-01 8.529649999999999732e-02 nan nan nan
8.137499999999999734e-01 9.682199999999999140e-02 nan nan nan
8.162500000000000311e-01 1.082045000000000090e-01 nan nan nan
8.187499999999999778e-01 1.331032500000000063e-01 nan nan nan
8.212500000000000355e-01 1.494965000000000044e-01 nan nan nan
8.237499999999999822e-01 1.596930000000000016e-01 nan nan nan
8.262500000000000400e-01 1.850819999999999965e-01 nan nan nan
8.287499999999999867e-01 2.017387499999999945e-01 nan nan nan
8.312500000000000444e-01 2.242645000000000055e-01 nan nan nan
8.337499999999999911e-01 2.581319999999999726e-01 nan nan nan
8.362500000000000488e-01 2.747269999999999435e-01 nan nan nan
8.387499999999999956e-01 3.057599999999999763e-01 nan nan nan
8.412500000000000533e-01 3.394737500000000185e-01 nan nan nan
8.437500000000000000e-01 3.668449999999999767e-01 nan nan nan
8.462499999999999467e-01 3.945969999999999756e-01 nan nan nan
8.487500000000000044e-01 4.282825000000000104e-01 nan nan nan
8.512499999999999512e-01 4.581004999999999661e-01 nan nan nan
8.537500000000000089e-01 4.927079999999999793e-01 nan nan nan
8.562499999999999556e-01 5.283352499999999230e-01 nan nan nan
8.587500000000000133e-01 5.622032499999999322e-01 nan nan nan
8.612499999999999600e-01 5.845707499999999168e-01 nan nan nan
8.637500000000000178e-01 6.325749999999999984e-01 nan nan nan
8.662499999999999645e-01 6.734925000000000495e-01 nan nan nan
8.687500000000000222e-01 6.963242499999999779e-01 nan nan nan
8.712499999999999689e-01 7.490337499999999427e-01 nan nan nan
8.737500000000000266e-01 7.711927499999999824e-01 nan nan nan
8.762499999999999734e-01 8.102264999999999606e-01 nan nan nan
8.787500000000000311e-01 8.534142499999999298e-01 nan nan nan
8.812499999999999778e-01 8.852942499999999493e-01 nan nan nan
8.837500000000000355e-01 9.181025000000000436e-01 nan nan nan
8.862499999999999822e-01 9.486655000000000504e-01 nan nan nan
8.887500000000000400e-01 9.934787500000000771e-01 nan nan nan
8.912499999999999867e-01 1.031692250000000088e+00 nan nan nan
8.937500000000000444e-01 1.071134499999999878e+00 nan nan nan
8.962499999999999911e-01 1.108973749999999869e+00 nan nan nan
8.987500000000000488e-01 1.119577000000000044e+00 nan nan nan
9.012499999999999956e-01 1.159709499999999949e+00 nan nan nan
9.037500000000000533e-01 1.197747000000000117e+00 nan nan nan
9.062500000000000000e-01 1.227606500000000045e+00 nan nan nan
9.087499999999999467e-01 1.258814000000000100e+00 nan nan nan
9.112500000000000044e-01 1.285947249999999986e+00 nan nan nan
9.137499999999999512e-01 1.298831749999999952e+00 nan nan nan
9.162500000000000089e-01 1.317311500000000191e+00 nan nan nan
9.187499999999999556e-01 1.375375500000000084e+00 nan nan nan
9.212500000000000133e-01 1.396760250000000259e+00 nan nan nan
9.237499999999999600e-01 1.417744250000000150e+00 nan nan nan
9.262500000000000178e-01 1.433369250000000150e+00 nan nan nan
9.287499999999999645e-01 1.454885999999999902e+00 nan nan nan
9.312500000000000222e-01 1.477177750000000067e+00 nan nan nan
9.337499999999999689e-01 1.483825249999999984e+00 nan nan nan
9.362500000000000266e-01 1.511485500000000037e+00 nan nan nan
9.387499999999999734e-01 1.529343749999999780e+00 nan nan nan
9.412500000000000311e-01 1.545197999999999849e+00 nan nan nan
9.437499999999999778e-01 1.564895499999999995e+00 nan nan nan
9.462500000000000355e-01 1.571441499999999936e+00 nan nan nan
9.487499999999999822e-01 1.596295249999999832e+00 nan nan nan
9.512500000000000400e-01 1.615666999999999964e+00 nan nan nan
9.537499999999999867e-01 1.627091500000000135e+00 nan nan nan
9.562500000000000444e-01 1.636845000000000105e+00 nan nan nan
9.587499999999999911e-01 1.644711500000000104e+00 nan nan nan
9.612500000000000488e-01 1.651235000000000008e+00 nan nan nan
9.637499999999999956e-01 1.677964000000000011e+00 nan nan nan
9.662500000000000533e-01 1.665887249999999931e+00 nan nan nan
9.687500000000000000e-01 1.677555499999999977e+00 nan nan nan
9.712499999999999467e-01 1.672872750000000241e+00 nan nan nan
9.737500000000000044e-01 1.673077500000000217e+00 nan nan nan
9.762499999999999512e-01 1.679328000000000154e+00 nan nan nan
9.787500000000000089e-01 1.681212250000000186e+00 nan nan nan
9.812499999999999556e-01 1.701576250000000012e+00 nan nan nan
9.837500000000000133e-01 1.705617249999999974e+00 nan nan nan
9.862499999999999600e-01 1.686131750000000151e+00 nan nan nan
9.887500000000000178e-01 1.715072500000000000e+00 nan nan nan
9.912499999999999645e-01 1.710346999999999840e+00 nan nan nan
9.937500000000000222e-01 1.704488250000000038e+00 nan nan nan
9.962499999999999689e-01 1.707057749999999929e+00 nan nan nan
9.987500000000000266e-01 1.695622500000000255e+00 nan nan nan
1.001249999999999973e+00 1.705619500000000066e+00 nan nan nan
1.003749999999999920e+00 1.706062499999999815e+00 nan nan nan
1.006250000000000089e+00 1.689841249999999739e+00 nan nan nan
1.008750000000000036e+00 1.693721250000000067e+00 nan nan nan
1.011249999999999982e+00 1.700961249999999758e+00 nan nan nan
1.013749999999999929e+00 1.685777250000000116e+00 nan nan nan
1.016250000000000098e+00 1.693805999999999923e+00 nan nan nan
1.018750000000000044e+00 1.684309000000000056e+00 nan nan nan
1.021249999999999991e+00 1.686373750000000005e+00 nan nan nan
1.023749999999999938e+00 1.674144250000000111e+00 nan nan nan
1.026250000000000107e+00 1.669166750000000032e+00 nan nan nan
1.028750000000000053e+00 1.651633249999999942e+00 nan nan nan
1.031250000000000000e+00 1.676573249999999904e+00 nan nan nan
1.033749999999999947e+00 1.656308000000000114e+00 nan nan nan
1.036249999999999893e+00 1.648325500000000110e+00 nan nan nan
1.038750000000000062e+00 1.645526749999999927e+00 nan nan nan
1.041250000000000009e+00 1.647016499999999883e+00 nan nan nan
1.043749999999999956e+00 1.629186750000000128e+00 nan nan nan
1.046249999999999902e+00 1.627072500000000144e+00 nan nan nan
1.048750000000000071e+00 1.608862749999999897e+00 nan nan nan
1.051250000000000018e+00 1.626703749999999893e+00 nan nan nan
1.053749999999999964e+00 1.603679000000000077e+00 nan nan nan
1.056249999999999911e+00 1.597464250000000030e+00 nan nan nan
1.058750000000000080e+00 1.587377000000000038e+00 nan nan nan
1.061250000000000027e+00 1.586511250000000040e+00 nan nan nan
1.063749999999999973e+00 1.566505999999999954e+00 nan nan nan
1.066249999999999920e+00 1.561293749999999925e+00 nan nan nan
1.068750000000000089e+00 1.552662250000000022e+00 nan nan nan
1.071250000000000036e+00 1.541905999999999999e+00 nan nan nan
1.073749999999999982e+00 1.556762749999999862e+00 nan nan nan
1.076249999999999929e+00 1.539961749999999796e+00 nan nan nan
1.078750000000000098e+00 1.528488999999999987e+00 nan nan nan
1.081250000000000044e+00 1.532359000000000027e+00 nan nan nan
1.083749999999999991e+00 1.522672500000000095e+00 nan nan nan
1.086249999999999938e+00 1.515941250000000018e+00 nan nan nan
1.088750000000000107e+00 1.502202749999999920e+00 nan nan nan
1.091250000000000053e+00 1.485985249999999924e+00 nan nan nan
1.093750000000000000e+00 1.488287249999999950e+00 nan nan nan
1.096249999999999947e+00 1.470873749999999980e+00 nan nan nan
1.098749999999999893e+00 1.465926000000000062e+00 nan nan nan
1.101250000000000062e+00 1.465961250000000105e+00 nan nan nan
1.103750000000000009e+00 1.448682499999999873e+00 nan nan nan
1.106249999999999956e+00 1.438116500000000020e+00 nan nan nan
1.108749999999999902e+00 1.433396499999999962e+00 nan nan nan
1.111250000000000071e+00 1.416786749999999984e+00 nan nan nan
1.113750000000000018e+00 1.419658249999999899e+00 nan nan nan
1.116249999999999964e+00 1.408102500000000035e+00 nan nan nan
1.118749999999999911e+00 1.404178250000000183e+00 nan nan nan
1.121250000000000080e+00 1.400325249999999855e+00 nan nan nan
1.123750000000000027e+00 1.383706000000000103e+00 nan nan nan
1.126249999999999973e+00 1.373685500000000115e+00 nan nan nan
1.128749999999999920e+00 1.369128749999999783e+00 nan nan nan
1.131250000000000089e+00 1.361891750000000068e+00 nan nan nan
1.133750000000000036e+00 1.352059750000000005e+00 nan nan nan
1.136249999999999982e+00 1.344885249999999921e+00 nan nan nan
1.138749999999999929e+00 1.338006249999999842e+00 nan nan nan
1.141250000000000098e+00 1.345378500000000033e+00 nan nan nan
1.143750000000000044e+00 1.324972500000000108e+00 nan nan nan
1.146249999999999991e+00 1.327037749999999905e+00 nan nan nan
1.148749999999999938e+00 1.303611749999999958e+00 nan nan nan
1.151250000000000107e+00 1.321651750000000014e+00 nan nan nan
1.153750000000000053e+00 1.297758250000000002e+00 nan nan nan
1.156250000000000000e+00 1.292651500000000064e+00 nan nan nan
1.158749999999999947e+00 1.291411749999999969e+00 nan nan nan
1.161249999999999893e+00 1.290831250000000097e+00 nan nan nan
1.163750000000000062e+00 1.297871500000000067e+00 nan nan nan
1.166250000000000009e+00 1.274504999999999999e+00 nan nan nan
1.168749999999999956e+00 1.256632250000000006e+00 nan nan nan
1.171249999999999902e+00 1.264805249999999992e+00 nan nan nan
1.173750000000000071e+00 1.253585749999999832e+00 nan nan nan
1.176250000000000018e+00 1.242128499999999969e+00 nan nan nan
1.178749999999999964e+00 1.248440999999999912e+00 nan nan nan
1.181249999999999911e+00 1.230086250000000048e+00 nan nan nan
1.183750000000000080e+00 1.230204249999999888e+00 nan nan nan
1.186250000000000027e+00 1.216869749999999861e+00 nan nan nan
1.188749999999999973e+00 1.210879749999999921e+00 nan nan nan
1.191249999999999920e+00 1.203585000000000127e+00 nan nan nan
1.193750000000000089e+00 1.198415250000000043e+00 nan nan nan
1.196250000000000036e+00 1.199031249999999993e+00 nan nan nan
1.198749999999999982e+00 1.194787499999999891e+00 nan nan nan
1.201249999999999929e+00 1.185413749999999933e+00 nan nan nan
1.203750000000000098e+00 1.179091249999999924e+00 nan nan nan
1.206250000000000044e+00 1.176546499999999940e+00 nan nan nan
1.208749999999999991e+00 1.166267249999999978e+00 nan nan nan
1.211249999999999938e+00 1.162519749999999963e+00 nan nan nan
1.213750000000000107e+00 1.161791999999999936e+00 nan nan nan
1.216250000000000053e+00 1.161856000000000222e+00 nan nan nan
1.218750000000000000e+00 1.148277250000000027e+00 nan nan nan
1.221249999999999947e+00 1.137826249999999817e+00 nan nan nan
1.223749999999999893e+00 1.132630250000000061e+00 nan nan nan
1.226250000000000062e+00 1.139749249999999936e+00 nan nan nan
1.228750000000000009e+00 1.136273749999999971e+00 nan nan nan
1.231249999999999956e+00 1.122501500000000041e+00 nan nan nan
1.233749999999999902e+00 1.126038249999999907e+00 nan nan nan
1.236250000000000071e+00 1.111256000000000022e+00 nan nan nan
1.238750000000000018e+00 1.105594250000000223e+00 nan nan nan
1.241249999999999964e+00 1.108923250000000138e+00 nan nan nan
1.243749999999999911e+00 1.104962750000000105e+00 nan nan nan
1.246250000000000080e+00 1.101311750000000034e+00 nan nan nan
1.248750000000000027e+00 1.101024250000000038e+00 nan nan nan
1.251249999999999973e+00 1.086517750000000060e+00 nan nan nan
1.253749999999999920e+00 1.089347999999999983e+00 nan nan nan
1.256250000000000089e+00 1.088641999999999888e+00 nan nan nan
1.258750000000000036e+00 1.079948750000000013e+00 nan nan nan
1.261249999999999982e+00 1.072694250000000071e+00 nan nan nan
1.263749999999999929e+00 1.067061250000000072e+00 nan nan nan
1.266250000000000098e+00 1.060988249999999855e+00 nan nan nan
1.268750000000000044e+00 1.060977750000000164e+00 nan nan nan
1.271249999999999991e+00 1.062886750000000102e+00 nan nan nan
1.273749999999999938e+00 1.060364000000000084e+00 nan nan nan
1.276250000000000107e+00 1.054223249999999945e+00 nan nan nan
1.278750000000000053e+00 1.046042499999999986e+00 nan nan nan
1.281250000000000000e+00 1.037007749999999895e+00 nan nan nan
1.283749999999999947e+00 1.034322500000000034e+00 nan nan nan
1.286249999999999893e+00 1.033783250000000153e+00 nan nan nan
1.288750000000000062e+00 1.037068499999999949e+00 nan nan nan
1.291250000000000009e+00 1.025525999999999938e+00 nan nan nan
1.293749999999999956e+00 1.025326500000000030e+00 nan nan nan
1.296249999999999902e+00 1.019445750000000039e+00 nan nan nan
1.298750000000000071e+00 1.020273999999999903e+00 nan nan nan
1.301250000000000018e+00 1.014892750000000010e+00 nan nan nan
1.303749999999999964e+00 1.018241750000000057e+00 nan nan nan
1.306249999999999911e+00 1.019303499999999918e+00 nan nan nan
1.308750000000000080e+00 1.005614000000000008e+00 nan nan nan
1.311250000000000027e+00 1.007810000000000095e+00 nan nan nan
1.313749999999999973e+00 1.005709500000000034e+00 nan nan nan
1.316249999999999920e+00 1.000369749999999947e+00 nan nan nan
1.318750000000000089e+00 9.930710000000000370e-01 nan nan nan
1.321250000000000036e+00 9.922845000000000137e-01 nan nan nan
1.323749999999999982e+00 9.928757499999999458e-01 nan nan nan
1.326249999999999929e+00 9.900937499999999947e-01 nan nan nan
1.328750000000000098e+00 9.769740000000000091e-01 nan nan nan
1.331250000000000044e+00 9.812354999999999272e-01 nan nan nan
1.333749999999999991e+00 9.763094999999999413e-01 nan nan nan
1.336249999999999938e+00 9.692419999999999369e-01 nan nan nan
1.338750000000000107e+00 9.695982499999999948e-01 nan nan nan
1.341250000000000053e+00 9.673829999999998819e-01 nan nan nan
1.343750000000000000e+00 9.693847499999999062e-01 nan nan nan
1.346249999999999947e+00 9.574042499999999567e-01 nan nan nan
1.348749999999999893e+00 9.638710000000000333e-01 nan nan nan
1.351250000000000062e+00 9.527520000000000433e-01 nan nan nan
1.353750000000000009e+00 9.576832500000000969e-01 nan nan nan
1.356249999999999956e+00 9.562469999999999581e-01 nan nan nan
1.358749999999999902e+00 9.530927500000000441e-01 nan nan nan
1.361250000000000071e+00 9.503329999999999833e-01 nan nan nan
1.363750000000000018e+00 9.439632500000001425e-01 nan nan nan
1.366249999999999964e+00 9.445139999999998537e-01 nan nan nan
1.368749999999999911e+00 9.412870000000000958e-01 nan nan nan
1.371250000000000080e+00 9.463949999999999863e-01 nan nan nan
1.373750000000000027e+00 9.431895000000000140e-01 nan nan nan
1.376249999999999973e+00 9.397322499999999357e-01 nan nan nan
1.378749999999999920e+00 9.340032499999999516e-01 nan nan nan
1.381250000000000089e+00 9.327245000000000674e-01 nan nan nan
1.383750000000000036e+00 9.341214999999999380e-01 nan nan nan
1.386249999999999982e+00 9.314339999999999842e-01 nan nan nan
1.388749999999999929e+00 9.284622499999999334e-01 nan nan nan
1.391250000000000098e+00 9.254575000000000440e-01 nan nan nan
1.393750000000000044e+00 9.246440000000000214e-01 nan nan nan
1.396249999999999991e+00 9.188572500000000698e-01 nan nan nan
1.398749999999999938e+00 9.157867499999999827e-01 nan nan nan
1.401250000000000107e+00 9.114534999999999165e-01 nan nan nan
1.403750000000000053e+00 9.171302500000000357e-01 nan nan nan
1.406250000000000000e+00 9.180517500000000553e-01 nan nan nan
1.408749999999999947e+00 9.183682499999999971e-01 nan nan nan
1.411249999999999893e+00 9.028595000000000370e-01 nan nan nan
1.413750000000000062e+00 9.089409999999999989e-01 nan nan nan
1.416250000000000009e+00 9.111867499999999342e-01 nan nan nan
1.418749999999999956e+00 9.062097500000000361e-01 nan nan nan
1.421249999999999902e+00 9.068327499999999652e-01 nan nan nan
1.423750000000000071e+00 9.065672499999999356e-01 nan nan nan
1.426250000000000018e+00 9.016732500000000927e-01 nan nan nan
1.428749999999999964e+00 8.945809999999999595e-01 nan nan nan
1.431249999999999911e+00 9.038257499999999833e-01 nan nan nan
1.433750000000000080e+00 8.976612500000000772e-01 nan nan nan
1.436250000000000027e+00 8.997779999999999667e-01 nan nan nan
1.438749999999999973e+00 9.001704999999999846e-01 nan nan nan
1.441249999999999920e+00 8.963002500000000206e-01 nan nan nan
1.443750000000000089e+00 8.976517499999998595e-01 nan nan nan
1.446250000000000036e+00 8.899162499999999643e-01 nan nan nan
1.448749999999999982e+00 8.922997500000000581e-01 nan nan nan
1.451249999999999929e+00 8.959897500000000292e-01 nan nan nan
1.453750000000000098e+00 8.916020000000000056e-01 nan nan nan
1.456250000000000044e+00 8.837319999999999620e-01 nan nan nan
1.458749999999999991e+00 8.850822499999999593e-01 nan nan nan
1.461249999999999938e+00 8.869390000000000329e-01 nan nan nan
1.463750000000000107e+00 8.858852499999999575e-01 nan nan nan
1.466250000000000053e+00 8.833695000000000297e-01 nan nan nan
1.468750000000000000e+00 8.861999999999999877e-01 nan nan nan
1.471249999999999947e+00 8.882425000000000459e-01 nan nan nan
1.473749999999999893e+00 8.817042500000000782e-01 nan nan nan
1.476250000000000062e+00 8.809522499999999923e-01 nan nan nan
1.478750000000000009e+00 8.838634999999999131e-01 nan nan nan
1.481249999999999956e+00 8.881259999999999710e-01 nan nan nan
1.483749999999999902e+00 8.792735000000000412e-01 nan nan nan
1.486250000000000071e+00 8.799012500000000792e-01 nan nan nan
1.488750000000000018e+00 8.745104999999999684e-01 nan nan nan
1.491249999999999964e+00 8.817580000000000418e-01 nan nan nan
1.493749999999999911e+00 8.817007500000000331e-01 nan nan nan
1.496250000000000080e+00 8.788137499999999491e-01 nan nan nan
1.498750000000000027e+00 8.804974999999999330e-01 nan nan nan
1.501249999999999973e+00 8.787382500000000540e-01 nan nan nan
1.503749999999999920e+00 8.756644999999999568e-01 nan nan nan
1.506250000000000089e+00 8.818667500000000325e-01 nan nan nan
1.508750000000000036e+00 8.783740000000000991e-01 nan nan nan
1.511249999999999982e+00 8.783237500000000697e-01 nan nan nan
1.513749999999999929e+00 8.834982499999999295e-01 nan nan nan
1.516250000000000098e+00 8.776975000000000193e-01 nan nan nan
1.518750000000000044e+00 8.769602500000001077e-01 nan nan nan
1.521249999999999991e+00 8.795882499999999604e-01 nan nan nan
1.523749999999999938e+00 8.746369999999999978e-01 nan nan nan
1.526250000000000107e+00 8.717880000000000074e-01 nan nan nan
1.528750000000000053e+00 8.811117500000000824e-01 nan nan nan
1.531250000000000000e+00 8.799587500000000118e-01 nan nan nan
1.533749999999999947e+00 8.717144999999999477e-01 nan nan nan
1.536249999999999893e+00 8.758700000000000374e-01 nan nan nan
1.538750000000000062e+00 8.731740000000000057e-01 nan nan nan
1.541250000000000009e+00 8.763652500000000956e-01 nan nan nan
1.543749999999999956e+00 8.792247499999999993e-01 nan nan nan
1.546249999999999902e+00 8.760647500000000587e-01 nan nan nan
1.548750000000000071e+00 8.727747500000000436e-01 nan nan nan
1.551250000000000018e+00 8.728964999999999641e-01 nan nan nan
1.553749999999999964e+00 8.709584999999999688e-01 nan nan nan
1.556249999999999911e+00 8.806439999999999824e-01 nan nan nan
1.558750000000000080e+00 8.778869999999999729e-01 nan nan nan
1.561250000000000027e+00 8.706310000000000437e-01 nan nan nan
1.563749999999999973e+00 8.746869999999999923e-01 nan nan nan
1.566249999999999920e+00 8.764320000000000999e-01 nan nan nan
1.568750000000000089e+00 8.751907500000000173e-01 nan nan nan
1.571250000000000036e+00 8.772747499999999921e-01 nan nan nan
1.573749999999999982e+00 8.831787500000000124e-01 nan nan nan
1.576249999999999929e+00 8.830149999999999944e-01 nan nan nan
1.578750000000000098e+00 8.771342499999998932e-01 nan nan nan
1.581250000000000044e+00 8.833509999999999973e-01 nan nan nan
1.583749999999999991e+00 8.848607499999999737e-01 nan nan nan
1.586249999999999938e+00 8.771087499999999926e-01 nan nan nan
1.588750000000000107e+00 8.853319999999998968e-01 nan nan nan
1.591250000000000053e+00 8.859794999999999199e-01 nan nan nan
1.593750000000000000e+00 8.857052499999999995e-01 nan nan nan
1.596249999999999947e+00 8.875234999999999097e-01 nan nan nan
1.598749999999999893e+00 8.865284999999999416e-01 nan nan nan
1.601250000000000062e+00 8.881142499999999940e-01 nan nan nan
1.603750000000000009e+00 8.832832500000000753e-01 nan nan nan
1.606249999999999956e+00 8.849712499999999871e-01 nan nan nan
1.608749999999999902e+00 8.804052499999999171e-01 nan nan nan
1.611250000000000071e+00 8.873360000000000136e-01 nan nan nan
1.613750000000000018e+00 8.883482500000000615e-01 nan nan nan
1.616249999999999964e+00 8.876950000000000118e-01 nan nan nan
1.618749999999999911e+00 8.930344999999999533e-01 nan nan nan
1.621250000000000080e+00 8.971875000000000266e-01 nan nan nan
1.623750000000000027e+00 8.983572500000001071e-01 nan nan nan
1.626249999999999973e+00 8.923765000000000169e-01 nan nan nan
1.628749999999999920e+00 8.886322500000001234e-01 nan nan nan
1.631250000000000089e+00 8.938427499999999082e-01 nan nan nan
1.633750000000000036e+00 8.942412499999998765e-01 nan nan nan
1.636249999999999982e+00 9.022320000000000340e-01 nan nan nan
1.638749999999999929e+00 8.996819999999999817e-01 nan nan nan
1.641250000000000098e+00 8.948432500000000900e-01 nan nan nan
1.643750000000000044e+00 9.012645000000000239e-01 nan nan nan
1.646249999999999991e+00 8.948579999999999313e-01 nan nan nan
1.648749999999999938e+00 9.048572500000000574e-01 nan nan nan
1.651250000000000107e+00 9.023640000000000549e-01 nan nan nan
1.653750000000000053e+00 9.105982500000000535e-01 nan nan nan
1.656250000000000000e+00 9.067157499999999315e-01 nan nan nan
1.658749999999999947e+00 9.076582499999999998e-01 nan nan nan
1.661249999999999893e+00 9.071632499999999766e-01 nan nan nan
1.663750000000000062e+00 9.141425000000000800e-01 nan nan nan
1.666250000000000009e+00 9.111265000000000613e-01 nan nan nan
1.668749999999999956e+00 9.142200000000000326e-01 nan nan nan
1.671249999999999902e+00 9.163579999999998948e-01 nan nan nan
1.673750000000000071e+00 9.203625000000000833e-01 nan nan nan
1.676250000000000018e+00 9.242035000000000666e-01 nan nan nan
1.678749999999999964e+00 9.171437500000000353e-01 nan nan nan
1.681249999999999911e+00 9.177809999999999580e-01 nan nan nan
1.683750000000000080e+00 9.212807500000000926e-01 nan nan nan
1.686250000000000027e+00 9.228100000000000191e-01 nan nan nan
1.688749999999999973e+00 9.207710000000000061e-01 nan nan nan
1.691249999999999920e+00 9.299304999999999932e-01 nan nan nan
1.693750000000000089e+00 9.203065000000000273e-01 nan nan nan
1.696250000000000036e+00 9.300577500000000164e-01 nan nan nan
1.698749999999999982e+00 9.301527499999999726e-01 nan nan nan
1.701249999999999929e+00 9.269817499999999377e-01 nan nan nan
1.703750000000000098e+00 9.299250000000000016e-01 nan nan nan
1.706250000000000044e+00 9.313620000000000232e-01 nan nan nan
1.708749999999999991e+00 9.349310000000000676e-01 nan nan nan
1.711249999999999938e+00 9.343939999999999468e-01 nan nan nan
1.713750000000000107e+00 9.390944999999999432e-01 nan nan nan
1.716250000000000053e+00 9.440117500000000383e-01 nan nan nan
1.718750000000000000e+00 9.455717500000000442e-01 nan nan nan
1.721249999999999947e+00 9.456594999999998752e-01 nan nan nan
1.723749999999999893e+00 9.427902500000000519e-01 nan nan nan
1.726250000000000062e+00 9.474642500000000078e-01 nan nan nan
1.728750000000000009e+00 9.504162499999999625e-01 nan nan nan
1.731249999999999956e+00 9.465915000000000301e-01 nan nan nan
1.733749999999999902e+00 9.504942499999999850e-01 nan nan nan
1.736250000000000071e+00 9.533367500000000661e-01 nan nan nan
1.738750000000000018e+00 9.532785000000000286e-01 nan nan nan
1.741249999999999964e+00 9.621072500000000804e-01 nan nan nan
1.743749999999999911e+00 9.615139999999999798e-01 nan nan nan
1.746250000000000080e+00 9.664872500000000199e-01 nan nan nan
1.748750000000000027e+00 9.532692500000000679e-01 nan nan nan
1.751249999999999973e+00 9.639097500000000096e-01 nan nan nan
1.753749999999999920e+00 9.650492500000000806e-01 nan nan nan
1.756250000000000089e+00 9.668795000000000028e-01 nan nan nan
1.758750000000000036e+00 9.644719999999999960e-01 nan nan nan
1.761249999999999982e+00 9.748725000000000307e-01 nan nan nan
1.763749999999999929e+00 9.732660000000000755e-01 nan nan nan
1.766250000000000098e+00 9.728257500000000446e-01 nan nan nan
1.768750000000000044e+00 9.750662500000000232e-01 nan nan nan
1.771249999999999991e+00 9.760339999999999572e-01 nan nan nan
1.773749999999999938e+00 9.755177499999999613e-01 nan nan nan
1.776250000000000107e+00 9.852867499999999890e-01 nan nan nan
1.778750000000000053e+00 9.812932500000000058e-01 nan nan nan
1.781250000000000000e+00 9.863549999999999818e-01 nan nan nan
1.783749999999999947e+00 9.878979999999999428e-01 nan nan nan
1.786249999999999893e+00 9.863202500000000095e-01 nan nan nan
1.788750000000000062e+00 9.928639999999999688e-01 nan nan nan
1.791250000000000009e+00 9.904807499999999099e-01 nan nan nan
1.793749999999999956e+00 9.931752499999999539e-01 nan nan nan
1.796249999999999902e+00 9.918802499999999078e-01 nan nan nan
1.798750000000000071e+00 9.989102499999999996e-01 nan nan nan
1.801250000000000018e+00 9.987455000000000638e-01 nan nan nan
1.803749999999999964e+00 9.954122499999999985e-01 nan nan nan
1.806249999999999911e+00 9.976570000000000160e-01 nan nan nan
1.808750000000000080e+00 9.980004999999999571e-01 nan nan nan
1.811250000000000027e+00 1.002213749999999903e+00 nan nan nan
1.813749999999999973e+00 1.009163750000000137e+00 nan nan nan
1.816249999999999920e+00 1.005665000000000031e+00 nan nan nan
1.818750000000000089e+00 1.004651249999999996e+00 nan nan nan
1.821250000000000036e+00 1.008066249999999942e+00 nan nan nan
1.823749999999999982e+00 1.012032499999999891e+00 nan nan nan
1.826249999999999929e+00 1.005775499999999933e+00 nan nan nan
1.828750000000000098e+00 1.015393250000000025e+00 nan nan nan
1.831250000000000044e+00 1.010622750000000014e+00 nan nan nan
1.833749999999999991e+00 1.009522999999999948e+00 nan nan nan
1.836249999999999938e+00 1.019267249999999958e+00 nan nan nan
1.838750000000000107e+00 1.017080500000000054e+00 nan nan nan
1.841250000000000053e+00 1.022318000000000060e+00 nan nan nan
1.843750000000000000e+00 1.016069000000000111e+00 nan nan nan
1.846249999999999947e+00 1.024267500000000108e+00 nan nan nan
1.848749999999999893e+00 1.019220750000000120e+00 nan nan nan
1.851250000000000062e+00 1.016479000000000132e+00 nan nan nan
1.853750000000000009e+00 1.023775249999999915e+00 nan nan nan
1.856249999999999956e+00 1.028897999999999868e+00 nan nan nan
1.858749999999999902e+00 1.028330749999999849e+00 nan nan nan
1.861250000000000071e+00 1.029745499999999980e+00 nan nan nan
1.863750000000000018e+00 1.033097750000000037e+00 nan nan nan
1.866249999999999964e+00 1.033900249999999854e+00 nan nan nan
1.868749999999999911e+00 1.030762500000000026e+00 nan nan nan
1.871250000000000080e+00 1.033919749999999915e+00 nan nan nan
1.873750000000000027e+00 1.027794749999999979e+00 nan nan nan
1.876249999999999973e+00 1.034186500000000120e+00 nan nan nan
1.878749999999999920e+00 1.029472750000000048e+00 nan nan nan
1.881250000000000089e+00 1.033995750000000102e+00 nan nan nan
1.883750000000000036e+00 1.039440249999999955e+00 nan nan nan
1.886249999999999982e+00 1.039537249999999968e+00 nan nan nan
1.888749999999999929e+00 1.039059249999999990e+00 nan nan nan
1.891250000000000098e+00 1.035531999999999897e+00 nan nan nan
1.893750000000000044e+00 1.041459000000000135e+00 nan nan nan
1.896249999999999991e+00 1.043842249999999972e+00 nan nan nan
1.898749999999999938e+00 1.038256000000000068e+00 nan nan nan
1.901250000000000107e+00 1.046554750000000089e+00 nan nan nan
1.903750000000000053e+00 1.044149999999999912e+00 nan nan nan
1.906250000000000000e+00 1.043503749999999952e+00 nan nan nan
1.908749999999999947e+00 1.048903500000000211e+00 nan nan nan
1.911249999999999893e+00 1.045352000000000059e+00 nan nan nan
1.913750000000000062e+00 1.049296750000000111e+00 nan nan nan
1.916250000000000009e+00 1.046041500000000068e+00 nan nan nan
1.918749999999999956e+00 1.047668999999999961e+00 nan nan nan
1.921249999999999902e+00 1.047011000000000136e+00 nan nan nan
1.923750000000000071e+00 1.047443499999999972e+00 nan nan nan
1.926250000000000018e+00 1.044700750000000067e+00 nan nan nan
1.928749999999999964e+00 1.049701250000000030e+00 nan nan nan
1.931249999999999911e+00 1.047642249999999997e+00 nan nan nan
1.933750000000000080e+00 1.049967249999999908e+00 nan nan nan
1.936250000000000027e+00 1.049436750000000140e+00 nan nan nan
1.938749999999999973e+00 1.049488750000000081e+00 nan nan nan
1.941249999999999920e+00 1.052084750000000124e+00 nan nan nan
1.943750000000000089e+00 1.047133749999999974e+00 nan nan nan
1.946250000000000036e+00 1.055497249999999942e+00 nan nan nan
1.948749999999999982e+00 1.050489000000000006e+00 nan nan nan
1.951249999999999929e+00 1.047615249999999998e+00 nan nan nan
1.953750000000000098e+00 1.056252999999999886e+00 nan nan nan
1.956250000000000044e+00 1.051054999999999851e+00 nan nan nan
1.958749999999999991e+00 1.053792000000000062e+00 nan nan nan
1.961249999999999938e+00 1.051867249999999920e+00 nan nan nan
1.963750000000000107e+00 1.049570249999999927e+00 nan nan nan
1.966250000000000053e+00 1.052428250000000176e+00 nan nan nan
1.968750000000000000e+00 1.052701000000000109e+00 nan nan nan
1.971249999999999947e+00 1.053517500000000107e+00 nan nan nan
1.973749999999999893e+00 1.049830250000000076e+00 nan nan nan
1.976250000000000062e+00 1.051212499999999883e+00 nan nan nan
1.978750000000000009e+00 1.052804000000000073e+00 nan nan nan
1.981249999999999956e+00 1.045120000000000049e+00 nan nan nan
1.983749999999999902e+00 1.055669999999999886e+00 nan nan nan
1.986250000000000071e+00 1.055817999999999923e+00 nan nan nan
1.988750000000000018e+00 1.055978250000000118e+00 nan nan nan
1.991249999999999964e+00 1.049432249999999955e+00 nan nan nan
1.993749999999999911e+00 1.047225749999999955e+00 nan nan nan
1.996250000000000080e+00 1.055731749999999858e+00 nan nan nan
1.998750000000000027e+00 1.050594000000000028e+00 nan nan nan
2.001250000000000195e+00 1.055138000000000131e+00 nan nan nan
2.003750000000000142e+00 1.052633250000000187e+00 nan nan nan
2.006250000000000089e+00 1.051803999999999961e+00 nan nan nan
2.008750000000000036e+00 1.049998999999999905e+00 nan nan nan
2.011249999999999982e+00 1.051484499999999933e+00 nan nan nan
2.013749999999999929e+00 1.050787999999999833e+00 nan nan nan
2.016249999999999876e+00 1.050647000000000109e+00 nan nan nan
2.018749999999999822e+00 1.051735499999999934e+00 nan nan nan
2.021250000000000213e+00 1.048411999999999900e+00 nan nan nan
2.023750000000000160e+00 1.047553999999999874e+00 nan nan nan
2.026250000000000107e+00 1.056831749999999959e+00 nan nan nan
2.028750000000000053e+00 1.052869250000000090e+00 nan nan nan
2.031250000000000000e+00 1.043653750000000047e+00 nan nan nan
2.033749999999999947e+00 1.050657500000000022e+00 nan nan nan
2.036249999999999893e+00 1.042835499999999804e+00 nan nan nan
2.038749999999999840e+00 1.050381999999999927e+00 nan nan nan
2.041249999999999787e+00 1.046597750000000104e+00 nan nan nan
2.043750000000000178e+00 1.045515250000000007e+00 nan nan nan
2.046250000000000124e+00 1.044586499999999862e+00 nan nan nan
2.048750000000000071e+00 1.045681249999999896e+00 nan nan nan
2.051250000000000018e+00 1.041932749999999963e+00 nan nan nan
2.053749999999999964e+00 1.042208750000000128e+00 nan nan nan
2.056249999999999911e+00 1.041284749999999981e+00 nan nan nan
2.058749999999999858e+00 1.046654750000000078e+00 nan nan nan
2.061249999999999805e+00 1.046429000000000054e+00 nan nan nan
2.063750000000000195e+00 1.044842999999999966e+00 nan nan nan
2.066250000000000142e+00 1.044244750000000055e+00 nan nan nan
2.068750000000000089e+00 1.046513000000000027e+00 nan nan nan
2.071250000000000036e+00 1.040216999999999947e+00 nan nan nan
2.073749999999999982e+00 1.040859250000000014e+00 nan nan nan
2.076249999999999929e+00 1.040831749999999944e+00 nan nan nan
2.078749999999999876e+00 1.041912249999999762e+00 nan nan nan
2.081249999999999822e+00 1.040738750000000046e+00 nan nan nan
2.083750000000000213e+00 1.046940250000000017e+00 nan nan nan
2.086250000000000160e+00 1.034025250000000007e+00 nan nan nan
2.088750000000000107e+00 1.037948499999999941e+00 nan nan nan
2.091250000000000053e+00 1.040744999999999809e+00 nan nan nan
2.093750000000000000e+00 1.036448500000000106e+00 nan nan nan
2.096249999999999947e+00 1.038238749999999877e+00 nan nan nan
2.098749999999999893e+00 1.037498499999999879e+00 nan nan nan
2.101249999999999840e+00 1.037457250000000109e+00 nan nan nan
2.103749999999999787e+00 1.035940749999999966e+00 nan nan nan
2.106250000000000178e+00 1.034486500000000087e+00 nan nan nan
2.108750000000000124e+00 1.037482000000000015e+00 nan nan nan
2.111250000000000071e+00 1.035711000000000048e+00 nan nan nan
2.113750000000000018e+00 1.036371500000000001e+00 nan nan nan
2.116249999999999964e+00 1.036096249999999941e+00 nan nan nan
2.118749999999999911e+00 1.033178249999999965e+00 nan nan nan
2.121249999999999858e+00 1.036438250000000005e+00 nan nan nan
2.123749999999999805e+00 1.034732500000000055e+00 nan nan nan
2.126250000000000195e+00 1.034023499999999984e+00 nan nan nan
2.128750000000000142e+00 1.031673500000000132e+00 nan nan nan
2.131250000000000089e+00 1.029212250000000051e+00 nan nan nan
2.133750000000000036e+00 1.028387250000000197e+00 nan nan nan
2.136249999999999982e+00 1.029896000000000145e+00 nan nan nan
2.138749999999999929e+00 1.028552750000000016e+00 nan nan nan
2.141249999999999876e+00 1.030991749999999874e+00 nan nan nan
2.143749999999999822e+00 1.028782000000000085e+00 nan nan nan
2.146250000000000213e+00 1.019934500000000188e+00 nan nan nan
2.148750000000000160e+00 1.018636749999999980e+00 nan nan nan
2.151250000000000107e+00 1.027315250000000013e+00 nan nan nan
2.153750000000000053e+00 1.022389500000000062e+00 nan nan nan
2.156250000000000000e+00 1.023998999999999882e+00 nan nan nan
2.158749999999999947e+00 1.016990250000000096e+00 nan nan nan
2.161249999999999893e+00 1.028446500000000263e+00 nan nan nan
2.163749999999999840e+00 1.022866749999999936e+00 nan nan nan
2.166249999999999787e+00 1.026935500000000001e+00 nan nan nan
2.168750000000000178e+00 1.021953499999999959e+00 nan nan nan
2.171250000000000124e+00 1.019413000000000125e+00 nan nan nan
2.173750000000000071e+00 1.020985000000000031e+00 nan nan nan
2.176250000000000018e+00 1.025305249999999946e+00 nan nan nan
2.178749999999999964e+00 1.015259750000000016e+00 nan nan nan
2.181249999999999911e+00 1.015538999999999970e+00 nan nan nan
2.183749999999999858e+00 1.021207500000000046e+00 nan nan nan
2.186249999999999805e+00 1.017635999999999985e+00 nan nan nan
2.188750000000000195e+00 1.019260999999999973e+00 nan nan nan
2.191250000000000142e+00 1.015274750000000115e+00 nan nan nan
2.193750000000000089e+00 1.013404500000000041e+00 nan nan nan
2.196250000000000036e+00 1.015613249999999912e+00 nan nan nan
2.198749999999999982e+00 1.015079749999999947e+00 nan nan nan
2.201249999999999929e+00 1.012821750000000076e+00 nan nan nan
2.203749999999999876e+00 1.013640250000000131e+00 nan nan nan
2.206249999999999822e+00 1.016327250000000015e+00 nan nan nan
2.208750000000000213e+00 1.014060500000000031e+00 nan nan nan
2.211250000000000160e+00 1.011183749999999826e+00 nan nan nan
2.213750000000000107e+00 1.005262499999999948e+00 nan nan nan
2.216250000000000053e+00 1.013065500000000174e+00 nan nan nan
2.218750000000000000e+00 1.013611999999999957e+00 nan nan nan
2.221249999999999947e+00 1.015010250000000003e+00 nan nan nan
2.223749999999999893e+00 1.012118499999999921e+00 nan nan nan
2.226249999999999840e+00 1.011065499999999950e+00 nan nan nan
2.228749999999999787e+00 1.010462500000000041e+00 nan nan nan
2.231250000000000178e+00 1.008537749999999900e+00 nan nan nan
2.233750000000000124e+00 1.008982749999999928e+00 nan nan nan
2.236250000000000071e+00 1.011704750000000042e+00 nan nan nan
2.238750000000000018e+00 1.010169749999999977e+00 nan nan nan
2.241249999999999964e+00 1.006955250000000079e+00 nan nan nan
2.243749999999999911e+00 1.004245499999999902e+00 nan nan nan
2.246249999999999858e+00 1.001544999999999908e+00 nan nan nan
2.248749999999999805e+00 1.005950750000000227e+00 nan nan nan
2.251250000000000195e+00 1.009400250000000110e+00 nan nan nan
2.253750000000000142e+00 1.006743249999999978e+00 nan nan nan
2.256250000000000089e+00 1.007323500000000038e+00 nan nan nan
2.258750000000000036e+00 1.000409499999999952e+00 nan nan nan
2.261249999999999982e+00 1.000517499999999949e+00 nan nan nan
2.263749999999999929e+00 1.005503749999999918e+00 nan nan nan
2.266249999999999876e+00 1.000786249999999988e+00 nan nan nan
2.268749999999999822e+00 1.001188250000000002e+00 nan nan nan
2.271250000000000213e+00 1.000846249999999937e+00 nan nan nan
2.273750000000000160e+00 1.002391000000000032e+00 nan nan nan
2.276250000000000107e+00 1.003638250000000065e+00 nan nan nan
2.278750000000000053e+00 9.984680000000000222e-01 nan nan nan
2.281250000000000000e+00 1.001081749999999992e+00 nan nan nan
2.283749999999999947e+00 9.970507499999999856e-01 nan nan nan
2.286249999999999893e+00 9.956374999999999531e-01 nan nan nan
2.288749999999999840e+00 1.000515000000000043e+00 nan nan nan
2.291249999999999787e+00 9.939735000000000653e-01 nan nan nan
2.293750000000000178e+00 9.965747499999999537e-01 nan nan nan
2.296250000000000124e+00 9.955089999999999772e-01 nan nan nan
2.298750000000000071e+00 1.000124250000000048e+00 nan nan nan
2.301250000000000018e+00 9.954194999999999016e-01 nan nan nan
2.303749999999999964e+00 9.978420000000000067e-01 nan nan nan
2.306249999999999911e+00 9.944844999999999935e-01 nan nan nan
2.308749999999999858e+00 9.954627500000000628e-01 nan nan nan
2.311249999999999805e+00 9.961430000000000007e-01 nan nan nan
2.313750000000000195e+00 9.970197499999999824e-01 nan nan nan
2.316250000000000142e+00 9.973807500000000381e-01 nan nan nan
2.318750000000000089e+00 9.942499999999999671e-01 nan nan nan
2.321250000000000036e+00 9.950592499999999507e-01 nan nan nan
2.323749999999999982e+00 9.911002500000001270e-01 nan nan nan
2.326249999999999929e+00 9.955732499999999652e-01 nan nan nan
2.328749999999999876e+00 9.906355000000000022e-01 nan nan nan
2.331249999999999822e+00 9.920150000000000912e-01 nan nan nan
2.333750000000000213e+00 9.919979999999999354e-01 nan nan nan
2.336250000000000160e+00 9.873192499999999816e-01 nan nan nan
2.338750000000000107e+00 9.952110000000000678e-01 nan nan nan
2.341250000000000053e+00 9.895495000000000818e-01 nan nan nan
2.343750000000000000e+00 9.908882500000000260e-01 nan nan nan
2.346249999999999947e+00 9.888009999999999300e-01 nan nan nan
2.348749999999999893e+00 9.875500000000000389e-01 nan nan nan
2.351249999999999840e+00 9.871815000000000451e-01 nan nan nan
2.353749999999999787e+00 9.855732499999999563e-01 nan nan nan
2.356250000000000178e+00 9.912009999999999987e-01 nan nan nan
2.358750000000000124e+00 9.879182500000001088e-01 nan nan nan
2.361250000000000071e+00 9.897387500000000005e-01 nan nan nan
2.363750000000000018e+00 9.891309999999999825e-01 nan nan nan
2.366249999999999964e+00 9.860487500000001404e-01 nan nan nan
2.368749999999999911e+00 9.907267499999999893e-01 nan nan nan
2.371249999999999858e+00 9.866485000000000394e-01 nan nan nan
2.373749999999999805e+00 9.880695000000000450e-01 nan nan nan
2.376250000000000195e+00 9.862389999999998658e-01 nan nan nan
2.378750000000000142e+00 9.890320000000000222e-01 nan nan nan
2.381250000000000089e+00 9.890417499999999418e-01 nan nan nan
2.383750000000000036e+00 9.891387499999999555e-01 nan nan nan
2.386249999999999982e+00 9.872850000000000792e-01 nan nan nan
2.388749999999999929e+00 9.899267499999999664e-01 nan nan nan
2.391249999999999876e+00 9.856232500000000618e-01 nan nan nan
2.393749999999999822e+00 9.868884999999999463e-01 nan nan nan
2.396250000000000213e+00 9.881294999999999940e-01 nan nan nan
2.398750000000000160e+00 9.833804999999998797e-01 nan nan nan
2.401250000000000107e+00 9.855184999999999640e-01 nan nan nan
2.403750000000000053e+00 9.889377500000000598e-01 nan nan nan
2.406250000000000000e+00 9.863515000000000477e-01 nan nan nan
2.408749999999999947e+00 9.860360000000000236e-01 nan nan nan
2.411249999999999893e+00 9.815160000000000551e-01 nan nan nan
2.413749999999999840e+00 9.868387499999999868e-01 nan nan nan
2.416249999999999787e+00 9.860169999999999213e-01 nan nan nan
2.418750000000000178e+00 9.852837499999999027e-01 nan nan nan
2.421250000000000124e+00 9.865467499999999168e-01 nan nan nan
2.423750000000000071e+00 9.872400000000000064e-01 nan nan nan
2.426250000000000018e+00 9.818802500000000100e-01 nan nan nan
2.428749999999999964e+00 9.839067500000000521e-01 nan nan nan
2.431249999999999911e+00 9.837074999999999569e-01 nan nan nan
2.433749999999999858e+00 9.846227499999998800e-01 nan nan nan
2.436249999999999805e+00 9.844510000000000760e-01 nan nan nan
2.438750000000000195e+00 9.830857499999999805e-01 nan nan nan
2.441250000000000142e+00 9.806624999999999925e-01 nan nan nan
2.443750000000000089e+00 9.820902500000000535e-01 nan nan nan
2.446250000000000036e+00 9.852787499999999810e-01 nan nan nan
2.448749999999999982e+00 9.861465000000000369e-01 nan nan nan
2.451249999999999929e+00 9.870774999999999411e-01 nan nan nan
2.453749999999999876e+00 9.878017499999999229e-01 nan nan nan
2.456249999999999822e+00 9.855337499999999862e-01 nan nan nan
2.458750000000000213e+00 9.855920000000000236e-01 nan nan nan
2.461250000000000160e+00 9.835747500000000532e-01 nan nan nan
2.463750000000000107e+00 9.834337499999999954e-01 nan nan nan
2.466250000000000053e+00 9.811795000000000933e-01 nan nan nan
2.468750000000000000e+00 9.840697500000000764e-01 nan nan nan
2.471249999999999947e+00 9.833444999999999547e-01 nan nan nan
2.473749999999999893e+00 9.864279999999999715e-01 nan nan nan
2.476249999999999840e+00 9.829337500000000505e-01 nan nan nan
2.478749999999999787e+00 9.862342499999999790e-01 nan nan nan
2.481250000000000178e+00 9.808502499999999236e-01 nan nan nan
2.483750000000000124e+00 9.872912499999999536e-01 nan nan nan
2.486250000000000071e+00 9.846022500000000122e-01 nan nan nan
2.488750000000000018e+00 9.830870000000000442e-01 nan nan nan
2.491249999999999964e+00 9.816989999999999883e-01 nan nan nan
2.493749999999999911e+00 9.845412499999999234e-01 nan nan nan
2.496249999999999858e+00 9.834785000000000332e-01 nan nan nan
2.498749999999999805e+00 9.833084999999999187e-01 nan nan nan
