2.500000000000000052e-03 0.000000000000000000e+00 0.000000000000000000e+00 0.000000000000000000e+00 0.000000000000000000e+00
7.499999999999999722e-03 0.000000000000000000e+00 0.000000000000000000e+00 0.000000000000000000e+00 0.000000000000000000e+00
1.250000000000000069e-02 0.000000000000000000e+00 0.000000000000000000e+00 0.000000000000000000e+00 0.000000000000000000e+00
1.750000000000000167e-02 0.000000000000000000e+00 0.000000000000000000e+00 0.000000000000000000e+00 0.000000000000000000e+00
2.249999999999999917e-02 0.000000000000000000e+00 0.000000000000000000e+00 0.000000000000000000e+00 0.000000000000000000e+00
2.750000000000000014e-02 0.000000000000000000e+00 0.000000000000000000e+00 0.000000000000000000e+00 0.000000000000000000e+00
3.250000000000000111e-02 0.000000000000000000e+00 0.000000000000000000e+00 0.000000000000000000e+00 0.000000000000000000e+00
3.749999999999999861e-02 0.000000000000000000e+00 0.000000000000000000e+00 0.000000000000000000e+00 0.000000000000000000e+00
4.250000000000000305e-02 0.000000000000000000e+00 0.000000000000000000e+00 0.000000000000000000e+00 0.000000000000000000e+00
4.750000000000000056e-02 0.000000000000000000e+00 0.000000000000000000e+00 0.000000000000000000e+00 0.000000000000000000e+00
5.249999999999999806e-02 0.000000000000000000e+00 0.000000000000000000e+00 0.000000000000000000e+00 0.000000000000000000e+00
5.750000000000000250e-02 0.000000000000000000e+00 0.000000000000000000e+00 0.000000000000000000e+00 0.000000000000000000e+00
6.250000000000000000e-02 0.000000000000000000e+00 0.000000000000000000e+00 0.000000000000000000e+00 0.000000000000000000e+00
6.750000000000000444e-02 0.000000000000000000e+00 0.000000000000000000e+00 0.000000000000000000e+00 0.000000000000000000e+00
7.249999999999999500e-02 0.000000000000000000e+00 0.000000000000000000e+00 0.000000000000000000e+00 0.000000000000000000e+00
7.749999999999999944e-02 0.000000000000000000e+00 0.000000000000000000e+00 0.000000000000000000e+00 0.000000000000000000e+00
8.250000000000000389e-02 0.000000000000000000e+00 0.000000000000000000e+00 0.000000000000000000e+00 0.000000000000000000e+00
8.749999999999999445e-02 0.000000000000000000e+00 0.000000000000000000e+00 0.000000000000000000e+00 0.000000000000000000e+00
9.249999999999999889e-02 0.000000000000000000e+00 0.000000000000000000e+00 0.000000000000000000e+00 0.000000000000000000e+00
9.750000000000000333e-02 0.000000000000000000e+00 0.000000000000000000e+00 0.000000000000000000e+00 0.000000000000000000e+00
1.024999999999999939e-01 0.000000000000000000e+00 0.000000000000000000e+00 0.000000000000000000e+00 0.000000000000000000e+00
1.074999999999999983e-01 0.000000000000000000e+00 0.000000000000000000e+00 0.000000000000000000e+00 0.000000000000000000e+00
1.125000000000000028e-01 0.000000000000000000e+00 0.000000000000000000e+00 0.000000000000000000e+00 0.000000000000000000e+00
1.174999999999999933e-01 0.000000000000000000e+00 0.000000000000000000e+00 0.000000000000000000e+00 0.000000000000000000e+00
1.224999999999999978e-01 0.000000000000000000e+00 0.000000000000000000e+00 0.000000000000000000e+00 0.000000000000000000e+00
1.275000000000000022e-01 0.000000000000000000e+00 0.000000000000000000e+00 0.000000000000000000e+00 0.000000000000000000e+00
1.325000000000000067e-01 0.000000000000000000e+00 0.000000000000000000e+00 0.000000000000000000e+00 0.000000000000000000e+00
1.375000000000000111e-01 0.000000000000000000e+00 0.000000000000000000e+00 0.000000000000000000e+00 0.000000000000000000e+00
1.424999999999999878e-01 0.000000000000000000e+00 0.000000000000000000e+00 0.000000000000000000e+00 0.000000000000000000e+00
1.474999999999999922e-01 0.000000000000000000e+00 0.000000000000000000e+00 0.000000000000000000e+00 0.000000000000000000e+00
1.524999999999999967e-01 0.000000000000000000e+00 0.000000000000000000e+00 0.000000000000000000e+00 0.000000000000000000e+00
1.575000000000000011e-01 0.000000000000000000e+00 0.000000000000000000e+00 0.000000000000000000e+00 0.000000000000000000e+00
1.625000000000000056e-01 0.000000000000000000e+00 0.000000000000000000e+00 0.000000000000000000e+00 0.000000000000000000e+00
1.675000000000000100e-01 0.000000000000000000e+00 0.000000000000000000e+00 0.000000000000000000e+00 0.000000000000000000e+00
1.724999999999999867e-01 0.000000000000000000e+00 0.000000000000000000e+00 0.000000000000000000e+00 0.000000000000000000e+00
1.774999999999999911e-01 0.000000000000000000e+00 0.000000000000000000e+00 0.000000000000000000e+00 0.000000000000000000e+00
1.824999999999999956e-01 0.000000000000000000e+00 0.000000000000000000e+00 0.000000000000000000e+00 0.000000000000000000e+00
1.875000000000000000e-01 0.000000000000000000e+00 0.000000000000000000e+00 0.000000000000000000e+00 0.000000000000000000e+00
1.925000000000000044e-01 0.000000000000000000e+00 0.000000000000000000e+00 0.000000000000000000e+00 0.000000000000000000e+00
1.975000000000000089e-01 0.000000000000000000e+00 0.000000000000000000e+00 0.000000000000000000e+00 5.010000000000000483e-05
2.025000000000000133e-01 0.000000000000000000e+00 0.000000000000000000e+00 0.000000000000000000e+00 8.011900000000000618e-03
2.074999999999999900e-01 0.000000000000000000e+00 0.000000000000000000e+00 0.000000000000000000e+00 1.914357000000000419e-01
2.124999999999999944e-01 0.000000000000000000e+00 0.000000000000000000e+00 0.000000000000000000e+00 1.235816799999999827e+00
2.174999999999999989e-01 0.000000000000000000e+00 0.000000000000000000e+00 0.000000000000000000e+00 3.196710099999999777e+00
2.225000000000000033e-01 0.000000000000000000e+00 0.000000000000000000e+00 0.000000000000000000e+00 4.408693399999999762e+00
2.275000000000000078e-01 0.000000000000000000e+00 0.000000000000000000e+00 0.000000000000000000e+00 4.276043099999999875e+00
2.325000000000000122e-01 0.000000000000000000e+00 0.000000000000000000e+00 0.000000000000000000e+00 3.964164400000000477e+00
2.374999999999999889e-01 0.000000000000000000e+00 0.000000000000000000e+00 0.000000000000000000e+00 3.680911799999999623e+00
2.424999999999999933e-01 0.000000000000000000e+00 0.000000000000000000e+00 0.000000000000000000e+00 3.425268299999999932e+00
2.474999999999999978e-01 0.000000000000000000e+00 0.000000000000000000e+00 0.000000000000000000e+00 3.194511899999999738e+00
2.525000000000000022e-01 0.000000000000000000e+00 0.000000000000000000e+00 0.000000000000000000e+00 2.986574800000000529e+00
2.575000000000000067e-01 0.000000000000000000e+00 0.000000000000000000e+00 0.000000000000000000e+00 2.798329099999999681e+00
2.625000000000000111e-01 0.000000000000000000e+00 0.000000000000000000e+00 0.000000000000000000e+00 2.627508800000000200e+00
2.675000000000000155e-01 0.000000000000000000e+00 0.000000000000000000e+00 0.000000000000000000e+00 2.474565700000000312e+00
2.725000000000000200e-01 0.000000000000000000e+00 0.000000000000000000e+00 0.000000000000000000e+00 2.335611200000000220e+00
2.775000000000000244e-01 0.000000000000000000e+00 0.000000000000000000e+00 0.000000000000000000e+00 2.208771999999999736e+00
2.824999999999999734e-01 0.000000000000000000e+00 0.000000000000000000e+00 0.000000000000000000e+00 2.094914200000000282e+00
2.874999999999999778e-01 0.000000000000000000e+00 0.000000000000000000e+00 0.000000000000000000e+00 1.991862299999999752e+00
2.924999999999999822e-01 0.000000000000000000e+00 0.000000000000000000e+00 0.000000000000000000e+00 1.899180100000000149e+00
2.974999999999999867e-01 0.000000000000000000e+00 0.000000000000000000e+00 0.000000000000000000e+00 1.814659199999999917e+00
3.024999999999999911e-01 0.000000000000000000e+00 0.000000000000000000e+00 0.000000000000000000e+00 1.739575800000000116e+00
3.074999999999999956e-01 0.000000000000000000e+00 0.000000000000000000e+00 0.000000000000000000e+00 1.671344799999999964e+00
3.125000000000000000e-01 0.000000000000000000e+00 0.000000000000000000e+00 0.000000000000000000e+00 1.610780799999999902e+00
3.175000000000000044e-01 0.000000000000000000e+00 0.000000000000000000e+00 0.000000000000000000e+00 1.556461499999999942e+00
3.225000000000000089e-01 0.000000000000000000e+00 0.000000000000000000e+00 0.000000000000000000e+00 1.508167700000000000e+00
3.275000000000000133e-01 0.000000000000000000e+00 0.000000000000000000e+00 0.000000000000000000e+00 1.465756999999999977e+00
3.325000000000000178e-01 0.000000000000000000e+00 0.000000000000000000e+00 0.000000000000000000e+00 1.428309300000000004e+00
3.375000000000000222e-01 0.000000000000000000e+00 0.000000000000000000e+00 0.000000000000000000e+00 1.395753400000000033e+00
3.425000000000000266e-01 0.000000000000000000e+00 0.000000000000000000e+00 0.000000000000000000e+00 1.368651400000000296e+00
3.474999999999999756e-01 0.000000000000000000e+00 0.000000000000000000e+00 0.000000000000000000e+00 1.345192900000000025e+00
3.524999999999999800e-01 0.000000000000000000e+00 0.000000000000000000e+00 0.000000000000000000e+00 1.326224700000000034e+00
3.574999999999999845e-01 0.000000000000000000e+00 0.000000000000000000e+00 0.000000000000000000e+00 1.311444899999999913e+00
3.624999999999999889e-01 0.000000000000000000e+00 0.000000000000000000e+00 0.000000000000000000e+00 1.300126899999999974e+00
3.674999999999999933e-01 0.000000000000000000e+00 0.000000000000000000e+00 0.000000000000000000e+00 1.293375000000000163e+00
3.724999999999999978e-01 0.000000000000000000e+00 0.000000000000000000e+00 0.000000000000000000e+00 1.289950599999999836e+00
3.775000000000000022e-01 0.000000000000000000e+00 0.000000000000000000e+00 0.000000000000000000e+00 1.289533199999999935e+00
3.825000000000000067e-01 0.000000000000000000e+00 0.000000000000000000e+00 0.000000000000000000e+00 1.293060700000000285e+00
3.875000000000000111e-01 0.000000000000000000e+00 0.000000000000000000e+00 0.000000000000000000e+00 1.299339699999999764e+00
3.925000000000000155e-01 0.000000000000000000e+00 0.000000000000000000e+00 0.000000000000000000e+00 1.308871700000000082e+00
3.975000000000000200e-01 0.000000000000000000e+00 0.000000000000000000e+00 0.000000000000000000e+00 1.320732199999999912e+00
4.025000000000000244e-01 0.000000000000000000e+00 0.000000000000000000e+00 0.000000000000000000e+00 1.334669499999999953e+00
4.074999999999999734e-01 0.000000000000000000e+00 0.000000000000000000e+00 0.000000000000000000e+00 1.351323199999999947e+00
4.124999999999999778e-01 0.000000000000000000e+00 0.000000000000000000e+00 0.000000000000000000e+00 1.369255100000000169e+00
4.174999999999999822e-01 0.000000000000000000e+00 0.000000000000000000e+00 0.000000000000000000e+00 1.389491100000000090e+00
4.224999999999999867e-01 0.000000000000000000e+00 0.000000000000000000e+00 0.000000000000000000e+00 1.411383400000000066e+00
4.274999999999999911e-01 0.000000000000000000e+00 0.000000000000000000e+00 0.000000000000000000e+00 1.433856599999999926e+00
4.324999999999999956e-01 0.000000000000000000e+00 0.000000000000000000e+00 0.000000000000000000e+00 1.455719900000000067e+00
4.375000000000000000e-01 0.000000000000000000e+00 0.000000000000000000e+00 0.000000000000000000e+00 1.473157999999999967e+00
4.425000000000000044e-01 0.000000000000000000e+00 0.000000000000000000e+00 0.000000000000000000e+00 1.485351200000000205e+00
4.475000000000000089e-01 0.000000000000000000e+00 0.000000000000000000e+00 0.000000000000000000e+00 1.491083200000000053e+00
4.525000000000000133e-01 0.000000000000000000e+00 0.000000000000000000e+00 0.000000000000000000e+00 1.491596099999999980e+00
4.575000000000000178e-01 0.000000000000000000e+00 0.000000000000000000e+00 0.000000000000000000e+00 1.487547699999999917e+00
4.625000000000000222e-01 0.000000000000000000e+00 0.000000000000000000e+00 0.000000000000000000e+00 1.480358300000000238e+00
4.675000000000000266e-01 0.000000000000000000e+00 0.000000000000000000e+00 0.000000000000000000e+00 1.469905099999999853e+00
4.724999999999999756e-01 0.000000000000000000e+00 0.000000000000000000e+00 0.000000000000000000e+00 1.457237599999999800e+00
4.774999999999999800e-01 0.000000000000000000e+00 0.000000000000000000e+00 0.000000000000000000e+00 1.443186899999999939e+00
4.824999999999999845e-01 0.000000000000000000e+00 0.000000000000000000e+00 0.000000000000000000e+00 1.428007099999999863e+00
4.874999999999999889e-01 0.000000000000000000e+00 0.000000000000000000e+00 0.000000000000000000e+00 1.411138400000000015e+00
4.924999999999999933e-01 0.000000000000000000e+00 0.000000000000000000e+00 0.000000000000000000e+00 1.393889100000000214e+00
4.974999999999999978e-01 0.000000000000000000e+00 0.000000000000000000e+00 0.000000000000000000e+00 1.376926199999999989e+00
5.024999999999999467e-01 0.000000000000000000e+00 0.000000000000000000e+00 0.000000000000000000e+00 1.359501799999999871e+00
5.074999999999999512e-01 0.000000000000000000e+00 0.000000000000000000e+00 0.000000000000000000e+00 1.342320999999999653e+00
5.124999999999999556e-01 0.000000000000000000e+00 0.000000000000000000e+00 0.000000000000000000e+00 1.325068499999999982e+00
5.174999999999999600e-01 0.000000000000000000e+00 0.000000000000000000e+00 0.000000000000000000e+00 1.308616399999999791e+00
5.224999999999999645e-01 0.000000000000000000e+00 0.000000000000000000e+00 0.000000000000000000e+00 1.292833499999999747e+00
5.274999999999999689e-01 0.000000000000000000e+00 0.000000000000000000e+00 0.000000000000000000e+00 1.277573100000000128e+00
5.324999999999999734e-01 0.000000000000000000e+00 0.000000000000000000e+00 0.000000000000000000e+00 1.263142399999999999e+00
5.374999999999999778e-01 0.000000000000000000e+00 0.000000000000000000e+00 0.000000000000000000e+00 1.249269599999999869e+00
5.424999999999999822e-01 0.000000000000000000e+00 0.000000000000000000e+00 0.000000000000000000e+00 1.236487500000000184e+00
5.474999999999999867e-01 0.000000000000000000e+00 0.000000000000000000e+00 0.000000000000000000e+00 1.224203399999999720e+00
5.524999999999999911e-01 0.000000000000000000e+00 0.000000000000000000e+00 0.000000000000000000e+00 1.213082999999999911e+00
5.574999999999999956e-01 0.000000000000000000e+00 0.000000000000000000e+00 0.000000000000000000e+00 1.202632900000000005e+00
5.625000000000000000e-01 0.000000000000000000e+00 0.000000000000000000e+00 0.000000000000000000e+00 1.193305899999999919e+00
5.675000000000000044e-01 0.000000000000000000e+00 0.000000000000000000e+00 0.000000000000000000e+00 1.184388200000000335e+00
5.725000000000000089e-01 0.000000000000000000e+00 0.000000000000000000e+00 0.000000000000000000e+00 1.176807099999999995e+00
5.775000000000000133e-01 0.000000000000000000e+00 0.000000000000000000e+00 0.000000000000000000e+00 1.169450700000000065e+00
5.825000000000000178e-01 0.000000000000000000e+00 1.599999999999999928e-06 1.599999999999999928e-06 1.163535400000000219e+00
5.875000000000000222e-01 0.000000000000000000e+00 1.069999999999999920e-05 1.069999999999999920e-05 1.158157300000000056e+00
5.925000000000000266e-01 0.000000000000000000e+00 7.759999999999998887e-05 7.759999999999998887e-05 1.153086500000000125e+00
5.975000000000000311e-01 0.000000000000000000e+00 5.258999999999999352e-04 5.258999999999999352e-04 1.148926700000000078e+00
6.025000000000000355e-01 0.000000000000000000e+00 2.928499999999999680e-03 2.928499999999999680e-03 1.145425599999999822e+00
6.075000000000000400e-01 0.000000000000000000e+00 1.272809999999999740e-02 1.272809999999999740e-02 1.142275600000000058e+00
6.125000000000000444e-01 0.000000000000000000e+00 4.413319999999999743e-02 4.413319999999999743e-02 1.139467400000000019e+00
6.175000000000000488e-01 0.000000000000000000e+00 1.258788000000000129e-01 1.258788000000000129e-01 1.137156199999999950e+00
6.225000000000000533e-01 0.000000000000000000e+00 2.983021000000000145e-01 2.983021000000000145e-01 1.135214900000000027e+00
6.274999999999999467e-01 0.000000000000000000e+00 6.027453000000000394e-01 6.027453000000000394e-01 1.133265800000000212e+00
6.324999999999999512e-01 0.000000000000000000e+00 1.057599900000000037e+00 1.057599900000000037e+00 1.131338299999999908e+00
6.374999999999999556e-01 0.000000000000000000e+00 1.638948500000000141e+00 1.638948500000000141e+00 1.129624700000000148e+00
6.424999999999999600e-01 0.000000000000000000e+00 2.280641800000000163e+00 2.280641800000000163e+00 1.127860300000000038e+00
6.474999999999999645e-01 0.000000000000000000e+00 2.887902999999999665e+00 2.887902999999999665e+00 1.125873199999999796e+00
6.524999999999999689e-01 0.000000000000000000e+00 3.370525000000000659e+00 3.370525000000000659e+00 1.123863899999999916e+00
6.574999999999999734e-01 0.000000000000000000e+00 3.665186099999999669e+00 3.665186099999999669e+00 1.121317900000000201e+00
6.624999999999999778e-01 0.000000000000000000e+00 3.750655899999999487e+00 3.750655899999999487e+00 1.118483200000000011e+00
6.674999999999999822e-01 0.000000000000000000e+00 3.647193999999999825e+00 3.647193999999999825e+00 1.115485400000000071e+00
6.724999999999999867e-01 0.000000000000000000e+00 3.392720599999999642e+00 3.392720599999999642e+00 1.112208899999999945e+00
6.774999999999999911e-01 0.000000000000000000e+00 3.078233699999999740e+00 3.078233699999999740e+00 1.108727100000000076e+00
6.824999999999999956e-01 0.000000000000000000e+00 2.797758199999999640e+00 2.797758199999999640e+00 1.105131300000000039e+00
6.875000000000000000e-01 0.000000000000000000e+00 2.549492299999999823e+00 2.549492299999999823e+00 1.100843200000000133e+00
6.925000000000000044e-01 0.000000000000000000e+00 2.333483300000000149e+00 2.333483300000000149e+00 1.096423900000000007e+00
6.975000000000000089e-01 0.000000000000000000e+00 2.141502300000000414e+00 2.141502300000000414e+00 1.091806499999999902e+00
7.025000000000000133e-01 0.000000000000000000e+00 1.972752799999999862e+00 1.972752799999999862e+00 1.087177000000000060e+00
7.075000000000000178e-01 0.000000000000000000e+00 1.824124300000000476e+00 1.824124300000000476e+00 1.082497900000000346e+00
7.125000000000000222e-01 0.000000000000000000e+00 1.692726700000000140e+00 1.692726700000000140e+00 1.077420599999999951e+00
7.175000000000000266e-01 0.000000000000000000e+00 1.578201300000000362e+00 1.578201300000000362e+00 1.072521000000000058e+00
7.225000000000000311e-01 0.000000000000000000e+00 1.475897700000000201e+00 1.475897700000000201e+00 1.067555299999999985e+00
7.275000000000000355e-01 0.000000000000000000e+00 1.386687200000000120e+00 1.386687200000000120e+00 1.062560700000000136e+00
7.325000000000000400e-01 0.000000000000000000e+00 1.308236500000000024e+00 1.308236500000000024e+00 1.057603699999999813e+00
7.375000000000000444e-01 0.000000000000000000e+00 1.239662800000000065e+00 1.239662800000000065e+00 1.052974800000000100e+00
7.425000000000000488e-01 0.000000000000000000e+00 1.178929399999999905e+00 1.178929399999999905e+00 1.048249699999999951e+00
7.475000000000000533e-01 0.000000000000000000e+00 1.127731599999999945e+00 1.127731599999999945e+00 1.043481199999999998e+00
7.524999999999999467e-01 0.000000000000000000e+00 1.082449800000000018e+00 1.082449800000000018e+00 1.039254799999999923e+00
7.574999999999999512e-01 0.000000000000000000e+00 1.043875999999999582e+00 1.043875999999999582e+00 1.034946099999999980e+00
7.624999999999999556e-01 0.000000000000000000e+00 1.011992200000000119e+00 1.011992200000000119e+00 1.030882900000000157e+00
7.674999999999999600e-01 0.000000000000000000e+00 9.848737999999996884e-01 9.848737999999996884e-01 1.026964599999999894e+00
7.724999999999999645e-01 0.000000000000000000e+00 9.633445999999998843e-01 9.633445999999998843e-01 1.023291599999999857e+00
7.774999999999999689e-01 0.000000000000000000e+00 9.472277000000000058e-01 9.472277000000000058e-01 1.019612899999999822e+00
7.824999999999999734e-01 0.000000000000000000e+00 9.353771999999999087e-01 9.353771999999999087e-01 1.016268699999999914e+00
7.874999999999999778e-01 0.000000000000000000e+00 9.283187999999998885e-01 9.283187999999998885e-01 1.013216700000000081e+00
7.924999999999999822e-01 0.000000000000000000e+00 9.254206000000001486e-01 9.254206000000001486e-01 1.009991499999999931e+00
7.974999999999999867e-01 0.000000000000000000e+00 9.273985000000000145e-01 9.273985000000000145e-01 1.007416499999999937e+00
8.024999999999999911e-01 0.000000000000000000e+00 9.329604000000001340e-01 9.329604000000001340e-01 1.004842000000000235e+00
8.074999999999999956e-01 0.000000000000000000e+00 9.430093000000001613e-01 9.430093000000001613e-01 1.002449099999999982e+00
8.125000000000000000e-01 0.000000000000000000e+00 9.578058999999999878e-01 9.578058999999999878e-01 1.000191599999999958e+00
8.175000000000000044e-01 0.000000000000000000e+00 9.772846000000001698e-01 9.772846000000001698e-01 9.980739999999999057e-01
8.225000000000000089e-01 0.000000000000000000e+00 1.000871499999999914e+00 1.000871499999999914e+00 9.963457000000000008e-01
8.275000000000000133e-01 0.000000000000000000e+00 1.028061200000000008e+00 1.028061200000000008e+00 9.943354999999998167e-01
8.325000000000000178e-01 0.000000000000000000e+00 1.059049399999999919e+00 1.059049399999999919e+00 9.926825999999999706e-01
8.375000000000000222e-01 0.000000000000000000e+00 1.092645900000000170e+00 1.092645900000000170e+00 9.911092999999999709e-01
8.425000000000000266e-01 0.000000000000000000e+00 1.128215299999999921e+00 1.128215299999999921e+00 9.895397999999999694e-01
8.475000000000000311e-01 0.000000000000000000e+00 1.165055700000000138e+00 1.165055700000000138e+00 9.881507000000000485e-01
8.525000000000000355e-01 0.000000000000000000e+00 1.200675200000000276e+00 1.200675200000000276e+00 9.866502999999999801e-01
8.575000000000000400e-01 0.000000000000000000e+00 1.234380000000000033e+00 1.234380000000000033e+00 9.854340999999999795e-01
8.625000000000000444e-01 0.000000000000000000e+00 1.262646299999999888e+00 1.262646299999999888e+00 9.840944999999999832e-01
8.675000000000000488e-01 0.000000000000000000e+00 1.286660300000000090e+00 1.286660300000000090e+00 9.828189000000000508e-01
8.725000000000000533e-01 0.000000000000000000e+00 1.302905700000000166e+00 1.302905700000000166e+00 9.815831999999999891e-01
8.774999999999999467e-01 0.000000000000000000e+00 1.312091600000000025e+00 1.312091600000000025e+00 9.801716000000000317e-01
8.824999999999999512e-01 0.000000000000000000e+00 1.313846499999999917e+00 1.313846499999999917e+00 9.791268000000000749e-01
8.874999999999999556e-01 0.000000000000000000e+00 1.309297300000000108e+00 1.309297300000000108e+00 9.777637000000000134e-01
8.924999999999999600e-01 0.000000000000000000e+00 1.298886100000000043e+00 1.298886100000000043e+00 9.766904000000000696e-01
8.974999999999999645e-01 0.000000000000000000e+00 1.285725999999999924e+00 1.285725999999999924e+00 9.753944999999999421e-01
9.024999999999999689e-01 0.000000000000000000e+00 1.267739600000000078e+00 1.267739600000000078e+00 9.743036000000000474e-01
9.074999999999999734e-01 0.000000000000000000e+00 1.248248299999999755e+00 1.248248299999999755e+00 9.730338000000001708e-01
9.124999999999999778e-01 0.000000000000000000e+00 1.226911499999999933e+00 1.226911499999999933e+00 9.718036000000001007e-01
9.174999999999999822e-01 0.000000000000000000e+00 1.204692499999999944e+00 1.204692499999999944e+00 9.706354000000001481e-01
9.224999999999999867e-01 4.799999999999999783e-06 1.183253100000000169e+00 1.183253100000000169e+00 9.695292999999999273e-01
9.274999999999999911e-01 3.339999999999999870e-05 1.160632200000000003e+00 1.160632200000000003e+00 9.683783999999999725e-01
9.324999999999999956e-01 1.837999999999999682e-04 1.138431399999999982e+00 1.138431399999999982e+00 9.673852999999998925e-01
9.375000000000000000e-01 1.096000000000000186e-03 1.117004800000000131e+00 1.117004800000000131e+00 9.663586999999997929e-01
9.425000000000000044e-01 3.885399999999999791e-03 1.096778499999999879e+00 1.096778499999999879e+00 9.654035000000000810e-01
9.475000000000000089e-01 1.358359999999999776e-02 1.077217800000000114e+00 1.077217800000000114e+00 9.645705000000001084e-01
9.525000000000000133e-01 3.961909999999999737e-02 1.059234800000000032e+00 1.059234800000000032e+00 9.636462999999999557e-01
9.575000000000000178e-01 9.861319999999999808e-02 1.041734900000000241e+00 1.041734900000000241e+00 9.629042999999999353e-01
9.625000000000000222e-01 2.174431000000000280e-01 1.026146800000000248e+00 1.026146800000000248e+00 9.621752000000001193e-01
9.675000000000000266e-01 4.323384000000000671e-01 1.011913800000000085e+00 1.011913800000000085e+00 9.615825000000001177e-01
9.725000000000000311e-01 7.740530000000001021e-01 9.987576000000000231e-01 9.987576000000000231e-01 9.608901000000000803e-01
9.775000000000000355e-01 1.263063200000000164e+00 9.867300999999999433e-01 9.867300999999999433e-01 9.606285999999999436e-01
9.825000000000000400e-01 1.904796499999999781e+00 9.761684999999999945e-01 9.761684999999999945e-01 9.602259999999999129e-01
9.875000000000000444e-01 2.659459000000000461e+00 9.669773999999999869e-01 9.669773999999999869e-01 9.597713999999999412e-01
9.925000000000000488e-01 3.491069600000000328e+00 9.590672000000000086e-01 9.590672000000000086e-01 9.595921000000000589e-01
9.975000000000000533e-01 4.314350100000000410e+00 9.525013999999998315e-01 9.525013999999998315e-01 9.594294000000000988e-01
1.002499999999999947e+00 5.034456399999999832e+00 9.479368999999999712e-01 9.479368999999999712e-01 9.593195000000001027e-01
1.007500000000000062e+00 5.604888799999999449e+00 9.433811999999998088e-01 9.433811999999998088e-01 9.593112999999998669e-01
1.012499999999999956e+00 5.970824299999998530e+00 9.404369000000001311e-01 9.404369000000001311e-01 9.592642999999998477e-01
1.017500000000000071e+00 6.098984299999999692e+00 9.381100999999999468e-01 9.381100999999999468e-01 9.593510000000000648e-01
1.022499999999999964e+00 6.022420499999999954e+00 9.375401999999999347e-01 9.375401999999999347e-01 9.595330999999998056e-01
1.027500000000000080e+00 5.763690599999999442e+00 9.377416000000000640e-01 9.377416000000000640e-01 9.597861999999999227e-01
1.032499999999999973e+00 5.396014899999999948e+00 9.381838999999999595e-01 9.381838999999999595e-01 9.602117000000001124e-01
1.037500000000000089e+00 4.922092799999999713e+00 9.400368999999999531e-01 9.400368999999999531e-01 9.605911999999999784e-01
1.042499999999999982e+00 4.426990299999999046e+00 9.416216000000000586e-01 9.416216000000000586e-01 9.609768999999998007e-01
1.047500000000000098e+00 3.931130999999999709e+00 9.443637999999999755e-01 9.443637999999999755e-01 9.615079999999999183e-01
1.052499999999999991e+00 3.451508900000000324e+00 9.467256000000000560e-01 9.467256000000000560e-01 9.619268999999999181e-01
1.057500000000000107e+00 3.025889200000000390e+00 9.492987999999999982e-01 9.492987999999999982e-01 9.626569000000000376e-01
1.062500000000000000e+00 2.646909699999999699e+00 9.520386999999997935e-01 9.520386999999997935e-01 9.631553999999999949e-01
1.067499999999999893e+00 2.319201399999999857e+00 9.550915999999999295e-01 9.550915999999999295e-01 9.638925999999999883e-01
1.072500000000000009e+00 2.042729100000000297e+00 9.575106000000002116e-01 9.575106000000002116e-01 9.646570000000000977e-01
1.077499999999999902e+00 1.804090400000000205e+00 9.595873999999998682e-01 9.595873999999998682e-01 9.652658999999997880e-01
1.082500000000000018e+00 1.615115700000000043e+00 9.607160999999999618e-01 9.607160999999999618e-01 9.661792999999999632e-01
1.087499999999999911e+00 1.455569499999999739e+00 9.618399999999999173e-01 9.618399999999999173e-01 9.670218999999999898e-01
1.092500000000000027e+00 1.321515199999999890e+00 9.622230000000000505e-01 9.622230000000000505e-01 9.679588000000001191e-01
1.097499999999999920e+00 1.205104299999999906e+00 9.624579999999998137e-01 9.624579999999998137e-01 9.689247999999999195e-01
1.102500000000000036e+00 1.113033399999999729e+00 9.609786000000001271e-01 9.609786000000001271e-01 9.699240999999998447e-01
1.107499999999999929e+00 1.031344999999999956e+00 9.593954999999999567e-01 9.593954999999999567e-01 9.710558000000000245e-01
1.112500000000000044e+00 9.617611000000000354e-01 9.572855000000000114e-01 9.572855000000000114e-01 9.720738000000000989e-01
1.117499999999999938e+00 9.055565000000000975e-01 9.551714000000000038e-01 9.551714000000000038e-01 9.732418000000000458e-01
1.122500000000000053e+00 8.548428000000001248e-01 9.522820000000000729e-01 9.522820000000000729e-01 9.745081000000000993e-01
1.127499999999999947e+00 8.142226000000001296e-01 9.490265999999998314e-01 9.490265999999998314e-01 9.757346000000000075e-01
1.132500000000000062e+00 7.901323000000000096e-01 9.452440999999998095e-01 9.452440999999998095e-01 9.770096999999999809e-01
1.137499999999999956e+00 7.688722999999999530e-01 9.412734000000000378e-01 9.412734000000000378e-01 9.782696999999999088e-01
1.142500000000000071e+00 7.540557999999999428e-01 9.379474999999999341e-01 9.379474999999999341e-01 9.796010000000000550e-01
1.147499999999999964e+00 7.416647000000000656e-01 9.338364000000000109e-01 9.338364000000000109e-01 9.811841000000001145e-01
1.152500000000000080e+00 7.333610999999999880e-01 9.297646000000000521e-01 9.297646000000000521e-01 9.826033000000000683e-01
1.157499999999999973e+00 7.256867000000000179e-01 9.263579999999999037e-01 9.263579999999999037e-01 9.841180000000001593e-01
1.162500000000000089e+00 7.243076999999999988e-01 9.224241000000000801e-01 9.224241000000000801e-01 9.857143000000000432e-01
1.167499999999999982e+00 7.120395999999999948e-01 9.182213000000001291e-01 9.182213000000001291e-01 9.872729999999998451e-01
1.172500000000000098e+00 7.151543999999998569e-01 9.147576999999997849e-01 9.147576999999997849e-01 9.890319000000001859e-01
1.177499999999999991e+00 7.152013999999999871e-01 9.120229999999999171e-01 9.120229999999999171e-01 9.906803999999999055e-01
1.182500000000000107e+00 7.178052000000000321e-01 9.087823999999999902e-01 9.087823999999999902e-01 9.924825000000000452e-01
1.187500000000000000e+00 7.171421000000000046e-01 9.061306999999999556e-01 9.061306999999999556e-01 9.943212999999999635e-01
1.192499999999999893e+00 7.199986000000000441e-01 9.034427999999999903e-01 9.034427999999999903e-01 9.962001000000000328e-01
1.197500000000000009e+00 7.222089999999999899e-01 9.011748000000000536e-01 9.011748000000000536e-01 9.980886999999999398e-01
1.202499999999999902e+00 7.273785000000000389e-01 8.993056999999999856e-01 8.993056999999999856e-01 9.999491000000000351e-01
1.207500000000000018e+00 7.341782999999999504e-01 8.979217000000000448e-01 8.979217000000000448e-01 1.002005100000000093e+00
1.212499999999999911e+00 7.386164999999998981e-01 8.967337000000000780e-01 8.967337000000000780e-01 1.004097000000000239e+00
1.217500000000000027e+00 7.500612999999999309e-01 8.959101999999999899e-01 8.959101999999999899e-01 1.006260500000000224e+00
1.222499999999999920e+00 7.589582999999999746e-01 8.953682000000000585e-01 8.953682000000000585e-01 1.008315900000000154e+00
1.227500000000000036e+00 7.706446000000000129e-01 8.949844999999999606e-01 8.949844999999999606e-01 1.010470600000000108e+00
1.232499999999999929e+00 7.849665000000001225e-01 8.949702000000001600e-01 8.949702000000001600e-01 1.012759899999999602e+00
1.237500000000000044e+00 8.016156000000000947e-01 8.951128999999997671e-01 8.951128999999997671e-01 1.014994100000000010e+00
1.242499999999999938e+00 8.222915000000000640e-01 8.957612000000001462e-01 8.957612000000001462e-01 1.017330799999999869e+00
1.247500000000000053e+00 8.430033000000000110e-01 8.965353999999999823e-01 8.965353999999999823e-01 1.019820999999999867e+00
1.252499999999999947e+00 8.649343999999998811e-01 8.974572000000000660e-01 8.974572000000000660e-01 1.022145000000000081e+00
1.257500000000000062e+00 8.879166999999998922e-01 8.988802999999998544e-01 8.988802999999998544e-01 1.024641400000000147e+00
1.262499999999999956e+00 9.147489999999999233e-01 9.001668000000000447e-01 9.001668000000000447e-01 1.027029600000000098e+00
1.267500000000000071e+00 9.383475999999999484e-01 9.015460999999997949e-01 9.015460999999997949e-01 1.029247900000000104e+00
1.272499999999999964e+00 9.645405000000000229e-01 9.029589000000000087e-01 9.029589000000000087e-01 1.031593999999999900e+00
1.277500000000000080e+00 9.791650999999997884e-01 9.044796999999998866e-01 9.044796999999998866e-01 1.033679999999999932e+00
1.282499999999999973e+00 9.933191000000001214e-01 9.058800999999998549e-01 9.058800999999998549e-01 1.035551499999999958e+00
1.287500000000000089e+00 1.001014599999999977e+00 9.078511999999999693e-01 9.078511999999999693e-01 1.036984400000000139e+00
1.292499999999999982e+00 1.004761899999999875e+00 9.094767999999999741e-01 9.094767999999999741e-01 1.038462200000000113e+00
1.297500000000000098e+00 1.002866000000000035e+00 9.110571000000000641e-01 9.110571000000000641e-01 1.039315800000000234e+00
1.302499999999999991e+00 9.917478000000000682e-01 9.129260000000000153e-01 9.129260000000000153e-01 1.039585099999999818e+00
1.307500000000000107e+00 9.779047999999999075e-01 9.143564999999999054e-01 9.143564999999999054e-01 1.039646899999999929e+00
1.312500000000000000e+00 9.629445000000002031e-01 9.157712000000000074e-01 9.157712000000000074e-01 1.039254200000000017e+00
1.317499999999999893e+00 9.476911000000001195e-01 9.172450000000000880e-01 9.172450000000000880e-01 1.038444299999999876e+00
1.322500000000000009e+00 9.319640999999998510e-01 9.184748999999999830e-01 9.184748999999999830e-01 1.037434900000000049e+00
1.327499999999999902e+00 9.149260000000000170e-01 9.195648999999999074e-01 9.195648999999999074e-01 1.036147499999999777e+00
1.332500000000000018e+00 8.977555999999999869e-01 9.205915000000001180e-01 9.205915000000001180e-01 1.034548399999999813e+00
1.337499999999999911e+00 8.820738000000000190e-01 9.217600999999999711e-01 9.217600999999999711e-01 1.032973099999999977e+00
1.342500000000000027e+00 8.729480000000000572e-01 9.228184000000000387e-01 9.228184000000000387e-01 1.031454699999999836e+00
1.347499999999999920e+00 8.562459999999999516e-01 9.238535999999999415e-01 9.238535999999999415e-01 1.029775200000000224e+00
1.352500000000000036e+00 8.473007999999999651e-01 9.247628999999999433e-01 9.247628999999999433e-01 1.028233699999999917e+00
1.357499999999999929e+00 8.380698000000000869e-01 9.258467000000001335e-01 9.258467000000001335e-01 1.026689900000000044e+00
1.362500000000000044e+00 8.290355000000000363e-01 9.263247000000000009e-01 9.263247000000000009e-01 1.025225599999999959e+00
1.367499999999999938e+00 8.215505000000000724e-01 9.277442999999998552e-01 9.277442999999998552e-01 1.023895999999999917e+00
1.372500000000000053e+00 8.148923999999999612e-01 9.286844999999999128e-01 9.286844999999999128e-01 1.022674299999999814e+00
1.377499999999999947e+00 8.139082999999999180e-01 9.295879000000001335e-01 9.295879000000001335e-01 1.021687599999999918e+00
1.382500000000000062e+00 8.068052999999999475e-01 9.305193999999999965e-01 9.305193999999999965e-01 1.020661400000000052e+00
1.387499999999999956e+00 8.023379000000000483e-01 9.317866999999999678e-01 9.317866999999999678e-01 1.019982599999999850e+00
1.392500000000000071e+00 8.004802999999999225e-01 9.331710000000000838e-01 9.331710000000000838e-01 1.019139400000000029e+00
1.397499999999999964e+00 7.962401999999999536e-01 9.343299999999998828e-01 9.343299999999998828e-01 1.018468999999999847e+00
1.402500000000000080e+00 7.981351999999998226e-01 9.358942999999998458e-01 9.358942999999998458e-01 1.017971500000000251e+00
1.407499999999999973e+00 7.972121999999999264e-01 9.375310999999998396e-01 9.375310999999998396e-01 1.017760899999999857e+00
1.412500000000000089e+00 7.940713999999999828e-01 9.390413000000000787e-01 9.390413000000000787e-01 1.017510400000000148e+00
1.417499999999999982e+00 7.955316000000000054e-01 9.411771999999999361e-01 9.411771999999999361e-01 1.017379100000000092e+00
1.422500000000000098e+00 7.952626999999999891e-01 9.432997000000000742e-01 9.432997000000000742e-01 1.017319599999999991e+00
1.427499999999999991e+00 7.983673999999999493e-01 9.448237999999999914e-01 9.448237999999999914e-01 1.017387800000000064e+00
1.432500000000000107e+00 7.999571000000000875e-01 9.473117999999999261e-01 9.473117999999999261e-01 1.017545600000000050e+00
1.437500000000000000e+00 8.037362000000000117e-01 9.496190999999999383e-01 9.496190999999999383e-01 1.017743700000000029e+00
1.442499999999999893e+00 8.080993999999999122e-01 9.517107999999998569e-01 9.517107999999998569e-01 1.018029099999999909e+00
1.447500000000000009e+00 8.079359000000000401e-01 9.546428999999999609e-01 9.546428999999999609e-01 1.018203100000000028e+00
1.452499999999999902e+00 8.140929000000000082e-01 9.570015999999998968e-01 9.570015999999998968e-01 1.018486199999999897e+00
1.457500000000000018e+00 8.191316000000000708e-01 9.596971999999999170e-01 9.596971999999999170e-01 1.018960499999999936e+00
1.462499999999999911e+00 8.207377000000001255e-01 9.628338000000000729e-01 9.628338000000000729e-01 1.019279800000000069e+00
1.467500000000000027e+00 8.228562000000000376e-01 9.653490999999998490e-01 9.653490999999998490e-01 1.019733100000000059e+00
1.472499999999999920e+00 8.283805000000000751e-01 9.685072000000000125e-01 9.685072000000000125e-01 1.019956499999999933e+00
1.477500000000000036e+00 8.304465000000000874e-01 9.712797000000001901e-01 9.712797000000001901e-01 1.020232199999999922e+00
1.482499999999999929e+00 8.365854999999999819e-01 9.744277999999999551e-01 9.744277999999999551e-01 1.020520400000000105e+00
1.487500000000000044e+00 8.396147000000000471e-01 9.776743000000001071e-01 9.776743000000001071e-01 1.020765699999999887e+00
1.492499999999999938e+00 8.446752999999999068e-01 9.805435999999998486e-01 9.805435999999998486e-01 1.020931200000000150e+00
1.497500000000000053e+00 8.466703000000000978e-01 9.835528000000000048e-01 9.835528000000000048e-01 1.020928599999999964e+00
1.502499999999999947e+00 8.466514999999998903e-01 9.866309000000000884e-01 9.866309000000000884e-01 1.020862399999999948e+00
1.507500000000000062e+00 8.503645000000000786e-01 9.899284999999998780e-01 9.899284999999998780e-01 1.020809099999999914e+00
1.512499999999999956e+00 8.516983000000000192e-01 9.932214999999999794e-01 9.932214999999999794e-01 1.020644800000000130e+00
1.517500000000000071e+00 8.567327000000000137e-01 9.965062000000000086e-01 9.965062000000000086e-01 1.020205199999999923e+00
1.522499999999999964e+00 8.575993000000000643e-01 9.997151000000001897e-01 9.997151000000001897e-01 1.019832099999999908e+00
1.527500000000000080e+00 8.576809000000000793e-01 1.003027700000000078e+00 1.003027700000000078e+00 1.019328799999999813e+00
1.532499999999999973e+00 8.592005000000000337e-01 1.006273300000000148e+00 1.006273300000000148e+00 1.018728999999999996e+00
1.537500000000000089e+00 8.597529000000001531e-01 1.009468000000000032e+00 1.009468000000000032e+00 1.018038699999999963e+00
1.542499999999999982e+00 8.605745999999999674e-01 1.012994399999999962e+00 1.012994399999999962e+00 1.017354199999999986e+00
1.547500000000000098e+00 8.579598000000000502e-01 1.016750199999999937e+00 1.016750199999999937e+00 1.016500400000000193e+00
1.552499999999999991e+00 8.575153999999999277e-01 1.019859299999999802e+00 1.019859299999999802e+00 1.015708799999999856e+00
1.557500000000000107e+00 8.604068999999998635e-01 1.023646000000000056e+00 1.023646000000000056e+00 1.014806899999999956e+00
1.562500000000000000e+00 8.595577999999999275e-01 1.027050299999999972e+00 1.027050299999999972e+00 1.013868799999999792e+00
1.567499999999999893e+00 8.590440000000001408e-01 1.030701300000000042e+00 1.030701300000000042e+00 1.013029100000000238e+00
1.572500000000000009e+00 8.574414000000001312e-01 1.034317200000000048e+00 1.034317200000000048e+00 1.012229799999999846e+00
1.577499999999999902e+00 8.605617999999999324e-01 1.038495500000000016e+00 1.038495500000000016e+00 1.011188000000000198e+00
1.582500000000000018e+00 8.583766999999999925e-01 1.041995399999999794e+00 1.041995399999999794e+00 1.010394900000000096e+00
1.587499999999999911e+00 8.624948000000000059e-01 1.045930800000000049e+00 1.045930800000000049e+00 1.009527800000000086e+00
1.592500000000000027e+00 8.626248000000000804e-01 1.049916999999999989e+00 1.049916999999999989e+00 1.008718699999999746e+00
1.597499999999999920e+00 8.632709999999998995e-01 1.053836299999999948e+00 1.053836299999999948e+00 1.007840800000000092e+00
1.602500000000000036e+00 8.671615999999999769e-01 1.058030199999999921e+00 1.058030199999999921e+00 1.007153900000000046e+00
1.607499999999999929e+00 8.712457999999999592e-01 1.061634999999999884e+00 1.061634999999999884e+00 1.006463000000000108e+00
1.612500000000000044e+00 8.692469999999999919e-01 1.065805899999999973e+00 1.065805899999999973e+00 1.005866900000000008e+00
1.617499999999999938e+00 8.728287000000001239e-01 1.069410299999999925e+00 1.069410299999999925e+00 1.005217799999999828e+00
1.622500000000000053e+00 8.744302999999999937e-01 1.073339700000000008e+00 1.073339700000000008e+00 1.004670500000000022e+00
1.627499999999999947e+00 8.747946000000000888e-01 1.076375700000000046e+00 1.076375700000000046e+00 1.004045499999999924e+00
1.632500000000000062e+00 8.819177000000000266e-01 1.079833699999999785e+00 1.079833699999999785e+00 1.003630799999999823e+00
1.637499999999999956e+00 8.835847000000001117e-01 1.082133400000000023e+00 1.082133400000000023e+00 1.003211299999999806e+00
1.642500000000000071e+00 8.870078000000001239e-01 1.084388000000000130e+00 1.084388000000000130e+00 1.002747999999999973e+00
1.647499999999999964e+00 8.898838000000001136e-01 1.085569800000000029e+00 1.085569800000000029e+00 1.002393199999999762e+00
1.652500000000000080e+00 8.933602999999997740e-01 1.086188600000000282e+00 1.086188600000000282e+00 1.002074700000000096e+00
1.657499999999999973e+00 8.992449000000000137e-01 1.085834599999999872e+00 1.085834599999999872e+00 1.001769299999999863e+00
1.662500000000000089e+00 9.044637999999999289e-01 1.084559499999999899e+00 1.084559499999999899e+00 1.001543300000000025e+00
1.667499999999999982e+00 9.062040999999998458e-01 1.082687600000000083e+00 1.082687600000000083e+00 1.001317300000000188e+00
1.672500000000000098e+00 9.124513000000000762e-01 1.079486399999999957e+00 1.079486399999999957e+00 1.001110800000000189e+00
1.677499999999999991e+00 9.179055999999998772e-01 1.076328200000000068e+00 1.076328200000000068e+00 1.000907900000000073e+00
1.682500000000000107e+00 9.223770999999999498e-01 1.072138700000000000e+00 1.072138700000000000e+00 1.000721500000000042e+00
1.687500000000000000e+00 9.292840999999999463e-01 1.067586200000000263e+00 1.067586200000000263e+00 1.000540200000000102e+00
1.692499999999999893e+00 9.333219999999998739e-01 1.062761599999999973e+00 1.062761599999999973e+00 1.000317099999999959e+00
1.697500000000000009e+00 9.382348000000002575e-01 1.057967100000000160e+00 1.057967100000000160e+00 1.000211200000000078e+00
1.702499999999999902e+00 9.441502999999998869e-01 1.053230999999999806e+00 1.053230999999999806e+00 9.999953999999998677e-01
1.707500000000000018e+00 9.503065999999998903e-01 1.048005099999999912e+00 1.048005099999999912e+00 9.997676999999999259e-01
1.712499999999999911e+00 9.535244999999999971e-01 1.043386799999999948e+00 1.043386799999999948e+00 9.995922999999999892e-01
1.717500000000000027e+00 9.623459999999999237e-01 1.038709100000000163e+00 1.038709100000000163e+00 9.993441000000000685e-01
1.722499999999999920e+00 9.675250999999999157e-01 1.034329999999999972e+00 1.034329999999999972e+00 9.991471000000000657e-01
1.727500000000000036e+00 9.713702000000001835e-01 1.030414499999999789e+00 1.030414499999999789e+00 9.989571999999998786e-01
1.732499999999999929e+00 9.784937000000001328e-01 1.027024099999999773e+00 1.027024099999999773e+00 9.986696999999999935e-01
1.737500000000000044e+00 9.832263000000001085e-01 1.023338900000000162e+00 1.023338900000000162e+00 9.984747999999999957e-01
1.742499999999999938e+00 9.895367999999999942e-01 1.020637999999999934e+00 1.020637999999999934e+00 9.982561000000000906e-01
1.747500000000000053e+00 9.913472000000000950e-01 1.017678399999999872e+00 1.017678399999999872e+00 9.980028000000000787e-01
1.752499999999999947e+00 9.978353999999999280e-01 1.015749400000000024e+00 1.015749400000000024e+00 9.977343000000000739e-01
1.757500000000000062e+00 1.002639999999999976e+00 1.013379899999999889e+00 1.013379899999999889e+00 9.973353000000001467e-01
1.762499999999999956e+00 1.006483199999999911e+00 1.012166700000000308e+00 1.012166700000000308e+00 9.970356999999999692e-01
1.767500000000000071e+00 1.012157299999999926e+00 1.010696000000000039e+00 1.010696000000000039e+00 9.967924000000001339e-01
1.772499999999999964e+00 1.013381600000000216e+00 1.009649699999999983e+00 1.009649699999999983e+00 9.964707000000000425e-01
1.777500000000000080e+00 1.017827700000000224e+00 1.008385199999999982e+00 1.008385199999999982e+00 9.961235999999999979e-01
1.782499999999999973e+00 1.021383200000000047e+00 1.008093799999999929e+00 1.008093799999999929e+00 9.958532999999999413e-01
1.787500000000000089e+00 1.025318400000000185e+00 1.007654799999999851e+00 1.007654799999999851e+00 9.956405000000000394e-01
1.792499999999999982e+00 1.028792799999999952e+00 1.007194200000000261e+00 1.007194200000000261e+00 9.953134000000000148e-01
1.797500000000000098e+00 1.034506900000000007e+00 1.007394300000000076e+00 1.007394300000000076e+00 9.950377000000001360e-01
1.802499999999999991e+00 1.036877899999999908e+00 1.007362399999999880e+00 1.007362399999999880e+00 9.947709000000000135e-01
1.807500000000000107e+00 1.037767600000000012e+00 1.007360599999999939e+00 1.007360599999999939e+00 9.945032000000001426e-01
1.812500000000000000e+00 1.040890199999999988e+00 1.007424599999999781e+00 1.007424599999999781e+00 9.942600999999999800e-01
1.817499999999999893e+00 1.048084999999999933e+00 1.007555500000000048e+00 1.007555500000000048e+00 9.940151000000000403e-01
1.822500000000000009e+00 1.047967099999999929e+00 1.007628700000000155e+00 1.007628700000000155e+00 9.938036999999999566e-01
1.827499999999999902e+00 1.053100400000000159e+00 1.008289699999999955e+00 1.008289699999999955e+00 9.936762000000000095e-01
1.832500000000000018e+00 1.052539499999999961e+00 1.008619800000000177e+00 1.008619800000000177e+00 9.935144000000001308e-01
1.837499999999999911e+00 1.059794700000000089e+00 1.008781099999999986e+00 1.008781099999999986e+00 9.934255000000001834e-01
1.842500000000000027e+00 1.065104899999999910e+00 1.009215299999999926e+00 1.009215299999999926e+00 9.932180999999999926e-01
1.847499999999999920e+00 1.067340900000000037e+00 1.009042399999999784e+00 1.009042399999999784e+00 9.931310999999999334e-01
1.852500000000000036e+00 1.071236000000000077e+00 1.009344299999999972e+00 1.009344299999999972e+00 9.930204999999998616e-01
1.857499999999999929e+00 1.076794000000000029e+00 1.009503499999999887e+00 1.009503499999999887e+00 9.930092999999999837e-01
1.862500000000000044e+00 1.081899400000000178e+00 1.009275600000000050e+00 1.009275600000000050e+00 9.929052999999999907e-01
1.867499999999999938e+00 1.086636900000000017e+00 1.009290200000000137e+00 1.009290200000000137e+00 9.928809000000000662e-01
1.872500000000000053e+00 1.092541800000000007e+00 1.008709399999999867e+00 1.008709399999999867e+00 9.928421999999998970e-01
1.877499999999999947e+00 1.098587900000000062e+00 1.008830899999999975e+00 1.008830899999999975e+00 9.929160999999998571e-01
1.882500000000000062e+00 1.103438499999999989e+00 1.007998100000000008e+00 1.007998100000000008e+00 9.928287000000001195e-01
1.887499999999999956e+00 1.108797500000000102e+00 1.007357700000000023e+00 1.007357700000000023e+00 9.928427000000000779e-01
1.892500000000000071e+00 1.113880800000000004e+00 1.006872899999999849e+00 1.006872899999999849e+00 9.929489999999999705e-01
1.897499999999999964e+00 1.119526099999999857e+00 1.005869800000000147e+00 1.005869800000000147e+00 9.930242000000000235e-01
1.902500000000000080e+00 1.127680699999999980e+00 1.005230999999999986e+00 1.005230999999999986e+00 9.930682999999997929e-01
1.907499999999999973e+00 1.130932399999999838e+00 1.004096499999999947e+00 1.004096499999999947e+00 9.931202999999999559e-01
1.912500000000000089e+00 1.139310099999999881e+00 1.002924200000000043e+00 1.002924200000000043e+00 9.931862999999999664e-01
1.917499999999999982e+00 1.142798699999999945e+00 1.002118300000000017e+00 1.002118300000000017e+00 9.933265999999999485e-01
1.922500000000000098e+00 1.151094499999999909e+00 1.000671499999999936e+00 1.000671499999999936e+00 9.933771000000000129e-01
1.927499999999999991e+00 1.150838800000000051e+00 9.995211000000001622e-01 9.995211000000001622e-01 9.934250000000000025e-01
1.932500000000000107e+00 1.158241499999999702e+00 9.984581999999999624e-01 9.984581999999999624e-01 9.935841999999999175e-01
1.937500000000000000e+00 1.163992499999999986e+00 9.976864000000000843e-01 9.976864000000000843e-01 9.936202999999999008e-01
1.942499999999999893e+00 1.165386999999999951e+00 9.960950000000000637e-01 9.960950000000000637e-01 9.937934000000000490e-01
1.947500000000000009e+00 1.170695200000000158e+00 9.951682000000001693e-01 9.951682000000001693e-01 9.938888000000000167e-01
1.952499999999999902e+00 1.172700700000000040e+00 9.940255000000000063e-01 9.940255000000000063e-01 9.939508999999999705e-01
1.957500000000000018e+00 1.176667099999999966e+00 9.930883999999998712e-01 9.930883999999998712e-01 9.940353999999999024e-01
1.962499999999999911e+00 1.175244600000000306e+00 9.919430000000000192e-01 9.919430000000000192e-01 9.941293999999999409e-01
1.967500000000000027e+00 1.174864700000000095e+00 9.912008999999999403e-01 9.912008999999999403e-01 9.942294000000000409e-01
1.972499999999999920e+00 1.172191500000000053e+00 9.901160000000001071e-01 9.901160000000001071e-01 9.943919000000001063e-01
1.977500000000000036e+00 1.171550199999999986e+00 9.892304000000000652e-01 9.892304000000000652e-01 9.945125000000001325e-01
1.982499999999999929e+00 1.165984900000000213e+00 9.885193000000001007e-01 9.885193000000001007e-01 9.946319999999999606e-01
1.987500000000000044e+00 1.160751300000000041e+00 9.879048999999999747e-01 9.879048999999999747e-01 9.947425000000000850e-01
1.992499999999999938e+00 1.155735600000000085e+00 9.871367000000000891e-01 9.871367000000000891e-01 9.948140000000000871e-01
1.997500000000000053e+00 1.144903299999999735e+00 9.868620000000000170e-01 9.868620000000000170e-01 9.950588999999998574e-01
