2.500000000000000052e-03 0.000000000000000000e+00 0.000000000000000000e+00 0.000000000000000000e+00 0.000000000000000000e+00
7.499999999999999722e-03 0.000000000000000000e+00 0.000000000000000000e+00 0.000000000000000000e+00 0.000000000000000000e+00
1.250000000000000069e-02 0.000000000000000000e+00 0.000000000000000000e+00 0.000000000000000000e+00 0.000000000000000000e+00
1.750000000000000167e-02 0.000000000000000000e+00 0.000000000000000000e+00 0.000000000000000000e+00 0.000000000000000000e+00
2.249999999999999917e-02 0.000000000000000000e+00 0.000000000000000000e+00 0.000000000000000000e+00 0.000000000000000000e+00
2.750000000000000014e-02 0.000000000000000000e+00 0.000000000000000000e+00 0.000000000000000000e+00 0.000000000000000000e+00
3.250000000000000111e-02 0.000000000000000000e+00 0.000000000000000000e+00 0.000000000000000000e+00 0.000000000000000000e+00
3.749999999999999861e-02 0.000000000000000000e+00 0.000000000000000000e+00 0.000000000000000000e+00 0.000000000000000000e+00
4.250000000000000305e-02 0.000000000000000000e+00 0.000000000000000000e+00 0.000000000000000000e+00 0.000000000000000000e+00
4.750000000000000056e-02 0.000000000000000000e+00 0.000000000000000000e+00 0.000000000000000000e+00 0.000000000000000000e+00
5.249999999999999806e-02 0.000000000000000000e+00 0.000000000000000000e+00 0.000000000000000000e+00 0.000000000000000000e+00
5.750000000000000250e-02 0.000000000000000000e+00 0.000000000000000000e+00 0.000000000000000000e+00 0.000000000000000000e+00
6.250000000000000000e-02 0.000000000000000000e+00 0.000000000000000000e+00 0.000000000000000000e+00 0.000000000000000000e+00
6.750000000000000444e-02 0.000000000000000000e+00 0.000000000000000000e+00 0.000000000000000000e+00 0.000000000000000000e+00
7.249999999999999500e-02 0.000000000000000000e+00 0.000000000000000000e+00 0.000000000000000000e+00 0.000000000000000000e+00
7.749999999999999944e-02 0.000000000000000000e+00 0.000000000000000000e+00 0.000000000000000000e+00 0.000000000000000000e+00
8.250000000000000389e-02 0.000000000000000000e+00 0.000000000000000000e+00 0.000000000000000000e+00 0.000000000000000000e+00
8.749999999999999445e-02 0.000000000000000000e+00 0.000000000000000000e+00 0.000000000000000000e+00 0.000000000000000000e+00
9.249999999999999889e-02 0.000000000000000000e+00 0.000000000000000000e+00 0.000000000000000000e+00 0.000000000000000000e+00
9.750000000000000333e-02 0.000000000000000000e+00 0.000000000000000000e+00 0.000000000000000000e+00 0.000000000000000000e+00
1.024999999999999939e-01 0.000000000000000000e+00 0.000000000000000000e+00 0.000000000000000000e+00 0.000000000000000000e+00
1.074999999999999983e-01 0.000000000000000000e+00 0.000000000000000000e+00 0.000000000000000000e+00 0.000000000000000000e+00
1.125000000000000028e-01 0.000000000000000000e+00 0.000000000000000000e+00 0.000000000000000000e+00 0.000000000000000000e+00
1.174999999999999933e-01 0.000000000000000000e+00 0.000000000000000000e+00 0.000000000000000000e+00 0.000000000000000000e+00
1.224999999999999978e-01 0.000000000000000000e+00 0.000000000000000000e+00 0.000000000000000000e+00 0.000000000000000000e+00
1.275000000000000022e-01 0.000000000000000000e+00 0.000000000000000000e+00 0.000000000000000000e+00 0.000000000000000000e+00
1.325000000000000067e-01 0.000000000000000000e+00 0.000000000000000000e+00 0.000000000000000000e+00 0.000000000000000000e+00
1.375000000000000111e-01 0.000000000000000000e+00 0.000000000000000000e+00 0.000000000000000000e+00 0.000000000000000000e+00
1.424999999999999878e-01 0.000000000000000000e+00 0.000000000000000000e+00 0.000000000000000000e+00 0.000000000000000000e+00
1.474999999999999922e-01 0.000000000000000000e+00 0.000000000000000000e+00 0.000000000000000000e+00 0.000000000000000000e+00
1.524999999999999967e-01 0.000000000000000000e+00 0.000000000000000000e+00 0.000000000000000000e+00 0.000000000000000000e+00
1.575000000000000011e-01 0.000000000000000000e+00 0.000000000000000000e+00 0.000000000000000000e+00 0.000000000000000000e+00
1.625000000000000056e-01 0.000000000000000000e+00 0.000000000000000000e+00 0.000000000000000000e+00 0.000000000000000000e+00
1.675000000000000100e-01 0.000000000000000000e+00 0.000000000000000000e+00 0.000000000000000000e+00 0.000000000000000000e+00
1.724999999999999867e-01 0.000000000000000000e+00 0.000000000000000000e+00 0.000000000000000000e+00 0.000000000000000000e+00
1.774999999999999911e-01 0.000000000000000000e+00 0.000000000000000000e+00 0.000000000000000000e+00 0.000000000000000000e+00
1.824999999999999956e-01 0.000000000000000000e+00 0.000000000000000000e+00 0.000000000000000000e+00 0.000000000000000000e+00
1.875000000000000000e-01 0.000000000000000000e+00 0.000000000000000000e+00 0.000000000000000000e+00 0.000000000000000000e+00
1.925000000000000044e-01 0.000000000000000000e+00 0.000000000000000000e+00 0.000000000000000000e+00 0.000000000000000000e+00
1.975000000000000089e-01 0.000000000000000000e+00 0.000000000000000000e+00 0.000000000000000000e+00 5.149999999999999142e-05
2.025000000000000133e-01 0.000000000000000000e+00 0.000000000000000000e+00 0.000000000000000000e+00 8.288000000000000228e-03
2.074999999999999900e-01 0.000000000000000000e+00 0.000000000000000000e+00 0.000000000000000000e+00 1.978119999999999878e-01
2.124999999999999944e-01 0.000000000000000000e+00 0.000000000000000000e+00 0.000000000000000000e+00 1.265008300000000085e+00
2.174999999999999989e-01 0.000000000000000000e+00 0.000000000000000000e+00 0.000000000000000000e+00 3.246728799999999637e+00
2.225000000000000033e-01 0.000000000000000000e+00 0.000000000000000000e+00 0.000000000000000000e+00 4.455272100000000179e+00
2.275000000000000078e-01 0.000000000000000000e+00 0.000000000000000000e+00 0.000000000000000000e+00 4.312634800000000546e+00
2.325000000000000122e-01 0.000000000000000000e+00 0.000000000000000000e+00 0.000000000000000000e+00 3.986838800000000127e+00
2.374999999999999889e-01 0.000000000000000000e+00 0.000000000000000000e+00 0.000000000000000000e+00 3.695078099999999033e+00
2.424999999999999933e-01 0.000000000000000000e+00 0.000000000000000000e+00 0.000000000000000000e+00 3.432344200000000178e+00
2.474999999999999978e-01 0.000000000000000000e+00 0.000000000000000000e+00 0.000000000000000000e+00 3.194833299999999543e+00
2.525000000000000022e-01 0.000000000000000000e+00 0.000000000000000000e+00 0.000000000000000000e+00 2.980500900000000009e+00
2.575000000000000067e-01 0.000000000000000000e+00 0.000000000000000000e+00 0.000000000000000000e+00 2.788394199999999934e+00
2.625000000000000111e-01 0.000000000000000000e+00 0.000000000000000000e+00 0.000000000000000000e+00 2.614271599999999918e+00
2.675000000000000155e-01 0.000000000000000000e+00 0.000000000000000000e+00 0.000000000000000000e+00 2.456271600000000443e+00
2.725000000000000200e-01 0.000000000000000000e+00 0.000000000000000000e+00 0.000000000000000000e+00 2.314375800000000094e+00
2.775000000000000244e-01 0.000000000000000000e+00 0.000000000000000000e+00 0.000000000000000000e+00 2.185587299999999900e+00
2.824999999999999734e-01 0.000000000000000000e+00 0.000000000000000000e+00 0.000000000000000000e+00 2.070153000000000354e+00
2.874999999999999778e-01 0.000000000000000000e+00 0.000000000000000000e+00 0.000000000000000000e+00 1.964965899999999932e+00
2.924999999999999822e-01 0.000000000000000000e+00 0.000000000000000000e+00 0.000000000000000000e+00 1.871507899999999891e+00
2.974999999999999867e-01 0.000000000000000000e+00 0.000000000000000000e+00 0.000000000000000000e+00 1.786388699999999385e+00
3.024999999999999911e-01 0.000000000000000000e+00 0.000000000000000000e+00 0.000000000000000000e+00 1.709860300000000111e+00
3.074999999999999956e-01 0.000000000000000000e+00 0.000000000000000000e+00 0.000000000000000000e+00 1.641197299999999970e+00
3.125000000000000000e-01 0.000000000000000000e+00 0.000000000000000000e+00 0.000000000000000000e+00 1.579541599999999990e+00
3.175000000000000044e-01 0.000000000000000000e+00 0.000000000000000000e+00 0.000000000000000000e+00 1.525378499999999971e+00
3.225000000000000089e-01 0.000000000000000000e+00 0.000000000000000000e+00 0.000000000000000000e+00 1.477047999999999917e+00
3.275000000000000133e-01 0.000000000000000000e+00 0.000000000000000000e+00 0.000000000000000000e+00 1.434369699999999970e+00
3.325000000000000178e-01 0.000000000000000000e+00 0.000000000000000000e+00 0.000000000000000000e+00 1.396978499999999901e+00
3.375000000000000222e-01 0.000000000000000000e+00 0.000000000000000000e+00 0.000000000000000000e+00 1.364970199999999911e+00
3.425000000000000266e-01 0.000000000000000000e+00 0.000000000000000000e+00 0.000000000000000000e+00 1.336487500000000050e+00
3.474999999999999756e-01 0.000000000000000000e+00 0.000000000000000000e+00 0.000000000000000000e+00 1.313525700000000018e+00
3.524999999999999800e-01 0.000000000000000000e+00 0.000000000000000000e+00 0.000000000000000000e+00 1.295056800000000008e+00
3.574999999999999845e-01 0.000000000000000000e+00 0.000000000000000000e+00 0.000000000000000000e+00 1.280253000000000085e+00
3.624999999999999889e-01 0.000000000000000000e+00 0.000000000000000000e+00 0.000000000000000000e+00 1.269460100000000091e+00
3.674999999999999933e-01 0.000000000000000000e+00 0.000000000000000000e+00 0.000000000000000000e+00 1.262232299999999752e+00
3.724999999999999978e-01 0.000000000000000000e+00 0.000000000000000000e+00 0.000000000000000000e+00 1.258923299999999967e+00
3.775000000000000022e-01 0.000000000000000000e+00 0.000000000000000000e+00 0.000000000000000000e+00 1.259239800000000020e+00
3.825000000000000067e-01 0.000000000000000000e+00 0.000000000000000000e+00 0.000000000000000000e+00 1.262854900000000224e+00
3.875000000000000111e-01 0.000000000000000000e+00 0.000000000000000000e+00 0.000000000000000000e+00 1.269573600000000191e+00
3.925000000000000155e-01 0.000000000000000000e+00 0.000000000000000000e+00 0.000000000000000000e+00 1.279400700000000057e+00
3.975000000000000200e-01 0.000000000000000000e+00 0.000000000000000000e+00 0.000000000000000000e+00 1.291093400000000058e+00
4.025000000000000244e-01 0.000000000000000000e+00 0.000000000000000000e+00 0.000000000000000000e+00 1.305555999999999939e+00
4.074999999999999734e-01 0.000000000000000000e+00 0.000000000000000000e+00 0.000000000000000000e+00 1.322250900000000007e+00
4.124999999999999778e-01 0.000000000000000000e+00 0.000000000000000000e+00 0.000000000000000000e+00 1.341127299999999911e+00
4.174999999999999822e-01 0.000000000000000000e+00 0.000000000000000000e+00 0.000000000000000000e+00 1.361522100000000179e+00
4.224999999999999867e-01 0.000000000000000000e+00 0.000000000000000000e+00 0.000000000000000000e+00 1.383321800000000046e+00
4.274999999999999911e-01 0.000000000000000000e+00 0.000000000000000000e+00 0.000000000000000000e+00 1.405979300000000043e+00
4.324999999999999956e-01 0.000000000000000000e+00 0.000000000000000000e+00 0.000000000000000000e+00 1.427951299999999923e+00
4.375000000000000000e-01 0.000000000000000000e+00 0.000000000000000000e+00 0.000000000000000000e+00 1.445906399999999925e+00
4.425000000000000044e-01 0.000000000000000000e+00 0.000000000000000000e+00 0.000000000000000000e+00 1.457523999999999820e+00
4.475000000000000089e-01 0.000000000000000000e+00 0.000000000000000000e+00 0.000000000000000000e+00 1.462569400000000019e+00
4.525000000000000133e-01 0.000000000000000000e+00 0.000000000000000000e+00 0.000000000000000000e+00 1.462509799999999860e+00
4.575000000000000178e-01 0.000000000000000000e+00 0.000000000000000000e+00 0.000000000000000000e+00 1.457690799999999953e+00
4.625000000000000222e-01 0.000000000000000000e+00 0.000000000000000000e+00 0.000000000000000000e+00 1.450010800000000044e+00
4.675000000000000266e-01 0.000000000000000000e+00 0.000000000000000000e+00 0.000000000000000000e+00 1.439156000000000102e+00
4.724999999999999756e-01 0.000000000000000000e+00 0.000000000000000000e+00 0.000000000000000000e+00 1.425668500000000005e+00
4.774999999999999800e-01 0.000000000000000000e+00 0.000000000000000000e+00 0.000000000000000000e+00 1.411216899999999885e+00
4.824999999999999845e-01 0.000000000000000000e+00 0.000000000000000000e+00 0.000000000000000000e+00 1.394721899999999959e+00
4.874999999999999889e-01 0.000000000000000000e+00 0.000000000000000000e+00 0.000000000000000000e+00 1.377556800000000026e+00
4.924999999999999933e-01 0.000000000000000000e+00 0.000000000000000000e+00 0.000000000000000000e+00 1.360108800000000340e+00
4.974999999999999978e-01 0.000000000000000000e+00 0.000000000000000000e+00 0.000000000000000000e+00 1.342486500000000138e+00
5.024999999999999467e-01 0.000000000000000000e+00 0.000000000000000000e+00 0.000000000000000000e+00 1.324772400000000072e+00
5.074999999999999512e-01 0.000000000000000000e+00 0.000000000000000000e+00 0.000000000000000000e+00 1.307001100000000138e+00
5.124999999999999556e-01 0.000000000000000000e+00 0.000000000000000000e+00 0.000000000000000000e+00 1.289907199999999809e+00
5.174999999999999600e-01 0.000000000000000000e+00 0.000000000000000000e+00 0.000000000000000000e+00 1.272996500000000086e+00
5.224999999999999645e-01 0.000000000000000000e+00 0.000000000000000000e+00 0.000000000000000000e+00 1.256800500000000209e+00
5.274999999999999689e-01 0.000000000000000000e+00 0.000000000000000000e+00 0.000000000000000000e+00 1.241461800000000171e+00
5.324999999999999734e-01 0.000000000000000000e+00 0.000000000000000000e+00 0.000000000000000000e+00 1.226960999999999746e+00
5.374999999999999778e-01 0.000000000000000000e+00 0.000000000000000000e+00 0.000000000000000000e+00 1.212639600000000151e+00
5.424999999999999822e-01 0.000000000000000000e+00 0.000000000000000000e+00 0.000000000000000000e+00 1.199920800000000121e+00
5.474999999999999867e-01 0.000000000000000000e+00 0.000000000000000000e+00 0.000000000000000000e+00 1.187518199999999968e+00
5.524999999999999911e-01 0.000000000000000000e+00 0.000000000000000000e+00 0.000000000000000000e+00 1.176380300000000156e+00
5.574999999999999956e-01 0.000000000000000000e+00 0.000000000000000000e+00 0.000000000000000000e+00 1.165741699999999881e+00
5.625000000000000000e-01 0.000000000000000000e+00 0.000000000000000000e+00 0.000000000000000000e+00 1.156306999999999752e+00
5.675000000000000044e-01 0.000000000000000000e+00 0.000000000000000000e+00 0.000000000000000000e+00 1.148037299999999927e+00
5.725000000000000089e-01 0.000000000000000000e+00 0.000000000000000000e+00 0.000000000000000000e+00 1.140233200000000169e+00
5.775000000000000133e-01 0.000000000000000000e+00 0.000000000000000000e+00 0.000000000000000000e+00 1.133357500000000018e+00
5.825000000000000178e-01 0.000000000000000000e+00 0.000000000000000000e+00 0.000000000000000000e+00 1.127358899999999942e+00
5.875000000000000222e-01 0.000000000000000000e+00 3.199999999999999855e-06 3.199999999999999855e-06 1.121964100000000020e+00
5.925000000000000266e-01 0.000000000000000000e+00 5.259999999999999783e-05 5.259999999999999783e-05 1.117343600000000103e+00
5.975000000000000311e-01 0.000000000000000000e+00 4.268000000000000743e-04 4.268000000000000743e-04 1.113605000000000178e+00
6.025000000000000355e-01 0.000000000000000000e+00 2.640300000000000372e-03 2.640300000000000372e-03 1.110075999999999841e+00
6.075000000000000400e-01 0.000000000000000000e+00 1.211579999999999949e-02 1.211579999999999949e-02 1.107115599999999977e+00
6.125000000000000444e-01 0.000000000000000000e+00 4.426339999999999442e-02 4.426339999999999442e-02 1.104713300000000009e+00
6.175000000000000488e-01 0.000000000000000000e+00 1.294080999999999704e-01 1.294080999999999704e-01 1.102561800000000147e+00
6.225000000000000533e-01 0.000000000000000000e+00 3.128459000000000101e-01 3.128459000000000101e-01 1.100632199999999949e+00
6.274999999999999467e-01 0.000000000000000000e+00 6.395537000000000027e-01 6.395537000000000027e-01 1.099326400000000259e+00
6.324999999999999512e-01 0.000000000000000000e+00 1.129989300000000085e+00 1.129989300000000085e+00 1.097484300000000079e+00
6.374999999999999556e-01 0.000000000000000000e+00 1.760191799999999862e+00 1.760191799999999862e+00 1.096134900000000023e+00
6.424999999999999600e-01 0.000000000000000000e+00 2.456199999999999939e+00 2.456199999999999939e+00 1.094149000000000038e+00
6.474999999999999645e-01 0.000000000000000000e+00 3.114379300000000406e+00 3.114379300000000406e+00 1.092660299999999918e+00
6.524999999999999689e-01 0.000000000000000000e+00 3.637072299999999814e+00 3.637072299999999814e+00 1.090765199999999879e+00
6.574999999999999734e-01 0.000000000000000000e+00 3.951230500000000312e+00 3.951230500000000312e+00 1.088608800000000043e+00
6.624999999999999778e-01 0.000000000000000000e+00 4.041556799999999505e+00 4.041556799999999505e+00 1.086192400000000058e+00
6.674999999999999822e-01 0.000000000000000000e+00 3.919013599999998654e+00 3.919013599999998654e+00 1.083590800000000076e+00
6.724999999999999867e-01 0.000000000000000000e+00 3.636194800000000615e+00 3.636194800000000615e+00 1.080315399999999926e+00
6.774999999999999911e-01 0.000000000000000000e+00 3.289120200000000160e+00 3.289120200000000160e+00 1.077083899999999872e+00
6.824999999999999956e-01 0.000000000000000000e+00 2.978989900000000191e+00 2.978989900000000191e+00 1.073409900000000139e+00
6.875000000000000000e-01 0.000000000000000000e+00 2.705156999999999812e+00 2.705156999999999812e+00 1.069449300000000047e+00
6.925000000000000044e-01 0.000000000000000000e+00 2.465716000000000463e+00 2.465716000000000463e+00 1.065478900000000007e+00
6.975000000000000089e-01 0.000000000000000000e+00 2.254775700000000160e+00 2.254775700000000160e+00 1.061325800000000097e+00
7.025000000000000133e-01 0.000000000000000000e+00 2.069581799999999916e+00 2.069581799999999916e+00 1.056786999999999921e+00
7.075000000000000178e-01 0.000000000000000000e+00 1.905457799999999979e+00 1.905457799999999979e+00 1.052393600000000040e+00
7.125000000000000222e-01 0.000000000000000000e+00 1.762233200000000055e+00 1.762233200000000055e+00 1.047710100000000200e+00
7.175000000000000266e-01 0.000000000000000000e+00 1.635493200000000202e+00 1.635493200000000202e+00 1.043148600000000092e+00
7.225000000000000311e-01 0.000000000000000000e+00 1.522709499999999938e+00 1.522709499999999938e+00 1.038493899999999970e+00
7.275000000000000355e-01 0.000000000000000000e+00 1.425648699999999991e+00 1.425648699999999991e+00 1.034165500000000071e+00
7.325000000000000400e-01 0.000000000000000000e+00 1.339475000000000193e+00 1.339475000000000193e+00 1.029525800000000046e+00
7.375000000000000444e-01 0.000000000000000000e+00 1.263525700000000196e+00 1.263525700000000196e+00 1.025214200000000186e+00
7.425000000000000488e-01 0.000000000000000000e+00 1.197679200000000055e+00 1.197679200000000055e+00 1.020816299999999677e+00
7.475000000000000533e-01 0.000000000000000000e+00 1.140653799999999940e+00 1.140653799999999940e+00 1.016774700000000031e+00
7.524999999999999467e-01 0.000000000000000000e+00 1.091276099999999749e+00 1.091276099999999749e+00 1.012568300000000088e+00
7.574999999999999512e-01 0.000000000000000000e+00 1.048667699999999758e+00 1.048667699999999758e+00 1.008672699999999978e+00
7.624999999999999556e-01 0.000000000000000000e+00 1.013276299999999797e+00 1.013276299999999797e+00 1.005247799999999803e+00
7.674999999999999600e-01 0.000000000000000000e+00 9.835876000000001174e-01 9.835876000000001174e-01 1.001549799999999824e+00
7.724999999999999645e-01 0.000000000000000000e+00 9.599252000000000340e-01 9.599252000000000340e-01 9.982401000000000746e-01
7.774999999999999689e-01 0.000000000000000000e+00 9.421275000000001176e-01 9.421275000000001176e-01 9.953204000000001050e-01
7.824999999999999734e-01 0.000000000000000000e+00 9.287180999999999909e-01 9.287180999999999909e-01 9.924915999999998073e-01
7.874999999999999778e-01 0.000000000000000000e+00 9.202172000000000684e-01 9.202172000000000684e-01 9.897313999999999279e-01
7.924999999999999822e-01 0.000000000000000000e+00 9.162215999999998584e-01 9.162215999999998584e-01 9.872132999999998493e-01
7.974999999999999867e-01 0.000000000000000000e+00 9.177214000000001315e-01 9.177214000000001315e-01 9.847802999999999418e-01
8.024999999999999911e-01 0.000000000000000000e+00 9.233110999999999402e-01 9.233110999999999402e-01 9.826463999999998089e-01
8.074999999999999956e-01 0.000000000000000000e+00 9.344263000000001540e-01 9.344263000000001540e-01 9.804110000000001435e-01
8.125000000000000000e-01 0.000000000000000000e+00 9.501813000000000065e-01 9.501813000000000065e-01 9.786574000000000106e-01
8.175000000000000044e-01 0.000000000000000000e+00 9.710082000000002100e-01 9.710082000000002100e-01 9.766260000000001051e-01
8.225000000000000089e-01 0.000000000000000000e+00 9.958571000000000506e-01 9.958571000000000506e-01 9.752534999999999954e-01
8.275000000000000133e-01 0.000000000000000000e+00 1.025478899999999971e+00 1.025478899999999971e+00 9.736557000000001239e-01
8.325000000000000178e-01 0.000000000000000000e+00 1.059024299999999696e+00 1.059024299999999696e+00 9.721296999999997634e-01
8.375000000000000222e-01 0.000000000000000000e+00 1.095181299999999913e+00 1.095181299999999913e+00 9.709199999999998942e-01
8.425000000000000266e-01 0.000000000000000000e+00 1.135427599999999870e+00 1.135427599999999870e+00 9.696272999999999698e-01
8.475000000000000311e-01 0.000000000000000000e+00 1.174605799999999700e+00 1.174605799999999700e+00 9.684106999999997356e-01
8.525000000000000355e-01 0.000000000000000000e+00 1.214051200000000108e+00 1.214051200000000108e+00 9.672908999999998425e-01
8.575000000000000400e-01 0.000000000000000000e+00 1.250656800000000013e+00 1.250656800000000013e+00 9.661405000000000687e-01
8.625000000000000444e-01 0.000000000000000000e+00 1.281587600000000160e+00 1.281587600000000160e+00 9.650152999999999093e-01
8.675000000000000488e-01 0.000000000000000000e+00 1.307637300000000113e+00 1.307637300000000113e+00 9.640312999999999244e-01
8.725000000000000533e-01 0.000000000000000000e+00 1.325189599999999857e+00 1.325189599999999857e+00 9.629478000000000204e-01
8.774999999999999467e-01 0.000000000000000000e+00 1.334947200000000000e+00 1.334947200000000000e+00 9.620592999999999506e-01
8.824999999999999512e-01 0.000000000000000000e+00 1.336826499999999918e+00 1.336826499999999918e+00 9.611046999999999230e-01
8.874999999999999556e-01 0.000000000000000000e+00 1.332328700000000143e+00 1.332328700000000143e+00 9.603291999999999939e-01
8.924999999999999600e-01 0.000000000000000000e+00 1.320910699999999993e+00 1.320910699999999993e+00 9.594487999999998795e-01
8.974999999999999645e-01 0.000000000000000000e+00 1.304936099999999932e+00 1.304936099999999932e+00 9.584238999999999953e-01
9.024999999999999689e-01 0.000000000000000000e+00 1.286312399999999911e+00 1.286312399999999911e+00 9.577861000000000846e-01
9.074999999999999734e-01 0.000000000000000000e+00 1.265004999999999935e+00 1.265004999999999935e+00 9.570067000000002100e-01
9.124999999999999778e-01 0.000000000000000000e+00 1.240740000000000176e+00 1.240740000000000176e+00 9.562756000000000034e-01
9.174999999999999822e-01 0.000000000000000000e+00 1.216767500000000002e+00 1.216767500000000002e+00 9.556246999999998826e-01
9.224999999999999867e-01 0.000000000000000000e+00 1.191934599999999733e+00 1.191934599999999733e+00 9.547368999999999994e-01
9.274999999999999911e-01 0.000000000000000000e+00 1.167201699999999898e+00 1.167201699999999898e+00 9.543212000000000916e-01
9.324999999999999956e-01 0.000000000000000000e+00 1.143239899999999976e+00 1.143239899999999976e+00 9.535439999999999472e-01
9.375000000000000000e-01 0.000000000000000000e+00 1.120221600000000262e+00 1.120221600000000262e+00 9.533277999999999475e-01
9.425000000000000044e-01 0.000000000000000000e+00 1.097041099999999769e+00 1.097041099999999769e+00 9.527699000000000584e-01
9.475000000000000089e-01 0.000000000000000000e+00 1.075726399999999972e+00 1.075726399999999972e+00 9.522939999999998628e-01
9.525000000000000133e-01 0.000000000000000000e+00 1.056072000000000122e+00 1.056072000000000122e+00 9.520273000000001318e-01
9.575000000000000178e-01 0.000000000000000000e+00 1.036648900000000095e+00 1.036648900000000095e+00 9.518145000000000078e-01
9.625000000000000222e-01 3.079999999999999649e-05 1.019065099999999946e+00 1.019065099999999946e+00 9.514899999999999469e-01
9.675000000000000266e-01 2.364000000000000270e-04 1.003354400000000091e+00 1.003354400000000091e+00 9.513310999999997630e-01
9.725000000000000311e-01 9.753999999999998565e-04 9.885671999999999793e-01 9.885671999999999793e-01 9.511559999999998904e-01
9.775000000000000355e-01 3.294600000000000393e-03 9.756511999999999407e-01 9.756511999999999407e-01 9.511421999999999377e-01
9.825000000000000400e-01 1.179219999999999921e-02 9.639895000000000547e-01 9.639895000000000547e-01 9.511171000000000486e-01
9.875000000000000444e-01 3.367860000000000298e-02 9.533872999999999376e-01 9.533872999999999376e-01 9.511593000000001519e-01
9.925000000000000488e-01 8.594240000000000212e-02 9.447588000000000097e-01 9.447588000000000097e-01 9.511599000000000581e-01
9.975000000000000533e-01 1.929312000000000249e-01 9.378813999999999762e-01 9.378813999999999762e-01 9.514079000000000841e-01
1.002499999999999947e+00 3.956902999999999948e-01 9.313549999999999329e-01 9.313549999999999329e-01 9.516202000000000272e-01
1.007500000000000062e+00 7.288510999999999740e-01 9.263540999999999581e-01 9.263540999999999581e-01 9.518742000000000036e-01
1.012499999999999956e+00 1.227418699999999863e+00 9.234942999999999902e-01 9.234942999999999902e-01 9.523093000000001362e-01
1.017500000000000071e+00 1.907693700000000048e+00 9.204764000000000834e-01 9.204764000000000834e-01 9.526518000000001596e-01
1.022499999999999964e+00 2.755806399999999989e+00 9.197107000000001031e-01 9.197107000000001031e-01 9.529959000000000069e-01
1.027500000000000080e+00 3.717085099999999809e+00 9.191034000000000148e-01 9.191034000000000148e-01 9.534905999999999660e-01
1.032499999999999973e+00 4.710780300000000587e+00 9.202591999999997219e-01 9.202591999999997219e-01 9.541444000000000036e-01
1.037500000000000089e+00 5.646638799999998959e+00 9.210268999999999817e-01 9.210268999999999817e-01 9.546655000000001667e-01
1.042499999999999982e+00 6.432832100000000608e+00 9.229374000000001299e-01 9.229374000000001299e-01 9.553348000000001505e-01
1.047500000000000098e+00 7.017493499999998718e+00 9.255172999999998762e-01 9.255172999999998762e-01 9.560527999999999249e-01
1.052499999999999991e+00 7.333522100000000599e+00 9.279838999999998617e-01 9.279838999999998617e-01 9.569159000000000415e-01
1.057500000000000107e+00 7.385542599999999069e+00 9.309800000000001408e-01 9.309800000000001408e-01 9.577373000000000136e-01
1.062500000000000000e+00 7.203630399999999767e+00 9.340795999999998989e-01 9.340795999999998989e-01 9.586247999999999436e-01
1.067499999999999893e+00 6.821318999999999910e+00 9.371557999999999833e-01 9.371557999999999833e-01 9.595693000000000694e-01
1.072500000000000009e+00 6.287203800000000342e+00 9.397661999999999960e-01 9.397661999999999960e-01 9.606315999999999189e-01
1.077499999999999902e+00 5.675655999999999146e+00 9.415858000000000283e-01 9.415858000000000283e-01 9.617796000000000678e-01
1.082500000000000018e+00 5.018606400000000356e+00 9.435650000000000981e-01 9.435650000000000981e-01 9.627052999999999860e-01
1.087499999999999911e+00 4.363293999999998896e+00 9.442145999999999040e-01 9.442145999999999040e-01 9.639378999999997921e-01
1.092500000000000027e+00 3.733508500000000563e+00 9.448567000000001048e-01 9.448567000000001048e-01 9.651940000000001074e-01
1.097499999999999920e+00 3.159604800000000324e+00 9.448764000000000607e-01 9.448764000000000607e-01 9.666488000000000858e-01
1.102500000000000036e+00 2.654040599999999639e+00 9.437699000000000504e-01 9.437699000000000504e-01 9.678807000000000382e-01
1.107499999999999929e+00 2.202693800000000035e+00 9.428159000000000400e-01 9.428159000000000400e-01 9.691604000000000330e-01
1.112500000000000044e+00 1.823229499999999614e+00 9.406125999999999099e-01 9.406125999999999099e-01 9.707108000000002068e-01
1.117499999999999938e+00 1.498760099999999928e+00 9.374919999999999920e-01 9.374919999999999920e-01 9.720536999999997985e-01
1.122500000000000053e+00 1.234397100000000025e+00 9.346049999999997970e-01 9.346049999999997970e-01 9.736985999999999697e-01
1.127499999999999947e+00 1.018325500000000217e+00 9.311597999999999820e-01 9.311597999999999820e-01 9.752508000000001953e-01
1.132500000000000062e+00 8.556730999999999643e-01 9.272980000000000667e-01 9.272980000000000667e-01 9.769870999999999972e-01
1.137499999999999956e+00 7.251260999999999957e-01 9.235289999999999333e-01 9.235289999999999333e-01 9.786236999999999853e-01
1.142500000000000071e+00 6.252367000000000896e-01 9.193262000000000933e-01 9.193262000000000933e-01 9.802489999999999259e-01
1.147499999999999964e+00 5.480078999999999922e-01 9.151061999999999808e-01 9.151061999999999808e-01 9.821211000000001912e-01
1.152500000000000080e+00 4.822887000000000701e-01 9.109671999999999770e-01 9.109671999999999770e-01 9.839525999999999550e-01
1.157499999999999973e+00 4.363637000000000765e-01 9.067241999999999802e-01 9.067241999999999802e-01 9.857221000000000455e-01
1.162500000000000089e+00 3.963621999999999979e-01 9.023027999999998494e-01 9.023027999999998494e-01 9.876734000000000346e-01
1.167499999999999982e+00 3.657376999999999989e-01 8.986286000000001106e-01 8.986286000000001106e-01 9.894905999999998869e-01
1.172500000000000098e+00 3.437453999999999787e-01 8.950863000000000014e-01 8.950863000000000014e-01 9.915630999999999196e-01
1.177499999999999991e+00 3.252931000000000017e-01 8.915912000000000281e-01 8.915912000000000281e-01 9.935509000000000146e-01
1.182500000000000107e+00 3.140674999999999994e-01 8.884351999999999805e-01 8.884351999999999805e-01 9.956238000000000588e-01
1.187500000000000000e+00 3.084579000000000626e-01 8.855248000000000008e-01 8.855248000000000008e-01 9.977540999999998661e-01
1.192499999999999893e+00 3.039939999999999864e-01 8.827780000000000626e-01 8.827780000000000626e-01 9.998682999999999321e-01
1.197500000000000009e+00 3.032245999999999553e-01 8.811316999999998512e-01 8.811316999999998512e-01 1.002007700000000057e+00
1.202499999999999902e+00 3.091156999999999933e-01 8.792709000000000774e-01 8.792709000000000774e-01 1.004278899999999863e+00
1.207500000000000018e+00 3.172582999999999931e-01 8.779601999999998574e-01 8.779601999999998574e-01 1.006655100000000136e+00
1.212499999999999911e+00 3.283093000000000261e-01 8.764126999999998224e-01 8.764126999999998224e-01 1.008966099999999866e+00
1.217500000000000027e+00 3.444944999999999813e-01 8.760660000000000114e-01 8.760660000000000114e-01 1.011176100000000133e+00
1.222499999999999920e+00 3.646774999999999323e-01 8.758428999999999798e-01 8.758428999999999798e-01 1.013708599999999960e+00
1.227500000000000036e+00 3.908299000000000079e-01 8.760118999999999545e-01 8.760118999999999545e-01 1.016025600000000084e+00
1.232499999999999929e+00 4.213145999999999836e-01 8.764588999999999297e-01 8.764588999999999297e-01 1.018415099999999907e+00
1.237500000000000044e+00 4.595283999999999480e-01 8.775629999999999820e-01 8.775629999999999820e-01 1.021046800000000143e+00
1.242499999999999938e+00 5.044828999999999564e-01 8.782380999999999105e-01 8.782380999999999105e-01 1.023708000000000062e+00
1.247500000000000053e+00 5.565316000000000152e-01 8.803902999999999590e-01 8.803902999999999590e-01 1.026223900000000189e+00
1.252499999999999947e+00 6.162185000000001134e-01 8.822351999999999972e-01 8.822351999999999972e-01 1.028738500000000000e+00
1.257500000000000062e+00 6.842546999999999935e-01 8.839871999999999730e-01 8.839871999999999730e-01 1.031363699999999994e+00
1.262499999999999956e+00 7.580801000000001455e-01 8.862923999999999802e-01 8.862923999999999802e-01 1.033983400000000108e+00
1.267500000000000071e+00 8.376181999999999794e-01 8.885802999999998786e-01 8.885802999999998786e-01 1.036554299999999929e+00
1.272499999999999964e+00 9.188477999999999923e-01 8.910508000000000317e-01 8.910508000000000317e-01 1.039033300000000049e+00
1.277500000000000080e+00 1.003367899999999757e+00 8.935135000000000716e-01 8.935135000000000716e-01 1.041162600000000271e+00
1.282499999999999973e+00 1.075968099999999872e+00 8.965375999999999346e-01 8.965375999999999346e-01 1.043101500000000126e+00
1.287500000000000089e+00 1.143045599999999995e+00 8.987885999999999376e-01 8.987885999999999376e-01 1.044817300000000060e+00
1.292499999999999982e+00 1.195162700000000022e+00 9.009742000000000584e-01 9.009742000000000584e-01 1.045959499999999931e+00
1.297500000000000098e+00 1.234831199999999907e+00 9.037535999999999348e-01 9.037535999999999348e-01 1.046730699999999903e+00
1.302499999999999991e+00 1.254234899999999930e+00 9.057016000000001066e-01 9.057016000000001066e-01 1.046999100000000071e+00
1.307500000000000107e+00 1.258121400000000056e+00 9.075829000000000812e-01 9.075829000000000812e-01 1.046809400000000112e+00
1.312500000000000000e+00 1.241827099999999851e+00 9.094820999999999600e-01 9.094820999999999600e-01 1.046091600000000010e+00
1.317499999999999893e+00 1.224022099999999780e+00 9.107147999999998245e-01 9.107147999999998245e-01 1.044963899999999724e+00
1.322500000000000009e+00 1.191396700000000086e+00 9.125658999999999299e-01 9.125658999999999299e-01 1.043369400000000002e+00
1.327499999999999902e+00 1.146829900000000180e+00 9.137816000000000827e-01 9.137816000000000827e-01 1.041723700000000141e+00
1.332500000000000018e+00 1.107061699999999815e+00 9.140767000000000753e-01 9.140767000000000753e-01 1.039865999999999735e+00
1.337499999999999911e+00 1.062793300000000052e+00 9.152991000000000321e-01 9.152991000000000321e-01 1.037804399999999960e+00
1.342500000000000027e+00 1.014448499999999864e+00 9.159772999999999943e-01 9.159772999999999943e-01 1.035734199999999827e+00
1.347499999999999920e+00 9.679699000000001607e-01 9.164188999999998142e-01 9.164188999999998142e-01 1.033749999999999947e+00
1.352500000000000036e+00 9.255755000000001065e-01 9.170104000000000033e-01 9.170104000000000033e-01 1.031759099999999929e+00
1.357499999999999929e+00 8.881401999999999353e-01 9.173173999999999495e-01 9.173173999999999495e-01 1.029841899999999866e+00
1.362500000000000044e+00 8.482629999999999892e-01 9.179809999999999359e-01 9.179809999999999359e-01 1.028177899999999978e+00
1.367499999999999938e+00 8.144397999999999360e-01 9.183614999999999418e-01 9.183614999999999418e-01 1.026483399999999824e+00
1.372500000000000053e+00 7.821845999999998966e-01 9.189251000000000502e-01 9.189251000000000502e-01 1.025007400000000013e+00
1.377499999999999947e+00 7.547737000000001029e-01 9.196792999999999774e-01 9.196792999999999774e-01 1.023610000000000131e+00
1.382500000000000062e+00 7.285190000000000277e-01 9.205577999999998706e-01 9.205577999999998706e-01 1.022316000000000003e+00
1.387499999999999956e+00 7.061334999999999695e-01 9.214828999999999937e-01 9.214828999999999937e-01 1.021390699999999985e+00
1.392500000000000071e+00 6.878996000000000555e-01 9.230337000000000680e-01 9.230337000000000680e-01 1.020533799999999935e+00
1.397499999999999964e+00 6.728699000000000208e-01 9.245480999999999838e-01 9.245480999999999838e-01 1.019713000000000092e+00
1.402500000000000080e+00 6.569021000000000443e-01 9.260133999999998755e-01 9.260133999999998755e-01 1.019046000000000118e+00
1.407499999999999973e+00 6.473775000000000501e-01 9.285990999999998996e-01 9.285990999999998996e-01 1.018636000000000097e+00
1.412500000000000089e+00 6.390706999999999915e-01 9.307022000000001460e-01 9.307022000000001460e-01 1.018218000000000067e+00
1.417499999999999982e+00 6.327952999999999495e-01 9.328083999999998710e-01 9.328083999999998710e-01 1.018075000000000063e+00
1.422500000000000098e+00 6.294667999999999930e-01 9.356914000000001730e-01 9.356914000000001730e-01 1.017921399999999865e+00
1.427499999999999991e+00 6.288025000000000420e-01 9.384646999999999295e-01 9.384646999999999295e-01 1.017964900000000172e+00
1.432500000000000107e+00 6.332456999999999114e-01 9.413870000000000848e-01 9.413870000000000848e-01 1.018049800000000227e+00
1.437500000000000000e+00 6.359005999999999270e-01 9.442049999999999610e-01 9.442049999999999610e-01 1.018205500000000097e+00
1.442499999999999893e+00 6.404806999999999029e-01 9.475880000000002079e-01 9.475880000000002079e-01 1.018418799999999846e+00
1.447500000000000009e+00 6.479542000000000357e-01 9.507510000000000128e-01 9.507510000000000128e-01 1.018674999999999997e+00
1.452499999999999902e+00 6.557744000000000906e-01 9.541473000000001425e-01 9.541473000000001425e-01 1.018950000000000022e+00
1.457500000000000018e+00 6.707815000000000305e-01 9.576179000000000219e-01 9.576179000000000219e-01 1.019302600000000059e+00
1.462499999999999911e+00 6.820166000000000839e-01 9.612038000000000526e-01 9.612038000000000526e-01 1.019726700000000097e+00
1.467500000000000027e+00 6.950391999999999681e-01 9.643420999999999799e-01 9.643420999999999799e-01 1.019970800000000066e+00
1.472499999999999920e+00 7.108069999999999666e-01 9.676909999999999679e-01 9.676909999999999679e-01 1.020304400000000111e+00
1.477500000000000036e+00 7.281707000000000596e-01 9.710571000000001174e-01 9.710571000000001174e-01 1.020620099999999919e+00
1.482499999999999929e+00 7.445046000000000719e-01 9.745531999999998973e-01 9.745531999999998973e-01 1.020843100000000003e+00
1.487500000000000044e+00 7.593842000000000647e-01 9.776479000000000141e-01 9.776479000000000141e-01 1.020990899999999924e+00
1.492499999999999938e+00 7.757722999999999702e-01 9.807720000000001992e-01 9.807720000000001992e-01 1.021120499999999875e+00
1.497500000000000053e+00 7.911732000000000209e-01 9.835157999999999401e-01 9.835157999999999401e-01 1.021125999999999978e+00
1.502499999999999947e+00 8.048223999999999378e-01 9.870145000000001279e-01 9.870145000000001279e-01 1.020998999999999990e+00
1.507500000000000062e+00 8.181750000000000966e-01 9.898082000000000269e-01 9.898082000000000269e-01 1.020805300000000138e+00
1.512499999999999956e+00 8.264692999999999623e-01 9.932894000000001000e-01 9.932894000000001000e-01 1.020466399999999663e+00
1.517500000000000071e+00 8.364511000000000029e-01 9.963216000000001404e-01 9.963216000000001404e-01 1.020077499999999970e+00
1.522499999999999964e+00 8.439653000000000294e-01 9.997407000000000377e-01 9.997407000000000377e-01 1.019467300000000076e+00
1.527500000000000080e+00 8.492937000000001513e-01 1.002781399999999934e+00 1.002781399999999934e+00 1.018829599999999891e+00
1.532499999999999973e+00 8.531859999999999999e-01 1.005853600000000014e+00 1.005853600000000014e+00 1.018102300000000016e+00
1.537500000000000089e+00 8.550574000000000785e-01 1.009255599999999919e+00 1.009255599999999919e+00 1.017256199999999833e+00
1.542499999999999982e+00 8.542743999999998783e-01 1.012781100000000212e+00 1.012781100000000212e+00 1.016362900000000069e+00
1.547500000000000098e+00 8.551235000000000364e-01 1.016361899999999929e+00 1.016361899999999929e+00 1.015400999999999998e+00
1.552499999999999991e+00 8.533625000000000238e-01 1.019963900000000034e+00 1.019963900000000034e+00 1.014293099999999948e+00
1.557500000000000107e+00 8.512733999999999579e-01 1.023962499999999887e+00 1.023962499999999887e+00 1.013262699999999850e+00
1.562500000000000000e+00 8.481526999999999816e-01 1.027655500000000055e+00 1.027655500000000055e+00 1.012120499999999979e+00
1.567499999999999893e+00 8.437276999999999694e-01 1.031611100000000114e+00 1.031611100000000114e+00 1.011060199999999742e+00
1.572500000000000009e+00 8.402112000000000469e-01 1.035350599999999899e+00 1.035350599999999899e+00 1.010054299999999960e+00
1.577499999999999902e+00 8.357563999999998439e-01 1.039444000000000035e+00 1.039444000000000035e+00 1.008974300000000213e+00
1.582500000000000018e+00 8.345673000000000119e-01 1.043792899999999912e+00 1.043792899999999912e+00 1.007897700000000230e+00
1.587499999999999911e+00 8.276725999999998695e-01 1.047639699999999952e+00 1.047639699999999952e+00 1.006968299999999816e+00
1.592500000000000027e+00 8.259179999999999300e-01 1.052077099999999987e+00 1.052077099999999987e+00 1.005953499999999945e+00
1.597499999999999920e+00 8.256840999999999209e-01 1.056515399999999882e+00 1.056515399999999882e+00 1.004973899999999976e+00
1.602500000000000036e+00 8.221550000000000802e-01 1.060945299999999980e+00 1.060945299999999980e+00 1.004204100000000155e+00
1.607499999999999929e+00 8.196658999999998363e-01 1.065463400000000060e+00 1.065463400000000060e+00 1.003351900000000185e+00
1.612500000000000044e+00 8.217665999999999027e-01 1.069884199999999952e+00 1.069884199999999952e+00 1.002574900000000158e+00
1.617499999999999938e+00 8.151631000000000293e-01 1.074390500000000248e+00 1.074390500000000248e+00 1.001869900000000202e+00
1.622500000000000053e+00 8.161680000000000046e-01 1.078599700000000272e+00 1.078599700000000272e+00 1.001222300000000009e+00
1.627499999999999947e+00 8.181433999999999651e-01 1.083823300000000156e+00 1.083823300000000156e+00 1.000624100000000016e+00
1.632500000000000062e+00 8.182107000000000685e-01 1.088416599999999956e+00 1.088416599999999956e+00 1.000073999999999907e+00
1.637499999999999956e+00 8.195582000000001255e-01 1.092737199999999964e+00 1.092737199999999964e+00 9.996345999999999288e-01
1.642500000000000071e+00 8.210958999999998786e-01 1.097257499999999997e+00 1.097257499999999997e+00 9.991383000000000347e-01
1.647499999999999964e+00 8.213962000000000208e-01 1.101807099999999817e+00 1.101807099999999817e+00 9.987500999999999740e-01
1.652500000000000080e+00 8.248013999999999069e-01 1.106379499999999627e+00 1.106379499999999627e+00 9.984178000000000219e-01
1.657499999999999973e+00 8.264633000000001228e-01 1.110223799999999983e+00 1.110223799999999983e+00 9.981423999999998742e-01
1.662500000000000089e+00 8.296978999999999882e-01 1.113691699999999951e+00 1.113691699999999951e+00 9.978685000000000471e-01
1.667499999999999982e+00 8.317955999999998573e-01 1.116889599999999927e+00 1.116889599999999927e+00 9.976485000000000491e-01
1.672500000000000098e+00 8.348381999999998637e-01 1.119219500000000256e+00 1.119219500000000256e+00 9.974270000000000636e-01
1.677499999999999991e+00 8.362767999999999313e-01 1.120566299999999904e+00 1.120566299999999904e+00 9.971862999999998589e-01
1.682500000000000107e+00 8.428619000000001638e-01 1.121121500000000104e+00 1.121121500000000104e+00 9.970483999999999458e-01
1.687500000000000000e+00 8.467388000000000137e-01 1.120181400000000105e+00 1.120181400000000105e+00 9.968606000000000966e-01
1.692499999999999893e+00 8.494772999999999907e-01 1.118335500000000149e+00 1.118335500000000149e+00 9.968192000000002384e-01
1.697500000000000009e+00 8.555864999999999165e-01 1.115631800000000284e+00 1.115631800000000284e+00 9.965905000000001568e-01
1.702499999999999902e+00 8.601818999999999438e-01 1.111387300000000078e+00 1.111387300000000078e+00 9.964770999999998935e-01
1.707500000000000018e+00 8.666002000000000427e-01 1.105772800000000000e+00 1.105772800000000000e+00 9.962535999999999614e-01
1.712499999999999911e+00 8.744703999999998700e-01 1.099961499999999814e+00 1.099961499999999814e+00 9.962104999999998878e-01
1.717500000000000027e+00 8.804407000000000760e-01 1.092835100000000059e+00 1.092835100000000059e+00 9.959640000000001825e-01
1.722499999999999920e+00 8.879450999999999317e-01 1.085542999999999925e+00 1.085542999999999925e+00 9.957872999999999308e-01
1.727500000000000036e+00 8.950782999999999934e-01 1.077641999999999989e+00 1.077641999999999989e+00 9.956257000000000579e-01
1.732499999999999929e+00 9.018323999999999785e-01 1.070042900000000241e+00 1.070042900000000241e+00 9.953562000000000243e-01
1.737500000000000044e+00 9.108667000000000291e-01 1.061757999999999980e+00 1.061757999999999980e+00 9.951531999999998490e-01
1.742499999999999938e+00 9.190279999999999561e-01 1.054035499999999903e+00 1.054035499999999903e+00 9.949206000000000438e-01
1.747500000000000053e+00 9.303192000000001238e-01 1.047077499999999883e+00 1.047077499999999883e+00 9.947694000000000258e-01
1.752499999999999947e+00 9.353561999999999710e-01 1.040174599999999838e+00 1.040174599999999838e+00 9.944067000000001988e-01
1.757500000000000062e+00 9.497875999999999541e-01 1.033368200000000181e+00 1.033368200000000181e+00 9.941376999999999020e-01
1.762499999999999956e+00 9.589793999999999263e-01 1.027568400000000048e+00 1.027568400000000048e+00 9.938911999999998637e-01
1.767500000000000071e+00 9.711736999999999176e-01 1.022529099999999858e+00 1.022529099999999858e+00 9.936393000000001141e-01
1.772499999999999964e+00 9.814279999999999671e-01 1.017810400000000115e+00 1.017810400000000115e+00 9.934388999999999026e-01
1.777500000000000080e+00 9.928764000000001033e-01 1.013360599999999945e+00 1.013360599999999945e+00 9.930556999999999856e-01
1.782499999999999973e+00 1.006875799999999987e+00 1.010023700000000080e+00 1.010023700000000080e+00 9.928266999999998399e-01
1.787500000000000089e+00 1.017121799999999965e+00 1.006986400000000170e+00 1.006986400000000170e+00 9.925630999999999204e-01
1.792499999999999982e+00 1.029216200000000025e+00 1.004265100000000022e+00 1.004265100000000022e+00 9.923433999999999866e-01
1.797500000000000098e+00 1.039348300000000114e+00 1.002497899999999831e+00 1.002497899999999831e+00 9.921326999999999785e-01
1.802499999999999991e+00 1.050407600000000219e+00 1.000846099999999961e+00 1.000846099999999961e+00 9.919622999999999635e-01
1.807500000000000107e+00 1.057957400000000048e+00 9.997272999999999854e-01 9.997272999999999854e-01 9.916534999999999656e-01
1.812500000000000000e+00 1.066364500000000159e+00 9.989743000000000928e-01 9.989743000000000928e-01 9.915475000000000261e-01
1.817499999999999893e+00 1.070730300000000135e+00 9.982290000000000330e-01 9.982290000000000330e-01 9.913786000000002208e-01
1.822500000000000009e+00 1.071387899999999949e+00 9.983195000000002484e-01 9.983195000000002484e-01 9.912557000000001839e-01
1.827499999999999902e+00 1.074251500000000137e+00 9.982882999999999063e-01 9.982882999999999063e-01 9.910954999999999071e-01
1.832500000000000018e+00 1.071672699999999923e+00 9.985951999999999051e-01 9.985951999999999051e-01 9.910546999999999551e-01
1.837499999999999911e+00 1.069528599999999940e+00 9.993597999999999093e-01 9.993597999999999093e-01 9.909763999999998685e-01
1.842500000000000027e+00 1.064938199999999835e+00 9.999734000000000123e-01 9.999734000000000123e-01 9.909316999999999709e-01
1.847499999999999920e+00 1.060341999999999896e+00 1.000942699999999963e+00 1.000942699999999963e+00 9.909063000000000176e-01
1.852500000000000036e+00 1.053738399999999853e+00 1.001546799999999848e+00 1.001546799999999848e+00 9.908862999999999976e-01
1.857499999999999929e+00 1.048992600000000053e+00 1.002397499999999830e+00 1.002397499999999830e+00 9.909425000000000594e-01
1.862500000000000044e+00 1.042107200000000011e+00 1.003567100000000156e+00 1.003567100000000156e+00 9.909621000000001789e-01
1.867499999999999938e+00 1.037963699999999934e+00 1.004476799999999947e+00 1.004476799999999947e+00 9.910917999999998562e-01
1.872500000000000053e+00 1.037562300000000048e+00 1.005294900000000213e+00 1.005294900000000213e+00 9.911778999999999451e-01
1.877499999999999947e+00 1.036047200000000057e+00 1.006092399999999998e+00 1.006092399999999998e+00 9.913140999999999758e-01
1.882500000000000062e+00 1.036483800000000066e+00 1.006920699999999780e+00 1.006920699999999780e+00 9.914318999999999216e-01
1.887499999999999956e+00 1.037521000000000138e+00 1.007395999999999736e+00 1.007395999999999736e+00 9.915285999999999822e-01
1.892500000000000071e+00 1.043014900000000189e+00 1.007563699999999951e+00 1.007563699999999951e+00 9.916717000000000448e-01
1.897499999999999964e+00 1.047744100000000067e+00 1.008188599999999990e+00 1.008188599999999990e+00 9.918388000000000204e-01
1.902500000000000080e+00 1.058105999999999991e+00 1.008207899999999935e+00 1.008207899999999935e+00 9.920982000000000411e-01
1.907499999999999973e+00 1.067944999999999922e+00 1.007778800000000086e+00 1.007778800000000086e+00 9.922386999999996959e-01
1.912500000000000089e+00 1.077217500000000161e+00 1.007432199999999778e+00 1.007432199999999778e+00 9.923027000000000930e-01
1.917499999999999982e+00 1.090615100000000171e+00 1.006693600000000188e+00 1.006693600000000188e+00 9.925909000000000537e-01
1.922500000000000098e+00 1.103056700000000223e+00 1.005690099999999809e+00 1.005690099999999809e+00 9.928449999999999775e-01
1.927499999999999991e+00 1.114787300000000148e+00 1.004750599999999938e+00 1.004750599999999938e+00 9.930448000000000608e-01
1.932500000000000107e+00 1.127701500000000134e+00 1.003343099999999932e+00 1.003343099999999932e+00 9.932284999999998476e-01
1.937500000000000000e+00 1.139830899999999758e+00 1.002117100000000205e+00 1.002117100000000205e+00 9.933873999999999205e-01
1.942499999999999893e+00 1.149549400000000166e+00 1.000192799999999993e+00 1.000192799999999993e+00 9.935744999999999161e-01
1.947500000000000009e+00 1.158154199999999800e+00 9.986141999999998964e-01 9.986141999999998964e-01 9.938207999999999487e-01
1.952499999999999902e+00 1.168447000000000013e+00 9.965301999999999216e-01 9.965301999999999216e-01 9.940491000000000188e-01
1.957500000000000018e+00 1.174498499999999890e+00 9.944347999999999521e-01 9.944347999999999521e-01 9.941552999999998530e-01
1.962499999999999911e+00 1.177624400000000016e+00 9.928434999999998789e-01 9.928434999999998789e-01 9.943894999999999262e-01
1.967500000000000027e+00 1.183139299999999894e+00 9.902715000000000822e-01 9.902715000000000822e-01 9.945199999999999596e-01
1.972499999999999920e+00 1.188673099999999927e+00 9.883335000000000869e-01 9.883335000000000869e-01 9.948089000000001070e-01
1.977500000000000036e+00 1.190694100000000200e+00 9.859310000000001128e-01 9.859310000000001128e-01 9.949787999999998300e-01
1.982499999999999929e+00 1.194434200000000112e+00 9.837355000000000960e-01 9.837355000000000960e-01 9.952450000000000463e-01
1.987500000000000044e+00 1.195451900000000123e+00 9.822473999999999927e-01 9.822473999999999927e-01 9.954269999999999508e-01
1.992499999999999938e+00 1.197691199999999956e+00 9.804424000000000472e-01 9.804424000000000472e-01 9.955377999999999172e-01
1.997500000000000053e+00 1.199054100000000123e+00 9.789516999999999802e-01 9.789516999999999802e-01 9.958234999999999726e-01
