2.500000000000000052e-03 0.000000000000000000e+00 0.000000000000000000e+00 0.000000000000000000e+00 0.000000000000000000e+00
7.499999999999999722e-03 0.000000000000000000e+00 0.000000000000000000e+00 0.000000000000000000e+00 0.000000000000000000e+00
1.250000000000000069e-02 0.000000000000000000e+00 0.000000000000000000e+00 0.000000000000000000e+00 0.000000000000000000e+00
1.750000000000000167e-02 0.000000000000000000e+00 0.000000000000000000e+00 0.000000000000000000e+00 0.000000000000000000e+00
2.249999999999999917e-02 0.000000000000000000e+00 0.000000000000000000e+00 0.000000000000000000e+00 0.000000000000000000e+00
2.750000000000000014e-02 0.000000000000000000e+00 0.000000000000000000e+00 0.000000000000000000e+00 0.000000000000000000e+00
3.250000000000000111e-02 0.000000000000000000e+00 0.000000000000000000e+00 0.000000000000000000e+00 0.000000000000000000e+00
3.749999999999999861e-02 0.000000000000000000e+00 0.000000000000000000e+00 0.000000000000000000e+00 0.000000000000000000e+00
4.250000000000000305e-02 0.000000000000000000e+00 0.000000000000000000e+00 0.000000000000000000e+00 0.000000000000000000e+00
4.750000000000000056e-02 0.000000000000000000e+00 0.000000000000000000e+00 0.000000000000000000e+00 0.000000000000000000e+00
5.249999999999999806e-02 0.000000000000000000e+00 0.000000000000000000e+00 0.000000000000000000e+00 0.000000000000000000e+00
5.750000000000000250e-02 0.000000000000000000e+00 0.000000000000000000e+00 0.000000000000000000e+00 0.000000000000000000e+00
6.250000000000000000e-02 0.000000000000000000e+00 0.000000000000000000e+00 0.000000000000000000e+00 0.000000000000000000e+00
6.750000000000000444e-02 0.000000000000000000e+00 0.000000000000000000e+00 0.000000000000000000e+00 0.000000000000000000e+00
7.249999999999999500e-02 0.000000000000000000e+00 0.000000000000000000e+00 0.000000000000000000e+00 0.000000000000000000e+00
7.749999999999999944e-02 0.000000000000000000e+00 0.000000000000000000e+00 0.000000000000000000e+00 0.000000000000000000e+00
8.250000000000000389e-02 0.000000000000000000e+00 0.000000000000000000e+00 0.000000000000000000e+00 0.000000000000000000e+00
8.749999999999999445e-02 0.000000000000000000e+00 0.000000000000000000e+00 0.000000000000000000e+00 0.000000000000000000e+00
9.249999999999999889e-02 0.000000000000000000e+00 0.000000000000000000e+00 0.000000000000000000e+00 0.000000000000000000e+00
9.750000000000000333e-02 0.000000000000000000e+00 0.000000000000000000e+00 0.000000000000000000e+00 0.000000000000000000e+00
1.024999999999999939e-01 0.000000000000000000e+00 0.000000000000000000e+00 0.000000000000000000e+00 0.000000000000000000e+00
1.074999999999999983e-01 0.000000000000000000e+00 0.000000000000000000e+00 0.000000000000000000e+00 0.000000000000000000e+00
1.125000000000000028e-01 0.000000000000000000e+00 0.000000000000000000e+00 0.000000000000000000e+00 0.000000000000000000e+00
1.174999999999999933e-01 0.000000000000000000e+00 0.000000000000000000e+00 0.000000000000000000e+00 0.000000000000000000e+00
1.224999999999999978e-01 0.000000000000000000e+00 0.000000000000000000e+00 0.000000000000000000e+00 0.000000000000000000e+00
1.275000000000000022e-01 0.000000000000000000e+00 0.000000000000000000e+00 0.000000000000000000e+00 0.000000000000000000e+00
1.325000000000000067e-01 0.000000000000000000e+00 0.000000000000000000e+00 0.000000000000000000e+00 0.000000000000000000e+00
1.375000000000000111e-01 0.000000000000000000e+00 0.000000000000000000e+00 0.000000000000000000e+00 0.000000000000000000e+00
1.424999999999999878e-01 0.000000000000000000e+00 0.000000000000000000e+00 0.000000000000000000e+00 0.000000000000000000e+00
1.474999999999999922e-01 0.000000000000000000e+00 0.000000000000000000e+00 0.000000000000000000e+00 0.000000000000000000e+00
1.524999999999999967e-01 0.000000000000000000e+00 0.000000000000000000e+00 0.000000000000000000e+00 0.000000000000000000e+00
1.575000000000000011e-01 0.000000000000000000e+00 0.000000000000000000e+00 0.000000000000000000e+00 0.000000000000000000e+00
1.625000000000000056e-01 0.000000000000000000e+00 0.000000000000000000e+00 0.000000000000000000e+00 0.000000000000000000e+00
1.675000000000000100e-01 0.000000000000000000e+00 0.000000000000000000e+00 0.000000000000000000e+00 0.000000000000000000e+00
1.724999999999999867e-01 0.000000000000000000e+00 0.000000000000000000e+00 0.000000000000000000e+00 0.000000000000000000e+00
1.774999999999999911e-01 0.000000000000000000e+00 0.000000000000000000e+00 0.000000000000000000e+00 0.000000000000000000e+00
1.824999999999999956e-01 0.000000000000000000e+00 0.000000000000000000e+00 0.000000000000000000e+00 0.000000000000000000e+00
1.875000000000000000e-01 0.000000000000000000e+00 0.000000000000000000e+00 0.000000000000000000e+00 0.000000000000000000e+00
1.925000000000000044e-01 0.000000000000000000e+00 0.000000000000000000e+00 0.000000000000000000e+00 0.000000000000000000e+00
1.975000000000000089e-01 0.000000000000000000e+00 0.000000000000000000e+00 0.000000000000000000e+00 5.060000000000000343e-05
2.025000000000000133e-01 0.000000000000000000e+00 0.000000000000000000e+00 0.000000000000000000e+00 8.305800000000000335e-03
2.074999999999999900e-01 0.000000000000000000e+00 0.000000000000000000e+00 0.000000000000000000e+00 1.978019000000000027e-01
2.124999999999999944e-01 0.000000000000000000e+00 0.000000000000000000e+00 0.000000000000000000e+00 1.266216099999999845e+00
2.174999999999999989e-01 0.000000000000000000e+00 0.000000000000000000e+00 0.000000000000000000e+00 3.249576499999999868e+00
2.225000000000000033e-01 0.000000000000000000e+00 0.000000000000000000e+00 0.000000000000000000e+00 4.457854199999999878e+00
2.275000000000000078e-01 0.000000000000000000e+00 0.000000000000000000e+00 0.000000000000000000e+00 4.313593799999999590e+00
2.325000000000000122e-01 0.000000000000000000e+00 0.000000000000000000e+00 0.000000000000000000e+00 3.989860000000000184e+00
2.374999999999999889e-01 0.000000000000000000e+00 0.000000000000000000e+00 0.000000000000000000e+00 3.697191400000000350e+00
2.424999999999999933e-01 0.000000000000000000e+00 0.000000000000000000e+00 0.000000000000000000e+00 3.434620800000000251e+00
2.474999999999999978e-01 0.000000000000000000e+00 0.000000000000000000e+00 0.000000000000000000e+00 3.196915599999999635e+00
2.525000000000000022e-01 0.000000000000000000e+00 0.000000000000000000e+00 0.000000000000000000e+00 2.983683899999999944e+00
2.575000000000000067e-01 0.000000000000000000e+00 0.000000000000000000e+00 0.000000000000000000e+00 2.790141900000000508e+00
2.625000000000000111e-01 0.000000000000000000e+00 0.000000000000000000e+00 0.000000000000000000e+00 2.616104899999999844e+00
2.675000000000000155e-01 0.000000000000000000e+00 0.000000000000000000e+00 0.000000000000000000e+00 2.458243500000000026e+00
2.725000000000000200e-01 0.000000000000000000e+00 0.000000000000000000e+00 0.000000000000000000e+00 2.316201599999999861e+00
2.775000000000000244e-01 0.000000000000000000e+00 0.000000000000000000e+00 0.000000000000000000e+00 2.187337300000000262e+00
2.824999999999999734e-01 0.000000000000000000e+00 0.000000000000000000e+00 0.000000000000000000e+00 2.072138900000000117e+00
2.874999999999999778e-01 0.000000000000000000e+00 0.000000000000000000e+00 0.000000000000000000e+00 1.967770099999999855e+00
2.924999999999999822e-01 0.000000000000000000e+00 0.000000000000000000e+00 0.000000000000000000e+00 1.873175499999999882e+00
2.974999999999999867e-01 0.000000000000000000e+00 0.000000000000000000e+00 0.000000000000000000e+00 1.787959000000000076e+00
3.024999999999999911e-01 0.000000000000000000e+00 0.000000000000000000e+00 0.000000000000000000e+00 1.711475099999999916e+00
3.074999999999999956e-01 0.000000000000000000e+00 0.000000000000000000e+00 0.000000000000000000e+00 1.643652000000000113e+00
3.125000000000000000e-01 0.000000000000000000e+00 0.000000000000000000e+00 0.000000000000000000e+00 1.581822000000000283e+00
3.175000000000000044e-01 0.000000000000000000e+00 0.000000000000000000e+00 0.000000000000000000e+00 1.527478000000000113e+00
3.225000000000000089e-01 0.000000000000000000e+00 0.000000000000000000e+00 0.000000000000000000e+00 1.478916800000000142e+00
3.275000000000000133e-01 0.000000000000000000e+00 0.000000000000000000e+00 0.000000000000000000e+00 1.436373399999999911e+00
3.325000000000000178e-01 0.000000000000000000e+00 0.000000000000000000e+00 0.000000000000000000e+00 1.398344500000000101e+00
3.375000000000000222e-01 0.000000000000000000e+00 0.000000000000000000e+00 0.000000000000000000e+00 1.366250100000000023e+00
3.425000000000000266e-01 0.000000000000000000e+00 0.000000000000000000e+00 0.000000000000000000e+00 1.338938900000000043e+00
3.474999999999999756e-01 0.000000000000000000e+00 0.000000000000000000e+00 0.000000000000000000e+00 1.315476700000000276e+00
3.524999999999999800e-01 0.000000000000000000e+00 0.000000000000000000e+00 0.000000000000000000e+00 1.296649500000000010e+00
3.574999999999999845e-01 0.000000000000000000e+00 0.000000000000000000e+00 0.000000000000000000e+00 1.281908300000000001e+00
3.624999999999999889e-01 0.000000000000000000e+00 0.000000000000000000e+00 0.000000000000000000e+00 1.271288599999999880e+00
3.674999999999999933e-01 0.000000000000000000e+00 0.000000000000000000e+00 0.000000000000000000e+00 1.264599099999999865e+00
3.724999999999999978e-01 0.000000000000000000e+00 0.000000000000000000e+00 0.000000000000000000e+00 1.261394299999999857e+00
3.775000000000000022e-01 0.000000000000000000e+00 0.000000000000000000e+00 0.000000000000000000e+00 1.261348899999999995e+00
3.825000000000000067e-01 0.000000000000000000e+00 0.000000000000000000e+00 0.000000000000000000e+00 1.265417000000000014e+00
3.875000000000000111e-01 0.000000000000000000e+00 0.000000000000000000e+00 0.000000000000000000e+00 1.271769000000000149e+00
3.925000000000000155e-01 0.000000000000000000e+00 0.000000000000000000e+00 0.000000000000000000e+00 1.281111800000000134e+00
3.975000000000000200e-01 0.000000000000000000e+00 0.000000000000000000e+00 0.000000000000000000e+00 1.293232099999999996e+00
4.025000000000000244e-01 0.000000000000000000e+00 0.000000000000000000e+00 0.000000000000000000e+00 1.307756499999999988e+00
4.074999999999999734e-01 0.000000000000000000e+00 0.000000000000000000e+00 0.000000000000000000e+00 1.324377699999999880e+00
4.124999999999999778e-01 0.000000000000000000e+00 0.000000000000000000e+00 0.000000000000000000e+00 1.343182000000000098e+00
4.174999999999999822e-01 0.000000000000000000e+00 0.000000000000000000e+00 0.000000000000000000e+00 1.363486699999999940e+00
4.224999999999999867e-01 0.000000000000000000e+00 0.000000000000000000e+00 0.000000000000000000e+00 1.385539500000000146e+00
4.274999999999999911e-01 0.000000000000000000e+00 0.000000000000000000e+00 0.000000000000000000e+00 1.409002199999999982e+00
4.324999999999999956e-01 0.000000000000000000e+00 0.000000000000000000e+00 0.000000000000000000e+00 1.429947199999999974e+00
4.375000000000000000e-01 0.000000000000000000e+00 0.000000000000000000e+00 0.000000000000000000e+00 1.447854200000000091e+00
4.425000000000000044e-01 0.000000000000000000e+00 0.000000000000000000e+00 0.000000000000000000e+00 1.459667000000000048e+00
4.475000000000000089e-01 0.000000000000000000e+00 0.000000000000000000e+00 0.000000000000000000e+00 1.464668400000000092e+00
4.525000000000000133e-01 0.000000000000000000e+00 0.000000000000000000e+00 0.000000000000000000e+00 1.464945999999999859e+00
4.575000000000000178e-01 0.000000000000000000e+00 0.000000000000000000e+00 0.000000000000000000e+00 1.460821900000000007e+00
4.625000000000000222e-01 0.000000000000000000e+00 0.000000000000000000e+00 0.000000000000000000e+00 1.452575200000000066e+00
4.675000000000000266e-01 0.000000000000000000e+00 0.000000000000000000e+00 0.000000000000000000e+00 1.441573100000000052e+00
4.724999999999999756e-01 0.000000000000000000e+00 0.000000000000000000e+00 0.000000000000000000e+00 1.428127099999999983e+00
4.774999999999999800e-01 0.000000000000000000e+00 0.000000000000000000e+00 0.000000000000000000e+00 1.413262200000000135e+00
4.824999999999999845e-01 0.000000000000000000e+00 0.000000000000000000e+00 0.000000000000000000e+00 1.397142000000000106e+00
4.874999999999999889e-01 0.000000000000000000e+00 0.000000000000000000e+00 0.000000000000000000e+00 1.380353700000000128e+00
4.924999999999999933e-01 0.000000000000000000e+00 0.000000000000000000e+00 0.000000000000000000e+00 1.362519199999999930e+00
4.974999999999999978e-01 0.000000000000000000e+00 0.000000000000000000e+00 0.000000000000000000e+00 1.344740799999999847e+00
5.024999999999999467e-01 0.000000000000000000e+00 0.000000000000000000e+00 0.000000000000000000e+00 1.326981299999999919e+00
5.074999999999999512e-01 0.000000000000000000e+00 0.000000000000000000e+00 0.000000000000000000e+00 1.309630700000000036e+00
5.124999999999999556e-01 0.000000000000000000e+00 0.000000000000000000e+00 0.000000000000000000e+00 1.292216400000000043e+00
5.174999999999999600e-01 0.000000000000000000e+00 0.000000000000000000e+00 0.000000000000000000e+00 1.275304899999999853e+00
5.224999999999999645e-01 0.000000000000000000e+00 0.000000000000000000e+00 0.000000000000000000e+00 1.259130299999999814e+00
5.274999999999999689e-01 0.000000000000000000e+00 0.000000000000000000e+00 0.000000000000000000e+00 1.243861499999999953e+00
5.324999999999999734e-01 0.000000000000000000e+00 0.000000000000000000e+00 0.000000000000000000e+00 1.228883799999999749e+00
5.374999999999999778e-01 0.000000000000000000e+00 0.000000000000000000e+00 0.000000000000000000e+00 1.215049899999999905e+00
5.424999999999999822e-01 0.000000000000000000e+00 0.000000000000000000e+00 0.000000000000000000e+00 1.201932500000000070e+00
5.474999999999999867e-01 0.000000000000000000e+00 0.000000000000000000e+00 0.000000000000000000e+00 1.189889999999999892e+00
5.524999999999999911e-01 0.000000000000000000e+00 0.000000000000000000e+00 0.000000000000000000e+00 1.178772200000000048e+00
5.574999999999999956e-01 0.000000000000000000e+00 0.000000000000000000e+00 0.000000000000000000e+00 1.168222699999999836e+00
5.625000000000000000e-01 0.000000000000000000e+00 0.000000000000000000e+00 0.000000000000000000e+00 1.158785200000000071e+00
5.675000000000000044e-01 0.000000000000000000e+00 0.000000000000000000e+00 0.000000000000000000e+00 1.149995499999999948e+00
5.725000000000000089e-01 0.000000000000000000e+00 0.000000000000000000e+00 0.000000000000000000e+00 1.142490000000000228e+00
5.775000000000000133e-01 0.000000000000000000e+00 0.000000000000000000e+00 0.000000000000000000e+00 1.135693299999999795e+00
5.825000000000000178e-01 0.000000000000000000e+00 0.000000000000000000e+00 0.000000000000000000e+00 1.129342300000000021e+00
5.875000000000000222e-01 0.000000000000000000e+00 4.000000000000000666e-06 4.000000000000000666e-06 1.124339800000000000e+00
5.925000000000000266e-01 0.000000000000000000e+00 5.190000000000000115e-05 5.190000000000000115e-05 1.119572799999999813e+00
5.975000000000000311e-01 0.000000000000000000e+00 4.308000000000000089e-04 4.308000000000000089e-04 1.115648100000000031e+00
6.025000000000000355e-01 0.000000000000000000e+00 2.592800000000000139e-03 2.592800000000000139e-03 1.112051699999999865e+00
6.075000000000000400e-01 0.000000000000000000e+00 1.210729999999999966e-02 1.210729999999999966e-02 1.109228699999999845e+00
6.125000000000000444e-01 0.000000000000000000e+00 4.416450000000000237e-02 4.416450000000000237e-02 1.106533699999999953e+00
6.175000000000000488e-01 0.000000000000000000e+00 1.287751000000000035e-01 1.287751000000000035e-01 1.104671100000000017e+00
6.225000000000000533e-01 0.000000000000000000e+00 3.112869999999999804e-01 3.112869999999999804e-01 1.102826700000000049e+00
6.274999999999999467e-01 0.000000000000000000e+00 6.371533000000000335e-01 6.371533000000000335e-01 1.101255800000000118e+00
6.324999999999999512e-01 0.000000000000000000e+00 1.127054800000000023e+00 1.127054800000000023e+00 1.099716300000000091e+00
6.374999999999999556e-01 0.000000000000000000e+00 1.755418900000000004e+00 1.755418900000000004e+00 1.098053899999999805e+00
6.424999999999999600e-01 0.000000000000000000e+00 2.450147499999999923e+00 2.450147499999999923e+00 1.096428900000000040e+00
6.474999999999999645e-01 0.000000000000000000e+00 3.107904699999999742e+00 3.107904699999999742e+00 1.094821499999999892e+00
6.524999999999999689e-01 0.000000000000000000e+00 3.629352700000000542e+00 3.629352700000000542e+00 1.092841500000000021e+00
6.574999999999999734e-01 0.000000000000000000e+00 3.944517799999998964e+00 3.944517799999998964e+00 1.090672599999999992e+00
6.624999999999999778e-01 0.000000000000000000e+00 4.034021499999999705e+00 4.034021499999999705e+00 1.088294799999999896e+00
6.674999999999999822e-01 0.000000000000000000e+00 3.911431000000000324e+00 3.911431000000000324e+00 1.085630499999999943e+00
6.724999999999999867e-01 0.000000000000000000e+00 3.628816700000000228e+00 3.628816700000000228e+00 1.082504400000000144e+00
6.774999999999999911e-01 0.000000000000000000e+00 3.281383200000000500e+00 3.281383200000000500e+00 1.079065900000000022e+00
6.824999999999999956e-01 0.000000000000000000e+00 2.972648600000000307e+00 2.972648600000000307e+00 1.075436600000000187e+00
6.875000000000000000e-01 0.000000000000000000e+00 2.700858999999999899e+00 2.700858999999999899e+00 1.071659700000000104e+00
6.925000000000000044e-01 0.000000000000000000e+00 2.461292799999999836e+00 2.461292799999999836e+00 1.067376799999999903e+00
6.975000000000000089e-01 0.000000000000000000e+00 2.249685799999999514e+00 2.249685799999999514e+00 1.063193999999999750e+00
7.025000000000000133e-01 0.000000000000000000e+00 2.065250600000000158e+00 2.065250600000000158e+00 1.058698699999999882e+00
7.075000000000000178e-01 0.000000000000000000e+00 1.902141699999999602e+00 1.902141699999999602e+00 1.054295300000000157e+00
7.125000000000000222e-01 0.000000000000000000e+00 1.757835000000000036e+00 1.757835000000000036e+00 1.049666900000000291e+00
7.175000000000000266e-01 0.000000000000000000e+00 1.631005999999999956e+00 1.631005999999999956e+00 1.045083999999999902e+00
7.225000000000000311e-01 0.000000000000000000e+00 1.519627600000000189e+00 1.519627600000000189e+00 1.040384600000000104e+00
7.275000000000000355e-01 0.000000000000000000e+00 1.421677499999999927e+00 1.421677499999999927e+00 1.035725100000000065e+00
7.325000000000000400e-01 0.000000000000000000e+00 1.336239799999999978e+00 1.336239799999999978e+00 1.031320599999999921e+00
7.375000000000000444e-01 0.000000000000000000e+00 1.260457699999999903e+00 1.260457699999999903e+00 1.026876700000000087e+00
7.425000000000000488e-01 0.000000000000000000e+00 1.194241700000000073e+00 1.194241700000000073e+00 1.022621999999999920e+00
7.475000000000000533e-01 0.000000000000000000e+00 1.137351199999999896e+00 1.137351199999999896e+00 1.018382499999999968e+00
7.524999999999999467e-01 0.000000000000000000e+00 1.088433299999999937e+00 1.088433299999999937e+00 1.014421899999999876e+00
7.574999999999999512e-01 0.000000000000000000e+00 1.046395100000000022e+00 1.046395100000000022e+00 1.010434499999999902e+00
7.624999999999999556e-01 0.000000000000000000e+00 1.010343800000000014e+00 1.010343800000000014e+00 1.006766500000000120e+00
7.674999999999999600e-01 0.000000000000000000e+00 9.813804999999999890e-01 9.813804999999999890e-01 1.003197600000000245e+00
7.724999999999999645e-01 0.000000000000000000e+00 9.567868000000000483e-01 9.567868000000000483e-01 1.000095600000000085e+00
7.774999999999999689e-01 0.000000000000000000e+00 9.388311999999998658e-01 9.388311999999998658e-01 9.969746000000000441e-01
7.824999999999999734e-01 0.000000000000000000e+00 9.252021999999999746e-01 9.252021999999999746e-01 9.939611999999999892e-01
7.874999999999999778e-01 0.000000000000000000e+00 9.171766999999999559e-01 9.171766999999999559e-01 9.912393999999998817e-01
7.924999999999999822e-01 0.000000000000000000e+00 9.134638000000000480e-01 9.134638000000000480e-01 9.887361000000000066e-01
7.974999999999999867e-01 0.000000000000000000e+00 9.146614999999999052e-01 9.146614999999999052e-01 9.862461000000000144e-01
8.024999999999999911e-01 0.000000000000000000e+00 9.204117000000000548e-01 9.204117000000000548e-01 9.840868000000000393e-01
8.074999999999999956e-01 0.000000000000000000e+00 9.319221999999998118e-01 9.319221999999998118e-01 9.820128000000000190e-01
8.125000000000000000e-01 0.000000000000000000e+00 9.474388000000001364e-01 9.474388000000001364e-01 9.800930000000001030e-01
8.175000000000000044e-01 0.000000000000000000e+00 9.675988999999999285e-01 9.675988999999999285e-01 9.782506999999999175e-01
8.225000000000000089e-01 0.000000000000000000e+00 9.923867000000001770e-01 9.923867000000001770e-01 9.766061000000000325e-01
8.275000000000000133e-01 0.000000000000000000e+00 1.022472099999999884e+00 1.022472099999999884e+00 9.750381999999999660e-01
8.325000000000000178e-01 0.000000000000000000e+00 1.056022800000000039e+00 1.056022800000000039e+00 9.733935000000000226e-01
8.375000000000000222e-01 0.000000000000000000e+00 1.092867899999999892e+00 1.092867899999999892e+00 9.722471999999997561e-01
8.425000000000000266e-01 0.000000000000000000e+00 1.132005900000000009e+00 1.132005900000000009e+00 9.708647000000001359e-01
8.475000000000000311e-01 0.000000000000000000e+00 1.172263399999999844e+00 1.172263399999999844e+00 9.696601000000001358e-01
8.525000000000000355e-01 0.000000000000000000e+00 1.211165200000000164e+00 1.211165200000000164e+00 9.684240000000000625e-01
8.575000000000000400e-01 0.000000000000000000e+00 1.248203699999999916e+00 1.248203699999999916e+00 9.674197000000001045e-01
8.625000000000000444e-01 0.000000000000000000e+00 1.279723900000000025e+00 1.279723900000000025e+00 9.662494999999999834e-01
8.675000000000000488e-01 0.000000000000000000e+00 1.305024599999999868e+00 1.305024599999999868e+00 9.652900000000000924e-01
8.725000000000000533e-01 0.000000000000000000e+00 1.323702900000000016e+00 1.323702900000000016e+00 9.642290999999998391e-01
8.774999999999999467e-01 0.000000000000000000e+00 1.332864399999999838e+00 1.332864399999999838e+00 9.631152000000001712e-01
8.824999999999999512e-01 0.000000000000000000e+00 1.334560500000000038e+00 1.334560500000000038e+00 9.622481000000002727e-01
8.874999999999999556e-01 0.000000000000000000e+00 1.330249500000000085e+00 1.330249500000000085e+00 9.614366999999999219e-01
8.924999999999999600e-01 0.000000000000000000e+00 1.318979899999999983e+00 1.318979899999999983e+00 9.604113999999999152e-01
8.974999999999999645e-01 0.000000000000000000e+00 1.303247099999999881e+00 1.303247099999999881e+00 9.594894000000001588e-01
9.024999999999999689e-01 0.000000000000000000e+00 1.284396800000000116e+00 1.284396800000000116e+00 9.586689000000001570e-01
9.074999999999999734e-01 0.000000000000000000e+00 1.263017300000000009e+00 1.263017300000000009e+00 9.578993000000000091e-01
9.124999999999999778e-01 0.000000000000000000e+00 1.239170899999999964e+00 1.239170899999999964e+00 9.571495000000000974e-01
9.174999999999999822e-01 0.000000000000000000e+00 1.215059399999999901e+00 1.215059399999999901e+00 9.562631999999998689e-01
9.224999999999999867e-01 0.000000000000000000e+00 1.190541499999999919e+00 1.190541499999999919e+00 9.558229999999998672e-01
9.274999999999999911e-01 0.000000000000000000e+00 1.165895400000000137e+00 1.165895400000000137e+00 9.549983999999998030e-01
9.324999999999999956e-01 0.000000000000000000e+00 1.142158099999999843e+00 1.142158099999999843e+00 9.545948000000000766e-01
9.375000000000000000e-01 0.000000000000000000e+00 1.118897699999999995e+00 1.118897699999999995e+00 9.539891000000000343e-01
9.425000000000000044e-01 0.000000000000000000e+00 1.096517900000000045e+00 1.096517900000000045e+00 9.534757999999998734e-01
9.475000000000000089e-01 0.000000000000000000e+00 1.075014599999999820e+00 1.075014599999999820e+00 9.531484000000001178e-01
9.525000000000000133e-01 0.000000000000000000e+00 1.054764299999999988e+00 1.054764299999999988e+00 9.526054000000000466e-01
9.575000000000000178e-01 9.000000000000000228e-06 1.036033300000000157e+00 1.036033300000000157e+00 9.523979999999999668e-01
9.625000000000000222e-01 3.960000000000000033e-05 1.018782499999999924e+00 1.018782499999999924e+00 9.522264000000000284e-01
9.675000000000000266e-01 2.189000000000000082e-04 1.003191100000000002e+00 1.003191100000000002e+00 9.519607000000001040e-01
9.725000000000000311e-01 8.148000000000000728e-04 9.882514999999999494e-01 9.882514999999999494e-01 9.515770999999999535e-01
9.775000000000000355e-01 3.316099999999999777e-03 9.751163000000000469e-01 9.751163000000000469e-01 9.516747000000000956e-01
9.825000000000000400e-01 1.086220000000000067e-02 9.636279999999999291e-01 9.636279999999999291e-01 9.515898999999998775e-01
9.875000000000000444e-01 3.133290000000000380e-02 9.530578000000000660e-01 9.530578000000000660e-01 9.517267999999999839e-01
9.925000000000000488e-01 8.009999999999999065e-02 9.446814000000001155e-01 9.446814000000001155e-01 9.517452000000000689e-01
9.975000000000000533e-01 1.835711999999999622e-01 9.372611000000000692e-01 9.372611000000000692e-01 9.518079999999999874e-01
1.002499999999999947e+00 3.774182999999999288e-01 9.311304999999998611e-01 9.311304999999998611e-01 9.521171999999999969e-01
1.007500000000000062e+00 7.013507000000001046e-01 9.263901999999999415e-01 9.263901999999999415e-01 9.522163999999999628e-01
1.012499999999999956e+00 1.189988899999999905e+00 9.230439999999999756e-01 9.230439999999999756e-01 9.524766000000000066e-01
1.017500000000000071e+00 1.865214300000000325e+00 9.206358999999999515e-01 9.206358999999999515e-01 9.530090000000001060e-01
1.022499999999999964e+00 2.699132599999999993e+00 9.193790999999998936e-01 9.193790999999998936e-01 9.533466000000000440e-01
1.027500000000000080e+00 3.663967700000000605e+00 9.191478999999999067e-01 9.191478999999999067e-01 9.537058999999998843e-01
1.032499999999999973e+00 4.667403099999999583e+00 9.192816999999999794e-01 9.192816999999999794e-01 9.542310000000000514e-01
1.037500000000000089e+00 5.623507000000000033e+00 9.205752999999999853e-01 9.205752999999999853e-01 9.548690000000000788e-01
1.042499999999999982e+00 6.429904400000000741e+00 9.225164999999998505e-01 9.225164999999998505e-01 9.554809000000000774e-01
1.047500000000000098e+00 7.025061500000001402e+00 9.250163999999999609e-01 9.250163999999999609e-01 9.563053999999999721e-01
1.052499999999999991e+00 7.376030499999998824e+00 9.282400999999997904e-01 9.282400999999997904e-01 9.569897999999998905e-01
1.057500000000000107e+00 7.446182899999999272e+00 9.309825000000000461e-01 9.309825000000000461e-01 9.578047999999999007e-01
1.062500000000000000e+00 7.287901999999999880e+00 9.337823000000000651e-01 9.337823000000000651e-01 9.587111999999999856e-01
1.067499999999999893e+00 6.902085200000000142e+00 9.367843999999999616e-01 9.367843999999999616e-01 9.596056999999997839e-01
1.072500000000000009e+00 6.387818400000000452e+00 9.394738000000000255e-01 9.394738000000000255e-01 9.605634000000000672e-01
1.077499999999999902e+00 5.769507700000000128e+00 9.414995999999999921e-01 9.414995999999999921e-01 9.617217999999999600e-01
1.082500000000000018e+00 5.115404499999999466e+00 9.433044000000000429e-01 9.433044000000000429e-01 9.626801999999999859e-01
1.087499999999999911e+00 4.450284100000000187e+00 9.447031999999999652e-01 9.447031999999999652e-01 9.639573999999999643e-01
1.092500000000000027e+00 3.812617800000000390e+00 9.452251000000000403e-01 9.452251000000000403e-01 9.650548000000002125e-01
1.097499999999999920e+00 3.229229200000000244e+00 9.448016000000001302e-01 9.448016000000001302e-01 9.663629000000000246e-01
1.102500000000000036e+00 2.704193800000000092e+00 9.439722999999998754e-01 9.439722999999998754e-01 9.676382999999999512e-01
1.107499999999999929e+00 2.245403599999999500e+00 9.427016999999999758e-01 9.427016999999999758e-01 9.690410000000000412e-01
1.112500000000000044e+00 1.854865300000000161e+00 9.405037000000000535e-01 9.405037000000000535e-01 9.703789000000000442e-01
1.117499999999999938e+00 1.523516099999999707e+00 9.377785000000000704e-01 9.377785000000000704e-01 9.718695000000000528e-01
1.122500000000000053e+00 1.249427300000000240e+00 9.347910999999999859e-01 9.347910999999999859e-01 9.733192999999999984e-01
1.127499999999999947e+00 1.029678899999999953e+00 9.315545000000001741e-01 9.315545000000001741e-01 9.748896999999999702e-01
1.132500000000000062e+00 8.597382000000000080e-01 9.277702999999999367e-01 9.277702999999999367e-01 9.764459999999999251e-01
1.137499999999999956e+00 7.287406000000000716e-01 9.237204999999999444e-01 9.237204999999999444e-01 9.780993999999999522e-01
1.142500000000000071e+00 6.253120999999999263e-01 9.194129999999999248e-01 9.194129999999999248e-01 9.798808999999998326e-01
1.147499999999999964e+00 5.428619000000001193e-01 9.151103999999999905e-01 9.151103999999999905e-01 9.815633000000000274e-01
1.152500000000000080e+00 4.814433999999999658e-01 9.113342000000000942e-01 9.113342000000000942e-01 9.833294999999999675e-01
1.157499999999999973e+00 4.258053999999999450e-01 9.068568999999999658e-01 9.068568999999999658e-01 9.851859000000000588e-01
1.162500000000000089e+00 3.886245999999999867e-01 9.034522999999999859e-01 9.034522999999999859e-01 9.870501999999999887e-01
1.167499999999999982e+00 3.578766999999999920e-01 8.992204000000001418e-01 8.992204000000001418e-01 9.890307000000001514e-01
1.172500000000000098e+00 3.366249000000000047e-01 8.960992000000000957e-01 8.960992000000000957e-01 9.909742999999998636e-01
1.177499999999999991e+00 3.179610999999999965e-01 8.922486000000000583e-01 8.922486000000000583e-01 9.929232999999998421e-01
1.182500000000000107e+00 3.051206999999999669e-01 8.889173000000001323e-01 8.889173000000001323e-01 9.949743999999997035e-01
1.187500000000000000e+00 2.945776999999999979e-01 8.859723999999999933e-01 8.859723999999999933e-01 9.970902999999999849e-01
1.192499999999999893e+00 2.903251000000000026e-01 8.838929999999999287e-01 8.838929999999999287e-01 9.992655000000001397e-01
1.197500000000000009e+00 2.915388999999999897e-01 8.811638000000000526e-01 8.811638000000000526e-01 1.001414499999999652e+00
1.202499999999999902e+00 2.964246999999999854e-01 8.795759999999999135e-01 8.795759999999999135e-01 1.003489800000000098e+00
1.207500000000000018e+00 3.019954999999999723e-01 8.785928999999998990e-01 8.785928999999998990e-01 1.005878500000000120e+00
1.212499999999999911e+00 3.165739000000000192e-01 8.772618000000000915e-01 8.772618000000000915e-01 1.008104800000000134e+00
1.217500000000000027e+00 3.291386000000000034e-01 8.765830999999998374e-01 8.765830999999998374e-01 1.010450799999999871e+00
1.222499999999999920e+00 3.497266999999999459e-01 8.765420000000000433e-01 8.765420000000000433e-01 1.012836800000000093e+00
1.227500000000000036e+00 3.750048000000000270e-01 8.769438999999999984e-01 8.769438999999999984e-01 1.015118799999999988e+00
1.232499999999999929e+00 4.042119999999999602e-01 8.779261999999998789e-01 8.779261999999998789e-01 1.017631699999999917e+00
1.237500000000000044e+00 4.447157999999999944e-01 8.783606999999999942e-01 8.783606999999999942e-01 1.020100400000000018e+00
1.242499999999999938e+00 4.882015000000000104e-01 8.798365999999999687e-01 8.798365999999999687e-01 1.022695499999999980e+00
1.247500000000000053e+00 5.367347999999999564e-01 8.814099000000000794e-01 8.814099000000000794e-01 1.025232399999999933e+00
1.252499999999999947e+00 5.968828999999998830e-01 8.831564000000000636e-01 8.831564000000000636e-01 1.027779199999999893e+00
1.257500000000000062e+00 6.662388999999999672e-01 8.848526999999999365e-01 8.848526999999999365e-01 1.030434500000000142e+00
1.262499999999999956e+00 7.395096999999998255e-01 8.873130000000000184e-01 8.873130000000000184e-01 1.033007400000000020e+00
1.267500000000000071e+00 8.183573000000000652e-01 8.900221999999999856e-01 8.900221999999999856e-01 1.035490799999999822e+00
1.272499999999999964e+00 9.030865999999999616e-01 8.925301999999998293e-01 8.925301999999998293e-01 1.037897700000000034e+00
1.277500000000000080e+00 9.847613000000000616e-01 8.949909000000001447e-01 8.949909000000001447e-01 1.040095600000000120e+00
1.282499999999999973e+00 1.058615499999999932e+00 8.974178000000000432e-01 8.974178000000000432e-01 1.041983399999999893e+00
1.287500000000000089e+00 1.128960600000000314e+00 9.002441999999998279e-01 9.002441999999998279e-01 1.043613799999999925e+00
1.292499999999999982e+00 1.180467099999999991e+00 9.026378999999998820e-01 9.026378999999998820e-01 1.044847699999999824e+00
1.297500000000000098e+00 1.218108600000000097e+00 9.050666999999998907e-01 9.050666999999998907e-01 1.045568400000000064e+00
1.302499999999999991e+00 1.238416200000000078e+00 9.070491999999999999e-01 9.070491999999999999e-01 1.045851300000000039e+00
1.307500000000000107e+00 1.243684699999999754e+00 9.095142999999999978e-01 9.095142999999999978e-01 1.045546300000000040e+00
1.312500000000000000e+00 1.232932799999999940e+00 9.112351999999999119e-01 9.112351999999999119e-01 1.044775800000000032e+00
1.317499999999999893e+00 1.213263400000000214e+00 9.126771000000000189e-01 9.126771000000000189e-01 1.043714800000000054e+00
1.322500000000000009e+00 1.179573300000000158e+00 9.138819000000001358e-01 9.138819000000001358e-01 1.042215200000000008e+00
1.327499999999999902e+00 1.142100699999999858e+00 9.148253999999997887e-01 9.148253999999997887e-01 1.040514700000000126e+00
1.332500000000000018e+00 1.101855499999999877e+00 9.158640999999999588e-01 9.158640999999999588e-01 1.038695199999999819e+00
1.337499999999999911e+00 1.052828000000000097e+00 9.170667999999999598e-01 9.170667999999999598e-01 1.036622600000000061e+00
1.342500000000000027e+00 1.010787000000000102e+00 9.172695000000000709e-01 9.172695000000000709e-01 1.034501999999999811e+00
1.347499999999999920e+00 9.642359999999999820e-01 9.177232999999999086e-01 9.177232999999999086e-01 1.032570000000000210e+00
1.352500000000000036e+00 9.206522999999998680e-01 9.179288999999999366e-01 9.179288999999999366e-01 1.030624199999999879e+00
1.357499999999999929e+00 8.811643999999999588e-01 9.186547000000000462e-01 9.186547000000000462e-01 1.028729899999999864e+00
1.362500000000000044e+00 8.433526999999999552e-01 9.193898000000000348e-01 9.193898000000000348e-01 1.026915399999999812e+00
1.367499999999999938e+00 8.103190000000000115e-01 9.196244000000000085e-01 9.196244000000000085e-01 1.025312000000000001e+00
1.372500000000000053e+00 7.760896999999999935e-01 9.205838999999998995e-01 9.205838999999998995e-01 1.023715699999999895e+00
1.377499999999999947e+00 7.506307000000000951e-01 9.209918999999999745e-01 9.209918999999999745e-01 1.022416300000000167e+00
1.382500000000000062e+00 7.231104000000000420e-01 9.219364000000001003e-01 9.219364000000001003e-01 1.021222000000000074e+00
1.387499999999999956e+00 7.008445999999999287e-01 9.230103999999998976e-01 9.230103999999998976e-01 1.020139200000000024e+00
1.392500000000000071e+00 6.836843000000000226e-01 9.245007999999999004e-01 9.245007999999999004e-01 1.019391900000000017e+00
1.397499999999999964e+00 6.639603999999998951e-01 9.255186000000001911e-01 9.255186000000001911e-01 1.018520799999999893e+00
1.402500000000000080e+00 6.513693000000000399e-01 9.273779999999998136e-01 9.273779999999998136e-01 1.017940799999999868e+00
1.407499999999999973e+00 6.412200000000000122e-01 9.294781000000000848e-01 9.294781000000000848e-01 1.017514599999999936e+00
1.412500000000000089e+00 6.323874000000000439e-01 9.313714000000000715e-01 9.313714000000000715e-01 1.017193499999999862e+00
1.417499999999999982e+00 6.280687000000000353e-01 9.337208000000000174e-01 9.337208000000000174e-01 1.016985099999999864e+00
1.422500000000000098e+00 6.238333999999999824e-01 9.366372000000000586e-01 9.366372000000000586e-01 1.016827900000000007e+00
1.427499999999999991e+00 6.229789999999999495e-01 9.389395999999999853e-01 9.389395999999999853e-01 1.016755600000000204e+00
1.432500000000000107e+00 6.219536000000001064e-01 9.424791999999999614e-01 9.424791999999999614e-01 1.016934600000000133e+00
1.437500000000000000e+00 6.291382000000000918e-01 9.457432999999998424e-01 9.457432999999998424e-01 1.017103299999999821e+00
1.442499999999999893e+00 6.313576999999999106e-01 9.488258999999998888e-01 9.488258999999998888e-01 1.017298100000000094e+00
1.447500000000000009e+00 6.403066999999998954e-01 9.522787000000001445e-01 9.522787000000001445e-01 1.017520100000000038e+00
1.452499999999999902e+00 6.516205999999999943e-01 9.556450999999999141e-01 9.556450999999999141e-01 1.017945099999999936e+00
1.457500000000000018e+00 6.635318999999999523e-01 9.588511000000000672e-01 9.588511000000000672e-01 1.018165099999999823e+00
1.462499999999999911e+00 6.761812000000000378e-01 9.624538999999998623e-01 9.624538999999998623e-01 1.018516900000000058e+00
1.467500000000000027e+00 6.908573000000000075e-01 9.656012999999999957e-01 9.656012999999999957e-01 1.018928499999999904e+00
1.472499999999999920e+00 7.065533000000000508e-01 9.691912999999999778e-01 9.691912999999999778e-01 1.019190299999999993e+00
1.477500000000000036e+00 7.203631999999998703e-01 9.725344000000000211e-01 9.725344000000000211e-01 1.019502900000000212e+00
1.482499999999999929e+00 7.377439999999999554e-01 9.758072999999999331e-01 9.758072999999999331e-01 1.019725699999999957e+00
1.487500000000000044e+00 7.568944999999999146e-01 9.785399999999999654e-01 9.785399999999999654e-01 1.019922400000000007e+00
1.492499999999999938e+00 7.695229000000000097e-01 9.819730999999999321e-01 9.819730999999999321e-01 1.020058600000000038e+00
1.497500000000000053e+00 7.855871000000000937e-01 9.852432999999999330e-01 9.852432999999999330e-01 1.020042400000000127e+00
1.502499999999999947e+00 8.014754999999998963e-01 9.882533999999999486e-01 9.882533999999999486e-01 1.019909399999999966e+00
1.507500000000000062e+00 8.122120999999999924e-01 9.913860000000001005e-01 9.913860000000001005e-01 1.019857399999999803e+00
1.512499999999999956e+00 8.244911999999999797e-01 9.943977000000000510e-01 9.943977000000000510e-01 1.019443199999999994e+00
1.517500000000000071e+00 8.349308000000000840e-01 9.978049999999999420e-01 9.978049999999999420e-01 1.019034100000000054e+00
1.522499999999999964e+00 8.423242999999999148e-01 1.000511400000000162e+00 1.000511400000000162e+00 1.018434500000000131e+00
1.527500000000000080e+00 8.475493000000000610e-01 1.004059499999999883e+00 1.004059499999999883e+00 1.017881500000000106e+00
1.532499999999999973e+00 8.495489000000000512e-01 1.007102399999999953e+00 1.007102399999999953e+00 1.017081900000000205e+00
1.537500000000000089e+00 8.551038999999999168e-01 1.010610199999999903e+00 1.010610199999999903e+00 1.016350499999999935e+00
1.542499999999999982e+00 8.551890999999999243e-01 1.014009399999999950e+00 1.014009399999999950e+00 1.015367099999999967e+00
1.547500000000000098e+00 8.540366000000000346e-01 1.017585500000000032e+00 1.017585500000000032e+00 1.014320600000000017e+00
1.552499999999999991e+00 8.526346000000000203e-01 1.020931100000000091e+00 1.020931100000000091e+00 1.013409999999999922e+00
1.557500000000000107e+00 8.535816000000000514e-01 1.024692500000000006e+00 1.024692500000000006e+00 1.012252800000000175e+00
1.562500000000000000e+00 8.477481000000001155e-01 1.028387299999999893e+00 1.028387299999999893e+00 1.011298500000000100e+00
1.567499999999999893e+00 8.457713000000000036e-01 1.032623500000000138e+00 1.032623500000000138e+00 1.010231199999999996e+00
1.572500000000000009e+00 8.415953000000000461e-01 1.036418300000000015e+00 1.036418300000000015e+00 1.009181099999999720e+00
1.577499999999999902e+00 8.389554999999999652e-01 1.040229499999999918e+00 1.040229499999999918e+00 1.008176199999999856e+00
1.582500000000000018e+00 8.346755000000000146e-01 1.044599800000000078e+00 1.044599800000000078e+00 1.007135999999999809e+00
1.587499999999999911e+00 8.312411000000000660e-01 1.048562299999999947e+00 1.048562299999999947e+00 1.006093200000000021e+00
1.592500000000000027e+00 8.280047999999998742e-01 1.052854600000000085e+00 1.052854600000000085e+00 1.005204500000000056e+00
1.597499999999999920e+00 8.260088000000000985e-01 1.057361999999999913e+00 1.057361999999999913e+00 1.004274700000000076e+00
1.602500000000000036e+00 8.216393999999999087e-01 1.061494199999999832e+00 1.061494199999999832e+00 1.003377499999999811e+00
1.607499999999999929e+00 8.223625999999999436e-01 1.066136200000000089e+00 1.066136200000000089e+00 1.002587000000000117e+00
1.612500000000000044e+00 8.207591999999998000e-01 1.070527100000000065e+00 1.070527100000000065e+00 1.001841800000000005e+00
1.617499999999999938e+00 8.196034000000000930e-01 1.075309499999999918e+00 1.075309499999999918e+00 1.001155299999999970e+00
1.622500000000000053e+00 8.197528000000000592e-01 1.079588299999999945e+00 1.079588299999999945e+00 1.000419300000000122e+00
1.627499999999999947e+00 8.212230000000000363e-01 1.084398399999999985e+00 1.084398399999999985e+00 9.998622999999999816e-01
1.632500000000000062e+00 8.200886000000000564e-01 1.088974400000000120e+00 1.088974400000000120e+00 9.993387000000000242e-01
1.637499999999999956e+00 8.230803999999999343e-01 1.093912299999999949e+00 1.093912299999999949e+00 9.989055000000000017e-01
1.642500000000000071e+00 8.236589999999999190e-01 1.098525799999999997e+00 1.098525799999999997e+00 9.983459000000000083e-01
1.647499999999999964e+00 8.262709999999998667e-01 1.102846599999999899e+00 1.102846599999999899e+00 9.980344999999999356e-01
1.652500000000000080e+00 8.253897999999999513e-01 1.106915499999999941e+00 1.106915499999999941e+00 9.978097000000000216e-01
1.657499999999999973e+00 8.280970000000001940e-01 1.111045000000000282e+00 1.111045000000000282e+00 9.973978999999998374e-01
1.662500000000000089e+00 8.296149999999998803e-01 1.114718299999999829e+00 1.114718299999999829e+00 9.972440999999999667e-01
1.667499999999999982e+00 8.307430000000000092e-01 1.117838099999999946e+00 1.117838099999999946e+00 9.970231999999998873e-01
1.672500000000000098e+00 8.346607999999999805e-01 1.120215899999999820e+00 1.120215899999999820e+00 9.967893999999999366e-01
1.677499999999999991e+00 8.377321999999999269e-01 1.121605900000000045e+00 1.121605900000000045e+00 9.966669000000001333e-01
1.682500000000000107e+00 8.435190999999999661e-01 1.121871799999999864e+00 1.121871799999999864e+00 9.964349000000000123e-01
1.687500000000000000e+00 8.456445999999999685e-01 1.121074800000000149e+00 1.121074800000000149e+00 9.963318000000001007e-01
1.692499999999999893e+00 8.492929000000000173e-01 1.119199500000000125e+00 1.119199500000000125e+00 9.961992000000000624e-01
1.697500000000000009e+00 8.553473999999999799e-01 1.116154499999999938e+00 1.116154499999999938e+00 9.960815999999999004e-01
1.702499999999999902e+00 8.625579999999999359e-01 1.111903599999999992e+00 1.111903599999999992e+00 9.959316000000001390e-01
1.707500000000000018e+00 8.661376000000000630e-01 1.107127100000000031e+00 1.107127100000000031e+00 9.957209999999999672e-01
1.712499999999999911e+00 8.731090000000000240e-01 1.100786199999999715e+00 1.100786199999999715e+00 9.956218000000000012e-01
1.717500000000000027e+00 8.811566999999997929e-01 1.093612800000000052e+00 1.093612800000000052e+00 9.953877999999999338e-01
1.722499999999999920e+00 8.871711999999998266e-01 1.086523899999999987e+00 1.086523899999999987e+00 9.952838999999998881e-01
1.727500000000000036e+00 8.938916999999999558e-01 1.078713100000000313e+00 1.078713100000000313e+00 9.950495000000000312e-01
1.732499999999999929e+00 8.997294000000000125e-01 1.070479399999999970e+00 1.070479399999999970e+00 9.949192000000002256e-01
1.737500000000000044e+00 9.106155000000001332e-01 1.062740000000000240e+00 1.062740000000000240e+00 9.946378000000001274e-01
1.742499999999999938e+00 9.197423000000000126e-01 1.054725200000000029e+00 1.054725200000000029e+00 9.944544000000000716e-01
1.747500000000000053e+00 9.279084000000000776e-01 1.047248800000000202e+00 1.047248800000000202e+00 9.942382000000000719e-01
1.752499999999999947e+00 9.374529999999999808e-01 1.040294899999999911e+00 1.040294899999999911e+00 9.939340999999999315e-01
1.757500000000000062e+00 9.485656999999999561e-01 1.033736299999999941e+00 1.033736299999999941e+00 9.937392999999999921e-01
1.762499999999999956e+00 9.574301999999998980e-01 1.027769699999999897e+00 1.027769699999999897e+00 9.934627999999999792e-01
1.767500000000000071e+00 9.715517999999999654e-01 1.022655700000000056e+00 1.022655700000000056e+00 9.932631000000000654e-01
1.772499999999999964e+00 9.831488999999999923e-01 1.017566799999999994e+00 1.017566799999999994e+00 9.929934999999998624e-01
1.777500000000000080e+00 9.974874000000000240e-01 1.013190100000000093e+00 1.013190100000000093e+00 9.927139999999999853e-01
1.782499999999999973e+00 1.007682200000000083e+00 1.009427700000000039e+00 1.009427700000000039e+00 9.924934999999999174e-01
1.787500000000000089e+00 1.020441699999999896e+00 1.006603099999999973e+00 1.006603099999999973e+00 9.922226000000000656e-01
1.792499999999999982e+00 1.035156399999999977e+00 1.003958099999999742e+00 1.003958099999999742e+00 9.920211000000002111e-01
1.797500000000000098e+00 1.045903699999999770e+00 1.001783199999999763e+00 1.001783199999999763e+00 9.918568999999999303e-01
1.802499999999999991e+00 1.056570699999999974e+00 9.999459999999998905e-01 9.999459999999998905e-01 9.916304999999999703e-01
1.807500000000000107e+00 1.064109500000000041e+00 9.989537000000000555e-01 9.989537000000000555e-01 9.914221000000000839e-01
1.812500000000000000e+00 1.073417899999999925e+00 9.979150999999999438e-01 9.979150999999999438e-01 9.912836000000000425e-01
1.817499999999999893e+00 1.078247800000000201e+00 9.975671999999999873e-01 9.975671999999999873e-01 9.910885000000000389e-01
1.822500000000000009e+00 1.081670699999999874e+00 9.973182999999998799e-01 9.973182999999998799e-01 9.909793999999999548e-01
1.827499999999999902e+00 1.081230100000000194e+00 9.975426999999997824e-01 9.975426999999997824e-01 9.908484000000001846e-01
1.832500000000000018e+00 1.080217699999999947e+00 9.978634999999999033e-01 9.978634999999999033e-01 9.908132000000000605e-01
1.837499999999999911e+00 1.077037800000000045e+00 9.984845999999999444e-01 9.984845999999999444e-01 9.907490000000001018e-01
1.842500000000000027e+00 1.071321999999999885e+00 9.992570000000000618e-01 9.992570000000000618e-01 9.906338999999999562e-01
1.847499999999999920e+00 1.064391300000000040e+00 9.995369000000000614e-01 9.995369000000000614e-01 9.906696000000000391e-01
1.852500000000000036e+00 1.057574899999999873e+00 1.000486899999999846e+00 1.000486899999999846e+00 9.906295000000000517e-01
1.857499999999999929e+00 1.051656000000000146e+00 1.001681700000000008e+00 1.001681700000000008e+00 9.907137000000000304e-01
1.862500000000000044e+00 1.045119300000000084e+00 1.002592799999999951e+00 1.002592799999999951e+00 9.907866999999999091e-01
1.867499999999999938e+00 1.041253399999999996e+00 1.003538400000000053e+00 1.003538400000000053e+00 9.908391000000001947e-01
1.872500000000000053e+00 1.037812500000000027e+00 1.004604999999999970e+00 1.004604999999999970e+00 9.910440999999998724e-01
1.877499999999999947e+00 1.033926299999999854e+00 1.005381100000000139e+00 1.005381100000000139e+00 9.910685999999999662e-01
1.882500000000000062e+00 1.035738599999999954e+00 1.005885200000000035e+00 1.005885200000000035e+00 9.911233999999998767e-01
1.887499999999999956e+00 1.036524599999999907e+00 1.006505400000000217e+00 1.006505400000000217e+00 9.913618999999999071e-01
1.892500000000000071e+00 1.042594899999999880e+00 1.007072700000000154e+00 1.007072700000000154e+00 9.915143000000000706e-01
1.897499999999999964e+00 1.052148800000000106e+00 1.007146199999999769e+00 1.007146199999999769e+00 9.917152000000000189e-01
1.902500000000000080e+00 1.056005500000000152e+00 1.007435100000000139e+00 1.007435100000000139e+00 9.919007000000000795e-01
1.907499999999999973e+00 1.067889699999999831e+00 1.007215799999999994e+00 1.007215799999999994e+00 9.920572999999999197e-01
1.912500000000000089e+00 1.079336499999999699e+00 1.006875500000000034e+00 1.006875500000000034e+00 9.922899999999998943e-01
1.917499999999999982e+00 1.090689500000000089e+00 1.006034300000000048e+00 1.006034300000000048e+00 9.924615000000001075e-01
1.922500000000000098e+00 1.104570800000000075e+00 1.005112499999999853e+00 1.005112499999999853e+00 9.926597000000001447e-01
1.927499999999999991e+00 1.115260499999999988e+00 1.004269599999999985e+00 1.004269599999999985e+00 9.928641999999999745e-01
1.932500000000000107e+00 1.129877000000000020e+00 1.002615400000000268e+00 1.002615400000000268e+00 9.931083000000000549e-01
1.937500000000000000e+00 1.140272000000000174e+00 1.001226000000000171e+00 1.001226000000000171e+00 9.933231000000001254e-01
1.942499999999999893e+00 1.151104899999999764e+00 9.996857999999999578e-01 9.996857999999999578e-01 9.935171000000000419e-01
1.947500000000000009e+00 1.161910600000000127e+00 9.976810000000000400e-01 9.976810000000000400e-01 9.937378000000001155e-01
1.952499999999999902e+00 1.169938299999999876e+00 9.958287000000000111e-01 9.958287000000000111e-01 9.938959000000000543e-01
1.957500000000000018e+00 1.176187800000000117e+00 9.937827999999999662e-01 9.937827999999999662e-01 9.940746000000000304e-01
1.962499999999999911e+00 1.185590800000000167e+00 9.916619999999998214e-01 9.916619999999998214e-01 9.943145999999998264e-01
1.967500000000000027e+00 1.188296899999999878e+00 9.896961000000000785e-01 9.896961000000000785e-01 9.944574999999999942e-01
1.972499999999999920e+00 1.190911900000000134e+00 9.875915000000000665e-01 9.875915000000000665e-01 9.946611000000000757e-01
1.977500000000000036e+00 1.194955999999999907e+00 9.854952000000001266e-01 9.854952000000001266e-01 9.948567999999999856e-01
1.982499999999999929e+00 1.196466999999999725e+00 9.836712999999999152e-01 9.836712999999999152e-01 9.951041999999998833e-01
1.987500000000000044e+00 1.197073699999999796e+00 9.814922999999999842e-01 9.814922999999999842e-01 9.953239000000000392e-01
1.992499999999999938e+00 1.201235700000000239e+00 9.797066000000000940e-01 9.797066000000000940e-01 9.954772999999998984e-01
1.997500000000000053e+00 1.203298099999999815e+00 9.781864999999999588e-01 9.781864999999999588e-01 9.957151999999999115e-01
