2.500000000000000052e-03 0.000000000000000000e+00 0.000000000000000000e+00 0.000000000000000000e+00 0.000000000000000000e+00
7.499999999999999722e-03 0.000000000000000000e+00 0.000000000000000000e+00 0.000000000000000000e+00 0.000000000000000000e+00
1.250000000000000069e-02 0.000000000000000000e+00 0.000000000000000000e+00 0.000000000000000000e+00 0.000000000000000000e+00
1.750000000000000167e-02 0.000000000000000000e+00 0.000000000000000000e+00 0.000000000000000000e+00 0.000000000000000000e+00
2.249999999999999917e-02 0.000000000000000000e+00 0.000000000000000000e+00 0.000000000000000000e+00 0.000000000000000000e+00
2.750000000000000014e-02 0.000000000000000000e+00 0.000000000000000000e+00 0.000000000000000000e+00 0.000000000000000000e+00
3.250000000000000111e-02 0.000000000000000000e+00 0.000000000000000000e+00 0.000000000000000000e+00 0.000000000000000000e+00
3.749999999999999861e-02 0.000000000000000000e+00 0.000000000000000000e+00 0.000000000000000000e+00 0.000000000000000000e+00
4.250000000000000305e-02 0.000000000000000000e+00 0.000000000000000000e+00 0.000000000000000000e+00 0.000000000000000000e+00
4.750000000000000056e-02 0.000000000000000000e+00 0.000000000000000000e+00 0.000000000000000000e+00 0.000000000000000000e+00
5.249999999999999806e-02 0.000000000000000000e+00 0.000000000000000000e+00 0.000000000000000000e+00 0.000000000000000000e+00
5.750000000000000250e-02 0.000000000000000000e+00 0.000000000000000000e+00 0.000000000000000000e+00 0.000000000000000000e+00
6.250000000000000000e-02 0.000000000000000000e+00 0.000000000000000000e+00 0.000000000000000000e+00 0.000000000000000000e+00
6.750000000000000444e-02 0.000000000000000000e+00 0.000000000000000000e+00 0.000000000000000000e+00 0.000000000000000000e+00
7.249999999999999500e-02 0.000000000000000000e+00 0.000000000000000000e+00 0.000000000000000000e+00 0.000000000000000000e+00
7.749999999999999944e-02 0.000000000000000000e+00 0.000000000000000000e+00 0.000000000000000000e+00 0.000000000000000000e+00
8.250000000000000389e-02 0.000000000000000000e+00 0.000000000000000000e+00 0.000000000000000000e+00 0.000000000000000000e+00
8.749999999999999445e-02 0.000000000000000000e+00 0.000000000000000000e+00 0.000000000000000000e+00 0.000000000000000000e+00
9.249999999999999889e-02 0.000000000000000000e+00 0.000000000000000000e+00 0.000000000000000000e+00 0.000000000000000000e+00
9.750000000000000333e-02 0.000000000000000000e+00 0.000000000000000000e+00 0.000000000000000000e+00 0.000000000000000000e+00
1.024999999999999939e-01 0.000000000000000000e+00 0.000000000000000000e+00 0.000000000000000000e+00 0.000000000000000000e+00
1.074999999999999983e-01 0.000000000000000000e+00 0.000000000000000000e+00 0.000000000000000000e+00 0.000000000000000000e+00
1.125000000000000028e-01 0.000000000000000000e+00 0.000000000000000000e+00 0.000000000000000000e+00 0.000000000000000000e+00
1.174999999999999933e-01 0.000000000000000000e+00 0.000000000000000000e+00 0.000000000000000000e+00 0.000000000000000000e+00
1.224999999999999978e-01 0.000000000000000000e+00 0.000000000000000000e+00 0.000000000000000000e+00 0.000000000000000000e+00
1.275000000000000022e-01 0.000000000000000000e+00 0.000000000000000000e+00 0.000000000000000000e+00 0.000000000000000000e+00
1.325000000000000067e-01 0.000000000000000000e+00 0.000000000000000000e+00 0.000000000000000000e+00 0.000000000000000000e+00
1.375000000000000111e-01 0.000000000000000000e+00 0.000000000000000000e+00 0.000000000000000000e+00 0.000000000000000000e+00
1.424999999999999878e-01 0.000000000000000000e+00 0.000000000000000000e+00 0.000000000000000000e+00 0.000000000000000000e+00
1.474999999999999922e-01 0.000000000000000000e+00 0.000000000000000000e+00 0.000000000000000000e+00 0.000000000000000000e+00
1.524999999999999967e-01 0.000000000000000000e+00 0.000000000000000000e+00 0.000000000000000000e+00 0.000000000000000000e+00
1.575000000000000011e-01 0.000000000000000000e+00 0.000000000000000000e+00 0.000000000000000000e+00 0.000000000000000000e+00
1.625000000000000056e-01 0.000000000000000000e+00 0.000000000000000000e+00 0.000000000000000000e+00 0.000000000000000000e+00
1.675000000000000100e-01 0.000000000000000000e+00 0.000000000000000000e+00 0.000000000000000000e+00 0.000000000000000000e+00
1.724999999999999867e-01 0.000000000000000000e+00 0.000000000000000000e+00 0.000000000000000000e+00 0.000000000000000000e+00
1.774999999999999911e-01 0.000000000000000000e+00 0.000000000000000000e+00 0.000000000000000000e+00 0.000000000000000000e+00
1.824999999999999956e-01 0.000000000000000000e+00 0.000000000000000000e+00 0.000000000000000000e+00 0.000000000000000000e+00
1.875000000000000000e-01 0.000000000000000000e+00 0.000000000000000000e+00 0.000000000000000000e+00 0.000000000000000000e+00
1.925000000000000044e-01 0.000000000000000000e+00 0.000000000000000000e+00 0.000000000000000000e+00 0.000000000000000000e+00
1.975000000000000089e-01 0.000000000000000000e+00 0.000000000000000000e+00 0.000000000000000000e+00 4.709999999999999967e-05
2.025000000000000133e-01 0.000000000000000000e+00 0.000000000000000000e+00 0.000000000000000000e+00 8.258500000000000216e-03
2.074999999999999900e-01 0.000000000000000000e+00 0.000000000000000000e+00 0.000000000000000000e+00 1.979156000000000248e-01
2.124999999999999944e-01 0.000000000000000000e+00 0.000000000000000000e+00 0.000000000000000000e+00 1.265949600000000119e+00
2.174999999999999989e-01 0.000000000000000000e+00 0.000000000000000000e+00 0.000000000000000000e+00 3.248406099999999519e+00
2.225000000000000033e-01 0.000000000000000000e+00 0.000000000000000000e+00 0.000000000000000000e+00 4.456326399999999133e+00
2.275000000000000078e-01 0.000000000000000000e+00 0.000000000000000000e+00 0.000000000000000000e+00 4.312042499999999556e+00
2.325000000000000122e-01 0.000000000000000000e+00 0.000000000000000000e+00 0.000000000000000000e+00 3.988618600000000125e+00
2.374999999999999889e-01 0.000000000000000000e+00 0.000000000000000000e+00 0.000000000000000000e+00 3.697106700000000412e+00
2.424999999999999933e-01 0.000000000000000000e+00 0.000000000000000000e+00 0.000000000000000000e+00 3.433374500000000218e+00
2.474999999999999978e-01 0.000000000000000000e+00 0.000000000000000000e+00 0.000000000000000000e+00 3.195967099999999839e+00
2.525000000000000022e-01 0.000000000000000000e+00 0.000000000000000000e+00 0.000000000000000000e+00 2.982718699999999945e+00
2.575000000000000067e-01 0.000000000000000000e+00 0.000000000000000000e+00 0.000000000000000000e+00 2.789370199999999578e+00
2.625000000000000111e-01 0.000000000000000000e+00 0.000000000000000000e+00 0.000000000000000000e+00 2.614080500000000473e+00
2.675000000000000155e-01 0.000000000000000000e+00 0.000000000000000000e+00 0.000000000000000000e+00 2.457257700000000433e+00
2.725000000000000200e-01 0.000000000000000000e+00 0.000000000000000000e+00 0.000000000000000000e+00 2.315412799999999827e+00
2.775000000000000244e-01 0.000000000000000000e+00 0.000000000000000000e+00 0.000000000000000000e+00 2.186770699999999845e+00
2.824999999999999734e-01 0.000000000000000000e+00 0.000000000000000000e+00 0.000000000000000000e+00 2.071068200000000026e+00
2.874999999999999778e-01 0.000000000000000000e+00 0.000000000000000000e+00 0.000000000000000000e+00 1.966581600000000041e+00
2.924999999999999822e-01 0.000000000000000000e+00 0.000000000000000000e+00 0.000000000000000000e+00 1.872564499999999965e+00
2.974999999999999867e-01 0.000000000000000000e+00 0.000000000000000000e+00 0.000000000000000000e+00 1.787645099999999987e+00
3.024999999999999911e-01 0.000000000000000000e+00 0.000000000000000000e+00 0.000000000000000000e+00 1.710989100000000152e+00
3.074999999999999956e-01 0.000000000000000000e+00 0.000000000000000000e+00 0.000000000000000000e+00 1.642607600000000279e+00
3.125000000000000000e-01 0.000000000000000000e+00 0.000000000000000000e+00 0.000000000000000000e+00 1.581312400000000062e+00
3.175000000000000044e-01 0.000000000000000000e+00 0.000000000000000000e+00 0.000000000000000000e+00 1.525824300000000022e+00
3.225000000000000089e-01 0.000000000000000000e+00 0.000000000000000000e+00 0.000000000000000000e+00 1.478187699999999882e+00
3.275000000000000133e-01 0.000000000000000000e+00 0.000000000000000000e+00 0.000000000000000000e+00 1.435186300000000248e+00
3.325000000000000178e-01 0.000000000000000000e+00 0.000000000000000000e+00 0.000000000000000000e+00 1.397664400000000029e+00
3.375000000000000222e-01 0.000000000000000000e+00 0.000000000000000000e+00 0.000000000000000000e+00 1.365572800000000031e+00
3.425000000000000266e-01 0.000000000000000000e+00 0.000000000000000000e+00 0.000000000000000000e+00 1.337616700000000325e+00
3.474999999999999756e-01 0.000000000000000000e+00 0.000000000000000000e+00 0.000000000000000000e+00 1.314734800000000092e+00
3.524999999999999800e-01 0.000000000000000000e+00 0.000000000000000000e+00 0.000000000000000000e+00 1.295905099999999921e+00
3.574999999999999845e-01 0.000000000000000000e+00 0.000000000000000000e+00 0.000000000000000000e+00 1.281252999999999975e+00
3.624999999999999889e-01 0.000000000000000000e+00 0.000000000000000000e+00 0.000000000000000000e+00 1.270635100000000017e+00
3.674999999999999933e-01 0.000000000000000000e+00 0.000000000000000000e+00 0.000000000000000000e+00 1.263917100000000016e+00
3.724999999999999978e-01 0.000000000000000000e+00 0.000000000000000000e+00 0.000000000000000000e+00 1.260253499999999915e+00
3.775000000000000022e-01 0.000000000000000000e+00 0.000000000000000000e+00 0.000000000000000000e+00 1.260355799999999915e+00
3.825000000000000067e-01 0.000000000000000000e+00 0.000000000000000000e+00 0.000000000000000000e+00 1.263723299999999883e+00
3.875000000000000111e-01 0.000000000000000000e+00 0.000000000000000000e+00 0.000000000000000000e+00 1.270548900000000092e+00
3.925000000000000155e-01 0.000000000000000000e+00 0.000000000000000000e+00 0.000000000000000000e+00 1.280140599999999962e+00
3.975000000000000200e-01 0.000000000000000000e+00 0.000000000000000000e+00 0.000000000000000000e+00 1.292221100000000122e+00
4.025000000000000244e-01 0.000000000000000000e+00 0.000000000000000000e+00 0.000000000000000000e+00 1.306583999999999746e+00
4.074999999999999734e-01 0.000000000000000000e+00 0.000000000000000000e+00 0.000000000000000000e+00 1.323739400000000010e+00
4.124999999999999778e-01 0.000000000000000000e+00 0.000000000000000000e+00 0.000000000000000000e+00 1.341757899999999948e+00
4.174999999999999822e-01 0.000000000000000000e+00 0.000000000000000000e+00 0.000000000000000000e+00 1.362494600000000000e+00
4.224999999999999867e-01 0.000000000000000000e+00 0.000000000000000000e+00 0.000000000000000000e+00 1.384516799999999881e+00
4.274999999999999911e-01 0.000000000000000000e+00 0.000000000000000000e+00 0.000000000000000000e+00 1.407488999999999768e+00
4.324999999999999956e-01 0.000000000000000000e+00 0.000000000000000000e+00 0.000000000000000000e+00 1.429206300000000152e+00
4.375000000000000000e-01 0.000000000000000000e+00 0.000000000000000000e+00 0.000000000000000000e+00 1.447003899999999899e+00
4.425000000000000044e-01 0.000000000000000000e+00 0.000000000000000000e+00 0.000000000000000000e+00 1.458629499999999801e+00
4.475000000000000089e-01 0.000000000000000000e+00 0.000000000000000000e+00 0.000000000000000000e+00 1.463880599999999976e+00
4.525000000000000133e-01 0.000000000000000000e+00 0.000000000000000000e+00 0.000000000000000000e+00 1.463579999999999881e+00
4.575000000000000178e-01 0.000000000000000000e+00 0.000000000000000000e+00 0.000000000000000000e+00 1.459350799999999726e+00
4.625000000000000222e-01 0.000000000000000000e+00 0.000000000000000000e+00 0.000000000000000000e+00 1.451350699999999883e+00
4.675000000000000266e-01 0.000000000000000000e+00 0.000000000000000000e+00 0.000000000000000000e+00 1.440176800000000146e+00
4.724999999999999756e-01 0.000000000000000000e+00 0.000000000000000000e+00 0.000000000000000000e+00 1.427294099999999899e+00
4.774999999999999800e-01 0.000000000000000000e+00 0.000000000000000000e+00 0.000000000000000000e+00 1.412088400000000021e+00
4.824999999999999845e-01 0.000000000000000000e+00 0.000000000000000000e+00 0.000000000000000000e+00 1.396020299999999992e+00
4.874999999999999889e-01 0.000000000000000000e+00 0.000000000000000000e+00 0.000000000000000000e+00 1.379111999999999894e+00
4.924999999999999933e-01 0.000000000000000000e+00 0.000000000000000000e+00 0.000000000000000000e+00 1.361392299999999889e+00
4.974999999999999978e-01 0.000000000000000000e+00 0.000000000000000000e+00 0.000000000000000000e+00 1.343814099999999900e+00
5.024999999999999467e-01 0.000000000000000000e+00 0.000000000000000000e+00 0.000000000000000000e+00 1.325762000000000107e+00
5.074999999999999512e-01 0.000000000000000000e+00 0.000000000000000000e+00 0.000000000000000000e+00 1.308220700000000125e+00
5.124999999999999556e-01 0.000000000000000000e+00 0.000000000000000000e+00 0.000000000000000000e+00 1.291133599999999770e+00
5.174999999999999600e-01 0.000000000000000000e+00 0.000000000000000000e+00 0.000000000000000000e+00 1.274089000000000249e+00
5.224999999999999645e-01 0.000000000000000000e+00 0.000000000000000000e+00 0.000000000000000000e+00 1.258042999999999800e+00
5.274999999999999689e-01 0.000000000000000000e+00 0.000000000000000000e+00 0.000000000000000000e+00 1.242530799999999935e+00
5.324999999999999734e-01 0.000000000000000000e+00 0.000000000000000000e+00 0.000000000000000000e+00 1.227953599999999978e+00
5.374999999999999778e-01 0.000000000000000000e+00 0.000000000000000000e+00 0.000000000000000000e+00 1.213587400000000205e+00
5.424999999999999822e-01 0.000000000000000000e+00 0.000000000000000000e+00 0.000000000000000000e+00 1.200878600000000018e+00
5.474999999999999867e-01 0.000000000000000000e+00 0.000000000000000000e+00 0.000000000000000000e+00 1.188725699999999774e+00
5.524999999999999911e-01 0.000000000000000000e+00 0.000000000000000000e+00 0.000000000000000000e+00 1.177456000000000058e+00
5.574999999999999956e-01 0.000000000000000000e+00 0.000000000000000000e+00 0.000000000000000000e+00 1.166919199999999934e+00
5.625000000000000000e-01 0.000000000000000000e+00 0.000000000000000000e+00 0.000000000000000000e+00 1.157532600000000134e+00
5.675000000000000044e-01 0.000000000000000000e+00 0.000000000000000000e+00 0.000000000000000000e+00 1.149275599999999953e+00
5.725000000000000089e-01 0.000000000000000000e+00 0.000000000000000000e+00 0.000000000000000000e+00 1.141477999999999771e+00
5.775000000000000133e-01 0.000000000000000000e+00 0.000000000000000000e+00 0.000000000000000000e+00 1.134367499999999973e+00
5.825000000000000178e-01 0.000000000000000000e+00 1.999999999999999909e-07 1.999999999999999909e-07 1.128518199999999805e+00
5.875000000000000222e-01 0.000000000000000000e+00 4.099999999999999709e-06 4.099999999999999709e-06 1.123036600000000051e+00
5.925000000000000266e-01 0.000000000000000000e+00 4.820000000000000608e-05 4.820000000000000608e-05 1.118521800000000121e+00
5.975000000000000311e-01 0.000000000000000000e+00 4.226999999999999746e-04 4.226999999999999746e-04 1.114586700000000041e+00
6.025000000000000355e-01 0.000000000000000000e+00 2.583699999999999972e-03 2.583699999999999972e-03 1.110916799999999816e+00
6.075000000000000400e-01 0.000000000000000000e+00 1.210430000000000186e-02 1.210430000000000186e-02 1.108034600000000314e+00
6.125000000000000444e-01 0.000000000000000000e+00 4.402460000000000401e-02 4.402460000000000401e-02 1.105553099999999844e+00
6.175000000000000488e-01 0.000000000000000000e+00 1.290555000000000174e-01 1.290555000000000174e-01 1.103587399999999885e+00
6.225000000000000533e-01 0.000000000000000000e+00 3.119121999999999728e-01 3.119121999999999728e-01 1.101730899999999957e+00
6.274999999999999467e-01 0.000000000000000000e+00 6.378399999999999626e-01 6.378399999999999626e-01 1.100045600000000068e+00
6.324999999999999512e-01 0.000000000000000000e+00 1.128269700000000153e+00 1.128269700000000153e+00 1.098462899999999909e+00
6.374999999999999556e-01 0.000000000000000000e+00 1.757671100000000042e+00 1.757671100000000042e+00 1.097193199999999980e+00
6.424999999999999600e-01 0.000000000000000000e+00 2.453143899999999711e+00 2.453143899999999711e+00 1.095336899999999947e+00
6.474999999999999645e-01 0.000000000000000000e+00 3.109708999999999612e+00 3.109708999999999612e+00 1.093817100000000098e+00
6.524999999999999689e-01 0.000000000000000000e+00 3.631403800000000182e+00 3.631403800000000182e+00 1.091989000000000098e+00
6.574999999999999734e-01 0.000000000000000000e+00 3.948871400000000254e+00 3.948871400000000254e+00 1.089695300000000033e+00
6.624999999999999778e-01 0.000000000000000000e+00 4.037889800000000307e+00 4.037889800000000307e+00 1.087252499999999955e+00
6.674999999999999822e-01 0.000000000000000000e+00 3.915605500000000294e+00 3.915605500000000294e+00 1.084468399999999999e+00
6.724999999999999867e-01 0.000000000000000000e+00 3.633051400000000264e+00 3.633051400000000264e+00 1.081440400000000190e+00
6.774999999999999911e-01 0.000000000000000000e+00 3.287493899999999858e+00 3.287493899999999858e+00 1.078111600000000170e+00
6.824999999999999956e-01 0.000000000000000000e+00 2.975816599999999923e+00 2.975816599999999923e+00 1.074525800000000197e+00
6.875000000000000000e-01 0.000000000000000000e+00 2.702073400000000181e+00 2.702073400000000181e+00 1.070549799999999774e+00
6.925000000000000044e-01 0.000000000000000000e+00 2.463335700000000461e+00 2.463335700000000461e+00 1.066424900000000120e+00
6.975000000000000089e-01 0.000000000000000000e+00 2.252249899999999805e+00 2.252249899999999805e+00 1.062132800000000099e+00
7.025000000000000133e-01 0.000000000000000000e+00 2.066413400000000067e+00 2.066413400000000067e+00 1.057775299999999863e+00
7.075000000000000178e-01 0.000000000000000000e+00 1.904340499999999992e+00 1.904340499999999992e+00 1.053199600000000125e+00
7.125000000000000222e-01 0.000000000000000000e+00 1.759846499999999647e+00 1.759846499999999647e+00 1.048705299999999951e+00
7.175000000000000266e-01 0.000000000000000000e+00 1.633899800000000013e+00 1.633899800000000013e+00 1.044073399999999818e+00
7.225000000000000311e-01 0.000000000000000000e+00 1.522024600000000172e+00 1.522024600000000172e+00 1.039430000000000076e+00
7.275000000000000355e-01 0.000000000000000000e+00 1.423729000000000244e+00 1.423729000000000244e+00 1.034927900000000012e+00
7.325000000000000400e-01 0.000000000000000000e+00 1.337294199999999877e+00 1.337294199999999877e+00 1.030238500000000057e+00
7.375000000000000444e-01 0.000000000000000000e+00 1.262038199999999888e+00 1.262038199999999888e+00 1.026012900000000005e+00
7.425000000000000488e-01 0.000000000000000000e+00 1.196163899999999725e+00 1.196163899999999725e+00 1.021578099999999933e+00
7.475000000000000533e-01 0.000000000000000000e+00 1.138632599999999773e+00 1.138632599999999773e+00 1.017484400000000067e+00
7.524999999999999467e-01 0.000000000000000000e+00 1.089302299999999946e+00 1.089302299999999946e+00 1.013459900000000191e+00
7.574999999999999512e-01 0.000000000000000000e+00 1.047778000000000098e+00 1.047778000000000098e+00 1.009538599999999953e+00
7.624999999999999556e-01 0.000000000000000000e+00 1.012177399999999894e+00 1.012177399999999894e+00 1.006060600000000083e+00
7.674999999999999600e-01 0.000000000000000000e+00 9.823199999999999710e-01 9.823199999999999710e-01 1.002443899999999832e+00
7.724999999999999645e-01 0.000000000000000000e+00 9.585025999999998714e-01 9.585025999999998714e-01 9.990517999999999343e-01
7.774999999999999689e-01 0.000000000000000000e+00 9.399189000000000016e-01 9.399189000000000016e-01 9.961522999999999906e-01
7.824999999999999734e-01 0.000000000000000000e+00 9.263396000000000408e-01 9.263396000000000408e-01 9.930927000000000504e-01
7.874999999999999778e-01 0.000000000000000000e+00 9.181415000000001658e-01 9.181415000000001658e-01 9.904159999999999631e-01
7.924999999999999822e-01 0.000000000000000000e+00 9.144039999999999946e-01 9.144039999999999946e-01 9.879362000000000421e-01
7.974999999999999867e-01 0.000000000000000000e+00 9.162453999999999876e-01 9.162453999999999876e-01 9.857034999999999547e-01
8.024999999999999911e-01 0.000000000000000000e+00 9.223508999999999736e-01 9.223508999999999736e-01 9.831655000000001365e-01
8.074999999999999956e-01 0.000000000000000000e+00 9.326567000000001162e-01 9.326567000000001162e-01 9.812407999999999131e-01
8.125000000000000000e-01 0.000000000000000000e+00 9.484804000000000013e-01 9.484804000000000013e-01 9.792894000000000876e-01
8.175000000000000044e-01 0.000000000000000000e+00 9.693619999999999459e-01 9.693619999999999459e-01 9.775361000000000189e-01
8.225000000000000089e-01 0.000000000000000000e+00 9.942307000000001338e-01 9.942307000000001338e-01 9.756762000000002155e-01
8.275000000000000133e-01 0.000000000000000000e+00 1.023632600000000004e+00 1.023632600000000004e+00 9.741467000000000320e-01
8.325000000000000178e-01 0.000000000000000000e+00 1.057303099999999940e+00 1.057303099999999940e+00 9.729537000000000324e-01
8.375000000000000222e-01 0.000000000000000000e+00 1.094341999999999926e+00 1.094341999999999926e+00 9.715163999999998357e-01
8.425000000000000266e-01 0.000000000000000000e+00 1.133588199999999935e+00 1.133588199999999935e+00 9.702704000000000883e-01
8.475000000000000311e-01 0.000000000000000000e+00 1.173973200000000272e+00 1.173973200000000272e+00 9.690707999999998989e-01
8.525000000000000355e-01 0.000000000000000000e+00 1.212236299999999822e+00 1.212236299999999822e+00 9.678236999999999535e-01
8.575000000000000400e-01 0.000000000000000000e+00 1.249407900000000016e+00 1.249407900000000016e+00 9.667791999999998387e-01
8.625000000000000444e-01 0.000000000000000000e+00 1.280335000000000001e+00 1.280335000000000001e+00 9.656663999999999248e-01
8.675000000000000488e-01 0.000000000000000000e+00 1.306118000000000112e+00 1.306118000000000112e+00 9.645362000000000657e-01
8.725000000000000533e-01 0.000000000000000000e+00 1.323860499999999885e+00 1.323860499999999885e+00 9.636480999999997854e-01
8.774999999999999467e-01 0.000000000000000000e+00 1.334376899999999866e+00 1.334376899999999866e+00 9.625647999999999982e-01
8.824999999999999512e-01 0.000000000000000000e+00 1.336208300000000015e+00 1.336208300000000015e+00 9.617526999999999049e-01
8.874999999999999556e-01 0.000000000000000000e+00 1.331443900000000014e+00 1.331443900000000014e+00 9.606783999999999324e-01
8.924999999999999600e-01 0.000000000000000000e+00 1.320564199999999966e+00 1.320564199999999966e+00 9.597541999999998907e-01
8.974999999999999645e-01 0.000000000000000000e+00 1.303971199999999886e+00 1.303971199999999886e+00 9.589745000000000630e-01
9.024999999999999689e-01 0.000000000000000000e+00 1.285177800000000037e+00 1.285177800000000037e+00 9.581181000000000836e-01
9.074999999999999734e-01 0.000000000000000000e+00 1.263655200000000089e+00 1.263655200000000089e+00 9.572836999999999597e-01
9.124999999999999778e-01 0.000000000000000000e+00 1.239991599999999972e+00 1.239991599999999972e+00 9.567015999999999298e-01
9.174999999999999822e-01 0.000000000000000000e+00 1.215961499999999917e+00 1.215961499999999917e+00 9.559110000000000662e-01
9.224999999999999867e-01 0.000000000000000000e+00 1.191677599999999781e+00 1.191677599999999781e+00 9.551960999999999924e-01
9.274999999999999911e-01 0.000000000000000000e+00 1.166686800000000135e+00 1.166686800000000135e+00 9.545977000000001045e-01
9.324999999999999956e-01 0.000000000000000000e+00 1.142272500000000246e+00 1.142272500000000246e+00 9.541720999999998565e-01
9.375000000000000000e-01 0.000000000000000000e+00 1.119548700000000174e+00 1.119548700000000174e+00 9.535234999999999683e-01
9.425000000000000044e-01 0.000000000000000000e+00 1.096813200000000155e+00 1.096813200000000155e+00 9.532001000000001056e-01
9.475000000000000089e-01 0.000000000000000000e+00 1.075911199999999956e+00 1.075911199999999956e+00 9.526519999999999433e-01
9.525000000000000133e-01 0.000000000000000000e+00 1.055570599999999803e+00 1.055570599999999803e+00 9.523515000000000175e-01
9.575000000000000178e-01 4.500000000000000114e-06 1.036683500000000091e+00 1.036683500000000091e+00 9.521248999999999407e-01
9.625000000000000222e-01 4.410000000000000129e-05 1.019375099999999978e+00 1.019375099999999978e+00 9.516468000000000149e-01
9.675000000000000266e-01 1.883000000000000233e-04 1.003605600000000209e+00 1.003605600000000209e+00 9.515274000000001342e-01
9.725000000000000311e-01 8.624999999999998770e-04 9.884631999999999863e-01 9.884631999999999863e-01 9.513797000000000503e-01
9.775000000000000355e-01 3.084500000000000002e-03 9.760223000000000093e-01 9.760223000000000093e-01 9.512840999999999658e-01
9.825000000000000400e-01 1.107460000000000042e-02 9.641778999999999211e-01 9.641778999999999211e-01 9.512754999999998295e-01
9.875000000000000444e-01 3.260219999999999785e-02 9.536982000000000514e-01 9.536982000000000514e-01 9.513084999999998903e-01
9.925000000000000488e-01 8.181849999999998846e-02 9.443740000000000467e-01 9.443740000000000467e-01 9.513942999999999151e-01
9.975000000000000533e-01 1.864634000000000014e-01 9.373083000000000942e-01 9.373083000000000942e-01 9.515223000000000431e-01
1.002499999999999947e+00 3.818515999999999577e-01 9.316634000000000304e-01 9.316634000000000304e-01 9.518342000000000747e-01
1.007500000000000062e+00 7.130091000000000623e-01 9.264789999999998305e-01 9.264789999999998305e-01 9.520526999999999740e-01
1.012499999999999956e+00 1.202184500000000211e+00 9.228539999999998411e-01 9.228539999999998411e-01 9.523500999999999772e-01
1.017500000000000071e+00 1.874677100000000207e+00 9.206887999999999739e-01 9.206887999999999739e-01 9.527430999999999539e-01
1.022499999999999964e+00 2.712102400000000468e+00 9.195288999999998714e-01 9.195288999999998714e-01 9.531555000000000444e-01
1.027500000000000080e+00 3.676687000000000261e+00 9.191962000000002408e-01 9.191962000000002408e-01 9.536205000000000931e-01
1.032499999999999973e+00 4.670483199999999613e+00 9.197490000000000387e-01 9.197490000000000387e-01 9.541467000000001253e-01
1.037500000000000089e+00 5.623526600000000819e+00 9.210506000000000526e-01 9.210506000000000526e-01 9.547418999999999212e-01
1.042499999999999982e+00 6.433311499999999405e+00 9.227038000000000739e-01 9.227038000000000739e-01 9.555226000000001108e-01
1.047500000000000098e+00 7.011153600000000097e+00 9.251552000000000664e-01 9.251552000000000664e-01 9.560491000000000961e-01
1.052499999999999991e+00 7.358584299999999523e+00 9.278870000000001284e-01 9.278870000000001284e-01 9.567604000000000664e-01
1.057500000000000107e+00 7.427191800000000121e+00 9.308849000000000151e-01 9.308849000000000151e-01 9.575953999999999855e-01
1.062500000000000000e+00 7.253977400000001019e+00 9.345238999999999630e-01 9.345238999999999630e-01 9.585854999999998682e-01
1.067499999999999893e+00 6.884652900000000741e+00 9.369115000000001192e-01 9.369115000000001192e-01 9.595548000000000410e-01
1.072500000000000009e+00 6.353576399999999680e+00 9.392239000000000004e-01 9.392239000000000004e-01 9.604861000000001203e-01
1.077499999999999902e+00 5.740026699999998705e+00 9.414396000000000431e-01 9.414396000000000431e-01 9.616502999999999579e-01
1.082500000000000018e+00 5.073917100000000069e+00 9.430433999999999761e-01 9.430433999999999761e-01 9.627190000000001024e-01
1.087499999999999911e+00 4.412920399999999077e+00 9.443979999999998487e-01 9.443979999999998487e-01 9.639127000000001777e-01
1.092500000000000027e+00 3.783360799999999635e+00 9.452742000000000644e-01 9.452742000000000644e-01 9.651102000000000292e-01
1.097499999999999920e+00 3.201786600000000593e+00 9.444955000000000434e-01 9.444955000000000434e-01 9.664946999999999289e-01
1.102500000000000036e+00 2.690832599999999797e+00 9.436106000000000771e-01 9.436106000000000771e-01 9.677656999999999510e-01
1.107499999999999929e+00 2.228666899999999895e+00 9.425992000000000814e-01 9.425992000000000814e-01 9.689944000000000335e-01
1.112500000000000044e+00 1.847986399999999918e+00 9.402195000000000968e-01 9.402195000000000968e-01 9.703649999999999221e-01
1.117499999999999938e+00 1.517246600000000001e+00 9.378116999999999148e-01 9.378116999999999148e-01 9.719491000000001213e-01
1.122500000000000053e+00 1.246827800000000153e+00 9.344169000000001057e-01 9.344169000000001057e-01 9.735029999999997852e-01
1.127499999999999947e+00 1.028627599999999864e+00 9.313511999999999347e-01 9.313511999999999347e-01 9.750978999999999619e-01
1.132500000000000062e+00 8.588337999999999806e-01 9.275653000000000370e-01 9.275653000000000370e-01 9.766711000000001253e-01
1.137499999999999956e+00 7.262094999999999523e-01 9.238940000000001040e-01 9.238940000000001040e-01 9.783201000000000258e-01
1.142500000000000071e+00 6.265430000000000721e-01 9.193770000000001108e-01 9.193770000000001108e-01 9.800796000000001618e-01
1.147499999999999964e+00 5.447141999999999262e-01 9.154291999999999430e-01 9.154291999999999430e-01 9.818356999999998669e-01
1.152500000000000080e+00 4.828225999999999907e-01 9.110378999999999561e-01 9.110378999999999561e-01 9.835365000000001467e-01
1.157499999999999973e+00 4.307893999999999890e-01 9.070759000000000460e-01 9.070759000000000460e-01 9.853663000000001393e-01
1.162500000000000089e+00 3.904505000000000337e-01 9.029834000000001026e-01 9.029834000000001026e-01 9.872384999999999078e-01
1.167499999999999982e+00 3.610674999999999857e-01 8.990270999999999679e-01 8.990270999999999679e-01 9.891825000000000756e-01
1.172500000000000098e+00 3.371856000000000297e-01 8.957120999999999000e-01 8.957120999999999000e-01 9.911559999999999260e-01
1.177499999999999991e+00 3.192263000000000184e-01 8.920068999999999360e-01 8.920068999999999360e-01 9.931568000000000618e-01
1.182500000000000107e+00 3.040858000000000172e-01 8.883675999999999240e-01 8.883675999999999240e-01 9.951734999999999332e-01
1.187500000000000000e+00 2.996937999999999547e-01 8.858968999999999872e-01 8.858968999999999872e-01 9.973165999999998865e-01
1.192499999999999893e+00 2.943780000000000285e-01 8.832913000000000014e-01 8.832913000000000014e-01 9.995598000000001093e-01
1.197500000000000009e+00 2.951892999999999878e-01 8.813882000000001771e-01 8.813882000000001771e-01 1.001624499999999696e+00
1.202499999999999902e+00 2.997412000000000409e-01 8.790276000000000201e-01 8.790276000000000201e-01 1.003859900000000138e+00
1.207500000000000018e+00 3.067919000000000063e-01 8.782552000000001247e-01 8.782552000000001247e-01 1.006058700000000083e+00
1.212499999999999911e+00 3.194176000000000237e-01 8.769823000000001034e-01 8.769823000000001034e-01 1.008460400000000146e+00
1.217500000000000027e+00 3.353272999999999948e-01 8.766477000000000297e-01 8.766477000000000297e-01 1.010757700000000092e+00
1.222499999999999920e+00 3.546391000000000959e-01 8.763417000000000012e-01 8.763417000000000012e-01 1.013028700000000004e+00
1.227500000000000036e+00 3.796540999999999944e-01 8.766192999999999902e-01 8.766192999999999902e-01 1.015593799999999991e+00
1.232499999999999929e+00 4.135189999999999699e-01 8.769405000000001227e-01 8.769405000000001227e-01 1.018095399999999984e+00
1.237500000000000044e+00 4.501629000000000325e-01 8.776078000000000490e-01 8.776078000000000490e-01 1.020509200000000005e+00
1.242499999999999938e+00 4.930125999999999675e-01 8.789961999999998943e-01 8.789961999999998943e-01 1.022926400000000013e+00
1.247500000000000053e+00 5.456534000000001772e-01 8.809568999999999317e-01 8.809568999999999317e-01 1.025534699999999910e+00
1.252499999999999947e+00 6.034493999999999136e-01 8.825464000000001752e-01 8.825464000000001752e-01 1.028197200000000144e+00
1.257500000000000062e+00 6.723331999999999642e-01 8.844861999999998892e-01 8.844861999999998892e-01 1.030806499999999959e+00
1.262499999999999956e+00 7.473843000000001124e-01 8.869283000000001138e-01 8.869283000000001138e-01 1.033372200000000074e+00
1.267500000000000071e+00 8.261621000000000103e-01 8.895124000000000919e-01 8.895124000000000919e-01 1.035959899999999934e+00
1.272499999999999964e+00 9.074230999999997049e-01 8.914999000000000118e-01 8.914999000000000118e-01 1.038342799999999899e+00
1.277500000000000080e+00 9.902516999999999570e-01 8.944366999999999734e-01 8.944366999999999734e-01 1.040562899999999846e+00
1.282499999999999973e+00 1.065732899999999983e+00 8.971674999999998956e-01 8.971674999999998956e-01 1.042446999999999901e+00
1.287500000000000089e+00 1.135041500000000037e+00 8.995600000000001373e-01 8.995600000000001373e-01 1.044163999999999870e+00
1.292499999999999982e+00 1.188399899999999842e+00 9.017519000000000506e-01 9.017519000000000506e-01 1.045368499999999923e+00
1.297500000000000098e+00 1.226043600000000122e+00 9.044076999999999256e-01 9.044076999999999256e-01 1.046059499999999920e+00
1.302499999999999991e+00 1.246621399999999991e+00 9.065298999999999996e-01 9.065298999999999996e-01 1.046357399999999993e+00
1.307500000000000107e+00 1.251923400000000131e+00 9.083572999999999231e-01 9.083572999999999231e-01 1.046086799999999872e+00
1.312500000000000000e+00 1.239790399999999959e+00 9.101124000000000436e-01 9.101124000000000436e-01 1.045368599999999981e+00
1.317499999999999893e+00 1.220033499999999771e+00 9.118190000000000461e-01 9.118190000000000461e-01 1.044227000000000016e+00
1.322500000000000009e+00 1.183683999999999958e+00 9.134807999999999817e-01 9.134807999999999817e-01 1.042972000000000010e+00
1.327499999999999902e+00 1.144631700000000141e+00 9.147609000000000989e-01 9.147609000000000989e-01 1.041079699999999830e+00
1.332500000000000018e+00 1.104644400000000193e+00 9.153355000000000796e-01 9.153355000000000796e-01 1.039169500000000079e+00
1.337499999999999911e+00 1.056239799999999951e+00 9.165203000000001765e-01 9.165203000000001765e-01 1.037187699999999824e+00
1.342500000000000027e+00 1.012497399999999992e+00 9.169338999999998574e-01 9.169338999999998574e-01 1.035088800000000253e+00
1.347499999999999920e+00 9.673219999999999041e-01 9.170948000000000988e-01 9.170948000000000988e-01 1.033136100000000113e+00
1.352500000000000036e+00 9.241323999999998540e-01 9.172114999999999574e-01 9.172114999999999574e-01 1.031133199999999750e+00
1.357499999999999929e+00 8.848057999999999756e-01 9.180093000000001391e-01 9.180093000000001391e-01 1.029241499999999920e+00
1.362500000000000044e+00 8.433503999999999445e-01 9.184955999999999676e-01 9.184955999999999676e-01 1.027462399999999887e+00
1.367499999999999938e+00 8.139532000000000433e-01 9.190378000000001268e-01 9.190378000000001268e-01 1.025760200000000122e+00
1.372500000000000053e+00 7.808032000000000306e-01 9.195401999999999187e-01 9.195401999999999187e-01 1.024350300000000047e+00
1.377499999999999947e+00 7.512634000000000256e-01 9.203369000000000133e-01 9.203369000000000133e-01 1.022938600000000253e+00
1.382500000000000062e+00 7.255424999999998681e-01 9.214984000000001618e-01 9.214984000000001618e-01 1.021752899999999853e+00
1.387499999999999956e+00 7.037956999999999130e-01 9.225483000000000988e-01 9.225483000000000988e-01 1.020571400000000128e+00
1.392500000000000071e+00 6.848959000000000019e-01 9.238880000000001536e-01 9.238880000000001536e-01 1.019770299999999796e+00
1.397499999999999964e+00 6.676687999999998402e-01 9.248939999999998829e-01 9.248939999999998829e-01 1.018976199999999999e+00
1.402500000000000080e+00 6.551830000000000709e-01 9.269738999999999063e-01 9.269738999999999063e-01 1.018457799999999969e+00
1.407499999999999973e+00 6.442221000000000197e-01 9.286401999999999157e-01 9.286401999999999157e-01 1.018011199999999894e+00
1.412500000000000089e+00 6.344951999999999259e-01 9.309350000000000680e-01 9.309350000000000680e-01 1.017649299999999979e+00
1.417499999999999982e+00 6.278954000000001034e-01 9.332909000000000344e-01 9.332909000000000344e-01 1.017359399999999692e+00
1.422500000000000098e+00 6.262581000000000397e-01 9.363061999999999774e-01 9.363061999999999774e-01 1.017275199999999824e+00
1.427499999999999991e+00 6.257209000000001353e-01 9.390406000000000031e-01 9.390406000000000031e-01 1.017281000000000102e+00
1.432500000000000107e+00 6.266161999999999566e-01 9.418777000000000399e-01 9.418777000000000399e-01 1.017430300000000010e+00
1.437500000000000000e+00 6.304117999999999666e-01 9.452266000000000279e-01 9.452266000000000279e-01 1.017574600000000107e+00
1.442499999999999893e+00 6.365187999999999402e-01 9.487249999999999295e-01 9.487249999999999295e-01 1.017665900000000123e+00
1.447500000000000009e+00 6.440569999999999906e-01 9.515350000000000197e-01 9.515350000000000197e-01 1.017949700000000179e+00
1.452499999999999902e+00 6.521217999999999737e-01 9.547289999999998278e-01 9.547289999999998278e-01 1.018346200000000090e+00
1.457500000000000018e+00 6.661407000000000300e-01 9.582456999999999780e-01 9.582456999999999780e-01 1.018724399999999974e+00
1.462499999999999911e+00 6.795004000000000044e-01 9.619191000000000269e-01 9.619191000000000269e-01 1.019073799999999919e+00
1.467500000000000027e+00 6.926789999999999337e-01 9.650123000000000451e-01 9.650123000000000451e-01 1.019353600000000082e+00
1.472499999999999920e+00 7.083812999999999915e-01 9.684075999999999240e-01 9.684075999999999240e-01 1.019778199999999968e+00
1.477500000000000036e+00 7.244283999999998613e-01 9.717470999999999748e-01 9.717470999999999748e-01 1.020058700000000096e+00
1.482499999999999929e+00 7.405156000000000516e-01 9.751632000000001188e-01 9.751632000000001188e-01 1.020179700000000134e+00
1.487500000000000044e+00 7.554143000000000940e-01 9.780812000000000950e-01 9.780812000000000950e-01 1.020395099999999999e+00
1.492499999999999938e+00 7.743754000000000470e-01 9.817235999999999185e-01 9.817235999999999185e-01 1.020555000000000101e+00
1.497500000000000053e+00 7.887479000000000573e-01 9.846163999999999472e-01 9.846163999999999472e-01 1.020575599999999916e+00
1.502499999999999947e+00 8.032135000000002467e-01 9.876438000000000716e-01 9.876438000000000716e-01 1.020387500000000003e+00
1.507500000000000062e+00 8.162165999999999588e-01 9.908681999999998657e-01 9.908681999999998657e-01 1.020163300000000106e+00
1.512499999999999956e+00 8.273007000000001110e-01 9.941343000000000263e-01 9.941343000000000263e-01 1.019828200000000074e+00
1.517500000000000071e+00 8.375671000000000088e-01 9.969558000000000586e-01 9.969558000000000586e-01 1.019455500000000070e+00
1.522499999999999964e+00 8.407097000000000042e-01 1.000086000000000030e+00 1.000086000000000030e+00 1.018953600000000126e+00
1.527500000000000080e+00 8.490320000000000089e-01 1.003472600000000048e+00 1.003472600000000048e+00 1.018363300000000082e+00
1.532499999999999973e+00 8.528877000000001374e-01 1.006546800000000186e+00 1.006546800000000186e+00 1.017484700000000020e+00
1.537500000000000089e+00 8.541155000000000275e-01 1.010054400000000019e+00 1.010054400000000019e+00 1.016736900000000166e+00
1.542499999999999982e+00 8.581644000000000494e-01 1.013496799999999975e+00 1.013496799999999975e+00 1.015730000000000022e+00
1.547500000000000098e+00 8.551577999999999680e-01 1.017062500000000203e+00 1.017062500000000203e+00 1.014844900000000161e+00
1.552499999999999991e+00 8.541211000000000775e-01 1.020614399999999922e+00 1.020614399999999922e+00 1.013759700000000041e+00
1.557500000000000107e+00 8.495059000000001470e-01 1.024249299999999918e+00 1.024249299999999918e+00 1.012801199999999957e+00
1.562500000000000000e+00 8.492724999999999858e-01 1.027839200000000064e+00 1.027839200000000064e+00 1.011663299999999932e+00
1.567499999999999893e+00 8.470641999999999339e-01 1.032038899999999870e+00 1.032038899999999870e+00 1.010665299999999878e+00
1.572500000000000009e+00 8.418923000000001489e-01 1.035913199999999978e+00 1.035913199999999978e+00 1.009523399999999960e+00
1.577499999999999902e+00 8.372469999999999635e-01 1.040272000000000308e+00 1.040272000000000308e+00 1.008458000000000077e+00
1.582500000000000018e+00 8.331580000000000652e-01 1.044104699999999886e+00 1.044104699999999886e+00 1.007458400000000198e+00
1.587499999999999911e+00 8.321277999999999730e-01 1.048611500000000252e+00 1.048611500000000252e+00 1.006413199999999897e+00
1.592500000000000027e+00 8.262589999999999657e-01 1.052609700000000093e+00 1.052609700000000093e+00 1.005504600000000304e+00
1.597499999999999920e+00 8.261932999999999083e-01 1.056983499999999854e+00 1.056983499999999854e+00 1.004524500000000042e+00
1.602500000000000036e+00 8.240465999999999624e-01 1.061402100000000015e+00 1.061402100000000015e+00 1.003743700000000016e+00
1.607499999999999929e+00 8.221242999999999190e-01 1.065783799999999948e+00 1.065783799999999948e+00 1.002887299999999815e+00
1.612500000000000044e+00 8.201491000000000753e-01 1.070059199999999988e+00 1.070059199999999988e+00 1.002150600000000003e+00
1.617499999999999938e+00 8.201546000000000669e-01 1.074802199999999930e+00 1.074802199999999930e+00 1.001507099999999983e+00
1.622500000000000053e+00 8.176180000000000669e-01 1.079285899999999909e+00 1.079285899999999909e+00 1.000795300000000054e+00
1.627499999999999947e+00 8.180862000000000966e-01 1.083877499999999827e+00 1.083877499999999827e+00 1.000242599999999982e+00
1.632500000000000062e+00 8.180319999999998704e-01 1.089006800000000386e+00 1.089006800000000386e+00 9.996634999999999271e-01
1.637499999999999956e+00 8.170068999999999804e-01 1.093282400000000099e+00 1.093282400000000099e+00 9.991901000000000810e-01
1.642500000000000071e+00 8.209650999999998922e-01 1.098135900000000165e+00 1.098135900000000165e+00 9.987631000000000148e-01
1.647499999999999964e+00 8.240421000000001106e-01 1.102519099999999863e+00 1.102519099999999863e+00 9.984194000000000679e-01
1.652500000000000080e+00 8.244189000000000656e-01 1.106851000000000029e+00 1.106851000000000029e+00 9.981085000000000651e-01
1.657499999999999973e+00 8.278077999999998715e-01 1.110891499999999921e+00 1.110891499999999921e+00 9.978158000000000305e-01
1.662500000000000089e+00 8.291121000000000185e-01 1.114551800000000092e+00 1.114551800000000092e+00 9.974785999999999930e-01
1.667499999999999982e+00 8.292644000000001236e-01 1.117397100000000032e+00 1.117397100000000032e+00 9.973079000000000249e-01
1.672500000000000098e+00 8.343925000000000924e-01 1.119394399999999790e+00 1.119394399999999790e+00 9.971208000000000293e-01
1.677499999999999991e+00 8.403775000000001105e-01 1.121209200000000017e+00 1.121209200000000017e+00 9.968605000000000382e-01
1.682500000000000107e+00 8.418466999999999478e-01 1.121378500000000056e+00 1.121378500000000056e+00 9.966915000000000635e-01
1.687500000000000000e+00 8.461241999999999930e-01 1.120759499999999909e+00 1.120759499999999909e+00 9.964724000000000359e-01
1.692499999999999893e+00 8.505350000000000410e-01 1.119157700000000144e+00 1.119157700000000144e+00 9.964266999999999985e-01
1.697500000000000009e+00 8.572179999999999245e-01 1.115691600000000117e+00 1.115691600000000117e+00 9.962220999999999993e-01
1.702499999999999902e+00 8.618324000000001650e-01 1.111773999999999818e+00 1.111773999999999818e+00 9.960861999999999217e-01
1.707500000000000018e+00 8.666198000000001622e-01 1.106457800000000047e+00 1.106457800000000047e+00 9.959310999999999581e-01
1.712499999999999911e+00 8.740496999999999295e-01 1.100340399999999885e+00 1.100340399999999885e+00 9.957586999999998856e-01
1.717500000000000027e+00 8.798239000000001031e-01 1.093715300000000168e+00 1.093715300000000168e+00 9.956067999999997920e-01
1.722499999999999920e+00 8.870054999999998913e-01 1.086311900000000108e+00 1.086311900000000108e+00 9.954646999999999801e-01
1.727500000000000036e+00 8.928395000000000081e-01 1.078369999999999829e+00 1.078369999999999829e+00 9.952910999999999841e-01
1.732499999999999929e+00 9.017653000000001029e-01 1.070199499999999970e+00 1.070199499999999970e+00 9.950525999999999538e-01
1.737500000000000044e+00 9.107104999999998673e-01 1.062418199999999979e+00 1.062418199999999979e+00 9.949244000000000421e-01
1.742499999999999938e+00 9.179562000000001110e-01 1.054717300000000080e+00 1.054717300000000080e+00 9.945833000000000590e-01
1.747500000000000053e+00 9.278062999999999727e-01 1.047264700000000159e+00 1.047264700000000159e+00 9.945019999999999971e-01
1.752499999999999947e+00 9.372406999999999266e-01 1.040133799999999997e+00 1.040133799999999997e+00 9.941730999999999208e-01
1.757500000000000062e+00 9.459472999999999354e-01 1.034116700000000000e+00 1.034116700000000000e+00 9.938974000000000419e-01
1.762499999999999956e+00 9.559826999999998520e-01 1.027688800000000180e+00 1.027688800000000180e+00 9.936945999999998724e-01
1.767500000000000071e+00 9.682990000000000208e-01 1.022443299999999944e+00 1.022443299999999944e+00 9.934153999999999485e-01
1.772499999999999964e+00 9.843414000000001440e-01 1.017654000000000059e+00 1.017654000000000059e+00 9.932140999999999886e-01
1.777500000000000080e+00 9.940248000000000417e-01 1.013351899999999972e+00 1.013351899999999972e+00 9.928825000000001122e-01
1.782499999999999973e+00 1.006757300000000077e+00 1.009512799999999988e+00 1.009512799999999988e+00 9.925585000000000102e-01
1.787500000000000089e+00 1.017835199999999940e+00 1.006780400000000020e+00 1.006780400000000020e+00 9.923892000000000824e-01
1.792499999999999982e+00 1.033689099999999916e+00 1.003962900000000102e+00 1.003962900000000102e+00 9.921705999999999026e-01
1.797500000000000098e+00 1.042668399999999718e+00 1.002314200000000266e+00 1.002314200000000266e+00 9.919351000000000695e-01
1.802499999999999991e+00 1.053556699999999902e+00 1.000412200000000196e+00 1.000412200000000196e+00 9.917031000000001706e-01
1.807500000000000107e+00 1.062145699999999859e+00 9.992782000000000053e-01 9.992782000000000053e-01 9.915528000000000119e-01
1.812500000000000000e+00 1.069371599999999756e+00 9.984733999999997334e-01 9.984733999999997334e-01 9.913579999999999615e-01
1.817499999999999893e+00 1.076402700000000046e+00 9.978230999999999629e-01 9.978230999999999629e-01 9.911123999999998935e-01
1.822500000000000009e+00 1.075649299999999808e+00 9.977688999999999586e-01 9.977688999999999586e-01 9.911358000000000112e-01
1.827499999999999902e+00 1.079652100000000114e+00 9.978648999999999436e-01 9.978648999999999436e-01 9.909456999999998184e-01
1.832500000000000018e+00 1.076180799999999937e+00 9.980891999999998987e-01 9.980891999999998987e-01 9.909101000000000159e-01
1.837499999999999911e+00 1.070610599999999746e+00 9.988070000000000004e-01 9.988070000000000004e-01 9.908076999999998469e-01
1.842500000000000027e+00 1.068734500000000143e+00 9.992955999999999506e-01 9.992955999999999506e-01 9.908116000000001256e-01
1.847499999999999920e+00 1.062299400000000116e+00 9.999454999999999316e-01 9.999454999999999316e-01 9.908061999999999703e-01
1.852500000000000036e+00 1.056749799999999961e+00 1.001048600000000066e+00 1.001048600000000066e+00 9.907989999999999853e-01
1.857499999999999929e+00 1.050853000000000037e+00 1.002161000000000302e+00 1.002161000000000302e+00 9.907813999999998122e-01
1.862500000000000044e+00 1.046688300000000016e+00 1.002941300000000258e+00 1.002941300000000258e+00 9.908820000000002626e-01
1.867499999999999938e+00 1.042164200000000207e+00 1.003743999999999970e+00 1.003743999999999970e+00 9.909230999999998346e-01
1.872500000000000053e+00 1.036843500000000029e+00 1.005026200000000092e+00 1.005026200000000092e+00 9.911121999999998877e-01
1.877499999999999947e+00 1.036405500000000091e+00 1.005554699999999801e+00 1.005554699999999801e+00 9.911777999999999977e-01
1.882500000000000062e+00 1.034891999999999923e+00 1.006348999999999938e+00 1.006348999999999938e+00 9.912227000000000121e-01
1.887499999999999956e+00 1.038450600000000223e+00 1.007253500000000246e+00 1.007253500000000246e+00 9.915108999999999728e-01
1.892500000000000071e+00 1.043253900000000067e+00 1.007142300000000157e+00 1.007142300000000157e+00 9.915552999999999173e-01
1.897499999999999964e+00 1.049532800000000154e+00 1.007527999999999979e+00 1.007527999999999979e+00 9.917429999999999302e-01
1.902500000000000080e+00 1.055638300000000251e+00 1.007810600000000223e+00 1.007810600000000223e+00 9.919421000000001598e-01
1.907499999999999973e+00 1.066373700000000202e+00 1.007281499999999941e+00 1.007281499999999941e+00 9.920671000000002016e-01
1.912500000000000089e+00 1.076301699999999917e+00 1.007089600000000029e+00 1.007089600000000029e+00 9.922793999999999226e-01
1.917499999999999982e+00 1.089187899999999765e+00 1.006375800000000043e+00 1.006375800000000043e+00 9.924948999999999577e-01
1.922500000000000098e+00 1.102271600000000129e+00 1.005565999999999960e+00 1.005565999999999960e+00 9.927221000000001627e-01
1.927499999999999991e+00 1.114659999999999984e+00 1.004555099999999923e+00 1.004555099999999923e+00 9.929187000000000429e-01
1.932500000000000107e+00 1.128608300000000231e+00 1.003052700000000019e+00 1.003052700000000019e+00 9.931601000000001012e-01
1.937500000000000000e+00 1.141487199999999813e+00 1.001683000000000101e+00 1.001683000000000101e+00 9.933152999999999011e-01
1.942499999999999893e+00 1.150865899999999886e+00 9.999478999999998896e-01 9.999478999999998896e-01 9.935848000000000457e-01
1.947500000000000009e+00 1.157917100000000143e+00 9.985240000000000782e-01 9.985240000000000782e-01 9.937643000000001559e-01
1.952499999999999902e+00 1.168466400000000016e+00 9.961857999999998992e-01 9.961857999999998992e-01 9.939194000000000084e-01
1.957500000000000018e+00 1.177958000000000283e+00 9.941660999999999415e-01 9.941660999999999415e-01 9.941188000000000802e-01
1.962499999999999911e+00 1.180678799999999917e+00 9.921171000000000850e-01 9.921171000000000850e-01 9.942797999999999359e-01
1.967500000000000027e+00 1.185587400000000180e+00 9.898302000000001044e-01 9.898302000000001044e-01 9.945239999999999636e-01
1.972499999999999920e+00 1.191527099999999839e+00 9.875395000000001255e-01 9.875395000000001255e-01 9.947504999999999820e-01
1.977500000000000036e+00 1.194756900000000011e+00 9.859240000000001336e-01 9.859240000000001336e-01 9.949046000000001388e-01
1.982499999999999929e+00 1.194237999999999911e+00 9.836355000000001070e-01 9.836355000000001070e-01 9.951398999999998551e-01
1.987500000000000044e+00 1.197660100000000005e+00 9.821139000000000951e-01 9.821139000000000951e-01 9.953117000000000214e-01
1.992499999999999938e+00 1.199495799999999779e+00 9.801918000000000575e-01 9.801918000000000575e-01 9.955261999999999167e-01
1.997500000000000053e+00 1.199945800000000062e+00 9.784984999999999378e-01 9.784984999999999378e-01 9.957591999999999555e-01
