2.500000000000000052e-03 0.000000000000000000e+00 0.000000000000000000e+00 0.000000000000000000e+00 0.000000000000000000e+00
7.499999999999999722e-03 0.000000000000000000e+00 0.000000000000000000e+00 0.000000000000000000e+00 0.000000000000000000e+00
1.250000000000000069e-02 0.000000000000000000e+00 0.000000000000000000e+00 0.000000000000000000e+00 0.000000000000000000e+00
1.750000000000000167e-02 0.000000000000000000e+00 0.000000000000000000e+00 0.000000000000000000e+00 0.000000000000000000e+00
2.249999999999999917e-02 0.000000000000000000e+00 0.000000000000000000e+00 0.000000000000000000e+00 0.000000000000000000e+00
2.750000000000000014e-02 0.000000000000000000e+00 0.000000000000000000e+00 0.000000000000000000e+00 0.000000000000000000e+00
3.250000000000000111e-02 0.000000000000000000e+00 0.000000000000000000e+00 0.000000000000000000e+00 0.000000000000000000e+00
3.749999999999999861e-02 0.000000000000000000e+00 0.000000000000000000e+00 0.000000000000000000e+00 0.000000000000000000e+00
4.250000000000000305e-02 0.000000000000000000e+00 0.000000000000000000e+00 0.000000000000000000e+00 0.000000000000000000e+00
4.750000000000000056e-02 0.000000000000000000e+00 0.000000000000000000e+00 0.000000000000000000e+00 0.000000000000000000e+00
5.249999999999999806e-02 0.000000000000000000e+00 0.000000000000000000e+00 0.000000000000000000e+00 0.000000000000000000e+00
5.750000000000000250e-02 0.000000000000000000e+00 0.000000000000000000e+00 0.000000000000000000e+00 0.000000000000000000e+00
6.250000000000000000e-02 0.000000000000000000e+00 0.000000000000000000e+00 0.000000000000000000e+00 0.000000000000000000e+00
6.750000000000000444e-02 0.000000000000000000e+00 0.000000000000000000e+00 0.000000000000000000e+00 0.000000000000000000e+00
7.249999999999999500e-02 0.000000000000000000e+00 0.000000000000000000e+00 0.000000000000000000e+00 0.000000000000000000e+00
7.749999999999999944e-02 0.000000000000000000e+00 0.000000000000000000e+00 0.000000000000000000e+00 0.000000000000000000e+00
8.250000000000000389e-02 0.000000000000000000e+00 0.000000000000000000e+00 0.000000000000000000e+00 0.000000000000000000e+00
8.749999999999999445e-02 0.000000000000000000e+00 0.000000000000000000e+00 0.000000000000000000e+00 0.000000000000000000e+00
9.249999999999999889e-02 0.000000000000000000e+00 0.000000000000000000e+00 0.000000000000000000e+00 0.000000000000000000e+00
9.750000000000000333e-02 0.000000000000000000e+00 0.000000000000000000e+00 0.000000000000000000e+00 0.000000000000000000e+00
1.024999999999999939e-01 0.000000000000000000e+00 0.000000000000000000e+00 0.000000000000000000e+00 0.000000000000000000e+00
1.074999999999999983e-01 0.000000000000000000e+00 0.000000000000000000e+00 0.000000000000000000e+00 0.000000000000000000e+00
1.125000000000000028e-01 0.000000000000000000e+00 0.000000000000000000e+00 0.000000000000000000e+00 0.000000000000000000e+00
1.174999999999999933e-01 0.000000000000000000e+00 0.000000000000000000e+00 0.000000000000000000e+00 0.000000000000000000e+00
1.224999999999999978e-01 0.000000000000000000e+00 0.000000000000000000e+00 0.000000000000000000e+00 0.000000000000000000e+00
1.275000000000000022e-01 0.000000000000000000e+00 0.000000000000000000e+00 0.000000000000000000e+00 0.000000000000000000e+00
1.325000000000000067e-01 0.000000000000000000e+00 0.000000000000000000e+00 0.000000000000000000e+00 0.000000000000000000e+00
1.375000000000000111e-01 0.000000000000000000e+00 0.000000000000000000e+00 0.000000000000000000e+00 0.000000000000000000e+00
1.424999999999999878e-01 0.000000000000000000e+00 0.000000000000000000e+00 0.000000000000000000e+00 0.000000000000000000e+00
1.474999999999999922e-01 0.000000000000000000e+00 0.000000000000000000e+00 0.000000000000000000e+00 0.000000000000000000e+00
1.524999999999999967e-01 0.000000000000000000e+00 0.000000000000000000e+00 0.000000000000000000e+00 0.000000000000000000e+00
1.575000000000000011e-01 0.000000000000000000e+00 0.000000000000000000e+00 0.000000000000000000e+00 0.000000000000000000e+00
1.625000000000000056e-01 0.000000000000000000e+00 0.000000000000000000e+00 0.000000000000000000e+00 0.000000000000000000e+00
1.675000000000000100e-01 0.000000000000000000e+00 0.000000000000000000e+00 0.000000000000000000e+00 0.000000000000000000e+00
1.724999999999999867e-01 0.000000000000000000e+00 0.000000000000000000e+00 0.000000000000000000e+00 0.000000000000000000e+00
1.774999999999999911e-01 0.000000000000000000e+00 0.000000000000000000e+00 0.000000000000000000e+00 0.000000000000000000e+00
1.824999999999999956e-01 0.000000000000000000e+00 0.000000000000000000e+00 0.000000000000000000e+00 0.000000000000000000e+00
1.875000000000000000e-01 0.000000000000000000e+00 0.000000000000000000e+00 0.000000000000000000e+00 0.000000000000000000e+00
1.925000000000000044e-01 0.000000000000000000e+00 0.000000000000000000e+00 0.000000000000000000e+00 0.000000000000000000e+00
1.975000000000000089e-01 0.000000000000000000e+00 0.000000000000000000e+00 0.000000000000000000e+00 4.839999999999999739e-05
2.025000000000000133e-01 0.000000000000000000e+00 0.000000000000000000e+00 0.000000000000000000e+00 8.193599999999998801e-03
2.074999999999999900e-01 0.000000000000000000e+00 0.000000000000000000e+00 0.000000000000000000e+00 1.966076000000000212e-01
2.124999999999999944e-01 0.000000000000000000e+00 0.000000000000000000e+00 0.000000000000000000e+00 1.261510700000000096e+00
2.174999999999999989e-01 0.000000000000000000e+00 0.000000000000000000e+00 0.000000000000000000e+00 3.242573199999999822e+00
2.225000000000000033e-01 0.000000000000000000e+00 0.000000000000000000e+00 0.000000000000000000e+00 4.452394400000001085e+00
2.275000000000000078e-01 0.000000000000000000e+00 0.000000000000000000e+00 0.000000000000000000e+00 4.310158099999999770e+00
2.325000000000000122e-01 0.000000000000000000e+00 0.000000000000000000e+00 0.000000000000000000e+00 3.986451999999999884e+00
2.374999999999999889e-01 0.000000000000000000e+00 0.000000000000000000e+00 0.000000000000000000e+00 3.694110399999999572e+00
2.424999999999999933e-01 0.000000000000000000e+00 0.000000000000000000e+00 0.000000000000000000e+00 3.431327999999999712e+00
2.474999999999999978e-01 0.000000000000000000e+00 0.000000000000000000e+00 0.000000000000000000e+00 3.195528999999999620e+00
2.525000000000000022e-01 0.000000000000000000e+00 0.000000000000000000e+00 0.000000000000000000e+00 2.980863799999999397e+00
2.575000000000000067e-01 0.000000000000000000e+00 0.000000000000000000e+00 0.000000000000000000e+00 2.787779500000000077e+00
2.625000000000000111e-01 0.000000000000000000e+00 0.000000000000000000e+00 0.000000000000000000e+00 2.614674299999999896e+00
2.675000000000000155e-01 0.000000000000000000e+00 0.000000000000000000e+00 0.000000000000000000e+00 2.456898800000000271e+00
2.725000000000000200e-01 0.000000000000000000e+00 0.000000000000000000e+00 0.000000000000000000e+00 2.314924699999999724e+00
2.775000000000000244e-01 0.000000000000000000e+00 0.000000000000000000e+00 0.000000000000000000e+00 2.186147500000000132e+00
2.824999999999999734e-01 0.000000000000000000e+00 0.000000000000000000e+00 0.000000000000000000e+00 2.070568900000000045e+00
2.874999999999999778e-01 0.000000000000000000e+00 0.000000000000000000e+00 0.000000000000000000e+00 1.966597900000000010e+00
2.924999999999999822e-01 0.000000000000000000e+00 0.000000000000000000e+00 0.000000000000000000e+00 1.872365899999999694e+00
2.974999999999999867e-01 0.000000000000000000e+00 0.000000000000000000e+00 0.000000000000000000e+00 1.787206899999999932e+00
3.024999999999999911e-01 0.000000000000000000e+00 0.000000000000000000e+00 0.000000000000000000e+00 1.711006100000000085e+00
3.074999999999999956e-01 0.000000000000000000e+00 0.000000000000000000e+00 0.000000000000000000e+00 1.642382599999999915e+00
3.125000000000000000e-01 0.000000000000000000e+00 0.000000000000000000e+00 0.000000000000000000e+00 1.581746099999999933e+00
3.175000000000000044e-01 0.000000000000000000e+00 0.000000000000000000e+00 0.000000000000000000e+00 1.526556600000000152e+00
3.225000000000000089e-01 0.000000000000000000e+00 0.000000000000000000e+00 0.000000000000000000e+00 1.478203799999999957e+00
3.275000000000000133e-01 0.000000000000000000e+00 0.000000000000000000e+00 0.000000000000000000e+00 1.435220999999999858e+00
3.325000000000000178e-01 0.000000000000000000e+00 0.000000000000000000e+00 0.000000000000000000e+00 1.398239000000000232e+00
3.375000000000000222e-01 0.000000000000000000e+00 0.000000000000000000e+00 0.000000000000000000e+00 1.365686900000000037e+00
3.425000000000000266e-01 0.000000000000000000e+00 0.000000000000000000e+00 0.000000000000000000e+00 1.337928499999999854e+00
3.474999999999999756e-01 0.000000000000000000e+00 0.000000000000000000e+00 0.000000000000000000e+00 1.315316200000000046e+00
3.524999999999999800e-01 0.000000000000000000e+00 0.000000000000000000e+00 0.000000000000000000e+00 1.296187099999999814e+00
3.574999999999999845e-01 0.000000000000000000e+00 0.000000000000000000e+00 0.000000000000000000e+00 1.281746500000000122e+00
3.624999999999999889e-01 0.000000000000000000e+00 0.000000000000000000e+00 0.000000000000000000e+00 1.270873600000000048e+00
3.674999999999999933e-01 0.000000000000000000e+00 0.000000000000000000e+00 0.000000000000000000e+00 1.264462100000000033e+00
3.724999999999999978e-01 0.000000000000000000e+00 0.000000000000000000e+00 0.000000000000000000e+00 1.260463400000000123e+00
3.775000000000000022e-01 0.000000000000000000e+00 0.000000000000000000e+00 0.000000000000000000e+00 1.261153299999999922e+00
3.825000000000000067e-01 0.000000000000000000e+00 0.000000000000000000e+00 0.000000000000000000e+00 1.264443200000000100e+00
3.875000000000000111e-01 0.000000000000000000e+00 0.000000000000000000e+00 0.000000000000000000e+00 1.271274400000000027e+00
3.925000000000000155e-01 0.000000000000000000e+00 0.000000000000000000e+00 0.000000000000000000e+00 1.280440500000000092e+00
3.975000000000000200e-01 0.000000000000000000e+00 0.000000000000000000e+00 0.000000000000000000e+00 1.293032900000000041e+00
4.025000000000000244e-01 0.000000000000000000e+00 0.000000000000000000e+00 0.000000000000000000e+00 1.307265200000000016e+00
4.074999999999999734e-01 0.000000000000000000e+00 0.000000000000000000e+00 0.000000000000000000e+00 1.323886499999999966e+00
4.124999999999999778e-01 0.000000000000000000e+00 0.000000000000000000e+00 0.000000000000000000e+00 1.342486599999999752e+00
4.174999999999999822e-01 0.000000000000000000e+00 0.000000000000000000e+00 0.000000000000000000e+00 1.363023299999999827e+00
4.224999999999999867e-01 0.000000000000000000e+00 0.000000000000000000e+00 0.000000000000000000e+00 1.385376699999999905e+00
4.274999999999999911e-01 0.000000000000000000e+00 0.000000000000000000e+00 0.000000000000000000e+00 1.408323299999999945e+00
4.324999999999999956e-01 0.000000000000000000e+00 0.000000000000000000e+00 0.000000000000000000e+00 1.429950900000000136e+00
4.375000000000000000e-01 0.000000000000000000e+00 0.000000000000000000e+00 0.000000000000000000e+00 1.447509200000000051e+00
4.425000000000000044e-01 0.000000000000000000e+00 0.000000000000000000e+00 0.000000000000000000e+00 1.459273099999999879e+00
4.475000000000000089e-01 0.000000000000000000e+00 0.000000000000000000e+00 0.000000000000000000e+00 1.464595099999999928e+00
4.525000000000000133e-01 0.000000000000000000e+00 0.000000000000000000e+00 0.000000000000000000e+00 1.464584100000000166e+00
4.575000000000000178e-01 0.000000000000000000e+00 0.000000000000000000e+00 0.000000000000000000e+00 1.460533600000000209e+00
4.625000000000000222e-01 0.000000000000000000e+00 0.000000000000000000e+00 0.000000000000000000e+00 1.452016400000000207e+00
4.675000000000000266e-01 0.000000000000000000e+00 0.000000000000000000e+00 0.000000000000000000e+00 1.441498100000000004e+00
4.724999999999999756e-01 0.000000000000000000e+00 0.000000000000000000e+00 0.000000000000000000e+00 1.428330699999999620e+00
4.774999999999999800e-01 0.000000000000000000e+00 0.000000000000000000e+00 0.000000000000000000e+00 1.413135699999999995e+00
4.824999999999999845e-01 0.000000000000000000e+00 0.000000000000000000e+00 0.000000000000000000e+00 1.397200000000000220e+00
4.874999999999999889e-01 0.000000000000000000e+00 0.000000000000000000e+00 0.000000000000000000e+00 1.380075400000000174e+00
4.924999999999999933e-01 0.000000000000000000e+00 0.000000000000000000e+00 0.000000000000000000e+00 1.362507999999999830e+00
4.974999999999999978e-01 0.000000000000000000e+00 0.000000000000000000e+00 0.000000000000000000e+00 1.344838599999999662e+00
5.024999999999999467e-01 0.000000000000000000e+00 0.000000000000000000e+00 0.000000000000000000e+00 1.327222000000000124e+00
5.074999999999999512e-01 0.000000000000000000e+00 0.000000000000000000e+00 0.000000000000000000e+00 1.309386699999999681e+00
5.124999999999999556e-01 0.000000000000000000e+00 0.000000000000000000e+00 0.000000000000000000e+00 1.292033699999999952e+00
5.174999999999999600e-01 0.000000000000000000e+00 0.000000000000000000e+00 0.000000000000000000e+00 1.275238199999999988e+00
5.224999999999999645e-01 0.000000000000000000e+00 0.000000000000000000e+00 0.000000000000000000e+00 1.259374199999999888e+00
5.274999999999999689e-01 0.000000000000000000e+00 0.000000000000000000e+00 0.000000000000000000e+00 1.243886699999999790e+00
5.324999999999999734e-01 0.000000000000000000e+00 0.000000000000000000e+00 0.000000000000000000e+00 1.229279699999999975e+00
5.374999999999999778e-01 0.000000000000000000e+00 0.000000000000000000e+00 0.000000000000000000e+00 1.215285799999999972e+00
5.424999999999999822e-01 0.000000000000000000e+00 0.000000000000000000e+00 0.000000000000000000e+00 1.202209199999999978e+00
5.474999999999999867e-01 0.000000000000000000e+00 0.000000000000000000e+00 0.000000000000000000e+00 1.190039199999999964e+00
5.524999999999999911e-01 0.000000000000000000e+00 0.000000000000000000e+00 0.000000000000000000e+00 1.178839600000000321e+00
5.574999999999999956e-01 0.000000000000000000e+00 0.000000000000000000e+00 0.000000000000000000e+00 1.168434900000000054e+00
5.625000000000000000e-01 0.000000000000000000e+00 0.000000000000000000e+00 0.000000000000000000e+00 1.158918700000000079e+00
5.675000000000000044e-01 0.000000000000000000e+00 0.000000000000000000e+00 0.000000000000000000e+00 1.150537900000000224e+00
5.725000000000000089e-01 0.000000000000000000e+00 0.000000000000000000e+00 0.000000000000000000e+00 1.142792700000000217e+00
5.775000000000000133e-01 0.000000000000000000e+00 0.000000000000000000e+00 0.000000000000000000e+00 1.135937300000000150e+00
5.825000000000000178e-01 0.000000000000000000e+00 0.000000000000000000e+00 0.000000000000000000e+00 1.130049599999999987e+00
5.875000000000000222e-01 0.000000000000000000e+00 5.199999999999999341e-06 5.199999999999999341e-06 1.124508700000000250e+00
5.925000000000000266e-01 0.000000000000000000e+00 5.339999999999999695e-05 5.339999999999999695e-05 1.119959000000000149e+00
5.975000000000000311e-01 0.000000000000000000e+00 4.521999999999999869e-04 4.521999999999999869e-04 1.116153799999999974e+00
6.025000000000000355e-01 0.000000000000000000e+00 2.672999999999999595e-03 2.672999999999999595e-03 1.113029299999999999e+00
6.075000000000000400e-01 0.000000000000000000e+00 1.235569999999999898e-02 1.235569999999999898e-02 1.109875500000000015e+00
6.125000000000000444e-01 0.000000000000000000e+00 4.493819999999999759e-02 4.493819999999999759e-02 1.107197800000000010e+00
6.175000000000000488e-01 0.000000000000000000e+00 1.309762000000000148e-01 1.309762000000000148e-01 1.105266799999999883e+00
6.225000000000000533e-01 0.000000000000000000e+00 3.145253999999999550e-01 3.145253999999999550e-01 1.103444000000000091e+00
6.274999999999999467e-01 0.000000000000000000e+00 6.427996000000000265e-01 6.427996000000000265e-01 1.101843499999999976e+00
6.324999999999999512e-01 0.000000000000000000e+00 1.132058000000000231e+00 1.132058000000000231e+00 1.100312000000000179e+00
6.374999999999999556e-01 0.000000000000000000e+00 1.761430900000000133e+00 1.761430900000000133e+00 1.098691499999999932e+00
6.424999999999999600e-01 0.000000000000000000e+00 2.455129300000000292e+00 2.455129300000000292e+00 1.097125799999999929e+00
6.474999999999999645e-01 0.000000000000000000e+00 3.108047100000000285e+00 3.108047100000000285e+00 1.095705199999999824e+00
6.524999999999999689e-01 0.000000000000000000e+00 3.626928400000000607e+00 3.626928400000000607e+00 1.093647499999999884e+00
6.574999999999999734e-01 0.000000000000000000e+00 3.940085199999999954e+00 3.940085199999999954e+00 1.091552200000000195e+00
6.624999999999999778e-01 0.000000000000000000e+00 4.024374399999999241e+00 4.024374399999999241e+00 1.089077899999999932e+00
6.674999999999999822e-01 0.000000000000000000e+00 3.903563900000000420e+00 3.903563900000000420e+00 1.086281499999999900e+00
6.724999999999999867e-01 0.000000000000000000e+00 3.620042600000000110e+00 3.620042600000000110e+00 1.083391799999999794e+00
6.774999999999999911e-01 0.000000000000000000e+00 3.275263100000000094e+00 3.275263100000000094e+00 1.079698300000000000e+00
6.824999999999999956e-01 0.000000000000000000e+00 2.966052599999999817e+00 2.966052599999999817e+00 1.076152700000000184e+00
6.875000000000000000e-01 0.000000000000000000e+00 2.694278800000000196e+00 2.694278800000000196e+00 1.072295199999999893e+00
6.925000000000000044e-01 0.000000000000000000e+00 2.455544699999999914e+00 2.455544699999999914e+00 1.068116000000000065e+00
6.975000000000000089e-01 0.000000000000000000e+00 2.245819699999999752e+00 2.245819699999999752e+00 1.063829899999999995e+00
7.025000000000000133e-01 0.000000000000000000e+00 2.061168100000000170e+00 2.061168100000000170e+00 1.059465499999999949e+00
7.075000000000000178e-01 0.000000000000000000e+00 1.898718799999999929e+00 1.898718799999999929e+00 1.054892799999999964e+00
7.125000000000000222e-01 0.000000000000000000e+00 1.755139399999999794e+00 1.755139399999999794e+00 1.050196699999999872e+00
7.175000000000000266e-01 0.000000000000000000e+00 1.629353999999999969e+00 1.629353999999999969e+00 1.045569299999999924e+00
7.225000000000000311e-01 0.000000000000000000e+00 1.518524399999999996e+00 1.518524399999999996e+00 1.040907799999999828e+00
7.275000000000000355e-01 0.000000000000000000e+00 1.421606299999999878e+00 1.421606299999999878e+00 1.036175599999999974e+00
7.325000000000000400e-01 0.000000000000000000e+00 1.337229799999999802e+00 1.337229799999999802e+00 1.031800999999999968e+00
7.375000000000000444e-01 0.000000000000000000e+00 1.262419800000000203e+00 1.262419800000000203e+00 1.027381800000000123e+00
7.425000000000000488e-01 0.000000000000000000e+00 1.196936300000000175e+00 1.196936300000000175e+00 1.022957399999999906e+00
7.475000000000000533e-01 0.000000000000000000e+00 1.140862299999999996e+00 1.140862299999999996e+00 1.018882799999999866e+00
7.524999999999999467e-01 0.000000000000000000e+00 1.091690000000000271e+00 1.091690000000000271e+00 1.014730299999999863e+00
7.574999999999999512e-01 0.000000000000000000e+00 1.050778899999999849e+00 1.050778899999999849e+00 1.011116900000000207e+00
7.624999999999999556e-01 0.000000000000000000e+00 1.015797000000000061e+00 1.015797000000000061e+00 1.007322599999999957e+00
7.674999999999999600e-01 0.000000000000000000e+00 9.862893000000001464e-01 9.862893000000001464e-01 1.003705100000000128e+00
7.724999999999999645e-01 0.000000000000000000e+00 9.618389000000000522e-01 9.618389000000000522e-01 1.000448899999999863e+00
7.774999999999999689e-01 0.000000000000000000e+00 9.449210999999999583e-01 9.449210999999999583e-01 9.974762999999999824e-01
7.824999999999999734e-01 0.000000000000000000e+00 9.321345000000000880e-01 9.321345000000000880e-01 9.945039000000001073e-01
7.874999999999999778e-01 0.000000000000000000e+00 9.239112999999999909e-01 9.239112999999999909e-01 9.916703999999999519e-01
7.924999999999999822e-01 0.000000000000000000e+00 9.205391000000000545e-01 9.205391000000000545e-01 9.891864999999999686e-01
7.974999999999999867e-01 0.000000000000000000e+00 9.218636000000000053e-01 9.218636000000000053e-01 9.868523000000000156e-01
8.024999999999999911e-01 0.000000000000000000e+00 9.283387999999999085e-01 9.283387999999999085e-01 9.847037000000000706e-01
8.074999999999999956e-01 0.000000000000000000e+00 9.388603999999999283e-01 9.388603999999999283e-01 9.827507000000000881e-01
8.125000000000000000e-01 0.000000000000000000e+00 9.541472999999998095e-01 9.541472999999998095e-01 9.807266999999999513e-01
8.175000000000000044e-01 0.000000000000000000e+00 9.754816999999998961e-01 9.754816999999998961e-01 9.790917000000000092e-01
8.225000000000000089e-01 0.000000000000000000e+00 1.000344300000000075e+00 1.000344300000000075e+00 9.774189000000002014e-01
8.275000000000000133e-01 0.000000000000000000e+00 1.029525899999999883e+00 1.029525899999999883e+00 9.758333999999999619e-01
8.325000000000000178e-01 0.000000000000000000e+00 1.062900900000000037e+00 1.062900900000000037e+00 9.743990999999999625e-01
8.375000000000000222e-01 0.000000000000000000e+00 1.099120900000000178e+00 1.099120900000000178e+00 9.730045999999999973e-01
8.425000000000000266e-01 0.000000000000000000e+00 1.138299900000000253e+00 1.138299900000000253e+00 9.717292000000000707e-01
8.475000000000000311e-01 0.000000000000000000e+00 1.177422500000000039e+00 1.177422500000000039e+00 9.705989000000000422e-01
8.525000000000000355e-01 0.000000000000000000e+00 1.216009000000000118e+00 1.216009000000000118e+00 9.695466000000001472e-01
8.575000000000000400e-01 0.000000000000000000e+00 1.251754099999999870e+00 1.251754099999999870e+00 9.685748999999999054e-01
8.625000000000000444e-01 0.000000000000000000e+00 1.282452099999999984e+00 1.282452099999999984e+00 9.673626000000000724e-01
8.675000000000000488e-01 0.000000000000000000e+00 1.307634100000000021e+00 1.307634100000000021e+00 9.663379000000000829e-01
8.725000000000000533e-01 0.000000000000000000e+00 1.325142700000000007e+00 1.325142700000000007e+00 9.653207000000000315e-01
8.774999999999999467e-01 0.000000000000000000e+00 1.334649699999999939e+00 1.334649699999999939e+00 9.643912000000000040e-01
8.824999999999999512e-01 0.000000000000000000e+00 1.336204799999999748e+00 1.336204799999999748e+00 9.633583999999999481e-01
8.874999999999999556e-01 0.000000000000000000e+00 1.330380999999999814e+00 1.330380999999999814e+00 9.625129999999998409e-01
8.924999999999999600e-01 0.000000000000000000e+00 1.319320400000000060e+00 1.319320400000000060e+00 9.615607999999999933e-01
8.974999999999999645e-01 0.000000000000000000e+00 1.302384100000000045e+00 1.302384100000000045e+00 9.606803999999999899e-01
9.024999999999999689e-01 0.000000000000000000e+00 1.284174499999999997e+00 1.284174499999999997e+00 9.597722000000000753e-01
9.074999999999999734e-01 0.000000000000000000e+00 1.261720900000000034e+00 1.261720900000000034e+00 9.591594999999999427e-01
9.124999999999999778e-01 0.000000000000000000e+00 1.239390800000000237e+00 1.239390800000000237e+00 9.581714000000000064e-01
9.174999999999999822e-01 0.000000000000000000e+00 1.214640500000000234e+00 1.214640500000000234e+00 9.574324000000000723e-01
9.224999999999999867e-01 0.000000000000000000e+00 1.190368099999999929e+00 1.190368099999999929e+00 9.567847000000000435e-01
9.274999999999999911e-01 0.000000000000000000e+00 1.165776499999999993e+00 1.165776499999999993e+00 9.563320000000000709e-01
9.324999999999999956e-01 0.000000000000000000e+00 1.141575399999999796e+00 1.141575399999999796e+00 9.555441000000000074e-01
9.375000000000000000e-01 0.000000000000000000e+00 1.118805800000000072e+00 1.118805800000000072e+00 9.551114000000000548e-01
9.425000000000000044e-01 0.000000000000000000e+00 1.096285799999999977e+00 1.096285799999999977e+00 9.545908000000000726e-01
9.475000000000000089e-01 0.000000000000000000e+00 1.074984799999999963e+00 1.074984799999999963e+00 9.542612999999999790e-01
9.525000000000000133e-01 4.500000000000000114e-06 1.054963499999999943e+00 1.054963499999999943e+00 9.538863999999998011e-01
9.575000000000000178e-01 9.000000000000000228e-06 1.036444600000000049e+00 1.036444600000000049e+00 9.536128999999998745e-01
9.625000000000000222e-01 5.739999999999999931e-05 1.019027899999999986e+00 1.019027899999999986e+00 9.532710999999999268e-01
9.675000000000000266e-01 3.503999999999999520e-04 1.003349700000000011e+00 1.003349700000000011e+00 9.530379999999999407e-01
9.725000000000000311e-01 1.720699999999999921e-03 9.880698999999999455e-01 9.880698999999999455e-01 9.529683999999999378e-01
9.775000000000000355e-01 6.185999999999999659e-03 9.759903000000000883e-01 9.759903000000000883e-01 9.529163999999999968e-01
9.825000000000000400e-01 1.965659999999999630e-02 9.647045999999999122e-01 9.647045999999999122e-01 9.529750999999999639e-01
9.875000000000000444e-01 5.604530000000000622e-02 9.542414999999999647e-01 9.542414999999999647e-01 9.529900000000001148e-01
9.925000000000000488e-01 1.383867000000000014e-01 9.450708999999999360e-01 9.450708999999999360e-01 9.530780999999999281e-01
9.975000000000000533e-01 2.981466999999999867e-01 9.383230000000001292e-01 9.383230000000001292e-01 9.531200999999999146e-01
1.002499999999999947e+00 5.825541999999999110e-01 9.324598999999998972e-01 9.324598999999998972e-01 9.534499999999999087e-01
1.007500000000000062e+00 1.032686999999999911e+00 9.274015999999999371e-01 9.274015999999999371e-01 9.536703000000000818e-01
1.012499999999999956e+00 1.670462600000000020e+00 9.240758000000000028e-01 9.240758000000000028e-01 9.540186000000000499e-01
1.017500000000000071e+00 2.485883999999999538e+00 9.219093000000000426e-01 9.219093000000000426e-01 9.544422999999998547e-01
1.022499999999999964e+00 3.439090799999999781e+00 9.206567999999999419e-01 9.206567999999999419e-01 9.549681000000000974e-01
1.027500000000000080e+00 4.439375899999999930e+00 9.206895999999999969e-01 9.206895999999999969e-01 9.554023000000000376e-01
1.032499999999999973e+00 5.393808599999998954e+00 9.214622000000000090e-01 9.214622000000000090e-01 9.559922000000000697e-01
1.037500000000000089e+00 6.214727299999998955e+00 9.221931999999999352e-01 9.221931999999999352e-01 9.565517999999999521e-01
1.042499999999999982e+00 6.817032800000001558e+00 9.246062000000000447e-01 9.246062000000000447e-01 9.572772999999999977e-01
1.047500000000000098e+00 7.151269999999999349e+00 9.268895000000000328e-01 9.268895000000000328e-01 9.580826000000000064e-01
1.052499999999999991e+00 7.220598099999999242e+00 9.294590000000001462e-01 9.294590000000001462e-01 9.589095000000000812e-01
1.057500000000000107e+00 7.043752600000000363e+00 9.329626000000000863e-01 9.329626000000000863e-01 9.595569000000001569e-01
1.062500000000000000e+00 6.667381399999999125e+00 9.359083999999999737e-01 9.359083999999999737e-01 9.606793000000000138e-01
1.067499999999999893e+00 6.152710599999999808e+00 9.386095999999998218e-01 9.386095999999998218e-01 9.616396000000000388e-01
1.072500000000000009e+00 5.559127500000000666e+00 9.408867000000000758e-01 9.408867000000000758e-01 9.625762000000002150e-01
1.077499999999999902e+00 4.909313899999999897e+00 9.428941999999999046e-01 9.428941999999999046e-01 9.636448999999999154e-01
1.082500000000000018e+00 4.275476700000000463e+00 9.445719999999999672e-01 9.445719999999999672e-01 9.647525999999999602e-01
1.087499999999999911e+00 3.679198200000000529e+00 9.455513000000002055e-01 9.455513000000002055e-01 9.660409000000000912e-01
1.092500000000000027e+00 3.133628499999999484e+00 9.461311000000000027e-01 9.461311000000000027e-01 9.671872000000000247e-01
1.097499999999999920e+00 2.642763399999999763e+00 9.460672000000001081e-01 9.460672000000001081e-01 9.684804000000000190e-01
1.102500000000000036e+00 2.224363400000000102e+00 9.453818000000000499e-01 9.453818000000000499e-01 9.698722999999999095e-01
1.107499999999999929e+00 1.863881300000000296e+00 9.437006999999999479e-01 9.437006999999999479e-01 9.711230000000000695e-01
1.112500000000000044e+00 1.561220200000000169e+00 9.415355999999999170e-01 9.415355999999999170e-01 9.725631999999999611e-01
1.117499999999999938e+00 1.304130800000000034e+00 9.394734999999998504e-01 9.394734999999998504e-01 9.742026000000001407e-01
1.122500000000000053e+00 1.097863200000000150e+00 9.357225000000000126e-01 9.357225000000000126e-01 9.756071000000000604e-01
1.127499999999999947e+00 9.342841999999998981e-01 9.325303000000000342e-01 9.325303000000000342e-01 9.771531000000001077e-01
1.132500000000000062e+00 8.072596000000000771e-01 9.286706999999999601e-01 9.286706999999999601e-01 9.788130999999999915e-01
1.137499999999999956e+00 7.093462999999999852e-01 9.246373999999999427e-01 9.246373999999999427e-01 9.806100000000000927e-01
1.142500000000000071e+00 6.375091000000001618e-01 9.206682000000000476e-01 9.206682000000000476e-01 9.821533000000000069e-01
1.147499999999999964e+00 5.785185000000000466e-01 9.163459999999998828e-01 9.163459999999998828e-01 9.839198999999998474e-01
1.152500000000000080e+00 5.337702999999999198e-01 9.124657999999999936e-01 9.124657999999999936e-01 9.858412999999999204e-01
1.157499999999999973e+00 4.966437000000000213e-01 9.076100999999997532e-01 9.076100999999997532e-01 9.876405000000000323e-01
1.162500000000000089e+00 4.724711000000000327e-01 9.036336000000000368e-01 9.036336000000000368e-01 9.894493000000000871e-01
1.167499999999999982e+00 4.509758000000000377e-01 8.997300999999999771e-01 8.997300999999999771e-01 9.913558000000000092e-01
1.172500000000000098e+00 4.359682000000000279e-01 8.961469000000000795e-01 8.961469000000000795e-01 9.934031000000000944e-01
1.177499999999999991e+00 4.268192000000000097e-01 8.925032000000001631e-01 8.925032000000001631e-01 9.954068000000001470e-01
1.182500000000000107e+00 4.212561000000000222e-01 8.895593000000001638e-01 8.895593000000001638e-01 9.973840999999999957e-01
1.187500000000000000e+00 4.161987999999999799e-01 8.864191000000000153e-01 8.864191000000000153e-01 9.996301000000000769e-01
1.192499999999999893e+00 4.175326999999999233e-01 8.836036999999998809e-01 8.836036999999998809e-01 1.001760300000000159e+00
1.197500000000000009e+00 4.223174000000000095e-01 8.820470999999999728e-01 8.820470999999999728e-01 1.003864599999999774e+00
1.202499999999999902e+00 4.299103999999999703e-01 8.797337000000000629e-01 8.797337000000000629e-01 1.006132800000000049e+00
1.207500000000000018e+00 4.385896000000000794e-01 8.781101000000000045e-01 8.781101000000000045e-01 1.008433399999999924e+00
1.212499999999999911e+00 4.531170000000000475e-01 8.770738000000000145e-01 8.770738000000000145e-01 1.010739200000000171e+00
1.217500000000000027e+00 4.744456999999999702e-01 8.767436999999999037e-01 8.767436999999999037e-01 1.013054399999999911e+00
1.222499999999999920e+00 4.923776999999999182e-01 8.764067000000000940e-01 8.764067000000000940e-01 1.015403899999999693e+00
1.227500000000000036e+00 5.186043999999999654e-01 8.764032000000000489e-01 8.764032000000000489e-01 1.017921900000000157e+00
1.232499999999999929e+00 5.477904000000000106e-01 8.768014000000000641e-01 8.768014000000000641e-01 1.020470500000000058e+00
1.237500000000000044e+00 5.826151999999999997e-01 8.772895000000000554e-01 8.772895000000000554e-01 1.022904199999999708e+00
1.242499999999999938e+00 6.224414999999999809e-01 8.786118000000001649e-01 8.786118000000001649e-01 1.025422099999999892e+00
1.247500000000000053e+00 6.691032999999999564e-01 8.800814999999999610e-01 8.800814999999999610e-01 1.028076400000000223e+00
1.252499999999999947e+00 7.222233000000000125e-01 8.814885000000000081e-01 8.814885000000000081e-01 1.030671600000000021e+00
1.257500000000000062e+00 7.792590999999999823e-01 8.833500999999998049e-01 8.833500999999998049e-01 1.033262399999999914e+00
1.262499999999999956e+00 8.391713999999999007e-01 8.855206000000001021e-01 8.855206000000001021e-01 1.035872600000000032e+00
1.267500000000000071e+00 9.102840999999999294e-01 8.872958000000000789e-01 8.872958000000000789e-01 1.038438900000000276e+00
1.272499999999999964e+00 9.774029000000000744e-01 8.901099999999999568e-01 8.901099999999999568e-01 1.040846500000000230e+00
1.277500000000000080e+00 1.041974699999999920e+00 8.921303999999998791e-01 8.921303999999998791e-01 1.043053400000000019e+00
1.282499999999999973e+00 1.098018400000000172e+00 8.946288000000001128e-01 8.946288000000001128e-01 1.045057300000000078e+00
1.287500000000000089e+00 1.148664200000000246e+00 8.971455999999999875e-01 8.971455999999999875e-01 1.046619800000000211e+00
1.292499999999999982e+00 1.183058300000000118e+00 8.993151000000001449e-01 8.993151000000001449e-01 1.047942300000000104e+00
1.297500000000000098e+00 1.203911100000000012e+00 9.016248000000001150e-01 9.016248000000001150e-01 1.048568000000000167e+00
1.302499999999999991e+00 1.209079000000000237e+00 9.031359999999999388e-01 9.031359999999999388e-01 1.048822099999999979e+00
1.307500000000000107e+00 1.202393499999999893e+00 9.054955000000000087e-01 9.054955000000000087e-01 1.048737399999999820e+00
1.312500000000000000e+00 1.183667300000000200e+00 9.073534000000000876e-01 9.073534000000000876e-01 1.048005499999999923e+00
1.317499999999999893e+00 1.153019400000000028e+00 9.087462000000000595e-01 9.087462000000000595e-01 1.046855699999999834e+00
1.322500000000000009e+00 1.115389399999999975e+00 9.104191000000000367e-01 9.104191000000000367e-01 1.045394500000000004e+00
1.327499999999999902e+00 1.075222499999999970e+00 9.117167000000000465e-01 9.117167000000000465e-01 1.043726500000000224e+00
1.332500000000000018e+00 1.038029299999999822e+00 9.123695000000001665e-01 9.123695000000001665e-01 1.041781799999999869e+00
1.337499999999999911e+00 9.967485000000000372e-01 9.134925999999999879e-01 9.134925999999999879e-01 1.039826100000000197e+00
1.342500000000000027e+00 9.577242000000000255e-01 9.143673999999999413e-01 9.143673999999999413e-01 1.037753799999999949e+00
1.347499999999999920e+00 9.192776999999999754e-01 9.148882000000000403e-01 9.148882000000000403e-01 1.035784400000000050e+00
1.352500000000000036e+00 8.855764999999999887e-01 9.154925999999999897e-01 9.154925999999999897e-01 1.033825600000000122e+00
1.357499999999999929e+00 8.533578000000000552e-01 9.160608999999999558e-01 9.160608999999999558e-01 1.031944399999999984e+00
1.362500000000000044e+00 8.228924000000000794e-01 9.167115000000001235e-01 9.167115000000001235e-01 1.030210799999999871e+00
1.367499999999999938e+00 7.950079999999999369e-01 9.176069999999999505e-01 9.176069999999999505e-01 1.028591299999999986e+00
1.372500000000000053e+00 7.754609000000001195e-01 9.181228999999998530e-01 9.181228999999998530e-01 1.027123100000000067e+00
1.377499999999999947e+00 7.502027000000000001e-01 9.189183999999999131e-01 9.189183999999999131e-01 1.025799300000000081e+00
1.382500000000000062e+00 7.331324000000000174e-01 9.200115999999999294e-01 9.200115999999999294e-01 1.024512899999999949e+00
1.387499999999999956e+00 7.163218000000000085e-01 9.211162000000001626e-01 9.211162000000001626e-01 1.023575500000000194e+00
1.392500000000000071e+00 7.038832999999999895e-01 9.220093999999999790e-01 9.220093999999999790e-01 1.022632199999999880e+00
1.397499999999999964e+00 6.929222999999999910e-01 9.236826000000000203e-01 9.236826000000000203e-01 1.021838900000000105e+00
1.402500000000000080e+00 6.831196999999999964e-01 9.255748999999999782e-01 9.255748999999999782e-01 1.021306599999999953e+00
1.407499999999999973e+00 6.784247999999999390e-01 9.273978000000001609e-01 9.273978000000001609e-01 1.020748999999999906e+00
1.412500000000000089e+00 6.728674999999999518e-01 9.297560000000000269e-01 9.297560000000000269e-01 1.020538399999999957e+00
1.417499999999999982e+00 6.696571000000000051e-01 9.316095000000000903e-01 9.316095000000000903e-01 1.020275899999999680e+00
1.422500000000000098e+00 6.691366999999999177e-01 9.342262000000000066e-01 9.342262000000000066e-01 1.020043000000000033e+00
1.427499999999999991e+00 6.711682000000001036e-01 9.369406999999998487e-01 9.369406999999998487e-01 1.020208099999999840e+00
1.432500000000000107e+00 6.741716999999998183e-01 9.395601999999998455e-01 9.395601999999998455e-01 1.020157100000000039e+00
1.437500000000000000e+00 6.783555999999999475e-01 9.427281000000000688e-01 9.427281000000000688e-01 1.020340199999999919e+00
1.442499999999999893e+00 6.845106999999999164e-01 9.461116999999999999e-01 9.461116999999999999e-01 1.020513999999999921e+00
1.447500000000000009e+00 6.911213999999999968e-01 9.489078000000000790e-01 9.489078000000000790e-01 1.020844800000000108e+00
1.452499999999999902e+00 6.982173000000000407e-01 9.517414000000000707e-01 9.517414000000000707e-01 1.021128500000000106e+00
1.457500000000000018e+00 7.085363000000000078e-01 9.552099999999998925e-01 9.552099999999998925e-01 1.021455800000000025e+00
1.462499999999999911e+00 7.187411999999999690e-01 9.586641000000000190e-01 9.586641000000000190e-01 1.021794599999999997e+00
1.467500000000000027e+00 7.322564999999998658e-01 9.619267000000000234e-01 9.619267000000000234e-01 1.022180700000000053e+00
1.472499999999999920e+00 7.447184000000000026e-01 9.649861999999999052e-01 9.649861999999999052e-01 1.022440999999999933e+00
1.477500000000000036e+00 7.565149999999999375e-01 9.683439000000001462e-01 9.683439000000001462e-01 1.022744499999999945e+00
1.482499999999999929e+00 7.685828999999999578e-01 9.719414000000000664e-01 9.719414000000000664e-01 1.022858699999999788e+00
1.487500000000000044e+00 7.804534999999999112e-01 9.749216999999997801e-01 9.749216999999997801e-01 1.023104500000000083e+00
1.492499999999999938e+00 7.921514000000000610e-01 9.784412000000000109e-01 9.784412000000000109e-01 1.023140399999999950e+00
1.497500000000000053e+00 8.025465000000000515e-01 9.815568999999999544e-01 9.815568999999999544e-01 1.023116099999999973e+00
1.502499999999999947e+00 8.118525999999999243e-01 9.845066000000001205e-01 9.845066000000001205e-01 1.022982300000000011e+00
1.507500000000000062e+00 8.211333000000001769e-01 9.876495999999999054e-01 9.876495999999999054e-01 1.022796099999999875e+00
1.512499999999999956e+00 8.292466999999998922e-01 9.908426999999999651e-01 9.908426999999999651e-01 1.022403900000000032e+00
1.517500000000000071e+00 8.367393999999999110e-01 9.941520999999999830e-01 9.941520999999999830e-01 1.021926399999999902e+00
1.522499999999999964e+00 8.402004999999999058e-01 9.978507000000000904e-01 9.978507000000000904e-01 1.021393000000000217e+00
1.527500000000000080e+00 8.419802000000000675e-01 1.000737399999999777e+00 1.000737399999999777e+00 1.020683700000000194e+00
1.532499999999999973e+00 8.454786000000000801e-01 1.004167399999999821e+00 1.004167399999999821e+00 1.019938800000000034e+00
1.537500000000000089e+00 8.479406000000000443e-01 1.007531700000000141e+00 1.007531700000000141e+00 1.019128899999999893e+00
1.542499999999999982e+00 8.451742999999998229e-01 1.011387200000000153e+00 1.011387200000000153e+00 1.018203199999999864e+00
1.547500000000000098e+00 8.432974999999999222e-01 1.014776500000000192e+00 1.014776500000000192e+00 1.017178200000000032e+00
1.552499999999999991e+00 8.445598000000000827e-01 1.018410500000000329e+00 1.018410500000000329e+00 1.016127299999999956e+00
1.557500000000000107e+00 8.384530000000000038e-01 1.022227900000000078e+00 1.022227900000000078e+00 1.015076499999999937e+00
1.562500000000000000e+00 8.382704999999999185e-01 1.025929099999999927e+00 1.025929099999999927e+00 1.013997000000000259e+00
1.567499999999999893e+00 8.355563000000000295e-01 1.029785700000000137e+00 1.029785700000000137e+00 1.012909999999999755e+00
1.572500000000000009e+00 8.315066000000002067e-01 1.033727199999999957e+00 1.033727199999999957e+00 1.011857699999999971e+00
1.577499999999999902e+00 8.273161000000002208e-01 1.037855100000000252e+00 1.037855100000000252e+00 1.010728400000000082e+00
1.582500000000000018e+00 8.254324000000000661e-01 1.041773399999999850e+00 1.041773399999999850e+00 1.009734300000000085e+00
1.587499999999999911e+00 8.241576999999999931e-01 1.046169399999999916e+00 1.046169399999999916e+00 1.008664000000000005e+00
1.592500000000000027e+00 8.214975000000001026e-01 1.050474200000000025e+00 1.050474200000000025e+00 1.007708699999999791e+00
1.597499999999999920e+00 8.192817000000000016e-01 1.054593699999999856e+00 1.054593699999999856e+00 1.006773499999999988e+00
1.602500000000000036e+00 8.180273000000000128e-01 1.058722199999999836e+00 1.058722199999999836e+00 1.005921999999999983e+00
1.607499999999999929e+00 8.169739000000000306e-01 1.063328700000000016e+00 1.063328700000000016e+00 1.005146399999999884e+00
1.612500000000000044e+00 8.169425999999999632e-01 1.067977100000000013e+00 1.067977100000000013e+00 1.004311300000000129e+00
1.617499999999999938e+00 8.189593000000000567e-01 1.072450200000000020e+00 1.072450200000000020e+00 1.003718600000000016e+00
1.622500000000000053e+00 8.177315999999998919e-01 1.076788800000000101e+00 1.076788800000000101e+00 1.002913500000000013e+00
1.627499999999999947e+00 8.166903000000000912e-01 1.081504800000000044e+00 1.081504800000000044e+00 1.002390399999999904e+00
1.632500000000000062e+00 8.184044000000000318e-01 1.086097099999999926e+00 1.086097099999999926e+00 1.001860000000000195e+00
1.637499999999999956e+00 8.202245000000001340e-01 1.090848100000000098e+00 1.090848100000000098e+00 1.001332700000000075e+00
1.642500000000000071e+00 8.223568999999999463e-01 1.095403899999999986e+00 1.095403899999999986e+00 1.000857799999999909e+00
1.647499999999999964e+00 8.255658999999999637e-01 1.099549600000000016e+00 1.099549600000000016e+00 1.000482099999999708e+00
1.652500000000000080e+00 8.258596999999999744e-01 1.103687700000000049e+00 1.103687700000000049e+00 1.000085100000000171e+00
1.657499999999999973e+00 8.301694000000001683e-01 1.107707899999999857e+00 1.107707899999999857e+00 9.998099000000000292e-01
1.662500000000000089e+00 8.339292000000000371e-01 1.110906099999999785e+00 1.110906099999999785e+00 9.994758999999999727e-01
1.667499999999999982e+00 8.382674999999999432e-01 1.113278400000000001e+00 1.113278400000000001e+00 9.991274999999999462e-01
1.672500000000000098e+00 8.427042000000000144e-01 1.115600199999999820e+00 1.115600199999999820e+00 9.990223000000000297e-01
1.677499999999999991e+00 8.455235999999999308e-01 1.116097200000000011e+00 1.116097200000000011e+00 9.988493999999998874e-01
1.682500000000000107e+00 8.503522000000000025e-01 1.115814800000000107e+00 1.115814800000000107e+00 9.985713000000000505e-01
1.687500000000000000e+00 8.587103999999999848e-01 1.114596799999999943e+00 1.114596799999999943e+00 9.984050000000002090e-01
1.692499999999999893e+00 8.628054000000000556e-01 1.112112900000000071e+00 1.112112900000000071e+00 9.982105999999999479e-01
1.697500000000000009e+00 8.689597000000001126e-01 1.108300300000000238e+00 1.108300300000000238e+00 9.980412000000000727e-01
1.702499999999999902e+00 8.743849999999998568e-01 1.103387600000000024e+00 1.103387600000000024e+00 9.979412999999999201e-01
1.707500000000000018e+00 8.802885000000000293e-01 1.098367799999999894e+00 1.098367799999999894e+00 9.976390000000000535e-01
1.712499999999999911e+00 8.871577000000000490e-01 1.091939099999999829e+00 1.091939099999999829e+00 9.974854000000000775e-01
1.717500000000000027e+00 8.963921000000001360e-01 1.085285700000000020e+00 1.085285700000000020e+00 9.972895999999999983e-01
1.722499999999999920e+00 8.995276999999999301e-01 1.078009399999999784e+00 1.078009399999999784e+00 9.971237000000000572e-01
1.727500000000000036e+00 9.090846999999998568e-01 1.070839399999999886e+00 1.070839399999999886e+00 9.969367000000002310e-01
1.732499999999999929e+00 9.153453999999999757e-01 1.063350999999999935e+00 1.063350999999999935e+00 9.967088000000000614e-01
1.737500000000000044e+00 9.250517000000000323e-01 1.055954700000000246e+00 1.055954700000000246e+00 9.964836000000000249e-01
1.742499999999999938e+00 9.315170000000000394e-01 1.049112600000000173e+00 1.049112600000000173e+00 9.962063000000001001e-01
1.747500000000000053e+00 9.402201000000001141e-01 1.042972800000000033e+00 1.042972800000000033e+00 9.959436000000000400e-01
1.752499999999999947e+00 9.497063000000001143e-01 1.036541099999999993e+00 1.036541099999999993e+00 9.955800000000001315e-01
1.757500000000000062e+00 9.573308000000000373e-01 1.030925800000000114e+00 1.030925800000000114e+00 9.953322999999999476e-01
1.762499999999999956e+00 9.664215999999999918e-01 1.026096899999999756e+00 1.026096899999999756e+00 9.950563999999999520e-01
1.767500000000000071e+00 9.763081999999998484e-01 1.021306900000000129e+00 1.021306900000000129e+00 9.947899999999998411e-01
1.772499999999999964e+00 9.853747999999999951e-01 1.017580700000000116e+00 1.017580700000000116e+00 9.944865000000000510e-01
1.777500000000000080e+00 9.961406999999997680e-01 1.014006600000000091e+00 1.014006600000000091e+00 9.940927999999997766e-01
1.782499999999999973e+00 1.003924199999999933e+00 1.010841099999999937e+00 1.010841099999999937e+00 9.938264999999999461e-01
1.787500000000000089e+00 1.013686099999999923e+00 1.008302599999999938e+00 1.008302599999999938e+00 9.935560000000001057e-01
1.792499999999999982e+00 1.023114399999999868e+00 1.006116100000000069e+00 1.006116100000000069e+00 9.933153000000001231e-01
1.797500000000000098e+00 1.030238899999999846e+00 1.004628199999999749e+00 1.004628199999999749e+00 9.931039000000001504e-01
1.802499999999999991e+00 1.037015600000000148e+00 1.003441599999999934e+00 1.003441599999999934e+00 9.929144999999998111e-01
1.807500000000000107e+00 1.043348399999999954e+00 1.002843199999999824e+00 1.002843199999999824e+00 9.926654000000001421e-01
1.812500000000000000e+00 1.047330099999999931e+00 1.002032699999999998e+00 1.002032699999999998e+00 9.925005999999999551e-01
1.817499999999999893e+00 1.050497400000000026e+00 1.001638000000000028e+00 1.001638000000000028e+00 9.922245999999999011e-01
1.822500000000000009e+00 1.050761199999999951e+00 1.001721300000000259e+00 1.001721300000000259e+00 9.920520000000001559e-01
1.827499999999999902e+00 1.052281700000000209e+00 1.001791800000000121e+00 1.001791800000000121e+00 9.920050000000000257e-01
1.832500000000000018e+00 1.051495900000000150e+00 1.002504899999999921e+00 1.002504899999999921e+00 9.918510000000001492e-01
1.837499999999999911e+00 1.051743199999999989e+00 1.002993099999999860e+00 1.002993099999999860e+00 9.916506000000000487e-01
1.842500000000000027e+00 1.051241200000000209e+00 1.003570600000000201e+00 1.003570600000000201e+00 9.916338999999998460e-01
1.847499999999999920e+00 1.043979299999999943e+00 1.004302999999999946e+00 1.004302999999999946e+00 9.915831999999999979e-01
1.852500000000000036e+00 1.043841299999999972e+00 1.004873100000000186e+00 1.004873100000000186e+00 9.915976000000000790e-01
1.857499999999999929e+00 1.043010999999999910e+00 1.005685400000000174e+00 1.005685400000000174e+00 9.915535999999999239e-01
1.862500000000000044e+00 1.043111400000000133e+00 1.006627300000000114e+00 1.006627300000000114e+00 9.916822000000001802e-01
1.867499999999999938e+00 1.045527099999999932e+00 1.007298999999999944e+00 1.007298999999999944e+00 9.916704000000000629e-01
1.872500000000000053e+00 1.042513499999999649e+00 1.007888700000000082e+00 1.007888700000000082e+00 9.918485000000000218e-01
1.877499999999999947e+00 1.045671000000000017e+00 1.008573999999999860e+00 1.008573999999999860e+00 9.918598000000000692e-01
1.882500000000000062e+00 1.048466899999999979e+00 1.009008200000000022e+00 1.009008200000000022e+00 9.919157000000000668e-01
1.887499999999999956e+00 1.052134400000000136e+00 1.009322800000000075e+00 1.009322800000000075e+00 9.920194999999999430e-01
1.892500000000000071e+00 1.059361800000000020e+00 1.009463500000000069e+00 1.009463500000000069e+00 9.921457000000000193e-01
1.897499999999999964e+00 1.065803600000000184e+00 1.009488699999999906e+00 1.009488699999999906e+00 9.923185000000002143e-01
1.902500000000000080e+00 1.072187500000000071e+00 1.009189100000000172e+00 1.009189100000000172e+00 9.924294000000000171e-01
1.907499999999999973e+00 1.081283600000000122e+00 1.008818700000000179e+00 1.008818700000000179e+00 9.926332999999999407e-01
1.912500000000000089e+00 1.090346400000000049e+00 1.008120499999999975e+00 1.008120499999999975e+00 9.928204999999999947e-01
1.917499999999999982e+00 1.100931800000000127e+00 1.007293299999999947e+00 1.007293299999999947e+00 9.929342000000002111e-01
1.922500000000000098e+00 1.108822999999999892e+00 1.005916399999999822e+00 1.005916399999999822e+00 9.931341000000000196e-01
1.927499999999999991e+00 1.120025800000000071e+00 1.004747099999999893e+00 1.004747099999999893e+00 9.932765000000000066e-01
1.932500000000000107e+00 1.127085899999999974e+00 1.003418699999999886e+00 1.003418699999999886e+00 9.935800999999999661e-01
1.937500000000000000e+00 1.134886599999999968e+00 1.001731299999999880e+00 1.001731299999999880e+00 9.937324000000000712e-01
1.942499999999999893e+00 1.142927999999999944e+00 1.000241500000000006e+00 1.000241500000000006e+00 9.938732999999999596e-01
1.947500000000000009e+00 1.152961099999999961e+00 9.984562000000000159e-01 9.984562000000000159e-01 9.941082999999999448e-01
1.952499999999999902e+00 1.158608800000000105e+00 9.959323000000001036e-01 9.959323000000001036e-01 9.942630000000001189e-01
1.957500000000000018e+00 1.163687600000000044e+00 9.944463999999999526e-01 9.944463999999999526e-01 9.943516000000001132e-01
1.962499999999999911e+00 1.166702499999999976e+00 9.924137999999999016e-01 9.924137999999999016e-01 9.945954000000000184e-01
1.967500000000000027e+00 1.174589499999999953e+00 9.905104000000000131e-01 9.905104000000000131e-01 9.948325999999998448e-01
1.972499999999999920e+00 1.178911000000000042e+00 9.884438000000000946e-01 9.884438000000000946e-01 9.949644000000000821e-01
1.977500000000000036e+00 1.182434099999999821e+00 9.866229000000000804e-01 9.866229000000000804e-01 9.951187000000001337e-01
1.982499999999999929e+00 1.186469200000000113e+00 9.849291999999998382e-01 9.849291999999998382e-01 9.952881000000000089e-01
1.987500000000000044e+00 1.191170499999999910e+00 9.833712000000000009e-01 9.833712000000000009e-01 9.955360000000000875e-01
1.992499999999999938e+00 1.194792999999999994e+00 9.815148000000000206e-01 9.815148000000000206e-01 9.957281000000000049e-01
1.997500000000000053e+00 1.200924999999999798e+00 9.799150000000000915e-01 9.799150000000000915e-01 9.958857000000002069e-01
