2.500000000000000052e-03 0.000000000000000000e+00 0.000000000000000000e+00 0.000000000000000000e+00 0.000000000000000000e+00
7.499999999999999722e-03 0.000000000000000000e+00 0.000000000000000000e+00 0.000000000000000000e+00 0.000000000000000000e+00
1.250000000000000069e-02 0.000000000000000000e+00 0.000000000000000000e+00 0.000000000000000000e+00 0.000000000000000000e+00
1.750000000000000167e-02 0.000000000000000000e+00 0.000000000000000000e+00 0.000000000000000000e+00 0.000000000000000000e+00
2.249999999999999917e-02 0.000000000000000000e+00 0.000000000000000000e+00 0.000000000000000000e+00 0.000000000000000000e+00
2.750000000000000014e-02 0.000000000000000000e+00 0.000000000000000000e+00 0.000000000000000000e+00 0.000000000000000000e+00
3.250000000000000111e-02 0.000000000000000000e+00 0.000000000000000000e+00 0.000000000000000000e+00 0.000000000000000000e+00
3.749999999999999861e-02 0.000000000000000000e+00 0.000000000000000000e+00 0.000000000000000000e+00 0.000000000000000000e+00
4.250000000000000305e-02 0.000000000000000000e+00 0.000000000000000000e+00 0.000000000000000000e+00 0.000000000000000000e+00
4.750000000000000056e-02 0.000000000000000000e+00 0.000000000000000000e+00 0.000000000000000000e+00 0.000000000000000000e+00
5.249999999999999806e-02 0.000000000000000000e+00 0.000000000000000000e+00 0.000000000000000000e+00 0.000000000000000000e+00
5.750000000000000250e-02 0.000000000000000000e+00 0.000000000000000000e+00 0.000000000000000000e+00 0.000000000000000000e+00
6.250000000000000000e-02 0.000000000000000000e+00 0.000000000000000000e+00 0.000000000000000000e+00 0.000000000000000000e+00
6.750000000000000444e-02 0.000000000000000000e+00 0.000000000000000000e+00 0.000000000000000000e+00 0.000000000000000000e+00
7.249999999999999500e-02 0.000000000000000000e+00 0.000000000000000000e+00 0.000000000000000000e+00 0.000000000000000000e+00
7.749999999999999944e-02 0.000000000000000000e+00 0.000000000000000000e+00 0.000000000000000000e+00 0.000000000000000000e+00
8.250000000000000389e-02 0.000000000000000000e+00 0.000000000000000000e+00 0.000000000000000000e+00 0.000000000000000000e+00
8.749999999999999445e-02 0.000000000000000000e+00 0.000000000000000000e+00 0.000000000000000000e+00 0.000000000000000000e+00
9.249999999999999889e-02 0.000000000000000000e+00 0.000000000000000000e+00 0.000000000000000000e+00 0.000000000000000000e+00
9.750000000000000333e-02 0.000000000000000000e+00 0.000000000000000000e+00 0.000000000000000000e+00 0.000000000000000000e+00
1.024999999999999939e-01 0.000000000000000000e+00 0.000000000000000000e+00 0.000000000000000000e+00 0.000000000000000000e+00
1.074999999999999983e-01 0.000000000000000000e+00 0.000000000000000000e+00 0.000000000000000000e+00 0.000000000000000000e+00
1.125000000000000028e-01 0.000000000000000000e+00 0.000000000000000000e+00 0.000000000000000000e+00 0.000000000000000000e+00
1.174999999999999933e-01 0.000000000000000000e+00 0.000000000000000000e+00 0.000000000000000000e+00 0.000000000000000000e+00
1.224999999999999978e-01 0.000000000000000000e+00 0.000000000000000000e+00 0.000000000000000000e+00 0.000000000000000000e+00
1.275000000000000022e-01 0.000000000000000000e+00 0.000000000000000000e+00 0.000000000000000000e+00 0.000000000000000000e+00
1.325000000000000067e-01 0.000000000000000000e+00 0.000000000000000000e+00 0.000000000000000000e+00 0.000000000000000000e+00
1.375000000000000111e-01 0.000000000000000000e+00 0.000000000000000000e+00 0.000000000000000000e+00 0.000000000000000000e+00
1.424999999999999878e-01 0.000000000000000000e+00 0.000000000000000000e+00 0.000000000000000000e+00 0.000000000000000000e+00
1.474999999999999922e-01 0.000000000000000000e+00 0.000000000000000000e+00 0.000000000000000000e+00 0.000000000000000000e+00
1.524999999999999967e-01 0.000000000000000000e+00 0.000000000000000000e+00 0.000000000000000000e+00 0.000000000000000000e+00
1.575000000000000011e-01 0.000000000000000000e+00 0.000000000000000000e+00 0.000000000000000000e+00 0.000000000000000000e+00
1.625000000000000056e-01 0.000000000000000000e+00 0.000000000000000000e+00 0.000000000000000000e+00 0.000000000000000000e+00
1.675000000000000100e-01 0.000000000000000000e+00 0.000000000000000000e+00 0.000000000000000000e+00 0.000000000000000000e+00
1.724999999999999867e-01 0.000000000000000000e+00 0.000000000000000000e+00 0.000000000000000000e+00 0.000000000000000000e+00
1.774999999999999911e-01 0.000000000000000000e+00 0.000000000000000000e+00 0.000000000000000000e+00 0.000000000000000000e+00
1.824999999999999956e-01 0.000000000000000000e+00 0.000000000000000000e+00 0.000000000000000000e+00 0.000000000000000000e+00
1.875000000000000000e-01 0.000000000000000000e+00 0.000000000000000000e+00 0.000000000000000000e+00 0.000000000000000000e+00
1.925000000000000044e-01 0.000000000000000000e+00 0.000000000000000000e+00 0.000000000000000000e+00 0.000000000000000000e+00
1.975000000000000089e-01 0.000000000000000000e+00 0.000000000000000000e+00 0.000000000000000000e+00 5.039999999999999857e-05
2.025000000000000133e-01 0.000000000000000000e+00 0.000000000000000000e+00 0.000000000000000000e+00 8.213300000000001502e-03
2.074999999999999900e-01 0.000000000000000000e+00 0.000000000000000000e+00 0.000000000000000000e+00 1.963879999999999793e-01
2.124999999999999944e-01 0.000000000000000000e+00 0.000000000000000000e+00 0.000000000000000000e+00 1.260625600000000235e+00
2.174999999999999989e-01 0.000000000000000000e+00 0.000000000000000000e+00 0.000000000000000000e+00 3.241405899999999285e+00
2.225000000000000033e-01 0.000000000000000000e+00 0.000000000000000000e+00 0.000000000000000000e+00 4.452701700000000429e+00
2.275000000000000078e-01 0.000000000000000000e+00 0.000000000000000000e+00 0.000000000000000000e+00 4.309988999999999848e+00
2.325000000000000122e-01 0.000000000000000000e+00 0.000000000000000000e+00 0.000000000000000000e+00 3.986441899999999094e+00
2.374999999999999889e-01 0.000000000000000000e+00 0.000000000000000000e+00 0.000000000000000000e+00 3.693830499999999795e+00
2.424999999999999933e-01 0.000000000000000000e+00 0.000000000000000000e+00 0.000000000000000000e+00 3.432715099999999353e+00
2.474999999999999978e-01 0.000000000000000000e+00 0.000000000000000000e+00 0.000000000000000000e+00 3.196024600000000326e+00
2.525000000000000022e-01 0.000000000000000000e+00 0.000000000000000000e+00 0.000000000000000000e+00 2.981283499999999975e+00
2.575000000000000067e-01 0.000000000000000000e+00 0.000000000000000000e+00 0.000000000000000000e+00 2.788291499999999701e+00
2.625000000000000111e-01 0.000000000000000000e+00 0.000000000000000000e+00 0.000000000000000000e+00 2.615295399999999937e+00
2.675000000000000155e-01 0.000000000000000000e+00 0.000000000000000000e+00 0.000000000000000000e+00 2.457980199999999726e+00
2.725000000000000200e-01 0.000000000000000000e+00 0.000000000000000000e+00 0.000000000000000000e+00 2.315734600000000309e+00
2.775000000000000244e-01 0.000000000000000000e+00 0.000000000000000000e+00 0.000000000000000000e+00 2.187796800000000097e+00
2.824999999999999734e-01 0.000000000000000000e+00 0.000000000000000000e+00 0.000000000000000000e+00 2.071980700000000120e+00
2.874999999999999778e-01 0.000000000000000000e+00 0.000000000000000000e+00 0.000000000000000000e+00 1.967113799999999912e+00
2.924999999999999822e-01 0.000000000000000000e+00 0.000000000000000000e+00 0.000000000000000000e+00 1.873349300000000328e+00
2.974999999999999867e-01 0.000000000000000000e+00 0.000000000000000000e+00 0.000000000000000000e+00 1.788566700000000065e+00
3.024999999999999911e-01 0.000000000000000000e+00 0.000000000000000000e+00 0.000000000000000000e+00 1.712052899999999767e+00
3.074999999999999956e-01 0.000000000000000000e+00 0.000000000000000000e+00 0.000000000000000000e+00 1.643259199999999920e+00
3.125000000000000000e-01 0.000000000000000000e+00 0.000000000000000000e+00 0.000000000000000000e+00 1.583201000000000080e+00
3.175000000000000044e-01 0.000000000000000000e+00 0.000000000000000000e+00 0.000000000000000000e+00 1.527967000000000075e+00
3.225000000000000089e-01 0.000000000000000000e+00 0.000000000000000000e+00 0.000000000000000000e+00 1.478902099999999997e+00
3.275000000000000133e-01 0.000000000000000000e+00 0.000000000000000000e+00 0.000000000000000000e+00 1.436825100000000077e+00
3.325000000000000178e-01 0.000000000000000000e+00 0.000000000000000000e+00 0.000000000000000000e+00 1.399362600000000123e+00
3.375000000000000222e-01 0.000000000000000000e+00 0.000000000000000000e+00 0.000000000000000000e+00 1.366671200000000086e+00
3.425000000000000266e-01 0.000000000000000000e+00 0.000000000000000000e+00 0.000000000000000000e+00 1.339344899999999949e+00
3.474999999999999756e-01 0.000000000000000000e+00 0.000000000000000000e+00 0.000000000000000000e+00 1.316261600000000032e+00
3.524999999999999800e-01 0.000000000000000000e+00 0.000000000000000000e+00 0.000000000000000000e+00 1.297114899999999960e+00
3.574999999999999845e-01 0.000000000000000000e+00 0.000000000000000000e+00 0.000000000000000000e+00 1.282821900000000070e+00
3.624999999999999889e-01 0.000000000000000000e+00 0.000000000000000000e+00 0.000000000000000000e+00 1.272385699999999842e+00
3.674999999999999933e-01 0.000000000000000000e+00 0.000000000000000000e+00 0.000000000000000000e+00 1.265309200000000134e+00
3.724999999999999978e-01 0.000000000000000000e+00 0.000000000000000000e+00 0.000000000000000000e+00 1.261983999999999995e+00
3.775000000000000022e-01 0.000000000000000000e+00 0.000000000000000000e+00 0.000000000000000000e+00 1.261967999999999979e+00
3.825000000000000067e-01 0.000000000000000000e+00 0.000000000000000000e+00 0.000000000000000000e+00 1.265445100000000211e+00
3.875000000000000111e-01 0.000000000000000000e+00 0.000000000000000000e+00 0.000000000000000000e+00 1.272513599999999911e+00
3.925000000000000155e-01 0.000000000000000000e+00 0.000000000000000000e+00 0.000000000000000000e+00 1.282008500000000106e+00
3.975000000000000200e-01 0.000000000000000000e+00 0.000000000000000000e+00 0.000000000000000000e+00 1.294042800000000160e+00
4.025000000000000244e-01 0.000000000000000000e+00 0.000000000000000000e+00 0.000000000000000000e+00 1.308569899999999731e+00
4.074999999999999734e-01 0.000000000000000000e+00 0.000000000000000000e+00 0.000000000000000000e+00 1.324989799999999995e+00
4.124999999999999778e-01 0.000000000000000000e+00 0.000000000000000000e+00 0.000000000000000000e+00 1.343719200000000003e+00
4.174999999999999822e-01 0.000000000000000000e+00 0.000000000000000000e+00 0.000000000000000000e+00 1.364424000000000081e+00
4.224999999999999867e-01 0.000000000000000000e+00 0.000000000000000000e+00 0.000000000000000000e+00 1.386534900000000015e+00
4.274999999999999911e-01 0.000000000000000000e+00 0.000000000000000000e+00 0.000000000000000000e+00 1.409438299999999922e+00
4.324999999999999956e-01 0.000000000000000000e+00 0.000000000000000000e+00 0.000000000000000000e+00 1.431123099999999981e+00
4.375000000000000000e-01 0.000000000000000000e+00 0.000000000000000000e+00 0.000000000000000000e+00 1.448789300000000058e+00
4.425000000000000044e-01 0.000000000000000000e+00 0.000000000000000000e+00 0.000000000000000000e+00 1.460369500000000098e+00
4.475000000000000089e-01 0.000000000000000000e+00 0.000000000000000000e+00 0.000000000000000000e+00 1.466074700000000064e+00
4.525000000000000133e-01 0.000000000000000000e+00 0.000000000000000000e+00 0.000000000000000000e+00 1.465891800000000078e+00
4.575000000000000178e-01 0.000000000000000000e+00 0.000000000000000000e+00 0.000000000000000000e+00 1.461806099999999997e+00
4.625000000000000222e-01 0.000000000000000000e+00 0.000000000000000000e+00 0.000000000000000000e+00 1.453790699999999880e+00
4.675000000000000266e-01 0.000000000000000000e+00 0.000000000000000000e+00 0.000000000000000000e+00 1.442753399999999742e+00
4.724999999999999756e-01 0.000000000000000000e+00 0.000000000000000000e+00 0.000000000000000000e+00 1.429609000000000130e+00
4.774999999999999800e-01 0.000000000000000000e+00 0.000000000000000000e+00 0.000000000000000000e+00 1.414327499999999960e+00
4.824999999999999845e-01 0.000000000000000000e+00 0.000000000000000000e+00 0.000000000000000000e+00 1.398555100000000051e+00
4.874999999999999889e-01 0.000000000000000000e+00 0.000000000000000000e+00 0.000000000000000000e+00 1.381567900000000071e+00
4.924999999999999933e-01 0.000000000000000000e+00 0.000000000000000000e+00 0.000000000000000000e+00 1.363981299999999841e+00
4.974999999999999978e-01 0.000000000000000000e+00 0.000000000000000000e+00 0.000000000000000000e+00 1.346320700000000148e+00
5.024999999999999467e-01 0.000000000000000000e+00 0.000000000000000000e+00 0.000000000000000000e+00 1.328385200000000044e+00
5.074999999999999512e-01 0.000000000000000000e+00 0.000000000000000000e+00 0.000000000000000000e+00 1.310836200000000007e+00
5.124999999999999556e-01 0.000000000000000000e+00 0.000000000000000000e+00 0.000000000000000000e+00 1.293601500000000071e+00
5.174999999999999600e-01 0.000000000000000000e+00 0.000000000000000000e+00 0.000000000000000000e+00 1.276892900000000219e+00
5.224999999999999645e-01 0.000000000000000000e+00 0.000000000000000000e+00 0.000000000000000000e+00 1.260656800000000022e+00
5.274999999999999689e-01 0.000000000000000000e+00 0.000000000000000000e+00 0.000000000000000000e+00 1.245175399999999932e+00
5.324999999999999734e-01 0.000000000000000000e+00 0.000000000000000000e+00 0.000000000000000000e+00 1.230661199999999900e+00
5.374999999999999778e-01 0.000000000000000000e+00 0.000000000000000000e+00 0.000000000000000000e+00 1.216693299999999978e+00
5.424999999999999822e-01 0.000000000000000000e+00 0.000000000000000000e+00 0.000000000000000000e+00 1.203591099999999914e+00
5.474999999999999867e-01 0.000000000000000000e+00 0.000000000000000000e+00 0.000000000000000000e+00 1.191751800000000028e+00
5.524999999999999911e-01 0.000000000000000000e+00 0.000000000000000000e+00 0.000000000000000000e+00 1.180035299999999676e+00
5.574999999999999956e-01 0.000000000000000000e+00 0.000000000000000000e+00 0.000000000000000000e+00 1.169857799999999948e+00
5.625000000000000000e-01 0.000000000000000000e+00 0.000000000000000000e+00 0.000000000000000000e+00 1.160531200000000096e+00
5.675000000000000044e-01 0.000000000000000000e+00 0.000000000000000000e+00 0.000000000000000000e+00 1.151990799999999870e+00
5.725000000000000089e-01 0.000000000000000000e+00 0.000000000000000000e+00 0.000000000000000000e+00 1.144148200000000060e+00
5.775000000000000133e-01 0.000000000000000000e+00 0.000000000000000000e+00 0.000000000000000000e+00 1.137424299999999944e+00
5.825000000000000178e-01 0.000000000000000000e+00 1.999999999999999909e-07 1.999999999999999909e-07 1.131356400000000040e+00
5.875000000000000222e-01 0.000000000000000000e+00 4.300000000000001182e-06 4.300000000000001182e-06 1.125894600000000079e+00
5.925000000000000266e-01 0.000000000000000000e+00 4.870000000000000468e-05 4.870000000000000468e-05 1.121522300000000083e+00
5.975000000000000311e-01 0.000000000000000000e+00 4.221999999999999083e-04 4.221999999999999083e-04 1.117385000000000073e+00
6.025000000000000355e-01 0.000000000000000000e+00 2.674800000000000181e-03 2.674800000000000181e-03 1.114176700000000020e+00
6.075000000000000400e-01 0.000000000000000000e+00 1.236309999999999840e-02 1.236309999999999840e-02 1.111116100000000051e+00
6.125000000000000444e-01 0.000000000000000000e+00 4.484429999999999666e-02 4.484429999999999666e-02 1.108680200000000227e+00
6.175000000000000488e-01 0.000000000000000000e+00 1.309171000000000085e-01 1.309171000000000085e-01 1.106633500000000048e+00
6.225000000000000533e-01 0.000000000000000000e+00 3.147568000000000588e-01 3.147568000000000588e-01 1.104959299999999756e+00
6.274999999999999467e-01 0.000000000000000000e+00 6.408884999999999721e-01 6.408884999999999721e-01 1.103188600000000186e+00
6.324999999999999512e-01 0.000000000000000000e+00 1.131086099999999872e+00 1.131086099999999872e+00 1.101666900000000116e+00
6.374999999999999556e-01 0.000000000000000000e+00 1.758243400000000234e+00 1.758243400000000234e+00 1.100078699999999854e+00
6.424999999999999600e-01 0.000000000000000000e+00 2.450746400000000325e+00 2.450746400000000325e+00 1.098492400000000035e+00
6.474999999999999645e-01 0.000000000000000000e+00 3.103506199999999993e+00 3.103506199999999993e+00 1.096886100000000086e+00
6.524999999999999689e-01 0.000000000000000000e+00 3.620289900000000394e+00 3.620289900000000394e+00 1.095062200000000097e+00
6.574999999999999734e-01 0.000000000000000000e+00 3.931022899999999876e+00 3.931022899999999876e+00 1.092876100000000017e+00
6.624999999999999778e-01 0.000000000000000000e+00 4.015079800000000532e+00 4.015079800000000532e+00 1.090196399999999954e+00
6.674999999999999822e-01 0.000000000000000000e+00 3.893666600000000422e+00 3.893666600000000422e+00 1.087312599999999962e+00
6.724999999999999867e-01 0.000000000000000000e+00 3.611666699999999786e+00 3.611666699999999786e+00 1.084226200000000029e+00
6.774999999999999911e-01 0.000000000000000000e+00 3.267399800000000631e+00 3.267399800000000631e+00 1.081115599999999954e+00
6.824999999999999956e-01 0.000000000000000000e+00 2.959414400000000445e+00 2.959414400000000445e+00 1.077418499999999835e+00
6.875000000000000000e-01 0.000000000000000000e+00 2.688447899999999890e+00 2.688447899999999890e+00 1.073577200000000120e+00
6.925000000000000044e-01 0.000000000000000000e+00 2.450769900000000057e+00 2.450769900000000057e+00 1.069360600000000217e+00
6.975000000000000089e-01 0.000000000000000000e+00 2.241633799999999788e+00 2.241633799999999788e+00 1.065182400000000085e+00
7.025000000000000133e-01 0.000000000000000000e+00 2.057332300000000558e+00 2.057332300000000558e+00 1.060562600000000133e+00
7.075000000000000178e-01 0.000000000000000000e+00 1.894881000000000260e+00 1.894881000000000260e+00 1.056135400000000057e+00
7.125000000000000222e-01 0.000000000000000000e+00 1.751834799999999914e+00 1.751834799999999914e+00 1.051299299999999937e+00
7.175000000000000266e-01 0.000000000000000000e+00 1.627606200000000003e+00 1.627606200000000003e+00 1.046631300000000042e+00
7.225000000000000311e-01 0.000000000000000000e+00 1.517131900000000089e+00 1.517131900000000089e+00 1.042159300000000011e+00
7.275000000000000355e-01 0.000000000000000000e+00 1.420730900000000130e+00 1.420730900000000130e+00 1.037309599999999943e+00
7.325000000000000400e-01 0.000000000000000000e+00 1.335097500000000048e+00 1.335097500000000048e+00 1.032851699999999928e+00
7.375000000000000444e-01 0.000000000000000000e+00 1.261786499999999922e+00 1.261786499999999922e+00 1.028353800000000096e+00
7.425000000000000488e-01 0.000000000000000000e+00 1.195899000000000045e+00 1.195899000000000045e+00 1.024092400000000014e+00
7.475000000000000533e-01 0.000000000000000000e+00 1.139657200000000037e+00 1.139657200000000037e+00 1.019932600000000189e+00
7.524999999999999467e-01 0.000000000000000000e+00 1.091232600000000108e+00 1.091232600000000108e+00 1.015708399999999845e+00
7.574999999999999512e-01 0.000000000000000000e+00 1.050554800000000011e+00 1.050554800000000011e+00 1.011982799999999960e+00
7.624999999999999556e-01 0.000000000000000000e+00 1.015585500000000030e+00 1.015585500000000030e+00 1.008348599999999928e+00
7.674999999999999600e-01 0.000000000000000000e+00 9.863521000000000649e-01 9.863521000000000649e-01 1.004804399999999820e+00
7.724999999999999645e-01 0.000000000000000000e+00 9.629521999999999249e-01 9.629521999999999249e-01 1.001294899999999766e+00
7.774999999999999689e-01 0.000000000000000000e+00 9.449550999999999368e-01 9.449550999999999368e-01 9.983076000000000727e-01
7.824999999999999734e-01 0.000000000000000000e+00 9.311693000000001996e-01 9.311693000000001996e-01 9.954224000000000405e-01
7.874999999999999778e-01 0.000000000000000000e+00 9.241525999999999907e-01 9.241525999999999907e-01 9.927395000000001080e-01
7.924999999999999822e-01 0.000000000000000000e+00 9.210570999999999620e-01 9.210570999999999620e-01 9.900912999999998965e-01
7.974999999999999867e-01 0.000000000000000000e+00 9.220083000000001139e-01 9.220083000000001139e-01 9.877440000000001774e-01
8.024999999999999911e-01 0.000000000000000000e+00 9.285959999999999770e-01 9.285959999999999770e-01 9.855148000000000241e-01
8.074999999999999956e-01 0.000000000000000000e+00 9.394588999999999857e-01 9.394588999999999857e-01 9.835540000000001504e-01
8.125000000000000000e-01 0.000000000000000000e+00 9.552483999999999975e-01 9.552483999999999975e-01 9.817148999999998349e-01
8.175000000000000044e-01 0.000000000000000000e+00 9.753207999999998767e-01 9.753207999999998767e-01 9.798140999999999101e-01
8.225000000000000089e-01 0.000000000000000000e+00 1.000163099999999972e+00 1.000163099999999972e+00 9.780121999999998872e-01
8.275000000000000133e-01 0.000000000000000000e+00 1.029984199999999905e+00 1.029984199999999905e+00 9.766362000000000654e-01
8.325000000000000178e-01 0.000000000000000000e+00 1.062642400000000098e+00 1.062642400000000098e+00 9.752500999999998976e-01
8.375000000000000222e-01 0.000000000000000000e+00 1.099413600000000102e+00 1.099413600000000102e+00 9.740220000000000544e-01
8.425000000000000266e-01 0.000000000000000000e+00 1.138038399999999895e+00 1.138038399999999895e+00 9.724674999999999292e-01
8.475000000000000311e-01 0.000000000000000000e+00 1.177425800000000189e+00 1.177425800000000189e+00 9.714628000000000707e-01
8.525000000000000355e-01 0.000000000000000000e+00 1.215811899999999834e+00 1.215811899999999834e+00 9.702638999999999569e-01
8.575000000000000400e-01 0.000000000000000000e+00 1.251330800000000298e+00 1.251330800000000298e+00 9.691138000000000252e-01
8.625000000000000444e-01 0.000000000000000000e+00 1.282255900000000004e+00 1.282255900000000004e+00 9.681184000000000456e-01
8.675000000000000488e-01 0.000000000000000000e+00 1.307849999999999957e+00 1.307849999999999957e+00 9.671629999999999949e-01
8.725000000000000533e-01 0.000000000000000000e+00 1.323899300000000112e+00 1.323899300000000112e+00 9.661024999999998641e-01
8.774999999999999467e-01 0.000000000000000000e+00 1.333370099999999780e+00 1.333370099999999780e+00 9.651501000000000108e-01
8.824999999999999512e-01 0.000000000000000000e+00 1.335457899999999976e+00 1.335457899999999976e+00 9.640940000000000065e-01
8.874999999999999556e-01 0.000000000000000000e+00 1.329871500000000095e+00 1.329871500000000095e+00 9.633432000000002882e-01
8.924999999999999600e-01 0.000000000000000000e+00 1.318222100000000063e+00 1.318222100000000063e+00 9.622862000000000915e-01
8.974999999999999645e-01 0.000000000000000000e+00 1.303319599999999800e+00 1.303319599999999800e+00 9.612974999999999159e-01
9.024999999999999689e-01 0.000000000000000000e+00 1.283381399999999894e+00 1.283381399999999894e+00 9.604906999999999195e-01
9.074999999999999734e-01 0.000000000000000000e+00 1.261731099999999994e+00 1.261731099999999994e+00 9.598355999999999000e-01
9.124999999999999778e-01 0.000000000000000000e+00 1.238871400000000067e+00 1.238871400000000067e+00 9.588841999999999643e-01
9.174999999999999822e-01 0.000000000000000000e+00 1.214371099999999926e+00 1.214371099999999926e+00 9.582127999999998647e-01
9.224999999999999867e-01 0.000000000000000000e+00 1.189866400000000102e+00 1.189866400000000102e+00 9.575058000000000735e-01
9.274999999999999911e-01 0.000000000000000000e+00 1.165302899999999919e+00 1.165302899999999919e+00 9.568267999999999773e-01
9.324999999999999956e-01 0.000000000000000000e+00 1.141086499999999893e+00 1.141086499999999893e+00 9.560662000000000882e-01
9.375000000000000000e-01 0.000000000000000000e+00 1.118201800000000024e+00 1.118201800000000024e+00 9.556462000000000012e-01
9.425000000000000044e-01 0.000000000000000000e+00 1.096225500000000075e+00 1.096225500000000075e+00 9.551351000000000147e-01
9.475000000000000089e-01 0.000000000000000000e+00 1.074849399999999955e+00 1.074849399999999955e+00 9.548031999999999631e-01
9.525000000000000133e-01 9.000000000000000228e-06 1.055510600000000077e+00 1.055510600000000077e+00 9.543342000000001324e-01
9.575000000000000178e-01 1.800000000000000046e-05 1.036305599999999938e+00 1.036305599999999938e+00 9.540769999999998419e-01
9.625000000000000222e-01 7.949999999999999439e-05 1.019268200000000180e+00 1.019268200000000180e+00 9.537309999999999954e-01
9.675000000000000266e-01 4.203000000000000247e-04 1.003320600000000118e+00 1.003320600000000118e+00 9.536032000000000952e-01
9.725000000000000311e-01 1.829100000000000170e-03 9.890950000000000575e-01 9.890950000000000575e-01 9.533616000000000312e-01
9.775000000000000355e-01 7.044099999999999320e-03 9.762240999999999280e-01 9.762240999999999280e-01 9.532741999999998495e-01
9.825000000000000400e-01 2.297719999999999971e-02 9.643608000000000180e-01 9.643608000000000180e-01 9.533175999999998762e-01
9.875000000000000444e-01 6.353590000000000626e-02 9.545011999999999386e-01 9.545011999999999386e-01 9.531785999999999870e-01
9.925000000000000488e-01 1.542451999999999990e-01 9.458864000000000161e-01 9.458864000000000161e-01 9.535230000000000095e-01
9.975000000000000533e-01 3.332834000000000074e-01 9.384935999999999279e-01 9.384935999999999279e-01 9.536215999999999582e-01
1.002499999999999947e+00 6.433343999999999729e-01 9.328787999999998970e-01 9.328787999999998970e-01 9.539466999999998142e-01
1.007500000000000062e+00 1.127097399999999805e+00 9.279265999999999348e-01 9.279265999999999348e-01 9.540699000000000263e-01
1.012499999999999956e+00 1.800749199999999828e+00 9.247692000000000689e-01 9.247692000000000689e-01 9.543949000000001570e-01
1.017500000000000071e+00 2.659510599999999947e+00 9.226796000000000442e-01 9.226796000000000442e-01 9.547507000000001742e-01
1.022499999999999964e+00 3.635872100000000273e+00 9.212329000000000212e-01 9.212329000000000212e-01 9.553487000000000506e-01
1.027500000000000080e+00 4.651105500000000781e+00 9.207074000000000646e-01 9.207074000000000646e-01 9.558465999999998797e-01
1.032499999999999973e+00 5.598158999999999885e+00 9.214818999999998539e-01 9.214818999999998539e-01 9.562936999999998022e-01
1.037500000000000089e+00 6.377111999999999448e+00 9.232841000000000520e-01 9.232841000000000520e-01 9.570088999999999402e-01
1.042499999999999982e+00 6.913232999999999961e+00 9.249940000000000939e-01 9.249940000000000939e-01 9.576124000000000303e-01
1.047500000000000098e+00 7.187027800000000077e+00 9.272641999999999829e-01 9.272641999999999829e-01 9.584058000000000854e-01
1.052499999999999991e+00 7.192623099999998715e+00 9.303147000000000499e-01 9.303147000000000499e-01 9.591824000000001016e-01
1.057500000000000107e+00 6.958502000000000187e+00 9.336414999999999020e-01 9.336414999999999020e-01 9.599413999999999447e-01
1.062500000000000000e+00 6.532763800000000565e+00 9.365422999999999387e-01 9.365422999999999387e-01 9.608998999999999180e-01
1.067499999999999893e+00 5.975491599999999792e+00 9.392749000000002457e-01 9.392749000000002457e-01 9.618552999999998576e-01
1.072500000000000009e+00 5.364012899999999640e+00 9.414600999999999109e-01 9.414600999999999109e-01 9.627809999999999979e-01
1.077499999999999902e+00 4.719518400000000113e+00 9.437619000000001535e-01 9.437619000000001535e-01 9.638606000000000673e-01
1.082500000000000018e+00 4.096549200000000113e+00 9.453998999999999597e-01 9.453998999999999597e-01 9.650437000000000598e-01
1.087499999999999911e+00 3.512583999999999484e+00 9.467514999999998571e-01 9.467514999999998571e-01 9.662798000000000220e-01
1.092500000000000027e+00 2.989830099999999824e+00 9.469801999999999387e-01 9.469801999999999387e-01 9.673914999999999598e-01
1.097499999999999920e+00 2.516981100000000193e+00 9.471123000000000181e-01 9.471123000000000181e-01 9.686618000000001283e-01
1.102500000000000036e+00 2.117282499999999956e+00 9.456819999999999116e-01 9.456819999999999116e-01 9.700836999999999932e-01
1.107499999999999929e+00 1.780503500000000017e+00 9.442575999999999192e-01 9.442575999999999192e-01 9.713048000000001903e-01
1.112500000000000044e+00 1.497242700000000371e+00 9.420528000000001345e-01 9.420528000000001345e-01 9.727314999999998602e-01
1.117499999999999938e+00 1.258164000000000282e+00 9.395811000000000579e-01 9.395811000000000579e-01 9.742442000000000046e-01
1.122500000000000053e+00 1.065159099999999803e+00 9.366027999999999576e-01 9.366027999999999576e-01 9.758753999999999484e-01
1.127499999999999947e+00 9.115325999999999151e-01 9.329557000000001654e-01 9.329557000000001654e-01 9.773541999999999508e-01
1.132500000000000062e+00 7.938012000000000956e-01 9.296485999999999361e-01 9.296485999999999361e-01 9.789272000000002194e-01
1.137499999999999956e+00 7.053102999999998346e-01 9.250062999999999480e-01 9.250062999999999480e-01 9.806426000000000309e-01
1.142500000000000071e+00 6.364351999999999787e-01 9.207484999999999697e-01 9.207484999999999697e-01 9.823262999999998746e-01
1.147499999999999964e+00 5.859307000000000265e-01 9.174425999999998860e-01 9.174425999999998860e-01 9.840676999999999897e-01
1.152500000000000080e+00 5.428896000000000832e-01 9.127268000000000603e-01 9.127268000000000603e-01 9.859210000000002694e-01
1.157499999999999973e+00 5.098454000000000041e-01 9.083577999999998820e-01 9.083577999999998820e-01 9.876832999999999307e-01
1.162500000000000089e+00 4.875613000000000308e-01 9.045459999999998502e-01 9.045459999999998502e-01 9.894597000000000531e-01
1.167499999999999982e+00 4.661714000000000135e-01 9.008780000000001786e-01 9.008780000000001786e-01 9.915343999999999269e-01
1.172500000000000098e+00 4.558705999999999037e-01 8.967538000000001563e-01 8.967538000000001563e-01 9.935057999999999945e-01
1.177499999999999991e+00 4.471595999999999904e-01 8.935891000000000250e-01 8.935891000000000250e-01 9.955096000000001055e-01
1.182500000000000107e+00 4.416591999999999740e-01 8.903484000000000398e-01 8.903484000000000398e-01 9.975519000000000469e-01
1.187500000000000000e+00 4.392932999999999977e-01 8.875658000000001824e-01 8.875658000000001824e-01 9.996035000000000892e-01
1.192499999999999893e+00 4.411836000000000091e-01 8.848481000000001373e-01 8.848481000000001373e-01 1.001789400000000052e+00
1.197500000000000009e+00 4.457139000000000517e-01 8.820864999999999956e-01 8.820864999999999956e-01 1.003933799999999987e+00
1.202499999999999902e+00 4.526169000000000442e-01 8.803626999999998315e-01 8.803626999999998315e-01 1.006155800000000156e+00
1.207500000000000018e+00 4.635402000000000688e-01 8.788477999999999568e-01 8.788477999999999568e-01 1.008528599999999997e+00
1.212499999999999911e+00 4.774831999999999965e-01 8.779272000000000187e-01 8.779272000000000187e-01 1.010741000000000112e+00
1.217500000000000027e+00 4.947487999999999886e-01 8.774213000000001816e-01 8.774213000000001816e-01 1.013133499999999909e+00
1.222499999999999920e+00 5.154746999999999524e-01 8.766933000000000087e-01 8.766933000000000087e-01 1.015488299999999899e+00
1.227500000000000036e+00 5.397861999999999938e-01 8.767616999999999772e-01 8.767616999999999772e-01 1.017875799999999886e+00
1.232499999999999929e+00 5.681959999999999233e-01 8.772571000000001229e-01 8.772571000000001229e-01 1.020381599999999889e+00
1.237500000000000044e+00 6.049416000000000793e-01 8.777866999999999198e-01 8.777866999999999198e-01 1.023005200000000059e+00
1.242499999999999938e+00 6.415878000000000414e-01 8.788004999999998734e-01 8.788004999999998734e-01 1.025400900000000171e+00
1.247500000000000053e+00 6.884521000000000113e-01 8.802934000000000037e-01 8.802934000000000037e-01 1.028053499999999953e+00
1.252499999999999947e+00 7.377180000000000959e-01 8.814578999999997944e-01 8.814578999999997944e-01 1.030784499999999770e+00
1.257500000000000062e+00 7.948461999999999472e-01 8.836354999999999071e-01 8.836354999999999071e-01 1.033237099999999797e+00
1.262499999999999956e+00 8.542210999999999554e-01 8.857018999999999309e-01 8.857018999999999309e-01 1.035762199999999966e+00
1.267500000000000071e+00 9.210258000000000056e-01 8.883340000000000680e-01 8.883340000000000680e-01 1.038319199999999887e+00
1.272499999999999964e+00 9.838278000000000301e-01 8.902479000000000919e-01 8.902479000000000919e-01 1.040754500000000027e+00
1.277500000000000080e+00 1.046289999999999942e+00 8.924332000000001486e-01 8.924332000000001486e-01 1.042955999999999994e+00
1.282499999999999973e+00 1.096341100000000068e+00 8.948304999999999731e-01 8.948304999999999731e-01 1.044988399999999817e+00
1.287500000000000089e+00 1.139294399999999818e+00 8.968987999999999960e-01 8.968987999999999960e-01 1.046524099999999846e+00
1.292499999999999982e+00 1.173427400000000009e+00 8.992037999999998865e-01 8.992037999999998865e-01 1.047806800000000260e+00
1.297500000000000098e+00 1.190402399999999750e+00 9.011422000000001153e-01 9.011422000000001153e-01 1.048643500000000062e+00
1.302499999999999991e+00 1.192685300000000170e+00 9.038169000000000342e-01 9.038169000000000342e-01 1.048830400000000163e+00
1.307500000000000107e+00 1.185295200000000104e+00 9.054629000000000705e-01 9.054629000000000705e-01 1.048541599999999852e+00
1.312500000000000000e+00 1.167046399999999817e+00 9.072196000000000149e-01 9.072196000000000149e-01 1.047849400000000042e+00
1.317499999999999893e+00 1.135695799999999922e+00 9.083699000000000634e-01 9.083699000000000634e-01 1.046827100000000010e+00
1.322500000000000009e+00 1.098585200000000039e+00 9.101852999999999749e-01 9.101852999999999749e-01 1.045287800000000100e+00
1.327499999999999902e+00 1.061568800000000090e+00 9.112114000000000047e-01 9.112114000000000047e-01 1.043710399999999705e+00
1.332500000000000018e+00 1.021517999999999926e+00 9.128257999999999095e-01 9.128257999999999095e-01 1.041767100000000168e+00
1.337499999999999911e+00 9.817903000000001157e-01 9.134018999999999888e-01 9.134018999999999888e-01 1.039784700000000006e+00
1.342500000000000027e+00 9.429564999999998642e-01 9.144970000000001153e-01 9.144970000000001153e-01 1.037800900000000137e+00
1.347499999999999920e+00 9.087693999999999495e-01 9.150320000000000675e-01 9.150320000000000675e-01 1.035841400000000023e+00
1.352500000000000036e+00 8.746546000000000598e-01 9.154692000000000940e-01 9.154692000000000940e-01 1.033849000000000240e+00
1.357499999999999929e+00 8.461619999999999697e-01 9.161774999999998670e-01 9.161774999999998670e-01 1.032074700000000123e+00
1.362500000000000044e+00 8.170103000000000781e-01 9.172194000000001290e-01 9.172194000000001290e-01 1.030297599999999703e+00
1.367499999999999938e+00 7.939977999999999758e-01 9.176422000000000745e-01 9.176422000000000745e-01 1.028721699999999961e+00
1.372500000000000053e+00 7.698011000000001269e-01 9.184993000000000185e-01 9.184993000000000185e-01 1.027163499999999896e+00
1.377499999999999947e+00 7.512482999999999800e-01 9.193025999999999698e-01 9.193025999999999698e-01 1.025841300000000178e+00
1.382500000000000062e+00 7.318069999999998743e-01 9.203486999999999085e-01 9.203486999999999085e-01 1.024694900000000075e+00
1.387499999999999956e+00 7.183787000000000367e-01 9.213559000000000054e-01 9.213559000000000054e-01 1.023624000000000089e+00
1.392500000000000071e+00 7.061557000000000528e-01 9.226086999999999483e-01 9.226086999999999483e-01 1.022783300000000173e+00
1.397499999999999964e+00 6.978963999999999723e-01 9.238763999999999310e-01 9.238763999999999310e-01 1.022012800000000166e+00
1.402500000000000080e+00 6.910532000000000341e-01 9.257712000000000163e-01 9.257712000000000163e-01 1.021442199999999856e+00
1.407499999999999973e+00 6.849403000000000574e-01 9.275409000000000015e-01 9.275409000000000015e-01 1.020949099999999721e+00
1.412500000000000089e+00 6.819032999999998790e-01 9.301466000000001566e-01 9.301466000000001566e-01 1.020705900000000055e+00
1.417499999999999982e+00 6.790268999999999888e-01 9.317421999999998539e-01 9.317421999999998539e-01 1.020493399999999884e+00
1.422500000000000098e+00 6.797214000000000311e-01 9.345898000000000261e-01 9.345898000000000261e-01 1.020313199999999920e+00
1.427499999999999991e+00 6.792266000000000137e-01 9.370739000000000152e-01 9.370739000000000152e-01 1.020296300000000045e+00
1.432500000000000107e+00 6.820500000000000451e-01 9.397299000000000069e-01 9.397299000000000069e-01 1.020455399999999901e+00
1.437500000000000000e+00 6.863200999999999885e-01 9.425751999999999464e-01 9.425751999999999464e-01 1.020620400000000094e+00
1.442499999999999893e+00 6.909448000000000256e-01 9.453173000000001380e-01 9.453173000000001380e-01 1.020754099999999998e+00
1.447500000000000009e+00 7.013161999999998342e-01 9.489751000000001824e-01 9.489751000000001824e-01 1.020973600000000037e+00
1.452499999999999902e+00 7.071332000000000173e-01 9.518964000000000869e-01 9.518964000000000869e-01 1.021227700000000072e+00
1.457500000000000018e+00 7.192840000000000344e-01 9.551277999999999713e-01 9.551277999999999713e-01 1.021601700000000168e+00
1.462499999999999911e+00 7.281829999999999137e-01 9.583118000000000469e-01 9.583118000000000469e-01 1.022038000000000002e+00
1.467500000000000027e+00 7.380085000000000672e-01 9.616492999999998181e-01 9.616492999999998181e-01 1.022309100000000193e+00
1.472499999999999920e+00 7.484580000000000677e-01 9.648277999999999022e-01 9.648277999999999022e-01 1.022587600000000041e+00
1.477500000000000036e+00 7.639227000000000656e-01 9.682912999999999659e-01 9.682912999999999659e-01 1.022906900000000174e+00
1.482499999999999929e+00 7.739559999999999773e-01 9.715116000000000307e-01 9.715116000000000307e-01 1.022999800000000237e+00
1.487500000000000044e+00 7.834730000000000860e-01 9.745297000000000542e-01 9.745297000000000542e-01 1.023332099999999745e+00
1.492499999999999938e+00 7.958336999999999772e-01 9.778386000000001133e-01 9.778386000000001133e-01 1.023272900000000041e+00
1.497500000000000053e+00 8.045918999999999155e-01 9.814273000000000025e-01 9.814273000000000025e-01 1.023338399999999870e+00
1.502499999999999947e+00 8.147506999999999389e-01 9.843702000000000840e-01 9.843702000000000840e-01 1.023115000000000219e+00
1.507500000000000062e+00 8.228649999999999576e-01 9.874965000000001103e-01 9.874965000000001103e-01 1.022970399999999946e+00
1.512499999999999956e+00 8.323232999999999882e-01 9.907437999999999523e-01 9.907437999999999523e-01 1.022656899999999869e+00
1.517500000000000071e+00 8.351943000000000561e-01 9.940525999999998419e-01 9.940525999999998419e-01 1.022056999999999993e+00
1.522499999999999964e+00 8.389573999999999643e-01 9.975140999999998481e-01 9.975140999999998481e-01 1.021516799999999892e+00
1.527500000000000080e+00 8.445627999999999469e-01 1.000632600000000094e+00 1.000632600000000094e+00 1.020884799999999926e+00
1.532499999999999973e+00 8.433334999999999582e-01 1.004078600000000154e+00 1.004078600000000154e+00 1.020087300000000141e+00
1.537500000000000089e+00 8.453969999999999541e-01 1.007692899999999891e+00 1.007692899999999891e+00 1.019368200000000169e+00
1.542499999999999982e+00 8.427901999999999338e-01 1.011021300000000123e+00 1.011021300000000123e+00 1.018301799999999924e+00
1.547500000000000098e+00 8.432837000000000804e-01 1.014412300000000267e+00 1.014412300000000267e+00 1.017322500000000129e+00
1.552499999999999991e+00 8.427687000000000372e-01 1.018169200000000219e+00 1.018169200000000219e+00 1.016340899999999881e+00
1.557500000000000107e+00 8.371555000000000524e-01 1.021778700000000040e+00 1.021778700000000040e+00 1.015282599999999924e+00
1.562500000000000000e+00 8.380988999999999800e-01 1.025704199999999844e+00 1.025704199999999844e+00 1.014222399999999968e+00
1.567499999999999893e+00 8.335110000000000019e-01 1.029382899999999879e+00 1.029382899999999879e+00 1.013134800000000002e+00
1.572500000000000009e+00 8.299651000000001222e-01 1.033550700000000155e+00 1.033550700000000155e+00 1.012030100000000044e+00
1.577499999999999902e+00 8.288150999999999158e-01 1.037648600000000032e+00 1.037648600000000032e+00 1.010978300000000107e+00
1.582500000000000018e+00 8.262835000000000596e-01 1.041710800000000159e+00 1.041710800000000159e+00 1.009918900000000175e+00
1.587499999999999911e+00 8.248523000000000938e-01 1.045892500000000114e+00 1.045892500000000114e+00 1.008874300000000002e+00
1.592500000000000027e+00 8.217415999999999610e-01 1.050061899999999993e+00 1.050061899999999993e+00 1.008004499999999748e+00
1.597499999999999920e+00 8.215016000000000540e-01 1.054124799999999862e+00 1.054124799999999862e+00 1.006988199999999889e+00
1.602500000000000036e+00 8.190663999999999723e-01 1.058547099999999963e+00 1.058547099999999963e+00 1.006191999999999975e+00
1.607499999999999929e+00 8.190947999999999007e-01 1.063029700000000188e+00 1.063029700000000188e+00 1.005366100000000040e+00
1.612500000000000044e+00 8.186985999999999430e-01 1.067756200000000266e+00 1.067756200000000266e+00 1.004584700000000108e+00
1.617499999999999938e+00 8.206829000000001040e-01 1.071960199999999919e+00 1.071960199999999919e+00 1.003938700000000184e+00
1.622500000000000053e+00 8.196341999999999794e-01 1.076772999999999758e+00 1.076772999999999758e+00 1.003184699999999818e+00
1.627499999999999947e+00 8.200575999999999421e-01 1.081243699999999919e+00 1.081243699999999919e+00 1.002605699999999933e+00
1.632500000000000062e+00 8.184428999999997512e-01 1.085754300000000061e+00 1.085754300000000061e+00 1.002092300000000158e+00
1.637499999999999956e+00 8.210179999999999145e-01 1.090148500000000187e+00 1.090148500000000187e+00 1.001577099999999998e+00
1.642500000000000071e+00 8.251754999999999507e-01 1.094649900000000065e+00 1.094649900000000065e+00 1.001103700000000041e+00
1.647499999999999964e+00 8.294438000000001754e-01 1.099271099999999945e+00 1.099271099999999945e+00 1.000774299999999783e+00
1.652500000000000080e+00 8.291005000000000180e-01 1.103273199999999843e+00 1.103273199999999843e+00 1.000399199999999933e+00
1.657499999999999973e+00 8.340473999999999943e-01 1.106840699999999789e+00 1.106840699999999789e+00 1.000042100000000156e+00
1.662500000000000089e+00 8.356080000000000174e-01 1.110025100000000098e+00 1.110025100000000098e+00 9.997485999999998763e-01
1.667499999999999982e+00 8.427179000000000197e-01 1.112765000000000004e+00 1.112765000000000004e+00 9.994778999999999192e-01
1.672500000000000098e+00 8.460733999999998645e-01 1.114154800000000112e+00 1.114154800000000112e+00 9.992954000000000558e-01
1.677499999999999991e+00 8.470533000000000090e-01 1.115189300000000161e+00 1.115189300000000161e+00 9.990928999999999505e-01
1.682500000000000107e+00 8.547686999999999369e-01 1.114826799999999896e+00 1.114826799999999896e+00 9.988327000000000178e-01
1.687500000000000000e+00 8.603111999999999426e-01 1.113034800000000102e+00 1.113034800000000102e+00 9.986919000000000768e-01
1.692499999999999893e+00 8.655771999999999355e-01 1.110514400000000013e+00 1.110514400000000013e+00 9.984991000000000838e-01
1.697500000000000009e+00 8.717397000000000062e-01 1.106728799999999957e+00 1.106728799999999957e+00 9.983397000000000521e-01
1.702499999999999902e+00 8.765186999999998729e-01 1.101824100000000195e+00 1.101824100000000195e+00 9.980706000000001410e-01
1.707500000000000018e+00 8.835093000000000529e-01 1.096518499999999730e+00 1.096518499999999730e+00 9.979418000000001010e-01
1.712499999999999911e+00 8.898006000000000526e-01 1.089759900000000004e+00 1.089759900000000004e+00 9.977722999999999454e-01
1.717500000000000027e+00 8.961225999999999914e-01 1.083131700000000031e+00 1.083131700000000031e+00 9.975440000000000973e-01
1.722499999999999920e+00 9.039875000000000549e-01 1.076050399999999740e+00 1.076050399999999740e+00 9.973686999999999969e-01
1.727500000000000036e+00 9.121586999999999890e-01 1.068899999999999961e+00 1.068899999999999961e+00 9.971242000000000161e-01
1.732499999999999929e+00 9.193576999999999444e-01 1.061532600000000048e+00 1.061532600000000048e+00 9.968486999999999210e-01
1.737500000000000044e+00 9.273748000000001657e-01 1.054454199999999897e+00 1.054454199999999897e+00 9.966317000000000093e-01
1.742499999999999938e+00 9.365483999999998366e-01 1.047491100000000008e+00 1.047491100000000008e+00 9.963869000000000753e-01
1.747500000000000053e+00 9.427128000000000174e-01 1.041235899999999992e+00 1.041235899999999992e+00 9.960967999999998934e-01
1.752499999999999947e+00 9.510194999999999066e-01 1.035315300000000160e+00 1.035315300000000160e+00 9.957969000000002069e-01
1.757500000000000062e+00 9.603538999999999826e-01 1.029882399999999976e+00 1.029882399999999976e+00 9.955494999999998651e-01
1.762499999999999956e+00 9.691795000000000826e-01 1.025313799999999942e+00 1.025313799999999942e+00 9.952074999999999116e-01
1.767500000000000071e+00 9.802376999999999896e-01 1.020788000000000029e+00 1.020788000000000029e+00 9.948893000000001985e-01
1.772499999999999964e+00 9.876371999999999929e-01 1.016708100000000004e+00 1.016708100000000004e+00 9.946922999999999737e-01
1.777500000000000080e+00 9.963326000000002347e-01 1.013368799999999847e+00 1.013368799999999847e+00 9.943174999999999653e-01
1.782499999999999973e+00 1.007564899999999986e+00 1.010582899999999729e+00 1.010582899999999729e+00 9.940552000000000277e-01
1.787500000000000089e+00 1.012262299999999948e+00 1.008170899999999870e+00 1.008170899999999870e+00 9.937948000000000892e-01
1.792499999999999982e+00 1.023132099999999989e+00 1.006229199999999935e+00 1.006229199999999935e+00 9.935107000000001909e-01
1.797500000000000098e+00 1.029589599999999994e+00 1.004824300000000115e+00 1.004824300000000115e+00 9.932073000000001262e-01
1.802499999999999991e+00 1.034998199999999979e+00 1.003917100000000007e+00 1.003917100000000007e+00 9.930264000000003088e-01
1.807500000000000107e+00 1.041260500000000144e+00 1.003110600000000074e+00 1.003110600000000074e+00 9.928185999999998845e-01
1.812500000000000000e+00 1.044044500000000042e+00 1.002288600000000196e+00 1.002288600000000196e+00 9.925548000000000703e-01
1.817499999999999893e+00 1.046392600000000117e+00 1.002441499999999985e+00 1.002441499999999985e+00 9.923325999999998981e-01
1.822500000000000009e+00 1.047200799999999932e+00 1.002524999999999888e+00 1.002524999999999888e+00 9.922156000000000864e-01
1.827499999999999902e+00 1.049192399999999914e+00 1.002503799999999945e+00 1.002503799999999945e+00 9.921089999999999076e-01
1.832500000000000018e+00 1.050778199999999885e+00 1.002978900000000007e+00 1.002978900000000007e+00 9.919422000000001072e-01
1.837499999999999911e+00 1.046911399999999936e+00 1.003516299999999806e+00 1.003516299999999806e+00 9.918838999999998185e-01
1.842500000000000027e+00 1.046508900000000075e+00 1.004419899999999810e+00 1.004419899999999810e+00 9.918091999999999464e-01
1.847499999999999920e+00 1.045664099999999985e+00 1.004821600000000092e+00 1.004821600000000092e+00 9.917712000000001860e-01
1.852500000000000036e+00 1.044141100000000044e+00 1.005603899999999884e+00 1.005603899999999884e+00 9.917669000000000068e-01
1.857499999999999929e+00 1.043427799999999905e+00 1.006587300000000074e+00 1.006587300000000074e+00 9.917673999999999657e-01
1.862500000000000044e+00 1.041980699999999871e+00 1.007209200000000138e+00 1.007209200000000138e+00 9.917560999999999183e-01
1.867499999999999938e+00 1.045439800000000030e+00 1.007909000000000166e+00 1.007909000000000166e+00 9.917744000000002780e-01
1.872500000000000053e+00 1.046547899999999975e+00 1.008297400000000010e+00 1.008297400000000010e+00 9.919033999999999907e-01
1.877499999999999947e+00 1.045568599999999959e+00 1.008999199999999874e+00 1.008999199999999874e+00 9.918868999999999048e-01
1.882500000000000062e+00 1.052104600000000278e+00 1.009371599999999924e+00 1.009371599999999924e+00 9.920071000000000305e-01
1.887499999999999956e+00 1.056766700000000059e+00 1.009669800000000173e+00 1.009669800000000173e+00 9.920856999999999593e-01
1.892500000000000071e+00 1.062569900000000178e+00 1.009556200000000015e+00 1.009556200000000015e+00 9.922841000000000022e-01
1.897499999999999964e+00 1.068598699999999901e+00 1.009523500000000018e+00 1.009523500000000018e+00 9.924129999999999896e-01
1.902500000000000080e+00 1.076621199999999945e+00 1.008902399999999755e+00 1.008902399999999755e+00 9.924933999999998591e-01
1.907499999999999973e+00 1.086162799999999873e+00 1.008850299999999978e+00 1.008850299999999978e+00 9.927101000000000397e-01
1.912500000000000089e+00 1.094808799999999804e+00 1.008075999999999972e+00 1.008075999999999972e+00 9.928054999999998964e-01
1.917499999999999982e+00 1.103480299999999970e+00 1.006815800000000038e+00 1.006815800000000038e+00 9.930422999999999334e-01
1.922500000000000098e+00 1.108353800000000167e+00 1.005865299999999962e+00 1.005865299999999962e+00 9.931615000000000304e-01
1.927499999999999991e+00 1.119285400000000097e+00 1.004714600000000013e+00 1.004714600000000013e+00 9.934103000000000794e-01
1.932500000000000107e+00 1.127687499999999954e+00 1.003331799999999996e+00 1.003331799999999996e+00 9.935625999999999625e-01
1.937500000000000000e+00 1.137118500000000143e+00 1.001443200000000200e+00 1.001443200000000200e+00 9.937764000000000042e-01
1.942499999999999893e+00 1.143508199999999864e+00 9.998622999999999816e-01 9.998622999999999816e-01 9.939013000000000986e-01
1.947500000000000009e+00 1.152916599999999958e+00 9.980499999999998817e-01 9.980499999999998817e-01 9.941114000000000894e-01
1.952499999999999902e+00 1.159911699999999879e+00 9.961847999999999814e-01 9.961847999999999814e-01 9.943355000000000388e-01
1.957500000000000018e+00 1.162900299999999998e+00 9.942135000000000833e-01 9.942135000000000833e-01 9.943975999999998816e-01
1.962499999999999911e+00 1.168064699999999956e+00 9.923480000000000079e-01 9.923480000000000079e-01 9.946703999999998436e-01
1.967500000000000027e+00 1.174583999999999850e+00 9.904262999999998707e-01 9.904262999999998707e-01 9.948211000000000137e-01
1.972499999999999920e+00 1.179267199999999960e+00 9.886863999999999653e-01 9.886863999999999653e-01 9.949905999999998363e-01
1.977500000000000036e+00 1.180841600000000158e+00 9.866553000000001239e-01 9.866553000000001239e-01 9.951685999999998478e-01
1.982499999999999929e+00 1.184977900000000250e+00 9.845987000000000489e-01 9.845987000000000489e-01 9.953591999999999995e-01
1.987500000000000044e+00 1.191088499999999994e+00 9.832425000000000193e-01 9.832425000000000193e-01 9.954869000000000634e-01
1.992499999999999938e+00 1.194136400000000098e+00 9.816356999999999999e-01 9.816356999999999999e-01 9.957100999999999313e-01
1.997500000000000053e+00 1.201701499999999978e+00 9.803739999999999677e-01 9.803739999999999677e-01 9.958153999999999062e-01
