2.500000000000000052e-03 0.000000000000000000e+00 0.000000000000000000e+00 0.000000000000000000e+00 0.000000000000000000e+00
7.499999999999999722e-03 0.000000000000000000e+00 0.000000000000000000e+00 0.000000000000000000e+00 0.000000000000000000e+00
1.250000000000000069e-02 0.000000000000000000e+00 0.000000000000000000e+00 0.000000000000000000e+00 0.000000000000000000e+00
1.750000000000000167e-02 0.000000000000000000e+00 0.000000000000000000e+00 0.000000000000000000e+00 0.000000000000000000e+00
2.249999999999999917e-02 0.000000000000000000e+00 0.000000000000000000e+00 0.000000000000000000e+00 0.000000000000000000e+00
2.750000000000000014e-02 0.000000000000000000e+00 0.000000000000000000e+00 0.000000000000000000e+00 0.000000000000000000e+00
3.250000000000000111e-02 0.000000000000000000e+00 0.000000000000000000e+00 0.000000000000000000e+00 0.000000000000000000e+00
3.749999999999999861e-02 0.000000000000000000e+00 0.000000000000000000e+00 0.000000000000000000e+00 0.000000000000000000e+00
4.250000000000000305e-02 0.000000000000000000e+00 0.000000000000000000e+00 0.000000000000000000e+00 0.000000000000000000e+00
4.750000000000000056e-02 0.000000000000000000e+00 0.000000000000000000e+00 0.000000000000000000e+00 0.000000000000000000e+00
5.249999999999999806e-02 0.000000000000000000e+00 0.000000000000000000e+00 0.000000000000000000e+00 0.000000000000000000e+00
5.750000000000000250e-02 0.000000000000000000e+00 0.000000000000000000e+00 0.000000000000000000e+00 0.000000000000000000e+00
6.250000000000000000e-02 0.000000000000000000e+00 0.000000000000000000e+00 0.000000000000000000e+00 0.000000000000000000e+00
6.750000000000000444e-02 0.000000000000000000e+00 0.000000000000000000e+00 0.000000000000000000e+00 0.000000000000000000e+00
7.249999999999999500e-02 0.000000000000000000e+00 0.000000000000000000e+00 0.000000000000000000e+00 0.000000000000000000e+00
7.749999999999999944e-02 0.000000000000000000e+00 0.000000000000000000e+00 0.000000000000000000e+00 0.000000000000000000e+00
8.250000000000000389e-02 0.000000000000000000e+00 0.000000000000000000e+00 0.000000000000000000e+00 0.000000000000000000e+00
8.749999999999999445e-02 0.000000000000000000e+00 0.000000000000000000e+00 0.000000000000000000e+00 0.000000000000000000e+00
9.249999999999999889e-02 0.000000000000000000e+00 0.000000000000000000e+00 0.000000000000000000e+00 0.000000000000000000e+00
9.750000000000000333e-02 0.000000000000000000e+00 0.000000000000000000e+00 0.000000000000000000e+00 0.000000000000000000e+00
1.024999999999999939e-01 0.000000000000000000e+00 0.000000000000000000e+00 0.000000000000000000e+00 0.000000000000000000e+00
1.074999999999999983e-01 0.000000000000000000e+00 0.000000000000000000e+00 0.000000000000000000e+00 0.000000000000000000e+00
1.125000000000000028e-01 0.000000000000000000e+00 0.000000000000000000e+00 0.000000000000000000e+00 0.000000000000000000e+00
1.174999999999999933e-01 0.000000000000000000e+00 0.000000000000000000e+00 0.000000000000000000e+00 0.000000000000000000e+00
1.224999999999999978e-01 0.000000000000000000e+00 0.000000000000000000e+00 0.000000000000000000e+00 0.000000000000000000e+00
1.275000000000000022e-01 0.000000000000000000e+00 0.000000000000000000e+00 0.000000000000000000e+00 0.000000000000000000e+00
1.325000000000000067e-01 0.000000000000000000e+00 0.000000000000000000e+00 0.000000000000000000e+00 0.000000000000000000e+00
1.375000000000000111e-01 0.000000000000000000e+00 0.000000000000000000e+00 0.000000000000000000e+00 0.000000000000000000e+00
1.424999999999999878e-01 0.000000000000000000e+00 0.000000000000000000e+00 0.000000000000000000e+00 0.000000000000000000e+00
1.474999999999999922e-01 0.000000000000000000e+00 0.000000000000000000e+00 0.000000000000000000e+00 0.000000000000000000e+00
1.524999999999999967e-01 0.000000000000000000e+00 0.000000000000000000e+00 0.000000000000000000e+00 0.000000000000000000e+00
1.575000000000000011e-01 0.000000000000000000e+00 0.000000000000000000e+00 0.000000000000000000e+00 0.000000000000000000e+00
1.625000000000000056e-01 0.000000000000000000e+00 0.000000000000000000e+00 0.000000000000000000e+00 0.000000000000000000e+00
1.675000000000000100e-01 0.000000000000000000e+00 0.000000000000000000e+00 0.000000000000000000e+00 0.000000000000000000e+00
1.724999999999999867e-01 0.000000000000000000e+00 0.000000000000000000e+00 0.000000000000000000e+00 0.000000000000000000e+00
1.774999999999999911e-01 0.000000000000000000e+00 0.000000000000000000e+00 0.000000000000000000e+00 0.000000000000000000e+00
1.824999999999999956e-01 0.000000000000000000e+00 0.000000000000000000e+00 0.000000000000000000e+00 0.000000000000000000e+00
1.875000000000000000e-01 0.000000000000000000e+00 0.000000000000000000e+00 0.000000000000000000e+00 0.000000000000000000e+00
1.925000000000000044e-01 0.000000000000000000e+00 0.000000000000000000e+00 0.000000000000000000e+00 0.000000000000000000e+00
1.975000000000000089e-01 0.000000000000000000e+00 0.000000000000000000e+00 0.000000000000000000e+00 5.119999999999999768e-05
2.025000000000000133e-01 0.000000000000000000e+00 0.000000000000000000e+00 0.000000000000000000e+00 8.244899999999999451e-03
2.074999999999999900e-01 0.000000000000000000e+00 0.000000000000000000e+00 0.000000000000000000e+00 1.972281999999999924e-01
2.124999999999999944e-01 0.000000000000000000e+00 0.000000000000000000e+00 0.000000000000000000e+00 1.264461099999999893e+00
2.174999999999999989e-01 0.000000000000000000e+00 0.000000000000000000e+00 0.000000000000000000e+00 3.245792900000000092e+00
2.225000000000000033e-01 0.000000000000000000e+00 0.000000000000000000e+00 0.000000000000000000e+00 4.452731899999999854e+00
2.275000000000000078e-01 0.000000000000000000e+00 0.000000000000000000e+00 0.000000000000000000e+00 4.310450099999999729e+00
2.325000000000000122e-01 0.000000000000000000e+00 0.000000000000000000e+00 0.000000000000000000e+00 3.985724500000000781e+00
2.374999999999999889e-01 0.000000000000000000e+00 0.000000000000000000e+00 0.000000000000000000e+00 3.693145999999999596e+00
2.424999999999999933e-01 0.000000000000000000e+00 0.000000000000000000e+00 0.000000000000000000e+00 3.430796399999999746e+00
2.474999999999999978e-01 0.000000000000000000e+00 0.000000000000000000e+00 0.000000000000000000e+00 3.192079600000000461e+00
2.525000000000000022e-01 0.000000000000000000e+00 0.000000000000000000e+00 0.000000000000000000e+00 2.980364600000000141e+00
2.575000000000000067e-01 0.000000000000000000e+00 0.000000000000000000e+00 0.000000000000000000e+00 2.787136999999999976e+00
2.625000000000000111e-01 0.000000000000000000e+00 0.000000000000000000e+00 0.000000000000000000e+00 2.612806799999999541e+00
2.675000000000000155e-01 0.000000000000000000e+00 0.000000000000000000e+00 0.000000000000000000e+00 2.455661699999999836e+00
2.725000000000000200e-01 0.000000000000000000e+00 0.000000000000000000e+00 0.000000000000000000e+00 2.313139599999999962e+00
2.775000000000000244e-01 0.000000000000000000e+00 0.000000000000000000e+00 0.000000000000000000e+00 2.185307000000000333e+00
2.824999999999999734e-01 0.000000000000000000e+00 0.000000000000000000e+00 0.000000000000000000e+00 2.067980700000000116e+00
2.874999999999999778e-01 0.000000000000000000e+00 0.000000000000000000e+00 0.000000000000000000e+00 1.963832200000000139e+00
2.924999999999999822e-01 0.000000000000000000e+00 0.000000000000000000e+00 0.000000000000000000e+00 1.870610699999999849e+00
2.974999999999999867e-01 0.000000000000000000e+00 0.000000000000000000e+00 0.000000000000000000e+00 1.785676199999999936e+00
3.024999999999999911e-01 0.000000000000000000e+00 0.000000000000000000e+00 0.000000000000000000e+00 1.709373899999999891e+00
3.074999999999999956e-01 0.000000000000000000e+00 0.000000000000000000e+00 0.000000000000000000e+00 1.640510700000000099e+00
3.125000000000000000e-01 0.000000000000000000e+00 0.000000000000000000e+00 0.000000000000000000e+00 1.578971399999999914e+00
3.175000000000000044e-01 0.000000000000000000e+00 0.000000000000000000e+00 0.000000000000000000e+00 1.524636500000000172e+00
3.225000000000000089e-01 0.000000000000000000e+00 0.000000000000000000e+00 0.000000000000000000e+00 1.476071899999999992e+00
3.275000000000000133e-01 0.000000000000000000e+00 0.000000000000000000e+00 0.000000000000000000e+00 1.433359899999999909e+00
3.325000000000000178e-01 0.000000000000000000e+00 0.000000000000000000e+00 0.000000000000000000e+00 1.396567500000000184e+00
3.375000000000000222e-01 0.000000000000000000e+00 0.000000000000000000e+00 0.000000000000000000e+00 1.363672299999999948e+00
3.425000000000000266e-01 0.000000000000000000e+00 0.000000000000000000e+00 0.000000000000000000e+00 1.336351500000000136e+00
3.474999999999999756e-01 0.000000000000000000e+00 0.000000000000000000e+00 0.000000000000000000e+00 1.312783599999999939e+00
3.524999999999999800e-01 0.000000000000000000e+00 0.000000000000000000e+00 0.000000000000000000e+00 1.294375000000000053e+00
3.574999999999999845e-01 0.000000000000000000e+00 0.000000000000000000e+00 0.000000000000000000e+00 1.279257700000000053e+00
3.624999999999999889e-01 0.000000000000000000e+00 0.000000000000000000e+00 0.000000000000000000e+00 1.268357499999999805e+00
3.674999999999999933e-01 0.000000000000000000e+00 0.000000000000000000e+00 0.000000000000000000e+00 1.261821799999999882e+00
3.724999999999999978e-01 0.000000000000000000e+00 0.000000000000000000e+00 0.000000000000000000e+00 1.258442300000000014e+00
3.775000000000000022e-01 0.000000000000000000e+00 0.000000000000000000e+00 0.000000000000000000e+00 1.258766300000000005e+00
3.825000000000000067e-01 0.000000000000000000e+00 0.000000000000000000e+00 0.000000000000000000e+00 1.262098799999999965e+00
3.875000000000000111e-01 0.000000000000000000e+00 0.000000000000000000e+00 0.000000000000000000e+00 1.268744000000000094e+00
3.925000000000000155e-01 0.000000000000000000e+00 0.000000000000000000e+00 0.000000000000000000e+00 1.278728599999999993e+00
3.975000000000000200e-01 0.000000000000000000e+00 0.000000000000000000e+00 0.000000000000000000e+00 1.290613499999999858e+00
4.025000000000000244e-01 0.000000000000000000e+00 0.000000000000000000e+00 0.000000000000000000e+00 1.304742799999999869e+00
4.074999999999999734e-01 0.000000000000000000e+00 0.000000000000000000e+00 0.000000000000000000e+00 1.321390500000000134e+00
4.124999999999999778e-01 0.000000000000000000e+00 0.000000000000000000e+00 0.000000000000000000e+00 1.340104599999999868e+00
4.174999999999999822e-01 0.000000000000000000e+00 0.000000000000000000e+00 0.000000000000000000e+00 1.360723099999999963e+00
4.224999999999999867e-01 0.000000000000000000e+00 0.000000000000000000e+00 0.000000000000000000e+00 1.382557200000000153e+00
4.274999999999999911e-01 0.000000000000000000e+00 0.000000000000000000e+00 0.000000000000000000e+00 1.405145499999999936e+00
4.324999999999999956e-01 0.000000000000000000e+00 0.000000000000000000e+00 0.000000000000000000e+00 1.426790299999999956e+00
4.375000000000000000e-01 0.000000000000000000e+00 0.000000000000000000e+00 0.000000000000000000e+00 1.444243599999999850e+00
4.425000000000000044e-01 0.000000000000000000e+00 0.000000000000000000e+00 0.000000000000000000e+00 1.455806100000000214e+00
4.475000000000000089e-01 0.000000000000000000e+00 0.000000000000000000e+00 0.000000000000000000e+00 1.461544399999999966e+00
4.525000000000000133e-01 0.000000000000000000e+00 0.000000000000000000e+00 0.000000000000000000e+00 1.461818700000000026e+00
4.575000000000000178e-01 0.000000000000000000e+00 0.000000000000000000e+00 0.000000000000000000e+00 1.457485099999999978e+00
4.625000000000000222e-01 0.000000000000000000e+00 0.000000000000000000e+00 0.000000000000000000e+00 1.448862100000000153e+00
4.675000000000000266e-01 0.000000000000000000e+00 0.000000000000000000e+00 0.000000000000000000e+00 1.438163700000000045e+00
4.724999999999999756e-01 0.000000000000000000e+00 0.000000000000000000e+00 0.000000000000000000e+00 1.425016299999999791e+00
4.774999999999999800e-01 0.000000000000000000e+00 0.000000000000000000e+00 0.000000000000000000e+00 1.410239499999999868e+00
4.824999999999999845e-01 0.000000000000000000e+00 0.000000000000000000e+00 0.000000000000000000e+00 1.394062899999999994e+00
4.874999999999999889e-01 0.000000000000000000e+00 0.000000000000000000e+00 0.000000000000000000e+00 1.377120899999999981e+00
4.924999999999999933e-01 0.000000000000000000e+00 0.000000000000000000e+00 0.000000000000000000e+00 1.359531999999999963e+00
4.974999999999999978e-01 0.000000000000000000e+00 0.000000000000000000e+00 0.000000000000000000e+00 1.341672099999999812e+00
5.024999999999999467e-01 0.000000000000000000e+00 0.000000000000000000e+00 0.000000000000000000e+00 1.323692199999999763e+00
5.074999999999999512e-01 0.000000000000000000e+00 0.000000000000000000e+00 0.000000000000000000e+00 1.306511800000000001e+00
5.124999999999999556e-01 0.000000000000000000e+00 0.000000000000000000e+00 0.000000000000000000e+00 1.289269299999999951e+00
5.174999999999999600e-01 0.000000000000000000e+00 0.000000000000000000e+00 0.000000000000000000e+00 1.272426899999999916e+00
5.224999999999999645e-01 0.000000000000000000e+00 0.000000000000000000e+00 0.000000000000000000e+00 1.256045299999999809e+00
5.274999999999999689e-01 0.000000000000000000e+00 0.000000000000000000e+00 0.000000000000000000e+00 1.240642699999999987e+00
5.324999999999999734e-01 0.000000000000000000e+00 0.000000000000000000e+00 0.000000000000000000e+00 1.225875499999999896e+00
5.374999999999999778e-01 0.000000000000000000e+00 0.000000000000000000e+00 0.000000000000000000e+00 1.212085000000000079e+00
5.424999999999999822e-01 0.000000000000000000e+00 0.000000000000000000e+00 0.000000000000000000e+00 1.198748000000000147e+00
5.474999999999999867e-01 0.000000000000000000e+00 0.000000000000000000e+00 0.000000000000000000e+00 1.186782299999999735e+00
5.524999999999999911e-01 0.000000000000000000e+00 0.000000000000000000e+00 0.000000000000000000e+00 1.175832199999999883e+00
5.574999999999999956e-01 0.000000000000000000e+00 0.000000000000000000e+00 0.000000000000000000e+00 1.165352399999999955e+00
5.625000000000000000e-01 0.000000000000000000e+00 0.000000000000000000e+00 0.000000000000000000e+00 1.155708500000000027e+00
5.675000000000000044e-01 0.000000000000000000e+00 0.000000000000000000e+00 0.000000000000000000e+00 1.147282300000000088e+00
5.725000000000000089e-01 0.000000000000000000e+00 0.000000000000000000e+00 0.000000000000000000e+00 1.139531300000000025e+00
5.775000000000000133e-01 0.000000000000000000e+00 0.000000000000000000e+00 0.000000000000000000e+00 1.132924000000000042e+00
5.825000000000000178e-01 0.000000000000000000e+00 1.999999999999999909e-07 1.999999999999999909e-07 1.126638600000000157e+00
5.875000000000000222e-01 0.000000000000000000e+00 4.200000000000000445e-06 4.200000000000000445e-06 1.121399199999999707e+00
5.925000000000000266e-01 0.000000000000000000e+00 4.930000000000000571e-05 4.930000000000000571e-05 1.116578399999999860e+00
5.975000000000000311e-01 0.000000000000000000e+00 4.171000000000000011e-04 4.171000000000000011e-04 1.112906600000000079e+00
6.025000000000000355e-01 0.000000000000000000e+00 2.622600000000000105e-03 2.622600000000000105e-03 1.109488599999999936e+00
6.075000000000000400e-01 0.000000000000000000e+00 1.235489999999999852e-02 1.235489999999999852e-02 1.106511599999999929e+00
6.125000000000000444e-01 0.000000000000000000e+00 4.455359999999999876e-02 4.455359999999999876e-02 1.104048300000000093e+00
6.175000000000000488e-01 0.000000000000000000e+00 1.304497000000000295e-01 1.304497000000000295e-01 1.102130400000000066e+00
6.225000000000000533e-01 0.000000000000000000e+00 3.141501999999999906e-01 3.141501999999999906e-01 1.100130800000000075e+00
6.274999999999999467e-01 0.000000000000000000e+00 6.410780999999999841e-01 6.410780999999999841e-01 1.098452500000000054e+00
6.324999999999999512e-01 0.000000000000000000e+00 1.132300300000000037e+00 1.132300300000000037e+00 1.097115099999999899e+00
6.374999999999999556e-01 0.000000000000000000e+00 1.762558600000000197e+00 1.762558600000000197e+00 1.095398200000000211e+00
6.424999999999999600e-01 0.000000000000000000e+00 2.459464200000000211e+00 2.459464200000000211e+00 1.093997400000000120e+00
6.474999999999999645e-01 0.000000000000000000e+00 3.116680399999999462e+00 3.116680399999999462e+00 1.092430999999999930e+00
6.524999999999999689e-01 0.000000000000000000e+00 3.638569900000000246e+00 3.638569900000000246e+00 1.090212599999999865e+00
6.574999999999999734e-01 0.000000000000000000e+00 3.955133399999999799e+00 3.955133399999999799e+00 1.088137300000000085e+00
6.624999999999999778e-01 0.000000000000000000e+00 4.042295300000000147e+00 4.042295300000000147e+00 1.085759600000000047e+00
6.674999999999999822e-01 0.000000000000000000e+00 3.919738599999999629e+00 3.919738599999999629e+00 1.082999999999999963e+00
6.724999999999999867e-01 0.000000000000000000e+00 3.637429399999999813e+00 3.637429399999999813e+00 1.079721200000000048e+00
6.774999999999999911e-01 0.000000000000000000e+00 3.291033200000000214e+00 3.291033200000000214e+00 1.076705199999999918e+00
6.824999999999999956e-01 0.000000000000000000e+00 2.980883500000000019e+00 2.980883500000000019e+00 1.073061600000000171e+00
6.875000000000000000e-01 0.000000000000000000e+00 2.706518500000000049e+00 2.706518500000000049e+00 1.069077300000000008e+00
6.925000000000000044e-01 0.000000000000000000e+00 2.466279199999999783e+00 2.466279199999999783e+00 1.065056699999999967e+00
6.975000000000000089e-01 0.000000000000000000e+00 2.254681999999999853e+00 2.254681999999999853e+00 1.060932399999999998e+00
7.025000000000000133e-01 0.000000000000000000e+00 2.070707700000000706e+00 2.070707700000000706e+00 1.056432900000000119e+00
7.075000000000000178e-01 0.000000000000000000e+00 1.907535099999999817e+00 1.907535099999999817e+00 1.051805099999999937e+00
7.125000000000000222e-01 0.000000000000000000e+00 1.762326199999999954e+00 1.762326199999999954e+00 1.047229699999999930e+00
7.175000000000000266e-01 0.000000000000000000e+00 1.636069400000000229e+00 1.636069400000000229e+00 1.042742500000000128e+00
7.225000000000000311e-01 0.000000000000000000e+00 1.524763400000000102e+00 1.524763400000000102e+00 1.038003400000000020e+00
7.275000000000000355e-01 0.000000000000000000e+00 1.426360800000000095e+00 1.426360800000000095e+00 1.033379800000000071e+00
7.325000000000000400e-01 0.000000000000000000e+00 1.339904199999999879e+00 1.339904199999999879e+00 1.029150199999999904e+00
7.375000000000000444e-01 0.000000000000000000e+00 1.265806699999999951e+00 1.265806699999999951e+00 1.024726400000000037e+00
7.425000000000000488e-01 0.000000000000000000e+00 1.199467700000000026e+00 1.199467700000000026e+00 1.020343299999999953e+00
7.475000000000000533e-01 0.000000000000000000e+00 1.141959199999999841e+00 1.141959199999999841e+00 1.016162000000000010e+00
7.524999999999999467e-01 0.000000000000000000e+00 1.092088799999999971e+00 1.092088799999999971e+00 1.012128799999999940e+00
7.574999999999999512e-01 0.000000000000000000e+00 1.050929100000000060e+00 1.050929100000000060e+00 1.008343400000000001e+00
7.624999999999999556e-01 0.000000000000000000e+00 1.014587600000000034e+00 1.014587600000000034e+00 1.004715200000000142e+00
7.674999999999999600e-01 0.000000000000000000e+00 9.856807999999999126e-01 9.856807999999999126e-01 1.001371800000000034e+00
7.724999999999999645e-01 0.000000000000000000e+00 9.621951000000003029e-01 9.621951000000003029e-01 9.980887000000000508e-01
7.774999999999999689e-01 0.000000000000000000e+00 9.431251000000001605e-01 9.431251000000001605e-01 9.949769999999998893e-01
7.824999999999999734e-01 0.000000000000000000e+00 9.297891000000000350e-01 9.297891000000000350e-01 9.921537999999998636e-01
7.874999999999999778e-01 0.000000000000000000e+00 9.218174000000001200e-01 9.218174000000001200e-01 9.892524000000000317e-01
7.924999999999999822e-01 0.000000000000000000e+00 9.181397999999999504e-01 9.181397999999999504e-01 9.868074999999999486e-01
7.974999999999999867e-01 0.000000000000000000e+00 9.193864999999998844e-01 9.193864999999998844e-01 9.845323999999999742e-01
8.024999999999999911e-01 0.000000000000000000e+00 9.257612999999998982e-01 9.257612999999998982e-01 9.821545000000000414e-01
8.074999999999999956e-01 0.000000000000000000e+00 9.364817000000000835e-01 9.364817000000000835e-01 9.802828000000000097e-01
8.125000000000000000e-01 0.000000000000000000e+00 9.524407999999999763e-01 9.524407999999999763e-01 9.783322999999999325e-01
8.175000000000000044e-01 0.000000000000000000e+00 9.717990999999999158e-01 9.717990999999999158e-01 9.766771999999999121e-01
8.225000000000000089e-01 0.000000000000000000e+00 9.978688000000000002e-01 9.978688000000000002e-01 9.749946000000001556e-01
8.275000000000000133e-01 0.000000000000000000e+00 1.027294599999999836e+00 1.027294599999999836e+00 9.735345000000000804e-01
8.325000000000000178e-01 0.000000000000000000e+00 1.060279900000000053e+00 1.060279900000000053e+00 9.721688000000000551e-01
8.375000000000000222e-01 0.000000000000000000e+00 1.097562399999999716e+00 1.097562399999999716e+00 9.706998000000000015e-01
8.425000000000000266e-01 0.000000000000000000e+00 1.136979400000000195e+00 1.136979400000000195e+00 9.694091000000000236e-01
8.475000000000000311e-01 0.000000000000000000e+00 1.176775600000000033e+00 1.176775600000000033e+00 9.682174000000000058e-01
8.525000000000000355e-01 0.000000000000000000e+00 1.215640500000000124e+00 1.215640500000000124e+00 9.670469999999997679e-01
8.575000000000000400e-01 0.000000000000000000e+00 1.251530799999999832e+00 1.251530799999999832e+00 9.658822999999999714e-01
8.625000000000000444e-01 0.000000000000000000e+00 1.283054899999999998e+00 1.283054899999999998e+00 9.650390999999999275e-01
8.675000000000000488e-01 0.000000000000000000e+00 1.308186000000000071e+00 1.308186000000000071e+00 9.639006999999999437e-01
8.725000000000000533e-01 0.000000000000000000e+00 1.326225199999999882e+00 1.326225199999999882e+00 9.629520000000001412e-01
8.774999999999999467e-01 0.000000000000000000e+00 1.335031499999999927e+00 1.335031499999999927e+00 9.620432999999998236e-01
8.824999999999999512e-01 0.000000000000000000e+00 1.337475500000000261e+00 1.337475500000000261e+00 9.611001999999999601e-01
8.874999999999999556e-01 0.000000000000000000e+00 1.332777399999999890e+00 1.332777399999999890e+00 9.601914000000000282e-01
8.924999999999999600e-01 0.000000000000000000e+00 1.321348299999999920e+00 1.321348299999999920e+00 9.592031000000000862e-01
8.974999999999999645e-01 0.000000000000000000e+00 1.305567799999999945e+00 1.305567799999999945e+00 9.585649999999998894e-01
9.024999999999999689e-01 0.000000000000000000e+00 1.285539500000000057e+00 1.285539500000000057e+00 9.576584999999999681e-01
9.074999999999999734e-01 0.000000000000000000e+00 1.264188599999999774e+00 1.264188599999999774e+00 9.569274999999999309e-01
9.124999999999999778e-01 0.000000000000000000e+00 1.241180200000000067e+00 1.241180200000000067e+00 9.561082000000000747e-01
9.174999999999999822e-01 0.000000000000000000e+00 1.216424799999999973e+00 1.216424799999999973e+00 9.554538999999998561e-01
9.224999999999999867e-01 0.000000000000000000e+00 1.191968500000000208e+00 1.191968500000000208e+00 9.548334000000000543e-01
9.274999999999999911e-01 0.000000000000000000e+00 1.167323799999999911e+00 1.167323799999999911e+00 9.542783000000001348e-01
9.324999999999999956e-01 0.000000000000000000e+00 1.143488300000000013e+00 1.143488300000000013e+00 9.537312999999999485e-01
9.375000000000000000e-01 0.000000000000000000e+00 1.119705799999999751e+00 1.119705799999999751e+00 9.532540000000000457e-01
9.425000000000000044e-01 0.000000000000000000e+00 1.097430099999999964e+00 1.097430099999999964e+00 9.527531000000000194e-01
9.475000000000000089e-01 0.000000000000000000e+00 1.075735200000000003e+00 1.075735200000000003e+00 9.522880999999999707e-01
9.525000000000000133e-01 0.000000000000000000e+00 1.055559400000000148e+00 1.055559400000000148e+00 9.519824000000000064e-01
9.575000000000000178e-01 4.500000000000000114e-06 1.036986500000000033e+00 1.036986500000000033e+00 9.516526999999997960e-01
9.625000000000000222e-01 3.970000000000000276e-05 1.018963400000000075e+00 1.018963400000000075e+00 9.516370000000000662e-01
9.675000000000000266e-01 2.277000000000000053e-04 1.003071100000000104e+00 1.003071100000000104e+00 9.515138000000000762e-01
9.725000000000000311e-01 1.140100000000000011e-03 9.885511000000001269e-01 9.885511000000001269e-01 9.511969000000000118e-01
9.775000000000000355e-01 3.745100000000001206e-03 9.754669000000000256e-01 9.754669000000000256e-01 9.512265999999998112e-01
9.825000000000000400e-01 1.284959999999999922e-02 9.642958000000000363e-01 9.642958000000000363e-01 9.513495999999997954e-01
9.875000000000000444e-01 3.739430000000000531e-02 9.543632000000000781e-01 9.543632000000000781e-01 9.512261000000000744e-01
9.925000000000000488e-01 9.375300000000000300e-02 9.443679999999998742e-01 9.443679999999998742e-01 9.513996999999999593e-01
9.975000000000000533e-01 2.121243999999999907e-01 9.377334999999998866e-01 9.377334999999998866e-01 9.515983999999999554e-01
1.002499999999999947e+00 4.266555000000000208e-01 9.315491000000000188e-01 9.315491000000000188e-01 9.518544999999999368e-01
1.007500000000000062e+00 7.779646000000000061e-01 9.264539000000000524e-01 9.264539000000000524e-01 9.520142999999998690e-01
1.012499999999999956e+00 1.301362500000000200e+00 9.231725000000000625e-01 9.231725000000000625e-01 9.523400000000000754e-01
1.017500000000000071e+00 2.004525899999999972e+00 9.210357000000000127e-01 9.210357000000000127e-01 9.527634000000000380e-01
1.022499999999999964e+00 2.867611800000000155e+00 9.194598000000000493e-01 9.194598000000000493e-01 9.533241000000000076e-01
1.027500000000000080e+00 3.840582500000000010e+00 9.194325000000000969e-01 9.194325000000000969e-01 9.538058999999998733e-01
1.032499999999999973e+00 4.836276999999999937e+00 9.196191999999999700e-01 9.196191999999999700e-01 9.543058999999999292e-01
1.037500000000000089e+00 5.742022199999999188e+00 9.215838000000001751e-01 9.215838000000001751e-01 9.551000000000000600e-01
1.042499999999999982e+00 6.496534399999999820e+00 9.232044999999997614e-01 9.232044999999997614e-01 9.556324000000000485e-01
1.047500000000000098e+00 7.019342300000000812e+00 9.252633999999998471e-01 9.252633999999998471e-01 9.564108000000001164e-01
1.052499999999999991e+00 7.306476100000000251e+00 9.281053000000000219e-01 9.281053000000000219e-01 9.572714000000001056e-01
1.057500000000000107e+00 7.312501700000001215e+00 9.308228999999998976e-01 9.308228999999998976e-01 9.580311000000000243e-01
1.062500000000000000e+00 7.085383699999999507e+00 9.339198000000001887e-01 9.339198000000001887e-01 9.590035999999999561e-01
1.067499999999999893e+00 6.689086500000000157e+00 9.366117999999999943e-01 9.366117999999999943e-01 9.599537000000001319e-01
1.072500000000000009e+00 6.143864100000000050e+00 9.391950000000000021e-01 9.391950000000000021e-01 9.609728000000000714e-01
1.077499999999999902e+00 5.518222000000000627e+00 9.419664999999998178e-01 9.419664999999998178e-01 9.620514999999999484e-01
1.082500000000000018e+00 4.862724000000000046e+00 9.431517000000001483e-01 9.431517000000001483e-01 9.631988000000001326e-01
1.087499999999999911e+00 4.222491899999999632e+00 9.441425000000001067e-01 9.441425000000001067e-01 9.643722000000002348e-01
1.092500000000000027e+00 3.621026500000000592e+00 9.452581999999999374e-01 9.452581999999999374e-01 9.657278999999998614e-01
1.097499999999999920e+00 3.060471499999999789e+00 9.444298000000002080e-01 9.444298000000002080e-01 9.670115999999999712e-01
1.102500000000000036e+00 2.576312300000000555e+00 9.443109999999999005e-01 9.443109999999999005e-01 9.682342000000000448e-01
1.107499999999999929e+00 2.142170999999999825e+00 9.426415000000000211e-01 9.426415000000000211e-01 9.697428000000000159e-01
1.112500000000000044e+00 1.774901300000000237e+00 9.400361000000000411e-01 9.400361000000000411e-01 9.711471000000001519e-01
1.117499999999999938e+00 1.464554399999999923e+00 9.373300999999999439e-01 9.373300999999999439e-01 9.726708000000000576e-01
1.122500000000000053e+00 1.206614700000000040e+00 9.342757999999999896e-01 9.342757999999999896e-01 9.742086000000000912e-01
1.127499999999999947e+00 1.004354399999999981e+00 9.310852000000000572e-01 9.310852000000000572e-01 9.758394000000001345e-01
1.132500000000000062e+00 8.428091999999999251e-01 9.277853000000000350e-01 9.277853000000000350e-01 9.774229000000002054e-01
1.137499999999999956e+00 7.215649999999999009e-01 9.234880000000000866e-01 9.234880000000000866e-01 9.791255000000000930e-01
1.142500000000000071e+00 6.278401000000000121e-01 9.190362000000000808e-01 9.190362000000000808e-01 9.808372999999999120e-01
1.147499999999999964e+00 5.521109999999999074e-01 9.150738000000000483e-01 9.150738000000000483e-01 9.825105000000000643e-01
1.152500000000000080e+00 4.926981000000000277e-01 9.108074000000000447e-01 9.108074000000000447e-01 9.844663999999999637e-01
1.157499999999999973e+00 4.463741999999999988e-01 9.061651000000001677e-01 9.061651000000001677e-01 9.862415999999999405e-01
1.162500000000000089e+00 4.101238000000000383e-01 9.027164000000000854e-01 9.027164000000000854e-01 9.881786000000000181e-01
1.167499999999999982e+00 3.820071999999999912e-01 8.985109999999998376e-01 8.985109999999998376e-01 9.900924000000002057e-01
1.172500000000000098e+00 3.625745999999999691e-01 8.950678999999999164e-01 8.950678999999999164e-01 9.920358000000002452e-01
1.177499999999999991e+00 3.455947000000000324e-01 8.914410000000000389e-01 8.914410000000000389e-01 9.941465999999999914e-01
1.182500000000000107e+00 3.352121000000000128e-01 8.884931000000000356e-01 8.884931000000000356e-01 9.963115000000002386e-01
1.187500000000000000e+00 3.274916999999999967e-01 8.851749000000002088e-01 8.851749000000002088e-01 9.983858999999999373e-01
1.192499999999999893e+00 3.253332999999999919e-01 8.826122999999999053e-01 8.826122999999999053e-01 1.000569700000000006e+00
1.197500000000000009e+00 3.295167000000000512e-01 8.805213000000001733e-01 8.805213000000001733e-01 1.002655700000000039e+00
1.202499999999999902e+00 3.326385999999999510e-01 8.786256999999999540e-01 8.786256999999999540e-01 1.004986399999999946e+00
1.207500000000000018e+00 3.408960000000000323e-01 8.775043999999999622e-01 8.775043999999999622e-01 1.007202500000000001e+00
1.212499999999999911e+00 3.546715999999999758e-01 8.761528000000000649e-01 8.761528000000000649e-01 1.009554399999999852e+00
1.217500000000000027e+00 3.694571999999999856e-01 8.756616999999998763e-01 8.756616999999998763e-01 1.011942899999999979e+00
1.222499999999999920e+00 3.914465999999999779e-01 8.751770999999999301e-01 8.751770999999999301e-01 1.014354999999999896e+00
1.227500000000000036e+00 4.185160000000000546e-01 8.755553999999999837e-01 8.755553999999999837e-01 1.016847899999999694e+00
1.232499999999999929e+00 4.495212999999999570e-01 8.757773999999999281e-01 8.757773999999999281e-01 1.019212599999999913e+00
1.237500000000000044e+00 4.872911000000000881e-01 8.768872999999999251e-01 8.768872999999999251e-01 1.021745099999999962e+00
1.242499999999999938e+00 5.315499999999999670e-01 8.780058000000000584e-01 8.780058000000000584e-01 1.024432200000000126e+00
1.247500000000000053e+00 5.808479999999999199e-01 8.795366000000000017e-01 8.795366000000000017e-01 1.026951100000000006e+00
1.252499999999999947e+00 6.423507000000000522e-01 8.815420999999998841e-01 8.815420999999998841e-01 1.029658399999999974e+00
1.257500000000000062e+00 7.089092000000001281e-01 8.835224000000000411e-01 8.835224000000000411e-01 1.032197599999999937e+00
1.262499999999999956e+00 7.803513000000000810e-01 8.856477000000000377e-01 8.856477000000000377e-01 1.034762700000000368e+00
1.267500000000000071e+00 8.580350000000001032e-01 8.878667000000000087e-01 8.878667000000000087e-01 1.037304999999999922e+00
1.272499999999999964e+00 9.417420999999999154e-01 8.900292000000000758e-01 8.900292000000000758e-01 1.039793900000000049e+00
1.277500000000000080e+00 1.018696600000000174e+00 8.927956999999999699e-01 8.927956999999999699e-01 1.041964399999999902e+00
1.282499999999999973e+00 1.090153300000000103e+00 8.955504000000000797e-01 8.955504000000000797e-01 1.043964800000000137e+00
1.287500000000000089e+00 1.152697300000000036e+00 8.979578000000000282e-01 8.979578000000000282e-01 1.045528999999999931e+00
1.292499999999999982e+00 1.204222099999999740e+00 9.003527000000000058e-01 9.003527000000000058e-01 1.046807899999999680e+00
1.297500000000000098e+00 1.237041999999999975e+00 9.024329999999999297e-01 9.024329999999999297e-01 1.047572600000000076e+00
1.302499999999999991e+00 1.254024599999999712e+00 9.048165000000001346e-01 9.048165000000001346e-01 1.047807199999999828e+00
1.307500000000000107e+00 1.253199199999999847e+00 9.066417999999998312e-01 9.066417999999998312e-01 1.047678099999999946e+00
1.312500000000000000e+00 1.242272099999999879e+00 9.085715000000000874e-01 9.085715000000000874e-01 1.046918600000000144e+00
1.317499999999999893e+00 1.216706200000000182e+00 9.099230999999999847e-01 9.099230999999999847e-01 1.045662500000000161e+00
1.322500000000000009e+00 1.180020700000000033e+00 9.114816000000001139e-01 9.114816000000001139e-01 1.044318300000000033e+00
1.327499999999999902e+00 1.142398800000000048e+00 9.122081999999999136e-01 9.122081999999999136e-01 1.042634599999999967e+00
1.332500000000000018e+00 1.097880200000000084e+00 9.133422999999998293e-01 9.133422999999998293e-01 1.040614399999999939e+00
1.337499999999999911e+00 1.053203799999999912e+00 9.144190999999999292e-01 9.144190999999999292e-01 1.038631199999999977e+00
1.342500000000000027e+00 1.007127399999999895e+00 9.154018999999999906e-01 9.154018999999999906e-01 1.036599099999999885e+00
1.347499999999999920e+00 9.628567000000000098e-01 9.156709000000000653e-01 9.156709000000000653e-01 1.034521499999999872e+00
1.352500000000000036e+00 9.217078000000000770e-01 9.160986000000000962e-01 9.160986000000000962e-01 1.032497999999999916e+00
1.357499999999999929e+00 8.828550999999998927e-01 9.164868000000000459e-01 9.164868000000000459e-01 1.030709099999999934e+00
1.362500000000000044e+00 8.449446000000000456e-01 9.172026000000000900e-01 9.172026000000000900e-01 1.028950299999999984e+00
1.367499999999999938e+00 8.132736999999998773e-01 9.178781000000000301e-01 9.178781000000000301e-01 1.027334000000000191e+00
1.372500000000000053e+00 7.816495000000001081e-01 9.182320999999999955e-01 9.182320999999999955e-01 1.025764199999999793e+00
1.377499999999999947e+00 7.557395000000000085e-01 9.191338999999999482e-01 9.191338999999999482e-01 1.024474899999999966e+00
1.382500000000000062e+00 7.312065999999999288e-01 9.196329000000000864e-01 9.196329000000000864e-01 1.023179499999999909e+00
1.387499999999999956e+00 7.103943000000001451e-01 9.209459000000000950e-01 9.209459000000000950e-01 1.022168100000000246e+00
1.392500000000000071e+00 6.937341000000000202e-01 9.223887999999998977e-01 9.223887999999998977e-01 1.021309899999999882e+00
1.397499999999999964e+00 6.766602000000001560e-01 9.238010999999998196e-01 9.238010999999998196e-01 1.020503199999999833e+00
1.402500000000000080e+00 6.646917999999999438e-01 9.255081000000000557e-01 9.255081000000000557e-01 1.019894999999999996e+00
1.407499999999999973e+00 6.540276999999998786e-01 9.277277999999998803e-01 9.277277999999998803e-01 1.019382200000000127e+00
1.412500000000000089e+00 6.473381999999999747e-01 9.297595000000000720e-01 9.297595000000000720e-01 1.019092200000000004e+00
1.417499999999999982e+00 6.429609000000000574e-01 9.321571000000000717e-01 9.321571000000000717e-01 1.018776400000000137e+00
1.422500000000000098e+00 6.368103999999999987e-01 9.346029000000001252e-01 9.346029000000001252e-01 1.018769100000000094e+00
1.427499999999999991e+00 6.379913999999999863e-01 9.375783999999999230e-01 9.375783999999999230e-01 1.018754400000000171e+00
1.432500000000000107e+00 6.401594000000000451e-01 9.405345999999999984e-01 9.405345999999999984e-01 1.018778300000000137e+00
1.437500000000000000e+00 6.437916999999999668e-01 9.436384999999999357e-01 9.436384999999999357e-01 1.019029200000000079e+00
1.442499999999999893e+00 6.499640999999998225e-01 9.469033999999998397e-01 9.469033999999998397e-01 1.019176799999999883e+00
1.447500000000000009e+00 6.586141999999999275e-01 9.501680000000000126e-01 9.501680000000000126e-01 1.019429199999999813e+00
1.452499999999999902e+00 6.658893000000001283e-01 9.533645999999998955e-01 9.533645999999998955e-01 1.019700800000000074e+00
1.457500000000000018e+00 6.778572999999998849e-01 9.565487000000001405e-01 9.565487000000001405e-01 1.020073800000000031e+00
1.462499999999999911e+00 6.920566000000000217e-01 9.603541999999999357e-01 9.603541999999999357e-01 1.020438299999999909e+00
1.467500000000000027e+00 7.041698999999999042e-01 9.638499999999998735e-01 9.638499999999998735e-01 1.020836800000000100e+00
1.472499999999999920e+00 7.212971000000001354e-01 9.664504000000000428e-01 9.664504000000000428e-01 1.021068199999999759e+00
1.477500000000000036e+00 7.342938999999999439e-01 9.701925999999998496e-01 9.701925999999998496e-01 1.021281300000000059e+00
1.482499999999999929e+00 7.493707000000000562e-01 9.733107000000000841e-01 9.733107000000000841e-01 1.021552099999999852e+00
1.487500000000000044e+00 7.651363000000001025e-01 9.764977999999999714e-01 9.764977999999999714e-01 1.021739699999999917e+00
1.492499999999999938e+00 7.778570000000000206e-01 9.797492999999999341e-01 9.797492999999999341e-01 1.021824499999999691e+00
1.497500000000000053e+00 7.940431000000000017e-01 9.830216999999998873e-01 9.830216999999998873e-01 1.021811199999999920e+00
1.502499999999999947e+00 8.062457999999999014e-01 9.861704999999998389e-01 9.861704999999998389e-01 1.021627199999999736e+00
1.507500000000000062e+00 8.180254999999998500e-01 9.893728999999998885e-01 9.893728999999998885e-01 1.021483000000000141e+00
1.512499999999999956e+00 8.304489999999999927e-01 9.925713000000000452e-01 9.925713000000000452e-01 1.021132000000000151e+00
1.517500000000000071e+00 8.394538999999999751e-01 9.953744999999999399e-01 9.953744999999999399e-01 1.020640900000000073e+00
1.522499999999999964e+00 8.431997000000001075e-01 9.987124999999998920e-01 9.987124999999998920e-01 1.020193499999999975e+00
1.527500000000000080e+00 8.481239000000000416e-01 1.001716300000000004e+00 1.001716300000000004e+00 1.019461199999999845e+00
1.532499999999999973e+00 8.528911000000001241e-01 1.005258700000000172e+00 1.005258700000000172e+00 1.018672599999999928e+00
1.537500000000000089e+00 8.532016999999999518e-01 1.008714499999999958e+00 1.008714499999999958e+00 1.017798399999999992e+00
1.542499999999999982e+00 8.551581000000000321e-01 1.012455999999999801e+00 1.012455999999999801e+00 1.016930400000000123e+00
1.547500000000000098e+00 8.500039999999998708e-01 1.015832099999999905e+00 1.015832099999999905e+00 1.015946499999999864e+00
1.552499999999999991e+00 8.509083000000001729e-01 1.019597999999999782e+00 1.019597999999999782e+00 1.014834300000000189e+00
1.557500000000000107e+00 8.480814999999999326e-01 1.023337399999999953e+00 1.023337399999999953e+00 1.013827999999999951e+00
1.562500000000000000e+00 8.458845000000000391e-01 1.026663999999999799e+00 1.026663999999999799e+00 1.012813999999999881e+00
1.567499999999999893e+00 8.412052000000000973e-01 1.030754700000000135e+00 1.030754700000000135e+00 1.011690999999999896e+00
1.572500000000000009e+00 8.395465000000001954e-01 1.034693299999999816e+00 1.034693299999999816e+00 1.010611699999999891e+00
1.577499999999999902e+00 8.336564000000000751e-01 1.038709199999999999e+00 1.038709199999999999e+00 1.009485399999999755e+00
1.582500000000000018e+00 8.316162000000000276e-01 1.043308899999999984e+00 1.043308899999999984e+00 1.008399600000000174e+00
1.587499999999999911e+00 8.265617000000000658e-01 1.047008399999999950e+00 1.047008399999999950e+00 1.007493300000000147e+00
1.592500000000000027e+00 8.246105000000000240e-01 1.051290599999999964e+00 1.051290599999999964e+00 1.006433999999999829e+00
1.597499999999999920e+00 8.228475000000001760e-01 1.055748600000000037e+00 1.055748600000000037e+00 1.005572600000000039e+00
1.602500000000000036e+00 8.194670000000000565e-01 1.060194500000000151e+00 1.060194500000000151e+00 1.004696000000000256e+00
1.607499999999999929e+00 8.178844999999999033e-01 1.064781199999999872e+00 1.064781199999999872e+00 1.003897299999999992e+00
1.612500000000000044e+00 8.159952000000000316e-01 1.069163199999999980e+00 1.069163199999999980e+00 1.003108700000000075e+00
1.617499999999999938e+00 8.139113000000000042e-01 1.073794299999999868e+00 1.073794299999999868e+00 1.002383000000000024e+00
1.622500000000000053e+00 8.170711999999999975e-01 1.078315300000000088e+00 1.078315300000000088e+00 1.001720299999999897e+00
1.627499999999999947e+00 8.181726999999998640e-01 1.082856900000000122e+00 1.082856900000000122e+00 1.001133400000000062e+00
1.632500000000000062e+00 8.166663000000001782e-01 1.087415499999999868e+00 1.087415499999999868e+00 1.000547700000000040e+00
1.637499999999999956e+00 8.178230000000000777e-01 1.092518300000000053e+00 1.092518300000000053e+00 1.000116699999999970e+00
1.642500000000000071e+00 8.183060999999998142e-01 1.097197800000000001e+00 1.097197800000000001e+00 9.996483000000001562e-01
1.647499999999999964e+00 8.210456999999999894e-01 1.101268399999999925e+00 1.101268399999999925e+00 9.992692000000001906e-01
1.652500000000000080e+00 8.231201999999999686e-01 1.105731400000000253e+00 1.105731400000000253e+00 9.989198000000000244e-01
1.657499999999999973e+00 8.247149000000000285e-01 1.109276900000000010e+00 1.109276900000000010e+00 9.985807000000000988e-01
1.662500000000000089e+00 8.275457999999999981e-01 1.113561299999999976e+00 1.113561299999999976e+00 9.983451999999999327e-01
1.667499999999999982e+00 8.296758000000000743e-01 1.116042500000000048e+00 1.116042500000000048e+00 9.980759000000001269e-01
1.672500000000000098e+00 8.354679999999999884e-01 1.118249199999999943e+00 1.118249199999999943e+00 9.978785999999999490e-01
1.677499999999999991e+00 8.350619000000000236e-01 1.119683500000000054e+00 1.119683500000000054e+00 9.976214000000001025e-01
1.682500000000000107e+00 8.415858999999998868e-01 1.119927999999999813e+00 1.119927999999999813e+00 9.974948999999998511e-01
1.687500000000000000e+00 8.463958999999998678e-01 1.119073599999999669e+00 1.119073599999999669e+00 9.972718000000000416e-01
1.692499999999999893e+00 8.543296000000000223e-01 1.116826100000000155e+00 1.116826100000000155e+00 9.971027999999998448e-01
1.697500000000000009e+00 8.572410000000001418e-01 1.113899200000000089e+00 1.113899200000000089e+00 9.969653999999998906e-01
1.702499999999999902e+00 8.617107000000000516e-01 1.109641900000000181e+00 1.109641900000000181e+00 9.968196000000000279e-01
1.707500000000000018e+00 8.710977000000001969e-01 1.104637499999999939e+00 1.104637499999999939e+00 9.966177000000000508e-01
1.712499999999999911e+00 8.744690999999999992e-01 1.098114899999999894e+00 1.098114899999999894e+00 9.965007000000000170e-01
1.717500000000000027e+00 8.818650000000001210e-01 1.091453199999999901e+00 1.091453199999999901e+00 9.962934000000001067e-01
1.722499999999999920e+00 8.887089000000001349e-01 1.084278599999999981e+00 1.084278599999999981e+00 9.961712000000000344e-01
1.727500000000000036e+00 8.959887999999999186e-01 1.076519900000000085e+00 1.076519900000000085e+00 9.959260999999999253e-01
1.732499999999999929e+00 9.046210999999999558e-01 1.068761100000000130e+00 1.068761100000000130e+00 9.956632000000000815e-01
1.737500000000000044e+00 9.122894999999999754e-01 1.061096799999999840e+00 1.061096799999999840e+00 9.954326000000002228e-01
1.742499999999999938e+00 9.197164999999998258e-01 1.053438199999999991e+00 1.053438199999999991e+00 9.952410000000000423e-01
1.747500000000000053e+00 9.310401000000000371e-01 1.046394600000000175e+00 1.046394600000000175e+00 9.950034999999999297e-01
1.752499999999999947e+00 9.406455000000001343e-01 1.039415999999999896e+00 1.039415999999999896e+00 9.947705000000001130e-01
1.757500000000000062e+00 9.509064000000000405e-01 1.033450200000000097e+00 1.033450200000000097e+00 9.944398999999999322e-01
1.762499999999999956e+00 9.585427000000000808e-01 1.027540800000000143e+00 1.027540800000000143e+00 9.942148000000001762e-01
1.767500000000000071e+00 9.719887000000001498e-01 1.022103600000000112e+00 1.022103600000000112e+00 9.938738999999999768e-01
1.772499999999999964e+00 9.836163000000001100e-01 1.017780200000000024e+00 1.017780200000000024e+00 9.935886999999998803e-01
1.777500000000000080e+00 9.934666000000001995e-01 1.013738400000000039e+00 1.013738400000000039e+00 9.933815000000001394e-01
1.782499999999999973e+00 1.005657000000000023e+00 1.010222299999999906e+00 1.010222299999999906e+00 9.931214999999999904e-01
1.787500000000000089e+00 1.016033899999999823e+00 1.007127700000000292e+00 1.007127700000000292e+00 9.928648000000001028e-01
1.792499999999999982e+00 1.029289100000000179e+00 1.005234100000000019e+00 1.005234100000000019e+00 9.925773999999998320e-01
1.797500000000000098e+00 1.039723699999999917e+00 1.003161400000000203e+00 1.003161400000000203e+00 9.923451999999999273e-01
1.802499999999999991e+00 1.048378999999999950e+00 1.001424199999999987e+00 1.001424199999999987e+00 9.921179999999999444e-01
1.807500000000000107e+00 1.055024100000000020e+00 1.000294800000000039e+00 1.000294800000000039e+00 9.919113999999999987e-01
1.812500000000000000e+00 1.059914899999999882e+00 9.996125000000001259e-01 9.996125000000001259e-01 9.917017999999998557e-01
1.817499999999999893e+00 1.064815099999999903e+00 9.990970999999999602e-01 9.990970999999999602e-01 9.916374000000001132e-01
1.822500000000000009e+00 1.068972700000000220e+00 9.991840999999999084e-01 9.991840999999999084e-01 9.914343000000001016e-01
1.827499999999999902e+00 1.067407900000000298e+00 9.991083999999998966e-01 9.991083999999998966e-01 9.913230000000000652e-01
1.832500000000000018e+00 1.066111000000000031e+00 9.996876000000000095e-01 9.996876000000000095e-01 9.911742999999999526e-01
1.837499999999999911e+00 1.062311299999999958e+00 1.000193800000000133e+00 1.000193800000000133e+00 9.910548999999997388e-01
1.842500000000000027e+00 1.058449399999999985e+00 1.000726100000000063e+00 1.000726100000000063e+00 9.910874999999998991e-01
1.847499999999999920e+00 1.054598799999999947e+00 1.001620799999999978e+00 1.001620799999999978e+00 9.910870000000000513e-01
1.852500000000000036e+00 1.049030000000000129e+00 1.002417400000000125e+00 1.002417400000000125e+00 9.910444999999998839e-01
1.857499999999999929e+00 1.044108500000000106e+00 1.003260000000000041e+00 1.003260000000000041e+00 9.910577999999998777e-01
1.862500000000000044e+00 1.040953899999999877e+00 1.004733300000000051e+00 1.004733300000000051e+00 9.910826000000000358e-01
1.867499999999999938e+00 1.038497100000000062e+00 1.005579899999999860e+00 1.005579899999999860e+00 9.911609999999999587e-01
1.872500000000000053e+00 1.035631100000000249e+00 1.005995399999999984e+00 1.005995399999999984e+00 9.913451999999999265e-01
1.877499999999999947e+00 1.036061499999999969e+00 1.007125100000000106e+00 1.007125100000000106e+00 9.914224999999999843e-01
1.882500000000000062e+00 1.036682899999999963e+00 1.007656600000000235e+00 1.007656600000000235e+00 9.914865999999997737e-01
1.887499999999999956e+00 1.041247800000000279e+00 1.008051699999999995e+00 1.008051699999999995e+00 9.916199000000001096e-01
1.892500000000000071e+00 1.045623300000000144e+00 1.008437199999999923e+00 1.008437199999999923e+00 9.918066000000000937e-01
1.897499999999999964e+00 1.052687600000000057e+00 1.008787099999999937e+00 1.008787099999999937e+00 9.918883000000000560e-01
1.902500000000000080e+00 1.060562400000000238e+00 1.008249600000000079e+00 1.008249600000000079e+00 9.920994999999999120e-01
1.907499999999999973e+00 1.070204000000000155e+00 1.008141399999999965e+00 1.008141399999999965e+00 9.922174999999999745e-01
1.912500000000000089e+00 1.081127399999999961e+00 1.007888299999999848e+00 1.007888299999999848e+00 9.924117999999999551e-01
1.917499999999999982e+00 1.090805800000000048e+00 1.007102000000000164e+00 1.007102000000000164e+00 9.927063999999999888e-01
1.922500000000000098e+00 1.103949700000000034e+00 1.006093300000000079e+00 1.006093300000000079e+00 9.928531000000001550e-01
1.927499999999999991e+00 1.114803900000000070e+00 1.005310399999999937e+00 1.005310399999999937e+00 9.930674999999998809e-01
1.932500000000000107e+00 1.126445099999999977e+00 1.003761099999999962e+00 1.003761099999999962e+00 9.932630000000000070e-01
1.937500000000000000e+00 1.135971700000000029e+00 1.002257399999999965e+00 1.002257399999999965e+00 9.935176000000000007e-01
1.942499999999999893e+00 1.145678699999999939e+00 1.000444099999999947e+00 1.000444099999999947e+00 9.935965000000001046e-01
1.947500000000000009e+00 1.157132699999999792e+00 9.987015999999998561e-01 9.987015999999998561e-01 9.938522000000000745e-01
1.952499999999999902e+00 1.164426499999999809e+00 9.968251000000000195e-01 9.968251000000000195e-01 9.940416999999998060e-01
1.957500000000000018e+00 1.170126300000000175e+00 9.946516000000000801e-01 9.946516000000000801e-01 9.942011000000000598e-01
1.962499999999999911e+00 1.177597599999999911e+00 9.926870000000000971e-01 9.926870000000000971e-01 9.944669000000001535e-01
1.967500000000000027e+00 1.181436399999999942e+00 9.903521000000001795e-01 9.903521000000001795e-01 9.946085000000000065e-01
1.972499999999999920e+00 1.184635900000000186e+00 9.883697000000001287e-01 9.883697000000001287e-01 9.948267000000001747e-01
1.977500000000000036e+00 1.188370999999999844e+00 9.864120999999999029e-01 9.864120999999999029e-01 9.949836000000000791e-01
1.982499999999999929e+00 1.187875199999999909e+00 9.844416999999999751e-01 9.844416999999999751e-01 9.952079999999998705e-01
1.987500000000000044e+00 1.192873499999999920e+00 9.824729000000000934e-01 9.824729000000000934e-01 9.953661000000000314e-01
1.992499999999999938e+00 1.194403800000000127e+00 9.804059000000000523e-01 9.804059000000000523e-01 9.955393000000001269e-01
1.997500000000000053e+00 1.198199600000000142e+00 9.789947999999999428e-01 9.789947999999999428e-01 9.957450999999999386e-01
