2.500000000000000052e-03 0.000000000000000000e+00 0.000000000000000000e+00 0.000000000000000000e+00 0.000000000000000000e+00
7.499999999999999722e-03 0.000000000000000000e+00 0.000000000000000000e+00 0.000000000000000000e+00 0.000000000000000000e+00
1.250000000000000069e-02 0.000000000000000000e+00 0.000000000000000000e+00 0.000000000000000000e+00 0.000000000000000000e+00
1.750000000000000167e-02 0.000000000000000000e+00 0.000000000000000000e+00 0.000000000000000000e+00 0.000000000000000000e+00
2.249999999999999917e-02 0.000000000000000000e+00 0.000000000000000000e+00 0.000000000000000000e+00 0.000000000000000000e+00
2.750000000000000014e-02 0.000000000000000000e+00 0.000000000000000000e+00 0.000000000000000000e+00 0.000000000000000000e+00
3.250000000000000111e-02 0.000000000000000000e+00 0.000000000000000000e+00 0.000000000000000000e+00 0.000000000000000000e+00
3.749999999999999861e-02 0.000000000000000000e+00 0.000000000000000000e+00 0.000000000000000000e+00 0.000000000000000000e+00
4.250000000000000305e-02 0.000000000000000000e+00 0.000000000000000000e+00 0.000000000000000000e+00 0.000000000000000000e+00
4.750000000000000056e-02 0.000000000000000000e+00 0.000000000000000000e+00 0.000000000000000000e+00 0.000000000000000000e+00
5.249999999999999806e-02 0.000000000000000000e+00 0.000000000000000000e+00 0.000000000000000000e+00 0.000000000000000000e+00
5.750000000000000250e-02 0.000000000000000000e+00 0.000000000000000000e+00 0.000000000000000000e+00 0.000000000000000000e+00
6.250000000000000000e-02 0.000000000000000000e+00 0.000000000000000000e+00 0.000000000000000000e+00 0.000000000000000000e+00
6.750000000000000444e-02 0.000000000000000000e+00 0.000000000000000000e+00 0.000000000000000000e+00 0.000000000000000000e+00
7.249999999999999500e-02 0.000000000000000000e+00 0.000000000000000000e+00 0.000000000000000000e+00 0.000000000000000000e+00
7.749999999999999944e-02 0.000000000000000000e+00 0.000000000000000000e+00 0.000000000000000000e+00 0.000000000000000000e+00
8.250000000000000389e-02 0.000000000000000000e+00 0.000000000000000000e+00 0.000000000000000000e+00 0.000000000000000000e+00
8.749999999999999445e-02 0.000000000000000000e+00 0.000000000000000000e+00 0.000000000000000000e+00 0.000000000000000000e+00
9.249999999999999889e-02 0.000000000000000000e+00 0.000000000000000000e+00 0.000000000000000000e+00 0.000000000000000000e+00
9.750000000000000333e-02 0.000000000000000000e+00 0.000000000000000000e+00 0.000000000000000000e+00 0.000000000000000000e+00
1.024999999999999939e-01 0.000000000000000000e+00 0.000000000000000000e+00 0.000000000000000000e+00 0.000000000000000000e+00
1.074999999999999983e-01 0.000000000000000000e+00 0.000000000000000000e+00 0.000000000000000000e+00 0.000000000000000000e+00
1.125000000000000028e-01 0.000000000000000000e+00 0.000000000000000000e+00 0.000000000000000000e+00 0.000000000000000000e+00
1.174999999999999933e-01 0.000000000000000000e+00 0.000000000000000000e+00 0.000000000000000000e+00 0.000000000000000000e+00
1.224999999999999978e-01 0.000000000000000000e+00 0.000000000000000000e+00 0.000000000000000000e+00 0.000000000000000000e+00
1.275000000000000022e-01 0.000000000000000000e+00 0.000000000000000000e+00 0.000000000000000000e+00 0.000000000000000000e+00
1.325000000000000067e-01 0.000000000000000000e+00 0.000000000000000000e+00 0.000000000000000000e+00 0.000000000000000000e+00
1.375000000000000111e-01 0.000000000000000000e+00 0.000000000000000000e+00 0.000000000000000000e+00 0.000000000000000000e+00
1.424999999999999878e-01 0.000000000000000000e+00 0.000000000000000000e+00 0.000000000000000000e+00 0.000000000000000000e+00
1.474999999999999922e-01 0.000000000000000000e+00 0.000000000000000000e+00 0.000000000000000000e+00 0.000000000000000000e+00
1.524999999999999967e-01 0.000000000000000000e+00 0.000000000000000000e+00 0.000000000000000000e+00 0.000000000000000000e+00
1.575000000000000011e-01 0.000000000000000000e+00 0.000000000000000000e+00 0.000000000000000000e+00 0.000000000000000000e+00
1.625000000000000056e-01 0.000000000000000000e+00 0.000000000000000000e+00 0.000000000000000000e+00 0.000000000000000000e+00
1.675000000000000100e-01 0.000000000000000000e+00 0.000000000000000000e+00 0.000000000000000000e+00 0.000000000000000000e+00
1.724999999999999867e-01 0.000000000000000000e+00 0.000000000000000000e+00 0.000000000000000000e+00 0.000000000000000000e+00
1.774999999999999911e-01 0.000000000000000000e+00 0.000000000000000000e+00 0.000000000000000000e+00 0.000000000000000000e+00
1.824999999999999956e-01 0.000000000000000000e+00 0.000000000000000000e+00 0.000000000000000000e+00 0.000000000000000000e+00
1.875000000000000000e-01 0.000000000000000000e+00 0.000000000000000000e+00 0.000000000000000000e+00 0.000000000000000000e+00
1.925000000000000044e-01 0.000000000000000000e+00 0.000000000000000000e+00 0.000000000000000000e+00 0.000000000000000000e+00
1.975000000000000089e-01 0.000000000000000000e+00 0.000000000000000000e+00 0.000000000000000000e+00 4.999999999999998884e-05
2.025000000000000133e-01 0.000000000000000000e+00 0.000000000000000000e+00 0.000000000000000000e+00 8.244100000000000733e-03
2.074999999999999900e-01 0.000000000000000000e+00 0.000000000000000000e+00 0.000000000000000000e+00 1.975935000000000052e-01
2.124999999999999944e-01 0.000000000000000000e+00 0.000000000000000000e+00 0.000000000000000000e+00 1.264542999999999973e+00
2.174999999999999989e-01 0.000000000000000000e+00 0.000000000000000000e+00 0.000000000000000000e+00 3.245604499999999781e+00
2.225000000000000033e-01 0.000000000000000000e+00 0.000000000000000000e+00 0.000000000000000000e+00 4.454325899999999727e+00
2.275000000000000078e-01 0.000000000000000000e+00 0.000000000000000000e+00 0.000000000000000000e+00 4.310807899999999471e+00
2.325000000000000122e-01 0.000000000000000000e+00 0.000000000000000000e+00 0.000000000000000000e+00 3.986105599999999693e+00
2.374999999999999889e-01 0.000000000000000000e+00 0.000000000000000000e+00 0.000000000000000000e+00 3.694812899999999622e+00
2.424999999999999933e-01 0.000000000000000000e+00 0.000000000000000000e+00 0.000000000000000000e+00 3.431044899999999842e+00
2.474999999999999978e-01 0.000000000000000000e+00 0.000000000000000000e+00 0.000000000000000000e+00 3.193820599999999565e+00
2.525000000000000022e-01 0.000000000000000000e+00 0.000000000000000000e+00 0.000000000000000000e+00 2.980099399999999843e+00
2.575000000000000067e-01 0.000000000000000000e+00 0.000000000000000000e+00 0.000000000000000000e+00 2.787001100000000342e+00
2.625000000000000111e-01 0.000000000000000000e+00 0.000000000000000000e+00 0.000000000000000000e+00 2.613105399999999801e+00
2.675000000000000155e-01 0.000000000000000000e+00 0.000000000000000000e+00 0.000000000000000000e+00 2.456024099999999599e+00
2.725000000000000200e-01 0.000000000000000000e+00 0.000000000000000000e+00 0.000000000000000000e+00 2.313930400000000276e+00
2.775000000000000244e-01 0.000000000000000000e+00 0.000000000000000000e+00 0.000000000000000000e+00 2.185111599999999932e+00
2.824999999999999734e-01 0.000000000000000000e+00 0.000000000000000000e+00 0.000000000000000000e+00 2.069195400000000795e+00
2.874999999999999778e-01 0.000000000000000000e+00 0.000000000000000000e+00 0.000000000000000000e+00 1.964858999999999911e+00
2.924999999999999822e-01 0.000000000000000000e+00 0.000000000000000000e+00 0.000000000000000000e+00 1.870570699999999587e+00
2.974999999999999867e-01 0.000000000000000000e+00 0.000000000000000000e+00 0.000000000000000000e+00 1.785639599999999660e+00
3.024999999999999911e-01 0.000000000000000000e+00 0.000000000000000000e+00 0.000000000000000000e+00 1.709002999999999828e+00
3.074999999999999956e-01 0.000000000000000000e+00 0.000000000000000000e+00 0.000000000000000000e+00 1.640555600000000114e+00
3.125000000000000000e-01 0.000000000000000000e+00 0.000000000000000000e+00 0.000000000000000000e+00 1.579868299999999781e+00
3.175000000000000044e-01 0.000000000000000000e+00 0.000000000000000000e+00 0.000000000000000000e+00 1.524762700000000137e+00
3.225000000000000089e-01 0.000000000000000000e+00 0.000000000000000000e+00 0.000000000000000000e+00 1.476061000000000067e+00
3.275000000000000133e-01 0.000000000000000000e+00 0.000000000000000000e+00 0.000000000000000000e+00 1.433475899999999914e+00
3.325000000000000178e-01 0.000000000000000000e+00 0.000000000000000000e+00 0.000000000000000000e+00 1.396011200000000008e+00
3.375000000000000222e-01 0.000000000000000000e+00 0.000000000000000000e+00 0.000000000000000000e+00 1.363816600000000046e+00
3.425000000000000266e-01 0.000000000000000000e+00 0.000000000000000000e+00 0.000000000000000000e+00 1.336197200000000196e+00
3.474999999999999756e-01 0.000000000000000000e+00 0.000000000000000000e+00 0.000000000000000000e+00 1.313440099999999777e+00
3.524999999999999800e-01 0.000000000000000000e+00 0.000000000000000000e+00 0.000000000000000000e+00 1.294375199999999948e+00
3.574999999999999845e-01 0.000000000000000000e+00 0.000000000000000000e+00 0.000000000000000000e+00 1.279964299999999833e+00
3.624999999999999889e-01 0.000000000000000000e+00 0.000000000000000000e+00 0.000000000000000000e+00 1.269058100000000078e+00
3.674999999999999933e-01 0.000000000000000000e+00 0.000000000000000000e+00 0.000000000000000000e+00 1.261958499999999983e+00
3.724999999999999978e-01 0.000000000000000000e+00 0.000000000000000000e+00 0.000000000000000000e+00 1.258567400000000003e+00
3.775000000000000022e-01 0.000000000000000000e+00 0.000000000000000000e+00 0.000000000000000000e+00 1.258597699999999930e+00
3.825000000000000067e-01 0.000000000000000000e+00 0.000000000000000000e+00 0.000000000000000000e+00 1.262711899999999998e+00
3.875000000000000111e-01 0.000000000000000000e+00 0.000000000000000000e+00 0.000000000000000000e+00 1.268932500000000019e+00
3.925000000000000155e-01 0.000000000000000000e+00 0.000000000000000000e+00 0.000000000000000000e+00 1.278671899999999750e+00
3.975000000000000200e-01 0.000000000000000000e+00 0.000000000000000000e+00 0.000000000000000000e+00 1.290574899999999747e+00
4.025000000000000244e-01 0.000000000000000000e+00 0.000000000000000000e+00 0.000000000000000000e+00 1.305277400000000032e+00
4.074999999999999734e-01 0.000000000000000000e+00 0.000000000000000000e+00 0.000000000000000000e+00 1.321382699999999799e+00
4.124999999999999778e-01 0.000000000000000000e+00 0.000000000000000000e+00 0.000000000000000000e+00 1.340144400000000013e+00
4.174999999999999822e-01 0.000000000000000000e+00 0.000000000000000000e+00 0.000000000000000000e+00 1.360499200000000020e+00
4.224999999999999867e-01 0.000000000000000000e+00 0.000000000000000000e+00 0.000000000000000000e+00 1.382428800000000013e+00
4.274999999999999911e-01 0.000000000000000000e+00 0.000000000000000000e+00 0.000000000000000000e+00 1.405543599999999893e+00
4.324999999999999956e-01 0.000000000000000000e+00 0.000000000000000000e+00 0.000000000000000000e+00 1.427342299999999842e+00
4.375000000000000000e-01 0.000000000000000000e+00 0.000000000000000000e+00 0.000000000000000000e+00 1.444796500000000039e+00
4.425000000000000044e-01 0.000000000000000000e+00 0.000000000000000000e+00 0.000000000000000000e+00 1.456158700000000028e+00
4.475000000000000089e-01 0.000000000000000000e+00 0.000000000000000000e+00 0.000000000000000000e+00 1.461930400000000407e+00
4.525000000000000133e-01 0.000000000000000000e+00 0.000000000000000000e+00 0.000000000000000000e+00 1.462218099999999854e+00
4.575000000000000178e-01 0.000000000000000000e+00 0.000000000000000000e+00 0.000000000000000000e+00 1.457694400000000057e+00
4.625000000000000222e-01 0.000000000000000000e+00 0.000000000000000000e+00 0.000000000000000000e+00 1.449436200000000063e+00
4.675000000000000266e-01 0.000000000000000000e+00 0.000000000000000000e+00 0.000000000000000000e+00 1.438568899999999928e+00
4.724999999999999756e-01 0.000000000000000000e+00 0.000000000000000000e+00 0.000000000000000000e+00 1.425011799999999829e+00
4.774999999999999800e-01 0.000000000000000000e+00 0.000000000000000000e+00 0.000000000000000000e+00 1.410605300000000062e+00
4.824999999999999845e-01 0.000000000000000000e+00 0.000000000000000000e+00 0.000000000000000000e+00 1.394001099999999882e+00
4.874999999999999889e-01 0.000000000000000000e+00 0.000000000000000000e+00 0.000000000000000000e+00 1.376899499999999943e+00
4.924999999999999933e-01 0.000000000000000000e+00 0.000000000000000000e+00 0.000000000000000000e+00 1.360041500000000125e+00
4.974999999999999978e-01 0.000000000000000000e+00 0.000000000000000000e+00 0.000000000000000000e+00 1.341576899999999739e+00
5.024999999999999467e-01 0.000000000000000000e+00 0.000000000000000000e+00 0.000000000000000000e+00 1.323922299999999996e+00
5.074999999999999512e-01 0.000000000000000000e+00 0.000000000000000000e+00 0.000000000000000000e+00 1.306643699999999964e+00
5.124999999999999556e-01 0.000000000000000000e+00 0.000000000000000000e+00 0.000000000000000000e+00 1.289191900000000057e+00
5.174999999999999600e-01 0.000000000000000000e+00 0.000000000000000000e+00 0.000000000000000000e+00 1.272551100000000046e+00
5.224999999999999645e-01 0.000000000000000000e+00 0.000000000000000000e+00 0.000000000000000000e+00 1.256479800000000147e+00
5.274999999999999689e-01 0.000000000000000000e+00 0.000000000000000000e+00 0.000000000000000000e+00 1.240780800000000017e+00
5.324999999999999734e-01 0.000000000000000000e+00 0.000000000000000000e+00 0.000000000000000000e+00 1.226036699999999868e+00
5.374999999999999778e-01 0.000000000000000000e+00 0.000000000000000000e+00 0.000000000000000000e+00 1.212089600000000100e+00
5.424999999999999822e-01 0.000000000000000000e+00 0.000000000000000000e+00 0.000000000000000000e+00 1.199213299999999816e+00
5.474999999999999867e-01 0.000000000000000000e+00 0.000000000000000000e+00 0.000000000000000000e+00 1.186898699999999973e+00
5.524999999999999911e-01 0.000000000000000000e+00 0.000000000000000000e+00 0.000000000000000000e+00 1.175762299999999927e+00
5.574999999999999956e-01 0.000000000000000000e+00 0.000000000000000000e+00 0.000000000000000000e+00 1.165302900000000141e+00
5.625000000000000000e-01 0.000000000000000000e+00 0.000000000000000000e+00 0.000000000000000000e+00 1.155838099999999979e+00
5.675000000000000044e-01 0.000000000000000000e+00 0.000000000000000000e+00 0.000000000000000000e+00 1.147291900000000142e+00
5.725000000000000089e-01 0.000000000000000000e+00 0.000000000000000000e+00 0.000000000000000000e+00 1.139487600000000045e+00
5.775000000000000133e-01 0.000000000000000000e+00 0.000000000000000000e+00 0.000000000000000000e+00 1.132782199999999850e+00
5.825000000000000178e-01 0.000000000000000000e+00 3.999999999999999819e-07 3.999999999999999819e-07 1.126666699999999910e+00
5.875000000000000222e-01 0.000000000000000000e+00 3.800000000000000040e-06 3.800000000000000040e-06 1.121555999999999775e+00
5.925000000000000266e-01 0.000000000000000000e+00 5.770000000000000660e-05 5.770000000000000660e-05 1.116774100000000214e+00
5.975000000000000311e-01 0.000000000000000000e+00 4.230999999999999301e-04 4.230999999999999301e-04 1.113021799999999839e+00
6.025000000000000355e-01 0.000000000000000000e+00 2.659700000000000085e-03 2.659700000000000085e-03 1.109517299999999818e+00
6.075000000000000400e-01 0.000000000000000000e+00 1.226939999999999975e-02 1.226939999999999975e-02 1.106837300000000024e+00
6.125000000000000444e-01 0.000000000000000000e+00 4.449119999999999464e-02 4.449119999999999464e-02 1.104133699999999774e+00
6.175000000000000488e-01 0.000000000000000000e+00 1.302651000000000225e-01 1.302651000000000225e-01 1.102081800000000111e+00
6.225000000000000533e-01 0.000000000000000000e+00 3.137402999999999720e-01 3.137402999999999720e-01 1.100328299999999926e+00
6.274999999999999467e-01 0.000000000000000000e+00 6.405912999999999746e-01 6.405912999999999746e-01 1.098826000000000080e+00
6.324999999999999512e-01 0.000000000000000000e+00 1.132178899999999988e+00 1.132178899999999988e+00 1.097010799999999842e+00
6.374999999999999556e-01 0.000000000000000000e+00 1.763629099999999728e+00 1.763629099999999728e+00 1.095480400000000021e+00
6.424999999999999600e-01 0.000000000000000000e+00 2.458758099999999835e+00 2.458758099999999835e+00 1.094115299999999902e+00
6.474999999999999645e-01 0.000000000000000000e+00 3.115088199999999752e+00 3.115088199999999752e+00 1.092397400000000074e+00
6.524999999999999689e-01 0.000000000000000000e+00 3.638452000000000019e+00 3.638452000000000019e+00 1.090444699999999933e+00
6.574999999999999734e-01 0.000000000000000000e+00 3.953169599999999839e+00 3.953169599999999839e+00 1.088109500000000063e+00
6.624999999999999778e-01 0.000000000000000000e+00 4.041688800000000192e+00 4.041688800000000192e+00 1.085978200000000005e+00
6.674999999999999822e-01 0.000000000000000000e+00 3.920052900000000395e+00 3.920052900000000395e+00 1.083250099999999883e+00
6.724999999999999867e-01 0.000000000000000000e+00 3.636364400000000163e+00 3.636364400000000163e+00 1.080024900000000176e+00
6.774999999999999911e-01 0.000000000000000000e+00 3.291231500000000754e+00 3.291231500000000754e+00 1.076564599999999983e+00
6.824999999999999956e-01 0.000000000000000000e+00 2.981386200000000208e+00 2.981386200000000208e+00 1.072943599999999886e+00
6.875000000000000000e-01 0.000000000000000000e+00 2.707282900000000048e+00 2.707282900000000048e+00 1.069242599999999932e+00
6.925000000000000044e-01 0.000000000000000000e+00 2.467499700000000296e+00 2.467499700000000296e+00 1.065231800000000062e+00
6.975000000000000089e-01 0.000000000000000000e+00 2.256292600000000093e+00 2.256292600000000093e+00 1.060944600000000015e+00
7.025000000000000133e-01 0.000000000000000000e+00 2.070246699999999773e+00 2.070246699999999773e+00 1.056493600000000033e+00
7.075000000000000178e-01 0.000000000000000000e+00 1.906904799999999955e+00 1.906904799999999955e+00 1.051882699999999726e+00
7.125000000000000222e-01 0.000000000000000000e+00 1.761863100000000015e+00 1.761863100000000015e+00 1.047478499999999757e+00
7.175000000000000266e-01 0.000000000000000000e+00 1.635354999999999892e+00 1.635354999999999892e+00 1.042676900000000018e+00
7.225000000000000311e-01 0.000000000000000000e+00 1.523696399999999951e+00 1.523696399999999951e+00 1.038193900000000003e+00
7.275000000000000355e-01 0.000000000000000000e+00 1.425396500000000177e+00 1.425396500000000177e+00 1.033550799999999992e+00
7.325000000000000400e-01 0.000000000000000000e+00 1.340754599999999908e+00 1.340754599999999908e+00 1.029036899999999921e+00
7.375000000000000444e-01 0.000000000000000000e+00 1.264676699999999876e+00 1.264676699999999876e+00 1.024795499999999748e+00
7.425000000000000488e-01 0.000000000000000000e+00 1.198696100000000042e+00 1.198696100000000042e+00 1.020499599999999729e+00
7.475000000000000533e-01 0.000000000000000000e+00 1.141429000000000027e+00 1.141429000000000027e+00 1.016198099999999993e+00
7.524999999999999467e-01 0.000000000000000000e+00 1.091964399999999946e+00 1.091964399999999946e+00 1.012203900000000045e+00
7.574999999999999512e-01 0.000000000000000000e+00 1.049774199999999880e+00 1.049774199999999880e+00 1.008474900000000174e+00
7.624999999999999556e-01 0.000000000000000000e+00 1.014164599999999972e+00 1.014164599999999972e+00 1.004754399999999936e+00
7.674999999999999600e-01 0.000000000000000000e+00 9.849010000000000264e-01 9.849010000000000264e-01 1.001410700000000098e+00
7.724999999999999645e-01 0.000000000000000000e+00 9.616238999999999759e-01 9.616238999999999759e-01 9.978507999999999267e-01
7.774999999999999689e-01 0.000000000000000000e+00 9.432523000000001545e-01 9.432523000000001545e-01 9.948212000000001831e-01
7.824999999999999734e-01 0.000000000000000000e+00 9.295149999999999801e-01 9.295149999999999801e-01 9.920552000000000259e-01
7.874999999999999778e-01 0.000000000000000000e+00 9.212328000000000738e-01 9.212328000000000738e-01 9.893166999999998268e-01
7.924999999999999822e-01 0.000000000000000000e+00 9.175294999999999979e-01 9.175294999999999979e-01 9.867877000000000454e-01
7.974999999999999867e-01 0.000000000000000000e+00 9.183879999999999821e-01 9.183879999999999821e-01 9.846493999999997859e-01
8.024999999999999911e-01 0.000000000000000000e+00 9.253848000000000074e-01 9.253848000000000074e-01 9.823530000000001428e-01
8.074999999999999956e-01 0.000000000000000000e+00 9.360422999999998828e-01 9.360422999999998828e-01 9.802775999999999712e-01
8.125000000000000000e-01 0.000000000000000000e+00 9.517265000000000308e-01 9.517265000000000308e-01 9.784219999999999029e-01
8.175000000000000044e-01 0.000000000000000000e+00 9.719218000000001689e-01 9.719218000000001689e-01 9.766448000000000906e-01
8.225000000000000089e-01 0.000000000000000000e+00 9.968804999999999472e-01 9.968804999999999472e-01 9.749876000000000653e-01
8.275000000000000133e-01 0.000000000000000000e+00 1.025985899999999784e+00 1.025985899999999784e+00 9.734473999999998517e-01
8.325000000000000178e-01 0.000000000000000000e+00 1.060295999999999905e+00 1.060295999999999905e+00 9.720727999999999591e-01
8.375000000000000222e-01 0.000000000000000000e+00 1.096803799999999995e+00 1.096803799999999995e+00 9.706817000000000917e-01
8.425000000000000266e-01 0.000000000000000000e+00 1.136352100000000087e+00 1.136352100000000087e+00 9.695278999999998870e-01
8.475000000000000311e-01 0.000000000000000000e+00 1.176622899999999916e+00 1.176622899999999916e+00 9.682745999999999853e-01
8.525000000000000355e-01 0.000000000000000000e+00 1.214808700000000075e+00 1.214808700000000075e+00 9.670705999999998914e-01
8.575000000000000400e-01 0.000000000000000000e+00 1.251581000000000055e+00 1.251581000000000055e+00 9.659116000000000923e-01
8.625000000000000444e-01 0.000000000000000000e+00 1.282837699999999970e+00 1.282837699999999970e+00 9.649955000000000060e-01
8.675000000000000488e-01 0.000000000000000000e+00 1.308855600000000008e+00 1.308855600000000008e+00 9.638273000000001645e-01
8.725000000000000533e-01 0.000000000000000000e+00 1.326120800000000211e+00 1.326120800000000211e+00 9.630385999999999669e-01
8.774999999999999467e-01 0.000000000000000000e+00 1.335751099999999969e+00 1.335751099999999969e+00 9.621040000000000703e-01
8.824999999999999512e-01 0.000000000000000000e+00 1.337804300000000168e+00 1.337804300000000168e+00 9.610323000000000615e-01
8.874999999999999556e-01 0.000000000000000000e+00 1.332864499999999897e+00 1.332864499999999897e+00 9.601366000000000067e-01
8.924999999999999600e-01 0.000000000000000000e+00 1.320791500000000118e+00 1.320791500000000118e+00 9.593234000000000483e-01
8.974999999999999645e-01 0.000000000000000000e+00 1.305521700000000118e+00 1.305521700000000118e+00 9.584832000000000907e-01
9.024999999999999689e-01 0.000000000000000000e+00 1.286437400000000064e+00 1.286437400000000064e+00 9.575889000000001872e-01
9.074999999999999734e-01 0.000000000000000000e+00 1.264436300000000069e+00 1.264436300000000069e+00 9.568689000000001332e-01
9.124999999999999778e-01 0.000000000000000000e+00 1.240685999999999733e+00 1.240685999999999733e+00 9.562049000000000243e-01
9.174999999999999822e-01 0.000000000000000000e+00 1.216415400000000036e+00 1.216415400000000036e+00 9.555382000000001153e-01
9.224999999999999867e-01 0.000000000000000000e+00 1.192555799999999833e+00 1.192555799999999833e+00 9.547940999999999789e-01
9.274999999999999911e-01 0.000000000000000000e+00 1.167073700000000214e+00 1.167073700000000214e+00 9.540778999999999233e-01
9.324999999999999956e-01 0.000000000000000000e+00 1.142919999999999714e+00 1.142919999999999714e+00 9.535737000000000796e-01
9.375000000000000000e-01 0.000000000000000000e+00 1.119736300000000018e+00 1.119736300000000018e+00 9.532886000000001525e-01
9.425000000000000044e-01 0.000000000000000000e+00 1.097200999999999871e+00 1.097200999999999871e+00 9.527196999999999472e-01
9.475000000000000089e-01 0.000000000000000000e+00 1.076040400000000119e+00 1.076040400000000119e+00 9.523425000000000917e-01
9.525000000000000133e-01 0.000000000000000000e+00 1.056206900000000060e+00 1.056206900000000060e+00 9.520382000000001677e-01
9.575000000000000178e-01 9.000000000000000228e-06 1.036809299999999823e+00 1.036809299999999823e+00 9.517253999999999436e-01
9.625000000000000222e-01 4.849999999999999982e-05 1.019788999999999835e+00 1.019788999999999835e+00 9.514939000000000036e-01
9.675000000000000266e-01 2.757999999999999818e-04 1.003398299999999743e+00 1.003398299999999743e+00 9.514281999999999462e-01
9.725000000000000311e-01 1.036000000000000029e-03 9.890751999999999322e-01 9.890751999999999322e-01 9.511535999999999325e-01
9.775000000000000355e-01 3.766400000000000477e-03 9.752570999999999879e-01 9.752570999999999879e-01 9.510439999999998895e-01
9.825000000000000400e-01 1.273920000000000087e-02 9.642459000000001001e-01 9.642459000000001001e-01 9.511077000000000004e-01
9.875000000000000444e-01 3.629729999999999762e-02 9.538750000000002505e-01 9.538750000000002505e-01 9.513203999999999549e-01
9.925000000000000488e-01 9.216340000000000643e-02 9.451658000000000559e-01 9.451658000000000559e-01 9.512213000000000473e-01
9.975000000000000533e-01 2.064396000000000009e-01 9.376219999999999555e-01 9.376219999999999555e-01 9.513777000000001038e-01
1.002499999999999947e+00 4.163446000000000646e-01 9.313363999999999532e-01 9.313363999999999532e-01 9.518307000000000295e-01
1.007500000000000062e+00 7.617429000000000006e-01 9.269628000000000867e-01 9.269628000000000867e-01 9.519254000000000326e-01
1.012499999999999956e+00 1.278539400000000104e+00 9.231575000000000752e-01 9.231575000000000752e-01 9.522251999999999938e-01
1.017500000000000071e+00 1.968437000000000214e+00 9.209955000000000780e-01 9.209955000000000780e-01 9.528076999999999241e-01
1.022499999999999964e+00 2.826668699999999923e+00 9.198005999999999682e-01 9.198005999999999682e-01 9.531333999999999085e-01
1.027500000000000080e+00 3.791075200000000311e+00 9.190562999999999372e-01 9.190562999999999372e-01 9.537318000000001295e-01
1.032499999999999973e+00 4.773566799999999333e+00 9.194907000000001052e-01 9.194907000000001052e-01 9.542090999999999212e-01
1.037500000000000089e+00 5.696852899999999664e+00 9.210867999999999833e-01 9.210867999999999833e-01 9.547852000000001116e-01
1.042499999999999982e+00 6.466528300000000229e+00 9.229857000000001310e-01 9.229857000000001310e-01 9.555259999999998755e-01
1.047500000000000098e+00 7.018829999999999458e+00 9.254761000000000237e-01 9.254761000000000237e-01 9.563817999999999486e-01
1.052499999999999991e+00 7.300481200000000115e+00 9.282799999999997720e-01 9.282799999999997720e-01 9.569697999999998705e-01
1.057500000000000107e+00 7.329219300000000992e+00 9.307330000000000325e-01 9.307330000000000325e-01 9.579874999999999918e-01
1.062500000000000000e+00 7.134204999999999686e+00 9.339638000000001217e-01 9.339638000000001217e-01 9.589470999999999412e-01
1.067499999999999893e+00 6.728589399999999721e+00 9.366588999999999610e-01 9.366588999999999610e-01 9.597463999999999995e-01
1.072500000000000009e+00 6.192386199999999619e+00 9.393960999999999562e-01 9.393960999999999562e-01 9.608348999999998252e-01
1.077499999999999902e+00 5.582665699999999731e+00 9.415215999999999585e-01 9.415215999999999585e-01 9.618987000000001064e-01
1.082500000000000018e+00 4.928750799999999543e+00 9.430096000000001144e-01 9.430096000000001144e-01 9.632016999999999385e-01
1.087499999999999911e+00 4.286976399999999465e+00 9.444884999999999531e-01 9.444884999999999531e-01 9.642469000000002399e-01
1.092500000000000027e+00 3.667229499999999920e+00 9.446797999999999584e-01 9.446797999999999584e-01 9.655185000000001683e-01
1.097499999999999920e+00 3.098290399999999334e+00 9.449469999999997594e-01 9.449469999999997594e-01 9.668056999999998791e-01
1.102500000000000036e+00 2.604619600000000368e+00 9.438193999999999750e-01 9.438193999999999750e-01 9.680449000000000970e-01
1.107499999999999929e+00 2.168278700000000114e+00 9.421760999999999608e-01 9.421760999999999608e-01 9.694753999999999872e-01
1.112500000000000044e+00 1.791898200000000330e+00 9.401534000000000280e-01 9.401534000000000280e-01 9.709872999999999976e-01
1.117499999999999938e+00 1.481386499999999717e+00 9.378758000000001482e-01 9.378758000000001482e-01 9.725578000000000278e-01
1.122500000000000053e+00 1.218729799999999974e+00 9.344888000000001194e-01 9.344888000000001194e-01 9.740080000000002070e-01
1.127499999999999947e+00 1.010361300000000018e+00 9.310521000000001601e-01 9.310521000000001601e-01 9.756662000000000390e-01
1.132500000000000062e+00 8.518601000000000090e-01 9.271778999999999993e-01 9.271778999999999993e-01 9.773068999999999784e-01
1.137499999999999956e+00 7.241882000000000597e-01 9.231120999999999910e-01 9.231120999999999910e-01 9.788824999999998777e-01
1.142500000000000071e+00 6.280786999999999898e-01 9.194074000000000968e-01 9.194074000000000968e-01 9.806962999999999653e-01
1.147499999999999964e+00 5.493214999999999071e-01 9.148194000000000603e-01 9.148194000000000603e-01 9.824538999999999911e-01
1.152500000000000080e+00 4.898095999999999561e-01 9.106182999999999916e-01 9.106182999999999916e-01 9.842463000000000184e-01
1.157499999999999973e+00 4.426355000000000151e-01 9.066787999999998959e-01 9.066787999999998959e-01 9.861412999999998874e-01
1.162500000000000089e+00 4.033717999999999471e-01 9.023600000000000509e-01 9.023600000000000509e-01 9.879469999999997976e-01
1.167499999999999982e+00 3.768947000000000269e-01 8.989515999999999618e-01 8.989515999999999618e-01 9.899831999999999521e-01
1.172500000000000098e+00 3.554066000000000169e-01 8.948082999999998899e-01 8.948082999999998899e-01 9.919160000000000199e-01
1.177499999999999991e+00 3.379021000000000385e-01 8.913765000000000160e-01 8.913765000000000160e-01 9.939999999999999947e-01
1.182500000000000107e+00 3.265585000000000293e-01 8.879538999999999627e-01 8.879538999999999627e-01 9.960694999999999411e-01
1.187500000000000000e+00 3.193497000000000141e-01 8.855998000000001591e-01 8.855998000000001591e-01 9.981248000000000342e-01
1.192499999999999893e+00 3.162964000000000331e-01 8.831668999999999770e-01 8.831668999999999770e-01 1.000348599999999921e+00
1.197500000000000009e+00 3.179425999999999641e-01 8.807911999999997743e-01 8.807911999999997743e-01 1.002548500000000065e+00
1.202499999999999902e+00 3.241485999999999534e-01 8.790390999999999622e-01 8.790390999999999622e-01 1.004787500000000167e+00
1.207500000000000018e+00 3.319782000000000011e-01 8.773932999999999316e-01 8.773932999999999316e-01 1.006992800000000132e+00
1.212499999999999911e+00 3.441294999999999771e-01 8.766718000000001121e-01 8.766718000000001121e-01 1.009393599999999891e+00
1.217500000000000027e+00 3.628178000000000791e-01 8.753540000000000765e-01 8.753540000000000765e-01 1.011763200000000085e+00
1.222499999999999920e+00 3.818609000000000586e-01 8.755903000000000436e-01 8.755903000000000436e-01 1.014102400000000070e+00
1.227500000000000036e+00 4.069266999999999745e-01 8.759862000000000481e-01 8.759862000000000481e-01 1.016507800000000072e+00
1.232499999999999929e+00 4.390678000000000081e-01 8.763078999999999175e-01 8.763078999999999175e-01 1.019057099999999938e+00
1.237500000000000044e+00 4.762605000000000866e-01 8.768523000000001399e-01 8.768523000000001399e-01 1.021527099999999910e+00
1.242499999999999938e+00 5.198460000000000303e-01 8.783544000000000906e-01 8.783544000000000906e-01 1.024084999999999912e+00
1.247500000000000053e+00 5.737206000000000250e-01 8.796742999999999091e-01 8.796742999999999091e-01 1.026658599999999977e+00
1.252499999999999947e+00 6.326304000000000372e-01 8.813415000000001109e-01 8.813415000000001109e-01 1.029350799999999788e+00
1.257500000000000062e+00 6.983821999999999530e-01 8.834286999999999557e-01 8.834286999999999557e-01 1.031988200000000022e+00
1.262499999999999956e+00 7.723584000000001115e-01 8.855963000000001140e-01 8.855963000000001140e-01 1.034551200000000337e+00
1.267500000000000071e+00 8.521284000000000081e-01 8.882554000000000283e-01 8.882554000000000283e-01 1.037023999999999946e+00
1.272499999999999964e+00 9.315809000000001561e-01 8.904198999999998199e-01 8.904198999999998199e-01 1.039524600000000021e+00
1.277500000000000080e+00 1.013982300000000114e+00 8.931442000000000547e-01 8.931442000000000547e-01 1.041774299999999931e+00
1.282499999999999973e+00 1.084304299999999888e+00 8.956079000000001233e-01 8.956079000000001233e-01 1.043693599999999888e+00
1.287500000000000089e+00 1.148223699999999958e+00 8.979737999999999332e-01 8.979737999999999332e-01 1.045304300000000186e+00
1.292499999999999982e+00 1.200428599999999957e+00 9.005554999999999533e-01 9.005554999999999533e-01 1.046518499999999907e+00
1.297500000000000098e+00 1.234531599999999951e+00 9.027486000000000121e-01 9.027486000000000121e-01 1.047345399999999982e+00
1.302499999999999991e+00 1.252778100000000006e+00 9.049862999999997992e-01 9.049862999999997992e-01 1.047555400000000025e+00
1.307500000000000107e+00 1.256982700000000008e+00 9.071092000000000599e-01 9.071092000000000599e-01 1.047334100000000046e+00
1.312500000000000000e+00 1.244735000000000147e+00 9.090916999999999470e-01 9.090916999999999470e-01 1.046553400000000078e+00
1.317499999999999893e+00 1.219591899999999951e+00 9.100733999999999213e-01 9.100733999999999213e-01 1.045515700000000159e+00
1.322500000000000009e+00 1.182713500000000195e+00 9.119544999999998902e-01 9.119544999999998902e-01 1.044072800000000134e+00
1.327499999999999902e+00 1.148341500000000126e+00 9.130214000000002050e-01 9.130214000000002050e-01 1.042303400000000213e+00
1.332500000000000018e+00 1.101116599999999890e+00 9.142057999999998463e-01 9.142057999999998463e-01 1.040425500000000003e+00
1.337499999999999911e+00 1.055527099999999940e+00 9.147441000000000599e-01 9.147441000000000599e-01 1.038368200000000297e+00
1.342500000000000027e+00 1.013063599999999953e+00 9.152057000000001219e-01 9.152057000000001219e-01 1.036346900000000293e+00
1.347499999999999920e+00 9.679271000000000402e-01 9.160622000000000487e-01 9.160622000000000487e-01 1.034332000000000251e+00
1.352500000000000036e+00 9.232584999999999820e-01 9.164824999999998667e-01 9.164824999999998667e-01 1.032402199999999937e+00
1.357499999999999929e+00 8.857000999999998792e-01 9.168920999999998767e-01 9.168920999999998767e-01 1.030533600000000050e+00
1.362500000000000044e+00 8.471815000000001428e-01 9.174103999999999592e-01 9.174103999999999592e-01 1.028763400000000106e+00
1.367499999999999938e+00 8.141502999999999934e-01 9.176887000000000238e-01 9.176887000000000238e-01 1.027046200000000020e+00
1.372500000000000053e+00 7.840192000000000272e-01 9.184667000000000803e-01 9.184667000000000803e-01 1.025455500000000075e+00
1.377499999999999947e+00 7.552988000000000479e-01 9.190582000000000473e-01 9.190582000000000473e-01 1.024248800000000070e+00
1.382500000000000062e+00 7.310114999999999252e-01 9.199863999999999820e-01 9.199863999999999820e-01 1.023004100000000083e+00
1.387499999999999956e+00 7.089250000000000274e-01 9.210644999999999527e-01 9.210644999999999527e-01 1.021927000000000252e+00
1.392500000000000071e+00 6.903920000000000057e-01 9.222555999999999532e-01 9.222555999999999532e-01 1.020983699999999939e+00
1.397499999999999964e+00 6.766456999999999056e-01 9.240424000000000415e-01 9.240424000000000415e-01 1.020237699999999803e+00
1.402500000000000080e+00 6.626413999999999360e-01 9.259527999999999093e-01 9.259527999999999093e-01 1.019571500000000075e+00
1.407499999999999973e+00 6.520704999999998863e-01 9.277959000000001177e-01 9.277959000000001177e-01 1.019171600000000177e+00
1.412500000000000089e+00 6.437919999999999199e-01 9.299021999999999011e-01 9.299021999999999011e-01 1.018906299999999820e+00
1.417499999999999982e+00 6.377529000000000670e-01 9.324958000000000968e-01 9.324958000000000968e-01 1.018595499999999987e+00
1.422500000000000098e+00 6.377219000000000637e-01 9.348509999999997655e-01 9.348509999999997655e-01 1.018493100000000151e+00
1.427499999999999991e+00 6.346621999999999542e-01 9.378840000000000510e-01 9.378840000000000510e-01 1.018485700000000049e+00
1.432500000000000107e+00 6.363859999999998962e-01 9.408315000000000428e-01 9.408315000000000428e-01 1.018501099999999937e+00
1.437500000000000000e+00 6.408736000000000432e-01 9.437069000000001262e-01 9.437069000000001262e-01 1.018696599999999952e+00
1.442499999999999893e+00 6.467707999999999791e-01 9.468964999999999188e-01 9.468964999999999188e-01 1.018935699999999889e+00
1.447500000000000009e+00 6.542613999999999930e-01 9.505407000000000162e-01 9.505407000000000162e-01 1.019126500000000046e+00
1.452499999999999902e+00 6.659376999999999658e-01 9.535491999999999857e-01 9.535491999999999857e-01 1.019579400000000025e+00
1.457500000000000018e+00 6.733459000000000527e-01 9.572983000000000464e-01 9.572983000000000464e-01 1.019918600000000009e+00
1.462499999999999911e+00 6.854872999999999106e-01 9.604364999999999153e-01 9.604364999999999153e-01 1.020218199999999964e+00
1.467500000000000027e+00 7.018838000000000577e-01 9.637870000000001713e-01 9.637870000000001713e-01 1.020578399999999997e+00
1.472499999999999920e+00 7.154763999999999013e-01 9.670851999999999782e-01 9.670851999999999782e-01 1.020762699999999912e+00
1.477500000000000036e+00 7.311713999999998048e-01 9.707122000000000250e-01 9.707122000000000250e-01 1.021137899999999821e+00
1.482499999999999929e+00 7.468882000000000021e-01 9.737453000000000358e-01 9.737453000000000358e-01 1.021402999999999839e+00
1.487500000000000044e+00 7.626671999999999896e-01 9.769136000000001596e-01 9.769136000000001596e-01 1.021558799999999989e+00
1.492499999999999938e+00 7.788950999999999514e-01 9.800152000000000863e-01 9.800152000000000863e-01 1.021565300000000232e+00
1.497500000000000053e+00 7.940066000000001178e-01 9.830650000000000777e-01 9.830650000000000777e-01 1.021532899999999744e+00
1.502499999999999947e+00 8.063527999999999807e-01 9.866139000000000436e-01 9.866139000000000436e-01 1.021490999999999927e+00
1.507500000000000062e+00 8.204873999999999779e-01 9.894410000000000149e-01 9.894410000000000149e-01 1.021268000000000065e+00
1.512499999999999956e+00 8.307589999999999142e-01 9.924919000000000935e-01 9.924919000000000935e-01 1.020843999999999863e+00
1.517500000000000071e+00 8.370562000000001390e-01 9.955727000000000881e-01 9.955727000000000881e-01 1.020453899999999914e+00
1.522499999999999964e+00 8.427982999999998892e-01 9.995340999999999809e-01 9.995340999999999809e-01 1.019976799999999795e+00
1.527500000000000080e+00 8.467114000000000029e-01 1.002179599999999837e+00 1.002179599999999837e+00 1.019269199999999875e+00
1.532499999999999973e+00 8.516711000000001253e-01 1.005631500000000234e+00 1.005631500000000234e+00 1.018510700000000213e+00
1.537500000000000089e+00 8.555374000000000034e-01 1.009140799999999949e+00 1.009140799999999949e+00 1.017657099999999870e+00
1.542499999999999982e+00 8.524585000000000079e-01 1.012218199999999957e+00 1.012218199999999957e+00 1.016766100000000117e+00
1.547500000000000098e+00 8.555085999999999524e-01 1.016017800000000193e+00 1.016017800000000193e+00 1.015777399999999941e+00
1.552499999999999991e+00 8.520632000000001316e-01 1.019596300000000344e+00 1.019596300000000344e+00 1.014724399999999971e+00
1.557500000000000107e+00 8.496580000000000243e-01 1.023415799999999987e+00 1.023415799999999987e+00 1.013649500000000092e+00
1.562500000000000000e+00 8.456343000000000609e-01 1.027170499999999986e+00 1.027170499999999986e+00 1.012579300000000071e+00
1.567499999999999893e+00 8.455693999999999155e-01 1.031006900000000170e+00 1.031006900000000170e+00 1.011515399999999953e+00
1.572500000000000009e+00 8.408013999999999211e-01 1.034904000000000046e+00 1.034904000000000046e+00 1.010435899999999831e+00
1.577499999999999902e+00 8.338145999999999614e-01 1.039086399999999966e+00 1.039086399999999966e+00 1.009359600000000023e+00
1.582500000000000018e+00 8.334709999999999619e-01 1.042968600000000023e+00 1.042968600000000023e+00 1.008311799999999980e+00
1.587499999999999911e+00 8.269992999999999927e-01 1.047399900000000050e+00 1.047399900000000050e+00 1.007340800000000147e+00
1.592500000000000027e+00 8.254751999999999645e-01 1.051641100000000106e+00 1.051641100000000106e+00 1.006336899999999979e+00
1.597499999999999920e+00 8.239155000000002449e-01 1.056107899999999988e+00 1.056107899999999988e+00 1.005402399999999918e+00
1.602500000000000036e+00 8.179539000000000115e-01 1.060222200000000115e+00 1.060222200000000115e+00 1.004533299999999851e+00
1.607499999999999929e+00 8.172420000000000240e-01 1.065047099999999913e+00 1.065047099999999913e+00 1.003679899999999847e+00
1.612500000000000044e+00 8.154291999999999652e-01 1.069138399999999933e+00 1.069138399999999933e+00 1.002943499999999988e+00
1.617499999999999938e+00 8.158041999999999794e-01 1.073773800000000112e+00 1.073773800000000112e+00 1.002193100000000170e+00
1.622500000000000053e+00 8.161386000000000474e-01 1.078684800000000221e+00 1.078684800000000221e+00 1.001581799999999856e+00
1.627499999999999947e+00 8.146893000000000606e-01 1.083169999999999966e+00 1.083169999999999966e+00 1.000950899999999866e+00
1.632500000000000062e+00 8.166740000000001221e-01 1.087909299999999968e+00 1.087909299999999968e+00 1.000372700000000004e+00
1.637499999999999956e+00 8.177877999999999536e-01 1.092639299999999647e+00 1.092639299999999647e+00 9.999769000000000574e-01
1.642500000000000071e+00 8.193590000000000595e-01 1.097187200000000029e+00 1.097187200000000029e+00 9.995024999999999604e-01
1.647499999999999964e+00 8.217768000000000850e-01 1.101548900000000275e+00 1.101548900000000275e+00 9.991060000000000496e-01
1.652500000000000080e+00 8.225061999999999651e-01 1.105796199999999896e+00 1.105796199999999896e+00 9.987443000000000293e-01
1.657499999999999973e+00 8.261203000000000296e-01 1.109760199999999974e+00 1.109760199999999974e+00 9.984176000000000162e-01
1.662500000000000089e+00 8.271590000000001996e-01 1.113289099999999809e+00 1.113289099999999809e+00 9.982345999999999719e-01
1.667499999999999982e+00 8.321730999999999989e-01 1.116418199999999805e+00 1.116418199999999805e+00 9.979356999999999811e-01
1.672500000000000098e+00 8.353523999999999949e-01 1.118479800000000024e+00 1.118479800000000024e+00 9.977156000000000358e-01
1.677499999999999991e+00 8.382069999999999244e-01 1.120043000000000344e+00 1.120043000000000344e+00 9.975460000000001548e-01
1.682500000000000107e+00 8.410069000000000017e-01 1.120386700000000069e+00 1.120386700000000069e+00 9.973329999999999140e-01
1.687500000000000000e+00 8.463772000000000517e-01 1.119608299999999890e+00 1.119608299999999890e+00 9.971396999999999622e-01
1.692499999999999893e+00 8.535112000000000254e-01 1.117618300000000175e+00 1.117618300000000175e+00 9.970139000000000085e-01
1.697500000000000009e+00 8.560969000000000495e-01 1.114448899999999965e+00 1.114448899999999965e+00 9.968536000000000064e-01
1.702499999999999902e+00 8.632025999999999311e-01 1.110029200000000049e+00 1.110029200000000049e+00 9.966966999999999910e-01
1.707500000000000018e+00 8.683588999999999336e-01 1.104975999999999958e+00 1.104975999999999958e+00 9.966000000000001524e-01
1.712499999999999911e+00 8.767278999999998934e-01 1.098805599999999938e+00 1.098805599999999938e+00 9.963112000000000634e-01
1.717500000000000027e+00 8.790635999999999450e-01 1.092059200000000008e+00 1.092059200000000008e+00 9.961745000000000738e-01
1.722499999999999920e+00 8.883246000000000198e-01 1.084696800000000128e+00 1.084696800000000128e+00 9.960456000000000865e-01
1.727500000000000036e+00 8.949877000000000526e-01 1.077080000000000037e+00 1.077080000000000037e+00 9.958028999999999353e-01
1.732499999999999929e+00 9.043794000000000555e-01 1.069275800000000221e+00 1.069275800000000221e+00 9.956181000000000614e-01
1.737500000000000044e+00 9.126071000000000044e-01 1.061667699999999881e+00 1.061667699999999881e+00 9.953181000000000944e-01
1.742499999999999938e+00 9.223585000000001921e-01 1.053935399999999856e+00 1.053935399999999856e+00 9.950923000000001517e-01
1.747500000000000053e+00 9.309110000000000440e-01 1.046599100000000115e+00 1.046599100000000115e+00 9.948958000000001078e-01
1.752499999999999947e+00 9.395776999999998491e-01 1.039719300000000235e+00 1.039719300000000235e+00 9.946688000000000196e-01
1.757500000000000062e+00 9.461051999999998685e-01 1.033553899999999803e+00 1.033553899999999803e+00 9.944109999999998228e-01
1.762499999999999956e+00 9.612356999999999152e-01 1.027711500000000111e+00 1.027711500000000111e+00 9.940485000000001126e-01
1.767500000000000071e+00 9.687518000000000518e-01 1.022239099999999956e+00 1.022239099999999956e+00 9.938094000000001760e-01
1.772499999999999964e+00 9.820478999999998626e-01 1.017723900000000015e+00 1.017723900000000015e+00 9.935414000000000190e-01
1.777500000000000080e+00 9.923524999999999707e-01 1.013685199999999842e+00 1.013685199999999842e+00 9.932532000000000583e-01
1.782499999999999973e+00 1.005004100000000067e+00 1.010061700000000062e+00 1.010061700000000062e+00 9.929786000000000445e-01
1.787500000000000089e+00 1.016480399999999840e+00 1.007077000000000000e+00 1.007077000000000000e+00 9.927324999999997956e-01
1.792499999999999982e+00 1.027121200000000290e+00 1.004626400000000030e+00 1.004626400000000030e+00 9.925478999999999274e-01
1.797500000000000098e+00 1.036923900000000121e+00 1.002766399999999836e+00 1.002766399999999836e+00 9.923121999999999776e-01
1.802499999999999991e+00 1.047492099999999926e+00 1.001348500000000197e+00 1.001348500000000197e+00 9.920854999999999535e-01
1.807500000000000107e+00 1.057443200000000028e+00 9.999964999999999549e-01 9.999964999999999549e-01 9.917903000000001246e-01
1.812500000000000000e+00 1.065248899999999832e+00 9.992734999999999257e-01 9.992734999999999257e-01 9.916788000000000824e-01
1.817499999999999893e+00 1.066536099999999987e+00 9.988886000000001264e-01 9.988886000000001264e-01 9.915145000000000763e-01
1.822500000000000009e+00 1.068202900000000177e+00 9.986529000000000655e-01 9.986529000000000655e-01 9.913773000000002389e-01
1.827499999999999902e+00 1.067462799999999934e+00 9.987890000000000379e-01 9.987890000000000379e-01 9.912848999999998023e-01
1.832500000000000018e+00 1.068830999999999865e+00 9.994057999999998998e-01 9.994057999999998998e-01 9.911704000000000070e-01
1.837499999999999911e+00 1.065465600000000013e+00 9.997557000000000249e-01 9.997557000000000249e-01 9.910818999999999601e-01
1.842500000000000027e+00 1.060452400000000184e+00 1.000499799999999828e+00 1.000499799999999828e+00 9.910353000000000634e-01
1.847499999999999920e+00 1.057620399999999794e+00 1.001198499999999880e+00 1.001198499999999880e+00 9.910056000000000420e-01
1.852500000000000036e+00 1.051201599999999958e+00 1.002294000000000018e+00 1.002294000000000018e+00 9.909898000000000318e-01
1.857499999999999929e+00 1.045131499999999880e+00 1.003328199999999892e+00 1.003328199999999892e+00 9.910147999999999735e-01
1.862500000000000044e+00 1.042204000000000130e+00 1.004085399999999906e+00 1.004085399999999906e+00 9.911364999999999759e-01
1.867499999999999938e+00 1.037519300000000033e+00 1.004892499999999744e+00 1.004892499999999744e+00 9.911965000000002579e-01
1.872500000000000053e+00 1.038346800000000014e+00 1.005844100000000019e+00 1.005844100000000019e+00 9.912653000000000159e-01
1.877499999999999947e+00 1.034482100000000182e+00 1.006733400000000112e+00 1.006733400000000112e+00 9.913779000000000341e-01
1.882500000000000062e+00 1.037759599999999782e+00 1.007019800000000131e+00 1.007019800000000131e+00 9.914586000000001897e-01
1.887499999999999956e+00 1.040383599999999742e+00 1.007948400000000078e+00 1.007948400000000078e+00 9.915893999999998432e-01
1.892500000000000071e+00 1.044297899999999890e+00 1.008318599999999954e+00 1.008318599999999954e+00 9.918003000000000791e-01
1.897499999999999964e+00 1.052724100000000051e+00 1.008433599999999819e+00 1.008433599999999819e+00 9.919526999999999095e-01
1.902500000000000080e+00 1.059925799999999807e+00 1.008479000000000125e+00 1.008479000000000125e+00 9.920916999999999097e-01
1.907499999999999973e+00 1.069232700000000147e+00 1.008188000000000084e+00 1.008188000000000084e+00 9.922748999999999597e-01
1.912500000000000089e+00 1.080156000000000116e+00 1.007713999999999777e+00 1.007713999999999777e+00 9.924045999999998591e-01
1.917499999999999982e+00 1.092080999999999857e+00 1.007304500000000047e+00 1.007304500000000047e+00 9.926280999999997912e-01
1.922500000000000098e+00 1.102647699999999897e+00 1.006301499999999960e+00 1.006301499999999960e+00 9.928301000000001597e-01
1.927499999999999991e+00 1.114509200000000089e+00 1.005030300000000043e+00 1.005030300000000043e+00 9.930350999999999484e-01
1.932500000000000107e+00 1.126004800000000028e+00 1.003562700000000030e+00 1.003562700000000030e+00 9.932467999999998742e-01
1.937500000000000000e+00 1.136508999999999769e+00 1.001991999999999994e+00 1.001991999999999994e+00 9.933832000000000217e-01
1.942499999999999893e+00 1.146812799999999966e+00 1.000572599999999923e+00 1.000572599999999923e+00 9.935776000000000607e-01
1.947500000000000009e+00 1.154710600000000031e+00 9.986613999999999214e-01 9.986613999999999214e-01 9.938477000000001116e-01
1.952499999999999902e+00 1.166095500000000174e+00 9.966369999999999951e-01 9.966369999999999951e-01 9.940409999999999524e-01
1.957500000000000018e+00 1.172027500000000000e+00 9.949200000000001376e-01 9.949200000000001376e-01 9.942178999999999878e-01
1.962499999999999911e+00 1.175633200000000045e+00 9.925590000000001911e-01 9.925590000000001911e-01 9.944325999999999999e-01
1.967500000000000027e+00 1.179744300000000079e+00 9.902114000000000749e-01 9.902114000000000749e-01 9.945420000000000371e-01
1.972499999999999920e+00 1.184426399999999990e+00 9.882360000000000033e-01 9.882360000000000033e-01 9.947888999999999760e-01
1.977500000000000036e+00 1.190223299999999984e+00 9.863792000000000115e-01 9.863792000000000115e-01 9.949899999999999300e-01
1.982499999999999929e+00 1.191570199999999913e+00 9.843073999999999435e-01 9.843073999999999435e-01 9.951986999999998806e-01
1.987500000000000044e+00 1.194313799999999981e+00 9.826756000000000935e-01 9.826756000000000935e-01 9.953957000000001054e-01
1.992499999999999938e+00 1.195767800000000047e+00 9.807920000000001082e-01 9.807920000000001082e-01 9.955483000000000526e-01
1.997500000000000053e+00 1.195733000000000157e+00 9.791526999999999870e-01 9.791526999999999870e-01 9.957822000000001728e-01
