3.749999999999999861e-03 0.000000000000000000e+00 0.000000000000000000e+00 0.000000000000000000e+00 0.000000000000000000e+00
1.124999999999999958e-02 0.000000000000000000e+00 0.000000000000000000e+00 0.000000000000000000e+00 0.000000000000000000e+00
1.874999999999999931e-02 0.000000000000000000e+00 0.000000000000000000e+00 0.000000000000000000e+00 0.000000000000000000e+00
2.624999999999999903e-02 0.000000000000000000e+00 0.000000000000000000e+00 0.000000000000000000e+00 0.000000000000000000e+00
3.375000000000000222e-02 0.000000000000000000e+00 0.000000000000000000e+00 0.000000000000000000e+00 0.000000000000000000e+00
4.125000000000000194e-02 0.000000000000000000e+00 0.000000000000000000e+00 0.000000000000000000e+00 0.000000000000000000e+00
4.875000000000000167e-02 0.000000000000000000e+00 0.000000000000000000e+00 0.000000000000000000e+00 0.000000000000000000e+00
5.625000000000000139e-02 0.000000000000000000e+00 0.000000000000000000e+00 0.000000000000000000e+00 0.000000000000000000e+00
6.375000000000000111e-02 0.000000000000000000e+00 0.000000000000000000e+00 0.000000000000000000e+00 0.000000000000000000e+00
7.124999999999999389e-02 0.000000000000000000e+00 0.000000000000000000e+00 0.000000000000000000e+00 0.000000000000000000e+00
7.875000000000000056e-02 0.000000000000000000e+00 0.000000000000000000e+00 0.000000000000000000e+00 0.000000000000000000e+00
8.624999999999999334e-02 0.000000000000000000e+00 0.000000000000000000e+00 0.000000000000000000e+00 0.000000000000000000e+00
9.375000000000000000e-02 0.000000000000000000e+00 0.000000000000000000e+00 0.000000000000000000e+00 0.000000000000000000e+00
1.012500000000000067e-01 0.000000000000000000e+00 0.000000000000000000e+00 0.000000000000000000e+00 0.000000000000000000e+00
1.087499999999999994e-01 0.000000000000000000e+00 0.000000000000000000e+00 0.000000000000000000e+00 0.000000000000000000e+00
1.162500000000000061e-01 0.000000000000000000e+00 0.000000000000000000e+00 0.000000000000000000e+00 0.000000000000000000e+00
1.237499999999999989e-01 0.000000000000000000e+00 0.000000000000000000e+00 0.000000000000000000e+00 0.000000000000000000e+00
1.312500000000000056e-01 0.000000000000000000e+00 0.000000000000000000e+00 0.000000000000000000e+00 0.000000000000000000e+00
1.387500000000000122e-01 0.000000000000000000e+00 0.000000000000000000e+00 0.000000000000000000e+00 0.000000000000000000e+00
1.462499999999999911e-01 0.000000000000000000e+00 0.000000000000000000e+00 0.000000000000000000e+00 0.000000000000000000e+00
1.537499999999999978e-01 0.000000000000000000e+00 0.000000000000000000e+00 0.000000000000000000e+00 0.000000000000000000e+00
1.612500000000000044e-01 0.000000000000000000e+00 0.000000000000000000e+00 0.000000000000000000e+00 0.000000000000000000e+00
1.687500000000000111e-01 0.000000000000000000e+00 0.000000000000000000e+00 0.000000000000000000e+00 0.000000000000000000e+00
1.762499999999999900e-01 0.000000000000000000e+00 0.000000000000000000e+00 0.000000000000000000e+00 0.000000000000000000e+00
1.837499999999999967e-01 0.000000000000000000e+00 0.000000000000000000e+00 0.000000000000000000e+00 0.000000000000000000e+00
1.912500000000000033e-01 0.000000000000000000e+00 0.000000000000000000e+00 0.000000000000000000e+00 0.000000000000000000e+00
1.987500000000000100e-01 0.000000000000000000e+00 0.000000000000000000e+00 0.000000000000000000e+00 6.078000000000000286e-04
2.062499999999999889e-01 0.000000000000000000e+00 0.000000000000000000e+00 0.000000000000000000e+00 1.399206000000000061e-01
2.137499999999999956e-01 0.000000000000000000e+00 0.000000000000000000e+00 0.000000000000000000e+00 1.781367999999999840e+00
2.212500000000000022e-01 0.000000000000000000e+00 0.000000000000000000e+00 0.000000000000000000e+00 4.232813400000000392e+00
2.287500000000000089e-01 0.000000000000000000e+00 0.000000000000000000e+00 0.000000000000000000e+00 4.239271899999999427e+00
2.362499999999999878e-01 0.000000000000000000e+00 0.000000000000000000e+00 0.000000000000000000e+00 3.776789500000000466e+00
2.437499999999999944e-01 0.000000000000000000e+00 0.000000000000000000e+00 0.000000000000000000e+00 3.383379500000000206e+00
2.512499999999999734e-01 0.000000000000000000e+00 0.000000000000000000e+00 0.000000000000000000e+00 3.044301199999999596e+00
2.587499999999999800e-01 0.000000000000000000e+00 0.000000000000000000e+00 0.000000000000000000e+00 2.753873399999999805e+00
2.662499999999999867e-01 0.000000000000000000e+00 0.000000000000000000e+00 0.000000000000000000e+00 2.506884400000000124e+00
2.737499999999999933e-01 0.000000000000000000e+00 0.000000000000000000e+00 0.000000000000000000e+00 2.294528199999999796e+00
2.812500000000000000e-01 0.000000000000000000e+00 0.000000000000000000e+00 0.000000000000000000e+00 2.109727199999999581e+00
2.887500000000000067e-01 0.000000000000000000e+00 0.000000000000000000e+00 0.000000000000000000e+00 1.953723000000000098e+00
2.962500000000000133e-01 0.000000000000000000e+00 0.000000000000000000e+00 0.000000000000000000e+00 1.820189099999999893e+00
3.037500000000000200e-01 0.000000000000000000e+00 0.000000000000000000e+00 0.000000000000000000e+00 1.704840000000000133e+00
3.112500000000000266e-01 0.000000000000000000e+00 0.000000000000000000e+00 0.000000000000000000e+00 1.607257099999999994e+00
3.187499999999999778e-01 0.000000000000000000e+00 0.000000000000000000e+00 0.000000000000000000e+00 1.525099900000000286e+00
3.262499999999999845e-01 0.000000000000000000e+00 0.000000000000000000e+00 0.000000000000000000e+00 1.455828300000000075e+00
3.337499999999999911e-01 0.000000000000000000e+00 0.000000000000000000e+00 0.000000000000000000e+00 1.400312999999999919e+00
3.412499999999999978e-01 0.000000000000000000e+00 0.000000000000000000e+00 0.000000000000000000e+00 1.355963299999999983e+00
3.487500000000000044e-01 0.000000000000000000e+00 0.000000000000000000e+00 0.000000000000000000e+00 1.320912899999999945e+00
3.562500000000000111e-01 0.000000000000000000e+00 0.000000000000000000e+00 0.000000000000000000e+00 1.295054799999999950e+00
3.637500000000000178e-01 0.000000000000000000e+00 0.000000000000000000e+00 0.000000000000000000e+00 1.280157500000000059e+00
3.712500000000000244e-01 0.000000000000000000e+00 0.000000000000000000e+00 0.000000000000000000e+00 1.272777100000000106e+00
3.787499999999999756e-01 0.000000000000000000e+00 0.000000000000000000e+00 0.000000000000000000e+00 1.273937700000000284e+00
3.862499999999999822e-01 0.000000000000000000e+00 0.000000000000000000e+00 0.000000000000000000e+00 1.281338199999999983e+00
3.937499999999999889e-01 0.000000000000000000e+00 0.000000000000000000e+00 0.000000000000000000e+00 1.296347200000000033e+00
4.012499999999999956e-01 0.000000000000000000e+00 0.000000000000000000e+00 0.000000000000000000e+00 1.316013499999999947e+00
4.087500000000000022e-01 0.000000000000000000e+00 0.000000000000000000e+00 0.000000000000000000e+00 1.342162000000000299e+00
4.162500000000000089e-01 0.000000000000000000e+00 0.000000000000000000e+00 0.000000000000000000e+00 1.372076400000000085e+00
4.237500000000000155e-01 0.000000000000000000e+00 0.000000000000000000e+00 0.000000000000000000e+00 1.405355299999999863e+00
4.312500000000000222e-01 0.000000000000000000e+00 0.000000000000000000e+00 0.000000000000000000e+00 1.438843399999999884e+00
4.387499999999999734e-01 0.000000000000000000e+00 0.000000000000000000e+00 0.000000000000000000e+00 1.464424699999999913e+00
4.462499999999999800e-01 0.000000000000000000e+00 0.000000000000000000e+00 0.000000000000000000e+00 1.478442899999999893e+00
4.537499999999999867e-01 0.000000000000000000e+00 0.000000000000000000e+00 0.000000000000000000e+00 1.478872399999999754e+00
4.612499999999999933e-01 0.000000000000000000e+00 0.000000000000000000e+00 0.000000000000000000e+00 1.469436199999999859e+00
4.687500000000000000e-01 0.000000000000000000e+00 0.000000000000000000e+00 0.000000000000000000e+00 1.453385600000000055e+00
4.762500000000000067e-01 0.000000000000000000e+00 0.000000000000000000e+00 0.000000000000000000e+00 1.433102100000000156e+00
4.837500000000000133e-01 0.000000000000000000e+00 0.000000000000000000e+00 0.000000000000000000e+00 1.409171600000000080e+00
4.912500000000000200e-01 0.000000000000000000e+00 0.000000000000000000e+00 0.000000000000000000e+00 1.383313399999999804e+00
4.987500000000000266e-01 0.000000000000000000e+00 0.000000000000000000e+00 0.000000000000000000e+00 1.356774799999999948e+00
5.062499999999999778e-01 0.000000000000000000e+00 0.000000000000000000e+00 0.000000000000000000e+00 1.329503800000000124e+00
5.137500000000000400e-01 0.000000000000000000e+00 0.000000000000000000e+00 0.000000000000000000e+00 1.303326600000000113e+00
5.212499999999999911e-01 0.000000000000000000e+00 0.000000000000000000e+00 0.000000000000000000e+00 1.278509199999999790e+00
5.287500000000000533e-01 0.000000000000000000e+00 0.000000000000000000e+00 0.000000000000000000e+00 1.255075300000000116e+00
5.362500000000000044e-01 0.000000000000000000e+00 0.000000000000000000e+00 0.000000000000000000e+00 1.234454700000000127e+00
5.437499999999999556e-01 0.000000000000000000e+00 0.000000000000000000e+00 0.000000000000000000e+00 1.214269199999999937e+00
5.512500000000000178e-01 0.000000000000000000e+00 0.000000000000000000e+00 0.000000000000000000e+00 1.196417999999999981e+00
5.587499999999999689e-01 0.000000000000000000e+00 0.000000000000000000e+00 0.000000000000000000e+00 1.181671399999999927e+00
5.662500000000000311e-01 0.000000000000000000e+00 0.000000000000000000e+00 0.000000000000000000e+00 1.168465599999999993e+00
5.737499999999999822e-01 0.000000000000000000e+00 0.000000000000000000e+00 0.000000000000000000e+00 1.156489199999999773e+00
5.812500000000000444e-01 0.000000000000000000e+00 0.000000000000000000e+00 0.000000000000000000e+00 1.146749500000000088e+00
5.887499999999999956e-01 0.000000000000000000e+00 1.900000000000000105e-05 1.900000000000000105e-05 1.139093099999999970e+00
5.962499999999999467e-01 0.000000000000000000e+00 3.383000000000000373e-04 3.383000000000000373e-04 1.132330199999999953e+00
6.037500000000000089e-01 0.000000000000000000e+00 4.377999999999999947e-03 4.377999999999999947e-03 1.127345899999999901e+00
6.112499999999999600e-01 0.000000000000000000e+00 3.474549999999999861e-02 3.474549999999999861e-02 1.123980399999999991e+00
6.187500000000000222e-01 0.000000000000000000e+00 1.685250999999999832e-01 1.685250999999999832e-01 1.119825100000000129e+00
6.262499999999999734e-01 0.000000000000000000e+00 5.469654000000000460e-01 5.469654000000000460e-01 1.117587300000000061e+00
6.337500000000000355e-01 0.000000000000000000e+00 1.270542400000000072e+00 1.270542400000000072e+00 1.115296199999999960e+00
6.412499999999999867e-01 0.000000000000000000e+00 2.255688800000000160e+00 2.255688800000000160e+00 1.113371799999999912e+00
6.487500000000000488e-01 0.000000000000000000e+00 3.216089200000000314e+00 3.216089200000000314e+00 1.110629300000000041e+00
6.562500000000000000e-01 0.000000000000000000e+00 3.834807500000000147e+00 3.834807500000000147e+00 1.107729699999999928e+00
6.637499999999999512e-01 0.000000000000000000e+00 3.966335399999999733e+00 3.966335399999999733e+00 1.104206800000000044e+00
6.712500000000000133e-01 0.000000000000000000e+00 3.658096000000000458e+00 3.658096000000000458e+00 1.099174899999999955e+00
6.787499999999999645e-01 0.000000000000000000e+00 3.162776999999999727e+00 3.162776999999999727e+00 1.094636799999999965e+00
6.862500000000000266e-01 0.000000000000000000e+00 2.734444100000000155e+00 2.734444100000000155e+00 1.088464800000000121e+00
6.937499999999999778e-01 0.000000000000000000e+00 2.375062999999999924e+00 2.375062999999999924e+00 1.082478999999999969e+00
7.012500000000000400e-01 0.000000000000000000e+00 2.084487100000000037e+00 2.084487100000000037e+00 1.076238800000000051e+00
7.087499999999999911e-01 0.000000000000000000e+00 1.840974800000000133e+00 1.840974800000000133e+00 1.069509899999999902e+00
7.162500000000000533e-01 0.000000000000000000e+00 1.640135000000000121e+00 1.640135000000000121e+00 1.061904399999999971e+00
7.237500000000000044e-01 0.000000000000000000e+00 1.472835600000000245e+00 1.472835600000000245e+00 1.055155000000000065e+00
7.312499999999999556e-01 0.000000000000000000e+00 1.338796199999999992e+00 1.338796199999999992e+00 1.048422700000000152e+00
7.387500000000000178e-01 0.000000000000000000e+00 1.225208999999999993e+00 1.225208999999999993e+00 1.041553200000000068e+00
7.462499999999999689e-01 0.000000000000000000e+00 1.136282699999999979e+00 1.136282699999999979e+00 1.035173299999999852e+00
7.537500000000000311e-01 0.000000000000000000e+00 1.062849999999999850e+00 1.062849999999999850e+00 1.029167800000000188e+00
7.612499999999999822e-01 0.000000000000000000e+00 1.005139800000000028e+00 1.005139800000000028e+00 1.022927800000000165e+00
7.687500000000000444e-01 0.000000000000000000e+00 9.602747999999999839e-01 9.602747999999999839e-01 1.018118000000000078e+00
7.762499999999999956e-01 0.000000000000000000e+00 9.296120999999999412e-01 9.296120999999999412e-01 1.012928099999999887e+00
7.837499999999999467e-01 0.000000000000000000e+00 9.102332000000001866e-01 9.102332000000001866e-01 1.008403300000000113e+00
7.912500000000000089e-01 0.000000000000000000e+00 9.004099999999999326e-01 9.004099999999999326e-01 1.004406799999999933e+00
7.987499999999999600e-01 0.000000000000000000e+00 9.020496000000000070e-01 9.020496000000000070e-01 1.000674799999999864e+00
8.062500000000000222e-01 0.000000000000000000e+00 9.145095000000000862e-01 9.145095000000000862e-01 9.970226999999999284e-01
8.137499999999999734e-01 0.000000000000000000e+00 9.380872000000000099e-01 9.380872000000000099e-01 9.940708999999999795e-01
8.212500000000000355e-01 0.000000000000000000e+00 9.725335999999998871e-01 9.725335999999998871e-01 9.914124999999998078e-01
8.287499999999999867e-01 0.000000000000000000e+00 1.013743000000000283e+00 1.013743000000000283e+00 9.893049999999998789e-01
8.362500000000000488e-01 0.000000000000000000e+00 1.066764700000000010e+00 1.066764700000000010e+00 9.863919000000000992e-01
8.437500000000000000e-01 0.000000000000000000e+00 1.125427100000000014e+00 1.125427100000000014e+00 9.848605999999999749e-01
8.512499999999999512e-01 0.000000000000000000e+00 1.184867499999999962e+00 1.184867499999999962e+00 9.826319000000000026e-01
8.587500000000000133e-01 0.000000000000000000e+00 1.238505799999999768e+00 1.238505799999999768e+00 9.807254999999999168e-01
8.662499999999999645e-01 0.000000000000000000e+00 1.281571900000000097e+00 1.281571900000000097e+00 9.790585999999998901e-01
8.737500000000000266e-01 0.000000000000000000e+00 1.307781800000000105e+00 1.307781800000000105e+00 9.775726999999998501e-01
8.812499999999999778e-01 0.000000000000000000e+00 1.315535799999999922e+00 1.315535799999999922e+00 9.761625999999999914e-01
8.887500000000000400e-01 0.000000000000000000e+00 1.309322399999999664e+00 1.309322399999999664e+00 9.740860000000001184e-01
8.962499999999999911e-01 0.000000000000000000e+00 1.290035999999999961e+00 1.290035999999999961e+00 9.723473999999999728e-01
9.037500000000000533e-01 0.000000000000000000e+00 1.262586000000000208e+00 1.262586000000000208e+00 9.713369999999998949e-01
9.112500000000000044e-01 0.000000000000000000e+00 1.229683399999999871e+00 1.229683399999999871e+00 9.696462000000000137e-01
9.187499999999999556e-01 0.000000000000000000e+00 1.194024399999999764e+00 1.194024399999999764e+00 9.685286999999999091e-01
9.262500000000000178e-01 0.000000000000000000e+00 1.157919900000000002e+00 1.157919900000000002e+00 9.673753000000001601e-01
9.337499999999999689e-01 0.000000000000000000e+00 1.122965599999999897e+00 1.122965599999999897e+00 9.665152999999998551e-01
9.412500000000000311e-01 0.000000000000000000e+00 1.089405899999999816e+00 1.089405899999999816e+00 9.655882000000000076e-01
9.487499999999999822e-01 0.000000000000000000e+00 1.058012799999999975e+00 1.058012799999999975e+00 9.645934000000000452e-01
9.562500000000000444e-01 2.990000000000000172e-05 1.029652599999999918e+00 1.029652599999999918e+00 9.637089999999999268e-01
9.637499999999999956e-01 8.820000000000000257e-05 1.004064300000000021e+00 1.004064300000000021e+00 9.631364000000000036e-01
9.712499999999999467e-01 6.084000000000000432e-04 9.823674999999999491e-01 9.823674999999999491e-01 9.625536000000000092e-01
9.787500000000000089e-01 4.792400000000000479e-03 9.618805000000000271e-01 9.618805000000000271e-01 9.622768000000000432e-01
9.862499999999999600e-01 2.739199999999999968e-02 9.461930000000000618e-01 9.461930000000000618e-01 9.621099000000000734e-01
9.937500000000000222e-01 1.048211000000000004e-01 9.337488000000000454e-01 9.337488000000000454e-01 9.617098000000000591e-01
1.001249999999999973e+00 3.382009000000000265e-01 9.244982000000000477e-01 9.244982000000000477e-01 9.618529000000000106e-01
1.008750000000000036e+00 8.396231999999999029e-01 9.162690999999998365e-01 9.162690999999998365e-01 9.618694999999999329e-01
1.016250000000000098e+00 1.724274699999999827e+00 9.133191999999998867e-01 9.133191999999998867e-01 9.624529000000000556e-01
1.023749999999999938e+00 3.010487999999999609e+00 9.108269999999999422e-01 9.108269999999999422e-01 9.626259999999999817e-01
1.031250000000000000e+00 4.496770899999999571e+00 9.115157999999998761e-01 9.115157999999998761e-01 9.633473999999999648e-01
1.038750000000000062e+00 5.940858099999999808e+00 9.137634000000000034e-01 9.137634000000000034e-01 9.635089999999999488e-01
1.046249999999999902e+00 7.027197899999999997e+00 9.165573999999999666e-01 9.165573999999999666e-01 9.645790999999999116e-01
1.053749999999999964e+00 7.534069999999999823e+00 9.208909999999999041e-01 9.208909999999999041e-01 9.655307999999998003e-01
1.061250000000000027e+00 7.460811200000000198e+00 9.272027000000001573e-01 9.272027000000001573e-01 9.665540999999999716e-01
1.068750000000000089e+00 6.919845700000000654e+00 9.303393000000002022e-01 9.303393000000002022e-01 9.675606999999999402e-01
1.076249999999999929e+00 6.043428899999999437e+00 9.345298000000001881e-01 9.345298000000001881e-01 9.688630000000000297e-01
1.083749999999999991e+00 5.036314299999999911e+00 9.384023999999999699e-01 9.384023999999999699e-01 9.704663999999999513e-01
1.091250000000000053e+00 4.050024300000000466e+00 9.391448000000000018e-01 9.391448000000000018e-01 9.719461000000000350e-01
1.098749999999999893e+00 3.151671700000000076e+00 9.387733999999999801e-01 9.387733999999999801e-01 9.734162000000001758e-01
1.106249999999999956e+00 2.396601700000000168e+00 9.371395000000000142e-01 9.371395000000000142e-01 9.753083999999999643e-01
1.113750000000000018e+00 1.799689399999999662e+00 9.349231000000001179e-01 9.349231000000001179e-01 9.770307999999999771e-01
1.121250000000000080e+00 1.331270399999999743e+00 9.303377999999999926e-01 9.303377999999999926e-01 9.793369999999999020e-01
1.128749999999999920e+00 9.951484000000000441e-01 9.255701000000001732e-01 9.255701000000001732e-01 9.809946999999998862e-01
1.136249999999999982e+00 7.672584000000000071e-01 9.202350999999999726e-01 9.202350999999999726e-01 9.834169000000001493e-01
1.143750000000000044e+00 6.047974000000000405e-01 9.148573999999998207e-01 9.148573999999998207e-01 9.856788999999999135e-01
1.151250000000000107e+00 4.983045999999999864e-01 9.084944999999999826e-01 9.084944999999999826e-01 9.881021000000000942e-01
1.158749999999999947e+00 4.201739000000001001e-01 9.028937999999999686e-01 9.028937999999999686e-01 9.906487000000000487e-01
1.166250000000000009e+00 3.682151000000000174e-01 8.971081999999999113e-01 8.971081999999999113e-01 9.931186000000000735e-01
1.173750000000000071e+00 3.232586000000000070e-01 8.919922999999998492e-01 8.919922999999998492e-01 9.957020999999999233e-01
1.181249999999999911e+00 3.045764000000000249e-01 8.874389000000000305e-01 8.874389000000000305e-01 9.987379000000000673e-01
1.188749999999999973e+00 2.890070999999999612e-01 8.837903000000000286e-01 8.837903000000000286e-01 1.001412399999999980e+00
1.196250000000000036e+00 2.950001000000000428e-01 8.802403000000001976e-01 8.802403000000001976e-01 1.004291000000000045e+00
1.203750000000000098e+00 2.904302999999999746e-01 8.783962000000000714e-01 8.783962000000000714e-01 1.007803299999999957e+00
1.211249999999999938e+00 3.086376000000000119e-01 8.771122000000000085e-01 8.771122000000000085e-01 1.010552800000000140e+00
1.218750000000000000e+00 3.280131999999999493e-01 8.760825000000000973e-01 8.760825000000000973e-01 1.014044299999999899e+00
1.226250000000000062e+00 3.626861000000000113e-01 8.759505000000000763e-01 8.759505000000000763e-01 1.017048900000000033e+00
1.233749999999999902e+00 4.066198000000000867e-01 8.767019999999998703e-01 8.767019999999998703e-01 1.020668399999999920e+00
1.241249999999999964e+00 4.646865000000000023e-01 8.802163999999998989e-01 8.802163999999998989e-01 1.023981400000000042e+00
1.248750000000000027e+00 5.397335999999999245e-01 8.827714999999999312e-01 8.827714999999999312e-01 1.027623599999999637e+00
1.256250000000000089e+00 6.332895000000000607e-01 8.853051000000000670e-01 8.853051000000000670e-01 1.031272299999999920e+00
1.263749999999999929e+00 7.379393999999999121e-01 8.889073000000001779e-01 8.889073000000001779e-01 1.035047599999999957e+00
1.271249999999999991e+00 8.668339000000001571e-01 8.933291999999999344e-01 8.933291999999999344e-01 1.038484099999999799e+00
1.278750000000000053e+00 9.748978999999999839e-01 8.979014000000000717e-01 8.979014000000000717e-01 1.041549300000000011e+00
1.286249999999999893e+00 1.081133500000000192e+00 9.008211000000001523e-01 9.008211000000001523e-01 1.044142399999999915e+00
1.293749999999999956e+00 1.153075500000000142e+00 9.057144000000001416e-01 9.057144000000001416e-01 1.045571199999999923e+00
1.301250000000000018e+00 1.209364200000000000e+00 9.093018000000000489e-01 9.093018000000000489e-01 1.046239600000000047e+00
1.308750000000000080e+00 1.215597900000000120e+00 9.116570000000001617e-01 9.116570000000001617e-01 1.045485500000000068e+00
1.316249999999999920e+00 1.189638999999999669e+00 9.164423999999999904e-01 9.164423999999999904e-01 1.044329099999999899e+00
1.323749999999999982e+00 1.138051900000000005e+00 9.172333000000000292e-01 9.172333000000000292e-01 1.042071500000000039e+00
1.331250000000000044e+00 1.082999500000000115e+00 9.199228999999998768e-01 9.199228999999998768e-01 1.039206899999999933e+00
1.338750000000000107e+00 1.007546300000000006e+00 9.203559999999999519e-01 9.203559999999999519e-01 1.036111900000000086e+00
1.346249999999999947e+00 9.508462000000001968e-01 9.208227999999998303e-01 9.208227999999998303e-01 1.032998500000000153e+00
1.353750000000000009e+00 8.823643999999999377e-01 9.218434999999999269e-01 9.218434999999999269e-01 1.029943400000000064e+00
1.361250000000000071e+00 8.302986999999999451e-01 9.227703000000000433e-01 9.227703000000000433e-01 1.027008899999999780e+00
1.368749999999999911e+00 7.753214000000001604e-01 9.232571999999998891e-01 9.232571999999998891e-01 1.024674700000000049e+00
1.376249999999999973e+00 7.351961000000000190e-01 9.235956000000001831e-01 9.235956000000001831e-01 1.022463899999999981e+00
1.383750000000000036e+00 6.974629000000001078e-01 9.257523000000003055e-01 9.257523000000003055e-01 1.020467999999999709e+00
1.391250000000000098e+00 6.704375999999999669e-01 9.271215000000001538e-01 9.271215000000001538e-01 1.018971499999999919e+00
1.398749999999999938e+00 6.370227000000000528e-01 9.295883000000000340e-01 9.295883000000000340e-01 1.017819699999999994e+00
1.406250000000000000e+00 6.260448999999999042e-01 9.325527999999998485e-01 9.325527999999998485e-01 1.017169100000000048e+00
1.413750000000000062e+00 6.115038999999999891e-01 9.353291999999999717e-01 9.353291999999999717e-01 1.016632299999999933e+00
1.421249999999999902e+00 6.077322999999998920e-01 9.392606999999999484e-01 9.392606999999999484e-01 1.016374200000000005e+00
1.428749999999999964e+00 6.029883999999998689e-01 9.431123000000001255e-01 9.431123000000001255e-01 1.016354000000000202e+00
1.436250000000000027e+00 6.083119999999999639e-01 9.486592999999998721e-01 9.486592999999998721e-01 1.016156599999999965e+00
1.443750000000000089e+00 6.167312999999999823e-01 9.534957999999997824e-01 9.534957999999997824e-01 1.016476799999999958e+00
1.451249999999999929e+00 6.353240999999998362e-01 9.590399000000001672e-01 9.590399000000001672e-01 1.017018599999999884e+00
1.458749999999999991e+00 6.461063000000000223e-01 9.644678000000000972e-01 9.644678000000000972e-01 1.017384700000000031e+00
1.466250000000000053e+00 6.669818999999999054e-01 9.683996000000000270e-01 9.683996000000000270e-01 1.017828100000000013e+00
1.473749999999999893e+00 6.897278000000000020e-01 9.738699000000000661e-01 9.738699000000000661e-01 1.018059899999999907e+00
1.481249999999999956e+00 7.111577000000000037e-01 9.785961000000000798e-01 9.785961000000000798e-01 1.018739999999999757e+00
1.488750000000000018e+00 7.357715999999999701e-01 9.839655999999999958e-01 9.839655999999999958e-01 1.018931500000000101e+00
1.496250000000000080e+00 7.651429999999999065e-01 9.883357000000000392e-01 9.883357000000000392e-01 1.018899100000000058e+00
1.503749999999999920e+00 7.847690000000000499e-01 9.929796000000001843e-01 9.929796000000001843e-01 1.018909499999999912e+00
1.511249999999999982e+00 8.019823999999999842e-01 9.979647000000000379e-01 9.979647000000000379e-01 1.018637699999999979e+00
1.518750000000000044e+00 8.196124000000001297e-01 1.001428399999999996e+00 1.001428399999999996e+00 1.017786199999999974e+00
1.526250000000000107e+00 8.278950000000000475e-01 1.006025100000000005e+00 1.006025100000000005e+00 1.016770399999999963e+00
1.533749999999999947e+00 8.361627999999999838e-01 1.010403200000000279e+00 1.010403200000000279e+00 1.015878999999999976e+00
1.541250000000000009e+00 8.368916000000000688e-01 1.017085499999999865e+00 1.017085499999999865e+00 1.014536199999999999e+00
1.548750000000000071e+00 8.377147999999999817e-01 1.021405899999999978e+00 1.021405899999999978e+00 1.012943200000000044e+00
1.556249999999999911e+00 8.354932999999998833e-01 1.027494600000000258e+00 1.027494600000000258e+00 1.011567800000000128e+00
1.563749999999999973e+00 8.293868999999999270e-01 1.033040300000000133e+00 1.033040300000000133e+00 1.010095199999999860e+00
1.571250000000000036e+00 8.285609999999999919e-01 1.038595300000000110e+00 1.038595300000000110e+00 1.008514800000000156e+00
1.578750000000000098e+00 8.261782999999999211e-01 1.044558000000000098e+00 1.044558000000000098e+00 1.007037300000000135e+00
1.586249999999999938e+00 8.275723999999999858e-01 1.050896499999999900e+00 1.050896499999999900e+00 1.005407200000000056e+00
1.593750000000000000e+00 8.218998000000000692e-01 1.057087600000000016e+00 1.057087600000000016e+00 1.003959999999999742e+00
1.601250000000000062e+00 8.131633000000000333e-01 1.063183699999999954e+00 1.063183699999999954e+00 1.003108900000000192e+00
1.608749999999999902e+00 8.159784999999999400e-01 1.069724499999999967e+00 1.069724499999999967e+00 1.001630699999999985e+00
1.616249999999999964e+00 8.120114000000000498e-01 1.076711199999999868e+00 1.076711199999999868e+00 1.000669899999999890e+00
1.623750000000000027e+00 8.169755000000000766e-01 1.083458699999999997e+00 1.083458699999999997e+00 9.997244000000001796e-01
1.631250000000000089e+00 8.160323000000000437e-01 1.090464499999999948e+00 1.090464499999999948e+00 9.990022999999998987e-01
1.638749999999999929e+00 8.241897000000000251e-01 1.096686399999999839e+00 1.096686399999999839e+00 9.983714000000001310e-01
1.646249999999999991e+00 8.190968999999999056e-01 1.104253399999999941e+00 1.104253399999999941e+00 9.977330999999998173e-01
1.653750000000000053e+00 8.227954000000000656e-01 1.110855200000000043e+00 1.110855200000000043e+00 9.972084000000001058e-01
1.661249999999999893e+00 8.228787000000000740e-01 1.117052200000000051e+00 1.117052200000000051e+00 9.968660000000000299e-01
1.668749999999999956e+00 8.320635000000000669e-01 1.120500300000000227e+00 1.120500300000000227e+00 9.966150999999999760e-01
1.676250000000000018e+00 8.323661999999998340e-01 1.123629299999999942e+00 1.123629299999999942e+00 9.963459000000000065e-01
1.683750000000000080e+00 8.378551999999999111e-01 1.123315600000000192e+00 1.123315600000000192e+00 9.961732999999999283e-01
1.691249999999999920e+00 8.469972000000000056e-01 1.121613900000000275e+00 1.121613900000000275e+00 9.960609000000000268e-01
1.698749999999999982e+00 8.539476000000000289e-01 1.116721000000000075e+00 1.116721000000000075e+00 9.957281000000000049e-01
1.706250000000000044e+00 8.607245999999999508e-01 1.109428799999999882e+00 1.109428799999999882e+00 9.955469999999999597e-01
1.713750000000000107e+00 8.790371000000000157e-01 1.099575300000000144e+00 1.099575300000000144e+00 9.956315000000000026e-01
1.721249999999999947e+00 8.830521000000001175e-01 1.088282199999999644e+00 1.088282199999999644e+00 9.953029000000001014e-01
1.728750000000000009e+00 8.878241000000001160e-01 1.076355400000000184e+00 1.076355400000000184e+00 9.952254000000000378e-01
1.736250000000000071e+00 9.085170000000000190e-01 1.064533600000000080e+00 1.064533600000000080e+00 9.947210999999999137e-01
1.743749999999999911e+00 9.257927000000000239e-01 1.052784999999999860e+00 1.052784999999999860e+00 9.945268999999999915e-01
1.751249999999999973e+00 9.394254999999999134e-01 1.041553900000000032e+00 1.041553900000000032e+00 9.942594000000000154e-01
1.758750000000000036e+00 9.541442000000002199e-01 1.030546999999999880e+00 1.030546999999999880e+00 9.938350999999998603e-01
1.766250000000000098e+00 9.712248999999999466e-01 1.022209000000000145e+00 1.022209000000000145e+00 9.936262000000001260e-01
1.773749999999999938e+00 9.999436999999999909e-01 1.014919099999999741e+00 1.014919099999999741e+00 9.932389000000000356e-01
1.781250000000000000e+00 1.017155100000000090e+00 1.008577199999999952e+00 1.008577199999999952e+00 9.929621000000000697e-01
1.788750000000000062e+00 1.037161100000000058e+00 1.004134799999999883e+00 1.004134799999999883e+00 9.924790999999999475e-01
1.796249999999999902e+00 1.059084799999999715e+00 9.997854999999999936e-01 9.997854999999999936e-01 9.923533000000001048e-01
1.803749999999999964e+00 1.076442700000000086e+00 9.973739000000000354e-01 9.973739000000000354e-01 9.920124000000001274e-01
1.811250000000000027e+00 1.090528500000000012e+00 9.962565999999999367e-01 9.962565999999999367e-01 9.918345000000000633e-01
1.818750000000000089e+00 1.096662999999999943e+00 9.958500999999999603e-01 9.958500999999999603e-01 9.916510000000000602e-01
1.826249999999999929e+00 1.105413100000000037e+00 9.952143999999998325e-01 9.952143999999998325e-01 9.913964999999999028e-01
1.833749999999999991e+00 1.100485399999999725e+00 9.947573000000000665e-01 9.947573000000000665e-01 9.913309000000000148e-01
1.841250000000000053e+00 1.093561400000000017e+00 9.964552000000000964e-01 9.964552000000000964e-01 9.913914000000001447e-01
1.848749999999999893e+00 1.078534499999999952e+00 9.969052999999998832e-01 9.969052999999998832e-01 9.914865999999999957e-01
1.856249999999999956e+00 1.072247600000000078e+00 9.986825000000001396e-01 9.986825000000001396e-01 9.915979000000000321e-01
1.863750000000000018e+00 1.060496199999999778e+00 1.000796100000000077e+00 1.000796100000000077e+00 9.918955000000000410e-01
1.871250000000000080e+00 1.048898200000000003e+00 1.001598800000000011e+00 1.001598800000000011e+00 9.919744000000001449e-01
1.878749999999999920e+00 1.044930399999999926e+00 1.002211199999999858e+00 1.002211199999999858e+00 9.920120000000001159e-01
1.886249999999999982e+00 1.049633099999999875e+00 1.002866199999999930e+00 1.002866199999999930e+00 9.923490000000001476e-01
1.893750000000000044e+00 1.056544900000000009e+00 1.004108199999999895e+00 1.004108199999999895e+00 9.926694000000001461e-01
1.901250000000000107e+00 1.060245700000000069e+00 1.004199300000000017e+00 1.004199300000000017e+00 9.929214999999999014e-01
1.908749999999999947e+00 1.075917199999999907e+00 1.003270600000000012e+00 1.003270600000000012e+00 9.931708999999999676e-01
1.916250000000000009e+00 1.095270300000000141e+00 1.002189999999999914e+00 1.002189999999999914e+00 9.933726000000000500e-01
1.923750000000000071e+00 1.120218999999999854e+00 1.001659999999999995e+00 1.001659999999999995e+00 9.939308000000000032e-01
1.931249999999999911e+00 1.136101900000000109e+00 9.998331000000000301e-01 9.998331000000000301e-01 9.940488000000000657e-01
1.938749999999999973e+00 1.157573500000000033e+00 9.969806999999999420e-01 9.969806999999999420e-01 9.945492000000000221e-01
1.946250000000000036e+00 1.174914899999999873e+00 9.949095999999999496e-01 9.949095999999999496e-01 9.948166000000000508e-01
1.953750000000000098e+00 1.188584599999999991e+00 9.920588999999999658e-01 9.920588999999999658e-01 9.952144000000000545e-01
1.961249999999999938e+00 1.197187199999999896e+00 9.889533000000000351e-01 9.889533000000000351e-01 9.955538999999999916e-01
1.968750000000000000e+00 1.205406100000000036e+00 9.854594999999999327e-01 9.854594999999999327e-01 9.957478000000001828e-01
1.976250000000000062e+00 1.209106800000000037e+00 9.822258999999998741e-01 9.822258999999998741e-01 9.960864000000000384e-01
1.983749999999999902e+00 1.209112999999999882e+00 9.793365999999998905e-01 9.793365999999998905e-01 9.965046000000000737e-01
1.991249999999999964e+00 1.211779599999999846e+00 9.771699000000000357e-01 9.771699000000000357e-01 9.966577000000000908e-01
1.998750000000000027e+00 1.213948299999999980e+00 9.743064999999997422e-01 9.743064999999997422e-01 9.971088999999999647e-01
2.006250000000000089e+00 1.218874899999999872e+00 9.720164000000000026e-01 9.720164000000000026e-01 9.974015999999998883e-01
2.013749999999999929e+00 1.226383300000000176e+00 9.709098000000000450e-01 9.709098000000000450e-01 9.976793999999999940e-01
2.021250000000000213e+00 1.237064800000000186e+00 9.691221000000000974e-01 9.691221000000000974e-01 9.979836000000000817e-01
2.028750000000000053e+00 1.245330699999999791e+00 9.679212000000001481e-01 9.679212000000001481e-01 9.983008999999999356e-01
2.036249999999999893e+00 1.260032499999999889e+00 9.671594000000001135e-01 9.671594000000001135e-01 9.985800999999998595e-01
2.043750000000000178e+00 1.269702600000000015e+00 9.673048999999999120e-01 9.673048999999999120e-01 9.989432999999998675e-01
2.051250000000000018e+00 1.278846999999999845e+00 9.668821000000000776e-01 9.668821000000000776e-01 9.994490000000000318e-01
2.058749999999999858e+00 1.284742899999999910e+00 9.674568999999999530e-01 9.674568999999999530e-01 9.998492999999999409e-01
2.066250000000000142e+00 1.287466699999999964e+00 9.674521999999999844e-01 9.674521999999999844e-01 1.000309099999999951e+00
2.073749999999999982e+00 1.284900299999999884e+00 9.676541999999999089e-01 9.676541999999999089e-01 1.000556299999999954e+00
2.081249999999999822e+00 1.278451400000000016e+00 9.686336000000000945e-01 9.686336000000000945e-01 1.001170899999999975e+00
2.088750000000000107e+00 1.259515700000000127e+00 9.691043000000000296e-01 9.691043000000000296e-01 1.001610700000000076e+00
2.096249999999999947e+00 1.239965800000000007e+00 9.695008000000001624e-01 9.695008000000001624e-01 1.001909499999999786e+00
2.103749999999999787e+00 1.201175199999999998e+00 9.716413000000001521e-01 9.716413000000001521e-01 1.002364899999999892e+00
2.111250000000000071e+00 1.165993500000000127e+00 9.715601999999998739e-01 9.715601999999998739e-01 1.002759399999999967e+00
2.118749999999999911e+00 1.123529900000000081e+00 9.729730999999999241e-01 9.729730999999999241e-01 1.003331800000000218e+00
2.126250000000000195e+00 1.085394700000000157e+00 9.739392999999999523e-01 9.739392999999999523e-01 1.003828799999999966e+00
2.133750000000000036e+00 1.044351900000000111e+00 9.744298999999999600e-01 9.744298999999999600e-01 1.004189100000000057e+00
2.141249999999999876e+00 1.007325300000000201e+00 9.747643999999999753e-01 9.747643999999999753e-01 1.004525700000000077e+00
2.148750000000000160e+00 9.670783000000000573e-01 9.756968000000000307e-01 9.756968000000000307e-01 1.004677500000000112e+00
2.156250000000000000e+00 9.394677999999998530e-01 9.763879000000000863e-01 9.763879000000000863e-01 1.005079900000000137e+00
2.163749999999999840e+00 9.112588999999999828e-01 9.765226000000000184e-01 9.765226000000000184e-01 1.005454799999999871e+00
2.171250000000000124e+00 8.981576999999999478e-01 9.771186999999998957e-01 9.771186999999998957e-01 1.005813499999999916e+00
2.178749999999999964e+00 8.745936000000000821e-01 9.771715999999999180e-01 9.771715999999999180e-01 1.006011200000000105e+00
2.186249999999999805e+00 8.679742999999999764e-01 9.770251999999999271e-01 9.770251999999999271e-01 1.006345000000000045e+00
2.193750000000000089e+00 8.663650000000000517e-01 9.777677000000000174e-01 9.777677000000000174e-01 1.006675999999999904e+00
2.201249999999999929e+00 8.640751999999999322e-01 9.782876999999998713e-01 9.782876999999998713e-01 1.006990500000000122e+00
2.208750000000000213e+00 8.618354999999999766e-01 9.786691999999999059e-01 9.786691999999999059e-01 1.007057199999999986e+00
2.216250000000000053e+00 8.661828000000000305e-01 9.788070000000000936e-01 9.788070000000000936e-01 1.007502799999999921e+00
2.223749999999999893e+00 8.693463999999998526e-01 9.789646999999999100e-01 9.789646999999999100e-01 1.007538299999999998e+00
2.231250000000000178e+00 8.789967000000000752e-01 9.795035999999999188e-01 9.795035999999999188e-01 1.007651600000000203e+00
2.238750000000000018e+00 8.860882999999999399e-01 9.803219999999999157e-01 9.803219999999999157e-01 1.007911199999999896e+00
2.246249999999999858e+00 8.918850999999999862e-01 9.812557999999999003e-01 9.812557999999999003e-01 1.007880799999999910e+00
2.253750000000000142e+00 8.998931999999998377e-01 9.816870999999999237e-01 9.816870999999999237e-01 1.008081299999999958e+00
2.261249999999999982e+00 9.108164999999999178e-01 9.825327999999998729e-01 9.825327999999998729e-01 1.008055299999999876e+00
2.268749999999999822e+00 9.184116999999998310e-01 9.837631000000000014e-01 9.837631000000000014e-01 1.008156499999999900e+00
2.276250000000000107e+00 9.283925999999999013e-01 9.847561000000000231e-01 9.847561000000000231e-01 1.008174299999999857e+00
2.283749999999999947e+00 9.360273000000001176e-01 9.858166000000000428e-01 9.858166000000000428e-01 1.008092700000000175e+00
2.291249999999999787e+00 9.441251999999999978e-01 9.862999000000000072e-01 9.862999000000000072e-01 1.008095600000000092e+00
2.298750000000000071e+00 9.544869999999999743e-01 9.880352999999999497e-01 9.880352999999999497e-01 1.007915700000000081e+00
2.306249999999999911e+00 9.552147999999999195e-01 9.889168000000001513e-01 9.889168000000001513e-01 1.007716500000000126e+00
2.313750000000000195e+00 9.577764999999998086e-01 9.897902999999999007e-01 9.897902999999999007e-01 1.007468199999999925e+00
2.321250000000000036e+00 9.627499000000000473e-01 9.912164999999999448e-01 9.912164999999999448e-01 1.007421099999999736e+00
2.328749999999999876e+00 9.591687999999999326e-01 9.925887000000001015e-01 9.925887000000001015e-01 1.007167600000000052e+00
2.336250000000000160e+00 9.588730999999999227e-01 9.941231999999999847e-01 9.941231999999999847e-01 1.006729699999999950e+00
2.343750000000000000e+00 9.580842999999999998e-01 9.947384999999998589e-01 9.947384999999998589e-01 1.006635500000000016e+00
2.351249999999999840e+00 9.585114999999998497e-01 9.964286999999998340e-01 9.964286999999998340e-01 1.006385600000000213e+00
2.358750000000000124e+00 9.547096999999998834e-01 9.972438999999999609e-01 9.972438999999999609e-01 1.005864199999999986e+00
2.366249999999999964e+00 9.434109000000001632e-01 9.979213999999998475e-01 9.979213999999998475e-01 1.005582700000000163e+00
2.373749999999999805e+00 9.357322000000000140e-01 9.998704000000000480e-01 9.998704000000000480e-01 1.005276899999999918e+00
2.381250000000000089e+00 9.303146000000002136e-01 1.000639800000000079e+00 1.000639800000000079e+00 1.004771199999999975e+00
2.388749999999999929e+00 9.294815999999999079e-01 1.002116800000000030e+00 1.002116800000000030e+00 1.004592499999999999e+00
2.396250000000000213e+00 9.250288999999998207e-01 1.002890799999999860e+00 1.002890799999999860e+00 1.004326599999999958e+00
2.403750000000000053e+00 9.197289000000001824e-01 1.003446599999999744e+00 1.003446599999999744e+00 1.004138899999999834e+00
2.411249999999999893e+00 9.168079999999999563e-01 1.004453999999999958e+00 1.004453999999999958e+00 1.003684800000000266e+00
2.418750000000000178e+00 9.179788999999999310e-01 1.005036299999999994e+00 1.005036299999999994e+00 1.003501100000000257e+00
2.426250000000000018e+00 9.118017999999998846e-01 1.005822600000000122e+00 1.005822600000000122e+00 1.003117599999999943e+00
2.433749999999999858e+00 9.126362000000000085e-01 1.006120399999999915e+00 1.006120399999999915e+00 1.002925399999999856e+00
2.441250000000000142e+00 9.126402999999999599e-01 1.007631600000000072e+00 1.007631600000000072e+00 1.002893699999999999e+00
2.448749999999999982e+00 9.158494999999999830e-01 1.008177799999999902e+00 1.008177799999999902e+00 1.002625800000000122e+00
2.456249999999999822e+00 9.169640999999998376e-01 1.009068900000000157e+00 1.009068900000000157e+00 1.002634899999999885e+00
2.463750000000000107e+00 9.217041000000001372e-01 1.009583299999999850e+00 1.009583299999999850e+00 1.002370900000000065e+00
2.471249999999999947e+00 9.275641999999997278e-01 1.009911300000000178e+00 1.009911300000000178e+00 1.002080500000000152e+00
2.478749999999999787e+00 9.295161000000000673e-01 1.010600499999999791e+00 1.010600499999999791e+00 1.002050400000000119e+00
2.486250000000000071e+00 9.345972000000000168e-01 1.011321700000000101e+00 1.011321700000000101e+00 1.001998900000000026e+00
2.493749999999999911e+00 9.454365000000001240e-01 1.012195699999999920e+00 1.012195699999999920e+00 1.001755500000000021e+00
2.501250000000000195e+00 9.460954999999999782e-01 1.011973699999999976e+00 1.011973699999999976e+00 1.001793200000000050e+00
2.508750000000000036e+00 9.513673999999998632e-01 1.012468299999999877e+00 1.012468299999999877e+00 1.001450100000000010e+00
2.516249999999999876e+00 9.521137000000001738e-01 1.012861800000000034e+00 1.012861800000000034e+00 1.001387800000000050e+00
2.523750000000000160e+00 9.600895999999998764e-01 1.013474299999999939e+00 1.013474299999999939e+00 1.001290200000000130e+00
2.531250000000000000e+00 9.628236000000001127e-01 1.013499600000000056e+00 1.013499600000000056e+00 1.000987300000000024e+00
2.538749999999999840e+00 9.650420999999997917e-01 1.014167299999999994e+00 1.014167299999999994e+00 1.000922800000000112e+00
2.546250000000000124e+00 9.729883000000001392e-01 1.014654699999999909e+00 1.014654699999999909e+00 1.000675800000000004e+00
2.553749999999999964e+00 9.779623000000000621e-01 1.015046999999999811e+00 1.015046999999999811e+00 1.000525100000000167e+00
2.561249999999999805e+00 9.793167999999999873e-01 1.015210400000000179e+00 1.015210400000000179e+00 1.000418199999999924e+00
2.568750000000000089e+00 9.818809999999998928e-01 1.015746500000000108e+00 1.015746500000000108e+00 1.000113900000000111e+00
2.576249999999999929e+00 9.855269999999999309e-01 1.016072299999999817e+00 1.016072299999999817e+00 9.999578000000000078e-01
2.583750000000000213e+00 9.874688000000000354e-01 1.016326000000000063e+00 1.016326000000000063e+00 9.998137000000000274e-01
2.591250000000000053e+00 9.850982000000000349e-01 1.016009299999999893e+00 1.016009299999999893e+00 9.995350000000000623e-01
2.598749999999999893e+00 9.851824000000000137e-01 1.016240599999999938e+00 1.016240599999999938e+00 9.993968000000000851e-01
2.606250000000000178e+00 9.842715999999999132e-01 1.016011600000000126e+00 1.016011600000000126e+00 9.992560999999999805e-01
2.613750000000000018e+00 9.879951000000000150e-01 1.016444000000000347e+00 1.016444000000000347e+00 9.990638000000000574e-01
2.621249999999999858e+00 9.889398000000000355e-01 1.016610699999999756e+00 1.016610699999999756e+00 9.988262000000001084e-01
2.628750000000000142e+00 9.922145999999999466e-01 1.015690399999999993e+00 1.015690399999999993e+00 9.986852999999999980e-01
2.636249999999999982e+00 9.900999000000000327e-01 1.015612100000000018e+00 1.015612100000000018e+00 9.986055999999999822e-01
2.643749999999999822e+00 9.941672000000000287e-01 1.015352400000000044e+00 1.015352400000000044e+00 9.985928999999998945e-01
2.651250000000000107e+00 9.974649999999998240e-01 1.014341299999999890e+00 1.014341299999999890e+00 9.984487000000001888e-01
2.658749999999999947e+00 9.983360999999998375e-01 1.013905599999999962e+00 1.013905599999999962e+00 9.984080000000000732e-01
2.666249999999999787e+00 1.004090600000000055e+00 1.013091100000000022e+00 1.013091100000000022e+00 9.982786000000001270e-01
2.673750000000000071e+00 1.003538100000000099e+00 1.012912800000000058e+00 1.012912800000000058e+00 9.982362999999999653e-01
2.681249999999999911e+00 1.002257200000000292e+00 1.012423600000000201e+00 1.012423600000000201e+00 9.983242999999998313e-01
2.688750000000000195e+00 1.006358199999999981e+00 1.011623600000000067e+00 1.011623600000000067e+00 9.981817999999998969e-01
2.696250000000000036e+00 1.012081999999999926e+00 1.010950400000000027e+00 1.010950400000000027e+00 9.982773999999998704e-01
2.703749999999999876e+00 1.010048599999999963e+00 1.010019900000000082e+00 1.010019900000000082e+00 9.982424999999996995e-01
2.711250000000000160e+00 1.010226700000000033e+00 1.008481700000000369e+00 1.008481700000000369e+00 9.982558000000001375e-01
2.718750000000000000e+00 1.019142299999999945e+00 1.007711999999999941e+00 1.007711999999999941e+00 9.983391999999999822e-01
2.726249999999999840e+00 1.019987799999999778e+00 1.006707000000000019e+00 1.006707000000000019e+00 9.982286000000000215e-01
2.733750000000000124e+00 1.026454899999999837e+00 1.005180699999999927e+00 1.005180699999999927e+00 9.983984000000001302e-01
2.741249999999999964e+00 1.023471100000000078e+00 1.004451599999999889e+00 1.004451599999999889e+00 9.983096000000000192e-01
2.748749999999999805e+00 1.029452999999999951e+00 1.003037700000000143e+00 1.003037700000000143e+00 9.985052999999999290e-01
2.756250000000000089e+00 1.029160500000000145e+00 1.002332099999999837e+00 1.002332099999999837e+00 9.983929000000001386e-01
2.763749999999999929e+00 1.031278099999999975e+00 1.000600299999999887e+00 1.000600299999999887e+00 9.984281999999999879e-01
2.771250000000000213e+00 1.037548900000000218e+00 9.994140000000001356e-01 9.994140000000001356e-01 9.985176000000001162e-01
2.778750000000000053e+00 1.034004899999999783e+00 9.990999000000000407e-01 9.990999000000000407e-01 9.985706999999999223e-01
2.786249999999999893e+00 1.037742300000000117e+00 9.977195000000002034e-01 9.977195000000002034e-01 9.985779999999999657e-01
2.793750000000000178e+00 1.042250999999999816e+00 9.969300999999999302e-01 9.969300999999999302e-01 9.986627999999999616e-01
2.801250000000000018e+00 1.044004800000000177e+00 9.965481000000000478e-01 9.965481000000000478e-01 9.987023999999999901e-01
2.808749999999999858e+00 1.041568099999999886e+00 9.954518000000002198e-01 9.954518000000002198e-01 9.988236999999999810e-01
2.816250000000000142e+00 1.045285799999999821e+00 9.950627999999998030e-01 9.950627999999998030e-01 9.988367000000000218e-01
2.823749999999999982e+00 1.046759599999999901e+00 9.947582000000000368e-01 9.947582000000000368e-01 9.989171999999999496e-01
2.831249999999999822e+00 1.045550700000000166e+00 9.941822000000000159e-01 9.941822000000000159e-01 9.989573000000000480e-01
2.838750000000000107e+00 1.044723400000000080e+00 9.937685999999998909e-01 9.937685999999998909e-01 9.990609000000001405e-01
2.846249999999999947e+00 1.044800800000000196e+00 9.935693999999998249e-01 9.935693999999998249e-01 9.990760999999999115e-01
2.853749999999999787e+00 1.044648199999999694e+00 9.932784999999999531e-01 9.932784999999999531e-01 9.991109000000000240e-01
2.861250000000000071e+00 1.044783299999999970e+00 9.937252999999998115e-01 9.937252999999998115e-01 9.993666000000001048e-01
2.868749999999999911e+00 1.042282799999999954e+00 9.931969999999999965e-01 9.931969999999999965e-01 9.993359999999998911e-01
2.876250000000000195e+00 1.039972399999999908e+00 9.933303999999999467e-01 9.933303999999999467e-01 9.992988000000000426e-01
2.883750000000000036e+00 1.040172800000000120e+00 9.935798000000000130e-01 9.935798000000000130e-01 9.994825999999999988e-01
2.891249999999999876e+00 1.036532400000000020e+00 9.934779999999999722e-01 9.934779999999999722e-01 9.995399000000000367e-01
2.898750000000000160e+00 1.036622900000000014e+00 9.936548000000000602e-01 9.936548000000000602e-01 9.997056000000000830e-01
2.906250000000000000e+00 1.037213199999999835e+00 9.935186000000001405e-01 9.935186000000001405e-01 9.998269000000000739e-01
2.913749999999999840e+00 1.037432999999999828e+00 9.934919999999998197e-01 9.934919999999998197e-01 9.999475999999999365e-01
2.921250000000000124e+00 1.031190499999999899e+00 9.932771999999999712e-01 9.932771999999999712e-01 9.999393000000000864e-01
2.928749999999999964e+00 1.037901200000000079e+00 9.931486999999998844e-01 9.931486999999998844e-01 1.000132499999999869e+00
2.936249999999999805e+00 1.032529900000000112e+00 9.931660000000001043e-01 9.931660000000001043e-01 1.000157999999999880e+00
2.943750000000000089e+00 1.034474500000000186e+00 9.927974999999999994e-01 9.927974999999999994e-01 1.000264199999999715e+00
2.951249999999999929e+00 1.035319699999999843e+00 9.930219000000001239e-01 9.930219000000001239e-01 1.000442300000000007e+00
2.958750000000000213e+00 1.035718199999999811e+00 9.923478999999998384e-01 9.923478999999998384e-01 1.000544899999999959e+00
2.966250000000000053e+00 1.036612099999999925e+00 9.924609999999998156e-01 9.924609999999998156e-01 1.000622399999999912e+00
2.973749999999999893e+00 1.036235400000000029e+00 9.921839999999999549e-01 9.921839999999999549e-01 1.000738099999999964e+00
2.981250000000000178e+00 1.031418800000000191e+00 9.923865000000000602e-01 9.923865000000000602e-01 1.000774199999999947e+00
2.988750000000000018e+00 1.030124700000000004e+00 9.917395000000001071e-01 9.917395000000001071e-01 1.000908299999999862e+00
2.996249999999999858e+00 1.029503500000000127e+00 9.916742000000000612e-01 9.916742000000000612e-01 1.000946400000000125e+00
