3.749999999999999861e-03 0.000000000000000000e+00 0.000000000000000000e+00 0.000000000000000000e+00 0.000000000000000000e+00
1.124999999999999958e-02 0.000000000000000000e+00 0.000000000000000000e+00 0.000000000000000000e+00 0.000000000000000000e+00
1.874999999999999931e-02 0.000000000000000000e+00 0.000000000000000000e+00 0.000000000000000000e+00 0.000000000000000000e+00
2.624999999999999903e-02 0.000000000000000000e+00 0.000000000000000000e+00 0.000000000000000000e+00 0.000000000000000000e+00
3.375000000000000222e-02 0.000000000000000000e+00 0.000000000000000000e+00 0.000000000000000000e+00 0.000000000000000000e+00
4.125000000000000194e-02 0.000000000000000000e+00 0.000000000000000000e+00 0.000000000000000000e+00 0.000000000000000000e+00
4.875000000000000167e-02 0.000000000000000000e+00 0.000000000000000000e+00 0.000000000000000000e+00 0.000000000000000000e+00
5.625000000000000139e-02 0.000000000000000000e+00 0.000000000000000000e+00 0.000000000000000000e+00 0.000000000000000000e+00
6.375000000000000111e-02 0.000000000000000000e+00 0.000000000000000000e+00 0.000000000000000000e+00 0.000000000000000000e+00
7.124999999999999389e-02 0.000000000000000000e+00 0.000000000000000000e+00 0.000000000000000000e+00 0.000000000000000000e+00
7.875000000000000056e-02 0.000000000000000000e+00 0.000000000000000000e+00 0.000000000000000000e+00 0.000000000000000000e+00
8.624999999999999334e-02 0.000000000000000000e+00 0.000000000000000000e+00 0.000000000000000000e+00 0.000000000000000000e+00
9.375000000000000000e-02 0.000000000000000000e+00 0.000000000000000000e+00 0.000000000000000000e+00 0.000000000000000000e+00
1.012500000000000067e-01 0.000000000000000000e+00 0.000000000000000000e+00 0.000000000000000000e+00 0.000000000000000000e+00
1.087499999999999994e-01 0.000000000000000000e+00 0.000000000000000000e+00 0.000000000000000000e+00 0.000000000000000000e+00
1.162500000000000061e-01 0.000000000000000000e+00 0.000000000000000000e+00 0.000000000000000000e+00 0.000000000000000000e+00
1.237499999999999989e-01 0.000000000000000000e+00 0.000000000000000000e+00 0.000000000000000000e+00 0.000000000000000000e+00
1.312500000000000056e-01 0.000000000000000000e+00 0.000000000000000000e+00 0.000000000000000000e+00 0.000000000000000000e+00
1.387500000000000122e-01 0.000000000000000000e+00 0.000000000000000000e+00 0.000000000000000000e+00 0.000000000000000000e+00
1.462499999999999911e-01 0.000000000000000000e+00 0.000000000000000000e+00 0.000000000000000000e+00 0.000000000000000000e+00
1.537499999999999978e-01 0.000000000000000000e+00 0.000000000000000000e+00 0.000000000000000000e+00 0.000000000000000000e+00
1.612500000000000044e-01 0.000000000000000000e+00 0.000000000000000000e+00 0.000000000000000000e+00 1.199999999999999861e-05
1.687500000000000111e-01 0.000000000000000000e+00 0.000000000000000000e+00 0.000000000000000000e+00 2.858499999999999930e-03
1.762499999999999900e-01 0.000000000000000000e+00 0.000000000000000000e+00 0.000000000000000000e+00 6.523290000000001032e-02
1.837499999999999967e-01 0.000000000000000000e+00 0.000000000000000000e+00 0.000000000000000000e+00 3.815523000000000109e-01
1.912500000000000033e-01 0.000000000000000000e+00 0.000000000000000000e+00 0.000000000000000000e+00 9.982511000000000578e-01
1.987500000000000100e-01 0.000000000000000000e+00 0.000000000000000000e+00 0.000000000000000000e+00 1.635862099999999986e+00
2.062499999999999889e-01 0.000000000000000000e+00 0.000000000000000000e+00 0.000000000000000000e+00 2.043426300000000140e+00
2.137499999999999956e-01 0.000000000000000000e+00 0.000000000000000000e+00 0.000000000000000000e+00 2.198808800000000119e+00
2.212500000000000022e-01 0.000000000000000000e+00 0.000000000000000000e+00 0.000000000000000000e+00 2.183645000000000280e+00
2.287500000000000089e-01 0.000000000000000000e+00 0.000000000000000000e+00 0.000000000000000000e+00 2.091247000000000078e+00
2.362499999999999878e-01 0.000000000000000000e+00 0.000000000000000000e+00 0.000000000000000000e+00 1.994935799999999926e+00
2.437499999999999944e-01 0.000000000000000000e+00 0.000000000000000000e+00 0.000000000000000000e+00 1.907162699999999989e+00
2.512499999999999734e-01 0.000000000000000000e+00 0.000000000000000000e+00 0.000000000000000000e+00 1.823741499999999904e+00
2.587499999999999800e-01 0.000000000000000000e+00 0.000000000000000000e+00 0.000000000000000000e+00 1.752286199999999905e+00
2.662499999999999867e-01 0.000000000000000000e+00 0.000000000000000000e+00 0.000000000000000000e+00 1.684016700000000144e+00
2.737499999999999933e-01 0.000000000000000000e+00 0.000000000000000000e+00 0.000000000000000000e+00 1.623102599999999951e+00
2.812500000000000000e-01 0.000000000000000000e+00 0.000000000000000000e+00 0.000000000000000000e+00 1.567139499999999908e+00
2.887500000000000067e-01 0.000000000000000000e+00 0.000000000000000000e+00 0.000000000000000000e+00 1.516834999999999933e+00
2.962500000000000133e-01 0.000000000000000000e+00 0.000000000000000000e+00 0.000000000000000000e+00 1.470443500000000014e+00
3.037500000000000200e-01 0.000000000000000000e+00 0.000000000000000000e+00 0.000000000000000000e+00 1.433142600000000044e+00
3.112500000000000266e-01 0.000000000000000000e+00 0.000000000000000000e+00 0.000000000000000000e+00 1.396350899999999839e+00
3.187499999999999778e-01 0.000000000000000000e+00 0.000000000000000000e+00 0.000000000000000000e+00 1.364855299999999882e+00
3.262499999999999845e-01 0.000000000000000000e+00 0.000000000000000000e+00 0.000000000000000000e+00 1.339289699999999916e+00
3.337499999999999911e-01 0.000000000000000000e+00 0.000000000000000000e+00 0.000000000000000000e+00 1.315746900000000164e+00
3.412499999999999978e-01 0.000000000000000000e+00 0.000000000000000000e+00 0.000000000000000000e+00 1.298152999999999890e+00
3.487500000000000044e-01 0.000000000000000000e+00 0.000000000000000000e+00 0.000000000000000000e+00 1.281300200000000000e+00
3.562500000000000111e-01 0.000000000000000000e+00 0.000000000000000000e+00 0.000000000000000000e+00 1.270975299999999919e+00
3.637500000000000178e-01 0.000000000000000000e+00 0.000000000000000000e+00 0.000000000000000000e+00 1.263391500000000001e+00
3.712500000000000244e-01 0.000000000000000000e+00 0.000000000000000000e+00 0.000000000000000000e+00 1.256530499999999773e+00
3.787499999999999756e-01 0.000000000000000000e+00 0.000000000000000000e+00 0.000000000000000000e+00 1.255165199999999981e+00
3.862499999999999822e-01 0.000000000000000000e+00 0.000000000000000000e+00 0.000000000000000000e+00 1.255304799999999776e+00
3.937499999999999889e-01 0.000000000000000000e+00 0.000000000000000000e+00 0.000000000000000000e+00 1.254948300000000128e+00
4.012499999999999956e-01 0.000000000000000000e+00 0.000000000000000000e+00 0.000000000000000000e+00 1.256349999999999856e+00
4.087500000000000022e-01 0.000000000000000000e+00 0.000000000000000000e+00 0.000000000000000000e+00 1.255430599999999952e+00
4.162500000000000089e-01 0.000000000000000000e+00 0.000000000000000000e+00 0.000000000000000000e+00 1.252472900000000111e+00
4.237500000000000155e-01 0.000000000000000000e+00 0.000000000000000000e+00 0.000000000000000000e+00 1.249467099999999942e+00
4.312500000000000222e-01 0.000000000000000000e+00 0.000000000000000000e+00 0.000000000000000000e+00 1.245282100000000058e+00
4.387499999999999734e-01 0.000000000000000000e+00 0.000000000000000000e+00 0.000000000000000000e+00 1.239079400000000053e+00
4.462499999999999800e-01 0.000000000000000000e+00 0.000000000000000000e+00 0.000000000000000000e+00 1.232542799999999605e+00
4.537499999999999867e-01 0.000000000000000000e+00 0.000000000000000000e+00 0.000000000000000000e+00 1.226199999999999957e+00
4.612499999999999933e-01 0.000000000000000000e+00 0.000000000000000000e+00 0.000000000000000000e+00 1.218011299999999908e+00
4.687500000000000000e-01 0.000000000000000000e+00 0.000000000000000000e+00 0.000000000000000000e+00 1.209452599999999878e+00
4.762500000000000067e-01 0.000000000000000000e+00 0.000000000000000000e+00 0.000000000000000000e+00 1.200760000000000272e+00
4.837500000000000133e-01 0.000000000000000000e+00 3.800000000000000040e-06 3.800000000000000040e-06 1.192390900000000142e+00
4.912500000000000200e-01 0.000000000000000000e+00 6.150000000000000410e-05 6.150000000000000410e-05 1.183570799999999812e+00
4.987500000000000266e-01 0.000000000000000000e+00 5.873000000000000182e-04 5.873000000000000182e-04 1.174198099999999911e+00
5.062499999999999778e-01 0.000000000000000000e+00 3.051200000000000006e-03 3.051200000000000006e-03 1.166051399999999960e+00
5.137500000000000400e-01 0.000000000000000000e+00 1.254210000000000394e-02 1.254210000000000394e-02 1.158513999999999822e+00
5.212499999999999911e-01 0.000000000000000000e+00 3.880689999999999834e-02 3.880689999999999834e-02 1.149967299999999915e+00
5.287500000000000533e-01 0.000000000000000000e+00 9.587280000000000801e-02 9.587280000000000801e-02 1.142113599999999840e+00
5.362500000000000044e-01 0.000000000000000000e+00 1.998872999999999900e-01 1.998872999999999900e-01 1.134327000000000085e+00
5.437499999999999556e-01 0.000000000000000000e+00 3.579314000000000107e-01 3.579314000000000107e-01 1.127776900000000193e+00
5.512500000000000178e-01 0.000000000000000000e+00 5.651475999999999722e-01 5.651475999999999722e-01 1.120906500000000028e+00
5.587499999999999689e-01 0.000000000000000000e+00 8.071234999999999937e-01 8.071234999999999937e-01 1.114308899999999936e+00
5.662500000000000311e-01 0.000000000000000000e+00 1.061960299999999968e+00 1.061960299999999968e+00 1.108186599999999800e+00
5.737499999999999822e-01 0.000000000000000000e+00 1.304019999999999957e+00 1.304019999999999957e+00 1.102021499999999987e+00
5.812500000000000444e-01 0.000000000000000000e+00 1.521788000000000141e+00 1.521788000000000141e+00 1.096623899999999985e+00
5.887499999999999956e-01 0.000000000000000000e+00 1.697068799999999600e+00 1.697068799999999600e+00 1.091857599999999984e+00
5.962499999999999467e-01 0.000000000000000000e+00 1.822402399999999645e+00 1.822402399999999645e+00 1.086648799999999859e+00
6.037500000000000089e-01 0.000000000000000000e+00 1.907663499999999956e+00 1.907663499999999956e+00 1.081698199999999721e+00
6.112499999999999600e-01 0.000000000000000000e+00 1.941135699999999797e+00 1.941135699999999797e+00 1.077000100000000016e+00
6.187500000000000222e-01 0.000000000000000000e+00 1.946741999999999750e+00 1.946741999999999750e+00 1.072216599999999742e+00
6.262499999999999734e-01 0.000000000000000000e+00 1.921904300000000010e+00 1.921904300000000010e+00 1.068125199999999886e+00
6.337500000000000355e-01 0.000000000000000000e+00 1.877227199999999652e+00 1.877227199999999652e+00 1.063302900000000051e+00
6.412499999999999867e-01 0.000000000000000000e+00 1.816043000000000074e+00 1.816043000000000074e+00 1.058958199999999961e+00
6.487500000000000488e-01 0.000000000000000000e+00 1.749948799999999638e+00 1.749948799999999638e+00 1.054550400000000110e+00
6.562500000000000000e-01 0.000000000000000000e+00 1.673908600000000080e+00 1.673908600000000080e+00 1.050789200000000090e+00
6.637499999999999512e-01 0.000000000000000000e+00 1.600078999999999807e+00 1.600078999999999807e+00 1.046712400000000098e+00
6.712500000000000133e-01 0.000000000000000000e+00 1.526059099999999891e+00 1.526059099999999891e+00 1.042747100000000149e+00
6.787499999999999645e-01 0.000000000000000000e+00 1.458601499999999884e+00 1.458601499999999884e+00 1.039046499999999984e+00
6.862500000000000266e-01 0.000000000000000000e+00 1.395663199999999993e+00 1.395663199999999993e+00 1.035232099999999766e+00
6.937499999999999778e-01 0.000000000000000000e+00 1.343704099999999846e+00 1.343704099999999846e+00 1.031347499999999862e+00
7.012500000000000400e-01 0.000000000000000000e+00 1.296214200000000094e+00 1.296214200000000094e+00 1.027995500000000062e+00
7.087499999999999911e-01 0.000000000000000000e+00 1.258114099999999791e+00 1.258114099999999791e+00 1.024919499999999983e+00
7.162500000000000533e-01 0.000000000000000000e+00 1.226536199999999965e+00 1.226536199999999965e+00 1.021201099999999862e+00
7.237500000000000044e-01 0.000000000000000000e+00 1.200172299999999970e+00 1.200172299999999970e+00 1.018213900000000116e+00
7.312499999999999556e-01 0.000000000000000000e+00 1.179329399999999861e+00 1.179329399999999861e+00 1.015387000000000040e+00
7.387500000000000178e-01 0.000000000000000000e+00 1.167733899999999991e+00 1.167733899999999991e+00 1.011873000000000022e+00
7.462499999999999689e-01 0.000000000000000000e+00 1.154880299999999860e+00 1.154880299999999860e+00 1.009160799999999858e+00
7.537500000000000311e-01 0.000000000000000000e+00 1.147437999999999958e+00 1.147437999999999958e+00 1.006461799999999851e+00
7.612499999999999822e-01 0.000000000000000000e+00 1.141192200000000101e+00 1.141192200000000101e+00 1.004029900000000142e+00
7.687500000000000444e-01 0.000000000000000000e+00 1.141360400000000164e+00 1.141360400000000164e+00 1.001556300000000066e+00
7.762499999999999956e-01 0.000000000000000000e+00 1.138115500000000058e+00 1.138115500000000058e+00 9.990346999999999422e-01
7.837499999999999467e-01 0.000000000000000000e+00 1.138857100000000289e+00 1.138857100000000289e+00 9.969881999999999911e-01
7.912500000000000089e-01 0.000000000000000000e+00 1.137560899999999986e+00 1.137560899999999986e+00 9.946870999999998242e-01
7.987499999999999600e-01 0.000000000000000000e+00 1.133819600000000039e+00 1.133819600000000039e+00 9.926406999999999314e-01
8.062500000000000222e-01 2.101000000000000111e-04 1.131596800000000069e+00 1.131596800000000069e+00 9.909770999999999441e-01
8.137499999999999734e-01 1.361799999999999816e-03 1.129054899999999861e+00 1.129054899999999861e+00 9.890855999999998982e-01
8.212500000000000355e-01 4.254199999999999648e-03 1.124790200000000073e+00 1.124790200000000073e+00 9.877943999999999614e-01
8.287499999999999867e-01 1.416430000000000120e-02 1.117362900000000048e+00 1.117362900000000048e+00 9.860480000000000356e-01
8.362500000000000488e-01 3.688859999999999362e-02 1.110571799999999998e+00 1.110571799999999998e+00 9.845869999999999900e-01
8.437500000000000000e-01 8.022529999999999939e-02 1.102754800000000035e+00 1.102754800000000035e+00 9.833399000000000445e-01
8.512499999999999512e-01 1.461335999999999746e-01 1.098058899999999838e+00 1.098058899999999838e+00 9.818318000000001433e-01
8.587500000000000133e-01 2.267827999999999788e-01 1.085725399999999841e+00 1.085725399999999841e+00 9.812771999999998496e-01
8.662499999999999645e-01 3.506606999999999918e-01 1.076635299999999962e+00 1.076635299999999962e+00 9.802719999999999212e-01
8.737500000000000266e-01 4.751739999999999853e-01 1.067307000000000006e+00 1.067307000000000006e+00 9.788662000000000196e-01
8.812499999999999778e-01 6.068165999999999283e-01 1.057081200000000054e+00 1.057081200000000054e+00 9.781790999999999681e-01
8.887500000000000400e-01 7.705005999999999799e-01 1.047358099999999848e+00 1.047358099999999848e+00 9.779054999999999831e-01
8.962499999999999911e-01 9.080615999999999133e-01 1.038618799999999842e+00 1.038618799999999842e+00 9.771865000000001800e-01
9.037500000000000533e-01 1.062616500000000075e+00 1.028311399999999765e+00 1.028311399999999765e+00 9.764919999999998046e-01
9.112500000000000044e-01 1.193716300000000174e+00 1.021130199999999766e+00 1.021130199999999766e+00 9.761821000000001636e-01
9.187499999999999556e-01 1.332292299999999985e+00 1.012992099999999951e+00 1.012992099999999951e+00 9.758207000000000964e-01
9.262500000000000178e-01 1.479237400000000147e+00 1.005450699999999919e+00 1.005450699999999919e+00 9.755078000000001470e-01
9.337499999999999689e-01 1.615447400000000089e+00 9.982979000000000713e-01 9.982979000000000713e-01 9.751720000000000388e-01
9.412500000000000311e-01 1.748841999999999786e+00 9.902320000000000011e-01 9.902320000000000011e-01 9.755366000000000870e-01
9.487499999999999822e-01 1.850813899999999901e+00 9.865761999999997922e-01 9.865761999999997922e-01 9.757960000000001077e-01
9.562500000000000444e-01 1.973560699999999724e+00 9.808500999999999470e-01 9.808500999999999470e-01 9.758014000000001520e-01
9.637499999999999956e-01 2.071888299999999905e+00 9.756404000000001853e-01 9.756404000000001853e-01 9.760635000000000838e-01
9.712499999999999467e-01 2.179035199999999950e+00 9.711099000000000814e-01 9.711099000000000814e-01 9.765243999999999591e-01
9.787500000000000089e-01 2.228609000000000062e+00 9.658073000000000352e-01 9.658073000000000352e-01 9.770041999999999893e-01
9.862499999999999600e-01 2.293566399999999561e+00 9.618975000000000719e-01 9.618975000000000719e-01 9.774319999999997455e-01
9.937500000000000222e-01 2.356316699999999820e+00 9.582121999999999584e-01 9.582121999999999584e-01 9.784532000000000229e-01
1.001249999999999973e+00 2.383461899999999467e+00 9.540545000000000275e-01 9.540545000000000275e-01 9.787202999999999875e-01
1.008750000000000036e+00 2.408334400000000208e+00 9.489742999999999373e-01 9.489742999999999373e-01 9.797973000000000932e-01
1.016250000000000098e+00 2.408348499999999781e+00 9.477873999999999466e-01 9.477873999999999466e-01 9.804372999999999561e-01
1.023749999999999938e+00 2.421322999999999670e+00 9.450777000000000205e-01 9.450777000000000205e-01 9.819611000000000312e-01
1.031250000000000000e+00 2.399979000000000084e+00 9.418863999999999015e-01 9.418863999999999015e-01 9.829540999999999418e-01
1.038750000000000062e+00 2.374261599999999639e+00 9.396682999999999009e-01 9.396682999999999009e-01 9.841252999999999806e-01
1.046249999999999902e+00 2.336848799999999837e+00 9.359604999999998620e-01 9.359604999999998620e-01 9.858751000000000042e-01
1.053749999999999964e+00 2.286647499999999944e+00 9.347030000000000616e-01 9.347030000000000616e-01 9.867167000000000021e-01
1.061250000000000027e+00 2.245342899999999808e+00 9.328378999999999976e-01 9.328378999999999976e-01 9.887859000000001064e-01
1.068750000000000089e+00 2.181976999999999833e+00 9.295865000000000933e-01 9.295865000000000933e-01 9.902151000000000147e-01
1.076249999999999929e+00 2.096702599999999972e+00 9.275327000000000988e-01 9.275327000000000988e-01 9.916432000000000579e-01
1.083749999999999991e+00 2.029509399999999797e+00 9.258073000000001107e-01 9.258073000000001107e-01 9.935096999999999401e-01
1.091250000000000053e+00 1.955353299999999850e+00 9.239855000000000151e-01 9.239855000000000151e-01 9.952902000000000138e-01
1.098749999999999893e+00 1.867248999999999937e+00 9.228147999999999351e-01 9.228147999999999351e-01 9.972817999999998850e-01
1.106249999999999956e+00 1.782819699999999896e+00 9.202775000000000816e-01 9.202775000000000816e-01 9.989760999999999225e-01
1.113750000000000018e+00 1.689031899999999808e+00 9.205553999999999126e-01 9.205553999999999126e-01 1.000858099999999862e+00
1.121250000000000080e+00 1.612605299999999797e+00 9.186527999999999361e-01 9.186527999999999361e-01 1.003107299999999924e+00
1.128749999999999920e+00 1.527544499999999861e+00 9.186078999999999217e-01 9.186078999999999217e-01 1.005149599999999976e+00
1.136249999999999982e+00 1.442570799999999931e+00 9.173151999999999973e-01 9.173151999999999973e-01 1.006777100000000091e+00
1.143750000000000044e+00 1.370090200000000147e+00 9.173436000000000368e-01 9.173436000000000368e-01 1.008616900000000260e+00
1.151250000000000107e+00 1.306256099999999920e+00 9.169811000000001044e-01 9.169811000000001044e-01 1.010193999999999814e+00
1.158749999999999947e+00 1.238113599999999925e+00 9.175746999999999653e-01 9.175746999999999653e-01 1.011948900000000151e+00
1.166250000000000009e+00 1.174945099999999965e+00 9.153725999999998697e-01 9.153725999999998697e-01 1.013001100000000099e+00
1.173750000000000071e+00 1.130423299999999909e+00 9.169762999999999664e-01 9.169762999999999664e-01 1.014418500000000112e+00
1.181249999999999911e+00 1.073733599999999955e+00 9.167963999999999558e-01 9.167963999999999558e-01 1.015119599999999789e+00
1.188749999999999973e+00 1.031646200000000180e+00 9.178020000000000067e-01 9.178020000000000067e-01 1.016090899999999797e+00
1.196250000000000036e+00 9.975730999999999904e-01 9.184503000000001638e-01 9.184503000000001638e-01 1.016676200000000252e+00
1.203750000000000098e+00 9.589290000000001424e-01 9.201175999999999799e-01 9.201175999999999799e-01 1.017114600000000202e+00
1.211249999999999938e+00 9.229881000000000890e-01 9.206364999999999688e-01 9.206364999999999688e-01 1.017505799999999905e+00
1.218750000000000000e+00 9.022801999999998657e-01 9.219891999999999532e-01 9.219891999999999532e-01 1.017594200000000004e+00
1.226250000000000062e+00 8.757932999999999968e-01 9.229236999999999025e-01 9.229236999999999025e-01 1.017398400000000036e+00
1.233749999999999902e+00 8.607614000000000098e-01 9.238623000000000252e-01 9.238623000000000252e-01 1.017562800000000101e+00
1.241249999999999964e+00 8.381348000000000686e-01 9.263899999999999357e-01 9.263899999999999357e-01 1.017246200000000211e+00
1.248750000000000027e+00 8.358781000000000683e-01 9.283270000000000133e-01 9.283270000000000133e-01 1.016769999999999952e+00
1.256250000000000089e+00 8.190009999999998680e-01 9.296891999999997713e-01 9.296891999999997713e-01 1.016671899999999962e+00
1.263749999999999929e+00 8.113279999999999381e-01 9.308794999999999709e-01 9.308794999999999709e-01 1.016524099999999819e+00
1.271249999999999991e+00 8.010726999999999709e-01 9.337237999999998816e-01 9.337237999999998816e-01 1.015662900000000146e+00
1.278750000000000053e+00 7.946614999999999096e-01 9.355750000000000455e-01 9.355750000000000455e-01 1.015587699999999982e+00
1.286249999999999893e+00 7.895507000000000497e-01 9.387323999999999113e-01 9.387323999999999113e-01 1.015161700000000167e+00
1.293749999999999956e+00 7.916231000000000240e-01 9.405984999999998930e-01 9.405984999999998930e-01 1.014512099999999917e+00
1.301250000000000018e+00 7.859939999999999705e-01 9.425415999999999794e-01 9.425415999999999794e-01 1.014283199999999940e+00
1.308750000000000080e+00 7.830261999999998945e-01 9.450046999999999198e-01 9.450046999999999198e-01 1.013550299999999904e+00
1.316249999999999920e+00 7.742701000000000722e-01 9.480249000000000592e-01 9.480249000000000592e-01 1.013204400000000227e+00
1.323749999999999982e+00 7.758606999999999587e-01 9.511306999999999956e-01 9.511306999999999956e-01 1.012815699999999985e+00
1.331250000000000044e+00 7.804504999999999360e-01 9.540443999999999036e-01 9.540443999999999036e-01 1.012489500000000042e+00
1.338750000000000107e+00 7.702973999999999100e-01 9.575847999999999027e-01 9.575847999999999027e-01 1.012079299999999904e+00
1.346249999999999947e+00 7.738460999999999812e-01 9.596381999999999968e-01 9.596381999999999968e-01 1.011652700000000182e+00
1.353750000000000009e+00 7.708274000000000514e-01 9.628665999999999059e-01 9.628665999999999059e-01 1.011155499999999874e+00
1.361250000000000071e+00 7.660587000000000923e-01 9.663451000000000679e-01 9.663451000000000679e-01 1.010982999999999965e+00
1.368749999999999911e+00 7.652714000000000460e-01 9.702995999999999288e-01 9.702995999999999288e-01 1.010254399999999997e+00
1.376249999999999973e+00 7.638495000000000701e-01 9.740365999999998081e-01 9.740365999999998081e-01 1.010066200000000025e+00
1.383750000000000036e+00 7.648400000000000754e-01 9.781843000000000066e-01 9.781843000000000066e-01 1.009598100000000276e+00
1.391250000000000098e+00 7.613881000000000121e-01 9.812747999999998916e-01 9.812747999999998916e-01 1.009249300000000016e+00
1.398749999999999938e+00 7.586643999999999055e-01 9.854014000000000939e-01 9.854014000000000939e-01 1.008809800000000090e+00
1.406250000000000000e+00 7.476086000000000675e-01 9.897811999999998056e-01 9.897811999999998056e-01 1.008433399999999924e+00
1.413750000000000062e+00 7.592764999999999098e-01 9.932147000000000059e-01 9.932147000000000059e-01 1.007646100000000100e+00
1.421249999999999902e+00 7.502289999999998127e-01 9.975237000000000132e-01 9.975237000000000132e-01 1.007157799999999881e+00
1.428749999999999964e+00 7.553452999999998863e-01 1.002200800000000225e+00 1.002200800000000225e+00 1.007003099999999929e+00
1.436250000000000027e+00 7.497690999999999661e-01 1.005714400000000008e+00 1.005714400000000008e+00 1.006324100000000055e+00
1.443750000000000089e+00 7.564598999999999629e-01 1.010502400000000023e+00 1.010502400000000023e+00 1.005899100000000157e+00
1.451249999999999929e+00 7.540980000000000461e-01 1.013959400000000066e+00 1.013959400000000066e+00 1.005546299999999782e+00
1.458749999999999991e+00 7.572921000000000236e-01 1.018777000000000044e+00 1.018777000000000044e+00 1.004871499999999918e+00
1.466250000000000053e+00 7.595555999999998864e-01 1.022345099999999896e+00 1.022345099999999896e+00 1.004407000000000050e+00
1.473749999999999893e+00 7.662884000000000917e-01 1.026520800000000122e+00 1.026520800000000122e+00 1.003948400000000074e+00
1.481249999999999956e+00 7.696707000000000409e-01 1.031417200000000145e+00 1.031417200000000145e+00 1.003541999999999934e+00
1.488750000000000018e+00 7.755842000000000569e-01 1.033811500000000105e+00 1.033811500000000105e+00 1.002833599999999992e+00
1.496250000000000080e+00 7.744685999999999515e-01 1.037981400000000054e+00 1.037981400000000054e+00 1.002317399999999914e+00
1.503749999999999920e+00 7.807326999999999462e-01 1.040673399999999971e+00 1.040673399999999971e+00 1.002016599999999924e+00
1.511249999999999982e+00 7.804450999999998917e-01 1.043735499999999927e+00 1.043735499999999927e+00 1.001416000000000084e+00
1.518750000000000044e+00 7.866412000000000404e-01 1.047039300000000228e+00 1.047039300000000228e+00 1.000833199999999978e+00
1.526250000000000107e+00 7.951413999999999982e-01 1.048975799999999792e+00 1.048975799999999792e+00 1.000737500000000058e+00
1.533749999999999947e+00 8.006271999999998723e-01 1.051366799999999824e+00 1.051366799999999824e+00 1.000094799999999839e+00
1.541250000000000009e+00 8.127216999999999913e-01 1.053573899999999952e+00 1.053573899999999952e+00 9.997960000000001290e-01
1.548750000000000071e+00 8.121719000000000577e-01 1.055407500000000054e+00 1.055407500000000054e+00 9.994444000000001216e-01
1.556249999999999911e+00 8.185346000000001121e-01 1.056530299999999922e+00 1.056530299999999922e+00 9.988452000000000996e-01
1.563749999999999973e+00 8.219329999999999137e-01 1.058329199999999970e+00 1.058329199999999970e+00 9.987597999999998644e-01
1.571250000000000036e+00 8.282399000000000289e-01 1.058483499999999911e+00 1.058483499999999911e+00 9.985129000000000365e-01
1.578750000000000098e+00 8.352565999999999047e-01 1.058292100000000069e+00 1.058292100000000069e+00 9.982050000000001200e-01
1.586249999999999938e+00 8.416042999999999719e-01 1.059206399999999881e+00 1.059206399999999881e+00 9.978493000000000501e-01
1.593750000000000000e+00 8.490758999999998835e-01 1.057471100000000108e+00 1.057471100000000108e+00 9.974311999999999623e-01
1.601250000000000062e+00 8.504556999999998146e-01 1.058400300000000183e+00 1.058400300000000183e+00 9.973440000000000083e-01
1.608749999999999902e+00 8.620151000000000341e-01 1.055742599999999864e+00 1.055742599999999864e+00 9.969498999999999445e-01
1.616249999999999964e+00 8.669321999999999306e-01 1.055181500000000216e+00 1.055181500000000216e+00 9.968643999999999838e-01
1.623750000000000027e+00 8.698248000000001756e-01 1.054130300000000187e+00 1.054130300000000187e+00 9.966715000000000435e-01
1.631250000000000089e+00 8.787898000000000653e-01 1.051918000000000131e+00 1.051918000000000131e+00 9.965346000000000481e-01
1.638749999999999929e+00 8.808078000000000296e-01 1.051310799999999990e+00 1.051310799999999990e+00 9.964489999999999181e-01
1.646249999999999991e+00 8.952156999999999476e-01 1.048644100000000190e+00 1.048644100000000190e+00 9.962733999999999757e-01
1.653750000000000053e+00 8.973860999999999644e-01 1.046310399999999863e+00 1.046310399999999863e+00 9.960609000000001378e-01
1.661249999999999893e+00 9.014713999999999228e-01 1.044364600000000198e+00 1.044364600000000198e+00 9.961484000000000449e-01
1.668749999999999956e+00 9.101767000000000607e-01 1.042143800000000065e+00 1.042143800000000065e+00 9.958970999999999796e-01
1.676250000000000018e+00 9.200813999999999382e-01 1.040078799999999859e+00 1.040078799999999859e+00 9.958583000000000851e-01
1.683750000000000080e+00 9.232293999999999778e-01 1.037360800000000305e+00 1.037360800000000305e+00 9.955899999999999750e-01
1.691249999999999920e+00 9.375105999999998607e-01 1.035832599999999992e+00 1.035832599999999992e+00 9.957233000000000889e-01
1.698749999999999982e+00 9.450647999999999271e-01 1.032363999999999837e+00 1.032363999999999837e+00 9.957518999999999121e-01
1.706250000000000044e+00 9.474006999999999845e-01 1.029348500000000000e+00 1.029348500000000000e+00 9.957397000000000054e-01
1.713750000000000107e+00 9.536321999999998189e-01 1.027849999999999930e+00 1.027849999999999930e+00 9.956188999999999734e-01
1.721249999999999947e+00 9.638427000000000522e-01 1.025071700000000030e+00 1.025071700000000030e+00 9.954909000000000674e-01
1.728750000000000009e+00 9.737674000000000607e-01 1.022880900000000093e+00 1.022880900000000093e+00 9.956808000000000325e-01
1.736250000000000071e+00 9.792241999999999891e-01 1.020543699999999943e+00 1.020543699999999943e+00 9.957225999999999022e-01
1.743749999999999911e+00 9.906985999999999848e-01 1.018907599999999913e+00 1.018907599999999913e+00 9.958069000000000504e-01
1.751249999999999973e+00 9.943317000000000405e-01 1.016488799999999859e+00 1.016488799999999859e+00 9.960264000000000895e-01
1.758750000000000036e+00 1.008538800000000180e+00 1.014630200000000260e+00 1.014630200000000260e+00 9.960786999999999836e-01
1.766250000000000098e+00 1.008830499999999741e+00 1.011647399999999974e+00 1.011647399999999974e+00 9.962351999999998764e-01
1.773749999999999938e+00 1.020233799999999968e+00 1.010142899999999733e+00 1.010142899999999733e+00 9.962916999999998913e-01
1.781250000000000000e+00 1.023123999999999922e+00 1.008585800000000088e+00 1.008585800000000088e+00 9.964336999999998667e-01
1.788750000000000062e+00 1.034479200000000265e+00 1.006753500000000079e+00 1.006753500000000079e+00 9.967760999999999427e-01
1.796249999999999902e+00 1.037970100000000118e+00 1.004794299999999918e+00 1.004794299999999918e+00 9.968761000000000427e-01
1.803749999999999964e+00 1.044970499999999802e+00 1.002840999999999871e+00 1.002840999999999871e+00 9.969415000000001470e-01
1.811250000000000027e+00 1.051794600000000246e+00 1.000334099999999893e+00 1.000334099999999893e+00 9.970700999999999592e-01
1.818750000000000089e+00 1.063287400000000105e+00 9.989399999999999391e-01 9.989399999999999391e-01 9.973605000000000942e-01
1.826249999999999929e+00 1.065395700000000057e+00 9.976328999999999336e-01 9.976328999999999336e-01 9.976174999999999349e-01
1.833749999999999991e+00 1.076633500000000021e+00 9.960474000000001382e-01 9.960474000000001382e-01 9.977056999999998066e-01
1.841250000000000053e+00 1.080188699999999891e+00 9.954402000000002193e-01 9.954402000000002193e-01 9.980705000000000826e-01
1.848749999999999893e+00 1.086449900000000079e+00 9.935766000000001430e-01 9.935766000000001430e-01 9.982064000000001602e-01
1.856249999999999956e+00 1.095207400000000053e+00 9.921137999999999346e-01 9.921137999999999346e-01 9.987395999999998386e-01
1.863750000000000018e+00 1.094938700000000154e+00 9.910612000000000865e-01 9.910612000000000865e-01 9.986570000000000169e-01
1.871250000000000080e+00 1.109162699999999946e+00 9.893256999999999746e-01 9.893256999999999746e-01 9.992901999999999063e-01
1.878749999999999920e+00 1.120306999999999942e+00 9.884155000000000024e-01 9.884155000000000024e-01 9.992100999999999900e-01
1.886249999999999982e+00 1.118458899999999812e+00 9.879557999999999396e-01 9.879557999999999396e-01 9.996091999999998645e-01
1.893750000000000044e+00 1.120925399999999961e+00 9.867820999999998843e-01 9.867820999999998843e-01 9.998937999999999438e-01
1.901250000000000107e+00 1.135126699999999822e+00 9.857485999999999748e-01 9.857485999999999748e-01 1.000374300000000050e+00
1.908749999999999947e+00 1.135239400000000121e+00 9.848344999999998350e-01 9.848344999999998350e-01 1.000475200000000120e+00
1.916250000000000009e+00 1.151249000000000189e+00 9.839480999999998811e-01 9.839480999999998811e-01 1.000841499999999940e+00
1.923750000000000071e+00 1.150582400000000005e+00 9.828267000000000531e-01 9.828267000000000531e-01 1.000935300000000083e+00
1.931249999999999911e+00 1.159152499999999808e+00 9.817278000000000393e-01 9.817278000000000393e-01 1.001334999999999864e+00
1.938749999999999973e+00 1.163171500000000025e+00 9.817421999999998983e-01 9.817421999999998983e-01 1.001546500000000117e+00
1.946250000000000036e+00 1.163710999999999940e+00 9.809859000000000773e-01 9.809859000000000773e-01 1.001934600000000009e+00
1.953750000000000098e+00 1.167895099999999964e+00 9.797757000000000271e-01 9.797757000000000271e-01 1.002151099999999850e+00
1.961249999999999938e+00 1.172854600000000191e+00 9.796796000000000948e-01 9.796796000000000948e-01 1.002530699999999886e+00
1.968750000000000000e+00 1.166776800000000058e+00 9.790677999999999326e-01 9.790677999999999326e-01 1.002749600000000019e+00
1.976250000000000062e+00 1.174534700000000154e+00 9.785097000000002598e-01 9.785097000000002598e-01 1.003125199999999939e+00
1.983749999999999902e+00 1.176801699999999951e+00 9.789335999999998483e-01 9.789335999999998483e-01 1.003289300000000051e+00
1.991249999999999964e+00 1.170627700000000049e+00 9.784036999999999873e-01 9.784036999999999873e-01 1.003448299999999849e+00
1.998750000000000027e+00 1.169684399999999957e+00 9.786640999999999257e-01 9.786640999999999257e-01 1.003914999999999891e+00
2.006250000000000089e+00 1.171886100000000042e+00 9.774861000000001354e-01 9.774861000000001354e-01 1.004166800000000137e+00
2.013749999999999929e+00 1.165734000000000048e+00 9.780954000000001702e-01 9.780954000000001702e-01 1.004375100000000076e+00
2.021250000000000213e+00 1.163874900000000157e+00 9.771977999999998943e-01 9.771977999999998943e-01 1.004753999999999925e+00
2.028750000000000053e+00 1.156175199999999847e+00 9.779847000000000401e-01 9.779847000000000401e-01 1.004932800000000181e+00
2.036249999999999893e+00 1.148293400000000242e+00 9.771907000000000787e-01 9.771907000000000787e-01 1.005188700000000157e+00
2.043750000000000178e+00 1.133750900000000117e+00 9.779666999999999666e-01 9.779666999999999666e-01 1.005275800000000164e+00
2.051250000000000018e+00 1.132710300000000059e+00 9.777690000000001103e-01 9.777690000000001103e-01 1.005342399999999969e+00
2.058749999999999858e+00 1.123492599999999841e+00 9.778193999999998942e-01 9.778193999999998942e-01 1.005704600000000060e+00
2.066250000000000142e+00 1.108585599999999838e+00 9.787601999999999691e-01 9.787601999999999691e-01 1.005796899999999994e+00
2.073749999999999982e+00 1.099749200000000204e+00 9.788411000000000195e-01 9.788411000000000195e-01 1.005953100000000155e+00
2.081249999999999822e+00 1.086859599999999926e+00 9.780241999999998992e-01 9.780241999999998992e-01 1.006266999999999801e+00
2.088750000000000107e+00 1.077947400000000000e+00 9.786132000000000719e-01 9.786132000000000719e-01 1.006219399999999986e+00
2.096249999999999947e+00 1.066827300000000145e+00 9.800614999999999188e-01 9.800614999999999188e-01 1.006386600000000353e+00
2.103749999999999787e+00 1.055652900000000338e+00 9.798470999999999709e-01 9.798470999999999709e-01 1.006489200000000306e+00
2.111250000000000071e+00 1.044965899999999781e+00 9.803234000000001780e-01 9.803234000000001780e-01 1.006686499999999818e+00
2.118749999999999911e+00 1.032668400000000153e+00 9.804710999999999288e-01 9.804710999999999288e-01 1.006728499999999915e+00
2.126250000000000195e+00 1.016976200000000219e+00 9.812653000000001180e-01 9.812653000000001180e-01 1.006761200000000134e+00
2.133750000000000036e+00 1.012558599999999975e+00 9.815856000000000581e-01 9.815856000000000581e-01 1.006877899999999881e+00
2.141249999999999876e+00 1.000995499999999927e+00 9.826494999999999536e-01 9.826494999999999536e-01 1.006824600000000069e+00
2.148750000000000160e+00 9.930670999999998694e-01 9.827185000000000503e-01 9.827185000000000503e-01 1.006910299999999925e+00
2.156250000000000000e+00 9.837024000000000878e-01 9.833127999999998758e-01 9.833127999999998758e-01 1.006861900000000087e+00
2.163749999999999840e+00 9.820486999999997746e-01 9.841374000000000510e-01 9.841374000000000510e-01 1.006745100000000281e+00
2.171250000000000124e+00 9.650103000000000986e-01 9.850602000000000524e-01 9.850602000000000524e-01 1.006663300000000039e+00
2.178749999999999964e+00 9.574911999999999868e-01 9.857181999999999888e-01 9.857181999999999888e-01 1.006784899999999983e+00
2.186249999999999805e+00 9.554839999999998890e-01 9.863636000000001181e-01 9.863636000000001181e-01 1.006695999999999813e+00
2.193750000000000089e+00 9.457538000000000888e-01 9.872726000000000557e-01 9.872726000000000557e-01 1.006680999999999937e+00
2.201249999999999929e+00 9.459467000000000292e-01 9.879284999999999872e-01 9.879284999999999872e-01 1.006543200000000082e+00
2.208750000000000213e+00 9.414828999999999004e-01 9.887534000000002266e-01 9.887534000000002266e-01 1.006546500000000233e+00
2.216250000000000053e+00 9.413361999999999563e-01 9.891958000000000695e-01 9.891958000000000695e-01 1.006468399999999930e+00
2.223749999999999893e+00 9.349696000000001783e-01 9.904488000000000181e-01 9.904488000000000181e-01 1.006308800000000003e+00
2.231250000000000178e+00 9.309670999999999363e-01 9.913986000000001297e-01 9.913986000000001297e-01 1.006338200000000072e+00
2.238750000000000018e+00 9.288454999999998796e-01 9.918627000000000971e-01 9.918627000000000971e-01 1.006153599999999981e+00
2.246249999999999858e+00 9.277550999999999437e-01 9.924145000000000882e-01 9.924145000000000882e-01 1.005870999999999960e+00
2.253750000000000142e+00 9.272235999999999256e-01 9.934556999999999416e-01 9.934556999999999416e-01 1.005936700000000128e+00
2.261249999999999982e+00 9.273411999999998656e-01 9.937831999999998667e-01 9.937831999999998667e-01 1.005587200000000125e+00
2.268749999999999822e+00 9.331232000000000415e-01 9.946789999999999798e-01 9.946789999999999798e-01 1.005646299999999993e+00
2.276250000000000107e+00 9.289884999999997728e-01 9.949459000000000497e-01 9.949459000000000497e-01 1.005328699999999964e+00
2.283749999999999947e+00 9.301900999999996866e-01 9.962063000000001001e-01 9.962063000000001001e-01 1.005337100000000206e+00
2.291249999999999787e+00 9.282176000000001981e-01 9.967919000000000640e-01 9.967919000000000640e-01 1.005043600000000037e+00
2.298750000000000071e+00 9.309051999999999882e-01 9.977158999999998779e-01 9.977158999999998779e-01 1.004892999999999814e+00
2.306249999999999911e+00 9.263145000000001517e-01 9.983031999999999462e-01 9.983031999999999462e-01 1.004920600000000164e+00
2.313750000000000195e+00 9.308141000000000886e-01 9.993513999999998898e-01 9.993513999999998898e-01 1.004561800000000060e+00
2.321250000000000036e+00 9.313765000000000516e-01 1.000133299999999892e+00 1.000133299999999892e+00 1.004550000000000276e+00
2.328749999999999876e+00 9.300480999999999332e-01 1.000572099999999853e+00 1.000572099999999853e+00 1.004380400000000062e+00
2.336250000000000160e+00 9.347605000000001052e-01 1.001329600000000042e+00 1.001329600000000042e+00 1.004124099999999853e+00
2.343750000000000000e+00 9.338519999999999044e-01 1.002753999999999923e+00 1.002753999999999923e+00 1.004053700000000049e+00
2.351249999999999840e+00 9.355757000000000101e-01 1.002918399999999988e+00 1.002918399999999988e+00 1.004030100000000036e+00
2.358750000000000124e+00 9.356522999999998813e-01 1.003337499999999993e+00 1.003337499999999993e+00 1.003744500000000039e+00
2.366249999999999964e+00 9.362168000000000712e-01 1.003753700000000082e+00 1.003753700000000082e+00 1.003581799999999857e+00
2.373749999999999805e+00 9.383656000000000219e-01 1.004357500000000014e+00 1.004357500000000014e+00 1.003495099999999862e+00
2.381250000000000089e+00 9.360688000000001452e-01 1.005192099999999922e+00 1.005192099999999922e+00 1.003191299999999897e+00
2.388749999999999929e+00 9.368425000000002445e-01 1.005797599999999958e+00 1.005797599999999958e+00 1.003116800000000142e+00
2.396250000000000213e+00 9.380830999999998365e-01 1.006147300000000078e+00 1.006147300000000078e+00 1.002970700000000104e+00
2.403750000000000053e+00 9.417308000000002011e-01 1.007020599999999932e+00 1.007020599999999932e+00 1.002939399999999814e+00
2.411249999999999893e+00 9.429410000000000291e-01 1.006961200000000112e+00 1.006961200000000112e+00 1.002756399999999992e+00
2.418750000000000178e+00 9.376721000000000084e-01 1.007702099999999934e+00 1.007702099999999934e+00 1.002552000000000110e+00
2.426250000000000018e+00 9.478949999999999321e-01 1.008118199999999964e+00 1.008118199999999964e+00 1.002459800000000012e+00
2.433749999999999858e+00 9.443548999999998861e-01 1.008516600000000096e+00 1.008516600000000096e+00 1.002380400000000060e+00
2.441250000000000142e+00 9.443844999999999601e-01 1.009290800000000043e+00 1.009290800000000043e+00 1.002236399999999916e+00
2.448749999999999982e+00 9.479282999999998349e-01 1.009481499999999921e+00 1.009481499999999921e+00 1.002162299999999950e+00
2.456249999999999822e+00 9.486660999999999566e-01 1.009138300000000044e+00 1.009138300000000044e+00 1.001967099999999888e+00
2.463750000000000107e+00 9.549601000000000894e-01 1.009348099999999970e+00 1.009348099999999970e+00 1.001869899999999758e+00
2.471249999999999947e+00 9.537767999999999802e-01 1.010103799999999996e+00 1.010103799999999996e+00 1.001686200000000193e+00
2.478749999999999787e+00 9.570157999999999721e-01 1.009398500000000087e+00 1.009398500000000087e+00 1.001671900000000281e+00
2.486250000000000071e+00 9.584521999999999764e-01 1.010414499999999993e+00 1.010414499999999993e+00 1.001548400000000116e+00
2.493749999999999911e+00 9.606801999999999842e-01 1.010656500000000069e+00 1.010656500000000069e+00 1.001473899999999917e+00
2.501250000000000195e+00 9.640480000000000160e-01 1.010566099999999912e+00 1.010566099999999912e+00 1.001411999999999969e+00
2.508750000000000036e+00 9.620091000000000614e-01 1.010166399999999909e+00 1.010166399999999909e+00 1.001247200000000337e+00
2.516249999999999876e+00 9.677809999999998913e-01 1.010241600000000073e+00 1.010241600000000073e+00 1.001273699999999822e+00
2.523750000000000160e+00 9.703481000000000467e-01 1.010170599999999919e+00 1.010170599999999919e+00 1.001105399999999923e+00
2.531250000000000000e+00 9.729914000000000618e-01 1.010431999999999997e+00 1.010431999999999997e+00 1.000916800000000162e+00
2.538749999999999840e+00 9.741832999999999743e-01 1.010026399999999880e+00 1.010026399999999880e+00 1.000884099999999943e+00
2.546250000000000124e+00 9.798206999999999889e-01 1.009729600000000005e+00 1.009729600000000005e+00 1.000895600000000218e+00
2.553749999999999964e+00 9.787123999999998158e-01 1.009621799999999903e+00 1.009621799999999903e+00 1.000901000000000041e+00
2.561249999999999805e+00 9.836032999999998472e-01 1.009387400000000046e+00 1.009387400000000046e+00 1.000743099999999997e+00
2.568750000000000089e+00 9.856624000000000496e-01 1.009168000000000287e+00 1.009168000000000287e+00 1.000806899999999944e+00
2.576249999999999929e+00 9.912253999999999232e-01 1.008947900000000120e+00 1.008947900000000120e+00 1.000810399999999989e+00
2.583750000000000213e+00 9.881031999999999593e-01 1.008889100000000205e+00 1.008889100000000205e+00 1.000673600000000052e+00
2.591250000000000053e+00 9.928836999999999247e-01 1.007932099999999886e+00 1.007932099999999886e+00 1.000690199999999752e+00
2.598749999999999893e+00 9.911304999999999144e-01 1.007358399999999987e+00 1.007358399999999987e+00 1.000572199999999912e+00
2.606250000000000178e+00 9.926234999999998809e-01 1.007084100000000149e+00 1.007084100000000149e+00 1.000627900000000015e+00
2.613750000000000018e+00 9.958391000000000881e-01 1.006981300000000079e+00 1.006981300000000079e+00 1.000537100000000068e+00
2.621249999999999858e+00 1.002681099999999770e+00 1.006035800000000036e+00 1.006035800000000036e+00 1.000493700000000041e+00
2.628750000000000142e+00 1.002136399999999927e+00 1.005226100000000011e+00 1.005226100000000011e+00 1.000542200000000159e+00
2.636249999999999982e+00 1.007180900000000046e+00 1.004717800000000105e+00 1.004717800000000105e+00 1.000597799999999982e+00
2.643749999999999822e+00 1.002823400000000031e+00 1.004873299999999858e+00 1.004873299999999858e+00 1.000705799999999979e+00
2.651250000000000107e+00 1.005601900000000049e+00 1.004236099999999965e+00 1.004236099999999965e+00 1.000574599999999981e+00
2.658749999999999947e+00 1.007266199999999889e+00 1.003606600000000126e+00 1.003606600000000126e+00 1.000616600000000078e+00
2.666249999999999787e+00 1.013608499999999912e+00 1.002945699999999940e+00 1.002945699999999940e+00 1.000506799999999918e+00
2.673750000000000071e+00 1.015097399999999928e+00 1.002667399999999986e+00 1.002667399999999986e+00 1.000653000000000015e+00
2.681249999999999911e+00 1.014455399999999896e+00 1.001978800000000058e+00 1.001978800000000058e+00 1.000722999999999807e+00
2.688750000000000195e+00 1.013967300000000016e+00 1.001458399999999971e+00 1.001458399999999971e+00 1.000595699999999866e+00
2.696250000000000036e+00 1.017137799999999981e+00 1.001058800000000248e+00 1.001058800000000248e+00 1.000650099999999876e+00
2.703749999999999876e+00 1.019472599999999840e+00 1.000565099999999985e+00 1.000565099999999985e+00 1.000665399999999927e+00
2.711250000000000160e+00 1.024063200000000062e+00 1.000103300000000139e+00 1.000103300000000139e+00 1.000935600000000036e+00
2.718750000000000000e+00 1.023493699999999951e+00 9.995098000000000038e-01 9.995098000000000038e-01 1.000700900000000004e+00
2.726249999999999840e+00 1.025308099999999722e+00 9.991331999999999436e-01 9.991331999999999436e-01 1.000842400000000021e+00
2.733750000000000124e+00 1.023306300000000224e+00 9.984332000000000207e-01 9.984332000000000207e-01 1.000784200000000013e+00
2.741249999999999964e+00 1.025351500000000193e+00 9.986456000000000222e-01 9.986456000000000222e-01 1.000860599999999767e+00
2.748749999999999805e+00 1.031709999999999905e+00 9.977841999999998990e-01 9.977841999999998990e-01 1.000960099999999908e+00
2.756250000000000089e+00 1.030883299999999947e+00 9.969859000000000915e-01 9.969859000000000915e-01 1.001001100000000310e+00
2.763749999999999929e+00 1.030390600000000045e+00 9.966492999999999602e-01 9.966492999999999602e-01 1.000908200000000026e+00
2.771250000000000213e+00 1.032563700000000084e+00 9.963001000000002438e-01 9.963001000000002438e-01 1.001020199999999916e+00
2.778750000000000053e+00 1.028770599999999869e+00 9.961187000000000236e-01 9.961187000000000236e-01 1.001126500000000030e+00
2.786249999999999893e+00 1.032342400000000104e+00 9.958573000000001674e-01 9.958573000000001674e-01 1.001123499999999833e+00
2.793750000000000178e+00 1.034555299999999844e+00 9.957543999999998174e-01 9.957543999999998174e-01 1.001297200000000220e+00
2.801250000000000018e+00 1.027205100000000204e+00 9.948603999999999781e-01 9.948603999999999781e-01 1.001289300000000049e+00
2.808749999999999858e+00 1.035752100000000064e+00 9.951395000000001767e-01 9.951395000000001767e-01 1.001292700000000035e+00
2.816250000000000142e+00 1.036496300000000037e+00 9.946913000000000560e-01 9.946913000000000560e-01 1.001413700000000073e+00
2.823749999999999982e+00 1.033143300000000098e+00 9.944401999999999964e-01 9.944401999999999964e-01 1.001271400000000034e+00
2.831249999999999822e+00 1.034641699999999886e+00 9.942331999999998171e-01 9.942331999999998171e-01 1.001488099999999992e+00
2.838750000000000107e+00 1.034834900000000113e+00 9.940025000000000110e-01 9.940025000000000110e-01 1.001578800000000102e+00
2.846249999999999947e+00 1.037244700000000019e+00 9.941504999999999370e-01 9.941504999999999370e-01 1.001519300000000001e+00
2.853749999999999787e+00 1.031336699999999995e+00 9.939025999999999694e-01 9.939025999999999694e-01 1.001603099999999857e+00
2.861250000000000071e+00 1.033213699999999902e+00 9.936500000000000332e-01 9.936500000000000332e-01 1.001699100000000175e+00
2.868749999999999911e+00 1.033812100000000012e+00 9.936061000000002696e-01 9.936061000000002696e-01 1.001685999999999854e+00
2.876250000000000195e+00 1.031450100000000036e+00 9.936013999999999680e-01 9.936013999999999680e-01 1.001704299999999881e+00
2.883750000000000036e+00 1.032792399999999944e+00 9.935814999999997843e-01 9.935814999999997843e-01 1.001747200000000060e+00
2.891249999999999876e+00 1.030978199999999845e+00 9.935593000000000341e-01 9.935593000000000341e-01 1.001811699999999972e+00
2.898750000000000160e+00 1.032892900000000003e+00 9.935028999999999666e-01 9.935028999999999666e-01 1.001890900000000029e+00
2.906250000000000000e+00 1.032910200000000112e+00 9.930713000000001012e-01 9.930713000000001012e-01 1.001845799999999898e+00
2.913749999999999840e+00 1.031764600000000032e+00 9.933365000000000666e-01 9.933365000000000666e-01 1.001859899999999914e+00
2.921250000000000124e+00 1.027459799999999923e+00 9.936146000000001255e-01 9.936146000000001255e-01 1.001912900000000217e+00
2.928749999999999964e+00 1.030493999999999799e+00 9.930096999999999952e-01 9.930096999999999952e-01 1.001943099999999864e+00
2.936249999999999805e+00 1.024713399999999996e+00 9.933571000000001039e-01 9.933571000000001039e-01 1.002019600000000121e+00
2.943750000000000089e+00 1.027524199999999999e+00 9.936049000000000131e-01 9.936049000000000131e-01 1.002102999999999966e+00
2.951249999999999929e+00 1.024705500000000047e+00 9.934882000000001545e-01 9.934882000000001545e-01 1.002119500000000052e+00
2.958750000000000213e+00 1.021902000000000088e+00 9.938313000000000841e-01 9.938313000000000841e-01 1.002075400000000283e+00
2.966250000000000053e+00 1.022179299999999902e+00 9.932900000000002283e-01 9.932900000000002283e-01 1.002200800000000003e+00
2.973749999999999893e+00 1.022987800000000114e+00 9.937701000000001006e-01 9.937701000000001006e-01 1.002217999999999831e+00
2.981250000000000178e+00 1.021871899999999833e+00 9.935233999999999455e-01 9.935233999999999455e-01 1.002000899999999861e+00
2.988750000000000018e+00 1.023030400000000117e+00 9.941119000000000483e-01 9.941119000000000483e-01 1.002198099999999981e+00
2.996249999999999858e+00 1.019680600000000048e+00 9.943269000000001245e-01 9.943269000000001245e-01 1.002300399999999980e+00
