3.749999999999999861e-03 0.000000000000000000e+00 0.000000000000000000e+00 0.000000000000000000e+00 0.000000000000000000e+00
1.124999999999999958e-02 0.000000000000000000e+00 0.000000000000000000e+00 0.000000000000000000e+00 0.000000000000000000e+00
1.874999999999999931e-02 0.000000000000000000e+00 0.000000000000000000e+00 0.000000000000000000e+00 0.000000000000000000e+00
2.624999999999999903e-02 0.000000000000000000e+00 0.000000000000000000e+00 0.000000000000000000e+00 0.000000000000000000e+00
3.375000000000000222e-02 0.000000000000000000e+00 0.000000000000000000e+00 0.000000000000000000e+00 0.000000000000000000e+00
4.125000000000000194e-02 0.000000000000000000e+00 0.000000000000000000e+00 0.000000000000000000e+00 0.000000000000000000e+00
4.875000000000000167e-02 0.000000000000000000e+00 0.000000000000000000e+00 0.000000000000000000e+00 0.000000000000000000e+00
5.625000000000000139e-02 0.000000000000000000e+00 0.000000000000000000e+00 0.000000000000000000e+00 0.000000000000000000e+00
6.375000000000000111e-02 0.000000000000000000e+00 0.000000000000000000e+00 0.000000000000000000e+00 0.000000000000000000e+00
7.124999999999999389e-02 0.000000000000000000e+00 0.000000000000000000e+00 0.000000000000000000e+00 0.000000000000000000e+00
7.875000000000000056e-02 0.000000000000000000e+00 0.000000000000000000e+00 0.000000000000000000e+00 0.000000000000000000e+00
8.624999999999999334e-02 0.000000000000000000e+00 0.000000000000000000e+00 0.000000000000000000e+00 0.000000000000000000e+00
9.375000000000000000e-02 0.000000000000000000e+00 0.000000000000000000e+00 0.000000000000000000e+00 0.000000000000000000e+00
1.012500000000000067e-01 0.000000000000000000e+00 0.000000000000000000e+00 0.000000000000000000e+00 0.000000000000000000e+00
1.087499999999999994e-01 0.000000000000000000e+00 0.000000000000000000e+00 0.000000000000000000e+00 0.000000000000000000e+00
1.162500000000000061e-01 0.000000000000000000e+00 0.000000000000000000e+00 0.000000000000000000e+00 0.000000000000000000e+00
1.237499999999999989e-01 0.000000000000000000e+00 0.000000000000000000e+00 0.000000000000000000e+00 0.000000000000000000e+00
1.312500000000000056e-01 0.000000000000000000e+00 0.000000000000000000e+00 0.000000000000000000e+00 0.000000000000000000e+00
1.387500000000000122e-01 0.000000000000000000e+00 0.000000000000000000e+00 0.000000000000000000e+00 0.000000000000000000e+00
1.462499999999999911e-01 0.000000000000000000e+00 0.000000000000000000e+00 0.000000000000000000e+00 0.000000000000000000e+00
1.537499999999999978e-01 0.000000000000000000e+00 0.000000000000000000e+00 0.000000000000000000e+00 1.560000000000000311e-05
1.612500000000000044e-01 0.000000000000000000e+00 0.000000000000000000e+00 0.000000000000000000e+00 3.025900000000000204e-03
1.687500000000000111e-01 0.000000000000000000e+00 0.000000000000000000e+00 0.000000000000000000e+00 6.102239999999999748e-02
1.762499999999999900e-01 0.000000000000000000e+00 0.000000000000000000e+00 0.000000000000000000e+00 3.320775999999999728e-01
1.837499999999999967e-01 0.000000000000000000e+00 0.000000000000000000e+00 0.000000000000000000e+00 8.423921999999999244e-01
1.912500000000000033e-01 0.000000000000000000e+00 0.000000000000000000e+00 0.000000000000000000e+00 1.373650700000000224e+00
1.987500000000000100e-01 0.000000000000000000e+00 0.000000000000000000e+00 0.000000000000000000e+00 1.747387600000000152e+00
2.062499999999999889e-01 0.000000000000000000e+00 0.000000000000000000e+00 0.000000000000000000e+00 1.925496400000000108e+00
2.137499999999999956e-01 0.000000000000000000e+00 0.000000000000000000e+00 0.000000000000000000e+00 1.969943999999999917e+00
2.212500000000000022e-01 0.000000000000000000e+00 0.000000000000000000e+00 0.000000000000000000e+00 1.934187099999999715e+00
2.287500000000000089e-01 0.000000000000000000e+00 0.000000000000000000e+00 0.000000000000000000e+00 1.868046199999999768e+00
2.362499999999999878e-01 0.000000000000000000e+00 0.000000000000000000e+00 0.000000000000000000e+00 1.798974300000000026e+00
2.437499999999999944e-01 0.000000000000000000e+00 0.000000000000000000e+00 0.000000000000000000e+00 1.737378800000000112e+00
2.512499999999999734e-01 0.000000000000000000e+00 0.000000000000000000e+00 0.000000000000000000e+00 1.679401500000000214e+00
2.587499999999999800e-01 0.000000000000000000e+00 0.000000000000000000e+00 0.000000000000000000e+00 1.626527999999999974e+00
2.662499999999999867e-01 0.000000000000000000e+00 0.000000000000000000e+00 0.000000000000000000e+00 1.577044099999999949e+00
2.737499999999999933e-01 0.000000000000000000e+00 0.000000000000000000e+00 0.000000000000000000e+00 1.531688399999999950e+00
2.812500000000000000e-01 0.000000000000000000e+00 0.000000000000000000e+00 0.000000000000000000e+00 1.492094899999999891e+00
2.887500000000000067e-01 0.000000000000000000e+00 0.000000000000000000e+00 0.000000000000000000e+00 1.454838499999999701e+00
2.962500000000000133e-01 0.000000000000000000e+00 0.000000000000000000e+00 0.000000000000000000e+00 1.421701600000000010e+00
3.037500000000000200e-01 0.000000000000000000e+00 0.000000000000000000e+00 0.000000000000000000e+00 1.392266799999999805e+00
3.112500000000000266e-01 0.000000000000000000e+00 0.000000000000000000e+00 0.000000000000000000e+00 1.367239100000000152e+00
3.187499999999999778e-01 0.000000000000000000e+00 0.000000000000000000e+00 0.000000000000000000e+00 1.343481000000000147e+00
3.262499999999999845e-01 0.000000000000000000e+00 0.000000000000000000e+00 0.000000000000000000e+00 1.324959000000000220e+00
3.337499999999999911e-01 0.000000000000000000e+00 0.000000000000000000e+00 0.000000000000000000e+00 1.308296899999999985e+00
3.412499999999999978e-01 0.000000000000000000e+00 0.000000000000000000e+00 0.000000000000000000e+00 1.296064299999999836e+00
3.487500000000000044e-01 0.000000000000000000e+00 0.000000000000000000e+00 0.000000000000000000e+00 1.285400499999999946e+00
3.562500000000000111e-01 0.000000000000000000e+00 0.000000000000000000e+00 0.000000000000000000e+00 1.277578100000000161e+00
3.637500000000000178e-01 0.000000000000000000e+00 0.000000000000000000e+00 0.000000000000000000e+00 1.272218000000000071e+00
3.712500000000000244e-01 0.000000000000000000e+00 0.000000000000000000e+00 0.000000000000000000e+00 1.268326000000000064e+00
3.787499999999999756e-01 0.000000000000000000e+00 0.000000000000000000e+00 0.000000000000000000e+00 1.266687499999999966e+00
3.862499999999999822e-01 0.000000000000000000e+00 0.000000000000000000e+00 0.000000000000000000e+00 1.264752899999999958e+00
3.937499999999999889e-01 0.000000000000000000e+00 0.000000000000000000e+00 0.000000000000000000e+00 1.262328399999999906e+00
4.012499999999999956e-01 0.000000000000000000e+00 0.000000000000000000e+00 0.000000000000000000e+00 1.260102299999999786e+00
4.087500000000000022e-01 0.000000000000000000e+00 0.000000000000000000e+00 0.000000000000000000e+00 1.256370599999999893e+00
4.162500000000000089e-01 0.000000000000000000e+00 0.000000000000000000e+00 0.000000000000000000e+00 1.252488100000000104e+00
4.237500000000000155e-01 0.000000000000000000e+00 0.000000000000000000e+00 0.000000000000000000e+00 1.247299600000000286e+00
4.312500000000000222e-01 0.000000000000000000e+00 0.000000000000000000e+00 0.000000000000000000e+00 1.242736100000000343e+00
4.387499999999999734e-01 0.000000000000000000e+00 0.000000000000000000e+00 0.000000000000000000e+00 1.235370300000000032e+00
4.462499999999999800e-01 0.000000000000000000e+00 0.000000000000000000e+00 0.000000000000000000e+00 1.228720800000000057e+00
4.537499999999999867e-01 0.000000000000000000e+00 0.000000000000000000e+00 0.000000000000000000e+00 1.222853699999999932e+00
4.612499999999999933e-01 0.000000000000000000e+00 4.199999999999999598e-06 4.199999999999999598e-06 1.215675299999999792e+00
4.687500000000000000e-01 0.000000000000000000e+00 5.000000000000000240e-05 5.000000000000000240e-05 1.208443699999999899e+00
4.762500000000000067e-01 0.000000000000000000e+00 4.378000000000000164e-04 4.378000000000000164e-04 1.201052700000000195e+00
4.837500000000000133e-01 0.000000000000000000e+00 2.553099999999999987e-03 2.553099999999999987e-03 1.193825499999999984e+00
4.912500000000000200e-01 0.000000000000000000e+00 1.000040000000000130e-02 1.000040000000000130e-02 1.186240799999999984e+00
4.987500000000000266e-01 0.000000000000000000e+00 3.068120000000000222e-02 3.068120000000000222e-02 1.179399800000000109e+00
5.062499999999999778e-01 0.000000000000000000e+00 7.305429999999998869e-02 7.305429999999998869e-02 1.172153899999999860e+00
5.137500000000000400e-01 0.000000000000000000e+00 1.499554999999999638e-01 1.499554999999999638e-01 1.165696400000000077e+00
5.212499999999999911e-01 0.000000000000000000e+00 2.648918000000000106e-01 2.648918000000000106e-01 1.158320799999999817e+00
5.287500000000000533e-01 0.000000000000000000e+00 4.150147999999999615e-01 4.150147999999999615e-01 1.152959599999999751e+00
5.362500000000000044e-01 0.000000000000000000e+00 5.926704999999999890e-01 5.926704999999999890e-01 1.146670999999999996e+00
5.437499999999999556e-01 0.000000000000000000e+00 7.799471999999999516e-01 7.799471999999999516e-01 1.139997099999999985e+00
5.512500000000000178e-01 0.000000000000000000e+00 9.668001000000000511e-01 9.668001000000000511e-01 1.133612800000000309e+00
5.587499999999999689e-01 0.000000000000000000e+00 1.135031000000000123e+00 1.135031000000000123e+00 1.128388999999999864e+00
5.662500000000000311e-01 0.000000000000000000e+00 1.277759300000000042e+00 1.277759300000000042e+00 1.122799199999999997e+00
5.737499999999999822e-01 0.000000000000000000e+00 1.394867700000000044e+00 1.394867700000000044e+00 1.118186700000000089e+00
5.812500000000000444e-01 0.000000000000000000e+00 1.479577900000000223e+00 1.479577900000000223e+00 1.112767599999999968e+00
5.887499999999999956e-01 0.000000000000000000e+00 1.534462599999999899e+00 1.534462599999999899e+00 1.107926200000000083e+00
5.962499999999999467e-01 0.000000000000000000e+00 1.569809999999999928e+00 1.569809999999999928e+00 1.102326200000000034e+00
6.037500000000000089e-01 0.000000000000000000e+00 1.579867399999999922e+00 1.579867399999999922e+00 1.098581199999999924e+00
6.112499999999999600e-01 0.000000000000000000e+00 1.572121400000000113e+00 1.572121400000000113e+00 1.092983599999999944e+00
6.187500000000000222e-01 0.000000000000000000e+00 1.554287400000000208e+00 1.554287400000000208e+00 1.089231399999999850e+00
6.262499999999999734e-01 0.000000000000000000e+00 1.524343699999999968e+00 1.524343699999999968e+00 1.084697800000000045e+00
6.337500000000000355e-01 0.000000000000000000e+00 1.489590199999999864e+00 1.489590199999999864e+00 1.080141899999999877e+00
6.412499999999999867e-01 0.000000000000000000e+00 1.450486300000000117e+00 1.450486300000000117e+00 1.075927699999999820e+00
6.487500000000000488e-01 0.000000000000000000e+00 1.412881400000000065e+00 1.412881400000000065e+00 1.072072499999999984e+00
6.562500000000000000e-01 0.000000000000000000e+00 1.370565599999999939e+00 1.370565599999999939e+00 1.067786600000000030e+00
6.637499999999999512e-01 0.000000000000000000e+00 1.332845300000000233e+00 1.332845300000000233e+00 1.063626399999999972e+00
6.712500000000000133e-01 0.000000000000000000e+00 1.296005999999999769e+00 1.296005999999999769e+00 1.059433599999999753e+00
6.787499999999999645e-01 0.000000000000000000e+00 1.259894599999999976e+00 1.259894599999999976e+00 1.056232100000000118e+00
6.862500000000000266e-01 0.000000000000000000e+00 1.230289900000000047e+00 1.230289900000000047e+00 1.052304400000000140e+00
6.937499999999999778e-01 0.000000000000000000e+00 1.202954199999999974e+00 1.202954199999999974e+00 1.048657200000000067e+00
7.012500000000000400e-01 0.000000000000000000e+00 1.182575800000000177e+00 1.182575800000000177e+00 1.045468400000000297e+00
7.087499999999999911e-01 0.000000000000000000e+00 1.166353300000000148e+00 1.166353300000000148e+00 1.041772900000000224e+00
7.162500000000000533e-01 0.000000000000000000e+00 1.153478300000000178e+00 1.153478300000000178e+00 1.038756899999999872e+00
7.237500000000000044e-01 0.000000000000000000e+00 1.142437499999999995e+00 1.142437499999999995e+00 1.035199299999999933e+00
7.312499999999999556e-01 0.000000000000000000e+00 1.138183400000000178e+00 1.138183400000000178e+00 1.032140800000000080e+00
7.387500000000000178e-01 0.000000000000000000e+00 1.128616599999999970e+00 1.128616599999999970e+00 1.029099100000000044e+00
7.462499999999999689e-01 0.000000000000000000e+00 1.122599399999999914e+00 1.122599399999999914e+00 1.026203500000000046e+00
7.537500000000000311e-01 0.000000000000000000e+00 1.120528100000000027e+00 1.120528100000000027e+00 1.023336899999999883e+00
7.612499999999999822e-01 4.719999999999999532e-05 1.119085500000000177e+00 1.119085500000000177e+00 1.020817299999999817e+00
7.687500000000000444e-01 4.619999999999999812e-05 1.117490099999999931e+00 1.117490099999999931e+00 1.018011699999999964e+00
7.762499999999999956e-01 1.406099999999999971e-03 1.112022100000000124e+00 1.112022100000000124e+00 1.016169900000000181e+00
7.837499999999999467e-01 4.003700000000000661e-03 1.110784999999999911e+00 1.110784999999999911e+00 1.013162400000000130e+00
7.912500000000000089e-01 1.584409999999999985e-02 1.107111100000000015e+00 1.107111100000000015e+00 1.011005400000000165e+00
7.987499999999999600e-01 3.769229999999999803e-02 1.104339100000000018e+00 1.104339100000000018e+00 1.008647100000000130e+00
8.062500000000000222e-01 9.206549999999999456e-02 1.098281500000000133e+00 1.098281500000000133e+00 1.006539300000000026e+00
8.137499999999999734e-01 1.917297000000000029e-01 1.092271800000000015e+00 1.092271800000000015e+00 1.005105099999999974e+00
8.212500000000000355e-01 3.378743999999999637e-01 1.087098800000000143e+00 1.087098800000000143e+00 1.003180699999999925e+00
8.287499999999999867e-01 5.563863000000000003e-01 1.083256199999999891e+00 1.083256199999999891e+00 1.000615900000000114e+00
8.362500000000000488e-01 8.239360999999998381e-01 1.074130999999999947e+00 1.074130999999999947e+00 9.991812000000001026e-01
8.437500000000000000e-01 1.148717700000000175e+00 1.068532799999999838e+00 1.068532799999999838e+00 9.975814999999998989e-01
8.512499999999999512e-01 1.473779700000000137e+00 1.060588400000000098e+00 1.060588400000000098e+00 9.959466000000001262e-01
8.587500000000000133e-01 1.825490900000000138e+00 1.057186900000000040e+00 1.057186900000000040e+00 9.947426000000000323e-01
8.662499999999999645e-01 2.132624300000000250e+00 1.050609600000000032e+00 1.050609600000000032e+00 9.932472000000001078e-01
8.737500000000000266e-01 2.387001699999999893e+00 1.042755099999999935e+00 1.042755099999999935e+00 9.921254999999998825e-01
8.812499999999999778e-01 2.585154900000000033e+00 1.036795400000000145e+00 1.036795400000000145e+00 9.909126999999999796e-01
8.887500000000000400e-01 2.744962499999999750e+00 1.031249899999999942e+00 1.031249899999999942e+00 9.901098999999999872e-01
8.962499999999999911e-01 2.812160599999999899e+00 1.025324900000000206e+00 1.025324900000000206e+00 9.891577000000000286e-01
9.037500000000000533e-01 2.822825799999999496e+00 1.020571500000000187e+00 1.020571500000000187e+00 9.883874999999999744e-01
9.112500000000000044e-01 2.789451300000000522e+00 1.013036100000000106e+00 1.013036100000000106e+00 9.874458000000000402e-01
9.187499999999999556e-01 2.701490900000000472e+00 1.008176000000000183e+00 1.008176000000000183e+00 9.864233999999999503e-01
9.262500000000000178e-01 2.600968100000000227e+00 1.003955600000000059e+00 1.003955600000000059e+00 9.860114999999998187e-01
9.337499999999999689e-01 2.459841500000000014e+00 9.992389000000001520e-01 9.992389000000001520e-01 9.855478999999999212e-01
9.412500000000000311e-01 2.344702999999999982e+00 9.952311000000000352e-01 9.952311000000000352e-01 9.854311000000001153e-01
9.487499999999999822e-01 2.183550000000000324e+00 9.921649000000000163e-01 9.921649000000000163e-01 9.847013999999999490e-01
9.562500000000000444e-01 2.058284099999999839e+00 9.878641999999999701e-01 9.878641999999999701e-01 9.849317000000000766e-01
9.637499999999999956e-01 1.900949699999999520e+00 9.844263999999999237e-01 9.844263999999999237e-01 9.848692000000000002e-01
9.712499999999999467e-01 1.779902800000000340e+00 9.807021999999999684e-01 9.807021999999999684e-01 9.843228999999998896e-01
9.787500000000000089e-01 1.660388500000000267e+00 9.778612000000002080e-01 9.778612000000002080e-01 9.845339000000000729e-01
9.862499999999999600e-01 1.546172499999999950e+00 9.745201000000000002e-01 9.745201000000000002e-01 9.846270999999999773e-01
9.937500000000000222e-01 1.453742599999999552e+00 9.716750000000000664e-01 9.716750000000000664e-01 9.849902000000000379e-01
1.001249999999999973e+00 1.364933699999999916e+00 9.694900000000000739e-01 9.694900000000000739e-01 9.853955999999998161e-01
1.008750000000000036e+00 1.274218599999999979e+00 9.667664999999999731e-01 9.667664999999999731e-01 9.856627000000000027e-01
1.016250000000000098e+00 1.204518299999999931e+00 9.639699999999999935e-01 9.639699999999999935e-01 9.860879000000000172e-01
1.023749999999999938e+00 1.153299000000000074e+00 9.615628999999999982e-01 9.615628999999999982e-01 9.869251000000002216e-01
1.031250000000000000e+00 1.097526999999999919e+00 9.602976999999999208e-01 9.602976999999999208e-01 9.877217000000000358e-01
1.038750000000000062e+00 1.055396200000000118e+00 9.584076999999998625e-01 9.584076999999998625e-01 9.883266999999997804e-01
1.046249999999999902e+00 1.010811100000000184e+00 9.555351999999999180e-01 9.555351999999999180e-01 9.893427999999998557e-01
1.053749999999999964e+00 9.798864000000000463e-01 9.551496000000000430e-01 9.551496000000000430e-01 9.899238999999999677e-01
1.061250000000000027e+00 9.615723000000000464e-01 9.521448000000001244e-01 9.521448000000001244e-01 9.911050000000001248e-01
1.068750000000000089e+00 9.393677999999999750e-01 9.513036000000001380e-01 9.513036000000001380e-01 9.919988999999999058e-01
1.076249999999999929e+00 9.297183999999999449e-01 9.499674000000000174e-01 9.499674000000000174e-01 9.934035000000001059e-01
1.083749999999999991e+00 9.131954999999999378e-01 9.488908999999997596e-01 9.488908999999997596e-01 9.943809000000000120e-01
1.091250000000000053e+00 9.103703000000000767e-01 9.482530999999999599e-01 9.482530999999999599e-01 9.955165999999999737e-01
1.098749999999999893e+00 9.226575000000000193e-01 9.470678999999998515e-01 9.470678999999998515e-01 9.962379000000000095e-01
1.106249999999999956e+00 9.185407000000000988e-01 9.461644999999998529e-01 9.461644999999998529e-01 9.975598999999999439e-01
1.113750000000000018e+00 9.215223999999999638e-01 9.457129999999999148e-01 9.457129999999999148e-01 9.988339999999998886e-01
1.121250000000000080e+00 9.295155999999999974e-01 9.451680000000001192e-01 9.451680000000001192e-01 9.995302000000000353e-01
1.128749999999999920e+00 9.342131000000000185e-01 9.442724000000000117e-01 9.442724000000000117e-01 1.000604899999999908e+00
1.136249999999999982e+00 9.470032999999998813e-01 9.452278000000001734e-01 9.452278000000001734e-01 1.001533199999999901e+00
1.143750000000000044e+00 9.500827000000000577e-01 9.446222999999998038e-01 9.446222999999998038e-01 1.002251599999999909e+00
1.151250000000000107e+00 9.641147999999999385e-01 9.447077000000000391e-01 9.447077000000000391e-01 1.003019999999999801e+00
1.158749999999999947e+00 9.706026999999999294e-01 9.456622000000001194e-01 9.456622000000001194e-01 1.003679800000000011e+00
1.166250000000000009e+00 9.811636999999999720e-01 9.455843999999998806e-01 9.455843999999998806e-01 1.003974700000000109e+00
1.173750000000000071e+00 9.855053000000000285e-01 9.467554000000000247e-01 9.467554000000000247e-01 1.004337700000000222e+00
1.181249999999999911e+00 9.958073000000000619e-01 9.470085999999999782e-01 9.470085999999999782e-01 1.004697799999999974e+00
1.188749999999999973e+00 9.941303999999998586e-01 9.475263999999998799e-01 9.475263999999998799e-01 1.005068899999999932e+00
1.196250000000000036e+00 9.958354999999998736e-01 9.489604000000000372e-01 9.489604000000000372e-01 1.005008999999999819e+00
1.203750000000000098e+00 1.000098500000000001e+00 9.509437999999998947e-01 9.509437999999998947e-01 1.005524599999999991e+00
1.211249999999999938e+00 9.999332000000000775e-01 9.508848999999999219e-01 9.508848999999999219e-01 1.005587200000000347e+00
1.218750000000000000e+00 9.927787999999999613e-01 9.526227000000000444e-01 9.526227000000000444e-01 1.005544700000000180e+00
1.226250000000000062e+00 1.003625100000000270e+00 9.534859000000001084e-01 9.534859000000001084e-01 1.005472399999999711e+00
1.233749999999999902e+00 9.935244000000000852e-01 9.553483000000001502e-01 9.553483000000001502e-01 1.005589899999999925e+00
1.241249999999999964e+00 9.970210999999998824e-01 9.573188000000000253e-01 9.573188000000000253e-01 1.005171500000000107e+00
1.248750000000000027e+00 9.853435999999999861e-01 9.585808000000000106e-01 9.585808000000000106e-01 1.005249099999999896e+00
1.256250000000000089e+00 9.718991999999998521e-01 9.606896999999999798e-01 9.606896999999999798e-01 1.005126800000000209e+00
1.263749999999999929e+00 9.676868000000000691e-01 9.622344000000000452e-01 9.622344000000000452e-01 1.005177300000000162e+00
1.271249999999999991e+00 9.636749000000000009e-01 9.642931000000001251e-01 9.642931000000001251e-01 1.005122099999999907e+00
1.278750000000000053e+00 9.580859999999999932e-01 9.660935999999999968e-01 9.660935999999999968e-01 1.004773099999999975e+00
1.286249999999999893e+00 9.495554999999999968e-01 9.702318999999999249e-01 9.702318999999999249e-01 1.004512599999999978e+00
1.293749999999999956e+00 9.442923999999999207e-01 9.708500000000001018e-01 9.708500000000001018e-01 1.004492499999999788e+00
1.301250000000000018e+00 9.368276000000002046e-01 9.746852999999999767e-01 9.746852999999999767e-01 1.004440699999999742e+00
1.308750000000000080e+00 9.354385999999997869e-01 9.775113999999998082e-01 9.775113999999998082e-01 1.004360799999999943e+00
1.316249999999999920e+00 9.339096999999998427e-01 9.788016000000000494e-01 9.788016000000000494e-01 1.003994099999999889e+00
1.323749999999999982e+00 9.241835999999998830e-01 9.826071000000000666e-01 9.826071000000000666e-01 1.004091900000000148e+00
1.331250000000000044e+00 9.158813999999999567e-01 9.843555000000000499e-01 9.843555000000000499e-01 1.003749600000000131e+00
1.338750000000000107e+00 9.053736999999999480e-01 9.881088000000000093e-01 9.881088000000000093e-01 1.003394700000000084e+00
1.346249999999999947e+00 9.073765000000001413e-01 9.914277999999999702e-01 9.914277999999999702e-01 1.003474100000000035e+00
1.353750000000000009e+00 8.968731999999999260e-01 9.942252999999998675e-01 9.942252999999998675e-01 1.003180700000000147e+00
1.361250000000000071e+00 8.991253000000000162e-01 9.978441000000000116e-01 9.978441000000000116e-01 1.003162300000000062e+00
1.368749999999999911e+00 9.004282000000000119e-01 1.000436000000000103e+00 1.000436000000000103e+00 1.002701999999999982e+00
1.376249999999999973e+00 8.972200999999998539e-01 1.004347899999999960e+00 1.004347899999999960e+00 1.002353600000000178e+00
1.383750000000000036e+00 8.853225000000000122e-01 1.006934599999999902e+00 1.006934599999999902e+00 1.002311500000000022e+00
1.391250000000000098e+00 8.794176000000000215e-01 1.010344100000000189e+00 1.010344100000000189e+00 1.002090399999999937e+00
1.398749999999999938e+00 8.822753000000000956e-01 1.013825399999999988e+00 1.013825399999999988e+00 1.001895600000000108e+00
1.406250000000000000e+00 8.842486999999999986e-01 1.017149300000000034e+00 1.017149300000000034e+00 1.001671399999999768e+00
1.413750000000000062e+00 8.739753999999999579e-01 1.019255499999999870e+00 1.019255499999999870e+00 1.001403299999999996e+00
1.421249999999999902e+00 8.844058000000000197e-01 1.022413400000000028e+00 1.022413400000000028e+00 1.001050699999999960e+00
1.428749999999999964e+00 8.841410999999999021e-01 1.025012000000000034e+00 1.025012000000000034e+00 1.000840699999999917e+00
1.436250000000000027e+00 8.716459000000000845e-01 1.026596200000000181e+00 1.026596200000000181e+00 1.000562399999999963e+00
1.443750000000000089e+00 8.737572000000000116e-01 1.029809399999999986e+00 1.029809399999999986e+00 1.000395699999999888e+00
1.451249999999999929e+00 8.812147000000001285e-01 1.030744399999999894e+00 1.030744399999999894e+00 1.000143899999999864e+00
1.458749999999999991e+00 8.823732000000001907e-01 1.031054800000000160e+00 1.031054800000000160e+00 9.998774999999998636e-01
1.466250000000000053e+00 8.793691000000001257e-01 1.032910900000000076e+00 1.032910900000000076e+00 9.994533000000001000e-01
1.473749999999999893e+00 8.851624999999998522e-01 1.032123299999999855e+00 1.032123299999999855e+00 9.993935000000002677e-01
1.481249999999999956e+00 8.825735000000000108e-01 1.033329399999999954e+00 1.033329399999999954e+00 9.990665999999999158e-01
1.488750000000000018e+00 8.782531000000000088e-01 1.033820800000000206e+00 1.033820800000000206e+00 9.988429000000002000e-01
1.496250000000000080e+00 8.904899000000000564e-01 1.033592100000000125e+00 1.033592100000000125e+00 9.984232000000000662e-01
1.503749999999999920e+00 8.920949999999999713e-01 1.032655399999999890e+00 1.032655399999999890e+00 9.983049999999999979e-01
1.511249999999999982e+00 8.979677000000000353e-01 1.031830500000000095e+00 1.031830500000000095e+00 9.982813000000000381e-01
1.518750000000000044e+00 8.889906000000001862e-01 1.031339800000000029e+00 1.031339800000000029e+00 9.976358000000000725e-01
1.526250000000000107e+00 9.036551999999999918e-01 1.030531300000000261e+00 1.030531300000000261e+00 9.977163000000001114e-01
1.533749999999999947e+00 9.010192000000000201e-01 1.029830700000000210e+00 1.029830700000000210e+00 9.976967999999999392e-01
1.541250000000000009e+00 9.054091999999999141e-01 1.027919299999999980e+00 1.027919299999999980e+00 9.973959000000001129e-01
1.548750000000000071e+00 9.129984999999999351e-01 1.026953900000000086e+00 1.026953900000000086e+00 9.973653000000000102e-01
1.556249999999999911e+00 9.167668000000001038e-01 1.026496099999999689e+00 1.026496099999999689e+00 9.970156999999998382e-01
1.563749999999999973e+00 9.157162999999999276e-01 1.025394200000000033e+00 1.025394200000000033e+00 9.969597000000000042e-01
1.571250000000000036e+00 9.256572000000000688e-01 1.023474099999999831e+00 1.023474099999999831e+00 9.967586999999999975e-01
1.578750000000000098e+00 9.290313000000001153e-01 1.023158999999999930e+00 1.023158999999999930e+00 9.964651000000002146e-01
1.586249999999999938e+00 9.371441999999998718e-01 1.022265099999999816e+00 1.022265099999999816e+00 9.966326999999999270e-01
1.593750000000000000e+00 9.347461999999999716e-01 1.021178699999999884e+00 1.021178699999999884e+00 9.965020000000001099e-01
1.601250000000000062e+00 9.468893999999998812e-01 1.019499000000000155e+00 1.019499000000000155e+00 9.963996999999998883e-01
1.608749999999999902e+00 9.507096000000000435e-01 1.018069099999999949e+00 1.018069099999999949e+00 9.962449999999998251e-01
1.616249999999999964e+00 9.598579000000000416e-01 1.017486899999999972e+00 1.017486899999999972e+00 9.962583000000000411e-01
1.623750000000000027e+00 9.573649999999999105e-01 1.016986500000000015e+00 1.016986500000000015e+00 9.960141000000000133e-01
1.631250000000000089e+00 9.674060000000000992e-01 1.015914700000000170e+00 1.015914700000000170e+00 9.958489999999999842e-01
1.638749999999999929e+00 9.655011999999999484e-01 1.015016999999999836e+00 1.015016999999999836e+00 9.959773000000001764e-01
1.646249999999999991e+00 9.745110000000000161e-01 1.014468600000000054e+00 1.014468600000000054e+00 9.957916999999998353e-01
1.653750000000000053e+00 9.806997000000000630e-01 1.013058099999999850e+00 1.013058099999999850e+00 9.956479000000001411e-01
1.661249999999999893e+00 9.861931000000000447e-01 1.012772800000000029e+00 1.012772800000000029e+00 9.958551999999997184e-01
1.668749999999999956e+00 9.931769999999999765e-01 1.012060399999999971e+00 1.012060399999999971e+00 9.958866000000000662e-01
1.676250000000000018e+00 9.958342000000002248e-01 1.010757200000000022e+00 1.010757200000000022e+00 9.956779999999998410e-01
1.683750000000000080e+00 1.000409800000000127e+00 1.010648199999999886e+00 1.010648199999999886e+00 9.958100999999999203e-01
1.691249999999999920e+00 1.012919200000000242e+00 1.009151099999999968e+00 1.009151099999999968e+00 9.956324999999999203e-01
1.698749999999999982e+00 1.013824099999999895e+00 1.007926499999999947e+00 1.007926499999999947e+00 9.957996999999998433e-01
1.706250000000000044e+00 1.022502999999999940e+00 1.007801799999999970e+00 1.007801799999999970e+00 9.958413999999999877e-01
1.713750000000000107e+00 1.022244699999999895e+00 1.006862000000000146e+00 1.006862000000000146e+00 9.958624000000000365e-01
1.721249999999999947e+00 1.022773300000000107e+00 1.006607000000000030e+00 1.006607000000000030e+00 9.957658999999999816e-01
1.728750000000000009e+00 1.036430200000000079e+00 1.005722500000000075e+00 1.005722500000000075e+00 9.959675000000001166e-01
1.736250000000000071e+00 1.039814900000000097e+00 1.005142100000000038e+00 1.005142100000000038e+00 9.961786000000000252e-01
1.743749999999999911e+00 1.044397299999999973e+00 1.004222000000000170e+00 1.004222000000000170e+00 9.961440999999998658e-01
1.751249999999999973e+00 1.043722000000000261e+00 1.003543399999999863e+00 1.003543399999999863e+00 9.961254000000000497e-01
1.758750000000000036e+00 1.043921299999999830e+00 1.003054899999999972e+00 1.003054899999999972e+00 9.961619999999999919e-01
1.766250000000000098e+00 1.045507300000000139e+00 1.002556400000000014e+00 1.002556400000000014e+00 9.963298000000001542e-01
1.773749999999999938e+00 1.056279699999999711e+00 1.001366299999999709e+00 1.001366299999999709e+00 9.964743000000000350e-01
1.781250000000000000e+00 1.045603199999999955e+00 1.000557799999999720e+00 1.000557799999999720e+00 9.966383000000000880e-01
1.788750000000000062e+00 1.058196799999999937e+00 1.000273399999999979e+00 1.000273399999999979e+00 9.968600000000000794e-01
1.796249999999999902e+00 1.050937000000000010e+00 1.000231800000000115e+00 1.000231800000000115e+00 9.969244999999998802e-01
1.803749999999999964e+00 1.054016599999999970e+00 9.987586999999999993e-01 9.987586999999999993e-01 9.970331999999999528e-01
1.811250000000000027e+00 1.053185700000000002e+00 9.981512000000000162e-01 9.981512000000000162e-01 9.970915000000000195e-01
1.818750000000000089e+00 1.049168900000000182e+00 9.970003000000000615e-01 9.970003000000000615e-01 9.973225999999998370e-01
1.826249999999999929e+00 1.047779600000000144e+00 9.972820999999999492e-01 9.972820999999999492e-01 9.973686999999999969e-01
1.833749999999999991e+00 1.044443600000000139e+00 9.962158000000000957e-01 9.962158000000000957e-01 9.975374999999999659e-01
1.841250000000000053e+00 1.050001999999999880e+00 9.957793999999997592e-01 9.957793999999997592e-01 9.976412999999999531e-01
1.848749999999999893e+00 1.045857299999999990e+00 9.955459000000000946e-01 9.955459000000000946e-01 9.978257999999999850e-01
1.856249999999999956e+00 1.045195199999999991e+00 9.950206000000001438e-01 9.950206000000001438e-01 9.980267000000001554e-01
1.863750000000000018e+00 1.040930399999999922e+00 9.947929999999999273e-01 9.947929999999999273e-01 9.981112000000000872e-01
1.871250000000000080e+00 1.044332900000000119e+00 9.936691000000001939e-01 9.936691000000001939e-01 9.983298000000001560e-01
1.878749999999999920e+00 1.042352199999999840e+00 9.932813999999998700e-01 9.932813999999998700e-01 9.983651999999999527e-01
1.886249999999999982e+00 1.036952300000000049e+00 9.932134000000001350e-01 9.932134000000001350e-01 9.986107000000000733e-01
1.893750000000000044e+00 1.042074500000000015e+00 9.931392999999998361e-01 9.931392999999998361e-01 9.988524999999996989e-01
1.901250000000000107e+00 1.041036099999999909e+00 9.920649999999999746e-01 9.920649999999999746e-01 9.991160999999999515e-01
1.908749999999999947e+00 1.038406699999999905e+00 9.923174000000001271e-01 9.923174000000001271e-01 9.991243000000000762e-01
1.916250000000000009e+00 1.040735300000000141e+00 9.916171999999999764e-01 9.916171999999999764e-01 9.993067999999999396e-01
1.923750000000000071e+00 1.042028700000000141e+00 9.910541000000000489e-01 9.910541000000000489e-01 9.994174000000001223e-01
1.931249999999999911e+00 1.041783499999999973e+00 9.910219000000000111e-01 9.910219000000000111e-01 9.994802000000000408e-01
1.938749999999999973e+00 1.041547000000000001e+00 9.915426000000000517e-01 9.915426000000000517e-01 9.996196999999999999e-01
1.946250000000000036e+00 1.042574899999999971e+00 9.906946999999999282e-01 9.906946999999999282e-01 9.997930000000000428e-01
1.953750000000000098e+00 1.041830699999999998e+00 9.914365000000000538e-01 9.914365000000000538e-01 1.000003599999999881e+00
1.961249999999999938e+00 1.044086899999999929e+00 9.907289999999999708e-01 9.907289999999999708e-01 1.000232000000000010e+00
1.968750000000000000e+00 1.041174000000000044e+00 9.898236999999999730e-01 9.898236999999999730e-01 1.000207300000000021e+00
1.976250000000000062e+00 1.037617500000000081e+00 9.906513999999999598e-01 9.906513999999999598e-01 1.000290399999999913e+00
1.983749999999999902e+00 1.035675399999999913e+00 9.901517999999999153e-01 9.901517999999999153e-01 1.000603299999999862e+00
1.991249999999999964e+00 1.040872699999999984e+00 9.900512999999999675e-01 9.900512999999999675e-01 1.000516399999999972e+00
1.998750000000000027e+00 1.042542999999999997e+00 9.903937999999999908e-01 9.903937999999999908e-01 1.000591799999999809e+00
2.006250000000000089e+00 1.039338800000000118e+00 9.902444000000001356e-01 9.902444000000001356e-01 1.000791899999999846e+00
2.013749999999999929e+00 1.043026999999999926e+00 9.901842999999999062e-01 9.901842999999999062e-01 1.000758000000000036e+00
2.021250000000000213e+00 1.039628400000000230e+00 9.901706999999999592e-01 9.901706999999999592e-01 1.000872999999999902e+00
2.028750000000000053e+00 1.041138599999999803e+00 9.906609000000001775e-01 9.906609000000001775e-01 1.001005299999999876e+00
2.036249999999999893e+00 1.032718699999999767e+00 9.905519999999998770e-01 9.905519999999998770e-01 1.001032300000000097e+00
2.043750000000000178e+00 1.033095499999999722e+00 9.911360000000000170e-01 9.911360000000000170e-01 1.001161199999999862e+00
2.051250000000000018e+00 1.031276500000000151e+00 9.908722999999998171e-01 9.908722999999998171e-01 1.001213699999999873e+00
2.058749999999999858e+00 1.032925199999999988e+00 9.912927999999998629e-01 9.912927999999998629e-01 1.001182800000000039e+00
2.066250000000000142e+00 1.030426600000000192e+00 9.912126000000001103e-01 9.912126000000001103e-01 1.001156500000000005e+00
2.073749999999999982e+00 1.029620599999999886e+00 9.916398000000000712e-01 9.916398000000000712e-01 1.001330499999999901e+00
2.081249999999999822e+00 1.029777600000000071e+00 9.917815000000000936e-01 9.917815000000000936e-01 1.001154300000000053e+00
2.088750000000000107e+00 1.025916100000000108e+00 9.922771000000001340e-01 9.922771000000001340e-01 1.001418599999999826e+00
2.096249999999999947e+00 1.024526700000000012e+00 9.926380000000001314e-01 9.926380000000001314e-01 1.001339999999999897e+00
2.103749999999999787e+00 1.020489100000000038e+00 9.927872000000000918e-01 9.927872000000000918e-01 1.001310299999999875e+00
2.111250000000000071e+00 1.020111800000000235e+00 9.927346000000001336e-01 9.927346000000001336e-01 1.001225900000000113e+00
2.118749999999999911e+00 1.017589799999999878e+00 9.933240999999999321e-01 9.933240999999999321e-01 1.001144999999999952e+00
2.126250000000000195e+00 1.016915800000000036e+00 9.936709999999999710e-01 9.936709999999999710e-01 1.001277600000000101e+00
2.133750000000000036e+00 1.017900499999999875e+00 9.936520999999999271e-01 9.936520999999999271e-01 1.001222900000000138e+00
2.141249999999999876e+00 1.008016699999999988e+00 9.940906000000001574e-01 9.940906000000001574e-01 1.001162800000000130e+00
2.148750000000000160e+00 1.005502399999999907e+00 9.946291000000000437e-01 9.946291000000000437e-01 1.001077299999999948e+00
2.156250000000000000e+00 1.008341099999999990e+00 9.952267000000001307e-01 9.952267000000001307e-01 1.001044100000000103e+00
2.163749999999999840e+00 1.001123499999999833e+00 9.956527000000001681e-01 9.956527000000001681e-01 1.001304799999999773e+00
2.171250000000000124e+00 1.000282700000000080e+00 9.954971999999999710e-01 9.954971999999999710e-01 1.001127600000000006e+00
2.178749999999999964e+00 9.977137999999999840e-01 9.953494999999999981e-01 9.953494999999999981e-01 1.001145800000000197e+00
2.186249999999999805e+00 9.958313999999999222e-01 9.962763000000001146e-01 9.962763000000001146e-01 1.000989300000000082e+00
2.193750000000000089e+00 9.950699999999998990e-01 9.965487000000001760e-01 9.965487000000001760e-01 1.001025899999999913e+00
2.201249999999999929e+00 9.910812999999999429e-01 9.973432000000000963e-01 9.973432000000000963e-01 1.000951700000000111e+00
2.208750000000000213e+00 9.911120999999999404e-01 9.975580000000000558e-01 9.975580000000000558e-01 1.000930499999999945e+00
2.216250000000000053e+00 9.865572000000000230e-01 9.976127999999999663e-01 9.976127999999999663e-01 1.000964999999999883e+00
2.223749999999999893e+00 9.856829999999998648e-01 9.980910000000001725e-01 9.980910000000001725e-01 1.001006400000000074e+00
2.231250000000000178e+00 9.874110999999998750e-01 9.989236000000000226e-01 9.989236000000000226e-01 1.000932800000000178e+00
2.238750000000000018e+00 9.840667999999999083e-01 9.991697000000000495e-01 9.991697000000000495e-01 1.000708000000000153e+00
2.246249999999999858e+00 9.830634000000000317e-01 9.988581999999999184e-01 9.988581999999999184e-01 1.000843300000000102e+00
2.253750000000000142e+00 9.770802000000001764e-01 9.997116999999999809e-01 9.997116999999999809e-01 1.000563400000000103e+00
2.261249999999999982e+00 9.821852999999999279e-01 9.998018999999999101e-01 9.998018999999999101e-01 1.000536899999999729e+00
2.268749999999999822e+00 9.766366000000001879e-01 1.000064100000000122e+00 1.000064100000000122e+00 1.000384499999999788e+00
2.276250000000000107e+00 9.782388000000000750e-01 1.000132699999999986e+00 1.000132699999999986e+00 1.000452800000000142e+00
2.283749999999999947e+00 9.778341000000001504e-01 1.001093000000000011e+00 1.001093000000000011e+00 1.000281900000000057e+00
2.291249999999999787e+00 9.721769000000000105e-01 1.000891599999999881e+00 1.000891599999999881e+00 1.000372899999999898e+00
2.298750000000000071e+00 9.710148000000001778e-01 1.001126100000000019e+00 1.001126100000000019e+00 1.000285099999999927e+00
2.306249999999999911e+00 9.712552000000000962e-01 1.001705799999999869e+00 1.001705799999999869e+00 1.000207599999999974e+00
2.313750000000000195e+00 9.707319000000002029e-01 1.002200299999999933e+00 1.002200299999999933e+00 1.000248000000000248e+00
2.321250000000000036e+00 9.714782000000001805e-01 1.001878700000000011e+00 1.001878700000000011e+00 1.000107900000000161e+00
2.328749999999999876e+00 9.725778000000000478e-01 1.001814199999999877e+00 1.001814199999999877e+00 1.000006900000000032e+00
2.336250000000000160e+00 9.753404999999999436e-01 1.002547400000000088e+00 1.002547400000000088e+00 9.999247999999998360e-01
2.343750000000000000e+00 9.761672999999998490e-01 1.002368799999999727e+00 1.002368799999999727e+00 1.000056999999999974e+00
2.351249999999999840e+00 9.714377000000000706e-01 1.002722499999999961e+00 1.002722499999999961e+00 9.999092000000000535e-01
2.358750000000000124e+00 9.746315999999998203e-01 1.002242999999999995e+00 1.002242999999999995e+00 1.000011099999999820e+00
2.366249999999999964e+00 9.752813000000000176e-01 1.002707000000000015e+00 1.002707000000000015e+00 9.998520999999997994e-01
2.373749999999999805e+00 9.732939999999998815e-01 1.002929699999999924e+00 1.002929699999999924e+00 9.998208000000001761e-01
2.381250000000000089e+00 9.753122999999999099e-01 1.003360399999999819e+00 1.003360399999999819e+00 9.997760000000001090e-01
2.388749999999999929e+00 9.713767000000000928e-01 1.002879500000000146e+00 1.002879500000000146e+00 9.996161999999999548e-01
2.396250000000000213e+00 9.760375999999999497e-01 1.003269299999999919e+00 1.003269299999999919e+00 9.997137000000000384e-01
2.403750000000000053e+00 9.759441000000000921e-01 1.003045799999999987e+00 1.003045799999999987e+00 9.995508999999997979e-01
2.411249999999999893e+00 9.726646999999999377e-01 1.003234900000000041e+00 1.003234900000000041e+00 9.995806000000001523e-01
2.418750000000000178e+00 9.730740000000001055e-01 1.003463400000000005e+00 1.003463400000000005e+00 9.994068999999999869e-01
2.426250000000000018e+00 9.791323999999999028e-01 1.003709500000000254e+00 1.003709500000000254e+00 9.994383000000001127e-01
2.433749999999999858e+00 9.739282000000001327e-01 1.003567899999999957e+00 1.003567899999999957e+00 9.995211000000001622e-01
2.441250000000000142e+00 9.779126000000000207e-01 1.003546599999999955e+00 1.003546599999999955e+00 9.994491999999999265e-01
2.448749999999999982e+00 9.769946000000000463e-01 1.004035399999999800e+00 1.004035399999999800e+00 9.992693000000001380e-01
2.456249999999999822e+00 9.794078999999999979e-01 1.003444300000000178e+00 1.003444300000000178e+00 9.992851000000000372e-01
2.463750000000000107e+00 9.814854999999997887e-01 1.003248099999999976e+00 1.003248099999999976e+00 9.992648000000000641e-01
2.471249999999999947e+00 9.848041000000000711e-01 1.003227900000000172e+00 1.003227900000000172e+00 9.993846000000001784e-01
2.478749999999999787e+00 9.823584000000000760e-01 1.003520599999999874e+00 1.003520599999999874e+00 9.992915999999999466e-01
2.486250000000000071e+00 9.829085000000000738e-01 1.003063000000000038e+00 1.003063000000000038e+00 9.993345000000000145e-01
2.493749999999999911e+00 9.843433999999999795e-01 1.003244799999999826e+00 1.003244799999999826e+00 9.993335999999999331e-01
2.501250000000000195e+00 9.865648999999999669e-01 1.003021799999999963e+00 1.003021799999999963e+00 9.991423999999998751e-01
2.508750000000000036e+00 9.883342000000000516e-01 1.003198499999999882e+00 1.003198499999999882e+00 9.992198999999997167e-01
2.516249999999999876e+00 9.890592000000001383e-01 1.003188699999999933e+00 1.003188699999999933e+00 9.992178000000000448e-01
2.523750000000000160e+00 9.879946000000000561e-01 1.003149599999999975e+00 1.003149599999999975e+00 9.990793000000002255e-01
2.531250000000000000e+00 9.888702999999999799e-01 1.002811599999999803e+00 1.002811599999999803e+00 9.991513000000000755e-01
2.538749999999999840e+00 9.929702999999999724e-01 1.002997800000000161e+00 1.002997800000000161e+00 9.991254000000001634e-01
2.546250000000000124e+00 9.982189000000000201e-01 1.002989299999999862e+00 1.002989299999999862e+00 9.992269000000000290e-01
2.553749999999999964e+00 9.937848000000000237e-01 1.002610399999999791e+00 1.002610399999999791e+00 9.990603000000000122e-01
2.561249999999999805e+00 9.952341000000000104e-01 1.001999599999999990e+00 1.001999599999999990e+00 9.992628000000001176e-01
2.568750000000000089e+00 9.954028999999999794e-01 1.002096299999999829e+00 1.002096299999999829e+00 9.991195999999999966e-01
2.576249999999999929e+00 9.982374000000000525e-01 1.002194600000000158e+00 1.002194600000000158e+00 9.991293999999999453e-01
2.583750000000000213e+00 9.990696000000001131e-01 1.002118199999999959e+00 1.002118199999999959e+00 9.991799000000000097e-01
2.591250000000000053e+00 9.983127999999998892e-01 1.001969899999999969e+00 1.001969899999999969e+00 9.990675999999998336e-01
2.598749999999999893e+00 1.001978800000000058e+00 1.001848799999999873e+00 1.001848799999999873e+00 9.990982999999999947e-01
2.606250000000000178e+00 1.001623499999999778e+00 1.001064399999999965e+00 1.001064399999999965e+00 9.991240000000001231e-01
2.613750000000000018e+00 1.002223300000000261e+00 1.001751100000000116e+00 1.001751100000000116e+00 9.991806000000000854e-01
2.621249999999999858e+00 1.003281799999999890e+00 1.001656199999999997e+00 1.001656199999999997e+00 9.991088999999998554e-01
2.628750000000000142e+00 1.006249199999999622e+00 1.001006400000000074e+00 1.001006400000000074e+00 9.991212000000000426e-01
2.636249999999999982e+00 1.008993800000000052e+00 1.000781099999999979e+00 1.000781099999999979e+00 9.992397000000000640e-01
2.643749999999999822e+00 1.002600499999999784e+00 1.000950000000000006e+00 1.000950000000000006e+00 9.993324999999998459e-01
2.651250000000000107e+00 1.004361700000000024e+00 1.000267500000000087e+00 1.000267500000000087e+00 9.992680000000000451e-01
2.658749999999999947e+00 1.006048299999999784e+00 1.000436899999999962e+00 1.000436899999999962e+00 9.992282000000001219e-01
2.666249999999999787e+00 1.007730900000000096e+00 1.000116600000000133e+00 1.000116600000000133e+00 9.992666999999999522e-01
2.673750000000000071e+00 1.009512699999999930e+00 1.000523199999999946e+00 1.000523199999999946e+00 9.993467999999999796e-01
2.681249999999999911e+00 1.008578900000000056e+00 1.000212399999999890e+00 1.000212399999999890e+00 9.992208000000001311e-01
2.688750000000000195e+00 1.009665699999999999e+00 9.999704999999998734e-01 9.999704999999998734e-01 9.993686999999999987e-01
2.696250000000000036e+00 1.009882900000000028e+00 9.994820999999998179e-01 9.994820999999998179e-01 9.992866999999998612e-01
2.703749999999999876e+00 1.011259799999999931e+00 9.996713000000001514e-01 9.996713000000001514e-01 9.994379999999999376e-01
2.711250000000000160e+00 1.013765800000000050e+00 9.993465000000000265e-01 9.993465000000000265e-01 9.993266000000000648e-01
2.718750000000000000e+00 1.009903299999999948e+00 9.995439000000001517e-01 9.995439000000001517e-01 9.994804999999999939e-01
2.726249999999999840e+00 1.011472400000000160e+00 9.993828999999999629e-01 9.993828999999999629e-01 9.994545000000000234e-01
2.733750000000000124e+00 1.011012800000000045e+00 9.992938999999999572e-01 9.992938999999999572e-01 9.994741999999998683e-01
2.741249999999999964e+00 1.012615999999999961e+00 9.989522000000000679e-01 9.989522000000000679e-01 9.994678999999999647e-01
2.748749999999999805e+00 1.015560900000000100e+00 9.988962000000001229e-01 9.988962000000001229e-01 9.995974000000000803e-01
2.756250000000000089e+00 1.013732300000000253e+00 9.986441000000001456e-01 9.986441000000001456e-01 9.995720000000000161e-01
2.763749999999999929e+00 1.014427199999999862e+00 9.984906999999999533e-01 9.984906999999999533e-01 9.995062999999998476e-01
2.771250000000000213e+00 1.013772499999999965e+00 9.985364000000001017e-01 9.985364000000001017e-01 9.996648999999999674e-01
2.778750000000000053e+00 1.013750499999999999e+00 9.985952000000001272e-01 9.985952000000001272e-01 9.995616999999998864e-01
2.786249999999999893e+00 1.012485800000000102e+00 9.983929000000001386e-01 9.983929000000001386e-01 9.996500000000001496e-01
2.793750000000000178e+00 1.015053500000000053e+00 9.981968999999999426e-01 9.981968999999999426e-01 9.996541999999999373e-01
2.801250000000000018e+00 1.017015400000000014e+00 9.983449999999999269e-01 9.983449999999999269e-01 9.996209000000000344e-01
2.808749999999999858e+00 1.013070399999999927e+00 9.980432000000000192e-01 9.980432000000000192e-01 9.996776000000000550e-01
2.816250000000000142e+00 1.017683899999999975e+00 9.973347999999999658e-01 9.973347999999999658e-01 9.996724000000000165e-01
2.823749999999999982e+00 1.014714899999999975e+00 9.979646000000000905e-01 9.979646000000000905e-01 9.997413999999998913e-01
2.831249999999999822e+00 1.018540499999999849e+00 9.975840000000001373e-01 9.975840000000001373e-01 9.997178999999999371e-01
2.838750000000000107e+00 1.013382699999999970e+00 9.976786000000000820e-01 9.976786000000000820e-01 9.998461999999997962e-01
2.846249999999999947e+00 1.014947400000000055e+00 9.982811000000000323e-01 9.982811000000000323e-01 9.998321999999998377e-01
2.853749999999999787e+00 1.013089300000000081e+00 9.975062999999998459e-01 9.975062999999998459e-01 9.997613999999999113e-01
2.861250000000000071e+00 1.015289099999999944e+00 9.973748999999999532e-01 9.973748999999999532e-01 9.998270999999998576e-01
2.868749999999999911e+00 1.012706700000000071e+00 9.972263999999999573e-01 9.972263999999999573e-01 9.999205999999999372e-01
2.876250000000000195e+00 1.014263200000000031e+00 9.972030999999998979e-01 9.972030999999998979e-01 9.998827000000000131e-01
2.883750000000000036e+00 1.010321899999999884e+00 9.974787999999998878e-01 9.974787999999998878e-01 9.999961000000000544e-01
2.891249999999999876e+00 1.012488300000000008e+00 9.977492000000000028e-01 9.977492000000000028e-01 9.998450999999999311e-01
2.898750000000000160e+00 1.012368099999999993e+00 9.972455999999999543e-01 9.972455999999999543e-01 9.999349999999997962e-01
2.906250000000000000e+00 1.012918599999999891e+00 9.977715000000001444e-01 9.977715000000001444e-01 9.997894000000000503e-01
2.913749999999999840e+00 1.012355600000000244e+00 9.977092000000000738e-01 9.977092000000000738e-01 9.999863000000001056e-01
2.921250000000000124e+00 1.010013799999999851e+00 9.980433999999999140e-01 9.980433999999999140e-01 9.998832999999999194e-01
2.928749999999999964e+00 1.013825500000000046e+00 9.972478999999999649e-01 9.972478999999999649e-01 9.999914000000000858e-01
2.936249999999999805e+00 1.012361499999999914e+00 9.974965000000001192e-01 9.974965000000001192e-01 9.999797999999998632e-01
2.943750000000000089e+00 1.010031799999999702e+00 9.974589000000000372e-01 9.974589000000000372e-01 9.999740999999999769e-01
2.951249999999999929e+00 1.006871899999999709e+00 9.975378000000001411e-01 9.975378000000001411e-01 9.999948999999999089e-01
2.958750000000000213e+00 1.009250000000000203e+00 9.978531000000000484e-01 9.978531000000000484e-01 9.999564000000000785e-01
2.966250000000000053e+00 1.009460999999999942e+00 9.978978000000001680e-01 9.978978000000001680e-01 1.000047799999999931e+00
2.973749999999999893e+00 1.007885699999999884e+00 9.976445000000000451e-01 9.976445000000000451e-01 9.998330000000000828e-01
2.981250000000000178e+00 1.007549999999999946e+00 9.980510000000000215e-01 9.980510000000000215e-01 1.000077500000000175e+00
2.988750000000000018e+00 1.009887900000000061e+00 9.979187000000001584e-01 9.979187000000001584e-01 1.000047100000000189e+00
2.996249999999999858e+00 1.006911200000000006e+00 9.978976000000001623e-01 9.978976000000001623e-01 9.999979000000001061e-01
