3.749999999999999861e-03 0.000000000000000000e+00 0.000000000000000000e+00 0.000000000000000000e+00 0.000000000000000000e+00
1.124999999999999958e-02 0.000000000000000000e+00 0.000000000000000000e+00 0.000000000000000000e+00 0.000000000000000000e+00
1.874999999999999931e-02 0.000000000000000000e+00 0.000000000000000000e+00 0.000000000000000000e+00 0.000000000000000000e+00
2.624999999999999903e-02 0.000000000000000000e+00 0.000000000000000000e+00 0.000000000000000000e+00 0.000000000000000000e+00
3.375000000000000222e-02 0.000000000000000000e+00 0.000000000000000000e+00 0.000000000000000000e+00 0.000000000000000000e+00
4.125000000000000194e-02 0.000000000000000000e+00 0.000000000000000000e+00 0.000000000000000000e+00 0.000000000000000000e+00
4.875000000000000167e-02 0.000000000000000000e+00 0.000000000000000000e+00 0.000000000000000000e+00 0.000000000000000000e+00
5.625000000000000139e-02 0.000000000000000000e+00 0.000000000000000000e+00 0.000000000000000000e+00 0.000000000000000000e+00
6.375000000000000111e-02 0.000000000000000000e+00 0.000000000000000000e+00 0.000000000000000000e+00 0.000000000000000000e+00
7.124999999999999389e-02 0.000000000000000000e+00 0.000000000000000000e+00 0.000000000000000000e+00 0.000000000000000000e+00
7.875000000000000056e-02 0.000000000000000000e+00 0.000000000000000000e+00 0.000000000000000000e+00 0.000000000000000000e+00
8.624999999999999334e-02 0.000000000000000000e+00 0.000000000000000000e+00 0.000000000000000000e+00 0.000000000000000000e+00
9.375000000000000000e-02 0.000000000000000000e+00 0.000000000000000000e+00 0.000000000000000000e+00 0.000000000000000000e+00
1.012500000000000067e-01 0.000000000000000000e+00 0.000000000000000000e+00 0.000000000000000000e+00 0.000000000000000000e+00
1.087499999999999994e-01 0.000000000000000000e+00 0.000000000000000000e+00 0.000000000000000000e+00 0.000000000000000000e+00
1.162500000000000061e-01 0.000000000000000000e+00 0.000000000000000000e+00 0.000000000000000000e+00 0.000000000000000000e+00
1.237499999999999989e-01 0.000000000000000000e+00 0.000000000000000000e+00 0.000000000000000000e+00 0.000000000000000000e+00
1.312500000000000056e-01 0.000000000000000000e+00 0.000000000000000000e+00 0.000000000000000000e+00 0.000000000000000000e+00
1.387500000000000122e-01 0.000000000000000000e+00 0.000000000000000000e+00 0.000000000000000000e+00 0.000000000000000000e+00
1.462499999999999911e-01 0.000000000000000000e+00 0.000000000000000000e+00 0.000000000000000000e+00 0.000000000000000000e+00
1.537499999999999978e-01 0.000000000000000000e+00 0.000000000000000000e+00 0.000000000000000000e+00 1.030999999999999988e-04
1.612500000000000044e-01 0.000000000000000000e+00 0.000000000000000000e+00 0.000000000000000000e+00 8.918600000000000486e-03
1.687500000000000111e-01 0.000000000000000000e+00 0.000000000000000000e+00 0.000000000000000000e+00 1.097782000000000063e-01
1.762499999999999900e-01 0.000000000000000000e+00 0.000000000000000000e+00 0.000000000000000000e+00 4.500221999999999833e-01
1.837499999999999967e-01 0.000000000000000000e+00 0.000000000000000000e+00 0.000000000000000000e+00 9.686019999999999630e-01
1.912500000000000033e-01 0.000000000000000000e+00 0.000000000000000000e+00 0.000000000000000000e+00 1.439726199999999734e+00
1.987500000000000100e-01 0.000000000000000000e+00 0.000000000000000000e+00 0.000000000000000000e+00 1.742618600000000129e+00
2.062499999999999889e-01 0.000000000000000000e+00 0.000000000000000000e+00 0.000000000000000000e+00 1.879872400000000443e+00
2.137499999999999956e-01 0.000000000000000000e+00 0.000000000000000000e+00 0.000000000000000000e+00 1.907071800000000206e+00
2.212500000000000022e-01 0.000000000000000000e+00 0.000000000000000000e+00 0.000000000000000000e+00 1.870102299999999884e+00
2.287500000000000089e-01 0.000000000000000000e+00 0.000000000000000000e+00 0.000000000000000000e+00 1.809897899999999948e+00
2.362499999999999878e-01 0.000000000000000000e+00 0.000000000000000000e+00 0.000000000000000000e+00 1.748285899999999726e+00
2.437499999999999944e-01 0.000000000000000000e+00 0.000000000000000000e+00 0.000000000000000000e+00 1.691445799999999888e+00
2.512499999999999734e-01 0.000000000000000000e+00 0.000000000000000000e+00 0.000000000000000000e+00 1.638276800000000311e+00
2.587499999999999800e-01 0.000000000000000000e+00 0.000000000000000000e+00 0.000000000000000000e+00 1.590701699999999885e+00
2.662499999999999867e-01 0.000000000000000000e+00 0.000000000000000000e+00 0.000000000000000000e+00 1.546281600000000145e+00
2.737499999999999933e-01 0.000000000000000000e+00 0.000000000000000000e+00 0.000000000000000000e+00 1.503789299999999995e+00
2.812500000000000000e-01 0.000000000000000000e+00 0.000000000000000000e+00 0.000000000000000000e+00 1.468631999999999938e+00
2.887500000000000067e-01 0.000000000000000000e+00 0.000000000000000000e+00 0.000000000000000000e+00 1.433652099999999985e+00
2.962500000000000133e-01 0.000000000000000000e+00 0.000000000000000000e+00 0.000000000000000000e+00 1.403530900000000026e+00
3.037500000000000200e-01 0.000000000000000000e+00 0.000000000000000000e+00 0.000000000000000000e+00 1.377178999999999931e+00
3.112500000000000266e-01 0.000000000000000000e+00 0.000000000000000000e+00 0.000000000000000000e+00 1.352857999999999894e+00
3.187499999999999778e-01 0.000000000000000000e+00 0.000000000000000000e+00 0.000000000000000000e+00 1.332972799999999847e+00
3.262499999999999845e-01 0.000000000000000000e+00 0.000000000000000000e+00 0.000000000000000000e+00 1.314596600000000004e+00
3.337499999999999911e-01 0.000000000000000000e+00 0.000000000000000000e+00 0.000000000000000000e+00 1.300371100000000002e+00
3.412499999999999978e-01 0.000000000000000000e+00 0.000000000000000000e+00 0.000000000000000000e+00 1.288808199999999848e+00
3.487500000000000044e-01 0.000000000000000000e+00 0.000000000000000000e+00 0.000000000000000000e+00 1.280199700000000052e+00
3.562500000000000111e-01 0.000000000000000000e+00 0.000000000000000000e+00 0.000000000000000000e+00 1.271933700000000167e+00
3.637500000000000178e-01 0.000000000000000000e+00 0.000000000000000000e+00 0.000000000000000000e+00 1.268550000000000066e+00
3.712500000000000244e-01 0.000000000000000000e+00 0.000000000000000000e+00 0.000000000000000000e+00 1.265303700000000031e+00
3.787499999999999756e-01 0.000000000000000000e+00 0.000000000000000000e+00 0.000000000000000000e+00 1.261924299999999999e+00
3.862499999999999822e-01 0.000000000000000000e+00 0.000000000000000000e+00 0.000000000000000000e+00 1.260608599999999857e+00
3.937499999999999889e-01 0.000000000000000000e+00 0.000000000000000000e+00 0.000000000000000000e+00 1.257884400000000014e+00
4.012499999999999956e-01 0.000000000000000000e+00 0.000000000000000000e+00 0.000000000000000000e+00 1.254212900000000186e+00
4.087500000000000022e-01 0.000000000000000000e+00 0.000000000000000000e+00 0.000000000000000000e+00 1.250537099999999846e+00
4.162500000000000089e-01 0.000000000000000000e+00 0.000000000000000000e+00 0.000000000000000000e+00 1.246228899999999751e+00
4.237500000000000155e-01 0.000000000000000000e+00 0.000000000000000000e+00 0.000000000000000000e+00 1.241360200000000136e+00
4.312500000000000222e-01 0.000000000000000000e+00 0.000000000000000000e+00 0.000000000000000000e+00 1.234771999999999981e+00
4.387499999999999734e-01 0.000000000000000000e+00 0.000000000000000000e+00 0.000000000000000000e+00 1.229858600000000024e+00
4.462499999999999800e-01 0.000000000000000000e+00 0.000000000000000000e+00 0.000000000000000000e+00 1.222678800000000177e+00
4.537499999999999867e-01 0.000000000000000000e+00 0.000000000000000000e+00 0.000000000000000000e+00 1.215908300000000164e+00
4.612499999999999933e-01 0.000000000000000000e+00 4.139999999999999664e-05 4.139999999999999664e-05 1.209638500000000061e+00
4.687500000000000000e-01 0.000000000000000000e+00 3.464000000000000716e-04 3.464000000000000716e-04 1.202027600000000307e+00
4.762500000000000067e-01 0.000000000000000000e+00 2.032400000000000179e-03 2.032400000000000179e-03 1.195255399999999968e+00
4.837500000000000133e-01 0.000000000000000000e+00 8.612199999999998676e-03 8.612199999999998676e-03 1.188556600000000074e+00
4.912500000000000200e-01 0.000000000000000000e+00 2.674999999999999600e-02 2.674999999999999600e-02 1.182174799999999859e+00
4.987500000000000266e-01 0.000000000000000000e+00 6.573670000000000901e-02 6.573670000000000901e-02 1.174614300000000000e+00
5.062499999999999778e-01 0.000000000000000000e+00 1.353285999999999933e-01 1.353285999999999933e-01 1.168418500000000027e+00
5.137500000000000400e-01 0.000000000000000000e+00 2.392459999999999865e-01 2.392459999999999865e-01 1.161926500000000084e+00
5.212499999999999911e-01 0.000000000000000000e+00 3.807719999999999994e-01 3.807719999999999994e-01 1.155850599999999950e+00
5.287500000000000533e-01 0.000000000000000000e+00 5.443305999999999978e-01 5.443305999999999978e-01 1.149485599999999774e+00
5.362500000000000044e-01 0.000000000000000000e+00 7.211626000000000980e-01 7.211626000000000980e-01 1.143887499999999946e+00
5.437499999999999556e-01 0.000000000000000000e+00 8.970066000000000983e-01 8.970066000000000983e-01 1.136889999999999734e+00
5.512500000000000178e-01 0.000000000000000000e+00 1.061638500000000152e+00 1.061638500000000152e+00 1.131718800000000247e+00
5.587499999999999689e-01 0.000000000000000000e+00 1.201645299999999805e+00 1.201645299999999805e+00 1.126333999999999946e+00
5.662500000000000311e-01 0.000000000000000000e+00 1.317179899999999959e+00 1.317179899999999959e+00 1.121940899999999797e+00
5.737499999999999822e-01 0.000000000000000000e+00 1.405330500000000038e+00 1.405330500000000038e+00 1.115441399999999916e+00
5.812500000000000444e-01 0.000000000000000000e+00 1.464012499999999717e+00 1.464012499999999717e+00 1.111118599999999956e+00
5.887499999999999956e-01 0.000000000000000000e+00 1.502729100000000040e+00 1.502729100000000040e+00 1.106604499999999991e+00
5.962499999999999467e-01 0.000000000000000000e+00 1.516008500000000314e+00 1.516008500000000314e+00 1.101197900000000063e+00
6.037500000000000089e-01 0.000000000000000000e+00 1.519383900000000232e+00 1.519383900000000232e+00 1.097015000000000295e+00
6.112499999999999600e-01 0.000000000000000000e+00 1.502606900000000190e+00 1.502606900000000190e+00 1.092591799999999891e+00
6.187500000000000222e-01 0.000000000000000000e+00 1.481803100000000040e+00 1.481803100000000040e+00 1.087843499999999963e+00
6.262499999999999734e-01 0.000000000000000000e+00 1.455988300000000013e+00 1.455988300000000013e+00 1.083986800000000139e+00
6.337500000000000355e-01 0.000000000000000000e+00 1.420548900000000225e+00 1.420548900000000225e+00 1.079720699999999978e+00
6.412499999999999867e-01 0.000000000000000000e+00 1.387931200000000143e+00 1.387931200000000143e+00 1.075414499999999940e+00
6.487500000000000488e-01 0.000000000000000000e+00 1.351781900000000203e+00 1.351781900000000203e+00 1.071475100000000236e+00
6.562500000000000000e-01 0.000000000000000000e+00 1.317485299999999970e+00 1.317485299999999970e+00 1.066981899999999817e+00
6.637499999999999512e-01 0.000000000000000000e+00 1.282580800000000298e+00 1.282580800000000298e+00 1.063410699999999931e+00
6.712500000000000133e-01 0.000000000000000000e+00 1.250990900000000128e+00 1.250990900000000128e+00 1.059464399999999973e+00
6.787499999999999645e-01 0.000000000000000000e+00 1.222874699999999981e+00 1.222874699999999981e+00 1.055653299999999906e+00
6.862500000000000266e-01 0.000000000000000000e+00 1.200313899999999823e+00 1.200313899999999823e+00 1.052292699999999970e+00
6.937499999999999778e-01 0.000000000000000000e+00 1.180142000000000246e+00 1.180142000000000246e+00 1.048574800000000140e+00
7.012500000000000400e-01 0.000000000000000000e+00 1.160389699999999857e+00 1.160389699999999857e+00 1.044762900000000050e+00
7.087499999999999911e-01 0.000000000000000000e+00 1.148885699999999899e+00 1.148885699999999899e+00 1.042339599999999811e+00
7.162500000000000533e-01 0.000000000000000000e+00 1.138036300000000001e+00 1.138036300000000001e+00 1.038788299999999776e+00
7.237500000000000044e-01 0.000000000000000000e+00 1.130512799999999984e+00 1.130512799999999984e+00 1.035642500000000243e+00
7.312499999999999556e-01 0.000000000000000000e+00 1.124698400000000209e+00 1.124698400000000209e+00 1.032952499999999940e+00
7.387500000000000178e-01 0.000000000000000000e+00 1.117665300000000084e+00 1.117665300000000084e+00 1.029739300000000135e+00
7.462499999999999689e-01 4.910000000000000085e-05 1.115148899999999887e+00 1.115148899999999887e+00 1.026845900000000089e+00
7.537500000000000311e-01 1.923999999999999875e-04 1.111851300000000098e+00 1.111851300000000098e+00 1.023859600000000203e+00
7.612499999999999822e-01 6.603000000000001663e-04 1.109859600000000057e+00 1.109859600000000057e+00 1.021574200000000099e+00
7.687500000000000444e-01 1.618500000000000147e-03 1.106785800000000153e+00 1.106785800000000153e+00 1.019148799999999966e+00
7.762499999999999956e-01 7.845700000000000590e-03 1.103806300000000018e+00 1.103806300000000018e+00 1.016376900000000250e+00
7.837499999999999467e-01 2.224369999999999820e-02 1.099275299999999955e+00 1.099275299999999955e+00 1.014019400000000015e+00
7.912500000000000089e-01 5.394880000000000508e-02 1.096446400000000043e+00 1.096446400000000043e+00 1.011805900000000147e+00
7.987499999999999600e-01 1.158608999999999750e-01 1.092728300000000097e+00 1.092728300000000097e+00 1.010015300000000060e+00
8.062500000000000222e-01 2.230169999999999653e-01 1.087014799999999948e+00 1.087014799999999948e+00 1.007860299999999931e+00
8.137499999999999734e-01 3.890303999999999984e-01 1.081331599999999948e+00 1.081331599999999948e+00 1.005916800000000055e+00
8.212500000000000355e-01 6.083684000000000314e-01 1.077872299999999894e+00 1.077872299999999894e+00 1.003911499999999846e+00
8.287499999999999867e-01 8.936638999999999555e-01 1.071782999999999930e+00 1.071782999999999930e+00 1.002164700000000241e+00
8.362500000000000488e-01 1.196807799999999755e+00 1.065265600000000035e+00 1.065265600000000035e+00 1.000702299999999934e+00
8.437500000000000000e-01 1.524394599999999933e+00 1.061033399999999904e+00 1.061033399999999904e+00 9.987889000000000905e-01
8.512499999999999512e-01 1.848975199999999930e+00 1.053800499999999918e+00 1.053800499999999918e+00 9.976696000000000453e-01
8.587500000000000133e-01 2.132389100000000148e+00 1.048053600000000030e+00 1.048053600000000030e+00 9.959374000000000837e-01
8.662499999999999645e-01 2.392824799999999641e+00 1.042910800000000027e+00 1.042910800000000027e+00 9.951703000000000632e-01
8.737500000000000266e-01 2.577894800000000153e+00 1.037719999999999976e+00 1.037719999999999976e+00 9.932163999999999993e-01
8.812499999999999778e-01 2.705110600000000254e+00 1.030739500000000142e+00 1.030739500000000142e+00 9.929860000000001463e-01
8.887500000000000400e-01 2.773677600000000076e+00 1.026812099999999894e+00 1.026812099999999894e+00 9.913861000000000478e-01
8.962499999999999911e-01 2.777018099999999823e+00 1.021105799999999952e+00 1.021105799999999952e+00 9.907353999999999328e-01
9.037500000000000533e-01 2.763705999999999996e+00 1.017734700000000103e+00 1.017734700000000103e+00 9.897955000000001613e-01
9.112500000000000044e-01 2.686248099999999805e+00 1.010538799999999959e+00 1.010538799999999959e+00 9.887776000000000343e-01
9.187499999999999556e-01 2.590123900000000035e+00 1.008002999999999982e+00 1.008002999999999982e+00 9.887239000000000999e-01
9.262500000000000178e-01 2.479261799999999738e+00 1.003399900000000233e+00 1.003399900000000233e+00 9.877222999999999420e-01
9.337499999999999689e-01 2.361802600000000307e+00 9.996069000000001870e-01 9.996069000000001870e-01 9.870008000000000115e-01
9.412500000000000311e-01 2.214537599999999884e+00 9.941706999999999628e-01 9.941706999999999628e-01 9.865114999999999856e-01
9.487499999999999822e-01 2.077626900000000276e+00 9.927650000000000086e-01 9.927650000000000086e-01 9.864302000000000348e-01
9.562500000000000444e-01 1.949025100000000066e+00 9.879793000000001157e-01 9.879793000000001157e-01 9.863823000000000452e-01
9.637499999999999956e-01 1.827072199999999924e+00 9.857897000000001020e-01 9.857897000000001020e-01 9.863265999999999423e-01
9.712499999999999467e-01 1.710145699999999991e+00 9.833133000000000568e-01 9.833133000000000568e-01 9.863543000000001282e-01
9.787500000000000089e-01 1.592295500000000086e+00 9.804713999999998819e-01 9.804713999999998819e-01 9.864555000000001517e-01
9.862499999999999600e-01 1.486528000000000294e+00 9.774979000000000307e-01 9.774979000000000307e-01 9.867138000000000853e-01
9.937500000000000222e-01 1.393196600000000007e+00 9.740276999999999408e-01 9.740276999999999408e-01 9.869237999999999067e-01
1.001249999999999973e+00 1.303846899999999920e+00 9.717508000000002477e-01 9.717508000000002477e-01 9.872206999999999510e-01
1.008750000000000036e+00 1.231250499999999803e+00 9.704786999999999164e-01 9.704786999999999164e-01 9.872237000000000373e-01
1.016250000000000098e+00 1.178375699999999915e+00 9.679429999999999978e-01 9.679429999999999978e-01 9.881212999999998692e-01
1.023749999999999938e+00 1.111007199999999973e+00 9.652440999999999383e-01 9.652440999999999383e-01 9.886825999999999670e-01
1.031250000000000000e+00 1.068901700000000066e+00 9.634460000000000246e-01 9.634460000000000246e-01 9.893383999999999512e-01
1.038750000000000062e+00 1.017736100000000032e+00 9.617621999999999005e-01 9.617621999999999005e-01 9.901617999999998698e-01
1.046249999999999902e+00 9.778332000000000690e-01 9.599273999999999862e-01 9.599273999999999862e-01 9.911078999999999306e-01
1.053749999999999964e+00 9.640371999999999275e-01 9.573613999999999180e-01 9.573613999999999180e-01 9.919301999999999842e-01
1.061250000000000027e+00 9.359741999999998674e-01 9.566694999999999505e-01 9.566694999999999505e-01 9.927136000000000848e-01
1.068750000000000089e+00 9.106106000000000478e-01 9.553800999999999544e-01 9.553800999999999544e-01 9.942107000000000028e-01
1.076249999999999929e+00 9.083676000000000528e-01 9.543798999999999477e-01 9.543798999999999477e-01 9.950409999999999533e-01
1.083749999999999991e+00 8.946751000000000564e-01 9.538924999999999210e-01 9.538924999999999210e-01 9.958009000000000999e-01
1.091250000000000053e+00 8.863205000000000666e-01 9.513542999999999861e-01 9.513542999999999861e-01 9.970331999999999528e-01
1.098749999999999893e+00 8.832937999999999068e-01 9.515508999999999773e-01 9.515508999999999773e-01 9.975899999999999768e-01
1.106249999999999956e+00 8.891993000000001368e-01 9.501875999999999101e-01 9.501875999999999101e-01 9.984546000000001920e-01
1.113750000000000018e+00 8.896228000000000469e-01 9.502205999999999708e-01 9.502205999999999708e-01 9.996968999999999994e-01
1.121250000000000080e+00 8.811521000000001047e-01 9.505772000000000110e-01 9.505772000000000110e-01 1.000470500000000040e+00
1.128749999999999920e+00 9.036490000000000355e-01 9.500480000000000036e-01 9.500480000000000036e-01 1.001250999999999891e+00
1.136249999999999982e+00 8.991884999999999462e-01 9.489406000000000230e-01 9.489406000000000230e-01 1.001527199999999951e+00
1.143750000000000044e+00 9.032061999999999591e-01 9.497898999999998537e-01 9.497898999999998537e-01 1.002617599999999998e+00
1.151250000000000107e+00 9.164657999999998861e-01 9.511095000000000521e-01 9.511095000000000521e-01 1.003213000000000132e+00
1.158749999999999947e+00 9.152236999999999734e-01 9.499952000000000396e-01 9.499952000000000396e-01 1.003545999999999827e+00
1.166250000000000009e+00 9.134757999999999489e-01 9.500930999999999127e-01 9.500930999999999127e-01 1.004000300000000179e+00
1.173750000000000071e+00 9.276253999999998223e-01 9.513422000000000267e-01 9.513422000000000267e-01 1.004353600000000180e+00
1.181249999999999911e+00 9.351740999999998971e-01 9.519021000000000843e-01 9.519021000000000843e-01 1.004574300000000031e+00
1.188749999999999973e+00 9.261957999999997915e-01 9.530572000000001598e-01 9.530572000000001598e-01 1.004842100000000071e+00
1.196250000000000036e+00 9.326836999999998934e-01 9.540532999999999930e-01 9.540532999999999930e-01 1.004718499999999848e+00
1.203750000000000098e+00 9.355814999999999548e-01 9.542722000000001259e-01 9.542722000000001259e-01 1.005045999999999884e+00
1.211249999999999938e+00 9.209206999999999255e-01 9.550582999999999156e-01 9.550582999999999156e-01 1.004983100000000018e+00
1.218750000000000000e+00 9.330781999999999687e-01 9.559727999999999559e-01 9.559727999999999559e-01 1.005201899999999871e+00
1.226250000000000062e+00 9.317493000000001135e-01 9.579543999999999837e-01 9.579543999999999837e-01 1.004843000000000153e+00
1.233749999999999902e+00 9.315145999999998594e-01 9.594531999999998950e-01 9.594531999999998950e-01 1.004968300000000259e+00
1.241249999999999964e+00 9.308803999999998302e-01 9.614248000000001904e-01 9.614248000000001904e-01 1.004664499999999849e+00
1.248750000000000027e+00 9.239732000000000500e-01 9.635255999999999821e-01 9.635255999999999821e-01 1.004869100000000071e+00
1.256250000000000089e+00 9.310165999999998609e-01 9.648042999999999481e-01 9.648042999999999481e-01 1.004827400000000148e+00
1.263749999999999929e+00 9.278014999999999457e-01 9.671415999999999347e-01 9.671415999999999347e-01 1.004938699999999852e+00
1.271249999999999991e+00 9.183911000000000158e-01 9.678022000000000569e-01 9.678022000000000569e-01 1.004797999999999858e+00
1.278750000000000053e+00 9.247626999999999375e-01 9.715204999999998980e-01 9.715204999999998980e-01 1.004702499999999832e+00
1.286249999999999893e+00 9.226484999999999825e-01 9.727799999999999780e-01 9.727799999999999780e-01 1.004508200000000073e+00
1.293749999999999956e+00 9.185619000000000423e-01 9.758396000000001402e-01 9.758396000000001402e-01 1.004512599999999978e+00
1.301250000000000018e+00 9.204142999999997965e-01 9.783432000000000794e-01 9.783432000000000794e-01 1.004294900000000101e+00
1.308750000000000080e+00 9.153040000000001175e-01 9.807913999999999799e-01 9.807913999999999799e-01 1.004229000000000038e+00
1.316249999999999920e+00 9.125211999999999213e-01 9.836661000000000987e-01 9.836661000000000987e-01 1.004163800000000162e+00
1.323749999999999982e+00 9.142495999999999956e-01 9.852997000000000005e-01 9.852997000000000005e-01 1.003969899999999971e+00
1.331250000000000044e+00 9.149098999999999426e-01 9.883219999999999228e-01 9.883219999999999228e-01 1.003825099999999804e+00
1.338750000000000107e+00 9.100395000000001122e-01 9.913202000000002068e-01 9.913202000000002068e-01 1.003769799999999934e+00
1.346249999999999947e+00 9.114022000000000512e-01 9.949122999999999717e-01 9.949122999999999717e-01 1.003578800000000104e+00
1.353750000000000009e+00 9.037174000000000040e-01 9.971875999999999518e-01 9.971875999999999518e-01 1.003300099999999917e+00
1.361250000000000071e+00 9.077524999999999622e-01 9.997764999999999569e-01 9.997764999999999569e-01 1.003356200000000253e+00
1.368749999999999911e+00 9.117470000000000852e-01 1.003106699999999796e+00 1.003106699999999796e+00 1.003112700000000190e+00
1.376249999999999973e+00 9.030054999999999055e-01 1.007038899999999959e+00 1.007038899999999959e+00 1.002638999999999836e+00
1.383750000000000036e+00 9.157784999999998288e-01 1.009015399999999785e+00 1.009015399999999785e+00 1.002450499999999911e+00
1.391250000000000098e+00 9.045764000000000582e-01 1.011923200000000023e+00 1.011923200000000023e+00 1.002331300000000036e+00
1.398749999999999938e+00 9.077099000000000695e-01 1.014629100000000061e+00 1.014629100000000061e+00 1.002152399999999943e+00
1.406250000000000000e+00 9.135028000000001702e-01 1.017680100000000198e+00 1.017680100000000198e+00 1.001984800000000009e+00
1.413750000000000062e+00 9.127779999999997562e-01 1.019703700000000213e+00 1.019703700000000213e+00 1.001744599999999874e+00
1.421249999999999902e+00 9.105566999999998856e-01 1.021243999999999819e+00 1.021243999999999819e+00 1.001497999999999999e+00
1.428749999999999964e+00 9.127757000000000787e-01 1.023565700000000023e+00 1.023565700000000023e+00 1.001385999999999887e+00
1.436250000000000027e+00 9.105803000000000091e-01 1.024282200000000032e+00 1.024282200000000032e+00 1.001048200000000055e+00
1.443750000000000089e+00 9.135992000000001667e-01 1.026500799999999991e+00 1.026500799999999991e+00 1.000870599999999833e+00
1.451249999999999929e+00 9.112000999999999573e-01 1.026680500000000107e+00 1.026680500000000107e+00 1.000509900000000174e+00
1.458749999999999991e+00 9.115888000000001989e-01 1.028444400000000147e+00 1.028444400000000147e+00 1.000395199999999818e+00
1.466250000000000053e+00 9.146293000000002005e-01 1.027487399999999829e+00 1.027487399999999829e+00 1.000240499999999866e+00
1.473749999999999893e+00 9.157993000000000938e-01 1.027878200000000186e+00 1.027878200000000186e+00 9.997871999999998760e-01
1.481249999999999956e+00 9.176337000000002186e-01 1.027901500000000024e+00 1.027901500000000024e+00 9.998772999999999689e-01
1.488750000000000018e+00 9.186818000000001039e-01 1.027446799999999882e+00 1.027446799999999882e+00 9.995045999999998543e-01
1.496250000000000080e+00 9.283053000000001109e-01 1.027814999999999923e+00 1.027814999999999923e+00 9.994512999999999314e-01
1.503749999999999920e+00 9.247482999999998565e-01 1.027213099999999768e+00 1.027213099999999768e+00 9.991676000000000446e-01
1.511249999999999982e+00 9.335162000000000182e-01 1.026197000000000248e+00 1.026197000000000248e+00 9.990206999999999837e-01
1.518750000000000044e+00 9.301718000000001041e-01 1.024463000000000124e+00 1.024463000000000124e+00 9.987318999999998947e-01
1.526250000000000107e+00 9.410194000000000614e-01 1.024346400000000212e+00 1.024346400000000212e+00 9.986797000000000590e-01
1.533749999999999947e+00 9.418870999999999771e-01 1.023981800000000053e+00 1.023981800000000053e+00 9.984574999999999978e-01
1.541250000000000009e+00 9.482154000000001526e-01 1.022802400000000000e+00 1.022802400000000000e+00 9.983212000000001307e-01
1.548750000000000071e+00 9.496264999999999290e-01 1.021312900000000079e+00 1.021312900000000079e+00 9.980819000000001884e-01
1.556249999999999911e+00 9.552430000000000643e-01 1.021076600000000001e+00 1.021076600000000001e+00 9.981802999999999093e-01
1.563749999999999973e+00 9.538125999999997884e-01 1.020275499999999891e+00 1.020275499999999891e+00 9.980065999999998549e-01
1.571250000000000036e+00 9.600372000000000350e-01 1.019580699999999895e+00 1.019580699999999895e+00 9.977338000000000040e-01
1.578750000000000098e+00 9.636884000000002226e-01 1.017885800000000174e+00 1.017885800000000174e+00 9.974051999999998808e-01
1.586249999999999938e+00 9.678579999999999961e-01 1.017562700000000042e+00 1.017562700000000042e+00 9.973805000000000032e-01
1.593750000000000000e+00 9.745419999999999083e-01 1.015925199999999862e+00 1.015925199999999862e+00 9.975821000000001382e-01
1.601250000000000062e+00 9.828919999999999879e-01 1.014768699999999857e+00 1.014768699999999857e+00 9.972870999999999819e-01
1.608749999999999902e+00 9.773495999999999295e-01 1.014212300000000067e+00 1.014212300000000067e+00 9.972895000000001620e-01
1.616249999999999964e+00 9.874124999999999153e-01 1.013242099999999812e+00 1.013242099999999812e+00 9.970136000000000553e-01
1.623750000000000027e+00 9.877231999999999124e-01 1.012461200000000172e+00 1.012461200000000172e+00 9.970771000000000495e-01
1.631250000000000089e+00 9.891469000000000511e-01 1.012374799999999908e+00 1.012374799999999908e+00 9.970865999999999341e-01
1.638749999999999929e+00 9.986130999999998092e-01 1.010473399999999966e+00 1.010473399999999966e+00 9.967829000000000272e-01
1.646249999999999991e+00 1.008763799999999877e+00 1.009655499999999817e+00 1.009655499999999817e+00 9.968415999999999944e-01
1.653750000000000053e+00 1.013123999999999914e+00 1.009818799999999905e+00 1.009818799999999905e+00 9.967167999999999584e-01
1.661249999999999893e+00 1.014621699999999960e+00 1.009386699999999859e+00 1.009386699999999859e+00 9.969493000000000382e-01
1.668749999999999956e+00 1.022106500000000029e+00 1.008507700000000007e+00 1.008507700000000007e+00 9.966922000000000281e-01
1.676250000000000018e+00 1.020897199999999838e+00 1.007731400000000166e+00 1.007731400000000166e+00 9.968194999999999695e-01
1.683750000000000080e+00 1.030387599999999848e+00 1.007129500000000011e+00 1.007129500000000011e+00 9.967322000000000681e-01
1.691249999999999920e+00 1.027326399999999973e+00 1.006261799999999873e+00 1.006261799999999873e+00 9.967261999999997846e-01
1.698749999999999982e+00 1.038672800000000063e+00 1.005561899999999786e+00 1.005561899999999786e+00 9.968284000000000589e-01
1.706250000000000044e+00 1.041998999999999898e+00 1.004933500000000146e+00 1.004933500000000146e+00 9.966165999999999636e-01
1.713750000000000107e+00 1.045376000000000083e+00 1.005055500000000102e+00 1.005055500000000102e+00 9.967336000000001084e-01
1.721249999999999947e+00 1.049475999999999853e+00 1.003993399999999925e+00 1.003993399999999925e+00 9.967221000000000553e-01
1.728750000000000009e+00 1.045903399999999817e+00 1.002783300000000155e+00 1.002783300000000155e+00 9.969613000000000502e-01
1.736250000000000071e+00 1.056549100000000241e+00 1.002751799999999971e+00 1.002751799999999971e+00 9.969151000000001650e-01
1.743749999999999911e+00 1.046230599999999900e+00 1.001368799999999837e+00 1.001368799999999837e+00 9.969072000000001044e-01
1.751249999999999973e+00 1.056062999999999974e+00 1.001890500000000017e+00 1.001890500000000017e+00 9.970361999999999281e-01
1.758750000000000036e+00 1.052685199999999988e+00 1.000775900000000052e+00 1.000775900000000052e+00 9.971851000000000464e-01
1.766250000000000098e+00 1.055694700000000097e+00 1.000321599999999922e+00 1.000321599999999922e+00 9.972878999999998939e-01
1.773749999999999938e+00 1.046925200000000000e+00 9.997628000000000625e-01 9.997628000000000625e-01 9.973429999999998685e-01
1.781250000000000000e+00 1.049427600000000016e+00 9.994870999999999617e-01 9.994870999999999617e-01 9.974070999999999909e-01
1.788750000000000062e+00 1.046256999999999993e+00 9.990978999999999832e-01 9.990978999999999832e-01 9.975130999999999304e-01
1.796249999999999902e+00 1.045753600000000061e+00 9.980694000000001065e-01 9.980694000000001065e-01 9.975308000000000508e-01
1.803749999999999964e+00 1.041274699999999998e+00 9.978249000000000146e-01 9.978249000000000146e-01 9.975448999999999566e-01
1.811250000000000027e+00 1.036209500000000006e+00 9.975474999999999204e-01 9.975474999999999204e-01 9.977338000000001150e-01
1.818750000000000089e+00 1.038263900000000017e+00 9.974185999999999330e-01 9.974185999999999330e-01 9.978051000000002224e-01
1.826249999999999929e+00 1.036406700000000125e+00 9.971191999999999833e-01 9.971191999999999833e-01 9.978650000000000020e-01
1.833749999999999991e+00 1.030514600000000058e+00 9.960594000000000392e-01 9.960594000000000392e-01 9.980239000000000749e-01
1.841250000000000053e+00 1.023490499999999859e+00 9.966720000000000024e-01 9.966720000000000024e-01 9.982658000000000920e-01
1.848749999999999893e+00 1.025269399999999775e+00 9.954759000000000801e-01 9.954759000000000801e-01 9.983953000000000966e-01
1.856249999999999956e+00 1.023139500000000091e+00 9.950015000000000942e-01 9.950015000000000942e-01 9.984954999999999803e-01
1.863750000000000018e+00 1.021671699999999960e+00 9.951654999999999252e-01 9.951654999999999252e-01 9.984980999999999440e-01
1.871250000000000080e+00 1.022051800000000066e+00 9.951985999999999333e-01 9.951985999999999333e-01 9.986268000000000367e-01
1.878749999999999920e+00 1.014055000000000151e+00 9.943183000000000993e-01 9.943183000000000993e-01 9.989269000000000620e-01
1.886249999999999982e+00 1.013288200000000305e+00 9.939731999999998902e-01 9.939731999999998902e-01 9.990422999999999387e-01
1.893750000000000044e+00 1.014970600000000056e+00 9.941691999999999751e-01 9.941691999999999751e-01 9.990296000000000731e-01
1.901250000000000107e+00 1.013200499999999948e+00 9.940469999999999029e-01 9.940469999999999029e-01 9.991346999999999312e-01
1.908749999999999947e+00 1.014914800000000117e+00 9.932133999999999130e-01 9.932133999999999130e-01 9.992416000000000631e-01
1.916250000000000009e+00 1.010848200000000086e+00 9.937736999999998710e-01 9.937736999999998710e-01 9.994003000000002412e-01
1.923750000000000071e+00 1.009272900000000250e+00 9.937881999999997884e-01 9.937881999999997884e-01 9.997113000000000804e-01
1.931249999999999911e+00 1.005955200000000049e+00 9.939569999999999794e-01 9.939569999999999794e-01 9.998430999999999846e-01
1.938749999999999973e+00 1.013207599999999875e+00 9.932883000000000129e-01 9.932883000000000129e-01 9.997494999999998466e-01
1.946250000000000036e+00 1.009323999999999888e+00 9.932754999999998669e-01 9.932754999999998669e-01 9.998008999999999924e-01
1.953750000000000098e+00 1.007710600000000234e+00 9.938686999999999383e-01 9.938686999999999383e-01 9.999699000000001892e-01
1.961249999999999938e+00 1.005964599999999987e+00 9.938980000000000592e-01 9.938980000000000592e-01 1.000110700000000019e+00
1.968750000000000000e+00 1.008227500000000054e+00 9.931799000000000044e-01 9.931799000000000044e-01 1.000162499999999843e+00
1.976250000000000062e+00 1.011343999999999799e+00 9.930262000000000810e-01 9.930262000000000810e-01 1.000297499999999840e+00
1.983749999999999902e+00 1.010752499999999943e+00 9.931493000000001237e-01 9.931493000000001237e-01 1.000478399999999990e+00
1.991249999999999964e+00 1.005151799999999707e+00 9.936765000000000736e-01 9.936765000000000736e-01 1.000343899999999842e+00
1.998750000000000027e+00 1.011932199999999948e+00 9.933834999999999749e-01 9.933834999999999749e-01 1.000400500000000026e+00
2.006250000000000089e+00 1.011047899999999888e+00 9.938122999999998708e-01 9.938122999999998708e-01 1.000491000000000019e+00
2.013749999999999929e+00 1.014191400000000076e+00 9.932353999999998795e-01 9.932353999999998795e-01 1.000781800000000166e+00
2.021250000000000213e+00 1.009642200000000267e+00 9.937122000000000455e-01 9.937122000000000455e-01 1.000698899999999947e+00
2.028750000000000053e+00 1.008060399999999968e+00 9.939379999999999882e-01 9.939379999999999882e-01 1.000879900000000156e+00
2.036249999999999893e+00 1.011536199999999885e+00 9.933370000000001365e-01 9.933370000000001365e-01 1.000670799999999971e+00
2.043750000000000178e+00 1.011937300000000040e+00 9.935424000000001588e-01 9.935424000000001588e-01 1.000755199999999956e+00
2.051250000000000018e+00 1.015617899999999851e+00 9.944992999999999750e-01 9.944992999999999750e-01 1.000681099999999990e+00
2.058749999999999858e+00 1.012177499999999952e+00 9.941348999999999325e-01 9.941348999999999325e-01 1.000906300000000027e+00
2.066250000000000142e+00 1.009643500000000138e+00 9.943455999999999406e-01 9.943455999999999406e-01 1.001004400000000016e+00
2.073749999999999982e+00 1.014884500000000411e+00 9.945971000000000117e-01 9.945971000000000117e-01 1.001041100000000128e+00
2.081249999999999822e+00 1.013948899999999931e+00 9.943842000000000514e-01 9.943842000000000514e-01 1.000987299999999802e+00
2.088750000000000107e+00 1.015036100000000108e+00 9.951184999999999059e-01 9.951184999999999059e-01 1.000863999999999976e+00
2.096249999999999947e+00 1.009203700000000037e+00 9.950105000000000199e-01 9.950105000000000199e-01 1.000964600000000093e+00
2.103749999999999787e+00 1.011720999999999870e+00 9.954288000000000025e-01 9.954288000000000025e-01 1.001015599999999894e+00
2.111250000000000071e+00 1.009309400000000023e+00 9.957435000000002256e-01 9.957435000000002256e-01 1.000874599999999948e+00
2.118749999999999911e+00 1.012318099999999887e+00 9.960572999999998123e-01 9.960572999999998123e-01 1.000928099999999876e+00
2.126250000000000195e+00 1.007685600000000070e+00 9.963230999999999060e-01 9.963230999999999060e-01 1.001041599999999976e+00
2.133750000000000036e+00 1.003555299999999928e+00 9.963173000000000723e-01 9.963173000000000723e-01 1.000972500000000043e+00
2.141249999999999876e+00 1.003296200000000082e+00 9.967676999999998122e-01 9.967676999999998122e-01 1.000928599999999946e+00
2.148750000000000160e+00 1.003347800000000012e+00 9.974152000000000573e-01 9.974152000000000573e-01 1.000881800000000155e+00
2.156250000000000000e+00 1.004714499999999955e+00 9.971061000000001062e-01 9.971061000000001062e-01 1.000808900000000001e+00
2.163749999999999840e+00 1.000265499999999808e+00 9.975106000000000250e-01 9.975106000000000250e-01 1.000843399999999939e+00
2.171250000000000124e+00 1.002270900000000076e+00 9.971596000000000348e-01 9.971596000000000348e-01 1.000871599999999972e+00
2.178749999999999964e+00 9.991185999999998568e-01 9.975743999999998612e-01 9.975743999999998612e-01 1.000902300000000134e+00
2.186249999999999805e+00 1.001120200000000127e+00 9.976160999999998946e-01 9.976160999999998946e-01 1.000910099999999803e+00
2.193750000000000089e+00 1.003155999999999937e+00 9.982943000000000788e-01 9.982943000000000788e-01 1.000780900000000084e+00
2.201249999999999929e+00 9.967605999999999966e-01 9.986615999999999271e-01 9.986615999999999271e-01 1.000758700000000001e+00
2.208750000000000213e+00 9.983489000000000946e-01 9.989786000000000499e-01 9.989786000000000499e-01 1.000817399999999857e+00
2.216250000000000053e+00 1.003181300000000054e+00 9.993525999999999243e-01 9.993525999999999243e-01 1.000820000000000043e+00
2.223749999999999893e+00 9.893745000000000456e-01 9.993693000000000159e-01 9.993693000000000159e-01 1.000777000000000028e+00
2.231250000000000178e+00 9.935973999999999640e-01 9.999204000000000425e-01 9.999204000000000425e-01 1.000491699999999984e+00
2.238750000000000018e+00 9.931395999999999002e-01 9.993843999999999506e-01 9.993843999999999506e-01 1.000761000000000234e+00
2.246249999999999858e+00 9.905374000000000123e-01 9.998856999999998774e-01 9.998856999999998774e-01 1.000768699999999845e+00
2.253750000000000142e+00 9.944629999999999859e-01 1.000177600000000000e+00 1.000177600000000000e+00 1.000621500000000053e+00
2.261249999999999982e+00 9.920512000000000219e-01 1.000773799999999936e+00 1.000773799999999936e+00 1.000620900000000146e+00
2.268749999999999822e+00 9.906368999999999314e-01 1.000796299999999972e+00 1.000796299999999972e+00 1.000536499999999940e+00
2.276250000000000107e+00 9.884283000000000374e-01 1.000440200000000113e+00 1.000440200000000113e+00 1.000293600000000227e+00
2.283749999999999947e+00 9.894553000000001486e-01 1.000533599999999801e+00 1.000533599999999801e+00 1.000541600000000031e+00
2.291249999999999787e+00 9.886986999999999304e-01 1.000912500000000094e+00 1.000912500000000094e+00 1.000436400000000114e+00
2.298750000000000071e+00 9.870410999999998936e-01 1.000802299999999923e+00 1.000802299999999923e+00 1.000258699999999834e+00
2.306249999999999911e+00 9.902550999999999437e-01 1.001402200000000020e+00 1.001402200000000020e+00 1.000231000000000092e+00
2.313750000000000195e+00 9.876944999999999197e-01 1.001060999999999979e+00 1.001060999999999979e+00 1.000362100000000032e+00
2.321250000000000036e+00 9.902687999999999491e-01 1.001511100000000321e+00 1.001511100000000321e+00 1.000374599999999781e+00
2.328749999999999876e+00 9.899271000000000598e-01 1.001323200000000080e+00 1.001323200000000080e+00 1.000180500000000139e+00
2.336250000000000160e+00 9.875867999999998759e-01 1.000653999999999932e+00 1.000653999999999932e+00 1.000251400000000235e+00
2.343750000000000000e+00 9.830526000000000542e-01 1.001419500000000129e+00 1.001419500000000129e+00 1.000192099999999806e+00
2.351249999999999840e+00 9.889806999999999348e-01 1.001070699999999869e+00 1.001070699999999869e+00 1.000199899999999698e+00
2.358750000000000124e+00 9.861690000000000733e-01 1.000923599999999691e+00 1.000923599999999691e+00 1.000014100000000017e+00
2.366249999999999964e+00 9.888198999999998628e-01 1.001531999999999867e+00 1.001531999999999867e+00 1.000158799999999903e+00
2.373749999999999805e+00 9.871547999999998879e-01 1.001640300000000039e+00 1.001640300000000039e+00 1.000137599999999960e+00
2.381250000000000089e+00 9.865463999999999345e-01 1.001837700000000053e+00 1.001837700000000053e+00 9.999849999999999017e-01
2.388749999999999929e+00 9.855237000000001135e-01 1.001315000000000177e+00 1.001315000000000177e+00 1.000092700000000168e+00
2.396250000000000213e+00 9.867076000000001290e-01 1.001803199999999894e+00 1.001803199999999894e+00 9.998451000000001532e-01
2.403750000000000053e+00 9.858900000000000441e-01 1.002092500000000053e+00 1.002092500000000053e+00 9.999883000000000521e-01
2.411249999999999893e+00 9.902432000000001011e-01 1.001482800000000228e+00 1.001482800000000228e+00 9.997358000000000633e-01
2.418750000000000178e+00 9.892031000000001129e-01 1.001809400000000183e+00 1.001809400000000183e+00 9.998534000000001143e-01
2.426250000000000018e+00 9.888856999999999786e-01 1.001677900000000232e+00 1.001677900000000232e+00 9.998152999999998514e-01
2.433749999999999858e+00 9.926411999999998903e-01 1.001841299999999935e+00 1.001841299999999935e+00 9.998169000000001194e-01
2.441250000000000142e+00 9.937869000000001396e-01 1.001731499999999997e+00 1.001731499999999997e+00 9.998265999999998987e-01
2.448749999999999982e+00 9.865876000000000090e-01 1.001358299999999923e+00 1.001358299999999923e+00 9.998093999999999593e-01
2.456249999999999822e+00 9.884759000000000739e-01 1.001397400000000104e+00 1.001397400000000104e+00 9.997561000000001474e-01
2.463750000000000107e+00 9.914032000000000400e-01 1.001345900000000011e+00 1.001345900000000011e+00 9.997949000000000419e-01
2.471249999999999947e+00 9.906928000000000401e-01 1.001108399999999898e+00 1.001108399999999898e+00 9.998122000000000398e-01
2.478749999999999787e+00 9.939088999999998730e-01 1.001271200000000139e+00 1.001271200000000139e+00 9.998426999999999731e-01
2.486250000000000071e+00 9.917236000000000384e-01 1.001156900000000016e+00 1.001156900000000016e+00 9.997768999999999684e-01
2.493749999999999911e+00 9.885356999999999061e-01 1.001111400000000096e+00 1.001111400000000096e+00 9.997323999999998545e-01
2.501250000000000195e+00 9.925972000000001794e-01 1.001627600000000173e+00 1.001627600000000173e+00 9.997478000000000753e-01
2.508750000000000036e+00 9.966403000000001455e-01 1.000747799999999854e+00 1.000747799999999854e+00 9.997014999999999096e-01
2.516249999999999876e+00 9.964222999999998720e-01 1.001273700000000044e+00 1.001273700000000044e+00 9.996335999999999000e-01
2.523750000000000160e+00 9.972233999999999821e-01 1.000888699999999742e+00 1.000888699999999742e+00 9.996127000000001317e-01
2.531250000000000000e+00 9.971871999999999403e-01 1.000573999999999852e+00 1.000573999999999852e+00 9.997650999999999621e-01
2.538749999999999840e+00 9.954461999999999477e-01 1.000976800000000111e+00 1.000976800000000111e+00 9.997165999999999553e-01
2.546250000000000124e+00 9.965623999999998484e-01 1.000460400000000138e+00 1.000460400000000138e+00 9.997982999999999176e-01
2.553749999999999964e+00 9.962359999999998994e-01 1.000703899999999980e+00 1.000703899999999980e+00 9.996013999999998623e-01
2.561249999999999805e+00 9.996162000000001768e-01 1.001075500000000229e+00 1.001075500000000229e+00 9.997374999999999456e-01
2.568750000000000089e+00 9.998052000000001716e-01 1.000530600000000048e+00 1.000530600000000048e+00 9.996786999999999201e-01
2.576249999999999929e+00 9.997154000000000318e-01 1.000976700000000275e+00 1.000976700000000275e+00 9.997465999999999298e-01
2.583750000000000213e+00 1.000440799999999797e+00 1.000898700000000030e+00 1.000898700000000030e+00 9.996704999999999064e-01
2.591250000000000053e+00 1.000258100000000150e+00 1.000306999999999835e+00 1.000306999999999835e+00 9.997273999999999328e-01
2.598749999999999893e+00 1.000457399999999941e+00 1.000549399999999922e+00 1.000549399999999922e+00 9.996693000000000939e-01
2.606250000000000178e+00 9.981633000000000866e-01 1.000156299999999998e+00 1.000156299999999998e+00 9.996384000000000380e-01
2.613750000000000018e+00 1.004755700000000029e+00 1.000176500000000024e+00 1.000176500000000024e+00 9.997607000000000577e-01
2.621249999999999858e+00 9.981392000000001152e-01 1.000063699999999889e+00 1.000063699999999889e+00 9.997019000000001432e-01
2.628750000000000142e+00 1.003358499999999820e+00 9.999926999999997346e-01 9.999926999999997346e-01 9.997810999999998671e-01
2.636249999999999982e+00 1.004369599999999974e+00 1.000014500000000028e+00 1.000014500000000028e+00 9.997288000000000840e-01
2.643749999999999822e+00 1.002295699999999901e+00 9.996366000000002083e-01 9.996366000000002083e-01 9.997426000000000368e-01
2.651250000000000107e+00 1.003378100000000162e+00 1.000213299999999972e+00 1.000213299999999972e+00 9.998098000000000818e-01
2.658749999999999947e+00 1.001235599999999781e+00 9.994267999999999486e-01 9.994267999999999486e-01 9.998138000000000858e-01
2.666249999999999787e+00 1.004713199999999862e+00 9.996629000000002430e-01 9.996629000000002430e-01 9.997146999999999561e-01
2.673750000000000071e+00 1.003346899999999930e+00 9.992138999999999882e-01 9.992138999999999882e-01 9.998774999999999746e-01
2.681249999999999911e+00 1.004709199999999969e+00 9.994490999999999792e-01 9.994490999999999792e-01 9.998052000000001716e-01
2.688750000000000195e+00 1.006037000000000070e+00 9.991873999999999478e-01 9.991873999999999478e-01 9.998273999999998107e-01
2.696250000000000036e+00 1.006883199999999867e+00 9.991915999999999576e-01 9.991915999999999576e-01 9.999873000000001344e-01
2.703749999999999876e+00 1.003465700000000016e+00 9.993646000000000473e-01 9.993646000000000473e-01 9.999289000000001204e-01
2.711250000000000160e+00 1.001676399999999800e+00 9.994520000000001181e-01 9.994520000000001181e-01 9.998281999999999448e-01
2.718750000000000000e+00 1.008039899999999989e+00 9.990265999999999869e-01 9.990265999999999869e-01 9.999458000000001068e-01
2.726249999999999840e+00 1.008564000000000016e+00 9.987669000000000130e-01 9.987669000000000130e-01 9.999958999999997156e-01
2.733750000000000124e+00 1.006138700000000163e+00 9.989344999999998365e-01 9.989344999999998365e-01 9.999445000000001249e-01
2.741249999999999964e+00 9.994513999999998788e-01 9.989957999999999894e-01 9.989957999999999894e-01 9.998557000000000139e-01
2.748749999999999805e+00 1.004837100000000039e+00 9.987997999999999044e-01 9.987997999999999044e-01 9.999093999999999482e-01
2.756250000000000089e+00 1.006189000000000222e+00 9.990398999999999807e-01 9.990398999999999807e-01 9.999572999999999379e-01
2.763749999999999929e+00 1.008270000000000000e+00 9.986608000000000152e-01 9.986608000000000152e-01 9.999038000000000093e-01
2.771250000000000213e+00 1.005609499999999823e+00 9.985191999999999402e-01 9.985191999999999402e-01 9.999036999999999509e-01
2.778750000000000053e+00 1.008172900000000149e+00 9.983876999999999891e-01 9.983876999999999891e-01 9.999559000000001197e-01
2.786249999999999893e+00 1.008032600000000167e+00 9.986551999999999651e-01 9.986551999999999651e-01 1.000056700000000021e+00
2.793750000000000178e+00 1.009759700000000038e+00 9.983280000000001042e-01 9.983280000000001042e-01 1.000048700000000235e+00
2.801250000000000018e+00 1.007424499999999945e+00 9.983981999999999024e-01 9.983981999999999024e-01 1.000117999999999840e+00
2.808749999999999858e+00 1.010697499999999804e+00 9.982328999999998675e-01 9.982328999999998675e-01 1.000131700000000068e+00
2.816250000000000142e+00 1.007902199999999970e+00 9.988501999999999104e-01 9.988501999999999104e-01 1.000128799999999929e+00
2.823749999999999982e+00 1.005845500000000170e+00 9.982832000000000372e-01 9.982832000000000372e-01 1.000020899999999990e+00
2.831249999999999822e+00 1.008695199999999792e+00 9.983828000000001257e-01 9.983828000000001257e-01 1.000041899999999817e+00
2.838750000000000107e+00 1.004572699999999985e+00 9.981040999999999386e-01 9.981040999999999386e-01 1.000056900000000137e+00
2.846249999999999947e+00 1.009739099999999778e+00 9.984067000000000913e-01 9.984067000000000913e-01 9.999609000000001524e-01
2.853749999999999787e+00 1.008770900000000026e+00 9.983571000000001083e-01 9.983571000000001083e-01 1.000047600000000037e+00
2.861250000000000071e+00 1.008352600000000043e+00 9.983165000000001621e-01 9.983165000000001621e-01 1.000040099999999876e+00
2.868749999999999911e+00 1.006540400000000002e+00 9.987306000000000239e-01 9.987306000000000239e-01 1.000199299999999791e+00
2.876250000000000195e+00 1.009136600000000161e+00 9.981846000000000885e-01 9.981846000000000885e-01 1.000083400000000067e+00
2.883750000000000036e+00 1.007584599999999941e+00 9.983286000000000104e-01 9.983286000000000104e-01 1.000107599999999985e+00
2.891249999999999876e+00 1.009519900000000359e+00 9.984258999999999773e-01 9.984258999999999773e-01 1.000132599999999927e+00
2.898750000000000160e+00 1.009028399999999825e+00 9.979694000000000065e-01 9.979694000000000065e-01 1.000150300000000048e+00
2.906250000000000000e+00 1.007101400000000035e+00 9.982887999999998652e-01 9.982887999999998652e-01 1.000058999999999809e+00
2.913749999999999840e+00 1.009822300000000173e+00 9.982512000000000052e-01 9.982512000000000052e-01 1.000174100000000177e+00
2.921250000000000124e+00 1.006011100000000047e+00 9.984037000000001161e-01 9.984037000000001161e-01 1.000158800000000126e+00
2.928749999999999964e+00 1.005883099999999919e+00 9.984421000000001101e-01 9.984421000000001101e-01 1.000156599999999951e+00
2.936249999999999805e+00 1.009270899999999971e+00 9.985518999999998258e-01 9.985518999999998258e-01 1.000174300000000072e+00
2.943750000000000089e+00 1.007893599999999834e+00 9.981180000000000607e-01 9.981180000000000607e-01 1.000100300000000164e+00
2.951249999999999929e+00 1.004999100000000034e+00 9.983764000000000527e-01 9.983764000000000527e-01 1.000099799999999872e+00
2.958750000000000213e+00 1.005238700000000041e+00 9.982516000000000167e-01 9.982516000000000167e-01 1.000194299999999981e+00
2.966250000000000053e+00 1.004876699999999845e+00 9.980897000000000796e-01 9.980897000000000796e-01 1.000152099999999988e+00
2.973749999999999893e+00 1.004971800000000304e+00 9.984572999999997700e-01 9.984572999999997700e-01 1.000052900000000022e+00
2.981250000000000178e+00 1.005317699999999981e+00 9.983285000000000631e-01 9.983285000000000631e-01 1.000026899999999941e+00
2.988750000000000018e+00 1.006176799999999982e+00 9.988784000000000551e-01 9.988784000000000551e-01 1.000118499999999910e+00
2.996249999999999858e+00 1.006226100000000123e+00 9.983090999999999493e-01 9.983090999999999493e-01 1.000150899999999954e+00
