3.749999999999999861e-03 0.000000000000000000e+00 0.000000000000000000e+00 0.000000000000000000e+00 0.000000000000000000e+00
1.124999999999999958e-02 0.000000000000000000e+00 0.000000000000000000e+00 0.000000000000000000e+00 0.000000000000000000e+00
1.874999999999999931e-02 0.000000000000000000e+00 0.000000000000000000e+00 0.000000000000000000e+00 0.000000000000000000e+00
2.624999999999999903e-02 0.000000000000000000e+00 0.000000000000000000e+00 0.000000000000000000e+00 0.000000000000000000e+00
3.375000000000000222e-02 0.000000000000000000e+00 0.000000000000000000e+00 0.000000000000000000e+00 0.000000000000000000e+00
4.125000000000000194e-02 0.000000000000000000e+00 0.000000000000000000e+00 0.000000000000000000e+00 0.000000000000000000e+00
4.875000000000000167e-02 0.000000000000000000e+00 0.000000000000000000e+00 0.000000000000000000e+00 0.000000000000000000e+00
5.625000000000000139e-02 0.000000000000000000e+00 0.000000000000000000e+00 0.000000000000000000e+00 0.000000000000000000e+00
6.375000000000000111e-02 0.000000000000000000e+00 0.000000000000000000e+00 0.000000000000000000e+00 0.000000000000000000e+00
7.124999999999999389e-02 0.000000000000000000e+00 0.000000000000000000e+00 0.000000000000000000e+00 0.000000000000000000e+00
7.875000000000000056e-02 0.000000000000000000e+00 0.000000000000000000e+00 0.000000000000000000e+00 0.000000000000000000e+00
8.624999999999999334e-02 0.000000000000000000e+00 0.000000000000000000e+00 0.000000000000000000e+00 0.000000000000000000e+00
9.375000000000000000e-02 0.000000000000000000e+00 0.000000000000000000e+00 0.000000000000000000e+00 0.000000000000000000e+00
1.012500000000000067e-01 0.000000000000000000e+00 0.000000000000000000e+00 0.000000000000000000e+00 0.000000000000000000e+00
1.087499999999999994e-01 0.000000000000000000e+00 0.000000000000000000e+00 0.000000000000000000e+00 0.000000000000000000e+00
1.162500000000000061e-01 0.000000000000000000e+00 0.000000000000000000e+00 0.000000000000000000e+00 0.000000000000000000e+00
1.237499999999999989e-01 0.000000000000000000e+00 0.000000000000000000e+00 0.000000000000000000e+00 0.000000000000000000e+00
1.312500000000000056e-01 0.000000000000000000e+00 0.000000000000000000e+00 0.000000000000000000e+00 0.000000000000000000e+00
1.387500000000000122e-01 0.000000000000000000e+00 0.000000000000000000e+00 0.000000000000000000e+00 0.000000000000000000e+00
1.462499999999999911e-01 0.000000000000000000e+00 0.000000000000000000e+00 0.000000000000000000e+00 0.000000000000000000e+00
1.537499999999999978e-01 0.000000000000000000e+00 0.000000000000000000e+00 0.000000000000000000e+00 4.799999999999999783e-06
1.612500000000000044e-01 0.000000000000000000e+00 0.000000000000000000e+00 0.000000000000000000e+00 1.627599999999999880e-03
1.687500000000000111e-01 0.000000000000000000e+00 0.000000000000000000e+00 0.000000000000000000e+00 4.227419999999999789e-02
1.762499999999999900e-01 0.000000000000000000e+00 0.000000000000000000e+00 0.000000000000000000e+00 2.763191000000000397e-01
1.837499999999999967e-01 0.000000000000000000e+00 0.000000000000000000e+00 0.000000000000000000e+00 7.730163000000001006e-01
1.912500000000000033e-01 0.000000000000000000e+00 0.000000000000000000e+00 0.000000000000000000e+00 1.333326100000000070e+00
1.987500000000000100e-01 0.000000000000000000e+00 0.000000000000000000e+00 0.000000000000000000e+00 1.739991099999999902e+00
2.062499999999999889e-01 0.000000000000000000e+00 0.000000000000000000e+00 0.000000000000000000e+00 1.948361999999999927e+00
2.137499999999999956e-01 0.000000000000000000e+00 0.000000000000000000e+00 0.000000000000000000e+00 2.001806000000000196e+00
2.212500000000000022e-01 0.000000000000000000e+00 0.000000000000000000e+00 0.000000000000000000e+00 1.969283100000000175e+00
2.287500000000000089e-01 0.000000000000000000e+00 0.000000000000000000e+00 0.000000000000000000e+00 1.899776399999999921e+00
2.362499999999999878e-01 0.000000000000000000e+00 0.000000000000000000e+00 0.000000000000000000e+00 1.826414399999999771e+00
2.437499999999999944e-01 0.000000000000000000e+00 0.000000000000000000e+00 0.000000000000000000e+00 1.759276600000000190e+00
2.512499999999999734e-01 0.000000000000000000e+00 0.000000000000000000e+00 0.000000000000000000e+00 1.698690500000000325e+00
2.587499999999999800e-01 0.000000000000000000e+00 0.000000000000000000e+00 0.000000000000000000e+00 1.643833800000000123e+00
2.662499999999999867e-01 0.000000000000000000e+00 0.000000000000000000e+00 0.000000000000000000e+00 1.593051800000000018e+00
2.737499999999999933e-01 0.000000000000000000e+00 0.000000000000000000e+00 0.000000000000000000e+00 1.545636500000000080e+00
2.812500000000000000e-01 0.000000000000000000e+00 0.000000000000000000e+00 0.000000000000000000e+00 1.504414800000000163e+00
2.887500000000000067e-01 0.000000000000000000e+00 0.000000000000000000e+00 0.000000000000000000e+00 1.466222500000000206e+00
2.962500000000000133e-01 0.000000000000000000e+00 0.000000000000000000e+00 0.000000000000000000e+00 1.430848699999999862e+00
3.037500000000000200e-01 0.000000000000000000e+00 0.000000000000000000e+00 0.000000000000000000e+00 1.399224000000000023e+00
3.112500000000000266e-01 0.000000000000000000e+00 0.000000000000000000e+00 0.000000000000000000e+00 1.373286599999999913e+00
3.187499999999999778e-01 0.000000000000000000e+00 0.000000000000000000e+00 0.000000000000000000e+00 1.348445300000000069e+00
3.262499999999999845e-01 0.000000000000000000e+00 0.000000000000000000e+00 0.000000000000000000e+00 1.329123300000000230e+00
3.337499999999999911e-01 0.000000000000000000e+00 0.000000000000000000e+00 0.000000000000000000e+00 1.311258299999999988e+00
3.412499999999999978e-01 0.000000000000000000e+00 0.000000000000000000e+00 0.000000000000000000e+00 1.297638999999999987e+00
3.487500000000000044e-01 0.000000000000000000e+00 0.000000000000000000e+00 0.000000000000000000e+00 1.286246100000000059e+00
3.562500000000000111e-01 0.000000000000000000e+00 0.000000000000000000e+00 0.000000000000000000e+00 1.277501099999999834e+00
3.637500000000000178e-01 0.000000000000000000e+00 0.000000000000000000e+00 0.000000000000000000e+00 1.272271799999999953e+00
3.712500000000000244e-01 0.000000000000000000e+00 0.000000000000000000e+00 0.000000000000000000e+00 1.268722799999999928e+00
3.787499999999999756e-01 0.000000000000000000e+00 0.000000000000000000e+00 0.000000000000000000e+00 1.266502699999999759e+00
3.862499999999999822e-01 0.000000000000000000e+00 0.000000000000000000e+00 0.000000000000000000e+00 1.266241399999999739e+00
3.937499999999999889e-01 0.000000000000000000e+00 0.000000000000000000e+00 0.000000000000000000e+00 1.263166999999999929e+00
4.012499999999999956e-01 0.000000000000000000e+00 0.000000000000000000e+00 0.000000000000000000e+00 1.260873300000000086e+00
4.087500000000000022e-01 0.000000000000000000e+00 0.000000000000000000e+00 0.000000000000000000e+00 1.258203299999999913e+00
4.162500000000000089e-01 0.000000000000000000e+00 0.000000000000000000e+00 0.000000000000000000e+00 1.254400700000000146e+00
4.237500000000000155e-01 0.000000000000000000e+00 0.000000000000000000e+00 0.000000000000000000e+00 1.249137699999999906e+00
4.312500000000000222e-01 0.000000000000000000e+00 0.000000000000000000e+00 0.000000000000000000e+00 1.244568399999999908e+00
4.387499999999999734e-01 0.000000000000000000e+00 0.000000000000000000e+00 0.000000000000000000e+00 1.237629099999999926e+00
4.462499999999999800e-01 0.000000000000000000e+00 0.000000000000000000e+00 0.000000000000000000e+00 1.231729800000000097e+00
4.537499999999999867e-01 0.000000000000000000e+00 0.000000000000000000e+00 0.000000000000000000e+00 1.224490399999999868e+00
4.612499999999999933e-01 0.000000000000000000e+00 0.000000000000000000e+00 0.000000000000000000e+00 1.216976099999999894e+00
4.687500000000000000e-01 0.000000000000000000e+00 2.000000000000000164e-05 2.000000000000000164e-05 1.209677999999999809e+00
4.762500000000000067e-01 0.000000000000000000e+00 1.889000000000000108e-04 1.889000000000000108e-04 1.202513000000000165e+00
4.837500000000000133e-01 0.000000000000000000e+00 1.110100000000000149e-03 1.110100000000000149e-03 1.195059600000000000e+00
4.912500000000000200e-01 0.000000000000000000e+00 5.674400000000000450e-03 5.674400000000000450e-03 1.187730900000000034e+00
4.987500000000000266e-01 0.000000000000000000e+00 1.862679999999999891e-02 1.862679999999999891e-02 1.180636100000000077e+00
5.062499999999999778e-01 0.000000000000000000e+00 5.170579999999998927e-02 5.170579999999998927e-02 1.173427699999999962e+00
5.137500000000000400e-01 0.000000000000000000e+00 1.138912000000000119e-01 1.138912000000000119e-01 1.166454699999999844e+00
5.212499999999999911e-01 0.000000000000000000e+00 2.136159999999999726e-01 2.136159999999999726e-01 1.158740300000000056e+00
5.287500000000000533e-01 0.000000000000000000e+00 3.532281999999999922e-01 3.532281999999999922e-01 1.152931000000000150e+00
5.362500000000000044e-01 0.000000000000000000e+00 5.245528000000000413e-01 5.245528000000000413e-01 1.146764299999999848e+00
5.437499999999999556e-01 0.000000000000000000e+00 7.171275999999999762e-01 7.171275999999999762e-01 1.139782500000000143e+00
5.512500000000000178e-01 0.000000000000000000e+00 9.104033999999998628e-01 9.104033999999998628e-01 1.133940200000000065e+00
5.587499999999999689e-01 0.000000000000000000e+00 1.094190500000000066e+00 1.094190500000000066e+00 1.128393999999999897e+00
5.662500000000000311e-01 0.000000000000000000e+00 1.254222700000000135e+00 1.254222700000000135e+00 1.122665800000000269e+00
5.737499999999999822e-01 0.000000000000000000e+00 1.388074599999999936e+00 1.388074599999999936e+00 1.117469000000000046e+00
5.812500000000000444e-01 0.000000000000000000e+00 1.490769200000000128e+00 1.490769200000000128e+00 1.112321299999999846e+00
5.887499999999999956e-01 0.000000000000000000e+00 1.558314100000000035e+00 1.558314100000000035e+00 1.107022900000000032e+00
5.962499999999999467e-01 0.000000000000000000e+00 1.600523900000000221e+00 1.600523900000000221e+00 1.102119100000000129e+00
6.037500000000000089e-01 0.000000000000000000e+00 1.617977100000000279e+00 1.617977100000000279e+00 1.097848000000000157e+00
6.112499999999999600e-01 0.000000000000000000e+00 1.616914299999999916e+00 1.616914299999999916e+00 1.092321400000000109e+00
6.187500000000000222e-01 0.000000000000000000e+00 1.598278499999999713e+00 1.598278499999999713e+00 1.088063999999999920e+00
6.262499999999999734e-01 0.000000000000000000e+00 1.569763299999999751e+00 1.569763299999999751e+00 1.083829199999999826e+00
6.337500000000000355e-01 0.000000000000000000e+00 1.534815399999999830e+00 1.534815399999999830e+00 1.079457700000000075e+00
6.412499999999999867e-01 0.000000000000000000e+00 1.493080399999999752e+00 1.493080399999999752e+00 1.075229399999999780e+00
6.487500000000000488e-01 0.000000000000000000e+00 1.450098600000000015e+00 1.450098600000000015e+00 1.071149899999999988e+00
6.562500000000000000e-01 0.000000000000000000e+00 1.407029300000000038e+00 1.407029300000000038e+00 1.066968899999999998e+00
6.637499999999999512e-01 0.000000000000000000e+00 1.362948300000000001e+00 1.362948300000000001e+00 1.062927200000000294e+00
6.712500000000000133e-01 0.000000000000000000e+00 1.322651199999999916e+00 1.322651199999999916e+00 1.059137399999999785e+00
6.787499999999999645e-01 0.000000000000000000e+00 1.281949699999999748e+00 1.281949699999999748e+00 1.054939699999999814e+00
6.862500000000000266e-01 0.000000000000000000e+00 1.250883100000000026e+00 1.250883100000000026e+00 1.051740999999999815e+00
6.937499999999999778e-01 0.000000000000000000e+00 1.222732699999999895e+00 1.222732699999999895e+00 1.048263600000000073e+00
7.012500000000000400e-01 0.000000000000000000e+00 1.200016100000000030e+00 1.200016100000000030e+00 1.044308100000000072e+00
7.087499999999999911e-01 0.000000000000000000e+00 1.179655500000000190e+00 1.179655500000000190e+00 1.040985400000000061e+00
7.162500000000000533e-01 0.000000000000000000e+00 1.162493199999999893e+00 1.162493199999999893e+00 1.037622400000000056e+00
7.237500000000000044e-01 0.000000000000000000e+00 1.149521599999999921e+00 1.149521599999999921e+00 1.034161300000000061e+00
7.312499999999999556e-01 0.000000000000000000e+00 1.139975600000000089e+00 1.139975600000000089e+00 1.031404699999999952e+00
7.387500000000000178e-01 0.000000000000000000e+00 1.134709799999999991e+00 1.134709799999999991e+00 1.027856300000000278e+00
7.462499999999999689e-01 0.000000000000000000e+00 1.127526599999999934e+00 1.127526599999999934e+00 1.025430699999999806e+00
7.537500000000000311e-01 0.000000000000000000e+00 1.125589700000000137e+00 1.125589700000000137e+00 1.022061300000000061e+00
7.612499999999999822e-01 0.000000000000000000e+00 1.122875799999999868e+00 1.122875799999999868e+00 1.019322000000000061e+00
7.687500000000000444e-01 4.619999999999999812e-05 1.117859199999999831e+00 1.117859199999999831e+00 1.016957399999999900e+00
7.762499999999999956e-01 3.177000000000000245e-04 1.117559500000000039e+00 1.117559500000000039e+00 1.014543700000000159e+00
7.837499999999999467e-01 1.156799999999999712e-03 1.112693500000000002e+00 1.112693500000000002e+00 1.011581900000000145e+00
7.912500000000000089e-01 6.154399999999999975e-03 1.110110799999999953e+00 1.110110799999999953e+00 1.009675100000000159e+00
7.987499999999999600e-01 1.974570000000000145e-02 1.106136400000000020e+00 1.106136400000000020e+00 1.007531399999999966e+00
8.062500000000000222e-01 5.011040000000001327e-02 1.103105100000000061e+00 1.103105100000000061e+00 1.005087100000000122e+00
8.137499999999999734e-01 1.109277000000000041e-01 1.097753200000000096e+00 1.097753200000000096e+00 1.003519099999999886e+00
8.212500000000000355e-01 2.218732000000000204e-01 1.091925399999999824e+00 1.091925399999999824e+00 1.001529400000000125e+00
8.287499999999999867e-01 3.893191999999999764e-01 1.085819199999999984e+00 1.085819199999999984e+00 9.997517000000000209e-01
8.362500000000000488e-01 6.285127000000000352e-01 1.080977499999999925e+00 1.080977499999999925e+00 9.978738999999998693e-01
8.437500000000000000e-01 9.206324000000000174e-01 1.075093999999999994e+00 1.075093999999999994e+00 9.965414999999999690e-01
8.512499999999999512e-01 1.262178599999999928e+00 1.066007600000000055e+00 1.066007600000000055e+00 9.954566000000000248e-01
8.587500000000000133e-01 1.614604999999999846e+00 1.059213200000000077e+00 1.059213200000000077e+00 9.934265999999999375e-01
8.662499999999999645e-01 1.937974699999999828e+00 1.053068499999999963e+00 1.053068499999999963e+00 9.920021999999999451e-01
8.737500000000000266e-01 2.257783300000000271e+00 1.045483000000000162e+00 1.045483000000000162e+00 9.909299999999999775e-01
8.812499999999999778e-01 2.490217699999999645e+00 1.039552699999999996e+00 1.039552699999999996e+00 9.893454999999999888e-01
8.887500000000000400e-01 2.658055899999999916e+00 1.034037800000000118e+00 1.034037800000000118e+00 9.885914000000001201e-01
8.962499999999999911e-01 2.760994699999999913e+00 1.025689300000000248e+00 1.025689300000000248e+00 9.876447999999999894e-01
9.037500000000000533e-01 2.782007199999999791e+00 1.020952200000000198e+00 1.020952200000000198e+00 9.870174000000000447e-01
9.112500000000000044e-01 2.759635600000000188e+00 1.014798399999999656e+00 1.014798399999999656e+00 9.861496000000000706e-01
9.187499999999999556e-01 2.716447800000000079e+00 1.008650500000000116e+00 1.008650500000000116e+00 9.856235000000002078e-01
9.262500000000000178e-01 2.616193500000000061e+00 1.003210299999999888e+00 1.003210299999999888e+00 9.849911999999999557e-01
9.337499999999999689e-01 2.512434100000000115e+00 9.981752000000000402e-01 9.981752000000000402e-01 9.845782999999999063e-01
9.412500000000000311e-01 2.347232199999999658e+00 9.947382000000001279e-01 9.947382000000001279e-01 9.840555999999999193e-01
9.487499999999999822e-01 2.231730000000000214e+00 9.902262000000000564e-01 9.902262000000000564e-01 9.838226000000001026e-01
9.562500000000000444e-01 2.083835500000000174e+00 9.855619000000001018e-01 9.855619000000001018e-01 9.835601999999999956e-01
9.637499999999999956e-01 1.925281100000000079e+00 9.815359999999999641e-01 9.815359999999999641e-01 9.835689000000000792e-01
9.712499999999999467e-01 1.803860000000000241e+00 9.790381000000000222e-01 9.790381000000000222e-01 9.836241000000001122e-01
9.787500000000000089e-01 1.696759799999999929e+00 9.752094999999998404e-01 9.752094999999998404e-01 9.836245000000000127e-01
9.862499999999999600e-01 1.572693499999999744e+00 9.721800000000000441e-01 9.721800000000000441e-01 9.839601000000000042e-01
9.937500000000000222e-01 1.486173900000000048e+00 9.700067000000001105e-01 9.700067000000001105e-01 9.839346000000001036e-01
1.001249999999999973e+00 1.397072199999999986e+00 9.668482999999999938e-01 9.668482999999999938e-01 9.842384999999997941e-01
1.008750000000000036e+00 1.330640999999999963e+00 9.645378000000001117e-01 9.645378000000001117e-01 9.848386000000000084e-01
1.016250000000000098e+00 1.245981100000000286e+00 9.619077999999999795e-01 9.619077999999999795e-01 9.852558999999999623e-01
1.023749999999999938e+00 1.196060099999999959e+00 9.591339000000000947e-01 9.591339000000000947e-01 9.857310999999999712e-01
1.031250000000000000e+00 1.146786099999999919e+00 9.586720000000001907e-01 9.586720000000001907e-01 9.865118999999997751e-01
1.038750000000000062e+00 1.093233600000000028e+00 9.550461999999999563e-01 9.550461999999999563e-01 9.872391999999997614e-01
1.046249999999999902e+00 1.062937100000000079e+00 9.531030000000001445e-01 9.531030000000001445e-01 9.883360999999999397e-01
1.053749999999999964e+00 1.044734599999999958e+00 9.515816999999999748e-01 9.515816999999999748e-01 9.889685999999999755e-01
1.061250000000000027e+00 1.019125899999999918e+00 9.508655000000001412e-01 9.508655000000001412e-01 9.903267000000000042e-01
1.068750000000000089e+00 9.951595000000000857e-01 9.478545000000000442e-01 9.478545000000000442e-01 9.913256999999999763e-01
1.076249999999999929e+00 9.909869999999999512e-01 9.490366000000000080e-01 9.490366000000000080e-01 9.921169000000000793e-01
1.083749999999999991e+00 9.799710999999999839e-01 9.461036000000000445e-01 9.461036000000000445e-01 9.935340999999999756e-01
1.091250000000000053e+00 9.710218000000001570e-01 9.458745000000000624e-01 9.458745000000000624e-01 9.948602000000000833e-01
1.098749999999999893e+00 9.819404999999999939e-01 9.441000999999999976e-01 9.441000999999999976e-01 9.959574999999999401e-01
1.106249999999999956e+00 9.793895999999998603e-01 9.429122000000000892e-01 9.429122000000000892e-01 9.970615000000000450e-01
1.113750000000000018e+00 9.812462000000001794e-01 9.418770999999999116e-01 9.418770999999999116e-01 9.985207999999999862e-01
1.121250000000000080e+00 9.876824000000000714e-01 9.423609000000000568e-01 9.423609000000000568e-01 9.992264000000000701e-01
1.128749999999999920e+00 9.948695000000000732e-01 9.425291000000000086e-01 9.425291000000000086e-01 1.000324100000000049e+00
1.136249999999999982e+00 9.887221000000000481e-01 9.428109999999998436e-01 9.428109999999998436e-01 1.001312399999999991e+00
1.143750000000000044e+00 1.009242099999999809e+00 9.416560000000000485e-01 9.416560000000000485e-01 1.001899300000000270e+00
1.151250000000000107e+00 1.018052500000000027e+00 9.419497999999999482e-01 9.419497999999999482e-01 1.003026299999999704e+00
1.158749999999999947e+00 1.024393600000000015e+00 9.423471000000001041e-01 9.423471000000001041e-01 1.003735000000000266e+00
1.166250000000000009e+00 1.036113599999999968e+00 9.429838000000000386e-01 9.429838000000000386e-01 1.004269799999999879e+00
1.173750000000000071e+00 1.042452799999999957e+00 9.432291000000001535e-01 9.432291000000001535e-01 1.004560199999999792e+00
1.181249999999999911e+00 1.043338700000000063e+00 9.447442999999999813e-01 9.447442999999999813e-01 1.005088000000000203e+00
1.188749999999999973e+00 1.042746100000000009e+00 9.454404000000000696e-01 9.454404000000000696e-01 1.005322100000000107e+00
1.196250000000000036e+00 1.045122899999999966e+00 9.452608999999998485e-01 9.452608999999998485e-01 1.005689100000000114e+00
1.203750000000000098e+00 1.044398399999999949e+00 9.470751000000001696e-01 9.470751000000001696e-01 1.005714999999999915e+00
1.211249999999999938e+00 1.043649199999999944e+00 9.487187000000000259e-01 9.487187000000000259e-01 1.005841399999999997e+00
1.218750000000000000e+00 1.033750600000000075e+00 9.492580999999999936e-01 9.492580999999999936e-01 1.005940599999999963e+00
1.226250000000000062e+00 1.035210299999999917e+00 9.516901000000000943e-01 9.516901000000000943e-01 1.005966999999999834e+00
1.233749999999999902e+00 1.026666100000000137e+00 9.521716000000001179e-01 9.521716000000001179e-01 1.005961700000000070e+00
1.241249999999999964e+00 1.013498599999999916e+00 9.541047999999999751e-01 9.541047999999999751e-01 1.005745599999999795e+00
1.248750000000000027e+00 1.003078200000000031e+00 9.561256000000002420e-01 9.561256000000002420e-01 1.005682299999999918e+00
1.256250000000000089e+00 9.971976999999998537e-01 9.573190000000000310e-01 9.573190000000000310e-01 1.005490300000000170e+00
1.263749999999999929e+00 9.830352000000001089e-01 9.596462999999999521e-01 9.596462999999999521e-01 1.005285800000000007e+00
1.271249999999999991e+00 9.756300999999998336e-01 9.610013000000000583e-01 9.610013000000000583e-01 1.005281199999999986e+00
1.278750000000000053e+00 9.638518000000001473e-01 9.648277000000001768e-01 9.648277000000001768e-01 1.005165199999999981e+00
1.286249999999999893e+00 9.634630000000001804e-01 9.673085000000000155e-01 9.673085000000000155e-01 1.004934500000000064e+00
1.293749999999999956e+00 9.456801000000000235e-01 9.696741999999998196e-01 9.696741999999998196e-01 1.004665800000000164e+00
1.301250000000000018e+00 9.345357999999999166e-01 9.719185999999998549e-01 9.719185999999998549e-01 1.004390600000000022e+00
1.308750000000000080e+00 9.191171000000000202e-01 9.740116000000001995e-01 9.740116000000001995e-01 1.004724900000000032e+00
1.316249999999999920e+00 9.181679999999999842e-01 9.768769000000000480e-01 9.768769000000000480e-01 1.003977099999999956e+00
1.323749999999999982e+00 9.132985999999998494e-01 9.799648000000000803e-01 9.799648000000000803e-01 1.003790300000000135e+00
1.331250000000000044e+00 8.998758000000000035e-01 9.829009000000000773e-01 9.829009000000000773e-01 1.003820099999999993e+00
1.338750000000000107e+00 8.953866999999998688e-01 9.862759000000000942e-01 9.862759000000000942e-01 1.003441299999999980e+00
1.346249999999999947e+00 8.958416999999998520e-01 9.897411999999998766e-01 9.897411999999998766e-01 1.003417299999999956e+00
1.353750000000000009e+00 8.838852999999999849e-01 9.924446000000000101e-01 9.924446000000000101e-01 1.003132099999999749e+00
1.361250000000000071e+00 8.686863000000000223e-01 9.959322000000000452e-01 9.959322000000000452e-01 1.002895199999999987e+00
1.368749999999999911e+00 8.685863000000001444e-01 9.984937000000000396e-01 9.984937000000000396e-01 1.002582599999999768e+00
1.376249999999999973e+00 8.730824000000000362e-01 1.003198800000000057e+00 1.003198800000000057e+00 1.002369900000000147e+00
1.383750000000000036e+00 8.675114000000000436e-01 1.005736299999999916e+00 1.005736299999999916e+00 1.002250900000000167e+00
1.391250000000000098e+00 8.627436000000001659e-01 1.009404199999999863e+00 1.009404199999999863e+00 1.001798999999999884e+00
1.398749999999999938e+00 8.558350999999999598e-01 1.012895700000000065e+00 1.012895700000000065e+00 1.001659400000000089e+00
1.406250000000000000e+00 8.609914000000001844e-01 1.016322700000000134e+00 1.016322700000000134e+00 1.001271800000000045e+00
1.413750000000000062e+00 8.594688000000001438e-01 1.018585000000000074e+00 1.018585000000000074e+00 1.001226800000000194e+00
1.421249999999999902e+00 8.555897000000000086e-01 1.022218999999999989e+00 1.022218999999999989e+00 1.000696799999999609e+00
1.428749999999999964e+00 8.556806000000000134e-01 1.024388100000000135e+00 1.024388100000000135e+00 1.000484200000000268e+00
1.436250000000000027e+00 8.585708999999999147e-01 1.027064800000000222e+00 1.027064800000000222e+00 1.000281599999999882e+00
1.443750000000000089e+00 8.453867999999999938e-01 1.029191999999999885e+00 1.029191999999999885e+00 9.999724999999999309e-01
1.451249999999999929e+00 8.488937000000001953e-01 1.030992800000000154e+00 1.030992800000000154e+00 9.996636000000000966e-01
1.458749999999999991e+00 8.519121999999998973e-01 1.033364900000000031e+00 1.033364900000000031e+00 9.991630999999998597e-01
1.466250000000000053e+00 8.614467000000001207e-01 1.034243299999999977e+00 1.034243299999999977e+00 9.991752000000000411e-01
1.473749999999999893e+00 8.578722000000000847e-01 1.034510299999999994e+00 1.034510299999999994e+00 9.988386000000000209e-01
1.481249999999999956e+00 8.509132999999999836e-01 1.036079399999999984e+00 1.036079399999999984e+00 9.986698000000000519e-01
1.488750000000000018e+00 8.591914000000000495e-01 1.035692099999999893e+00 1.035692099999999893e+00 9.982694000000000845e-01
1.496250000000000080e+00 8.638557000000000041e-01 1.035772799999999938e+00 1.035772799999999938e+00 9.982614000000001875e-01
1.503749999999999920e+00 8.626925999999999206e-01 1.035943400000000070e+00 1.035943400000000070e+00 9.979776999999998566e-01
1.511249999999999982e+00 8.684733000000000036e-01 1.035691099999999976e+00 1.035691099999999976e+00 9.977022999999999309e-01
1.518750000000000044e+00 8.706507999999999470e-01 1.034543400000000002e+00 1.034543400000000002e+00 9.974578999999998974e-01
1.526250000000000107e+00 8.797352999999998868e-01 1.033497300000000063e+00 1.033497300000000063e+00 9.971589999999999065e-01
1.533749999999999947e+00 8.800162000000000262e-01 1.033256499999999800e+00 1.033256499999999800e+00 9.969502999999999560e-01
1.541250000000000009e+00 8.898559000000000330e-01 1.032175899999999924e+00 1.032175899999999924e+00 9.966882999999999715e-01
1.548750000000000071e+00 8.944966000000000861e-01 1.031194300000000119e+00 1.031194300000000119e+00 9.965630000000000877e-01
1.556249999999999911e+00 8.974500000000000810e-01 1.030062299999999764e+00 1.030062299999999764e+00 9.963464999999999128e-01
1.563749999999999973e+00 8.975674999999998516e-01 1.027982400000000185e+00 1.027982400000000185e+00 9.961088000000000164e-01
1.571250000000000036e+00 9.040620000000000323e-01 1.027824799999999872e+00 1.027824799999999872e+00 9.959253999999999607e-01
1.578750000000000098e+00 9.167078999999999089e-01 1.026690199999999775e+00 1.026690199999999775e+00 9.961843000000001336e-01
1.586249999999999938e+00 9.207558999999999605e-01 1.025982599999999856e+00 1.025982599999999856e+00 9.959075000000000566e-01
1.593750000000000000e+00 9.215345999999999815e-01 1.024426599999999743e+00 1.024426599999999743e+00 9.956859000000000126e-01
1.601250000000000062e+00 9.312115000000000808e-01 1.022935900000000009e+00 1.022935900000000009e+00 9.956427999999999390e-01
1.608749999999999902e+00 9.323898000000001574e-01 1.021999300000000055e+00 1.021999300000000055e+00 9.952840000000000575e-01
1.616249999999999964e+00 9.418021999999999228e-01 1.020635599999999865e+00 1.020635599999999865e+00 9.953835999999999240e-01
1.623750000000000027e+00 9.420149999999999357e-01 1.020120399999999927e+00 1.020120399999999927e+00 9.953260000000000440e-01
1.631250000000000089e+00 9.524228000000001249e-01 1.019645899999999994e+00 1.019645899999999994e+00 9.953146999999999966e-01
1.638749999999999929e+00 9.535242000000000440e-01 1.018331199999999992e+00 1.018331199999999992e+00 9.950525999999999538e-01
1.646249999999999991e+00 9.594162999999999997e-01 1.017716500000000135e+00 1.017716500000000135e+00 9.949499000000001647e-01
1.653750000000000053e+00 9.608554999999998625e-01 1.016199100000000133e+00 1.016199100000000133e+00 9.949780000000002511e-01
1.661249999999999893e+00 9.756472999999999951e-01 1.015950200000000248e+00 1.015950200000000248e+00 9.950354999999999617e-01
1.668749999999999956e+00 9.813519000000001657e-01 1.013666600000000084e+00 1.013666600000000084e+00 9.951925000000001464e-01
1.676250000000000018e+00 9.811875000000001013e-01 1.013519199999999953e+00 1.013519199999999953e+00 9.950954999999999107e-01
1.683750000000000080e+00 9.909732999999999459e-01 1.012094899999999909e+00 1.012094899999999909e+00 9.949284000000000461e-01
1.691249999999999920e+00 9.994960999999999984e-01 1.012035999999999936e+00 1.012035999999999936e+00 9.951812999999999354e-01
1.698749999999999982e+00 1.003824400000000061e+00 1.010758099999999882e+00 1.010758099999999882e+00 9.950366999999999962e-01
1.706250000000000044e+00 1.006508300000000133e+00 1.010091600000000200e+00 1.010091600000000200e+00 9.950750000000001538e-01
1.713750000000000107e+00 1.012595800000000157e+00 1.009677799999999959e+00 1.009677799999999959e+00 9.952390999999998211e-01
1.721249999999999947e+00 1.020439400000000107e+00 1.009239999999999915e+00 1.009239999999999915e+00 9.953466000000000813e-01
1.728750000000000009e+00 1.021736099999999814e+00 1.008647899999999931e+00 1.008647899999999931e+00 9.953642000000002543e-01
1.736250000000000071e+00 1.031438899999999936e+00 1.006951900000000233e+00 1.006951900000000233e+00 9.954396000000000910e-01
1.743749999999999911e+00 1.033540799999999926e+00 1.005882499999999791e+00 1.005882499999999791e+00 9.954607999999998125e-01
1.751249999999999973e+00 1.040692500000000020e+00 1.004997900000000000e+00 1.004997900000000000e+00 9.954991999999999175e-01
1.758750000000000036e+00 1.044645500000000116e+00 1.004942800000000025e+00 1.004942800000000025e+00 9.957190000000000207e-01
1.766250000000000098e+00 1.041101199999999949e+00 1.003944699999999912e+00 1.003944699999999912e+00 9.957620999999999833e-01
1.773749999999999938e+00 1.049721900000000208e+00 1.002686099999999803e+00 1.002686099999999803e+00 9.961171999999999249e-01
1.781250000000000000e+00 1.045517100000000088e+00 1.001564599999999805e+00 1.001564599999999805e+00 9.959998000000001017e-01
1.788750000000000062e+00 1.052705200000000119e+00 1.001341700000000001e+00 1.001341700000000001e+00 9.961215999999998294e-01
1.796249999999999902e+00 1.054231600000000046e+00 9.996766999999999737e-01 9.996766999999999737e-01 9.962695000000000300e-01
1.803749999999999964e+00 1.060290999999999872e+00 1.000013099999999877e+00 1.000013099999999877e+00 9.965469000000000133e-01
1.811250000000000027e+00 1.055676400000000070e+00 9.981599000000000999e-01 9.981599000000000999e-01 9.966507000000002225e-01
1.818750000000000089e+00 1.065534299999999934e+00 9.983007000000000408e-01 9.983007000000000408e-01 9.966808999999999807e-01
1.826249999999999929e+00 1.068918899999999894e+00 9.968866000000000671e-01 9.968866000000000671e-01 9.969849999999997880e-01
1.833749999999999991e+00 1.064256400000000102e+00 9.959550999999997600e-01 9.959550999999997600e-01 9.971255000000001090e-01
1.841250000000000053e+00 1.061931700000000145e+00 9.958384999999999598e-01 9.958384999999999598e-01 9.973957999999999435e-01
1.848749999999999893e+00 1.052797500000000053e+00 9.951185999999999643e-01 9.951185999999999643e-01 9.975153000000001047e-01
1.856249999999999956e+00 1.061398199999999958e+00 9.941217999999999444e-01 9.941217999999999444e-01 9.976260000000000128e-01
1.863750000000000018e+00 1.060905200000000104e+00 9.946272000000000446e-01 9.946272000000000446e-01 9.977243000000000084e-01
1.871250000000000080e+00 1.063702999999999843e+00 9.935077000000001046e-01 9.935077000000001046e-01 9.980472000000000232e-01
1.878749999999999920e+00 1.062659700000000207e+00 9.921512000000000109e-01 9.921512000000000109e-01 9.981446000000000485e-01
1.886249999999999982e+00 1.060900599999999638e+00 9.925900000000001944e-01 9.925900000000001944e-01 9.984142999999999768e-01
1.893750000000000044e+00 1.061337799999999776e+00 9.917321000000001163e-01 9.917321000000001163e-01 9.985976000000000852e-01
1.901250000000000107e+00 1.061757899999999921e+00 9.904237999999999653e-01 9.904237999999999653e-01 9.987270999999997567e-01
1.908749999999999947e+00 1.060383400000000087e+00 9.911736000000000990e-01 9.911736000000000990e-01 9.988520000000000731e-01
1.916250000000000009e+00 1.057792399999999855e+00 9.906555999999998585e-01 9.906555999999998585e-01 9.991155000000000452e-01
1.923750000000000071e+00 1.065857199999999949e+00 9.902048999999999435e-01 9.902048999999999435e-01 9.991827000000000902e-01
1.931249999999999911e+00 1.064181599999999950e+00 9.901421999999999723e-01 9.901421999999999723e-01 9.994232999999999034e-01
1.938749999999999973e+00 1.063663200000000142e+00 9.898247000000000018e-01 9.898247000000000018e-01 9.997174999999998146e-01
1.946250000000000036e+00 1.067716799999999910e+00 9.891482000000000330e-01 9.891482000000000330e-01 9.997576999999999714e-01
1.953750000000000098e+00 1.061203300000000294e+00 9.895670999999998108e-01 9.895670999999998108e-01 9.999847999999997850e-01
1.961249999999999938e+00 1.060817699999999864e+00 9.885677999999998855e-01 9.885677999999998855e-01 1.000107500000000149e+00
1.968750000000000000e+00 1.054555600000000037e+00 9.883389000000001312e-01 9.883389000000001312e-01 1.000146300000000155e+00
1.976250000000000062e+00 1.060532599999999714e+00 9.885614999999999819e-01 9.885614999999999819e-01 1.000421199999999899e+00
1.983749999999999902e+00 1.056375900000000145e+00 9.886331000000000424e-01 9.886331000000000424e-01 1.000395599999999829e+00
1.991249999999999964e+00 1.062789199999999878e+00 9.882168000000000063e-01 9.882168000000000063e-01 1.000682400000000083e+00
1.998750000000000027e+00 1.059520800000000040e+00 9.883236999999999162e-01 9.883236999999999162e-01 1.000639000000000056e+00
2.006250000000000089e+00 1.054173600000000155e+00 9.882435999999998888e-01 9.882435999999998888e-01 1.000853299999999946e+00
2.013749999999999929e+00 1.051436999999999955e+00 9.887177000000001437e-01 9.887177000000001437e-01 1.000853100000000051e+00
2.021250000000000213e+00 1.055133500000000168e+00 9.881642999999999954e-01 9.881642999999999954e-01 1.000943499999999986e+00
2.028750000000000053e+00 1.054769499999999915e+00 9.885679999999998913e-01 9.885679999999998913e-01 1.001047799999999821e+00
2.036249999999999893e+00 1.053683799999999948e+00 9.890768999999999256e-01 9.890768999999999256e-01 1.001237500000000002e+00
2.043750000000000178e+00 1.044675500000000090e+00 9.889747999999999317e-01 9.889747999999999317e-01 1.001116300000000070e+00
2.051250000000000018e+00 1.046240200000000176e+00 9.899727999999999861e-01 9.899727999999999861e-01 1.001311999999999758e+00
2.058749999999999858e+00 1.042377300000000062e+00 9.892791000000000778e-01 9.892791000000000778e-01 1.001280599999999854e+00
2.066250000000000142e+00 1.039835399999999854e+00 9.890896999999998496e-01 9.890896999999998496e-01 1.001273000000000080e+00
2.073749999999999982e+00 1.038288199999999994e+00 9.898004000000000246e-01 9.898004000000000246e-01 1.001471299999999953e+00
2.081249999999999822e+00 1.034969699999999992e+00 9.905323999999999796e-01 9.905323999999999796e-01 1.001446199999999731e+00
2.088750000000000107e+00 1.029598899999999873e+00 9.905049000000000214e-01 9.905049000000000214e-01 1.001422900000000116e+00
2.096249999999999947e+00 1.030223499999999959e+00 9.908687000000000467e-01 9.908687000000000467e-01 1.001372599999999835e+00
2.103749999999999787e+00 1.023057799999999906e+00 9.910111999999999810e-01 9.910111999999999810e-01 1.001481199999999960e+00
2.111250000000000071e+00 1.022496499999999919e+00 9.915442999999999341e-01 9.915442999999999341e-01 1.001589200000000179e+00
2.118749999999999911e+00 1.018514999999999837e+00 9.910246999999999806e-01 9.910246999999999806e-01 1.001382400000000228e+00
2.126250000000000195e+00 1.013113700000000117e+00 9.922444999999999737e-01 9.922444999999999737e-01 1.001529700000000078e+00
2.133750000000000036e+00 1.010961800000000022e+00 9.923113999999999546e-01 9.923113999999999546e-01 1.001389499999999932e+00
2.141249999999999876e+00 1.013839700000000121e+00 9.928805000000000547e-01 9.928805000000000547e-01 1.001515099999999991e+00
2.148750000000000160e+00 1.007206899999999905e+00 9.928649999999998865e-01 9.928649999999998865e-01 1.001453999999999844e+00
2.156250000000000000e+00 1.000370999999999899e+00 9.929470999999999714e-01 9.929470999999999714e-01 1.001433299999999971e+00
2.163749999999999840e+00 1.000306500000000209e+00 9.938807000000000613e-01 9.938807000000000613e-01 1.001395700000000222e+00
2.171250000000000124e+00 9.986479999999998691e-01 9.943690999999997837e-01 9.943690999999997837e-01 1.001537299999999853e+00
2.178749999999999964e+00 9.993776999999999244e-01 9.948567000000000382e-01 9.948567000000000382e-01 1.001389400000000096e+00
2.186249999999999805e+00 9.912003999999999815e-01 9.952209999999999113e-01 9.952209999999999113e-01 1.001271999999999940e+00
2.193750000000000089e+00 9.889032999999999296e-01 9.956203000000002357e-01 9.956203000000002357e-01 1.001135199999999781e+00
2.201249999999999929e+00 9.859998999999998182e-01 9.963022999999999740e-01 9.963022999999999740e-01 1.001225000000000032e+00
2.208750000000000213e+00 9.817741999999999303e-01 9.969997000000001552e-01 9.969997000000001552e-01 1.001209200000000132e+00
2.216250000000000053e+00 9.825735999999999359e-01 9.972041999999999851e-01 9.972041999999999851e-01 1.001041399999999859e+00
2.223749999999999893e+00 9.786756999999999262e-01 9.976540000000000408e-01 9.976540000000000408e-01 1.000919199999999787e+00
2.231250000000000178e+00 9.781895999999999924e-01 9.975922999999999874e-01 9.975922999999999874e-01 1.001000800000000135e+00
2.238750000000000018e+00 9.762318000000000939e-01 9.990442000000001599e-01 9.990442000000001599e-01 1.000837199999999871e+00
2.246249999999999858e+00 9.736881000000000563e-01 9.984835999999999157e-01 9.984835999999999157e-01 1.000745400000000007e+00
2.253750000000000142e+00 9.728029000000001369e-01 9.990949999999998443e-01 9.990949999999998443e-01 1.000859100000000002e+00
2.261249999999999982e+00 9.717103000000001378e-01 9.988428000000000306e-01 9.988428000000000306e-01 1.000710399999999778e+00
2.268749999999999822e+00 9.652060999999998447e-01 9.998058000000000778e-01 9.998058000000000778e-01 1.000757200000000013e+00
2.276250000000000107e+00 9.671526000000000289e-01 1.000619199999999820e+00 1.000619199999999820e+00 1.000392799999999971e+00
2.283749999999999947e+00 9.637759999999999661e-01 1.000347300000000050e+00 1.000347300000000050e+00 1.000492299999999890e+00
2.291249999999999787e+00 9.697668000000000399e-01 1.001228699999999971e+00 1.001228699999999971e+00 1.000577700000000014e+00
2.298750000000000071e+00 9.646281999999999357e-01 1.001180500000000029e+00 1.001180500000000029e+00 1.000322100000000214e+00
2.306249999999999911e+00 9.623153000000002066e-01 1.001533199999999901e+00 1.001533199999999901e+00 1.000293000000000099e+00
2.313750000000000195e+00 9.658776000000000028e-01 1.001769899999999991e+00 1.001769899999999991e+00 1.000239700000000065e+00
2.321250000000000036e+00 9.626787999999999457e-01 1.002129900000000129e+00 1.002129900000000129e+00 1.000301499999999955e+00
2.328749999999999876e+00 9.659967000000000414e-01 1.002510099999999849e+00 1.002510099999999849e+00 1.000148999999999955e+00
2.336250000000000160e+00 9.605053000000000063e-01 1.003001400000000043e+00 1.003001400000000043e+00 1.000070100000000073e+00
2.343750000000000000e+00 9.628899000000001873e-01 1.003070899999999988e+00 1.003070899999999988e+00 9.999708000000001595e-01
2.351249999999999840e+00 9.681951000000001972e-01 1.003768000000000216e+00 1.003768000000000216e+00 1.000008700000000195e+00
2.358750000000000124e+00 9.637229000000001600e-01 1.003985899999999987e+00 1.003985899999999987e+00 9.998204000000001646e-01
2.366249999999999964e+00 9.646270000000001232e-01 1.003654000000000046e+00 1.003654000000000046e+00 9.997814999999998786e-01
2.373749999999999805e+00 9.703452000000000188e-01 1.003598099999999826e+00 1.003598099999999826e+00 9.997705999999999538e-01
2.381250000000000089e+00 9.637653999999997723e-01 1.003366600000000108e+00 1.003366600000000108e+00 9.996283000000000252e-01
2.388749999999999929e+00 9.685273999999999273e-01 1.004003999999999897e+00 1.004003999999999897e+00 9.994676000000002336e-01
2.396250000000000213e+00 9.670853999999999839e-01 1.003893399999999936e+00 1.003893399999999936e+00 9.997190000000000243e-01
2.403750000000000053e+00 9.636424999999999574e-01 1.004792299999999861e+00 1.004792299999999861e+00 9.996698000000000528e-01
2.411249999999999893e+00 9.699104000000000614e-01 1.004476099999999983e+00 1.004476099999999983e+00 9.994707999999998815e-01
2.418750000000000178e+00 9.689587999999998980e-01 1.004769299999999976e+00 1.004769299999999976e+00 9.993361999999998968e-01
2.426250000000000018e+00 9.681120000000001946e-01 1.004438200000000059e+00 1.004438200000000059e+00 9.995121000000001255e-01
2.433749999999999858e+00 9.715199999999999392e-01 1.004435799999999990e+00 1.004435799999999990e+00 9.994203000000000392e-01
2.441250000000000142e+00 9.698974000000000206e-01 1.004659499999999817e+00 1.004659499999999817e+00 9.991974999999999607e-01
2.448749999999999982e+00 9.747114000000000056e-01 1.004681799999999958e+00 1.004681799999999958e+00 9.992782999999999527e-01
2.456249999999999822e+00 9.773787000000000447e-01 1.004674499999999915e+00 1.004674499999999915e+00 9.993024999999999824e-01
2.463750000000000107e+00 9.734044000000000585e-01 1.004668499999999964e+00 1.004668499999999964e+00 9.991830000000000434e-01
2.471249999999999947e+00 9.775595999999999730e-01 1.004761599999999921e+00 1.004761599999999921e+00 9.991106999999999072e-01
2.478749999999999787e+00 9.820338000000001788e-01 1.004719799999999941e+00 1.004719799999999941e+00 9.990101000000001230e-01
2.486250000000000071e+00 9.795218999999999454e-01 1.004772800000000021e+00 1.004772800000000021e+00 9.991818000000000088e-01
2.493749999999999911e+00 9.834997999999999241e-01 1.004617400000000105e+00 1.004617400000000105e+00 9.990888000000002211e-01
2.501250000000000195e+00 9.835989999999998901e-01 1.004654500000000228e+00 1.004654500000000228e+00 9.990514999999999812e-01
2.508750000000000036e+00 9.838054999999998884e-01 1.004020000000000135e+00 1.004020000000000135e+00 9.989046000000000314e-01
2.516249999999999876e+00 9.841432999999998321e-01 1.004672999999999927e+00 1.004672999999999927e+00 9.989190000000001124e-01
2.523750000000000160e+00 9.874453000000000813e-01 1.004158199999999779e+00 1.004158199999999779e+00 9.990178999999999032e-01
2.531250000000000000e+00 9.915657999999998307e-01 1.004071899999999795e+00 1.004071899999999795e+00 9.990546000000000149e-01
2.538749999999999840e+00 9.896800999999999515e-01 1.004000100000000062e+00 1.004000100000000062e+00 9.990251999999999466e-01
2.546250000000000124e+00 9.890809000000000406e-01 1.003966999999999832e+00 1.003966999999999832e+00 9.990934999999998567e-01
2.553749999999999964e+00 9.964916000000002549e-01 1.004198000000000146e+00 1.004198000000000146e+00 9.989390000000000214e-01
2.561249999999999805e+00 9.938136999999999110e-01 1.003279200000000149e+00 1.003279200000000149e+00 9.990779999999999106e-01
2.568750000000000089e+00 9.976309000000000982e-01 1.003311800000000087e+00 1.003311800000000087e+00 9.989316000000000306e-01
2.576249999999999929e+00 9.935599000000001624e-01 1.003103000000000078e+00 1.003103000000000078e+00 9.990080999999999545e-01
2.583750000000000213e+00 9.979929999999997969e-01 1.002846699999999869e+00 1.002846699999999869e+00 9.990355999999998016e-01
2.591250000000000053e+00 1.003225099999999870e+00 1.003067999999999849e+00 1.003067999999999849e+00 9.991353000000000595e-01
2.598749999999999893e+00 1.002674799999999866e+00 1.003024999999999833e+00 1.003024999999999833e+00 9.990786000000000389e-01
2.606250000000000178e+00 1.004226299999999794e+00 1.002779000000000087e+00 1.002779000000000087e+00 9.989699000000001883e-01
2.613750000000000018e+00 1.000595400000000135e+00 1.002379599999999815e+00 1.002379599999999815e+00 9.990185000000000315e-01
2.621249999999999858e+00 9.997936000000000600e-01 1.002315800000000312e+00 1.002315800000000312e+00 9.990319000000000838e-01
2.628750000000000142e+00 1.002385599999999988e+00 1.001606600000000125e+00 1.001606600000000125e+00 9.989278999999999797e-01
2.636249999999999982e+00 1.005918799999999891e+00 1.001620000000000177e+00 1.001620000000000177e+00 9.990777000000001795e-01
2.643749999999999822e+00 1.007069500000000062e+00 1.001859100000000113e+00 1.001859100000000113e+00 9.991136999999999935e-01
2.651250000000000107e+00 1.005908999999999942e+00 1.001592100000000096e+00 1.001592100000000096e+00 9.990066000000000779e-01
2.658749999999999947e+00 1.007107599999999881e+00 1.001179599999999947e+00 1.001179599999999947e+00 9.990156999999999510e-01
2.666249999999999787e+00 1.006343299999999941e+00 1.000538700000000114e+00 1.000538700000000114e+00 9.991844000000000836e-01
2.673750000000000071e+00 1.012628199999999978e+00 1.000513099999999822e+00 1.000513099999999822e+00 9.992349999999999843e-01
2.681249999999999911e+00 1.010646700000000120e+00 1.000873499999999972e+00 1.000873499999999972e+00 9.992601999999998208e-01
2.688750000000000195e+00 1.012013100000000110e+00 1.000018199999999968e+00 1.000018199999999968e+00 9.993256999999997614e-01
2.696250000000000036e+00 1.011574399999999985e+00 9.999104000000003101e-01 9.999104000000003101e-01 9.993432999999999344e-01
2.703749999999999876e+00 1.013125300000000006e+00 1.000047399999999920e+00 1.000047399999999920e+00 9.993580000000001906e-01
2.711250000000000160e+00 1.016178599999999932e+00 9.997903999999999680e-01 9.997903999999999680e-01 9.993146000000001639e-01
2.718750000000000000e+00 1.014546799999999971e+00 9.997747999999999635e-01 9.997747999999999635e-01 9.994182000000000343e-01
2.726249999999999840e+00 1.012560899999999986e+00 9.991377000000000175e-01 9.991377000000000175e-01 9.993209000000000675e-01
2.733750000000000124e+00 1.016080899999999954e+00 9.993206999999999507e-01 9.993206999999999507e-01 9.994916000000000356e-01
2.741249999999999964e+00 1.014983500000000038e+00 9.985774000000000594e-01 9.985774000000000594e-01 9.995002999999998972e-01
2.748749999999999805e+00 1.019231999999999916e+00 9.989038999999999557e-01 9.989038999999999557e-01 9.995654000000001593e-01
2.756250000000000089e+00 1.019671100000000052e+00 9.983796000000000337e-01 9.983796000000000337e-01 9.995104000000001321e-01
2.763749999999999929e+00 1.016126399999999874e+00 9.983087999999999962e-01 9.983087999999999962e-01 9.996053999999998663e-01
2.771250000000000213e+00 1.018334100000000131e+00 9.984319000000001498e-01 9.984319000000001498e-01 9.996425999999999368e-01
2.778750000000000053e+00 1.015527300000000022e+00 9.977834000000000980e-01 9.977834000000000980e-01 9.996409999999998908e-01
2.786249999999999893e+00 1.018223399999999890e+00 9.982294000000001555e-01 9.982294000000001555e-01 9.997365999999999753e-01
2.793750000000000178e+00 1.020795600000000025e+00 9.979756000000001848e-01 9.979756000000001848e-01 9.997958000000000123e-01
2.801250000000000018e+00 1.020031300000000085e+00 9.973703999999999903e-01 9.973703999999999903e-01 9.997376000000001151e-01
2.808749999999999858e+00 1.019513199999999786e+00 9.976845000000000852e-01 9.976845000000000852e-01 9.998287999999998510e-01
2.816250000000000142e+00 1.018703799999999937e+00 9.974008000000000873e-01 9.974008000000000873e-01 9.998000000000001330e-01
2.823749999999999982e+00 1.018491599999999941e+00 9.975283999999998708e-01 9.975283999999998708e-01 9.998170999999999031e-01
2.831249999999999822e+00 1.017691599999999807e+00 9.972759999999999403e-01 9.972759999999999403e-01 9.999121000000000814e-01
2.838750000000000107e+00 1.018689800000000201e+00 9.971303000000000250e-01 9.971303000000000250e-01 9.999032000000001030e-01
2.846249999999999947e+00 1.018324100000000287e+00 9.973168999999998396e-01 9.973168999999998396e-01 9.999432000000000320e-01
2.853749999999999787e+00 1.015072399999999986e+00 9.968834000000000861e-01 9.968834000000000861e-01 1.000010499999999913e+00
2.861250000000000071e+00 1.020345900000000139e+00 9.971118999999999399e-01 9.971118999999999399e-01 9.999767999999997770e-01
2.868749999999999911e+00 1.018311699999999931e+00 9.972187000000000134e-01 9.972187000000000134e-01 1.000033500000000020e+00
2.876250000000000195e+00 1.015997499999999887e+00 9.969819999999998128e-01 9.969819999999998128e-01 1.000057100000000032e+00
2.883750000000000036e+00 1.014347600000000016e+00 9.965043000000000095e-01 9.965043000000000095e-01 9.998844000000002286e-01
2.891249999999999876e+00 1.016090799999999961e+00 9.970521999999999441e-01 9.970521999999999441e-01 1.000101699999999871e+00
2.898750000000000160e+00 1.012456199999999917e+00 9.968656999999998547e-01 9.968656999999998547e-01 1.000038100000000041e+00
2.906250000000000000e+00 1.013970100000000096e+00 9.968142999999999310e-01 9.968142999999999310e-01 1.000116100000000063e+00
2.913749999999999840e+00 1.014898399999999867e+00 9.971229999999999816e-01 9.971229999999999816e-01 1.000091700000000028e+00
2.921250000000000124e+00 1.011692000000000036e+00 9.967864000000000724e-01 9.967864000000000724e-01 1.000114500000000017e+00
2.928749999999999964e+00 1.010665099999999983e+00 9.968161999999999301e-01 9.968161999999999301e-01 1.000225799999999943e+00
2.936249999999999805e+00 1.014782899999999932e+00 9.968190000000000106e-01 9.968190000000000106e-01 1.000310499999999880e+00
2.943750000000000089e+00 1.012251899999999871e+00 9.973761000000000987e-01 9.973761000000000987e-01 1.000170000000000226e+00
2.951249999999999929e+00 1.010947599999999946e+00 9.968431000000000930e-01 9.968431000000000930e-01 1.000277000000000083e+00
2.958750000000000213e+00 1.012078199999999928e+00 9.969197999999999116e-01 9.969197999999999116e-01 1.000182200000000021e+00
2.966250000000000053e+00 1.009432799999999908e+00 9.974442000000000030e-01 9.974442000000000030e-01 1.000348000000000015e+00
2.973749999999999893e+00 1.009066400000000030e+00 9.974744000000000943e-01 9.974744000000000943e-01 1.000152500000000000e+00
2.981250000000000178e+00 1.007918899999999729e+00 9.970687000000001410e-01 9.970687000000001410e-01 1.000166700000000075e+00
2.988750000000000018e+00 1.009107599999999882e+00 9.977288000000001933e-01 9.977288000000001933e-01 1.000310400000000044e+00
2.996249999999999858e+00 1.004022500000000040e+00 9.976003999999999428e-01 9.976003999999999428e-01 1.000309099999999951e+00
